{'STAT2HEADER': 'STAT2HEADER', 'STAT2HEADER_ENVIRON': 'environ({\'OMPI_MCA_pmix\': \'^s1,s2,cray,isolated\', \'PMIX_MCA_mca_base_component_show_load_errors\': \'1\', \'OMPI_COMMAND\': \'python3\', \'OMPI_ARGV\': \'static_snapshot.py 1 0min\', \'OMPI_MCA_orte_precondition_transports\': \'e8359590255fa85f-5dc4f866c34229d8\', \'LD_LIBRARY_PATH\': \'/salilab/diva1/programs/x86_64linux/numpy-py36-1.19.5/lib:/salilab/diva1/home/libs/x86_64/centos8:/salilab/diva1/home/libs/x86_64:/salilab/diva1/home/imp/main/20240607-af6f9d6a95/lib/release8:/salilab/diva1/programs/x86_64linux/opencv-4.3.0/lib64/rhel:/salilab/diva1/programs/x86_64linux/opencv-4.3.0/lib64:/salilab/diva1/programs/x86_64linux/hdf5-1.10.7/lib:/salilab/diva1/programs/x86_64linux/libtau-py27-1.0.1/lib64:/salilab/diva1/programs/x86_64linux/boost-1.73.0/lib64:/usr/lib64/openmpi/lib:/wynton/group/sali/miha_rozic/Software/imp-develop/build/lib::\', \'IMP_TMP_DIR\': \'/wynton/group/sali/miha_rozic/Software/imp-develop/build/tmp\', \'PE_HOSTFILE\': \'/var/spool/sge/wynton/qb3-id342/active_jobs/707260.1/pe_hostfile\', \'__LMOD_REF_COUNT_PATH\': \'/salilab/diva1/programs/x86_64linux/numpy-py36-1.19.5/bin:1;/salilab/diva1/home/imp/main/20240607-af6f9d6a95/bin/release8:1;/salilab/diva1/programs/x86_64linux/opencv-4.3.0/bin:1;/salilab/diva1/programs/x86_64linux/hdf5-1.10.7/bin:1;/usr/lib64/openmpi/bin:1;/wynton/home/sali/rozicmiha/.local/bin:1;/wynton/home/sali/rozicmiha/bin:1;/wynton/group/sali/miha_rozic/Software/imp-develop/build/bin:1;/wynton/group/sali/miha_rozic/Software/imp-develop/build/module_bin/EMageFit:1;/wynton/group/sali/miha_rozic/Software/imp-develop/build/module_bin/algebra:1;/wynton/group/sali/miha_rozic/Software/imp-develop/build/module_bin/atom:1;/wynton/group/sali/miha_rozic/Software/imp-develop/build/module_bin/benchmark:1;/wynton/group/sali/miha_rozic/Software/imp-develop/build/module_bin/cgal:1;/wynton/group/sali/miha_rozic/Software/imp-develop/build/module_bin/cnmultifit:1;/wynton/group/sali/miha_rozic/Software/imp-develop/build/module_bin/container:1;/wynton/group/sali/miha_rozic/Software/imp-develop/build/module_bin/core:1;/wynton/group/sali/miha_rozic/Software/imp-develop/build/module_bin/display:1;/wynton/group/sali/miha_rozic/Software/imp-develop/build/module_bin/domino:1;/wynton/group/sali/miha_rozic/Software/imp-develop/build/module_bin/em:1;/wynton/group/sali/miha_rozic/Software/imp-develop/build/module_bin/em2d:1;/wynton/group/sali/miha_rozic/Software/imp-develop/build/module_bin/example:1;/wynton/group/sali/miha_rozic/Software/imp-develop/build/module_bin/foxs:1;/wynton/group/sali/miha_rozic/Software/imp-develop/build/module_bin/gsl:1;/wynton/group/sali/miha_rozic/Software/imp-develop/build/module_bin/integrative_docking:1;/wynton/group/sali/miha_rozic/Software/imp-develop/build/module_bin/isd:1;/wynton/group/sali/miha_rozic/Software/imp-develop/build/module_bin/kernel:1;/wynton/group/sali/miha_rozic/Software/imp-develop/build/module_bin/kinematics:1;/wynton/group/sali/miha_rozic/Software/imp-develop/build/module_bin/kmeans:1;/wynton/group/sali/miha_rozic/Software/imp-develop/build/module_bin/misc:1;/wynton/group/sali/miha_rozic/Software/imp-develop/build/module_bin/mmcif:1;/wynton/group/sali/miha_rozic/Software/imp-develop/build/module_bin/modeller:1;/wynton/group/sali/miha_rozic/Software/imp-develop/build/module_bin/mpi:1;/wynton/group/sali/miha_rozic/Software/imp-develop/build/module_bin/multi_state:1;/wynton/group/sali/miha_rozic/Software/imp-develop/build/module_bin/multifit:1;/wynton/group/sali/miha_rozic/Software/imp-develop/build/module_bin/npc:1;/wynton/group/sali/miha_rozic/Software/imp-develop/build/module_bin/npcassembly:1;/wynton/group/sali/miha_rozic/Software/imp-develop/build/module_bin/parallel:1;/wynton/group/sali/miha_rozic/Software/imp-develop/build/module_bin/pepdock:1;/wynton/group/sali/miha_rozic/Software/imp-develop/build/module_bin/pmi:1;/wynton/group/sali/miha_rozic/Software/imp-develop/build/module_bin/rmf:1;/wynton/group/sali/miha_rozic/Software/imp-develop/build/module_bin/rotamer:1;/wynton/group/sali/miha_rozic/Software/imp-develop/build/module_bin/saxs:1;/wynton/group/sali/miha_rozic/Software/imp-develop/build/module_bin/saxs_merge:1;/wynton/group/sali/miha_rozic/Software/imp-develop/build/module_bin/score_functor:1;/wynton/group/sali/miha_rozic/Software/imp-develop/build/module_bin/scratch:1;/wynton/group/sali/miha_rozic/Software/imp-develop/build/module_bin/spb:1;/wynton/group/sali/miha_rozic/Software/imp-develop/build/module_bin/statistics:1;/wynton/group/sali/miha_rozic/Software/imp-develop/build/module_bin/symmetry:1;/wynton/group/sali/miha_rozic/Software/imp-develop/build/module_bin/test:1;/opt/sge/bin:1;/opt/sge/bin/lx-amd64:1;/scratch/707260.1.member.q:1;/usr/local/bin:1;/bin:1;/usr/bin:1;/usr/local/sbin:1;/usr/sbin:1\', \'_ModuleTable002_\': \'fSwKc3RhY2tEZXB0aCA9IDEsCnN0YXR1cyA9ICJhY3RpdmUiLAp1c2VyTmFtZSA9ICJib29zdC8xLjczLjAiLAp3ViA9ICIwMDAwMDAwMDEuMDAwMDAwMDczLip6ZmluYWwiLAp9LApoZGY1ID0gewpmbiA9ICIvc2FsaWxhYi9kaXZhMS9ob21lL21vZHVsZXMvaGRmNS8xLjEwLjciLApmdWxsTmFtZSA9ICJoZGY1LzEuMTAuNyIsCmxvYWRPcmRlciA9IDUsCnByb3BUID0ge30sCnN0YWNrRGVwdGggPSAyLApzdGF0dXMgPSAiYWN0aXZlIiwKdXNlck5hbWUgPSAiaGRmNS8xLjEwLjciLAp3ViA9ICIwMDAwMDAwMDEuMDAwMDAwMDEwLjAwMDAwMDAwNy4qemZpbmFsIiwKfSwKaW1wID0gewpmbiA9ICIvc2FsaWxhYi9kaXZhMS9ob21lL21vZHVsZXMvaW1wLzIuMjEuMCIsCmZ1bGxO\', \'IMP_DIR\': \'/salilab/diva1/home/imp/main/20240607-af6f9d6a95/lib/release8/cmake/IMP\', \'QUEUE\': \'member.q\', \'GOTO_NUM_THREADS\': \'1\', \'MPI_PYTHON3_SITEARCH\': \'/usr/lib64/python3.6/site-packages/openmpi\', \'LANG\': \'en_US.UTF-8\', \'HISTCONTROL\': \'ignoredups\', \'_ModuleTable008_\': \'cyIsCmZ1bGxOYW1lID0gInNhbGktbGlicmFyaWVzIiwKbG9hZE9yZGVyID0gOCwKcHJvcFQgPSB7fSwKc3RhY2tEZXB0aCA9IDEsCnN0YXR1cyA9ICJhY3RpdmUiLAp1c2VyTmFtZSA9ICJzYWxpLWxpYnJhcmllcyIsCndWID0gIk0uKnpmaW5hbCIsCn0sCn0sCm1wYXRoQSA9IHsKIi9zYWxpbGFiL2RpdmExL2hvbWUvbW9kdWxlcyIsICIvZXRjL21vZHVsZWZpbGVzIiwgIi91c3Ivc2hhcmUvbW9kdWxlZmlsZXMiCiwgIi91c3Ivc2hhcmUvbW9kdWxlZmlsZXMvTGludXgiLCAiL3Vzci9zaGFyZS9tb2R1bGVmaWxlcy9Db3JlIiwgIi91c3Ivc2hhcmUvbG1vZC9sbW9kL21vZHVsZWZpbGVzL0NvcmUiLAp9LApzeXN0ZW1CYXNlTVBBVEggPSAiL2V0Yy9tb2R1bGVmaWxlczovdXNy\', \'SGE_O_HOST\': \'dev1\', \'HOSTNAME\': \'qb3-id342.wynton.ucsf.edu\', \'OPENBLAS_NUM_THREADS\': \'1\', \'__LMOD_REF_COUNT_CMAKE_INCLUDE_PATH\': \'/salilab/diva1/programs/x86_64linux/opencv-4.3.0/include/opencv4:1;/salilab/diva1/programs/x86_64linux/hdf5-1.10.7/include:1;/salilab/diva1/programs/x86_64linux/libtau-py27-1.0.1/include:1;/salilab/diva1/programs/x86_64linux/boost-1.73.0/include:1\', \'SGE_RSH_COMMAND\': \'builtin\', \'ENVIRONMENT\': \'BATCH\', \'IMP_DATA\': \'/wynton/group/sali/miha_rozic/Software/imp-develop/build/data\', \'REQUEST\': \'test1\', \'SGE_STDIN_PATH\': \'/dev/null\', \'SGE_CELL\': \'wynton\', \'_ModuleTable007_\': \'MjEuMyIsCndWID0gIjAwMDAwMDAwMC4wMDAwMDAwMjEuMDAwMDAwMDAzLip6ZmluYWwiLAp9LApbInB5dGhvbjMvc2NpcHkiXSA9IHsKZm4gPSAiL3NhbGlsYWIvZGl2YTEvaG9tZS9tb2R1bGVzL3B5dGhvbjMvc2NpcHkvMS4zLjIiLApmdWxsTmFtZSA9ICJweXRob24zL3NjaXB5LzEuMy4yIiwKbG9hZE9yZGVyID0gMTAsCnByb3BUID0ge30sCnN0YWNrRGVwdGggPSAxLApzdGF0dXMgPSAiYWN0aXZlIiwKdXNlck5hbWUgPSAicHl0aG9uMy9zY2lweS8xLjMuMiIsCndWID0gIjAwMDAwMDAwMS4wMDAwMDAwMDMuMDAwMDAwMDAyLip6ZmluYWwiLAp9LApbInNhbGktbGlicmFyaWVzIl0gPSB7CmZuID0gIi9zYWxpbGFiL2RpdmExL2hvbWUvbW9kdWxlcy9zYWxpLWxpYnJhcmll\', \'CMAKE_INCLUDE_PATH\': \'/salilab/diva1/programs/x86_64linux/opencv-4.3.0/include/opencv4:/salilab/diva1/programs/x86_64linux/hdf5-1.10.7/include:/salilab/diva1/programs/x86_64linux/libtau-py27-1.0.1/include:/salilab/diva1/programs/x86_64linux/boost-1.73.0/include\', \'__LMOD_REF_COUNT_LD_LIBRARY_PATH\': \'/salilab/diva1/programs/x86_64linux/numpy-py36-1.19.5/lib:1;/salilab/diva1/home/libs/x86_64/centos8:1;/salilab/diva1/home/libs/x86_64:1;/salilab/diva1/home/imp/main/20240607-af6f9d6a95/lib/release8:1;/salilab/diva1/programs/x86_64linux/opencv-4.3.0/lib64/rhel:1;/salilab/diva1/programs/x86_64linux/opencv-4.3.0/lib64:1;/salilab/diva1/programs/x86_64linux/hdf5-1.10.7/lib:1;/salilab/diva1/programs/x86_64linux/libtau-py27-1.0.1/lib64:1;/salilab/diva1/programs/x86_64linux/boost-1.73.0/lib64:1;/usr/lib64/openmpi/lib:1;/wynton/group/sali/miha_rozic/Software/imp-develop/build/lib:2;:1\', \'__LMOD_REF_COUNT_PKG_CONFIG_PATH\': \'/usr/lib64/openmpi/lib/pkgconfig:1\', \'_ModuleTable004_\': \'aGFyZS9tb2R1bGVmaWxlcy9tcGkvb3Blbm1waS14ODZfNjQiLApmdWxsTmFtZSA9ICJtcGkvb3Blbm1waS14ODZfNjQiLApsb2FkT3JkZXIgPSAyLApwcm9wVCA9IHt9LApzdGFja0RlcHRoID0gMCwKc3RhdHVzID0gImFjdGl2ZSIsCnVzZXJOYW1lID0gIm1waS9vcGVubXBpLXg4Nl82NCIsCndWID0gIipvcGVubXBpLip4LjAwMDAwMDA4Ni4qXy4wMDAwMDAwNjQuKnpmaW5hbCIsCn0sCm9wZW5jdiA9IHsKZm4gPSAiL3NhbGlsYWIvZGl2YTEvaG9tZS9tb2R1bGVzL29wZW5jdi80LjMuMCIsCmZ1bGxOYW1lID0gIm9wZW5jdi80LjMuMCIsCmxvYWRPcmRlciA9IDYsCnByb3BUID0ge30sCnN0YWNrRGVwdGggPSAxLApzdGF0dXMgPSAiYWN0aXZlIiwKdXNlck5hbWUgPSAib3Bl\', \'__LMOD_REF_COUNT_PYTHONPATH\': \'/salilab/diva1/programs/x86_64linux/scikit-py36-0.21.3/lib64/python3.6/site-packages:1;/salilab/diva1/programs/linux/joblib-0.17.0/lib/python3.6/site-packages:1;/salilab/diva1/programs/x86_64linux/scipy-py36-1.3.2/lib64/python3.6/site-packages:1;/salilab/diva1/programs/x86_64linux/numpy-py36-1.19.5/lib64/python3.6/site-packages:1;/salilab/diva1/home/imp/main/20240607-af6f9d6a95/lib/release8:1;/salilab/diva1/programs/x86_64linux/opencv-4.3.0/lib/python3.6/site-packages:1;/wynton/group/sali/miha_rozic/Software/imp-develop/build/lib:2;:1\', \'which_declare\': \'declare -f\', \'NHOSTS\': \'1\', \'SGE_O_WORKDIR\': \'/wynton/group/sali/miha_rozic/Input_information/SNAPSHOTS/central_directory/snapshot1_0min/run29\', \'USER\': \'rozicmiha\', \'SGE_TASK_ID\': \'undefined\', \'__LMOD_REF_COUNT_CMAKE_LIBRARY_PATH\': \'/salilab/diva1/programs/x86_64linux/opencv-4.3.0/lib64:1;/salilab/diva1/programs/x86_64linux/hdf5-1.10.7/lib:1;/salilab/diva1/programs/x86_64linux/libtau-py27-1.0.1/lib64:1;/salilab/diva1/programs/x86_64linux/boost-1.73.0/lib64:1\', \'SGE_TASK_FIRST\': \'undefined\', \'NSLOTS\': \'16\', \'__LMOD_REF_COUNT_MODULEPATH\': \'/salilab/diva1/home/modules:1;/etc/modulefiles:1;/usr/share/modulefiles:1;/usr/share/modulefiles/Linux:1;/usr/share/modulefiles/Core:1;/usr/share/lmod/lmod/modulefiles/Core:1\', \'PWD\': \'/wynton/group/sali/miha_rozic/Input_information/SNAPSHOTS/central_directory/snapshot1_0min/run29\', \'HOME\': \'/wynton/home/sali/rozicmiha\', \'NQUEUES\': \'1\', \'TMP\': \'/scratch/707260.1.member.q\', \'PE\': \'smp\', \'SGE_O_HOME\': \'/wynton/home/sali/rozicmiha\', \'LMOD_VERSION\': \'8.7.32\', \'JOB_NAME\': \'test1\', \'BASH_ENV\': \'/usr/share/lmod/lmod/init/bash\', \'MPI_FORTRAN_MOD_DIR\': \'/usr/lib64/gfortran/modules/openmpi\', \'SGE_TASK_LAST\': \'undefined\', \'MKL_NUM_THREADS\': \'1\', \'MPI_COMPILER\': \'openmpi-x86_64\', \'SGE_ACCOUNT\': \'sge\', \'SGE_ROOT\': \'/opt/sge\', \'MPI_SUFFIX\': \'_openmpi\', \'TMPDIR\': \'/scratch/707260.1.member.q\', \'RESTARTED\': \'0\', \'LMOD_sys\': \'Linux\', \'_ModuleTable001_\': \'X01vZHVsZVRhYmxlXyA9IHsKTVR2ZXJzaW9uID0gMywKY19yZWJ1aWxkVGltZSA9IGZhbHNlLApjX3Nob3J0VGltZSA9IGZhbHNlLApkZXB0aFQgPSB7fSwKZmFtaWx5ID0ge30sCm1UID0gewpTYWxpID0gewpmbiA9ICIvZXRjL21vZHVsZWZpbGVzL1NhbGkubHVhIiwKZnVsbE5hbWUgPSAiU2FsaSIsCmxvYWRPcmRlciA9IDEsCnByb3BUID0ge30sCnN0YWNrRGVwdGggPSAwLApzdGF0dXMgPSAiYWN0aXZlIiwKdXNlck5hbWUgPSAiU2FsaSIsCndWID0gIk0uKnpmaW5hbCIsCn0sCmJvb3N0ID0gewpmbiA9ICIvc2FsaWxhYi9kaXZhMS9ob21lL21vZHVsZXMvYm9vc3QvMS43My4wIiwKZnVsbE5hbWUgPSAiYm9vc3QvMS43My4wIiwKbG9hZE9yZGVyID0gMywKcHJvcFQgPSB7\', \'LOADEDMODULES\': \'Sali:mpi/openmpi-x86_64:boost/1.73.0:libtau/1.0.1:hdf5/1.10.7:opencv/4.3.0:imp/2.21.0:sali-libraries:python3/numpy/1.19.5:python3/scipy/1.3.2:python3/joblib/0.17.0:python3/scikit/0.21.3\', \'SGE_O_PATH\': \'/salilab/diva1/programs/x86_64linux/numpy-py36-1.19.5/bin:/salilab/diva1/home/imp/main/20240607-af6f9d6a95/bin/release8:/salilab/diva1/programs/x86_64linux/opencv-4.3.0/bin:/salilab/diva1/programs/x86_64linux/hdf5-1.10.7/bin:/wynton/home/sali/rozicmiha/.local/bin:/wynton/home/sali/rozicmiha/bin:/wynton/group/sali/miha_rozic/Software/imp-develop/build/bin:/wynton/group/sali/miha_rozic/Software/imp-develop/build/module_bin/EMageFit:/wynton/group/sali/miha_rozic/Software/imp-develop/build/module_bin/algebra:/wynton/group/sali/miha_rozic/Software/imp-develop/build/module_bin/atom:/wynton/group/sali/miha_rozic/Software/imp-develop/build/module_bin/benchmark:/wynton/group/sali/miha_rozic/Software/imp-develop/build/module_bin/cgal:/wynton/group/sali/miha_rozic/Software/imp-develop/build/module_bin/cnmultifit:/wynton/group/sali/miha_rozic/Software/imp-develop/build/module_bin/container:/wynton/group/sali/miha_rozic/Software/imp-develop/build/module_bin/core:/wynton/group/sali/miha_rozic/Software/imp-develop/build/module_bin/display:/wynton/group/sali/miha_rozic/Software/imp-develop/build/module_bin/domino:/wynton/group/sali/miha_rozic/Software/imp-develop/build/module_bin/em:/wynton/group/sali/miha_rozic/Software/imp-develop/build/module_bin/em2d:/wynton/group/sali/miha_rozic/Software/imp-develop/build/module_bin/example:/wynton/group/sali/miha_rozic/Software/imp-develop/build/module_bin/foxs:/wynton/group/sali/miha_rozic/Software/imp-develop/build/module_bin/gsl:/wynton/group/sali/miha_rozic/Software/imp-develop/build/module_bin/integrative_docking:/wynton/group/sali/miha_rozic/Software/imp-develop/build/module_bin/isd:/wynton/group/sali/miha_rozic/Software/imp-develop/build/module_bin/kernel:/wynton/group/sali/miha_rozic/Software/imp-develop/build/module_bin/kinematics:/wynton/group/sali/miha_rozic/Software/imp-develop/build/module_bin/kmeans:/wynton/group/sali/miha_rozic/Software/imp-develop/build/module_bin/misc:/wynton/group/sali/miha_rozic/Software/imp-develop/build/module_bin/mmcif:/wynton/group/sali/miha_rozic/Software/imp-develop/build/module_bin/modeller:/wynton/group/sali/miha_rozic/Software/imp-develop/build/module_bin/mpi:/wynton/group/sali/miha_rozic/Software/imp-develop/build/module_bin/multi_state:/wynton/group/sali/miha_rozic/Software/imp-develop/build/module_bin/multifit:/wynton/group/sali/miha_rozic/Software/imp-develop/build/module_bin/npc:/wynton/group/sali/miha_rozic/Software/imp-develop/build/module_bin/npcassembly:/wynton/group/sali/miha_rozic/Software/imp-develop/build/module_bin/parallel:/wynton/group/sali/miha_rozic/Software/imp-develop/build/module_bin/pepdock:/wynton/group/sali/miha_rozic/Software/imp-develop/build/module_bin/pmi:/wynton/group/sali/miha_rozic/Software/imp-develop/build/module_bin/rmf:/wynton/group/sali/miha_rozic/Software/imp-develop/build/module_bin/rotamer:/wynton/group/sali/miha_rozic/Software/imp-develop/build/module_bin/saxs:/wynton/group/sali/miha_rozic/Software/imp-develop/build/module_bin/saxs_merge:/wynton/group/sali/miha_rozic/Software/imp-develop/build/module_bin/score_functor:/wynton/group/sali/miha_rozic/Software/imp-develop/build/module_bin/scratch:/wynton/group/sali/miha_rozic/Software/imp-develop/build/module_bin/spb:/wynton/group/sali/miha_rozic/Software/imp-develop/build/module_bin/statistics:/wynton/group/sali/miha_rozic/Software/imp-develop/build/module_bin/symmetry:/wynton/group/sali/miha_rozic/Software/imp-develop/build/module_bin/test:/opt/sge/bin:/opt/sge/bin/lx-amd64:/usr/local/bin:/usr/bin:/usr/local/sbin:/usr/sbin\', \'SGE_O_SHELL\': \'/bin/bash\', \'_ModuleTable006_\': \'bWUgPSAicHl0aG9uMy9udW1weS8xLjE5LjUiLApsb2FkT3JkZXIgPSA5LApwcm9wVCA9IHt9LApzdGFja0RlcHRoID0gMiwKc3RhdHVzID0gImFjdGl2ZSIsCnVzZXJOYW1lID0gInB5dGhvbjMvbnVtcHkvMS4xOS41IiwKd1YgPSAiMDAwMDAwMDAxLjAwMDAwMDAxOS4wMDAwMDAwMDUuKnpmaW5hbCIsCn0sClsicHl0aG9uMy9zY2lraXQiXSA9IHsKZm4gPSAiL3NhbGlsYWIvZGl2YTEvaG9tZS9tb2R1bGVzL3B5dGhvbjMvc2Npa2l0LzAuMjEuMyIsCmZ1bGxOYW1lID0gInB5dGhvbjMvc2Npa2l0LzAuMjEuMyIsCmxvYWRPcmRlciA9IDEyLApwcm9wVCA9IHt9LApzdGFja0RlcHRoID0gMCwKc3RhdHVzID0gImFjdGl2ZSIsCnVzZXJOYW1lID0gInB5dGhvbjMvc2Npa2l0LzAu\', \'__LMOD_REF_COUNT_MANPATH\': \':2;/usr/share/man/openmpi-x86_64:1;/opt/sge/man:1;/usr/share/lmod/lmod/share/man:1\', \'MPI_INCLUDE\': \'/usr/include/openmpi-x86_64\', \'_ModuleTable003_\': \'YW1lID0gImltcC8yLjIxLjAiLApsb2FkT3JkZXIgPSA3LApwcm9wVCA9IHt9LApzdGFja0RlcHRoID0gMCwKc3RhdHVzID0gImFjdGl2ZSIsCnVzZXJOYW1lID0gImltcCIsCndWID0gIl4wMDAwMDAwMi4wMDAwMDAwMjEuKnpmaW5hbCIsCn0sCmxpYnRhdSA9IHsKZm4gPSAiL3NhbGlsYWIvZGl2YTEvaG9tZS9tb2R1bGVzL2xpYnRhdS8xLjAuMSIsCmZ1bGxOYW1lID0gImxpYnRhdS8xLjAuMSIsCmxvYWRPcmRlciA9IDQsCnByb3BUID0ge30sCnN0YWNrRGVwdGggPSAxLApzdGF0dXMgPSAiYWN0aXZlIiwKdXNlck5hbWUgPSAibGlidGF1LzEuMC4xIiwKd1YgPSAiMDAwMDAwMDAxLjAwMDAwMDAwMC4wMDAwMDAwMDEuKnpmaW5hbCIsCn0sCm1waSA9IHsKZm4gPSAiL3Vzci9z\', \'LMOD_ROOT\': \'/usr/share/lmod\', \'SYSTEMCTL_SKIP_REDIRECT\': \'\', \'MAIL\': \'/var/spool/mail/rozicmiha\', \'SGE_CWD_PATH\': \'/wynton/group/sali/miha_rozic/Input_information/SNAPSHOTS/central_directory/snapshot1_0min/run29\', \'MPI_HOME\': \'/usr/lib64/openmpi\', \'_ModuleTable009_\': \'L3NoYXJlL21vZHVsZWZpbGVzOi91c3Ivc2hhcmUvbW9kdWxlZmlsZXMvTGludXg6L3Vzci9zaGFyZS9tb2R1bGVmaWxlcy9Db3JlOi91c3Ivc2hhcmUvbG1vZC9sbW9kL21vZHVsZWZpbGVzL0NvcmUiLAp9Cg==\', \'SGE_TASK_STEPSIZE\': \'undefined\', \'SHELL\': \'/bin/bash\', \'TERM\': \'\', \'_ModuleTable_Sz_\': \'9\', \'SGE_JOB_SPOOL_DIR\': \'/var/spool/sge/wynton/qb3-id342/active_jobs/707260.1\', \'JOB_ID\': \'707260\', \'IMP_EXAMPLE_DATA\': \'/wynton/group/sali/miha_rozic/Software/imp-develop/build/doc/examples\', \'R_FUTURE_AVAILABLECORES_FALLBACK\': \'1\', \'JOB_SCRIPT\': \'/var/spool/sge/wynton/qb3-id342/job_scripts/707260\', \'SHLVL\': \'2\', \'SGE_O_LOGNAME\': \'rozicmiha\', \'SGE_O_MAIL\': \'/var/spool/mail/rozicmiha\', \'PYTHONPATH\': \'/salilab/diva1/programs/x86_64linux/scikit-py36-0.21.3/lib64/python3.6/site-packages:/salilab/diva1/programs/linux/joblib-0.17.0/lib/python3.6/site-packages:/salilab/diva1/programs/x86_64linux/scipy-py36-1.3.2/lib64/python3.6/site-packages:/salilab/diva1/programs/x86_64linux/numpy-py36-1.19.5/lib64/python3.6/site-packages:/salilab/diva1/home/imp/main/20240607-af6f9d6a95/lib/release8:/salilab/diva1/programs/x86_64linux/opencv-4.3.0/lib/python3.6/site-packages:/wynton/group/sali/miha_rozic/Software/imp-develop/build/lib::\', \'MANPATH\': \':/usr/share/man/openmpi-x86_64:/opt/sge/man:/usr/share/lmod/lmod/share/man\', \'MODULEPATH\': \'/salilab/diva1/home/modules:/etc/modulefiles:/usr/share/modulefiles:/usr/share/modulefiles/Linux:/usr/share/modulefiles/Core:/usr/share/lmod/lmod/modulefiles/Core\', \'MPI_SYSCONFIG\': \'/etc/openmpi-x86_64\', \'LOGNAME\': \'rozicmiha\', \'SYSTEMCTL_IGNORE_DEPENDENCIES\': \'\', \'MODULEPATH_ROOT\': \'/usr/share/modulefiles\', \'PATH\': \'/salilab/diva1/programs/x86_64linux/numpy-py36-1.19.5/bin:/salilab/diva1/home/imp/main/20240607-af6f9d6a95/bin/release8:/salilab/diva1/programs/x86_64linux/opencv-4.3.0/bin:/salilab/diva1/programs/x86_64linux/hdf5-1.10.7/bin:/usr/lib64/openmpi/bin:/wynton/home/sali/rozicmiha/.local/bin:/wynton/home/sali/rozicmiha/bin:/wynton/group/sali/miha_rozic/Software/imp-develop/build/bin:/wynton/group/sali/miha_rozic/Software/imp-develop/build/module_bin/EMageFit:/wynton/group/sali/miha_rozic/Software/imp-develop/build/module_bin/algebra:/wynton/group/sali/miha_rozic/Software/imp-develop/build/module_bin/atom:/wynton/group/sali/miha_rozic/Software/imp-develop/build/module_bin/benchmark:/wynton/group/sali/miha_rozic/Software/imp-develop/build/module_bin/cgal:/wynton/group/sali/miha_rozic/Software/imp-develop/build/module_bin/cnmultifit:/wynton/group/sali/miha_rozic/Software/imp-develop/build/module_bin/container:/wynton/group/sali/miha_rozic/Software/imp-develop/build/module_bin/core:/wynton/group/sali/miha_rozic/Software/imp-develop/build/module_bin/display:/wynton/group/sali/miha_rozic/Software/imp-develop/build/module_bin/domino:/wynton/group/sali/miha_rozic/Software/imp-develop/build/module_bin/em:/wynton/group/sali/miha_rozic/Software/imp-develop/build/module_bin/em2d:/wynton/group/sali/miha_rozic/Software/imp-develop/build/module_bin/example:/wynton/group/sali/miha_rozic/Software/imp-develop/build/module_bin/foxs:/wynton/group/sali/miha_rozic/Software/imp-develop/build/module_bin/gsl:/wynton/group/sali/miha_rozic/Software/imp-develop/build/module_bin/integrative_docking:/wynton/group/sali/miha_rozic/Software/imp-develop/build/module_bin/isd:/wynton/group/sali/miha_rozic/Software/imp-develop/build/module_bin/kernel:/wynton/group/sali/miha_rozic/Software/imp-develop/build/module_bin/kinematics:/wynton/group/sali/miha_rozic/Software/imp-develop/build/module_bin/kmeans:/wynton/group/sali/miha_rozic/Software/imp-develop/build/module_bin/misc:/wynton/group/sali/miha_rozic/Software/imp-develop/build/module_bin/mmcif:/wynton/group/sali/miha_rozic/Software/imp-develop/build/module_bin/modeller:/wynton/group/sali/miha_rozic/Software/imp-develop/build/module_bin/mpi:/wynton/group/sali/miha_rozic/Software/imp-develop/build/module_bin/multi_state:/wynton/group/sali/miha_rozic/Software/imp-develop/build/module_bin/multifit:/wynton/group/sali/miha_rozic/Software/imp-develop/build/module_bin/npc:/wynton/group/sali/miha_rozic/Software/imp-develop/build/module_bin/npcassembly:/wynton/group/sali/miha_rozic/Software/imp-develop/build/module_bin/parallel:/wynton/group/sali/miha_rozic/Software/imp-develop/build/module_bin/pepdock:/wynton/group/sali/miha_rozic/Software/imp-develop/build/module_bin/pmi:/wynton/group/sali/miha_rozic/Software/imp-develop/build/module_bin/rmf:/wynton/group/sali/miha_rozic/Software/imp-develop/build/module_bin/rotamer:/wynton/group/sali/miha_rozic/Software/imp-develop/build/module_bin/saxs:/wynton/group/sali/miha_rozic/Software/imp-develop/build/module_bin/saxs_merge:/wynton/group/sali/miha_rozic/Software/imp-develop/build/module_bin/score_functor:/wynton/group/sali/miha_rozic/Software/imp-develop/build/module_bin/scratch:/wynton/group/sali/miha_rozic/Software/imp-develop/build/module_bin/spb:/wynton/group/sali/miha_rozic/Software/imp-develop/build/module_bin/statistics:/wynton/group/sali/miha_rozic/Software/imp-develop/build/module_bin/symmetry:/wynton/group/sali/miha_rozic/Software/imp-develop/build/module_bin/test:/opt/sge/bin:/opt/sge/bin/lx-amd64:/scratch/707260.1.member.q:/usr/local/bin:/bin:/usr/bin:/usr/local/sbin:/usr/sbin\', \'MPI_BIN\': \'/usr/lib64/openmpi/bin\', \'SGE_STDERR_PATH\': \'/wynton/group/sali/miha_rozic/Input_information/SNAPSHOTS/central_directory/snapshot1_0min/run29/test1.o707260\', \'_LMFILES_\': \'/etc/modulefiles/Sali.lua:/usr/share/modulefiles/mpi/openmpi-x86_64:/salilab/diva1/home/modules/boost/1.73.0:/salilab/diva1/home/modules/libtau/1.0.1:/salilab/diva1/home/modules/hdf5/1.10.7:/salilab/diva1/home/modules/opencv/4.3.0:/salilab/diva1/home/modules/imp/2.21.0:/salilab/diva1/home/modules/sali-libraries:/salilab/diva1/home/modules/python3/numpy/1.19.5:/salilab/diva1/home/modules/python3/scipy/1.3.2:/salilab/diva1/home/modules/python3/joblib/0.17.0:/salilab/diva1/home/modules/python3/scikit/0.21.3\', \'DEBUGINFOD_URLS\': \'https://debuginfod.centos.org/ \', \'MODULESHOME\': \'/usr/share/lmod/lmod\', \'PKG_CONFIG_PATH\': \'/usr/lib64/openmpi/lib/pkgconfig\', \'LMOD_SETTARG_FULL_SUPPORT\': \'no\', \'HISTSIZE\': \'1000\', \'SGE_ARCH\': \'lx-amd64\', \'LMOD_PKG\': \'/usr/share/lmod/lmod\', \'CMAKE_LIBRARY_PATH\': \'/salilab/diva1/programs/x86_64linux/opencv-4.3.0/lib64:/salilab/diva1/programs/x86_64linux/hdf5-1.10.7/lib:/salilab/diva1/programs/x86_64linux/libtau-py27-1.0.1/lib64:/salilab/diva1/programs/x86_64linux/boost-1.73.0/lib64\', \'ARC\': \'lx-amd64\', \'MPI_LIB\': \'/usr/lib64/openmpi/lib\', \'SGE_BINARY_PATH\': \'/opt/sge/bin/lx-amd64\', \'SGE_STDOUT_PATH\': \'/wynton/group/sali/miha_rozic/Input_information/SNAPSHOTS/central_directory/snapshot1_0min/run29/test1.o707260\', \'_ModuleTable005_\': \'bmN2LzQuMy4wIiwKd1YgPSAiMDAwMDAwMDA0LjAwMDAwMDAwMy4qemZpbmFsIiwKfSwKWyJweXRob24zL2pvYmxpYiJdID0gewpmbiA9ICIvc2FsaWxhYi9kaXZhMS9ob21lL21vZHVsZXMvcHl0aG9uMy9qb2JsaWIvMC4xNy4wIiwKZnVsbE5hbWUgPSAicHl0aG9uMy9qb2JsaWIvMC4xNy4wIiwKbG9hZE9yZGVyID0gMTEsCnByb3BUID0ge30sCnN0YWNrRGVwdGggPSAxLApzdGF0dXMgPSAiYWN0aXZlIiwKdXNlck5hbWUgPSAicHl0aG9uMy9qb2JsaWIiLAp3ViA9ICIwMDAwMDAwMDAuMDAwMDAwMDE3Lip6ZmluYWwiLAp9LApbInB5dGhvbjMvbnVtcHkiXSA9IHsKZm4gPSAiL3NhbGlsYWIvZGl2YTEvaG9tZS9tb2R1bGVzL3B5dGhvbjMvbnVtcHkvMS4xOS41IiwKZnVsbE5h\', \'LMOD_CMD\': \'/usr/share/lmod/lmod/libexec/lmod\', \'REQNAME\': \'test1\', \'IMP_BIN_DIR\': \'/wynton/group/sali/miha_rozic/Software/imp-develop/build/bin\', \'MPI_MAN\': \'/usr/share/man/openmpi-x86_64\', \'LESSOPEN\': \'||/usr/bin/lesspipe.sh %s\', \'OMP_NUM_THREADS\': \'1\', \'SGE_CLUSTER_NAME\': \'wynton_cluster\', \'LMOD_DIR\': \'/usr/share/lmod/lmod/libexec\', \'BASH_FUNC_which%%\': \'() {  ( alias;\\n eval ${which_declare} ) | /usr/bin/which --tty-only --read-alias --read-functions --show-tilde --show-dot $@\\n}\', \'BASH_FUNC_module%%\': \'() {  if [ -z "${LMOD_SH_DBG_ON+x}" ]; then\\n case "$-" in \\n *v*x*)\\n __lmod_sh_dbg=\\\'vx\\\'\\n ;;\\n *v*)\\n __lmod_sh_dbg=\\\'v\\\'\\n ;;\\n *x*)\\n __lmod_sh_dbg=\\\'x\\\'\\n ;;\\n esac;\\n fi;\\n if [ -n "${__lmod_sh_dbg:-}" ]; then\\n set +$__lmod_sh_dbg;\\n echo "Shell debugging temporarily silenced: export LMOD_SH_DBG_ON=1 for Lmod\\\'s output" 1>&2;\\n fi;\\n eval "$($LMOD_CMD shell "$@")" && eval "$(${LMOD_SETTARG_CMD:-:} -s sh)";\\n __lmod_my_status=$?;\\n if [ -n "${__lmod_sh_dbg:-}" ]; then\\n echo "Shell debugging restarted" 1>&2;\\n set -$__lmod_sh_dbg;\\n fi;\\n unset __lmod_sh_dbg;\\n return $__lmod_my_status\\n}\', \'BASH_FUNC_ml%%\': \'() {  eval "$($LMOD_DIR/ml_cmd "$@")"\\n}\', \'_\': \'/usr/lib64/openmpi/bin/mpirun\', \'IPATH_NO_BACKTRACE\': \'1\', \'HFI_NO_BACKTRACE\': \'1\', \'OMPI_MCA_orte_local_daemon_uri\': \'857669632.0;tcp://172.26.39.92:49669\', \'OMPI_MCA_orte_hnp_uri\': \'857669632.0;tcp://172.26.39.92:49669\', \'OMPI_MCA_mpi_oversubscribe\': \'0\', \'OMPI_MCA_orte_app_num\': \'0\', \'OMPI_UNIVERSE_SIZE\': \'16\', \'OMPI_MCA_orte_num_nodes\': \'1\', \'OMPI_MCA_shmem_RUNTIME_QUERY_hint\': \'mmap\', \'OMPI_MCA_orte_bound_at_launch\': \'1\', \'OMPI_MCA_ess\': \'^singleton\', \'OMPI_MCA_orte_ess_num_procs\': \'16\', \'OMPI_COMM_WORLD_SIZE\': \'16\', \'OMPI_COMM_WORLD_LOCAL_SIZE\': \'16\', \'OMPI_MCA_orte_tmpdir_base\': \'/scratch/707260.1.member.q\', \'OMPI_MCA_orte_top_session_dir\': \'/scratch/707260.1.member.q/ompi.qb3-id342.11149\', \'OMPI_MCA_orte_jobfam_session_dir\': \'/scratch/707260.1.member.q/ompi.qb3-id342.11149/pid.3794864\', \'OMPI_NUM_APP_CTX\': \'1\', \'OMPI_FIRST_RANKS\': \'0\', \'OMPI_APP_CTX_NUM_PROCS\': \'16\', \'OMPI_MCA_initial_wdir\': \'/wynton/group/sali/miha_rozic/Input_information/SNAPSHOTS/central_directory/snapshot1_0min/run29\', \'OMPI_MCA_orte_launch\': \'1\', \'PMIX_NAMESPACE\': \'857669633\', \'PMIX_RANK\': \'2\', \'PMIX_SERVER_URI2\': \'857669632.0;tcp4://127.0.0.1:57451\', \'PMIX_SERVER_URI21\': \'857669632.0;tcp4://127.0.0.1:57451\', \'PMIX_SECURITY_MODE\': \'native,none\', \'PMIX_PTL_MODULE\': \'tcp,usock\', \'PMIX_BFROP_BUFFER_TYPE\': \'PMIX_BFROP_BUFFER_NON_DESC\', \'PMIX_GDS_MODULE\': \'ds21,ds12,hash\', \'PMIX_SERVER_TMPDIR\': \'/scratch/707260.1.member.q/ompi.qb3-id342.11149/pid.3794864\', \'PMIX_SYSTEM_TMPDIR\': \'/scratch/707260.1.member.q\', \'PMIX_DSTORE_21_BASE_PATH\': \'/scratch/707260.1.member.q/ompi.qb3-id342.11149/pid.3794864/pmix_dstor_ds21_3794864\', \'PMIX_DSTORE_ESH_BASE_PATH\': \'/scratch/707260.1.member.q/ompi.qb3-id342.11149/pid.3794864/pmix_dstor_ds12_3794864\', \'OMPI_MCA_ess_base_jobid\': \'857669633\', \'OMPI_MCA_ess_base_vpid\': \'2\', \'OMPI_COMM_WORLD_RANK\': \'2\', \'OMPI_COMM_WORLD_LOCAL_RANK\': \'2\', \'OMPI_COMM_WORLD_NODE_RANK\': \'2\', \'OMPI_MCA_orte_ess_node_rank\': \'2\', \'PMIX_ID\': \'857669633.2\', \'OMPI_FILE_LOCATION\': \'/scratch/707260.1.member.q/ompi.qb3-id342.11149/pid.3794864/0/0\', \'KMP_DUPLICATE_LIB_OK\': \'True\', \'KMP_INIT_AT_FORK\': \'FALSE\'})', 'STAT2HEADER_IMP_VERSIONS': "{'IMP_VERSION': '2.21.0', 'PMI_VERSION': '2.21.0'}", 0: 'ReplicaExchange_SwapSuccessRatio', 1: 'ReplicaExchange_MinTempFrequency', 2: 'ReplicaExchange_MaxTempFrequency', 3: 'ReplicaExchange_CurrentTemp', 4: 'score'} 
{0: '0', 1: '0', 2: '0', 3: '1.1299485464621188', 4: inf} 
{0: '0.0', 1: '0.0', 2: '0.0', 3: '1.1299485464621188', 4: inf} 
{0: '0.0', 1: '0.0', 2: '0.0', 3: '1.1299485464621188', 4: inf} 
{0: '0.0', 1: '0.0', 2: '0.0', 3: '1.1299485464621188', 4: inf} 
{0: '0.0', 1: '0.0', 2: '0.0', 3: '1.1299485464621188', 4: inf} 
{0: '0.0', 1: '0.0', 2: '0.0', 3: '1.1299485464621188', 4: inf} 
{0: '0.0', 1: '0.0', 2: '0.0', 3: '1.1299485464621188', 4: inf} 
{0: '0.0', 1: '0.0', 2: '0.0', 3: '1.1299485464621188', 4: inf} 
{0: '0.0', 1: '0.0', 2: '0.0', 3: '1.1299485464621188', 4: inf} 
{0: '0.0', 1: '0.0', 2: '0.0', 3: '1.1299485464621188', 4: inf} 
{0: '0.0', 1: '0.0', 2: '0.0', 3: '1.1299485464621188', 4: inf} 
{0: '0.0', 1: '0.0', 2: '0.0', 3: '1.1299485464621188', 4: inf} 
{0: '0.0', 1: '0.0', 2: '0.0', 3: '1.1299485464621188', 4: inf} 
{0: '0.0', 1: '0.0', 2: '0.0', 3: '1.1299485464621188', 4: inf} 
{0: '0.0', 1: '0.0', 2: '0.0', 3: '1.1299485464621188', 4: inf} 
{0: '0.0', 1: '0.0', 2: '0.0', 3: '1.1299485464621188', 4: inf} 
{0: '0.0', 1: '0.0', 2: '0.0', 3: '1.1299485464621188', 4: inf} 
{0: '0.0', 1: '0.0', 2: '0.0', 3: '1.1299485464621188', 4: inf} 
{0: '0.0', 1: '0.0', 2: '0.0', 3: '1.1299485464621188', 4: inf} 
{0: '0.0', 1: '0.0', 2: '0.0', 3: '1.1299485464621188', 4: inf} 
{0: '0.0', 1: '0.0', 2: '0.0', 3: '1.1299485464621188', 4: inf} 
{0: '0.0', 1: '0.0', 2: '0.0', 3: '1.1299485464621188', 4: inf} 
{0: '0.0', 1: '0.0', 2: '0.0', 3: '1.1299485464621188', 4: inf} 
{0: '0.0', 1: '0.0', 2: '0.0', 3: '1.1299485464621188', 4: inf} 
{0: '0.0', 1: '0.0', 2: '0.0', 3: '1.1299485464621188', 4: inf} 
{0: '0.0', 1: '0.0', 2: '0.0', 3: '1.1299485464621188', 4: inf} 
{0: '0.0', 1: '0.0', 2: '0.0', 3: '1.1299485464621188', 4: inf} 
{0: '0.0', 1: '0.0', 2: '0.0', 3: '1.1299485464621188', 4: inf} 
{0: '0.0', 1: '0.0', 2: '0.0', 3: '1.1299485464621188', 4: inf} 
{0: '0.0', 1: '0.0', 2: '0.0', 3: '1.1299485464621188', 4: inf} 
{0: '0.0', 1: '0.0', 2: '0.0', 3: '1.1299485464621188', 4: inf} 
{0: '0.0', 1: '0.0', 2: '0.0', 3: '1.1299485464621188', 4: inf} 
{0: '0.0', 1: '0.0', 2: '0.0', 3: '1.1299485464621188', 4: inf} 
{0: '0.0', 1: '0.0', 2: '0.0', 3: '1.1299485464621188', 4: inf} 
{0: '0.0', 1: '0.0', 2: '0.0', 3: '1.1299485464621188', 4: inf} 
{0: '0.0', 1: '0.0', 2: '0.0', 3: '1.1299485464621188', 4: inf} 
{0: '0.0', 1: '0.0', 2: '0.0', 3: '1.1299485464621188', 4: inf} 
{0: '0.0', 1: '0.0', 2: '0.0', 3: '1.1299485464621188', 4: inf} 
{0: '0.0', 1: '0.0', 2: '0.0', 3: '1.1299485464621188', 4: inf} 
{0: '0.0', 1: '0.0', 2: '0.0', 3: '1.1299485464621188', 4: inf} 
{0: '0.0', 1: '0.0', 2: '0.0', 3: '1.1299485464621188', 4: inf} 
{0: '0.0', 1: '0.0', 2: '0.0', 3: '1.1299485464621188', 4: inf} 
{0: '0.0', 1: '0.0', 2: '0.0', 3: '1.1299485464621188', 4: inf} 
{0: '0.0', 1: '0.0', 2: '0.0', 3: '1.1299485464621188', 4: inf} 
{0: '0.0', 1: '0.0', 2: '0.0', 3: '1.1299485464621188', 4: inf} 
{0: '0.0', 1: '0.0', 2: '0.0', 3: '1.1299485464621188', 4: inf} 
{0: '0.0', 1: '0.0', 2: '0.0', 3: '1.1299485464621188', 4: inf} 
{0: '0.0', 1: '0.0', 2: '0.0', 3: '1.1299485464621188', 4: 2370.7139110972767} 
{0: '0.0', 1: '0.0', 2: '0.0', 3: '1.1299485464621188', 4: 778.4936193175294} 
{0: '0.02040816326530612', 1: '0.0', 2: '0.0', 3: '1.2011244339814315', 4: 424.8745974401649} 
{0: '0.04', 1: '0.0', 2: '0.0', 3: '1.2767837176518553', 4: 426.36816408781283} 
{0: '0.058823529411764705', 1: '0.0', 2: '0.0', 3: '1.3572088082974538', 4: 418.529035909083} 
{0: '0.07692307692307693', 1: '0.0', 2: '0.0', 3: '1.4426999059072143', 4: 399.578924677354} 
{0: '0.09433962264150944', 1: '0.0', 2: '0.0', 3: '1.5335761201812925', 4: 358.07844006745825} 
{0: '0.1111111111111111', 1: '0.0', 2: '0.0', 3: '1.6301766616608926', 4: 368.76040806188684} 
{0: '0.12727272727272726', 1: '0.0', 2: '0.0', 3: '1.7328621078878674', 4: 376.9966245093592} 
{0: '0.14285714285714285', 1: '0.0', 2: '0.0', 3: '1.842015749320195', 4: 366.0541729585043} 
{0: '0.15789473684210525', 1: '0.0', 2: '0.0', 3: '1.958045020027179', 4: 353.1648514315201} 
{0: '0.15517241379310345', 1: '0.0', 2: '0.0', 3: '1.958045020027179', 4: 375.97391773815133} 
{0: '0.1694915254237288', 1: '0.0', 2: '0.0', 3: '1.842015749320195', 4: 372.76445229469203} 
{0: '0.18333333333333332', 1: '0.0', 2: '0.0', 3: '1.7328621078878674', 4: 373.52191885665883} 
{0: '0.18032786885245902', 1: '0.0', 2: '0.0', 3: '1.7328621078878674', 4: 371.79230018425864} 
{0: '0.1935483870967742', 1: '0.0', 2: '0.0', 3: '1.842015749320195', 4: 365.4542946695052} 
{0: '0.19047619047619047', 1: '0.0', 2: '0.0', 3: '1.842015749320195', 4: 345.82952251202374} 
{0: '0.203125', 1: '0.0', 2: '0.0', 3: '1.7328621078878674', 4: 332.7458543279849} 
{0: '0.2153846153846154', 1: '0.0', 2: '0.0', 3: '1.6301766616608926', 4: 315.21701027963377} 
{0: '0.22727272727272727', 1: '0.0', 2: '0.0', 3: '1.5335761201812925', 4: 332.5138071666376} 
{0: '0.23880597014925373', 1: '0.0', 2: '0.0', 3: '1.4426999059072143', 4: 335.2753635763364} 
{0: '0.25', 1: '0.0', 2: '0.0', 3: '1.3572088082974538', 4: 325.60589983530394} 
{0: '0.2608695652173913', 1: '0.0', 2: '0.0', 3: '1.2767837176518553', 4: 329.87986737373643} 
{0: '0.2714285714285714', 1: '0.0', 2: '0.0', 3: '1.2011244339814315', 4: 334.61820581350895} 
{0: '0.2676056338028169', 1: '0.0', 2: '0.0', 3: '1.2011244339814315', 4: 313.0245704400329} 
{0: '0.2777777777777778', 1: '0.0', 2: '0.0', 3: '1.2767837176518553', 4: 330.99880620280055} 
{0: '0.2876712328767123', 1: '0.0', 2: '0.0', 3: '1.3572088082974538', 4: 312.6566760457019} 
{0: '0.2972972972972973', 1: '0.0', 2: '0.0', 3: '1.4426999059072143', 4: 311.53662861094085} 
{0: '0.30666666666666664', 1: '0.0', 2: '0.0', 3: '1.5335761201812925', 4: 314.87245076093353} 
{0: '0.3026315789473684', 1: '0.0', 2: '0.0', 3: '1.5335761201812925', 4: 336.8863571297467} 
{0: '0.3116883116883117', 1: '0.0', 2: '0.0', 3: '1.4426999059072143', 4: 313.95567061356627} 
{0: '0.32051282051282054', 1: '0.0', 2: '0.0', 3: '1.3572088082974538', 4: 313.95480404021214} 
{0: '0.3291139240506329', 1: '0.0', 2: '0.0', 3: '1.2767837176518553', 4: 315.6891134637243} 
{0: '0.3375', 1: '0.0', 2: '0.0', 3: '1.2011244339814315', 4: 333.74004549873894} 
{0: '0.3333333333333333', 1: '0.0', 2: '0.0', 3: '1.2011244339814315', 4: 314.90227551264877} 
{0: '0.32926829268292684', 1: '0.0', 2: '0.0', 3: '1.2011244339814315', 4: 332.1559282903088} 
{0: '0.3253012048192771', 1: '0.0', 2: '0.0', 3: '1.2011244339814315', 4: 311.0870738667885} 
{0: '0.32142857142857145', 1: '0.0', 2: '0.0', 3: '1.2011244339814315', 4: 328.38864404923356} 
{0: '0.3176470588235294', 1: '0.0', 2: '0.0', 3: '1.2011244339814315', 4: 339.54098547047755} 
{0: '0.32558139534883723', 1: '0.0', 2: '0.0', 3: '1.2767837176518553', 4: 331.8346309304692} 
{0: '0.3333333333333333', 1: '0.0', 2: '0.0', 3: '1.3572088082974538', 4: 311.4664860190161} 
{0: '0.3409090909090909', 1: '0.0', 2: '0.0', 3: '1.4426999059072143', 4: 308.03012247162474} 
{0: '0.33707865168539325', 1: '0.0', 2: '0.0', 3: '1.4426999059072143', 4: 307.82537326329106} 
{0: '0.34444444444444444', 1: '0.0', 2: '0.0', 3: '1.3572088082974538', 4: 326.2741345357971} 
{0: '0.34065934065934067', 1: '0.0', 2: '0.0', 3: '1.3572088082974538', 4: 311.54664157127246} 
{0: '0.33695652173913043', 1: '0.0', 2: '0.0', 3: '1.3572088082974538', 4: 343.0726248746265} 
{0: '0.3333333333333333', 1: '0.0', 2: '0.0', 3: '1.3572088082974538', 4: 321.97979744124683} 
{0: '0.32978723404255317', 1: '0.0', 2: '0.0', 3: '1.3572088082974538', 4: 323.96803794132427} 
{0: '0.3368421052631579', 1: '0.0', 2: '0.0', 3: '1.2767837176518553', 4: 322.40478931781655} 
{0: '0.34375', 1: '0.0', 2: '0.0', 3: '1.2011244339814315', 4: 324.8140924116144} 
{0: '0.3402061855670103', 1: '0.0', 2: '0.0', 3: '1.2011244339814315', 4: 324.46169574020377} 
{0: '0.3469387755102041', 1: '0.0', 2: '0.0', 3: '1.2767837176518553', 4: 310.8575054888754} 
{0: '0.3434343434343434', 1: '0.0', 2: '0.0', 3: '1.2767837176518553', 4: 312.01874478357837} 
{0: '0.35', 1: '0.0', 2: '0.0', 3: '1.2011244339814315', 4: 309.3177660180393} 
{0: '0.3465346534653465', 1: '0.0', 2: '0.0', 3: '1.2011244339814315', 4: 326.23746458721223} 
{0: '0.35294117647058826', 1: '0.0', 2: '0.0', 3: '1.2767837176518553', 4: 329.0748653644928} 
{0: '0.3592233009708738', 1: '0.0', 2: '0.0', 3: '1.3572088082974538', 4: 311.1077964674207} 
{0: '0.36538461538461536', 1: '0.0', 2: '0.0', 3: '1.4426999059072143', 4: 314.096126857523} 
{0: '0.3619047619047619', 1: '0.0', 2: '0.0', 3: '1.4426999059072143', 4: 314.09703913206096} 
{0: '0.36792452830188677', 1: '0.0', 2: '0.0', 3: '1.3572088082974538', 4: 330.08707453343925} 
{0: '0.37383177570093457', 1: '0.0', 2: '0.0', 3: '1.2767837176518553', 4: 332.5324526413385} 
{0: '0.37962962962962965', 1: '0.0', 2: '0.0', 3: '1.2011244339814315', 4: 321.4538700352806} 
{0: '0.3761467889908257', 1: '0.0', 2: '0.0', 3: '1.2011244339814315', 4: 314.02517458899365} 
{0: '0.38181818181818183', 1: '0.0', 2: '0.0', 3: '1.2767837176518553', 4: 336.1188061084212} 
{0: '0.38738738738738737', 1: '0.0', 2: '0.0', 3: '1.3572088082974538', 4: 340.0925534594242} 
{0: '0.39285714285714285', 1: '0.0', 2: '0.0', 3: '1.4426999059072143', 4: 318.09272688606023} 
{0: '0.39823008849557523', 1: '0.0', 2: '0.0', 3: '1.5335761201812925', 4: 317.02022540241194} 
{0: '0.39473684210526316', 1: '0.0', 2: '0.0', 3: '1.5335761201812925', 4: 325.77125056055746} 
{0: '0.4', 1: '0.0', 2: '0.0', 3: '1.4426999059072143', 4: 326.29058144741936} 
{0: '0.4051724137931034', 1: '0.0', 2: '0.0', 3: '1.3572088082974538', 4: 322.4378723012474} 
{0: '0.4017094017094017', 1: '0.0', 2: '0.0', 3: '1.3572088082974538', 4: 312.41339078484026} 
{0: '0.3983050847457627', 1: '0.0', 2: '0.0', 3: '1.3572088082974538', 4: 316.19828964432435} 
{0: '0.40336134453781514', 1: '0.0', 2: '0.0', 3: '1.2767837176518553', 4: 311.87821847971986} 
{0: '0.4083333333333333', 1: '0.0', 2: '0.0', 3: '1.2011244339814315', 4: 313.0043606368999} 
{0: '0.4049586776859504', 1: '0.0', 2: '0.0', 3: '1.2011244339814315', 4: 323.3684087358045} 
{0: '0.4016393442622951', 1: '0.0', 2: '0.0', 3: '1.2011244339814315', 4: 313.6476284781158} 
{0: '0.3983739837398374', 1: '0.0', 2: '0.0', 3: '1.2011244339814315', 4: 326.80483262779234} 
{0: '0.4032258064516129', 1: '0.0', 2: '0.0', 3: '1.2767837176518553', 4: 316.0065615859272} 
{0: '0.408', 1: '0.0', 2: '0.0', 3: '1.3572088082974538', 4: 326.8217963966535} 
{0: '0.4126984126984127', 1: '0.0', 2: '0.0', 3: '1.4426999059072143', 4: 328.5539982013135} 
{0: '0.41732283464566927', 1: '0.0', 2: '0.0', 3: '1.5335761201812925', 4: 311.6971848418586} 
{0: '0.4140625', 1: '0.0', 2: '0.0', 3: '1.5335761201812925', 4: 313.93393857536} 
{0: '0.4186046511627907', 1: '0.0', 2: '0.0', 3: '1.4426999059072143', 4: 315.9566276284248} 
{0: '0.4230769230769231', 1: '0.0', 2: '0.0', 3: '1.3572088082974538', 4: 317.2271414162819} 
{0: '0.42748091603053434', 1: '0.0', 2: '0.0', 3: '1.2767837176518553', 4: 318.1337811213386} 
{0: '0.4318181818181818', 1: '0.0', 2: '0.0', 3: '1.2011244339814315', 4: 313.36211871188175} 
{0: '0.42857142857142855', 1: '0.0', 2: '0.0', 3: '1.2011244339814315', 4: 331.7872510814077} 
{0: '0.43283582089552236', 1: '0.0', 2: '0.0', 3: '1.2767837176518553', 4: 336.63337684106926} 
{0: '0.43703703703703706', 1: '0.0', 2: '0.0', 3: '1.3572088082974538', 4: 336.58528307406186} 
{0: '0.4411764705882353', 1: '0.0', 2: '0.0', 3: '1.4426999059072143', 4: 317.3771099222016} 
{0: '0.43795620437956206', 1: '0.0', 2: '0.0', 3: '1.4426999059072143', 4: 334.0944311138015} 
{0: '0.4420289855072464', 1: '0.0', 2: '0.0', 3: '1.3572088082974538', 4: 325.33550675027806} 
{0: '0.4460431654676259', 1: '0.0', 2: '0.0', 3: '1.2767837176518553', 4: 325.2563828586592} 
{0: '0.45', 1: '0.0', 2: '0.0', 3: '1.2011244339814315', 4: 311.4863055263185} 
{0: '0.44680851063829785', 1: '0.0', 2: '0.0', 3: '1.2011244339814315', 4: 326.4779914862531} 
{0: '0.4507042253521127', 1: '0.0', 2: '0.0', 3: '1.2767837176518553', 4: 324.1251243875375} 
{0: '0.45454545454545453', 1: '0.0', 2: '0.0', 3: '1.3572088082974538', 4: 324.55026011549063} 
{0: '0.4583333333333333', 1: '0.0', 2: '0.0', 3: '1.4426999059072143', 4: 330.09776365737764} 
{0: '0.46206896551724136', 1: '0.0', 2: '0.0', 3: '1.5335761201812925', 4: 335.65567635378136} 
{0: '0.4657534246575342', 1: '0.0', 2: '0.0', 3: '1.6301766616608926', 4: 339.2603222575498} 
{0: '0.46938775510204084', 1: '0.0', 2: '0.0', 3: '1.7328621078878674', 4: 312.61322570691675} 
{0: '0.46621621621621623', 1: '0.0', 2: '0.0', 3: '1.7328621078878674', 4: 315.40714695092777} 
{0: '0.4697986577181208', 1: '0.0', 2: '0.0', 3: '1.6301766616608926', 4: 319.0938273378751} 
{0: '0.47333333333333333', 1: '0.0', 2: '0.0', 3: '1.5335761201812925', 4: 313.9006398600034} 
{0: '0.4768211920529801', 1: '0.0', 2: '0.0', 3: '1.4426999059072143', 4: 328.12895787589974} 
{0: '0.47368421052631576', 1: '0.0', 2: '0.0', 3: '1.4426999059072143', 4: 316.23121642365254} 
{0: '0.477124183006536', 1: '0.0', 2: '0.0', 3: '1.5335761201812925', 4: 309.02014071757594} 
{0: '0.474025974025974', 1: '0.0', 2: '0.0', 3: '1.5335761201812925', 4: 315.61293856626185} 
{0: '0.4774193548387097', 1: '0.0', 2: '0.0', 3: '1.4426999059072143', 4: 321.82647785195036} 
{0: '0.4807692307692308', 1: '0.0', 2: '0.0', 3: '1.3572088082974538', 4: 322.52039824487326} 
{0: '0.4840764331210191', 1: '0.0', 2: '0.0', 3: '1.2767837176518553', 4: 319.64688371653415} 
{0: '0.4873417721518987', 1: '0.0', 2: '0.0', 3: '1.2011244339814315', 4: 333.09562568659385} 
{0: '0.48427672955974843', 1: '0.0', 2: '0.0', 3: '1.2011244339814315', 4: 319.4970942789722} 
{0: '0.4875', 1: '0.0', 2: '0.0', 3: '1.2767837176518553', 4: 315.50230975300923} 
{0: '0.4906832298136646', 1: '0.0', 2: '0.0', 3: '1.3572088082974538', 4: 330.1955057189235} 
{0: '0.49382716049382713', 1: '0.0', 2: '0.0', 3: '1.4426999059072143', 4: 329.39549832231717} 
{0: '0.49693251533742333', 1: '0.0', 2: '0.0', 3: '1.5335761201812925', 4: 310.3418102214112} 
{0: '0.49390243902439024', 1: '0.0', 2: '0.0', 3: '1.5335761201812925', 4: 309.8819216495513} 
{0: '0.49696969696969695', 1: '0.0', 2: '0.0', 3: '1.4426999059072143', 4: 306.70900647582806} 
{0: '0.5', 1: '0.0', 2: '0.0', 3: '1.3572088082974538', 4: 325.8163731253957} 
{0: '0.5029940119760479', 1: '0.0', 2: '0.0', 3: '1.2767837176518553', 4: 319.01254039146625} 
{0: '0.5059523809523809', 1: '0.0', 2: '0.0', 3: '1.2011244339814315', 4: 308.3983699571492} 
{0: '0.5029585798816568', 1: '0.0', 2: '0.0', 3: '1.2011244339814315', 4: 312.13605359230604} 
{0: '0.5', 1: '0.0', 2: '0.0', 3: '1.2011244339814315', 4: 310.49024590874814} 
{0: '0.49707602339181284', 1: '0.0', 2: '0.0', 3: '1.2011244339814315', 4: 337.8857740278579} 
{0: '0.5', 1: '0.0', 2: '0.0', 3: '1.2767837176518553', 4: 309.7810508188806} 
{0: '0.49710982658959535', 1: '0.0', 2: '0.0', 3: '1.2767837176518553', 4: 321.09327532408696} 
{0: '0.5', 1: '0.0', 2: '0.0', 3: '1.2011244339814315', 4: 309.7164763350054} 
{0: '0.49714285714285716', 1: '0.0', 2: '0.0', 3: '1.2011244339814315', 4: 323.7569192157933} 
{0: '0.5', 1: '0.0', 2: '0.0', 3: '1.2767837176518553', 4: 310.73203714273455} 
{0: '0.4971751412429379', 1: '0.0', 2: '0.0', 3: '1.2767837176518553', 4: 314.5357645050066} 
{0: '0.5', 1: '0.0', 2: '0.0', 3: '1.2011244339814315', 4: 308.00083693834216} 
{0: '0.4972067039106145', 1: '0.0', 2: '0.0', 3: '1.2011244339814315', 4: 329.0936564082734} 
{0: '0.5', 1: '0.0', 2: '0.0', 3: '1.2767837176518553', 4: 325.98620015888974} 
{0: '0.4972375690607735', 1: '0.0', 2: '0.0', 3: '1.2767837176518553', 4: 324.4788661792765} 
{0: '0.5', 1: '0.0', 2: '0.0', 3: '1.2011244339814315', 4: 333.4924108561461} 
{0: '0.4972677595628415', 1: '0.0', 2: '0.0', 3: '1.2011244339814315', 4: 335.4228727697241} 
{0: '0.5', 1: '0.0', 2: '0.0', 3: '1.2767837176518553', 4: 315.7528567259044} 
{0: '0.5027027027027027', 1: '0.0', 2: '0.0', 3: '1.3572088082974538', 4: 328.1022337338378} 
{0: '0.5053763440860215', 1: '0.0', 2: '0.0', 3: '1.4426999059072143', 4: 329.27904978145466} 
{0: '0.5080213903743316', 1: '0.0', 2: '0.0', 3: '1.5335761201812925', 4: 335.0907920603091} 
{0: '0.5053191489361702', 1: '0.0', 2: '0.0', 3: '1.5335761201812925', 4: 325.0521750697207} 
{0: '0.5079365079365079', 1: '0.0', 2: '0.0', 3: '1.4426999059072143', 4: 320.232374812015} 
{0: '0.5105263157894737', 1: '0.0', 2: '0.0', 3: '1.3572088082974538', 4: 337.9977362541447} 
{0: '0.5078534031413613', 1: '0.0', 2: '0.0', 3: '1.3572088082974538', 4: 328.27421285394735} 
{0: '0.5104166666666666', 1: '0.0', 2: '0.0', 3: '1.4426999059072143', 4: 317.99658595880584} 
{0: '0.5077720207253886', 1: '0.0', 2: '0.0', 3: '1.4426999059072143', 4: 311.10109423752215} 
{0: '0.5103092783505154', 1: '0.0', 2: '0.0', 3: '1.3572088082974538', 4: 327.39972538486177} 
{0: '0.5128205128205128', 1: '0.0', 2: '0.0', 3: '1.2767837176518553', 4: 326.70154018388865} 
{0: '0.5102040816326531', 1: '0.0', 2: '0.0', 3: '1.2767837176518553', 4: 320.2839486052312} 
{0: '0.5126903553299492', 1: '0.0', 2: '0.0', 3: '1.3572088082974538', 4: 314.16523274041396} 
{0: '0.51010101010101', 1: '0.0', 2: '0.0', 3: '1.3572088082974538', 4: 332.58145580157} 
{0: '0.507537688442211', 1: '0.0', 2: '0.0', 3: '1.3572088082974538', 4: 323.42930358782803} 
{0: '0.51', 1: '0.0', 2: '0.0', 3: '1.4426999059072143', 4: 319.3556773417438} 
{0: '0.5074626865671642', 1: '0.0', 2: '0.0', 3: '1.4426999059072143', 4: 329.0869487673147} 
{0: '0.5099009900990099', 1: '0.0', 2: '0.0', 3: '1.3572088082974538', 4: 315.49415741022307} 
{0: '0.5123152709359606', 1: '0.0', 2: '0.0', 3: '1.2767837176518553', 4: 330.4193951618641} 
{0: '0.5147058823529411', 1: '0.0', 2: '0.0', 3: '1.2011244339814315', 4: 310.6540786366576} 
{0: '0.5121951219512195', 1: '0.0', 2: '0.0', 3: '1.2011244339814315', 4: 313.9975324902146} 
{0: '0.5097087378640777', 1: '0.0', 2: '0.0', 3: '1.2011244339814315', 4: 313.2977319996578} 
{0: '0.5072463768115942', 1: '0.0', 2: '0.0', 3: '1.2011244339814315', 4: 309.71774383790137} 
{0: '0.5048076923076923', 1: '0.0', 2: '0.0', 3: '1.2011244339814315', 4: 309.1463282138136} 
{0: '0.5023923444976076', 1: '0.0', 2: '0.0', 3: '1.2011244339814315', 4: 306.92102257579836} 
{0: '0.5', 1: '0.0', 2: '0.0', 3: '1.2011244339814315', 4: 312.2574172543014} 
{0: '0.4976303317535545', 1: '0.0', 2: '0.0', 3: '1.2011244339814315', 4: 312.56541036072497} 
{0: '0.5', 1: '0.0', 2: '0.0', 3: '1.2767837176518553', 4: 307.64439174213453} 
{0: '0.5023474178403756', 1: '0.0', 2: '0.0', 3: '1.3572088082974538', 4: 309.18843748658793} 
{0: '0.5046728971962616', 1: '0.0', 2: '0.0', 3: '1.4426999059072143', 4: 314.42853335630423} 
{0: '0.5069767441860465', 1: '0.0', 2: '0.0', 3: '1.5335761201812925', 4: 329.399646089498} 
{0: '0.5092592592592593', 1: '0.0', 2: '0.0', 3: '1.6301766616608926', 4: 318.0510709584046} 
{0: '0.5069124423963134', 1: '0.0', 2: '0.0', 3: '1.6301766616608926', 4: 320.61475771794477} 
{0: '0.5091743119266054', 1: '0.0', 2: '0.0', 3: '1.5335761201812925', 4: 313.96428776824973} 
{0: '0.5114155251141552', 1: '0.0', 2: '0.0', 3: '1.4426999059072143', 4: 317.66224536063766} 
{0: '0.5136363636363637', 1: '0.0', 2: '0.0', 3: '1.3572088082974538', 4: 329.0420048915629} 
{0: '0.5158371040723982', 1: '0.0', 2: '0.0', 3: '1.2767837176518553', 4: 321.943892265002} 
{0: '0.5180180180180181', 1: '0.0', 2: '0.0', 3: '1.2011244339814315', 4: 306.05034272690807} 
{0: '0.515695067264574', 1: '0.0', 2: '0.0', 3: '1.2011244339814315', 4: 309.97437850471084} 
{0: '0.5178571428571429', 1: '0.0', 2: '0.0', 3: '1.2767837176518553', 4: 323.86343539657224} 
{0: '0.5155555555555555', 1: '0.0', 2: '0.0', 3: '1.2767837176518553', 4: 310.5319679578587} 
{0: '0.5176991150442478', 1: '0.0', 2: '0.0', 3: '1.2011244339814315', 4: 331.54347403291706} 
{0: '0.5154185022026432', 1: '0.0', 2: '0.0', 3: '1.2011244339814315', 4: 325.61499330984674} 
{0: '0.5175438596491229', 1: '0.0', 2: '0.0', 3: '1.2767837176518553', 4: 341.89614802526967} 
{0: '0.519650655021834', 1: '0.0', 2: '0.0', 3: '1.3572088082974538', 4: 317.6035675917129} 
{0: '0.5217391304347826', 1: '0.0', 2: '0.0', 3: '1.4426999059072143', 4: 334.7463327993397} 
{0: '0.5238095238095238', 1: '0.0', 2: '0.0', 3: '1.5335761201812925', 4: 332.07847504268574} 
{0: '0.521551724137931', 1: '0.0', 2: '0.0', 3: '1.5335761201812925', 4: 312.6133204138114} 
{0: '0.5236051502145923', 1: '0.0', 2: '0.0', 3: '1.4426999059072143', 4: 325.94725540571085} 
{0: '0.5256410256410257', 1: '0.0', 2: '0.0', 3: '1.3572088082974538', 4: 328.5366717963615} 
{0: '0.5276595744680851', 1: '0.0', 2: '0.0', 3: '1.2767837176518553', 4: 315.39574058484686} 
{0: '0.5296610169491526', 1: '0.0', 2: '0.0', 3: '1.2011244339814315', 4: 316.5929252841378} 
{0: '0.5274261603375527', 1: '0.0', 2: '0.0', 3: '1.2011244339814315', 4: 313.0144207873255} 
{0: '0.5252100840336135', 1: '0.0', 2: '0.0', 3: '1.2011244339814315', 4: 332.23894113935575} 
{0: '0.5230125523012552', 1: '0.0', 2: '0.0', 3: '1.2011244339814315', 4: 327.55176209108987} 
{0: '0.525', 1: '0.0', 2: '0.0', 3: '1.2767837176518553', 4: 315.17004278358615} 
{0: '0.5228215767634855', 1: '0.0', 2: '0.0', 3: '1.2767837176518553', 4: 311.98647137053376} 
{0: '0.5247933884297521', 1: '0.0', 2: '0.0', 3: '1.2011244339814315', 4: 328.5538532785186} 
{0: '0.522633744855967', 1: '0.0', 2: '0.0', 3: '1.2011244339814315', 4: 313.4457253376002} 
{0: '0.5245901639344263', 1: '0.0', 2: '0.0', 3: '1.2767837176518553', 4: 330.83480120150097} 
{0: '0.5224489795918368', 1: '0.0', 2: '0.0', 3: '1.2767837176518553', 4: 328.2418140220238} 
{0: '0.524390243902439', 1: '0.0', 2: '0.0', 3: '1.2011244339814315', 4: 310.23077776530175} 
{0: '0.5222672064777328', 1: '0.0', 2: '0.0', 3: '1.2011244339814315', 4: 312.94232221581524} 
{0: '0.5201612903225806', 1: '0.0', 2: '0.0', 3: '1.2011244339814315', 4: 323.3846370951837} 
{0: '0.5180722891566265', 1: '0.0', 2: '0.0', 3: '1.2011244339814315', 4: 318.4601263378382} 
{0: '0.516', 1: '0.0', 2: '0.0', 3: '1.2011244339814315', 4: 312.4791456144862} 
{0: '0.5139442231075697', 1: '0.0', 2: '0.0', 3: '1.2011244339814315', 4: 326.92218229463515} 
{0: '0.5158730158730159', 1: '0.0', 2: '0.0', 3: '1.2767837176518553', 4: 309.93478776555247} 
{0: '0.5138339920948617', 1: '0.0', 2: '0.0', 3: '1.2767837176518553', 4: 307.2023895465768} 
{0: '0.515748031496063', 1: '0.0', 2: '0.0', 3: '1.2011244339814315', 4: 318.40862650062894} 
{0: '0.5137254901960784', 1: '0.0', 2: '0.0', 3: '1.2011244339814315', 4: 310.9138427253342} 
{0: '0.515625', 1: '0.0', 2: '0.0', 3: '1.2767837176518553', 4: 342.9374272169006} 
{0: '0.5175097276264592', 1: '0.0', 2: '0.0', 3: '1.3572088082974538', 4: 312.40749199916405} 
{0: '0.5155038759689923', 1: '0.0', 2: '0.0', 3: '1.3572088082974538', 4: 332.40190047534793} 
{0: '0.5135135135135135', 1: '0.0', 2: '0.0', 3: '1.3572088082974538', 4: 313.79958930068494} 
{0: '0.5115384615384615', 1: '0.0', 2: '0.0', 3: '1.3572088082974538', 4: 311.4451935498024} 
{0: '0.5134099616858238', 1: '0.0', 2: '0.0', 3: '1.2767837176518553', 4: 311.5963352131258} 
{0: '0.5152671755725191', 1: '0.0', 2: '0.0', 3: '1.2011244339814315', 4: 313.79464731591514} 
{0: '0.5133079847908745', 1: '0.0', 2: '0.0', 3: '1.2011244339814315', 4: 333.2173322224716} 
{0: '0.5151515151515151', 1: '0.0', 2: '0.0', 3: '1.2767837176518553', 4: 325.2551127619603} 
{0: '0.5169811320754717', 1: '0.0', 2: '0.0', 3: '1.3572088082974538', 4: 313.74484166004316} 
{0: '0.5150375939849624', 1: '0.0', 2: '0.0', 3: '1.3572088082974538', 4: 329.9869037134726} 
{0: '0.5168539325842697', 1: '0.0', 2: '0.0', 3: '1.2767837176518553', 4: 316.1352341147896} 
{0: '0.5186567164179104', 1: '0.0', 2: '0.0', 3: '1.2011244339814315', 4: 312.01508478469015} 
{0: '0.516728624535316', 1: '0.0', 2: '0.0', 3: '1.2011244339814315', 4: 325.39598585274626} 
{0: '0.5148148148148148', 1: '0.0', 2: '0.0', 3: '1.2011244339814315', 4: 312.63336002850696} 
{0: '0.5129151291512916', 1: '0.0', 2: '0.0', 3: '1.2011244339814315', 4: 332.41673491222895} 
{0: '0.5147058823529411', 1: '0.0', 2: '0.0', 3: '1.2767837176518553', 4: 309.1483060904293} 
{0: '0.5164835164835165', 1: '0.0', 2: '0.0', 3: '1.3572088082974538', 4: 316.03604987473085} 
{0: '0.5182481751824818', 1: '0.0', 2: '0.0', 3: '1.4426999059072143', 4: 312.9039872374607} 
{0: '0.5163636363636364', 1: '0.0', 2: '0.0', 3: '1.4426999059072143', 4: 332.03825202863834} 
{0: '0.5181159420289855', 1: '0.0', 2: '0.0', 3: '1.3572088082974538', 4: 323.7028399861338} 
{0: '0.516245487364621', 1: '0.0', 2: '0.0', 3: '1.3572088082974538', 4: 323.67762664818684} 
{0: '0.5143884892086331', 1: '0.0', 2: '0.0', 3: '1.3572088082974538', 4: 307.6122777505745} 
{0: '0.5161290322580645', 1: '0.0', 2: '0.0', 3: '1.2767837176518553', 4: 309.92089990598276} 
{0: '0.5178571428571429', 1: '0.0', 2: '0.0', 3: '1.2011244339814315', 4: 324.7086148087871} 
{0: '0.5160142348754448', 1: '0.0', 2: '0.0', 3: '1.2011244339814315', 4: 310.23842509651325} 
{0: '0.5141843971631206', 1: '0.0', 2: '0.0', 3: '1.2011244339814315', 4: 307.74895964610516} 
{0: '0.5123674911660777', 1: '0.0', 2: '0.0', 3: '1.2011244339814315', 4: 305.55386134274573} 
{0: '0.5140845070422535', 1: '0.0', 2: '0.0', 3: '1.2767837176518553', 4: 306.04401810751233} 
{0: '0.512280701754386', 1: '0.0', 2: '0.0', 3: '1.2767837176518553', 4: 322.43530436525714} 
{0: '0.513986013986014', 1: '0.0', 2: '0.0', 3: '1.2011244339814315', 4: 339.7008365368802} 
{0: '0.5121951219512195', 1: '0.0', 2: '0.0', 3: '1.2011244339814315', 4: 323.7104176311751} 
{0: '0.5138888888888888', 1: '0.0', 2: '0.0', 3: '1.2767837176518553', 4: 325.22169471072823} 
{0: '0.5121107266435986', 1: '0.0', 2: '0.0', 3: '1.2767837176518553', 4: 324.6906344355604} 
{0: '0.5137931034482759', 1: '0.0', 2: '0.0', 3: '1.2011244339814315', 4: 311.55056476211644} 
{0: '0.5120274914089347', 1: '0.0', 2: '0.0', 3: '1.2011244339814315', 4: 321.4743297601642} 
{0: '0.5102739726027398', 1: '0.0', 2: '0.0', 3: '1.2011244339814315', 4: 325.1352233442809} 
{0: '0.5085324232081911', 1: '0.0', 2: '0.0', 3: '1.2011244339814315', 4: 311.40019613061986} 
{0: '0.5102040816326531', 1: '0.0', 2: '0.0', 3: '1.2767837176518553', 4: 309.8217704597747} 
{0: '0.511864406779661', 1: '0.0', 2: '0.0', 3: '1.3572088082974538', 4: 324.4773668864861} 
{0: '0.5135135135135135', 1: '0.0', 2: '0.0', 3: '1.4426999059072143', 4: 311.7511885046118} 
{0: '0.5117845117845118', 1: '0.0', 2: '0.0', 3: '1.4426999059072143', 4: 316.44574752983476} 
{0: '0.5134228187919463', 1: '0.0', 2: '0.0', 3: '1.3572088082974538', 4: 327.23134330318004} 
{0: '0.5117056856187291', 1: '0.0', 2: '0.0', 3: '1.3572088082974538', 4: 314.9863162270063} 
{0: '0.51', 1: '0.0', 2: '0.0', 3: '1.3572088082974538', 4: 331.40962468418036} 
{0: '0.5083056478405316', 1: '0.0', 2: '0.0', 3: '1.3572088082974538', 4: 331.33288904102767} 
{0: '0.5099337748344371', 1: '0.0', 2: '0.0', 3: '1.4426999059072143', 4: 313.9351581364922} 
{0: '0.5115511551155115', 1: '0.0', 2: '0.0', 3: '1.5335761201812925', 4: 322.2751875681319} 
{0: '0.5098684210526315', 1: '0.0', 2: '0.0', 3: '1.5335761201812925', 4: 311.4218199946008} 
{0: '0.5114754098360655', 1: '0.0', 2: '0.0', 3: '1.4426999059072143', 4: 306.0618610939601} 
{0: '0.5130718954248366', 1: '0.0', 2: '0.0', 3: '1.3572088082974538', 4: 305.3439277254461} 
{0: '0.5146579804560261', 1: '0.0', 2: '0.0', 3: '1.2767837176518553', 4: 311.3999327176656} 
{0: '0.5162337662337663', 1: '0.0', 2: '0.0', 3: '1.2011244339814315', 4: 314.3206993005031} 
{0: '0.5145631067961165', 1: '0.0', 2: '0.0', 3: '1.2011244339814315', 4: 328.1672978001612} 
{0: '0.5161290322580645', 1: '0.0', 2: '0.0', 3: '1.2767837176518553', 4: 326.26617360598505} 
{0: '0.5176848874598071', 1: '0.0', 2: '0.0', 3: '1.3572088082974538', 4: 320.5321995497279} 
{0: '0.5192307692307693', 1: '0.0', 2: '0.0', 3: '1.4426999059072143', 4: 336.55972824724677} 
{0: '0.5207667731629393', 1: '0.0', 2: '0.0', 3: '1.5335761201812925', 4: 313.395403534784} 
{0: '0.5222929936305732', 1: '0.0', 2: '0.0', 3: '1.6301766616608926', 4: 335.71065208650293} 
{0: '0.5238095238095238', 1: '0.0', 2: '0.0', 3: '1.7328621078878674', 4: 330.4279661941659} 
{0: '0.5221518987341772', 1: '0.0', 2: '0.0', 3: '1.7328621078878674', 4: 315.6072840306323} 
{0: '0.5236593059936908', 1: '0.0', 2: '0.0', 3: '1.6301766616608926', 4: 326.0371551006713} 
{0: '0.5251572327044025', 1: '0.0', 2: '0.0', 3: '1.5335761201812925', 4: 313.90303496381625} 
{0: '0.5266457680250783', 1: '0.0', 2: '0.0', 3: '1.4426999059072143', 4: 314.89589826981046} 
{0: '0.528125', 1: '0.0', 2: '0.0', 3: '1.3572088082974538', 4: 312.18331513018586} 
{0: '0.5295950155763239', 1: '0.0', 2: '0.0', 3: '1.2767837176518553', 4: 318.14625164345597} 
{0: '0.531055900621118', 1: '0.0', 2: '0.0', 3: '1.2011244339814315', 4: 329.57895354370135} 
{0: '0.5294117647058824', 1: '0.0', 2: '0.0', 3: '1.2011244339814315', 4: 335.76409157272076} 
{0: '0.5308641975308642', 1: '0.0', 2: '0.0', 3: '1.2767837176518553', 4: 314.13722614706313} 
{0: '0.5323076923076923', 1: '0.0', 2: '0.0', 3: '1.3572088082974538', 4: 328.06518032693975} 
{0: '0.5337423312883436', 1: '0.0', 2: '0.0', 3: '1.4426999059072143', 4: 314.7921988368414} 
{0: '0.5351681957186545', 1: '0.0', 2: '0.0', 3: '1.5335761201812925', 4: 310.8537424349428} 
{0: '0.5335365853658537', 1: '0.0', 2: '0.0', 3: '1.5335761201812925', 4: 346.97561655830305} 
{0: '0.5319148936170213', 1: '0.0', 2: '0.0', 3: '1.5335761201812925', 4: 335.1136120370974} 
{0: '0.5333333333333333', 1: '0.0', 2: '0.0', 3: '1.6301766616608926', 4: 327.5682757575547} 
{0: '0.5317220543806647', 1: '0.0', 2: '0.0', 3: '1.6301766616608926', 4: 312.13122043950835} 
{0: '0.5331325301204819', 1: '0.0', 2: '0.0', 3: '1.5335761201812925', 4: 328.06085811606897} 
{0: '0.5345345345345346', 1: '0.0', 2: '0.0', 3: '1.4426999059072143', 4: 321.47519865324404} 
{0: '0.5359281437125748', 1: '0.0', 2: '0.0', 3: '1.3572088082974538', 4: 306.74321780045636} 
{0: '0.5373134328358209', 1: '0.0', 2: '0.0', 3: '1.2767837176518553', 4: 313.5148776876852} 
{0: '0.5386904761904762', 1: '0.0', 2: '0.0', 3: '1.2011244339814315', 4: 306.9145814483685} 
{0: '0.5370919881305638', 1: '0.0', 2: '0.0', 3: '1.2011244339814315', 4: 308.19647458627145} 
{0: '0.5384615384615384', 1: '0.0', 2: '0.0', 3: '1.2767837176518553', 4: 314.96262167946816} 
{0: '0.5398230088495575', 1: '0.0', 2: '0.0', 3: '1.3572088082974538', 4: 307.45930250503267} 
{0: '0.5411764705882353', 1: '0.0', 2: '0.0', 3: '1.4426999059072143', 4: 324.026354573268} 
{0: '0.5425219941348973', 1: '0.0', 2: '0.0', 3: '1.5335761201812925', 4: 323.1232454797708} 
{0: '0.5409356725146199', 1: '0.0', 2: '0.0', 3: '1.5335761201812925', 4: 337.1361313119049} 
{0: '0.5422740524781341', 1: '0.0', 2: '0.0', 3: '1.4426999059072143', 4: 314.1063064415124} 
{0: '0.5436046511627907', 1: '0.0', 2: '0.0', 3: '1.3572088082974538', 4: 315.4114324352241} 
{0: '0.5449275362318841', 1: '0.0', 2: '0.0', 3: '1.2767837176518553', 4: 307.7005574352043} 
{0: '0.546242774566474', 1: '0.0', 2: '0.0', 3: '1.2011244339814315', 4: 328.5463013936509} 
{0: '0.5446685878962536', 1: '0.0', 2: '0.0', 3: '1.2011244339814315', 4: 308.704400211742} 
{0: '0.5431034482758621', 1: '0.0', 2: '0.0', 3: '1.2011244339814315', 4: 312.66160727616835} 
{0: '0.5415472779369628', 1: '0.0', 2: '0.0', 3: '1.2011244339814315', 4: 315.55569376476194} 
{0: '0.5428571428571428', 1: '0.0', 2: '0.0', 3: '1.2767837176518553', 4: 310.9025819934431} 
{0: '0.5413105413105413', 1: '0.0', 2: '0.0', 3: '1.2767837176518553', 4: 304.4285559078758} 
{0: '0.5426136363636364', 1: '0.0', 2: '0.0', 3: '1.2011244339814315', 4: 308.70703942638426} 
{0: '0.5410764872521246', 1: '0.0', 2: '0.0', 3: '1.2011244339814315', 4: 310.5437226728853} 
{0: '0.5423728813559322', 1: '0.0', 2: '0.0', 3: '1.2767837176518553', 4: 310.6188512641779} 
{0: '0.5408450704225352', 1: '0.0', 2: '0.0', 3: '1.2767837176518553', 4: 321.7947474871737} 
{0: '0.5421348314606742', 1: '0.0', 2: '0.0', 3: '1.2011244339814315', 4: 305.98163706797084} 
{0: '0.5406162464985994', 1: '0.0', 2: '0.0', 3: '1.2011244339814315', 4: 309.22281123878776} 
{0: '0.5418994413407822', 1: '0.0', 2: '0.0', 3: '1.2767837176518553', 4: 309.3976703036117} 
{0: '0.5403899721448467', 1: '0.0', 2: '0.0', 3: '1.2767837176518553', 4: 309.8696831698682} 
{0: '0.5416666666666666', 1: '0.0', 2: '0.0', 3: '1.2011244339814315', 4: 306.18393012614797} 
{0: '0.5401662049861495', 1: '0.0', 2: '0.0', 3: '1.2011244339814315', 4: 324.7891257557685} 
{0: '0.5414364640883977', 1: '0.0', 2: '0.0', 3: '1.2767837176518553', 4: 326.7664308303375} 
{0: '0.5399449035812672', 1: '0.0', 2: '0.0', 3: '1.2767837176518553', 4: 310.1368994254421} 
{0: '0.5412087912087912', 1: '0.0', 2: '0.0', 3: '1.2011244339814315', 4: 314.40333541425537} 
{0: '0.5397260273972603', 1: '0.0', 2: '0.0', 3: '1.2011244339814315', 4: 310.9325942166027} 
{0: '0.5382513661202186', 1: '0.0', 2: '0.0', 3: '1.2011244339814315', 4: 321.95873933254006} 
{0: '0.5367847411444142', 1: '0.0', 2: '0.0', 3: '1.2011244339814315', 4: 322.85845971797784} 
{0: '0.5380434782608695', 1: '0.0', 2: '0.0', 3: '1.2767837176518553', 4: 323.77477845522594} 
{0: '0.5365853658536586', 1: '0.0', 2: '0.0', 3: '1.2767837176518553', 4: 322.8386724425571} 
{0: '0.5378378378378378', 1: '0.0', 2: '0.0', 3: '1.2011244339814315', 4: 321.18743717463497} 
{0: '0.5363881401617251', 1: '0.0', 2: '0.0', 3: '1.2011244339814315', 4: 312.43214595677216} 
{0: '0.5349462365591398', 1: '0.0', 2: '0.0', 3: '1.2011244339814315', 4: 326.4721976677511} 
{0: '0.5335120643431636', 1: '0.0', 2: '0.0', 3: '1.2011244339814315', 4: 308.8832260503885} 
{0: '0.5320855614973262', 1: '0.0', 2: '0.0', 3: '1.2011244339814315', 4: 312.55320998171715} 
{0: '0.5306666666666666', 1: '0.0', 2: '0.0', 3: '1.2011244339814315', 4: 309.9311825277613} 
{0: '0.5292553191489362', 1: '0.0', 2: '0.0', 3: '1.2011244339814315', 4: 310.0048248984749} 
{0: '0.5278514588859416', 1: '0.0', 2: '0.0', 3: '1.2011244339814315', 4: 314.0254874699907} 
{0: '0.5264550264550265', 1: '0.0', 2: '0.0', 3: '1.2011244339814315', 4: 332.77625519009564} 
{0: '0.525065963060686', 1: '0.0', 2: '0.0', 3: '1.2011244339814315', 4: 314.095369751478} 
{0: '0.5236842105263158', 1: '0.0', 2: '0.0', 3: '1.2011244339814315', 4: 329.09173749275874} 
{0: '0.5223097112860893', 1: '0.0', 2: '0.0', 3: '1.2011244339814315', 4: 314.6948233324467} 
{0: '0.5235602094240838', 1: '0.0', 2: '0.0', 3: '1.2767837176518553', 4: 323.34995636872003} 
{0: '0.5248041775456919', 1: '0.0', 2: '0.0', 3: '1.3572088082974538', 4: 324.0045688172041} 
{0: '0.5234375', 1: '0.0', 2: '0.0', 3: '1.3572088082974538', 4: 313.69856273915144} 
{0: '0.5246753246753246', 1: '0.0', 2: '0.0', 3: '1.2767837176518553', 4: 327.2987727748518} 
{0: '0.5259067357512953', 1: '0.0', 2: '0.0', 3: '1.2011244339814315', 4: 309.40197337971074} 
{0: '0.524547803617571', 1: '0.0', 2: '0.0', 3: '1.2011244339814315', 4: 312.11697736200375} 
{0: '0.5231958762886598', 1: '0.0', 2: '0.0', 3: '1.2011244339814315', 4: 307.60465062427954} 
{0: '0.5218508997429306', 1: '0.0', 2: '0.0', 3: '1.2011244339814315', 4: 309.3436392546817} 
{0: '0.5230769230769231', 1: '0.0', 2: '0.0', 3: '1.2767837176518553', 4: 322.8442370784928} 
{0: '0.5242966751918159', 1: '0.0', 2: '0.0', 3: '1.3572088082974538', 4: 310.68026476060857} 
{0: '0.5229591836734694', 1: '0.0', 2: '0.0', 3: '1.3572088082974538', 4: 323.0954527651617} 
{0: '0.5241730279898219', 1: '0.0', 2: '0.0', 3: '1.2767837176518553', 4: 312.3944337209246} 
{0: '0.5253807106598984', 1: '0.0', 2: '0.0', 3: '1.2011244339814315', 4: 332.4759742053098} 
{0: '0.5240506329113924', 1: '0.0', 2: '0.0', 3: '1.2011244339814315', 4: 316.59313365466153} 
{0: '0.5227272727272727', 1: '0.0', 2: '0.0', 3: '1.2011244339814315', 4: 308.7176188525537} 
{0: '0.5214105793450882', 1: '0.0', 2: '0.0', 3: '1.2011244339814315', 4: 307.10730952635714} 
{0: '0.5226130653266332', 1: '0.0', 2: '0.0', 3: '1.2767837176518553', 4: 307.4525907662495} 
{0: '0.5238095238095238', 1: '0.0', 2: '0.0', 3: '1.3572088082974538', 4: 310.1979552401523} 
{0: '0.5225', 1: '0.0', 2: '0.0', 3: '1.3572088082974538', 4: 319.3921031793874} 
{0: '0.5236907730673317', 1: '0.0', 2: '0.0', 3: '1.2767837176518553', 4: 308.8168918594779} 
{0: '0.5248756218905473', 1: '0.0', 2: '0.0', 3: '1.2011244339814315', 4: 307.57909181275744} 
{0: '0.5235732009925558', 1: '0.0', 2: '0.0', 3: '1.2011244339814315', 4: 324.0725647586148} 
{0: '0.5247524752475248', 1: '0.0', 2: '0.0', 3: '1.2767837176518553', 4: 313.6573081620773} 
{0: '0.5259259259259259', 1: '0.0', 2: '0.0', 3: '1.3572088082974538', 4: 327.62139131615453} 
{0: '0.5270935960591133', 1: '0.0', 2: '0.0', 3: '1.4426999059072143', 4: 325.00201031334905} 
{0: '0.5282555282555282', 1: '0.0', 2: '0.0', 3: '1.5335761201812925', 4: 313.14151149858395} 
{0: '0.5294117647058824', 1: '0.0', 2: '0.0', 3: '1.6301766616608926', 4: 319.48300692415336} 
{0: '0.530562347188264', 1: '0.0', 2: '0.0', 3: '1.7328621078878674', 4: 311.0807468620866} 
{0: '0.5317073170731708', 1: '0.0', 2: '0.0', 3: '1.842015749320195', 4: 321.8740748404592} 
{0: '0.5304136253041363', 1: '0.0', 2: '0.0', 3: '1.842015749320195', 4: 327.3546889504114} 
{0: '0.5315533980582524', 1: '0.0', 2: '0.0', 3: '1.7328621078878674', 4: 329.32517839033807} 
{0: '0.5326876513317191', 1: '0.0', 2: '0.0', 3: '1.6301766616608926', 4: 317.00104802027016} 
{0: '0.533816425120773', 1: '0.0', 2: '0.0', 3: '1.5335761201812925', 4: 338.83603440601917} 
{0: '0.5349397590361445', 1: '0.0', 2: '0.0', 3: '1.4426999059072143', 4: 319.6413867699077} 
{0: '0.5360576923076923', 1: '0.0', 2: '0.0', 3: '1.3572088082974538', 4: 317.29110982132465} 
{0: '0.5371702637889688', 1: '0.0', 2: '0.0', 3: '1.2767837176518553', 4: 309.80538138359935} 
{0: '0.5382775119617225', 1: '0.0', 2: '0.0', 3: '1.2011244339814315', 4: 312.9690291880696} 
{0: '0.5369928400954654', 1: '0.0', 2: '0.0', 3: '1.2011244339814315', 4: 327.20365360433163} 
{0: '0.5380952380952381', 1: '0.0', 2: '0.0', 3: '1.2767837176518553', 4: 308.10727666897355} 
{0: '0.5368171021377672', 1: '0.0', 2: '0.0', 3: '1.2767837176518553', 4: 320.2777219324079} 
{0: '0.5379146919431279', 1: '0.0', 2: '0.0', 3: '1.2011244339814315', 4: 326.31579489748367} 
{0: '0.5366430260047281', 1: '0.0', 2: '0.0', 3: '1.2011244339814315', 4: 322.3571931828214} 
{0: '0.5377358490566038', 1: '0.0', 2: '0.0', 3: '1.2767837176518553', 4: 331.09521711353443} 
{0: '0.5388235294117647', 1: '0.0', 2: '0.0', 3: '1.3572088082974538', 4: 313.236962274816} 
{0: '0.539906103286385', 1: '0.0', 2: '0.0', 3: '1.4426999059072143', 4: 315.8068481324719} 
{0: '0.5409836065573771', 1: '0.0', 2: '0.0', 3: '1.5335761201812925', 4: 314.26728238587106} 
{0: '0.5397196261682243', 1: '0.0', 2: '0.0', 3: '1.5335761201812925', 4: 318.3645308248107} 
{0: '0.5407925407925408', 1: '0.0', 2: '0.0', 3: '1.4426999059072143', 4: 313.3213350774886} 
{0: '0.541860465116279', 1: '0.0', 2: '0.0', 3: '1.3572088082974538', 4: 308.7011693616772} 
{0: '0.54292343387471', 1: '0.0', 2: '0.0', 3: '1.2767837176518553', 4: 308.7356247392139} 
{0: '0.5439814814814815', 1: '0.0', 2: '0.0', 3: '1.2011244339814315', 4: 319.58848735194465} 
{0: '0.5427251732101617', 1: '0.0', 2: '0.0', 3: '1.2011244339814315', 4: 307.7960453578056} 
{0: '0.543778801843318', 1: '0.0', 2: '0.0', 3: '1.2767837176518553', 4: 308.4820946853889} 
{0: '0.542528735632184', 1: '0.0', 2: '0.0', 3: '1.2767837176518553', 4: 322.7481837105607} 
{0: '0.5435779816513762', 1: '0.0', 2: '0.0', 3: '1.2011244339814315', 4: 306.3573425286704} 
{0: '0.5423340961098398', 1: '0.0', 2: '0.0', 3: '1.2011244339814315', 4: 308.5776739009376} 
{0: '0.54337899543379', 1: '0.0', 2: '0.0', 3: '1.2767837176518553', 4: 312.24033626100515} 
{0: '0.5421412300683371', 1: '0.0', 2: '0.0', 3: '1.2767837176518553', 4: 328.79631014434176} 
{0: '0.5431818181818182', 1: '0.0', 2: '0.0', 3: '1.2011244339814315', 4: 308.75834347463285} 
{0: '0.5419501133786848', 1: '0.0', 2: '0.0', 3: '1.2011244339814315', 4: 324.9457835537244} 
{0: '0.5429864253393665', 1: '0.0', 2: '0.0', 3: '1.2767837176518553', 4: 328.1702286063798} 
{0: '0.5440180586907449', 1: '0.0', 2: '0.0', 3: '1.3572088082974538', 4: 310.78210220961597} 
{0: '0.5427927927927928', 1: '0.0', 2: '0.0', 3: '1.3572088082974538', 4: 314.32470045350783} 
{0: '0.5438202247191011', 1: '0.0', 2: '0.0', 3: '1.2767837176518553', 4: 321.3540343977737} 
{0: '0.5448430493273543', 1: '0.0', 2: '0.0', 3: '1.2011244339814315', 4: 314.3814835632293} 
{0: '0.5436241610738255', 1: '0.0', 2: '0.0', 3: '1.2011244339814315', 4: 323.81871205939336} 
{0: '0.5424107142857143', 1: '0.0', 2: '0.0', 3: '1.2011244339814315', 4: 320.0892261577333} 
{0: '0.5412026726057907', 1: '0.0', 2: '0.0', 3: '1.2011244339814315', 4: 321.83676965710873} 
{0: '0.5422222222222223', 1: '0.0', 2: '0.0', 3: '1.2767837176518553', 4: 306.22999894836545} 
{0: '0.541019955654102', 1: '0.0', 2: '0.0', 3: '1.2767837176518553', 4: 328.21429285164163} 
{0: '0.5398230088495575', 1: '0.0', 2: '0.0', 3: '1.2767837176518553', 4: 321.7731333099439} 
{0: '0.5408388520971302', 1: '0.0', 2: '0.0', 3: '1.3572088082974538', 4: 322.1417077185412} 
{0: '0.5418502202643172', 1: '0.0', 2: '0.0', 3: '1.4426999059072143', 4: 320.6151702111553} 
{0: '0.5406593406593406', 1: '0.0', 2: '0.0', 3: '1.4426999059072143', 4: 329.9094309746915} 
{0: '0.5416666666666666', 1: '0.0', 2: '0.0', 3: '1.3572088082974538', 4: 310.73174520277416} 
{0: '0.5426695842450766', 1: '0.0', 2: '0.0', 3: '1.2767837176518553', 4: 310.836420314871} 
{0: '0.5436681222707423', 1: '0.0', 2: '0.0', 3: '1.2011244339814315', 4: 321.874494343271} 
{0: '0.5424836601307189', 1: '0.0', 2: '0.0', 3: '1.2011244339814315', 4: 327.71816661756196} 
{0: '0.5413043478260869', 1: '0.0', 2: '0.0', 3: '1.2011244339814315', 4: 322.80139860748636} 
{0: '0.5401301518438177', 1: '0.0', 2: '0.0', 3: '1.2011244339814315', 4: 330.2885878141015} 
{0: '0.5411255411255411', 1: '0.0', 2: '0.0', 3: '1.2767837176518553', 4: 314.7934625623282} 
{0: '0.5399568034557235', 1: '0.0', 2: '0.0', 3: '1.2767837176518553', 4: 322.4419942839768} 
{0: '0.540948275862069', 1: '0.0', 2: '0.0', 3: '1.2011244339814315', 4: 322.39133993686664} 
{0: '0.5397849462365591', 1: '0.0', 2: '0.0', 3: '1.2011244339814315', 4: 307.13990656171643} 
{0: '0.5386266094420601', 1: '0.0', 2: '0.0', 3: '1.2011244339814315', 4: 326.7944061147311} 
{0: '0.5374732334047109', 1: '0.0', 2: '0.0', 3: '1.2011244339814315', 4: 335.5035308054848} 
{0: '0.5384615384615384', 1: '0.0', 2: '0.0', 3: '1.2767837176518553', 4: 310.234131218188} 
{0: '0.5373134328358209', 1: '0.0', 2: '0.0', 3: '1.2767837176518553', 4: 327.32279186322495} 
{0: '0.5382978723404256', 1: '0.0', 2: '0.0', 3: '1.2011244339814315', 4: 323.63828906020177} 
{0: '0.5371549893842887', 1: '0.0', 2: '0.0', 3: '1.2011244339814315', 4: 310.7268054279992} 
{0: '0.5360169491525424', 1: '0.0', 2: '0.0', 3: '1.2011244339814315', 4: 310.82020682938787} 
{0: '0.5348837209302325', 1: '0.0', 2: '0.0', 3: '1.2011244339814315', 4: 311.7375203687848} 
{0: '0.5337552742616034', 1: '0.0', 2: '0.0', 3: '1.2011244339814315', 4: 326.4090862388167} 
{0: '0.5326315789473685', 1: '0.0', 2: '0.0', 3: '1.2011244339814315', 4: 304.58077144292423} 
{0: '0.5315126050420168', 1: '0.0', 2: '0.0', 3: '1.2011244339814315', 4: 336.8560599700218} 
{0: '0.5303983228511531', 1: '0.0', 2: '0.0', 3: '1.2011244339814315', 4: 309.524840045825} 
{0: '0.5292887029288703', 1: '0.0', 2: '0.0', 3: '1.2011244339814315', 4: 331.0410643436576} 
{0: '0.5281837160751566', 1: '0.0', 2: '0.0', 3: '1.2011244339814315', 4: 317.03943917190304} 
{0: '0.5270833333333333', 1: '0.0', 2: '0.0', 3: '1.2011244339814315', 4: 312.6146672004478} 
{0: '0.525987525987526', 1: '0.0', 2: '0.0', 3: '1.2011244339814315', 4: 319.0890423058871} 
{0: '0.5269709543568465', 1: '0.0', 2: '0.0', 3: '1.2767837176518553', 4: 306.09836452559045} 
{0: '0.525879917184265', 1: '0.0', 2: '0.0', 3: '1.2767837176518553', 4: 319.92062596615517} 
{0: '0.5268595041322314', 1: '0.0', 2: '0.0', 3: '1.2011244339814315', 4: 328.6569570621321} 
{0: '0.5257731958762887', 1: '0.0', 2: '0.0', 3: '1.2011244339814315', 4: 334.1973347470575} 
{0: '0.5267489711934157', 1: '0.0', 2: '0.0', 3: '1.2767837176518553', 4: 315.41430216861994} 
{0: '0.5277207392197125', 1: '0.0', 2: '0.0', 3: '1.3572088082974538', 4: 317.1749592234206} 
{0: '0.5286885245901639', 1: '0.0', 2: '0.0', 3: '1.4426999059072143', 4: 311.62610375261545} 
{0: '0.5296523517382413', 1: '0.0', 2: '0.0', 3: '1.5335761201812925', 4: 332.0485459719696} 
{0: '0.5306122448979592', 1: '0.0', 2: '0.0', 3: '1.6301766616608926', 4: 309.6149846212343} 
{0: '0.5295315682281059', 1: '0.0', 2: '0.0', 3: '1.6301766616608926', 4: 323.1792065097332} 
{0: '0.5304878048780488', 1: '0.0', 2: '0.0', 3: '1.5335761201812925', 4: 313.93332500486576} 
{0: '0.5314401622718052', 1: '0.0', 2: '0.0', 3: '1.4426999059072143', 4: 309.51716808535986} 
{0: '0.5323886639676113', 1: '0.0', 2: '0.0', 3: '1.3572088082974538', 4: 309.2179278265266} 
{0: '0.5333333333333333', 1: '0.0', 2: '0.0', 3: '1.2767837176518553', 4: 322.84727343270595} 
{0: '0.5342741935483871', 1: '0.0', 2: '0.0', 3: '1.2011244339814315', 4: 306.4960790547884} 
{0: '0.5331991951710262', 1: '0.0', 2: '0.0', 3: '1.2011244339814315', 4: 314.22381311590465} 
{0: '0.5341365461847389', 1: '0.0', 2: '0.0', 3: '1.2767837176518553', 4: 314.33707000438284} 
{0: '0.533066132264529', 1: '0.0', 2: '0.0', 3: '1.2767837176518553', 4: 323.3041842091187} 
