{'STAT2HEADER': 'STAT2HEADER', 'STAT2HEADER_ENVIRON': 'environ({\'OMPI_MCA_pmix\': \'^s1,s2,cray,isolated\', \'PMIX_MCA_mca_base_component_show_load_errors\': \'1\', \'OMPI_COMMAND\': \'python3\', \'OMPI_ARGV\': \'static_snapshot.py 2 1min\', \'OMPI_MCA_orte_precondition_transports\': \'29878c48a46c2b69-408ef20c0275af98\', \'LD_LIBRARY_PATH\': \'/salilab/diva1/programs/x86_64linux/numpy-py36-1.19.5/lib:/salilab/diva1/home/libs/x86_64/centos8:/salilab/diva1/home/libs/x86_64:/salilab/diva1/home/imp/main/20240607-af6f9d6a95/lib/release8:/salilab/diva1/programs/x86_64linux/opencv-4.3.0/lib64/rhel:/salilab/diva1/programs/x86_64linux/opencv-4.3.0/lib64:/salilab/diva1/programs/x86_64linux/hdf5-1.10.7/lib:/salilab/diva1/programs/x86_64linux/libtau-py27-1.0.1/lib64:/salilab/diva1/programs/x86_64linux/boost-1.73.0/lib64:/usr/lib64/openmpi/lib:/wynton/group/sali/miha_rozic/Software/imp-develop/build/lib::\', \'IMP_TMP_DIR\': \'/wynton/group/sali/miha_rozic/Software/imp-develop/build/tmp\', \'PE_HOSTFILE\': \'/var/spool/sge/wynton/qb3-id329/active_jobs/708608.1/pe_hostfile\', \'__LMOD_REF_COUNT_PATH\': \'/salilab/diva1/programs/x86_64linux/numpy-py36-1.19.5/bin:1;/salilab/diva1/home/imp/main/20240607-af6f9d6a95/bin/release8:1;/salilab/diva1/programs/x86_64linux/opencv-4.3.0/bin:1;/salilab/diva1/programs/x86_64linux/hdf5-1.10.7/bin:1;/usr/lib64/openmpi/bin:1;/wynton/home/sali/rozicmiha/.local/bin:1;/wynton/home/sali/rozicmiha/bin:1;/wynton/group/sali/miha_rozic/Software/imp-develop/build/bin:1;/wynton/group/sali/miha_rozic/Software/imp-develop/build/module_bin/EMageFit:1;/wynton/group/sali/miha_rozic/Software/imp-develop/build/module_bin/algebra:1;/wynton/group/sali/miha_rozic/Software/imp-develop/build/module_bin/atom:1;/wynton/group/sali/miha_rozic/Software/imp-develop/build/module_bin/benchmark:1;/wynton/group/sali/miha_rozic/Software/imp-develop/build/module_bin/cgal:1;/wynton/group/sali/miha_rozic/Software/imp-develop/build/module_bin/cnmultifit:1;/wynton/group/sali/miha_rozic/Software/imp-develop/build/module_bin/container:1;/wynton/group/sali/miha_rozic/Software/imp-develop/build/module_bin/core:1;/wynton/group/sali/miha_rozic/Software/imp-develop/build/module_bin/display:1;/wynton/group/sali/miha_rozic/Software/imp-develop/build/module_bin/domino:1;/wynton/group/sali/miha_rozic/Software/imp-develop/build/module_bin/em:1;/wynton/group/sali/miha_rozic/Software/imp-develop/build/module_bin/em2d:1;/wynton/group/sali/miha_rozic/Software/imp-develop/build/module_bin/example:1;/wynton/group/sali/miha_rozic/Software/imp-develop/build/module_bin/foxs:1;/wynton/group/sali/miha_rozic/Software/imp-develop/build/module_bin/gsl:1;/wynton/group/sali/miha_rozic/Software/imp-develop/build/module_bin/integrative_docking:1;/wynton/group/sali/miha_rozic/Software/imp-develop/build/module_bin/isd:1;/wynton/group/sali/miha_rozic/Software/imp-develop/build/module_bin/kernel:1;/wynton/group/sali/miha_rozic/Software/imp-develop/build/module_bin/kinematics:1;/wynton/group/sali/miha_rozic/Software/imp-develop/build/module_bin/kmeans:1;/wynton/group/sali/miha_rozic/Software/imp-develop/build/module_bin/misc:1;/wynton/group/sali/miha_rozic/Software/imp-develop/build/module_bin/mmcif:1;/wynton/group/sali/miha_rozic/Software/imp-develop/build/module_bin/modeller:1;/wynton/group/sali/miha_rozic/Software/imp-develop/build/module_bin/mpi:1;/wynton/group/sali/miha_rozic/Software/imp-develop/build/module_bin/multi_state:1;/wynton/group/sali/miha_rozic/Software/imp-develop/build/module_bin/multifit:1;/wynton/group/sali/miha_rozic/Software/imp-develop/build/module_bin/npc:1;/wynton/group/sali/miha_rozic/Software/imp-develop/build/module_bin/npcassembly:1;/wynton/group/sali/miha_rozic/Software/imp-develop/build/module_bin/parallel:1;/wynton/group/sali/miha_rozic/Software/imp-develop/build/module_bin/pepdock:1;/wynton/group/sali/miha_rozic/Software/imp-develop/build/module_bin/pmi:1;/wynton/group/sali/miha_rozic/Software/imp-develop/build/module_bin/rmf:1;/wynton/group/sali/miha_rozic/Software/imp-develop/build/module_bin/rotamer:1;/wynton/group/sali/miha_rozic/Software/imp-develop/build/module_bin/saxs:1;/wynton/group/sali/miha_rozic/Software/imp-develop/build/module_bin/saxs_merge:1;/wynton/group/sali/miha_rozic/Software/imp-develop/build/module_bin/score_functor:1;/wynton/group/sali/miha_rozic/Software/imp-develop/build/module_bin/scratch:1;/wynton/group/sali/miha_rozic/Software/imp-develop/build/module_bin/spb:1;/wynton/group/sali/miha_rozic/Software/imp-develop/build/module_bin/statistics:1;/wynton/group/sali/miha_rozic/Software/imp-develop/build/module_bin/symmetry:1;/wynton/group/sali/miha_rozic/Software/imp-develop/build/module_bin/test:1;/opt/sge/bin:1;/opt/sge/bin/lx-amd64:1;/scratch/708608.1.member.q:1;/usr/local/bin:1;/bin:1;/usr/bin:1;/usr/local/sbin:1;/usr/sbin:1\', \'_ModuleTable002_\': \'fSwKc3RhY2tEZXB0aCA9IDEsCnN0YXR1cyA9ICJhY3RpdmUiLAp1c2VyTmFtZSA9ICJib29zdC8xLjczLjAiLAp3ViA9ICIwMDAwMDAwMDEuMDAwMDAwMDczLip6ZmluYWwiLAp9LApoZGY1ID0gewpmbiA9ICIvc2FsaWxhYi9kaXZhMS9ob21lL21vZHVsZXMvaGRmNS8xLjEwLjciLApmdWxsTmFtZSA9ICJoZGY1LzEuMTAuNyIsCmxvYWRPcmRlciA9IDUsCnByb3BUID0ge30sCnN0YWNrRGVwdGggPSAyLApzdGF0dXMgPSAiYWN0aXZlIiwKdXNlck5hbWUgPSAiaGRmNS8xLjEwLjciLAp3ViA9ICIwMDAwMDAwMDEuMDAwMDAwMDEwLjAwMDAwMDAwNy4qemZpbmFsIiwKfSwKaW1wID0gewpmbiA9ICIvc2FsaWxhYi9kaXZhMS9ob21lL21vZHVsZXMvaW1wLzIuMjEuMCIsCmZ1bGxO\', \'IMP_DIR\': \'/salilab/diva1/home/imp/main/20240607-af6f9d6a95/lib/release8/cmake/IMP\', \'QUEUE\': \'member.q\', \'GOTO_NUM_THREADS\': \'1\', \'MPI_PYTHON3_SITEARCH\': \'/usr/lib64/python3.6/site-packages/openmpi\', \'LANG\': \'en_US.UTF-8\', \'HISTCONTROL\': \'ignoredups\', \'_ModuleTable008_\': \'cyIsCmZ1bGxOYW1lID0gInNhbGktbGlicmFyaWVzIiwKbG9hZE9yZGVyID0gOCwKcHJvcFQgPSB7fSwKc3RhY2tEZXB0aCA9IDEsCnN0YXR1cyA9ICJhY3RpdmUiLAp1c2VyTmFtZSA9ICJzYWxpLWxpYnJhcmllcyIsCndWID0gIk0uKnpmaW5hbCIsCn0sCn0sCm1wYXRoQSA9IHsKIi9zYWxpbGFiL2RpdmExL2hvbWUvbW9kdWxlcyIsICIvZXRjL21vZHVsZWZpbGVzIiwgIi91c3Ivc2hhcmUvbW9kdWxlZmlsZXMiCiwgIi91c3Ivc2hhcmUvbW9kdWxlZmlsZXMvTGludXgiLCAiL3Vzci9zaGFyZS9tb2R1bGVmaWxlcy9Db3JlIiwgIi91c3Ivc2hhcmUvbG1vZC9sbW9kL21vZHVsZWZpbGVzL0NvcmUiLAp9LApzeXN0ZW1CYXNlTVBBVEggPSAiL2V0Yy9tb2R1bGVmaWxlczovdXNy\', \'SGE_O_HOST\': \'dev1\', \'HOSTNAME\': \'qb3-id329.wynton.ucsf.edu\', \'OPENBLAS_NUM_THREADS\': \'1\', \'__LMOD_REF_COUNT_CMAKE_INCLUDE_PATH\': \'/salilab/diva1/programs/x86_64linux/opencv-4.3.0/include/opencv4:1;/salilab/diva1/programs/x86_64linux/hdf5-1.10.7/include:1;/salilab/diva1/programs/x86_64linux/libtau-py27-1.0.1/include:1;/salilab/diva1/programs/x86_64linux/boost-1.73.0/include:1\', \'SGE_RSH_COMMAND\': \'builtin\', \'ENVIRONMENT\': \'BATCH\', \'IMP_DATA\': \'/wynton/group/sali/miha_rozic/Software/imp-develop/build/data\', \'REQUEST\': \'test1\', \'SGE_STDIN_PATH\': \'/dev/null\', \'SGE_CELL\': \'wynton\', \'_ModuleTable007_\': \'MjEuMyIsCndWID0gIjAwMDAwMDAwMC4wMDAwMDAwMjEuMDAwMDAwMDAzLip6ZmluYWwiLAp9LApbInB5dGhvbjMvc2NpcHkiXSA9IHsKZm4gPSAiL3NhbGlsYWIvZGl2YTEvaG9tZS9tb2R1bGVzL3B5dGhvbjMvc2NpcHkvMS4zLjIiLApmdWxsTmFtZSA9ICJweXRob24zL3NjaXB5LzEuMy4yIiwKbG9hZE9yZGVyID0gMTAsCnByb3BUID0ge30sCnN0YWNrRGVwdGggPSAxLApzdGF0dXMgPSAiYWN0aXZlIiwKdXNlck5hbWUgPSAicHl0aG9uMy9zY2lweS8xLjMuMiIsCndWID0gIjAwMDAwMDAwMS4wMDAwMDAwMDMuMDAwMDAwMDAyLip6ZmluYWwiLAp9LApbInNhbGktbGlicmFyaWVzIl0gPSB7CmZuID0gIi9zYWxpbGFiL2RpdmExL2hvbWUvbW9kdWxlcy9zYWxpLWxpYnJhcmll\', \'CMAKE_INCLUDE_PATH\': \'/salilab/diva1/programs/x86_64linux/opencv-4.3.0/include/opencv4:/salilab/diva1/programs/x86_64linux/hdf5-1.10.7/include:/salilab/diva1/programs/x86_64linux/libtau-py27-1.0.1/include:/salilab/diva1/programs/x86_64linux/boost-1.73.0/include\', \'__LMOD_REF_COUNT_LD_LIBRARY_PATH\': \'/salilab/diva1/programs/x86_64linux/numpy-py36-1.19.5/lib:1;/salilab/diva1/home/libs/x86_64/centos8:1;/salilab/diva1/home/libs/x86_64:1;/salilab/diva1/home/imp/main/20240607-af6f9d6a95/lib/release8:1;/salilab/diva1/programs/x86_64linux/opencv-4.3.0/lib64/rhel:1;/salilab/diva1/programs/x86_64linux/opencv-4.3.0/lib64:1;/salilab/diva1/programs/x86_64linux/hdf5-1.10.7/lib:1;/salilab/diva1/programs/x86_64linux/libtau-py27-1.0.1/lib64:1;/salilab/diva1/programs/x86_64linux/boost-1.73.0/lib64:1;/usr/lib64/openmpi/lib:1;/wynton/group/sali/miha_rozic/Software/imp-develop/build/lib:2;:1\', \'__LMOD_REF_COUNT_PKG_CONFIG_PATH\': \'/usr/lib64/openmpi/lib/pkgconfig:1\', \'_ModuleTable004_\': \'aGFyZS9tb2R1bGVmaWxlcy9tcGkvb3Blbm1waS14ODZfNjQiLApmdWxsTmFtZSA9ICJtcGkvb3Blbm1waS14ODZfNjQiLApsb2FkT3JkZXIgPSAyLApwcm9wVCA9IHt9LApzdGFja0RlcHRoID0gMCwKc3RhdHVzID0gImFjdGl2ZSIsCnVzZXJOYW1lID0gIm1waS9vcGVubXBpLXg4Nl82NCIsCndWID0gIipvcGVubXBpLip4LjAwMDAwMDA4Ni4qXy4wMDAwMDAwNjQuKnpmaW5hbCIsCn0sCm9wZW5jdiA9IHsKZm4gPSAiL3NhbGlsYWIvZGl2YTEvaG9tZS9tb2R1bGVzL29wZW5jdi80LjMuMCIsCmZ1bGxOYW1lID0gIm9wZW5jdi80LjMuMCIsCmxvYWRPcmRlciA9IDYsCnByb3BUID0ge30sCnN0YWNrRGVwdGggPSAxLApzdGF0dXMgPSAiYWN0aXZlIiwKdXNlck5hbWUgPSAib3Bl\', \'__LMOD_REF_COUNT_PYTHONPATH\': \'/salilab/diva1/programs/x86_64linux/scikit-py36-0.21.3/lib64/python3.6/site-packages:1;/salilab/diva1/programs/linux/joblib-0.17.0/lib/python3.6/site-packages:1;/salilab/diva1/programs/x86_64linux/scipy-py36-1.3.2/lib64/python3.6/site-packages:1;/salilab/diva1/programs/x86_64linux/numpy-py36-1.19.5/lib64/python3.6/site-packages:1;/salilab/diva1/home/imp/main/20240607-af6f9d6a95/lib/release8:1;/salilab/diva1/programs/x86_64linux/opencv-4.3.0/lib/python3.6/site-packages:1;/wynton/group/sali/miha_rozic/Software/imp-develop/build/lib:2;:1\', \'which_declare\': \'declare -f\', \'NHOSTS\': \'1\', \'SGE_O_WORKDIR\': \'/wynton/group/sali/miha_rozic/Input_information/SNAPSHOTS/central_directory/snapshot2_1min/run39\', \'USER\': \'rozicmiha\', \'SGE_TASK_ID\': \'undefined\', \'__LMOD_REF_COUNT_CMAKE_LIBRARY_PATH\': \'/salilab/diva1/programs/x86_64linux/opencv-4.3.0/lib64:1;/salilab/diva1/programs/x86_64linux/hdf5-1.10.7/lib:1;/salilab/diva1/programs/x86_64linux/libtau-py27-1.0.1/lib64:1;/salilab/diva1/programs/x86_64linux/boost-1.73.0/lib64:1\', \'SGE_TASK_FIRST\': \'undefined\', \'NSLOTS\': \'16\', \'__LMOD_REF_COUNT_MODULEPATH\': \'/salilab/diva1/home/modules:1;/etc/modulefiles:1;/usr/share/modulefiles:1;/usr/share/modulefiles/Linux:1;/usr/share/modulefiles/Core:1;/usr/share/lmod/lmod/modulefiles/Core:1\', \'PWD\': \'/wynton/group/sali/miha_rozic/Input_information/SNAPSHOTS/central_directory/snapshot2_1min/run39\', \'HOME\': \'/wynton/home/sali/rozicmiha\', \'NQUEUES\': \'1\', \'TMP\': \'/scratch/708608.1.member.q\', \'PE\': \'smp\', \'SGE_O_HOME\': \'/wynton/home/sali/rozicmiha\', \'LMOD_VERSION\': \'8.7.32\', \'JOB_NAME\': \'test1\', \'BASH_ENV\': \'/usr/share/lmod/lmod/init/bash\', \'MPI_FORTRAN_MOD_DIR\': \'/usr/lib64/gfortran/modules/openmpi\', \'SGE_TASK_LAST\': \'undefined\', \'MKL_NUM_THREADS\': \'1\', \'MPI_COMPILER\': \'openmpi-x86_64\', \'SGE_ACCOUNT\': \'sge\', \'SGE_ROOT\': \'/opt/sge\', \'MPI_SUFFIX\': \'_openmpi\', \'TMPDIR\': \'/scratch/708608.1.member.q\', \'RESTARTED\': \'0\', \'LMOD_sys\': \'Linux\', \'_ModuleTable001_\': \'X01vZHVsZVRhYmxlXyA9IHsKTVR2ZXJzaW9uID0gMywKY19yZWJ1aWxkVGltZSA9IGZhbHNlLApjX3Nob3J0VGltZSA9IGZhbHNlLApkZXB0aFQgPSB7fSwKZmFtaWx5ID0ge30sCm1UID0gewpTYWxpID0gewpmbiA9ICIvZXRjL21vZHVsZWZpbGVzL1NhbGkubHVhIiwKZnVsbE5hbWUgPSAiU2FsaSIsCmxvYWRPcmRlciA9IDEsCnByb3BUID0ge30sCnN0YWNrRGVwdGggPSAwLApzdGF0dXMgPSAiYWN0aXZlIiwKdXNlck5hbWUgPSAiU2FsaSIsCndWID0gIk0uKnpmaW5hbCIsCn0sCmJvb3N0ID0gewpmbiA9ICIvc2FsaWxhYi9kaXZhMS9ob21lL21vZHVsZXMvYm9vc3QvMS43My4wIiwKZnVsbE5hbWUgPSAiYm9vc3QvMS43My4wIiwKbG9hZE9yZGVyID0gMywKcHJvcFQgPSB7\', \'LOADEDMODULES\': \'Sali:mpi/openmpi-x86_64:boost/1.73.0:libtau/1.0.1:hdf5/1.10.7:opencv/4.3.0:imp/2.21.0:sali-libraries:python3/numpy/1.19.5:python3/scipy/1.3.2:python3/joblib/0.17.0:python3/scikit/0.21.3\', \'SGE_O_PATH\': \'/salilab/diva1/programs/x86_64linux/numpy-py36-1.19.5/bin:/salilab/diva1/home/imp/main/20240607-af6f9d6a95/bin/release8:/salilab/diva1/programs/x86_64linux/opencv-4.3.0/bin:/salilab/diva1/programs/x86_64linux/hdf5-1.10.7/bin:/wynton/home/sali/rozicmiha/.local/bin:/wynton/home/sali/rozicmiha/bin:/wynton/group/sali/miha_rozic/Software/imp-develop/build/bin:/wynton/group/sali/miha_rozic/Software/imp-develop/build/module_bin/EMageFit:/wynton/group/sali/miha_rozic/Software/imp-develop/build/module_bin/algebra:/wynton/group/sali/miha_rozic/Software/imp-develop/build/module_bin/atom:/wynton/group/sali/miha_rozic/Software/imp-develop/build/module_bin/benchmark:/wynton/group/sali/miha_rozic/Software/imp-develop/build/module_bin/cgal:/wynton/group/sali/miha_rozic/Software/imp-develop/build/module_bin/cnmultifit:/wynton/group/sali/miha_rozic/Software/imp-develop/build/module_bin/container:/wynton/group/sali/miha_rozic/Software/imp-develop/build/module_bin/core:/wynton/group/sali/miha_rozic/Software/imp-develop/build/module_bin/display:/wynton/group/sali/miha_rozic/Software/imp-develop/build/module_bin/domino:/wynton/group/sali/miha_rozic/Software/imp-develop/build/module_bin/em:/wynton/group/sali/miha_rozic/Software/imp-develop/build/module_bin/em2d:/wynton/group/sali/miha_rozic/Software/imp-develop/build/module_bin/example:/wynton/group/sali/miha_rozic/Software/imp-develop/build/module_bin/foxs:/wynton/group/sali/miha_rozic/Software/imp-develop/build/module_bin/gsl:/wynton/group/sali/miha_rozic/Software/imp-develop/build/module_bin/integrative_docking:/wynton/group/sali/miha_rozic/Software/imp-develop/build/module_bin/isd:/wynton/group/sali/miha_rozic/Software/imp-develop/build/module_bin/kernel:/wynton/group/sali/miha_rozic/Software/imp-develop/build/module_bin/kinematics:/wynton/group/sali/miha_rozic/Software/imp-develop/build/module_bin/kmeans:/wynton/group/sali/miha_rozic/Software/imp-develop/build/module_bin/misc:/wynton/group/sali/miha_rozic/Software/imp-develop/build/module_bin/mmcif:/wynton/group/sali/miha_rozic/Software/imp-develop/build/module_bin/modeller:/wynton/group/sali/miha_rozic/Software/imp-develop/build/module_bin/mpi:/wynton/group/sali/miha_rozic/Software/imp-develop/build/module_bin/multi_state:/wynton/group/sali/miha_rozic/Software/imp-develop/build/module_bin/multifit:/wynton/group/sali/miha_rozic/Software/imp-develop/build/module_bin/npc:/wynton/group/sali/miha_rozic/Software/imp-develop/build/module_bin/npcassembly:/wynton/group/sali/miha_rozic/Software/imp-develop/build/module_bin/parallel:/wynton/group/sali/miha_rozic/Software/imp-develop/build/module_bin/pepdock:/wynton/group/sali/miha_rozic/Software/imp-develop/build/module_bin/pmi:/wynton/group/sali/miha_rozic/Software/imp-develop/build/module_bin/rmf:/wynton/group/sali/miha_rozic/Software/imp-develop/build/module_bin/rotamer:/wynton/group/sali/miha_rozic/Software/imp-develop/build/module_bin/saxs:/wynton/group/sali/miha_rozic/Software/imp-develop/build/module_bin/saxs_merge:/wynton/group/sali/miha_rozic/Software/imp-develop/build/module_bin/score_functor:/wynton/group/sali/miha_rozic/Software/imp-develop/build/module_bin/scratch:/wynton/group/sali/miha_rozic/Software/imp-develop/build/module_bin/spb:/wynton/group/sali/miha_rozic/Software/imp-develop/build/module_bin/statistics:/wynton/group/sali/miha_rozic/Software/imp-develop/build/module_bin/symmetry:/wynton/group/sali/miha_rozic/Software/imp-develop/build/module_bin/test:/opt/sge/bin:/opt/sge/bin/lx-amd64:/usr/local/bin:/usr/bin:/usr/local/sbin:/usr/sbin\', \'SGE_O_SHELL\': \'/bin/bash\', \'_ModuleTable006_\': \'bWUgPSAicHl0aG9uMy9udW1weS8xLjE5LjUiLApsb2FkT3JkZXIgPSA5LApwcm9wVCA9IHt9LApzdGFja0RlcHRoID0gMiwKc3RhdHVzID0gImFjdGl2ZSIsCnVzZXJOYW1lID0gInB5dGhvbjMvbnVtcHkvMS4xOS41IiwKd1YgPSAiMDAwMDAwMDAxLjAwMDAwMDAxOS4wMDAwMDAwMDUuKnpmaW5hbCIsCn0sClsicHl0aG9uMy9zY2lraXQiXSA9IHsKZm4gPSAiL3NhbGlsYWIvZGl2YTEvaG9tZS9tb2R1bGVzL3B5dGhvbjMvc2Npa2l0LzAuMjEuMyIsCmZ1bGxOYW1lID0gInB5dGhvbjMvc2Npa2l0LzAuMjEuMyIsCmxvYWRPcmRlciA9IDEyLApwcm9wVCA9IHt9LApzdGFja0RlcHRoID0gMCwKc3RhdHVzID0gImFjdGl2ZSIsCnVzZXJOYW1lID0gInB5dGhvbjMvc2Npa2l0LzAu\', \'__LMOD_REF_COUNT_MANPATH\': \':2;/usr/share/man/openmpi-x86_64:1;/opt/sge/man:1;/usr/share/lmod/lmod/share/man:1\', \'MPI_INCLUDE\': \'/usr/include/openmpi-x86_64\', \'_ModuleTable003_\': \'YW1lID0gImltcC8yLjIxLjAiLApsb2FkT3JkZXIgPSA3LApwcm9wVCA9IHt9LApzdGFja0RlcHRoID0gMCwKc3RhdHVzID0gImFjdGl2ZSIsCnVzZXJOYW1lID0gImltcCIsCndWID0gIl4wMDAwMDAwMi4wMDAwMDAwMjEuKnpmaW5hbCIsCn0sCmxpYnRhdSA9IHsKZm4gPSAiL3NhbGlsYWIvZGl2YTEvaG9tZS9tb2R1bGVzL2xpYnRhdS8xLjAuMSIsCmZ1bGxOYW1lID0gImxpYnRhdS8xLjAuMSIsCmxvYWRPcmRlciA9IDQsCnByb3BUID0ge30sCnN0YWNrRGVwdGggPSAxLApzdGF0dXMgPSAiYWN0aXZlIiwKdXNlck5hbWUgPSAibGlidGF1LzEuMC4xIiwKd1YgPSAiMDAwMDAwMDAxLjAwMDAwMDAwMC4wMDAwMDAwMDEuKnpmaW5hbCIsCn0sCm1waSA9IHsKZm4gPSAiL3Vzci9z\', \'LMOD_ROOT\': \'/usr/share/lmod\', \'SYSTEMCTL_SKIP_REDIRECT\': \'\', \'MAIL\': \'/var/spool/mail/rozicmiha\', \'SGE_CWD_PATH\': \'/wynton/group/sali/miha_rozic/Input_information/SNAPSHOTS/central_directory/snapshot2_1min/run39\', \'MPI_HOME\': \'/usr/lib64/openmpi\', \'_ModuleTable009_\': \'L3NoYXJlL21vZHVsZWZpbGVzOi91c3Ivc2hhcmUvbW9kdWxlZmlsZXMvTGludXg6L3Vzci9zaGFyZS9tb2R1bGVmaWxlcy9Db3JlOi91c3Ivc2hhcmUvbG1vZC9sbW9kL21vZHVsZWZpbGVzL0NvcmUiLAp9Cg==\', \'SGE_TASK_STEPSIZE\': \'undefined\', \'SHELL\': \'/bin/bash\', \'TERM\': \'\', \'_ModuleTable_Sz_\': \'9\', \'SGE_JOB_SPOOL_DIR\': \'/var/spool/sge/wynton/qb3-id329/active_jobs/708608.1\', \'JOB_ID\': \'708608\', \'IMP_EXAMPLE_DATA\': \'/wynton/group/sali/miha_rozic/Software/imp-develop/build/doc/examples\', \'R_FUTURE_AVAILABLECORES_FALLBACK\': \'1\', \'JOB_SCRIPT\': \'/var/spool/sge/wynton/qb3-id329/job_scripts/708608\', \'SHLVL\': \'2\', \'SGE_O_LOGNAME\': \'rozicmiha\', \'SGE_O_MAIL\': \'/var/spool/mail/rozicmiha\', \'PYTHONPATH\': \'/salilab/diva1/programs/x86_64linux/scikit-py36-0.21.3/lib64/python3.6/site-packages:/salilab/diva1/programs/linux/joblib-0.17.0/lib/python3.6/site-packages:/salilab/diva1/programs/x86_64linux/scipy-py36-1.3.2/lib64/python3.6/site-packages:/salilab/diva1/programs/x86_64linux/numpy-py36-1.19.5/lib64/python3.6/site-packages:/salilab/diva1/home/imp/main/20240607-af6f9d6a95/lib/release8:/salilab/diva1/programs/x86_64linux/opencv-4.3.0/lib/python3.6/site-packages:/wynton/group/sali/miha_rozic/Software/imp-develop/build/lib::\', \'MANPATH\': \':/usr/share/man/openmpi-x86_64:/opt/sge/man:/usr/share/lmod/lmod/share/man\', \'MODULEPATH\': \'/salilab/diva1/home/modules:/etc/modulefiles:/usr/share/modulefiles:/usr/share/modulefiles/Linux:/usr/share/modulefiles/Core:/usr/share/lmod/lmod/modulefiles/Core\', \'MPI_SYSCONFIG\': \'/etc/openmpi-x86_64\', \'LOGNAME\': \'rozicmiha\', \'SYSTEMCTL_IGNORE_DEPENDENCIES\': \'\', \'MODULEPATH_ROOT\': \'/usr/share/modulefiles\', \'PATH\': \'/salilab/diva1/programs/x86_64linux/numpy-py36-1.19.5/bin:/salilab/diva1/home/imp/main/20240607-af6f9d6a95/bin/release8:/salilab/diva1/programs/x86_64linux/opencv-4.3.0/bin:/salilab/diva1/programs/x86_64linux/hdf5-1.10.7/bin:/usr/lib64/openmpi/bin:/wynton/home/sali/rozicmiha/.local/bin:/wynton/home/sali/rozicmiha/bin:/wynton/group/sali/miha_rozic/Software/imp-develop/build/bin:/wynton/group/sali/miha_rozic/Software/imp-develop/build/module_bin/EMageFit:/wynton/group/sali/miha_rozic/Software/imp-develop/build/module_bin/algebra:/wynton/group/sali/miha_rozic/Software/imp-develop/build/module_bin/atom:/wynton/group/sali/miha_rozic/Software/imp-develop/build/module_bin/benchmark:/wynton/group/sali/miha_rozic/Software/imp-develop/build/module_bin/cgal:/wynton/group/sali/miha_rozic/Software/imp-develop/build/module_bin/cnmultifit:/wynton/group/sali/miha_rozic/Software/imp-develop/build/module_bin/container:/wynton/group/sali/miha_rozic/Software/imp-develop/build/module_bin/core:/wynton/group/sali/miha_rozic/Software/imp-develop/build/module_bin/display:/wynton/group/sali/miha_rozic/Software/imp-develop/build/module_bin/domino:/wynton/group/sali/miha_rozic/Software/imp-develop/build/module_bin/em:/wynton/group/sali/miha_rozic/Software/imp-develop/build/module_bin/em2d:/wynton/group/sali/miha_rozic/Software/imp-develop/build/module_bin/example:/wynton/group/sali/miha_rozic/Software/imp-develop/build/module_bin/foxs:/wynton/group/sali/miha_rozic/Software/imp-develop/build/module_bin/gsl:/wynton/group/sali/miha_rozic/Software/imp-develop/build/module_bin/integrative_docking:/wynton/group/sali/miha_rozic/Software/imp-develop/build/module_bin/isd:/wynton/group/sali/miha_rozic/Software/imp-develop/build/module_bin/kernel:/wynton/group/sali/miha_rozic/Software/imp-develop/build/module_bin/kinematics:/wynton/group/sali/miha_rozic/Software/imp-develop/build/module_bin/kmeans:/wynton/group/sali/miha_rozic/Software/imp-develop/build/module_bin/misc:/wynton/group/sali/miha_rozic/Software/imp-develop/build/module_bin/mmcif:/wynton/group/sali/miha_rozic/Software/imp-develop/build/module_bin/modeller:/wynton/group/sali/miha_rozic/Software/imp-develop/build/module_bin/mpi:/wynton/group/sali/miha_rozic/Software/imp-develop/build/module_bin/multi_state:/wynton/group/sali/miha_rozic/Software/imp-develop/build/module_bin/multifit:/wynton/group/sali/miha_rozic/Software/imp-develop/build/module_bin/npc:/wynton/group/sali/miha_rozic/Software/imp-develop/build/module_bin/npcassembly:/wynton/group/sali/miha_rozic/Software/imp-develop/build/module_bin/parallel:/wynton/group/sali/miha_rozic/Software/imp-develop/build/module_bin/pepdock:/wynton/group/sali/miha_rozic/Software/imp-develop/build/module_bin/pmi:/wynton/group/sali/miha_rozic/Software/imp-develop/build/module_bin/rmf:/wynton/group/sali/miha_rozic/Software/imp-develop/build/module_bin/rotamer:/wynton/group/sali/miha_rozic/Software/imp-develop/build/module_bin/saxs:/wynton/group/sali/miha_rozic/Software/imp-develop/build/module_bin/saxs_merge:/wynton/group/sali/miha_rozic/Software/imp-develop/build/module_bin/score_functor:/wynton/group/sali/miha_rozic/Software/imp-develop/build/module_bin/scratch:/wynton/group/sali/miha_rozic/Software/imp-develop/build/module_bin/spb:/wynton/group/sali/miha_rozic/Software/imp-develop/build/module_bin/statistics:/wynton/group/sali/miha_rozic/Software/imp-develop/build/module_bin/symmetry:/wynton/group/sali/miha_rozic/Software/imp-develop/build/module_bin/test:/opt/sge/bin:/opt/sge/bin/lx-amd64:/scratch/708608.1.member.q:/usr/local/bin:/bin:/usr/bin:/usr/local/sbin:/usr/sbin\', \'MPI_BIN\': \'/usr/lib64/openmpi/bin\', \'SGE_STDERR_PATH\': \'/wynton/group/sali/miha_rozic/Input_information/SNAPSHOTS/central_directory/snapshot2_1min/run39/test1.o708608\', \'_LMFILES_\': \'/etc/modulefiles/Sali.lua:/usr/share/modulefiles/mpi/openmpi-x86_64:/salilab/diva1/home/modules/boost/1.73.0:/salilab/diva1/home/modules/libtau/1.0.1:/salilab/diva1/home/modules/hdf5/1.10.7:/salilab/diva1/home/modules/opencv/4.3.0:/salilab/diva1/home/modules/imp/2.21.0:/salilab/diva1/home/modules/sali-libraries:/salilab/diva1/home/modules/python3/numpy/1.19.5:/salilab/diva1/home/modules/python3/scipy/1.3.2:/salilab/diva1/home/modules/python3/joblib/0.17.0:/salilab/diva1/home/modules/python3/scikit/0.21.3\', \'DEBUGINFOD_URLS\': \'https://debuginfod.centos.org/ \', \'MODULESHOME\': \'/usr/share/lmod/lmod\', \'PKG_CONFIG_PATH\': \'/usr/lib64/openmpi/lib/pkgconfig\', \'LMOD_SETTARG_FULL_SUPPORT\': \'no\', \'HISTSIZE\': \'1000\', \'SGE_ARCH\': \'lx-amd64\', \'LMOD_PKG\': \'/usr/share/lmod/lmod\', \'CMAKE_LIBRARY_PATH\': \'/salilab/diva1/programs/x86_64linux/opencv-4.3.0/lib64:/salilab/diva1/programs/x86_64linux/hdf5-1.10.7/lib:/salilab/diva1/programs/x86_64linux/libtau-py27-1.0.1/lib64:/salilab/diva1/programs/x86_64linux/boost-1.73.0/lib64\', \'ARC\': \'lx-amd64\', \'MPI_LIB\': \'/usr/lib64/openmpi/lib\', \'SGE_BINARY_PATH\': \'/opt/sge/bin/lx-amd64\', \'SGE_STDOUT_PATH\': \'/wynton/group/sali/miha_rozic/Input_information/SNAPSHOTS/central_directory/snapshot2_1min/run39/test1.o708608\', \'_ModuleTable005_\': \'bmN2LzQuMy4wIiwKd1YgPSAiMDAwMDAwMDA0LjAwMDAwMDAwMy4qemZpbmFsIiwKfSwKWyJweXRob24zL2pvYmxpYiJdID0gewpmbiA9ICIvc2FsaWxhYi9kaXZhMS9ob21lL21vZHVsZXMvcHl0aG9uMy9qb2JsaWIvMC4xNy4wIiwKZnVsbE5hbWUgPSAicHl0aG9uMy9qb2JsaWIvMC4xNy4wIiwKbG9hZE9yZGVyID0gMTEsCnByb3BUID0ge30sCnN0YWNrRGVwdGggPSAxLApzdGF0dXMgPSAiYWN0aXZlIiwKdXNlck5hbWUgPSAicHl0aG9uMy9qb2JsaWIiLAp3ViA9ICIwMDAwMDAwMDAuMDAwMDAwMDE3Lip6ZmluYWwiLAp9LApbInB5dGhvbjMvbnVtcHkiXSA9IHsKZm4gPSAiL3NhbGlsYWIvZGl2YTEvaG9tZS9tb2R1bGVzL3B5dGhvbjMvbnVtcHkvMS4xOS41IiwKZnVsbE5h\', \'LMOD_CMD\': \'/usr/share/lmod/lmod/libexec/lmod\', \'REQNAME\': \'test1\', \'IMP_BIN_DIR\': \'/wynton/group/sali/miha_rozic/Software/imp-develop/build/bin\', \'MPI_MAN\': \'/usr/share/man/openmpi-x86_64\', \'LESSOPEN\': \'||/usr/bin/lesspipe.sh %s\', \'OMP_NUM_THREADS\': \'1\', \'SGE_CLUSTER_NAME\': \'wynton_cluster\', \'LMOD_DIR\': \'/usr/share/lmod/lmod/libexec\', \'BASH_FUNC_which%%\': \'() {  ( alias;\\n eval ${which_declare} ) | /usr/bin/which --tty-only --read-alias --read-functions --show-tilde --show-dot $@\\n}\', \'BASH_FUNC_module%%\': \'() {  if [ -z "${LMOD_SH_DBG_ON+x}" ]; then\\n case "$-" in \\n *v*x*)\\n __lmod_sh_dbg=\\\'vx\\\'\\n ;;\\n *v*)\\n __lmod_sh_dbg=\\\'v\\\'\\n ;;\\n *x*)\\n __lmod_sh_dbg=\\\'x\\\'\\n ;;\\n esac;\\n fi;\\n if [ -n "${__lmod_sh_dbg:-}" ]; then\\n set +$__lmod_sh_dbg;\\n echo "Shell debugging temporarily silenced: export LMOD_SH_DBG_ON=1 for Lmod\\\'s output" 1>&2;\\n fi;\\n eval "$($LMOD_CMD shell "$@")" && eval "$(${LMOD_SETTARG_CMD:-:} -s sh)";\\n __lmod_my_status=$?;\\n if [ -n "${__lmod_sh_dbg:-}" ]; then\\n echo "Shell debugging restarted" 1>&2;\\n set -$__lmod_sh_dbg;\\n fi;\\n unset __lmod_sh_dbg;\\n return $__lmod_my_status\\n}\', \'BASH_FUNC_ml%%\': \'() {  eval "$($LMOD_DIR/ml_cmd "$@")"\\n}\', \'_\': \'/usr/lib64/openmpi/bin/mpirun\', \'IPATH_NO_BACKTRACE\': \'1\', \'HFI_NO_BACKTRACE\': \'1\', \'OMPI_MCA_orte_local_daemon_uri\': \'481558528.0;tcp://172.26.39.79:57575\', \'OMPI_MCA_orte_hnp_uri\': \'481558528.0;tcp://172.26.39.79:57575\', \'OMPI_MCA_mpi_oversubscribe\': \'0\', \'OMPI_MCA_orte_app_num\': \'0\', \'OMPI_UNIVERSE_SIZE\': \'16\', \'OMPI_MCA_orte_num_nodes\': \'1\', \'OMPI_MCA_shmem_RUNTIME_QUERY_hint\': \'mmap\', \'OMPI_MCA_orte_bound_at_launch\': \'1\', \'OMPI_MCA_ess\': \'^singleton\', \'OMPI_MCA_orte_ess_num_procs\': \'16\', \'OMPI_COMM_WORLD_SIZE\': \'16\', \'OMPI_COMM_WORLD_LOCAL_SIZE\': \'16\', \'OMPI_MCA_orte_tmpdir_base\': \'/scratch/708608.1.member.q\', \'OMPI_MCA_orte_top_session_dir\': \'/scratch/708608.1.member.q/ompi.qb3-id329.11149\', \'OMPI_MCA_orte_jobfam_session_dir\': \'/scratch/708608.1.member.q/ompi.qb3-id329.11149/pid.2567904\', \'OMPI_NUM_APP_CTX\': \'1\', \'OMPI_FIRST_RANKS\': \'0\', \'OMPI_APP_CTX_NUM_PROCS\': \'16\', \'OMPI_MCA_initial_wdir\': \'/wynton/group/sali/miha_rozic/Input_information/SNAPSHOTS/central_directory/snapshot2_1min/run39\', \'OMPI_MCA_orte_launch\': \'1\', \'PMIX_NAMESPACE\': \'481558529\', \'PMIX_RANK\': \'5\', \'PMIX_SERVER_URI2\': \'481558528.0;tcp4://127.0.0.1:52559\', \'PMIX_SERVER_URI21\': \'481558528.0;tcp4://127.0.0.1:52559\', \'PMIX_SECURITY_MODE\': \'native,none\', \'PMIX_PTL_MODULE\': \'tcp,usock\', \'PMIX_BFROP_BUFFER_TYPE\': \'PMIX_BFROP_BUFFER_NON_DESC\', \'PMIX_GDS_MODULE\': \'ds21,ds12,hash\', \'PMIX_SERVER_TMPDIR\': \'/scratch/708608.1.member.q/ompi.qb3-id329.11149/pid.2567904\', \'PMIX_SYSTEM_TMPDIR\': \'/scratch/708608.1.member.q\', \'PMIX_DSTORE_21_BASE_PATH\': \'/scratch/708608.1.member.q/ompi.qb3-id329.11149/pid.2567904/pmix_dstor_ds21_2567904\', \'PMIX_DSTORE_ESH_BASE_PATH\': \'/scratch/708608.1.member.q/ompi.qb3-id329.11149/pid.2567904/pmix_dstor_ds12_2567904\', \'OMPI_MCA_ess_base_jobid\': \'481558529\', \'OMPI_MCA_ess_base_vpid\': \'5\', \'OMPI_COMM_WORLD_RANK\': \'5\', \'OMPI_COMM_WORLD_LOCAL_RANK\': \'5\', \'OMPI_COMM_WORLD_NODE_RANK\': \'5\', \'OMPI_MCA_orte_ess_node_rank\': \'5\', \'PMIX_ID\': \'481558529.5\', \'OMPI_FILE_LOCATION\': \'/scratch/708608.1.member.q/ompi.qb3-id329.11149/pid.2567904/0/0\', \'KMP_DUPLICATE_LIB_OK\': \'True\', \'KMP_INIT_AT_FORK\': \'FALSE\'})', 'STAT2HEADER_IMP_VERSIONS': "{'IMP_VERSION': '2.21.0', 'PMI_VERSION': '2.21.0'}", 0: 'ReplicaExchange_SwapSuccessRatio', 1: 'ReplicaExchange_MinTempFrequency', 2: 'ReplicaExchange_MaxTempFrequency', 3: 'ReplicaExchange_CurrentTemp', 4: 'score'} 
{0: '0', 1: '0', 2: '0', 3: '1.3572088082974538', 4: inf} 
{0: '0.0', 1: '0.0', 2: '0.0', 3: '1.3572088082974538', 4: inf} 
{0: '0.0', 1: '0.0', 2: '0.0', 3: '1.3572088082974538', 4: inf} 
{0: '0.0', 1: '0.0', 2: '0.0', 3: '1.3572088082974538', 4: inf} 
{0: '0.0', 1: '0.0', 2: '0.0', 3: '1.3572088082974538', 4: inf} 
{0: '0.0', 1: '0.0', 2: '0.0', 3: '1.3572088082974538', 4: inf} 
{0: '0.0', 1: '0.0', 2: '0.0', 3: '1.3572088082974538', 4: inf} 
{0: '0.0', 1: '0.0', 2: '0.0', 3: '1.3572088082974538', 4: inf} 
{0: '0.0', 1: '0.0', 2: '0.0', 3: '1.3572088082974538', 4: inf} 
{0: '0.0', 1: '0.0', 2: '0.0', 3: '1.3572088082974538', 4: inf} 
{0: '0.0', 1: '0.0', 2: '0.0', 3: '1.3572088082974538', 4: inf} 
{0: '0.0', 1: '0.0', 2: '0.0', 3: '1.3572088082974538', 4: inf} 
{0: '0.0', 1: '0.0', 2: '0.0', 3: '1.3572088082974538', 4: 6158.586278631345} 
{0: '0.0', 1: '0.0', 2: '0.0', 3: '1.3572088082974538', 4: 1613.905365085083} 
{0: '0.07142857142857142', 1: '0.0', 2: '0.0', 3: '1.4426999059072143', 4: 838.3855405408818} 
{0: '0.13333333333333333', 1: '0.0', 2: '0.0', 3: '1.5335761201812925', 4: 825.8659293576493} 
{0: '0.1875', 1: '0.0', 2: '0.0', 3: '1.6301766616608926', 4: 712.574593272361} 
{0: '0.23529411764705882', 1: '0.0', 2: '0.0', 3: '1.7328621078878674', 4: 605.9489713968486} 
{0: '0.2777777777777778', 1: '0.0', 2: '0.0', 3: '1.842015749320195', 4: 589.4825172128412} 
{0: '0.3157894736842105', 1: '0.0', 2: '0.0', 3: '1.958045020027179', 4: 595.4040696583396} 
{0: '0.3', 1: '0.0', 2: '0.0', 3: '1.958045020027179', 4: 603.7426234927815} 
{0: '0.3333333333333333', 1: '0.0', 2: '0.0', 3: '1.842015749320195', 4: 587.3257427649406} 
{0: '0.36363636363636365', 1: '0.0', 2: '0.0', 3: '1.7328621078878674', 4: 594.993244103377} 
{0: '0.391304347826087', 1: '0.0', 2: '0.0', 3: '1.6301766616608926', 4: 588.0115003413796} 
{0: '0.375', 1: '0.0', 2: '0.0', 3: '1.6301766616608926', 4: 592.1787783706978} 
{0: '0.4', 1: '0.0', 2: '0.0', 3: '1.7328621078878674', 4: 588.6323034825706} 
{0: '0.38461538461538464', 1: '0.0', 2: '0.0', 3: '1.7328621078878674', 4: 591.4097521936956} 
{0: '0.37037037037037035', 1: '0.0', 2: '0.0', 3: '1.7328621078878674', 4: 590.9012092302977} 
{0: '0.35714285714285715', 1: '0.0', 2: '0.0', 3: '1.7328621078878674', 4: 596.4027388200734} 
{0: '0.3448275862068966', 1: '0.0', 2: '0.0', 3: '1.7328621078878674', 4: 592.4553634255722} 
{0: '0.36666666666666664', 1: '0.0', 2: '0.0', 3: '1.842015749320195', 4: 597.3358392774655} 
{0: '0.3870967741935484', 1: '0.0', 2: '0.0', 3: '1.958045020027179', 4: 591.6991510049373} 
{0: '0.375', 1: '0.0', 2: '0.0', 3: '1.958045020027179', 4: 596.3307943835193} 
{0: '0.3939393939393939', 1: '0.0', 2: '0.0', 3: '1.842015749320195', 4: 587.8914802765611} 
{0: '0.4117647058823529', 1: '0.0', 2: '0.0', 3: '1.7328621078878674', 4: 597.3291559961189} 
{0: '0.4', 1: '0.0', 2: '0.0', 3: '1.7328621078878674', 4: 595.4035880450593} 
{0: '0.3888888888888889', 1: '0.0', 2: '0.0', 3: '1.7328621078878674', 4: 592.898941671058} 
{0: '0.40540540540540543', 1: '0.0', 2: '0.0', 3: '1.6301766616608926', 4: 596.5510879513517} 
{0: '0.39473684210526316', 1: '0.0', 2: '0.0', 3: '1.6301766616608926', 4: 592.0571743687003} 
{0: '0.41025641025641024', 1: '0.0', 2: '0.0', 3: '1.7328621078878674', 4: 595.4894669589715} 
{0: '0.425', 1: '0.0', 2: '0.0', 3: '1.842015749320195', 4: 583.3839569756846} 
{0: '0.43902439024390244', 1: '0.0', 2: '0.0', 3: '1.958045020027179', 4: 589.1076683690333} 
{0: '0.4523809523809524', 1: '0.0', 2: '0.0', 3: '2.081383018504685', 4: 585.2263172367177} 
{0: '0.4418604651162791', 1: '0.0', 2: '0.0', 3: '2.081383018504685', 4: 583.4018297676848} 
{0: '0.45454545454545453', 1: '0.0', 2: '0.0', 3: '1.958045020027179', 4: 597.6980267151777} 
{0: '0.4666666666666667', 1: '0.0', 2: '0.0', 3: '1.842015749320195', 4: 587.7383431023479} 
{0: '0.4782608695652174', 1: '0.0', 2: '0.0', 3: '1.7328621078878674', 4: 587.8608392683623} 
{0: '0.46808510638297873', 1: '0.0', 2: '0.0', 3: '1.7328621078878674', 4: 584.8794133206744} 
{0: '0.4791666666666667', 1: '0.0', 2: '0.0', 3: '1.842015749320195', 4: 583.3170694885151} 
{0: '0.4897959183673469', 1: '0.0', 2: '0.0', 3: '1.958045020027179', 4: 587.9462087336436} 
{0: '0.5', 1: '0.0', 2: '0.0', 3: '2.081383018504685', 4: 593.5325268781006} 
{0: '0.49019607843137253', 1: '0.0', 2: '0.0', 3: '2.081383018504685', 4: 583.759858516757} 
{0: '0.5', 1: '0.0', 2: '0.0', 3: '1.958045020027179', 4: 585.7453126337131} 
{0: '0.5094339622641509', 1: '0.0', 2: '0.0', 3: '1.842015749320195', 4: 590.3199611783944} 
{0: '0.5185185185185185', 1: '0.0', 2: '0.0', 3: '1.7328621078878674', 4: 585.8309896660074} 
{0: '0.5272727272727272', 1: '0.0', 2: '0.0', 3: '1.6301766616608926', 4: 586.4674006341667} 
{0: '0.5178571428571429', 1: '0.0', 2: '0.0', 3: '1.6301766616608926', 4: 585.9545703712132} 
{0: '0.5263157894736842', 1: '0.0', 2: '0.0', 3: '1.7328621078878674', 4: 585.0407685189779} 
{0: '0.5344827586206896', 1: '0.0', 2: '0.0', 3: '1.842015749320195', 4: 585.8318331102289} 
{0: '0.5423728813559322', 1: '0.0', 2: '0.0', 3: '1.958045020027179', 4: 583.6621445489833} 
{0: '0.5333333333333333', 1: '0.0', 2: '0.0', 3: '1.958045020027179', 4: 598.2861125941974} 
{0: '0.5245901639344263', 1: '0.0', 2: '0.0', 3: '1.958045020027179', 4: 597.1520351853868} 
{0: '0.5161290322580645', 1: '0.0', 2: '0.0', 3: '1.958045020027179', 4: 589.7448607272727} 
{0: '0.5079365079365079', 1: '0.0', 2: '0.0', 3: '1.958045020027179', 4: 594.7655535120455} 
{0: '0.515625', 1: '0.0', 2: '0.0', 3: '2.081383018504685', 4: 592.6100522331515} 
{0: '0.5076923076923077', 1: '0.0', 2: '0.0', 3: '2.081383018504685', 4: 593.8622754064928} 
{0: '0.5151515151515151', 1: '0.0', 2: '0.0', 3: '1.958045020027179', 4: 603.3464648864697} 
{0: '0.5074626865671642', 1: '0.0', 2: '0.0', 3: '1.958045020027179', 4: 595.6323159285279} 
{0: '0.5147058823529411', 1: '0.0', 2: '0.0', 3: '2.081383018504685', 4: 595.0652352329593} 
{0: '0.5217391304347826', 1: '0.0', 2: '0.0', 3: '2.212490124287102', 4: 598.9139000584571} 
{0: '0.5285714285714286', 1: '0.0', 2: '0.0', 3: '2.351855716390306', 4: 591.7604809865381} 
{0: '0.5211267605633803', 1: '0.0', 2: '0.0', 3: '2.351855716390306', 4: 601.42168160918} 
{0: '0.5277777777777778', 1: '0.0', 2: '0.0', 3: '2.212490124287102', 4: 593.0890347069661} 
{0: '0.5342465753424658', 1: '0.0', 2: '0.0', 3: '2.081383018504685', 4: 596.3294533468342} 
{0: '0.5405405405405406', 1: '0.0', 2: '0.0', 3: '1.958045020027179', 4: 590.5817268369069} 
{0: '0.5466666666666666', 1: '0.0', 2: '0.0', 3: '1.842015749320195', 4: 591.4568909645342} 
{0: '0.5394736842105263', 1: '0.0', 2: '0.0', 3: '1.842015749320195', 4: 588.2434250579888} 
{0: '0.5454545454545454', 1: '0.0', 2: '0.0', 3: '1.958045020027179', 4: 588.5095134610164} 
{0: '0.5512820512820513', 1: '0.0', 2: '0.0', 3: '2.081383018504685', 4: 591.8426428126792} 
{0: '0.5569620253164557', 1: '0.0', 2: '0.0', 3: '2.212490124287102', 4: 601.0993522926641} 
{0: '0.55', 1: '0.0', 2: '0.0', 3: '2.212490124287102', 4: 598.0742715062008} 
{0: '0.5432098765432098', 1: '0.0', 2: '0.0', 3: '2.212490124287102', 4: 586.9956989901502} 
{0: '0.5487804878048781', 1: '0.0', 2: '0.0', 3: '2.351855716390306', 4: 590.0938524646069} 
{0: '0.5421686746987951', 1: '0.0', 2: '0.0', 3: '2.351855716390306', 4: 594.5433919542331} 
{0: '0.5476190476190477', 1: '0.0', 2: '0.0', 3: '2.212490124287102', 4: 598.8918992834872} 
{0: '0.5411764705882353', 1: '0.0', 2: '0.0', 3: '2.212490124287102', 4: 590.0315393896822} 
{0: '0.5465116279069767', 1: '0.0', 2: '0.0', 3: '2.351855716390306', 4: 597.089484958776} 
{0: '0.5402298850574713', 1: '0.0', 2: '0.0', 3: '2.351855716390306', 4: 602.8254019680055} 
{0: '0.5340909090909091', 1: '0.0', 2: '0.0', 3: '2.351855716390306', 4: 601.5640123631118} 
{0: '0.5280898876404494', 1: '0.0', 2: '0.0', 3: '2.351855716390306', 4: 590.6893859808922} 
{0: '0.5222222222222223', 1: '0.0', 2: '0.0', 3: '2.351855716390306', 4: 589.2132079155533} 
{0: '0.5164835164835165', 1: '0.0', 2: '0.0', 3: '2.351855716390306', 4: 583.1404760374982} 
{0: '0.5217391304347826', 1: '0.0', 2: '0.0', 3: '2.212490124287102', 4: 590.2543150956357} 
{0: '0.5268817204301075', 1: '0.0', 2: '0.0', 3: '2.081383018504685', 4: 596.6519717767919} 
{0: '0.5212765957446809', 1: '0.0', 2: '0.0', 3: '2.081383018504685', 4: 587.8481380382824} 
{0: '0.5263157894736842', 1: '0.0', 2: '0.0', 3: '2.212490124287102', 4: 594.3355202061338} 
{0: '0.53125', 1: '0.0', 2: '0.0', 3: '2.351855716390306', 4: 597.3024751760945} 
{0: '0.5257731958762887', 1: '0.0', 2: '0.0', 3: '2.351855716390306', 4: 601.5000163209843} 
{0: '0.5204081632653061', 1: '0.0', 2: '0.0', 3: '2.351855716390306', 4: 595.0063186405151} 
{0: '0.5151515151515151', 1: '0.0', 2: '0.0', 3: '2.351855716390306', 4: 586.6305406642631} 
{0: '0.52', 1: '0.0', 2: '0.0', 3: '2.212490124287102', 4: 592.1366944329101} 
{0: '0.5247524752475248', 1: '0.0', 2: '0.0', 3: '2.081383018504685', 4: 607.7713890110314} 
{0: '0.5294117647058824', 1: '0.0', 2: '0.0', 3: '1.958045020027179', 4: 590.0661517898812} 
{0: '0.5339805825242718', 1: '0.0', 2: '0.0', 3: '1.842015749320195', 4: 587.6473643284447} 
{0: '0.5288461538461539', 1: '0.0', 2: '0.0', 3: '1.842015749320195', 4: 590.8113176095173} 
{0: '0.5333333333333333', 1: '0.0', 2: '0.0', 3: '1.958045020027179', 4: 590.4477200657698} 
{0: '0.5377358490566038', 1: '0.0', 2: '0.0', 3: '2.081383018504685', 4: 590.3100951177585} 
{0: '0.5420560747663551', 1: '0.0', 2: '0.0', 3: '2.212490124287102', 4: 596.2718328624676} 
{0: '0.5462962962962963', 1: '0.0', 2: '0.0', 3: '2.351855716390306', 4: 602.3895019376823} 
{0: '0.5412844036697247', 1: '0.0', 2: '0.0', 3: '2.351855716390306', 4: 603.5492842664376} 
{0: '0.5454545454545454', 1: '0.0', 2: '0.0', 3: '2.212490124287102', 4: 590.5404525773367} 
{0: '0.5495495495495496', 1: '0.0', 2: '0.0', 3: '2.081383018504685', 4: 597.3963780288896} 
{0: '0.5535714285714286', 1: '0.0', 2: '0.0', 3: '1.958045020027179', 4: 587.9980991278509} 
{0: '0.5575221238938053', 1: '0.0', 2: '0.0', 3: '1.842015749320195', 4: 591.272664293189} 
{0: '0.5526315789473685', 1: '0.0', 2: '0.0', 3: '1.842015749320195', 4: 596.2432016544022} 
{0: '0.5565217391304348', 1: '0.0', 2: '0.0', 3: '1.958045020027179', 4: 595.1229520822078} 
{0: '0.5603448275862069', 1: '0.0', 2: '0.0', 3: '2.081383018504685', 4: 591.4653204163108} 
{0: '0.5641025641025641', 1: '0.0', 2: '0.0', 3: '2.212490124287102', 4: 596.2742528686374} 
{0: '0.5677966101694916', 1: '0.0', 2: '0.0', 3: '2.351855716390306', 4: 586.4674369702979} 
{0: '0.5630252100840336', 1: '0.0', 2: '0.0', 3: '2.351855716390306', 4: 599.8111138294} 
{0: '0.5666666666666667', 1: '0.0', 2: '0.0', 3: '2.212490124287102', 4: 598.7644614599963} 
{0: '0.5619834710743802', 1: '0.0', 2: '0.0', 3: '2.212490124287102', 4: 594.675704038372} 
{0: '0.5655737704918032', 1: '0.0', 2: '0.0', 3: '2.351855716390306', 4: 584.2673226429575} 
{0: '0.5609756097560976', 1: '0.0', 2: '0.0', 3: '2.351855716390306', 4: 588.0550562816375} 
{0: '0.5645161290322581', 1: '0.0', 2: '0.0', 3: '2.212490124287102', 4: 597.4447864521583} 
{0: '0.56', 1: '0.0', 2: '0.0', 3: '2.212490124287102', 4: 596.8772988052871} 
{0: '0.5555555555555556', 1: '0.0', 2: '0.0', 3: '2.212490124287102', 4: 595.5610520864021} 
{0: '0.5590551181102362', 1: '0.0', 2: '0.0', 3: '2.081383018504685', 4: 591.109652716966} 
{0: '0.5625', 1: '0.0', 2: '0.0', 3: '1.958045020027179', 4: 601.2650201308211} 
{0: '0.5581395348837209', 1: '0.0', 2: '0.0', 3: '1.958045020027179', 4: 594.8969529426852} 
{0: '0.5615384615384615', 1: '0.0', 2: '0.0', 3: '2.081383018504685', 4: 589.4125972748059} 
{0: '0.5648854961832062', 1: '0.0', 2: '0.0', 3: '2.212490124287102', 4: 592.3676930775838} 
{0: '0.5681818181818182', 1: '0.0', 2: '0.0', 3: '2.351855716390306', 4: 589.4683994258514} 
{0: '0.5639097744360902', 1: '0.0', 2: '0.0', 3: '2.351855716390306', 4: 600.549432876247} 
{0: '0.5671641791044776', 1: '0.0', 2: '0.0', 3: '2.212490124287102', 4: 592.5755956476783} 
{0: '0.562962962962963', 1: '0.0', 2: '0.0', 3: '2.212490124287102', 4: 592.0908648969847} 
{0: '0.5588235294117647', 1: '0.0', 2: '0.0', 3: '2.212490124287102', 4: 592.1857506769138} 
{0: '0.5547445255474452', 1: '0.0', 2: '0.0', 3: '2.212490124287102', 4: 604.5725795097397} 
{0: '0.5579710144927537', 1: '0.0', 2: '0.0', 3: '2.351855716390306', 4: 597.7598510829722} 
{0: '0.5611510791366906', 1: '0.0', 2: '0.0', 3: '2.500000000000003', 4: 602.237809582625} 
{0: '0.5571428571428572', 1: '0.0', 2: '0.0', 3: '2.500000000000003', 4: 603.596702081584} 
{0: '0.5602836879432624', 1: '0.0', 2: '0.0', 3: '2.351855716390306', 4: 601.5744926164907} 
{0: '0.5563380281690141', 1: '0.0', 2: '0.0', 3: '2.351855716390306', 4: 609.9260128961799} 
{0: '0.5524475524475524', 1: '0.0', 2: '0.0', 3: '2.351855716390306', 4: 598.7655174180218} 
{0: '0.5555555555555556', 1: '0.0', 2: '0.0', 3: '2.212490124287102', 4: 594.0401673192405} 
{0: '0.5586206896551724', 1: '0.0', 2: '0.0', 3: '2.081383018504685', 4: 593.1527732866565} 
{0: '0.5616438356164384', 1: '0.0', 2: '0.0', 3: '1.958045020027179', 4: 592.4716192628488} 
{0: '0.5578231292517006', 1: '0.0', 2: '0.0', 3: '1.958045020027179', 4: 594.8037937147791} 
{0: '0.5608108108108109', 1: '0.0', 2: '0.0', 3: '2.081383018504685', 4: 589.4018228417191} 
{0: '0.5637583892617449', 1: '0.0', 2: '0.0', 3: '2.212490124287102', 4: 595.3949488825547} 
{0: '0.5666666666666667', 1: '0.0', 2: '0.0', 3: '2.351855716390306', 4: 595.2828442223009} 
{0: '0.5695364238410596', 1: '0.0', 2: '0.0', 3: '2.500000000000003', 4: 598.9922835636769} 
{0: '0.5657894736842105', 1: '0.0', 2: '0.0', 3: '2.500000000000003', 4: 599.6629517085461} 
{0: '0.5686274509803921', 1: '0.0', 2: '0.0', 3: '2.351855716390306', 4: 591.5863883056169} 
{0: '0.5714285714285714', 1: '0.0', 2: '0.0', 3: '2.212490124287102', 4: 594.8393025603135} 
{0: '0.5741935483870968', 1: '0.0', 2: '0.0', 3: '2.081383018504685', 4: 590.0505222670974} 
{0: '0.5769230769230769', 1: '0.0', 2: '0.0', 3: '1.958045020027179', 4: 594.419484882764} 
{0: '0.5732484076433121', 1: '0.0', 2: '0.0', 3: '1.958045020027179', 4: 587.6441978931346} 
{0: '0.5759493670886076', 1: '0.0', 2: '0.0', 3: '2.081383018504685', 4: 600.2339652055059} 
{0: '0.5786163522012578', 1: '0.0', 2: '0.0', 3: '2.212490124287102', 4: 603.0971873600888} 
{0: '0.575', 1: '0.0', 2: '0.0', 3: '2.212490124287102', 4: 591.6883427827948} 
{0: '0.577639751552795', 1: '0.0', 2: '0.0', 3: '2.081383018504685', 4: 593.8250390711884} 
{0: '0.5802469135802469', 1: '0.0', 2: '0.0', 3: '1.958045020027179', 4: 592.2880788501101} 
{0: '0.5828220858895705', 1: '0.0', 2: '0.0', 3: '1.842015749320195', 4: 594.6195928387591} 
{0: '0.5853658536585366', 1: '0.0', 2: '0.0', 3: '1.7328621078878674', 4: 589.709031413666} 
{0: '0.5818181818181818', 1: '0.0', 2: '0.0', 3: '1.7328621078878674', 4: 591.1525730552063} 
{0: '0.5843373493975904', 1: '0.0', 2: '0.0', 3: '1.842015749320195', 4: 586.5423748484983} 
{0: '0.5868263473053892', 1: '0.0', 2: '0.0', 3: '1.958045020027179', 4: 597.7794385586587} 
{0: '0.5892857142857143', 1: '0.0', 2: '0.0', 3: '2.081383018504685', 4: 594.6166640129428} 
{0: '0.591715976331361', 1: '0.0', 2: '0.0', 3: '2.212490124287102', 4: 601.8589661922293} 
{0: '0.5941176470588235', 1: '0.0', 2: '0.0', 3: '2.351855716390306', 4: 593.6816657378453} 
{0: '0.5906432748538012', 1: '0.0', 2: '0.0', 3: '2.351855716390306', 4: 592.4854035538164} 
{0: '0.5930232558139535', 1: '0.0', 2: '0.0', 3: '2.212490124287102', 4: 606.9251289141492} 
{0: '0.5895953757225434', 1: '0.0', 2: '0.0', 3: '2.212490124287102', 4: 595.9877122673344} 
{0: '0.5919540229885057', 1: '0.0', 2: '0.0', 3: '2.351855716390306', 4: 599.176122485976} 
{0: '0.5885714285714285', 1: '0.0', 2: '0.0', 3: '2.351855716390306', 4: 589.392957740116} 
{0: '0.5909090909090909', 1: '0.0', 2: '0.0', 3: '2.212490124287102', 4: 591.9333760176829} 
{0: '0.5932203389830508', 1: '0.0', 2: '0.0', 3: '2.081383018504685', 4: 590.6913283002018} 
{0: '0.5955056179775281', 1: '0.0', 2: '0.0', 3: '1.958045020027179', 4: 598.5906911507528} 
{0: '0.5921787709497207', 1: '0.0', 2: '0.0', 3: '1.958045020027179', 4: 595.4428962497334} 
{0: '0.5944444444444444', 1: '0.0', 2: '0.0', 3: '2.081383018504685', 4: 597.9258263269259} 
{0: '0.5966850828729282', 1: '0.0', 2: '0.0', 3: '2.212490124287102', 4: 592.5015532768218} 
{0: '0.5989010989010989', 1: '0.0', 2: '0.0', 3: '2.351855716390306', 4: 600.3061018503762} 
{0: '0.5956284153005464', 1: '0.0', 2: '0.0', 3: '2.351855716390306', 4: 588.7950739595415} 
{0: '0.5978260869565217', 1: '0.0', 2: '0.0', 3: '2.212490124287102', 4: 590.8826739092642} 
{0: '0.6', 1: '0.0', 2: '0.0', 3: '2.081383018504685', 4: 595.129192997388} 
{0: '0.5967741935483871', 1: '0.0', 2: '0.0', 3: '2.081383018504685', 4: 601.8912118652624} 
{0: '0.5989304812834224', 1: '0.0', 2: '0.0', 3: '2.212490124287102', 4: 605.5570164365951} 
{0: '0.601063829787234', 1: '0.0', 2: '0.0', 3: '2.351855716390306', 4: 608.0011917356089} 
{0: '0.5978835978835979', 1: '0.0', 2: '0.0', 3: '2.351855716390306', 4: 606.8530479251766} 
{0: '0.5947368421052631', 1: '0.0', 2: '0.0', 3: '2.351855716390306', 4: 588.970288983429} 
{0: '0.5916230366492147', 1: '0.0', 2: '0.0', 3: '2.351855716390306', 4: 599.4104706457709} 
{0: '0.59375', 1: '0.0', 2: '0.0', 3: '2.212490124287102', 4: 592.5243518713645} 
{0: '0.5906735751295337', 1: '0.0', 2: '0.0', 3: '2.212490124287102', 4: 588.5601908032302} 
{0: '0.5927835051546392', 1: '0.0', 2: '0.0', 3: '2.351855716390306', 4: 596.8612966392548} 
{0: '0.5897435897435898', 1: '0.0', 2: '0.0', 3: '2.351855716390306', 4: 615.7168366596042} 
{0: '0.5918367346938775', 1: '0.0', 2: '0.0', 3: '2.212490124287102', 4: 589.9957286534056} 
{0: '0.5939086294416244', 1: '0.0', 2: '0.0', 3: '2.081383018504685', 4: 589.6404445781932} 
{0: '0.5959595959595959', 1: '0.0', 2: '0.0', 3: '1.958045020027179', 4: 601.7014340915023} 
{0: '0.592964824120603', 1: '0.0', 2: '0.0', 3: '1.958045020027179', 4: 588.8758641514219} 
{0: '0.595', 1: '0.0', 2: '0.0', 3: '2.081383018504685', 4: 601.8552332297872} 
{0: '0.5970149253731343', 1: '0.0', 2: '0.0', 3: '2.212490124287102', 4: 593.0958302713461} 
{0: '0.599009900990099', 1: '0.0', 2: '0.0', 3: '2.351855716390306', 4: 599.0071295419809} 
{0: '0.6009852216748769', 1: '0.0', 2: '0.0', 3: '2.500000000000003', 4: 599.1319217422633} 
{0: '0.5980392156862745', 1: '0.0', 2: '0.0', 3: '2.500000000000003', 4: 590.432049165028} 
{0: '0.6', 1: '0.0', 2: '0.0', 3: '2.351855716390306', 4: 591.71249935451} 
{0: '0.6019417475728155', 1: '0.0', 2: '0.0', 3: '2.212490124287102', 4: 600.0233064640767} 
{0: '0.6038647342995169', 1: '0.0', 2: '0.0', 3: '2.081383018504685', 4: 586.8530101234435} 
{0: '0.6009615384615384', 1: '0.0', 2: '0.0', 3: '2.081383018504685', 4: 597.7307337024383} 
{0: '0.6028708133971292', 1: '0.0', 2: '0.0', 3: '2.212490124287102', 4: 588.2254128703964} 
{0: '0.6', 1: '0.0', 2: '0.0', 3: '2.212490124287102', 4: 599.2169166924823} 
{0: '0.5971563981042654', 1: '0.0', 2: '0.0', 3: '2.212490124287102', 4: 593.9137010107777} 
{0: '0.5990566037735849', 1: '0.0', 2: '0.0', 3: '2.351855716390306', 4: 612.0731719156337} 
{0: '0.6009389671361502', 1: '0.0', 2: '0.0', 3: '2.500000000000003', 4: 594.5948891461961} 
{0: '0.5981308411214953', 1: '0.0', 2: '0.0', 3: '2.500000000000003', 4: 591.80958666093} 
{0: '0.6', 1: '0.0', 2: '0.0', 3: '2.351855716390306', 4: 584.2997201116008} 
{0: '0.6018518518518519', 1: '0.0', 2: '0.0', 3: '2.212490124287102', 4: 594.8382698366612} 
{0: '0.5990783410138248', 1: '0.0', 2: '0.0', 3: '2.212490124287102', 4: 584.9988861431563} 
{0: '0.6009174311926605', 1: '0.0', 2: '0.0', 3: '2.351855716390306', 4: 592.2925093701218} 
{0: '0.5981735159817352', 1: '0.0', 2: '0.0', 3: '2.351855716390306', 4: 585.9875523408843} 
{0: '0.6', 1: '0.0', 2: '0.0', 3: '2.212490124287102', 4: 587.1814736459748} 
{0: '0.6018099547511312', 1: '0.0', 2: '0.0', 3: '2.081383018504685', 4: 600.3157241662276} 
{0: '0.6036036036036037', 1: '0.0', 2: '0.0', 3: '1.958045020027179', 4: 585.5224940031746} 
{0: '0.600896860986547', 1: '0.0', 2: '0.0', 3: '1.958045020027179', 4: 600.0250224422755} 
{0: '0.6026785714285714', 1: '0.0', 2: '0.0', 3: '2.081383018504685', 4: 582.0475814316958} 
{0: '0.6044444444444445', 1: '0.0', 2: '0.0', 3: '2.212490124287102', 4: 576.3355924304726} 
{0: '0.6061946902654868', 1: '0.0', 2: '0.0', 3: '2.351855716390306', 4: 583.712490111019} 
{0: '0.6035242290748899', 1: '0.0', 2: '0.0', 3: '2.351855716390306', 4: 571.428661225783} 
{0: '0.6052631578947368', 1: '0.0', 2: '0.0', 3: '2.212490124287102', 4: 570.9575231485519} 
{0: '0.6069868995633187', 1: '0.0', 2: '0.0', 3: '2.081383018504685', 4: 577.6937248407905} 
{0: '0.6043478260869565', 1: '0.0', 2: '0.0', 3: '2.081383018504685', 4: 563.7429251104644} 
{0: '0.6060606060606061', 1: '0.0', 2: '0.0', 3: '2.212490124287102', 4: 564.9843723288546} 
{0: '0.603448275862069', 1: '0.0', 2: '0.0', 3: '2.212490124287102', 4: 565.5239287864622} 
{0: '0.6008583690987125', 1: '0.0', 2: '0.0', 3: '2.212490124287102', 4: 574.7014296651581} 
{0: '0.6025641025641025', 1: '0.0', 2: '0.0', 3: '2.351855716390306', 4: 586.7249759957168} 
{0: '0.6', 1: '0.0', 2: '0.0', 3: '2.351855716390306', 4: 574.4721862315893} 
{0: '0.6016949152542372', 1: '0.0', 2: '0.0', 3: '2.212490124287102', 4: 566.4707224187654} 
{0: '0.6033755274261603', 1: '0.0', 2: '0.0', 3: '2.081383018504685', 4: 568.7441827727024} 
{0: '0.6050420168067226', 1: '0.0', 2: '0.0', 3: '1.958045020027179', 4: 570.834259630648} 
{0: '0.606694560669456', 1: '0.0', 2: '0.0', 3: '1.842015749320195', 4: 579.9499337928826} 
{0: '0.6083333333333333', 1: '0.0', 2: '0.0', 3: '1.7328621078878674', 4: 563.7241124627117} 
{0: '0.6099585062240664', 1: '0.0', 2: '0.0', 3: '1.6301766616608926', 4: 565.9399788737846} 
{0: '0.6115702479338843', 1: '0.0', 2: '0.0', 3: '1.5335761201812925', 4: 564.9767430728996} 
{0: '0.6131687242798354', 1: '0.0', 2: '0.0', 3: '1.4426999059072143', 4: 561.0611940102908} 
{0: '0.6147540983606558', 1: '0.0', 2: '0.0', 3: '1.3572088082974538', 4: 563.1950605355561} 
{0: '0.6163265306122448', 1: '0.0', 2: '0.0', 3: '1.2767837176518553', 4: 565.7902257836877} 
{0: '0.6138211382113821', 1: '0.0', 2: '0.0', 3: '1.2767837176518553', 4: 563.9563435215418} 
{0: '0.6153846153846154', 1: '0.0', 2: '0.0', 3: '1.3572088082974538', 4: 566.7293958101277} 
{0: '0.6169354838709677', 1: '0.0', 2: '0.0', 3: '1.4426999059072143', 4: 576.9588627513868} 
{0: '0.6184738955823293', 1: '0.0', 2: '0.0', 3: '1.5335761201812925', 4: 563.3614340619232} 
{0: '0.62', 1: '0.0', 2: '0.0', 3: '1.6301766616608926', 4: 577.034589835913} 
{0: '0.6215139442231076', 1: '0.0', 2: '0.0', 3: '1.7328621078878674', 4: 563.1956939773025} 
{0: '0.623015873015873', 1: '0.0', 2: '0.0', 3: '1.842015749320195', 4: 569.356239298946} 
{0: '0.6245059288537549', 1: '0.0', 2: '0.0', 3: '1.958045020027179', 4: 567.2268683505374} 
{0: '0.6259842519685039', 1: '0.0', 2: '0.0', 3: '2.081383018504685', 4: 578.5179337516927} 
{0: '0.6235294117647059', 1: '0.0', 2: '0.0', 3: '2.081383018504685', 4: 568.6079348216034} 
{0: '0.625', 1: '0.0', 2: '0.0', 3: '1.958045020027179', 4: 569.0032229582935} 
{0: '0.6264591439688716', 1: '0.0', 2: '0.0', 3: '1.842015749320195', 4: 565.3831839834819} 
{0: '0.627906976744186', 1: '0.0', 2: '0.0', 3: '1.7328621078878674', 4: 568.9860967577794} 
{0: '0.6293436293436293', 1: '0.0', 2: '0.0', 3: '1.6301766616608926', 4: 564.5765351551107} 
{0: '0.6307692307692307', 1: '0.0', 2: '0.0', 3: '1.5335761201812925', 4: 558.1289166594314} 
{0: '0.632183908045977', 1: '0.0', 2: '0.0', 3: '1.4426999059072143', 4: 560.7439792223573} 
{0: '0.6297709923664122', 1: '0.0', 2: '0.0', 3: '1.4426999059072143', 4: 575.2519745474211} 
{0: '0.6311787072243346', 1: '0.0', 2: '0.0', 3: '1.5335761201812925', 4: 559.5033042323755} 
{0: '0.6287878787878788', 1: '0.0', 2: '0.0', 3: '1.5335761201812925', 4: 564.3744358776656} 
{0: '0.630188679245283', 1: '0.0', 2: '0.0', 3: '1.4426999059072143', 4: 566.8492272905589} 
{0: '0.631578947368421', 1: '0.0', 2: '0.0', 3: '1.3572088082974538', 4: 565.6928523111153} 
{0: '0.6292134831460674', 1: '0.0', 2: '0.0', 3: '1.3572088082974538', 4: 563.7272504669916} 
{0: '0.6305970149253731', 1: '0.0', 2: '0.0', 3: '1.4426999059072143', 4: 575.7579733253496} 
{0: '0.6319702602230484', 1: '0.0', 2: '0.0', 3: '1.5335761201812925', 4: 570.2641664756583} 
{0: '0.6333333333333333', 1: '0.0', 2: '0.0', 3: '1.6301766616608926', 4: 559.8075088793773} 
{0: '0.6346863468634686', 1: '0.0', 2: '0.0', 3: '1.7328621078878674', 4: 566.6520598179575} 
{0: '0.6360294117647058', 1: '0.0', 2: '0.0', 3: '1.842015749320195', 4: 563.4371769810962} 
{0: '0.6373626373626373', 1: '0.0', 2: '0.0', 3: '1.958045020027179', 4: 569.9269153195924} 
{0: '0.6386861313868614', 1: '0.0', 2: '0.0', 3: '2.081383018504685', 4: 575.43032943335} 
{0: '0.64', 1: '0.0', 2: '0.0', 3: '2.212490124287102', 4: 566.2843070048611} 
{0: '0.6413043478260869', 1: '0.0', 2: '0.0', 3: '2.351855716390306', 4: 574.9889141494931} 
{0: '0.6389891696750902', 1: '0.0', 2: '0.0', 3: '2.351855716390306', 4: 576.4734593429223} 
{0: '0.6402877697841727', 1: '0.0', 2: '0.0', 3: '2.212490124287102', 4: 571.7540518276663} 
{0: '0.6415770609318996', 1: '0.0', 2: '0.0', 3: '2.081383018504685', 4: 571.9663329047621} 
{0: '0.6428571428571429', 1: '0.0', 2: '0.0', 3: '1.958045020027179', 4: 568.915034203815} 
{0: '0.6405693950177936', 1: '0.0', 2: '0.0', 3: '1.958045020027179', 4: 561.7121306391524} 
{0: '0.6418439716312057', 1: '0.0', 2: '0.0', 3: '2.081383018504685', 4: 581.125107546391} 
{0: '0.6431095406360424', 1: '0.0', 2: '0.0', 3: '2.212490124287102', 4: 576.2562821509559} 
{0: '0.6443661971830986', 1: '0.0', 2: '0.0', 3: '2.351855716390306', 4: 567.1715204909539} 
{0: '0.6456140350877193', 1: '0.0', 2: '0.0', 3: '2.500000000000003', 4: 573.7366494001288} 
{0: '0.6433566433566433', 1: '0.0', 2: '0.0', 3: '2.500000000000003', 4: 583.1349180670202} 
{0: '0.6411149825783972', 1: '0.0', 2: '0.0', 3: '2.500000000000003', 4: 586.1039567160652} 
{0: '0.6388888888888888', 1: '0.0', 2: '0.0', 3: '2.500000000000003', 4: 564.5545298138317} 
{0: '0.6401384083044983', 1: '0.0', 2: '0.0', 3: '2.351855716390306', 4: 573.6017222154775} 
{0: '0.6413793103448275', 1: '0.0', 2: '0.0', 3: '2.212490124287102', 4: 569.0085740414431} 
{0: '0.6426116838487973', 1: '0.0', 2: '0.0', 3: '2.081383018504685', 4: 570.6011318094438} 
{0: '0.6438356164383562', 1: '0.0', 2: '0.0', 3: '1.958045020027179', 4: 576.0236603867468} 
{0: '0.6416382252559727', 1: '0.0', 2: '0.0', 3: '1.958045020027179', 4: 571.7794566347508} 
{0: '0.6428571428571429', 1: '0.0', 2: '0.0', 3: '2.081383018504685', 4: 568.8988754622286} 
{0: '0.6406779661016949', 1: '0.0', 2: '0.0', 3: '2.081383018504685', 4: 582.7015983971404} 
{0: '0.6385135135135135', 1: '0.0', 2: '0.0', 3: '2.081383018504685', 4: 572.5217660272411} 
{0: '0.6397306397306397', 1: '0.0', 2: '0.0', 3: '2.212490124287102', 4: 585.1836198078539} 
{0: '0.6409395973154363', 1: '0.0', 2: '0.0', 3: '2.351855716390306', 4: 578.5669513483566} 
{0: '0.6387959866220736', 1: '0.0', 2: '0.0', 3: '2.351855716390306', 4: 573.0469219417539} 
{0: '0.64', 1: '0.0', 2: '0.0', 3: '2.212490124287102', 4: 568.981553493727} 
{0: '0.6411960132890365', 1: '0.0', 2: '0.0', 3: '2.081383018504685', 4: 566.6782942192687} 
{0: '0.6423841059602649', 1: '0.0', 2: '0.0', 3: '1.958045020027179', 4: 566.8404103578225} 
{0: '0.6435643564356436', 1: '0.0', 2: '0.0', 3: '1.842015749320195', 4: 567.6061836610024} 
{0: '0.6447368421052632', 1: '0.0', 2: '0.0', 3: '1.7328621078878674', 4: 568.3534823089022} 
{0: '0.6459016393442623', 1: '0.0', 2: '0.0', 3: '1.6301766616608926', 4: 565.1087288321293} 
{0: '0.6470588235294118', 1: '0.0', 2: '0.0', 3: '1.5335761201812925', 4: 557.8450004456483} 
{0: '0.6482084690553745', 1: '0.0', 2: '0.0', 3: '1.4426999059072143', 4: 559.6532914522916} 
{0: '0.6493506493506493', 1: '0.0', 2: '0.0', 3: '1.3572088082974538', 4: 564.6800694271745} 
{0: '0.6472491909385113', 1: '0.0', 2: '0.0', 3: '1.3572088082974538', 4: 565.4784895196167} 
{0: '0.6483870967741936', 1: '0.0', 2: '0.0', 3: '1.4426999059072143', 4: 559.6745954277357} 
{0: '0.6495176848874598', 1: '0.0', 2: '0.0', 3: '1.5335761201812925', 4: 570.8747130955941} 
{0: '0.6506410256410257', 1: '0.0', 2: '0.0', 3: '1.6301766616608926', 4: 565.3192686460228} 
{0: '0.6517571884984026', 1: '0.0', 2: '0.0', 3: '1.7328621078878674', 4: 565.939392110798} 
{0: '0.6528662420382165', 1: '0.0', 2: '0.0', 3: '1.842015749320195', 4: 564.6788700805668} 
{0: '0.653968253968254', 1: '0.0', 2: '0.0', 3: '1.958045020027179', 4: 565.0539711333524} 
{0: '0.6550632911392406', 1: '0.0', 2: '0.0', 3: '2.081383018504685', 4: 563.3601195113482} 
{0: '0.6561514195583596', 1: '0.0', 2: '0.0', 3: '2.212490124287102', 4: 565.8542151346985} 
{0: '0.6540880503144654', 1: '0.0', 2: '0.0', 3: '2.212490124287102', 4: 572.7616562019679} 
{0: '0.6551724137931034', 1: '0.0', 2: '0.0', 3: '2.081383018504685', 4: 572.2141349302839} 
{0: '0.653125', 1: '0.0', 2: '0.0', 3: '2.081383018504685', 4: 571.0346140206058} 
{0: '0.6542056074766355', 1: '0.0', 2: '0.0', 3: '2.212490124287102', 4: 564.1110062891873} 
{0: '0.65527950310559', 1: '0.0', 2: '0.0', 3: '2.351855716390306', 4: 575.5113001463535} 
{0: '0.653250773993808', 1: '0.0', 2: '0.0', 3: '2.351855716390306', 4: 583.2262325033428} 
{0: '0.654320987654321', 1: '0.0', 2: '0.0', 3: '2.212490124287102', 4: 565.1783487562939} 
{0: '0.6553846153846153', 1: '0.0', 2: '0.0', 3: '2.081383018504685', 4: 573.7820098371508} 
{0: '0.656441717791411', 1: '0.0', 2: '0.0', 3: '1.958045020027179', 4: 576.8323358476771} 
{0: '0.6574923547400612', 1: '0.0', 2: '0.0', 3: '1.842015749320195', 4: 558.6809635951167} 
{0: '0.6585365853658537', 1: '0.0', 2: '0.0', 3: '1.7328621078878674', 4: 567.9057750732145} 
{0: '0.6595744680851063', 1: '0.0', 2: '0.0', 3: '1.6301766616608926', 4: 574.4989178671208} 
{0: '0.6575757575757576', 1: '0.0', 2: '0.0', 3: '1.6301766616608926', 4: 564.6817257347558} 
{0: '0.6586102719033232', 1: '0.0', 2: '0.0', 3: '1.7328621078878674', 4: 570.1377337725163} 
{0: '0.6596385542168675', 1: '0.0', 2: '0.0', 3: '1.842015749320195', 4: 573.4017781028138} 
{0: '0.6606606606606606', 1: '0.0', 2: '0.0', 3: '1.958045020027179', 4: 574.5394173594034} 
{0: '0.6616766467065869', 1: '0.0', 2: '0.0', 3: '2.081383018504685', 4: 571.1673474865322} 
{0: '0.6597014925373135', 1: '0.0', 2: '0.0', 3: '2.081383018504685', 4: 570.4354037456515} 
{0: '0.6607142857142857', 1: '0.0', 2: '0.0', 3: '1.958045020027179', 4: 571.2409916885871} 
{0: '0.6617210682492581', 1: '0.0', 2: '0.0', 3: '1.842015749320195', 4: 570.4448521715642} 
{0: '0.6627218934911243', 1: '0.0', 2: '0.0', 3: '1.7328621078878674', 4: 574.3433941125722} 
{0: '0.6637168141592921', 1: '0.0', 2: '0.0', 3: '1.6301766616608926', 4: 563.3369718619616} 
{0: '0.6617647058823529', 1: '0.0', 2: '0.0', 3: '1.6301766616608926', 4: 578.5921078140342} 
{0: '0.6627565982404692', 1: '0.0', 2: '0.0', 3: '1.7328621078878674', 4: 566.0353104581551} 
{0: '0.6637426900584795', 1: '0.0', 2: '0.0', 3: '1.842015749320195', 4: 570.1416644616833} 
{0: '0.6647230320699709', 1: '0.0', 2: '0.0', 3: '1.958045020027179', 4: 567.1239027185039} 
{0: '0.6656976744186046', 1: '0.0', 2: '0.0', 3: '2.081383018504685', 4: 572.3321717145288} 
{0: '0.663768115942029', 1: '0.0', 2: '0.0', 3: '2.081383018504685', 4: 571.6528716594988} 
{0: '0.6647398843930635', 1: '0.0', 2: '0.0', 3: '1.958045020027179', 4: 567.0207684964801} 
{0: '0.6628242074927954', 1: '0.0', 2: '0.0', 3: '1.958045020027179', 4: 563.2627744784561} 
{0: '0.6637931034482759', 1: '0.0', 2: '0.0', 3: '2.081383018504685', 4: 565.9319646840286} 
{0: '0.664756446991404', 1: '0.0', 2: '0.0', 3: '2.212490124287102', 4: 576.0092051851301} 
{0: '0.6657142857142857', 1: '0.0', 2: '0.0', 3: '2.351855716390306', 4: 564.9629188660713} 
{0: '0.6666666666666666', 1: '0.0', 2: '0.0', 3: '2.500000000000003', 4: 571.7788267131259} 
{0: '0.6647727272727273', 1: '0.0', 2: '0.0', 3: '2.500000000000003', 4: 570.9646395855531} 
{0: '0.6657223796033994', 1: '0.0', 2: '0.0', 3: '2.351855716390306', 4: 586.8179623510579} 
{0: '0.6666666666666666', 1: '0.0', 2: '0.0', 3: '2.212490124287102', 4: 580.0088683828152} 
{0: '0.6676056338028169', 1: '0.0', 2: '0.0', 3: '2.081383018504685', 4: 577.4332028790808} 
{0: '0.6685393258426966', 1: '0.0', 2: '0.0', 3: '1.958045020027179', 4: 575.1210618781632} 
{0: '0.6694677871148459', 1: '0.0', 2: '0.0', 3: '1.842015749320195', 4: 588.7438880707074} 
{0: '0.6675977653631285', 1: '0.0', 2: '0.0', 3: '1.842015749320195', 4: 578.0602070515511} 
{0: '0.6685236768802229', 1: '0.0', 2: '0.0', 3: '1.958045020027179', 4: 574.8778475428878} 
{0: '0.6694444444444444', 1: '0.0', 2: '0.0', 3: '2.081383018504685', 4: 587.7545784455639} 
{0: '0.6703601108033241', 1: '0.0', 2: '0.0', 3: '2.212490124287102', 4: 581.6886253786881} 
{0: '0.6712707182320442', 1: '0.0', 2: '0.0', 3: '2.351855716390306', 4: 582.118500941758} 
{0: '0.6721763085399449', 1: '0.0', 2: '0.0', 3: '2.500000000000003', 4: 577.6213591278922} 
{0: '0.6703296703296703', 1: '0.0', 2: '0.0', 3: '2.500000000000003', 4: 565.486694150841} 
{0: '0.6712328767123288', 1: '0.0', 2: '0.0', 3: '2.351855716390306', 4: 583.4172980288631} 
{0: '0.6721311475409836', 1: '0.0', 2: '0.0', 3: '2.212490124287102', 4: 567.7951288790599} 
{0: '0.6730245231607629', 1: '0.0', 2: '0.0', 3: '2.081383018504685', 4: 566.6750937859108} 
{0: '0.6739130434782609', 1: '0.0', 2: '0.0', 3: '1.958045020027179', 4: 572.1838074042759} 
{0: '0.6747967479674797', 1: '0.0', 2: '0.0', 3: '1.842015749320195', 4: 568.3519524634756} 
{0: '0.6756756756756757', 1: '0.0', 2: '0.0', 3: '1.7328621078878674', 4: 569.8121351849588} 
{0: '0.6738544474393531', 1: '0.0', 2: '0.0', 3: '1.7328621078878674', 4: 570.4656695668358} 
{0: '0.6747311827956989', 1: '0.0', 2: '0.0', 3: '1.842015749320195', 4: 569.9396435433723} 
{0: '0.675603217158177', 1: '0.0', 2: '0.0', 3: '1.958045020027179', 4: 572.2479246568605} 
{0: '0.6737967914438503', 1: '0.0', 2: '0.0', 3: '1.958045020027179', 4: 573.4731614801813} 
{0: '0.6746666666666666', 1: '0.0', 2: '0.0', 3: '1.842015749320195', 4: 566.6549237699714} 
{0: '0.675531914893617', 1: '0.0', 2: '0.0', 3: '1.7328621078878674', 4: 575.0711176188938} 
{0: '0.6763925729442971', 1: '0.0', 2: '0.0', 3: '1.6301766616608926', 4: 570.8647379509456} 
{0: '0.6746031746031746', 1: '0.0', 2: '0.0', 3: '1.6301766616608926', 4: 559.2256521393275} 
{0: '0.6754617414248021', 1: '0.0', 2: '0.0', 3: '1.7328621078878674', 4: 561.2990716016905} 
{0: '0.6736842105263158', 1: '0.0', 2: '0.0', 3: '1.7328621078878674', 4: 574.3629071804821} 
{0: '0.6745406824146981', 1: '0.0', 2: '0.0', 3: '1.6301766616608926', 4: 566.3394933101728} 
{0: '0.675392670157068', 1: '0.0', 2: '0.0', 3: '1.5335761201812925', 4: 566.1079633290376} 
{0: '0.6762402088772846', 1: '0.0', 2: '0.0', 3: '1.4426999059072143', 4: 568.2339428723506} 
{0: '0.6770833333333334', 1: '0.0', 2: '0.0', 3: '1.3572088082974538', 4: 560.2271952746268} 
{0: '0.6753246753246753', 1: '0.0', 2: '0.0', 3: '1.3572088082974538', 4: 565.431969656557} 
{0: '0.6761658031088082', 1: '0.0', 2: '0.0', 3: '1.4426999059072143', 4: 571.4615074603063} 
{0: '0.6770025839793282', 1: '0.0', 2: '0.0', 3: '1.5335761201812925', 4: 562.515553310467} 
{0: '0.6778350515463918', 1: '0.0', 2: '0.0', 3: '1.6301766616608926', 4: 571.6977286111555} 
{0: '0.6786632390745502', 1: '0.0', 2: '0.0', 3: '1.7328621078878674', 4: 571.926078698896} 
{0: '0.6794871794871795', 1: '0.0', 2: '0.0', 3: '1.842015749320195', 4: 573.9226195052328} 
{0: '0.680306905370844', 1: '0.0', 2: '0.0', 3: '1.958045020027179', 4: 569.5431782967263} 
{0: '0.6811224489795918', 1: '0.0', 2: '0.0', 3: '2.081383018504685', 4: 570.520765209658} 
{0: '0.6819338422391857', 1: '0.0', 2: '0.0', 3: '2.212490124287102', 4: 569.7316391536575} 
{0: '0.682741116751269', 1: '0.0', 2: '0.0', 3: '2.351855716390306', 4: 581.4656302779764} 
{0: '0.6810126582278481', 1: '0.0', 2: '0.0', 3: '2.351855716390306', 4: 574.4813397444896} 
{0: '0.6792929292929293', 1: '0.0', 2: '0.0', 3: '2.351855716390306', 4: 572.342705887943} 
{0: '0.6775818639798489', 1: '0.0', 2: '0.0', 3: '2.351855716390306', 4: 571.8330903573896} 
{0: '0.678391959798995', 1: '0.0', 2: '0.0', 3: '2.212490124287102', 4: 568.3598905051285} 
{0: '0.6791979949874687', 1: '0.0', 2: '0.0', 3: '2.081383018504685', 4: 576.0921321040784} 
{0: '0.68', 1: '0.0', 2: '0.0', 3: '1.958045020027179', 4: 567.6932188635396} 
{0: '0.6807980049875312', 1: '0.0', 2: '0.0', 3: '1.842015749320195', 4: 569.5319560385038} 
{0: '0.681592039800995', 1: '0.0', 2: '0.0', 3: '1.7328621078878674', 4: 572.6358563754413} 
{0: '0.6799007444168734', 1: '0.0', 2: '0.0', 3: '1.7328621078878674', 4: 568.4282122023403} 
{0: '0.6806930693069307', 1: '0.0', 2: '0.0', 3: '1.842015749320195', 4: 565.8030654860469} 
{0: '0.6814814814814815', 1: '0.0', 2: '0.0', 3: '1.958045020027179', 4: 564.9441285732248} 
{0: '0.6822660098522167', 1: '0.0', 2: '0.0', 3: '2.081383018504685', 4: 574.4644788689286} 
{0: '0.683046683046683', 1: '0.0', 2: '0.0', 3: '2.212490124287102', 4: 579.8894723623858} 
{0: '0.6838235294117647', 1: '0.0', 2: '0.0', 3: '2.351855716390306', 4: 575.3935342536462} 
{0: '0.6821515892420538', 1: '0.0', 2: '0.0', 3: '2.351855716390306', 4: 572.8663580845683} 
{0: '0.6829268292682927', 1: '0.0', 2: '0.0', 3: '2.212490124287102', 4: 571.9285628675032} 
{0: '0.681265206812652', 1: '0.0', 2: '0.0', 3: '2.212490124287102', 4: 571.2303575078214} 
{0: '0.6820388349514563', 1: '0.0', 2: '0.0', 3: '2.351855716390306', 4: 566.6603130996813} 
{0: '0.6828087167070218', 1: '0.0', 2: '0.0', 3: '2.500000000000003', 4: 568.790988589809} 
{0: '0.6811594202898551', 1: '0.0', 2: '0.0', 3: '2.500000000000003', 4: 567.8036237751841} 
{0: '0.6819277108433734', 1: '0.0', 2: '0.0', 3: '2.351855716390306', 4: 562.6198537139499} 
{0: '0.6826923076923077', 1: '0.0', 2: '0.0', 3: '2.212490124287102', 4: 560.0880863539118} 
{0: '0.6834532374100719', 1: '0.0', 2: '0.0', 3: '2.081383018504685', 4: 575.6001868366259} 
{0: '0.6842105263157895', 1: '0.0', 2: '0.0', 3: '1.958045020027179', 4: 577.8618054733984} 
{0: '0.684964200477327', 1: '0.0', 2: '0.0', 3: '1.842015749320195', 4: 577.9926428137231} 
{0: '0.6833333333333333', 1: '0.0', 2: '0.0', 3: '1.842015749320195', 4: 569.162579823166} 
{0: '0.684085510688836', 1: '0.0', 2: '0.0', 3: '1.958045020027179', 4: 581.481978179156} 
{0: '0.6848341232227488', 1: '0.0', 2: '0.0', 3: '2.081383018504685', 4: 568.5746383523182} 
{0: '0.6832151300236406', 1: '0.0', 2: '0.0', 3: '2.081383018504685', 4: 582.9129287915155} 
{0: '0.6816037735849056', 1: '0.0', 2: '0.0', 3: '2.081383018504685', 4: 564.2240003485807} 
{0: '0.6823529411764706', 1: '0.0', 2: '0.0', 3: '2.212490124287102', 4: 572.1915308731567} 
{0: '0.6830985915492958', 1: '0.0', 2: '0.0', 3: '2.351855716390306', 4: 575.167270852163} 
{0: '0.6838407494145199', 1: '0.0', 2: '0.0', 3: '2.500000000000003', 4: 596.1159459836} 
{0: '0.6822429906542056', 1: '0.0', 2: '0.0', 3: '2.500000000000003', 4: 582.8165938421236} 
{0: '0.682983682983683', 1: '0.0', 2: '0.0', 3: '2.351855716390306', 4: 575.693342995251} 
{0: '0.6813953488372093', 1: '0.0', 2: '0.0', 3: '2.351855716390306', 4: 569.2160312014379} 
{0: '0.6821345707656613', 1: '0.0', 2: '0.0', 3: '2.500000000000003', 4: 571.6654459707353} 
{0: '0.6805555555555556', 1: '0.0', 2: '0.0', 3: '2.500000000000003', 4: 564.8407805760198} 
{0: '0.6812933025404158', 1: '0.0', 2: '0.0', 3: '2.351855716390306', 4: 572.9836160404528} 
{0: '0.6820276497695853', 1: '0.0', 2: '0.0', 3: '2.212490124287102', 4: 579.8594639335082} 
{0: '0.6827586206896552', 1: '0.0', 2: '0.0', 3: '2.081383018504685', 4: 564.862941837152} 
{0: '0.6834862385321101', 1: '0.0', 2: '0.0', 3: '1.958045020027179', 4: 572.2568502743952} 
{0: '0.6842105263157895', 1: '0.0', 2: '0.0', 3: '1.842015749320195', 4: 569.643090789962} 
{0: '0.684931506849315', 1: '0.0', 2: '0.0', 3: '1.7328621078878674', 4: 571.8393588681863} 
{0: '0.6856492027334852', 1: '0.0', 2: '0.0', 3: '1.6301766616608926', 4: 563.6549192944472} 
{0: '0.6863636363636364', 1: '0.0', 2: '0.0', 3: '1.5335761201812925', 4: 572.7546600784868} 
{0: '0.6870748299319728', 1: '0.0', 2: '0.0', 3: '1.4426999059072143', 4: 565.1238271908975} 
{0: '0.6877828054298643', 1: '0.0', 2: '0.0', 3: '1.3572088082974538', 4: 559.0498370272451} 
{0: '0.6862302483069977', 1: '0.0', 2: '0.0', 3: '1.3572088082974538', 4: 563.0303896025385} 
{0: '0.6869369369369369', 1: '0.0', 2: '0.0', 3: '1.4426999059072143', 4: 563.300667349332} 
{0: '0.6876404494382022', 1: '0.0', 2: '0.0', 3: '1.5335761201812925', 4: 564.1323628646905} 
{0: '0.6883408071748879', 1: '0.0', 2: '0.0', 3: '1.6301766616608926', 4: 561.7237211068895} 
{0: '0.6890380313199105', 1: '0.0', 2: '0.0', 3: '1.7328621078878674', 4: 563.2597370801843} 
{0: '0.6897321428571429', 1: '0.0', 2: '0.0', 3: '1.842015749320195', 4: 570.4748748489147} 
{0: '0.6904231625835189', 1: '0.0', 2: '0.0', 3: '1.958045020027179', 4: 561.9153274588542} 
{0: '0.6888888888888889', 1: '0.0', 2: '0.0', 3: '1.958045020027179', 4: 557.2164569700058} 
{0: '0.6895787139689579', 1: '0.0', 2: '0.0', 3: '1.842015749320195', 4: 581.5931390294279} 
{0: '0.6902654867256637', 1: '0.0', 2: '0.0', 3: '1.7328621078878674', 4: 573.6618089934348} 
{0: '0.6909492273730684', 1: '0.0', 2: '0.0', 3: '1.6301766616608926', 4: 571.057825200117} 
{0: '0.6894273127753304', 1: '0.0', 2: '0.0', 3: '1.6301766616608926', 4: 564.7739518556336} 
{0: '0.6901098901098901', 1: '0.0', 2: '0.0', 3: '1.7328621078878674', 4: 563.4269363491829} 
{0: '0.6907894736842105', 1: '0.0', 2: '0.0', 3: '1.842015749320195', 4: 569.1957309967272} 
{0: '0.6914660831509847', 1: '0.0', 2: '0.0', 3: '1.958045020027179', 4: 564.2142231499288} 
{0: '0.6899563318777293', 1: '0.0', 2: '0.0', 3: '1.958045020027179', 4: 571.7856395336233} 
{0: '0.690631808278867', 1: '0.0', 2: '0.0', 3: '1.842015749320195', 4: 570.3320172978907} 
{0: '0.691304347826087', 1: '0.0', 2: '0.0', 3: '1.7328621078878674', 4: 568.5211436434887} 
{0: '0.6919739696312365', 1: '0.0', 2: '0.0', 3: '1.6301766616608926', 4: 566.4387632319415} 
{0: '0.6926406926406926', 1: '0.0', 2: '0.0', 3: '1.5335761201812925', 4: 566.1902259265627} 
{0: '0.693304535637149', 1: '0.0', 2: '0.0', 3: '1.4426999059072143', 4: 562.5825196658279} 
{0: '0.6918103448275862', 1: '0.0', 2: '0.0', 3: '1.4426999059072143', 4: 560.8145628993933} 
{0: '0.6924731182795699', 1: '0.0', 2: '0.0', 3: '1.5335761201812925', 4: 566.4295883913281} 
{0: '0.6931330472103004', 1: '0.0', 2: '0.0', 3: '1.6301766616608926', 4: 571.6385329489589} 
{0: '0.6937901498929336', 1: '0.0', 2: '0.0', 3: '1.7328621078878674', 4: 575.370172114411} 
{0: '0.6944444444444444', 1: '0.0', 2: '0.0', 3: '1.842015749320195', 4: 576.6347646018493} 
{0: '0.6950959488272921', 1: '0.0', 2: '0.0', 3: '1.958045020027179', 4: 574.4579432591247} 
{0: '0.6957446808510638', 1: '0.0', 2: '0.0', 3: '2.081383018504685', 4: 571.7639506196733} 
{0: '0.6963906581740976', 1: '0.0', 2: '0.0', 3: '2.212490124287102', 4: 560.2447890104978} 
{0: '0.6970338983050848', 1: '0.0', 2: '0.0', 3: '2.351855716390306', 4: 578.6791546130326} 
{0: '0.6976744186046512', 1: '0.0', 2: '0.0', 3: '2.500000000000003', 4: 570.2125102550465} 
{0: '0.6962025316455697', 1: '0.0', 2: '0.0', 3: '2.500000000000003', 4: 578.4590921346467} 
{0: '0.6968421052631579', 1: '0.0', 2: '0.0', 3: '2.351855716390306', 4: 574.495871483351} 
{0: '0.6953781512605042', 1: '0.0', 2: '0.0', 3: '2.351855716390306', 4: 569.1355481486434} 
{0: '0.6960167714884696', 1: '0.0', 2: '0.0', 3: '2.500000000000003', 4: 580.0538650451647} 
{0: '0.694560669456067', 1: '0.0', 2: '0.0', 3: '2.500000000000003', 4: 574.4276788818986} 
{0: '0.6951983298538622', 1: '0.0', 2: '0.0', 3: '2.351855716390306', 4: 564.6307592667321} 
{0: '0.6958333333333333', 1: '0.0', 2: '0.0', 3: '2.212490124287102', 4: 562.8826950150724} 
{0: '0.6964656964656964', 1: '0.0', 2: '0.0', 3: '2.081383018504685', 4: 573.3060039197572} 
{0: '0.6970954356846473', 1: '0.0', 2: '0.0', 3: '1.958045020027179', 4: 564.1467524790281} 
{0: '0.6977225672877847', 1: '0.0', 2: '0.0', 3: '1.842015749320195', 4: 570.4444426712606} 
{0: '0.6983471074380165', 1: '0.0', 2: '0.0', 3: '1.7328621078878674', 4: 573.925688369362} 
{0: '0.6989690721649484', 1: '0.0', 2: '0.0', 3: '1.6301766616608926', 4: 566.6736474097825} 
{0: '0.6995884773662552', 1: '0.0', 2: '0.0', 3: '1.5335761201812925', 4: 564.9440868672615} 
{0: '0.7002053388090349', 1: '0.0', 2: '0.0', 3: '1.4426999059072143', 4: 564.8162822643598} 
{0: '0.6987704918032787', 1: '0.0', 2: '0.0', 3: '1.4426999059072143', 4: 565.6083501023555} 
{0: '0.6993865030674846', 1: '0.0', 2: '0.0', 3: '1.5335761201812925', 4: 566.4947459573682} 
{0: '0.6979591836734694', 1: '0.0', 2: '0.0', 3: '1.5335761201812925', 4: 570.042172284562} 
{0: '0.6985743380855397', 1: '0.0', 2: '0.0', 3: '1.4426999059072143', 4: 569.0720597715068} 
{0: '0.6971544715447154', 1: '0.0', 2: '0.0', 3: '1.4426999059072143', 4: 562.2350780124353} 
{0: '0.6977687626774848', 1: '0.0', 2: '0.0', 3: '1.5335761201812925', 4: 562.7104609158363} 
{0: '0.6983805668016194', 1: '0.0', 2: '0.0', 3: '1.6301766616608926', 4: 566.0068554252545} 
{0: '0.6989898989898989', 1: '0.0', 2: '0.0', 3: '1.7328621078878674', 4: 565.8106978294599} 
{0: '0.6995967741935484', 1: '0.0', 2: '0.0', 3: '1.842015749320195', 4: 570.0838379973547} 
{0: '0.7002012072434608', 1: '0.0', 2: '0.0', 3: '1.958045020027179', 4: 566.3425127667542} 
{0: '0.7008032128514057', 1: '0.0', 2: '0.0', 3: '2.081383018504685', 4: 574.3824683783163} 
{0: '0.7014028056112225', 1: '0.0', 2: '0.0', 3: '2.212490124287102', 4: 569.8742090337345} 
