{'STAT2HEADER': 'STAT2HEADER', 'STAT2HEADER_ENVIRON': 'environ({\'OMPI_MCA_pmix\': \'^s1,s2,cray,isolated\', \'PMIX_MCA_mca_base_component_show_load_errors\': \'1\', \'OMPI_COMMAND\': \'python3\', \'OMPI_ARGV\': \'static_snapshot.py 2 1min\', \'OMPI_MCA_orte_precondition_transports\': \'bb20bf4689f9c3b0-3d2dc8319a19c783\', \'LD_LIBRARY_PATH\': \'/salilab/diva1/programs/x86_64linux/numpy-py36-1.19.5/lib:/salilab/diva1/home/libs/x86_64/centos8:/salilab/diva1/home/libs/x86_64:/salilab/diva1/home/imp/main/20240607-af6f9d6a95/lib/release8:/salilab/diva1/programs/x86_64linux/opencv-4.3.0/lib64/rhel:/salilab/diva1/programs/x86_64linux/opencv-4.3.0/lib64:/salilab/diva1/programs/x86_64linux/hdf5-1.10.7/lib:/salilab/diva1/programs/x86_64linux/libtau-py27-1.0.1/lib64:/salilab/diva1/programs/x86_64linux/boost-1.73.0/lib64:/usr/lib64/openmpi/lib:/wynton/group/sali/miha_rozic/Software/imp-develop/build/lib::\', \'IMP_TMP_DIR\': \'/wynton/group/sali/miha_rozic/Software/imp-develop/build/tmp\', \'PE_HOSTFILE\': \'/var/spool/sge/wynton/qb3-id343/active_jobs/708612.1/pe_hostfile\', \'__LMOD_REF_COUNT_PATH\': \'/salilab/diva1/programs/x86_64linux/numpy-py36-1.19.5/bin:1;/salilab/diva1/home/imp/main/20240607-af6f9d6a95/bin/release8:1;/salilab/diva1/programs/x86_64linux/opencv-4.3.0/bin:1;/salilab/diva1/programs/x86_64linux/hdf5-1.10.7/bin:1;/usr/lib64/openmpi/bin:1;/wynton/home/sali/rozicmiha/.local/bin:1;/wynton/home/sali/rozicmiha/bin:1;/wynton/group/sali/miha_rozic/Software/imp-develop/build/bin:1;/wynton/group/sali/miha_rozic/Software/imp-develop/build/module_bin/EMageFit:1;/wynton/group/sali/miha_rozic/Software/imp-develop/build/module_bin/algebra:1;/wynton/group/sali/miha_rozic/Software/imp-develop/build/module_bin/atom:1;/wynton/group/sali/miha_rozic/Software/imp-develop/build/module_bin/benchmark:1;/wynton/group/sali/miha_rozic/Software/imp-develop/build/module_bin/cgal:1;/wynton/group/sali/miha_rozic/Software/imp-develop/build/module_bin/cnmultifit:1;/wynton/group/sali/miha_rozic/Software/imp-develop/build/module_bin/container:1;/wynton/group/sali/miha_rozic/Software/imp-develop/build/module_bin/core:1;/wynton/group/sali/miha_rozic/Software/imp-develop/build/module_bin/display:1;/wynton/group/sali/miha_rozic/Software/imp-develop/build/module_bin/domino:1;/wynton/group/sali/miha_rozic/Software/imp-develop/build/module_bin/em:1;/wynton/group/sali/miha_rozic/Software/imp-develop/build/module_bin/em2d:1;/wynton/group/sali/miha_rozic/Software/imp-develop/build/module_bin/example:1;/wynton/group/sali/miha_rozic/Software/imp-develop/build/module_bin/foxs:1;/wynton/group/sali/miha_rozic/Software/imp-develop/build/module_bin/gsl:1;/wynton/group/sali/miha_rozic/Software/imp-develop/build/module_bin/integrative_docking:1;/wynton/group/sali/miha_rozic/Software/imp-develop/build/module_bin/isd:1;/wynton/group/sali/miha_rozic/Software/imp-develop/build/module_bin/kernel:1;/wynton/group/sali/miha_rozic/Software/imp-develop/build/module_bin/kinematics:1;/wynton/group/sali/miha_rozic/Software/imp-develop/build/module_bin/kmeans:1;/wynton/group/sali/miha_rozic/Software/imp-develop/build/module_bin/misc:1;/wynton/group/sali/miha_rozic/Software/imp-develop/build/module_bin/mmcif:1;/wynton/group/sali/miha_rozic/Software/imp-develop/build/module_bin/modeller:1;/wynton/group/sali/miha_rozic/Software/imp-develop/build/module_bin/mpi:1;/wynton/group/sali/miha_rozic/Software/imp-develop/build/module_bin/multi_state:1;/wynton/group/sali/miha_rozic/Software/imp-develop/build/module_bin/multifit:1;/wynton/group/sali/miha_rozic/Software/imp-develop/build/module_bin/npc:1;/wynton/group/sali/miha_rozic/Software/imp-develop/build/module_bin/npcassembly:1;/wynton/group/sali/miha_rozic/Software/imp-develop/build/module_bin/parallel:1;/wynton/group/sali/miha_rozic/Software/imp-develop/build/module_bin/pepdock:1;/wynton/group/sali/miha_rozic/Software/imp-develop/build/module_bin/pmi:1;/wynton/group/sali/miha_rozic/Software/imp-develop/build/module_bin/rmf:1;/wynton/group/sali/miha_rozic/Software/imp-develop/build/module_bin/rotamer:1;/wynton/group/sali/miha_rozic/Software/imp-develop/build/module_bin/saxs:1;/wynton/group/sali/miha_rozic/Software/imp-develop/build/module_bin/saxs_merge:1;/wynton/group/sali/miha_rozic/Software/imp-develop/build/module_bin/score_functor:1;/wynton/group/sali/miha_rozic/Software/imp-develop/build/module_bin/scratch:1;/wynton/group/sali/miha_rozic/Software/imp-develop/build/module_bin/spb:1;/wynton/group/sali/miha_rozic/Software/imp-develop/build/module_bin/statistics:1;/wynton/group/sali/miha_rozic/Software/imp-develop/build/module_bin/symmetry:1;/wynton/group/sali/miha_rozic/Software/imp-develop/build/module_bin/test:1;/opt/sge/bin:1;/opt/sge/bin/lx-amd64:1;/scratch/708612.1.member.q:1;/usr/local/bin:1;/bin:1;/usr/bin:1;/usr/local/sbin:1;/usr/sbin:1\', \'_ModuleTable002_\': \'fSwKc3RhY2tEZXB0aCA9IDEsCnN0YXR1cyA9ICJhY3RpdmUiLAp1c2VyTmFtZSA9ICJib29zdC8xLjczLjAiLAp3ViA9ICIwMDAwMDAwMDEuMDAwMDAwMDczLip6ZmluYWwiLAp9LApoZGY1ID0gewpmbiA9ICIvc2FsaWxhYi9kaXZhMS9ob21lL21vZHVsZXMvaGRmNS8xLjEwLjciLApmdWxsTmFtZSA9ICJoZGY1LzEuMTAuNyIsCmxvYWRPcmRlciA9IDUsCnByb3BUID0ge30sCnN0YWNrRGVwdGggPSAyLApzdGF0dXMgPSAiYWN0aXZlIiwKdXNlck5hbWUgPSAiaGRmNS8xLjEwLjciLAp3ViA9ICIwMDAwMDAwMDEuMDAwMDAwMDEwLjAwMDAwMDAwNy4qemZpbmFsIiwKfSwKaW1wID0gewpmbiA9ICIvc2FsaWxhYi9kaXZhMS9ob21lL21vZHVsZXMvaW1wLzIuMjEuMCIsCmZ1bGxO\', \'IMP_DIR\': \'/salilab/diva1/home/imp/main/20240607-af6f9d6a95/lib/release8/cmake/IMP\', \'QUEUE\': \'member.q\', \'GOTO_NUM_THREADS\': \'1\', \'MPI_PYTHON3_SITEARCH\': \'/usr/lib64/python3.6/site-packages/openmpi\', \'LANG\': \'en_US.UTF-8\', \'HISTCONTROL\': \'ignoredups\', \'_ModuleTable008_\': \'cyIsCmZ1bGxOYW1lID0gInNhbGktbGlicmFyaWVzIiwKbG9hZE9yZGVyID0gOCwKcHJvcFQgPSB7fSwKc3RhY2tEZXB0aCA9IDEsCnN0YXR1cyA9ICJhY3RpdmUiLAp1c2VyTmFtZSA9ICJzYWxpLWxpYnJhcmllcyIsCndWID0gIk0uKnpmaW5hbCIsCn0sCn0sCm1wYXRoQSA9IHsKIi9zYWxpbGFiL2RpdmExL2hvbWUvbW9kdWxlcyIsICIvZXRjL21vZHVsZWZpbGVzIiwgIi91c3Ivc2hhcmUvbW9kdWxlZmlsZXMiCiwgIi91c3Ivc2hhcmUvbW9kdWxlZmlsZXMvTGludXgiLCAiL3Vzci9zaGFyZS9tb2R1bGVmaWxlcy9Db3JlIiwgIi91c3Ivc2hhcmUvbG1vZC9sbW9kL21vZHVsZWZpbGVzL0NvcmUiLAp9LApzeXN0ZW1CYXNlTVBBVEggPSAiL2V0Yy9tb2R1bGVmaWxlczovdXNy\', \'SGE_O_HOST\': \'dev1\', \'HOSTNAME\': \'qb3-id343.wynton.ucsf.edu\', \'OPENBLAS_NUM_THREADS\': \'1\', \'__LMOD_REF_COUNT_CMAKE_INCLUDE_PATH\': \'/salilab/diva1/programs/x86_64linux/opencv-4.3.0/include/opencv4:1;/salilab/diva1/programs/x86_64linux/hdf5-1.10.7/include:1;/salilab/diva1/programs/x86_64linux/libtau-py27-1.0.1/include:1;/salilab/diva1/programs/x86_64linux/boost-1.73.0/include:1\', \'SGE_RSH_COMMAND\': \'builtin\', \'ENVIRONMENT\': \'BATCH\', \'IMP_DATA\': \'/wynton/group/sali/miha_rozic/Software/imp-develop/build/data\', \'REQUEST\': \'test1\', \'SGE_STDIN_PATH\': \'/dev/null\', \'SGE_CELL\': \'wynton\', \'_ModuleTable007_\': \'MjEuMyIsCndWID0gIjAwMDAwMDAwMC4wMDAwMDAwMjEuMDAwMDAwMDAzLip6ZmluYWwiLAp9LApbInB5dGhvbjMvc2NpcHkiXSA9IHsKZm4gPSAiL3NhbGlsYWIvZGl2YTEvaG9tZS9tb2R1bGVzL3B5dGhvbjMvc2NpcHkvMS4zLjIiLApmdWxsTmFtZSA9ICJweXRob24zL3NjaXB5LzEuMy4yIiwKbG9hZE9yZGVyID0gMTAsCnByb3BUID0ge30sCnN0YWNrRGVwdGggPSAxLApzdGF0dXMgPSAiYWN0aXZlIiwKdXNlck5hbWUgPSAicHl0aG9uMy9zY2lweS8xLjMuMiIsCndWID0gIjAwMDAwMDAwMS4wMDAwMDAwMDMuMDAwMDAwMDAyLip6ZmluYWwiLAp9LApbInNhbGktbGlicmFyaWVzIl0gPSB7CmZuID0gIi9zYWxpbGFiL2RpdmExL2hvbWUvbW9kdWxlcy9zYWxpLWxpYnJhcmll\', \'CMAKE_INCLUDE_PATH\': \'/salilab/diva1/programs/x86_64linux/opencv-4.3.0/include/opencv4:/salilab/diva1/programs/x86_64linux/hdf5-1.10.7/include:/salilab/diva1/programs/x86_64linux/libtau-py27-1.0.1/include:/salilab/diva1/programs/x86_64linux/boost-1.73.0/include\', \'__LMOD_REF_COUNT_LD_LIBRARY_PATH\': \'/salilab/diva1/programs/x86_64linux/numpy-py36-1.19.5/lib:1;/salilab/diva1/home/libs/x86_64/centos8:1;/salilab/diva1/home/libs/x86_64:1;/salilab/diva1/home/imp/main/20240607-af6f9d6a95/lib/release8:1;/salilab/diva1/programs/x86_64linux/opencv-4.3.0/lib64/rhel:1;/salilab/diva1/programs/x86_64linux/opencv-4.3.0/lib64:1;/salilab/diva1/programs/x86_64linux/hdf5-1.10.7/lib:1;/salilab/diva1/programs/x86_64linux/libtau-py27-1.0.1/lib64:1;/salilab/diva1/programs/x86_64linux/boost-1.73.0/lib64:1;/usr/lib64/openmpi/lib:1;/wynton/group/sali/miha_rozic/Software/imp-develop/build/lib:2;:1\', \'__LMOD_REF_COUNT_PKG_CONFIG_PATH\': \'/usr/lib64/openmpi/lib/pkgconfig:1\', \'_ModuleTable004_\': \'aGFyZS9tb2R1bGVmaWxlcy9tcGkvb3Blbm1waS14ODZfNjQiLApmdWxsTmFtZSA9ICJtcGkvb3Blbm1waS14ODZfNjQiLApsb2FkT3JkZXIgPSAyLApwcm9wVCA9IHt9LApzdGFja0RlcHRoID0gMCwKc3RhdHVzID0gImFjdGl2ZSIsCnVzZXJOYW1lID0gIm1waS9vcGVubXBpLXg4Nl82NCIsCndWID0gIipvcGVubXBpLip4LjAwMDAwMDA4Ni4qXy4wMDAwMDAwNjQuKnpmaW5hbCIsCn0sCm9wZW5jdiA9IHsKZm4gPSAiL3NhbGlsYWIvZGl2YTEvaG9tZS9tb2R1bGVzL29wZW5jdi80LjMuMCIsCmZ1bGxOYW1lID0gIm9wZW5jdi80LjMuMCIsCmxvYWRPcmRlciA9IDYsCnByb3BUID0ge30sCnN0YWNrRGVwdGggPSAxLApzdGF0dXMgPSAiYWN0aXZlIiwKdXNlck5hbWUgPSAib3Bl\', \'__LMOD_REF_COUNT_PYTHONPATH\': \'/salilab/diva1/programs/x86_64linux/scikit-py36-0.21.3/lib64/python3.6/site-packages:1;/salilab/diva1/programs/linux/joblib-0.17.0/lib/python3.6/site-packages:1;/salilab/diva1/programs/x86_64linux/scipy-py36-1.3.2/lib64/python3.6/site-packages:1;/salilab/diva1/programs/x86_64linux/numpy-py36-1.19.5/lib64/python3.6/site-packages:1;/salilab/diva1/home/imp/main/20240607-af6f9d6a95/lib/release8:1;/salilab/diva1/programs/x86_64linux/opencv-4.3.0/lib/python3.6/site-packages:1;/wynton/group/sali/miha_rozic/Software/imp-develop/build/lib:2;:1\', \'which_declare\': \'declare -f\', \'NHOSTS\': \'1\', \'SGE_O_WORKDIR\': \'/wynton/group/sali/miha_rozic/Input_information/SNAPSHOTS/central_directory/snapshot2_1min/run43\', \'USER\': \'rozicmiha\', \'SGE_TASK_ID\': \'undefined\', \'__LMOD_REF_COUNT_CMAKE_LIBRARY_PATH\': \'/salilab/diva1/programs/x86_64linux/opencv-4.3.0/lib64:1;/salilab/diva1/programs/x86_64linux/hdf5-1.10.7/lib:1;/salilab/diva1/programs/x86_64linux/libtau-py27-1.0.1/lib64:1;/salilab/diva1/programs/x86_64linux/boost-1.73.0/lib64:1\', \'SGE_TASK_FIRST\': \'undefined\', \'NSLOTS\': \'16\', \'__LMOD_REF_COUNT_MODULEPATH\': \'/salilab/diva1/home/modules:1;/etc/modulefiles:1;/usr/share/modulefiles:1;/usr/share/modulefiles/Linux:1;/usr/share/modulefiles/Core:1;/usr/share/lmod/lmod/modulefiles/Core:1\', \'PWD\': \'/wynton/group/sali/miha_rozic/Input_information/SNAPSHOTS/central_directory/snapshot2_1min/run43\', \'HOME\': \'/wynton/home/sali/rozicmiha\', \'NQUEUES\': \'1\', \'TMP\': \'/scratch/708612.1.member.q\', \'PE\': \'smp\', \'SGE_O_HOME\': \'/wynton/home/sali/rozicmiha\', \'LMOD_VERSION\': \'8.7.32\', \'JOB_NAME\': \'test1\', \'BASH_ENV\': \'/usr/share/lmod/lmod/init/bash\', \'MPI_FORTRAN_MOD_DIR\': \'/usr/lib64/gfortran/modules/openmpi\', \'SGE_TASK_LAST\': \'undefined\', \'MKL_NUM_THREADS\': \'1\', \'MPI_COMPILER\': \'openmpi-x86_64\', \'SGE_ACCOUNT\': \'sge\', \'SGE_ROOT\': \'/opt/sge\', \'MPI_SUFFIX\': \'_openmpi\', \'TMPDIR\': \'/scratch/708612.1.member.q\', \'RESTARTED\': \'0\', \'LMOD_sys\': \'Linux\', \'_ModuleTable001_\': \'X01vZHVsZVRhYmxlXyA9IHsKTVR2ZXJzaW9uID0gMywKY19yZWJ1aWxkVGltZSA9IGZhbHNlLApjX3Nob3J0VGltZSA9IGZhbHNlLApkZXB0aFQgPSB7fSwKZmFtaWx5ID0ge30sCm1UID0gewpTYWxpID0gewpmbiA9ICIvZXRjL21vZHVsZWZpbGVzL1NhbGkubHVhIiwKZnVsbE5hbWUgPSAiU2FsaSIsCmxvYWRPcmRlciA9IDEsCnByb3BUID0ge30sCnN0YWNrRGVwdGggPSAwLApzdGF0dXMgPSAiYWN0aXZlIiwKdXNlck5hbWUgPSAiU2FsaSIsCndWID0gIk0uKnpmaW5hbCIsCn0sCmJvb3N0ID0gewpmbiA9ICIvc2FsaWxhYi9kaXZhMS9ob21lL21vZHVsZXMvYm9vc3QvMS43My4wIiwKZnVsbE5hbWUgPSAiYm9vc3QvMS43My4wIiwKbG9hZE9yZGVyID0gMywKcHJvcFQgPSB7\', \'LOADEDMODULES\': \'Sali:mpi/openmpi-x86_64:boost/1.73.0:libtau/1.0.1:hdf5/1.10.7:opencv/4.3.0:imp/2.21.0:sali-libraries:python3/numpy/1.19.5:python3/scipy/1.3.2:python3/joblib/0.17.0:python3/scikit/0.21.3\', \'SGE_O_PATH\': \'/salilab/diva1/programs/x86_64linux/numpy-py36-1.19.5/bin:/salilab/diva1/home/imp/main/20240607-af6f9d6a95/bin/release8:/salilab/diva1/programs/x86_64linux/opencv-4.3.0/bin:/salilab/diva1/programs/x86_64linux/hdf5-1.10.7/bin:/wynton/home/sali/rozicmiha/.local/bin:/wynton/home/sali/rozicmiha/bin:/wynton/group/sali/miha_rozic/Software/imp-develop/build/bin:/wynton/group/sali/miha_rozic/Software/imp-develop/build/module_bin/EMageFit:/wynton/group/sali/miha_rozic/Software/imp-develop/build/module_bin/algebra:/wynton/group/sali/miha_rozic/Software/imp-develop/build/module_bin/atom:/wynton/group/sali/miha_rozic/Software/imp-develop/build/module_bin/benchmark:/wynton/group/sali/miha_rozic/Software/imp-develop/build/module_bin/cgal:/wynton/group/sali/miha_rozic/Software/imp-develop/build/module_bin/cnmultifit:/wynton/group/sali/miha_rozic/Software/imp-develop/build/module_bin/container:/wynton/group/sali/miha_rozic/Software/imp-develop/build/module_bin/core:/wynton/group/sali/miha_rozic/Software/imp-develop/build/module_bin/display:/wynton/group/sali/miha_rozic/Software/imp-develop/build/module_bin/domino:/wynton/group/sali/miha_rozic/Software/imp-develop/build/module_bin/em:/wynton/group/sali/miha_rozic/Software/imp-develop/build/module_bin/em2d:/wynton/group/sali/miha_rozic/Software/imp-develop/build/module_bin/example:/wynton/group/sali/miha_rozic/Software/imp-develop/build/module_bin/foxs:/wynton/group/sali/miha_rozic/Software/imp-develop/build/module_bin/gsl:/wynton/group/sali/miha_rozic/Software/imp-develop/build/module_bin/integrative_docking:/wynton/group/sali/miha_rozic/Software/imp-develop/build/module_bin/isd:/wynton/group/sali/miha_rozic/Software/imp-develop/build/module_bin/kernel:/wynton/group/sali/miha_rozic/Software/imp-develop/build/module_bin/kinematics:/wynton/group/sali/miha_rozic/Software/imp-develop/build/module_bin/kmeans:/wynton/group/sali/miha_rozic/Software/imp-develop/build/module_bin/misc:/wynton/group/sali/miha_rozic/Software/imp-develop/build/module_bin/mmcif:/wynton/group/sali/miha_rozic/Software/imp-develop/build/module_bin/modeller:/wynton/group/sali/miha_rozic/Software/imp-develop/build/module_bin/mpi:/wynton/group/sali/miha_rozic/Software/imp-develop/build/module_bin/multi_state:/wynton/group/sali/miha_rozic/Software/imp-develop/build/module_bin/multifit:/wynton/group/sali/miha_rozic/Software/imp-develop/build/module_bin/npc:/wynton/group/sali/miha_rozic/Software/imp-develop/build/module_bin/npcassembly:/wynton/group/sali/miha_rozic/Software/imp-develop/build/module_bin/parallel:/wynton/group/sali/miha_rozic/Software/imp-develop/build/module_bin/pepdock:/wynton/group/sali/miha_rozic/Software/imp-develop/build/module_bin/pmi:/wynton/group/sali/miha_rozic/Software/imp-develop/build/module_bin/rmf:/wynton/group/sali/miha_rozic/Software/imp-develop/build/module_bin/rotamer:/wynton/group/sali/miha_rozic/Software/imp-develop/build/module_bin/saxs:/wynton/group/sali/miha_rozic/Software/imp-develop/build/module_bin/saxs_merge:/wynton/group/sali/miha_rozic/Software/imp-develop/build/module_bin/score_functor:/wynton/group/sali/miha_rozic/Software/imp-develop/build/module_bin/scratch:/wynton/group/sali/miha_rozic/Software/imp-develop/build/module_bin/spb:/wynton/group/sali/miha_rozic/Software/imp-develop/build/module_bin/statistics:/wynton/group/sali/miha_rozic/Software/imp-develop/build/module_bin/symmetry:/wynton/group/sali/miha_rozic/Software/imp-develop/build/module_bin/test:/opt/sge/bin:/opt/sge/bin/lx-amd64:/usr/local/bin:/usr/bin:/usr/local/sbin:/usr/sbin\', \'SGE_O_SHELL\': \'/bin/bash\', \'_ModuleTable006_\': \'bWUgPSAicHl0aG9uMy9udW1weS8xLjE5LjUiLApsb2FkT3JkZXIgPSA5LApwcm9wVCA9IHt9LApzdGFja0RlcHRoID0gMiwKc3RhdHVzID0gImFjdGl2ZSIsCnVzZXJOYW1lID0gInB5dGhvbjMvbnVtcHkvMS4xOS41IiwKd1YgPSAiMDAwMDAwMDAxLjAwMDAwMDAxOS4wMDAwMDAwMDUuKnpmaW5hbCIsCn0sClsicHl0aG9uMy9zY2lraXQiXSA9IHsKZm4gPSAiL3NhbGlsYWIvZGl2YTEvaG9tZS9tb2R1bGVzL3B5dGhvbjMvc2Npa2l0LzAuMjEuMyIsCmZ1bGxOYW1lID0gInB5dGhvbjMvc2Npa2l0LzAuMjEuMyIsCmxvYWRPcmRlciA9IDEyLApwcm9wVCA9IHt9LApzdGFja0RlcHRoID0gMCwKc3RhdHVzID0gImFjdGl2ZSIsCnVzZXJOYW1lID0gInB5dGhvbjMvc2Npa2l0LzAu\', \'__LMOD_REF_COUNT_MANPATH\': \':2;/usr/share/man/openmpi-x86_64:1;/opt/sge/man:1;/usr/share/lmod/lmod/share/man:1\', \'MPI_INCLUDE\': \'/usr/include/openmpi-x86_64\', \'_ModuleTable003_\': \'YW1lID0gImltcC8yLjIxLjAiLApsb2FkT3JkZXIgPSA3LApwcm9wVCA9IHt9LApzdGFja0RlcHRoID0gMCwKc3RhdHVzID0gImFjdGl2ZSIsCnVzZXJOYW1lID0gImltcCIsCndWID0gIl4wMDAwMDAwMi4wMDAwMDAwMjEuKnpmaW5hbCIsCn0sCmxpYnRhdSA9IHsKZm4gPSAiL3NhbGlsYWIvZGl2YTEvaG9tZS9tb2R1bGVzL2xpYnRhdS8xLjAuMSIsCmZ1bGxOYW1lID0gImxpYnRhdS8xLjAuMSIsCmxvYWRPcmRlciA9IDQsCnByb3BUID0ge30sCnN0YWNrRGVwdGggPSAxLApzdGF0dXMgPSAiYWN0aXZlIiwKdXNlck5hbWUgPSAibGlidGF1LzEuMC4xIiwKd1YgPSAiMDAwMDAwMDAxLjAwMDAwMDAwMC4wMDAwMDAwMDEuKnpmaW5hbCIsCn0sCm1waSA9IHsKZm4gPSAiL3Vzci9z\', \'LMOD_ROOT\': \'/usr/share/lmod\', \'SYSTEMCTL_SKIP_REDIRECT\': \'\', \'MAIL\': \'/var/spool/mail/rozicmiha\', \'SGE_CWD_PATH\': \'/wynton/group/sali/miha_rozic/Input_information/SNAPSHOTS/central_directory/snapshot2_1min/run43\', \'MPI_HOME\': \'/usr/lib64/openmpi\', \'_ModuleTable009_\': \'L3NoYXJlL21vZHVsZWZpbGVzOi91c3Ivc2hhcmUvbW9kdWxlZmlsZXMvTGludXg6L3Vzci9zaGFyZS9tb2R1bGVmaWxlcy9Db3JlOi91c3Ivc2hhcmUvbG1vZC9sbW9kL21vZHVsZWZpbGVzL0NvcmUiLAp9Cg==\', \'SGE_TASK_STEPSIZE\': \'undefined\', \'SHELL\': \'/bin/bash\', \'TERM\': \'\', \'_ModuleTable_Sz_\': \'9\', \'SGE_JOB_SPOOL_DIR\': \'/var/spool/sge/wynton/qb3-id343/active_jobs/708612.1\', \'JOB_ID\': \'708612\', \'IMP_EXAMPLE_DATA\': \'/wynton/group/sali/miha_rozic/Software/imp-develop/build/doc/examples\', \'R_FUTURE_AVAILABLECORES_FALLBACK\': \'1\', \'JOB_SCRIPT\': \'/var/spool/sge/wynton/qb3-id343/job_scripts/708612\', \'SHLVL\': \'2\', \'SGE_O_LOGNAME\': \'rozicmiha\', \'SGE_O_MAIL\': \'/var/spool/mail/rozicmiha\', \'PYTHONPATH\': \'/salilab/diva1/programs/x86_64linux/scikit-py36-0.21.3/lib64/python3.6/site-packages:/salilab/diva1/programs/linux/joblib-0.17.0/lib/python3.6/site-packages:/salilab/diva1/programs/x86_64linux/scipy-py36-1.3.2/lib64/python3.6/site-packages:/salilab/diva1/programs/x86_64linux/numpy-py36-1.19.5/lib64/python3.6/site-packages:/salilab/diva1/home/imp/main/20240607-af6f9d6a95/lib/release8:/salilab/diva1/programs/x86_64linux/opencv-4.3.0/lib/python3.6/site-packages:/wynton/group/sali/miha_rozic/Software/imp-develop/build/lib::\', \'MANPATH\': \':/usr/share/man/openmpi-x86_64:/opt/sge/man:/usr/share/lmod/lmod/share/man\', \'MODULEPATH\': \'/salilab/diva1/home/modules:/etc/modulefiles:/usr/share/modulefiles:/usr/share/modulefiles/Linux:/usr/share/modulefiles/Core:/usr/share/lmod/lmod/modulefiles/Core\', \'MPI_SYSCONFIG\': \'/etc/openmpi-x86_64\', \'LOGNAME\': \'rozicmiha\', \'SYSTEMCTL_IGNORE_DEPENDENCIES\': \'\', \'MODULEPATH_ROOT\': \'/usr/share/modulefiles\', \'PATH\': \'/salilab/diva1/programs/x86_64linux/numpy-py36-1.19.5/bin:/salilab/diva1/home/imp/main/20240607-af6f9d6a95/bin/release8:/salilab/diva1/programs/x86_64linux/opencv-4.3.0/bin:/salilab/diva1/programs/x86_64linux/hdf5-1.10.7/bin:/usr/lib64/openmpi/bin:/wynton/home/sali/rozicmiha/.local/bin:/wynton/home/sali/rozicmiha/bin:/wynton/group/sali/miha_rozic/Software/imp-develop/build/bin:/wynton/group/sali/miha_rozic/Software/imp-develop/build/module_bin/EMageFit:/wynton/group/sali/miha_rozic/Software/imp-develop/build/module_bin/algebra:/wynton/group/sali/miha_rozic/Software/imp-develop/build/module_bin/atom:/wynton/group/sali/miha_rozic/Software/imp-develop/build/module_bin/benchmark:/wynton/group/sali/miha_rozic/Software/imp-develop/build/module_bin/cgal:/wynton/group/sali/miha_rozic/Software/imp-develop/build/module_bin/cnmultifit:/wynton/group/sali/miha_rozic/Software/imp-develop/build/module_bin/container:/wynton/group/sali/miha_rozic/Software/imp-develop/build/module_bin/core:/wynton/group/sali/miha_rozic/Software/imp-develop/build/module_bin/display:/wynton/group/sali/miha_rozic/Software/imp-develop/build/module_bin/domino:/wynton/group/sali/miha_rozic/Software/imp-develop/build/module_bin/em:/wynton/group/sali/miha_rozic/Software/imp-develop/build/module_bin/em2d:/wynton/group/sali/miha_rozic/Software/imp-develop/build/module_bin/example:/wynton/group/sali/miha_rozic/Software/imp-develop/build/module_bin/foxs:/wynton/group/sali/miha_rozic/Software/imp-develop/build/module_bin/gsl:/wynton/group/sali/miha_rozic/Software/imp-develop/build/module_bin/integrative_docking:/wynton/group/sali/miha_rozic/Software/imp-develop/build/module_bin/isd:/wynton/group/sali/miha_rozic/Software/imp-develop/build/module_bin/kernel:/wynton/group/sali/miha_rozic/Software/imp-develop/build/module_bin/kinematics:/wynton/group/sali/miha_rozic/Software/imp-develop/build/module_bin/kmeans:/wynton/group/sali/miha_rozic/Software/imp-develop/build/module_bin/misc:/wynton/group/sali/miha_rozic/Software/imp-develop/build/module_bin/mmcif:/wynton/group/sali/miha_rozic/Software/imp-develop/build/module_bin/modeller:/wynton/group/sali/miha_rozic/Software/imp-develop/build/module_bin/mpi:/wynton/group/sali/miha_rozic/Software/imp-develop/build/module_bin/multi_state:/wynton/group/sali/miha_rozic/Software/imp-develop/build/module_bin/multifit:/wynton/group/sali/miha_rozic/Software/imp-develop/build/module_bin/npc:/wynton/group/sali/miha_rozic/Software/imp-develop/build/module_bin/npcassembly:/wynton/group/sali/miha_rozic/Software/imp-develop/build/module_bin/parallel:/wynton/group/sali/miha_rozic/Software/imp-develop/build/module_bin/pepdock:/wynton/group/sali/miha_rozic/Software/imp-develop/build/module_bin/pmi:/wynton/group/sali/miha_rozic/Software/imp-develop/build/module_bin/rmf:/wynton/group/sali/miha_rozic/Software/imp-develop/build/module_bin/rotamer:/wynton/group/sali/miha_rozic/Software/imp-develop/build/module_bin/saxs:/wynton/group/sali/miha_rozic/Software/imp-develop/build/module_bin/saxs_merge:/wynton/group/sali/miha_rozic/Software/imp-develop/build/module_bin/score_functor:/wynton/group/sali/miha_rozic/Software/imp-develop/build/module_bin/scratch:/wynton/group/sali/miha_rozic/Software/imp-develop/build/module_bin/spb:/wynton/group/sali/miha_rozic/Software/imp-develop/build/module_bin/statistics:/wynton/group/sali/miha_rozic/Software/imp-develop/build/module_bin/symmetry:/wynton/group/sali/miha_rozic/Software/imp-develop/build/module_bin/test:/opt/sge/bin:/opt/sge/bin/lx-amd64:/scratch/708612.1.member.q:/usr/local/bin:/bin:/usr/bin:/usr/local/sbin:/usr/sbin\', \'MPI_BIN\': \'/usr/lib64/openmpi/bin\', \'SGE_STDERR_PATH\': \'/wynton/group/sali/miha_rozic/Input_information/SNAPSHOTS/central_directory/snapshot2_1min/run43/test1.o708612\', \'_LMFILES_\': \'/etc/modulefiles/Sali.lua:/usr/share/modulefiles/mpi/openmpi-x86_64:/salilab/diva1/home/modules/boost/1.73.0:/salilab/diva1/home/modules/libtau/1.0.1:/salilab/diva1/home/modules/hdf5/1.10.7:/salilab/diva1/home/modules/opencv/4.3.0:/salilab/diva1/home/modules/imp/2.21.0:/salilab/diva1/home/modules/sali-libraries:/salilab/diva1/home/modules/python3/numpy/1.19.5:/salilab/diva1/home/modules/python3/scipy/1.3.2:/salilab/diva1/home/modules/python3/joblib/0.17.0:/salilab/diva1/home/modules/python3/scikit/0.21.3\', \'DEBUGINFOD_URLS\': \'https://debuginfod.centos.org/ \', \'MODULESHOME\': \'/usr/share/lmod/lmod\', \'PKG_CONFIG_PATH\': \'/usr/lib64/openmpi/lib/pkgconfig\', \'LMOD_SETTARG_FULL_SUPPORT\': \'no\', \'HISTSIZE\': \'1000\', \'SGE_ARCH\': \'lx-amd64\', \'LMOD_PKG\': \'/usr/share/lmod/lmod\', \'CMAKE_LIBRARY_PATH\': \'/salilab/diva1/programs/x86_64linux/opencv-4.3.0/lib64:/salilab/diva1/programs/x86_64linux/hdf5-1.10.7/lib:/salilab/diva1/programs/x86_64linux/libtau-py27-1.0.1/lib64:/salilab/diva1/programs/x86_64linux/boost-1.73.0/lib64\', \'ARC\': \'lx-amd64\', \'MPI_LIB\': \'/usr/lib64/openmpi/lib\', \'SGE_BINARY_PATH\': \'/opt/sge/bin/lx-amd64\', \'SGE_STDOUT_PATH\': \'/wynton/group/sali/miha_rozic/Input_information/SNAPSHOTS/central_directory/snapshot2_1min/run43/test1.o708612\', \'_ModuleTable005_\': \'bmN2LzQuMy4wIiwKd1YgPSAiMDAwMDAwMDA0LjAwMDAwMDAwMy4qemZpbmFsIiwKfSwKWyJweXRob24zL2pvYmxpYiJdID0gewpmbiA9ICIvc2FsaWxhYi9kaXZhMS9ob21lL21vZHVsZXMvcHl0aG9uMy9qb2JsaWIvMC4xNy4wIiwKZnVsbE5hbWUgPSAicHl0aG9uMy9qb2JsaWIvMC4xNy4wIiwKbG9hZE9yZGVyID0gMTEsCnByb3BUID0ge30sCnN0YWNrRGVwdGggPSAxLApzdGF0dXMgPSAiYWN0aXZlIiwKdXNlck5hbWUgPSAicHl0aG9uMy9qb2JsaWIiLAp3ViA9ICIwMDAwMDAwMDAuMDAwMDAwMDE3Lip6ZmluYWwiLAp9LApbInB5dGhvbjMvbnVtcHkiXSA9IHsKZm4gPSAiL3NhbGlsYWIvZGl2YTEvaG9tZS9tb2R1bGVzL3B5dGhvbjMvbnVtcHkvMS4xOS41IiwKZnVsbE5h\', \'LMOD_CMD\': \'/usr/share/lmod/lmod/libexec/lmod\', \'REQNAME\': \'test1\', \'IMP_BIN_DIR\': \'/wynton/group/sali/miha_rozic/Software/imp-develop/build/bin\', \'MPI_MAN\': \'/usr/share/man/openmpi-x86_64\', \'LESSOPEN\': \'||/usr/bin/lesspipe.sh %s\', \'OMP_NUM_THREADS\': \'1\', \'SGE_CLUSTER_NAME\': \'wynton_cluster\', \'LMOD_DIR\': \'/usr/share/lmod/lmod/libexec\', \'BASH_FUNC_which%%\': \'() {  ( alias;\\n eval ${which_declare} ) | /usr/bin/which --tty-only --read-alias --read-functions --show-tilde --show-dot $@\\n}\', \'BASH_FUNC_module%%\': \'() {  if [ -z "${LMOD_SH_DBG_ON+x}" ]; then\\n case "$-" in \\n *v*x*)\\n __lmod_sh_dbg=\\\'vx\\\'\\n ;;\\n *v*)\\n __lmod_sh_dbg=\\\'v\\\'\\n ;;\\n *x*)\\n __lmod_sh_dbg=\\\'x\\\'\\n ;;\\n esac;\\n fi;\\n if [ -n "${__lmod_sh_dbg:-}" ]; then\\n set +$__lmod_sh_dbg;\\n echo "Shell debugging temporarily silenced: export LMOD_SH_DBG_ON=1 for Lmod\\\'s output" 1>&2;\\n fi;\\n eval "$($LMOD_CMD shell "$@")" && eval "$(${LMOD_SETTARG_CMD:-:} -s sh)";\\n __lmod_my_status=$?;\\n if [ -n "${__lmod_sh_dbg:-}" ]; then\\n echo "Shell debugging restarted" 1>&2;\\n set -$__lmod_sh_dbg;\\n fi;\\n unset __lmod_sh_dbg;\\n return $__lmod_my_status\\n}\', \'BASH_FUNC_ml%%\': \'() {  eval "$($LMOD_DIR/ml_cmd "$@")"\\n}\', \'_\': \'/usr/lib64/openmpi/bin/mpirun\', \'IPATH_NO_BACKTRACE\': \'1\', \'HFI_NO_BACKTRACE\': \'1\', \'OMPI_MCA_orte_local_daemon_uri\': \'1885732864.0;tcp://172.26.39.93:42123\', \'OMPI_MCA_orte_hnp_uri\': \'1885732864.0;tcp://172.26.39.93:42123\', \'OMPI_MCA_mpi_oversubscribe\': \'0\', \'OMPI_MCA_orte_app_num\': \'0\', \'OMPI_UNIVERSE_SIZE\': \'16\', \'OMPI_MCA_orte_num_nodes\': \'1\', \'OMPI_MCA_shmem_RUNTIME_QUERY_hint\': \'mmap\', \'OMPI_MCA_orte_bound_at_launch\': \'1\', \'OMPI_MCA_ess\': \'^singleton\', \'OMPI_MCA_orte_ess_num_procs\': \'16\', \'OMPI_COMM_WORLD_SIZE\': \'16\', \'OMPI_COMM_WORLD_LOCAL_SIZE\': \'16\', \'OMPI_MCA_orte_tmpdir_base\': \'/scratch/708612.1.member.q\', \'OMPI_MCA_orte_top_session_dir\': \'/scratch/708612.1.member.q/ompi.qb3-id343.11149\', \'OMPI_MCA_orte_jobfam_session_dir\': \'/scratch/708612.1.member.q/ompi.qb3-id343.11149/pid.1906438\', \'OMPI_NUM_APP_CTX\': \'1\', \'OMPI_FIRST_RANKS\': \'0\', \'OMPI_APP_CTX_NUM_PROCS\': \'16\', \'OMPI_MCA_initial_wdir\': \'/wynton/group/sali/miha_rozic/Input_information/SNAPSHOTS/central_directory/snapshot2_1min/run43\', \'OMPI_MCA_orte_launch\': \'1\', \'PMIX_NAMESPACE\': \'1885732865\', \'PMIX_RANK\': \'9\', \'PMIX_SERVER_URI2\': \'1885732864.0;tcp4://127.0.0.1:54931\', \'PMIX_SERVER_URI21\': \'1885732864.0;tcp4://127.0.0.1:54931\', \'PMIX_SECURITY_MODE\': \'native,none\', \'PMIX_PTL_MODULE\': \'tcp,usock\', \'PMIX_BFROP_BUFFER_TYPE\': \'PMIX_BFROP_BUFFER_NON_DESC\', \'PMIX_GDS_MODULE\': \'ds21,ds12,hash\', \'PMIX_SERVER_TMPDIR\': \'/scratch/708612.1.member.q/ompi.qb3-id343.11149/pid.1906438\', \'PMIX_SYSTEM_TMPDIR\': \'/scratch/708612.1.member.q\', \'PMIX_DSTORE_21_BASE_PATH\': \'/scratch/708612.1.member.q/ompi.qb3-id343.11149/pid.1906438/pmix_dstor_ds21_1906438\', \'PMIX_DSTORE_ESH_BASE_PATH\': \'/scratch/708612.1.member.q/ompi.qb3-id343.11149/pid.1906438/pmix_dstor_ds12_1906438\', \'OMPI_MCA_ess_base_jobid\': \'1885732865\', \'OMPI_MCA_ess_base_vpid\': \'9\', \'OMPI_COMM_WORLD_RANK\': \'9\', \'OMPI_COMM_WORLD_LOCAL_RANK\': \'9\', \'OMPI_COMM_WORLD_NODE_RANK\': \'9\', \'OMPI_MCA_orte_ess_node_rank\': \'9\', \'PMIX_ID\': \'1885732865.9\', \'OMPI_FILE_LOCATION\': \'/scratch/708612.1.member.q/ompi.qb3-id343.11149/pid.1906438/0/0\', \'KMP_DUPLICATE_LIB_OK\': \'True\', \'KMP_INIT_AT_FORK\': \'FALSE\'})', 'STAT2HEADER_IMP_VERSIONS': "{'IMP_VERSION': '2.21.0', 'PMI_VERSION': '2.21.0'}", 0: 'ReplicaExchange_SwapSuccessRatio', 1: 'ReplicaExchange_MinTempFrequency', 2: 'ReplicaExchange_MaxTempFrequency', 3: 'ReplicaExchange_CurrentTemp', 4: 'score'} 
{0: '0', 1: '0', 2: '0', 3: '1.7328621078878674', 4: inf} 
{0: '0.0', 1: '0.0', 2: '0.0', 3: '1.7328621078878674', 4: inf} 
{0: '0.0', 1: '0.0', 2: '0.0', 3: '1.7328621078878674', 4: inf} 
{0: '0.0', 1: '0.0', 2: '0.0', 3: '1.7328621078878674', 4: inf} 
{0: '0.0', 1: '0.0', 2: '0.0', 3: '1.7328621078878674', 4: inf} 
{0: '0.0', 1: '0.0', 2: '0.0', 3: '1.7328621078878674', 4: inf} 
{0: '0.0', 1: '0.0', 2: '0.0', 3: '1.7328621078878674', 4: 3346.212638086575} 
{0: '0.0', 1: '0.0', 2: '0.0', 3: '1.7328621078878674', 4: 884.0942483436814} 
{0: '0.125', 1: '0.0', 2: '0.0', 3: '1.842015749320195', 4: 709.9791615117304} 
{0: '0.2222222222222222', 1: '0.0', 2: '0.0', 3: '1.958045020027179', 4: 695.5019861848286} 
{0: '0.3', 1: '0.0', 2: '0.0', 3: '2.081383018504685', 4: 690.8023127526411} 
{0: '0.36363636363636365', 1: '0.0', 2: '0.0', 3: '2.212490124287102', 4: 665.2815442611418} 
{0: '0.4166666666666667', 1: '0.0', 2: '0.0', 3: '2.351855716390306', 4: 668.3885063274788} 
{0: '0.38461538461538464', 1: '0.0', 2: '0.0', 3: '2.351855716390306', 4: 649.2462001834236} 
{0: '0.42857142857142855', 1: '0.0', 2: '0.0', 3: '2.212490124287102', 4: 658.6004342523013} 
{0: '0.4666666666666667', 1: '0.0', 2: '0.0', 3: '2.081383018504685', 4: 645.0431685070357} 
{0: '0.5', 1: '0.0', 2: '0.0', 3: '1.958045020027179', 4: 644.4529421902564} 
{0: '0.5294117647058824', 1: '0.0', 2: '0.0', 3: '1.842015749320195', 4: 645.4803357673483} 
{0: '0.5555555555555556', 1: '0.0', 2: '0.0', 3: '1.7328621078878674', 4: 641.9246067643618} 
{0: '0.5789473684210527', 1: '0.0', 2: '0.0', 3: '1.6301766616608926', 4: 637.8804338921299} 
{0: '0.55', 1: '0.0', 2: '0.0', 3: '1.6301766616608926', 4: 635.6111267407751} 
{0: '0.5714285714285714', 1: '0.0', 2: '0.0', 3: '1.7328621078878674', 4: 642.9838915146586} 
{0: '0.5909090909090909', 1: '0.0', 2: '0.0', 3: '1.842015749320195', 4: 645.2152632476581} 
{0: '0.6086956521739131', 1: '0.0', 2: '0.0', 3: '1.958045020027179', 4: 643.0487328473118} 
{0: '0.625', 1: '0.0', 2: '0.0', 3: '2.081383018504685', 4: 653.2639474001799} 
{0: '0.64', 1: '0.0', 2: '0.0', 3: '2.212490124287102', 4: 642.0868716605227} 
{0: '0.6538461538461539', 1: '0.0', 2: '0.0', 3: '2.351855716390306', 4: 573.8313054637509} 
{0: '0.6296296296296297', 1: '0.0', 2: '0.0', 3: '2.351855716390306', 4: 574.8348496242706} 
{0: '0.6428571428571429', 1: '0.0', 2: '0.0', 3: '2.212490124287102', 4: 580.4658114895659} 
{0: '0.6551724137931034', 1: '0.0', 2: '0.0', 3: '2.081383018504685', 4: 571.2643291055789} 
{0: '0.6666666666666666', 1: '0.0', 2: '0.0', 3: '1.958045020027179', 4: 561.1384942072999} 
{0: '0.6774193548387096', 1: '0.0', 2: '0.0', 3: '1.842015749320195', 4: 566.3704938482166} 
{0: '0.6875', 1: '0.0', 2: '0.0', 3: '1.7328621078878674', 4: 559.2032763225586} 
{0: '0.696969696969697', 1: '0.0', 2: '0.0', 3: '1.6301766616608926', 4: 560.316938210094} 
{0: '0.7058823529411765', 1: '0.0', 2: '0.0', 3: '1.5335761201812925', 4: 562.8778979859343} 
{0: '0.7142857142857143', 1: '0.0', 2: '0.0', 3: '1.4426999059072143', 4: 559.8999199173719} 
{0: '0.7222222222222222', 1: '0.0', 2: '0.0', 3: '1.3572088082974538', 4: 562.2425801907161} 
{0: '0.7297297297297297', 1: '0.0', 2: '0.0', 3: '1.2767837176518553', 4: 576.9845601099995} 
{0: '0.7105263157894737', 1: '0.0', 2: '0.0', 3: '1.2767837176518553', 4: 563.3255166213999} 
{0: '0.717948717948718', 1: '0.0', 2: '0.0', 3: '1.3572088082974538', 4: 562.1889613929969} 
{0: '0.725', 1: '0.0', 2: '0.0', 3: '1.4426999059072143', 4: 561.002581501971} 
{0: '0.7073170731707317', 1: '0.0', 2: '0.0', 3: '1.4426999059072143', 4: 566.4974408331276} 
{0: '0.6904761904761905', 1: '0.0', 2: '0.0', 3: '1.4426999059072143', 4: 565.0841831671971} 
{0: '0.6976744186046512', 1: '0.0', 2: '0.0', 3: '1.5335761201812925', 4: 567.4091026228807} 
{0: '0.7045454545454546', 1: '0.0', 2: '0.0', 3: '1.6301766616608926', 4: 567.4308467128601} 
{0: '0.7111111111111111', 1: '0.0', 2: '0.0', 3: '1.7328621078878674', 4: 564.6090464178675} 
{0: '0.6956521739130435', 1: '0.0', 2: '0.0', 3: '1.7328621078878674', 4: 565.5999580323393} 
{0: '0.7021276595744681', 1: '0.0', 2: '0.0', 3: '1.6301766616608926', 4: 566.8765288293444} 
{0: '0.7083333333333334', 1: '0.0', 2: '0.0', 3: '1.5335761201812925', 4: 562.1318738660445} 
{0: '0.7142857142857143', 1: '0.0', 2: '0.0', 3: '1.4426999059072143', 4: 558.4911556854752} 
{0: '0.72', 1: '0.0', 2: '0.0', 3: '1.3572088082974538', 4: 565.38148075867} 
{0: '0.7254901960784313', 1: '0.0', 2: '0.0', 3: '1.2767837176518553', 4: 565.5101563139968} 
{0: '0.7115384615384616', 1: '0.0', 2: '0.0', 3: '1.2767837176518553', 4: 561.0890816692071} 
{0: '0.7169811320754716', 1: '0.0', 2: '0.0', 3: '1.3572088082974538', 4: 561.5799314455224} 
{0: '0.7222222222222222', 1: '0.0', 2: '0.0', 3: '1.4426999059072143', 4: 560.7087902895015} 
{0: '0.7090909090909091', 1: '0.0', 2: '0.0', 3: '1.4426999059072143', 4: 564.1154564058539} 
{0: '0.7142857142857143', 1: '0.0', 2: '0.0', 3: '1.3572088082974538', 4: 562.4973880810122} 
{0: '0.7192982456140351', 1: '0.0', 2: '0.0', 3: '1.2767837176518553', 4: 559.0109867873473} 
{0: '0.7068965517241379', 1: '0.0', 2: '0.0', 3: '1.2767837176518553', 4: 570.6342048028891} 
{0: '0.711864406779661', 1: '0.0', 2: '0.0', 3: '1.3572088082974538', 4: 568.0172826280509} 
{0: '0.7166666666666667', 1: '0.0', 2: '0.0', 3: '1.4426999059072143', 4: 565.9377489275481} 
{0: '0.7213114754098361', 1: '0.0', 2: '0.0', 3: '1.5335761201812925', 4: 561.3211183995185} 
{0: '0.7258064516129032', 1: '0.0', 2: '0.0', 3: '1.6301766616608926', 4: 562.6265153118258} 
{0: '0.7142857142857143', 1: '0.0', 2: '0.0', 3: '1.6301766616608926', 4: 573.9467703326937} 
{0: '0.703125', 1: '0.0', 2: '0.0', 3: '1.6301766616608926', 4: 571.8334729591785} 
{0: '0.7076923076923077', 1: '0.0', 2: '0.0', 3: '1.7328621078878674', 4: 567.4821767247768} 
{0: '0.7121212121212122', 1: '0.0', 2: '0.0', 3: '1.842015749320195', 4: 564.7125022338269} 
{0: '0.7014925373134329', 1: '0.0', 2: '0.0', 3: '1.842015749320195', 4: 569.3569857106569} 
{0: '0.7058823529411765', 1: '0.0', 2: '0.0', 3: '1.7328621078878674', 4: 560.5694070970197} 
{0: '0.7101449275362319', 1: '0.0', 2: '0.0', 3: '1.6301766616608926', 4: 564.0061475301825} 
{0: '0.7142857142857143', 1: '0.0', 2: '0.0', 3: '1.5335761201812925', 4: 561.7494753803962} 
{0: '0.7183098591549296', 1: '0.0', 2: '0.0', 3: '1.4426999059072143', 4: 561.1174909149007} 
{0: '0.7222222222222222', 1: '0.0', 2: '0.0', 3: '1.3572088082974538', 4: 570.8236442018858} 
{0: '0.726027397260274', 1: '0.0', 2: '0.0', 3: '1.2767837176518553', 4: 563.1924881310515} 
{0: '0.7297297297297297', 1: '0.0', 2: '0.0', 3: '1.2011244339814315', 4: 563.7079630266751} 
{0: '0.7333333333333333', 1: '0.0', 2: '0.0', 3: '1.1299485464621188', 4: 561.707701568995} 
{0: '0.7236842105263158', 1: '0.0', 2: '0.0', 3: '1.1299485464621188', 4: 559.4839185759595} 
{0: '0.7272727272727273', 1: '0.0', 2: '0.0', 3: '1.2011244339814315', 4: 564.6288039446465} 
{0: '0.7307692307692307', 1: '0.0', 2: '0.0', 3: '1.2767837176518553', 4: 560.3423824954244} 
{0: '0.7341772151898734', 1: '0.0', 2: '0.0', 3: '1.3572088082974538', 4: 562.841451144299} 
{0: '0.7375', 1: '0.0', 2: '0.0', 3: '1.4426999059072143', 4: 568.1507380503963} 
{0: '0.7407407407407407', 1: '0.0', 2: '0.0', 3: '1.5335761201812925', 4: 564.6488308460082} 
{0: '0.7439024390243902', 1: '0.0', 2: '0.0', 3: '1.6301766616608926', 4: 566.5742640344068} 
{0: '0.7469879518072289', 1: '0.0', 2: '0.0', 3: '1.7328621078878674', 4: 562.0032206074126} 
{0: '0.75', 1: '0.0', 2: '0.0', 3: '1.842015749320195', 4: 566.0326498398372} 
{0: '0.7411764705882353', 1: '0.0', 2: '0.0', 3: '1.842015749320195', 4: 570.5391029689544} 
{0: '0.7441860465116279', 1: '0.0', 2: '0.0', 3: '1.7328621078878674', 4: 561.9648839465366} 
{0: '0.7471264367816092', 1: '0.0', 2: '0.0', 3: '1.6301766616608926', 4: 568.6597169714407} 
{0: '0.75', 1: '0.0', 2: '0.0', 3: '1.5335761201812925', 4: 564.931888889578} 
{0: '0.7528089887640449', 1: '0.0', 2: '0.0', 3: '1.4426999059072143', 4: 572.4475680616999} 
{0: '0.7555555555555555', 1: '0.0', 2: '0.0', 3: '1.3572088082974538', 4: 564.2270893734916} 
{0: '0.7582417582417582', 1: '0.0', 2: '0.0', 3: '1.2767837176518553', 4: 563.225449209599} 
{0: '0.7608695652173914', 1: '0.0', 2: '0.0', 3: '1.2011244339814315', 4: 558.6995094481042} 
{0: '0.7526881720430108', 1: '0.0', 2: '0.0', 3: '1.2011244339814315', 4: 562.6465102705728} 
{0: '0.7553191489361702', 1: '0.0', 2: '0.0', 3: '1.2767837176518553', 4: 561.0792451530334} 
{0: '0.7578947368421053', 1: '0.0', 2: '0.0', 3: '1.3572088082974538', 4: 566.1559262539727} 
{0: '0.7604166666666666', 1: '0.0', 2: '0.0', 3: '1.4426999059072143', 4: 562.0695518553324} 
{0: '0.7525773195876289', 1: '0.0', 2: '0.0', 3: '1.4426999059072143', 4: 564.8886116098607} 
{0: '0.7551020408163265', 1: '0.0', 2: '0.0', 3: '1.3572088082974538', 4: 566.5832311100617} 
{0: '0.7575757575757576', 1: '0.0', 2: '0.0', 3: '1.2767837176518553', 4: 563.563974081201} 
{0: '0.75', 1: '0.0', 2: '0.0', 3: '1.2767837176518553', 4: 563.0039956668073} 
{0: '0.7524752475247525', 1: '0.0', 2: '0.0', 3: '1.3572088082974538', 4: 561.9534341300695} 
{0: '0.7450980392156863', 1: '0.0', 2: '0.0', 3: '1.3572088082974538', 4: 563.6286837330208} 
{0: '0.7475728155339806', 1: '0.0', 2: '0.0', 3: '1.2767837176518553', 4: 569.3172331363975} 
{0: '0.7403846153846154', 1: '0.0', 2: '0.0', 3: '1.2767837176518553', 4: 562.7339708598774} 
{0: '0.7428571428571429', 1: '0.0', 2: '0.0', 3: '1.3572088082974538', 4: 562.6058053108645} 
{0: '0.7452830188679245', 1: '0.0', 2: '0.0', 3: '1.4426999059072143', 4: 559.8344956932876} 
{0: '0.7476635514018691', 1: '0.0', 2: '0.0', 3: '1.5335761201812925', 4: 559.9977970503786} 
{0: '0.75', 1: '0.0', 2: '0.0', 3: '1.6301766616608926', 4: 562.7917800903007} 
{0: '0.7431192660550459', 1: '0.0', 2: '0.0', 3: '1.6301766616608926', 4: 562.9118926119135} 
{0: '0.7454545454545455', 1: '0.0', 2: '0.0', 3: '1.5335761201812925', 4: 561.7011506641265} 
{0: '0.7477477477477478', 1: '0.0', 2: '0.0', 3: '1.4426999059072143', 4: 563.3319650870701} 
{0: '0.75', 1: '0.0', 2: '0.0', 3: '1.3572088082974538', 4: 557.6592986722686} 
{0: '0.7522123893805309', 1: '0.0', 2: '0.0', 3: '1.2767837176518553', 4: 561.4362356412736} 
{0: '0.7456140350877193', 1: '0.0', 2: '0.0', 3: '1.2767837176518553', 4: 565.4222402954041} 
{0: '0.7478260869565218', 1: '0.0', 2: '0.0', 3: '1.3572088082974538', 4: 563.2266087738775} 
{0: '0.75', 1: '0.0', 2: '0.0', 3: '1.4426999059072143', 4: 561.434766197072} 
{0: '0.7521367521367521', 1: '0.0', 2: '0.0', 3: '1.5335761201812925', 4: 560.4931559368422} 
{0: '0.7457627118644068', 1: '0.0', 2: '0.0', 3: '1.5335761201812925', 4: 567.3260659838393} 
{0: '0.7478991596638656', 1: '0.0', 2: '0.0', 3: '1.4426999059072143', 4: 565.1142251386341} 
{0: '0.75', 1: '0.0', 2: '0.0', 3: '1.3572088082974538', 4: 559.9665959835048} 
{0: '0.743801652892562', 1: '0.0', 2: '0.0', 3: '1.3572088082974538', 4: 565.9449851750344} 
{0: '0.7459016393442623', 1: '0.0', 2: '0.0', 3: '1.4426999059072143', 4: 560.5886996037154} 
{0: '0.7479674796747967', 1: '0.0', 2: '0.0', 3: '1.5335761201812925', 4: 572.2186517596415} 
{0: '0.75', 1: '0.0', 2: '0.0', 3: '1.6301766616608926', 4: 571.0738598420513} 
{0: '0.752', 1: '0.0', 2: '0.0', 3: '1.7328621078878674', 4: 577.922800709907} 
{0: '0.753968253968254', 1: '0.0', 2: '0.0', 3: '1.842015749320195', 4: 566.4664653219236} 
{0: '0.7480314960629921', 1: '0.0', 2: '0.0', 3: '1.842015749320195', 4: 571.6547791786668} 
{0: '0.75', 1: '0.0', 2: '0.0', 3: '1.7328621078878674', 4: 569.3968778672829} 
{0: '0.751937984496124', 1: '0.0', 2: '0.0', 3: '1.6301766616608926', 4: 565.3027423930079} 
{0: '0.7538461538461538', 1: '0.0', 2: '0.0', 3: '1.5335761201812925', 4: 562.1548140309296} 
{0: '0.7557251908396947', 1: '0.0', 2: '0.0', 3: '1.4426999059072143', 4: 562.52471455115} 
{0: '0.7575757575757576', 1: '0.0', 2: '0.0', 3: '1.3572088082974538', 4: 567.6246981902019} 
{0: '0.7518796992481203', 1: '0.0', 2: '0.0', 3: '1.3572088082974538', 4: 564.6456880318764} 
{0: '0.753731343283582', 1: '0.0', 2: '0.0', 3: '1.4426999059072143', 4: 568.4658586579332} 
{0: '0.7555555555555555', 1: '0.0', 2: '0.0', 3: '1.5335761201812925', 4: 563.7776739162567} 
{0: '0.7573529411764706', 1: '0.0', 2: '0.0', 3: '1.6301766616608926', 4: 563.5984205717086} 
{0: '0.7591240875912408', 1: '0.0', 2: '0.0', 3: '1.7328621078878674', 4: 565.401446339687} 
{0: '0.7536231884057971', 1: '0.0', 2: '0.0', 3: '1.7328621078878674', 4: 565.0418057288159} 
{0: '0.7553956834532374', 1: '0.0', 2: '0.0', 3: '1.6301766616608926', 4: 558.854879696339} 
{0: '0.7571428571428571', 1: '0.0', 2: '0.0', 3: '1.5335761201812925', 4: 567.4303888861677} 
{0: '0.7588652482269503', 1: '0.0', 2: '0.0', 3: '1.4426999059072143', 4: 562.5939017139789} 
{0: '0.7605633802816901', 1: '0.0', 2: '0.0', 3: '1.3572088082974538', 4: 562.468448369435} 
{0: '0.7552447552447552', 1: '0.0', 2: '0.0', 3: '1.3572088082974538', 4: 560.4126610553676} 
{0: '0.7569444444444444', 1: '0.0', 2: '0.0', 3: '1.4426999059072143', 4: 565.6190753912671} 
{0: '0.7586206896551724', 1: '0.0', 2: '0.0', 3: '1.5335761201812925', 4: 564.7739192603204} 
{0: '0.7602739726027398', 1: '0.0', 2: '0.0', 3: '1.6301766616608926', 4: 568.9487440172333} 
{0: '0.7619047619047619', 1: '0.0', 2: '0.0', 3: '1.7328621078878674', 4: 575.3199799702967} 
{0: '0.7635135135135135', 1: '0.0', 2: '0.0', 3: '1.842015749320195', 4: 575.0232139205008} 
{0: '0.7651006711409396', 1: '0.0', 2: '0.0', 3: '1.958045020027179', 4: 566.4411367908067} 
{0: '0.7666666666666667', 1: '0.0', 2: '0.0', 3: '2.081383018504685', 4: 578.4012421465873} 
{0: '0.7682119205298014', 1: '0.0', 2: '0.0', 3: '2.212490124287102', 4: 562.6889463414642} 
{0: '0.7697368421052632', 1: '0.0', 2: '0.0', 3: '2.351855716390306', 4: 567.6224548774555} 
{0: '0.7712418300653595', 1: '0.0', 2: '0.0', 3: '2.500000000000003', 4: 577.3789044834492} 
{0: '0.7662337662337663', 1: '0.0', 2: '0.0', 3: '2.500000000000003', 4: 588.5301744364691} 
{0: '0.7677419354838709', 1: '0.0', 2: '0.0', 3: '2.351855716390306', 4: 570.3247702861515} 
{0: '0.7692307692307693', 1: '0.0', 2: '0.0', 3: '2.212490124287102', 4: 577.7748318427572} 
{0: '0.7707006369426752', 1: '0.0', 2: '0.0', 3: '2.081383018504685', 4: 565.6596681812567} 
{0: '0.7721518987341772', 1: '0.0', 2: '0.0', 3: '1.958045020027179', 4: 571.5202637535463} 
{0: '0.7735849056603774', 1: '0.0', 2: '0.0', 3: '1.842015749320195', 4: 561.8160687775479} 
{0: '0.775', 1: '0.0', 2: '0.0', 3: '1.7328621078878674', 4: 567.019337700206} 
{0: '0.7763975155279503', 1: '0.0', 2: '0.0', 3: '1.6301766616608926', 4: 563.1016238803351} 
{0: '0.7777777777777778', 1: '0.0', 2: '0.0', 3: '1.5335761201812925', 4: 566.35162704588} 
{0: '0.7730061349693251', 1: '0.0', 2: '0.0', 3: '1.5335761201812925', 4: 560.5534986048724} 
{0: '0.774390243902439', 1: '0.0', 2: '0.0', 3: '1.6301766616608926', 4: 562.7544692529827} 
{0: '0.7757575757575758', 1: '0.0', 2: '0.0', 3: '1.7328621078878674', 4: 565.7494374713976} 
{0: '0.7710843373493976', 1: '0.0', 2: '0.0', 3: '1.7328621078878674', 4: 565.0596633837798} 
{0: '0.7724550898203593', 1: '0.0', 2: '0.0', 3: '1.6301766616608926', 4: 573.6607742648255} 
{0: '0.7738095238095238', 1: '0.0', 2: '0.0', 3: '1.5335761201812925', 4: 565.5452162465995} 
{0: '0.7692307692307693', 1: '0.0', 2: '0.0', 3: '1.5335761201812925', 4: 564.1149847367924} 
{0: '0.7705882352941177', 1: '0.0', 2: '0.0', 3: '1.6301766616608926', 4: 563.5210953316957} 
{0: '0.7719298245614035', 1: '0.0', 2: '0.0', 3: '1.7328621078878674', 4: 570.4858930771521} 
{0: '0.7732558139534884', 1: '0.0', 2: '0.0', 3: '1.842015749320195', 4: 568.4631430642788} 
{0: '0.7745664739884393', 1: '0.0', 2: '0.0', 3: '1.958045020027179', 4: 573.9347278957235} 
{0: '0.7758620689655172', 1: '0.0', 2: '0.0', 3: '2.081383018504685', 4: 575.7408352448604} 
{0: '0.7771428571428571', 1: '0.0', 2: '0.0', 3: '2.212490124287102', 4: 565.8483215774153} 
{0: '0.7784090909090909', 1: '0.0', 2: '0.0', 3: '2.351855716390306', 4: 583.1637964681678} 
{0: '0.7796610169491526', 1: '0.0', 2: '0.0', 3: '2.500000000000003', 4: 593.7633429278271} 
{0: '0.7752808988764045', 1: '0.0', 2: '0.0', 3: '2.500000000000003', 4: 572.0110119818038} 
{0: '0.776536312849162', 1: '0.0', 2: '0.0', 3: '2.351855716390306', 4: 561.2911701426162} 
{0: '0.7777777777777778', 1: '0.0', 2: '0.0', 3: '2.212490124287102', 4: 563.0693527431506} 
{0: '0.7790055248618785', 1: '0.0', 2: '0.0', 3: '2.081383018504685', 4: 571.381033799101} 
{0: '0.7802197802197802', 1: '0.0', 2: '0.0', 3: '1.958045020027179', 4: 574.8031707773594} 
{0: '0.7814207650273224', 1: '0.0', 2: '0.0', 3: '1.842015749320195', 4: 573.5823684652379} 
{0: '0.782608695652174', 1: '0.0', 2: '0.0', 3: '1.7328621078878674', 4: 574.7125484419028} 
{0: '0.7783783783783784', 1: '0.0', 2: '0.0', 3: '1.7328621078878674', 4: 561.0309855144424} 
{0: '0.7795698924731183', 1: '0.0', 2: '0.0', 3: '1.842015749320195', 4: 563.6725641725743} 
{0: '0.7754010695187166', 1: '0.0', 2: '0.0', 3: '1.842015749320195', 4: 567.3694339315992} 
{0: '0.776595744680851', 1: '0.0', 2: '0.0', 3: '1.7328621078878674', 4: 563.4287692438489} 
{0: '0.7777777777777778', 1: '0.0', 2: '0.0', 3: '1.6301766616608926', 4: 577.8199704732427} 
{0: '0.7789473684210526', 1: '0.0', 2: '0.0', 3: '1.5335761201812925', 4: 567.489914619713} 
{0: '0.774869109947644', 1: '0.0', 2: '0.0', 3: '1.5335761201812925', 4: 561.9467965534933} 
{0: '0.7760416666666666', 1: '0.0', 2: '0.0', 3: '1.6301766616608926', 4: 558.9584857142477} 
{0: '0.7772020725388601', 1: '0.0', 2: '0.0', 3: '1.7328621078878674', 4: 568.5380791581179} 
{0: '0.7783505154639175', 1: '0.0', 2: '0.0', 3: '1.842015749320195', 4: 567.3005854469895} 
{0: '0.7794871794871795', 1: '0.0', 2: '0.0', 3: '1.958045020027179', 4: 566.6766085292612} 
{0: '0.7806122448979592', 1: '0.0', 2: '0.0', 3: '2.081383018504685', 4: 572.2499712451682} 
{0: '0.7817258883248731', 1: '0.0', 2: '0.0', 3: '2.212490124287102', 4: 562.4298617650078} 
{0: '0.7828282828282829', 1: '0.0', 2: '0.0', 3: '2.351855716390306', 4: 565.3302429013979} 
{0: '0.7788944723618091', 1: '0.0', 2: '0.0', 3: '2.351855716390306', 4: 561.8689746108955} 
{0: '0.78', 1: '0.0', 2: '0.0', 3: '2.212490124287102', 4: 573.4405790819575} 
{0: '0.7810945273631841', 1: '0.0', 2: '0.0', 3: '2.081383018504685', 4: 571.8624506104111} 
{0: '0.7821782178217822', 1: '0.0', 2: '0.0', 3: '1.958045020027179', 4: 571.2226742984674} 
{0: '0.7832512315270936', 1: '0.0', 2: '0.0', 3: '1.842015749320195', 4: 563.2959534281543} 
{0: '0.7843137254901961', 1: '0.0', 2: '0.0', 3: '1.7328621078878674', 4: 565.7052498017086} 
{0: '0.7853658536585366', 1: '0.0', 2: '0.0', 3: '1.6301766616608926', 4: 561.6075469839302} 
{0: '0.7864077669902912', 1: '0.0', 2: '0.0', 3: '1.5335761201812925', 4: 563.3275036789047} 
{0: '0.782608695652174', 1: '0.0', 2: '0.0', 3: '1.5335761201812925', 4: 566.1568002791101} 
{0: '0.7836538461538461', 1: '0.0', 2: '0.0', 3: '1.6301766616608926', 4: 563.064331714253} 
{0: '0.784688995215311', 1: '0.0', 2: '0.0', 3: '1.7328621078878674', 4: 567.4342450651833} 
{0: '0.7857142857142857', 1: '0.0', 2: '0.0', 3: '1.842015749320195', 4: 564.8034006750127} 
{0: '0.7867298578199052', 1: '0.0', 2: '0.0', 3: '1.958045020027179', 4: 568.1397961320818} 
{0: '0.7877358490566038', 1: '0.0', 2: '0.0', 3: '2.081383018504685', 4: 564.6756199734095} 
{0: '0.7887323943661971', 1: '0.0', 2: '0.0', 3: '2.212490124287102', 4: 566.4751291519943} 
{0: '0.7897196261682243', 1: '0.0', 2: '0.0', 3: '2.351855716390306', 4: 576.203927075172} 
{0: '0.7906976744186046', 1: '0.0', 2: '0.0', 3: '2.500000000000003', 4: 581.3779706120828} 
{0: '0.7870370370370371', 1: '0.0', 2: '0.0', 3: '2.500000000000003', 4: 584.6577979343707} 
{0: '0.7880184331797235', 1: '0.0', 2: '0.0', 3: '2.351855716390306', 4: 570.8519939614479} 
{0: '0.7889908256880734', 1: '0.0', 2: '0.0', 3: '2.212490124287102', 4: 571.0224445055325} 
{0: '0.7899543378995434', 1: '0.0', 2: '0.0', 3: '2.081383018504685', 4: 573.4438340414425} 
{0: '0.7909090909090909', 1: '0.0', 2: '0.0', 3: '1.958045020027179', 4: 571.1039426722296} 
{0: '0.7918552036199095', 1: '0.0', 2: '0.0', 3: '1.842015749320195', 4: 563.6058132804388} 
{0: '0.7927927927927928', 1: '0.0', 2: '0.0', 3: '1.7328621078878674', 4: 579.0132877953729} 
{0: '0.7892376681614349', 1: '0.0', 2: '0.0', 3: '1.7328621078878674', 4: 563.5249264036133} 
{0: '0.7901785714285714', 1: '0.0', 2: '0.0', 3: '1.842015749320195', 4: 565.3573164701016} 
{0: '0.7911111111111111', 1: '0.0', 2: '0.0', 3: '1.958045020027179', 4: 567.541658333632} 
{0: '0.7920353982300885', 1: '0.0', 2: '0.0', 3: '2.081383018504685', 4: 563.7222230370926} 
{0: '0.7929515418502202', 1: '0.0', 2: '0.0', 3: '2.212490124287102', 4: 566.2846443822834} 
{0: '0.793859649122807', 1: '0.0', 2: '0.0', 3: '2.351855716390306', 4: 570.1990396461568} 
{0: '0.7947598253275109', 1: '0.0', 2: '0.0', 3: '2.500000000000003', 4: 574.3151175320489} 
{0: '0.7913043478260869', 1: '0.0', 2: '0.0', 3: '2.500000000000003', 4: 564.5978792315713} 
{0: '0.7922077922077922', 1: '0.0', 2: '0.0', 3: '2.351855716390306', 4: 570.4160897046222} 
{0: '0.7931034482758621', 1: '0.0', 2: '0.0', 3: '2.212490124287102', 4: 573.0048102389818} 
{0: '0.7939914163090128', 1: '0.0', 2: '0.0', 3: '2.081383018504685', 4: 564.349672685037} 
{0: '0.7948717948717948', 1: '0.0', 2: '0.0', 3: '1.958045020027179', 4: 579.4851030214285} 
{0: '0.7957446808510639', 1: '0.0', 2: '0.0', 3: '1.842015749320195', 4: 569.9794867871065} 
{0: '0.7923728813559322', 1: '0.0', 2: '0.0', 3: '1.842015749320195', 4: 569.8402057308906} 
{0: '0.7932489451476793', 1: '0.0', 2: '0.0', 3: '1.958045020027179', 4: 567.6895829348533} 
{0: '0.7941176470588235', 1: '0.0', 2: '0.0', 3: '2.081383018504685', 4: 563.1003920705275} 
{0: '0.7949790794979079', 1: '0.0', 2: '0.0', 3: '2.212490124287102', 4: 570.7658190562398} 
{0: '0.7958333333333333', 1: '0.0', 2: '0.0', 3: '2.351855716390306', 4: 570.259675043723} 
{0: '0.7925311203319502', 1: '0.0', 2: '0.0', 3: '2.351855716390306', 4: 569.2296769499465} 
{0: '0.7933884297520661', 1: '0.0', 2: '0.0', 3: '2.212490124287102', 4: 566.4108230279708} 
{0: '0.7942386831275721', 1: '0.0', 2: '0.0', 3: '2.081383018504685', 4: 566.322210885862} 
{0: '0.7950819672131147', 1: '0.0', 2: '0.0', 3: '1.958045020027179', 4: 565.2354454019389} 
{0: '0.7959183673469388', 1: '0.0', 2: '0.0', 3: '1.842015749320195', 4: 578.039440025318} 
{0: '0.7967479674796748', 1: '0.0', 2: '0.0', 3: '1.7328621078878674', 4: 569.0800237016615} 
{0: '0.7975708502024291', 1: '0.0', 2: '0.0', 3: '1.6301766616608926', 4: 564.7755691170489} 
{0: '0.7983870967741935', 1: '0.0', 2: '0.0', 3: '1.5335761201812925', 4: 558.3415895310351} 
{0: '0.7951807228915663', 1: '0.0', 2: '0.0', 3: '1.5335761201812925', 4: 562.2704772804544} 
{0: '0.796', 1: '0.0', 2: '0.0', 3: '1.6301766616608926', 4: 560.5762170439011} 
{0: '0.796812749003984', 1: '0.0', 2: '0.0', 3: '1.7328621078878674', 4: 567.7771286108964} 
{0: '0.7976190476190477', 1: '0.0', 2: '0.0', 3: '1.842015749320195', 4: 568.4481577196561} 
{0: '0.7984189723320159', 1: '0.0', 2: '0.0', 3: '1.958045020027179', 4: 585.4452163793063} 
{0: '0.7992125984251969', 1: '0.0', 2: '0.0', 3: '2.081383018504685', 4: 571.1216967128303} 
{0: '0.8', 1: '0.0', 2: '0.0', 3: '2.212490124287102', 4: 571.7242527190278} 
{0: '0.80078125', 1: '0.0', 2: '0.0', 3: '2.351855716390306', 4: 561.5285859483103} 
{0: '0.8015564202334631', 1: '0.0', 2: '0.0', 3: '2.500000000000003', 4: 564.3555610888624} 
{0: '0.7984496124031008', 1: '0.0', 2: '0.0', 3: '2.500000000000003', 4: 566.32368169047} 
{0: '0.7992277992277992', 1: '0.0', 2: '0.0', 3: '2.351855716390306', 4: 564.9123414340344} 
{0: '0.8', 1: '0.0', 2: '0.0', 3: '2.212490124287102', 4: 564.8397876871345} 
{0: '0.8007662835249042', 1: '0.0', 2: '0.0', 3: '2.081383018504685', 4: 564.2960704738804} 
{0: '0.8015267175572519', 1: '0.0', 2: '0.0', 3: '1.958045020027179', 4: 568.2486865165695} 
{0: '0.7984790874524715', 1: '0.0', 2: '0.0', 3: '1.958045020027179', 4: 568.6499507297794} 
{0: '0.7992424242424242', 1: '0.0', 2: '0.0', 3: '2.081383018504685', 4: 569.506977062719} 
{0: '0.8', 1: '0.0', 2: '0.0', 3: '2.212490124287102', 4: 580.9947932807936} 
{0: '0.8007518796992481', 1: '0.0', 2: '0.0', 3: '2.351855716390306', 4: 565.5146393158401} 
{0: '0.8014981273408239', 1: '0.0', 2: '0.0', 3: '2.500000000000003', 4: 542.8590433030948} 
{0: '0.7985074626865671', 1: '0.0', 2: '0.0', 3: '2.500000000000003', 4: 538.129389554527} 
{0: '0.7992565055762082', 1: '0.0', 2: '0.0', 3: '2.351855716390306', 4: 535.8492698486577} 
{0: '0.8', 1: '0.0', 2: '0.0', 3: '2.212490124287102', 4: 520.2382862940814} 
{0: '0.8007380073800738', 1: '0.0', 2: '0.0', 3: '2.081383018504685', 4: 522.6407037370013} 
{0: '0.8014705882352942', 1: '0.0', 2: '0.0', 3: '1.958045020027179', 4: 530.8031719714812} 
{0: '0.8021978021978022', 1: '0.0', 2: '0.0', 3: '1.842015749320195', 4: 521.5270912835545} 
{0: '0.8029197080291971', 1: '0.0', 2: '0.0', 3: '1.7328621078878674', 4: 519.6292659747346} 
{0: '0.8036363636363636', 1: '0.0', 2: '0.0', 3: '1.6301766616608926', 4: 523.1587042360505} 
{0: '0.8043478260869565', 1: '0.0', 2: '0.0', 3: '1.5335761201812925', 4: 529.0825153422875} 
{0: '0.8050541516245487', 1: '0.0', 2: '0.0', 3: '1.4426999059072143', 4: 530.5312182927532} 
{0: '0.8057553956834532', 1: '0.0', 2: '0.0', 3: '1.3572088082974538', 4: 525.2004820289898} 
{0: '0.8064516129032258', 1: '0.0', 2: '0.0', 3: '1.2767837176518553', 4: 518.0587592738427} 
{0: '0.8071428571428572', 1: '0.0', 2: '0.0', 3: '1.2011244339814315', 4: 524.7361469149579} 
{0: '0.8078291814946619', 1: '0.0', 2: '0.0', 3: '1.1299485464621188', 4: 531.1734996393748} 
{0: '0.8085106382978723', 1: '0.0', 2: '0.0', 3: '1.0629903792895394', 4: 537.8658594080056} 
{0: '0.8056537102473498', 1: '0.0', 2: '0.0', 3: '1.0629903792895394', 4: 522.8804914273849} 
{0: '0.8063380281690141', 1: '0.0', 2: '0.0', 3: '1.1299485464621188', 4: 519.6506011015792} 
{0: '0.8035087719298246', 1: '0.0', 2: '0.0', 3: '1.1299485464621188', 4: 539.5100285520465} 
{0: '0.8041958041958042', 1: '0.0', 2: '0.0', 3: '1.0629903792895394', 4: 534.7955317528443} 
{0: '0.8048780487804879', 1: '0.0', 2: '0.0', 3: '1.0', 4: 533.7510701111986} 
{0: '0.8020833333333334', 1: '0.003472222222222222', 2: '0.0', 3: '1.0', 4: 519.2754231790857} 
{0: '0.8027681660899654', 1: '0.006920415224913495', 2: '0.0', 3: '1.0629903792895394', 4: 522.3427921500437} 
{0: '0.803448275862069', 1: '0.006896551724137931', 2: '0.0', 3: '1.1299485464621188', 4: 525.0721322523282} 
{0: '0.8041237113402062', 1: '0.006872852233676976', 2: '0.0', 3: '1.2011244339814315', 4: 520.4484954911868} 
{0: '0.8047945205479452', 1: '0.00684931506849315', 2: '0.0', 3: '1.2767837176518553', 4: 528.9631570347073} 
{0: '0.8054607508532423', 1: '0.006825938566552901', 2: '0.0', 3: '1.3572088082974538', 4: 524.680226226385} 
{0: '0.8061224489795918', 1: '0.006802721088435374', 2: '0.0', 3: '1.4426999059072143', 4: 519.6990174516624} 
{0: '0.8033898305084746', 1: '0.006779661016949152', 2: '0.0', 3: '1.4426999059072143', 4: 515.9382673080914} 
{0: '0.8040540540540541', 1: '0.006756756756756757', 2: '0.0', 3: '1.3572088082974538', 4: 522.8439146023511} 
{0: '0.8047138047138047', 1: '0.006734006734006734', 2: '0.0', 3: '1.2767837176518553', 4: 525.2799714608963} 
{0: '0.8053691275167785', 1: '0.006711409395973154', 2: '0.0', 3: '1.2011244339814315', 4: 518.9455167180786} 
{0: '0.8060200668896321', 1: '0.006688963210702341', 2: '0.0', 3: '1.1299485464621188', 4: 521.5352825395902} 
{0: '0.8066666666666666', 1: '0.006666666666666667', 2: '0.0', 3: '1.0629903792895394', 4: 522.6381522584567} 
{0: '0.8073089700996677', 1: '0.006644518272425249', 2: '0.0', 3: '1.0', 4: 521.0390696654375} 
{0: '0.804635761589404', 1: '0.009933774834437087', 2: '0.0', 3: '1.0', 4: 524.03960504169} 
{0: '0.8052805280528053', 1: '0.013201320132013201', 2: '0.0', 3: '1.0629903792895394', 4: 525.2997921879953} 
{0: '0.8026315789473685', 1: '0.013157894736842105', 2: '0.0', 3: '1.0629903792895394', 4: 523.8156827232484} 
{0: '0.8032786885245902', 1: '0.013114754098360656', 2: '0.0', 3: '1.0', 4: 536.2447764842035} 
{0: '0.8006535947712419', 1: '0.016339869281045753', 2: '0.0', 3: '1.0', 4: 521.8589022450313} 
{0: '0.8013029315960912', 1: '0.019543973941368076', 2: '0.0', 3: '1.0629903792895394', 4: 532.781682857974} 
{0: '0.801948051948052', 1: '0.01948051948051948', 2: '0.0', 3: '1.1299485464621188', 4: 529.6180788989933} 
{0: '0.8025889967637541', 1: '0.019417475728155338', 2: '0.0', 3: '1.2011244339814315', 4: 523.7884821607262} 
{0: '0.8032258064516129', 1: '0.01935483870967742', 2: '0.0', 3: '1.2767837176518553', 4: 525.3920791467466} 
{0: '0.8006430868167203', 1: '0.01929260450160772', 2: '0.0', 3: '1.2767837176518553', 4: 525.7315520884861} 
{0: '0.8012820512820513', 1: '0.019230769230769232', 2: '0.0', 3: '1.2011244339814315', 4: 527.2481092361764} 
{0: '0.8019169329073482', 1: '0.019169329073482427', 2: '0.0', 3: '1.1299485464621188', 4: 522.8462696294339} 
{0: '0.802547770700637', 1: '0.01910828025477707', 2: '0.0', 3: '1.0629903792895394', 4: 522.6510624196945} 
{0: '0.8031746031746032', 1: '0.01904761904761905', 2: '0.0', 3: '1.0', 4: 537.5779079127686} 
{0: '0.8006329113924051', 1: '0.022151898734177215', 2: '0.0', 3: '1.0', 4: 534.3436663286382} 
{0: '0.8012618296529969', 1: '0.025236593059936908', 2: '0.0', 3: '1.0629903792895394', 4: 519.2476682351006} 
{0: '0.8018867924528302', 1: '0.025157232704402517', 2: '0.0', 3: '1.1299485464621188', 4: 520.893366432458} 
{0: '0.799373040752351', 1: '0.025078369905956112', 2: '0.0', 3: '1.1299485464621188', 4: 517.9786387846876} 
{0: '0.8', 1: '0.025', 2: '0.0', 3: '1.0629903792895394', 4: 518.532247176631} 
{0: '0.8006230529595015', 1: '0.024922118380062305', 2: '0.0', 3: '1.0', 4: 534.6530776744905} 
{0: '0.7981366459627329', 1: '0.027950310559006212', 2: '0.0', 3: '1.0', 4: 519.1258640869248} 
{0: '0.7956656346749226', 1: '0.030959752321981424', 2: '0.0', 3: '1.0', 4: 524.0490478191882} 
{0: '0.7932098765432098', 1: '0.033950617283950615', 2: '0.0', 3: '1.0', 4: 531.9534222583734} 
{0: '0.7938461538461539', 1: '0.036923076923076927', 2: '0.0', 3: '1.0629903792895394', 4: 523.6769069500398} 
{0: '0.7914110429447853', 1: '0.03680981595092025', 2: '0.0', 3: '1.0629903792895394', 4: 526.5477089745443} 
{0: '0.7920489296636085', 1: '0.03669724770642202', 2: '0.0', 3: '1.0', 4: 525.0556924951891} 
{0: '0.7896341463414634', 1: '0.039634146341463415', 2: '0.0', 3: '1.0', 4: 536.7004690047739} 
{0: '0.790273556231003', 1: '0.0425531914893617', 2: '0.0', 3: '1.0629903792895394', 4: 529.5688450314625} 
{0: '0.7909090909090909', 1: '0.04242424242424243', 2: '0.0', 3: '1.1299485464621188', 4: 529.4507459786018} 
{0: '0.7915407854984894', 1: '0.04229607250755287', 2: '0.0', 3: '1.2011244339814315', 4: 521.0085714567668} 
{0: '0.7891566265060241', 1: '0.04216867469879518', 2: '0.0', 3: '1.2011244339814315', 4: 528.7324090156698} 
{0: '0.7867867867867868', 1: '0.042042042042042045', 2: '0.0', 3: '1.2011244339814315', 4: 532.8142262955754} 
{0: '0.7844311377245509', 1: '0.041916167664670656', 2: '0.0', 3: '1.2011244339814315', 4: 530.3104351898891} 
{0: '0.7850746268656716', 1: '0.041791044776119404', 2: '0.0', 3: '1.1299485464621188', 4: 535.5866334692831} 
{0: '0.7857142857142857', 1: '0.041666666666666664', 2: '0.0', 3: '1.0629903792895394', 4: 534.8309350959169} 
{0: '0.7863501483679525', 1: '0.04154302670623145', 2: '0.0', 3: '1.0', 4: 531.9304565602616} 
{0: '0.7840236686390533', 1: '0.04437869822485207', 2: '0.0', 3: '1.0', 4: 532.4491179269805} 
{0: '0.7846607669616519', 1: '0.0471976401179941', 2: '0.0', 3: '1.0629903792895394', 4: 527.7825288781379} 
{0: '0.7852941176470588', 1: '0.047058823529411764', 2: '0.0', 3: '1.1299485464621188', 4: 532.8910676123793} 
{0: '0.7859237536656891', 1: '0.0469208211143695', 2: '0.0', 3: '1.2011244339814315', 4: 526.4288253054282} 
{0: '0.783625730994152', 1: '0.04678362573099415', 2: '0.0', 3: '1.2011244339814315', 4: 537.5183973736363} 
{0: '0.7813411078717201', 1: '0.04664723032069971', 2: '0.0', 3: '1.2011244339814315', 4: 527.6260985570549} 
{0: '0.7819767441860465', 1: '0.046511627906976744', 2: '0.0', 3: '1.2767837176518553', 4: 533.2377120515088} 
{0: '0.7797101449275362', 1: '0.0463768115942029', 2: '0.0', 3: '1.2767837176518553', 4: 527.6393261274735} 
{0: '0.7803468208092486', 1: '0.046242774566473986', 2: '0.0', 3: '1.2011244339814315', 4: 527.9610399373579} 
{0: '0.7809798270893372', 1: '0.04610951008645533', 2: '0.0', 3: '1.1299485464621188', 4: 528.325055891899} 
{0: '0.7787356321839081', 1: '0.04597701149425287', 2: '0.0', 3: '1.1299485464621188', 4: 522.4549842596838} 
{0: '0.7765042979942693', 1: '0.045845272206303724', 2: '0.0', 3: '1.1299485464621188', 4: 522.2519546765163} 
{0: '0.7771428571428571', 1: '0.045714285714285714', 2: '0.0', 3: '1.0629903792895394', 4: 526.0784229976867} 
{0: '0.7777777777777778', 1: '0.045584045584045586', 2: '0.0', 3: '1.0', 4: 531.5672919172431} 
{0: '0.7755681818181818', 1: '0.048295454545454544', 2: '0.0', 3: '1.0', 4: 527.858328403193} 
{0: '0.773371104815864', 1: '0.05099150141643059', 2: '0.0', 3: '1.0', 4: 521.1614866337567} 
{0: '0.7711864406779662', 1: '0.05367231638418079', 2: '0.0', 3: '1.0', 4: 534.9167799988006} 
{0: '0.7718309859154929', 1: '0.056338028169014086', 2: '0.0', 3: '1.0629903792895394', 4: 528.0271817517388} 
{0: '0.7724719101123596', 1: '0.056179775280898875', 2: '0.0', 3: '1.1299485464621188', 4: 531.7857178506251} 
{0: '0.773109243697479', 1: '0.056022408963585436', 2: '0.0', 3: '1.2011244339814315', 4: 525.9650784428517} 
{0: '0.7737430167597765', 1: '0.055865921787709494', 2: '0.0', 3: '1.2767837176518553', 4: 525.8758086458419} 
{0: '0.7715877437325905', 1: '0.055710306406685235', 2: '0.0', 3: '1.2767837176518553', 4: 530.3091488841167} 
{0: '0.7722222222222223', 1: '0.05555555555555555', 2: '0.0', 3: '1.2011244339814315', 4: 522.466223476853} 
{0: '0.7728531855955678', 1: '0.055401662049861494', 2: '0.0', 3: '1.1299485464621188', 4: 535.2776622418289} 
{0: '0.7734806629834254', 1: '0.055248618784530384', 2: '0.0', 3: '1.0629903792895394', 4: 524.8050399039394} 
{0: '0.7741046831955923', 1: '0.05509641873278237', 2: '0.0', 3: '1.0', 4: 540.5456930233678} 
{0: '0.771978021978022', 1: '0.057692307692307696', 2: '0.0', 3: '1.0', 4: 522.1077211358282} 
{0: '0.7698630136986301', 1: '0.06027397260273973', 2: '0.0', 3: '1.0', 4: 520.5043125196037} 
{0: '0.76775956284153', 1: '0.06284153005464481', 2: '0.0', 3: '1.0', 4: 522.1152570417654} 
{0: '0.7683923705722071', 1: '0.0653950953678474', 2: '0.0', 3: '1.0629903792895394', 4: 521.8455928791687} 
{0: '0.7663043478260869', 1: '0.06521739130434782', 2: '0.0', 3: '1.0629903792895394', 4: 519.6129773200582} 
{0: '0.7669376693766937', 1: '0.06504065040650407', 2: '0.0', 3: '1.0', 4: 521.4619904871239} 
{0: '0.7648648648648648', 1: '0.06756756756756757', 2: '0.0', 3: '1.0', 4: 537.5105621216715} 
{0: '0.7654986522911051', 1: '0.07008086253369272', 2: '0.0', 3: '1.0629903792895394', 4: 537.0087512684782} 
{0: '0.7661290322580645', 1: '0.06989247311827956', 2: '0.0', 3: '1.1299485464621188', 4: 540.1119050437561} 
{0: '0.7667560321715817', 1: '0.06970509383378017', 2: '0.0', 3: '1.2011244339814315', 4: 541.1494112883141} 
{0: '0.767379679144385', 1: '0.06951871657754011', 2: '0.0', 3: '1.2767837176518553', 4: 526.7211655741864} 
{0: '0.768', 1: '0.06933333333333333', 2: '0.0', 3: '1.3572088082974538', 4: 530.8587863420001} 
{0: '0.7686170212765957', 1: '0.06914893617021277', 2: '0.0', 3: '1.4426999059072143', 4: 519.9005375457137} 
{0: '0.76657824933687', 1: '0.06896551724137931', 2: '0.0', 3: '1.4426999059072143', 4: 541.2979506437194} 
{0: '0.7671957671957672', 1: '0.06878306878306878', 2: '0.0', 3: '1.3572088082974538', 4: 530.99055006027} 
{0: '0.7651715039577837', 1: '0.06860158311345646', 2: '0.0', 3: '1.3572088082974538', 4: 520.3792309515575} 
{0: '0.7631578947368421', 1: '0.06842105263157895', 2: '0.0', 3: '1.3572088082974538', 4: 521.4557074827097} 
{0: '0.7637795275590551', 1: '0.06824146981627296', 2: '0.0', 3: '1.2767837176518553', 4: 535.3435839492481} 
{0: '0.7643979057591623', 1: '0.06806282722513089', 2: '0.0', 3: '1.2011244339814315', 4: 544.3423075249424} 
{0: '0.7650130548302873', 1: '0.06788511749347259', 2: '0.0', 3: '1.1299485464621188', 4: 542.7192691654823} 
{0: '0.765625', 1: '0.06770833333333333', 2: '0.0', 3: '1.0629903792895394', 4: 522.2031580103801} 
{0: '0.7662337662337663', 1: '0.06753246753246753', 2: '0.0', 3: '1.0', 4: 522.3606864913494} 
{0: '0.7642487046632125', 1: '0.06994818652849741', 2: '0.0', 3: '1.0', 4: 519.9427809869289} 
{0: '0.7648578811369509', 1: '0.07235142118863049', 2: '0.0', 3: '1.0629903792895394', 4: 526.5822512667088} 
{0: '0.7654639175257731', 1: '0.07216494845360824', 2: '0.0', 3: '1.1299485464621188', 4: 524.9767498302699} 
{0: '0.7660668380462725', 1: '0.07197943444730077', 2: '0.0', 3: '1.2011244339814315', 4: 526.4141024189047} 
{0: '0.764102564102564', 1: '0.07179487179487179', 2: '0.0', 3: '1.2011244339814315', 4: 520.9463689283297} 
{0: '0.7647058823529411', 1: '0.07161125319693094', 2: '0.0', 3: '1.1299485464621188', 4: 523.2714152705942} 
{0: '0.7653061224489796', 1: '0.07142857142857142', 2: '0.0', 3: '1.0629903792895394', 4: 520.2339402395174} 
{0: '0.7659033078880407', 1: '0.07124681933842239', 2: '0.0', 3: '1.0', 4: 526.2674619087995} 
{0: '0.7639593908629442', 1: '0.07360406091370558', 2: '0.0', 3: '1.0', 4: 523.0493486374501} 
{0: '0.7645569620253164', 1: '0.0759493670886076', 2: '0.0', 3: '1.0629903792895394', 4: 532.9965529349749} 
{0: '0.7651515151515151', 1: '0.07575757575757576', 2: '0.0', 3: '1.1299485464621188', 4: 524.6933302970903} 
{0: '0.7632241813602015', 1: '0.07556675062972293', 2: '0.0', 3: '1.1299485464621188', 4: 536.2058259045028} 
{0: '0.7638190954773869', 1: '0.07537688442211055', 2: '0.0', 3: '1.0629903792895394', 4: 522.1748471146626} 
{0: '0.7644110275689223', 1: '0.07518796992481203', 2: '0.0', 3: '1.0', 4: 523.2992471181507} 
{0: '0.7625', 1: '0.0775', 2: '0.0', 3: '1.0', 4: 536.9835160582174} 
{0: '0.7630922693266833', 1: '0.0798004987531172', 2: '0.0', 3: '1.0629903792895394', 4: 539.5403015601888} 
{0: '0.763681592039801', 1: '0.07960199004975124', 2: '0.0', 3: '1.1299485464621188', 4: 531.7042597637045} 
{0: '0.7642679900744417', 1: '0.0794044665012407', 2: '0.0', 3: '1.2011244339814315', 4: 529.04512238549} 
{0: '0.7623762376237624', 1: '0.07920792079207921', 2: '0.0', 3: '1.2011244339814315', 4: 522.4981616036079} 
{0: '0.762962962962963', 1: '0.07901234567901234', 2: '0.0', 3: '1.1299485464621188', 4: 519.7050762758722} 
{0: '0.7635467980295566', 1: '0.07881773399014778', 2: '0.0', 3: '1.0629903792895394', 4: 524.2618606022011} 
{0: '0.7616707616707616', 1: '0.07862407862407862', 2: '0.0', 3: '1.0629903792895394', 4: 531.0668977418311} 
{0: '0.7598039215686274', 1: '0.0784313725490196', 2: '0.0', 3: '1.0629903792895394', 4: 518.7319788268271} 
{0: '0.7603911980440098', 1: '0.07823960880195599', 2: '0.0', 3: '1.0', 4: 520.6654826603942} 
{0: '0.7585365853658537', 1: '0.08048780487804878', 2: '0.0', 3: '1.0', 4: 520.555214823929} 
{0: '0.7591240875912408', 1: '0.0827250608272506', 2: '0.0', 3: '1.0629903792895394', 4: 520.6295443877718} 
{0: '0.7572815533980582', 1: '0.0825242718446602', 2: '0.0', 3: '1.0629903792895394', 4: 534.2767524064876} 
{0: '0.7578692493946732', 1: '0.08232445520581114', 2: '0.0', 3: '1.0', 4: 536.594676961372} 
{0: '0.7560386473429952', 1: '0.08454106280193237', 2: '0.0', 3: '1.0', 4: 529.7372922471525} 
{0: '0.7566265060240964', 1: '0.08674698795180723', 2: '0.0', 3: '1.0629903792895394', 4: 523.419706864171} 
{0: '0.7572115384615384', 1: '0.08653846153846154', 2: '0.0', 3: '1.1299485464621188', 4: 536.4654441502978} 
{0: '0.7577937649880095', 1: '0.08633093525179857', 2: '0.0', 3: '1.2011244339814315', 4: 523.2222570441563} 
{0: '0.7559808612440191', 1: '0.0861244019138756', 2: '0.0', 3: '1.2011244339814315', 4: 519.8242284100418} 
{0: '0.7565632458233891', 1: '0.08591885441527446', 2: '0.0', 3: '1.1299485464621188', 4: 521.1090639699353} 
{0: '0.7571428571428571', 1: '0.08571428571428572', 2: '0.0', 3: '1.0629903792895394', 4: 525.8016763394795} 
{0: '0.7577197149643705', 1: '0.0855106888361045', 2: '0.0', 3: '1.0', 4: 530.3007101903332} 
{0: '0.7559241706161137', 1: '0.08767772511848342', 2: '0.0', 3: '1.0', 4: 528.3154894757623} 
{0: '0.7565011820330969', 1: '0.08983451536643026', 2: '0.0', 3: '1.0629903792895394', 4: 532.0305728436118} 
{0: '0.7570754716981132', 1: '0.08962264150943396', 2: '0.0', 3: '1.1299485464621188', 4: 527.6020266250981} 
{0: '0.7576470588235295', 1: '0.08941176470588236', 2: '0.0', 3: '1.2011244339814315', 4: 530.2611933113889} 
{0: '0.755868544600939', 1: '0.0892018779342723', 2: '0.0', 3: '1.2011244339814315', 4: 531.5917669685562} 
{0: '0.7564402810304449', 1: '0.08899297423887588', 2: '0.0', 3: '1.1299485464621188', 4: 529.7443202518831} 
{0: '0.7570093457943925', 1: '0.08878504672897196', 2: '0.0', 3: '1.0629903792895394', 4: 517.5637314679334} 
{0: '0.7575757575757576', 1: '0.08857808857808858', 2: '0.0', 3: '1.0', 4: 521.798090866411} 
{0: '0.7558139534883721', 1: '0.09069767441860466', 2: '0.0', 3: '1.0', 4: 528.3518437762807} 
{0: '0.7563805104408353', 1: '0.09280742459396751', 2: '0.0', 3: '1.0629903792895394', 4: 519.7727522127143} 
{0: '0.7569444444444444', 1: '0.09259259259259259', 2: '0.0', 3: '1.1299485464621188', 4: 528.1421561235679} 
{0: '0.7575057736720554', 1: '0.09237875288683603', 2: '0.0', 3: '1.2011244339814315', 4: 519.9629769233501} 
{0: '0.7557603686635944', 1: '0.09216589861751152', 2: '0.0', 3: '1.2011244339814315', 4: 538.4982793120055} 
{0: '0.7540229885057471', 1: '0.09195402298850575', 2: '0.0', 3: '1.2011244339814315', 4: 536.2054399655482} 
{0: '0.7545871559633027', 1: '0.09174311926605505', 2: '0.0', 3: '1.2767837176518553', 4: 521.3947316326678} 
{0: '0.7528604118993135', 1: '0.09153318077803203', 2: '0.0', 3: '1.2767837176518553', 4: 524.3533104729532} 
{0: '0.7534246575342466', 1: '0.091324200913242', 2: '0.0', 3: '1.2011244339814315', 4: 519.5131456222236} 
{0: '0.7539863325740319', 1: '0.09111617312072894', 2: '0.0', 3: '1.1299485464621188', 4: 522.4652297106044} 
{0: '0.7545454545454545', 1: '0.09090909090909091', 2: '0.0', 3: '1.0629903792895394', 4: 519.3582581945105} 
{0: '0.7551020408163265', 1: '0.09070294784580499', 2: '0.0', 3: '1.0', 4: 537.3405378332478} 
{0: '0.753393665158371', 1: '0.09276018099547512', 2: '0.0', 3: '1.0', 4: 538.378943688664} 
{0: '0.7539503386004515', 1: '0.09480812641083522', 2: '0.0', 3: '1.0629903792895394', 4: 526.5172035345765} 
{0: '0.7545045045045045', 1: '0.0945945945945946', 2: '0.0', 3: '1.1299485464621188', 4: 519.5310869544344} 
{0: '0.7528089887640449', 1: '0.09438202247191012', 2: '0.0', 3: '1.1299485464621188', 4: 521.2833624631724} 
{0: '0.7533632286995515', 1: '0.09417040358744394', 2: '0.0', 3: '1.0629903792895394', 4: 522.9043606587821} 
{0: '0.7539149888143176', 1: '0.09395973154362416', 2: '0.0', 3: '1.0', 4: 515.6895219737988} 
{0: '0.7522321428571429', 1: '0.09598214285714286', 2: '0.0', 3: '1.0', 4: 524.5770214292147} 
{0: '0.7527839643652561', 1: '0.09799554565701558', 2: '0.0', 3: '1.0629903792895394', 4: 526.215586148512} 
{0: '0.7533333333333333', 1: '0.09777777777777778', 2: '0.0', 3: '1.1299485464621188', 4: 517.335970579067} 
{0: '0.7516629711751663', 1: '0.0975609756097561', 2: '0.0', 3: '1.1299485464621188', 4: 531.8153838992367} 
{0: '0.7522123893805309', 1: '0.09734513274336283', 2: '0.0', 3: '1.0629903792895394', 4: 524.3473963512322} 
{0: '0.7527593818984547', 1: '0.09713024282560706', 2: '0.0', 3: '1.0', 4: 527.715321019025} 
{0: '0.751101321585903', 1: '0.09911894273127753', 2: '0.0', 3: '1.0', 4: 519.3379089795706} 
{0: '0.7494505494505495', 1: '0.1010989010989011', 2: '0.0', 3: '1.0', 4: 527.8364556781701} 
{0: '0.7478070175438597', 1: '0.10307017543859649', 2: '0.0', 3: '1.0', 4: 521.6320019808065} 
{0: '0.7461706783369803', 1: '0.1050328227571116', 2: '0.0', 3: '1.0', 4: 525.2042945122826} 
{0: '0.7445414847161572', 1: '0.10698689956331878', 2: '0.0', 3: '1.0', 4: 539.0257234441397} 
{0: '0.7450980392156863', 1: '0.10893246187363835', 2: '0.0', 3: '1.0629903792895394', 4: 539.5554467155368} 
{0: '0.7456521739130435', 1: '0.10869565217391304', 2: '0.0', 3: '1.1299485464621188', 4: 531.4349400486003} 
{0: '0.7440347071583514', 1: '0.10845986984815618', 2: '0.0', 3: '1.1299485464621188', 4: 527.3292211478976} 
{0: '0.7445887445887446', 1: '0.10822510822510822', 2: '0.0', 3: '1.0629903792895394', 4: 522.440806583776} 
{0: '0.7451403887688985', 1: '0.1079913606911447', 2: '0.0', 3: '1.0', 4: 525.5390603701426} 
{0: '0.7435344827586207', 1: '0.10991379310344827', 2: '0.0', 3: '1.0', 4: 524.2280864369545} 
{0: '0.7440860215053764', 1: '0.11182795698924732', 2: '0.0', 3: '1.0629903792895394', 4: 523.6462370724086} 
{0: '0.7446351931330472', 1: '0.11158798283261803', 2: '0.0', 3: '1.1299485464621188', 4: 519.6491280914713} 
{0: '0.7430406852248393', 1: '0.11134903640256959', 2: '0.0', 3: '1.1299485464621188', 4: 533.9654285061473} 
{0: '0.7414529914529915', 1: '0.1111111111111111', 2: '0.0', 3: '1.1299485464621188', 4: 539.155402461464} 
{0: '0.7420042643923241', 1: '0.11087420042643924', 2: '0.0', 3: '1.2011244339814315', 4: 531.4301289675482} 
{0: '0.7425531914893617', 1: '0.11063829787234042', 2: '0.0', 3: '1.2767837176518553', 4: 521.653026374193} 
{0: '0.7430997876857749', 1: '0.11040339702760085', 2: '0.0', 3: '1.3572088082974538', 4: 517.5147018814741} 
{0: '0.7436440677966102', 1: '0.11016949152542373', 2: '0.0', 3: '1.4426999059072143', 4: 525.6048924776973} 
{0: '0.7420718816067653', 1: '0.10993657505285412', 2: '0.0', 3: '1.4426999059072143', 4: 520.464738783864} 
{0: '0.7426160337552743', 1: '0.10970464135021098', 2: '0.0', 3: '1.3572088082974538', 4: 518.1803662164679} 
{0: '0.7431578947368421', 1: '0.10947368421052632', 2: '0.0', 3: '1.2767837176518553', 4: 524.1801494565888} 
{0: '0.7436974789915967', 1: '0.1092436974789916', 2: '0.0', 3: '1.2011244339814315', 4: 526.3203755775481} 
{0: '0.7442348008385744', 1: '0.1090146750524109', 2: '0.0', 3: '1.1299485464621188', 4: 523.1471769260963} 
{0: '0.7447698744769874', 1: '0.1087866108786611', 2: '0.0', 3: '1.0629903792895394', 4: 518.7090904413355} 
{0: '0.7453027139874739', 1: '0.10855949895615867', 2: '0.0', 3: '1.0', 4: 518.9174663592984} 
{0: '0.74375', 1: '0.11041666666666666', 2: '0.0', 3: '1.0', 4: 527.4229396650522} 
{0: '0.7442827442827443', 1: '0.11226611226611227', 2: '0.0', 3: '1.0629903792895394', 4: 529.8960377415353} 
{0: '0.7448132780082988', 1: '0.11203319502074689', 2: '0.0', 3: '1.1299485464621188', 4: 523.934427374318} 
{0: '0.7432712215320911', 1: '0.11180124223602485', 2: '0.0', 3: '1.1299485464621188', 4: 539.3924857027009} 
{0: '0.743801652892562', 1: '0.1115702479338843', 2: '0.0', 3: '1.0629903792895394', 4: 537.6194913287375} 
{0: '0.7443298969072165', 1: '0.11134020618556702', 2: '0.0', 3: '1.0', 4: 524.069748984944} 
{0: '0.742798353909465', 1: '0.11316872427983539', 2: '0.0', 3: '1.0', 4: 522.7248542264222} 
{0: '0.7433264887063655', 1: '0.11498973305954825', 2: '0.0', 3: '1.0629903792895394', 4: 525.2363228954791} 
{0: '0.7438524590163934', 1: '0.11475409836065574', 2: '0.0', 3: '1.1299485464621188', 4: 526.7938938970703} 
{0: '0.7423312883435583', 1: '0.11451942740286299', 2: '0.0', 3: '1.1299485464621188', 4: 520.8976223194046} 
{0: '0.7428571428571429', 1: '0.11428571428571428', 2: '0.0', 3: '1.0629903792895394', 4: 539.7369991889674} 
{0: '0.7433808553971487', 1: '0.11405295315682282', 2: '0.0', 3: '1.0', 4: 537.5867044460158} 
{0: '0.741869918699187', 1: '0.11585365853658537', 2: '0.0', 3: '1.0', 4: 520.7003872598124} 
{0: '0.7403651115618661', 1: '0.11764705882352941', 2: '0.0', 3: '1.0', 4: 530.7099415787472} 
{0: '0.7388663967611336', 1: '0.1194331983805668', 2: '0.0', 3: '1.0', 4: 521.7833614010741} 
{0: '0.7373737373737373', 1: '0.12121212121212122', 2: '0.0', 3: '1.0', 4: 531.7563931398623} 
{0: '0.7358870967741935', 1: '0.12298387096774194', 2: '0.0', 3: '1.0', 4: 533.019634543313} 
{0: '0.7364185110663984', 1: '0.12474849094567404', 2: '0.0', 3: '1.0629903792895394', 4: 523.3405101661025} 
{0: '0.7369477911646586', 1: '0.12449799196787148', 2: '0.0', 3: '1.1299485464621188', 4: 517.9902369432167} 
{0: '0.7354709418837675', 1: '0.12424849699398798', 2: '0.0', 3: '1.1299485464621188', 4: 519.1942214458159} 
