{'STAT2HEADER': 'STAT2HEADER', 'STAT2HEADER_ENVIRON': 'environ({\'OMPI_MCA_pmix\': \'^s1,s2,cray,isolated\', \'PMIX_MCA_mca_base_component_show_load_errors\': \'1\', \'OMPI_COMMAND\': \'python3\', \'OMPI_ARGV\': \'static_snapshot.py 1 0min\', \'OMPI_MCA_orte_precondition_transports\': \'521e814c5cdcba01-b6637e3ab829271e\', \'LD_LIBRARY_PATH\': \'/salilab/diva1/programs/x86_64linux/numpy-py36-1.19.5/lib:/salilab/diva1/home/libs/x86_64/centos8:/salilab/diva1/home/libs/x86_64:/salilab/diva1/home/imp/main/20240607-af6f9d6a95/lib/release8:/salilab/diva1/programs/x86_64linux/opencv-4.3.0/lib64/rhel:/salilab/diva1/programs/x86_64linux/opencv-4.3.0/lib64:/salilab/diva1/programs/x86_64linux/hdf5-1.10.7/lib:/salilab/diva1/programs/x86_64linux/libtau-py27-1.0.1/lib64:/salilab/diva1/programs/x86_64linux/boost-1.73.0/lib64:/usr/lib64/openmpi/lib:/wynton/group/sali/miha_rozic/Software/imp-develop/build/lib::\', \'IMP_TMP_DIR\': \'/wynton/group/sali/miha_rozic/Software/imp-develop/build/tmp\', \'PE_HOSTFILE\': \'/var/spool/sge/wynton/qb3-id154/active_jobs/707235.1/pe_hostfile\', \'__LMOD_REF_COUNT_PATH\': \'/salilab/diva1/programs/x86_64linux/numpy-py36-1.19.5/bin:1;/salilab/diva1/home/imp/main/20240607-af6f9d6a95/bin/release8:1;/salilab/diva1/programs/x86_64linux/opencv-4.3.0/bin:1;/salilab/diva1/programs/x86_64linux/hdf5-1.10.7/bin:1;/usr/lib64/openmpi/bin:1;/wynton/home/sali/rozicmiha/.local/bin:1;/wynton/home/sali/rozicmiha/bin:1;/wynton/group/sali/miha_rozic/Software/imp-develop/build/bin:1;/wynton/group/sali/miha_rozic/Software/imp-develop/build/module_bin/EMageFit:1;/wynton/group/sali/miha_rozic/Software/imp-develop/build/module_bin/algebra:1;/wynton/group/sali/miha_rozic/Software/imp-develop/build/module_bin/atom:1;/wynton/group/sali/miha_rozic/Software/imp-develop/build/module_bin/benchmark:1;/wynton/group/sali/miha_rozic/Software/imp-develop/build/module_bin/cgal:1;/wynton/group/sali/miha_rozic/Software/imp-develop/build/module_bin/cnmultifit:1;/wynton/group/sali/miha_rozic/Software/imp-develop/build/module_bin/container:1;/wynton/group/sali/miha_rozic/Software/imp-develop/build/module_bin/core:1;/wynton/group/sali/miha_rozic/Software/imp-develop/build/module_bin/display:1;/wynton/group/sali/miha_rozic/Software/imp-develop/build/module_bin/domino:1;/wynton/group/sali/miha_rozic/Software/imp-develop/build/module_bin/em:1;/wynton/group/sali/miha_rozic/Software/imp-develop/build/module_bin/em2d:1;/wynton/group/sali/miha_rozic/Software/imp-develop/build/module_bin/example:1;/wynton/group/sali/miha_rozic/Software/imp-develop/build/module_bin/foxs:1;/wynton/group/sali/miha_rozic/Software/imp-develop/build/module_bin/gsl:1;/wynton/group/sali/miha_rozic/Software/imp-develop/build/module_bin/integrative_docking:1;/wynton/group/sali/miha_rozic/Software/imp-develop/build/module_bin/isd:1;/wynton/group/sali/miha_rozic/Software/imp-develop/build/module_bin/kernel:1;/wynton/group/sali/miha_rozic/Software/imp-develop/build/module_bin/kinematics:1;/wynton/group/sali/miha_rozic/Software/imp-develop/build/module_bin/kmeans:1;/wynton/group/sali/miha_rozic/Software/imp-develop/build/module_bin/misc:1;/wynton/group/sali/miha_rozic/Software/imp-develop/build/module_bin/mmcif:1;/wynton/group/sali/miha_rozic/Software/imp-develop/build/module_bin/modeller:1;/wynton/group/sali/miha_rozic/Software/imp-develop/build/module_bin/mpi:1;/wynton/group/sali/miha_rozic/Software/imp-develop/build/module_bin/multi_state:1;/wynton/group/sali/miha_rozic/Software/imp-develop/build/module_bin/multifit:1;/wynton/group/sali/miha_rozic/Software/imp-develop/build/module_bin/npc:1;/wynton/group/sali/miha_rozic/Software/imp-develop/build/module_bin/npcassembly:1;/wynton/group/sali/miha_rozic/Software/imp-develop/build/module_bin/parallel:1;/wynton/group/sali/miha_rozic/Software/imp-develop/build/module_bin/pepdock:1;/wynton/group/sali/miha_rozic/Software/imp-develop/build/module_bin/pmi:1;/wynton/group/sali/miha_rozic/Software/imp-develop/build/module_bin/rmf:1;/wynton/group/sali/miha_rozic/Software/imp-develop/build/module_bin/rotamer:1;/wynton/group/sali/miha_rozic/Software/imp-develop/build/module_bin/saxs:1;/wynton/group/sali/miha_rozic/Software/imp-develop/build/module_bin/saxs_merge:1;/wynton/group/sali/miha_rozic/Software/imp-develop/build/module_bin/score_functor:1;/wynton/group/sali/miha_rozic/Software/imp-develop/build/module_bin/scratch:1;/wynton/group/sali/miha_rozic/Software/imp-develop/build/module_bin/spb:1;/wynton/group/sali/miha_rozic/Software/imp-develop/build/module_bin/statistics:1;/wynton/group/sali/miha_rozic/Software/imp-develop/build/module_bin/symmetry:1;/wynton/group/sali/miha_rozic/Software/imp-develop/build/module_bin/test:1;/opt/sge/bin:1;/opt/sge/bin/lx-amd64:1;/scratch/707235.1.long.q:1;/usr/local/bin:1;/bin:1;/usr/bin:1;/usr/local/sbin:1;/usr/sbin:1\', \'_ModuleTable002_\': \'fSwKc3RhY2tEZXB0aCA9IDEsCnN0YXR1cyA9ICJhY3RpdmUiLAp1c2VyTmFtZSA9ICJib29zdC8xLjczLjAiLAp3ViA9ICIwMDAwMDAwMDEuMDAwMDAwMDczLip6ZmluYWwiLAp9LApoZGY1ID0gewpmbiA9ICIvc2FsaWxhYi9kaXZhMS9ob21lL21vZHVsZXMvaGRmNS8xLjEwLjciLApmdWxsTmFtZSA9ICJoZGY1LzEuMTAuNyIsCmxvYWRPcmRlciA9IDUsCnByb3BUID0ge30sCnN0YWNrRGVwdGggPSAyLApzdGF0dXMgPSAiYWN0aXZlIiwKdXNlck5hbWUgPSAiaGRmNS8xLjEwLjciLAp3ViA9ICIwMDAwMDAwMDEuMDAwMDAwMDEwLjAwMDAwMDAwNy4qemZpbmFsIiwKfSwKaW1wID0gewpmbiA9ICIvc2FsaWxhYi9kaXZhMS9ob21lL21vZHVsZXMvaW1wLzIuMjEuMCIsCmZ1bGxO\', \'IMP_DIR\': \'/salilab/diva1/home/imp/main/20240607-af6f9d6a95/lib/release8/cmake/IMP\', \'QUEUE\': \'long.q\', \'GOTO_NUM_THREADS\': \'1\', \'MPI_PYTHON3_SITEARCH\': \'/usr/lib64/python3.6/site-packages/openmpi\', \'LANG\': \'en_US.UTF-8\', \'HISTCONTROL\': \'ignoredups\', \'_ModuleTable008_\': \'cyIsCmZ1bGxOYW1lID0gInNhbGktbGlicmFyaWVzIiwKbG9hZE9yZGVyID0gOCwKcHJvcFQgPSB7fSwKc3RhY2tEZXB0aCA9IDEsCnN0YXR1cyA9ICJhY3RpdmUiLAp1c2VyTmFtZSA9ICJzYWxpLWxpYnJhcmllcyIsCndWID0gIk0uKnpmaW5hbCIsCn0sCn0sCm1wYXRoQSA9IHsKIi9zYWxpbGFiL2RpdmExL2hvbWUvbW9kdWxlcyIsICIvZXRjL21vZHVsZWZpbGVzIiwgIi91c3Ivc2hhcmUvbW9kdWxlZmlsZXMiCiwgIi91c3Ivc2hhcmUvbW9kdWxlZmlsZXMvTGludXgiLCAiL3Vzci9zaGFyZS9tb2R1bGVmaWxlcy9Db3JlIiwgIi91c3Ivc2hhcmUvbG1vZC9sbW9kL21vZHVsZWZpbGVzL0NvcmUiLAp9LApzeXN0ZW1CYXNlTVBBVEggPSAiL2V0Yy9tb2R1bGVmaWxlczovdXNy\', \'SGE_O_HOST\': \'dev1\', \'HOSTNAME\': \'qb3-id154.wynton.ucsf.edu\', \'OPENBLAS_NUM_THREADS\': \'1\', \'__LMOD_REF_COUNT_CMAKE_INCLUDE_PATH\': \'/salilab/diva1/programs/x86_64linux/opencv-4.3.0/include/opencv4:1;/salilab/diva1/programs/x86_64linux/hdf5-1.10.7/include:1;/salilab/diva1/programs/x86_64linux/libtau-py27-1.0.1/include:1;/salilab/diva1/programs/x86_64linux/boost-1.73.0/include:1\', \'SGE_RSH_COMMAND\': \'builtin\', \'ENVIRONMENT\': \'BATCH\', \'IMP_DATA\': \'/wynton/group/sali/miha_rozic/Software/imp-develop/build/data\', \'REQUEST\': \'test1\', \'SGE_STDIN_PATH\': \'/dev/null\', \'SGE_CELL\': \'wynton\', \'_ModuleTable007_\': \'MjEuMyIsCndWID0gIjAwMDAwMDAwMC4wMDAwMDAwMjEuMDAwMDAwMDAzLip6ZmluYWwiLAp9LApbInB5dGhvbjMvc2NpcHkiXSA9IHsKZm4gPSAiL3NhbGlsYWIvZGl2YTEvaG9tZS9tb2R1bGVzL3B5dGhvbjMvc2NpcHkvMS4zLjIiLApmdWxsTmFtZSA9ICJweXRob24zL3NjaXB5LzEuMy4yIiwKbG9hZE9yZGVyID0gMTAsCnByb3BUID0ge30sCnN0YWNrRGVwdGggPSAxLApzdGF0dXMgPSAiYWN0aXZlIiwKdXNlck5hbWUgPSAicHl0aG9uMy9zY2lweS8xLjMuMiIsCndWID0gIjAwMDAwMDAwMS4wMDAwMDAwMDMuMDAwMDAwMDAyLip6ZmluYWwiLAp9LApbInNhbGktbGlicmFyaWVzIl0gPSB7CmZuID0gIi9zYWxpbGFiL2RpdmExL2hvbWUvbW9kdWxlcy9zYWxpLWxpYnJhcmll\', \'CMAKE_INCLUDE_PATH\': \'/salilab/diva1/programs/x86_64linux/opencv-4.3.0/include/opencv4:/salilab/diva1/programs/x86_64linux/hdf5-1.10.7/include:/salilab/diva1/programs/x86_64linux/libtau-py27-1.0.1/include:/salilab/diva1/programs/x86_64linux/boost-1.73.0/include\', \'__LMOD_REF_COUNT_LD_LIBRARY_PATH\': \'/salilab/diva1/programs/x86_64linux/numpy-py36-1.19.5/lib:1;/salilab/diva1/home/libs/x86_64/centos8:1;/salilab/diva1/home/libs/x86_64:1;/salilab/diva1/home/imp/main/20240607-af6f9d6a95/lib/release8:1;/salilab/diva1/programs/x86_64linux/opencv-4.3.0/lib64/rhel:1;/salilab/diva1/programs/x86_64linux/opencv-4.3.0/lib64:1;/salilab/diva1/programs/x86_64linux/hdf5-1.10.7/lib:1;/salilab/diva1/programs/x86_64linux/libtau-py27-1.0.1/lib64:1;/salilab/diva1/programs/x86_64linux/boost-1.73.0/lib64:1;/usr/lib64/openmpi/lib:1;/wynton/group/sali/miha_rozic/Software/imp-develop/build/lib:2;:1\', \'__LMOD_REF_COUNT_PKG_CONFIG_PATH\': \'/usr/lib64/openmpi/lib/pkgconfig:1\', \'_ModuleTable004_\': \'aGFyZS9tb2R1bGVmaWxlcy9tcGkvb3Blbm1waS14ODZfNjQiLApmdWxsTmFtZSA9ICJtcGkvb3Blbm1waS14ODZfNjQiLApsb2FkT3JkZXIgPSAyLApwcm9wVCA9IHt9LApzdGFja0RlcHRoID0gMCwKc3RhdHVzID0gImFjdGl2ZSIsCnVzZXJOYW1lID0gIm1waS9vcGVubXBpLXg4Nl82NCIsCndWID0gIipvcGVubXBpLip4LjAwMDAwMDA4Ni4qXy4wMDAwMDAwNjQuKnpmaW5hbCIsCn0sCm9wZW5jdiA9IHsKZm4gPSAiL3NhbGlsYWIvZGl2YTEvaG9tZS9tb2R1bGVzL29wZW5jdi80LjMuMCIsCmZ1bGxOYW1lID0gIm9wZW5jdi80LjMuMCIsCmxvYWRPcmRlciA9IDYsCnByb3BUID0ge30sCnN0YWNrRGVwdGggPSAxLApzdGF0dXMgPSAiYWN0aXZlIiwKdXNlck5hbWUgPSAib3Bl\', \'__LMOD_REF_COUNT_PYTHONPATH\': \'/salilab/diva1/programs/x86_64linux/scikit-py36-0.21.3/lib64/python3.6/site-packages:1;/salilab/diva1/programs/linux/joblib-0.17.0/lib/python3.6/site-packages:1;/salilab/diva1/programs/x86_64linux/scipy-py36-1.3.2/lib64/python3.6/site-packages:1;/salilab/diva1/programs/x86_64linux/numpy-py36-1.19.5/lib64/python3.6/site-packages:1;/salilab/diva1/home/imp/main/20240607-af6f9d6a95/lib/release8:1;/salilab/diva1/programs/x86_64linux/opencv-4.3.0/lib/python3.6/site-packages:1;/wynton/group/sali/miha_rozic/Software/imp-develop/build/lib:2;:1\', \'which_declare\': \'declare -f\', \'NHOSTS\': \'1\', \'SGE_O_WORKDIR\': \'/wynton/group/sali/miha_rozic/Input_information/SNAPSHOTS/central_directory/snapshot1_0min/run9\', \'USER\': \'rozicmiha\', \'SGE_TASK_ID\': \'undefined\', \'__LMOD_REF_COUNT_CMAKE_LIBRARY_PATH\': \'/salilab/diva1/programs/x86_64linux/opencv-4.3.0/lib64:1;/salilab/diva1/programs/x86_64linux/hdf5-1.10.7/lib:1;/salilab/diva1/programs/x86_64linux/libtau-py27-1.0.1/lib64:1;/salilab/diva1/programs/x86_64linux/boost-1.73.0/lib64:1\', \'SGE_TASK_FIRST\': \'undefined\', \'NSLOTS\': \'16\', \'__LMOD_REF_COUNT_MODULEPATH\': \'/salilab/diva1/home/modules:1;/etc/modulefiles:1;/usr/share/modulefiles:1;/usr/share/modulefiles/Linux:1;/usr/share/modulefiles/Core:1;/usr/share/lmod/lmod/modulefiles/Core:1\', \'PWD\': \'/wynton/group/sali/miha_rozic/Input_information/SNAPSHOTS/central_directory/snapshot1_0min/run9\', \'HOME\': \'/wynton/home/sali/rozicmiha\', \'NQUEUES\': \'2\', \'TMP\': \'/scratch/707235.1.long.q\', \'PE\': \'smp\', \'SGE_O_HOME\': \'/wynton/home/sali/rozicmiha\', \'LMOD_VERSION\': \'8.7.32\', \'JOB_NAME\': \'test1\', \'BASH_ENV\': \'/usr/share/lmod/lmod/init/bash\', \'MPI_FORTRAN_MOD_DIR\': \'/usr/lib64/gfortran/modules/openmpi\', \'SGE_TASK_LAST\': \'undefined\', \'MKL_NUM_THREADS\': \'1\', \'MPI_COMPILER\': \'openmpi-x86_64\', \'SGE_ACCOUNT\': \'sge\', \'SGE_ROOT\': \'/opt/sge\', \'MPI_SUFFIX\': \'_openmpi\', \'TMPDIR\': \'/scratch/707235.1.long.q\', \'RESTARTED\': \'0\', \'LMOD_sys\': \'Linux\', \'_ModuleTable001_\': \'X01vZHVsZVRhYmxlXyA9IHsKTVR2ZXJzaW9uID0gMywKY19yZWJ1aWxkVGltZSA9IGZhbHNlLApjX3Nob3J0VGltZSA9IGZhbHNlLApkZXB0aFQgPSB7fSwKZmFtaWx5ID0ge30sCm1UID0gewpTYWxpID0gewpmbiA9ICIvZXRjL21vZHVsZWZpbGVzL1NhbGkubHVhIiwKZnVsbE5hbWUgPSAiU2FsaSIsCmxvYWRPcmRlciA9IDEsCnByb3BUID0ge30sCnN0YWNrRGVwdGggPSAwLApzdGF0dXMgPSAiYWN0aXZlIiwKdXNlck5hbWUgPSAiU2FsaSIsCndWID0gIk0uKnpmaW5hbCIsCn0sCmJvb3N0ID0gewpmbiA9ICIvc2FsaWxhYi9kaXZhMS9ob21lL21vZHVsZXMvYm9vc3QvMS43My4wIiwKZnVsbE5hbWUgPSAiYm9vc3QvMS43My4wIiwKbG9hZE9yZGVyID0gMywKcHJvcFQgPSB7\', \'LOADEDMODULES\': \'Sali:mpi/openmpi-x86_64:boost/1.73.0:libtau/1.0.1:hdf5/1.10.7:opencv/4.3.0:imp/2.21.0:sali-libraries:python3/numpy/1.19.5:python3/scipy/1.3.2:python3/joblib/0.17.0:python3/scikit/0.21.3\', \'SGE_O_PATH\': \'/salilab/diva1/programs/x86_64linux/numpy-py36-1.19.5/bin:/salilab/diva1/home/imp/main/20240607-af6f9d6a95/bin/release8:/salilab/diva1/programs/x86_64linux/opencv-4.3.0/bin:/salilab/diva1/programs/x86_64linux/hdf5-1.10.7/bin:/wynton/home/sali/rozicmiha/.local/bin:/wynton/home/sali/rozicmiha/bin:/wynton/group/sali/miha_rozic/Software/imp-develop/build/bin:/wynton/group/sali/miha_rozic/Software/imp-develop/build/module_bin/EMageFit:/wynton/group/sali/miha_rozic/Software/imp-develop/build/module_bin/algebra:/wynton/group/sali/miha_rozic/Software/imp-develop/build/module_bin/atom:/wynton/group/sali/miha_rozic/Software/imp-develop/build/module_bin/benchmark:/wynton/group/sali/miha_rozic/Software/imp-develop/build/module_bin/cgal:/wynton/group/sali/miha_rozic/Software/imp-develop/build/module_bin/cnmultifit:/wynton/group/sali/miha_rozic/Software/imp-develop/build/module_bin/container:/wynton/group/sali/miha_rozic/Software/imp-develop/build/module_bin/core:/wynton/group/sali/miha_rozic/Software/imp-develop/build/module_bin/display:/wynton/group/sali/miha_rozic/Software/imp-develop/build/module_bin/domino:/wynton/group/sali/miha_rozic/Software/imp-develop/build/module_bin/em:/wynton/group/sali/miha_rozic/Software/imp-develop/build/module_bin/em2d:/wynton/group/sali/miha_rozic/Software/imp-develop/build/module_bin/example:/wynton/group/sali/miha_rozic/Software/imp-develop/build/module_bin/foxs:/wynton/group/sali/miha_rozic/Software/imp-develop/build/module_bin/gsl:/wynton/group/sali/miha_rozic/Software/imp-develop/build/module_bin/integrative_docking:/wynton/group/sali/miha_rozic/Software/imp-develop/build/module_bin/isd:/wynton/group/sali/miha_rozic/Software/imp-develop/build/module_bin/kernel:/wynton/group/sali/miha_rozic/Software/imp-develop/build/module_bin/kinematics:/wynton/group/sali/miha_rozic/Software/imp-develop/build/module_bin/kmeans:/wynton/group/sali/miha_rozic/Software/imp-develop/build/module_bin/misc:/wynton/group/sali/miha_rozic/Software/imp-develop/build/module_bin/mmcif:/wynton/group/sali/miha_rozic/Software/imp-develop/build/module_bin/modeller:/wynton/group/sali/miha_rozic/Software/imp-develop/build/module_bin/mpi:/wynton/group/sali/miha_rozic/Software/imp-develop/build/module_bin/multi_state:/wynton/group/sali/miha_rozic/Software/imp-develop/build/module_bin/multifit:/wynton/group/sali/miha_rozic/Software/imp-develop/build/module_bin/npc:/wynton/group/sali/miha_rozic/Software/imp-develop/build/module_bin/npcassembly:/wynton/group/sali/miha_rozic/Software/imp-develop/build/module_bin/parallel:/wynton/group/sali/miha_rozic/Software/imp-develop/build/module_bin/pepdock:/wynton/group/sali/miha_rozic/Software/imp-develop/build/module_bin/pmi:/wynton/group/sali/miha_rozic/Software/imp-develop/build/module_bin/rmf:/wynton/group/sali/miha_rozic/Software/imp-develop/build/module_bin/rotamer:/wynton/group/sali/miha_rozic/Software/imp-develop/build/module_bin/saxs:/wynton/group/sali/miha_rozic/Software/imp-develop/build/module_bin/saxs_merge:/wynton/group/sali/miha_rozic/Software/imp-develop/build/module_bin/score_functor:/wynton/group/sali/miha_rozic/Software/imp-develop/build/module_bin/scratch:/wynton/group/sali/miha_rozic/Software/imp-develop/build/module_bin/spb:/wynton/group/sali/miha_rozic/Software/imp-develop/build/module_bin/statistics:/wynton/group/sali/miha_rozic/Software/imp-develop/build/module_bin/symmetry:/wynton/group/sali/miha_rozic/Software/imp-develop/build/module_bin/test:/opt/sge/bin:/opt/sge/bin/lx-amd64:/usr/local/bin:/usr/bin:/usr/local/sbin:/usr/sbin\', \'SGE_O_SHELL\': \'/bin/bash\', \'_ModuleTable006_\': \'bWUgPSAicHl0aG9uMy9udW1weS8xLjE5LjUiLApsb2FkT3JkZXIgPSA5LApwcm9wVCA9IHt9LApzdGFja0RlcHRoID0gMiwKc3RhdHVzID0gImFjdGl2ZSIsCnVzZXJOYW1lID0gInB5dGhvbjMvbnVtcHkvMS4xOS41IiwKd1YgPSAiMDAwMDAwMDAxLjAwMDAwMDAxOS4wMDAwMDAwMDUuKnpmaW5hbCIsCn0sClsicHl0aG9uMy9zY2lraXQiXSA9IHsKZm4gPSAiL3NhbGlsYWIvZGl2YTEvaG9tZS9tb2R1bGVzL3B5dGhvbjMvc2Npa2l0LzAuMjEuMyIsCmZ1bGxOYW1lID0gInB5dGhvbjMvc2Npa2l0LzAuMjEuMyIsCmxvYWRPcmRlciA9IDEyLApwcm9wVCA9IHt9LApzdGFja0RlcHRoID0gMCwKc3RhdHVzID0gImFjdGl2ZSIsCnVzZXJOYW1lID0gInB5dGhvbjMvc2Npa2l0LzAu\', \'__LMOD_REF_COUNT_MANPATH\': \':2;/usr/share/man/openmpi-x86_64:1;/opt/sge/man:1;/usr/share/lmod/lmod/share/man:1\', \'MPI_INCLUDE\': \'/usr/include/openmpi-x86_64\', \'_ModuleTable003_\': \'YW1lID0gImltcC8yLjIxLjAiLApsb2FkT3JkZXIgPSA3LApwcm9wVCA9IHt9LApzdGFja0RlcHRoID0gMCwKc3RhdHVzID0gImFjdGl2ZSIsCnVzZXJOYW1lID0gImltcCIsCndWID0gIl4wMDAwMDAwMi4wMDAwMDAwMjEuKnpmaW5hbCIsCn0sCmxpYnRhdSA9IHsKZm4gPSAiL3NhbGlsYWIvZGl2YTEvaG9tZS9tb2R1bGVzL2xpYnRhdS8xLjAuMSIsCmZ1bGxOYW1lID0gImxpYnRhdS8xLjAuMSIsCmxvYWRPcmRlciA9IDQsCnByb3BUID0ge30sCnN0YWNrRGVwdGggPSAxLApzdGF0dXMgPSAiYWN0aXZlIiwKdXNlck5hbWUgPSAibGlidGF1LzEuMC4xIiwKd1YgPSAiMDAwMDAwMDAxLjAwMDAwMDAwMC4wMDAwMDAwMDEuKnpmaW5hbCIsCn0sCm1waSA9IHsKZm4gPSAiL3Vzci9z\', \'LMOD_ROOT\': \'/usr/share/lmod\', \'SYSTEMCTL_SKIP_REDIRECT\': \'\', \'MAIL\': \'/var/spool/mail/rozicmiha\', \'SGE_CWD_PATH\': \'/wynton/group/sali/miha_rozic/Input_information/SNAPSHOTS/central_directory/snapshot1_0min/run9\', \'MPI_HOME\': \'/usr/lib64/openmpi\', \'_ModuleTable009_\': \'L3NoYXJlL21vZHVsZWZpbGVzOi91c3Ivc2hhcmUvbW9kdWxlZmlsZXMvTGludXg6L3Vzci9zaGFyZS9tb2R1bGVmaWxlcy9Db3JlOi91c3Ivc2hhcmUvbG1vZC9sbW9kL21vZHVsZWZpbGVzL0NvcmUiLAp9Cg==\', \'SGE_TASK_STEPSIZE\': \'undefined\', \'SHELL\': \'/bin/bash\', \'TERM\': \'\', \'_ModuleTable_Sz_\': \'9\', \'SGE_JOB_SPOOL_DIR\': \'/var/spool/sge/wynton/qb3-id154/active_jobs/707235.1\', \'JOB_ID\': \'707235\', \'IMP_EXAMPLE_DATA\': \'/wynton/group/sali/miha_rozic/Software/imp-develop/build/doc/examples\', \'R_FUTURE_AVAILABLECORES_FALLBACK\': \'1\', \'JOB_SCRIPT\': \'/var/spool/sge/wynton/qb3-id154/job_scripts/707235\', \'SHLVL\': \'2\', \'SGE_O_LOGNAME\': \'rozicmiha\', \'SGE_O_MAIL\': \'/var/spool/mail/rozicmiha\', \'PYTHONPATH\': \'/salilab/diva1/programs/x86_64linux/scikit-py36-0.21.3/lib64/python3.6/site-packages:/salilab/diva1/programs/linux/joblib-0.17.0/lib/python3.6/site-packages:/salilab/diva1/programs/x86_64linux/scipy-py36-1.3.2/lib64/python3.6/site-packages:/salilab/diva1/programs/x86_64linux/numpy-py36-1.19.5/lib64/python3.6/site-packages:/salilab/diva1/home/imp/main/20240607-af6f9d6a95/lib/release8:/salilab/diva1/programs/x86_64linux/opencv-4.3.0/lib/python3.6/site-packages:/wynton/group/sali/miha_rozic/Software/imp-develop/build/lib::\', \'MANPATH\': \':/usr/share/man/openmpi-x86_64:/opt/sge/man:/usr/share/lmod/lmod/share/man\', \'MODULEPATH\': \'/salilab/diva1/home/modules:/etc/modulefiles:/usr/share/modulefiles:/usr/share/modulefiles/Linux:/usr/share/modulefiles/Core:/usr/share/lmod/lmod/modulefiles/Core\', \'MPI_SYSCONFIG\': \'/etc/openmpi-x86_64\', \'LOGNAME\': \'rozicmiha\', \'SYSTEMCTL_IGNORE_DEPENDENCIES\': \'\', \'MODULEPATH_ROOT\': \'/usr/share/modulefiles\', \'PATH\': \'/salilab/diva1/programs/x86_64linux/numpy-py36-1.19.5/bin:/salilab/diva1/home/imp/main/20240607-af6f9d6a95/bin/release8:/salilab/diva1/programs/x86_64linux/opencv-4.3.0/bin:/salilab/diva1/programs/x86_64linux/hdf5-1.10.7/bin:/usr/lib64/openmpi/bin:/wynton/home/sali/rozicmiha/.local/bin:/wynton/home/sali/rozicmiha/bin:/wynton/group/sali/miha_rozic/Software/imp-develop/build/bin:/wynton/group/sali/miha_rozic/Software/imp-develop/build/module_bin/EMageFit:/wynton/group/sali/miha_rozic/Software/imp-develop/build/module_bin/algebra:/wynton/group/sali/miha_rozic/Software/imp-develop/build/module_bin/atom:/wynton/group/sali/miha_rozic/Software/imp-develop/build/module_bin/benchmark:/wynton/group/sali/miha_rozic/Software/imp-develop/build/module_bin/cgal:/wynton/group/sali/miha_rozic/Software/imp-develop/build/module_bin/cnmultifit:/wynton/group/sali/miha_rozic/Software/imp-develop/build/module_bin/container:/wynton/group/sali/miha_rozic/Software/imp-develop/build/module_bin/core:/wynton/group/sali/miha_rozic/Software/imp-develop/build/module_bin/display:/wynton/group/sali/miha_rozic/Software/imp-develop/build/module_bin/domino:/wynton/group/sali/miha_rozic/Software/imp-develop/build/module_bin/em:/wynton/group/sali/miha_rozic/Software/imp-develop/build/module_bin/em2d:/wynton/group/sali/miha_rozic/Software/imp-develop/build/module_bin/example:/wynton/group/sali/miha_rozic/Software/imp-develop/build/module_bin/foxs:/wynton/group/sali/miha_rozic/Software/imp-develop/build/module_bin/gsl:/wynton/group/sali/miha_rozic/Software/imp-develop/build/module_bin/integrative_docking:/wynton/group/sali/miha_rozic/Software/imp-develop/build/module_bin/isd:/wynton/group/sali/miha_rozic/Software/imp-develop/build/module_bin/kernel:/wynton/group/sali/miha_rozic/Software/imp-develop/build/module_bin/kinematics:/wynton/group/sali/miha_rozic/Software/imp-develop/build/module_bin/kmeans:/wynton/group/sali/miha_rozic/Software/imp-develop/build/module_bin/misc:/wynton/group/sali/miha_rozic/Software/imp-develop/build/module_bin/mmcif:/wynton/group/sali/miha_rozic/Software/imp-develop/build/module_bin/modeller:/wynton/group/sali/miha_rozic/Software/imp-develop/build/module_bin/mpi:/wynton/group/sali/miha_rozic/Software/imp-develop/build/module_bin/multi_state:/wynton/group/sali/miha_rozic/Software/imp-develop/build/module_bin/multifit:/wynton/group/sali/miha_rozic/Software/imp-develop/build/module_bin/npc:/wynton/group/sali/miha_rozic/Software/imp-develop/build/module_bin/npcassembly:/wynton/group/sali/miha_rozic/Software/imp-develop/build/module_bin/parallel:/wynton/group/sali/miha_rozic/Software/imp-develop/build/module_bin/pepdock:/wynton/group/sali/miha_rozic/Software/imp-develop/build/module_bin/pmi:/wynton/group/sali/miha_rozic/Software/imp-develop/build/module_bin/rmf:/wynton/group/sali/miha_rozic/Software/imp-develop/build/module_bin/rotamer:/wynton/group/sali/miha_rozic/Software/imp-develop/build/module_bin/saxs:/wynton/group/sali/miha_rozic/Software/imp-develop/build/module_bin/saxs_merge:/wynton/group/sali/miha_rozic/Software/imp-develop/build/module_bin/score_functor:/wynton/group/sali/miha_rozic/Software/imp-develop/build/module_bin/scratch:/wynton/group/sali/miha_rozic/Software/imp-develop/build/module_bin/spb:/wynton/group/sali/miha_rozic/Software/imp-develop/build/module_bin/statistics:/wynton/group/sali/miha_rozic/Software/imp-develop/build/module_bin/symmetry:/wynton/group/sali/miha_rozic/Software/imp-develop/build/module_bin/test:/opt/sge/bin:/opt/sge/bin/lx-amd64:/scratch/707235.1.long.q:/usr/local/bin:/bin:/usr/bin:/usr/local/sbin:/usr/sbin\', \'MPI_BIN\': \'/usr/lib64/openmpi/bin\', \'SGE_STDERR_PATH\': \'/wynton/group/sali/miha_rozic/Input_information/SNAPSHOTS/central_directory/snapshot1_0min/run9/test1.o707235\', \'_LMFILES_\': \'/etc/modulefiles/Sali.lua:/usr/share/modulefiles/mpi/openmpi-x86_64:/salilab/diva1/home/modules/boost/1.73.0:/salilab/diva1/home/modules/libtau/1.0.1:/salilab/diva1/home/modules/hdf5/1.10.7:/salilab/diva1/home/modules/opencv/4.3.0:/salilab/diva1/home/modules/imp/2.21.0:/salilab/diva1/home/modules/sali-libraries:/salilab/diva1/home/modules/python3/numpy/1.19.5:/salilab/diva1/home/modules/python3/scipy/1.3.2:/salilab/diva1/home/modules/python3/joblib/0.17.0:/salilab/diva1/home/modules/python3/scikit/0.21.3\', \'DEBUGINFOD_URLS\': \'https://debuginfod.centos.org/ \', \'MODULESHOME\': \'/usr/share/lmod/lmod\', \'PKG_CONFIG_PATH\': \'/usr/lib64/openmpi/lib/pkgconfig\', \'LMOD_SETTARG_FULL_SUPPORT\': \'no\', \'HISTSIZE\': \'1000\', \'SGE_ARCH\': \'lx-amd64\', \'LMOD_PKG\': \'/usr/share/lmod/lmod\', \'CMAKE_LIBRARY_PATH\': \'/salilab/diva1/programs/x86_64linux/opencv-4.3.0/lib64:/salilab/diva1/programs/x86_64linux/hdf5-1.10.7/lib:/salilab/diva1/programs/x86_64linux/libtau-py27-1.0.1/lib64:/salilab/diva1/programs/x86_64linux/boost-1.73.0/lib64\', \'ARC\': \'lx-amd64\', \'MPI_LIB\': \'/usr/lib64/openmpi/lib\', \'SGE_BINARY_PATH\': \'/opt/sge/bin/lx-amd64\', \'SGE_STDOUT_PATH\': \'/wynton/group/sali/miha_rozic/Input_information/SNAPSHOTS/central_directory/snapshot1_0min/run9/test1.o707235\', \'_ModuleTable005_\': \'bmN2LzQuMy4wIiwKd1YgPSAiMDAwMDAwMDA0LjAwMDAwMDAwMy4qemZpbmFsIiwKfSwKWyJweXRob24zL2pvYmxpYiJdID0gewpmbiA9ICIvc2FsaWxhYi9kaXZhMS9ob21lL21vZHVsZXMvcHl0aG9uMy9qb2JsaWIvMC4xNy4wIiwKZnVsbE5hbWUgPSAicHl0aG9uMy9qb2JsaWIvMC4xNy4wIiwKbG9hZE9yZGVyID0gMTEsCnByb3BUID0ge30sCnN0YWNrRGVwdGggPSAxLApzdGF0dXMgPSAiYWN0aXZlIiwKdXNlck5hbWUgPSAicHl0aG9uMy9qb2JsaWIiLAp3ViA9ICIwMDAwMDAwMDAuMDAwMDAwMDE3Lip6ZmluYWwiLAp9LApbInB5dGhvbjMvbnVtcHkiXSA9IHsKZm4gPSAiL3NhbGlsYWIvZGl2YTEvaG9tZS9tb2R1bGVzL3B5dGhvbjMvbnVtcHkvMS4xOS41IiwKZnVsbE5h\', \'LMOD_CMD\': \'/usr/share/lmod/lmod/libexec/lmod\', \'REQNAME\': \'test1\', \'IMP_BIN_DIR\': \'/wynton/group/sali/miha_rozic/Software/imp-develop/build/bin\', \'MPI_MAN\': \'/usr/share/man/openmpi-x86_64\', \'LESSOPEN\': \'||/usr/bin/lesspipe.sh %s\', \'OMP_NUM_THREADS\': \'1\', \'SGE_CLUSTER_NAME\': \'wynton_cluster\', \'LMOD_DIR\': \'/usr/share/lmod/lmod/libexec\', \'BASH_FUNC_which%%\': \'() {  ( alias;\\n eval ${which_declare} ) | /usr/bin/which --tty-only --read-alias --read-functions --show-tilde --show-dot $@\\n}\', \'BASH_FUNC_module%%\': \'() {  if [ -z "${LMOD_SH_DBG_ON+x}" ]; then\\n case "$-" in \\n *v*x*)\\n __lmod_sh_dbg=\\\'vx\\\'\\n ;;\\n *v*)\\n __lmod_sh_dbg=\\\'v\\\'\\n ;;\\n *x*)\\n __lmod_sh_dbg=\\\'x\\\'\\n ;;\\n esac;\\n fi;\\n if [ -n "${__lmod_sh_dbg:-}" ]; then\\n set +$__lmod_sh_dbg;\\n echo "Shell debugging temporarily silenced: export LMOD_SH_DBG_ON=1 for Lmod\\\'s output" 1>&2;\\n fi;\\n eval "$($LMOD_CMD shell "$@")" && eval "$(${LMOD_SETTARG_CMD:-:} -s sh)";\\n __lmod_my_status=$?;\\n if [ -n "${__lmod_sh_dbg:-}" ]; then\\n echo "Shell debugging restarted" 1>&2;\\n set -$__lmod_sh_dbg;\\n fi;\\n unset __lmod_sh_dbg;\\n return $__lmod_my_status\\n}\', \'BASH_FUNC_ml%%\': \'() {  eval "$($LMOD_DIR/ml_cmd "$@")"\\n}\', \'_\': \'/usr/lib64/openmpi/bin/mpirun\', \'IPATH_NO_BACKTRACE\': \'1\', \'HFI_NO_BACKTRACE\': \'1\', \'OMPI_MCA_orte_local_daemon_uri\': \'3542286336.0;tcp://172.26.38.154:42039\', \'OMPI_MCA_orte_hnp_uri\': \'3542286336.0;tcp://172.26.38.154:42039\', \'OMPI_MCA_mpi_oversubscribe\': \'0\', \'OMPI_MCA_orte_app_num\': \'0\', \'OMPI_UNIVERSE_SIZE\': \'16\', \'OMPI_MCA_orte_num_nodes\': \'1\', \'OMPI_MCA_shmem_RUNTIME_QUERY_hint\': \'mmap\', \'OMPI_MCA_orte_bound_at_launch\': \'1\', \'OMPI_MCA_ess\': \'^singleton\', \'OMPI_MCA_orte_ess_num_procs\': \'16\', \'OMPI_COMM_WORLD_SIZE\': \'16\', \'OMPI_COMM_WORLD_LOCAL_SIZE\': \'16\', \'OMPI_MCA_orte_tmpdir_base\': \'/scratch/707235.1.long.q\', \'OMPI_MCA_orte_top_session_dir\': \'/scratch/707235.1.long.q/ompi.qb3-id154.11149\', \'OMPI_MCA_orte_jobfam_session_dir\': \'/scratch/707235.1.long.q/ompi.qb3-id154.11149/pid.692773\', \'OMPI_NUM_APP_CTX\': \'1\', \'OMPI_FIRST_RANKS\': \'0\', \'OMPI_APP_CTX_NUM_PROCS\': \'16\', \'OMPI_MCA_initial_wdir\': \'/wynton/group/sali/miha_rozic/Input_information/SNAPSHOTS/central_directory/snapshot1_0min/run9\', \'OMPI_MCA_orte_launch\': \'1\', \'PMIX_NAMESPACE\': \'3542286337\', \'PMIX_RANK\': \'11\', \'PMIX_SERVER_URI2\': \'3542286336.0;tcp4://127.0.0.1:33803\', \'PMIX_SERVER_URI21\': \'3542286336.0;tcp4://127.0.0.1:33803\', \'PMIX_SECURITY_MODE\': \'native,none\', \'PMIX_PTL_MODULE\': \'tcp,usock\', \'PMIX_BFROP_BUFFER_TYPE\': \'PMIX_BFROP_BUFFER_NON_DESC\', \'PMIX_GDS_MODULE\': \'ds21,ds12,hash\', \'PMIX_SERVER_TMPDIR\': \'/scratch/707235.1.long.q/ompi.qb3-id154.11149/pid.692773\', \'PMIX_SYSTEM_TMPDIR\': \'/scratch/707235.1.long.q\', \'PMIX_DSTORE_21_BASE_PATH\': \'/scratch/707235.1.long.q/ompi.qb3-id154.11149/pid.692773/pmix_dstor_ds21_692773\', \'PMIX_DSTORE_ESH_BASE_PATH\': \'/scratch/707235.1.long.q/ompi.qb3-id154.11149/pid.692773/pmix_dstor_ds12_692773\', \'OMPI_MCA_ess_base_jobid\': \'3542286337\', \'OMPI_MCA_ess_base_vpid\': \'11\', \'OMPI_COMM_WORLD_RANK\': \'11\', \'OMPI_COMM_WORLD_LOCAL_RANK\': \'11\', \'OMPI_COMM_WORLD_NODE_RANK\': \'11\', \'OMPI_MCA_orte_ess_node_rank\': \'11\', \'PMIX_ID\': \'3542286337.11\', \'OMPI_FILE_LOCATION\': \'/scratch/707235.1.long.q/ompi.qb3-id154.11149/pid.692773/0/0\', \'KMP_DUPLICATE_LIB_OK\': \'True\', \'KMP_INIT_AT_FORK\': \'FALSE\'})', 'STAT2HEADER_IMP_VERSIONS': "{'IMP_VERSION': '2.21.0', 'PMI_VERSION': '2.21.0'}", 0: 'ReplicaExchange_SwapSuccessRatio', 1: 'ReplicaExchange_MinTempFrequency', 2: 'ReplicaExchange_MaxTempFrequency', 3: 'ReplicaExchange_CurrentTemp', 4: 'score'} 
{0: '0', 1: '0', 2: '0', 3: '1.958045020027179', 4: inf} 
{0: '0.0', 1: '0.0', 2: '0.0', 3: '1.958045020027179', 4: inf} 
{0: '0.0', 1: '0.0', 2: '0.0', 3: '1.958045020027179', 4: inf} 
{0: '0.0', 1: '0.0', 2: '0.0', 3: '1.958045020027179', 4: inf} 
{0: '0.0', 1: '0.0', 2: '0.0', 3: '1.958045020027179', 4: inf} 
{0: '0.0', 1: '0.0', 2: '0.0', 3: '1.958045020027179', 4: inf} 
{0: '0.0', 1: '0.0', 2: '0.0', 3: '1.958045020027179', 4: inf} 
{0: '0.0', 1: '0.0', 2: '0.0', 3: '1.958045020027179', 4: inf} 
{0: '0.0', 1: '0.0', 2: '0.0', 3: '1.958045020027179', 4: inf} 
{0: '0.0', 1: '0.0', 2: '0.0', 3: '1.958045020027179', 4: inf} 
{0: '0.0', 1: '0.0', 2: '0.0', 3: '1.958045020027179', 4: inf} 
{0: '0.0', 1: '0.0', 2: '0.0', 3: '1.958045020027179', 4: inf} 
{0: '0.0', 1: '0.0', 2: '0.0', 3: '1.958045020027179', 4: inf} 
{0: '0.0', 1: '0.0', 2: '0.0', 3: '1.958045020027179', 4: inf} 
{0: '0.0', 1: '0.0', 2: '0.0', 3: '1.958045020027179', 4: inf} 
{0: '0.0', 1: '0.0', 2: '0.0', 3: '1.958045020027179', 4: inf} 
{0: '0.0', 1: '0.0', 2: '0.0', 3: '1.958045020027179', 4: inf} 
{0: '0.0', 1: '0.0', 2: '0.0', 3: '1.958045020027179', 4: inf} 
{0: '0.0', 1: '0.0', 2: '0.0', 3: '1.958045020027179', 4: inf} 
{0: '0.0', 1: '0.0', 2: '0.0', 3: '1.958045020027179', 4: inf} 
{0: '0.0', 1: '0.0', 2: '0.0', 3: '1.958045020027179', 4: inf} 
{0: '0.0', 1: '0.0', 2: '0.0', 3: '1.958045020027179', 4: inf} 
{0: '0.0', 1: '0.0', 2: '0.0', 3: '1.958045020027179', 4: inf} 
{0: '0.0', 1: '0.0', 2: '0.0', 3: '1.958045020027179', 4: inf} 
{0: '0.0', 1: '0.0', 2: '0.0', 3: '1.958045020027179', 4: inf} 
{0: '0.0', 1: '0.0', 2: '0.0', 3: '1.958045020027179', 4: inf} 
{0: '0.0', 1: '0.0', 2: '0.0', 3: '1.958045020027179', 4: inf} 
{0: '0.0', 1: '0.0', 2: '0.0', 3: '1.958045020027179', 4: inf} 
{0: '0.0', 1: '0.0', 2: '0.0', 3: '1.958045020027179', 4: inf} 
{0: '0.0', 1: '0.0', 2: '0.0', 3: '1.958045020027179', 4: inf} 
{0: '0.0', 1: '0.0', 2: '0.0', 3: '1.958045020027179', 4: inf} 
{0: '0.0', 1: '0.0', 2: '0.0', 3: '1.958045020027179', 4: inf} 
{0: '0.0', 1: '0.0', 2: '0.0', 3: '1.958045020027179', 4: inf} 
{0: '0.0', 1: '0.0', 2: '0.0', 3: '1.958045020027179', 4: inf} 
{0: '0.0', 1: '0.0', 2: '0.0', 3: '1.958045020027179', 4: inf} 
{0: '0.0', 1: '0.0', 2: '0.0', 3: '1.958045020027179', 4: inf} 
{0: '0.0', 1: '0.0', 2: '0.0', 3: '1.958045020027179', 4: inf} 
{0: '0.0', 1: '0.0', 2: '0.0', 3: '1.958045020027179', 4: inf} 
{0: '0.0', 1: '0.0', 2: '0.0', 3: '1.958045020027179', 4: inf} 
{0: '0.0', 1: '0.0', 2: '0.0', 3: '1.958045020027179', 4: inf} 
{0: '0.0', 1: '0.0', 2: '0.0', 3: '1.958045020027179', 4: inf} 
{0: '0.0', 1: '0.0', 2: '0.0', 3: '1.958045020027179', 4: inf} 
{0: '0.0', 1: '0.0', 2: '0.0', 3: '1.958045020027179', 4: inf} 
{0: '0.0', 1: '0.0', 2: '0.0', 3: '1.958045020027179', 4: inf} 
{0: '0.0', 1: '0.0', 2: '0.0', 3: '1.958045020027179', 4: inf} 
{0: '0.0', 1: '0.0', 2: '0.0', 3: '1.958045020027179', 4: inf} 
{0: '0.0', 1: '0.0', 2: '0.0', 3: '1.958045020027179', 4: inf} 
{0: '0.0', 1: '0.0', 2: '0.0', 3: '1.958045020027179', 4: inf} 
{0: '0.0', 1: '0.0', 2: '0.0', 3: '1.958045020027179', 4: inf} 
{0: '0.0', 1: '0.0', 2: '0.0', 3: '1.958045020027179', 4: 20128.406972127224} 
{0: '0.02', 1: '0.0', 2: '0.0', 3: '2.081383018504685', 4: 1169.4311809188039} 
{0: '0.0392156862745098', 1: '0.0', 2: '0.0', 3: '2.212490124287102', 4: 547.0192608769385} 
{0: '0.057692307692307696', 1: '0.0', 2: '0.0', 3: '2.351855716390306', 4: 530.883090794705} 
{0: '0.07547169811320754', 1: '0.0', 2: '0.0', 3: '2.500000000000003', 4: 540.7762927403331} 
{0: '0.07407407407407407', 1: '0.0', 2: '0.0', 3: '2.500000000000003', 4: 415.2965533385173} 
{0: '0.09090909090909091', 1: '0.0', 2: '0.0', 3: '2.351855716390306', 4: 381.92107684750175} 
{0: '0.10714285714285714', 1: '0.0', 2: '0.0', 3: '2.212490124287102', 4: 394.12121374507757} 
{0: '0.12280701754385964', 1: '0.0', 2: '0.0', 3: '2.081383018504685', 4: 378.7106028882737} 
{0: '0.13793103448275862', 1: '0.0', 2: '0.0', 3: '1.958045020027179', 4: 383.8382123808298} 
{0: '0.15254237288135594', 1: '0.0', 2: '0.0', 3: '1.842015749320195', 4: 362.4627801441129} 
{0: '0.16666666666666666', 1: '0.0', 2: '0.0', 3: '1.7328621078878674', 4: 361.4050875490559} 
{0: '0.18032786885245902', 1: '0.0', 2: '0.0', 3: '1.6301766616608926', 4: 356.79699572681} 
{0: '0.1935483870967742', 1: '0.0', 2: '0.0', 3: '1.5335761201812925', 4: 360.8743795716845} 
{0: '0.19047619047619047', 1: '0.0', 2: '0.0', 3: '1.5335761201812925', 4: 354.6625254556795} 
{0: '0.1875', 1: '0.0', 2: '0.0', 3: '1.5335761201812925', 4: 358.12457340280264} 
{0: '0.18461538461538463', 1: '0.0', 2: '0.0', 3: '1.5335761201812925', 4: 362.20043174380726} 
{0: '0.18181818181818182', 1: '0.0', 2: '0.0', 3: '1.5335761201812925', 4: 357.36833511798403} 
{0: '0.1791044776119403', 1: '0.0', 2: '0.0', 3: '1.5335761201812925', 4: 367.2972459971191} 
{0: '0.19117647058823528', 1: '0.0', 2: '0.0', 3: '1.6301766616608926', 4: 354.9798984376744} 
{0: '0.18840579710144928', 1: '0.0', 2: '0.0', 3: '1.6301766616608926', 4: 361.1109855641985} 
{0: '0.2', 1: '0.0', 2: '0.0', 3: '1.5335761201812925', 4: 361.7427023018068} 
{0: '0.19718309859154928', 1: '0.0', 2: '0.0', 3: '1.5335761201812925', 4: 351.8793817348503} 
{0: '0.19444444444444445', 1: '0.0', 2: '0.0', 3: '1.5335761201812925', 4: 353.43540319428456} 
{0: '0.2054794520547945', 1: '0.0', 2: '0.0', 3: '1.4426999059072143', 4: 352.80290556574255} 
{0: '0.21621621621621623', 1: '0.0', 2: '0.0', 3: '1.3572088082974538', 4: 362.8213854599133} 
{0: '0.21333333333333335', 1: '0.0', 2: '0.0', 3: '1.3572088082974538', 4: 356.87057781458816} 
{0: '0.2236842105263158', 1: '0.0', 2: '0.0', 3: '1.4426999059072143', 4: 352.9368539811357} 
{0: '0.23376623376623376', 1: '0.0', 2: '0.0', 3: '1.5335761201812925', 4: 351.9970524160153} 
{0: '0.23076923076923078', 1: '0.0', 2: '0.0', 3: '1.5335761201812925', 4: 361.85778666764907} 
{0: '0.24050632911392406', 1: '0.0', 2: '0.0', 3: '1.4426999059072143', 4: 365.5602876630194} 
{0: '0.2375', 1: '0.0', 2: '0.0', 3: '1.4426999059072143', 4: 360.20060568417006} 
{0: '0.24691358024691357', 1: '0.0', 2: '0.0', 3: '1.5335761201812925', 4: 367.9116379811745} 
{0: '0.25609756097560976', 1: '0.0', 2: '0.0', 3: '1.6301766616608926', 4: 360.084027786661} 
{0: '0.26506024096385544', 1: '0.0', 2: '0.0', 3: '1.7328621078878674', 4: 361.0614899399414} 
{0: '0.2619047619047619', 1: '0.0', 2: '0.0', 3: '1.7328621078878674', 4: 367.2227909690004} 
{0: '0.27058823529411763', 1: '0.0', 2: '0.0', 3: '1.6301766616608926', 4: 360.8434535761512} 
{0: '0.27906976744186046', 1: '0.0', 2: '0.0', 3: '1.5335761201812925', 4: 356.11106448575094} 
{0: '0.28735632183908044', 1: '0.0', 2: '0.0', 3: '1.4426999059072143', 4: 356.8281304173161} 
{0: '0.29545454545454547', 1: '0.0', 2: '0.0', 3: '1.3572088082974538', 4: 355.49562034048887} 
{0: '0.29213483146067415', 1: '0.0', 2: '0.0', 3: '1.3572088082974538', 4: 360.92671316224374} 
{0: '0.3', 1: '0.0', 2: '0.0', 3: '1.4426999059072143', 4: 357.275973021258} 
{0: '0.2967032967032967', 1: '0.0', 2: '0.0', 3: '1.4426999059072143', 4: 357.96076710919004} 
{0: '0.30434782608695654', 1: '0.0', 2: '0.0', 3: '1.3572088082974538', 4: 352.73337454745064} 
{0: '0.3010752688172043', 1: '0.0', 2: '0.0', 3: '1.3572088082974538', 4: 356.8603057223155} 
{0: '0.30851063829787234', 1: '0.0', 2: '0.0', 3: '1.4426999059072143', 4: 358.3646580056431} 
{0: '0.30526315789473685', 1: '0.0', 2: '0.0', 3: '1.4426999059072143', 4: 359.40173439278976} 
{0: '0.3020833333333333', 1: '0.0', 2: '0.0', 3: '1.4426999059072143', 4: 354.70439068016805} 
{0: '0.30927835051546393', 1: '0.0', 2: '0.0', 3: '1.5335761201812925', 4: 375.2711151728744} 
{0: '0.3163265306122449', 1: '0.0', 2: '0.0', 3: '1.6301766616608926', 4: 356.66613749777144} 
{0: '0.31313131313131315', 1: '0.0', 2: '0.0', 3: '1.6301766616608926', 4: 361.19836299602474} 
{0: '0.32', 1: '0.0', 2: '0.0', 3: '1.5335761201812925', 4: 353.27907035783596} 
{0: '0.32673267326732675', 1: '0.0', 2: '0.0', 3: '1.4426999059072143', 4: 358.4424104454288} 
{0: '0.3235294117647059', 1: '0.0', 2: '0.0', 3: '1.4426999059072143', 4: 369.42847403262164} 
{0: '0.3300970873786408', 1: '0.0', 2: '0.0', 3: '1.5335761201812925', 4: 351.3339789865416} 
{0: '0.33653846153846156', 1: '0.0', 2: '0.0', 3: '1.6301766616608926', 4: 359.9720710678971} 
{0: '0.3333333333333333', 1: '0.0', 2: '0.0', 3: '1.6301766616608926', 4: 357.54270448877605} 
{0: '0.33962264150943394', 1: '0.0', 2: '0.0', 3: '1.5335761201812925', 4: 351.8651706778849} 
{0: '0.34579439252336447', 1: '0.0', 2: '0.0', 3: '1.4426999059072143', 4: 354.38165418702346} 
{0: '0.3425925925925926', 1: '0.0', 2: '0.0', 3: '1.4426999059072143', 4: 359.178324345317} 
{0: '0.3394495412844037', 1: '0.0', 2: '0.0', 3: '1.4426999059072143', 4: 361.9196627549014} 
{0: '0.33636363636363636', 1: '0.0', 2: '0.0', 3: '1.4426999059072143', 4: 359.17447044593473} 
{0: '0.34234234234234234', 1: '0.0', 2: '0.0', 3: '1.5335761201812925', 4: 360.1047260802244} 
{0: '0.3392857142857143', 1: '0.0', 2: '0.0', 3: '1.5335761201812925', 4: 363.16088651227454} 
{0: '0.336283185840708', 1: '0.0', 2: '0.0', 3: '1.5335761201812925', 4: 362.9442684524221} 
{0: '0.34210526315789475', 1: '0.0', 2: '0.0', 3: '1.6301766616608926', 4: 358.8796990484948} 
{0: '0.34782608695652173', 1: '0.0', 2: '0.0', 3: '1.7328621078878674', 4: 357.80502248793965} 
{0: '0.35344827586206895', 1: '0.0', 2: '0.0', 3: '1.842015749320195', 4: 364.4847514047946} 
{0: '0.3504273504273504', 1: '0.0', 2: '0.0', 3: '1.842015749320195', 4: 362.88825297676607} 
{0: '0.3559322033898305', 1: '0.0', 2: '0.0', 3: '1.7328621078878674', 4: 363.1687556882633} 
{0: '0.35294117647058826', 1: '0.0', 2: '0.0', 3: '1.7328621078878674', 4: 362.38458275202896} 
{0: '0.35', 1: '0.0', 2: '0.0', 3: '1.7328621078878674', 4: 367.1160109499563} 
{0: '0.34710743801652894', 1: '0.0', 2: '0.0', 3: '1.7328621078878674', 4: 354.80821319401167} 
{0: '0.3524590163934426', 1: '0.0', 2: '0.0', 3: '1.842015749320195', 4: 362.6908339334597} 
{0: '0.34959349593495936', 1: '0.0', 2: '0.0', 3: '1.842015749320195', 4: 360.1072874385748} 
{0: '0.3548387096774194', 1: '0.0', 2: '0.0', 3: '1.7328621078878674', 4: 358.5167008158738} 
{0: '0.36', 1: '0.0', 2: '0.0', 3: '1.6301766616608926', 4: 361.2317050510531} 
{0: '0.36507936507936506', 1: '0.0', 2: '0.0', 3: '1.5335761201812925', 4: 357.5061519393294} 
{0: '0.3700787401574803', 1: '0.0', 2: '0.0', 3: '1.4426999059072143', 4: 359.6673074127382} 
{0: '0.3671875', 1: '0.0', 2: '0.0', 3: '1.4426999059072143', 4: 359.5738920098499} 
{0: '0.37209302325581395', 1: '0.0', 2: '0.0', 3: '1.5335761201812925', 4: 359.35580802530956} 
{0: '0.3769230769230769', 1: '0.0', 2: '0.0', 3: '1.6301766616608926', 4: 359.95672813206676} 
{0: '0.3816793893129771', 1: '0.0', 2: '0.0', 3: '1.7328621078878674', 4: 361.15819007841856} 
{0: '0.38636363636363635', 1: '0.0', 2: '0.0', 3: '1.842015749320195', 4: 363.99150192985167} 
{0: '0.39097744360902253', 1: '0.0', 2: '0.0', 3: '1.958045020027179', 4: 362.66018951383154} 
{0: '0.39552238805970147', 1: '0.0', 2: '0.0', 3: '2.081383018504685', 4: 362.34482750020464} 
{0: '0.4', 1: '0.0', 2: '0.0', 3: '2.212490124287102', 4: 365.06197847459} 
{0: '0.39705882352941174', 1: '0.0', 2: '0.0', 3: '2.212490124287102', 4: 362.651366622319} 
{0: '0.40145985401459855', 1: '0.0', 2: '0.0', 3: '2.081383018504685', 4: 375.7424435529913} 
{0: '0.4057971014492754', 1: '0.0', 2: '0.0', 3: '1.958045020027179', 4: 358.2380121810738} 
{0: '0.41007194244604317', 1: '0.0', 2: '0.0', 3: '1.842015749320195', 4: 364.8866215958937} 
{0: '0.4142857142857143', 1: '0.0', 2: '0.0', 3: '1.7328621078878674', 4: 363.66757768988174} 
{0: '0.41843971631205673', 1: '0.0', 2: '0.0', 3: '1.6301766616608926', 4: 357.4372481884958} 
{0: '0.4225352112676056', 1: '0.0', 2: '0.0', 3: '1.5335761201812925', 4: 364.82530406901714} 
{0: '0.4195804195804196', 1: '0.0', 2: '0.0', 3: '1.5335761201812925', 4: 357.7938468709343} 
{0: '0.4166666666666667', 1: '0.0', 2: '0.0', 3: '1.5335761201812925', 4: 367.79874739709237} 
{0: '0.41379310344827586', 1: '0.0', 2: '0.0', 3: '1.5335761201812925', 4: 355.3995219116631} 
{0: '0.410958904109589', 1: '0.0', 2: '0.0', 3: '1.5335761201812925', 4: 359.1493554830272} 
{0: '0.40816326530612246', 1: '0.0', 2: '0.0', 3: '1.5335761201812925', 4: 361.50410248719874} 
{0: '0.40540540540540543', 1: '0.0', 2: '0.0', 3: '1.5335761201812925', 4: 366.5006186775452} 
{0: '0.40268456375838924', 1: '0.0', 2: '0.0', 3: '1.5335761201812925', 4: 363.1778421124167} 
{0: '0.4066666666666667', 1: '0.0', 2: '0.0', 3: '1.6301766616608926', 4: 360.32864473887605} 
{0: '0.4105960264900662', 1: '0.0', 2: '0.0', 3: '1.7328621078878674', 4: 360.41179726000695} 
{0: '0.4144736842105263', 1: '0.0', 2: '0.0', 3: '1.842015749320195', 4: 361.83458501775925} 
{0: '0.4117647058823529', 1: '0.0', 2: '0.0', 3: '1.842015749320195', 4: 364.3378916038845} 
{0: '0.4155844155844156', 1: '0.0', 2: '0.0', 3: '1.7328621078878674', 4: 361.97706000258927} 
{0: '0.41935483870967744', 1: '0.0', 2: '0.0', 3: '1.6301766616608926', 4: 358.06168160032126} 
{0: '0.4230769230769231', 1: '0.0', 2: '0.0', 3: '1.5335761201812925', 4: 355.0709067476382} 
{0: '0.4267515923566879', 1: '0.0', 2: '0.0', 3: '1.4426999059072143', 4: 360.95115637280793} 
{0: '0.4240506329113924', 1: '0.0', 2: '0.0', 3: '1.4426999059072143', 4: 358.9677564547733} 
{0: '0.4276729559748428', 1: '0.0', 2: '0.0', 3: '1.5335761201812925', 4: 358.4551243686778} 
{0: '0.43125', 1: '0.0', 2: '0.0', 3: '1.6301766616608926', 4: 357.004989757655} 
{0: '0.43478260869565216', 1: '0.0', 2: '0.0', 3: '1.7328621078878674', 4: 361.2992432570956} 
{0: '0.4382716049382716', 1: '0.0', 2: '0.0', 3: '1.842015749320195', 4: 370.3075686675468} 
{0: '0.43558282208588955', 1: '0.0', 2: '0.0', 3: '1.842015749320195', 4: 373.304239414225} 
{0: '0.4329268292682927', 1: '0.0', 2: '0.0', 3: '1.842015749320195', 4: 358.77317063082955} 
{0: '0.4303030303030303', 1: '0.0', 2: '0.0', 3: '1.842015749320195', 4: 365.3534765141818} 
{0: '0.42771084337349397', 1: '0.0', 2: '0.0', 3: '1.842015749320195', 4: 367.68856496913753} 
{0: '0.4311377245508982', 1: '0.0', 2: '0.0', 3: '1.958045020027179', 4: 358.8470371655876} 
{0: '0.42857142857142855', 1: '0.0', 2: '0.0', 3: '1.958045020027179', 4: 360.9594038873708} 
{0: '0.4319526627218935', 1: '0.0', 2: '0.0', 3: '1.842015749320195', 4: 363.1436687698816} 
{0: '0.43529411764705883', 1: '0.0', 2: '0.0', 3: '1.7328621078878674', 4: 360.46937548861115} 
{0: '0.43859649122807015', 1: '0.0', 2: '0.0', 3: '1.6301766616608926', 4: 362.4553010668935} 
{0: '0.436046511627907', 1: '0.0', 2: '0.0', 3: '1.6301766616608926', 4: 359.07593329650246} 
{0: '0.4393063583815029', 1: '0.0', 2: '0.0', 3: '1.7328621078878674', 4: 365.5401859210203} 
{0: '0.4367816091954023', 1: '0.0', 2: '0.0', 3: '1.7328621078878674', 4: 368.22076586830383} 
{0: '0.44', 1: '0.0', 2: '0.0', 3: '1.6301766616608926', 4: 366.02031415320465} 
{0: '0.4375', 1: '0.0', 2: '0.0', 3: '1.6301766616608926', 4: 363.9235191898778} 
{0: '0.4350282485875706', 1: '0.0', 2: '0.0', 3: '1.6301766616608926', 4: 360.05334122757665} 
{0: '0.43820224719101125', 1: '0.0', 2: '0.0', 3: '1.5335761201812925', 4: 365.65281087886524} 
{0: '0.441340782122905', 1: '0.0', 2: '0.0', 3: '1.4426999059072143', 4: 369.01637550191214} 
{0: '0.4388888888888889', 1: '0.0', 2: '0.0', 3: '1.4426999059072143', 4: 359.64807697143306} 
{0: '0.4419889502762431', 1: '0.0', 2: '0.0', 3: '1.5335761201812925', 4: 363.4556088231574} 
{0: '0.44505494505494503', 1: '0.0', 2: '0.0', 3: '1.6301766616608926', 4: 360.4486139743391} 
{0: '0.44808743169398907', 1: '0.0', 2: '0.0', 3: '1.7328621078878674', 4: 359.29379199741317} 
{0: '0.45108695652173914', 1: '0.0', 2: '0.0', 3: '1.842015749320195', 4: 363.72789282420916} 
{0: '0.4540540540540541', 1: '0.0', 2: '0.0', 3: '1.958045020027179', 4: 361.7008544649891} 
{0: '0.45161290322580644', 1: '0.0', 2: '0.0', 3: '1.958045020027179', 4: 358.5506249333399} 
{0: '0.45454545454545453', 1: '0.0', 2: '0.0', 3: '1.842015749320195', 4: 363.90012968170146} 
{0: '0.4574468085106383', 1: '0.0', 2: '0.0', 3: '1.7328621078878674', 4: 356.6899419922964} 
{0: '0.4603174603174603', 1: '0.0', 2: '0.0', 3: '1.6301766616608926', 4: 358.56755139978327} 
{0: '0.4631578947368421', 1: '0.0', 2: '0.0', 3: '1.5335761201812925', 4: 363.95590966783027} 
{0: '0.46596858638743455', 1: '0.0', 2: '0.0', 3: '1.4426999059072143', 4: 359.23656649781395} 
{0: '0.4635416666666667', 1: '0.0', 2: '0.0', 3: '1.4426999059072143', 4: 360.51930441728183} 
{0: '0.46632124352331605', 1: '0.0', 2: '0.0', 3: '1.5335761201812925', 4: 361.3896341383607} 
{0: '0.4639175257731959', 1: '0.0', 2: '0.0', 3: '1.5335761201812925', 4: 358.0990460048789} 
{0: '0.46153846153846156', 1: '0.0', 2: '0.0', 3: '1.5335761201812925', 4: 361.93348169981743} 
{0: '0.4642857142857143', 1: '0.0', 2: '0.0', 3: '1.6301766616608926', 4: 368.7911059176276} 
{0: '0.467005076142132', 1: '0.0', 2: '0.0', 3: '1.7328621078878674', 4: 356.1446137747227} 
{0: '0.46464646464646464', 1: '0.0', 2: '0.0', 3: '1.7328621078878674', 4: 358.6269592974309} 
{0: '0.4623115577889447', 1: '0.0', 2: '0.0', 3: '1.7328621078878674', 4: 371.31122288026427} 
{0: '0.465', 1: '0.0', 2: '0.0', 3: '1.842015749320195', 4: 361.2444733489055} 
{0: '0.4626865671641791', 1: '0.0', 2: '0.0', 3: '1.842015749320195', 4: 369.0138602061892} 
{0: '0.46534653465346537', 1: '0.0', 2: '0.0', 3: '1.7328621078878674', 4: 378.3614536507381} 
{0: '0.4630541871921182', 1: '0.0', 2: '0.0', 3: '1.7328621078878674', 4: 360.6968644794556} 
{0: '0.46078431372549017', 1: '0.0', 2: '0.0', 3: '1.7328621078878674', 4: 354.2663309730207} 
{0: '0.4585365853658537', 1: '0.0', 2: '0.0', 3: '1.7328621078878674', 4: 358.65535653954134} 
{0: '0.4563106796116505', 1: '0.0', 2: '0.0', 3: '1.7328621078878674', 4: 359.57682961034374} 
{0: '0.45893719806763283', 1: '0.0', 2: '0.0', 3: '1.6301766616608926', 4: 358.7618045075072} 
{0: '0.46153846153846156', 1: '0.0', 2: '0.0', 3: '1.5335761201812925', 4: 354.6764585562406} 
{0: '0.46411483253588515', 1: '0.0', 2: '0.0', 3: '1.4426999059072143', 4: 355.53869455153216} 
{0: '0.4666666666666667', 1: '0.0', 2: '0.0', 3: '1.3572088082974538', 4: 356.78651502038946} 
{0: '0.46919431279620855', 1: '0.0', 2: '0.0', 3: '1.2767837176518553', 4: 354.43999989721} 
{0: '0.4669811320754717', 1: '0.0', 2: '0.0', 3: '1.2767837176518553', 4: 355.1242298105027} 
{0: '0.4694835680751174', 1: '0.0', 2: '0.0', 3: '1.3572088082974538', 4: 358.42719463751257} 
{0: '0.4719626168224299', 1: '0.0', 2: '0.0', 3: '1.4426999059072143', 4: 354.4685319918294} 
{0: '0.4744186046511628', 1: '0.0', 2: '0.0', 3: '1.5335761201812925', 4: 363.4579095870803} 
{0: '0.47685185185185186', 1: '0.0', 2: '0.0', 3: '1.6301766616608926', 4: 358.1011260875942} 
{0: '0.4792626728110599', 1: '0.0', 2: '0.0', 3: '1.7328621078878674', 4: 362.48121784350565} 
{0: '0.47706422018348627', 1: '0.0', 2: '0.0', 3: '1.7328621078878674', 4: 355.807189347623} 
{0: '0.4794520547945205', 1: '0.0', 2: '0.0', 3: '1.6301766616608926', 4: 356.2268554392843} 
{0: '0.4818181818181818', 1: '0.0', 2: '0.0', 3: '1.5335761201812925', 4: 359.09512402566395} 
{0: '0.4841628959276018', 1: '0.0', 2: '0.0', 3: '1.4426999059072143', 4: 354.3696065787715} 
{0: '0.481981981981982', 1: '0.0', 2: '0.0', 3: '1.4426999059072143', 4: 357.2514113953491} 
{0: '0.484304932735426', 1: '0.0', 2: '0.0', 3: '1.5335761201812925', 4: 357.4437047337424} 
{0: '0.48214285714285715', 1: '0.0', 2: '0.0', 3: '1.5335761201812925', 4: 361.5635064898405} 
{0: '0.48', 1: '0.0', 2: '0.0', 3: '1.5335761201812925', 4: 360.5599718732127} 
{0: '0.4823008849557522', 1: '0.0', 2: '0.0', 3: '1.6301766616608926', 4: 359.5931524045615} 
{0: '0.4845814977973568', 1: '0.0', 2: '0.0', 3: '1.7328621078878674', 4: 364.77013209745763} 
{0: '0.4868421052631579', 1: '0.0', 2: '0.0', 3: '1.842015749320195', 4: 359.87937843407} 
{0: '0.4890829694323144', 1: '0.0', 2: '0.0', 3: '1.958045020027179', 4: 357.5240476832497} 
{0: '0.49130434782608695', 1: '0.0', 2: '0.0', 3: '2.081383018504685', 4: 360.1788769030822} 
{0: '0.4935064935064935', 1: '0.0', 2: '0.0', 3: '2.212490124287102', 4: 361.576493541282} 
{0: '0.49137931034482757', 1: '0.0', 2: '0.0', 3: '2.212490124287102', 4: 363.32479492883556} 
{0: '0.49356223175965663', 1: '0.0', 2: '0.0', 3: '2.081383018504685', 4: 361.51930201848177} 
{0: '0.49572649572649574', 1: '0.0', 2: '0.0', 3: '1.958045020027179', 4: 355.1493551075212} 
{0: '0.4978723404255319', 1: '0.0', 2: '0.0', 3: '1.842015749320195', 4: 366.2881414291158} 
{0: '0.5', 1: '0.0', 2: '0.0', 3: '1.7328621078878674', 4: 368.6362046359132} 
{0: '0.5021097046413502', 1: '0.0', 2: '0.0', 3: '1.6301766616608926', 4: 368.5491521282668} 
{0: '0.5', 1: '0.0', 2: '0.0', 3: '1.6301766616608926', 4: 361.9535853627842} 
{0: '0.502092050209205', 1: '0.0', 2: '0.0', 3: '1.7328621078878674', 4: 357.58929211013367} 
{0: '0.5041666666666667', 1: '0.0', 2: '0.0', 3: '1.842015749320195', 4: 357.8199269546619} 
{0: '0.5020746887966805', 1: '0.0', 2: '0.0', 3: '1.842015749320195', 4: 356.8707252551249} 
{0: '0.5041322314049587', 1: '0.0', 2: '0.0', 3: '1.7328621078878674', 4: 361.58741193451516} 
{0: '0.5061728395061729', 1: '0.0', 2: '0.0', 3: '1.6301766616608926', 4: 353.9624165010583} 
{0: '0.5081967213114754', 1: '0.0', 2: '0.0', 3: '1.5335761201812925', 4: 362.993645778865} 
{0: '0.5061224489795918', 1: '0.0', 2: '0.0', 3: '1.5335761201812925', 4: 357.1463680671593} 
{0: '0.508130081300813', 1: '0.0', 2: '0.0', 3: '1.6301766616608926', 4: 359.2598912830178} 
{0: '0.5101214574898786', 1: '0.0', 2: '0.0', 3: '1.7328621078878674', 4: 350.24213496579426} 
{0: '0.5120967741935484', 1: '0.0', 2: '0.0', 3: '1.842015749320195', 4: 361.3146293489552} 
{0: '0.5100401606425703', 1: '0.0', 2: '0.0', 3: '1.842015749320195', 4: 354.8054899457268} 
{0: '0.512', 1: '0.0', 2: '0.0', 3: '1.7328621078878674', 4: 355.95705440640387} 
{0: '0.5139442231075697', 1: '0.0', 2: '0.0', 3: '1.6301766616608926', 4: 362.3393800846748} 
{0: '0.5158730158730159', 1: '0.0', 2: '0.0', 3: '1.5335761201812925', 4: 356.9177022087391} 
{0: '0.5177865612648221', 1: '0.0', 2: '0.0', 3: '1.4426999059072143', 4: 368.73938785559665} 
{0: '0.5196850393700787', 1: '0.0', 2: '0.0', 3: '1.3572088082974538', 4: 355.33465409104616} 
{0: '0.5176470588235295', 1: '0.0', 2: '0.0', 3: '1.3572088082974538', 4: 353.95707302461557} 
{0: '0.51953125', 1: '0.0', 2: '0.0', 3: '1.4426999059072143', 4: 354.86828041108726} 
{0: '0.5175097276264592', 1: '0.0', 2: '0.0', 3: '1.4426999059072143', 4: 353.44101791970877} 
{0: '0.5155038759689923', 1: '0.0', 2: '0.0', 3: '1.4426999059072143', 4: 360.6022645952371} 
{0: '0.5173745173745173', 1: '0.0', 2: '0.0', 3: '1.5335761201812925', 4: 359.8987456171416} 
{0: '0.5192307692307693', 1: '0.0', 2: '0.0', 3: '1.6301766616608926', 4: 370.2365004512859} 
{0: '0.5210727969348659', 1: '0.0', 2: '0.0', 3: '1.7328621078878674', 4: 357.4833975461713} 
{0: '0.5229007633587787', 1: '0.0', 2: '0.0', 3: '1.842015749320195', 4: 367.4440354762729} 
{0: '0.5247148288973384', 1: '0.0', 2: '0.0', 3: '1.958045020027179', 4: 371.0533776884933} 
{0: '0.5265151515151515', 1: '0.0', 2: '0.0', 3: '2.081383018504685', 4: 374.5012068129102} 
{0: '0.5245283018867924', 1: '0.0', 2: '0.0', 3: '2.081383018504685', 4: 371.00492471853295} 
{0: '0.5263157894736842', 1: '0.0', 2: '0.0', 3: '1.958045020027179', 4: 359.3482725684108} 
{0: '0.5280898876404494', 1: '0.0', 2: '0.0', 3: '1.842015749320195', 4: 364.31492359806725} 
{0: '0.5298507462686567', 1: '0.0', 2: '0.0', 3: '1.7328621078878674', 4: 362.8901352553139} 
{0: '0.5315985130111525', 1: '0.0', 2: '0.0', 3: '1.6301766616608926', 4: 365.4256383818889} 
{0: '0.5333333333333333', 1: '0.0', 2: '0.0', 3: '1.5335761201812925', 4: 363.0007505055039} 
{0: '0.5313653136531366', 1: '0.0', 2: '0.0', 3: '1.5335761201812925', 4: 355.6172273264472} 
{0: '0.5330882352941176', 1: '0.0', 2: '0.0', 3: '1.6301766616608926', 4: 352.42763590781533} 
{0: '0.5347985347985348', 1: '0.0', 2: '0.0', 3: '1.7328621078878674', 4: 355.4269980677031} 
{0: '0.5328467153284672', 1: '0.0', 2: '0.0', 3: '1.7328621078878674', 4: 352.7239634002072} 
{0: '0.5309090909090909', 1: '0.0', 2: '0.0', 3: '1.7328621078878674', 4: 355.6225875136876} 
{0: '0.532608695652174', 1: '0.0', 2: '0.0', 3: '1.842015749320195', 4: 360.8445641882152} 
{0: '0.5306859205776173', 1: '0.0', 2: '0.0', 3: '1.842015749320195', 4: 363.44547174178825} 
{0: '0.5323741007194245', 1: '0.0', 2: '0.0', 3: '1.7328621078878674', 4: 358.55771441728456} 
{0: '0.5304659498207885', 1: '0.0', 2: '0.0', 3: '1.7328621078878674', 4: 360.91083055843166} 
{0: '0.5321428571428571', 1: '0.0', 2: '0.0', 3: '1.842015749320195', 4: 363.4805199544322} 
{0: '0.5338078291814946', 1: '0.0', 2: '0.0', 3: '1.958045020027179', 4: 359.7690962619835} 
{0: '0.5319148936170213', 1: '0.0', 2: '0.0', 3: '1.958045020027179', 4: 361.3515816885687} 
{0: '0.5335689045936396', 1: '0.0', 2: '0.0', 3: '1.842015749320195', 4: 361.7355844084302} 
{0: '0.5352112676056338', 1: '0.0', 2: '0.0', 3: '1.7328621078878674', 4: 351.6284176808946} 
{0: '0.5368421052631579', 1: '0.0', 2: '0.0', 3: '1.6301766616608926', 4: 368.6817117884842} 
{0: '0.5384615384615384', 1: '0.0', 2: '0.0', 3: '1.5335761201812925', 4: 352.7346579361511} 
{0: '0.5365853658536586', 1: '0.0', 2: '0.0', 3: '1.5335761201812925', 4: 356.8868263579347} 
{0: '0.5381944444444444', 1: '0.0', 2: '0.0', 3: '1.6301766616608926', 4: 354.57570474978803} 
{0: '0.5397923875432526', 1: '0.0', 2: '0.0', 3: '1.7328621078878674', 4: 355.48163339732344} 
{0: '0.5413793103448276', 1: '0.0', 2: '0.0', 3: '1.842015749320195', 4: 353.1577572454966} 
{0: '0.5395189003436426', 1: '0.0', 2: '0.0', 3: '1.842015749320195', 4: 352.0075156515338} 
{0: '0.541095890410959', 1: '0.0', 2: '0.0', 3: '1.7328621078878674', 4: 355.20343532162264} 
{0: '0.5426621160409556', 1: '0.0', 2: '0.0', 3: '1.6301766616608926', 4: 365.4693766316634} 
{0: '0.54421768707483', 1: '0.0', 2: '0.0', 3: '1.5335761201812925', 4: 357.2565106299435} 
{0: '0.5457627118644067', 1: '0.0', 2: '0.0', 3: '1.4426999059072143', 4: 356.1471980333325} 
{0: '0.543918918918919', 1: '0.0', 2: '0.0', 3: '1.4426999059072143', 4: 357.4401513924131} 
{0: '0.5454545454545454', 1: '0.0', 2: '0.0', 3: '1.5335761201812925', 4: 354.9838272082774} 
{0: '0.5469798657718121', 1: '0.0', 2: '0.0', 3: '1.6301766616608926', 4: 362.88649405070555} 
{0: '0.5484949832775919', 1: '0.0', 2: '0.0', 3: '1.7328621078878674', 4: 355.5330950480181} 
{0: '0.5466666666666666', 1: '0.0', 2: '0.0', 3: '1.7328621078878674', 4: 365.0388340271311} 
{0: '0.5448504983388704', 1: '0.0', 2: '0.0', 3: '1.7328621078878674', 4: 372.20269210480603} 
{0: '0.5463576158940397', 1: '0.0', 2: '0.0', 3: '1.842015749320195', 4: 363.1721333768113} 
{0: '0.5478547854785478', 1: '0.0', 2: '0.0', 3: '1.958045020027179', 4: 363.6081942969704} 
{0: '0.5493421052631579', 1: '0.0', 2: '0.0', 3: '2.081383018504685', 4: 369.5689596848927} 
{0: '0.5475409836065573', 1: '0.0', 2: '0.0', 3: '2.081383018504685', 4: 358.8852500642642} 
{0: '0.5490196078431373', 1: '0.0', 2: '0.0', 3: '1.958045020027179', 4: 360.6850852206889} 
{0: '0.5504885993485342', 1: '0.0', 2: '0.0', 3: '1.842015749320195', 4: 361.76644415593694} 
{0: '0.551948051948052', 1: '0.0', 2: '0.0', 3: '1.7328621078878674', 4: 361.8144991432684} 
{0: '0.5533980582524272', 1: '0.0', 2: '0.0', 3: '1.6301766616608926', 4: 353.6865055651211} 
{0: '0.5548387096774193', 1: '0.0', 2: '0.0', 3: '1.5335761201812925', 4: 367.1185902329775} 
{0: '0.5562700964630225', 1: '0.0', 2: '0.0', 3: '1.4426999059072143', 4: 369.7012820024056} 
{0: '0.5544871794871795', 1: '0.0', 2: '0.0', 3: '1.4426999059072143', 4: 355.53765817984146} 
{0: '0.5559105431309904', 1: '0.0', 2: '0.0', 3: '1.5335761201812925', 4: 365.4049575651909} 
{0: '0.5573248407643312', 1: '0.0', 2: '0.0', 3: '1.6301766616608926', 4: 366.26251579970403} 
{0: '0.5587301587301587', 1: '0.0', 2: '0.0', 3: '1.7328621078878674', 4: 354.7631998894234} 
{0: '0.560126582278481', 1: '0.0', 2: '0.0', 3: '1.842015749320195', 4: 371.5225128323435} 
{0: '0.5615141955835962', 1: '0.0', 2: '0.0', 3: '1.958045020027179', 4: 370.35039573158394} 
{0: '0.559748427672956', 1: '0.0', 2: '0.0', 3: '1.958045020027179', 4: 364.93429002012255} 
{0: '0.5611285266457681', 1: '0.0', 2: '0.0', 3: '1.842015749320195', 4: 364.3749425855567} 
{0: '0.5625', 1: '0.0', 2: '0.0', 3: '1.7328621078878674', 4: 354.0230424424293} 
{0: '0.5638629283489096', 1: '0.0', 2: '0.0', 3: '1.6301766616608926', 4: 358.90165870569035} 
{0: '0.5652173913043478', 1: '0.0', 2: '0.0', 3: '1.5335761201812925', 4: 378.72588218144085} 
{0: '0.5634674922600619', 1: '0.0', 2: '0.0', 3: '1.5335761201812925', 4: 358.108942792879} 
{0: '0.5648148148148148', 1: '0.0', 2: '0.0', 3: '1.6301766616608926', 4: 354.1469866162519} 
{0: '0.5661538461538461', 1: '0.0', 2: '0.0', 3: '1.7328621078878674', 4: 358.3512065533997} 
{0: '0.5674846625766872', 1: '0.0', 2: '0.0', 3: '1.842015749320195', 4: 361.7769943252537} 
{0: '0.5688073394495413', 1: '0.0', 2: '0.0', 3: '1.958045020027179', 4: 361.46097864021306} 
{0: '0.5670731707317073', 1: '0.0', 2: '0.0', 3: '1.958045020027179', 4: 358.2364408066458} 
{0: '0.5683890577507599', 1: '0.0', 2: '0.0', 3: '1.842015749320195', 4: 359.80830677322564} 
{0: '0.5696969696969697', 1: '0.0', 2: '0.0', 3: '1.7328621078878674', 4: 367.7402221148324} 
{0: '0.5709969788519638', 1: '0.0', 2: '0.0', 3: '1.6301766616608926', 4: 355.69622104196384} 
{0: '0.572289156626506', 1: '0.0', 2: '0.0', 3: '1.5335761201812925', 4: 358.57407336115773} 
{0: '0.5735735735735735', 1: '0.0', 2: '0.0', 3: '1.4426999059072143', 4: 354.13472766929334} 
{0: '0.5718562874251497', 1: '0.0', 2: '0.0', 3: '1.4426999059072143', 4: 360.48039631644644} 
{0: '0.573134328358209', 1: '0.0', 2: '0.0', 3: '1.5335761201812925', 4: 365.63137824925036} 
{0: '0.5744047619047619', 1: '0.0', 2: '0.0', 3: '1.6301766616608926', 4: 363.01057945260607} 
{0: '0.5756676557863502', 1: '0.0', 2: '0.0', 3: '1.7328621078878674', 4: 359.9339497961764} 
{0: '0.5769230769230769', 1: '0.0', 2: '0.0', 3: '1.842015749320195', 4: 360.8550635296469} 
{0: '0.5781710914454278', 1: '0.0', 2: '0.0', 3: '1.958045020027179', 4: 360.5251873364684} 
{0: '0.5764705882352941', 1: '0.0', 2: '0.0', 3: '1.958045020027179', 4: 364.82456779058344} 
{0: '0.5777126099706745', 1: '0.0', 2: '0.0', 3: '1.842015749320195', 4: 358.7322031694321} 
{0: '0.5789473684210527', 1: '0.0', 2: '0.0', 3: '1.7328621078878674', 4: 354.9554154665365} 
{0: '0.5801749271137027', 1: '0.0', 2: '0.0', 3: '1.6301766616608926', 4: 363.07528262314264} 
{0: '0.5784883720930233', 1: '0.0', 2: '0.0', 3: '1.6301766616608926', 4: 365.68030998416} 
{0: '0.5797101449275363', 1: '0.0', 2: '0.0', 3: '1.7328621078878674', 4: 356.2843278653323} 
{0: '0.5780346820809249', 1: '0.0', 2: '0.0', 3: '1.7328621078878674', 4: 353.7795494967504} 
{0: '0.579250720461095', 1: '0.0', 2: '0.0', 3: '1.6301766616608926', 4: 369.52515700943576} 
{0: '0.5775862068965517', 1: '0.0', 2: '0.0', 3: '1.6301766616608926', 4: 353.14947470781004} 
{0: '0.5759312320916905', 1: '0.0', 2: '0.0', 3: '1.6301766616608926', 4: 358.7693368558356} 
{0: '0.5771428571428572', 1: '0.0', 2: '0.0', 3: '1.5335761201812925', 4: 355.43020312763247} 
{0: '0.5783475783475783', 1: '0.0', 2: '0.0', 3: '1.4426999059072143', 4: 358.288023831522} 
{0: '0.5767045454545454', 1: '0.0', 2: '0.0', 3: '1.4426999059072143', 4: 358.77587194050966} 
{0: '0.5779036827195467', 1: '0.0', 2: '0.0', 3: '1.5335761201812925', 4: 359.9744121632004} 
{0: '0.5790960451977402', 1: '0.0', 2: '0.0', 3: '1.6301766616608926', 4: 361.88668542670234} 
{0: '0.5802816901408451', 1: '0.0', 2: '0.0', 3: '1.7328621078878674', 4: 362.6806121256815} 
{0: '0.5814606741573034', 1: '0.0', 2: '0.0', 3: '1.842015749320195', 4: 358.21167068112476} 
{0: '0.5798319327731093', 1: '0.0', 2: '0.0', 3: '1.842015749320195', 4: 357.3950458598975} 
{0: '0.5810055865921788', 1: '0.0', 2: '0.0', 3: '1.7328621078878674', 4: 370.43094776944065} 
{0: '0.5821727019498607', 1: '0.0', 2: '0.0', 3: '1.6301766616608926', 4: 360.2314756229202} 
{0: '0.5833333333333334', 1: '0.0', 2: '0.0', 3: '1.5335761201812925', 4: 370.1261956661901} 
{0: '0.5844875346260388', 1: '0.0', 2: '0.0', 3: '1.4426999059072143', 4: 357.73045792914047} 
{0: '0.585635359116022', 1: '0.0', 2: '0.0', 3: '1.3572088082974538', 4: 354.447078575782} 
{0: '0.5840220385674931', 1: '0.0', 2: '0.0', 3: '1.3572088082974538', 4: 354.4721711596344} 
{0: '0.5851648351648352', 1: '0.0', 2: '0.0', 3: '1.4426999059072143', 4: 353.17120009400963} 
{0: '0.5835616438356165', 1: '0.0', 2: '0.0', 3: '1.4426999059072143', 4: 353.96964847759267} 
{0: '0.5819672131147541', 1: '0.0', 2: '0.0', 3: '1.4426999059072143', 4: 352.13922000822015} 
{0: '0.5831062670299727', 1: '0.0', 2: '0.0', 3: '1.5335761201812925', 4: 356.64553263525215} 
{0: '0.5842391304347826', 1: '0.0', 2: '0.0', 3: '1.6301766616608926', 4: 351.7721884244943} 
{0: '0.5853658536585366', 1: '0.0', 2: '0.0', 3: '1.7328621078878674', 4: 370.0602794022918} 
{0: '0.5864864864864865', 1: '0.0', 2: '0.0', 3: '1.842015749320195', 4: 371.1064380130243} 
{0: '0.5849056603773585', 1: '0.0', 2: '0.0', 3: '1.842015749320195', 4: 370.6735660442692} 
{0: '0.5860215053763441', 1: '0.0', 2: '0.0', 3: '1.7328621078878674', 4: 360.74919349365877} 
{0: '0.5871313672922251', 1: '0.0', 2: '0.0', 3: '1.6301766616608926', 4: 355.0435480288501} 
{0: '0.5882352941176471', 1: '0.0', 2: '0.0', 3: '1.5335761201812925', 4: 364.92458903821876} 
{0: '0.5893333333333334', 1: '0.0', 2: '0.0', 3: '1.4426999059072143', 4: 355.34265652629165} 
{0: '0.5904255319148937', 1: '0.0', 2: '0.0', 3: '1.3572088082974538', 4: 357.2605237628058} 
{0: '0.5915119363395226', 1: '0.0', 2: '0.0', 3: '1.2767837176518553', 4: 351.2181361798747} 
{0: '0.58994708994709', 1: '0.0', 2: '0.0', 3: '1.2767837176518553', 4: 362.1632046456939} 
{0: '0.5910290237467019', 1: '0.0', 2: '0.0', 3: '1.3572088082974538', 4: 356.84230888344104} 
{0: '0.5921052631578947', 1: '0.0', 2: '0.0', 3: '1.4426999059072143', 4: 361.9632296965306} 
{0: '0.5931758530183727', 1: '0.0', 2: '0.0', 3: '1.5335761201812925', 4: 356.8082963645851} 
{0: '0.5942408376963351', 1: '0.0', 2: '0.0', 3: '1.6301766616608926', 4: 357.51817658821324} 
{0: '0.5953002610966057', 1: '0.0', 2: '0.0', 3: '1.7328621078878674', 4: 362.104698608823} 
{0: '0.5963541666666666', 1: '0.0', 2: '0.0', 3: '1.842015749320195', 4: 374.53276197759794} 
{0: '0.5974025974025974', 1: '0.0', 2: '0.0', 3: '1.958045020027179', 4: 362.893896956738} 
{0: '0.5958549222797928', 1: '0.0', 2: '0.0', 3: '1.958045020027179', 4: 370.1465786273678} 
{0: '0.5968992248062015', 1: '0.0', 2: '0.0', 3: '1.842015749320195', 4: 358.08715497771806} 
{0: '0.5979381443298969', 1: '0.0', 2: '0.0', 3: '1.7328621078878674', 4: 363.0447881490848} 
{0: '0.5989717223650386', 1: '0.0', 2: '0.0', 3: '1.6301766616608926', 4: 359.72667938125176} 
{0: '0.5974358974358974', 1: '0.0', 2: '0.0', 3: '1.6301766616608926', 4: 357.00760256804335} 
{0: '0.59846547314578', 1: '0.0', 2: '0.0', 3: '1.7328621078878674', 4: 362.492196170037} 
{0: '0.5994897959183674', 1: '0.0', 2: '0.0', 3: '1.842015749320195', 4: 379.7692965128426} 
{0: '0.6005089058524173', 1: '0.0', 2: '0.0', 3: '1.958045020027179', 4: 363.1769653118925} 
{0: '0.5989847715736041', 1: '0.0', 2: '0.0', 3: '1.958045020027179', 4: 361.0504025006062} 
{0: '0.6', 1: '0.0', 2: '0.0', 3: '1.842015749320195', 4: 357.55896504507245} 
{0: '0.601010101010101', 1: '0.0', 2: '0.0', 3: '1.7328621078878674', 4: 357.24314161176983} 
{0: '0.6020151133501259', 1: '0.0', 2: '0.0', 3: '1.6301766616608926', 4: 363.6326085554898} 
{0: '0.6005025125628141', 1: '0.0', 2: '0.0', 3: '1.6301766616608926', 4: 377.5363166316291} 
{0: '0.6015037593984962', 1: '0.0', 2: '0.0', 3: '1.7328621078878674', 4: 369.13042381644107} 
{0: '0.6', 1: '0.0', 2: '0.0', 3: '1.7328621078878674', 4: 363.39837812650546} 
{0: '0.600997506234414', 1: '0.0', 2: '0.0', 3: '1.6301766616608926', 4: 373.3202355204562} 
{0: '0.6019900497512438', 1: '0.0', 2: '0.0', 3: '1.5335761201812925', 4: 363.7867859951753} 
{0: '0.6029776674937966', 1: '0.0', 2: '0.0', 3: '1.4426999059072143', 4: 358.5344420863923} 
{0: '0.6039603960396039', 1: '0.0', 2: '0.0', 3: '1.3572088082974538', 4: 354.88744292031834} 
{0: '0.6049382716049383', 1: '0.0', 2: '0.0', 3: '1.2767837176518553', 4: 356.58975879574325} 
{0: '0.603448275862069', 1: '0.0', 2: '0.0', 3: '1.2767837176518553', 4: 353.07815808728685} 
{0: '0.6044226044226044', 1: '0.0', 2: '0.0', 3: '1.3572088082974538', 4: 361.8054713389879} 
{0: '0.6053921568627451', 1: '0.0', 2: '0.0', 3: '1.4426999059072143', 4: 360.1079845802322} 
{0: '0.6063569682151589', 1: '0.0', 2: '0.0', 3: '1.5335761201812925', 4: 365.8335301102894} 
{0: '0.6073170731707317', 1: '0.0', 2: '0.0', 3: '1.6301766616608926', 4: 375.38590592183726} 
{0: '0.6082725060827251', 1: '0.0', 2: '0.0', 3: '1.7328621078878674', 4: 360.1244364368025} 
{0: '0.6092233009708737', 1: '0.0', 2: '0.0', 3: '1.842015749320195', 4: 367.6331060117771} 
{0: '0.6101694915254238', 1: '0.0', 2: '0.0', 3: '1.958045020027179', 4: 374.34880977244256} 
{0: '0.6111111111111112', 1: '0.0', 2: '0.0', 3: '2.081383018504685', 4: 370.0248850397083} 
{0: '0.6096385542168675', 1: '0.0', 2: '0.0', 3: '2.081383018504685', 4: 359.253769137546} 
{0: '0.6105769230769231', 1: '0.0', 2: '0.0', 3: '1.958045020027179', 4: 381.4705469403029} 
{0: '0.6115107913669064', 1: '0.0', 2: '0.0', 3: '1.842015749320195', 4: 366.2118852964175} 
{0: '0.6124401913875598', 1: '0.0', 2: '0.0', 3: '1.7328621078878674', 4: 365.524612545213} 
{0: '0.6133651551312649', 1: '0.0', 2: '0.0', 3: '1.6301766616608926', 4: 359.07966114371226} 
{0: '0.6142857142857143', 1: '0.0', 2: '0.0', 3: '1.5335761201812925', 4: 358.3984228520449} 
{0: '0.6152019002375297', 1: '0.0', 2: '0.0', 3: '1.4426999059072143', 4: 362.7939433458118} 
{0: '0.6137440758293838', 1: '0.0', 2: '0.0', 3: '1.4426999059072143', 4: 362.39422843941526} 
{0: '0.6146572104018913', 1: '0.0', 2: '0.0', 3: '1.5335761201812925', 4: 360.768228658044} 
{0: '0.6155660377358491', 1: '0.0', 2: '0.0', 3: '1.6301766616608926', 4: 367.061798945675} 
{0: '0.6164705882352941', 1: '0.0', 2: '0.0', 3: '1.7328621078878674', 4: 373.2946946610018} 
{0: '0.6173708920187794', 1: '0.0', 2: '0.0', 3: '1.842015749320195', 4: 367.15863904054845} 
{0: '0.6159250585480094', 1: '0.0', 2: '0.0', 3: '1.842015749320195', 4: 360.15119778820434} 
{0: '0.6144859813084113', 1: '0.0', 2: '0.0', 3: '1.842015749320195', 4: 362.986746246638} 
{0: '0.6153846153846154', 1: '0.0', 2: '0.0', 3: '1.958045020027179', 4: 366.25457518749187} 
{0: '0.6139534883720931', 1: '0.0', 2: '0.0', 3: '1.958045020027179', 4: 367.9022188208071} 
{0: '0.6148491879350348', 1: '0.0', 2: '0.0', 3: '1.842015749320195', 4: 370.3597459179943} 
{0: '0.6157407407407407', 1: '0.0', 2: '0.0', 3: '1.7328621078878674', 4: 356.4592395003178} 
{0: '0.6166281755196305', 1: '0.0', 2: '0.0', 3: '1.6301766616608926', 4: 361.2246069918614} 
{0: '0.6175115207373272', 1: '0.0', 2: '0.0', 3: '1.5335761201812925', 4: 360.7065701535923} 
{0: '0.6183908045977011', 1: '0.0', 2: '0.0', 3: '1.4426999059072143', 4: 357.8306863400612} 
{0: '0.6192660550458715', 1: '0.0', 2: '0.0', 3: '1.3572088082974538', 4: 361.9259753356047} 
{0: '0.6178489702517163', 1: '0.0', 2: '0.0', 3: '1.3572088082974538', 4: 355.74781586631383} 
{0: '0.6187214611872146', 1: '0.0', 2: '0.0', 3: '1.4426999059072143', 4: 362.17294001638294} 
{0: '0.6195899772209568', 1: '0.0', 2: '0.0', 3: '1.5335761201812925', 4: 356.96259596249223} 
{0: '0.6204545454545455', 1: '0.0', 2: '0.0', 3: '1.6301766616608926', 4: 363.7861742818404} 
{0: '0.6213151927437641', 1: '0.0', 2: '0.0', 3: '1.7328621078878674', 4: 357.8973949639871} 
{0: '0.6221719457013575', 1: '0.0', 2: '0.0', 3: '1.842015749320195', 4: 361.62099506428854} 
{0: '0.6230248306997742', 1: '0.0', 2: '0.0', 3: '1.958045020027179', 4: 357.0454147421353} 
{0: '0.6216216216216216', 1: '0.0', 2: '0.0', 3: '1.958045020027179', 4: 362.1708662480836} 
{0: '0.6224719101123596', 1: '0.0', 2: '0.0', 3: '1.842015749320195', 4: 359.48639752054146} 
{0: '0.6233183856502242', 1: '0.0', 2: '0.0', 3: '1.7328621078878674', 4: 355.86335633342406} 
{0: '0.6241610738255033', 1: '0.0', 2: '0.0', 3: '1.6301766616608926', 4: 355.54743742319914} 
{0: '0.625', 1: '0.0', 2: '0.0', 3: '1.5335761201812925', 4: 358.9997234692917} 
{0: '0.623608017817372', 1: '0.0', 2: '0.0', 3: '1.5335761201812925', 4: 361.61697947286996} 
{0: '0.6244444444444445', 1: '0.0', 2: '0.0', 3: '1.6301766616608926', 4: 364.5885683736328} 
{0: '0.6252771618625277', 1: '0.0', 2: '0.0', 3: '1.7328621078878674', 4: 370.0784237596426} 
{0: '0.6238938053097345', 1: '0.0', 2: '0.0', 3: '1.7328621078878674', 4: 365.3668150616733} 
{0: '0.6225165562913907', 1: '0.0', 2: '0.0', 3: '1.7328621078878674', 4: 366.0624570856015} 
{0: '0.6233480176211453', 1: '0.0', 2: '0.0', 3: '1.842015749320195', 4: 360.8010039978047} 
{0: '0.6241758241758242', 1: '0.0', 2: '0.0', 3: '1.958045020027179', 4: 357.1643965658932} 
{0: '0.6228070175438597', 1: '0.0', 2: '0.0', 3: '1.958045020027179', 4: 362.3266484268722} 
{0: '0.6236323851203501', 1: '0.0', 2: '0.0', 3: '1.842015749320195', 4: 358.1621018794318} 
{0: '0.6244541484716157', 1: '0.0', 2: '0.0', 3: '1.7328621078878674', 4: 364.98982363993366} 
{0: '0.6252723311546841', 1: '0.0', 2: '0.0', 3: '1.6301766616608926', 4: 363.10024443777013} 
{0: '0.6260869565217392', 1: '0.0', 2: '0.0', 3: '1.5335761201812925', 4: 361.58072396555343} 
{0: '0.6268980477223427', 1: '0.0', 2: '0.0', 3: '1.4426999059072143', 4: 361.8667143670349} 
{0: '0.6255411255411255', 1: '0.0', 2: '0.0', 3: '1.4426999059072143', 4: 357.3969178172976} 
{0: '0.6263498920086393', 1: '0.0', 2: '0.0', 3: '1.5335761201812925', 4: 365.915017523347} 
{0: '0.6271551724137931', 1: '0.0', 2: '0.0', 3: '1.6301766616608926', 4: 364.7059571502427} 
{0: '0.6279569892473118', 1: '0.0', 2: '0.0', 3: '1.7328621078878674', 4: 357.60955909526706} 
{0: '0.6266094420600858', 1: '0.0', 2: '0.0', 3: '1.7328621078878674', 4: 368.30760975193493} 
{0: '0.6274089935760171', 1: '0.0', 2: '0.0', 3: '1.6301766616608926', 4: 357.2254756464177} 
{0: '0.6282051282051282', 1: '0.0', 2: '0.0', 3: '1.5335761201812925', 4: 358.56164020248895} 
{0: '0.6289978678038379', 1: '0.0', 2: '0.0', 3: '1.4426999059072143', 4: 358.3012920527371} 
{0: '0.6276595744680851', 1: '0.0', 2: '0.0', 3: '1.4426999059072143', 4: 356.67193128624706} 
{0: '0.6284501061571125', 1: '0.0', 2: '0.0', 3: '1.5335761201812925', 4: 359.4887773098245} 
{0: '0.6292372881355932', 1: '0.0', 2: '0.0', 3: '1.6301766616608926', 4: 364.85015028822926} 
{0: '0.6300211416490487', 1: '0.0', 2: '0.0', 3: '1.7328621078878674', 4: 361.6623304536829} 
{0: '0.630801687763713', 1: '0.0', 2: '0.0', 3: '1.842015749320195', 4: 359.875747846778} 
{0: '0.6294736842105263', 1: '0.0', 2: '0.0', 3: '1.842015749320195', 4: 359.8859928343885} 
{0: '0.6302521008403361', 1: '0.0', 2: '0.0', 3: '1.7328621078878674', 4: 359.66161801132694} 
{0: '0.6310272536687631', 1: '0.0', 2: '0.0', 3: '1.6301766616608926', 4: 366.3380218628787} 
{0: '0.6297071129707112', 1: '0.0', 2: '0.0', 3: '1.6301766616608926', 4: 362.36239089837215} 
{0: '0.6304801670146137', 1: '0.0', 2: '0.0', 3: '1.7328621078878674', 4: 363.0506193791414} 
{0: '0.63125', 1: '0.0', 2: '0.0', 3: '1.842015749320195', 4: 373.40943721669703} 
{0: '0.632016632016632', 1: '0.0', 2: '0.0', 3: '1.958045020027179', 4: 373.4555491570625} 
{0: '0.6307053941908713', 1: '0.0', 2: '0.0', 3: '1.958045020027179', 4: 361.6524255609253} 
{0: '0.6314699792960663', 1: '0.0', 2: '0.0', 3: '1.842015749320195', 4: 370.8181263464417} 
{0: '0.6301652892561983', 1: '0.0', 2: '0.0', 3: '1.842015749320195', 4: 362.2767732615741} 
{0: '0.6309278350515464', 1: '0.0', 2: '0.0', 3: '1.958045020027179', 4: 360.9031585409486} 
{0: '0.6296296296296297', 1: '0.0', 2: '0.0', 3: '1.958045020027179', 4: 357.8186898782802} 
{0: '0.6303901437371663', 1: '0.0', 2: '0.0', 3: '1.842015749320195', 4: 368.02574211399707} 
{0: '0.6311475409836066', 1: '0.0', 2: '0.0', 3: '1.7328621078878674', 4: 357.01075846133176} 
{0: '0.6319018404907976', 1: '0.0', 2: '0.0', 3: '1.6301766616608926', 4: 357.46306662276896} 
{0: '0.6326530612244898', 1: '0.0', 2: '0.0', 3: '1.5335761201812925', 4: 359.00439811712783} 
{0: '0.6313645621181263', 1: '0.0', 2: '0.0', 3: '1.5335761201812925', 4: 361.1454585418399} 
{0: '0.6321138211382114', 1: '0.0', 2: '0.0', 3: '1.6301766616608926', 4: 362.7386880688521} 
{0: '0.6328600405679513', 1: '0.0', 2: '0.0', 3: '1.7328621078878674', 4: 362.98176018508957} 
{0: '0.6336032388663968', 1: '0.0', 2: '0.0', 3: '1.842015749320195', 4: 361.14885073902065} 
{0: '0.6343434343434343', 1: '0.0', 2: '0.0', 3: '1.958045020027179', 4: 381.6674325815598} 
{0: '0.6350806451612904', 1: '0.0', 2: '0.0', 3: '2.081383018504685', 4: 377.5103960507312} 
{0: '0.635814889336016', 1: '0.0', 2: '0.0', 3: '2.212490124287102', 4: 362.87658422601226} 
{0: '0.6345381526104418', 1: '0.0', 2: '0.0', 3: '2.212490124287102', 4: 369.7592843006598} 
{0: '0.6352705410821643', 1: '0.0', 2: '0.0', 3: '2.081383018504685', 4: 360.83746891667545} 
