{'STAT2HEADER': 'STAT2HEADER', 'STAT2HEADER_ENVIRON': 'environ({\'OMPI_MCA_pmix\': \'^s1,s2,cray,isolated\', \'PMIX_MCA_mca_base_component_show_load_errors\': \'1\', \'OMPI_COMMAND\': \'python3\', \'OMPI_ARGV\': \'static_snapshot.py 2 1min\', \'OMPI_MCA_orte_precondition_transports\': \'094c579d4257def5-b00ffe09523e316a\', \'LD_LIBRARY_PATH\': \'/salilab/diva1/programs/x86_64linux/numpy-py36-1.19.5/lib:/salilab/diva1/home/libs/x86_64/centos8:/salilab/diva1/home/libs/x86_64:/salilab/diva1/home/imp/main/20240607-af6f9d6a95/lib/release8:/salilab/diva1/programs/x86_64linux/opencv-4.3.0/lib64/rhel:/salilab/diva1/programs/x86_64linux/opencv-4.3.0/lib64:/salilab/diva1/programs/x86_64linux/hdf5-1.10.7/lib:/salilab/diva1/programs/x86_64linux/libtau-py27-1.0.1/lib64:/salilab/diva1/programs/x86_64linux/boost-1.73.0/lib64:/usr/lib64/openmpi/lib:/wynton/group/sali/miha_rozic/Software/imp-develop/build/lib::\', \'IMP_TMP_DIR\': \'/wynton/group/sali/miha_rozic/Software/imp-develop/build/tmp\', \'PE_HOSTFILE\': \'/var/spool/sge/wynton/qb3-id139/active_jobs/708577.1/pe_hostfile\', \'__LMOD_REF_COUNT_PATH\': \'/salilab/diva1/programs/x86_64linux/numpy-py36-1.19.5/bin:1;/salilab/diva1/home/imp/main/20240607-af6f9d6a95/bin/release8:1;/salilab/diva1/programs/x86_64linux/opencv-4.3.0/bin:1;/salilab/diva1/programs/x86_64linux/hdf5-1.10.7/bin:1;/usr/lib64/openmpi/bin:1;/wynton/home/sali/rozicmiha/.local/bin:1;/wynton/home/sali/rozicmiha/bin:1;/wynton/group/sali/miha_rozic/Software/imp-develop/build/bin:1;/wynton/group/sali/miha_rozic/Software/imp-develop/build/module_bin/EMageFit:1;/wynton/group/sali/miha_rozic/Software/imp-develop/build/module_bin/algebra:1;/wynton/group/sali/miha_rozic/Software/imp-develop/build/module_bin/atom:1;/wynton/group/sali/miha_rozic/Software/imp-develop/build/module_bin/benchmark:1;/wynton/group/sali/miha_rozic/Software/imp-develop/build/module_bin/cgal:1;/wynton/group/sali/miha_rozic/Software/imp-develop/build/module_bin/cnmultifit:1;/wynton/group/sali/miha_rozic/Software/imp-develop/build/module_bin/container:1;/wynton/group/sali/miha_rozic/Software/imp-develop/build/module_bin/core:1;/wynton/group/sali/miha_rozic/Software/imp-develop/build/module_bin/display:1;/wynton/group/sali/miha_rozic/Software/imp-develop/build/module_bin/domino:1;/wynton/group/sali/miha_rozic/Software/imp-develop/build/module_bin/em:1;/wynton/group/sali/miha_rozic/Software/imp-develop/build/module_bin/em2d:1;/wynton/group/sali/miha_rozic/Software/imp-develop/build/module_bin/example:1;/wynton/group/sali/miha_rozic/Software/imp-develop/build/module_bin/foxs:1;/wynton/group/sali/miha_rozic/Software/imp-develop/build/module_bin/gsl:1;/wynton/group/sali/miha_rozic/Software/imp-develop/build/module_bin/integrative_docking:1;/wynton/group/sali/miha_rozic/Software/imp-develop/build/module_bin/isd:1;/wynton/group/sali/miha_rozic/Software/imp-develop/build/module_bin/kernel:1;/wynton/group/sali/miha_rozic/Software/imp-develop/build/module_bin/kinematics:1;/wynton/group/sali/miha_rozic/Software/imp-develop/build/module_bin/kmeans:1;/wynton/group/sali/miha_rozic/Software/imp-develop/build/module_bin/misc:1;/wynton/group/sali/miha_rozic/Software/imp-develop/build/module_bin/mmcif:1;/wynton/group/sali/miha_rozic/Software/imp-develop/build/module_bin/modeller:1;/wynton/group/sali/miha_rozic/Software/imp-develop/build/module_bin/mpi:1;/wynton/group/sali/miha_rozic/Software/imp-develop/build/module_bin/multi_state:1;/wynton/group/sali/miha_rozic/Software/imp-develop/build/module_bin/multifit:1;/wynton/group/sali/miha_rozic/Software/imp-develop/build/module_bin/npc:1;/wynton/group/sali/miha_rozic/Software/imp-develop/build/module_bin/npcassembly:1;/wynton/group/sali/miha_rozic/Software/imp-develop/build/module_bin/parallel:1;/wynton/group/sali/miha_rozic/Software/imp-develop/build/module_bin/pepdock:1;/wynton/group/sali/miha_rozic/Software/imp-develop/build/module_bin/pmi:1;/wynton/group/sali/miha_rozic/Software/imp-develop/build/module_bin/rmf:1;/wynton/group/sali/miha_rozic/Software/imp-develop/build/module_bin/rotamer:1;/wynton/group/sali/miha_rozic/Software/imp-develop/build/module_bin/saxs:1;/wynton/group/sali/miha_rozic/Software/imp-develop/build/module_bin/saxs_merge:1;/wynton/group/sali/miha_rozic/Software/imp-develop/build/module_bin/score_functor:1;/wynton/group/sali/miha_rozic/Software/imp-develop/build/module_bin/scratch:1;/wynton/group/sali/miha_rozic/Software/imp-develop/build/module_bin/spb:1;/wynton/group/sali/miha_rozic/Software/imp-develop/build/module_bin/statistics:1;/wynton/group/sali/miha_rozic/Software/imp-develop/build/module_bin/symmetry:1;/wynton/group/sali/miha_rozic/Software/imp-develop/build/module_bin/test:1;/opt/sge/bin:1;/opt/sge/bin/lx-amd64:1;/scratch/708577.1.member.q:1;/usr/local/bin:1;/bin:1;/usr/bin:1;/usr/local/sbin:1;/usr/sbin:1\', \'_ModuleTable002_\': \'fSwKc3RhY2tEZXB0aCA9IDEsCnN0YXR1cyA9ICJhY3RpdmUiLAp1c2VyTmFtZSA9ICJib29zdC8xLjczLjAiLAp3ViA9ICIwMDAwMDAwMDEuMDAwMDAwMDczLip6ZmluYWwiLAp9LApoZGY1ID0gewpmbiA9ICIvc2FsaWxhYi9kaXZhMS9ob21lL21vZHVsZXMvaGRmNS8xLjEwLjciLApmdWxsTmFtZSA9ICJoZGY1LzEuMTAuNyIsCmxvYWRPcmRlciA9IDUsCnByb3BUID0ge30sCnN0YWNrRGVwdGggPSAyLApzdGF0dXMgPSAiYWN0aXZlIiwKdXNlck5hbWUgPSAiaGRmNS8xLjEwLjciLAp3ViA9ICIwMDAwMDAwMDEuMDAwMDAwMDEwLjAwMDAwMDAwNy4qemZpbmFsIiwKfSwKaW1wID0gewpmbiA9ICIvc2FsaWxhYi9kaXZhMS9ob21lL21vZHVsZXMvaW1wLzIuMjEuMCIsCmZ1bGxO\', \'IMP_DIR\': \'/salilab/diva1/home/imp/main/20240607-af6f9d6a95/lib/release8/cmake/IMP\', \'QUEUE\': \'member.q\', \'GOTO_NUM_THREADS\': \'1\', \'MPI_PYTHON3_SITEARCH\': \'/usr/lib64/python3.6/site-packages/openmpi\', \'LANG\': \'en_US.UTF-8\', \'HISTCONTROL\': \'ignoredups\', \'_ModuleTable008_\': \'cyIsCmZ1bGxOYW1lID0gInNhbGktbGlicmFyaWVzIiwKbG9hZE9yZGVyID0gOCwKcHJvcFQgPSB7fSwKc3RhY2tEZXB0aCA9IDEsCnN0YXR1cyA9ICJhY3RpdmUiLAp1c2VyTmFtZSA9ICJzYWxpLWxpYnJhcmllcyIsCndWID0gIk0uKnpmaW5hbCIsCn0sCn0sCm1wYXRoQSA9IHsKIi9zYWxpbGFiL2RpdmExL2hvbWUvbW9kdWxlcyIsICIvZXRjL21vZHVsZWZpbGVzIiwgIi91c3Ivc2hhcmUvbW9kdWxlZmlsZXMiCiwgIi91c3Ivc2hhcmUvbW9kdWxlZmlsZXMvTGludXgiLCAiL3Vzci9zaGFyZS9tb2R1bGVmaWxlcy9Db3JlIiwgIi91c3Ivc2hhcmUvbG1vZC9sbW9kL21vZHVsZWZpbGVzL0NvcmUiLAp9LApzeXN0ZW1CYXNlTVBBVEggPSAiL2V0Yy9tb2R1bGVmaWxlczovdXNy\', \'SGE_O_HOST\': \'dev1\', \'HOSTNAME\': \'qb3-id139.wynton.ucsf.edu\', \'OPENBLAS_NUM_THREADS\': \'1\', \'__LMOD_REF_COUNT_CMAKE_INCLUDE_PATH\': \'/salilab/diva1/programs/x86_64linux/opencv-4.3.0/include/opencv4:1;/salilab/diva1/programs/x86_64linux/hdf5-1.10.7/include:1;/salilab/diva1/programs/x86_64linux/libtau-py27-1.0.1/include:1;/salilab/diva1/programs/x86_64linux/boost-1.73.0/include:1\', \'SGE_RSH_COMMAND\': \'builtin\', \'ENVIRONMENT\': \'BATCH\', \'IMP_DATA\': \'/wynton/group/sali/miha_rozic/Software/imp-develop/build/data\', \'REQUEST\': \'test1\', \'SGE_STDIN_PATH\': \'/dev/null\', \'SGE_CELL\': \'wynton\', \'_ModuleTable007_\': \'MjEuMyIsCndWID0gIjAwMDAwMDAwMC4wMDAwMDAwMjEuMDAwMDAwMDAzLip6ZmluYWwiLAp9LApbInB5dGhvbjMvc2NpcHkiXSA9IHsKZm4gPSAiL3NhbGlsYWIvZGl2YTEvaG9tZS9tb2R1bGVzL3B5dGhvbjMvc2NpcHkvMS4zLjIiLApmdWxsTmFtZSA9ICJweXRob24zL3NjaXB5LzEuMy4yIiwKbG9hZE9yZGVyID0gMTAsCnByb3BUID0ge30sCnN0YWNrRGVwdGggPSAxLApzdGF0dXMgPSAiYWN0aXZlIiwKdXNlck5hbWUgPSAicHl0aG9uMy9zY2lweS8xLjMuMiIsCndWID0gIjAwMDAwMDAwMS4wMDAwMDAwMDMuMDAwMDAwMDAyLip6ZmluYWwiLAp9LApbInNhbGktbGlicmFyaWVzIl0gPSB7CmZuID0gIi9zYWxpbGFiL2RpdmExL2hvbWUvbW9kdWxlcy9zYWxpLWxpYnJhcmll\', \'CMAKE_INCLUDE_PATH\': \'/salilab/diva1/programs/x86_64linux/opencv-4.3.0/include/opencv4:/salilab/diva1/programs/x86_64linux/hdf5-1.10.7/include:/salilab/diva1/programs/x86_64linux/libtau-py27-1.0.1/include:/salilab/diva1/programs/x86_64linux/boost-1.73.0/include\', \'__LMOD_REF_COUNT_LD_LIBRARY_PATH\': \'/salilab/diva1/programs/x86_64linux/numpy-py36-1.19.5/lib:1;/salilab/diva1/home/libs/x86_64/centos8:1;/salilab/diva1/home/libs/x86_64:1;/salilab/diva1/home/imp/main/20240607-af6f9d6a95/lib/release8:1;/salilab/diva1/programs/x86_64linux/opencv-4.3.0/lib64/rhel:1;/salilab/diva1/programs/x86_64linux/opencv-4.3.0/lib64:1;/salilab/diva1/programs/x86_64linux/hdf5-1.10.7/lib:1;/salilab/diva1/programs/x86_64linux/libtau-py27-1.0.1/lib64:1;/salilab/diva1/programs/x86_64linux/boost-1.73.0/lib64:1;/usr/lib64/openmpi/lib:1;/wynton/group/sali/miha_rozic/Software/imp-develop/build/lib:2;:1\', \'__LMOD_REF_COUNT_PKG_CONFIG_PATH\': \'/usr/lib64/openmpi/lib/pkgconfig:1\', \'_ModuleTable004_\': \'aGFyZS9tb2R1bGVmaWxlcy9tcGkvb3Blbm1waS14ODZfNjQiLApmdWxsTmFtZSA9ICJtcGkvb3Blbm1waS14ODZfNjQiLApsb2FkT3JkZXIgPSAyLApwcm9wVCA9IHt9LApzdGFja0RlcHRoID0gMCwKc3RhdHVzID0gImFjdGl2ZSIsCnVzZXJOYW1lID0gIm1waS9vcGVubXBpLXg4Nl82NCIsCndWID0gIipvcGVubXBpLip4LjAwMDAwMDA4Ni4qXy4wMDAwMDAwNjQuKnpmaW5hbCIsCn0sCm9wZW5jdiA9IHsKZm4gPSAiL3NhbGlsYWIvZGl2YTEvaG9tZS9tb2R1bGVzL29wZW5jdi80LjMuMCIsCmZ1bGxOYW1lID0gIm9wZW5jdi80LjMuMCIsCmxvYWRPcmRlciA9IDYsCnByb3BUID0ge30sCnN0YWNrRGVwdGggPSAxLApzdGF0dXMgPSAiYWN0aXZlIiwKdXNlck5hbWUgPSAib3Bl\', \'__LMOD_REF_COUNT_PYTHONPATH\': \'/salilab/diva1/programs/x86_64linux/scikit-py36-0.21.3/lib64/python3.6/site-packages:1;/salilab/diva1/programs/linux/joblib-0.17.0/lib/python3.6/site-packages:1;/salilab/diva1/programs/x86_64linux/scipy-py36-1.3.2/lib64/python3.6/site-packages:1;/salilab/diva1/programs/x86_64linux/numpy-py36-1.19.5/lib64/python3.6/site-packages:1;/salilab/diva1/home/imp/main/20240607-af6f9d6a95/lib/release8:1;/salilab/diva1/programs/x86_64linux/opencv-4.3.0/lib/python3.6/site-packages:1;/wynton/group/sali/miha_rozic/Software/imp-develop/build/lib:2;:1\', \'which_declare\': \'declare -f\', \'NHOSTS\': \'1\', \'SGE_O_WORKDIR\': \'/wynton/group/sali/miha_rozic/Input_information/SNAPSHOTS/central_directory/snapshot2_1min/run8\', \'USER\': \'rozicmiha\', \'SGE_TASK_ID\': \'undefined\', \'__LMOD_REF_COUNT_CMAKE_LIBRARY_PATH\': \'/salilab/diva1/programs/x86_64linux/opencv-4.3.0/lib64:1;/salilab/diva1/programs/x86_64linux/hdf5-1.10.7/lib:1;/salilab/diva1/programs/x86_64linux/libtau-py27-1.0.1/lib64:1;/salilab/diva1/programs/x86_64linux/boost-1.73.0/lib64:1\', \'SGE_TASK_FIRST\': \'undefined\', \'NSLOTS\': \'16\', \'__LMOD_REF_COUNT_MODULEPATH\': \'/salilab/diva1/home/modules:1;/etc/modulefiles:1;/usr/share/modulefiles:1;/usr/share/modulefiles/Linux:1;/usr/share/modulefiles/Core:1;/usr/share/lmod/lmod/modulefiles/Core:1\', \'PWD\': \'/wynton/group/sali/miha_rozic/Input_information/SNAPSHOTS/central_directory/snapshot2_1min/run8\', \'HOME\': \'/wynton/home/sali/rozicmiha\', \'NQUEUES\': \'1\', \'TMP\': \'/scratch/708577.1.member.q\', \'PE\': \'smp\', \'SGE_O_HOME\': \'/wynton/home/sali/rozicmiha\', \'LMOD_VERSION\': \'8.7.32\', \'JOB_NAME\': \'test1\', \'BASH_ENV\': \'/usr/share/lmod/lmod/init/bash\', \'MPI_FORTRAN_MOD_DIR\': \'/usr/lib64/gfortran/modules/openmpi\', \'SGE_TASK_LAST\': \'undefined\', \'MKL_NUM_THREADS\': \'1\', \'MPI_COMPILER\': \'openmpi-x86_64\', \'SGE_ACCOUNT\': \'sge\', \'SGE_ROOT\': \'/opt/sge\', \'MPI_SUFFIX\': \'_openmpi\', \'TMPDIR\': \'/scratch/708577.1.member.q\', \'RESTARTED\': \'0\', \'LMOD_sys\': \'Linux\', \'_ModuleTable001_\': \'X01vZHVsZVRhYmxlXyA9IHsKTVR2ZXJzaW9uID0gMywKY19yZWJ1aWxkVGltZSA9IGZhbHNlLApjX3Nob3J0VGltZSA9IGZhbHNlLApkZXB0aFQgPSB7fSwKZmFtaWx5ID0ge30sCm1UID0gewpTYWxpID0gewpmbiA9ICIvZXRjL21vZHVsZWZpbGVzL1NhbGkubHVhIiwKZnVsbE5hbWUgPSAiU2FsaSIsCmxvYWRPcmRlciA9IDEsCnByb3BUID0ge30sCnN0YWNrRGVwdGggPSAwLApzdGF0dXMgPSAiYWN0aXZlIiwKdXNlck5hbWUgPSAiU2FsaSIsCndWID0gIk0uKnpmaW5hbCIsCn0sCmJvb3N0ID0gewpmbiA9ICIvc2FsaWxhYi9kaXZhMS9ob21lL21vZHVsZXMvYm9vc3QvMS43My4wIiwKZnVsbE5hbWUgPSAiYm9vc3QvMS43My4wIiwKbG9hZE9yZGVyID0gMywKcHJvcFQgPSB7\', \'LOADEDMODULES\': \'Sali:mpi/openmpi-x86_64:boost/1.73.0:libtau/1.0.1:hdf5/1.10.7:opencv/4.3.0:imp/2.21.0:sali-libraries:python3/numpy/1.19.5:python3/scipy/1.3.2:python3/joblib/0.17.0:python3/scikit/0.21.3\', \'SGE_O_PATH\': \'/salilab/diva1/programs/x86_64linux/numpy-py36-1.19.5/bin:/salilab/diva1/home/imp/main/20240607-af6f9d6a95/bin/release8:/salilab/diva1/programs/x86_64linux/opencv-4.3.0/bin:/salilab/diva1/programs/x86_64linux/hdf5-1.10.7/bin:/wynton/home/sali/rozicmiha/.local/bin:/wynton/home/sali/rozicmiha/bin:/wynton/group/sali/miha_rozic/Software/imp-develop/build/bin:/wynton/group/sali/miha_rozic/Software/imp-develop/build/module_bin/EMageFit:/wynton/group/sali/miha_rozic/Software/imp-develop/build/module_bin/algebra:/wynton/group/sali/miha_rozic/Software/imp-develop/build/module_bin/atom:/wynton/group/sali/miha_rozic/Software/imp-develop/build/module_bin/benchmark:/wynton/group/sali/miha_rozic/Software/imp-develop/build/module_bin/cgal:/wynton/group/sali/miha_rozic/Software/imp-develop/build/module_bin/cnmultifit:/wynton/group/sali/miha_rozic/Software/imp-develop/build/module_bin/container:/wynton/group/sali/miha_rozic/Software/imp-develop/build/module_bin/core:/wynton/group/sali/miha_rozic/Software/imp-develop/build/module_bin/display:/wynton/group/sali/miha_rozic/Software/imp-develop/build/module_bin/domino:/wynton/group/sali/miha_rozic/Software/imp-develop/build/module_bin/em:/wynton/group/sali/miha_rozic/Software/imp-develop/build/module_bin/em2d:/wynton/group/sali/miha_rozic/Software/imp-develop/build/module_bin/example:/wynton/group/sali/miha_rozic/Software/imp-develop/build/module_bin/foxs:/wynton/group/sali/miha_rozic/Software/imp-develop/build/module_bin/gsl:/wynton/group/sali/miha_rozic/Software/imp-develop/build/module_bin/integrative_docking:/wynton/group/sali/miha_rozic/Software/imp-develop/build/module_bin/isd:/wynton/group/sali/miha_rozic/Software/imp-develop/build/module_bin/kernel:/wynton/group/sali/miha_rozic/Software/imp-develop/build/module_bin/kinematics:/wynton/group/sali/miha_rozic/Software/imp-develop/build/module_bin/kmeans:/wynton/group/sali/miha_rozic/Software/imp-develop/build/module_bin/misc:/wynton/group/sali/miha_rozic/Software/imp-develop/build/module_bin/mmcif:/wynton/group/sali/miha_rozic/Software/imp-develop/build/module_bin/modeller:/wynton/group/sali/miha_rozic/Software/imp-develop/build/module_bin/mpi:/wynton/group/sali/miha_rozic/Software/imp-develop/build/module_bin/multi_state:/wynton/group/sali/miha_rozic/Software/imp-develop/build/module_bin/multifit:/wynton/group/sali/miha_rozic/Software/imp-develop/build/module_bin/npc:/wynton/group/sali/miha_rozic/Software/imp-develop/build/module_bin/npcassembly:/wynton/group/sali/miha_rozic/Software/imp-develop/build/module_bin/parallel:/wynton/group/sali/miha_rozic/Software/imp-develop/build/module_bin/pepdock:/wynton/group/sali/miha_rozic/Software/imp-develop/build/module_bin/pmi:/wynton/group/sali/miha_rozic/Software/imp-develop/build/module_bin/rmf:/wynton/group/sali/miha_rozic/Software/imp-develop/build/module_bin/rotamer:/wynton/group/sali/miha_rozic/Software/imp-develop/build/module_bin/saxs:/wynton/group/sali/miha_rozic/Software/imp-develop/build/module_bin/saxs_merge:/wynton/group/sali/miha_rozic/Software/imp-develop/build/module_bin/score_functor:/wynton/group/sali/miha_rozic/Software/imp-develop/build/module_bin/scratch:/wynton/group/sali/miha_rozic/Software/imp-develop/build/module_bin/spb:/wynton/group/sali/miha_rozic/Software/imp-develop/build/module_bin/statistics:/wynton/group/sali/miha_rozic/Software/imp-develop/build/module_bin/symmetry:/wynton/group/sali/miha_rozic/Software/imp-develop/build/module_bin/test:/opt/sge/bin:/opt/sge/bin/lx-amd64:/usr/local/bin:/usr/bin:/usr/local/sbin:/usr/sbin\', \'SGE_O_SHELL\': \'/bin/bash\', \'_ModuleTable006_\': \'bWUgPSAicHl0aG9uMy9udW1weS8xLjE5LjUiLApsb2FkT3JkZXIgPSA5LApwcm9wVCA9IHt9LApzdGFja0RlcHRoID0gMiwKc3RhdHVzID0gImFjdGl2ZSIsCnVzZXJOYW1lID0gInB5dGhvbjMvbnVtcHkvMS4xOS41IiwKd1YgPSAiMDAwMDAwMDAxLjAwMDAwMDAxOS4wMDAwMDAwMDUuKnpmaW5hbCIsCn0sClsicHl0aG9uMy9zY2lraXQiXSA9IHsKZm4gPSAiL3NhbGlsYWIvZGl2YTEvaG9tZS9tb2R1bGVzL3B5dGhvbjMvc2Npa2l0LzAuMjEuMyIsCmZ1bGxOYW1lID0gInB5dGhvbjMvc2Npa2l0LzAuMjEuMyIsCmxvYWRPcmRlciA9IDEyLApwcm9wVCA9IHt9LApzdGFja0RlcHRoID0gMCwKc3RhdHVzID0gImFjdGl2ZSIsCnVzZXJOYW1lID0gInB5dGhvbjMvc2Npa2l0LzAu\', \'__LMOD_REF_COUNT_MANPATH\': \':2;/usr/share/man/openmpi-x86_64:1;/opt/sge/man:1;/usr/share/lmod/lmod/share/man:1\', \'MPI_INCLUDE\': \'/usr/include/openmpi-x86_64\', \'_ModuleTable003_\': \'YW1lID0gImltcC8yLjIxLjAiLApsb2FkT3JkZXIgPSA3LApwcm9wVCA9IHt9LApzdGFja0RlcHRoID0gMCwKc3RhdHVzID0gImFjdGl2ZSIsCnVzZXJOYW1lID0gImltcCIsCndWID0gIl4wMDAwMDAwMi4wMDAwMDAwMjEuKnpmaW5hbCIsCn0sCmxpYnRhdSA9IHsKZm4gPSAiL3NhbGlsYWIvZGl2YTEvaG9tZS9tb2R1bGVzL2xpYnRhdS8xLjAuMSIsCmZ1bGxOYW1lID0gImxpYnRhdS8xLjAuMSIsCmxvYWRPcmRlciA9IDQsCnByb3BUID0ge30sCnN0YWNrRGVwdGggPSAxLApzdGF0dXMgPSAiYWN0aXZlIiwKdXNlck5hbWUgPSAibGlidGF1LzEuMC4xIiwKd1YgPSAiMDAwMDAwMDAxLjAwMDAwMDAwMC4wMDAwMDAwMDEuKnpmaW5hbCIsCn0sCm1waSA9IHsKZm4gPSAiL3Vzci9z\', \'LMOD_ROOT\': \'/usr/share/lmod\', \'SYSTEMCTL_SKIP_REDIRECT\': \'\', \'MAIL\': \'/var/spool/mail/rozicmiha\', \'SGE_CWD_PATH\': \'/wynton/group/sali/miha_rozic/Input_information/SNAPSHOTS/central_directory/snapshot2_1min/run8\', \'MPI_HOME\': \'/usr/lib64/openmpi\', \'_ModuleTable009_\': \'L3NoYXJlL21vZHVsZWZpbGVzOi91c3Ivc2hhcmUvbW9kdWxlZmlsZXMvTGludXg6L3Vzci9zaGFyZS9tb2R1bGVmaWxlcy9Db3JlOi91c3Ivc2hhcmUvbG1vZC9sbW9kL21vZHVsZWZpbGVzL0NvcmUiLAp9Cg==\', \'SGE_TASK_STEPSIZE\': \'undefined\', \'SHELL\': \'/bin/bash\', \'TERM\': \'\', \'_ModuleTable_Sz_\': \'9\', \'SGE_JOB_SPOOL_DIR\': \'/var/spool/sge/wynton/qb3-id139/active_jobs/708577.1\', \'JOB_ID\': \'708577\', \'IMP_EXAMPLE_DATA\': \'/wynton/group/sali/miha_rozic/Software/imp-develop/build/doc/examples\', \'R_FUTURE_AVAILABLECORES_FALLBACK\': \'1\', \'JOB_SCRIPT\': \'/var/spool/sge/wynton/qb3-id139/job_scripts/708577\', \'SHLVL\': \'2\', \'SGE_O_LOGNAME\': \'rozicmiha\', \'SGE_O_MAIL\': \'/var/spool/mail/rozicmiha\', \'PYTHONPATH\': \'/salilab/diva1/programs/x86_64linux/scikit-py36-0.21.3/lib64/python3.6/site-packages:/salilab/diva1/programs/linux/joblib-0.17.0/lib/python3.6/site-packages:/salilab/diva1/programs/x86_64linux/scipy-py36-1.3.2/lib64/python3.6/site-packages:/salilab/diva1/programs/x86_64linux/numpy-py36-1.19.5/lib64/python3.6/site-packages:/salilab/diva1/home/imp/main/20240607-af6f9d6a95/lib/release8:/salilab/diva1/programs/x86_64linux/opencv-4.3.0/lib/python3.6/site-packages:/wynton/group/sali/miha_rozic/Software/imp-develop/build/lib::\', \'MANPATH\': \':/usr/share/man/openmpi-x86_64:/opt/sge/man:/usr/share/lmod/lmod/share/man\', \'MODULEPATH\': \'/salilab/diva1/home/modules:/etc/modulefiles:/usr/share/modulefiles:/usr/share/modulefiles/Linux:/usr/share/modulefiles/Core:/usr/share/lmod/lmod/modulefiles/Core\', \'MPI_SYSCONFIG\': \'/etc/openmpi-x86_64\', \'LOGNAME\': \'rozicmiha\', \'SYSTEMCTL_IGNORE_DEPENDENCIES\': \'\', \'MODULEPATH_ROOT\': \'/usr/share/modulefiles\', \'PATH\': \'/salilab/diva1/programs/x86_64linux/numpy-py36-1.19.5/bin:/salilab/diva1/home/imp/main/20240607-af6f9d6a95/bin/release8:/salilab/diva1/programs/x86_64linux/opencv-4.3.0/bin:/salilab/diva1/programs/x86_64linux/hdf5-1.10.7/bin:/usr/lib64/openmpi/bin:/wynton/home/sali/rozicmiha/.local/bin:/wynton/home/sali/rozicmiha/bin:/wynton/group/sali/miha_rozic/Software/imp-develop/build/bin:/wynton/group/sali/miha_rozic/Software/imp-develop/build/module_bin/EMageFit:/wynton/group/sali/miha_rozic/Software/imp-develop/build/module_bin/algebra:/wynton/group/sali/miha_rozic/Software/imp-develop/build/module_bin/atom:/wynton/group/sali/miha_rozic/Software/imp-develop/build/module_bin/benchmark:/wynton/group/sali/miha_rozic/Software/imp-develop/build/module_bin/cgal:/wynton/group/sali/miha_rozic/Software/imp-develop/build/module_bin/cnmultifit:/wynton/group/sali/miha_rozic/Software/imp-develop/build/module_bin/container:/wynton/group/sali/miha_rozic/Software/imp-develop/build/module_bin/core:/wynton/group/sali/miha_rozic/Software/imp-develop/build/module_bin/display:/wynton/group/sali/miha_rozic/Software/imp-develop/build/module_bin/domino:/wynton/group/sali/miha_rozic/Software/imp-develop/build/module_bin/em:/wynton/group/sali/miha_rozic/Software/imp-develop/build/module_bin/em2d:/wynton/group/sali/miha_rozic/Software/imp-develop/build/module_bin/example:/wynton/group/sali/miha_rozic/Software/imp-develop/build/module_bin/foxs:/wynton/group/sali/miha_rozic/Software/imp-develop/build/module_bin/gsl:/wynton/group/sali/miha_rozic/Software/imp-develop/build/module_bin/integrative_docking:/wynton/group/sali/miha_rozic/Software/imp-develop/build/module_bin/isd:/wynton/group/sali/miha_rozic/Software/imp-develop/build/module_bin/kernel:/wynton/group/sali/miha_rozic/Software/imp-develop/build/module_bin/kinematics:/wynton/group/sali/miha_rozic/Software/imp-develop/build/module_bin/kmeans:/wynton/group/sali/miha_rozic/Software/imp-develop/build/module_bin/misc:/wynton/group/sali/miha_rozic/Software/imp-develop/build/module_bin/mmcif:/wynton/group/sali/miha_rozic/Software/imp-develop/build/module_bin/modeller:/wynton/group/sali/miha_rozic/Software/imp-develop/build/module_bin/mpi:/wynton/group/sali/miha_rozic/Software/imp-develop/build/module_bin/multi_state:/wynton/group/sali/miha_rozic/Software/imp-develop/build/module_bin/multifit:/wynton/group/sali/miha_rozic/Software/imp-develop/build/module_bin/npc:/wynton/group/sali/miha_rozic/Software/imp-develop/build/module_bin/npcassembly:/wynton/group/sali/miha_rozic/Software/imp-develop/build/module_bin/parallel:/wynton/group/sali/miha_rozic/Software/imp-develop/build/module_bin/pepdock:/wynton/group/sali/miha_rozic/Software/imp-develop/build/module_bin/pmi:/wynton/group/sali/miha_rozic/Software/imp-develop/build/module_bin/rmf:/wynton/group/sali/miha_rozic/Software/imp-develop/build/module_bin/rotamer:/wynton/group/sali/miha_rozic/Software/imp-develop/build/module_bin/saxs:/wynton/group/sali/miha_rozic/Software/imp-develop/build/module_bin/saxs_merge:/wynton/group/sali/miha_rozic/Software/imp-develop/build/module_bin/score_functor:/wynton/group/sali/miha_rozic/Software/imp-develop/build/module_bin/scratch:/wynton/group/sali/miha_rozic/Software/imp-develop/build/module_bin/spb:/wynton/group/sali/miha_rozic/Software/imp-develop/build/module_bin/statistics:/wynton/group/sali/miha_rozic/Software/imp-develop/build/module_bin/symmetry:/wynton/group/sali/miha_rozic/Software/imp-develop/build/module_bin/test:/opt/sge/bin:/opt/sge/bin/lx-amd64:/scratch/708577.1.member.q:/usr/local/bin:/bin:/usr/bin:/usr/local/sbin:/usr/sbin\', \'MPI_BIN\': \'/usr/lib64/openmpi/bin\', \'SGE_STDERR_PATH\': \'/wynton/group/sali/miha_rozic/Input_information/SNAPSHOTS/central_directory/snapshot2_1min/run8/test1.o708577\', \'_LMFILES_\': \'/etc/modulefiles/Sali.lua:/usr/share/modulefiles/mpi/openmpi-x86_64:/salilab/diva1/home/modules/boost/1.73.0:/salilab/diva1/home/modules/libtau/1.0.1:/salilab/diva1/home/modules/hdf5/1.10.7:/salilab/diva1/home/modules/opencv/4.3.0:/salilab/diva1/home/modules/imp/2.21.0:/salilab/diva1/home/modules/sali-libraries:/salilab/diva1/home/modules/python3/numpy/1.19.5:/salilab/diva1/home/modules/python3/scipy/1.3.2:/salilab/diva1/home/modules/python3/joblib/0.17.0:/salilab/diva1/home/modules/python3/scikit/0.21.3\', \'DEBUGINFOD_URLS\': \'https://debuginfod.centos.org/ \', \'MODULESHOME\': \'/usr/share/lmod/lmod\', \'PKG_CONFIG_PATH\': \'/usr/lib64/openmpi/lib/pkgconfig\', \'LMOD_SETTARG_FULL_SUPPORT\': \'no\', \'HISTSIZE\': \'1000\', \'SGE_ARCH\': \'lx-amd64\', \'LMOD_PKG\': \'/usr/share/lmod/lmod\', \'CMAKE_LIBRARY_PATH\': \'/salilab/diva1/programs/x86_64linux/opencv-4.3.0/lib64:/salilab/diva1/programs/x86_64linux/hdf5-1.10.7/lib:/salilab/diva1/programs/x86_64linux/libtau-py27-1.0.1/lib64:/salilab/diva1/programs/x86_64linux/boost-1.73.0/lib64\', \'ARC\': \'lx-amd64\', \'MPI_LIB\': \'/usr/lib64/openmpi/lib\', \'SGE_BINARY_PATH\': \'/opt/sge/bin/lx-amd64\', \'SGE_STDOUT_PATH\': \'/wynton/group/sali/miha_rozic/Input_information/SNAPSHOTS/central_directory/snapshot2_1min/run8/test1.o708577\', \'_ModuleTable005_\': \'bmN2LzQuMy4wIiwKd1YgPSAiMDAwMDAwMDA0LjAwMDAwMDAwMy4qemZpbmFsIiwKfSwKWyJweXRob24zL2pvYmxpYiJdID0gewpmbiA9ICIvc2FsaWxhYi9kaXZhMS9ob21lL21vZHVsZXMvcHl0aG9uMy9qb2JsaWIvMC4xNy4wIiwKZnVsbE5hbWUgPSAicHl0aG9uMy9qb2JsaWIvMC4xNy4wIiwKbG9hZE9yZGVyID0gMTEsCnByb3BUID0ge30sCnN0YWNrRGVwdGggPSAxLApzdGF0dXMgPSAiYWN0aXZlIiwKdXNlck5hbWUgPSAicHl0aG9uMy9qb2JsaWIiLAp3ViA9ICIwMDAwMDAwMDAuMDAwMDAwMDE3Lip6ZmluYWwiLAp9LApbInB5dGhvbjMvbnVtcHkiXSA9IHsKZm4gPSAiL3NhbGlsYWIvZGl2YTEvaG9tZS9tb2R1bGVzL3B5dGhvbjMvbnVtcHkvMS4xOS41IiwKZnVsbE5h\', \'LMOD_CMD\': \'/usr/share/lmod/lmod/libexec/lmod\', \'REQNAME\': \'test1\', \'IMP_BIN_DIR\': \'/wynton/group/sali/miha_rozic/Software/imp-develop/build/bin\', \'MPI_MAN\': \'/usr/share/man/openmpi-x86_64\', \'LESSOPEN\': \'||/usr/bin/lesspipe.sh %s\', \'OMP_NUM_THREADS\': \'1\', \'SGE_CLUSTER_NAME\': \'wynton_cluster\', \'LMOD_DIR\': \'/usr/share/lmod/lmod/libexec\', \'BASH_FUNC_which%%\': \'() {  ( alias;\\n eval ${which_declare} ) | /usr/bin/which --tty-only --read-alias --read-functions --show-tilde --show-dot $@\\n}\', \'BASH_FUNC_module%%\': \'() {  if [ -z "${LMOD_SH_DBG_ON+x}" ]; then\\n case "$-" in \\n *v*x*)\\n __lmod_sh_dbg=\\\'vx\\\'\\n ;;\\n *v*)\\n __lmod_sh_dbg=\\\'v\\\'\\n ;;\\n *x*)\\n __lmod_sh_dbg=\\\'x\\\'\\n ;;\\n esac;\\n fi;\\n if [ -n "${__lmod_sh_dbg:-}" ]; then\\n set +$__lmod_sh_dbg;\\n echo "Shell debugging temporarily silenced: export LMOD_SH_DBG_ON=1 for Lmod\\\'s output" 1>&2;\\n fi;\\n eval "$($LMOD_CMD shell "$@")" && eval "$(${LMOD_SETTARG_CMD:-:} -s sh)";\\n __lmod_my_status=$?;\\n if [ -n "${__lmod_sh_dbg:-}" ]; then\\n echo "Shell debugging restarted" 1>&2;\\n set -$__lmod_sh_dbg;\\n fi;\\n unset __lmod_sh_dbg;\\n return $__lmod_my_status\\n}\', \'BASH_FUNC_ml%%\': \'() {  eval "$($LMOD_DIR/ml_cmd "$@")"\\n}\', \'_\': \'/usr/lib64/openmpi/bin/mpirun\', \'IPATH_NO_BACKTRACE\': \'1\', \'HFI_NO_BACKTRACE\': \'1\', \'OMPI_MCA_orte_local_daemon_uri\': \'1549860864.0;tcp://172.26.38.139:39125\', \'OMPI_MCA_orte_hnp_uri\': \'1549860864.0;tcp://172.26.38.139:39125\', \'OMPI_MCA_mpi_oversubscribe\': \'0\', \'OMPI_MCA_orte_app_num\': \'0\', \'OMPI_UNIVERSE_SIZE\': \'16\', \'OMPI_MCA_orte_num_nodes\': \'1\', \'OMPI_MCA_shmem_RUNTIME_QUERY_hint\': \'mmap\', \'OMPI_MCA_orte_bound_at_launch\': \'1\', \'OMPI_MCA_ess\': \'^singleton\', \'OMPI_MCA_orte_ess_num_procs\': \'16\', \'OMPI_COMM_WORLD_SIZE\': \'16\', \'OMPI_COMM_WORLD_LOCAL_SIZE\': \'16\', \'OMPI_MCA_orte_tmpdir_base\': \'/scratch/708577.1.member.q\', \'OMPI_MCA_orte_top_session_dir\': \'/scratch/708577.1.member.q/ompi.qb3-id139.11149\', \'OMPI_MCA_orte_jobfam_session_dir\': \'/scratch/708577.1.member.q/ompi.qb3-id139.11149/pid.656710\', \'OMPI_NUM_APP_CTX\': \'1\', \'OMPI_FIRST_RANKS\': \'0\', \'OMPI_APP_CTX_NUM_PROCS\': \'16\', \'OMPI_MCA_initial_wdir\': \'/wynton/group/sali/miha_rozic/Input_information/SNAPSHOTS/central_directory/snapshot2_1min/run8\', \'OMPI_MCA_orte_launch\': \'1\', \'PMIX_NAMESPACE\': \'1549860865\', \'PMIX_RANK\': \'15\', \'PMIX_SERVER_URI2\': \'1549860864.0;tcp4://127.0.0.1:37509\', \'PMIX_SERVER_URI21\': \'1549860864.0;tcp4://127.0.0.1:37509\', \'PMIX_SECURITY_MODE\': \'native,none\', \'PMIX_PTL_MODULE\': \'tcp,usock\', \'PMIX_BFROP_BUFFER_TYPE\': \'PMIX_BFROP_BUFFER_NON_DESC\', \'PMIX_GDS_MODULE\': \'ds21,ds12,hash\', \'PMIX_SERVER_TMPDIR\': \'/scratch/708577.1.member.q/ompi.qb3-id139.11149/pid.656710\', \'PMIX_SYSTEM_TMPDIR\': \'/scratch/708577.1.member.q\', \'PMIX_DSTORE_21_BASE_PATH\': \'/scratch/708577.1.member.q/ompi.qb3-id139.11149/pid.656710/pmix_dstor_ds21_656710\', \'PMIX_DSTORE_ESH_BASE_PATH\': \'/scratch/708577.1.member.q/ompi.qb3-id139.11149/pid.656710/pmix_dstor_ds12_656710\', \'OMPI_MCA_ess_base_jobid\': \'1549860865\', \'OMPI_MCA_ess_base_vpid\': \'15\', \'OMPI_COMM_WORLD_RANK\': \'15\', \'OMPI_COMM_WORLD_LOCAL_RANK\': \'15\', \'OMPI_COMM_WORLD_NODE_RANK\': \'15\', \'OMPI_MCA_orte_ess_node_rank\': \'15\', \'PMIX_ID\': \'1549860865.15\', \'OMPI_FILE_LOCATION\': \'/scratch/708577.1.member.q/ompi.qb3-id139.11149/pid.656710/0/0\', \'KMP_DUPLICATE_LIB_OK\': \'True\', \'KMP_INIT_AT_FORK\': \'FALSE\'})', 'STAT2HEADER_IMP_VERSIONS': "{'IMP_VERSION': '2.21.0', 'PMI_VERSION': '2.21.0'}", 0: 'ReplicaExchange_SwapSuccessRatio', 1: 'ReplicaExchange_MinTempFrequency', 2: 'ReplicaExchange_MaxTempFrequency', 3: 'ReplicaExchange_CurrentTemp', 4: 'score'} 
{0: '0', 1: '0', 2: '0', 3: '2.500000000000003', 4: inf} 
{0: '0.0', 1: '0.0', 2: '0.0', 3: '2.500000000000003', 4: inf} 
{0: '0.0', 1: '0.0', 2: '0.0', 3: '2.500000000000003', 4: inf} 
{0: '0.0', 1: '0.0', 2: '0.0', 3: '2.500000000000003', 4: inf} 
{0: '0.0', 1: '0.0', 2: '0.0', 3: '2.500000000000003', 4: inf} 
{0: '0.0', 1: '0.0', 2: '0.0', 3: '2.500000000000003', 4: inf} 
{0: '0.0', 1: '0.0', 2: '0.0', 3: '2.500000000000003', 4: inf} 
{0: '0.0', 1: '0.0', 2: '0.0', 3: '2.500000000000003', 4: inf} 
{0: '0.0', 1: '0.0', 2: '0.0', 3: '2.500000000000003', 4: inf} 
{0: '0.0', 1: '0.0', 2: '0.0', 3: '2.500000000000003', 4: inf} 
{0: '0.0', 1: '0.0', 2: '0.0', 3: '2.500000000000003', 4: inf} 
{0: '0.0', 1: '0.0', 2: '0.0', 3: '2.500000000000003', 4: 6076.899673872909} 
{0: '0.0', 1: '0.0', 2: '0.0', 3: '2.500000000000003', 4: 909.5114997243735} 
{0: '0.0', 1: '0.0', 2: '0.0', 3: '2.500000000000003', 4: 666.1636793710987} 
{0: '0.0', 1: '0.0', 2: '0.0', 3: '2.500000000000003', 4: 579.1114658239876} 
{0: '0.06666666666666667', 1: '0.0', 2: '0.0', 3: '2.351855716390306', 4: 562.8782911276606} 
{0: '0.125', 1: '0.0', 2: '0.0', 3: '2.212490124287102', 4: 563.97556687458} 
{0: '0.17647058823529413', 1: '0.0', 2: '0.0', 3: '2.081383018504685', 4: 555.1311532254939} 
{0: '0.2222222222222222', 1: '0.0', 2: '0.0', 3: '1.958045020027179', 4: 560.3268836388952} 
{0: '0.2631578947368421', 1: '0.0', 2: '0.0', 3: '1.842015749320195', 4: 557.3477134720497} 
{0: '0.3', 1: '0.0', 2: '0.0', 3: '1.7328621078878674', 4: 556.799797096132} 
{0: '0.3333333333333333', 1: '0.0', 2: '0.0', 3: '1.6301766616608926', 4: 561.0004774472839} 
{0: '0.36363636363636365', 1: '0.0', 2: '0.0', 3: '1.5335761201812925', 4: 555.3666698544871} 
{0: '0.391304347826087', 1: '0.0', 2: '0.0', 3: '1.4426999059072143', 4: 557.606084370753} 
{0: '0.4166666666666667', 1: '0.0', 2: '0.0', 3: '1.3572088082974538', 4: 565.1389898636342} 
{0: '0.44', 1: '0.0', 2: '0.0', 3: '1.2767837176518553', 4: 556.7802248711461} 
{0: '0.4230769230769231', 1: '0.0', 2: '0.0', 3: '1.2767837176518553', 4: 556.804336569626} 
{0: '0.4444444444444444', 1: '0.0', 2: '0.0', 3: '1.3572088082974538', 4: 561.6993680444447} 
{0: '0.4642857142857143', 1: '0.0', 2: '0.0', 3: '1.4426999059072143', 4: 559.6466917813858} 
{0: '0.4482758620689655', 1: '0.0', 2: '0.0', 3: '1.4426999059072143', 4: 561.7412161134467} 
{0: '0.4666666666666667', 1: '0.0', 2: '0.0', 3: '1.3572088082974538', 4: 560.4932665333163} 
{0: '0.45161290322580644', 1: '0.0', 2: '0.0', 3: '1.3572088082974538', 4: 561.2728582450374} 
{0: '0.46875', 1: '0.0', 2: '0.0', 3: '1.4426999059072143', 4: 559.6448449617812} 
{0: '0.48484848484848486', 1: '0.0', 2: '0.0', 3: '1.5335761201812925', 4: 556.8087324423163} 
{0: '0.5', 1: '0.0', 2: '0.0', 3: '1.6301766616608926', 4: 559.8098134900691} 
{0: '0.5142857142857142', 1: '0.0', 2: '0.0', 3: '1.7328621078878674', 4: 563.2733867874161} 
{0: '0.5277777777777778', 1: '0.0', 2: '0.0', 3: '1.842015749320195', 4: 561.2200315365651} 
{0: '0.5405405405405406', 1: '0.0', 2: '0.0', 3: '1.958045020027179', 4: 563.0330174957035} 
{0: '0.5526315789473685', 1: '0.0', 2: '0.0', 3: '2.081383018504685', 4: 564.7109399724337} 
{0: '0.5641025641025641', 1: '0.0', 2: '0.0', 3: '2.212490124287102', 4: 565.8287122188773} 
{0: '0.55', 1: '0.0', 2: '0.0', 3: '2.212490124287102', 4: 561.9701246921434} 
{0: '0.5609756097560976', 1: '0.0', 2: '0.0', 3: '2.081383018504685', 4: 587.07330694574} 
{0: '0.5714285714285714', 1: '0.0', 2: '0.0', 3: '1.958045020027179', 4: 560.5236669388526} 
{0: '0.5813953488372093', 1: '0.0', 2: '0.0', 3: '1.842015749320195', 4: 556.0529688266477} 
{0: '0.5909090909090909', 1: '0.0', 2: '0.0', 3: '1.7328621078878674', 4: 560.1741068734382} 
{0: '0.6', 1: '0.0', 2: '0.0', 3: '1.6301766616608926', 4: 570.9841029542125} 
{0: '0.6086956521739131', 1: '0.0', 2: '0.0', 3: '1.5335761201812925', 4: 559.923941256419} 
{0: '0.6170212765957447', 1: '0.0', 2: '0.0', 3: '1.4426999059072143', 4: 563.2328825739356} 
{0: '0.6041666666666666', 1: '0.0', 2: '0.0', 3: '1.4426999059072143', 4: 562.730636683674} 
{0: '0.6122448979591837', 1: '0.0', 2: '0.0', 3: '1.5335761201812925', 4: 560.803707641943} 
{0: '0.62', 1: '0.0', 2: '0.0', 3: '1.6301766616608926', 4: 559.8765048283597} 
{0: '0.6078431372549019', 1: '0.0', 2: '0.0', 3: '1.6301766616608926', 4: 554.6063265717099} 
{0: '0.6153846153846154', 1: '0.0', 2: '0.0', 3: '1.5335761201812925', 4: 564.1197336331913} 
{0: '0.6226415094339622', 1: '0.0', 2: '0.0', 3: '1.4426999059072143', 4: 564.6584748662737} 
{0: '0.6296296296296297', 1: '0.0', 2: '0.0', 3: '1.3572088082974538', 4: 558.4235470139685} 
{0: '0.6181818181818182', 1: '0.0', 2: '0.0', 3: '1.3572088082974538', 4: 556.8076641557459} 
{0: '0.6071428571428571', 1: '0.0', 2: '0.0', 3: '1.3572088082974538', 4: 557.9179280038007} 
{0: '0.6140350877192983', 1: '0.0', 2: '0.0', 3: '1.2767837176518553', 4: 557.1834521673783} 
{0: '0.603448275862069', 1: '0.0', 2: '0.0', 3: '1.2767837176518553', 4: 560.0075959492847} 
{0: '0.6101694915254238', 1: '0.0', 2: '0.0', 3: '1.3572088082974538', 4: 574.122293721631} 
{0: '0.6166666666666667', 1: '0.0', 2: '0.0', 3: '1.4426999059072143', 4: 555.1155516494093} 
{0: '0.6229508196721312', 1: '0.0', 2: '0.0', 3: '1.5335761201812925', 4: 560.4968008347564} 
{0: '0.6290322580645161', 1: '0.0', 2: '0.0', 3: '1.6301766616608926', 4: 561.868132028558} 
{0: '0.6349206349206349', 1: '0.0', 2: '0.0', 3: '1.7328621078878674', 4: 565.6887527475891} 
{0: '0.640625', 1: '0.0', 2: '0.0', 3: '1.842015749320195', 4: 567.1054481491996} 
{0: '0.6461538461538462', 1: '0.0', 2: '0.0', 3: '1.958045020027179', 4: 578.2007095850992} 
{0: '0.6515151515151515', 1: '0.0', 2: '0.0', 3: '2.081383018504685', 4: 563.7400151384961} 
{0: '0.6417910447761194', 1: '0.0', 2: '0.0', 3: '2.081383018504685', 4: 560.2335802606531} 
{0: '0.6470588235294118', 1: '0.0', 2: '0.0', 3: '1.958045020027179', 4: 560.6216284112728} 
{0: '0.6521739130434783', 1: '0.0', 2: '0.0', 3: '1.842015749320195', 4: 561.4640234345519} 
{0: '0.6571428571428571', 1: '0.0', 2: '0.0', 3: '1.7328621078878674', 4: 559.1976763691724} 
{0: '0.6619718309859155', 1: '0.0', 2: '0.0', 3: '1.6301766616608926', 4: 559.9249476698355} 
{0: '0.6666666666666666', 1: '0.0', 2: '0.0', 3: '1.5335761201812925', 4: 562.2259876719131} 
{0: '0.6712328767123288', 1: '0.0', 2: '0.0', 3: '1.4426999059072143', 4: 558.6034515708368} 
{0: '0.6756756756756757', 1: '0.0', 2: '0.0', 3: '1.3572088082974538', 4: 554.4802954110792} 
{0: '0.68', 1: '0.0', 2: '0.0', 3: '1.2767837176518553', 4: 553.929900942211} 
{0: '0.6710526315789473', 1: '0.0', 2: '0.0', 3: '1.2767837176518553', 4: 562.3847589548609} 
{0: '0.6753246753246753', 1: '0.0', 2: '0.0', 3: '1.3572088082974538', 4: 555.7351835288869} 
{0: '0.6794871794871795', 1: '0.0', 2: '0.0', 3: '1.4426999059072143', 4: 559.4542003229816} 
{0: '0.6835443037974683', 1: '0.0', 2: '0.0', 3: '1.5335761201812925', 4: 557.5537968148136} 
{0: '0.6875', 1: '0.0', 2: '0.0', 3: '1.6301766616608926', 4: 563.5096418567383} 
{0: '0.691358024691358', 1: '0.0', 2: '0.0', 3: '1.7328621078878674', 4: 555.4266225596721} 
{0: '0.6951219512195121', 1: '0.0', 2: '0.0', 3: '1.842015749320195', 4: 564.6390069096142} 
{0: '0.6987951807228916', 1: '0.0', 2: '0.0', 3: '1.958045020027179', 4: 563.5419504174686} 
{0: '0.7023809523809523', 1: '0.0', 2: '0.0', 3: '2.081383018504685', 4: 564.226613596982} 
{0: '0.7058823529411765', 1: '0.0', 2: '0.0', 3: '2.212490124287102', 4: 574.1938645576233} 
{0: '0.6976744186046512', 1: '0.0', 2: '0.0', 3: '2.212490124287102', 4: 555.6881353054075} 
{0: '0.7011494252873564', 1: '0.0', 2: '0.0', 3: '2.081383018504685', 4: 563.9667087639893} 
{0: '0.7045454545454546', 1: '0.0', 2: '0.0', 3: '1.958045020027179', 4: 564.1657980180472} 
{0: '0.7078651685393258', 1: '0.0', 2: '0.0', 3: '1.842015749320195', 4: 560.756754266819} 
{0: '0.7111111111111111', 1: '0.0', 2: '0.0', 3: '1.7328621078878674', 4: 555.4840905682656} 
{0: '0.7032967032967034', 1: '0.0', 2: '0.0', 3: '1.7328621078878674', 4: 573.7360583069328} 
{0: '0.7065217391304348', 1: '0.0', 2: '0.0', 3: '1.842015749320195', 4: 562.3256421826783} 
{0: '0.7096774193548387', 1: '0.0', 2: '0.0', 3: '1.958045020027179', 4: 565.2115307962332} 
{0: '0.7021276595744681', 1: '0.0', 2: '0.0', 3: '1.958045020027179', 4: 558.3580211455463} 
{0: '0.7052631578947368', 1: '0.0', 2: '0.0', 3: '1.842015749320195', 4: 559.4483635808981} 
{0: '0.7083333333333334', 1: '0.0', 2: '0.0', 3: '1.7328621078878674', 4: 566.7806374865742} 
{0: '0.711340206185567', 1: '0.0', 2: '0.0', 3: '1.6301766616608926', 4: 562.3225292247162} 
{0: '0.7142857142857143', 1: '0.0', 2: '0.0', 3: '1.5335761201812925', 4: 562.5288189771891} 
{0: '0.7171717171717171', 1: '0.0', 2: '0.0', 3: '1.4426999059072143', 4: 564.0056513651557} 
{0: '0.72', 1: '0.0', 2: '0.0', 3: '1.3572088082974538', 4: 558.9716050804319} 
{0: '0.7227722772277227', 1: '0.0', 2: '0.0', 3: '1.2767837176518553', 4: 558.9142331816284} 
{0: '0.7156862745098039', 1: '0.0', 2: '0.0', 3: '1.2767837176518553', 4: 559.2524552959381} 
{0: '0.7184466019417476', 1: '0.0', 2: '0.0', 3: '1.3572088082974538', 4: 556.5178997417543} 
{0: '0.7211538461538461', 1: '0.0', 2: '0.0', 3: '1.4426999059072143', 4: 562.9125187030653} 
{0: '0.7238095238095238', 1: '0.0', 2: '0.0', 3: '1.5335761201812925', 4: 562.4727094654044} 
{0: '0.7264150943396226', 1: '0.0', 2: '0.0', 3: '1.6301766616608926', 4: 559.2859992468237} 
{0: '0.719626168224299', 1: '0.0', 2: '0.0', 3: '1.6301766616608926', 4: 558.1004035011466} 
{0: '0.7222222222222222', 1: '0.0', 2: '0.0', 3: '1.5335761201812925', 4: 561.7428865214453} 
{0: '0.7247706422018348', 1: '0.0', 2: '0.0', 3: '1.4426999059072143', 4: 556.7937604740139} 
{0: '0.7272727272727273', 1: '0.0', 2: '0.0', 3: '1.3572088082974538', 4: 565.505599510231} 
{0: '0.7207207207207207', 1: '0.0', 2: '0.0', 3: '1.3572088082974538', 4: 560.9254780054464} 
{0: '0.7232142857142857', 1: '0.0', 2: '0.0', 3: '1.4426999059072143', 4: 559.6135688901859} 
{0: '0.7256637168141593', 1: '0.0', 2: '0.0', 3: '1.5335761201812925', 4: 556.2777217737024} 
{0: '0.7280701754385965', 1: '0.0', 2: '0.0', 3: '1.6301766616608926', 4: 560.0512210008717} 
{0: '0.7304347826086957', 1: '0.0', 2: '0.0', 3: '1.7328621078878674', 4: 562.6284461653039} 
{0: '0.7327586206896551', 1: '0.0', 2: '0.0', 3: '1.842015749320195', 4: 555.7530455342692} 
{0: '0.7350427350427351', 1: '0.0', 2: '0.0', 3: '1.958045020027179', 4: 562.2860058928734} 
{0: '0.7372881355932204', 1: '0.0', 2: '0.0', 3: '2.081383018504685', 4: 571.4135913323418} 
{0: '0.7394957983193278', 1: '0.0', 2: '0.0', 3: '2.212490124287102', 4: 574.08423507163} 
{0: '0.7333333333333333', 1: '0.0', 2: '0.0', 3: '2.212490124287102', 4: 564.0903120777489} 
{0: '0.7355371900826446', 1: '0.0', 2: '0.0', 3: '2.081383018504685', 4: 560.8468246778243} 
{0: '0.7377049180327869', 1: '0.0', 2: '0.0', 3: '1.958045020027179', 4: 556.1389790106109} 
{0: '0.7398373983739838', 1: '0.0', 2: '0.0', 3: '1.842015749320195', 4: 560.5188490740187} 
{0: '0.7419354838709677', 1: '0.0', 2: '0.0', 3: '1.7328621078878674', 4: 560.6967364766464} 
{0: '0.744', 1: '0.0', 2: '0.0', 3: '1.6301766616608926', 4: 560.3298585961791} 
{0: '0.746031746031746', 1: '0.0', 2: '0.0', 3: '1.5335761201812925', 4: 563.799273475235} 
{0: '0.7480314960629921', 1: '0.0', 2: '0.0', 3: '1.4426999059072143', 4: 560.247750852552} 
{0: '0.75', 1: '0.0', 2: '0.0', 3: '1.3572088082974538', 4: 558.3079314117302} 
{0: '0.751937984496124', 1: '0.0', 2: '0.0', 3: '1.2767837176518553', 4: 556.784472942422} 
{0: '0.7461538461538462', 1: '0.0', 2: '0.0', 3: '1.2767837176518553', 4: 563.7611990777673} 
{0: '0.7480916030534351', 1: '0.0', 2: '0.0', 3: '1.3572088082974538', 4: 562.1109137238948} 
{0: '0.75', 1: '0.0', 2: '0.0', 3: '1.4426999059072143', 4: 559.4583381570257} 
{0: '0.7518796992481203', 1: '0.0', 2: '0.0', 3: '1.5335761201812925', 4: 558.3747047818413} 
{0: '0.753731343283582', 1: '0.0', 2: '0.0', 3: '1.6301766616608926', 4: 557.2890043839686} 
{0: '0.7555555555555555', 1: '0.0', 2: '0.0', 3: '1.7328621078878674', 4: 566.0676276616651} 
{0: '0.7573529411764706', 1: '0.0', 2: '0.0', 3: '1.842015749320195', 4: 561.5562234739502} 
{0: '0.7591240875912408', 1: '0.0', 2: '0.0', 3: '1.958045020027179', 4: 569.8824823379562} 
{0: '0.7608695652173914', 1: '0.0', 2: '0.0', 3: '2.081383018504685', 4: 557.111066109945} 
{0: '0.762589928057554', 1: '0.0', 2: '0.0', 3: '2.212490124287102', 4: 558.5158171116618} 
{0: '0.7571428571428571', 1: '0.0', 2: '0.0', 3: '2.212490124287102', 4: 560.7393556782328} 
{0: '0.7588652482269503', 1: '0.0', 2: '0.0', 3: '2.081383018504685', 4: 562.8590304792024} 
{0: '0.7605633802816901', 1: '0.0', 2: '0.0', 3: '1.958045020027179', 4: 570.6529748773853} 
{0: '0.7622377622377622', 1: '0.0', 2: '0.0', 3: '1.842015749320195', 4: 559.1480269953247} 
{0: '0.7638888888888888', 1: '0.0', 2: '0.0', 3: '1.7328621078878674', 4: 561.1176174919332} 
{0: '0.7655172413793103', 1: '0.0', 2: '0.0', 3: '1.6301766616608926', 4: 560.1838553238425} 
{0: '0.7671232876712328', 1: '0.0', 2: '0.0', 3: '1.5335761201812925', 4: 559.3699957414602} 
{0: '0.7687074829931972', 1: '0.0', 2: '0.0', 3: '1.4426999059072143', 4: 562.1377821228369} 
{0: '0.7635135135135135', 1: '0.0', 2: '0.0', 3: '1.4426999059072143', 4: 557.1474453976214} 
{0: '0.7651006711409396', 1: '0.0', 2: '0.0', 3: '1.5335761201812925', 4: 563.0581798701272} 
{0: '0.7666666666666667', 1: '0.0', 2: '0.0', 3: '1.6301766616608926', 4: 556.7355282713185} 
{0: '0.7682119205298014', 1: '0.0', 2: '0.0', 3: '1.7328621078878674', 4: 559.9295049907458} 
{0: '0.7697368421052632', 1: '0.0', 2: '0.0', 3: '1.842015749320195', 4: 562.8294237844666} 
{0: '0.7647058823529411', 1: '0.0', 2: '0.0', 3: '1.842015749320195', 4: 562.6592031312995} 
{0: '0.7662337662337663', 1: '0.0', 2: '0.0', 3: '1.7328621078878674', 4: 563.1357185178956} 
{0: '0.7677419354838709', 1: '0.0', 2: '0.0', 3: '1.6301766616608926', 4: 559.1005583582557} 
{0: '0.7692307692307693', 1: '0.0', 2: '0.0', 3: '1.5335761201812925', 4: 562.7714582841511} 
{0: '0.7643312101910829', 1: '0.0', 2: '0.0', 3: '1.5335761201812925', 4: 558.7175695201121} 
{0: '0.7658227848101266', 1: '0.0', 2: '0.0', 3: '1.6301766616608926', 4: 556.5553124623823} 
{0: '0.7672955974842768', 1: '0.0', 2: '0.0', 3: '1.7328621078878674', 4: 554.081387851453} 
{0: '0.76875', 1: '0.0', 2: '0.0', 3: '1.842015749320195', 4: 571.1894957136717} 
{0: '0.7701863354037267', 1: '0.0', 2: '0.0', 3: '1.958045020027179', 4: 587.0225347139367} 
{0: '0.7716049382716049', 1: '0.0', 2: '0.0', 3: '2.081383018504685', 4: 565.1928495678045} 
{0: '0.7668711656441718', 1: '0.0', 2: '0.0', 3: '2.081383018504685', 4: 566.6145405506442} 
{0: '0.7682926829268293', 1: '0.0', 2: '0.0', 3: '1.958045020027179', 4: 561.9716455632987} 
{0: '0.7696969696969697', 1: '0.0', 2: '0.0', 3: '1.842015749320195', 4: 569.0955352387384} 
{0: '0.7710843373493976', 1: '0.0', 2: '0.0', 3: '1.7328621078878674', 4: 562.1393301765174} 
{0: '0.7724550898203593', 1: '0.0', 2: '0.0', 3: '1.6301766616608926', 4: 562.1107171967627} 
{0: '0.7738095238095238', 1: '0.0', 2: '0.0', 3: '1.5335761201812925', 4: 558.0107941132936} 
{0: '0.7751479289940828', 1: '0.0', 2: '0.0', 3: '1.4426999059072143', 4: 561.8043699949748} 
{0: '0.7705882352941177', 1: '0.0', 2: '0.0', 3: '1.4426999059072143', 4: 560.6849440011176} 
{0: '0.7719298245614035', 1: '0.0', 2: '0.0', 3: '1.5335761201812925', 4: 563.4760319672741} 
{0: '0.7732558139534884', 1: '0.0', 2: '0.0', 3: '1.6301766616608926', 4: 558.083764396503} 
{0: '0.7745664739884393', 1: '0.0', 2: '0.0', 3: '1.7328621078878674', 4: 561.2129159430102} 
{0: '0.7758620689655172', 1: '0.0', 2: '0.0', 3: '1.842015749320195', 4: 560.03065772886} 
{0: '0.7771428571428571', 1: '0.0', 2: '0.0', 3: '1.958045020027179', 4: 569.8554040759972} 
{0: '0.7784090909090909', 1: '0.0', 2: '0.0', 3: '2.081383018504685', 4: 556.8746955070923} 
{0: '0.7796610169491526', 1: '0.0', 2: '0.0', 3: '2.212490124287102', 4: 566.754311591623} 
{0: '0.7808988764044944', 1: '0.0', 2: '0.0', 3: '2.351855716390306', 4: 569.5104376876641} 
{0: '0.776536312849162', 1: '0.0', 2: '0.0', 3: '2.351855716390306', 4: 559.7994978442363} 
{0: '0.7777777777777778', 1: '0.0', 2: '0.0', 3: '2.212490124287102', 4: 556.5286826329004} 
{0: '0.7790055248618785', 1: '0.0', 2: '0.0', 3: '2.081383018504685', 4: 564.1800676931028} 
{0: '0.7802197802197802', 1: '0.0', 2: '0.0', 3: '1.958045020027179', 4: 555.3137171522092} 
{0: '0.7814207650273224', 1: '0.0', 2: '0.0', 3: '1.842015749320195', 4: 558.914949071485} 
{0: '0.782608695652174', 1: '0.0', 2: '0.0', 3: '1.7328621078878674', 4: 565.0223097053648} 
{0: '0.7837837837837838', 1: '0.0', 2: '0.0', 3: '1.6301766616608926', 4: 560.4249660041638} 
{0: '0.7849462365591398', 1: '0.0', 2: '0.0', 3: '1.5335761201812925', 4: 559.1288720267142} 
{0: '0.786096256684492', 1: '0.0', 2: '0.0', 3: '1.4426999059072143', 4: 558.9907357652539} 
{0: '0.7872340425531915', 1: '0.0', 2: '0.0', 3: '1.3572088082974538', 4: 559.0044115944287} 
{0: '0.7883597883597884', 1: '0.0', 2: '0.0', 3: '1.2767837176518553', 4: 559.2016607466201} 
{0: '0.7842105263157895', 1: '0.0', 2: '0.0', 3: '1.2767837176518553', 4: 556.7486591362411} 
{0: '0.7853403141361257', 1: '0.0', 2: '0.0', 3: '1.3572088082974538', 4: 589.1616543941996} 
{0: '0.7864583333333334', 1: '0.0', 2: '0.0', 3: '1.4426999059072143', 4: 559.3470849037092} 
{0: '0.7823834196891192', 1: '0.0', 2: '0.0', 3: '1.4426999059072143', 4: 564.9785204251006} 
{0: '0.7783505154639175', 1: '0.0', 2: '0.0', 3: '1.4426999059072143', 4: 566.0615569372029} 
{0: '0.7794871794871795', 1: '0.0', 2: '0.0', 3: '1.5335761201812925', 4: 557.2959427278554} 
{0: '0.7806122448979592', 1: '0.0', 2: '0.0', 3: '1.6301766616608926', 4: 563.1926241825574} 
{0: '0.7817258883248731', 1: '0.0', 2: '0.0', 3: '1.7328621078878674', 4: 558.0287684355111} 
{0: '0.7828282828282829', 1: '0.0', 2: '0.0', 3: '1.842015749320195', 4: 570.0318569388413} 
{0: '0.7839195979899497', 1: '0.0', 2: '0.0', 3: '1.958045020027179', 4: 565.2341811138658} 
{0: '0.785', 1: '0.0', 2: '0.0', 3: '2.081383018504685', 4: 557.4529159771984} 
{0: '0.7860696517412935', 1: '0.0', 2: '0.0', 3: '2.212490124287102', 4: 565.030545808612} 
{0: '0.7821782178217822', 1: '0.0', 2: '0.0', 3: '2.212490124287102', 4: 563.8806227532212} 
{0: '0.7832512315270936', 1: '0.0', 2: '0.0', 3: '2.081383018504685', 4: 559.382026953931} 
{0: '0.7843137254901961', 1: '0.0', 2: '0.0', 3: '1.958045020027179', 4: 570.1250444180611} 
{0: '0.7853658536585366', 1: '0.0', 2: '0.0', 3: '1.842015749320195', 4: 556.4397881964053} 
{0: '0.7864077669902912', 1: '0.0', 2: '0.0', 3: '1.7328621078878674', 4: 559.8101725207495} 
{0: '0.782608695652174', 1: '0.0', 2: '0.0', 3: '1.7328621078878674', 4: 562.0640910093251} 
{0: '0.7836538461538461', 1: '0.0', 2: '0.0', 3: '1.842015749320195', 4: 557.1713575630748} 
{0: '0.7799043062200957', 1: '0.0', 2: '0.0', 3: '1.842015749320195', 4: 556.4269568888933} 
{0: '0.780952380952381', 1: '0.0', 2: '0.0', 3: '1.7328621078878674', 4: 558.5532948768149} 
{0: '0.7819905213270142', 1: '0.0', 2: '0.0', 3: '1.6301766616608926', 4: 556.1170502701733} 
{0: '0.7830188679245284', 1: '0.0', 2: '0.0', 3: '1.5335761201812925', 4: 557.0993650716541} 
{0: '0.784037558685446', 1: '0.0', 2: '0.0', 3: '1.4426999059072143', 4: 556.6329935905882} 
{0: '0.7850467289719626', 1: '0.0', 2: '0.0', 3: '1.3572088082974538', 4: 563.8482639923867} 
{0: '0.7813953488372093', 1: '0.0', 2: '0.0', 3: '1.3572088082974538', 4: 555.3587485464218} 
{0: '0.7824074074074074', 1: '0.0', 2: '0.0', 3: '1.4426999059072143', 4: 556.9372036623973} 
{0: '0.783410138248848', 1: '0.0', 2: '0.0', 3: '1.5335761201812925', 4: 569.2917231762926} 
{0: '0.7844036697247706', 1: '0.0', 2: '0.0', 3: '1.6301766616608926', 4: 556.0150757291672} 
{0: '0.7853881278538812', 1: '0.0', 2: '0.0', 3: '1.7328621078878674', 4: 572.2489187793768} 
{0: '0.7863636363636364', 1: '0.0', 2: '0.0', 3: '1.842015749320195', 4: 562.5704669696403} 
{0: '0.7873303167420814', 1: '0.0', 2: '0.0', 3: '1.958045020027179', 4: 557.3210681707509} 
{0: '0.7882882882882883', 1: '0.0', 2: '0.0', 3: '2.081383018504685', 4: 571.4604423066673} 
{0: '0.7892376681614349', 1: '0.0', 2: '0.0', 3: '2.212490124287102', 4: 564.5255177206125} 
{0: '0.7901785714285714', 1: '0.0', 2: '0.0', 3: '2.351855716390306', 4: 556.5679086119222} 
{0: '0.7866666666666666', 1: '0.0', 2: '0.0', 3: '2.351855716390306', 4: 562.1682736731702} 
{0: '0.7876106194690266', 1: '0.0', 2: '0.0', 3: '2.212490124287102', 4: 582.8615575303547} 
{0: '0.788546255506608', 1: '0.0', 2: '0.0', 3: '2.081383018504685', 4: 560.7593446853552} 
{0: '0.7894736842105263', 1: '0.0', 2: '0.0', 3: '1.958045020027179', 4: 564.5848161565461} 
{0: '0.7903930131004366', 1: '0.0', 2: '0.0', 3: '1.842015749320195', 4: 561.7919094746419} 
{0: '0.7913043478260869', 1: '0.0', 2: '0.0', 3: '1.7328621078878674', 4: 561.2868240953541} 
{0: '0.7922077922077922', 1: '0.0', 2: '0.0', 3: '1.6301766616608926', 4: 558.5308217927256} 
{0: '0.7931034482758621', 1: '0.0', 2: '0.0', 3: '1.5335761201812925', 4: 559.4191073459461} 
{0: '0.7939914163090128', 1: '0.0', 2: '0.0', 3: '1.4426999059072143', 4: 559.3793893625465} 
{0: '0.7948717948717948', 1: '0.0', 2: '0.0', 3: '1.3572088082974538', 4: 559.7318009462797} 
{0: '0.7957446808510639', 1: '0.0', 2: '0.0', 3: '1.2767837176518553', 4: 562.1556436043884} 
{0: '0.7966101694915254', 1: '0.0', 2: '0.0', 3: '1.2011244339814315', 4: 556.7475968530297} 
{0: '0.7932489451476793', 1: '0.0', 2: '0.0', 3: '1.2011244339814315', 4: 560.3001684980427} 
{0: '0.7941176470588235', 1: '0.0', 2: '0.0', 3: '1.2767837176518553', 4: 559.8956438579642} 
{0: '0.7949790794979079', 1: '0.0', 2: '0.0', 3: '1.3572088082974538', 4: 556.5183642288614} 
{0: '0.7958333333333333', 1: '0.0', 2: '0.0', 3: '1.4426999059072143', 4: 555.2711392759937} 
{0: '0.7966804979253111', 1: '0.0', 2: '0.0', 3: '1.5335761201812925', 4: 562.2588035198412} 
{0: '0.7975206611570248', 1: '0.0', 2: '0.0', 3: '1.6301766616608926', 4: 560.1185287371271} 
{0: '0.7983539094650206', 1: '0.0', 2: '0.0', 3: '1.7328621078878674', 4: 559.8749872660571} 
{0: '0.7950819672131147', 1: '0.0', 2: '0.0', 3: '1.7328621078878674', 4: 559.7765919094329} 
{0: '0.7959183673469388', 1: '0.0', 2: '0.0', 3: '1.6301766616608926', 4: 571.3196859851408} 
{0: '0.7967479674796748', 1: '0.0', 2: '0.0', 3: '1.5335761201812925', 4: 556.6352489199958} 
{0: '0.7975708502024291', 1: '0.0', 2: '0.0', 3: '1.4426999059072143', 4: 564.3896786671914} 
{0: '0.7943548387096774', 1: '0.0', 2: '0.0', 3: '1.4426999059072143', 4: 554.2067208257378} 
{0: '0.7951807228915663', 1: '0.0', 2: '0.0', 3: '1.5335761201812925', 4: 572.8602231355354} 
{0: '0.796', 1: '0.0', 2: '0.0', 3: '1.6301766616608926', 4: 557.3590343310083} 
{0: '0.796812749003984', 1: '0.0', 2: '0.0', 3: '1.7328621078878674', 4: 563.5729429235978} 
{0: '0.7976190476190477', 1: '0.0', 2: '0.0', 3: '1.842015749320195', 4: 570.653828006247} 
{0: '0.7984189723320159', 1: '0.0', 2: '0.0', 3: '1.958045020027179', 4: 559.2045317917435} 
{0: '0.7992125984251969', 1: '0.0', 2: '0.0', 3: '2.081383018504685', 4: 555.0087030844445} 
{0: '0.796078431372549', 1: '0.0', 2: '0.0', 3: '2.081383018504685', 4: 568.45393251057} 
{0: '0.796875', 1: '0.0', 2: '0.0', 3: '1.958045020027179', 4: 565.2754397199024} 
{0: '0.7976653696498055', 1: '0.0', 2: '0.0', 3: '1.842015749320195', 4: 559.4763344691645} 
{0: '0.7984496124031008', 1: '0.0', 2: '0.0', 3: '1.7328621078878674', 4: 559.932114867254} 
{0: '0.7992277992277992', 1: '0.0', 2: '0.0', 3: '1.6301766616608926', 4: 568.9562356189153} 
{0: '0.8', 1: '0.0', 2: '0.0', 3: '1.5335761201812925', 4: 563.2030984760634} 
{0: '0.8007662835249042', 1: '0.0', 2: '0.0', 3: '1.4426999059072143', 4: 557.4410213806641} 
{0: '0.8015267175572519', 1: '0.0', 2: '0.0', 3: '1.3572088082974538', 4: 558.4255651375934} 
{0: '0.8022813688212928', 1: '0.0', 2: '0.0', 3: '1.2767837176518553', 4: 563.5265235120472} 
{0: '0.7992424242424242', 1: '0.0', 2: '0.0', 3: '1.2767837176518553', 4: 569.7632395983015} 
{0: '0.8', 1: '0.0', 2: '0.0', 3: '1.3572088082974538', 4: 557.812884325491} 
{0: '0.8007518796992481', 1: '0.0', 2: '0.0', 3: '1.4426999059072143', 4: 554.6418591960105} 
{0: '0.797752808988764', 1: '0.0', 2: '0.0', 3: '1.4426999059072143', 4: 569.4701130616517} 
{0: '0.7947761194029851', 1: '0.0', 2: '0.0', 3: '1.4426999059072143', 4: 564.2080173625944} 
{0: '0.7955390334572491', 1: '0.0', 2: '0.0', 3: '1.5335761201812925', 4: 564.5908511223784} 
{0: '0.7962962962962963', 1: '0.0', 2: '0.0', 3: '1.6301766616608926', 4: 558.4941937045872} 
{0: '0.7970479704797048', 1: '0.0', 2: '0.0', 3: '1.7328621078878674', 4: 554.9896308958121} 
{0: '0.7941176470588235', 1: '0.0', 2: '0.0', 3: '1.7328621078878674', 4: 560.4552207851689} 
{0: '0.7948717948717948', 1: '0.0', 2: '0.0', 3: '1.6301766616608926', 4: 557.7969497611456} 
{0: '0.7956204379562044', 1: '0.0', 2: '0.0', 3: '1.5335761201812925', 4: 559.014650394353} 
{0: '0.7963636363636364', 1: '0.0', 2: '0.0', 3: '1.4426999059072143', 4: 558.1306558734545} 
{0: '0.7971014492753623', 1: '0.0', 2: '0.0', 3: '1.3572088082974538', 4: 558.2314378683284} 
{0: '0.7978339350180506', 1: '0.0', 2: '0.0', 3: '1.2767837176518553', 4: 557.7505683834503} 
{0: '0.7949640287769785', 1: '0.0', 2: '0.0', 3: '1.2767837176518553', 4: 554.3678555964121} 
{0: '0.7956989247311828', 1: '0.0', 2: '0.0', 3: '1.3572088082974538', 4: 560.4043023711342} 
{0: '0.7964285714285714', 1: '0.0', 2: '0.0', 3: '1.4426999059072143', 4: 555.3588029532456} 
{0: '0.797153024911032', 1: '0.0', 2: '0.0', 3: '1.5335761201812925', 4: 558.2119721413676} 
{0: '0.7978723404255319', 1: '0.0', 2: '0.0', 3: '1.6301766616608926', 4: 560.8293543693678} 
{0: '0.7985865724381626', 1: '0.0', 2: '0.0', 3: '1.7328621078878674', 4: 555.5346274863718} 
{0: '0.7992957746478874', 1: '0.0', 2: '0.0', 3: '1.842015749320195', 4: 561.3197982757952} 
{0: '0.8', 1: '0.0', 2: '0.0', 3: '1.958045020027179', 4: 569.2005469132343} 
{0: '0.8006993006993007', 1: '0.0', 2: '0.0', 3: '2.081383018504685', 4: 561.6439894081179} 
{0: '0.8013937282229965', 1: '0.0', 2: '0.0', 3: '2.212490124287102', 4: 563.6295902208848} 
{0: '0.8020833333333334', 1: '0.0', 2: '0.0', 3: '2.351855716390306', 4: 560.4118676142327} 
{0: '0.7993079584775087', 1: '0.0', 2: '0.0', 3: '2.351855716390306', 4: 586.2549651301774} 
{0: '0.8', 1: '0.0', 2: '0.0', 3: '2.212490124287102', 4: 560.9453245427417} 
{0: '0.8006872852233677', 1: '0.0', 2: '0.0', 3: '2.081383018504685', 4: 563.3439531735834} 
{0: '0.8013698630136986', 1: '0.0', 2: '0.0', 3: '1.958045020027179', 4: 561.8625135662031} 
{0: '0.8020477815699659', 1: '0.0', 2: '0.0', 3: '1.842015749320195', 4: 561.4039915225819} 
{0: '0.8027210884353742', 1: '0.0', 2: '0.0', 3: '1.7328621078878674', 4: 565.0245010411247} 
{0: '0.8033898305084746', 1: '0.0', 2: '0.0', 3: '1.6301766616608926', 4: 556.0195041937835} 
{0: '0.8040540540540541', 1: '0.0', 2: '0.0', 3: '1.5335761201812925', 4: 563.6031663434582} 
{0: '0.8047138047138047', 1: '0.0', 2: '0.0', 3: '1.4426999059072143', 4: 554.404613353723} 
{0: '0.8053691275167785', 1: '0.0', 2: '0.0', 3: '1.3572088082974538', 4: 558.2660593724191} 
{0: '0.8060200668896321', 1: '0.0', 2: '0.0', 3: '1.2767837176518553', 4: 557.4374059486319} 
{0: '0.8066666666666666', 1: '0.0', 2: '0.0', 3: '1.2011244339814315', 4: 563.7197799732274} 
{0: '0.8039867109634552', 1: '0.0', 2: '0.0', 3: '1.2011244339814315', 4: 555.9460265267112} 
{0: '0.804635761589404', 1: '0.0', 2: '0.0', 3: '1.2767837176518553', 4: 554.9627514853115} 
{0: '0.8052805280528053', 1: '0.0', 2: '0.0', 3: '1.3572088082974538', 4: 562.8568216125403} 
{0: '0.805921052631579', 1: '0.0', 2: '0.0', 3: '1.4426999059072143', 4: 561.6337776777581} 
{0: '0.8032786885245902', 1: '0.0', 2: '0.0', 3: '1.4426999059072143', 4: 560.0609740747194} 
{0: '0.8006535947712419', 1: '0.0', 2: '0.0', 3: '1.4426999059072143', 4: 557.807017113228} 
{0: '0.8013029315960912', 1: '0.0', 2: '0.0', 3: '1.5335761201812925', 4: 565.824105537621} 
{0: '0.801948051948052', 1: '0.0', 2: '0.0', 3: '1.6301766616608926', 4: 580.8132025723693} 
{0: '0.8025889967637541', 1: '0.0', 2: '0.0', 3: '1.7328621078878674', 4: 565.4396426934393} 
{0: '0.8', 1: '0.0', 2: '0.0', 3: '1.7328621078878674', 4: 563.1391871200121} 
{0: '0.8006430868167203', 1: '0.0', 2: '0.0', 3: '1.6301766616608926', 4: 562.5258695621998} 
{0: '0.8012820512820513', 1: '0.0', 2: '0.0', 3: '1.5335761201812925', 4: 562.4173912734909} 
{0: '0.8019169329073482', 1: '0.0', 2: '0.0', 3: '1.4426999059072143', 4: 557.9418557412947} 
{0: '0.802547770700637', 1: '0.0', 2: '0.0', 3: '1.3572088082974538', 4: 561.0254137930848} 
{0: '0.8', 1: '0.0', 2: '0.0', 3: '1.3572088082974538', 4: 557.5005159525628} 
{0: '0.8006329113924051', 1: '0.0', 2: '0.0', 3: '1.4426999059072143', 4: 573.741261910223} 
{0: '0.8012618296529969', 1: '0.0', 2: '0.0', 3: '1.5335761201812925', 4: 559.1702459193917} 
{0: '0.8018867924528302', 1: '0.0', 2: '0.0', 3: '1.6301766616608926', 4: 556.9423323400252} 
{0: '0.8025078369905956', 1: '0.0', 2: '0.0', 3: '1.7328621078878674', 4: 558.3808493840384} 
{0: '0.803125', 1: '0.0', 2: '0.0', 3: '1.842015749320195', 4: 562.0320928700074} 
{0: '0.8037383177570093', 1: '0.0', 2: '0.0', 3: '1.958045020027179', 4: 558.9193062491181} 
{0: '0.8043478260869565', 1: '0.0', 2: '0.0', 3: '2.081383018504685', 4: 560.4430337395889} 
{0: '0.804953560371517', 1: '0.0', 2: '0.0', 3: '2.212490124287102', 4: 558.5725883363604} 
{0: '0.8024691358024691', 1: '0.0', 2: '0.0', 3: '2.212490124287102', 4: 560.2703118259352} 
{0: '0.803076923076923', 1: '0.0', 2: '0.0', 3: '2.081383018504685', 4: 564.691485654539} 
{0: '0.803680981595092', 1: '0.0', 2: '0.0', 3: '1.958045020027179', 4: 563.6245412390736} 
{0: '0.8042813455657493', 1: '0.0', 2: '0.0', 3: '1.842015749320195', 4: 562.6712723713817} 
{0: '0.8048780487804879', 1: '0.0', 2: '0.0', 3: '1.7328621078878674', 4: 563.571875176728} 
{0: '0.8054711246200608', 1: '0.0', 2: '0.0', 3: '1.6301766616608926', 4: 560.9239061319947} 
{0: '0.806060606060606', 1: '0.0', 2: '0.0', 3: '1.5335761201812925', 4: 561.9210954381595} 
{0: '0.8066465256797583', 1: '0.0', 2: '0.0', 3: '1.4426999059072143', 4: 558.1333924458545} 
{0: '0.8042168674698795', 1: '0.0', 2: '0.0', 3: '1.4426999059072143', 4: 562.930160846572} 
{0: '0.8048048048048048', 1: '0.0', 2: '0.0', 3: '1.5335761201812925', 4: 555.658773637243} 
{0: '0.8023952095808383', 1: '0.0', 2: '0.0', 3: '1.5335761201812925', 4: 567.723599313071} 
{0: '0.8', 1: '0.0', 2: '0.0', 3: '1.5335761201812925', 4: 560.3468195653052} 
{0: '0.8005952380952381', 1: '0.0', 2: '0.0', 3: '1.6301766616608926', 4: 557.4163098557926} 
{0: '0.8011869436201781', 1: '0.0', 2: '0.0', 3: '1.7328621078878674', 4: 567.256768764176} 
{0: '0.8017751479289941', 1: '0.0', 2: '0.0', 3: '1.842015749320195', 4: 564.6324733027463} 
{0: '0.8023598820058997', 1: '0.0', 2: '0.0', 3: '1.958045020027179', 4: 562.4511166305998} 
{0: '0.8029411764705883', 1: '0.0', 2: '0.0', 3: '2.081383018504685', 4: 559.297326078977} 
{0: '0.8035190615835777', 1: '0.0', 2: '0.0', 3: '2.212490124287102', 4: 569.5100039742885} 
{0: '0.804093567251462', 1: '0.0', 2: '0.0', 3: '2.351855716390306', 4: 566.6658952363853} 
{0: '0.8017492711370262', 1: '0.0', 2: '0.0', 3: '2.351855716390306', 4: 562.4893648831594} 
{0: '0.8023255813953488', 1: '0.0', 2: '0.0', 3: '2.212490124287102', 4: 567.4642310967514} 
{0: '0.8028985507246377', 1: '0.0', 2: '0.0', 3: '2.081383018504685', 4: 573.3849140453722} 
{0: '0.8005780346820809', 1: '0.0', 2: '0.0', 3: '2.081383018504685', 4: 562.193065855128} 
{0: '0.8011527377521613', 1: '0.0', 2: '0.0', 3: '2.212490124287102', 4: 565.012933537768} 
{0: '0.7988505747126436', 1: '0.0', 2: '0.0', 3: '2.212490124287102', 4: 566.4357303875569} 
{0: '0.7994269340974212', 1: '0.0', 2: '0.0', 3: '2.081383018504685', 4: 562.108801056742} 
{0: '0.8', 1: '0.0', 2: '0.0', 3: '1.958045020027179', 4: 559.7436261898488} 
{0: '0.8005698005698005', 1: '0.0', 2: '0.0', 3: '1.842015749320195', 4: 559.0390007734936} 
{0: '0.8011363636363636', 1: '0.0', 2: '0.0', 3: '1.7328621078878674', 4: 562.7801667912588} 
{0: '0.8016997167138811', 1: '0.0', 2: '0.0', 3: '1.6301766616608926', 4: 557.1720341934541} 
{0: '0.8022598870056498', 1: '0.0', 2: '0.0', 3: '1.5335761201812925', 4: 563.5840887547731} 
{0: '0.8028169014084507', 1: '0.0', 2: '0.0', 3: '1.4426999059072143', 4: 559.4551190713496} 
{0: '0.800561797752809', 1: '0.0', 2: '0.0', 3: '1.4426999059072143', 4: 558.4804330490746} 
{0: '0.7983193277310925', 1: '0.0', 2: '0.0', 3: '1.4426999059072143', 4: 559.0801158004033} 
{0: '0.7960893854748603', 1: '0.0', 2: '0.0', 3: '1.4426999059072143', 4: 555.2778775098235} 
{0: '0.7966573816155988', 1: '0.0', 2: '0.0', 3: '1.5335761201812925', 4: 555.5952423296362} 
{0: '0.7972222222222223', 1: '0.0', 2: '0.0', 3: '1.6301766616608926', 4: 560.3463059611797} 
{0: '0.7977839335180056', 1: '0.0', 2: '0.0', 3: '1.7328621078878674', 4: 562.557937334243} 
{0: '0.7955801104972375', 1: '0.0', 2: '0.0', 3: '1.7328621078878674', 4: 559.3936030963772} 
{0: '0.7933884297520661', 1: '0.0', 2: '0.0', 3: '1.7328621078878674', 4: 563.6115923518973} 
{0: '0.7939560439560439', 1: '0.0', 2: '0.0', 3: '1.842015749320195', 4: 558.5479781442846} 
{0: '0.7917808219178082', 1: '0.0', 2: '0.0', 3: '1.842015749320195', 4: 560.9583475928315} 
{0: '0.7923497267759563', 1: '0.0', 2: '0.0', 3: '1.7328621078878674', 4: 557.4896224528871} 
{0: '0.7929155313351499', 1: '0.0', 2: '0.0', 3: '1.6301766616608926', 4: 560.0521380319634} 
{0: '0.7934782608695652', 1: '0.0', 2: '0.0', 3: '1.5335761201812925', 4: 556.2666390808781} 
{0: '0.7940379403794038', 1: '0.0', 2: '0.0', 3: '1.4426999059072143', 4: 560.6722896608095} 
{0: '0.7945945945945946', 1: '0.0', 2: '0.0', 3: '1.3572088082974538', 4: 558.6726836023369} 
{0: '0.7951482479784366', 1: '0.0', 2: '0.0', 3: '1.2767837176518553', 4: 565.9626615890546} 
{0: '0.793010752688172', 1: '0.0', 2: '0.0', 3: '1.2767837176518553', 4: 558.0494939004357} 
{0: '0.7935656836461126', 1: '0.0', 2: '0.0', 3: '1.3572088082974538', 4: 559.4172842066575} 
{0: '0.7941176470588235', 1: '0.0', 2: '0.0', 3: '1.4426999059072143', 4: 560.0296113963561} 
{0: '0.7946666666666666', 1: '0.0', 2: '0.0', 3: '1.5335761201812925', 4: 560.761813302177} 
{0: '0.7952127659574468', 1: '0.0', 2: '0.0', 3: '1.6301766616608926', 4: 559.1377768645273} 
{0: '0.7957559681697612', 1: '0.0', 2: '0.0', 3: '1.7328621078878674', 4: 571.7836814517915} 
{0: '0.7962962962962963', 1: '0.0', 2: '0.0', 3: '1.842015749320195', 4: 564.8807666552588} 
{0: '0.7968337730870713', 1: '0.0', 2: '0.0', 3: '1.958045020027179', 4: 560.7239865490799} 
{0: '0.7973684210526316', 1: '0.0', 2: '0.0', 3: '2.081383018504685', 4: 559.8285472918828} 
{0: '0.7952755905511811', 1: '0.0', 2: '0.0', 3: '2.081383018504685', 4: 561.9992312381535} 
{0: '0.7958115183246073', 1: '0.0', 2: '0.0', 3: '1.958045020027179', 4: 563.2041143473557} 
{0: '0.7963446475195822', 1: '0.0', 2: '0.0', 3: '1.842015749320195', 4: 562.2456571299953} 
{0: '0.796875', 1: '0.0', 2: '0.0', 3: '1.7328621078878674', 4: 568.5822891837709} 
{0: '0.7948051948051948', 1: '0.0', 2: '0.0', 3: '1.7328621078878674', 4: 564.2216617692523} 
{0: '0.7953367875647669', 1: '0.0', 2: '0.0', 3: '1.842015749320195', 4: 566.8183806786691} 
{0: '0.7958656330749354', 1: '0.0', 2: '0.0', 3: '1.958045020027179', 4: 570.176610805175} 
{0: '0.7938144329896907', 1: '0.0', 2: '0.0', 3: '1.958045020027179', 4: 562.8187946409757} 
{0: '0.794344473007712', 1: '0.0', 2: '0.0', 3: '1.842015749320195', 4: 558.6960677987311} 
{0: '0.7948717948717948', 1: '0.0', 2: '0.0', 3: '1.7328621078878674', 4: 565.6423428052593} 
{0: '0.7953964194373402', 1: '0.0', 2: '0.0', 3: '1.6301766616608926', 4: 562.1783351043566} 
{0: '0.7959183673469388', 1: '0.0', 2: '0.0', 3: '1.5335761201812925', 4: 562.8499288587104} 
{0: '0.7964376590330788', 1: '0.0', 2: '0.0', 3: '1.4426999059072143', 4: 557.2551573130966} 
{0: '0.7969543147208121', 1: '0.0', 2: '0.0', 3: '1.3572088082974538', 4: 560.5735744378727} 
{0: '0.7974683544303798', 1: '0.0', 2: '0.0', 3: '1.2767837176518553', 4: 557.3028741888281} 
{0: '0.797979797979798', 1: '0.0', 2: '0.0', 3: '1.2011244339814315', 4: 554.8878361640285} 
{0: '0.7959697732997482', 1: '0.0', 2: '0.0', 3: '1.2011244339814315', 4: 573.1180965321365} 
{0: '0.7964824120603015', 1: '0.0', 2: '0.0', 3: '1.2767837176518553', 4: 559.9515135016524} 
{0: '0.7969924812030075', 1: '0.0', 2: '0.0', 3: '1.3572088082974538', 4: 560.0326493456488} 
{0: '0.7975', 1: '0.0', 2: '0.0', 3: '1.4426999059072143', 4: 559.3052750216963} 
{0: '0.7955112219451371', 1: '0.0', 2: '0.0', 3: '1.4426999059072143', 4: 554.9798828525455} 
{0: '0.7960199004975125', 1: '0.0', 2: '0.0', 3: '1.3572088082974538', 4: 559.3499155160525} 
{0: '0.7965260545905707', 1: '0.0', 2: '0.0', 3: '1.2767837176518553', 4: 559.7626526731192} 
{0: '0.7970297029702971', 1: '0.0', 2: '0.0', 3: '1.2011244339814315', 4: 559.2207135909414} 
{0: '0.7975308641975308', 1: '0.0', 2: '0.0', 3: '1.1299485464621188', 4: 556.3700038574316} 
{0: '0.7955665024630542', 1: '0.0', 2: '0.0', 3: '1.1299485464621188', 4: 561.1972078572692} 
{0: '0.7960687960687961', 1: '0.0', 2: '0.0', 3: '1.2011244339814315', 4: 560.5266487371721} 
{0: '0.7965686274509803', 1: '0.0', 2: '0.0', 3: '1.2767837176518553', 4: 558.4349782281191} 
{0: '0.7970660146699267', 1: '0.0', 2: '0.0', 3: '1.3572088082974538', 4: 557.731454133703} 
{0: '0.7951219512195122', 1: '0.0', 2: '0.0', 3: '1.3572088082974538', 4: 559.2849542323859} 
{0: '0.7956204379562044', 1: '0.0', 2: '0.0', 3: '1.2767837176518553', 4: 556.1235752236364} 
{0: '0.7936893203883495', 1: '0.0', 2: '0.0', 3: '1.2767837176518553', 4: 562.3109493781611} 
{0: '0.7941888619854721', 1: '0.0', 2: '0.0', 3: '1.3572088082974538', 4: 564.8608865175456} 
{0: '0.7946859903381642', 1: '0.0', 2: '0.0', 3: '1.4426999059072143', 4: 556.7362804670367} 
{0: '0.7951807228915663', 1: '0.0', 2: '0.0', 3: '1.5335761201812925', 4: 561.7868822098511} 
{0: '0.7956730769230769', 1: '0.0', 2: '0.0', 3: '1.6301766616608926', 4: 570.0987091633976} 
{0: '0.7961630695443646', 1: '0.0', 2: '0.0', 3: '1.7328621078878674', 4: 559.4190345381684} 
{0: '0.7966507177033493', 1: '0.0', 2: '0.0', 3: '1.842015749320195', 4: 563.6854509234113} 
{0: '0.7971360381861575', 1: '0.0', 2: '0.0', 3: '1.958045020027179', 4: 559.4645543122116} 
{0: '0.7976190476190477', 1: '0.0', 2: '0.0', 3: '2.081383018504685', 4: 561.4438856550221} 
{0: '0.7980997624703088', 1: '0.0', 2: '0.0', 3: '2.212490124287102', 4: 560.1819922455111} 
{0: '0.7985781990521327', 1: '0.0', 2: '0.0', 3: '2.351855716390306', 4: 570.8534785871259} 
{0: '0.7966903073286052', 1: '0.0', 2: '0.0', 3: '2.351855716390306', 4: 558.0682912744995} 
{0: '0.7971698113207547', 1: '0.0', 2: '0.0', 3: '2.212490124287102', 4: 588.3158064509886} 
{0: '0.7952941176470588', 1: '0.0', 2: '0.0', 3: '2.212490124287102', 4: 565.1199228670489} 
{0: '0.795774647887324', 1: '0.0', 2: '0.0', 3: '2.351855716390306', 4: 578.0804533667549} 
{0: '0.7962529274004684', 1: '0.0', 2: '0.0', 3: '2.500000000000003', 4: 575.5999433788918} 
{0: '0.794392523364486', 1: '0.0', 2: '0.0', 3: '2.500000000000003', 4: 562.5853023700278} 
{0: '0.7948717948717948', 1: '0.0', 2: '0.0', 3: '2.351855716390306', 4: 564.7470605889987} 
{0: '0.7953488372093023', 1: '0.0', 2: '0.0', 3: '2.212490124287102', 4: 561.4163717890974} 
{0: '0.7958236658932715', 1: '0.0', 2: '0.0', 3: '2.081383018504685', 4: 556.954554616504} 
{0: '0.7962962962962963', 1: '0.0', 2: '0.0', 3: '1.958045020027179', 4: 562.6696701938716} 
{0: '0.7967667436489607', 1: '0.0', 2: '0.0', 3: '1.842015749320195', 4: 559.7722031597564} 
{0: '0.7972350230414746', 1: '0.0', 2: '0.0', 3: '1.7328621078878674', 4: 564.6858041456968} 
{0: '0.7977011494252874', 1: '0.0', 2: '0.0', 3: '1.6301766616608926', 4: 558.1065190915382} 
{0: '0.7981651376146789', 1: '0.0', 2: '0.0', 3: '1.5335761201812925', 4: 557.9605366503848} 
{0: '0.7986270022883295', 1: '0.0', 2: '0.0', 3: '1.4426999059072143', 4: 565.9777605987744} 
{0: '0.7990867579908676', 1: '0.0', 2: '0.0', 3: '1.3572088082974538', 4: 564.9107004112321} 
{0: '0.7972665148063781', 1: '0.0', 2: '0.0', 3: '1.3572088082974538', 4: 555.3207877312725} 
{0: '0.7954545454545454', 1: '0.0', 2: '0.0', 3: '1.3572088082974538', 4: 558.7142418674464} 
{0: '0.7936507936507936', 1: '0.0', 2: '0.0', 3: '1.3572088082974538', 4: 558.7012680811067} 
{0: '0.7941176470588235', 1: '0.0', 2: '0.0', 3: '1.4426999059072143', 4: 562.9912477710562} 
{0: '0.7945823927765236', 1: '0.0', 2: '0.0', 3: '1.5335761201812925', 4: 564.9659868331768} 
{0: '0.795045045045045', 1: '0.0', 2: '0.0', 3: '1.6301766616608926', 4: 562.1128033272405} 
{0: '0.7955056179775281', 1: '0.0', 2: '0.0', 3: '1.7328621078878674', 4: 556.8521762756122} 
{0: '0.7937219730941704', 1: '0.0', 2: '0.0', 3: '1.7328621078878674', 4: 564.1239236006393} 
{0: '0.7941834451901566', 1: '0.0', 2: '0.0', 3: '1.6301766616608926', 4: 571.285204450108} 
{0: '0.7924107142857143', 1: '0.0', 2: '0.0', 3: '1.6301766616608926', 4: 558.8218055787545} 
{0: '0.7928730512249443', 1: '0.0', 2: '0.0', 3: '1.7328621078878674', 4: 562.5231679981691} 
{0: '0.7933333333333333', 1: '0.0', 2: '0.0', 3: '1.842015749320195', 4: 573.1621901256418} 
{0: '0.7937915742793792', 1: '0.0', 2: '0.0', 3: '1.958045020027179', 4: 561.86735078629} 
{0: '0.7942477876106194', 1: '0.0', 2: '0.0', 3: '2.081383018504685', 4: 563.4708301925543} 
{0: '0.7947019867549668', 1: '0.0', 2: '0.0', 3: '2.212490124287102', 4: 569.5383316300679} 
{0: '0.7951541850220264', 1: '0.0', 2: '0.0', 3: '2.351855716390306', 4: 556.9116227200783} 
{0: '0.7934065934065934', 1: '0.0', 2: '0.0', 3: '2.351855716390306', 4: 565.639096975322} 
{0: '0.793859649122807', 1: '0.0', 2: '0.0', 3: '2.212490124287102', 4: 559.8149779540852} 
{0: '0.7943107221006565', 1: '0.0', 2: '0.0', 3: '2.081383018504685', 4: 568.9999210048187} 
{0: '0.7947598253275109', 1: '0.0', 2: '0.0', 3: '1.958045020027179', 4: 573.3802507802097} 
{0: '0.7952069716775599', 1: '0.0', 2: '0.0', 3: '1.842015749320195', 4: 563.83265728875} 
{0: '0.7956521739130434', 1: '0.0', 2: '0.0', 3: '1.7328621078878674', 4: 556.2357260529113} 
{0: '0.7939262472885033', 1: '0.0', 2: '0.0', 3: '1.7328621078878674', 4: 557.6737488447668} 
{0: '0.7943722943722944', 1: '0.0', 2: '0.0', 3: '1.842015749320195', 4: 564.8462028300837} 
{0: '0.7948164146868251', 1: '0.0', 2: '0.0', 3: '1.958045020027179', 4: 559.7659589761411} 
{0: '0.7931034482758621', 1: '0.0', 2: '0.0', 3: '1.958045020027179', 4: 564.5525271595017} 
{0: '0.7935483870967742', 1: '0.0', 2: '0.0', 3: '1.842015749320195', 4: 563.2393178938487} 
{0: '0.7939914163090128', 1: '0.0', 2: '0.0', 3: '1.7328621078878674', 4: 556.4165193685238} 
{0: '0.7944325481798715', 1: '0.0', 2: '0.0', 3: '1.6301766616608926', 4: 564.2854205497777} 
{0: '0.7948717948717948', 1: '0.0', 2: '0.0', 3: '1.5335761201812925', 4: 560.4724952569646} 
{0: '0.7953091684434968', 1: '0.0', 2: '0.0', 3: '1.4426999059072143', 4: 561.2480509318558} 
{0: '0.7957446808510639', 1: '0.0', 2: '0.0', 3: '1.3572088082974538', 4: 564.7631309704462} 
{0: '0.7961783439490446', 1: '0.0', 2: '0.0', 3: '1.2767837176518553', 4: 553.694609754462} 
{0: '0.7944915254237288', 1: '0.0', 2: '0.0', 3: '1.2767837176518553', 4: 560.7136649865569} 
{0: '0.7949260042283298', 1: '0.0', 2: '0.0', 3: '1.3572088082974538', 4: 557.75227548912} 
{0: '0.7932489451476793', 1: '0.0', 2: '0.0', 3: '1.3572088082974538', 4: 556.8962350701721} 
{0: '0.7936842105263158', 1: '0.0', 2: '0.0', 3: '1.2767837176518553', 4: 561.3317027320609} 
{0: '0.7941176470588235', 1: '0.0', 2: '0.0', 3: '1.2011244339814315', 4: 572.4398685475752} 
{0: '0.7924528301886793', 1: '0.0', 2: '0.0', 3: '1.2011244339814315', 4: 557.2606973949751} 
{0: '0.7928870292887029', 1: '0.0', 2: '0.0', 3: '1.2767837176518553', 4: 561.5183745026951} 
{0: '0.791231732776618', 1: '0.0', 2: '0.0', 3: '1.2767837176518553', 4: 563.7311259258829} 
{0: '0.7916666666666666', 1: '0.0', 2: '0.0', 3: '1.2011244339814315', 4: 559.8339121740478} 
{0: '0.7900207900207901', 1: '0.0', 2: '0.0', 3: '1.2011244339814315', 4: 557.3506805660197} 
{0: '0.7904564315352697', 1: '0.0', 2: '0.0', 3: '1.2767837176518553', 4: 563.3456285646431} 
{0: '0.7908902691511387', 1: '0.0', 2: '0.0', 3: '1.3572088082974538', 4: 565.2536036542652} 
{0: '0.7913223140495868', 1: '0.0', 2: '0.0', 3: '1.4426999059072143', 4: 558.2028876949953} 
{0: '0.7917525773195876', 1: '0.0', 2: '0.0', 3: '1.5335761201812925', 4: 555.4194049783068} 
{0: '0.7921810699588477', 1: '0.0', 2: '0.0', 3: '1.6301766616608926', 4: 562.8819313573608} 
{0: '0.7926078028747433', 1: '0.0', 2: '0.0', 3: '1.7328621078878674', 4: 556.5365208364353} 
{0: '0.7930327868852459', 1: '0.0', 2: '0.0', 3: '1.842015749320195', 4: 556.4916108713777} 
{0: '0.7914110429447853', 1: '0.0', 2: '0.0', 3: '1.842015749320195', 4: 564.680095545791} 
{0: '0.7918367346938775', 1: '0.0', 2: '0.0', 3: '1.7328621078878674', 4: 570.322255869201} 
{0: '0.7922606924643585', 1: '0.0', 2: '0.0', 3: '1.6301766616608926', 4: 556.0636000938194} 
{0: '0.7926829268292683', 1: '0.0', 2: '0.0', 3: '1.5335761201812925', 4: 557.7848236931387} 
{0: '0.7931034482758621', 1: '0.0', 2: '0.0', 3: '1.4426999059072143', 4: 558.585930771295} 
{0: '0.7935222672064778', 1: '0.0', 2: '0.0', 3: '1.3572088082974538', 4: 558.50564281116} 
{0: '0.7919191919191919', 1: '0.0', 2: '0.0', 3: '1.3572088082974538', 4: 553.871846969128} 
{0: '0.7923387096774194', 1: '0.0', 2: '0.0', 3: '1.4426999059072143', 4: 573.7052557392055} 
{0: '0.7927565392354124', 1: '0.0', 2: '0.0', 3: '1.5335761201812925', 4: 568.3942961078993} 
{0: '0.7931726907630522', 1: '0.0', 2: '0.0', 3: '1.6301766616608926', 4: 561.38016507668} 
{0: '0.7935871743486974', 1: '0.0', 2: '0.0', 3: '1.7328621078878674', 4: 558.154144852222} 
