{'STAT2HEADER': 'STAT2HEADER', 'STAT2HEADER_ENVIRON': 'environ({\'OMPI_MCA_pmix\': \'^s1,s2,cray,isolated\', \'PMIX_MCA_mca_base_component_show_load_errors\': \'1\', \'OMPI_COMMAND\': \'python3\', \'OMPI_ARGV\': \'static_snapshot.py 2 1min\', \'OMPI_MCA_orte_precondition_transports\': \'083df4679e2fda29-8a05549859e99874\', \'LD_LIBRARY_PATH\': \'/salilab/diva1/programs/x86_64linux/numpy-py36-1.19.5/lib:/salilab/diva1/home/libs/x86_64/centos8:/salilab/diva1/home/libs/x86_64:/salilab/diva1/home/imp/main/20240607-af6f9d6a95/lib/release8:/salilab/diva1/programs/x86_64linux/opencv-4.3.0/lib64/rhel:/salilab/diva1/programs/x86_64linux/opencv-4.3.0/lib64:/salilab/diva1/programs/x86_64linux/hdf5-1.10.7/lib:/salilab/diva1/programs/x86_64linux/libtau-py27-1.0.1/lib64:/salilab/diva1/programs/x86_64linux/boost-1.73.0/lib64:/usr/lib64/openmpi/lib:/wynton/group/sali/miha_rozic/Software/imp-develop/build/lib::\', \'IMP_TMP_DIR\': \'/wynton/group/sali/miha_rozic/Software/imp-develop/build/tmp\', \'PE_HOSTFILE\': \'/var/spool/sge/wynton/qb3-id200/active_jobs/708576.1/pe_hostfile\', \'__LMOD_REF_COUNT_PATH\': \'/salilab/diva1/programs/x86_64linux/numpy-py36-1.19.5/bin:1;/salilab/diva1/home/imp/main/20240607-af6f9d6a95/bin/release8:1;/salilab/diva1/programs/x86_64linux/opencv-4.3.0/bin:1;/salilab/diva1/programs/x86_64linux/hdf5-1.10.7/bin:1;/usr/lib64/openmpi/bin:1;/wynton/home/sali/rozicmiha/.local/bin:1;/wynton/home/sali/rozicmiha/bin:1;/wynton/group/sali/miha_rozic/Software/imp-develop/build/bin:1;/wynton/group/sali/miha_rozic/Software/imp-develop/build/module_bin/EMageFit:1;/wynton/group/sali/miha_rozic/Software/imp-develop/build/module_bin/algebra:1;/wynton/group/sali/miha_rozic/Software/imp-develop/build/module_bin/atom:1;/wynton/group/sali/miha_rozic/Software/imp-develop/build/module_bin/benchmark:1;/wynton/group/sali/miha_rozic/Software/imp-develop/build/module_bin/cgal:1;/wynton/group/sali/miha_rozic/Software/imp-develop/build/module_bin/cnmultifit:1;/wynton/group/sali/miha_rozic/Software/imp-develop/build/module_bin/container:1;/wynton/group/sali/miha_rozic/Software/imp-develop/build/module_bin/core:1;/wynton/group/sali/miha_rozic/Software/imp-develop/build/module_bin/display:1;/wynton/group/sali/miha_rozic/Software/imp-develop/build/module_bin/domino:1;/wynton/group/sali/miha_rozic/Software/imp-develop/build/module_bin/em:1;/wynton/group/sali/miha_rozic/Software/imp-develop/build/module_bin/em2d:1;/wynton/group/sali/miha_rozic/Software/imp-develop/build/module_bin/example:1;/wynton/group/sali/miha_rozic/Software/imp-develop/build/module_bin/foxs:1;/wynton/group/sali/miha_rozic/Software/imp-develop/build/module_bin/gsl:1;/wynton/group/sali/miha_rozic/Software/imp-develop/build/module_bin/integrative_docking:1;/wynton/group/sali/miha_rozic/Software/imp-develop/build/module_bin/isd:1;/wynton/group/sali/miha_rozic/Software/imp-develop/build/module_bin/kernel:1;/wynton/group/sali/miha_rozic/Software/imp-develop/build/module_bin/kinematics:1;/wynton/group/sali/miha_rozic/Software/imp-develop/build/module_bin/kmeans:1;/wynton/group/sali/miha_rozic/Software/imp-develop/build/module_bin/misc:1;/wynton/group/sali/miha_rozic/Software/imp-develop/build/module_bin/mmcif:1;/wynton/group/sali/miha_rozic/Software/imp-develop/build/module_bin/modeller:1;/wynton/group/sali/miha_rozic/Software/imp-develop/build/module_bin/mpi:1;/wynton/group/sali/miha_rozic/Software/imp-develop/build/module_bin/multi_state:1;/wynton/group/sali/miha_rozic/Software/imp-develop/build/module_bin/multifit:1;/wynton/group/sali/miha_rozic/Software/imp-develop/build/module_bin/npc:1;/wynton/group/sali/miha_rozic/Software/imp-develop/build/module_bin/npcassembly:1;/wynton/group/sali/miha_rozic/Software/imp-develop/build/module_bin/parallel:1;/wynton/group/sali/miha_rozic/Software/imp-develop/build/module_bin/pepdock:1;/wynton/group/sali/miha_rozic/Software/imp-develop/build/module_bin/pmi:1;/wynton/group/sali/miha_rozic/Software/imp-develop/build/module_bin/rmf:1;/wynton/group/sali/miha_rozic/Software/imp-develop/build/module_bin/rotamer:1;/wynton/group/sali/miha_rozic/Software/imp-develop/build/module_bin/saxs:1;/wynton/group/sali/miha_rozic/Software/imp-develop/build/module_bin/saxs_merge:1;/wynton/group/sali/miha_rozic/Software/imp-develop/build/module_bin/score_functor:1;/wynton/group/sali/miha_rozic/Software/imp-develop/build/module_bin/scratch:1;/wynton/group/sali/miha_rozic/Software/imp-develop/build/module_bin/spb:1;/wynton/group/sali/miha_rozic/Software/imp-develop/build/module_bin/statistics:1;/wynton/group/sali/miha_rozic/Software/imp-develop/build/module_bin/symmetry:1;/wynton/group/sali/miha_rozic/Software/imp-develop/build/module_bin/test:1;/opt/sge/bin:1;/opt/sge/bin/lx-amd64:1;/scratch/708576.1.member.q:1;/usr/local/bin:1;/bin:1;/usr/bin:1;/usr/local/sbin:1;/usr/sbin:1\', \'_ModuleTable002_\': \'fSwKc3RhY2tEZXB0aCA9IDEsCnN0YXR1cyA9ICJhY3RpdmUiLAp1c2VyTmFtZSA9ICJib29zdC8xLjczLjAiLAp3ViA9ICIwMDAwMDAwMDEuMDAwMDAwMDczLip6ZmluYWwiLAp9LApoZGY1ID0gewpmbiA9ICIvc2FsaWxhYi9kaXZhMS9ob21lL21vZHVsZXMvaGRmNS8xLjEwLjciLApmdWxsTmFtZSA9ICJoZGY1LzEuMTAuNyIsCmxvYWRPcmRlciA9IDUsCnByb3BUID0ge30sCnN0YWNrRGVwdGggPSAyLApzdGF0dXMgPSAiYWN0aXZlIiwKdXNlck5hbWUgPSAiaGRmNS8xLjEwLjciLAp3ViA9ICIwMDAwMDAwMDEuMDAwMDAwMDEwLjAwMDAwMDAwNy4qemZpbmFsIiwKfSwKaW1wID0gewpmbiA9ICIvc2FsaWxhYi9kaXZhMS9ob21lL21vZHVsZXMvaW1wLzIuMjEuMCIsCmZ1bGxO\', \'IMP_DIR\': \'/salilab/diva1/home/imp/main/20240607-af6f9d6a95/lib/release8/cmake/IMP\', \'QUEUE\': \'member.q\', \'GOTO_NUM_THREADS\': \'1\', \'MPI_PYTHON3_SITEARCH\': \'/usr/lib64/python3.6/site-packages/openmpi\', \'LANG\': \'en_US.UTF-8\', \'HISTCONTROL\': \'ignoredups\', \'_ModuleTable008_\': \'cyIsCmZ1bGxOYW1lID0gInNhbGktbGlicmFyaWVzIiwKbG9hZE9yZGVyID0gOCwKcHJvcFQgPSB7fSwKc3RhY2tEZXB0aCA9IDEsCnN0YXR1cyA9ICJhY3RpdmUiLAp1c2VyTmFtZSA9ICJzYWxpLWxpYnJhcmllcyIsCndWID0gIk0uKnpmaW5hbCIsCn0sCn0sCm1wYXRoQSA9IHsKIi9zYWxpbGFiL2RpdmExL2hvbWUvbW9kdWxlcyIsICIvZXRjL21vZHVsZWZpbGVzIiwgIi91c3Ivc2hhcmUvbW9kdWxlZmlsZXMiCiwgIi91c3Ivc2hhcmUvbW9kdWxlZmlsZXMvTGludXgiLCAiL3Vzci9zaGFyZS9tb2R1bGVmaWxlcy9Db3JlIiwgIi91c3Ivc2hhcmUvbG1vZC9sbW9kL21vZHVsZWZpbGVzL0NvcmUiLAp9LApzeXN0ZW1CYXNlTVBBVEggPSAiL2V0Yy9tb2R1bGVmaWxlczovdXNy\', \'SGE_O_HOST\': \'dev1\', \'HOSTNAME\': \'qb3-id200.wynton.ucsf.edu\', \'OPENBLAS_NUM_THREADS\': \'1\', \'__LMOD_REF_COUNT_CMAKE_INCLUDE_PATH\': \'/salilab/diva1/programs/x86_64linux/opencv-4.3.0/include/opencv4:1;/salilab/diva1/programs/x86_64linux/hdf5-1.10.7/include:1;/salilab/diva1/programs/x86_64linux/libtau-py27-1.0.1/include:1;/salilab/diva1/programs/x86_64linux/boost-1.73.0/include:1\', \'SGE_RSH_COMMAND\': \'builtin\', \'ENVIRONMENT\': \'BATCH\', \'IMP_DATA\': \'/wynton/group/sali/miha_rozic/Software/imp-develop/build/data\', \'REQUEST\': \'test1\', \'SGE_STDIN_PATH\': \'/dev/null\', \'SGE_CELL\': \'wynton\', \'_ModuleTable007_\': \'MjEuMyIsCndWID0gIjAwMDAwMDAwMC4wMDAwMDAwMjEuMDAwMDAwMDAzLip6ZmluYWwiLAp9LApbInB5dGhvbjMvc2NpcHkiXSA9IHsKZm4gPSAiL3NhbGlsYWIvZGl2YTEvaG9tZS9tb2R1bGVzL3B5dGhvbjMvc2NpcHkvMS4zLjIiLApmdWxsTmFtZSA9ICJweXRob24zL3NjaXB5LzEuMy4yIiwKbG9hZE9yZGVyID0gMTAsCnByb3BUID0ge30sCnN0YWNrRGVwdGggPSAxLApzdGF0dXMgPSAiYWN0aXZlIiwKdXNlck5hbWUgPSAicHl0aG9uMy9zY2lweS8xLjMuMiIsCndWID0gIjAwMDAwMDAwMS4wMDAwMDAwMDMuMDAwMDAwMDAyLip6ZmluYWwiLAp9LApbInNhbGktbGlicmFyaWVzIl0gPSB7CmZuID0gIi9zYWxpbGFiL2RpdmExL2hvbWUvbW9kdWxlcy9zYWxpLWxpYnJhcmll\', \'CMAKE_INCLUDE_PATH\': \'/salilab/diva1/programs/x86_64linux/opencv-4.3.0/include/opencv4:/salilab/diva1/programs/x86_64linux/hdf5-1.10.7/include:/salilab/diva1/programs/x86_64linux/libtau-py27-1.0.1/include:/salilab/diva1/programs/x86_64linux/boost-1.73.0/include\', \'__LMOD_REF_COUNT_LD_LIBRARY_PATH\': \'/salilab/diva1/programs/x86_64linux/numpy-py36-1.19.5/lib:1;/salilab/diva1/home/libs/x86_64/centos8:1;/salilab/diva1/home/libs/x86_64:1;/salilab/diva1/home/imp/main/20240607-af6f9d6a95/lib/release8:1;/salilab/diva1/programs/x86_64linux/opencv-4.3.0/lib64/rhel:1;/salilab/diva1/programs/x86_64linux/opencv-4.3.0/lib64:1;/salilab/diva1/programs/x86_64linux/hdf5-1.10.7/lib:1;/salilab/diva1/programs/x86_64linux/libtau-py27-1.0.1/lib64:1;/salilab/diva1/programs/x86_64linux/boost-1.73.0/lib64:1;/usr/lib64/openmpi/lib:1;/wynton/group/sali/miha_rozic/Software/imp-develop/build/lib:2;:1\', \'__LMOD_REF_COUNT_PKG_CONFIG_PATH\': \'/usr/lib64/openmpi/lib/pkgconfig:1\', \'_ModuleTable004_\': \'aGFyZS9tb2R1bGVmaWxlcy9tcGkvb3Blbm1waS14ODZfNjQiLApmdWxsTmFtZSA9ICJtcGkvb3Blbm1waS14ODZfNjQiLApsb2FkT3JkZXIgPSAyLApwcm9wVCA9IHt9LApzdGFja0RlcHRoID0gMCwKc3RhdHVzID0gImFjdGl2ZSIsCnVzZXJOYW1lID0gIm1waS9vcGVubXBpLXg4Nl82NCIsCndWID0gIipvcGVubXBpLip4LjAwMDAwMDA4Ni4qXy4wMDAwMDAwNjQuKnpmaW5hbCIsCn0sCm9wZW5jdiA9IHsKZm4gPSAiL3NhbGlsYWIvZGl2YTEvaG9tZS9tb2R1bGVzL29wZW5jdi80LjMuMCIsCmZ1bGxOYW1lID0gIm9wZW5jdi80LjMuMCIsCmxvYWRPcmRlciA9IDYsCnByb3BUID0ge30sCnN0YWNrRGVwdGggPSAxLApzdGF0dXMgPSAiYWN0aXZlIiwKdXNlck5hbWUgPSAib3Bl\', \'__LMOD_REF_COUNT_PYTHONPATH\': \'/salilab/diva1/programs/x86_64linux/scikit-py36-0.21.3/lib64/python3.6/site-packages:1;/salilab/diva1/programs/linux/joblib-0.17.0/lib/python3.6/site-packages:1;/salilab/diva1/programs/x86_64linux/scipy-py36-1.3.2/lib64/python3.6/site-packages:1;/salilab/diva1/programs/x86_64linux/numpy-py36-1.19.5/lib64/python3.6/site-packages:1;/salilab/diva1/home/imp/main/20240607-af6f9d6a95/lib/release8:1;/salilab/diva1/programs/x86_64linux/opencv-4.3.0/lib/python3.6/site-packages:1;/wynton/group/sali/miha_rozic/Software/imp-develop/build/lib:2;:1\', \'which_declare\': \'declare -f\', \'NHOSTS\': \'1\', \'SGE_O_WORKDIR\': \'/wynton/group/sali/miha_rozic/Input_information/SNAPSHOTS/central_directory/snapshot2_1min/run7\', \'USER\': \'rozicmiha\', \'SGE_TASK_ID\': \'undefined\', \'__LMOD_REF_COUNT_CMAKE_LIBRARY_PATH\': \'/salilab/diva1/programs/x86_64linux/opencv-4.3.0/lib64:1;/salilab/diva1/programs/x86_64linux/hdf5-1.10.7/lib:1;/salilab/diva1/programs/x86_64linux/libtau-py27-1.0.1/lib64:1;/salilab/diva1/programs/x86_64linux/boost-1.73.0/lib64:1\', \'SGE_TASK_FIRST\': \'undefined\', \'NSLOTS\': \'16\', \'__LMOD_REF_COUNT_MODULEPATH\': \'/salilab/diva1/home/modules:1;/etc/modulefiles:1;/usr/share/modulefiles:1;/usr/share/modulefiles/Linux:1;/usr/share/modulefiles/Core:1;/usr/share/lmod/lmod/modulefiles/Core:1\', \'PWD\': \'/wynton/group/sali/miha_rozic/Input_information/SNAPSHOTS/central_directory/snapshot2_1min/run7\', \'HOME\': \'/wynton/home/sali/rozicmiha\', \'NQUEUES\': \'1\', \'TMP\': \'/scratch/708576.1.member.q\', \'PE\': \'smp\', \'SGE_O_HOME\': \'/wynton/home/sali/rozicmiha\', \'LMOD_VERSION\': \'8.7.32\', \'JOB_NAME\': \'test1\', \'BASH_ENV\': \'/usr/share/lmod/lmod/init/bash\', \'MPI_FORTRAN_MOD_DIR\': \'/usr/lib64/gfortran/modules/openmpi\', \'SGE_TASK_LAST\': \'undefined\', \'MKL_NUM_THREADS\': \'1\', \'MPI_COMPILER\': \'openmpi-x86_64\', \'SGE_ACCOUNT\': \'sge\', \'SGE_ROOT\': \'/opt/sge\', \'MPI_SUFFIX\': \'_openmpi\', \'TMPDIR\': \'/scratch/708576.1.member.q\', \'RESTARTED\': \'0\', \'LMOD_sys\': \'Linux\', \'_ModuleTable001_\': \'X01vZHVsZVRhYmxlXyA9IHsKTVR2ZXJzaW9uID0gMywKY19yZWJ1aWxkVGltZSA9IGZhbHNlLApjX3Nob3J0VGltZSA9IGZhbHNlLApkZXB0aFQgPSB7fSwKZmFtaWx5ID0ge30sCm1UID0gewpTYWxpID0gewpmbiA9ICIvZXRjL21vZHVsZWZpbGVzL1NhbGkubHVhIiwKZnVsbE5hbWUgPSAiU2FsaSIsCmxvYWRPcmRlciA9IDEsCnByb3BUID0ge30sCnN0YWNrRGVwdGggPSAwLApzdGF0dXMgPSAiYWN0aXZlIiwKdXNlck5hbWUgPSAiU2FsaSIsCndWID0gIk0uKnpmaW5hbCIsCn0sCmJvb3N0ID0gewpmbiA9ICIvc2FsaWxhYi9kaXZhMS9ob21lL21vZHVsZXMvYm9vc3QvMS43My4wIiwKZnVsbE5hbWUgPSAiYm9vc3QvMS43My4wIiwKbG9hZE9yZGVyID0gMywKcHJvcFQgPSB7\', \'LOADEDMODULES\': \'Sali:mpi/openmpi-x86_64:boost/1.73.0:libtau/1.0.1:hdf5/1.10.7:opencv/4.3.0:imp/2.21.0:sali-libraries:python3/numpy/1.19.5:python3/scipy/1.3.2:python3/joblib/0.17.0:python3/scikit/0.21.3\', \'SGE_O_PATH\': \'/salilab/diva1/programs/x86_64linux/numpy-py36-1.19.5/bin:/salilab/diva1/home/imp/main/20240607-af6f9d6a95/bin/release8:/salilab/diva1/programs/x86_64linux/opencv-4.3.0/bin:/salilab/diva1/programs/x86_64linux/hdf5-1.10.7/bin:/wynton/home/sali/rozicmiha/.local/bin:/wynton/home/sali/rozicmiha/bin:/wynton/group/sali/miha_rozic/Software/imp-develop/build/bin:/wynton/group/sali/miha_rozic/Software/imp-develop/build/module_bin/EMageFit:/wynton/group/sali/miha_rozic/Software/imp-develop/build/module_bin/algebra:/wynton/group/sali/miha_rozic/Software/imp-develop/build/module_bin/atom:/wynton/group/sali/miha_rozic/Software/imp-develop/build/module_bin/benchmark:/wynton/group/sali/miha_rozic/Software/imp-develop/build/module_bin/cgal:/wynton/group/sali/miha_rozic/Software/imp-develop/build/module_bin/cnmultifit:/wynton/group/sali/miha_rozic/Software/imp-develop/build/module_bin/container:/wynton/group/sali/miha_rozic/Software/imp-develop/build/module_bin/core:/wynton/group/sali/miha_rozic/Software/imp-develop/build/module_bin/display:/wynton/group/sali/miha_rozic/Software/imp-develop/build/module_bin/domino:/wynton/group/sali/miha_rozic/Software/imp-develop/build/module_bin/em:/wynton/group/sali/miha_rozic/Software/imp-develop/build/module_bin/em2d:/wynton/group/sali/miha_rozic/Software/imp-develop/build/module_bin/example:/wynton/group/sali/miha_rozic/Software/imp-develop/build/module_bin/foxs:/wynton/group/sali/miha_rozic/Software/imp-develop/build/module_bin/gsl:/wynton/group/sali/miha_rozic/Software/imp-develop/build/module_bin/integrative_docking:/wynton/group/sali/miha_rozic/Software/imp-develop/build/module_bin/isd:/wynton/group/sali/miha_rozic/Software/imp-develop/build/module_bin/kernel:/wynton/group/sali/miha_rozic/Software/imp-develop/build/module_bin/kinematics:/wynton/group/sali/miha_rozic/Software/imp-develop/build/module_bin/kmeans:/wynton/group/sali/miha_rozic/Software/imp-develop/build/module_bin/misc:/wynton/group/sali/miha_rozic/Software/imp-develop/build/module_bin/mmcif:/wynton/group/sali/miha_rozic/Software/imp-develop/build/module_bin/modeller:/wynton/group/sali/miha_rozic/Software/imp-develop/build/module_bin/mpi:/wynton/group/sali/miha_rozic/Software/imp-develop/build/module_bin/multi_state:/wynton/group/sali/miha_rozic/Software/imp-develop/build/module_bin/multifit:/wynton/group/sali/miha_rozic/Software/imp-develop/build/module_bin/npc:/wynton/group/sali/miha_rozic/Software/imp-develop/build/module_bin/npcassembly:/wynton/group/sali/miha_rozic/Software/imp-develop/build/module_bin/parallel:/wynton/group/sali/miha_rozic/Software/imp-develop/build/module_bin/pepdock:/wynton/group/sali/miha_rozic/Software/imp-develop/build/module_bin/pmi:/wynton/group/sali/miha_rozic/Software/imp-develop/build/module_bin/rmf:/wynton/group/sali/miha_rozic/Software/imp-develop/build/module_bin/rotamer:/wynton/group/sali/miha_rozic/Software/imp-develop/build/module_bin/saxs:/wynton/group/sali/miha_rozic/Software/imp-develop/build/module_bin/saxs_merge:/wynton/group/sali/miha_rozic/Software/imp-develop/build/module_bin/score_functor:/wynton/group/sali/miha_rozic/Software/imp-develop/build/module_bin/scratch:/wynton/group/sali/miha_rozic/Software/imp-develop/build/module_bin/spb:/wynton/group/sali/miha_rozic/Software/imp-develop/build/module_bin/statistics:/wynton/group/sali/miha_rozic/Software/imp-develop/build/module_bin/symmetry:/wynton/group/sali/miha_rozic/Software/imp-develop/build/module_bin/test:/opt/sge/bin:/opt/sge/bin/lx-amd64:/usr/local/bin:/usr/bin:/usr/local/sbin:/usr/sbin\', \'SGE_O_SHELL\': \'/bin/bash\', \'_ModuleTable006_\': \'bWUgPSAicHl0aG9uMy9udW1weS8xLjE5LjUiLApsb2FkT3JkZXIgPSA5LApwcm9wVCA9IHt9LApzdGFja0RlcHRoID0gMiwKc3RhdHVzID0gImFjdGl2ZSIsCnVzZXJOYW1lID0gInB5dGhvbjMvbnVtcHkvMS4xOS41IiwKd1YgPSAiMDAwMDAwMDAxLjAwMDAwMDAxOS4wMDAwMDAwMDUuKnpmaW5hbCIsCn0sClsicHl0aG9uMy9zY2lraXQiXSA9IHsKZm4gPSAiL3NhbGlsYWIvZGl2YTEvaG9tZS9tb2R1bGVzL3B5dGhvbjMvc2Npa2l0LzAuMjEuMyIsCmZ1bGxOYW1lID0gInB5dGhvbjMvc2Npa2l0LzAuMjEuMyIsCmxvYWRPcmRlciA9IDEyLApwcm9wVCA9IHt9LApzdGFja0RlcHRoID0gMCwKc3RhdHVzID0gImFjdGl2ZSIsCnVzZXJOYW1lID0gInB5dGhvbjMvc2Npa2l0LzAu\', \'__LMOD_REF_COUNT_MANPATH\': \':2;/usr/share/man/openmpi-x86_64:1;/opt/sge/man:1;/usr/share/lmod/lmod/share/man:1\', \'MPI_INCLUDE\': \'/usr/include/openmpi-x86_64\', \'_ModuleTable003_\': \'YW1lID0gImltcC8yLjIxLjAiLApsb2FkT3JkZXIgPSA3LApwcm9wVCA9IHt9LApzdGFja0RlcHRoID0gMCwKc3RhdHVzID0gImFjdGl2ZSIsCnVzZXJOYW1lID0gImltcCIsCndWID0gIl4wMDAwMDAwMi4wMDAwMDAwMjEuKnpmaW5hbCIsCn0sCmxpYnRhdSA9IHsKZm4gPSAiL3NhbGlsYWIvZGl2YTEvaG9tZS9tb2R1bGVzL2xpYnRhdS8xLjAuMSIsCmZ1bGxOYW1lID0gImxpYnRhdS8xLjAuMSIsCmxvYWRPcmRlciA9IDQsCnByb3BUID0ge30sCnN0YWNrRGVwdGggPSAxLApzdGF0dXMgPSAiYWN0aXZlIiwKdXNlck5hbWUgPSAibGlidGF1LzEuMC4xIiwKd1YgPSAiMDAwMDAwMDAxLjAwMDAwMDAwMC4wMDAwMDAwMDEuKnpmaW5hbCIsCn0sCm1waSA9IHsKZm4gPSAiL3Vzci9z\', \'LMOD_ROOT\': \'/usr/share/lmod\', \'SYSTEMCTL_SKIP_REDIRECT\': \'\', \'MAIL\': \'/var/spool/mail/rozicmiha\', \'SGE_CWD_PATH\': \'/wynton/group/sali/miha_rozic/Input_information/SNAPSHOTS/central_directory/snapshot2_1min/run7\', \'MPI_HOME\': \'/usr/lib64/openmpi\', \'_ModuleTable009_\': \'L3NoYXJlL21vZHVsZWZpbGVzOi91c3Ivc2hhcmUvbW9kdWxlZmlsZXMvTGludXg6L3Vzci9zaGFyZS9tb2R1bGVmaWxlcy9Db3JlOi91c3Ivc2hhcmUvbG1vZC9sbW9kL21vZHVsZWZpbGVzL0NvcmUiLAp9Cg==\', \'SGE_TASK_STEPSIZE\': \'undefined\', \'SHELL\': \'/bin/bash\', \'TERM\': \'\', \'_ModuleTable_Sz_\': \'9\', \'SGE_JOB_SPOOL_DIR\': \'/var/spool/sge/wynton/qb3-id200/active_jobs/708576.1\', \'JOB_ID\': \'708576\', \'IMP_EXAMPLE_DATA\': \'/wynton/group/sali/miha_rozic/Software/imp-develop/build/doc/examples\', \'R_FUTURE_AVAILABLECORES_FALLBACK\': \'1\', \'JOB_SCRIPT\': \'/var/spool/sge/wynton/qb3-id200/job_scripts/708576\', \'SHLVL\': \'2\', \'SGE_O_LOGNAME\': \'rozicmiha\', \'SGE_O_MAIL\': \'/var/spool/mail/rozicmiha\', \'PYTHONPATH\': \'/salilab/diva1/programs/x86_64linux/scikit-py36-0.21.3/lib64/python3.6/site-packages:/salilab/diva1/programs/linux/joblib-0.17.0/lib/python3.6/site-packages:/salilab/diva1/programs/x86_64linux/scipy-py36-1.3.2/lib64/python3.6/site-packages:/salilab/diva1/programs/x86_64linux/numpy-py36-1.19.5/lib64/python3.6/site-packages:/salilab/diva1/home/imp/main/20240607-af6f9d6a95/lib/release8:/salilab/diva1/programs/x86_64linux/opencv-4.3.0/lib/python3.6/site-packages:/wynton/group/sali/miha_rozic/Software/imp-develop/build/lib::\', \'MANPATH\': \':/usr/share/man/openmpi-x86_64:/opt/sge/man:/usr/share/lmod/lmod/share/man\', \'MODULEPATH\': \'/salilab/diva1/home/modules:/etc/modulefiles:/usr/share/modulefiles:/usr/share/modulefiles/Linux:/usr/share/modulefiles/Core:/usr/share/lmod/lmod/modulefiles/Core\', \'MPI_SYSCONFIG\': \'/etc/openmpi-x86_64\', \'LOGNAME\': \'rozicmiha\', \'SYSTEMCTL_IGNORE_DEPENDENCIES\': \'\', \'MODULEPATH_ROOT\': \'/usr/share/modulefiles\', \'PATH\': \'/salilab/diva1/programs/x86_64linux/numpy-py36-1.19.5/bin:/salilab/diva1/home/imp/main/20240607-af6f9d6a95/bin/release8:/salilab/diva1/programs/x86_64linux/opencv-4.3.0/bin:/salilab/diva1/programs/x86_64linux/hdf5-1.10.7/bin:/usr/lib64/openmpi/bin:/wynton/home/sali/rozicmiha/.local/bin:/wynton/home/sali/rozicmiha/bin:/wynton/group/sali/miha_rozic/Software/imp-develop/build/bin:/wynton/group/sali/miha_rozic/Software/imp-develop/build/module_bin/EMageFit:/wynton/group/sali/miha_rozic/Software/imp-develop/build/module_bin/algebra:/wynton/group/sali/miha_rozic/Software/imp-develop/build/module_bin/atom:/wynton/group/sali/miha_rozic/Software/imp-develop/build/module_bin/benchmark:/wynton/group/sali/miha_rozic/Software/imp-develop/build/module_bin/cgal:/wynton/group/sali/miha_rozic/Software/imp-develop/build/module_bin/cnmultifit:/wynton/group/sali/miha_rozic/Software/imp-develop/build/module_bin/container:/wynton/group/sali/miha_rozic/Software/imp-develop/build/module_bin/core:/wynton/group/sali/miha_rozic/Software/imp-develop/build/module_bin/display:/wynton/group/sali/miha_rozic/Software/imp-develop/build/module_bin/domino:/wynton/group/sali/miha_rozic/Software/imp-develop/build/module_bin/em:/wynton/group/sali/miha_rozic/Software/imp-develop/build/module_bin/em2d:/wynton/group/sali/miha_rozic/Software/imp-develop/build/module_bin/example:/wynton/group/sali/miha_rozic/Software/imp-develop/build/module_bin/foxs:/wynton/group/sali/miha_rozic/Software/imp-develop/build/module_bin/gsl:/wynton/group/sali/miha_rozic/Software/imp-develop/build/module_bin/integrative_docking:/wynton/group/sali/miha_rozic/Software/imp-develop/build/module_bin/isd:/wynton/group/sali/miha_rozic/Software/imp-develop/build/module_bin/kernel:/wynton/group/sali/miha_rozic/Software/imp-develop/build/module_bin/kinematics:/wynton/group/sali/miha_rozic/Software/imp-develop/build/module_bin/kmeans:/wynton/group/sali/miha_rozic/Software/imp-develop/build/module_bin/misc:/wynton/group/sali/miha_rozic/Software/imp-develop/build/module_bin/mmcif:/wynton/group/sali/miha_rozic/Software/imp-develop/build/module_bin/modeller:/wynton/group/sali/miha_rozic/Software/imp-develop/build/module_bin/mpi:/wynton/group/sali/miha_rozic/Software/imp-develop/build/module_bin/multi_state:/wynton/group/sali/miha_rozic/Software/imp-develop/build/module_bin/multifit:/wynton/group/sali/miha_rozic/Software/imp-develop/build/module_bin/npc:/wynton/group/sali/miha_rozic/Software/imp-develop/build/module_bin/npcassembly:/wynton/group/sali/miha_rozic/Software/imp-develop/build/module_bin/parallel:/wynton/group/sali/miha_rozic/Software/imp-develop/build/module_bin/pepdock:/wynton/group/sali/miha_rozic/Software/imp-develop/build/module_bin/pmi:/wynton/group/sali/miha_rozic/Software/imp-develop/build/module_bin/rmf:/wynton/group/sali/miha_rozic/Software/imp-develop/build/module_bin/rotamer:/wynton/group/sali/miha_rozic/Software/imp-develop/build/module_bin/saxs:/wynton/group/sali/miha_rozic/Software/imp-develop/build/module_bin/saxs_merge:/wynton/group/sali/miha_rozic/Software/imp-develop/build/module_bin/score_functor:/wynton/group/sali/miha_rozic/Software/imp-develop/build/module_bin/scratch:/wynton/group/sali/miha_rozic/Software/imp-develop/build/module_bin/spb:/wynton/group/sali/miha_rozic/Software/imp-develop/build/module_bin/statistics:/wynton/group/sali/miha_rozic/Software/imp-develop/build/module_bin/symmetry:/wynton/group/sali/miha_rozic/Software/imp-develop/build/module_bin/test:/opt/sge/bin:/opt/sge/bin/lx-amd64:/scratch/708576.1.member.q:/usr/local/bin:/bin:/usr/bin:/usr/local/sbin:/usr/sbin\', \'MPI_BIN\': \'/usr/lib64/openmpi/bin\', \'SGE_STDERR_PATH\': \'/wynton/group/sali/miha_rozic/Input_information/SNAPSHOTS/central_directory/snapshot2_1min/run7/test1.o708576\', \'_LMFILES_\': \'/etc/modulefiles/Sali.lua:/usr/share/modulefiles/mpi/openmpi-x86_64:/salilab/diva1/home/modules/boost/1.73.0:/salilab/diva1/home/modules/libtau/1.0.1:/salilab/diva1/home/modules/hdf5/1.10.7:/salilab/diva1/home/modules/opencv/4.3.0:/salilab/diva1/home/modules/imp/2.21.0:/salilab/diva1/home/modules/sali-libraries:/salilab/diva1/home/modules/python3/numpy/1.19.5:/salilab/diva1/home/modules/python3/scipy/1.3.2:/salilab/diva1/home/modules/python3/joblib/0.17.0:/salilab/diva1/home/modules/python3/scikit/0.21.3\', \'DEBUGINFOD_URLS\': \'https://debuginfod.centos.org/ \', \'MODULESHOME\': \'/usr/share/lmod/lmod\', \'PKG_CONFIG_PATH\': \'/usr/lib64/openmpi/lib/pkgconfig\', \'LMOD_SETTARG_FULL_SUPPORT\': \'no\', \'HISTSIZE\': \'1000\', \'SGE_ARCH\': \'lx-amd64\', \'LMOD_PKG\': \'/usr/share/lmod/lmod\', \'CMAKE_LIBRARY_PATH\': \'/salilab/diva1/programs/x86_64linux/opencv-4.3.0/lib64:/salilab/diva1/programs/x86_64linux/hdf5-1.10.7/lib:/salilab/diva1/programs/x86_64linux/libtau-py27-1.0.1/lib64:/salilab/diva1/programs/x86_64linux/boost-1.73.0/lib64\', \'ARC\': \'lx-amd64\', \'MPI_LIB\': \'/usr/lib64/openmpi/lib\', \'SGE_BINARY_PATH\': \'/opt/sge/bin/lx-amd64\', \'SGE_STDOUT_PATH\': \'/wynton/group/sali/miha_rozic/Input_information/SNAPSHOTS/central_directory/snapshot2_1min/run7/test1.o708576\', \'_ModuleTable005_\': \'bmN2LzQuMy4wIiwKd1YgPSAiMDAwMDAwMDA0LjAwMDAwMDAwMy4qemZpbmFsIiwKfSwKWyJweXRob24zL2pvYmxpYiJdID0gewpmbiA9ICIvc2FsaWxhYi9kaXZhMS9ob21lL21vZHVsZXMvcHl0aG9uMy9qb2JsaWIvMC4xNy4wIiwKZnVsbE5hbWUgPSAicHl0aG9uMy9qb2JsaWIvMC4xNy4wIiwKbG9hZE9yZGVyID0gMTEsCnByb3BUID0ge30sCnN0YWNrRGVwdGggPSAxLApzdGF0dXMgPSAiYWN0aXZlIiwKdXNlck5hbWUgPSAicHl0aG9uMy9qb2JsaWIiLAp3ViA9ICIwMDAwMDAwMDAuMDAwMDAwMDE3Lip6ZmluYWwiLAp9LApbInB5dGhvbjMvbnVtcHkiXSA9IHsKZm4gPSAiL3NhbGlsYWIvZGl2YTEvaG9tZS9tb2R1bGVzL3B5dGhvbjMvbnVtcHkvMS4xOS41IiwKZnVsbE5h\', \'LMOD_CMD\': \'/usr/share/lmod/lmod/libexec/lmod\', \'REQNAME\': \'test1\', \'IMP_BIN_DIR\': \'/wynton/group/sali/miha_rozic/Software/imp-develop/build/bin\', \'MPI_MAN\': \'/usr/share/man/openmpi-x86_64\', \'LESSOPEN\': \'||/usr/bin/lesspipe.sh %s\', \'OMP_NUM_THREADS\': \'1\', \'SGE_CLUSTER_NAME\': \'wynton_cluster\', \'LMOD_DIR\': \'/usr/share/lmod/lmod/libexec\', \'BASH_FUNC_which%%\': \'() {  ( alias;\\n eval ${which_declare} ) | /usr/bin/which --tty-only --read-alias --read-functions --show-tilde --show-dot $@\\n}\', \'BASH_FUNC_module%%\': \'() {  if [ -z "${LMOD_SH_DBG_ON+x}" ]; then\\n case "$-" in \\n *v*x*)\\n __lmod_sh_dbg=\\\'vx\\\'\\n ;;\\n *v*)\\n __lmod_sh_dbg=\\\'v\\\'\\n ;;\\n *x*)\\n __lmod_sh_dbg=\\\'x\\\'\\n ;;\\n esac;\\n fi;\\n if [ -n "${__lmod_sh_dbg:-}" ]; then\\n set +$__lmod_sh_dbg;\\n echo "Shell debugging temporarily silenced: export LMOD_SH_DBG_ON=1 for Lmod\\\'s output" 1>&2;\\n fi;\\n eval "$($LMOD_CMD shell "$@")" && eval "$(${LMOD_SETTARG_CMD:-:} -s sh)";\\n __lmod_my_status=$?;\\n if [ -n "${__lmod_sh_dbg:-}" ]; then\\n echo "Shell debugging restarted" 1>&2;\\n set -$__lmod_sh_dbg;\\n fi;\\n unset __lmod_sh_dbg;\\n return $__lmod_my_status\\n}\', \'BASH_FUNC_ml%%\': \'() {  eval "$($LMOD_DIR/ml_cmd "$@")"\\n}\', \'_\': \'/usr/lib64/openmpi/bin/mpirun\', \'IPATH_NO_BACKTRACE\': \'1\', \'HFI_NO_BACKTRACE\': \'1\', \'OMPI_MCA_orte_local_daemon_uri\': \'2962554880.0;tcp://172.26.38.200:46525\', \'OMPI_MCA_orte_hnp_uri\': \'2962554880.0;tcp://172.26.38.200:46525\', \'OMPI_MCA_mpi_oversubscribe\': \'0\', \'OMPI_MCA_orte_app_num\': \'0\', \'OMPI_UNIVERSE_SIZE\': \'16\', \'OMPI_MCA_orte_num_nodes\': \'1\', \'OMPI_MCA_shmem_RUNTIME_QUERY_hint\': \'mmap\', \'OMPI_MCA_orte_bound_at_launch\': \'1\', \'OMPI_MCA_ess\': \'^singleton\', \'OMPI_MCA_orte_ess_num_procs\': \'16\', \'OMPI_COMM_WORLD_SIZE\': \'16\', \'OMPI_COMM_WORLD_LOCAL_SIZE\': \'16\', \'OMPI_MCA_orte_tmpdir_base\': \'/scratch/708576.1.member.q\', \'OMPI_MCA_orte_top_session_dir\': \'/scratch/708576.1.member.q/ompi.qb3-id200.11149\', \'OMPI_MCA_orte_jobfam_session_dir\': \'/scratch/708576.1.member.q/ompi.qb3-id200.11149/pid.1860279\', \'OMPI_NUM_APP_CTX\': \'1\', \'OMPI_FIRST_RANKS\': \'0\', \'OMPI_APP_CTX_NUM_PROCS\': \'16\', \'OMPI_MCA_initial_wdir\': \'/wynton/group/sali/miha_rozic/Input_information/SNAPSHOTS/central_directory/snapshot2_1min/run7\', \'OMPI_MCA_orte_launch\': \'1\', \'PMIX_NAMESPACE\': \'2962554881\', \'PMIX_RANK\': \'15\', \'PMIX_SERVER_URI2\': \'2962554880.0;tcp4://127.0.0.1:49505\', \'PMIX_SERVER_URI21\': \'2962554880.0;tcp4://127.0.0.1:49505\', \'PMIX_SECURITY_MODE\': \'native,none\', \'PMIX_PTL_MODULE\': \'tcp,usock\', \'PMIX_BFROP_BUFFER_TYPE\': \'PMIX_BFROP_BUFFER_NON_DESC\', \'PMIX_GDS_MODULE\': \'ds21,ds12,hash\', \'PMIX_SERVER_TMPDIR\': \'/scratch/708576.1.member.q/ompi.qb3-id200.11149/pid.1860279\', \'PMIX_SYSTEM_TMPDIR\': \'/scratch/708576.1.member.q\', \'PMIX_DSTORE_21_BASE_PATH\': \'/scratch/708576.1.member.q/ompi.qb3-id200.11149/pid.1860279/pmix_dstor_ds21_1860279\', \'PMIX_DSTORE_ESH_BASE_PATH\': \'/scratch/708576.1.member.q/ompi.qb3-id200.11149/pid.1860279/pmix_dstor_ds12_1860279\', \'OMPI_MCA_ess_base_jobid\': \'2962554881\', \'OMPI_MCA_ess_base_vpid\': \'15\', \'OMPI_COMM_WORLD_RANK\': \'15\', \'OMPI_COMM_WORLD_LOCAL_RANK\': \'15\', \'OMPI_COMM_WORLD_NODE_RANK\': \'15\', \'OMPI_MCA_orte_ess_node_rank\': \'15\', \'PMIX_ID\': \'2962554881.15\', \'OMPI_FILE_LOCATION\': \'/scratch/708576.1.member.q/ompi.qb3-id200.11149/pid.1860279/0/0\', \'KMP_DUPLICATE_LIB_OK\': \'True\', \'KMP_INIT_AT_FORK\': \'FALSE\'})', 'STAT2HEADER_IMP_VERSIONS': "{'IMP_VERSION': '2.21.0', 'PMI_VERSION': '2.21.0'}", 0: 'ReplicaExchange_SwapSuccessRatio', 1: 'ReplicaExchange_MinTempFrequency', 2: 'ReplicaExchange_MaxTempFrequency', 3: 'ReplicaExchange_CurrentTemp', 4: 'score'} 
{0: '0', 1: '0', 2: '0', 3: '2.500000000000003', 4: inf} 
{0: '0.0', 1: '0.0', 2: '0.0', 3: '2.500000000000003', 4: inf} 
{0: '0.0', 1: '0.0', 2: '0.0', 3: '2.500000000000003', 4: inf} 
{0: '0.0', 1: '0.0', 2: '0.0', 3: '2.500000000000003', 4: inf} 
{0: '0.0', 1: '0.0', 2: '0.0', 3: '2.500000000000003', 4: inf} 
{0: '0.0', 1: '0.0', 2: '0.0', 3: '2.500000000000003', 4: inf} 
{0: '0.0', 1: '0.0', 2: '0.0', 3: '2.500000000000003', 4: inf} 
{0: '0.0', 1: '0.0', 2: '0.0', 3: '2.500000000000003', 4: inf} 
{0: '0.0', 1: '0.0', 2: '0.0', 3: '2.500000000000003', 4: inf} 
{0: '0.0', 1: '0.0', 2: '0.0', 3: '2.500000000000003', 4: inf} 
{0: '0.0', 1: '0.0', 2: '0.0', 3: '2.500000000000003', 4: inf} 
{0: '0.0', 1: '0.0', 2: '0.0', 3: '2.500000000000003', 4: inf} 
{0: '0.0', 1: '0.0', 2: '0.0', 3: '2.500000000000003', 4: inf} 
{0: '0.0', 1: '0.0', 2: '0.0', 3: '2.500000000000003', 4: inf} 
{0: '0.0', 1: '0.0', 2: '0.0', 3: '2.500000000000003', 4: inf} 
{0: '0.0', 1: '0.0', 2: '0.0', 3: '2.500000000000003', 4: inf} 
{0: '0.0', 1: '0.0', 2: '0.0', 3: '2.500000000000003', 4: inf} 
{0: '0.0', 1: '0.0', 2: '0.0', 3: '2.500000000000003', 4: inf} 
{0: '0.0', 1: '0.0', 2: '0.0', 3: '2.500000000000003', 4: inf} 
{0: '0.0', 1: '0.0', 2: '0.0', 3: '2.500000000000003', 4: inf} 
{0: '0.0', 1: '0.0', 2: '0.0', 3: '2.500000000000003', 4: inf} 
{0: '0.0', 1: '0.0', 2: '0.0', 3: '2.500000000000003', 4: inf} 
{0: '0.0', 1: '0.0', 2: '0.0', 3: '2.500000000000003', 4: inf} 
{0: '0.0', 1: '0.0', 2: '0.0', 3: '2.500000000000003', 4: inf} 
{0: '0.0', 1: '0.0', 2: '0.0', 3: '2.500000000000003', 4: inf} 
{0: '0.0', 1: '0.0', 2: '0.0', 3: '2.500000000000003', 4: inf} 
{0: '0.0', 1: '0.0', 2: '0.0', 3: '2.500000000000003', 4: inf} 
{0: '0.0', 1: '0.0', 2: '0.0', 3: '2.500000000000003', 4: inf} 
{0: '0.0', 1: '0.0', 2: '0.0', 3: '2.500000000000003', 4: inf} 
{0: '0.0', 1: '0.0', 2: '0.0', 3: '2.500000000000003', 4: inf} 
{0: '0.0', 1: '0.0', 2: '0.0', 3: '2.500000000000003', 4: inf} 
{0: '0.0', 1: '0.0', 2: '0.0', 3: '2.500000000000003', 4: inf} 
{0: '0.0', 1: '0.0', 2: '0.0', 3: '2.500000000000003', 4: inf} 
{0: '0.0', 1: '0.0', 2: '0.0', 3: '2.500000000000003', 4: inf} 
{0: '0.0', 1: '0.0', 2: '0.0', 3: '2.500000000000003', 4: inf} 
{0: '0.0', 1: '0.0', 2: '0.0', 3: '2.500000000000003', 4: inf} 
{0: '0.0', 1: '0.0', 2: '0.0', 3: '2.500000000000003', 4: inf} 
{0: '0.0', 1: '0.0', 2: '0.0', 3: '2.500000000000003', 4: inf} 
{0: '0.0', 1: '0.0', 2: '0.0', 3: '2.500000000000003', 4: inf} 
{0: '0.0', 1: '0.0', 2: '0.0', 3: '2.500000000000003', 4: inf} 
{0: '0.0', 1: '0.0', 2: '0.0', 3: '2.500000000000003', 4: inf} 
{0: '0.0', 1: '0.0', 2: '0.0', 3: '2.500000000000003', 4: inf} 
{0: '0.0', 1: '0.0', 2: '0.0', 3: '2.500000000000003', 4: inf} 
{0: '0.0', 1: '0.0', 2: '0.0', 3: '2.500000000000003', 4: inf} 
{0: '0.0', 1: '0.0', 2: '0.0', 3: '2.500000000000003', 4: inf} 
{0: '0.0', 1: '0.0', 2: '0.0', 3: '2.500000000000003', 4: inf} 
{0: '0.0', 1: '0.0', 2: '0.0', 3: '2.500000000000003', 4: inf} 
{0: '0.0', 1: '0.0', 2: '0.0', 3: '2.500000000000003', 4: inf} 
{0: '0.0', 1: '0.0', 2: '0.0', 3: '2.500000000000003', 4: inf} 
{0: '0.0', 1: '0.0', 2: '0.0', 3: '2.500000000000003', 4: inf} 
{0: '0.0', 1: '0.0', 2: '0.0', 3: '2.500000000000003', 4: 4729.916913520611} 
{0: '0.0', 1: '0.0', 2: '0.0', 3: '2.500000000000003', 4: 1448.3972743745944} 
{0: '0.0', 1: '0.0', 2: '0.0', 3: '2.500000000000003', 4: 904.0867913598167} 
{0: '0.0', 1: '0.0', 2: '0.0', 3: '2.500000000000003', 4: 745.1495067300912} 
{0: '0.0', 1: '0.0', 2: '0.0', 3: '2.500000000000003', 4: 682.0041052043011} 
{0: '0.01818181818181818', 1: '0.0', 2: '0.0', 3: '2.351855716390306', 4: 663.3628845507596} 
{0: '0.03571428571428571', 1: '0.0', 2: '0.0', 3: '2.212490124287102', 4: 640.2823187762382} 
{0: '0.03508771929824561', 1: '0.0', 2: '0.0', 3: '2.212490124287102', 4: 624.2608142767319} 
{0: '0.034482758620689655', 1: '0.0', 2: '0.0', 3: '2.212490124287102', 4: 636.0464104287851} 
{0: '0.03389830508474576', 1: '0.0', 2: '0.0', 3: '2.212490124287102', 4: 621.5619798828916} 
{0: '0.03333333333333333', 1: '0.0', 2: '0.0', 3: '2.212490124287102', 4: 622.410269223776} 
{0: '0.03278688524590164', 1: '0.0', 2: '0.0', 3: '2.212490124287102', 4: 666.185171271139} 
{0: '0.04838709677419355', 1: '0.0', 2: '0.0', 3: '2.351855716390306', 4: 658.2795725979171} 
{0: '0.047619047619047616', 1: '0.0', 2: '0.0', 3: '2.351855716390306', 4: 575.7857084612232} 
{0: '0.0625', 1: '0.0', 2: '0.0', 3: '2.212490124287102', 4: 554.8644425145535} 
{0: '0.07692307692307693', 1: '0.0', 2: '0.0', 3: '2.081383018504685', 4: 550.8822443066556} 
{0: '0.09090909090909091', 1: '0.0', 2: '0.0', 3: '1.958045020027179', 4: 550.3624815745832} 
{0: '0.1044776119402985', 1: '0.0', 2: '0.0', 3: '1.842015749320195', 4: 540.7336623142592} 
{0: '0.11764705882352941', 1: '0.0', 2: '0.0', 3: '1.7328621078878674', 4: 541.0239994313621} 
{0: '0.13043478260869565', 1: '0.0', 2: '0.0', 3: '1.6301766616608926', 4: 557.0773151533957} 
{0: '0.14285714285714285', 1: '0.0', 2: '0.0', 3: '1.5335761201812925', 4: 549.3475959293409} 
{0: '0.15492957746478872', 1: '0.0', 2: '0.0', 3: '1.4426999059072143', 4: 543.7654995235841} 
{0: '0.16666666666666666', 1: '0.0', 2: '0.0', 3: '1.3572088082974538', 4: 547.2776893864187} 
{0: '0.1780821917808219', 1: '0.0', 2: '0.0', 3: '1.2767837176518553', 4: 541.2805025690864} 
{0: '0.1891891891891892', 1: '0.0', 2: '0.0', 3: '1.2011244339814315', 4: 544.218631211788} 
{0: '0.2', 1: '0.0', 2: '0.0', 3: '1.1299485464621188', 4: 545.6154027214069} 
{0: '0.21052631578947367', 1: '0.0', 2: '0.0', 3: '1.0629903792895394', 4: 548.792975966413} 
{0: '0.2077922077922078', 1: '0.0', 2: '0.0', 3: '1.0629903792895394', 4: 546.7239037081238} 
{0: '0.21794871794871795', 1: '0.0', 2: '0.0', 3: '1.1299485464621188', 4: 551.6408932291946} 
{0: '0.22784810126582278', 1: '0.0', 2: '0.0', 3: '1.2011244339814315', 4: 548.5211400202285} 
{0: '0.2375', 1: '0.0', 2: '0.0', 3: '1.2767837176518553', 4: 552.9821326647892} 
{0: '0.24691358024691357', 1: '0.0', 2: '0.0', 3: '1.3572088082974538', 4: 541.0068874492634} 
{0: '0.25609756097560976', 1: '0.0', 2: '0.0', 3: '1.4426999059072143', 4: 543.0828563259306} 
{0: '0.26506024096385544', 1: '0.0', 2: '0.0', 3: '1.5335761201812925', 4: 547.4288300966962} 
{0: '0.27380952380952384', 1: '0.0', 2: '0.0', 3: '1.6301766616608926', 4: 546.8573301228688} 
{0: '0.27058823529411763', 1: '0.0', 2: '0.0', 3: '1.6301766616608926', 4: 554.2302708566632} 
{0: '0.27906976744186046', 1: '0.0', 2: '0.0', 3: '1.5335761201812925', 4: 542.4662041765501} 
{0: '0.28735632183908044', 1: '0.0', 2: '0.0', 3: '1.4426999059072143', 4: 551.7174340936579} 
{0: '0.29545454545454547', 1: '0.0', 2: '0.0', 3: '1.3572088082974538', 4: 546.5358318621653} 
{0: '0.30337078651685395', 1: '0.0', 2: '0.0', 3: '1.2767837176518553', 4: 543.3409279212364} 
{0: '0.3111111111111111', 1: '0.0', 2: '0.0', 3: '1.2011244339814315', 4: 546.1476020888165} 
{0: '0.31868131868131866', 1: '0.0', 2: '0.0', 3: '1.1299485464621188', 4: 550.6319825121006} 
{0: '0.32608695652173914', 1: '0.0', 2: '0.0', 3: '1.0629903792895394', 4: 547.8182021179442} 
{0: '0.3225806451612903', 1: '0.0', 2: '0.0', 3: '1.0629903792895394', 4: 546.7223460160035} 
{0: '0.32978723404255317', 1: '0.0', 2: '0.0', 3: '1.1299485464621188', 4: 546.9292914503593} 
{0: '0.3368421052631579', 1: '0.0', 2: '0.0', 3: '1.2011244339814315', 4: 547.4211672106038} 
{0: '0.34375', 1: '0.0', 2: '0.0', 3: '1.2767837176518553', 4: 545.4508761192151} 
{0: '0.35051546391752575', 1: '0.0', 2: '0.0', 3: '1.3572088082974538', 4: 550.6747070150981} 
{0: '0.3469387755102041', 1: '0.0', 2: '0.0', 3: '1.3572088082974538', 4: 550.5444786726835} 
{0: '0.35353535353535354', 1: '0.0', 2: '0.0', 3: '1.2767837176518553', 4: 551.7993396050239} 
{0: '0.36', 1: '0.0', 2: '0.0', 3: '1.2011244339814315', 4: 546.9814650815117} 
{0: '0.36633663366336633', 1: '0.0', 2: '0.0', 3: '1.1299485464621188', 4: 545.8870647761074} 
{0: '0.37254901960784315', 1: '0.0', 2: '0.0', 3: '1.0629903792895394', 4: 543.9650368251553} 
{0: '0.36893203883495146', 1: '0.0', 2: '0.0', 3: '1.0629903792895394', 4: 544.4839810480115} 
{0: '0.375', 1: '0.0', 2: '0.0', 3: '1.1299485464621188', 4: 539.8829539898428} 
{0: '0.37142857142857144', 1: '0.0', 2: '0.0', 3: '1.1299485464621188', 4: 543.024003883277} 
{0: '0.37735849056603776', 1: '0.0', 2: '0.0', 3: '1.0629903792895394', 4: 547.0913530056058} 
{0: '0.38317757009345793', 1: '0.0', 2: '0.0', 3: '1.0', 4: 545.897924920845} 
{0: '0.37962962962962965', 1: '0.009259259259259259', 2: '0.0', 3: '1.0', 4: 540.8259100897276} 
{0: '0.3853211009174312', 1: '0.01834862385321101', 2: '0.0', 3: '1.0629903792895394', 4: 544.734009477864} 
{0: '0.38181818181818183', 1: '0.01818181818181818', 2: '0.0', 3: '1.0629903792895394', 4: 542.2996724177212} 
{0: '0.38738738738738737', 1: '0.018018018018018018', 2: '0.0', 3: '1.0', 4: 543.4092941671852} 
{0: '0.38392857142857145', 1: '0.026785714285714284', 2: '0.0', 3: '1.0', 4: 540.3413679762915} 
{0: '0.3893805309734513', 1: '0.035398230088495575', 2: '0.0', 3: '1.0629903792895394', 4: 544.7722217406721} 
{0: '0.39473684210526316', 1: '0.03508771929824561', 2: '0.0', 3: '1.1299485464621188', 4: 548.2678319786879} 
{0: '0.391304347826087', 1: '0.034782608695652174', 2: '0.0', 3: '1.1299485464621188', 4: 550.177532651081} 
{0: '0.39655172413793105', 1: '0.034482758620689655', 2: '0.0', 3: '1.0629903792895394', 4: 551.7901590003489} 
{0: '0.39316239316239315', 1: '0.03418803418803419', 2: '0.0', 3: '1.0629903792895394', 4: 548.9245537420347} 
{0: '0.3983050847457627', 1: '0.03389830508474576', 2: '0.0', 3: '1.1299485464621188', 4: 548.1140131083594} 
{0: '0.3949579831932773', 1: '0.03361344537815126', 2: '0.0', 3: '1.1299485464621188', 4: 543.5950993960589} 
{0: '0.4', 1: '0.03333333333333333', 2: '0.0', 3: '1.0629903792895394', 4: 545.5657415647688} 
{0: '0.39669421487603307', 1: '0.03305785123966942', 2: '0.0', 3: '1.0629903792895394', 4: 550.3025981822574} 
{0: '0.4016393442622951', 1: '0.03278688524590164', 2: '0.0', 3: '1.1299485464621188', 4: 543.2798669196351} 
{0: '0.3983739837398374', 1: '0.032520325203252036', 2: '0.0', 3: '1.1299485464621188', 4: 546.6662485102521} 
{0: '0.4032258064516129', 1: '0.03225806451612903', 2: '0.0', 3: '1.0629903792895394', 4: 539.2123504852648} 
{0: '0.408', 1: '0.032', 2: '0.0', 3: '1.0', 4: 547.1424394385363} 
{0: '0.40476190476190477', 1: '0.03968253968253968', 2: '0.0', 3: '1.0', 4: 547.3818252603909} 
{0: '0.4094488188976378', 1: '0.047244094488188976', 2: '0.0', 3: '1.0629903792895394', 4: 539.6726020079108} 
{0: '0.4140625', 1: '0.046875', 2: '0.0', 3: '1.1299485464621188', 4: 542.6635396367318} 
{0: '0.4186046511627907', 1: '0.046511627906976744', 2: '0.0', 3: '1.2011244339814315', 4: 538.6436106120796} 
{0: '0.4230769230769231', 1: '0.046153846153846156', 2: '0.0', 3: '1.2767837176518553', 4: 544.0984284266541} 
{0: '0.4198473282442748', 1: '0.04580152671755725', 2: '0.0', 3: '1.2767837176518553', 4: 552.3513875957921} 
{0: '0.42424242424242425', 1: '0.045454545454545456', 2: '0.0', 3: '1.2011244339814315', 4: 545.9011850651464} 
{0: '0.42857142857142855', 1: '0.045112781954887216', 2: '0.0', 3: '1.1299485464621188', 4: 547.1446209287836} 
{0: '0.43283582089552236', 1: '0.04477611940298507', 2: '0.0', 3: '1.0629903792895394', 4: 549.1865464487257} 
{0: '0.42962962962962964', 1: '0.044444444444444446', 2: '0.0', 3: '1.0629903792895394', 4: 545.6929462265243} 
{0: '0.4338235294117647', 1: '0.04411764705882353', 2: '0.0', 3: '1.1299485464621188', 4: 539.5346749174086} 
{0: '0.43795620437956206', 1: '0.043795620437956206', 2: '0.0', 3: '1.2011244339814315', 4: 546.803284466981} 
{0: '0.4420289855072464', 1: '0.043478260869565216', 2: '0.0', 3: '1.2767837176518553', 4: 553.4204796264139} 
{0: '0.4460431654676259', 1: '0.04316546762589928', 2: '0.0', 3: '1.3572088082974538', 4: 542.5898960975359} 
{0: '0.44285714285714284', 1: '0.04285714285714286', 2: '0.0', 3: '1.3572088082974538', 4: 542.2294924625746} 
{0: '0.44680851063829785', 1: '0.0425531914893617', 2: '0.0', 3: '1.2767837176518553', 4: 542.4395988723518} 
{0: '0.4507042253521127', 1: '0.04225352112676056', 2: '0.0', 3: '1.2011244339814315', 4: 546.6813061328075} 
{0: '0.44755244755244755', 1: '0.04195804195804196', 2: '0.0', 3: '1.2011244339814315', 4: 548.9194949386335} 
{0: '0.4444444444444444', 1: '0.041666666666666664', 2: '0.0', 3: '1.2011244339814315', 4: 546.7493283630469} 
{0: '0.4482758620689655', 1: '0.041379310344827586', 2: '0.0', 3: '1.1299485464621188', 4: 548.0828823762859} 
{0: '0.4520547945205479', 1: '0.0410958904109589', 2: '0.0', 3: '1.0629903792895394', 4: 544.2190226314359} 
{0: '0.4489795918367347', 1: '0.04081632653061224', 2: '0.0', 3: '1.0629903792895394', 4: 542.7174676063041} 
{0: '0.44594594594594594', 1: '0.04054054054054054', 2: '0.0', 3: '1.0629903792895394', 4: 545.5751535219144} 
{0: '0.4429530201342282', 1: '0.040268456375838924', 2: '0.0', 3: '1.0629903792895394', 4: 550.8515439926229} 
{0: '0.44666666666666666', 1: '0.04', 2: '0.0', 3: '1.1299485464621188', 4: 543.9944152960848} 
{0: '0.44370860927152317', 1: '0.039735099337748346', 2: '0.0', 3: '1.1299485464621188', 4: 545.7082667909223} 
{0: '0.4407894736842105', 1: '0.039473684210526314', 2: '0.0', 3: '1.1299485464621188', 4: 544.8469995865064} 
{0: '0.4444444444444444', 1: '0.0392156862745098', 2: '0.0', 3: '1.2011244339814315', 4: 542.8708941366813} 
{0: '0.44805194805194803', 1: '0.03896103896103896', 2: '0.0', 3: '1.2767837176518553', 4: 542.7896601762602} 
{0: '0.44516129032258067', 1: '0.03870967741935484', 2: '0.0', 3: '1.2767837176518553', 4: 539.2099744639722} 
{0: '0.44871794871794873', 1: '0.038461538461538464', 2: '0.0', 3: '1.2011244339814315', 4: 546.2337867795562} 
{0: '0.45222929936305734', 1: '0.03821656050955414', 2: '0.0', 3: '1.1299485464621188', 4: 546.0780870332218} 
{0: '0.45569620253164556', 1: '0.0379746835443038', 2: '0.0', 3: '1.0629903792895394', 4: 553.4310462066668} 
{0: '0.4528301886792453', 1: '0.03773584905660377', 2: '0.0', 3: '1.0629903792895394', 4: 542.3498746185219} 
{0: '0.45625', 1: '0.0375', 2: '0.0', 3: '1.1299485464621188', 4: 540.8608779089752} 
{0: '0.45962732919254656', 1: '0.037267080745341616', 2: '0.0', 3: '1.2011244339814315', 4: 541.478273746765} 
{0: '0.4567901234567901', 1: '0.037037037037037035', 2: '0.0', 3: '1.2011244339814315', 4: 546.0906553913455} 
{0: '0.4601226993865031', 1: '0.03680981595092025', 2: '0.0', 3: '1.1299485464621188', 4: 546.6802203413318} 
{0: '0.4634146341463415', 1: '0.036585365853658534', 2: '0.0', 3: '1.0629903792895394', 4: 550.3771030848634} 
{0: '0.46060606060606063', 1: '0.03636363636363636', 2: '0.0', 3: '1.0629903792895394', 4: 541.0115914501127} 
{0: '0.4578313253012048', 1: '0.03614457831325301', 2: '0.0', 3: '1.0629903792895394', 4: 542.7647710469342} 
{0: '0.4550898203592814', 1: '0.03592814371257485', 2: '0.0', 3: '1.0629903792895394', 4: 544.6359341629561} 
{0: '0.4523809523809524', 1: '0.03571428571428571', 2: '0.0', 3: '1.0629903792895394', 4: 549.833141934816} 
{0: '0.4556213017751479', 1: '0.03550295857988166', 2: '0.0', 3: '1.0', 4: 540.0651096845511} 
{0: '0.45294117647058824', 1: '0.041176470588235294', 2: '0.0', 3: '1.0', 4: 550.9878976812295} 
{0: '0.45614035087719296', 1: '0.04678362573099415', 2: '0.0', 3: '1.0629903792895394', 4: 545.7402415249794} 
{0: '0.45930232558139533', 1: '0.046511627906976744', 2: '0.0', 3: '1.1299485464621188', 4: 545.2309803516807} 
{0: '0.45664739884393063', 1: '0.046242774566473986', 2: '0.0', 3: '1.1299485464621188', 4: 549.9653338047636} 
{0: '0.45977011494252873', 1: '0.04597701149425287', 2: '0.0', 3: '1.0629903792895394', 4: 546.9457520456498} 
{0: '0.45714285714285713', 1: '0.045714285714285714', 2: '0.0', 3: '1.0629903792895394', 4: 553.9455320031716} 
{0: '0.4602272727272727', 1: '0.045454545454545456', 2: '0.0', 3: '1.1299485464621188', 4: 543.6530745347975} 
{0: '0.4576271186440678', 1: '0.04519774011299435', 2: '0.0', 3: '1.1299485464621188', 4: 542.8197804893213} 
{0: '0.4606741573033708', 1: '0.0449438202247191', 2: '0.0', 3: '1.0629903792895394', 4: 548.892816806002} 
{0: '0.4581005586592179', 1: '0.0446927374301676', 2: '0.0', 3: '1.0629903792895394', 4: 542.5565534322039} 
{0: '0.46111111111111114', 1: '0.044444444444444446', 2: '0.0', 3: '1.1299485464621188', 4: 540.5873266069665} 
{0: '0.46408839779005523', 1: '0.04419889502762431', 2: '0.0', 3: '1.2011244339814315', 4: 547.5346656462963} 
{0: '0.46703296703296704', 1: '0.04395604395604396', 2: '0.0', 3: '1.2767837176518553', 4: 549.664095513759} 
{0: '0.46994535519125685', 1: '0.04371584699453552', 2: '0.0', 3: '1.3572088082974538', 4: 550.3015661709713} 
{0: '0.47282608695652173', 1: '0.043478260869565216', 2: '0.0', 3: '1.4426999059072143', 4: 547.7074081984099} 
{0: '0.4756756756756757', 1: '0.043243243243243246', 2: '0.0', 3: '1.5335761201812925', 4: 547.3597843474143} 
{0: '0.4731182795698925', 1: '0.043010752688172046', 2: '0.0', 3: '1.5335761201812925', 4: 546.9364641631697} 
{0: '0.47593582887700536', 1: '0.0427807486631016', 2: '0.0', 3: '1.4426999059072143', 4: 552.8965723356641} 
{0: '0.4787234042553192', 1: '0.0425531914893617', 2: '0.0', 3: '1.3572088082974538', 4: 542.1740155867712} 
{0: '0.48148148148148145', 1: '0.042328042328042326', 2: '0.0', 3: '1.2767837176518553', 4: 543.4005578113342} 
{0: '0.4842105263157895', 1: '0.042105263157894736', 2: '0.0', 3: '1.2011244339814315', 4: 558.0314219856084} 
{0: '0.4869109947643979', 1: '0.041884816753926704', 2: '0.0', 3: '1.1299485464621188', 4: 547.2885746134428} 
{0: '0.4895833333333333', 1: '0.041666666666666664', 2: '0.0', 3: '1.0629903792895394', 4: 544.3880903089464} 
{0: '0.48704663212435234', 1: '0.04145077720207254', 2: '0.0', 3: '1.0629903792895394', 4: 548.3540538879734} 
{0: '0.4896907216494845', 1: '0.041237113402061855', 2: '0.0', 3: '1.1299485464621188', 4: 543.4905792765278} 
{0: '0.49230769230769234', 1: '0.041025641025641026', 2: '0.0', 3: '1.2011244339814315', 4: 548.7655658959039} 
{0: '0.49489795918367346', 1: '0.04081632653061224', 2: '0.0', 3: '1.2767837176518553', 4: 550.984649379897} 
{0: '0.49746192893401014', 1: '0.04060913705583756', 2: '0.0', 3: '1.3572088082974538', 4: 546.8089293492193} 
{0: '0.494949494949495', 1: '0.04040404040404041', 2: '0.0', 3: '1.3572088082974538', 4: 549.2859109769903} 
{0: '0.49246231155778897', 1: '0.04020100502512563', 2: '0.0', 3: '1.3572088082974538', 4: 547.7472494465999} 
{0: '0.49', 1: '0.04', 2: '0.0', 3: '1.3572088082974538', 4: 542.9524977514004} 
{0: '0.4925373134328358', 1: '0.03980099502487562', 2: '0.0', 3: '1.2767837176518553', 4: 547.3155543752267} 
{0: '0.49504950495049505', 1: '0.039603960396039604', 2: '0.0', 3: '1.2011244339814315', 4: 548.0232629529268} 
{0: '0.4975369458128079', 1: '0.03940886699507389', 2: '0.0', 3: '1.1299485464621188', 4: 542.7063322165212} 
{0: '0.5', 1: '0.0392156862745098', 2: '0.0', 3: '1.0629903792895394', 4: 539.2741752282278} 
{0: '0.4975609756097561', 1: '0.03902439024390244', 2: '0.0', 3: '1.0629903792895394', 4: 541.1963987737767} 
{0: '0.5', 1: '0.038834951456310676', 2: '0.0', 3: '1.1299485464621188', 4: 546.2056792281326} 
{0: '0.5024154589371981', 1: '0.03864734299516908', 2: '0.0', 3: '1.2011244339814315', 4: 544.1062813119034} 
{0: '0.5048076923076923', 1: '0.038461538461538464', 2: '0.0', 3: '1.2767837176518553', 4: 544.1307663258377} 
{0: '0.5023923444976076', 1: '0.03827751196172249', 2: '0.0', 3: '1.2767837176518553', 4: 541.2791158283528} 
{0: '0.5047619047619047', 1: '0.0380952380952381', 2: '0.0', 3: '1.2011244339814315', 4: 545.1288074071305} 
{0: '0.5071090047393365', 1: '0.037914691943127965', 2: '0.0', 3: '1.1299485464621188', 4: 544.0010930865541} 
{0: '0.5094339622641509', 1: '0.03773584905660377', 2: '0.0', 3: '1.0629903792895394', 4: 549.0828819339627} 
{0: '0.5117370892018779', 1: '0.03755868544600939', 2: '0.0', 3: '1.0', 4: 543.554390676674} 
{0: '0.5093457943925234', 1: '0.04205607476635514', 2: '0.0', 3: '1.0', 4: 546.822614332817} 
{0: '0.5116279069767442', 1: '0.046511627906976744', 2: '0.0', 3: '1.0629903792895394', 4: 549.0905178379974} 
{0: '0.5138888888888888', 1: '0.046296296296296294', 2: '0.0', 3: '1.1299485464621188', 4: 546.4598862923285} 
{0: '0.511520737327189', 1: '0.04608294930875576', 2: '0.0', 3: '1.1299485464621188', 4: 540.054050938277} 
{0: '0.5091743119266054', 1: '0.045871559633027525', 2: '0.0', 3: '1.1299485464621188', 4: 546.5833715780957} 
{0: '0.5114155251141552', 1: '0.045662100456621', 2: '0.0', 3: '1.2011244339814315', 4: 549.0741672556675} 
{0: '0.5136363636363637', 1: '0.045454545454545456', 2: '0.0', 3: '1.2767837176518553', 4: 542.9040375924753} 
{0: '0.5158371040723982', 1: '0.04524886877828054', 2: '0.0', 3: '1.3572088082974538', 4: 543.9789588715513} 
{0: '0.5135135135135135', 1: '0.04504504504504504', 2: '0.0', 3: '1.3572088082974538', 4: 542.876854984038} 
{0: '0.515695067264574', 1: '0.04484304932735426', 2: '0.0', 3: '1.2767837176518553', 4: 543.0870679642303} 
{0: '0.5178571428571429', 1: '0.044642857142857144', 2: '0.0', 3: '1.2011244339814315', 4: 543.4719870264715} 
{0: '0.52', 1: '0.044444444444444446', 2: '0.0', 3: '1.1299485464621188', 4: 546.0403069528267} 
{0: '0.5176991150442478', 1: '0.04424778761061947', 2: '0.0', 3: '1.1299485464621188', 4: 544.5989386253157} 
{0: '0.5198237885462555', 1: '0.04405286343612335', 2: '0.0', 3: '1.2011244339814315', 4: 543.3912504983405} 
{0: '0.5175438596491229', 1: '0.043859649122807015', 2: '0.0', 3: '1.2011244339814315', 4: 546.2009266927749} 
{0: '0.5152838427947598', 1: '0.043668122270742356', 2: '0.0', 3: '1.2011244339814315', 4: 548.5793154681336} 
{0: '0.5173913043478261', 1: '0.043478260869565216', 2: '0.0', 3: '1.2767837176518553', 4: 548.6211321062344} 
{0: '0.5194805194805194', 1: '0.04329004329004329', 2: '0.0', 3: '1.3572088082974538', 4: 549.7902634827589} 
{0: '0.5172413793103449', 1: '0.04310344827586207', 2: '0.0', 3: '1.3572088082974538', 4: 552.6888590427604} 
{0: '0.5150214592274678', 1: '0.04291845493562232', 2: '0.0', 3: '1.3572088082974538', 4: 555.877073404253} 
{0: '0.5170940170940171', 1: '0.042735042735042736', 2: '0.0', 3: '1.4426999059072143', 4: 548.0521835088973} 
{0: '0.5148936170212766', 1: '0.0425531914893617', 2: '0.0', 3: '1.4426999059072143', 4: 544.6197515030414} 
{0: '0.5169491525423728', 1: '0.0423728813559322', 2: '0.0', 3: '1.3572088082974538', 4: 545.2277464152043} 
{0: '0.5189873417721519', 1: '0.04219409282700422', 2: '0.0', 3: '1.2767837176518553', 4: 542.9862287224473} 
{0: '0.5210084033613446', 1: '0.04201680672268908', 2: '0.0', 3: '1.2011244339814315', 4: 550.2647286554034} 
{0: '0.5188284518828452', 1: '0.04184100418410042', 2: '0.0', 3: '1.2011244339814315', 4: 551.7467859586129} 
{0: '0.5166666666666667', 1: '0.041666666666666664', 2: '0.0', 3: '1.2011244339814315', 4: 546.6574629356833} 
{0: '0.5186721991701245', 1: '0.04149377593360996', 2: '0.0', 3: '1.1299485464621188', 4: 545.6030856395903} 
{0: '0.5206611570247934', 1: '0.04132231404958678', 2: '0.0', 3: '1.0629903792895394', 4: 548.451698370527} 
{0: '0.5185185185185185', 1: '0.0411522633744856', 2: '0.0', 3: '1.0629903792895394', 4: 543.9903910458565} 
{0: '0.5204918032786885', 1: '0.040983606557377046', 2: '0.0', 3: '1.1299485464621188', 4: 539.6299049115585} 
{0: '0.5224489795918368', 1: '0.04081632653061224', 2: '0.0', 3: '1.2011244339814315', 4: 546.6752025961749} 
{0: '0.524390243902439', 1: '0.04065040650406504', 2: '0.0', 3: '1.2767837176518553', 4: 542.4049602857523} 
{0: '0.5263157894736842', 1: '0.04048582995951417', 2: '0.0', 3: '1.3572088082974538', 4: 553.2278587909725} 
{0: '0.5241935483870968', 1: '0.04032258064516129', 2: '0.0', 3: '1.3572088082974538', 4: 546.9271139890859} 
{0: '0.5261044176706827', 1: '0.040160642570281124', 2: '0.0', 3: '1.2767837176518553', 4: 542.6415930589736} 
{0: '0.524', 1: '0.04', 2: '0.0', 3: '1.2767837176518553', 4: 546.2366005903688} 
{0: '0.5258964143426295', 1: '0.0398406374501992', 2: '0.0', 3: '1.3572088082974538', 4: 542.1797947981369} 
{0: '0.5238095238095238', 1: '0.03968253968253968', 2: '0.0', 3: '1.3572088082974538', 4: 542.6267910043891} 
{0: '0.525691699604743', 1: '0.039525691699604744', 2: '0.0', 3: '1.2767837176518553', 4: 543.3456709064287} 
{0: '0.5275590551181102', 1: '0.03937007874015748', 2: '0.0', 3: '1.2011244339814315', 4: 551.2137066796774} 
{0: '0.5254901960784314', 1: '0.0392156862745098', 2: '0.0', 3: '1.2011244339814315', 4: 546.9320141020137} 
{0: '0.52734375', 1: '0.0390625', 2: '0.0', 3: '1.2767837176518553', 4: 543.9050337910506} 
{0: '0.5291828793774319', 1: '0.038910505836575876', 2: '0.0', 3: '1.3572088082974538', 4: 548.0451667498878} 
{0: '0.5271317829457365', 1: '0.03875968992248062', 2: '0.0', 3: '1.3572088082974538', 4: 549.4676832742489} 
{0: '0.528957528957529', 1: '0.03861003861003861', 2: '0.0', 3: '1.2767837176518553', 4: 545.0240242198976} 
{0: '0.5269230769230769', 1: '0.038461538461538464', 2: '0.0', 3: '1.2767837176518553', 4: 548.1474364404033} 
{0: '0.524904214559387', 1: '0.038314176245210725', 2: '0.0', 3: '1.2767837176518553', 4: 548.1883998755824} 
{0: '0.5267175572519084', 1: '0.03816793893129771', 2: '0.0', 3: '1.2011244339814315', 4: 543.5308634208586} 
{0: '0.5285171102661597', 1: '0.03802281368821293', 2: '0.0', 3: '1.1299485464621188', 4: 548.158889048883} 
{0: '0.5265151515151515', 1: '0.03787878787878788', 2: '0.0', 3: '1.1299485464621188', 4: 543.5952186387044} 
{0: '0.5283018867924528', 1: '0.03773584905660377', 2: '0.0', 3: '1.2011244339814315', 4: 543.2463101529254} 
{0: '0.5300751879699248', 1: '0.03759398496240601', 2: '0.0', 3: '1.2767837176518553', 4: 550.3758274417605} 
{0: '0.5318352059925093', 1: '0.03745318352059925', 2: '0.0', 3: '1.3572088082974538', 4: 545.905520222376} 
{0: '0.5335820895522388', 1: '0.03731343283582089', 2: '0.0', 3: '1.4426999059072143', 4: 549.4797251708352} 
{0: '0.5315985130111525', 1: '0.03717472118959108', 2: '0.0', 3: '1.4426999059072143', 4: 550.0461500553881} 
{0: '0.5296296296296297', 1: '0.037037037037037035', 2: '0.0', 3: '1.4426999059072143', 4: 539.9555984331001} 
{0: '0.5276752767527675', 1: '0.03690036900369004', 2: '0.0', 3: '1.4426999059072143', 4: 541.0145221020362} 
{0: '0.5294117647058824', 1: '0.03676470588235294', 2: '0.0', 3: '1.3572088082974538', 4: 550.5936866151621} 
{0: '0.5311355311355311', 1: '0.03663003663003663', 2: '0.0', 3: '1.2767837176518553', 4: 549.0914142348313} 
{0: '0.5328467153284672', 1: '0.0364963503649635', 2: '0.0', 3: '1.2011244339814315', 4: 548.9707683321219} 
{0: '0.5309090909090909', 1: '0.03636363636363636', 2: '0.0', 3: '1.2011244339814315', 4: 550.1659066509782} 
{0: '0.532608695652174', 1: '0.036231884057971016', 2: '0.0', 3: '1.2767837176518553', 4: 547.8246373411065} 
{0: '0.5342960288808665', 1: '0.036101083032490974', 2: '0.0', 3: '1.3572088082974538', 4: 545.5184856117858} 
{0: '0.5359712230215827', 1: '0.03597122302158273', 2: '0.0', 3: '1.4426999059072143', 4: 551.6769984267047} 
{0: '0.5376344086021505', 1: '0.035842293906810034', 2: '0.0', 3: '1.5335761201812925', 4: 545.1816703933384} 
{0: '0.5392857142857143', 1: '0.03571428571428571', 2: '0.0', 3: '1.6301766616608926', 4: 548.0084002646895} 
{0: '0.5373665480427047', 1: '0.03558718861209965', 2: '0.0', 3: '1.6301766616608926', 4: 551.726312994668} 
{0: '0.5390070921985816', 1: '0.03546099290780142', 2: '0.0', 3: '1.5335761201812925', 4: 538.5436704131052} 
{0: '0.5406360424028268', 1: '0.0353356890459364', 2: '0.0', 3: '1.4426999059072143', 4: 546.7863308591632} 
{0: '0.5422535211267606', 1: '0.035211267605633804', 2: '0.0', 3: '1.3572088082974538', 4: 543.5767145478525} 
{0: '0.543859649122807', 1: '0.03508771929824561', 2: '0.0', 3: '1.2767837176518553', 4: 551.6386538298619} 
{0: '0.541958041958042', 1: '0.03496503496503497', 2: '0.0', 3: '1.2767837176518553', 4: 547.8588230383347} 
{0: '0.5435540069686411', 1: '0.03484320557491289', 2: '0.0', 3: '1.3572088082974538', 4: 542.8098748031007} 
{0: '0.5416666666666666', 1: '0.034722222222222224', 2: '0.0', 3: '1.3572088082974538', 4: 549.1649406610733} 
{0: '0.5432525951557093', 1: '0.03460207612456748', 2: '0.0', 3: '1.2767837176518553', 4: 549.4586277500615} 
{0: '0.5413793103448276', 1: '0.034482758620689655', 2: '0.0', 3: '1.2767837176518553', 4: 553.2699203725847} 
{0: '0.5429553264604811', 1: '0.03436426116838488', 2: '0.0', 3: '1.3572088082974538', 4: 552.0354290150033} 
{0: '0.5445205479452054', 1: '0.03424657534246575', 2: '0.0', 3: '1.4426999059072143', 4: 544.3722657913354} 
{0: '0.5460750853242321', 1: '0.034129692832764506', 2: '0.0', 3: '1.5335761201812925', 4: 545.7549975054923} 
{0: '0.54421768707483', 1: '0.034013605442176874', 2: '0.0', 3: '1.5335761201812925', 4: 553.8676261744478} 
{0: '0.5457627118644067', 1: '0.03389830508474576', 2: '0.0', 3: '1.4426999059072143', 4: 545.95694698893} 
{0: '0.5472972972972973', 1: '0.033783783783783786', 2: '0.0', 3: '1.3572088082974538', 4: 546.6413429762356} 
{0: '0.5488215488215489', 1: '0.03367003367003367', 2: '0.0', 3: '1.2767837176518553', 4: 551.317090390224} 
{0: '0.5469798657718121', 1: '0.03355704697986577', 2: '0.0', 3: '1.2767837176518553', 4: 548.9777720825772} 
{0: '0.5484949832775919', 1: '0.033444816053511704', 2: '0.0', 3: '1.3572088082974538', 4: 550.0460096786693} 
{0: '0.55', 1: '0.03333333333333333', 2: '0.0', 3: '1.4426999059072143', 4: 549.8348064401805} 
{0: '0.5514950166112956', 1: '0.03322259136212625', 2: '0.0', 3: '1.5335761201812925', 4: 548.8352077627917} 
{0: '0.5529801324503312', 1: '0.033112582781456956', 2: '0.0', 3: '1.6301766616608926', 4: 544.2422786784906} 
{0: '0.5544554455445545', 1: '0.033003300330033', 2: '0.0', 3: '1.7328621078878674', 4: 557.2286193315487} 
{0: '0.555921052631579', 1: '0.03289473684210526', 2: '0.0', 3: '1.842015749320195', 4: 551.5603448647943} 
{0: '0.5540983606557377', 1: '0.03278688524590164', 2: '0.0', 3: '1.842015749320195', 4: 555.6404855511392} 
{0: '0.5555555555555556', 1: '0.032679738562091505', 2: '0.0', 3: '1.7328621078878674', 4: 543.9725962996947} 
{0: '0.5570032573289903', 1: '0.03257328990228013', 2: '0.0', 3: '1.6301766616608926', 4: 547.395053284952} 
{0: '0.5584415584415584', 1: '0.032467532467532464', 2: '0.0', 3: '1.5335761201812925', 4: 552.6502668793769} 
{0: '0.5598705501618123', 1: '0.032362459546925564', 2: '0.0', 3: '1.4426999059072143', 4: 544.6341749801983} 
{0: '0.5612903225806452', 1: '0.03225806451612903', 2: '0.0', 3: '1.3572088082974538', 4: 547.2329030179999} 
{0: '0.5627009646302251', 1: '0.03215434083601286', 2: '0.0', 3: '1.2767837176518553', 4: 545.6584050435108} 
{0: '0.5608974358974359', 1: '0.03205128205128205', 2: '0.0', 3: '1.2767837176518553', 4: 547.2379338807656} 
{0: '0.5623003194888179', 1: '0.03194888178913738', 2: '0.0', 3: '1.3572088082974538', 4: 551.987315435726} 
{0: '0.5636942675159236', 1: '0.03184713375796178', 2: '0.0', 3: '1.4426999059072143', 4: 552.8707663043671} 
{0: '0.5650793650793651', 1: '0.031746031746031744', 2: '0.0', 3: '1.5335761201812925', 4: 550.9631230791156} 
{0: '0.5664556962025317', 1: '0.03164556962025317', 2: '0.0', 3: '1.6301766616608926', 4: 547.1459633160105} 
{0: '0.5646687697160884', 1: '0.031545741324921134', 2: '0.0', 3: '1.6301766616608926', 4: 556.0475157556556} 
{0: '0.5660377358490566', 1: '0.031446540880503145', 2: '0.0', 3: '1.5335761201812925', 4: 550.4762626648068} 
{0: '0.567398119122257', 1: '0.03134796238244514', 2: '0.0', 3: '1.4426999059072143', 4: 548.3058785702784} 
{0: '0.56875', 1: '0.03125', 2: '0.0', 3: '1.3572088082974538', 4: 550.2456389060291} 
{0: '0.5669781931464174', 1: '0.03115264797507788', 2: '0.0', 3: '1.3572088082974538', 4: 545.1478828645221} 
{0: '0.5683229813664596', 1: '0.031055900621118012', 2: '0.0', 3: '1.4426999059072143', 4: 544.3478542245448} 
{0: '0.5696594427244582', 1: '0.030959752321981424', 2: '0.0', 3: '1.5335761201812925', 4: 551.3065977886149} 
{0: '0.5709876543209876', 1: '0.030864197530864196', 2: '0.0', 3: '1.6301766616608926', 4: 549.5220238641111} 
{0: '0.5723076923076923', 1: '0.03076923076923077', 2: '0.0', 3: '1.7328621078878674', 4: 556.8217682417059} 
{0: '0.5736196319018405', 1: '0.03067484662576687', 2: '0.0', 3: '1.842015749320195', 4: 544.5297000139416} 
{0: '0.5749235474006116', 1: '0.03058103975535168', 2: '0.0', 3: '1.958045020027179', 4: 543.5544712282244} 
{0: '0.573170731707317', 1: '0.03048780487804878', 2: '0.0', 3: '1.958045020027179', 4: 549.2416460511048} 
{0: '0.574468085106383', 1: '0.030395136778115502', 2: '0.0', 3: '1.842015749320195', 4: 551.5083718106655} 
{0: '0.5757575757575758', 1: '0.030303030303030304', 2: '0.0', 3: '1.7328621078878674', 4: 544.7674779513584} 
{0: '0.5770392749244713', 1: '0.030211480362537766', 2: '0.0', 3: '1.6301766616608926', 4: 546.1180014297131} 
{0: '0.5783132530120482', 1: '0.030120481927710843', 2: '0.0', 3: '1.5335761201812925', 4: 549.6769664205393} 
{0: '0.5795795795795796', 1: '0.03003003003003003', 2: '0.0', 3: '1.4426999059072143', 4: 550.7767451217576} 
{0: '0.5808383233532934', 1: '0.029940119760479042', 2: '0.0', 3: '1.3572088082974538', 4: 546.044155200914} 
{0: '0.582089552238806', 1: '0.029850746268656716', 2: '0.0', 3: '1.2767837176518553', 4: 544.9923489781337} 
{0: '0.5803571428571429', 1: '0.02976190476190476', 2: '0.0', 3: '1.2767837176518553', 4: 546.2090103880176} 
{0: '0.5816023738872403', 1: '0.02967359050445104', 2: '0.0', 3: '1.3572088082974538', 4: 546.4150683635377} 
{0: '0.5828402366863905', 1: '0.029585798816568046', 2: '0.0', 3: '1.4426999059072143', 4: 543.681283376328} 
{0: '0.5811209439528023', 1: '0.029498525073746312', 2: '0.0', 3: '1.4426999059072143', 4: 548.1724497873527} 
{0: '0.5823529411764706', 1: '0.029411764705882353', 2: '0.0', 3: '1.3572088082974538', 4: 550.6639661860355} 
{0: '0.5806451612903226', 1: '0.02932551319648094', 2: '0.0', 3: '1.3572088082974538', 4: 546.3399451935611} 
{0: '0.5818713450292398', 1: '0.029239766081871343', 2: '0.0', 3: '1.4426999059072143', 4: 540.4708579661501} 
{0: '0.5801749271137027', 1: '0.029154518950437316', 2: '0.0', 3: '1.4426999059072143', 4: 542.2123946419352} 
{0: '0.5813953488372093', 1: '0.029069767441860465', 2: '0.0', 3: '1.3572088082974538', 4: 539.3703225557413} 
{0: '0.5826086956521739', 1: '0.028985507246376812', 2: '0.0', 3: '1.2767837176518553', 4: 552.0101426700497} 
{0: '0.5809248554913294', 1: '0.028901734104046242', 2: '0.0', 3: '1.2767837176518553', 4: 540.8350224748225} 
{0: '0.5821325648414986', 1: '0.02881844380403458', 2: '0.0', 3: '1.3572088082974538', 4: 545.0334441018271} 
{0: '0.5833333333333334', 1: '0.028735632183908046', 2: '0.0', 3: '1.4426999059072143', 4: 545.9847409506588} 
{0: '0.5845272206303725', 1: '0.02865329512893983', 2: '0.0', 3: '1.5335761201812925', 4: 548.9674600893248} 
{0: '0.5857142857142857', 1: '0.02857142857142857', 2: '0.0', 3: '1.6301766616608926', 4: 546.8699051434131} 
{0: '0.584045584045584', 1: '0.02849002849002849', 2: '0.0', 3: '1.6301766616608926', 4: 549.183986763385} 
{0: '0.5852272727272727', 1: '0.028409090909090908', 2: '0.0', 3: '1.5335761201812925', 4: 549.4954616412781} 
{0: '0.5864022662889519', 1: '0.028328611898016998', 2: '0.0', 3: '1.4426999059072143', 4: 545.2451951830259} 
{0: '0.5875706214689266', 1: '0.02824858757062147', 2: '0.0', 3: '1.3572088082974538', 4: 538.6258201588763} 
{0: '0.5887323943661972', 1: '0.028169014084507043', 2: '0.0', 3: '1.2767837176518553', 4: 546.0402053226638} 
{0: '0.5898876404494382', 1: '0.028089887640449437', 2: '0.0', 3: '1.2011244339814315', 4: 545.1950536170322} 
{0: '0.5882352941176471', 1: '0.028011204481792718', 2: '0.0', 3: '1.2011244339814315', 4: 541.8000115054255} 
{0: '0.5893854748603352', 1: '0.027932960893854747', 2: '0.0', 3: '1.2767837176518553', 4: 543.2327032253849} 
{0: '0.5905292479108635', 1: '0.027855153203342618', 2: '0.0', 3: '1.3572088082974538', 4: 543.3196830071167} 
{0: '0.5888888888888889', 1: '0.027777777777777776', 2: '0.0', 3: '1.3572088082974538', 4: 545.5948706428} 
{0: '0.5872576177285319', 1: '0.027700831024930747', 2: '0.0', 3: '1.3572088082974538', 4: 546.4640606872581} 
{0: '0.5883977900552486', 1: '0.027624309392265192', 2: '0.0', 3: '1.4426999059072143', 4: 547.3530486725135} 
{0: '0.5895316804407713', 1: '0.027548209366391185', 2: '0.0', 3: '1.5335761201812925', 4: 545.5301336845403} 
{0: '0.5879120879120879', 1: '0.027472527472527472', 2: '0.0', 3: '1.5335761201812925', 4: 548.6034501970868} 
{0: '0.589041095890411', 1: '0.0273972602739726', 2: '0.0', 3: '1.4426999059072143', 4: 547.1708275943274} 
{0: '0.5901639344262295', 1: '0.0273224043715847', 2: '0.0', 3: '1.3572088082974538', 4: 544.9261101438731} 
{0: '0.5912806539509536', 1: '0.027247956403269755', 2: '0.0', 3: '1.2767837176518553', 4: 551.8813766260507} 
{0: '0.592391304347826', 1: '0.02717391304347826', 2: '0.0', 3: '1.2011244339814315', 4: 545.8434124161926} 
{0: '0.5907859078590786', 1: '0.02710027100271003', 2: '0.0', 3: '1.2011244339814315', 4: 546.9288748401791} 
{0: '0.5918918918918918', 1: '0.02702702702702703', 2: '0.0', 3: '1.2767837176518553', 4: 546.7371096950376} 
{0: '0.5929919137466307', 1: '0.026954177897574125', 2: '0.0', 3: '1.3572088082974538', 4: 548.9960984915292} 
{0: '0.5940860215053764', 1: '0.026881720430107527', 2: '0.0', 3: '1.4426999059072143', 4: 539.7546067874598} 
{0: '0.5924932975871313', 1: '0.02680965147453083', 2: '0.0', 3: '1.4426999059072143', 4: 550.0119881282116} 
{0: '0.5935828877005348', 1: '0.026737967914438502', 2: '0.0', 3: '1.3572088082974538', 4: 540.4420179845032} 
{0: '0.5946666666666667', 1: '0.02666666666666667', 2: '0.0', 3: '1.2767837176518553', 4: 548.259979915449} 
{0: '0.5930851063829787', 1: '0.026595744680851064', 2: '0.0', 3: '1.2767837176518553', 4: 549.5748999900221} 
{0: '0.5941644562334217', 1: '0.026525198938992044', 2: '0.0', 3: '1.3572088082974538', 4: 542.8187775419266} 
{0: '0.5952380952380952', 1: '0.026455026455026454', 2: '0.0', 3: '1.4426999059072143', 4: 545.8777085670182} 
{0: '0.5963060686015831', 1: '0.026385224274406333', 2: '0.0', 3: '1.5335761201812925', 4: 546.4078268972331} 
{0: '0.5973684210526315', 1: '0.02631578947368421', 2: '0.0', 3: '1.6301766616608926', 4: 545.3743183121592} 
{0: '0.5984251968503937', 1: '0.026246719160104987', 2: '0.0', 3: '1.7328621078878674', 4: 559.7446300045129} 
{0: '0.599476439790576', 1: '0.02617801047120419', 2: '0.0', 3: '1.842015749320195', 4: 543.4096746036262} 
{0: '0.597911227154047', 1: '0.02610966057441253', 2: '0.0', 3: '1.842015749320195', 4: 555.816195125094} 
{0: '0.5989583333333334', 1: '0.026041666666666668', 2: '0.0', 3: '1.7328621078878674', 4: 545.678384188315} 
{0: '0.6', 1: '0.025974025974025976', 2: '0.0', 3: '1.6301766616608926', 4: 554.5937691164988} 
{0: '0.6010362694300518', 1: '0.025906735751295335', 2: '0.0', 3: '1.5335761201812925', 4: 548.1664207615945} 
{0: '0.6020671834625323', 1: '0.025839793281653745', 2: '0.0', 3: '1.4426999059072143', 4: 546.5853767307187} 
{0: '0.6005154639175257', 1: '0.02577319587628866', 2: '0.0', 3: '1.4426999059072143', 4: 545.7668314452219} 
{0: '0.6015424164524421', 1: '0.02570694087403599', 2: '0.0', 3: '1.5335761201812925', 4: 546.5362658112842} 
{0: '0.6025641025641025', 1: '0.02564102564102564', 2: '0.0', 3: '1.6301766616608926', 4: 549.1729115910995} 
{0: '0.6010230179028133', 1: '0.02557544757033248', 2: '0.0', 3: '1.6301766616608926', 4: 553.1508959395749} 
{0: '0.6020408163265306', 1: '0.025510204081632654', 2: '0.0', 3: '1.5335761201812925', 4: 547.4600074657758} 
{0: '0.6005089058524173', 1: '0.02544529262086514', 2: '0.0', 3: '1.5335761201812925', 4: 549.8854037369442} 
{0: '0.6015228426395939', 1: '0.025380710659898477', 2: '0.0', 3: '1.6301766616608926', 4: 552.4260728980876} 
{0: '0.6025316455696202', 1: '0.02531645569620253', 2: '0.0', 3: '1.7328621078878674', 4: 543.034475732259} 
{0: '0.6035353535353535', 1: '0.025252525252525252', 2: '0.0', 3: '1.842015749320195', 4: 545.2328486055962} 
{0: '0.6020151133501259', 1: '0.02518891687657431', 2: '0.0', 3: '1.842015749320195', 4: 558.2100217237248} 
{0: '0.6030150753768844', 1: '0.02512562814070352', 2: '0.0', 3: '1.7328621078878674', 4: 543.5984378921161} 
{0: '0.6040100250626567', 1: '0.02506265664160401', 2: '0.0', 3: '1.6301766616608926', 4: 548.0029012183717} 
{0: '0.605', 1: '0.025', 2: '0.0', 3: '1.5335761201812925', 4: 543.1965207195523} 
{0: '0.6059850374064838', 1: '0.02493765586034913', 2: '0.0', 3: '1.4426999059072143', 4: 545.9002517889239} 
{0: '0.6044776119402985', 1: '0.024875621890547265', 2: '0.0', 3: '1.4426999059072143', 4: 549.2090208082483} 
{0: '0.6054590570719603', 1: '0.02481389578163772', 2: '0.0', 3: '1.5335761201812925', 4: 544.7200729248957} 
{0: '0.6064356435643564', 1: '0.024752475247524754', 2: '0.0', 3: '1.6301766616608926', 4: 543.0711996806699} 
{0: '0.6074074074074074', 1: '0.024691358024691357', 2: '0.0', 3: '1.7328621078878674', 4: 547.9764830644796} 
{0: '0.6059113300492611', 1: '0.024630541871921183', 2: '0.0', 3: '1.7328621078878674', 4: 551.8615908445116} 
{0: '0.6068796068796068', 1: '0.02457002457002457', 2: '0.0', 3: '1.6301766616608926', 4: 555.6253630228371} 
{0: '0.6078431372549019', 1: '0.024509803921568627', 2: '0.0', 3: '1.5335761201812925', 4: 541.8732012868254} 
{0: '0.60880195599022', 1: '0.02444987775061125', 2: '0.0', 3: '1.4426999059072143', 4: 547.5643632724453} 
{0: '0.6097560975609756', 1: '0.024390243902439025', 2: '0.0', 3: '1.3572088082974538', 4: 551.1302540085248} 
{0: '0.6082725060827251', 1: '0.024330900243309004', 2: '0.0', 3: '1.3572088082974538', 4: 548.5617924635861} 
{0: '0.6092233009708737', 1: '0.024271844660194174', 2: '0.0', 3: '1.4426999059072143', 4: 555.5952470241485} 
{0: '0.6101694915254238', 1: '0.024213075060532687', 2: '0.0', 3: '1.5335761201812925', 4: 548.6835332103469} 
{0: '0.6111111111111112', 1: '0.024154589371980676', 2: '0.0', 3: '1.6301766616608926', 4: 553.5360952198514} 
{0: '0.6120481927710844', 1: '0.024096385542168676', 2: '0.0', 3: '1.7328621078878674', 4: 552.48475058687} 
{0: '0.6129807692307693', 1: '0.02403846153846154', 2: '0.0', 3: '1.842015749320195', 4: 551.732808034429} 
{0: '0.6139088729016786', 1: '0.023980815347721823', 2: '0.0', 3: '1.958045020027179', 4: 545.6001351791427} 
{0: '0.6124401913875598', 1: '0.023923444976076555', 2: '0.0', 3: '1.958045020027179', 4: 556.4721604507782} 
{0: '0.6133651551312649', 1: '0.02386634844868735', 2: '0.0', 3: '1.842015749320195', 4: 550.9353557028389} 
{0: '0.6142857142857143', 1: '0.023809523809523808', 2: '0.0', 3: '1.7328621078878674', 4: 554.2783208655109} 
{0: '0.6152019002375297', 1: '0.023752969121140142', 2: '0.0', 3: '1.6301766616608926', 4: 544.4079255903212} 
{0: '0.6161137440758294', 1: '0.023696682464454975', 2: '0.0', 3: '1.5335761201812925', 4: 547.1526975761184} 
{0: '0.6170212765957447', 1: '0.02364066193853428', 2: '0.0', 3: '1.4426999059072143', 4: 550.7302289541673} 
{0: '0.6179245283018868', 1: '0.02358490566037736', 2: '0.0', 3: '1.3572088082974538', 4: 546.7730379148818} 
{0: '0.6188235294117647', 1: '0.023529411764705882', 2: '0.0', 3: '1.2767837176518553', 4: 550.4929076183149} 
{0: '0.6197183098591549', 1: '0.023474178403755867', 2: '0.0', 3: '1.2011244339814315', 4: 550.2195697175727} 
{0: '0.6182669789227166', 1: '0.0234192037470726', 2: '0.0', 3: '1.2011244339814315', 4: 551.9460287135727} 
{0: '0.6191588785046729', 1: '0.02336448598130841', 2: '0.0', 3: '1.2767837176518553', 4: 543.5231714960017} 
{0: '0.62004662004662', 1: '0.023310023310023312', 2: '0.0', 3: '1.3572088082974538', 4: 551.8506505609827} 
{0: '0.6209302325581395', 1: '0.023255813953488372', 2: '0.0', 3: '1.4426999059072143', 4: 546.0050465035455} 
{0: '0.6218097447795824', 1: '0.02320185614849188', 2: '0.0', 3: '1.5335761201812925', 4: 551.7771672691133} 
{0: '0.6226851851851852', 1: '0.023148148148148147', 2: '0.0', 3: '1.6301766616608926', 4: 557.2859680283251} 
{0: '0.6235565819861432', 1: '0.023094688221709007', 2: '0.0', 3: '1.7328621078878674', 4: 554.6549939087316} 
{0: '0.6221198156682027', 1: '0.02304147465437788', 2: '0.0', 3: '1.7328621078878674', 4: 553.1439624335665} 
{0: '0.6229885057471264', 1: '0.022988505747126436', 2: '0.0', 3: '1.6301766616608926', 4: 553.2820987611505} 
{0: '0.6215596330275229', 1: '0.022935779816513763', 2: '0.0', 3: '1.6301766616608926', 4: 548.4036968563254} 
{0: '0.6224256292906178', 1: '0.02288329519450801', 2: '0.0', 3: '1.7328621078878674', 4: 554.3800863849771} 
{0: '0.6210045662100456', 1: '0.0228310502283105', 2: '0.0', 3: '1.7328621078878674', 4: 544.4882118824062} 
{0: '0.621867881548975', 1: '0.022779043280182234', 2: '0.0', 3: '1.6301766616608926', 4: 541.8345096362516} 
{0: '0.6227272727272727', 1: '0.022727272727272728', 2: '0.0', 3: '1.5335761201812925', 4: 558.1222386319977} 
{0: '0.6235827664399093', 1: '0.022675736961451247', 2: '0.0', 3: '1.4426999059072143', 4: 559.1944341680687} 
{0: '0.6221719457013575', 1: '0.02262443438914027', 2: '0.0', 3: '1.4426999059072143', 4: 560.5778117755758} 
{0: '0.6207674943566591', 1: '0.022573363431151242', 2: '0.0', 3: '1.4426999059072143', 4: 549.7597215878696} 
{0: '0.6193693693693694', 1: '0.02252252252252252', 2: '0.0', 3: '1.4426999059072143', 4: 542.4532892884397} 
{0: '0.6202247191011236', 1: '0.02247191011235955', 2: '0.0', 3: '1.5335761201812925', 4: 549.3627398504506} 
{0: '0.6188340807174888', 1: '0.02242152466367713', 2: '0.0', 3: '1.5335761201812925', 4: 547.6676467685669} 
{0: '0.6196868008948546', 1: '0.02237136465324385', 2: '0.0', 3: '1.4426999059072143', 4: 542.4979325221674} 
{0: '0.6183035714285714', 1: '0.022321428571428572', 2: '0.0', 3: '1.4426999059072143', 4: 546.8161423628586} 
{0: '0.6191536748329621', 1: '0.022271714922048998', 2: '0.0', 3: '1.5335761201812925', 4: 550.908047399448} 
{0: '0.6177777777777778', 1: '0.022222222222222223', 2: '0.0', 3: '1.5335761201812925', 4: 548.8082222553184} 
{0: '0.6186252771618626', 1: '0.022172949002217297', 2: '0.0', 3: '1.4426999059072143', 4: 544.5070610879349} 
{0: '0.6194690265486725', 1: '0.022123893805309734', 2: '0.0', 3: '1.3572088082974538', 4: 545.9893956209106} 
{0: '0.6181015452538632', 1: '0.02207505518763797', 2: '0.0', 3: '1.3572088082974538', 4: 550.9247147902621} 
{0: '0.6189427312775331', 1: '0.022026431718061675', 2: '0.0', 3: '1.4426999059072143', 4: 549.4466285169924} 
{0: '0.6197802197802198', 1: '0.02197802197802198', 2: '0.0', 3: '1.5335761201812925', 4: 542.0566232337902} 
{0: '0.6206140350877193', 1: '0.021929824561403508', 2: '0.0', 3: '1.6301766616608926', 4: 547.1186225168819} 
{0: '0.6214442013129103', 1: '0.02188183807439825', 2: '0.0', 3: '1.7328621078878674', 4: 540.056080617788} 
{0: '0.6200873362445415', 1: '0.021834061135371178', 2: '0.0', 3: '1.7328621078878674', 4: 546.3333322801838} 
{0: '0.6209150326797386', 1: '0.02178649237472767', 2: '0.0', 3: '1.6301766616608926', 4: 550.9675391804603} 
{0: '0.6217391304347826', 1: '0.021739130434782608', 2: '0.0', 3: '1.5335761201812925', 4: 546.3431075704406} 
{0: '0.6225596529284165', 1: '0.021691973969631236', 2: '0.0', 3: '1.4426999059072143', 4: 547.8607167287039} 
{0: '0.6233766233766234', 1: '0.021645021645021644', 2: '0.0', 3: '1.3572088082974538', 4: 551.0378632272991} 
{0: '0.6220302375809935', 1: '0.02159827213822894', 2: '0.0', 3: '1.3572088082974538', 4: 547.9658054364934} 
{0: '0.6228448275862069', 1: '0.021551724137931036', 2: '0.0', 3: '1.4426999059072143', 4: 545.9569150695324} 
{0: '0.6236559139784946', 1: '0.021505376344086023', 2: '0.0', 3: '1.5335761201812925', 4: 546.25558337922} 
{0: '0.6223175965665236', 1: '0.02145922746781116', 2: '0.0', 3: '1.5335761201812925', 4: 540.3882026138989} 
{0: '0.6209850107066381', 1: '0.021413276231263382', 2: '0.0', 3: '1.5335761201812925', 4: 546.3304808821034} 
{0: '0.6196581196581197', 1: '0.021367521367521368', 2: '0.0', 3: '1.5335761201812925', 4: 546.1286304185367} 
{0: '0.6204690831556503', 1: '0.021321961620469083', 2: '0.0', 3: '1.4426999059072143', 4: 554.0863260836252} 
{0: '0.6191489361702127', 1: '0.02127659574468085', 2: '0.0', 3: '1.4426999059072143', 4: 556.2529021327114} 
{0: '0.6199575371549894', 1: '0.021231422505307854', 2: '0.0', 3: '1.5335761201812925', 4: 548.4601360945499} 
{0: '0.6207627118644068', 1: '0.0211864406779661', 2: '0.0', 3: '1.6301766616608926', 4: 547.2444126775134} 
{0: '0.6215644820295984', 1: '0.021141649048625793', 2: '0.0', 3: '1.7328621078878674', 4: 555.4115100428929} 
{0: '0.6223628691983122', 1: '0.02109704641350211', 2: '0.0', 3: '1.842015749320195', 4: 548.0796120574524} 
{0: '0.6231578947368421', 1: '0.021052631578947368', 2: '0.0', 3: '1.958045020027179', 4: 553.840218175493} 
{0: '0.6218487394957983', 1: '0.02100840336134454', 2: '0.0', 3: '1.958045020027179', 4: 558.2477387393255} 
{0: '0.6226415094339622', 1: '0.020964360587002098', 2: '0.0', 3: '1.842015749320195', 4: 550.7336796676501} 
{0: '0.6234309623430963', 1: '0.02092050209205021', 2: '0.0', 3: '1.7328621078878674', 4: 558.0742225282091} 
{0: '0.6221294363256785', 1: '0.020876826722338204', 2: '0.0', 3: '1.7328621078878674', 4: 561.1174034218565} 
{0: '0.6208333333333333', 1: '0.020833333333333332', 2: '0.0', 3: '1.7328621078878674', 4: 556.6149643486109} 
{0: '0.6216216216216216', 1: '0.02079002079002079', 2: '0.0', 3: '1.6301766616608926', 4: 546.6328270133479} 
{0: '0.6224066390041494', 1: '0.02074688796680498', 2: '0.0', 3: '1.5335761201812925', 4: 543.7277464843623} 
{0: '0.6231884057971014', 1: '0.020703933747412008', 2: '0.0', 3: '1.4426999059072143', 4: 545.6998040870703} 
{0: '0.6239669421487604', 1: '0.02066115702479339', 2: '0.0', 3: '1.3572088082974538', 4: 552.9976284218079} 
{0: '0.622680412371134', 1: '0.020618556701030927', 2: '0.0', 3: '1.3572088082974538', 4: 550.2293404974002} 
{0: '0.6234567901234568', 1: '0.0205761316872428', 2: '0.0', 3: '1.4426999059072143', 4: 542.0276676343818} 
{0: '0.6242299794661191', 1: '0.02053388090349076', 2: '0.0', 3: '1.5335761201812925', 4: 544.3285422499861} 
{0: '0.6229508196721312', 1: '0.020491803278688523', 2: '0.0', 3: '1.5335761201812925', 4: 550.346250032048} 
{0: '0.623721881390593', 1: '0.02044989775051125', 2: '0.0', 3: '1.4426999059072143', 4: 548.1375994222209} 
{0: '0.6244897959183674', 1: '0.02040816326530612', 2: '0.0', 3: '1.3572088082974538', 4: 548.8442452445047} 
{0: '0.6252545824847251', 1: '0.020366598778004074', 2: '0.0', 3: '1.2767837176518553', 4: 547.7083053347744} 
{0: '0.6239837398373984', 1: '0.02032520325203252', 2: '0.0', 3: '1.2767837176518553', 4: 542.6225083256866} 
{0: '0.6247464503042597', 1: '0.02028397565922921', 2: '0.0', 3: '1.3572088082974538', 4: 540.0524912915315} 
{0: '0.6255060728744939', 1: '0.020242914979757085', 2: '0.0', 3: '1.4426999059072143', 4: 552.0118752127793} 
{0: '0.6262626262626263', 1: '0.020202020202020204', 2: '0.0', 3: '1.5335761201812925', 4: 539.9852429340112} 
{0: '0.625', 1: '0.020161290322580645', 2: '0.0', 3: '1.5335761201812925', 4: 546.07573571537} 
{0: '0.6237424547283702', 1: '0.02012072434607646', 2: '0.0', 3: '1.5335761201812925', 4: 549.822578724112} 
{0: '0.6224899598393574', 1: '0.020080321285140562', 2: '0.0', 3: '1.5335761201812925', 4: 544.7199896308117} 
{0: '0.6232464929859719', 1: '0.02004008016032064', 2: '0.0', 3: '1.4426999059072143', 4: 548.3688878843615} 
