{'STAT2HEADER': 'STAT2HEADER', 'STAT2HEADER_ENVIRON': 'environ({\'OMPI_MCA_pmix\': \'^s1,s2,cray,isolated\', \'PMIX_MCA_mca_base_component_show_load_errors\': \'1\', \'OMPI_COMMAND\': \'python3\', \'OMPI_ARGV\': \'static_snapshot.py 1 0min\', \'OMPI_MCA_orte_precondition_transports\': \'5a0a1c84a22a29ad-baff6e9a6918b148\', \'LD_LIBRARY_PATH\': \'/salilab/diva1/programs/x86_64linux/numpy-py36-1.19.5/lib:/salilab/diva1/home/libs/x86_64/centos8:/salilab/diva1/home/libs/x86_64:/salilab/diva1/home/imp/main/20240607-af6f9d6a95/lib/release8:/salilab/diva1/programs/x86_64linux/opencv-4.3.0/lib64/rhel:/salilab/diva1/programs/x86_64linux/opencv-4.3.0/lib64:/salilab/diva1/programs/x86_64linux/hdf5-1.10.7/lib:/salilab/diva1/programs/x86_64linux/libtau-py27-1.0.1/lib64:/salilab/diva1/programs/x86_64linux/boost-1.73.0/lib64:/usr/lib64/openmpi/lib:/wynton/group/sali/miha_rozic/Software/imp-develop/build/lib::\', \'IMP_TMP_DIR\': \'/wynton/group/sali/miha_rozic/Software/imp-develop/build/tmp\', \'PE_HOSTFILE\': \'/var/spool/sge/wynton/qb3-id306/active_jobs/707263.1/pe_hostfile\', \'__LMOD_REF_COUNT_PATH\': \'/salilab/diva1/programs/x86_64linux/numpy-py36-1.19.5/bin:1;/salilab/diva1/home/imp/main/20240607-af6f9d6a95/bin/release8:1;/salilab/diva1/programs/x86_64linux/opencv-4.3.0/bin:1;/salilab/diva1/programs/x86_64linux/hdf5-1.10.7/bin:1;/usr/lib64/openmpi/bin:1;/wynton/home/sali/rozicmiha/.local/bin:1;/wynton/home/sali/rozicmiha/bin:1;/wynton/group/sali/miha_rozic/Software/imp-develop/build/bin:1;/wynton/group/sali/miha_rozic/Software/imp-develop/build/module_bin/EMageFit:1;/wynton/group/sali/miha_rozic/Software/imp-develop/build/module_bin/algebra:1;/wynton/group/sali/miha_rozic/Software/imp-develop/build/module_bin/atom:1;/wynton/group/sali/miha_rozic/Software/imp-develop/build/module_bin/benchmark:1;/wynton/group/sali/miha_rozic/Software/imp-develop/build/module_bin/cgal:1;/wynton/group/sali/miha_rozic/Software/imp-develop/build/module_bin/cnmultifit:1;/wynton/group/sali/miha_rozic/Software/imp-develop/build/module_bin/container:1;/wynton/group/sali/miha_rozic/Software/imp-develop/build/module_bin/core:1;/wynton/group/sali/miha_rozic/Software/imp-develop/build/module_bin/display:1;/wynton/group/sali/miha_rozic/Software/imp-develop/build/module_bin/domino:1;/wynton/group/sali/miha_rozic/Software/imp-develop/build/module_bin/em:1;/wynton/group/sali/miha_rozic/Software/imp-develop/build/module_bin/em2d:1;/wynton/group/sali/miha_rozic/Software/imp-develop/build/module_bin/example:1;/wynton/group/sali/miha_rozic/Software/imp-develop/build/module_bin/foxs:1;/wynton/group/sali/miha_rozic/Software/imp-develop/build/module_bin/gsl:1;/wynton/group/sali/miha_rozic/Software/imp-develop/build/module_bin/integrative_docking:1;/wynton/group/sali/miha_rozic/Software/imp-develop/build/module_bin/isd:1;/wynton/group/sali/miha_rozic/Software/imp-develop/build/module_bin/kernel:1;/wynton/group/sali/miha_rozic/Software/imp-develop/build/module_bin/kinematics:1;/wynton/group/sali/miha_rozic/Software/imp-develop/build/module_bin/kmeans:1;/wynton/group/sali/miha_rozic/Software/imp-develop/build/module_bin/misc:1;/wynton/group/sali/miha_rozic/Software/imp-develop/build/module_bin/mmcif:1;/wynton/group/sali/miha_rozic/Software/imp-develop/build/module_bin/modeller:1;/wynton/group/sali/miha_rozic/Software/imp-develop/build/module_bin/mpi:1;/wynton/group/sali/miha_rozic/Software/imp-develop/build/module_bin/multi_state:1;/wynton/group/sali/miha_rozic/Software/imp-develop/build/module_bin/multifit:1;/wynton/group/sali/miha_rozic/Software/imp-develop/build/module_bin/npc:1;/wynton/group/sali/miha_rozic/Software/imp-develop/build/module_bin/npcassembly:1;/wynton/group/sali/miha_rozic/Software/imp-develop/build/module_bin/parallel:1;/wynton/group/sali/miha_rozic/Software/imp-develop/build/module_bin/pepdock:1;/wynton/group/sali/miha_rozic/Software/imp-develop/build/module_bin/pmi:1;/wynton/group/sali/miha_rozic/Software/imp-develop/build/module_bin/rmf:1;/wynton/group/sali/miha_rozic/Software/imp-develop/build/module_bin/rotamer:1;/wynton/group/sali/miha_rozic/Software/imp-develop/build/module_bin/saxs:1;/wynton/group/sali/miha_rozic/Software/imp-develop/build/module_bin/saxs_merge:1;/wynton/group/sali/miha_rozic/Software/imp-develop/build/module_bin/score_functor:1;/wynton/group/sali/miha_rozic/Software/imp-develop/build/module_bin/scratch:1;/wynton/group/sali/miha_rozic/Software/imp-develop/build/module_bin/spb:1;/wynton/group/sali/miha_rozic/Software/imp-develop/build/module_bin/statistics:1;/wynton/group/sali/miha_rozic/Software/imp-develop/build/module_bin/symmetry:1;/wynton/group/sali/miha_rozic/Software/imp-develop/build/module_bin/test:1;/opt/sge/bin:1;/opt/sge/bin/lx-amd64:1;/scratch/707263.1.member.q:1;/usr/local/bin:1;/bin:1;/usr/bin:1;/usr/local/sbin:1;/usr/sbin:1\', \'_ModuleTable002_\': \'fSwKc3RhY2tEZXB0aCA9IDEsCnN0YXR1cyA9ICJhY3RpdmUiLAp1c2VyTmFtZSA9ICJib29zdC8xLjczLjAiLAp3ViA9ICIwMDAwMDAwMDEuMDAwMDAwMDczLip6ZmluYWwiLAp9LApoZGY1ID0gewpmbiA9ICIvc2FsaWxhYi9kaXZhMS9ob21lL21vZHVsZXMvaGRmNS8xLjEwLjciLApmdWxsTmFtZSA9ICJoZGY1LzEuMTAuNyIsCmxvYWRPcmRlciA9IDUsCnByb3BUID0ge30sCnN0YWNrRGVwdGggPSAyLApzdGF0dXMgPSAiYWN0aXZlIiwKdXNlck5hbWUgPSAiaGRmNS8xLjEwLjciLAp3ViA9ICIwMDAwMDAwMDEuMDAwMDAwMDEwLjAwMDAwMDAwNy4qemZpbmFsIiwKfSwKaW1wID0gewpmbiA9ICIvc2FsaWxhYi9kaXZhMS9ob21lL21vZHVsZXMvaW1wLzIuMjEuMCIsCmZ1bGxO\', \'IMP_DIR\': \'/salilab/diva1/home/imp/main/20240607-af6f9d6a95/lib/release8/cmake/IMP\', \'QUEUE\': \'member.q\', \'GOTO_NUM_THREADS\': \'1\', \'MPI_PYTHON3_SITEARCH\': \'/usr/lib64/python3.6/site-packages/openmpi\', \'LANG\': \'en_US.UTF-8\', \'HISTCONTROL\': \'ignoredups\', \'_ModuleTable008_\': \'cyIsCmZ1bGxOYW1lID0gInNhbGktbGlicmFyaWVzIiwKbG9hZE9yZGVyID0gOCwKcHJvcFQgPSB7fSwKc3RhY2tEZXB0aCA9IDEsCnN0YXR1cyA9ICJhY3RpdmUiLAp1c2VyTmFtZSA9ICJzYWxpLWxpYnJhcmllcyIsCndWID0gIk0uKnpmaW5hbCIsCn0sCn0sCm1wYXRoQSA9IHsKIi9zYWxpbGFiL2RpdmExL2hvbWUvbW9kdWxlcyIsICIvZXRjL21vZHVsZWZpbGVzIiwgIi91c3Ivc2hhcmUvbW9kdWxlZmlsZXMiCiwgIi91c3Ivc2hhcmUvbW9kdWxlZmlsZXMvTGludXgiLCAiL3Vzci9zaGFyZS9tb2R1bGVmaWxlcy9Db3JlIiwgIi91c3Ivc2hhcmUvbG1vZC9sbW9kL21vZHVsZWZpbGVzL0NvcmUiLAp9LApzeXN0ZW1CYXNlTVBBVEggPSAiL2V0Yy9tb2R1bGVmaWxlczovdXNy\', \'SGE_O_HOST\': \'dev1\', \'HOSTNAME\': \'qb3-id306.wynton.ucsf.edu\', \'OPENBLAS_NUM_THREADS\': \'1\', \'__LMOD_REF_COUNT_CMAKE_INCLUDE_PATH\': \'/salilab/diva1/programs/x86_64linux/opencv-4.3.0/include/opencv4:1;/salilab/diva1/programs/x86_64linux/hdf5-1.10.7/include:1;/salilab/diva1/programs/x86_64linux/libtau-py27-1.0.1/include:1;/salilab/diva1/programs/x86_64linux/boost-1.73.0/include:1\', \'SGE_RSH_COMMAND\': \'builtin\', \'ENVIRONMENT\': \'BATCH\', \'IMP_DATA\': \'/wynton/group/sali/miha_rozic/Software/imp-develop/build/data\', \'REQUEST\': \'test1\', \'SGE_STDIN_PATH\': \'/dev/null\', \'SGE_CELL\': \'wynton\', \'_ModuleTable007_\': \'MjEuMyIsCndWID0gIjAwMDAwMDAwMC4wMDAwMDAwMjEuMDAwMDAwMDAzLip6ZmluYWwiLAp9LApbInB5dGhvbjMvc2NpcHkiXSA9IHsKZm4gPSAiL3NhbGlsYWIvZGl2YTEvaG9tZS9tb2R1bGVzL3B5dGhvbjMvc2NpcHkvMS4zLjIiLApmdWxsTmFtZSA9ICJweXRob24zL3NjaXB5LzEuMy4yIiwKbG9hZE9yZGVyID0gMTAsCnByb3BUID0ge30sCnN0YWNrRGVwdGggPSAxLApzdGF0dXMgPSAiYWN0aXZlIiwKdXNlck5hbWUgPSAicHl0aG9uMy9zY2lweS8xLjMuMiIsCndWID0gIjAwMDAwMDAwMS4wMDAwMDAwMDMuMDAwMDAwMDAyLip6ZmluYWwiLAp9LApbInNhbGktbGlicmFyaWVzIl0gPSB7CmZuID0gIi9zYWxpbGFiL2RpdmExL2hvbWUvbW9kdWxlcy9zYWxpLWxpYnJhcmll\', \'CMAKE_INCLUDE_PATH\': \'/salilab/diva1/programs/x86_64linux/opencv-4.3.0/include/opencv4:/salilab/diva1/programs/x86_64linux/hdf5-1.10.7/include:/salilab/diva1/programs/x86_64linux/libtau-py27-1.0.1/include:/salilab/diva1/programs/x86_64linux/boost-1.73.0/include\', \'__LMOD_REF_COUNT_LD_LIBRARY_PATH\': \'/salilab/diva1/programs/x86_64linux/numpy-py36-1.19.5/lib:1;/salilab/diva1/home/libs/x86_64/centos8:1;/salilab/diva1/home/libs/x86_64:1;/salilab/diva1/home/imp/main/20240607-af6f9d6a95/lib/release8:1;/salilab/diva1/programs/x86_64linux/opencv-4.3.0/lib64/rhel:1;/salilab/diva1/programs/x86_64linux/opencv-4.3.0/lib64:1;/salilab/diva1/programs/x86_64linux/hdf5-1.10.7/lib:1;/salilab/diva1/programs/x86_64linux/libtau-py27-1.0.1/lib64:1;/salilab/diva1/programs/x86_64linux/boost-1.73.0/lib64:1;/usr/lib64/openmpi/lib:1;/wynton/group/sali/miha_rozic/Software/imp-develop/build/lib:2;:1\', \'__LMOD_REF_COUNT_PKG_CONFIG_PATH\': \'/usr/lib64/openmpi/lib/pkgconfig:1\', \'_ModuleTable004_\': \'aGFyZS9tb2R1bGVmaWxlcy9tcGkvb3Blbm1waS14ODZfNjQiLApmdWxsTmFtZSA9ICJtcGkvb3Blbm1waS14ODZfNjQiLApsb2FkT3JkZXIgPSAyLApwcm9wVCA9IHt9LApzdGFja0RlcHRoID0gMCwKc3RhdHVzID0gImFjdGl2ZSIsCnVzZXJOYW1lID0gIm1waS9vcGVubXBpLXg4Nl82NCIsCndWID0gIipvcGVubXBpLip4LjAwMDAwMDA4Ni4qXy4wMDAwMDAwNjQuKnpmaW5hbCIsCn0sCm9wZW5jdiA9IHsKZm4gPSAiL3NhbGlsYWIvZGl2YTEvaG9tZS9tb2R1bGVzL29wZW5jdi80LjMuMCIsCmZ1bGxOYW1lID0gIm9wZW5jdi80LjMuMCIsCmxvYWRPcmRlciA9IDYsCnByb3BUID0ge30sCnN0YWNrRGVwdGggPSAxLApzdGF0dXMgPSAiYWN0aXZlIiwKdXNlck5hbWUgPSAib3Bl\', \'__LMOD_REF_COUNT_PYTHONPATH\': \'/salilab/diva1/programs/x86_64linux/scikit-py36-0.21.3/lib64/python3.6/site-packages:1;/salilab/diva1/programs/linux/joblib-0.17.0/lib/python3.6/site-packages:1;/salilab/diva1/programs/x86_64linux/scipy-py36-1.3.2/lib64/python3.6/site-packages:1;/salilab/diva1/programs/x86_64linux/numpy-py36-1.19.5/lib64/python3.6/site-packages:1;/salilab/diva1/home/imp/main/20240607-af6f9d6a95/lib/release8:1;/salilab/diva1/programs/x86_64linux/opencv-4.3.0/lib/python3.6/site-packages:1;/wynton/group/sali/miha_rozic/Software/imp-develop/build/lib:2;:1\', \'which_declare\': \'declare -f\', \'NHOSTS\': \'1\', \'SGE_O_WORKDIR\': \'/wynton/group/sali/miha_rozic/Input_information/SNAPSHOTS/central_directory/snapshot1_0min/run32\', \'USER\': \'rozicmiha\', \'SGE_TASK_ID\': \'undefined\', \'__LMOD_REF_COUNT_CMAKE_LIBRARY_PATH\': \'/salilab/diva1/programs/x86_64linux/opencv-4.3.0/lib64:1;/salilab/diva1/programs/x86_64linux/hdf5-1.10.7/lib:1;/salilab/diva1/programs/x86_64linux/libtau-py27-1.0.1/lib64:1;/salilab/diva1/programs/x86_64linux/boost-1.73.0/lib64:1\', \'SGE_TASK_FIRST\': \'undefined\', \'NSLOTS\': \'16\', \'__LMOD_REF_COUNT_MODULEPATH\': \'/salilab/diva1/home/modules:1;/etc/modulefiles:1;/usr/share/modulefiles:1;/usr/share/modulefiles/Linux:1;/usr/share/modulefiles/Core:1;/usr/share/lmod/lmod/modulefiles/Core:1\', \'PWD\': \'/wynton/group/sali/miha_rozic/Input_information/SNAPSHOTS/central_directory/snapshot1_0min/run32\', \'HOME\': \'/wynton/home/sali/rozicmiha\', \'NQUEUES\': \'1\', \'TMP\': \'/scratch/707263.1.member.q\', \'PE\': \'smp\', \'SGE_O_HOME\': \'/wynton/home/sali/rozicmiha\', \'LMOD_VERSION\': \'8.7.32\', \'JOB_NAME\': \'test1\', \'BASH_ENV\': \'/usr/share/lmod/lmod/init/bash\', \'MPI_FORTRAN_MOD_DIR\': \'/usr/lib64/gfortran/modules/openmpi\', \'SGE_TASK_LAST\': \'undefined\', \'MKL_NUM_THREADS\': \'1\', \'MPI_COMPILER\': \'openmpi-x86_64\', \'SGE_ACCOUNT\': \'sge\', \'SGE_ROOT\': \'/opt/sge\', \'MPI_SUFFIX\': \'_openmpi\', \'TMPDIR\': \'/scratch/707263.1.member.q\', \'RESTARTED\': \'0\', \'LMOD_sys\': \'Linux\', \'_ModuleTable001_\': \'X01vZHVsZVRhYmxlXyA9IHsKTVR2ZXJzaW9uID0gMywKY19yZWJ1aWxkVGltZSA9IGZhbHNlLApjX3Nob3J0VGltZSA9IGZhbHNlLApkZXB0aFQgPSB7fSwKZmFtaWx5ID0ge30sCm1UID0gewpTYWxpID0gewpmbiA9ICIvZXRjL21vZHVsZWZpbGVzL1NhbGkubHVhIiwKZnVsbE5hbWUgPSAiU2FsaSIsCmxvYWRPcmRlciA9IDEsCnByb3BUID0ge30sCnN0YWNrRGVwdGggPSAwLApzdGF0dXMgPSAiYWN0aXZlIiwKdXNlck5hbWUgPSAiU2FsaSIsCndWID0gIk0uKnpmaW5hbCIsCn0sCmJvb3N0ID0gewpmbiA9ICIvc2FsaWxhYi9kaXZhMS9ob21lL21vZHVsZXMvYm9vc3QvMS43My4wIiwKZnVsbE5hbWUgPSAiYm9vc3QvMS43My4wIiwKbG9hZE9yZGVyID0gMywKcHJvcFQgPSB7\', \'LOADEDMODULES\': \'Sali:mpi/openmpi-x86_64:boost/1.73.0:libtau/1.0.1:hdf5/1.10.7:opencv/4.3.0:imp/2.21.0:sali-libraries:python3/numpy/1.19.5:python3/scipy/1.3.2:python3/joblib/0.17.0:python3/scikit/0.21.3\', \'SGE_O_PATH\': \'/salilab/diva1/programs/x86_64linux/numpy-py36-1.19.5/bin:/salilab/diva1/home/imp/main/20240607-af6f9d6a95/bin/release8:/salilab/diva1/programs/x86_64linux/opencv-4.3.0/bin:/salilab/diva1/programs/x86_64linux/hdf5-1.10.7/bin:/wynton/home/sali/rozicmiha/.local/bin:/wynton/home/sali/rozicmiha/bin:/wynton/group/sali/miha_rozic/Software/imp-develop/build/bin:/wynton/group/sali/miha_rozic/Software/imp-develop/build/module_bin/EMageFit:/wynton/group/sali/miha_rozic/Software/imp-develop/build/module_bin/algebra:/wynton/group/sali/miha_rozic/Software/imp-develop/build/module_bin/atom:/wynton/group/sali/miha_rozic/Software/imp-develop/build/module_bin/benchmark:/wynton/group/sali/miha_rozic/Software/imp-develop/build/module_bin/cgal:/wynton/group/sali/miha_rozic/Software/imp-develop/build/module_bin/cnmultifit:/wynton/group/sali/miha_rozic/Software/imp-develop/build/module_bin/container:/wynton/group/sali/miha_rozic/Software/imp-develop/build/module_bin/core:/wynton/group/sali/miha_rozic/Software/imp-develop/build/module_bin/display:/wynton/group/sali/miha_rozic/Software/imp-develop/build/module_bin/domino:/wynton/group/sali/miha_rozic/Software/imp-develop/build/module_bin/em:/wynton/group/sali/miha_rozic/Software/imp-develop/build/module_bin/em2d:/wynton/group/sali/miha_rozic/Software/imp-develop/build/module_bin/example:/wynton/group/sali/miha_rozic/Software/imp-develop/build/module_bin/foxs:/wynton/group/sali/miha_rozic/Software/imp-develop/build/module_bin/gsl:/wynton/group/sali/miha_rozic/Software/imp-develop/build/module_bin/integrative_docking:/wynton/group/sali/miha_rozic/Software/imp-develop/build/module_bin/isd:/wynton/group/sali/miha_rozic/Software/imp-develop/build/module_bin/kernel:/wynton/group/sali/miha_rozic/Software/imp-develop/build/module_bin/kinematics:/wynton/group/sali/miha_rozic/Software/imp-develop/build/module_bin/kmeans:/wynton/group/sali/miha_rozic/Software/imp-develop/build/module_bin/misc:/wynton/group/sali/miha_rozic/Software/imp-develop/build/module_bin/mmcif:/wynton/group/sali/miha_rozic/Software/imp-develop/build/module_bin/modeller:/wynton/group/sali/miha_rozic/Software/imp-develop/build/module_bin/mpi:/wynton/group/sali/miha_rozic/Software/imp-develop/build/module_bin/multi_state:/wynton/group/sali/miha_rozic/Software/imp-develop/build/module_bin/multifit:/wynton/group/sali/miha_rozic/Software/imp-develop/build/module_bin/npc:/wynton/group/sali/miha_rozic/Software/imp-develop/build/module_bin/npcassembly:/wynton/group/sali/miha_rozic/Software/imp-develop/build/module_bin/parallel:/wynton/group/sali/miha_rozic/Software/imp-develop/build/module_bin/pepdock:/wynton/group/sali/miha_rozic/Software/imp-develop/build/module_bin/pmi:/wynton/group/sali/miha_rozic/Software/imp-develop/build/module_bin/rmf:/wynton/group/sali/miha_rozic/Software/imp-develop/build/module_bin/rotamer:/wynton/group/sali/miha_rozic/Software/imp-develop/build/module_bin/saxs:/wynton/group/sali/miha_rozic/Software/imp-develop/build/module_bin/saxs_merge:/wynton/group/sali/miha_rozic/Software/imp-develop/build/module_bin/score_functor:/wynton/group/sali/miha_rozic/Software/imp-develop/build/module_bin/scratch:/wynton/group/sali/miha_rozic/Software/imp-develop/build/module_bin/spb:/wynton/group/sali/miha_rozic/Software/imp-develop/build/module_bin/statistics:/wynton/group/sali/miha_rozic/Software/imp-develop/build/module_bin/symmetry:/wynton/group/sali/miha_rozic/Software/imp-develop/build/module_bin/test:/opt/sge/bin:/opt/sge/bin/lx-amd64:/usr/local/bin:/usr/bin:/usr/local/sbin:/usr/sbin\', \'SGE_O_SHELL\': \'/bin/bash\', \'_ModuleTable006_\': \'bWUgPSAicHl0aG9uMy9udW1weS8xLjE5LjUiLApsb2FkT3JkZXIgPSA5LApwcm9wVCA9IHt9LApzdGFja0RlcHRoID0gMiwKc3RhdHVzID0gImFjdGl2ZSIsCnVzZXJOYW1lID0gInB5dGhvbjMvbnVtcHkvMS4xOS41IiwKd1YgPSAiMDAwMDAwMDAxLjAwMDAwMDAxOS4wMDAwMDAwMDUuKnpmaW5hbCIsCn0sClsicHl0aG9uMy9zY2lraXQiXSA9IHsKZm4gPSAiL3NhbGlsYWIvZGl2YTEvaG9tZS9tb2R1bGVzL3B5dGhvbjMvc2Npa2l0LzAuMjEuMyIsCmZ1bGxOYW1lID0gInB5dGhvbjMvc2Npa2l0LzAuMjEuMyIsCmxvYWRPcmRlciA9IDEyLApwcm9wVCA9IHt9LApzdGFja0RlcHRoID0gMCwKc3RhdHVzID0gImFjdGl2ZSIsCnVzZXJOYW1lID0gInB5dGhvbjMvc2Npa2l0LzAu\', \'__LMOD_REF_COUNT_MANPATH\': \':2;/usr/share/man/openmpi-x86_64:1;/opt/sge/man:1;/usr/share/lmod/lmod/share/man:1\', \'MPI_INCLUDE\': \'/usr/include/openmpi-x86_64\', \'_ModuleTable003_\': \'YW1lID0gImltcC8yLjIxLjAiLApsb2FkT3JkZXIgPSA3LApwcm9wVCA9IHt9LApzdGFja0RlcHRoID0gMCwKc3RhdHVzID0gImFjdGl2ZSIsCnVzZXJOYW1lID0gImltcCIsCndWID0gIl4wMDAwMDAwMi4wMDAwMDAwMjEuKnpmaW5hbCIsCn0sCmxpYnRhdSA9IHsKZm4gPSAiL3NhbGlsYWIvZGl2YTEvaG9tZS9tb2R1bGVzL2xpYnRhdS8xLjAuMSIsCmZ1bGxOYW1lID0gImxpYnRhdS8xLjAuMSIsCmxvYWRPcmRlciA9IDQsCnByb3BUID0ge30sCnN0YWNrRGVwdGggPSAxLApzdGF0dXMgPSAiYWN0aXZlIiwKdXNlck5hbWUgPSAibGlidGF1LzEuMC4xIiwKd1YgPSAiMDAwMDAwMDAxLjAwMDAwMDAwMC4wMDAwMDAwMDEuKnpmaW5hbCIsCn0sCm1waSA9IHsKZm4gPSAiL3Vzci9z\', \'LMOD_ROOT\': \'/usr/share/lmod\', \'SYSTEMCTL_SKIP_REDIRECT\': \'\', \'MAIL\': \'/var/spool/mail/rozicmiha\', \'SGE_CWD_PATH\': \'/wynton/group/sali/miha_rozic/Input_information/SNAPSHOTS/central_directory/snapshot1_0min/run32\', \'MPI_HOME\': \'/usr/lib64/openmpi\', \'_ModuleTable009_\': \'L3NoYXJlL21vZHVsZWZpbGVzOi91c3Ivc2hhcmUvbW9kdWxlZmlsZXMvTGludXg6L3Vzci9zaGFyZS9tb2R1bGVmaWxlcy9Db3JlOi91c3Ivc2hhcmUvbG1vZC9sbW9kL21vZHVsZWZpbGVzL0NvcmUiLAp9Cg==\', \'SGE_TASK_STEPSIZE\': \'undefined\', \'SHELL\': \'/bin/bash\', \'TERM\': \'\', \'_ModuleTable_Sz_\': \'9\', \'SGE_JOB_SPOOL_DIR\': \'/var/spool/sge/wynton/qb3-id306/active_jobs/707263.1\', \'JOB_ID\': \'707263\', \'IMP_EXAMPLE_DATA\': \'/wynton/group/sali/miha_rozic/Software/imp-develop/build/doc/examples\', \'R_FUTURE_AVAILABLECORES_FALLBACK\': \'1\', \'JOB_SCRIPT\': \'/var/spool/sge/wynton/qb3-id306/job_scripts/707263\', \'SHLVL\': \'2\', \'SGE_O_LOGNAME\': \'rozicmiha\', \'SGE_O_MAIL\': \'/var/spool/mail/rozicmiha\', \'PYTHONPATH\': \'/salilab/diva1/programs/x86_64linux/scikit-py36-0.21.3/lib64/python3.6/site-packages:/salilab/diva1/programs/linux/joblib-0.17.0/lib/python3.6/site-packages:/salilab/diva1/programs/x86_64linux/scipy-py36-1.3.2/lib64/python3.6/site-packages:/salilab/diva1/programs/x86_64linux/numpy-py36-1.19.5/lib64/python3.6/site-packages:/salilab/diva1/home/imp/main/20240607-af6f9d6a95/lib/release8:/salilab/diva1/programs/x86_64linux/opencv-4.3.0/lib/python3.6/site-packages:/wynton/group/sali/miha_rozic/Software/imp-develop/build/lib::\', \'MANPATH\': \':/usr/share/man/openmpi-x86_64:/opt/sge/man:/usr/share/lmod/lmod/share/man\', \'MODULEPATH\': \'/salilab/diva1/home/modules:/etc/modulefiles:/usr/share/modulefiles:/usr/share/modulefiles/Linux:/usr/share/modulefiles/Core:/usr/share/lmod/lmod/modulefiles/Core\', \'MPI_SYSCONFIG\': \'/etc/openmpi-x86_64\', \'LOGNAME\': \'rozicmiha\', \'SYSTEMCTL_IGNORE_DEPENDENCIES\': \'\', \'MODULEPATH_ROOT\': \'/usr/share/modulefiles\', \'PATH\': \'/salilab/diva1/programs/x86_64linux/numpy-py36-1.19.5/bin:/salilab/diva1/home/imp/main/20240607-af6f9d6a95/bin/release8:/salilab/diva1/programs/x86_64linux/opencv-4.3.0/bin:/salilab/diva1/programs/x86_64linux/hdf5-1.10.7/bin:/usr/lib64/openmpi/bin:/wynton/home/sali/rozicmiha/.local/bin:/wynton/home/sali/rozicmiha/bin:/wynton/group/sali/miha_rozic/Software/imp-develop/build/bin:/wynton/group/sali/miha_rozic/Software/imp-develop/build/module_bin/EMageFit:/wynton/group/sali/miha_rozic/Software/imp-develop/build/module_bin/algebra:/wynton/group/sali/miha_rozic/Software/imp-develop/build/module_bin/atom:/wynton/group/sali/miha_rozic/Software/imp-develop/build/module_bin/benchmark:/wynton/group/sali/miha_rozic/Software/imp-develop/build/module_bin/cgal:/wynton/group/sali/miha_rozic/Software/imp-develop/build/module_bin/cnmultifit:/wynton/group/sali/miha_rozic/Software/imp-develop/build/module_bin/container:/wynton/group/sali/miha_rozic/Software/imp-develop/build/module_bin/core:/wynton/group/sali/miha_rozic/Software/imp-develop/build/module_bin/display:/wynton/group/sali/miha_rozic/Software/imp-develop/build/module_bin/domino:/wynton/group/sali/miha_rozic/Software/imp-develop/build/module_bin/em:/wynton/group/sali/miha_rozic/Software/imp-develop/build/module_bin/em2d:/wynton/group/sali/miha_rozic/Software/imp-develop/build/module_bin/example:/wynton/group/sali/miha_rozic/Software/imp-develop/build/module_bin/foxs:/wynton/group/sali/miha_rozic/Software/imp-develop/build/module_bin/gsl:/wynton/group/sali/miha_rozic/Software/imp-develop/build/module_bin/integrative_docking:/wynton/group/sali/miha_rozic/Software/imp-develop/build/module_bin/isd:/wynton/group/sali/miha_rozic/Software/imp-develop/build/module_bin/kernel:/wynton/group/sali/miha_rozic/Software/imp-develop/build/module_bin/kinematics:/wynton/group/sali/miha_rozic/Software/imp-develop/build/module_bin/kmeans:/wynton/group/sali/miha_rozic/Software/imp-develop/build/module_bin/misc:/wynton/group/sali/miha_rozic/Software/imp-develop/build/module_bin/mmcif:/wynton/group/sali/miha_rozic/Software/imp-develop/build/module_bin/modeller:/wynton/group/sali/miha_rozic/Software/imp-develop/build/module_bin/mpi:/wynton/group/sali/miha_rozic/Software/imp-develop/build/module_bin/multi_state:/wynton/group/sali/miha_rozic/Software/imp-develop/build/module_bin/multifit:/wynton/group/sali/miha_rozic/Software/imp-develop/build/module_bin/npc:/wynton/group/sali/miha_rozic/Software/imp-develop/build/module_bin/npcassembly:/wynton/group/sali/miha_rozic/Software/imp-develop/build/module_bin/parallel:/wynton/group/sali/miha_rozic/Software/imp-develop/build/module_bin/pepdock:/wynton/group/sali/miha_rozic/Software/imp-develop/build/module_bin/pmi:/wynton/group/sali/miha_rozic/Software/imp-develop/build/module_bin/rmf:/wynton/group/sali/miha_rozic/Software/imp-develop/build/module_bin/rotamer:/wynton/group/sali/miha_rozic/Software/imp-develop/build/module_bin/saxs:/wynton/group/sali/miha_rozic/Software/imp-develop/build/module_bin/saxs_merge:/wynton/group/sali/miha_rozic/Software/imp-develop/build/module_bin/score_functor:/wynton/group/sali/miha_rozic/Software/imp-develop/build/module_bin/scratch:/wynton/group/sali/miha_rozic/Software/imp-develop/build/module_bin/spb:/wynton/group/sali/miha_rozic/Software/imp-develop/build/module_bin/statistics:/wynton/group/sali/miha_rozic/Software/imp-develop/build/module_bin/symmetry:/wynton/group/sali/miha_rozic/Software/imp-develop/build/module_bin/test:/opt/sge/bin:/opt/sge/bin/lx-amd64:/scratch/707263.1.member.q:/usr/local/bin:/bin:/usr/bin:/usr/local/sbin:/usr/sbin\', \'MPI_BIN\': \'/usr/lib64/openmpi/bin\', \'SGE_STDERR_PATH\': \'/wynton/group/sali/miha_rozic/Input_information/SNAPSHOTS/central_directory/snapshot1_0min/run32/test1.o707263\', \'_LMFILES_\': \'/etc/modulefiles/Sali.lua:/usr/share/modulefiles/mpi/openmpi-x86_64:/salilab/diva1/home/modules/boost/1.73.0:/salilab/diva1/home/modules/libtau/1.0.1:/salilab/diva1/home/modules/hdf5/1.10.7:/salilab/diva1/home/modules/opencv/4.3.0:/salilab/diva1/home/modules/imp/2.21.0:/salilab/diva1/home/modules/sali-libraries:/salilab/diva1/home/modules/python3/numpy/1.19.5:/salilab/diva1/home/modules/python3/scipy/1.3.2:/salilab/diva1/home/modules/python3/joblib/0.17.0:/salilab/diva1/home/modules/python3/scikit/0.21.3\', \'DEBUGINFOD_URLS\': \'https://debuginfod.centos.org/ \', \'MODULESHOME\': \'/usr/share/lmod/lmod\', \'PKG_CONFIG_PATH\': \'/usr/lib64/openmpi/lib/pkgconfig\', \'LMOD_SETTARG_FULL_SUPPORT\': \'no\', \'HISTSIZE\': \'1000\', \'SGE_ARCH\': \'lx-amd64\', \'LMOD_PKG\': \'/usr/share/lmod/lmod\', \'CMAKE_LIBRARY_PATH\': \'/salilab/diva1/programs/x86_64linux/opencv-4.3.0/lib64:/salilab/diva1/programs/x86_64linux/hdf5-1.10.7/lib:/salilab/diva1/programs/x86_64linux/libtau-py27-1.0.1/lib64:/salilab/diva1/programs/x86_64linux/boost-1.73.0/lib64\', \'ARC\': \'lx-amd64\', \'MPI_LIB\': \'/usr/lib64/openmpi/lib\', \'SGE_BINARY_PATH\': \'/opt/sge/bin/lx-amd64\', \'SGE_STDOUT_PATH\': \'/wynton/group/sali/miha_rozic/Input_information/SNAPSHOTS/central_directory/snapshot1_0min/run32/test1.o707263\', \'_ModuleTable005_\': \'bmN2LzQuMy4wIiwKd1YgPSAiMDAwMDAwMDA0LjAwMDAwMDAwMy4qemZpbmFsIiwKfSwKWyJweXRob24zL2pvYmxpYiJdID0gewpmbiA9ICIvc2FsaWxhYi9kaXZhMS9ob21lL21vZHVsZXMvcHl0aG9uMy9qb2JsaWIvMC4xNy4wIiwKZnVsbE5hbWUgPSAicHl0aG9uMy9qb2JsaWIvMC4xNy4wIiwKbG9hZE9yZGVyID0gMTEsCnByb3BUID0ge30sCnN0YWNrRGVwdGggPSAxLApzdGF0dXMgPSAiYWN0aXZlIiwKdXNlck5hbWUgPSAicHl0aG9uMy9qb2JsaWIiLAp3ViA9ICIwMDAwMDAwMDAuMDAwMDAwMDE3Lip6ZmluYWwiLAp9LApbInB5dGhvbjMvbnVtcHkiXSA9IHsKZm4gPSAiL3NhbGlsYWIvZGl2YTEvaG9tZS9tb2R1bGVzL3B5dGhvbjMvbnVtcHkvMS4xOS41IiwKZnVsbE5h\', \'LMOD_CMD\': \'/usr/share/lmod/lmod/libexec/lmod\', \'REQNAME\': \'test1\', \'IMP_BIN_DIR\': \'/wynton/group/sali/miha_rozic/Software/imp-develop/build/bin\', \'MPI_MAN\': \'/usr/share/man/openmpi-x86_64\', \'LESSOPEN\': \'||/usr/bin/lesspipe.sh %s\', \'OMP_NUM_THREADS\': \'1\', \'SGE_CLUSTER_NAME\': \'wynton_cluster\', \'LMOD_DIR\': \'/usr/share/lmod/lmod/libexec\', \'BASH_FUNC_which%%\': \'() {  ( alias;\\n eval ${which_declare} ) | /usr/bin/which --tty-only --read-alias --read-functions --show-tilde --show-dot $@\\n}\', \'BASH_FUNC_module%%\': \'() {  if [ -z "${LMOD_SH_DBG_ON+x}" ]; then\\n case "$-" in \\n *v*x*)\\n __lmod_sh_dbg=\\\'vx\\\'\\n ;;\\n *v*)\\n __lmod_sh_dbg=\\\'v\\\'\\n ;;\\n *x*)\\n __lmod_sh_dbg=\\\'x\\\'\\n ;;\\n esac;\\n fi;\\n if [ -n "${__lmod_sh_dbg:-}" ]; then\\n set +$__lmod_sh_dbg;\\n echo "Shell debugging temporarily silenced: export LMOD_SH_DBG_ON=1 for Lmod\\\'s output" 1>&2;\\n fi;\\n eval "$($LMOD_CMD shell "$@")" && eval "$(${LMOD_SETTARG_CMD:-:} -s sh)";\\n __lmod_my_status=$?;\\n if [ -n "${__lmod_sh_dbg:-}" ]; then\\n echo "Shell debugging restarted" 1>&2;\\n set -$__lmod_sh_dbg;\\n fi;\\n unset __lmod_sh_dbg;\\n return $__lmod_my_status\\n}\', \'BASH_FUNC_ml%%\': \'() {  eval "$($LMOD_DIR/ml_cmd "$@")"\\n}\', \'_\': \'/usr/lib64/openmpi/bin/mpirun\', \'IPATH_NO_BACKTRACE\': \'1\', \'HFI_NO_BACKTRACE\': \'1\', \'OMPI_MCA_orte_local_daemon_uri\': \'87556096.0;tcp://172.26.39.56:37113\', \'OMPI_MCA_orte_hnp_uri\': \'87556096.0;tcp://172.26.39.56:37113\', \'OMPI_MCA_mpi_oversubscribe\': \'0\', \'OMPI_MCA_orte_app_num\': \'0\', \'OMPI_UNIVERSE_SIZE\': \'16\', \'OMPI_MCA_orte_num_nodes\': \'1\', \'OMPI_MCA_shmem_RUNTIME_QUERY_hint\': \'mmap\', \'OMPI_MCA_orte_bound_at_launch\': \'1\', \'OMPI_MCA_ess\': \'^singleton\', \'OMPI_MCA_orte_ess_num_procs\': \'16\', \'OMPI_COMM_WORLD_SIZE\': \'16\', \'OMPI_COMM_WORLD_LOCAL_SIZE\': \'16\', \'OMPI_MCA_orte_tmpdir_base\': \'/scratch/707263.1.member.q\', \'OMPI_MCA_orte_top_session_dir\': \'/scratch/707263.1.member.q/ompi.qb3-id306.11149\', \'OMPI_MCA_orte_jobfam_session_dir\': \'/scratch/707263.1.member.q/ompi.qb3-id306.11149/pid.510607\', \'OMPI_NUM_APP_CTX\': \'1\', \'OMPI_FIRST_RANKS\': \'0\', \'OMPI_APP_CTX_NUM_PROCS\': \'16\', \'OMPI_MCA_initial_wdir\': \'/wynton/group/sali/miha_rozic/Input_information/SNAPSHOTS/central_directory/snapshot1_0min/run32\', \'OMPI_MCA_orte_launch\': \'1\', \'PMIX_NAMESPACE\': \'87556097\', \'PMIX_RANK\': \'7\', \'PMIX_SERVER_URI2\': \'87556096.0;tcp4://127.0.0.1:50257\', \'PMIX_SERVER_URI21\': \'87556096.0;tcp4://127.0.0.1:50257\', \'PMIX_SECURITY_MODE\': \'native,none\', \'PMIX_PTL_MODULE\': \'tcp,usock\', \'PMIX_BFROP_BUFFER_TYPE\': \'PMIX_BFROP_BUFFER_NON_DESC\', \'PMIX_GDS_MODULE\': \'ds21,ds12,hash\', \'PMIX_SERVER_TMPDIR\': \'/scratch/707263.1.member.q/ompi.qb3-id306.11149/pid.510607\', \'PMIX_SYSTEM_TMPDIR\': \'/scratch/707263.1.member.q\', \'PMIX_DSTORE_21_BASE_PATH\': \'/scratch/707263.1.member.q/ompi.qb3-id306.11149/pid.510607/pmix_dstor_ds21_510607\', \'PMIX_DSTORE_ESH_BASE_PATH\': \'/scratch/707263.1.member.q/ompi.qb3-id306.11149/pid.510607/pmix_dstor_ds12_510607\', \'OMPI_MCA_ess_base_jobid\': \'87556097\', \'OMPI_MCA_ess_base_vpid\': \'7\', \'OMPI_COMM_WORLD_RANK\': \'7\', \'OMPI_COMM_WORLD_LOCAL_RANK\': \'7\', \'OMPI_COMM_WORLD_NODE_RANK\': \'7\', \'OMPI_MCA_orte_ess_node_rank\': \'7\', \'PMIX_ID\': \'87556097.7\', \'OMPI_FILE_LOCATION\': \'/scratch/707263.1.member.q/ompi.qb3-id306.11149/pid.510607/0/0\', \'KMP_DUPLICATE_LIB_OK\': \'True\', \'KMP_INIT_AT_FORK\': \'FALSE\'})', 'STAT2HEADER_IMP_VERSIONS': "{'IMP_VERSION': '2.21.0', 'PMI_VERSION': '2.21.0'}", 0: 'ReplicaExchange_SwapSuccessRatio', 1: 'ReplicaExchange_MinTempFrequency', 2: 'ReplicaExchange_MaxTempFrequency', 3: 'ReplicaExchange_CurrentTemp', 4: 'score'} 
{0: '0', 1: '0', 2: '0', 3: '1.5335761201812925', 4: inf} 
{0: '0.0', 1: '0.0', 2: '0.0', 3: '1.5335761201812925', 4: inf} 
{0: '0.0', 1: '0.0', 2: '0.0', 3: '1.5335761201812925', 4: inf} 
{0: '0.0', 1: '0.0', 2: '0.0', 3: '1.5335761201812925', 4: inf} 
{0: '0.0', 1: '0.0', 2: '0.0', 3: '1.5335761201812925', 4: 3111.9117179575455} 
{0: '0.0', 1: '0.0', 2: '0.0', 3: '1.5335761201812925', 4: 1593.1175151787281} 
{0: '0.16666666666666666', 1: '0.0', 2: '0.0', 3: '1.6301766616608926', 4: 1576.9672885553466} 
{0: '0.2857142857142857', 1: '0.0', 2: '0.0', 3: '1.7328621078878674', 4: 1215.602326578796} 
{0: '0.375', 1: '0.0', 2: '0.0', 3: '1.842015749320195', 4: 909.2116538472844} 
{0: '0.4444444444444444', 1: '0.0', 2: '0.0', 3: '1.958045020027179', 4: 508.67919395783076} 
{0: '0.5', 1: '0.0', 2: '0.0', 3: '2.081383018504685', 4: 432.8029292712527} 
{0: '0.5454545454545454', 1: '0.0', 2: '0.0', 3: '2.212490124287102', 4: 396.10474205624377} 
{0: '0.5833333333333334', 1: '0.0', 2: '0.0', 3: '2.351855716390306', 4: 392.2461541225921} 
{0: '0.6153846153846154', 1: '0.0', 2: '0.0', 3: '2.500000000000003', 4: 398.15651652923333} 
{0: '0.5714285714285714', 1: '0.0', 2: '0.0', 3: '2.500000000000003', 4: 397.03672367992164} 
{0: '0.6', 1: '0.0', 2: '0.0', 3: '2.351855716390306', 4: 396.1243880505389} 
{0: '0.625', 1: '0.0', 2: '0.0', 3: '2.212490124287102', 4: 396.8011122398827} 
{0: '0.6470588235294118', 1: '0.0', 2: '0.0', 3: '2.081383018504685', 4: 392.9455909049727} 
{0: '0.6666666666666666', 1: '0.0', 2: '0.0', 3: '1.958045020027179', 4: 386.93696130630815} 
{0: '0.6842105263157895', 1: '0.0', 2: '0.0', 3: '1.842015749320195', 4: 395.93957833688046} 
{0: '0.65', 1: '0.0', 2: '0.0', 3: '1.842015749320195', 4: 387.65102980061664} 
{0: '0.6666666666666666', 1: '0.0', 2: '0.0', 3: '1.958045020027179', 4: 388.36981450522865} 
{0: '0.6818181818181818', 1: '0.0', 2: '0.0', 3: '2.081383018504685', 4: 395.2894923507141} 
{0: '0.6956521739130435', 1: '0.0', 2: '0.0', 3: '2.212490124287102', 4: 394.6432349283327} 
{0: '0.7083333333333334', 1: '0.0', 2: '0.0', 3: '2.351855716390306', 4: 389.39068199444904} 
{0: '0.72', 1: '0.0', 2: '0.0', 3: '2.500000000000003', 4: 386.4355121312246} 
{0: '0.6923076923076923', 1: '0.0', 2: '0.0', 3: '2.500000000000003', 4: 396.3718698623809} 
{0: '0.7037037037037037', 1: '0.0', 2: '0.0', 3: '2.351855716390306', 4: 385.9145308640197} 
{0: '0.7142857142857143', 1: '0.0', 2: '0.0', 3: '2.212490124287102', 4: 393.1452093844951} 
{0: '0.7241379310344828', 1: '0.0', 2: '0.0', 3: '2.081383018504685', 4: 398.0093015784814} 
{0: '0.7333333333333333', 1: '0.0', 2: '0.0', 3: '1.958045020027179', 4: 383.2182732221971} 
{0: '0.7096774193548387', 1: '0.0', 2: '0.0', 3: '1.958045020027179', 4: 396.8571415671313} 
{0: '0.71875', 1: '0.0', 2: '0.0', 3: '2.081383018504685', 4: 386.27245821712404} 
{0: '0.7272727272727273', 1: '0.0', 2: '0.0', 3: '2.212490124287102', 4: 391.50768676175375} 
{0: '0.7058823529411765', 1: '0.0', 2: '0.0', 3: '2.212490124287102', 4: 387.5190331278221} 
{0: '0.7142857142857143', 1: '0.0', 2: '0.0', 3: '2.081383018504685', 4: 395.8854556953624} 
{0: '0.7222222222222222', 1: '0.0', 2: '0.0', 3: '1.958045020027179', 4: 390.7574713440413} 
{0: '0.7297297297297297', 1: '0.0', 2: '0.0', 3: '1.842015749320195', 4: 387.1164190666546} 
{0: '0.7105263157894737', 1: '0.0', 2: '0.0', 3: '1.842015749320195', 4: 387.4735318430844} 
{0: '0.717948717948718', 1: '0.0', 2: '0.0', 3: '1.958045020027179', 4: 381.85236836968335} 
{0: '0.7', 1: '0.0', 2: '0.0', 3: '1.958045020027179', 4: 385.0460019517311} 
{0: '0.7073170731707317', 1: '0.0', 2: '0.0', 3: '1.842015749320195', 4: 384.0848488071229} 
{0: '0.6904761904761905', 1: '0.0', 2: '0.0', 3: '1.842015749320195', 4: 385.37810129215325} 
{0: '0.6976744186046512', 1: '0.0', 2: '0.0', 3: '1.958045020027179', 4: 392.96552676081467} 
{0: '0.7045454545454546', 1: '0.0', 2: '0.0', 3: '2.081383018504685', 4: 407.08438834576685} 
{0: '0.7111111111111111', 1: '0.0', 2: '0.0', 3: '2.212490124287102', 4: 385.0139061589986} 
{0: '0.717391304347826', 1: '0.0', 2: '0.0', 3: '2.351855716390306', 4: 383.972736716608} 
{0: '0.723404255319149', 1: '0.0', 2: '0.0', 3: '2.500000000000003', 4: 393.4961766217348} 
{0: '0.7083333333333334', 1: '0.0', 2: '0.0', 3: '2.500000000000003', 4: 398.27189711514256} 
{0: '0.7142857142857143', 1: '0.0', 2: '0.0', 3: '2.351855716390306', 4: 390.9506362011729} 
{0: '0.72', 1: '0.0', 2: '0.0', 3: '2.212490124287102', 4: 387.3540550848196} 
{0: '0.7254901960784313', 1: '0.0', 2: '0.0', 3: '2.081383018504685', 4: 391.79385776223927} 
{0: '0.7307692307692307', 1: '0.0', 2: '0.0', 3: '1.958045020027179', 4: 388.1231319384552} 
{0: '0.7358490566037735', 1: '0.0', 2: '0.0', 3: '1.842015749320195', 4: 385.9435077168863} 
{0: '0.7407407407407407', 1: '0.0', 2: '0.0', 3: '1.7328621078878674', 4: 395.1316910084486} 
{0: '0.7454545454545455', 1: '0.0', 2: '0.0', 3: '1.6301766616608926', 4: 388.5508572754328} 
{0: '0.75', 1: '0.0', 2: '0.0', 3: '1.5335761201812925', 4: 380.39175987277343} 
{0: '0.7368421052631579', 1: '0.0', 2: '0.0', 3: '1.5335761201812925', 4: 381.7534716291869} 
{0: '0.7413793103448276', 1: '0.0', 2: '0.0', 3: '1.6301766616608926', 4: 394.2004372664077} 
{0: '0.7457627118644068', 1: '0.0', 2: '0.0', 3: '1.7328621078878674', 4: 383.09009683358} 
{0: '0.75', 1: '0.0', 2: '0.0', 3: '1.842015749320195', 4: 385.2509944872243} 
{0: '0.7540983606557377', 1: '0.0', 2: '0.0', 3: '1.958045020027179', 4: 401.57401057788286} 
{0: '0.7580645161290323', 1: '0.0', 2: '0.0', 3: '2.081383018504685', 4: 386.94435344279225} 
{0: '0.7619047619047619', 1: '0.0', 2: '0.0', 3: '2.212490124287102', 4: 394.50463099527923} 
{0: '0.765625', 1: '0.0', 2: '0.0', 3: '2.351855716390306', 4: 387.13733022977965} 
{0: '0.7538461538461538', 1: '0.0', 2: '0.0', 3: '2.351855716390306', 4: 389.52409787410625} 
{0: '0.7575757575757576', 1: '0.0', 2: '0.0', 3: '2.212490124287102', 4: 386.5619167579591} 
{0: '0.746268656716418', 1: '0.0', 2: '0.0', 3: '2.212490124287102', 4: 381.2961436517619} 
{0: '0.75', 1: '0.0', 2: '0.0', 3: '2.351855716390306', 4: 386.32895633863626} 
{0: '0.7536231884057971', 1: '0.0', 2: '0.0', 3: '2.500000000000003', 4: 392.89791368135656} 
{0: '0.7428571428571429', 1: '0.0', 2: '0.0', 3: '2.500000000000003', 4: 391.16388034081825} 
{0: '0.7464788732394366', 1: '0.0', 2: '0.0', 3: '2.351855716390306', 4: 393.02591715551296} 
{0: '0.75', 1: '0.0', 2: '0.0', 3: '2.212490124287102', 4: 396.11968272054474} 
{0: '0.7534246575342466', 1: '0.0', 2: '0.0', 3: '2.081383018504685', 4: 387.1213499543503} 
{0: '0.7432432432432432', 1: '0.0', 2: '0.0', 3: '2.081383018504685', 4: 382.1431814814243} 
{0: '0.7466666666666667', 1: '0.0', 2: '0.0', 3: '2.212490124287102', 4: 398.75959421933544} 
{0: '0.75', 1: '0.0', 2: '0.0', 3: '2.351855716390306', 4: 391.768698895743} 
{0: '0.7532467532467533', 1: '0.0', 2: '0.0', 3: '2.500000000000003', 4: 395.8147488346603} 
{0: '0.7435897435897436', 1: '0.0', 2: '0.0', 3: '2.500000000000003', 4: 377.4806209029046} 
{0: '0.7468354430379747', 1: '0.0', 2: '0.0', 3: '2.351855716390306', 4: 387.7533535387131} 
{0: '0.7375', 1: '0.0', 2: '0.0', 3: '2.351855716390306', 4: 379.0104331975624} 
{0: '0.7283950617283951', 1: '0.0', 2: '0.0', 3: '2.351855716390306', 4: 389.97334745969647} 
{0: '0.7317073170731707', 1: '0.0', 2: '0.0', 3: '2.212490124287102', 4: 380.4426553004041} 
{0: '0.7349397590361446', 1: '0.0', 2: '0.0', 3: '2.081383018504685', 4: 398.4014924058073} 
{0: '0.7261904761904762', 1: '0.0', 2: '0.0', 3: '2.081383018504685', 4: 396.96036644784976} 
{0: '0.7294117647058823', 1: '0.0', 2: '0.0', 3: '2.212490124287102', 4: 385.8060241319627} 
{0: '0.7325581395348837', 1: '0.0', 2: '0.0', 3: '2.351855716390306', 4: 387.72046336325764} 
{0: '0.735632183908046', 1: '0.0', 2: '0.0', 3: '2.500000000000003', 4: 388.07991763614575} 
{0: '0.7272727272727273', 1: '0.0', 2: '0.0', 3: '2.500000000000003', 4: 380.11606311439914} 
{0: '0.7303370786516854', 1: '0.0', 2: '0.0', 3: '2.351855716390306', 4: 387.6209893827897} 
{0: '0.7333333333333333', 1: '0.0', 2: '0.0', 3: '2.212490124287102', 4: 401.74476282509863} 
{0: '0.7362637362637363', 1: '0.0', 2: '0.0', 3: '2.081383018504685', 4: 385.9705896418118} 
{0: '0.7391304347826086', 1: '0.0', 2: '0.0', 3: '1.958045020027179', 4: 383.27772984143627} 
{0: '0.7419354838709677', 1: '0.0', 2: '0.0', 3: '1.842015749320195', 4: 347.1824029601281} 
{0: '0.7446808510638298', 1: '0.0', 2: '0.0', 3: '1.7328621078878674', 4: 338.8623909008369} 
{0: '0.7473684210526316', 1: '0.0', 2: '0.0', 3: '1.6301766616608926', 4: 337.9549526942499} 
{0: '0.75', 1: '0.0', 2: '0.0', 3: '1.5335761201812925', 4: 341.9015324804292} 
{0: '0.7525773195876289', 1: '0.0', 2: '0.0', 3: '1.4426999059072143', 4: 339.66470461581775} 
{0: '0.7551020408163265', 1: '0.0', 2: '0.0', 3: '1.3572088082974538', 4: 334.8159731948967} 
{0: '0.7575757575757576', 1: '0.0', 2: '0.0', 3: '1.2767837176518553', 4: 333.45911324112194} 
{0: '0.75', 1: '0.0', 2: '0.0', 3: '1.2767837176518553', 4: 342.8849620715174} 
{0: '0.7524752475247525', 1: '0.0', 2: '0.0', 3: '1.3572088082974538', 4: 345.4451813671405} 
{0: '0.7549019607843137', 1: '0.0', 2: '0.0', 3: '1.4426999059072143', 4: 334.3017504472727} 
{0: '0.7475728155339806', 1: '0.0', 2: '0.0', 3: '1.4426999059072143', 4: 342.6479216076507} 
{0: '0.7403846153846154', 1: '0.0', 2: '0.0', 3: '1.4426999059072143', 4: 342.55484335702903} 
{0: '0.7428571428571429', 1: '0.0', 2: '0.0', 3: '1.5335761201812925', 4: 337.61258162708646} 
{0: '0.7452830188679245', 1: '0.0', 2: '0.0', 3: '1.6301766616608926', 4: 333.42975561777615} 
{0: '0.7476635514018691', 1: '0.0', 2: '0.0', 3: '1.7328621078878674', 4: 339.319268741483} 
{0: '0.75', 1: '0.0', 2: '0.0', 3: '1.842015749320195', 4: 343.0147698168659} 
{0: '0.7522935779816514', 1: '0.0', 2: '0.0', 3: '1.958045020027179', 4: 339.51988775052655} 
{0: '0.7454545454545455', 1: '0.0', 2: '0.0', 3: '1.958045020027179', 4: 342.3731004192417} 
{0: '0.7477477477477478', 1: '0.0', 2: '0.0', 3: '1.842015749320195', 4: 340.51058139655146} 
{0: '0.75', 1: '0.0', 2: '0.0', 3: '1.7328621078878674', 4: 335.0266394254214} 
{0: '0.7522123893805309', 1: '0.0', 2: '0.0', 3: '1.6301766616608926', 4: 336.80919025238524} 
{0: '0.7543859649122807', 1: '0.0', 2: '0.0', 3: '1.5335761201812925', 4: 342.8810620517093} 
{0: '0.7565217391304347', 1: '0.0', 2: '0.0', 3: '1.4426999059072143', 4: 341.1701900673225} 
{0: '0.7586206896551724', 1: '0.0', 2: '0.0', 3: '1.3572088082974538', 4: 334.9607584887933} 
{0: '0.7606837606837606', 1: '0.0', 2: '0.0', 3: '1.2767837176518553', 4: 332.6041443988298} 
{0: '0.7542372881355932', 1: '0.0', 2: '0.0', 3: '1.2767837176518553', 4: 330.6592147182547} 
{0: '0.7563025210084033', 1: '0.0', 2: '0.0', 3: '1.3572088082974538', 4: 334.95068668576715} 
{0: '0.75', 1: '0.0', 2: '0.0', 3: '1.3572088082974538', 4: 329.47271707893236} 
{0: '0.7520661157024794', 1: '0.0', 2: '0.0', 3: '1.2767837176518553', 4: 335.43087392349474} 
{0: '0.7540983606557377', 1: '0.0', 2: '0.0', 3: '1.2011244339814315', 4: 331.3645558846168} 
{0: '0.7560975609756098', 1: '0.0', 2: '0.0', 3: '1.1299485464621188', 4: 336.55204132344926} 
{0: '0.75', 1: '0.0', 2: '0.0', 3: '1.1299485464621188', 4: 343.6965626198424} 
{0: '0.752', 1: '0.0', 2: '0.0', 3: '1.2011244339814315', 4: 329.6205868091869} 
{0: '0.753968253968254', 1: '0.0', 2: '0.0', 3: '1.2767837176518553', 4: 333.65317410745206} 
{0: '0.7480314960629921', 1: '0.0', 2: '0.0', 3: '1.2767837176518553', 4: 339.8095880842731} 
{0: '0.7421875', 1: '0.0', 2: '0.0', 3: '1.2767837176518553', 4: 332.83855491228525} 
{0: '0.7441860465116279', 1: '0.0', 2: '0.0', 3: '1.3572088082974538', 4: 340.4147169807463} 
{0: '0.7461538461538462', 1: '0.0', 2: '0.0', 3: '1.4426999059072143', 4: 333.98232262314866} 
{0: '0.7480916030534351', 1: '0.0', 2: '0.0', 3: '1.5335761201812925', 4: 341.201550784238} 
{0: '0.7424242424242424', 1: '0.0', 2: '0.0', 3: '1.5335761201812925', 4: 334.81299654864495} 
{0: '0.7443609022556391', 1: '0.0', 2: '0.0', 3: '1.4426999059072143', 4: 336.9083445199521} 
{0: '0.746268656716418', 1: '0.0', 2: '0.0', 3: '1.3572088082974538', 4: 334.8647451048222} 
{0: '0.7481481481481481', 1: '0.0', 2: '0.0', 3: '1.2767837176518553', 4: 334.74962764971843} 
{0: '0.7426470588235294', 1: '0.0', 2: '0.0', 3: '1.2767837176518553', 4: 332.0777258419195} 
{0: '0.7445255474452555', 1: '0.0', 2: '0.0', 3: '1.3572088082974538', 4: 337.43655597794077} 
{0: '0.7391304347826086', 1: '0.0', 2: '0.0', 3: '1.3572088082974538', 4: 332.6700670542387} 
{0: '0.7410071942446043', 1: '0.0', 2: '0.0', 3: '1.2767837176518553', 4: 332.26132742973675} 
{0: '0.7428571428571429', 1: '0.0', 2: '0.0', 3: '1.2011244339814315', 4: 336.22315023539625} 
{0: '0.7375886524822695', 1: '0.0', 2: '0.0', 3: '1.2011244339814315', 4: 331.17851984381787} 
{0: '0.7394366197183099', 1: '0.0', 2: '0.0', 3: '1.2767837176518553', 4: 337.930230233768} 
{0: '0.7412587412587412', 1: '0.0', 2: '0.0', 3: '1.3572088082974538', 4: 339.68450109002276} 
{0: '0.7430555555555556', 1: '0.0', 2: '0.0', 3: '1.4426999059072143', 4: 334.5774921472788} 
{0: '0.7448275862068966', 1: '0.0', 2: '0.0', 3: '1.5335761201812925', 4: 331.04119252405326} 
{0: '0.7465753424657534', 1: '0.0', 2: '0.0', 3: '1.6301766616608926', 4: 342.3956001482394} 
{0: '0.7414965986394558', 1: '0.0', 2: '0.0', 3: '1.6301766616608926', 4: 344.6764353375448} 
{0: '0.7432432432432432', 1: '0.0', 2: '0.0', 3: '1.5335761201812925', 4: 338.11424559229886} 
{0: '0.738255033557047', 1: '0.0', 2: '0.0', 3: '1.5335761201812925', 4: 337.84386503331456} 
{0: '0.7333333333333333', 1: '0.0', 2: '0.0', 3: '1.5335761201812925', 4: 333.63351238796884} 
{0: '0.7350993377483444', 1: '0.0', 2: '0.0', 3: '1.4426999059072143', 4: 337.2179064617122} 
{0: '0.7368421052631579', 1: '0.0', 2: '0.0', 3: '1.3572088082974538', 4: 333.2360063447108} 
{0: '0.738562091503268', 1: '0.0', 2: '0.0', 3: '1.2767837176518553', 4: 339.3357977574284} 
{0: '0.7402597402597403', 1: '0.0', 2: '0.0', 3: '1.2011244339814315', 4: 340.5125194390303} 
{0: '0.7354838709677419', 1: '0.0', 2: '0.0', 3: '1.2011244339814315', 4: 330.4659988831648} 
{0: '0.7371794871794872', 1: '0.0', 2: '0.0', 3: '1.2767837176518553', 4: 335.6480852270346} 
{0: '0.7388535031847133', 1: '0.0', 2: '0.0', 3: '1.3572088082974538', 4: 339.5844117251851} 
{0: '0.740506329113924', 1: '0.0', 2: '0.0', 3: '1.4426999059072143', 4: 340.37596738910196} 
{0: '0.7421383647798742', 1: '0.0', 2: '0.0', 3: '1.5335761201812925', 4: 339.19126093335393} 
{0: '0.74375', 1: '0.0', 2: '0.0', 3: '1.6301766616608926', 4: 339.09211785452277} 
{0: '0.7453416149068323', 1: '0.0', 2: '0.0', 3: '1.7328621078878674', 4: 330.58637737939074} 
{0: '0.7407407407407407', 1: '0.0', 2: '0.0', 3: '1.7328621078878674', 4: 339.5771518055881} 
{0: '0.7423312883435583', 1: '0.0', 2: '0.0', 3: '1.6301766616608926', 4: 340.8749506760858} 
{0: '0.7439024390243902', 1: '0.0', 2: '0.0', 3: '1.5335761201812925', 4: 345.1485907543981} 
{0: '0.7454545454545455', 1: '0.0', 2: '0.0', 3: '1.4426999059072143', 4: 334.39895752084993} 
{0: '0.7469879518072289', 1: '0.0', 2: '0.0', 3: '1.3572088082974538', 4: 338.66519712948883} 
{0: '0.7425149700598802', 1: '0.0', 2: '0.0', 3: '1.3572088082974538', 4: 336.5389582226065} 
{0: '0.7380952380952381', 1: '0.0', 2: '0.0', 3: '1.3572088082974538', 4: 335.7806819952286} 
{0: '0.7396449704142012', 1: '0.0', 2: '0.0', 3: '1.2767837176518553', 4: 331.4323438092903} 
{0: '0.7352941176470589', 1: '0.0', 2: '0.0', 3: '1.2767837176518553', 4: 337.5918477981658} 
{0: '0.7368421052631579', 1: '0.0', 2: '0.0', 3: '1.3572088082974538', 4: 331.5693902427334} 
{0: '0.7383720930232558', 1: '0.0', 2: '0.0', 3: '1.4426999059072143', 4: 332.88664042149986} 
{0: '0.7398843930635838', 1: '0.0', 2: '0.0', 3: '1.5335761201812925', 4: 339.5639019633182} 
{0: '0.7413793103448276', 1: '0.0', 2: '0.0', 3: '1.6301766616608926', 4: 340.1848911470479} 
{0: '0.7428571428571429', 1: '0.0', 2: '0.0', 3: '1.7328621078878674', 4: 343.7505636345833} 
{0: '0.7386363636363636', 1: '0.0', 2: '0.0', 3: '1.7328621078878674', 4: 346.180330325462} 
{0: '0.7401129943502824', 1: '0.0', 2: '0.0', 3: '1.6301766616608926', 4: 342.3085687631426} 
{0: '0.7359550561797753', 1: '0.0', 2: '0.0', 3: '1.6301766616608926', 4: 334.0601905476878} 
{0: '0.7374301675977654', 1: '0.0', 2: '0.0', 3: '1.7328621078878674', 4: 331.3953065449148} 
{0: '0.7333333333333333', 1: '0.0', 2: '0.0', 3: '1.7328621078878674', 4: 342.9647799792046} 
{0: '0.7348066298342542', 1: '0.0', 2: '0.0', 3: '1.6301766616608926', 4: 336.68184437566106} 
{0: '0.7362637362637363', 1: '0.0', 2: '0.0', 3: '1.5335761201812925', 4: 333.85883813149536} 
{0: '0.7377049180327869', 1: '0.0', 2: '0.0', 3: '1.4426999059072143', 4: 340.16523446970996} 
{0: '0.7391304347826086', 1: '0.0', 2: '0.0', 3: '1.3572088082974538', 4: 338.76345475035237} 
{0: '0.7405405405405405', 1: '0.0', 2: '0.0', 3: '1.2767837176518553', 4: 337.8231235626606} 
{0: '0.7419354838709677', 1: '0.0', 2: '0.0', 3: '1.2011244339814315', 4: 335.55950790112894} 
{0: '0.7379679144385026', 1: '0.0', 2: '0.0', 3: '1.2011244339814315', 4: 333.33268859585263} 
{0: '0.7393617021276596', 1: '0.0', 2: '0.0', 3: '1.2767837176518553', 4: 327.79548975061465} 
{0: '0.7407407407407407', 1: '0.0', 2: '0.0', 3: '1.3572088082974538', 4: 335.7750534198374} 
{0: '0.7421052631578947', 1: '0.0', 2: '0.0', 3: '1.4426999059072143', 4: 338.9802889560627} 
{0: '0.743455497382199', 1: '0.0', 2: '0.0', 3: '1.5335761201812925', 4: 340.53873484448627} 
{0: '0.7395833333333334', 1: '0.0', 2: '0.0', 3: '1.5335761201812925', 4: 338.3036199692517} 
{0: '0.7409326424870466', 1: '0.0', 2: '0.0', 3: '1.4426999059072143', 4: 352.54592600606327} 
{0: '0.7422680412371134', 1: '0.0', 2: '0.0', 3: '1.3572088082974538', 4: 330.84949269686194} 
{0: '0.7435897435897436', 1: '0.0', 2: '0.0', 3: '1.2767837176518553', 4: 335.09953343613665} 
{0: '0.7448979591836735', 1: '0.0', 2: '0.0', 3: '1.2011244339814315', 4: 332.9080987994966} 
{0: '0.7461928934010152', 1: '0.0', 2: '0.0', 3: '1.1299485464621188', 4: 333.51226273617493} 
{0: '0.7424242424242424', 1: '0.0', 2: '0.0', 3: '1.1299485464621188', 4: 339.38653584899663} 
{0: '0.7437185929648241', 1: '0.0', 2: '0.0', 3: '1.2011244339814315', 4: 340.2369395761286} 
{0: '0.745', 1: '0.0', 2: '0.0', 3: '1.2767837176518553', 4: 332.22367088688617} 
{0: '0.746268656716418', 1: '0.0', 2: '0.0', 3: '1.3572088082974538', 4: 334.52477755476536} 
{0: '0.7475247524752475', 1: '0.0', 2: '0.0', 3: '1.4426999059072143', 4: 342.66421707485176} 
{0: '0.7438423645320197', 1: '0.0', 2: '0.0', 3: '1.4426999059072143', 4: 336.6566715765037} 
{0: '0.7450980392156863', 1: '0.0', 2: '0.0', 3: '1.3572088082974538', 4: 335.692597847321} 
{0: '0.7463414634146341', 1: '0.0', 2: '0.0', 3: '1.2767837176518553', 4: 344.5118265529144} 
{0: '0.7427184466019418', 1: '0.0', 2: '0.0', 3: '1.2767837176518553', 4: 337.9568924561857} 
{0: '0.7439613526570048', 1: '0.0', 2: '0.0', 3: '1.3572088082974538', 4: 329.06758026202743} 
{0: '0.7451923076923077', 1: '0.0', 2: '0.0', 3: '1.4426999059072143', 4: 337.72909829517056} 
{0: '0.7464114832535885', 1: '0.0', 2: '0.0', 3: '1.5335761201812925', 4: 337.6690220872999} 
{0: '0.7428571428571429', 1: '0.0', 2: '0.0', 3: '1.5335761201812925', 4: 336.49512569690177} 
{0: '0.7440758293838863', 1: '0.0', 2: '0.0', 3: '1.4426999059072143', 4: 336.6353198583195} 
{0: '0.7452830188679245', 1: '0.0', 2: '0.0', 3: '1.3572088082974538', 4: 337.91300097377365} 
{0: '0.7464788732394366', 1: '0.0', 2: '0.0', 3: '1.2767837176518553', 4: 335.25668651890555} 
{0: '0.7476635514018691', 1: '0.0', 2: '0.0', 3: '1.2011244339814315', 4: 336.3119549339537} 
{0: '0.7441860465116279', 1: '0.0', 2: '0.0', 3: '1.2011244339814315', 4: 332.01536549810925} 
{0: '0.7453703703703703', 1: '0.0', 2: '0.0', 3: '1.2767837176518553', 4: 337.37126653219286} 
{0: '0.7465437788018433', 1: '0.0', 2: '0.0', 3: '1.3572088082974538', 4: 332.86294646729283} 
{0: '0.7431192660550459', 1: '0.0', 2: '0.0', 3: '1.3572088082974538', 4: 330.80412866592525} 
{0: '0.7442922374429224', 1: '0.0', 2: '0.0', 3: '1.2767837176518553', 4: 334.1637718960765} 
{0: '0.7454545454545455', 1: '0.0', 2: '0.0', 3: '1.2011244339814315', 4: 336.03408553670715} 
{0: '0.746606334841629', 1: '0.0', 2: '0.0', 3: '1.1299485464621188', 4: 333.66517966898056} 
{0: '0.7432432432432432', 1: '0.0', 2: '0.0', 3: '1.1299485464621188', 4: 331.72249564426266} 
{0: '0.7443946188340808', 1: '0.0', 2: '0.0', 3: '1.2011244339814315', 4: 335.38345108511487} 
{0: '0.7455357142857143', 1: '0.0', 2: '0.0', 3: '1.2767837176518553', 4: 339.27550087136404} 
{0: '0.7466666666666667', 1: '0.0', 2: '0.0', 3: '1.3572088082974538', 4: 341.3353964132048} 
{0: '0.7477876106194691', 1: '0.0', 2: '0.0', 3: '1.4426999059072143', 4: 338.47937751892806} 
{0: '0.748898678414097', 1: '0.0', 2: '0.0', 3: '1.5335761201812925', 4: 340.04421109228906} 
{0: '0.75', 1: '0.0', 2: '0.0', 3: '1.6301766616608926', 4: 335.28154679152675} 
{0: '0.7510917030567685', 1: '0.0', 2: '0.0', 3: '1.7328621078878674', 4: 331.38317604352613} 
{0: '0.7521739130434782', 1: '0.0', 2: '0.0', 3: '1.842015749320195', 4: 334.9105191093785} 
{0: '0.7532467532467533', 1: '0.0', 2: '0.0', 3: '1.958045020027179', 4: 337.979963927539} 
{0: '0.75', 1: '0.0', 2: '0.0', 3: '1.958045020027179', 4: 339.71045980356416} 
{0: '0.7510729613733905', 1: '0.0', 2: '0.0', 3: '1.842015749320195', 4: 336.9577643545744} 
{0: '0.7521367521367521', 1: '0.0', 2: '0.0', 3: '1.7328621078878674', 4: 341.209732486994} 
{0: '0.7531914893617021', 1: '0.0', 2: '0.0', 3: '1.6301766616608926', 4: 338.9120296462456} 
{0: '0.75', 1: '0.0', 2: '0.0', 3: '1.6301766616608926', 4: 341.8118033336982} 
{0: '0.7510548523206751', 1: '0.0', 2: '0.0', 3: '1.7328621078878674', 4: 336.81663967268867} 
{0: '0.7521008403361344', 1: '0.0', 2: '0.0', 3: '1.842015749320195', 4: 339.3238925374955} 
{0: '0.7489539748953975', 1: '0.0', 2: '0.0', 3: '1.842015749320195', 4: 333.09900757561377} 
{0: '0.75', 1: '0.0', 2: '0.0', 3: '1.7328621078878674', 4: 339.8861334318862} 
{0: '0.7510373443983402', 1: '0.0', 2: '0.0', 3: '1.6301766616608926', 4: 340.8838481128614} 
{0: '0.7520661157024794', 1: '0.0', 2: '0.0', 3: '1.5335761201812925', 4: 333.9086083078635} 
{0: '0.7530864197530864', 1: '0.0', 2: '0.0', 3: '1.4426999059072143', 4: 340.13535651647175} 
{0: '0.7540983606557377', 1: '0.0', 2: '0.0', 3: '1.3572088082974538', 4: 337.045704580996} 
{0: '0.7510204081632653', 1: '0.0', 2: '0.0', 3: '1.3572088082974538', 4: 335.17209407673215} 
{0: '0.7520325203252033', 1: '0.0', 2: '0.0', 3: '1.4426999059072143', 4: 335.30619280966994} 
{0: '0.7530364372469636', 1: '0.0', 2: '0.0', 3: '1.5335761201812925', 4: 334.6540460013947} 
{0: '0.7540322580645161', 1: '0.0', 2: '0.0', 3: '1.6301766616608926', 4: 334.94253619302015} 
{0: '0.7550200803212851', 1: '0.0', 2: '0.0', 3: '1.7328621078878674', 4: 337.2029809028811} 
{0: '0.756', 1: '0.0', 2: '0.0', 3: '1.842015749320195', 4: 332.0174790285778} 
{0: '0.7529880478087649', 1: '0.0', 2: '0.0', 3: '1.842015749320195', 4: 336.6232601223325} 
{0: '0.753968253968254', 1: '0.0', 2: '0.0', 3: '1.7328621078878674', 4: 336.4651396989604} 
{0: '0.7549407114624506', 1: '0.0', 2: '0.0', 3: '1.6301766616608926', 4: 335.1404753302102} 
{0: '0.7559055118110236', 1: '0.0', 2: '0.0', 3: '1.5335761201812925', 4: 342.31382617121415} 
{0: '0.7568627450980392', 1: '0.0', 2: '0.0', 3: '1.4426999059072143', 4: 337.4441912145947} 
{0: '0.7578125', 1: '0.0', 2: '0.0', 3: '1.3572088082974538', 4: 335.2148330085645} 
{0: '0.754863813229572', 1: '0.0', 2: '0.0', 3: '1.3572088082974538', 4: 333.92945813379157} 
{0: '0.7558139534883721', 1: '0.0', 2: '0.0', 3: '1.4426999059072143', 4: 338.15175315409294} 
{0: '0.7567567567567568', 1: '0.0', 2: '0.0', 3: '1.5335761201812925', 4: 332.14395565070686} 
{0: '0.7576923076923077', 1: '0.0', 2: '0.0', 3: '1.6301766616608926', 4: 333.31938060544496} 
{0: '0.7586206896551724', 1: '0.0', 2: '0.0', 3: '1.7328621078878674', 4: 340.7965446043308} 
{0: '0.7595419847328244', 1: '0.0', 2: '0.0', 3: '1.842015749320195', 4: 337.66518676998476} 
{0: '0.7604562737642585', 1: '0.0', 2: '0.0', 3: '1.958045020027179', 4: 336.69506041178977} 
{0: '0.7613636363636364', 1: '0.0', 2: '0.0', 3: '2.081383018504685', 4: 340.7509913012627} 
{0: '0.7622641509433963', 1: '0.0', 2: '0.0', 3: '2.212490124287102', 4: 334.63383111704616} 
{0: '0.7593984962406015', 1: '0.0', 2: '0.0', 3: '2.212490124287102', 4: 336.41071755358234} 
{0: '0.7602996254681648', 1: '0.0', 2: '0.0', 3: '2.081383018504685', 4: 340.9502394278887} 
{0: '0.7611940298507462', 1: '0.0', 2: '0.0', 3: '1.958045020027179', 4: 337.8183128004103} 
{0: '0.7620817843866171', 1: '0.0', 2: '0.0', 3: '1.842015749320195', 4: 335.3533287264388} 
{0: '0.762962962962963', 1: '0.0', 2: '0.0', 3: '1.7328621078878674', 4: 337.66903727391593} 
{0: '0.7638376383763837', 1: '0.0', 2: '0.0', 3: '1.6301766616608926', 4: 340.8159698244966} 
{0: '0.7610294117647058', 1: '0.0', 2: '0.0', 3: '1.6301766616608926', 4: 335.0823636429355} 
{0: '0.7582417582417582', 1: '0.0', 2: '0.0', 3: '1.6301766616608926', 4: 339.7327682634095} 
{0: '0.7591240875912408', 1: '0.0', 2: '0.0', 3: '1.5335761201812925', 4: 334.48702060283057} 
{0: '0.76', 1: '0.0', 2: '0.0', 3: '1.4426999059072143', 4: 334.67375329897965} 
{0: '0.7608695652173914', 1: '0.0', 2: '0.0', 3: '1.3572088082974538', 4: 335.2469002752403} 
{0: '0.7617328519855595', 1: '0.0', 2: '0.0', 3: '1.2767837176518553', 4: 331.6658614391769} 
{0: '0.7589928057553957', 1: '0.0', 2: '0.0', 3: '1.2767837176518553', 4: 331.0163071243906} 
{0: '0.7562724014336918', 1: '0.0', 2: '0.0', 3: '1.2767837176518553', 4: 339.1690430231109} 
{0: '0.7535714285714286', 1: '0.0', 2: '0.0', 3: '1.2767837176518553', 4: 336.69353689793934} 
{0: '0.7544483985765125', 1: '0.0', 2: '0.0', 3: '1.3572088082974538', 4: 336.62718116277676} 
{0: '0.7553191489361702', 1: '0.0', 2: '0.0', 3: '1.4426999059072143', 4: 334.0298756280032} 
{0: '0.7561837455830389', 1: '0.0', 2: '0.0', 3: '1.5335761201812925', 4: 335.79485027436886} 
{0: '0.7535211267605634', 1: '0.0', 2: '0.0', 3: '1.5335761201812925', 4: 332.24081475616913} 
{0: '0.7543859649122807', 1: '0.0', 2: '0.0', 3: '1.4426999059072143', 4: 329.9256361678932} 
{0: '0.7517482517482518', 1: '0.0', 2: '0.0', 3: '1.4426999059072143', 4: 344.62891260882276} 
{0: '0.7526132404181185', 1: '0.0', 2: '0.0', 3: '1.5335761201812925', 4: 334.9455351492666} 
{0: '0.7534722222222222', 1: '0.0', 2: '0.0', 3: '1.6301766616608926', 4: 335.889415915241} 
{0: '0.754325259515571', 1: '0.0', 2: '0.0', 3: '1.7328621078878674', 4: 335.2547595272081} 
{0: '0.7551724137931034', 1: '0.0', 2: '0.0', 3: '1.842015749320195', 4: 342.4998805675813} 
{0: '0.7560137457044673', 1: '0.0', 2: '0.0', 3: '1.958045020027179', 4: 333.6520748127829} 
{0: '0.7568493150684932', 1: '0.0', 2: '0.0', 3: '2.081383018504685', 4: 343.7710837711635} 
{0: '0.7542662116040956', 1: '0.0', 2: '0.0', 3: '2.081383018504685', 4: 342.4861731223045} 
{0: '0.7551020408163265', 1: '0.0', 2: '0.0', 3: '1.958045020027179', 4: 352.6548073540813} 
{0: '0.7559322033898305', 1: '0.0', 2: '0.0', 3: '1.842015749320195', 4: 347.6971373088308} 
{0: '0.7567567567567568', 1: '0.0', 2: '0.0', 3: '1.7328621078878674', 4: 334.58697673940094} 
{0: '0.7575757575757576', 1: '0.0', 2: '0.0', 3: '1.6301766616608926', 4: 340.05766289125745} 
{0: '0.7583892617449665', 1: '0.0', 2: '0.0', 3: '1.5335761201812925', 4: 330.0355099037465} 
{0: '0.7591973244147158', 1: '0.0', 2: '0.0', 3: '1.4426999059072143', 4: 343.52591500895414} 
{0: '0.7566666666666667', 1: '0.0', 2: '0.0', 3: '1.4426999059072143', 4: 334.30975160988737} 
{0: '0.7574750830564784', 1: '0.0', 2: '0.0', 3: '1.5335761201812925', 4: 337.11781363852367} 
{0: '0.7549668874172185', 1: '0.0', 2: '0.0', 3: '1.5335761201812925', 4: 339.12676938426114} 
{0: '0.7524752475247525', 1: '0.0', 2: '0.0', 3: '1.5335761201812925', 4: 340.7279486717231} 
{0: '0.75', 1: '0.0', 2: '0.0', 3: '1.5335761201812925', 4: 342.38282173835006} 
{0: '0.7508196721311475', 1: '0.0', 2: '0.0', 3: '1.4426999059072143', 4: 348.56167922524895} 
{0: '0.7516339869281046', 1: '0.0', 2: '0.0', 3: '1.3572088082974538', 4: 331.1258441476585} 
{0: '0.752442996742671', 1: '0.0', 2: '0.0', 3: '1.2767837176518553', 4: 335.04548362807486} 
{0: '0.7532467532467533', 1: '0.0', 2: '0.0', 3: '1.2011244339814315', 4: 343.07296078982944} 
{0: '0.7508090614886731', 1: '0.0', 2: '0.0', 3: '1.2011244339814315', 4: 336.24878456879645} 
{0: '0.7516129032258064', 1: '0.0', 2: '0.0', 3: '1.2767837176518553', 4: 340.78668371395224} 
{0: '0.752411575562701', 1: '0.0', 2: '0.0', 3: '1.3572088082974538', 4: 333.9045495992513} 
{0: '0.7532051282051282', 1: '0.0', 2: '0.0', 3: '1.4426999059072143', 4: 324.3091940099195} 
{0: '0.7507987220447284', 1: '0.0', 2: '0.0', 3: '1.4426999059072143', 4: 335.1727004089372} 
{0: '0.7515923566878981', 1: '0.0', 2: '0.0', 3: '1.3572088082974538', 4: 337.3859153595471} 
{0: '0.7523809523809524', 1: '0.0', 2: '0.0', 3: '1.2767837176518553', 4: 331.9827503120428} 
{0: '0.75', 1: '0.0', 2: '0.0', 3: '1.2767837176518553', 4: 339.4813065365666} 
{0: '0.750788643533123', 1: '0.0', 2: '0.0', 3: '1.3572088082974538', 4: 346.41475677351207} 
{0: '0.7515723270440252', 1: '0.0', 2: '0.0', 3: '1.4426999059072143', 4: 338.43270677726036} 
{0: '0.7492163009404389', 1: '0.0', 2: '0.0', 3: '1.4426999059072143', 4: 337.998099233991} 
{0: '0.746875', 1: '0.0', 2: '0.0', 3: '1.4426999059072143', 4: 338.4469353517865} 
{0: '0.7476635514018691', 1: '0.0', 2: '0.0', 3: '1.5335761201812925', 4: 333.7736783310035} 
{0: '0.7484472049689441', 1: '0.0', 2: '0.0', 3: '1.6301766616608926', 4: 331.56928494638106} 
{0: '0.7461300309597523', 1: '0.0', 2: '0.0', 3: '1.6301766616608926', 4: 342.6878398437373} 
{0: '0.7469135802469136', 1: '0.0', 2: '0.0', 3: '1.5335761201812925', 4: 333.23691954193447} 
{0: '0.7476923076923077', 1: '0.0', 2: '0.0', 3: '1.4426999059072143', 4: 335.27576263883515} 
{0: '0.7484662576687117', 1: '0.0', 2: '0.0', 3: '1.3572088082974538', 4: 336.08602415133885} 
{0: '0.7492354740061162', 1: '0.0', 2: '0.0', 3: '1.2767837176518553', 4: 336.3369103343975} 
{0: '0.7469512195121951', 1: '0.0', 2: '0.0', 3: '1.2767837176518553', 4: 332.86185531275333} 
{0: '0.7477203647416414', 1: '0.0', 2: '0.0', 3: '1.3572088082974538', 4: 332.25341550328596} 
{0: '0.7484848484848485', 1: '0.0', 2: '0.0', 3: '1.4426999059072143', 4: 340.67772829570833} 
{0: '0.7492447129909365', 1: '0.0', 2: '0.0', 3: '1.5335761201812925', 4: 336.33385697393976} 
{0: '0.75', 1: '0.0', 2: '0.0', 3: '1.6301766616608926', 4: 334.45299350226657} 
{0: '0.7507507507507507', 1: '0.0', 2: '0.0', 3: '1.7328621078878674', 4: 336.63410829691026} 
{0: '0.7485029940119761', 1: '0.0', 2: '0.0', 3: '1.7328621078878674', 4: 336.63576838879715} 
{0: '0.7492537313432835', 1: '0.0', 2: '0.0', 3: '1.6301766616608926', 4: 334.30574996811674} 
{0: '0.75', 1: '0.0', 2: '0.0', 3: '1.5335761201812925', 4: 337.87924506894075} 
{0: '0.7507418397626113', 1: '0.0', 2: '0.0', 3: '1.4426999059072143', 4: 338.2570719474665} 
{0: '0.7485207100591716', 1: '0.0', 2: '0.0', 3: '1.4426999059072143', 4: 339.2729309788601} 
{0: '0.7492625368731564', 1: '0.0', 2: '0.0', 3: '1.5335761201812925', 4: 336.73850109069883} 
{0: '0.75', 1: '0.0', 2: '0.0', 3: '1.6301766616608926', 4: 336.6022172166318} 
{0: '0.7478005865102639', 1: '0.0', 2: '0.0', 3: '1.6301766616608926', 4: 341.31363895944315} 
{0: '0.7485380116959064', 1: '0.0', 2: '0.0', 3: '1.5335761201812925', 4: 345.0720906790945} 
{0: '0.7463556851311953', 1: '0.0', 2: '0.0', 3: '1.5335761201812925', 4: 335.8552257718349} 
{0: '0.747093023255814', 1: '0.0', 2: '0.0', 3: '1.6301766616608926', 4: 339.0366502480035} 
{0: '0.744927536231884', 1: '0.0', 2: '0.0', 3: '1.6301766616608926', 4: 335.1260352375584} 
{0: '0.7456647398843931', 1: '0.0', 2: '0.0', 3: '1.5335761201812925', 4: 337.6479498942132} 
{0: '0.7435158501440923', 1: '0.0', 2: '0.0', 3: '1.5335761201812925', 4: 336.1223226076386} 
{0: '0.7413793103448276', 1: '0.0', 2: '0.0', 3: '1.5335761201812925', 4: 332.7484031909797} 
{0: '0.7421203438395415', 1: '0.0', 2: '0.0', 3: '1.4426999059072143', 4: 334.27781761793926} 
{0: '0.7428571428571429', 1: '0.0', 2: '0.0', 3: '1.3572088082974538', 4: 332.18004890201973} 
{0: '0.7435897435897436', 1: '0.0', 2: '0.0', 3: '1.2767837176518553', 4: 339.5171412191876} 
{0: '0.7443181818181818', 1: '0.0', 2: '0.0', 3: '1.2011244339814315', 4: 330.74486599301105} 
{0: '0.7422096317280453', 1: '0.0', 2: '0.0', 3: '1.2011244339814315', 4: 339.80787114982604} 
{0: '0.7429378531073446', 1: '0.0', 2: '0.0', 3: '1.2767837176518553', 4: 330.614921842436} 
{0: '0.7436619718309859', 1: '0.0', 2: '0.0', 3: '1.3572088082974538', 4: 339.310685590294} 
{0: '0.7443820224719101', 1: '0.0', 2: '0.0', 3: '1.4426999059072143', 4: 344.59632072694876} 
{0: '0.7450980392156863', 1: '0.0', 2: '0.0', 3: '1.5335761201812925', 4: 336.8015996021526} 
{0: '0.7458100558659218', 1: '0.0', 2: '0.0', 3: '1.6301766616608926', 4: 346.7561825185729} 
{0: '0.7465181058495822', 1: '0.0', 2: '0.0', 3: '1.7328621078878674', 4: 345.8739738860452} 
{0: '0.7444444444444445', 1: '0.0', 2: '0.0', 3: '1.7328621078878674', 4: 339.93614369585487} 
{0: '0.7451523545706371', 1: '0.0', 2: '0.0', 3: '1.6301766616608926', 4: 346.10987592548224} 
{0: '0.7458563535911602', 1: '0.0', 2: '0.0', 3: '1.5335761201812925', 4: 331.636758275135} 
{0: '0.7465564738292011', 1: '0.0', 2: '0.0', 3: '1.4426999059072143', 4: 341.57533580156155} 
{0: '0.7445054945054945', 1: '0.0', 2: '0.0', 3: '1.4426999059072143', 4: 338.2499856835589} 
{0: '0.7452054794520548', 1: '0.0', 2: '0.0', 3: '1.5335761201812925', 4: 337.21388087309913} 
{0: '0.7431693989071039', 1: '0.0', 2: '0.0', 3: '1.5335761201812925', 4: 337.54279142172095} 
{0: '0.7438692098092643', 1: '0.0', 2: '0.0', 3: '1.4426999059072143', 4: 344.4950347939697} 
{0: '0.7418478260869565', 1: '0.0', 2: '0.0', 3: '1.4426999059072143', 4: 336.41730894123526} 
{0: '0.7398373983739838', 1: '0.0', 2: '0.0', 3: '1.4426999059072143', 4: 339.96769865574265} 
{0: '0.7405405405405405', 1: '0.0', 2: '0.0', 3: '1.3572088082974538', 4: 341.55003363287227} 
{0: '0.738544474393531', 1: '0.0', 2: '0.0', 3: '1.3572088082974538', 4: 333.9066526555022} 
{0: '0.739247311827957', 1: '0.0', 2: '0.0', 3: '1.4426999059072143', 4: 334.86962684926846} 
{0: '0.7372654155495979', 1: '0.0', 2: '0.0', 3: '1.4426999059072143', 4: 334.23828544681646} 
{0: '0.7379679144385026', 1: '0.0', 2: '0.0', 3: '1.3572088082974538', 4: 339.63211512369753} 
{0: '0.736', 1: '0.0', 2: '0.0', 3: '1.3572088082974538', 4: 332.6617614534852} 
{0: '0.7367021276595744', 1: '0.0', 2: '0.0', 3: '1.4426999059072143', 4: 337.53797079822783} 
{0: '0.7374005305039788', 1: '0.0', 2: '0.0', 3: '1.5335761201812925', 4: 340.4438836700786} 
{0: '0.7380952380952381', 1: '0.0', 2: '0.0', 3: '1.6301766616608926', 4: 337.374197193754} 
{0: '0.7361477572559367', 1: '0.0', 2: '0.0', 3: '1.6301766616608926', 4: 336.7489796506656} 
{0: '0.7368421052631579', 1: '0.0', 2: '0.0', 3: '1.5335761201812925', 4: 341.8377748479873} 
{0: '0.7375328083989501', 1: '0.0', 2: '0.0', 3: '1.4426999059072143', 4: 331.71546284102413} 
{0: '0.7382198952879581', 1: '0.0', 2: '0.0', 3: '1.3572088082974538', 4: 332.2973715588202} 
{0: '0.7389033942558747', 1: '0.0', 2: '0.0', 3: '1.2767837176518553', 4: 336.6737255857155} 
{0: '0.7395833333333334', 1: '0.0', 2: '0.0', 3: '1.2011244339814315', 4: 342.7069896718031} 
{0: '0.7376623376623377', 1: '0.0', 2: '0.0', 3: '1.2011244339814315', 4: 341.00787563491906} 
{0: '0.7383419689119171', 1: '0.0', 2: '0.0', 3: '1.2767837176518553', 4: 340.6119763887898} 
{0: '0.7390180878552972', 1: '0.0', 2: '0.0', 3: '1.3572088082974538', 4: 337.0008767526272} 
{0: '0.7396907216494846', 1: '0.0', 2: '0.0', 3: '1.4426999059072143', 4: 338.8501175592774} 
{0: '0.7377892030848329', 1: '0.0', 2: '0.0', 3: '1.4426999059072143', 4: 335.75804380165096} 
{0: '0.7384615384615385', 1: '0.0', 2: '0.0', 3: '1.3572088082974538', 4: 336.6364557100914} 
{0: '0.7391304347826086', 1: '0.0', 2: '0.0', 3: '1.2767837176518553', 4: 340.2810194259843} 
{0: '0.7372448979591837', 1: '0.0', 2: '0.0', 3: '1.2767837176518553', 4: 337.77811637918114} 
{0: '0.7379134860050891', 1: '0.0', 2: '0.0', 3: '1.3572088082974538', 4: 338.29093736504205} 
{0: '0.7385786802030457', 1: '0.0', 2: '0.0', 3: '1.4426999059072143', 4: 340.70544658964417} 
{0: '0.739240506329114', 1: '0.0', 2: '0.0', 3: '1.5335761201812925', 4: 340.7734598531494} 
{0: '0.7373737373737373', 1: '0.0', 2: '0.0', 3: '1.5335761201812925', 4: 330.91942709946545} 
{0: '0.7380352644836272', 1: '0.0', 2: '0.0', 3: '1.4426999059072143', 4: 335.05263386843956} 
{0: '0.7386934673366834', 1: '0.0', 2: '0.0', 3: '1.3572088082974538', 4: 337.24273327928705} 
{0: '0.7393483709273183', 1: '0.0', 2: '0.0', 3: '1.2767837176518553', 4: 331.014676483022} 
{0: '0.74', 1: '0.0', 2: '0.0', 3: '1.2011244339814315', 4: 335.083398656546} 
{0: '0.7381546134663342', 1: '0.0', 2: '0.0', 3: '1.2011244339814315', 4: 336.7246344233908} 
{0: '0.7388059701492538', 1: '0.0', 2: '0.0', 3: '1.2767837176518553', 4: 335.4375704175241} 
{0: '0.739454094292804', 1: '0.0', 2: '0.0', 3: '1.3572088082974538', 4: 330.1819555219408} 
{0: '0.7400990099009901', 1: '0.0', 2: '0.0', 3: '1.4426999059072143', 4: 331.0972073256287} 
{0: '0.7407407407407407', 1: '0.0', 2: '0.0', 3: '1.5335761201812925', 4: 333.5893048757868} 
{0: '0.7413793103448276', 1: '0.0', 2: '0.0', 3: '1.6301766616608926', 4: 337.0984852112835} 
{0: '0.742014742014742', 1: '0.0', 2: '0.0', 3: '1.7328621078878674', 4: 337.3529637103884} 
{0: '0.7401960784313726', 1: '0.0', 2: '0.0', 3: '1.7328621078878674', 4: 335.42334581499773} 
{0: '0.7408312958435208', 1: '0.0', 2: '0.0', 3: '1.6301766616608926', 4: 335.12315291277474} 
{0: '0.7414634146341463', 1: '0.0', 2: '0.0', 3: '1.5335761201812925', 4: 332.35273322601046} 
{0: '0.7420924574209246', 1: '0.0', 2: '0.0', 3: '1.4426999059072143', 4: 335.79196237577156} 
{0: '0.7427184466019418', 1: '0.0', 2: '0.0', 3: '1.3572088082974538', 4: 332.4762707409868} 
{0: '0.7433414043583535', 1: '0.0', 2: '0.0', 3: '1.2767837176518553', 4: 335.6980024319007} 
{0: '0.7439613526570048', 1: '0.0', 2: '0.0', 3: '1.2011244339814315', 4: 334.5183718263662} 
{0: '0.7421686746987952', 1: '0.0', 2: '0.0', 3: '1.2011244339814315', 4: 343.7391880968834} 
{0: '0.7427884615384616', 1: '0.0', 2: '0.0', 3: '1.2767837176518553', 4: 330.11300743862415} 
{0: '0.7434052757793765', 1: '0.0', 2: '0.0', 3: '1.3572088082974538', 4: 336.5821329917743} 
{0: '0.7440191387559809', 1: '0.0', 2: '0.0', 3: '1.4426999059072143', 4: 334.6782552262757} 
{0: '0.7446300715990454', 1: '0.0', 2: '0.0', 3: '1.5335761201812925', 4: 338.07391585307084} 
{0: '0.7452380952380953', 1: '0.0', 2: '0.0', 3: '1.6301766616608926', 4: 338.6949832743712} 
{0: '0.7434679334916865', 1: '0.0', 2: '0.0', 3: '1.6301766616608926', 4: 339.7297831651722} 
{0: '0.7440758293838863', 1: '0.0', 2: '0.0', 3: '1.5335761201812925', 4: 336.1700466729724} 
{0: '0.7446808510638298', 1: '0.0', 2: '0.0', 3: '1.4426999059072143', 4: 337.364075646121} 
{0: '0.7452830188679245', 1: '0.0', 2: '0.0', 3: '1.3572088082974538', 4: 333.1327200574379} 
{0: '0.7458823529411764', 1: '0.0', 2: '0.0', 3: '1.2767837176518553', 4: 332.2338551808845} 
{0: '0.7464788732394366', 1: '0.0', 2: '0.0', 3: '1.2011244339814315', 4: 332.5351487738577} 
{0: '0.7447306791569087', 1: '0.0', 2: '0.0', 3: '1.2011244339814315', 4: 333.2146982709879} 
{0: '0.7453271028037384', 1: '0.0', 2: '0.0', 3: '1.2767837176518553', 4: 331.04210480638983} 
{0: '0.745920745920746', 1: '0.0', 2: '0.0', 3: '1.3572088082974538', 4: 334.48191086705447} 
{0: '0.7465116279069768', 1: '0.0', 2: '0.0', 3: '1.4426999059072143', 4: 343.1586414178512} 
{0: '0.7470997679814385', 1: '0.0', 2: '0.0', 3: '1.5335761201812925', 4: 340.99283980684754} 
{0: '0.7476851851851852', 1: '0.0', 2: '0.0', 3: '1.6301766616608926', 4: 335.53001679884335} 
{0: '0.7482678983833718', 1: '0.0', 2: '0.0', 3: '1.7328621078878674', 4: 340.7091898028523} 
{0: '0.7465437788018433', 1: '0.0', 2: '0.0', 3: '1.7328621078878674', 4: 330.274498400473} 
{0: '0.7471264367816092', 1: '0.0', 2: '0.0', 3: '1.6301766616608926', 4: 331.4649654628365} 
{0: '0.7477064220183486', 1: '0.0', 2: '0.0', 3: '1.5335761201812925', 4: 343.5022543476031} 
{0: '0.7482837528604119', 1: '0.0', 2: '0.0', 3: '1.4426999059072143', 4: 340.5654788207664} 
{0: '0.7488584474885844', 1: '0.0', 2: '0.0', 3: '1.3572088082974538', 4: 341.83306859730845} 
{0: '0.7494305239179955', 1: '0.0', 2: '0.0', 3: '1.2767837176518553', 4: 333.5582112117339} 
{0: '0.75', 1: '0.0', 2: '0.0', 3: '1.2011244339814315', 4: 329.7458146307943} 
{0: '0.7482993197278912', 1: '0.0', 2: '0.0', 3: '1.2011244339814315', 4: 334.6647695244145} 
{0: '0.748868778280543', 1: '0.0', 2: '0.0', 3: '1.2767837176518553', 4: 340.263192868935} 
{0: '0.7494356659142212', 1: '0.0', 2: '0.0', 3: '1.3572088082974538', 4: 344.03302200499417} 
{0: '0.75', 1: '0.0', 2: '0.0', 3: '1.4426999059072143', 4: 328.71707272808453} 
{0: '0.750561797752809', 1: '0.0', 2: '0.0', 3: '1.5335761201812925', 4: 333.17858914180135} 
{0: '0.7488789237668162', 1: '0.0', 2: '0.0', 3: '1.5335761201812925', 4: 340.9321492376581} 
{0: '0.7494407158836689', 1: '0.0', 2: '0.0', 3: '1.4426999059072143', 4: 331.3087667473289} 
{0: '0.75', 1: '0.0', 2: '0.0', 3: '1.3572088082974538', 4: 340.70109492840857} 
{0: '0.7483296213808464', 1: '0.0', 2: '0.0', 3: '1.3572088082974538', 4: 343.5455206381844} 
{0: '0.7488888888888889', 1: '0.0', 2: '0.0', 3: '1.4426999059072143', 4: 338.7912258043514} 
{0: '0.7494456762749445', 1: '0.0', 2: '0.0', 3: '1.5335761201812925', 4: 340.3077603370787} 
{0: '0.7477876106194691', 1: '0.0', 2: '0.0', 3: '1.5335761201812925', 4: 342.9644126154872} 
{0: '0.7483443708609272', 1: '0.0', 2: '0.0', 3: '1.4426999059072143', 4: 334.916269087569} 
{0: '0.748898678414097', 1: '0.0', 2: '0.0', 3: '1.3572088082974538', 4: 336.8011853568238} 
{0: '0.7472527472527473', 1: '0.0', 2: '0.0', 3: '1.3572088082974538', 4: 339.5789791835923} 
{0: '0.7478070175438597', 1: '0.0', 2: '0.0', 3: '1.4426999059072143', 4: 329.8614975142699} 
{0: '0.7483588621444202', 1: '0.0', 2: '0.0', 3: '1.5335761201812925', 4: 333.6831010515754} 
{0: '0.7489082969432315', 1: '0.0', 2: '0.0', 3: '1.6301766616608926', 4: 333.7471138481231} 
{0: '0.7472766884531591', 1: '0.0', 2: '0.0', 3: '1.6301766616608926', 4: 333.2733797311883} 
{0: '0.7478260869565218', 1: '0.0', 2: '0.0', 3: '1.5335761201812925', 4: 331.0753057593327} 
{0: '0.7483731019522777', 1: '0.0', 2: '0.0', 3: '1.4426999059072143', 4: 334.46211617997017} 
{0: '0.7489177489177489', 1: '0.0', 2: '0.0', 3: '1.3572088082974538', 4: 335.245616211324} 
{0: '0.7473002159827213', 1: '0.0', 2: '0.0', 3: '1.3572088082974538', 4: 342.21705232978934} 
{0: '0.7478448275862069', 1: '0.0', 2: '0.0', 3: '1.4426999059072143', 4: 331.58269257191} 
{0: '0.7483870967741936', 1: '0.0', 2: '0.0', 3: '1.5335761201812925', 4: 336.50518607729504} 
{0: '0.7489270386266095', 1: '0.0', 2: '0.0', 3: '1.6301766616608926', 4: 332.7302919401889} 
{0: '0.7473233404710921', 1: '0.0', 2: '0.0', 3: '1.6301766616608926', 4: 336.72259855923784} 
{0: '0.7478632478632479', 1: '0.0', 2: '0.0', 3: '1.5335761201812925', 4: 336.3738143498801} 
{0: '0.7484008528784648', 1: '0.0', 2: '0.0', 3: '1.4426999059072143', 4: 339.10256991774014} 
{0: '0.7489361702127659', 1: '0.0', 2: '0.0', 3: '1.3572088082974538', 4: 343.0270953214754} 
{0: '0.7494692144373672', 1: '0.0', 2: '0.0', 3: '1.2767837176518553', 4: 333.6978510602931} 
{0: '0.7478813559322034', 1: '0.0', 2: '0.0', 3: '1.2767837176518553', 4: 333.0400946500722} 
{0: '0.7463002114164905', 1: '0.0', 2: '0.0', 3: '1.2767837176518553', 4: 338.8109070984677} 
{0: '0.7447257383966245', 1: '0.0', 2: '0.0', 3: '1.2767837176518553', 4: 336.6468624041888} 
{0: '0.7431578947368421', 1: '0.0', 2: '0.0', 3: '1.2767837176518553', 4: 334.4903931695756} 
{0: '0.7436974789915967', 1: '0.0', 2: '0.0', 3: '1.2011244339814315', 4: 336.41769687719636} 
{0: '0.7421383647798742', 1: '0.0', 2: '0.0', 3: '1.2011244339814315', 4: 332.7710255907574} 
{0: '0.7426778242677824', 1: '0.0', 2: '0.0', 3: '1.2767837176518553', 4: 339.64595570514933} 
{0: '0.7432150313152401', 1: '0.0', 2: '0.0', 3: '1.3572088082974538', 4: 340.63448473414326} 
{0: '0.7416666666666667', 1: '0.0', 2: '0.0', 3: '1.3572088082974538', 4: 334.0446538526732} 
{0: '0.7422037422037422', 1: '0.0', 2: '0.0', 3: '1.2767837176518553', 4: 336.88409735002284} 
{0: '0.7406639004149378', 1: '0.0', 2: '0.0', 3: '1.2767837176518553', 4: 334.3267736972242} 
{0: '0.7412008281573499', 1: '0.0', 2: '0.0', 3: '1.3572088082974538', 4: 337.17243054741647} 
{0: '0.7396694214876033', 1: '0.0', 2: '0.0', 3: '1.3572088082974538', 4: 338.8516427279903} 
{0: '0.7402061855670103', 1: '0.0', 2: '0.0', 3: '1.2767837176518553', 4: 339.81277248411016} 
{0: '0.7386831275720165', 1: '0.0', 2: '0.0', 3: '1.2767837176518553', 4: 337.01640439187094} 
{0: '0.7392197125256673', 1: '0.0', 2: '0.0', 3: '1.3572088082974538', 4: 338.0975158531104} 
{0: '0.7397540983606558', 1: '0.0', 2: '0.0', 3: '1.4426999059072143', 4: 334.7800016728894} 
{0: '0.7402862985685071', 1: '0.0', 2: '0.0', 3: '1.5335761201812925', 4: 340.18398307832524} 
{0: '0.7387755102040816', 1: '0.0', 2: '0.0', 3: '1.5335761201812925', 4: 332.8006236233914} 
{0: '0.7393075356415478', 1: '0.0', 2: '0.0', 3: '1.4426999059072143', 4: 331.0897933968582} 
{0: '0.7398373983739838', 1: '0.0', 2: '0.0', 3: '1.3572088082974538', 4: 331.7402024860415} 
{0: '0.7403651115618661', 1: '0.0', 2: '0.0', 3: '1.2767837176518553', 4: 331.07143092187744} 
{0: '0.7388663967611336', 1: '0.0', 2: '0.0', 3: '1.2767837176518553', 4: 337.31623056485114} 
{0: '0.7393939393939394', 1: '0.0', 2: '0.0', 3: '1.3572088082974538', 4: 338.22668213998406} 
{0: '0.7399193548387096', 1: '0.0', 2: '0.0', 3: '1.4426999059072143', 4: 339.2297265700158} 
{0: '0.7404426559356136', 1: '0.0', 2: '0.0', 3: '1.5335761201812925', 4: 333.13954637388053} 
{0: '0.7389558232931727', 1: '0.0', 2: '0.0', 3: '1.5335761201812925', 4: 330.9461726676386} 
{0: '0.7394789579158316', 1: '0.0', 2: '0.0', 3: '1.4426999059072143', 4: 337.51152510573} 
