{'STAT2HEADER': 'STAT2HEADER', 'STAT2HEADER_ENVIRON': 'environ({\'OMPI_MCA_pmix\': \'^s1,s2,cray,isolated\', \'PMIX_MCA_mca_base_component_show_load_errors\': \'1\', \'OMPI_COMMAND\': \'python3\', \'OMPI_ARGV\': \'static_snapshot.py 3 1min\', \'OMPI_MCA_orte_precondition_transports\': \'d55b071e41659906-aff6479b4bf6d496\', \'LD_LIBRARY_PATH\': \'/salilab/diva1/programs/x86_64linux/numpy-py36-1.19.5/lib:/salilab/diva1/home/libs/x86_64/centos8:/salilab/diva1/home/libs/x86_64:/salilab/diva1/home/imp/main/20240607-af6f9d6a95/lib/release8:/salilab/diva1/programs/x86_64linux/opencv-4.3.0/lib64/rhel:/salilab/diva1/programs/x86_64linux/opencv-4.3.0/lib64:/salilab/diva1/programs/x86_64linux/hdf5-1.10.7/lib:/salilab/diva1/programs/x86_64linux/libtau-py27-1.0.1/lib64:/salilab/diva1/programs/x86_64linux/boost-1.73.0/lib64:/usr/lib64/openmpi/lib:/wynton/group/sali/miha_rozic/Software/imp-develop/build/lib::\', \'IMP_TMP_DIR\': \'/wynton/group/sali/miha_rozic/Software/imp-develop/build/tmp\', \'PE_HOSTFILE\': \'/var/spool/sge/wynton/qb3-id340/active_jobs/709430.1/pe_hostfile\', \'__LMOD_REF_COUNT_PATH\': \'/salilab/diva1/programs/x86_64linux/numpy-py36-1.19.5/bin:1;/salilab/diva1/home/imp/main/20240607-af6f9d6a95/bin/release8:1;/salilab/diva1/programs/x86_64linux/opencv-4.3.0/bin:1;/salilab/diva1/programs/x86_64linux/hdf5-1.10.7/bin:1;/usr/lib64/openmpi/bin:1;/wynton/home/sali/rozicmiha/.local/bin:1;/wynton/home/sali/rozicmiha/bin:1;/wynton/group/sali/miha_rozic/Software/imp-develop/build/bin:1;/wynton/group/sali/miha_rozic/Software/imp-develop/build/module_bin/EMageFit:1;/wynton/group/sali/miha_rozic/Software/imp-develop/build/module_bin/algebra:1;/wynton/group/sali/miha_rozic/Software/imp-develop/build/module_bin/atom:1;/wynton/group/sali/miha_rozic/Software/imp-develop/build/module_bin/benchmark:1;/wynton/group/sali/miha_rozic/Software/imp-develop/build/module_bin/cgal:1;/wynton/group/sali/miha_rozic/Software/imp-develop/build/module_bin/cnmultifit:1;/wynton/group/sali/miha_rozic/Software/imp-develop/build/module_bin/container:1;/wynton/group/sali/miha_rozic/Software/imp-develop/build/module_bin/core:1;/wynton/group/sali/miha_rozic/Software/imp-develop/build/module_bin/display:1;/wynton/group/sali/miha_rozic/Software/imp-develop/build/module_bin/domino:1;/wynton/group/sali/miha_rozic/Software/imp-develop/build/module_bin/em:1;/wynton/group/sali/miha_rozic/Software/imp-develop/build/module_bin/em2d:1;/wynton/group/sali/miha_rozic/Software/imp-develop/build/module_bin/example:1;/wynton/group/sali/miha_rozic/Software/imp-develop/build/module_bin/foxs:1;/wynton/group/sali/miha_rozic/Software/imp-develop/build/module_bin/gsl:1;/wynton/group/sali/miha_rozic/Software/imp-develop/build/module_bin/integrative_docking:1;/wynton/group/sali/miha_rozic/Software/imp-develop/build/module_bin/isd:1;/wynton/group/sali/miha_rozic/Software/imp-develop/build/module_bin/kernel:1;/wynton/group/sali/miha_rozic/Software/imp-develop/build/module_bin/kinematics:1;/wynton/group/sali/miha_rozic/Software/imp-develop/build/module_bin/kmeans:1;/wynton/group/sali/miha_rozic/Software/imp-develop/build/module_bin/misc:1;/wynton/group/sali/miha_rozic/Software/imp-develop/build/module_bin/mmcif:1;/wynton/group/sali/miha_rozic/Software/imp-develop/build/module_bin/modeller:1;/wynton/group/sali/miha_rozic/Software/imp-develop/build/module_bin/mpi:1;/wynton/group/sali/miha_rozic/Software/imp-develop/build/module_bin/multi_state:1;/wynton/group/sali/miha_rozic/Software/imp-develop/build/module_bin/multifit:1;/wynton/group/sali/miha_rozic/Software/imp-develop/build/module_bin/npc:1;/wynton/group/sali/miha_rozic/Software/imp-develop/build/module_bin/npcassembly:1;/wynton/group/sali/miha_rozic/Software/imp-develop/build/module_bin/parallel:1;/wynton/group/sali/miha_rozic/Software/imp-develop/build/module_bin/pepdock:1;/wynton/group/sali/miha_rozic/Software/imp-develop/build/module_bin/pmi:1;/wynton/group/sali/miha_rozic/Software/imp-develop/build/module_bin/rmf:1;/wynton/group/sali/miha_rozic/Software/imp-develop/build/module_bin/rotamer:1;/wynton/group/sali/miha_rozic/Software/imp-develop/build/module_bin/saxs:1;/wynton/group/sali/miha_rozic/Software/imp-develop/build/module_bin/saxs_merge:1;/wynton/group/sali/miha_rozic/Software/imp-develop/build/module_bin/score_functor:1;/wynton/group/sali/miha_rozic/Software/imp-develop/build/module_bin/scratch:1;/wynton/group/sali/miha_rozic/Software/imp-develop/build/module_bin/spb:1;/wynton/group/sali/miha_rozic/Software/imp-develop/build/module_bin/statistics:1;/wynton/group/sali/miha_rozic/Software/imp-develop/build/module_bin/symmetry:1;/wynton/group/sali/miha_rozic/Software/imp-develop/build/module_bin/test:1;/opt/sge/bin:1;/opt/sge/bin/lx-amd64:1;/scratch/709430.1.member.q:1;/usr/local/bin:1;/bin:1;/usr/bin:1;/usr/local/sbin:1;/usr/sbin:1\', \'_ModuleTable002_\': \'fSwKc3RhY2tEZXB0aCA9IDEsCnN0YXR1cyA9ICJhY3RpdmUiLAp1c2VyTmFtZSA9ICJib29zdC8xLjczLjAiLAp3ViA9ICIwMDAwMDAwMDEuMDAwMDAwMDczLip6ZmluYWwiLAp9LApoZGY1ID0gewpmbiA9ICIvc2FsaWxhYi9kaXZhMS9ob21lL21vZHVsZXMvaGRmNS8xLjEwLjciLApmdWxsTmFtZSA9ICJoZGY1LzEuMTAuNyIsCmxvYWRPcmRlciA9IDUsCnByb3BUID0ge30sCnN0YWNrRGVwdGggPSAyLApzdGF0dXMgPSAiYWN0aXZlIiwKdXNlck5hbWUgPSAiaGRmNS8xLjEwLjciLAp3ViA9ICIwMDAwMDAwMDEuMDAwMDAwMDEwLjAwMDAwMDAwNy4qemZpbmFsIiwKfSwKaW1wID0gewpmbiA9ICIvc2FsaWxhYi9kaXZhMS9ob21lL21vZHVsZXMvaW1wLzIuMjEuMCIsCmZ1bGxO\', \'IMP_DIR\': \'/salilab/diva1/home/imp/main/20240607-af6f9d6a95/lib/release8/cmake/IMP\', \'QUEUE\': \'member.q\', \'GOTO_NUM_THREADS\': \'1\', \'MPI_PYTHON3_SITEARCH\': \'/usr/lib64/python3.6/site-packages/openmpi\', \'LANG\': \'en_US.UTF-8\', \'HISTCONTROL\': \'ignoredups\', \'_ModuleTable008_\': \'cyIsCmZ1bGxOYW1lID0gInNhbGktbGlicmFyaWVzIiwKbG9hZE9yZGVyID0gOCwKcHJvcFQgPSB7fSwKc3RhY2tEZXB0aCA9IDEsCnN0YXR1cyA9ICJhY3RpdmUiLAp1c2VyTmFtZSA9ICJzYWxpLWxpYnJhcmllcyIsCndWID0gIk0uKnpmaW5hbCIsCn0sCn0sCm1wYXRoQSA9IHsKIi9zYWxpbGFiL2RpdmExL2hvbWUvbW9kdWxlcyIsICIvZXRjL21vZHVsZWZpbGVzIiwgIi91c3Ivc2hhcmUvbW9kdWxlZmlsZXMiCiwgIi91c3Ivc2hhcmUvbW9kdWxlZmlsZXMvTGludXgiLCAiL3Vzci9zaGFyZS9tb2R1bGVmaWxlcy9Db3JlIiwgIi91c3Ivc2hhcmUvbG1vZC9sbW9kL21vZHVsZWZpbGVzL0NvcmUiLAp9LApzeXN0ZW1CYXNlTVBBVEggPSAiL2V0Yy9tb2R1bGVmaWxlczovdXNy\', \'SGE_O_HOST\': \'dev1\', \'HOSTNAME\': \'qb3-id340.wynton.ucsf.edu\', \'OPENBLAS_NUM_THREADS\': \'1\', \'__LMOD_REF_COUNT_CMAKE_INCLUDE_PATH\': \'/salilab/diva1/programs/x86_64linux/opencv-4.3.0/include/opencv4:1;/salilab/diva1/programs/x86_64linux/hdf5-1.10.7/include:1;/salilab/diva1/programs/x86_64linux/libtau-py27-1.0.1/include:1;/salilab/diva1/programs/x86_64linux/boost-1.73.0/include:1\', \'SGE_RSH_COMMAND\': \'builtin\', \'ENVIRONMENT\': \'BATCH\', \'IMP_DATA\': \'/wynton/group/sali/miha_rozic/Software/imp-develop/build/data\', \'REQUEST\': \'test1\', \'SGE_STDIN_PATH\': \'/dev/null\', \'SGE_CELL\': \'wynton\', \'_ModuleTable007_\': \'MjEuMyIsCndWID0gIjAwMDAwMDAwMC4wMDAwMDAwMjEuMDAwMDAwMDAzLip6ZmluYWwiLAp9LApbInB5dGhvbjMvc2NpcHkiXSA9IHsKZm4gPSAiL3NhbGlsYWIvZGl2YTEvaG9tZS9tb2R1bGVzL3B5dGhvbjMvc2NpcHkvMS4zLjIiLApmdWxsTmFtZSA9ICJweXRob24zL3NjaXB5LzEuMy4yIiwKbG9hZE9yZGVyID0gMTAsCnByb3BUID0ge30sCnN0YWNrRGVwdGggPSAxLApzdGF0dXMgPSAiYWN0aXZlIiwKdXNlck5hbWUgPSAicHl0aG9uMy9zY2lweS8xLjMuMiIsCndWID0gIjAwMDAwMDAwMS4wMDAwMDAwMDMuMDAwMDAwMDAyLip6ZmluYWwiLAp9LApbInNhbGktbGlicmFyaWVzIl0gPSB7CmZuID0gIi9zYWxpbGFiL2RpdmExL2hvbWUvbW9kdWxlcy9zYWxpLWxpYnJhcmll\', \'CMAKE_INCLUDE_PATH\': \'/salilab/diva1/programs/x86_64linux/opencv-4.3.0/include/opencv4:/salilab/diva1/programs/x86_64linux/hdf5-1.10.7/include:/salilab/diva1/programs/x86_64linux/libtau-py27-1.0.1/include:/salilab/diva1/programs/x86_64linux/boost-1.73.0/include\', \'__LMOD_REF_COUNT_LD_LIBRARY_PATH\': \'/salilab/diva1/programs/x86_64linux/numpy-py36-1.19.5/lib:1;/salilab/diva1/home/libs/x86_64/centos8:1;/salilab/diva1/home/libs/x86_64:1;/salilab/diva1/home/imp/main/20240607-af6f9d6a95/lib/release8:1;/salilab/diva1/programs/x86_64linux/opencv-4.3.0/lib64/rhel:1;/salilab/diva1/programs/x86_64linux/opencv-4.3.0/lib64:1;/salilab/diva1/programs/x86_64linux/hdf5-1.10.7/lib:1;/salilab/diva1/programs/x86_64linux/libtau-py27-1.0.1/lib64:1;/salilab/diva1/programs/x86_64linux/boost-1.73.0/lib64:1;/usr/lib64/openmpi/lib:1;/wynton/group/sali/miha_rozic/Software/imp-develop/build/lib:2;:1\', \'__LMOD_REF_COUNT_PKG_CONFIG_PATH\': \'/usr/lib64/openmpi/lib/pkgconfig:1\', \'_ModuleTable004_\': \'aGFyZS9tb2R1bGVmaWxlcy9tcGkvb3Blbm1waS14ODZfNjQiLApmdWxsTmFtZSA9ICJtcGkvb3Blbm1waS14ODZfNjQiLApsb2FkT3JkZXIgPSAyLApwcm9wVCA9IHt9LApzdGFja0RlcHRoID0gMCwKc3RhdHVzID0gImFjdGl2ZSIsCnVzZXJOYW1lID0gIm1waS9vcGVubXBpLXg4Nl82NCIsCndWID0gIipvcGVubXBpLip4LjAwMDAwMDA4Ni4qXy4wMDAwMDAwNjQuKnpmaW5hbCIsCn0sCm9wZW5jdiA9IHsKZm4gPSAiL3NhbGlsYWIvZGl2YTEvaG9tZS9tb2R1bGVzL29wZW5jdi80LjMuMCIsCmZ1bGxOYW1lID0gIm9wZW5jdi80LjMuMCIsCmxvYWRPcmRlciA9IDYsCnByb3BUID0ge30sCnN0YWNrRGVwdGggPSAxLApzdGF0dXMgPSAiYWN0aXZlIiwKdXNlck5hbWUgPSAib3Bl\', \'__LMOD_REF_COUNT_PYTHONPATH\': \'/salilab/diva1/programs/x86_64linux/scikit-py36-0.21.3/lib64/python3.6/site-packages:1;/salilab/diva1/programs/linux/joblib-0.17.0/lib/python3.6/site-packages:1;/salilab/diva1/programs/x86_64linux/scipy-py36-1.3.2/lib64/python3.6/site-packages:1;/salilab/diva1/programs/x86_64linux/numpy-py36-1.19.5/lib64/python3.6/site-packages:1;/salilab/diva1/home/imp/main/20240607-af6f9d6a95/lib/release8:1;/salilab/diva1/programs/x86_64linux/opencv-4.3.0/lib/python3.6/site-packages:1;/wynton/group/sali/miha_rozic/Software/imp-develop/build/lib:2;:1\', \'which_declare\': \'declare -f\', \'NHOSTS\': \'1\', \'SGE_O_WORKDIR\': \'/wynton/group/sali/miha_rozic/Input_information/SNAPSHOTS/central_directory/snapshot3_1min/run11\', \'USER\': \'rozicmiha\', \'SGE_TASK_ID\': \'undefined\', \'__LMOD_REF_COUNT_CMAKE_LIBRARY_PATH\': \'/salilab/diva1/programs/x86_64linux/opencv-4.3.0/lib64:1;/salilab/diva1/programs/x86_64linux/hdf5-1.10.7/lib:1;/salilab/diva1/programs/x86_64linux/libtau-py27-1.0.1/lib64:1;/salilab/diva1/programs/x86_64linux/boost-1.73.0/lib64:1\', \'SGE_TASK_FIRST\': \'undefined\', \'NSLOTS\': \'16\', \'__LMOD_REF_COUNT_MODULEPATH\': \'/salilab/diva1/home/modules:1;/etc/modulefiles:1;/usr/share/modulefiles:1;/usr/share/modulefiles/Linux:1;/usr/share/modulefiles/Core:1;/usr/share/lmod/lmod/modulefiles/Core:1\', \'PWD\': \'/wynton/group/sali/miha_rozic/Input_information/SNAPSHOTS/central_directory/snapshot3_1min/run11\', \'HOME\': \'/wynton/home/sali/rozicmiha\', \'NQUEUES\': \'1\', \'TMP\': \'/scratch/709430.1.member.q\', \'PE\': \'smp\', \'SGE_O_HOME\': \'/wynton/home/sali/rozicmiha\', \'LMOD_VERSION\': \'8.7.32\', \'JOB_NAME\': \'test1\', \'BASH_ENV\': \'/usr/share/lmod/lmod/init/bash\', \'MPI_FORTRAN_MOD_DIR\': \'/usr/lib64/gfortran/modules/openmpi\', \'SGE_TASK_LAST\': \'undefined\', \'MKL_NUM_THREADS\': \'1\', \'MPI_COMPILER\': \'openmpi-x86_64\', \'SGE_ACCOUNT\': \'sge\', \'SGE_ROOT\': \'/opt/sge\', \'MPI_SUFFIX\': \'_openmpi\', \'TMPDIR\': \'/scratch/709430.1.member.q\', \'RESTARTED\': \'0\', \'LMOD_sys\': \'Linux\', \'_ModuleTable001_\': \'X01vZHVsZVRhYmxlXyA9IHsKTVR2ZXJzaW9uID0gMywKY19yZWJ1aWxkVGltZSA9IGZhbHNlLApjX3Nob3J0VGltZSA9IGZhbHNlLApkZXB0aFQgPSB7fSwKZmFtaWx5ID0ge30sCm1UID0gewpTYWxpID0gewpmbiA9ICIvZXRjL21vZHVsZWZpbGVzL1NhbGkubHVhIiwKZnVsbE5hbWUgPSAiU2FsaSIsCmxvYWRPcmRlciA9IDEsCnByb3BUID0ge30sCnN0YWNrRGVwdGggPSAwLApzdGF0dXMgPSAiYWN0aXZlIiwKdXNlck5hbWUgPSAiU2FsaSIsCndWID0gIk0uKnpmaW5hbCIsCn0sCmJvb3N0ID0gewpmbiA9ICIvc2FsaWxhYi9kaXZhMS9ob21lL21vZHVsZXMvYm9vc3QvMS43My4wIiwKZnVsbE5hbWUgPSAiYm9vc3QvMS43My4wIiwKbG9hZE9yZGVyID0gMywKcHJvcFQgPSB7\', \'LOADEDMODULES\': \'Sali:mpi/openmpi-x86_64:boost/1.73.0:libtau/1.0.1:hdf5/1.10.7:opencv/4.3.0:imp/2.21.0:sali-libraries:python3/numpy/1.19.5:python3/scipy/1.3.2:python3/joblib/0.17.0:python3/scikit/0.21.3\', \'SGE_O_PATH\': \'/salilab/diva1/programs/x86_64linux/numpy-py36-1.19.5/bin:/salilab/diva1/home/imp/main/20240607-af6f9d6a95/bin/release8:/salilab/diva1/programs/x86_64linux/opencv-4.3.0/bin:/salilab/diva1/programs/x86_64linux/hdf5-1.10.7/bin:/wynton/home/sali/rozicmiha/.local/bin:/wynton/home/sali/rozicmiha/bin:/wynton/group/sali/miha_rozic/Software/imp-develop/build/bin:/wynton/group/sali/miha_rozic/Software/imp-develop/build/module_bin/EMageFit:/wynton/group/sali/miha_rozic/Software/imp-develop/build/module_bin/algebra:/wynton/group/sali/miha_rozic/Software/imp-develop/build/module_bin/atom:/wynton/group/sali/miha_rozic/Software/imp-develop/build/module_bin/benchmark:/wynton/group/sali/miha_rozic/Software/imp-develop/build/module_bin/cgal:/wynton/group/sali/miha_rozic/Software/imp-develop/build/module_bin/cnmultifit:/wynton/group/sali/miha_rozic/Software/imp-develop/build/module_bin/container:/wynton/group/sali/miha_rozic/Software/imp-develop/build/module_bin/core:/wynton/group/sali/miha_rozic/Software/imp-develop/build/module_bin/display:/wynton/group/sali/miha_rozic/Software/imp-develop/build/module_bin/domino:/wynton/group/sali/miha_rozic/Software/imp-develop/build/module_bin/em:/wynton/group/sali/miha_rozic/Software/imp-develop/build/module_bin/em2d:/wynton/group/sali/miha_rozic/Software/imp-develop/build/module_bin/example:/wynton/group/sali/miha_rozic/Software/imp-develop/build/module_bin/foxs:/wynton/group/sali/miha_rozic/Software/imp-develop/build/module_bin/gsl:/wynton/group/sali/miha_rozic/Software/imp-develop/build/module_bin/integrative_docking:/wynton/group/sali/miha_rozic/Software/imp-develop/build/module_bin/isd:/wynton/group/sali/miha_rozic/Software/imp-develop/build/module_bin/kernel:/wynton/group/sali/miha_rozic/Software/imp-develop/build/module_bin/kinematics:/wynton/group/sali/miha_rozic/Software/imp-develop/build/module_bin/kmeans:/wynton/group/sali/miha_rozic/Software/imp-develop/build/module_bin/misc:/wynton/group/sali/miha_rozic/Software/imp-develop/build/module_bin/mmcif:/wynton/group/sali/miha_rozic/Software/imp-develop/build/module_bin/modeller:/wynton/group/sali/miha_rozic/Software/imp-develop/build/module_bin/mpi:/wynton/group/sali/miha_rozic/Software/imp-develop/build/module_bin/multi_state:/wynton/group/sali/miha_rozic/Software/imp-develop/build/module_bin/multifit:/wynton/group/sali/miha_rozic/Software/imp-develop/build/module_bin/npc:/wynton/group/sali/miha_rozic/Software/imp-develop/build/module_bin/npcassembly:/wynton/group/sali/miha_rozic/Software/imp-develop/build/module_bin/parallel:/wynton/group/sali/miha_rozic/Software/imp-develop/build/module_bin/pepdock:/wynton/group/sali/miha_rozic/Software/imp-develop/build/module_bin/pmi:/wynton/group/sali/miha_rozic/Software/imp-develop/build/module_bin/rmf:/wynton/group/sali/miha_rozic/Software/imp-develop/build/module_bin/rotamer:/wynton/group/sali/miha_rozic/Software/imp-develop/build/module_bin/saxs:/wynton/group/sali/miha_rozic/Software/imp-develop/build/module_bin/saxs_merge:/wynton/group/sali/miha_rozic/Software/imp-develop/build/module_bin/score_functor:/wynton/group/sali/miha_rozic/Software/imp-develop/build/module_bin/scratch:/wynton/group/sali/miha_rozic/Software/imp-develop/build/module_bin/spb:/wynton/group/sali/miha_rozic/Software/imp-develop/build/module_bin/statistics:/wynton/group/sali/miha_rozic/Software/imp-develop/build/module_bin/symmetry:/wynton/group/sali/miha_rozic/Software/imp-develop/build/module_bin/test:/opt/sge/bin:/opt/sge/bin/lx-amd64:/usr/local/bin:/usr/bin:/usr/local/sbin:/usr/sbin\', \'SGE_O_SHELL\': \'/bin/bash\', \'_ModuleTable006_\': \'bWUgPSAicHl0aG9uMy9udW1weS8xLjE5LjUiLApsb2FkT3JkZXIgPSA5LApwcm9wVCA9IHt9LApzdGFja0RlcHRoID0gMiwKc3RhdHVzID0gImFjdGl2ZSIsCnVzZXJOYW1lID0gInB5dGhvbjMvbnVtcHkvMS4xOS41IiwKd1YgPSAiMDAwMDAwMDAxLjAwMDAwMDAxOS4wMDAwMDAwMDUuKnpmaW5hbCIsCn0sClsicHl0aG9uMy9zY2lraXQiXSA9IHsKZm4gPSAiL3NhbGlsYWIvZGl2YTEvaG9tZS9tb2R1bGVzL3B5dGhvbjMvc2Npa2l0LzAuMjEuMyIsCmZ1bGxOYW1lID0gInB5dGhvbjMvc2Npa2l0LzAuMjEuMyIsCmxvYWRPcmRlciA9IDEyLApwcm9wVCA9IHt9LApzdGFja0RlcHRoID0gMCwKc3RhdHVzID0gImFjdGl2ZSIsCnVzZXJOYW1lID0gInB5dGhvbjMvc2Npa2l0LzAu\', \'__LMOD_REF_COUNT_MANPATH\': \':2;/usr/share/man/openmpi-x86_64:1;/opt/sge/man:1;/usr/share/lmod/lmod/share/man:1\', \'MPI_INCLUDE\': \'/usr/include/openmpi-x86_64\', \'_ModuleTable003_\': \'YW1lID0gImltcC8yLjIxLjAiLApsb2FkT3JkZXIgPSA3LApwcm9wVCA9IHt9LApzdGFja0RlcHRoID0gMCwKc3RhdHVzID0gImFjdGl2ZSIsCnVzZXJOYW1lID0gImltcCIsCndWID0gIl4wMDAwMDAwMi4wMDAwMDAwMjEuKnpmaW5hbCIsCn0sCmxpYnRhdSA9IHsKZm4gPSAiL3NhbGlsYWIvZGl2YTEvaG9tZS9tb2R1bGVzL2xpYnRhdS8xLjAuMSIsCmZ1bGxOYW1lID0gImxpYnRhdS8xLjAuMSIsCmxvYWRPcmRlciA9IDQsCnByb3BUID0ge30sCnN0YWNrRGVwdGggPSAxLApzdGF0dXMgPSAiYWN0aXZlIiwKdXNlck5hbWUgPSAibGlidGF1LzEuMC4xIiwKd1YgPSAiMDAwMDAwMDAxLjAwMDAwMDAwMC4wMDAwMDAwMDEuKnpmaW5hbCIsCn0sCm1waSA9IHsKZm4gPSAiL3Vzci9z\', \'LMOD_ROOT\': \'/usr/share/lmod\', \'SYSTEMCTL_SKIP_REDIRECT\': \'\', \'MAIL\': \'/var/spool/mail/rozicmiha\', \'SGE_CWD_PATH\': \'/wynton/group/sali/miha_rozic/Input_information/SNAPSHOTS/central_directory/snapshot3_1min/run11\', \'MPI_HOME\': \'/usr/lib64/openmpi\', \'_ModuleTable009_\': \'L3NoYXJlL21vZHVsZWZpbGVzOi91c3Ivc2hhcmUvbW9kdWxlZmlsZXMvTGludXg6L3Vzci9zaGFyZS9tb2R1bGVmaWxlcy9Db3JlOi91c3Ivc2hhcmUvbG1vZC9sbW9kL21vZHVsZWZpbGVzL0NvcmUiLAp9Cg==\', \'SGE_TASK_STEPSIZE\': \'undefined\', \'SHELL\': \'/bin/bash\', \'TERM\': \'\', \'_ModuleTable_Sz_\': \'9\', \'SGE_JOB_SPOOL_DIR\': \'/var/spool/sge/wynton/qb3-id340/active_jobs/709430.1\', \'JOB_ID\': \'709430\', \'IMP_EXAMPLE_DATA\': \'/wynton/group/sali/miha_rozic/Software/imp-develop/build/doc/examples\', \'R_FUTURE_AVAILABLECORES_FALLBACK\': \'1\', \'JOB_SCRIPT\': \'/var/spool/sge/wynton/qb3-id340/job_scripts/709430\', \'SHLVL\': \'2\', \'SGE_O_LOGNAME\': \'rozicmiha\', \'SGE_O_MAIL\': \'/var/spool/mail/rozicmiha\', \'PYTHONPATH\': \'/salilab/diva1/programs/x86_64linux/scikit-py36-0.21.3/lib64/python3.6/site-packages:/salilab/diva1/programs/linux/joblib-0.17.0/lib/python3.6/site-packages:/salilab/diva1/programs/x86_64linux/scipy-py36-1.3.2/lib64/python3.6/site-packages:/salilab/diva1/programs/x86_64linux/numpy-py36-1.19.5/lib64/python3.6/site-packages:/salilab/diva1/home/imp/main/20240607-af6f9d6a95/lib/release8:/salilab/diva1/programs/x86_64linux/opencv-4.3.0/lib/python3.6/site-packages:/wynton/group/sali/miha_rozic/Software/imp-develop/build/lib::\', \'MANPATH\': \':/usr/share/man/openmpi-x86_64:/opt/sge/man:/usr/share/lmod/lmod/share/man\', \'MODULEPATH\': \'/salilab/diva1/home/modules:/etc/modulefiles:/usr/share/modulefiles:/usr/share/modulefiles/Linux:/usr/share/modulefiles/Core:/usr/share/lmod/lmod/modulefiles/Core\', \'MPI_SYSCONFIG\': \'/etc/openmpi-x86_64\', \'LOGNAME\': \'rozicmiha\', \'SYSTEMCTL_IGNORE_DEPENDENCIES\': \'\', \'MODULEPATH_ROOT\': \'/usr/share/modulefiles\', \'PATH\': \'/salilab/diva1/programs/x86_64linux/numpy-py36-1.19.5/bin:/salilab/diva1/home/imp/main/20240607-af6f9d6a95/bin/release8:/salilab/diva1/programs/x86_64linux/opencv-4.3.0/bin:/salilab/diva1/programs/x86_64linux/hdf5-1.10.7/bin:/usr/lib64/openmpi/bin:/wynton/home/sali/rozicmiha/.local/bin:/wynton/home/sali/rozicmiha/bin:/wynton/group/sali/miha_rozic/Software/imp-develop/build/bin:/wynton/group/sali/miha_rozic/Software/imp-develop/build/module_bin/EMageFit:/wynton/group/sali/miha_rozic/Software/imp-develop/build/module_bin/algebra:/wynton/group/sali/miha_rozic/Software/imp-develop/build/module_bin/atom:/wynton/group/sali/miha_rozic/Software/imp-develop/build/module_bin/benchmark:/wynton/group/sali/miha_rozic/Software/imp-develop/build/module_bin/cgal:/wynton/group/sali/miha_rozic/Software/imp-develop/build/module_bin/cnmultifit:/wynton/group/sali/miha_rozic/Software/imp-develop/build/module_bin/container:/wynton/group/sali/miha_rozic/Software/imp-develop/build/module_bin/core:/wynton/group/sali/miha_rozic/Software/imp-develop/build/module_bin/display:/wynton/group/sali/miha_rozic/Software/imp-develop/build/module_bin/domino:/wynton/group/sali/miha_rozic/Software/imp-develop/build/module_bin/em:/wynton/group/sali/miha_rozic/Software/imp-develop/build/module_bin/em2d:/wynton/group/sali/miha_rozic/Software/imp-develop/build/module_bin/example:/wynton/group/sali/miha_rozic/Software/imp-develop/build/module_bin/foxs:/wynton/group/sali/miha_rozic/Software/imp-develop/build/module_bin/gsl:/wynton/group/sali/miha_rozic/Software/imp-develop/build/module_bin/integrative_docking:/wynton/group/sali/miha_rozic/Software/imp-develop/build/module_bin/isd:/wynton/group/sali/miha_rozic/Software/imp-develop/build/module_bin/kernel:/wynton/group/sali/miha_rozic/Software/imp-develop/build/module_bin/kinematics:/wynton/group/sali/miha_rozic/Software/imp-develop/build/module_bin/kmeans:/wynton/group/sali/miha_rozic/Software/imp-develop/build/module_bin/misc:/wynton/group/sali/miha_rozic/Software/imp-develop/build/module_bin/mmcif:/wynton/group/sali/miha_rozic/Software/imp-develop/build/module_bin/modeller:/wynton/group/sali/miha_rozic/Software/imp-develop/build/module_bin/mpi:/wynton/group/sali/miha_rozic/Software/imp-develop/build/module_bin/multi_state:/wynton/group/sali/miha_rozic/Software/imp-develop/build/module_bin/multifit:/wynton/group/sali/miha_rozic/Software/imp-develop/build/module_bin/npc:/wynton/group/sali/miha_rozic/Software/imp-develop/build/module_bin/npcassembly:/wynton/group/sali/miha_rozic/Software/imp-develop/build/module_bin/parallel:/wynton/group/sali/miha_rozic/Software/imp-develop/build/module_bin/pepdock:/wynton/group/sali/miha_rozic/Software/imp-develop/build/module_bin/pmi:/wynton/group/sali/miha_rozic/Software/imp-develop/build/module_bin/rmf:/wynton/group/sali/miha_rozic/Software/imp-develop/build/module_bin/rotamer:/wynton/group/sali/miha_rozic/Software/imp-develop/build/module_bin/saxs:/wynton/group/sali/miha_rozic/Software/imp-develop/build/module_bin/saxs_merge:/wynton/group/sali/miha_rozic/Software/imp-develop/build/module_bin/score_functor:/wynton/group/sali/miha_rozic/Software/imp-develop/build/module_bin/scratch:/wynton/group/sali/miha_rozic/Software/imp-develop/build/module_bin/spb:/wynton/group/sali/miha_rozic/Software/imp-develop/build/module_bin/statistics:/wynton/group/sali/miha_rozic/Software/imp-develop/build/module_bin/symmetry:/wynton/group/sali/miha_rozic/Software/imp-develop/build/module_bin/test:/opt/sge/bin:/opt/sge/bin/lx-amd64:/scratch/709430.1.member.q:/usr/local/bin:/bin:/usr/bin:/usr/local/sbin:/usr/sbin\', \'MPI_BIN\': \'/usr/lib64/openmpi/bin\', \'SGE_STDERR_PATH\': \'/wynton/group/sali/miha_rozic/Input_information/SNAPSHOTS/central_directory/snapshot3_1min/run11/test1.o709430\', \'_LMFILES_\': \'/etc/modulefiles/Sali.lua:/usr/share/modulefiles/mpi/openmpi-x86_64:/salilab/diva1/home/modules/boost/1.73.0:/salilab/diva1/home/modules/libtau/1.0.1:/salilab/diva1/home/modules/hdf5/1.10.7:/salilab/diva1/home/modules/opencv/4.3.0:/salilab/diva1/home/modules/imp/2.21.0:/salilab/diva1/home/modules/sali-libraries:/salilab/diva1/home/modules/python3/numpy/1.19.5:/salilab/diva1/home/modules/python3/scipy/1.3.2:/salilab/diva1/home/modules/python3/joblib/0.17.0:/salilab/diva1/home/modules/python3/scikit/0.21.3\', \'DEBUGINFOD_URLS\': \'https://debuginfod.centos.org/ \', \'MODULESHOME\': \'/usr/share/lmod/lmod\', \'PKG_CONFIG_PATH\': \'/usr/lib64/openmpi/lib/pkgconfig\', \'LMOD_SETTARG_FULL_SUPPORT\': \'no\', \'HISTSIZE\': \'1000\', \'SGE_ARCH\': \'lx-amd64\', \'LMOD_PKG\': \'/usr/share/lmod/lmod\', \'CMAKE_LIBRARY_PATH\': \'/salilab/diva1/programs/x86_64linux/opencv-4.3.0/lib64:/salilab/diva1/programs/x86_64linux/hdf5-1.10.7/lib:/salilab/diva1/programs/x86_64linux/libtau-py27-1.0.1/lib64:/salilab/diva1/programs/x86_64linux/boost-1.73.0/lib64\', \'ARC\': \'lx-amd64\', \'MPI_LIB\': \'/usr/lib64/openmpi/lib\', \'SGE_BINARY_PATH\': \'/opt/sge/bin/lx-amd64\', \'SGE_STDOUT_PATH\': \'/wynton/group/sali/miha_rozic/Input_information/SNAPSHOTS/central_directory/snapshot3_1min/run11/test1.o709430\', \'_ModuleTable005_\': \'bmN2LzQuMy4wIiwKd1YgPSAiMDAwMDAwMDA0LjAwMDAwMDAwMy4qemZpbmFsIiwKfSwKWyJweXRob24zL2pvYmxpYiJdID0gewpmbiA9ICIvc2FsaWxhYi9kaXZhMS9ob21lL21vZHVsZXMvcHl0aG9uMy9qb2JsaWIvMC4xNy4wIiwKZnVsbE5hbWUgPSAicHl0aG9uMy9qb2JsaWIvMC4xNy4wIiwKbG9hZE9yZGVyID0gMTEsCnByb3BUID0ge30sCnN0YWNrRGVwdGggPSAxLApzdGF0dXMgPSAiYWN0aXZlIiwKdXNlck5hbWUgPSAicHl0aG9uMy9qb2JsaWIiLAp3ViA9ICIwMDAwMDAwMDAuMDAwMDAwMDE3Lip6ZmluYWwiLAp9LApbInB5dGhvbjMvbnVtcHkiXSA9IHsKZm4gPSAiL3NhbGlsYWIvZGl2YTEvaG9tZS9tb2R1bGVzL3B5dGhvbjMvbnVtcHkvMS4xOS41IiwKZnVsbE5h\', \'LMOD_CMD\': \'/usr/share/lmod/lmod/libexec/lmod\', \'REQNAME\': \'test1\', \'IMP_BIN_DIR\': \'/wynton/group/sali/miha_rozic/Software/imp-develop/build/bin\', \'MPI_MAN\': \'/usr/share/man/openmpi-x86_64\', \'LESSOPEN\': \'||/usr/bin/lesspipe.sh %s\', \'OMP_NUM_THREADS\': \'1\', \'SGE_CLUSTER_NAME\': \'wynton_cluster\', \'LMOD_DIR\': \'/usr/share/lmod/lmod/libexec\', \'BASH_FUNC_which%%\': \'() {  ( alias;\\n eval ${which_declare} ) | /usr/bin/which --tty-only --read-alias --read-functions --show-tilde --show-dot $@\\n}\', \'BASH_FUNC_module%%\': \'() {  if [ -z "${LMOD_SH_DBG_ON+x}" ]; then\\n case "$-" in \\n *v*x*)\\n __lmod_sh_dbg=\\\'vx\\\'\\n ;;\\n *v*)\\n __lmod_sh_dbg=\\\'v\\\'\\n ;;\\n *x*)\\n __lmod_sh_dbg=\\\'x\\\'\\n ;;\\n esac;\\n fi;\\n if [ -n "${__lmod_sh_dbg:-}" ]; then\\n set +$__lmod_sh_dbg;\\n echo "Shell debugging temporarily silenced: export LMOD_SH_DBG_ON=1 for Lmod\\\'s output" 1>&2;\\n fi;\\n eval "$($LMOD_CMD shell "$@")" && eval "$(${LMOD_SETTARG_CMD:-:} -s sh)";\\n __lmod_my_status=$?;\\n if [ -n "${__lmod_sh_dbg:-}" ]; then\\n echo "Shell debugging restarted" 1>&2;\\n set -$__lmod_sh_dbg;\\n fi;\\n unset __lmod_sh_dbg;\\n return $__lmod_my_status\\n}\', \'BASH_FUNC_ml%%\': \'() {  eval "$($LMOD_DIR/ml_cmd "$@")"\\n}\', \'_\': \'/usr/lib64/openmpi/bin/mpirun\', \'IPATH_NO_BACKTRACE\': \'1\', \'HFI_NO_BACKTRACE\': \'1\', \'OMPI_MCA_orte_local_daemon_uri\': \'743768064.0;tcp://172.26.39.90:50493\', \'OMPI_MCA_orte_hnp_uri\': \'743768064.0;tcp://172.26.39.90:50493\', \'OMPI_MCA_mpi_oversubscribe\': \'0\', \'OMPI_MCA_orte_app_num\': \'0\', \'OMPI_UNIVERSE_SIZE\': \'16\', \'OMPI_MCA_orte_num_nodes\': \'1\', \'OMPI_MCA_shmem_RUNTIME_QUERY_hint\': \'mmap\', \'OMPI_MCA_orte_bound_at_launch\': \'1\', \'OMPI_MCA_ess\': \'^singleton\', \'OMPI_MCA_orte_ess_num_procs\': \'16\', \'OMPI_COMM_WORLD_SIZE\': \'16\', \'OMPI_COMM_WORLD_LOCAL_SIZE\': \'16\', \'OMPI_MCA_orte_tmpdir_base\': \'/scratch/709430.1.member.q\', \'OMPI_MCA_orte_top_session_dir\': \'/scratch/709430.1.member.q/ompi.qb3-id340.11149\', \'OMPI_MCA_orte_jobfam_session_dir\': \'/scratch/709430.1.member.q/ompi.qb3-id340.11149/pid.662650\', \'OMPI_NUM_APP_CTX\': \'1\', \'OMPI_FIRST_RANKS\': \'0\', \'OMPI_APP_CTX_NUM_PROCS\': \'16\', \'OMPI_MCA_initial_wdir\': \'/wynton/group/sali/miha_rozic/Input_information/SNAPSHOTS/central_directory/snapshot3_1min/run11\', \'OMPI_MCA_orte_launch\': \'1\', \'PMIX_NAMESPACE\': \'743768065\', \'PMIX_RANK\': \'7\', \'PMIX_SERVER_URI2\': \'743768064.0;tcp4://127.0.0.1:59417\', \'PMIX_SERVER_URI21\': \'743768064.0;tcp4://127.0.0.1:59417\', \'PMIX_SECURITY_MODE\': \'native,none\', \'PMIX_PTL_MODULE\': \'tcp,usock\', \'PMIX_BFROP_BUFFER_TYPE\': \'PMIX_BFROP_BUFFER_NON_DESC\', \'PMIX_GDS_MODULE\': \'ds21,ds12,hash\', \'PMIX_SERVER_TMPDIR\': \'/scratch/709430.1.member.q/ompi.qb3-id340.11149/pid.662650\', \'PMIX_SYSTEM_TMPDIR\': \'/scratch/709430.1.member.q\', \'PMIX_DSTORE_21_BASE_PATH\': \'/scratch/709430.1.member.q/ompi.qb3-id340.11149/pid.662650/pmix_dstor_ds21_662650\', \'PMIX_DSTORE_ESH_BASE_PATH\': \'/scratch/709430.1.member.q/ompi.qb3-id340.11149/pid.662650/pmix_dstor_ds12_662650\', \'OMPI_MCA_ess_base_jobid\': \'743768065\', \'OMPI_MCA_ess_base_vpid\': \'7\', \'OMPI_COMM_WORLD_RANK\': \'7\', \'OMPI_COMM_WORLD_LOCAL_RANK\': \'7\', \'OMPI_COMM_WORLD_NODE_RANK\': \'7\', \'OMPI_MCA_orte_ess_node_rank\': \'7\', \'PMIX_ID\': \'743768065.7\', \'OMPI_FILE_LOCATION\': \'/scratch/709430.1.member.q/ompi.qb3-id340.11149/pid.662650/0/0\', \'KMP_DUPLICATE_LIB_OK\': \'True\', \'KMP_INIT_AT_FORK\': \'FALSE\'})', 'STAT2HEADER_IMP_VERSIONS': "{'IMP_VERSION': '2.21.0', 'PMI_VERSION': '2.21.0'}", 0: 'ReplicaExchange_SwapSuccessRatio', 1: 'ReplicaExchange_MinTempFrequency', 2: 'ReplicaExchange_MaxTempFrequency', 3: 'ReplicaExchange_CurrentTemp', 4: 'score'} 
{0: '0', 1: '0', 2: '0', 3: '1.5335761201812925', 4: inf} 
{0: '0.0', 1: '0.0', 2: '0.0', 3: '1.5335761201812925', 4: inf} 
{0: '0.0', 1: '0.0', 2: '0.0', 3: '1.5335761201812925', 4: inf} 
{0: '0.0', 1: '0.0', 2: '0.0', 3: '1.5335761201812925', 4: inf} 
{0: '0.0', 1: '0.0', 2: '0.0', 3: '1.5335761201812925', 4: 3796.8385111291987} 
{0: '0.0', 1: '0.0', 2: '0.0', 3: '1.5335761201812925', 4: 1323.6559438447655} 
{0: '0.16666666666666666', 1: '0.0', 2: '0.0', 3: '1.6301766616608926', 4: 880.2914089256991} 
{0: '0.2857142857142857', 1: '0.0', 2: '0.0', 3: '1.7328621078878674', 4: 858.1904869168345} 
{0: '0.375', 1: '0.0', 2: '0.0', 3: '1.842015749320195', 4: 793.2181778405572} 
{0: '0.3333333333333333', 1: '0.0', 2: '0.0', 3: '1.842015749320195', 4: 689.0270091918017} 
{0: '0.4', 1: '0.0', 2: '0.0', 3: '1.7328621078878674', 4: 622.9681411520605} 
{0: '0.45454545454545453', 1: '0.0', 2: '0.0', 3: '1.6301766616608926', 4: 615.0835583264633} 
{0: '0.5', 1: '0.0', 2: '0.0', 3: '1.5335761201812925', 4: 592.8913146550473} 
{0: '0.5384615384615384', 1: '0.0', 2: '0.0', 3: '1.4426999059072143', 4: 555.0376193171691} 
{0: '0.5714285714285714', 1: '0.0', 2: '0.0', 3: '1.3572088082974538', 4: 582.6366728855452} 
{0: '0.5333333333333333', 1: '0.0', 2: '0.0', 3: '1.3572088082974538', 4: 562.7816099672058} 
{0: '0.5625', 1: '0.0', 2: '0.0', 3: '1.4426999059072143', 4: 558.641377758282} 
{0: '0.5882352941176471', 1: '0.0', 2: '0.0', 3: '1.5335761201812925', 4: 561.2282288646414} 
{0: '0.6111111111111112', 1: '0.0', 2: '0.0', 3: '1.6301766616608926', 4: 581.5374040059659} 
{0: '0.631578947368421', 1: '0.0', 2: '0.0', 3: '1.7328621078878674', 4: 573.8195251272507} 
{0: '0.6', 1: '0.0', 2: '0.0', 3: '1.7328621078878674', 4: 570.2688458722147} 
{0: '0.5714285714285714', 1: '0.0', 2: '0.0', 3: '1.7328621078878674', 4: 567.0323318301424} 
{0: '0.5909090909090909', 1: '0.0', 2: '0.0', 3: '1.842015749320195', 4: 543.0180320608017} 
{0: '0.5652173913043478', 1: '0.0', 2: '0.0', 3: '1.842015749320195', 4: 562.216450077405} 
{0: '0.5833333333333334', 1: '0.0', 2: '0.0', 3: '1.7328621078878674', 4: 572.2501752369146} 
{0: '0.56', 1: '0.0', 2: '0.0', 3: '1.7328621078878674', 4: 565.7046731928727} 
{0: '0.5769230769230769', 1: '0.0', 2: '0.0', 3: '1.842015749320195', 4: 555.7723976835384} 
{0: '0.5555555555555556', 1: '0.0', 2: '0.0', 3: '1.842015749320195', 4: 545.9584617424007} 
{0: '0.5714285714285714', 1: '0.0', 2: '0.0', 3: '1.7328621078878674', 4: 528.2266790475368} 
{0: '0.5862068965517241', 1: '0.0', 2: '0.0', 3: '1.6301766616608926', 4: 531.0980632172775} 
{0: '0.6', 1: '0.0', 2: '0.0', 3: '1.5335761201812925', 4: 523.1550848285301} 
{0: '0.6129032258064516', 1: '0.0', 2: '0.0', 3: '1.4426999059072143', 4: 529.2556696599642} 
{0: '0.625', 1: '0.0', 2: '0.0', 3: '1.3572088082974538', 4: 525.9317242909184} 
{0: '0.6060606060606061', 1: '0.0', 2: '0.0', 3: '1.3572088082974538', 4: 522.979597740388} 
{0: '0.6176470588235294', 1: '0.0', 2: '0.0', 3: '1.4426999059072143', 4: 534.032030752437} 
{0: '0.6', 1: '0.0', 2: '0.0', 3: '1.4426999059072143', 4: 538.4770236208165} 
{0: '0.6111111111111112', 1: '0.0', 2: '0.0', 3: '1.3572088082974538', 4: 514.1069537776702} 
{0: '0.6216216216216216', 1: '0.0', 2: '0.0', 3: '1.2767837176518553', 4: 519.9864063897098} 
{0: '0.631578947368421', 1: '0.0', 2: '0.0', 3: '1.2011244339814315', 4: 510.87767541362916} 
{0: '0.6410256410256411', 1: '0.0', 2: '0.0', 3: '1.1299485464621188', 4: 530.9552740640662} 
{0: '0.625', 1: '0.0', 2: '0.0', 3: '1.1299485464621188', 4: 508.7869432845472} 
{0: '0.6341463414634146', 1: '0.0', 2: '0.0', 3: '1.2011244339814315', 4: 524.8665405191765} 
{0: '0.6190476190476191', 1: '0.0', 2: '0.0', 3: '1.2011244339814315', 4: 531.860177853258} 
{0: '0.6046511627906976', 1: '0.0', 2: '0.0', 3: '1.2011244339814315', 4: 528.0496386088731} 
{0: '0.6136363636363636', 1: '0.0', 2: '0.0', 3: '1.2767837176518553', 4: 521.2142367835012} 
{0: '0.6222222222222222', 1: '0.0', 2: '0.0', 3: '1.3572088082974538', 4: 516.2188839857008} 
{0: '0.6086956521739131', 1: '0.0', 2: '0.0', 3: '1.3572088082974538', 4: 525.9924411649486} 
{0: '0.6170212765957447', 1: '0.0', 2: '0.0', 3: '1.2767837176518553', 4: 529.4540773526588} 
{0: '0.625', 1: '0.0', 2: '0.0', 3: '1.2011244339814315', 4: 511.0990820167615} 
{0: '0.6326530612244898', 1: '0.0', 2: '0.0', 3: '1.1299485464621188', 4: 508.15162584102893} 
{0: '0.62', 1: '0.0', 2: '0.0', 3: '1.1299485464621188', 4: 516.8661966008079} 
{0: '0.6274509803921569', 1: '0.0', 2: '0.0', 3: '1.2011244339814315', 4: 512.5595404072778} 
{0: '0.6346153846153846', 1: '0.0', 2: '0.0', 3: '1.2767837176518553', 4: 513.5941315849612} 
{0: '0.6415094339622641', 1: '0.0', 2: '0.0', 3: '1.3572088082974538', 4: 530.0933228356997} 
{0: '0.6481481481481481', 1: '0.0', 2: '0.0', 3: '1.4426999059072143', 4: 511.645571127056} 
{0: '0.6545454545454545', 1: '0.0', 2: '0.0', 3: '1.5335761201812925', 4: 526.8988527205842} 
{0: '0.6607142857142857', 1: '0.0', 2: '0.0', 3: '1.6301766616608926', 4: 538.9090588405402} 
{0: '0.6666666666666666', 1: '0.0', 2: '0.0', 3: '1.7328621078878674', 4: 514.1344163531788} 
{0: '0.6551724137931034', 1: '0.0', 2: '0.0', 3: '1.7328621078878674', 4: 518.7732971924551} 
{0: '0.6610169491525424', 1: '0.0', 2: '0.0', 3: '1.6301766616608926', 4: 521.5430968681303} 
{0: '0.6666666666666666', 1: '0.0', 2: '0.0', 3: '1.5335761201812925', 4: 545.5897275063704} 
{0: '0.6721311475409836', 1: '0.0', 2: '0.0', 3: '1.4426999059072143', 4: 529.5378151275736} 
{0: '0.6774193548387096', 1: '0.0', 2: '0.0', 3: '1.3572088082974538', 4: 524.4972451125456} 
{0: '0.6666666666666666', 1: '0.0', 2: '0.0', 3: '1.3572088082974538', 4: 508.71811307039883} 
{0: '0.65625', 1: '0.0', 2: '0.0', 3: '1.3572088082974538', 4: 523.2764642340785} 
{0: '0.6615384615384615', 1: '0.0', 2: '0.0', 3: '1.2767837176518553', 4: 532.978418389704} 
{0: '0.6515151515151515', 1: '0.0', 2: '0.0', 3: '1.2767837176518553', 4: 510.22259234074494} 
{0: '0.6567164179104478', 1: '0.0', 2: '0.0', 3: '1.3572088082974538', 4: 512.2223811904241} 
{0: '0.6470588235294118', 1: '0.0', 2: '0.0', 3: '1.3572088082974538', 4: 536.0171472765383} 
{0: '0.6376811594202898', 1: '0.0', 2: '0.0', 3: '1.3572088082974538', 4: 531.4282222082486} 
{0: '0.6428571428571429', 1: '0.0', 2: '0.0', 3: '1.4426999059072143', 4: 532.1408288972251} 
{0: '0.6338028169014085', 1: '0.0', 2: '0.0', 3: '1.4426999059072143', 4: 517.1646768544165} 
{0: '0.6388888888888888', 1: '0.0', 2: '0.0', 3: '1.3572088082974538', 4: 522.256106319506} 
{0: '0.6438356164383562', 1: '0.0', 2: '0.0', 3: '1.2767837176518553', 4: 515.6600459872407} 
{0: '0.6486486486486487', 1: '0.0', 2: '0.0', 3: '1.2011244339814315', 4: 510.20080496582386} 
{0: '0.6533333333333333', 1: '0.0', 2: '0.0', 3: '1.1299485464621188', 4: 514.4528639728851} 
{0: '0.6447368421052632', 1: '0.0', 2: '0.0', 3: '1.1299485464621188', 4: 522.430105355607} 
{0: '0.6493506493506493', 1: '0.0', 2: '0.0', 3: '1.2011244339814315', 4: 532.1365651752811} 
{0: '0.6538461538461539', 1: '0.0', 2: '0.0', 3: '1.2767837176518553', 4: 517.0373312528516} 
{0: '0.6582278481012658', 1: '0.0', 2: '0.0', 3: '1.3572088082974538', 4: 515.0912201794911} 
{0: '0.6625', 1: '0.0', 2: '0.0', 3: '1.4426999059072143', 4: 514.9899967379429} 
{0: '0.654320987654321', 1: '0.0', 2: '0.0', 3: '1.4426999059072143', 4: 519.0770779074551} 
{0: '0.6585365853658537', 1: '0.0', 2: '0.0', 3: '1.3572088082974538', 4: 518.3738218009679} 
{0: '0.6626506024096386', 1: '0.0', 2: '0.0', 3: '1.2767837176518553', 4: 510.92232251170356} 
{0: '0.6547619047619048', 1: '0.0', 2: '0.0', 3: '1.2767837176518553', 4: 518.8897467271689} 
{0: '0.6470588235294118', 1: '0.0', 2: '0.0', 3: '1.2767837176518553', 4: 517.6309552750192} 
{0: '0.6395348837209303', 1: '0.0', 2: '0.0', 3: '1.2767837176518553', 4: 535.816220252323} 
{0: '0.632183908045977', 1: '0.0', 2: '0.0', 3: '1.2767837176518553', 4: 527.1026699314034} 
{0: '0.6363636363636364', 1: '0.0', 2: '0.0', 3: '1.2011244339814315', 4: 521.6390659906481} 
{0: '0.6292134831460674', 1: '0.0', 2: '0.0', 3: '1.2011244339814315', 4: 516.9226215682662} 
{0: '0.6333333333333333', 1: '0.0', 2: '0.0', 3: '1.2767837176518553', 4: 508.09159993272004} 
{0: '0.6373626373626373', 1: '0.0', 2: '0.0', 3: '1.3572088082974538', 4: 521.761459937594} 
{0: '0.6413043478260869', 1: '0.0', 2: '0.0', 3: '1.4426999059072143', 4: 514.0820888988281} 
{0: '0.6451612903225806', 1: '0.0', 2: '0.0', 3: '1.5335761201812925', 4: 528.6571526002606} 
{0: '0.648936170212766', 1: '0.0', 2: '0.0', 3: '1.6301766616608926', 4: 505.1095016913403} 
{0: '0.6421052631578947', 1: '0.0', 2: '0.0', 3: '1.6301766616608926', 4: 550.2151865667239} 
{0: '0.6354166666666666', 1: '0.0', 2: '0.0', 3: '1.6301766616608926', 4: 530.0041095413784} 
{0: '0.6391752577319587', 1: '0.0', 2: '0.0', 3: '1.7328621078878674', 4: 535.2308546584877} 
{0: '0.6326530612244898', 1: '0.0', 2: '0.0', 3: '1.7328621078878674', 4: 532.5202077421723} 
{0: '0.6363636363636364', 1: '0.0', 2: '0.0', 3: '1.6301766616608926', 4: 524.7022925521961} 
{0: '0.64', 1: '0.0', 2: '0.0', 3: '1.5335761201812925', 4: 527.8504764460647} 
{0: '0.6435643564356436', 1: '0.0', 2: '0.0', 3: '1.4426999059072143', 4: 522.7018434100618} 
{0: '0.6470588235294118', 1: '0.0', 2: '0.0', 3: '1.3572088082974538', 4: 525.2857225086977} 
{0: '0.6407766990291263', 1: '0.0', 2: '0.0', 3: '1.3572088082974538', 4: 533.1117102609838} 
{0: '0.6442307692307693', 1: '0.0', 2: '0.0', 3: '1.4426999059072143', 4: 522.5974604780953} 
{0: '0.638095238095238', 1: '0.0', 2: '0.0', 3: '1.4426999059072143', 4: 527.2064560666776} 
{0: '0.6415094339622641', 1: '0.0', 2: '0.0', 3: '1.3572088082974538', 4: 530.6371656220612} 
{0: '0.6448598130841121', 1: '0.0', 2: '0.0', 3: '1.2767837176518553', 4: 531.0691726444741} 
{0: '0.6481481481481481', 1: '0.0', 2: '0.0', 3: '1.2011244339814315', 4: 518.556447301634} 
{0: '0.6422018348623854', 1: '0.0', 2: '0.0', 3: '1.2011244339814315', 4: 513.0103345877596} 
{0: '0.6454545454545455', 1: '0.0', 2: '0.0', 3: '1.2767837176518553', 4: 514.9842163137635} 
{0: '0.6396396396396397', 1: '0.0', 2: '0.0', 3: '1.2767837176518553', 4: 524.4289828344959} 
{0: '0.6428571428571429', 1: '0.0', 2: '0.0', 3: '1.2011244339814315', 4: 510.3938137640507} 
{0: '0.6460176991150443', 1: '0.0', 2: '0.0', 3: '1.1299485464621188', 4: 514.0478790479385} 
{0: '0.6403508771929824', 1: '0.0', 2: '0.0', 3: '1.1299485464621188', 4: 505.063070997619} 
{0: '0.6434782608695652', 1: '0.0', 2: '0.0', 3: '1.2011244339814315', 4: 503.6089163689472} 
{0: '0.646551724137931', 1: '0.0', 2: '0.0', 3: '1.2767837176518553', 4: 518.0214998330559} 
{0: '0.6495726495726496', 1: '0.0', 2: '0.0', 3: '1.3572088082974538', 4: 517.1386054670267} 
{0: '0.6440677966101694', 1: '0.0', 2: '0.0', 3: '1.3572088082974538', 4: 516.764908183958} 
{0: '0.6386554621848739', 1: '0.0', 2: '0.0', 3: '1.3572088082974538', 4: 530.295472486952} 
{0: '0.6416666666666667', 1: '0.0', 2: '0.0', 3: '1.4426999059072143', 4: 543.8874423289255} 
{0: '0.6446280991735537', 1: '0.0', 2: '0.0', 3: '1.5335761201812925', 4: 520.9361099507266} 
{0: '0.639344262295082', 1: '0.0', 2: '0.0', 3: '1.5335761201812925', 4: 549.4697872895359} 
{0: '0.6341463414634146', 1: '0.0', 2: '0.0', 3: '1.5335761201812925', 4: 538.8113676157382} 
{0: '0.6370967741935484', 1: '0.0', 2: '0.0', 3: '1.6301766616608926', 4: 530.0145666253989} 
{0: '0.64', 1: '0.0', 2: '0.0', 3: '1.7328621078878674', 4: 522.995781170613} 
{0: '0.6349206349206349', 1: '0.0', 2: '0.0', 3: '1.7328621078878674', 4: 545.2800499671146} 
{0: '0.6377952755905512', 1: '0.0', 2: '0.0', 3: '1.6301766616608926', 4: 541.2283355517087} 
{0: '0.640625', 1: '0.0', 2: '0.0', 3: '1.5335761201812925', 4: 547.8748492143447} 
{0: '0.6356589147286822', 1: '0.0', 2: '0.0', 3: '1.5335761201812925', 4: 532.6435365856536} 
{0: '0.6384615384615384', 1: '0.0', 2: '0.0', 3: '1.6301766616608926', 4: 552.0483022191488} 
{0: '0.6412213740458015', 1: '0.0', 2: '0.0', 3: '1.7328621078878674', 4: 523.560230906951} 
{0: '0.6439393939393939', 1: '0.0', 2: '0.0', 3: '1.842015749320195', 4: 550.0252558738632} 
{0: '0.6390977443609023', 1: '0.0', 2: '0.0', 3: '1.842015749320195', 4: 543.8188794854703} 
{0: '0.6417910447761194', 1: '0.0', 2: '0.0', 3: '1.7328621078878674', 4: 544.8044035973421} 
{0: '0.6444444444444445', 1: '0.0', 2: '0.0', 3: '1.6301766616608926', 4: 534.2504906380387} 
{0: '0.6470588235294118', 1: '0.0', 2: '0.0', 3: '1.5335761201812925', 4: 521.4337469185052} 
{0: '0.6496350364963503', 1: '0.0', 2: '0.0', 3: '1.4426999059072143', 4: 535.5372104794238} 
{0: '0.6521739130434783', 1: '0.0', 2: '0.0', 3: '1.3572088082974538', 4: 514.2916753163917} 
{0: '0.6546762589928058', 1: '0.0', 2: '0.0', 3: '1.2767837176518553', 4: 514.5302612872212} 
{0: '0.6571428571428571', 1: '0.0', 2: '0.0', 3: '1.2011244339814315', 4: 521.3893901691162} 
{0: '0.6595744680851063', 1: '0.0', 2: '0.0', 3: '1.1299485464621188', 4: 507.52389743784914} 
{0: '0.6549295774647887', 1: '0.0', 2: '0.0', 3: '1.1299485464621188', 4: 507.56754972613027} 
{0: '0.6573426573426573', 1: '0.0', 2: '0.0', 3: '1.2011244339814315', 4: 516.0115133239931} 
{0: '0.6597222222222222', 1: '0.0', 2: '0.0', 3: '1.2767837176518553', 4: 522.2971009030163} 
{0: '0.6620689655172414', 1: '0.0', 2: '0.0', 3: '1.3572088082974538', 4: 529.7215301848883} 
{0: '0.6643835616438356', 1: '0.0', 2: '0.0', 3: '1.4426999059072143', 4: 531.1198208029866} 
{0: '0.6666666666666666', 1: '0.0', 2: '0.0', 3: '1.5335761201812925', 4: 551.4431756387393} 
{0: '0.668918918918919', 1: '0.0', 2: '0.0', 3: '1.6301766616608926', 4: 542.6838358537459} 
{0: '0.6711409395973155', 1: '0.0', 2: '0.0', 3: '1.7328621078878674', 4: 547.0281119513655} 
{0: '0.6733333333333333', 1: '0.0', 2: '0.0', 3: '1.842015749320195', 4: 556.047991867492} 
{0: '0.6688741721854304', 1: '0.0', 2: '0.0', 3: '1.842015749320195', 4: 535.4506799303318} 
{0: '0.6710526315789473', 1: '0.0', 2: '0.0', 3: '1.7328621078878674', 4: 551.8588925921741} 
{0: '0.673202614379085', 1: '0.0', 2: '0.0', 3: '1.6301766616608926', 4: 549.7434815602387} 
{0: '0.6688311688311688', 1: '0.0', 2: '0.0', 3: '1.6301766616608926', 4: 529.9269693848751} 
{0: '0.6709677419354839', 1: '0.0', 2: '0.0', 3: '1.7328621078878674', 4: 524.3792687062167} 
{0: '0.6666666666666666', 1: '0.0', 2: '0.0', 3: '1.7328621078878674', 4: 530.0864096546471} 
{0: '0.6687898089171974', 1: '0.0', 2: '0.0', 3: '1.6301766616608926', 4: 549.3673488324565} 
{0: '0.6645569620253164', 1: '0.0', 2: '0.0', 3: '1.6301766616608926', 4: 524.568357462615} 
{0: '0.6666666666666666', 1: '0.0', 2: '0.0', 3: '1.7328621078878674', 4: 547.7602196521233} 
{0: '0.66875', 1: '0.0', 2: '0.0', 3: '1.842015749320195', 4: 545.2169605795764} 
{0: '0.6645962732919255', 1: '0.0', 2: '0.0', 3: '1.842015749320195', 4: 557.7795363850597} 
{0: '0.6666666666666666', 1: '0.0', 2: '0.0', 3: '1.7328621078878674', 4: 534.0089178574759} 
{0: '0.6687116564417178', 1: '0.0', 2: '0.0', 3: '1.6301766616608926', 4: 556.7791361161562} 
{0: '0.6646341463414634', 1: '0.0', 2: '0.0', 3: '1.6301766616608926', 4: 559.6191871417604} 
{0: '0.6666666666666666', 1: '0.0', 2: '0.0', 3: '1.7328621078878674', 4: 548.6759056235895} 
{0: '0.6686746987951807', 1: '0.0', 2: '0.0', 3: '1.842015749320195', 4: 542.2857986189448} 
{0: '0.6646706586826348', 1: '0.0', 2: '0.0', 3: '1.842015749320195', 4: 570.0429372390754} 
{0: '0.6607142857142857', 1: '0.0', 2: '0.0', 3: '1.842015749320195', 4: 539.0556717223868} 
{0: '0.6568047337278107', 1: '0.0', 2: '0.0', 3: '1.842015749320195', 4: 551.8816262144064} 
{0: '0.6588235294117647', 1: '0.0', 2: '0.0', 3: '1.7328621078878674', 4: 535.4678130395571} 
{0: '0.6608187134502924', 1: '0.0', 2: '0.0', 3: '1.6301766616608926', 4: 539.6378621576316} 
{0: '0.6627906976744186', 1: '0.0', 2: '0.0', 3: '1.5335761201812925', 4: 533.4724131763155} 
{0: '0.6589595375722543', 1: '0.0', 2: '0.0', 3: '1.5335761201812925', 4: 540.2919270024887} 
{0: '0.6551724137931034', 1: '0.0', 2: '0.0', 3: '1.5335761201812925', 4: 538.9069464765596} 
{0: '0.6571428571428571', 1: '0.0', 2: '0.0', 3: '1.4426999059072143', 4: 533.8789054751884} 
{0: '0.6534090909090909', 1: '0.0', 2: '0.0', 3: '1.4426999059072143', 4: 523.0611504459041} 
{0: '0.655367231638418', 1: '0.0', 2: '0.0', 3: '1.5335761201812925', 4: 540.0385185777385} 
{0: '0.6573033707865169', 1: '0.0', 2: '0.0', 3: '1.6301766616608926', 4: 547.5918448261697} 
{0: '0.659217877094972', 1: '0.0', 2: '0.0', 3: '1.7328621078878674', 4: 553.56225490993} 
{0: '0.6611111111111111', 1: '0.0', 2: '0.0', 3: '1.842015749320195', 4: 540.3309865913184} 
{0: '0.6574585635359116', 1: '0.0', 2: '0.0', 3: '1.842015749320195', 4: 551.155866240722} 
{0: '0.6593406593406593', 1: '0.0', 2: '0.0', 3: '1.7328621078878674', 4: 543.5194355336176} 
{0: '0.6612021857923497', 1: '0.0', 2: '0.0', 3: '1.6301766616608926', 4: 532.8237602310564} 
{0: '0.6630434782608695', 1: '0.0', 2: '0.0', 3: '1.5335761201812925', 4: 517.8251780141157} 
{0: '0.6648648648648648', 1: '0.0', 2: '0.0', 3: '1.4426999059072143', 4: 526.5868335329152} 
{0: '0.6612903225806451', 1: '0.0', 2: '0.0', 3: '1.4426999059072143', 4: 528.1973270309918} 
{0: '0.6631016042780749', 1: '0.0', 2: '0.0', 3: '1.5335761201812925', 4: 538.1915423176137} 
{0: '0.6648936170212766', 1: '0.0', 2: '0.0', 3: '1.6301766616608926', 4: 535.504693622852} 
{0: '0.6613756613756614', 1: '0.0', 2: '0.0', 3: '1.6301766616608926', 4: 530.8005928557244} 
{0: '0.6631578947368421', 1: '0.0', 2: '0.0', 3: '1.5335761201812925', 4: 540.2222014230446} 
{0: '0.6596858638743456', 1: '0.0', 2: '0.0', 3: '1.5335761201812925', 4: 517.0360119753535} 
{0: '0.65625', 1: '0.0', 2: '0.0', 3: '1.5335761201812925', 4: 541.7103862194222} 
{0: '0.6580310880829016', 1: '0.0', 2: '0.0', 3: '1.4426999059072143', 4: 537.2385203424096} 
{0: '0.6597938144329897', 1: '0.0', 2: '0.0', 3: '1.3572088082974538', 4: 533.7150344755349} 
{0: '0.6615384615384615', 1: '0.0', 2: '0.0', 3: '1.2767837176518553', 4: 527.0973285545028} 
{0: '0.6581632653061225', 1: '0.0', 2: '0.0', 3: '1.2767837176518553', 4: 521.2812810519482} 
{0: '0.6598984771573604', 1: '0.0', 2: '0.0', 3: '1.3572088082974538', 4: 530.3717516844343} 
{0: '0.6616161616161617', 1: '0.0', 2: '0.0', 3: '1.4426999059072143', 4: 535.4318745944967} 
{0: '0.6633165829145728', 1: '0.0', 2: '0.0', 3: '1.5335761201812925', 4: 531.9940985669315} 
{0: '0.665', 1: '0.0', 2: '0.0', 3: '1.6301766616608926', 4: 554.4987430655677} 
{0: '0.6666666666666666', 1: '0.0', 2: '0.0', 3: '1.7328621078878674', 4: 545.2902642204871} 
{0: '0.6683168316831684', 1: '0.0', 2: '0.0', 3: '1.842015749320195', 4: 533.5927688940016} 
{0: '0.6650246305418719', 1: '0.0', 2: '0.0', 3: '1.842015749320195', 4: 532.1282676398325} 
{0: '0.6666666666666666', 1: '0.0', 2: '0.0', 3: '1.7328621078878674', 4: 547.3539072898486} 
{0: '0.6682926829268293', 1: '0.0', 2: '0.0', 3: '1.6301766616608926', 4: 535.6124518219158} 
{0: '0.6699029126213593', 1: '0.0', 2: '0.0', 3: '1.5335761201812925', 4: 518.0941606207417} 
{0: '0.6714975845410628', 1: '0.0', 2: '0.0', 3: '1.4426999059072143', 4: 521.889923572963} 
{0: '0.6730769230769231', 1: '0.0', 2: '0.0', 3: '1.3572088082974538', 4: 517.1412822289983} 
{0: '0.6746411483253588', 1: '0.0', 2: '0.0', 3: '1.2767837176518553', 4: 523.4163572919197} 
{0: '0.6761904761904762', 1: '0.0', 2: '0.0', 3: '1.2011244339814315', 4: 514.7446965033103} 
{0: '0.6777251184834123', 1: '0.0', 2: '0.0', 3: '1.1299485464621188', 4: 520.8197816862498} 
{0: '0.6745283018867925', 1: '0.0', 2: '0.0', 3: '1.1299485464621188', 4: 514.6114771839193} 
{0: '0.676056338028169', 1: '0.0', 2: '0.0', 3: '1.2011244339814315', 4: 526.1978848261492} 
{0: '0.677570093457944', 1: '0.0', 2: '0.0', 3: '1.2767837176518553', 4: 529.6304578456736} 
{0: '0.6790697674418604', 1: '0.0', 2: '0.0', 3: '1.3572088082974538', 4: 532.5955722156917} 
{0: '0.6805555555555556', 1: '0.0', 2: '0.0', 3: '1.4426999059072143', 4: 529.494316074227} 
{0: '0.6820276497695853', 1: '0.0', 2: '0.0', 3: '1.5335761201812925', 4: 535.9691079780423} 
{0: '0.6834862385321101', 1: '0.0', 2: '0.0', 3: '1.6301766616608926', 4: 523.2559846229927} 
{0: '0.680365296803653', 1: '0.0', 2: '0.0', 3: '1.6301766616608926', 4: 546.7697091497283} 
{0: '0.6818181818181818', 1: '0.0', 2: '0.0', 3: '1.5335761201812925', 4: 533.1559420588534} 
{0: '0.6832579185520362', 1: '0.0', 2: '0.0', 3: '1.4426999059072143', 4: 516.0213541569055} 
{0: '0.6846846846846847', 1: '0.0', 2: '0.0', 3: '1.3572088082974538', 4: 539.9570776147601} 
{0: '0.6816143497757847', 1: '0.0', 2: '0.0', 3: '1.3572088082974538', 4: 510.0138708402222} 
{0: '0.6785714285714286', 1: '0.0', 2: '0.0', 3: '1.3572088082974538', 4: 534.4655104999749} 
{0: '0.6755555555555556', 1: '0.0', 2: '0.0', 3: '1.3572088082974538', 4: 530.1482657499133} 
{0: '0.672566371681416', 1: '0.0', 2: '0.0', 3: '1.3572088082974538', 4: 513.6896657035521} 
{0: '0.6740088105726872', 1: '0.0', 2: '0.0', 3: '1.2767837176518553', 4: 521.4964134875427} 
{0: '0.6754385964912281', 1: '0.0', 2: '0.0', 3: '1.2011244339814315', 4: 524.1832190975477} 
{0: '0.6724890829694323', 1: '0.0', 2: '0.0', 3: '1.2011244339814315', 4: 529.0546318325439} 
{0: '0.6739130434782609', 1: '0.0', 2: '0.0', 3: '1.2767837176518553', 4: 523.6439053772037} 
{0: '0.6753246753246753', 1: '0.0', 2: '0.0', 3: '1.3572088082974538', 4: 538.9382365663378} 
{0: '0.6767241379310345', 1: '0.0', 2: '0.0', 3: '1.4426999059072143', 4: 534.8479558647218} 
{0: '0.6738197424892703', 1: '0.0', 2: '0.0', 3: '1.4426999059072143', 4: 528.695733594872} 
{0: '0.6752136752136753', 1: '0.0', 2: '0.0', 3: '1.3572088082974538', 4: 556.2861499609357} 
{0: '0.6723404255319149', 1: '0.0', 2: '0.0', 3: '1.3572088082974538', 4: 530.2652281974181} 
{0: '0.673728813559322', 1: '0.0', 2: '0.0', 3: '1.4426999059072143', 4: 535.6880925560183} 
{0: '0.6751054852320675', 1: '0.0', 2: '0.0', 3: '1.5335761201812925', 4: 550.0920771748489} 
{0: '0.6764705882352942', 1: '0.0', 2: '0.0', 3: '1.6301766616608926', 4: 527.8546085171738} 
{0: '0.6778242677824268', 1: '0.0', 2: '0.0', 3: '1.7328621078878674', 4: 541.1997495715494} 
{0: '0.6791666666666667', 1: '0.0', 2: '0.0', 3: '1.842015749320195', 4: 561.4862637658794} 
{0: '0.6763485477178424', 1: '0.0', 2: '0.0', 3: '1.842015749320195', 4: 564.1811506419388} 
{0: '0.6735537190082644', 1: '0.0', 2: '0.0', 3: '1.842015749320195', 4: 545.9005073815523} 
{0: '0.6707818930041153', 1: '0.0', 2: '0.0', 3: '1.842015749320195', 4: 553.9084078563643} 
{0: '0.6680327868852459', 1: '0.0', 2: '0.0', 3: '1.842015749320195', 4: 570.4475457609645} 
{0: '0.6653061224489796', 1: '0.0', 2: '0.0', 3: '1.842015749320195', 4: 536.668459231795} 
{0: '0.6666666666666666', 1: '0.0', 2: '0.0', 3: '1.7328621078878674', 4: 554.658366517499} 
{0: '0.6680161943319838', 1: '0.0', 2: '0.0', 3: '1.6301766616608926', 4: 539.4898083871715} 
{0: '0.6693548387096774', 1: '0.0', 2: '0.0', 3: '1.5335761201812925', 4: 550.4155520639528} 
{0: '0.6706827309236948', 1: '0.0', 2: '0.0', 3: '1.4426999059072143', 4: 519.9635326670211} 
{0: '0.672', 1: '0.0', 2: '0.0', 3: '1.3572088082974538', 4: 509.97613176825325} 
{0: '0.6733067729083665', 1: '0.0', 2: '0.0', 3: '1.2767837176518553', 4: 525.7100236705616} 
{0: '0.6706349206349206', 1: '0.0', 2: '0.0', 3: '1.2767837176518553', 4: 522.9250655230032} 
{0: '0.6719367588932806', 1: '0.0', 2: '0.0', 3: '1.3572088082974538', 4: 529.7690778199153} 
{0: '0.6732283464566929', 1: '0.0', 2: '0.0', 3: '1.4426999059072143', 4: 531.1548088896036} 
{0: '0.6745098039215687', 1: '0.0', 2: '0.0', 3: '1.5335761201812925', 4: 539.9136424124097} 
{0: '0.67578125', 1: '0.0', 2: '0.0', 3: '1.6301766616608926', 4: 538.8225564687144} 
{0: '0.6770428015564203', 1: '0.0', 2: '0.0', 3: '1.7328621078878674', 4: 558.810417447479} 
{0: '0.6782945736434108', 1: '0.0', 2: '0.0', 3: '1.842015749320195', 4: 540.5759434507735} 
{0: '0.6756756756756757', 1: '0.0', 2: '0.0', 3: '1.842015749320195', 4: 541.6213820256869} 
{0: '0.676923076923077', 1: '0.0', 2: '0.0', 3: '1.7328621078878674', 4: 557.1560998382375} 
{0: '0.6781609195402298', 1: '0.0', 2: '0.0', 3: '1.6301766616608926', 4: 537.3886454770333} 
{0: '0.6793893129770993', 1: '0.0', 2: '0.0', 3: '1.5335761201812925', 4: 539.1497260502174} 
{0: '0.6806083650190115', 1: '0.0', 2: '0.0', 3: '1.4426999059072143', 4: 541.7528844655886} 
{0: '0.678030303030303', 1: '0.0', 2: '0.0', 3: '1.4426999059072143', 4: 542.8274222480233} 
{0: '0.6792452830188679', 1: '0.0', 2: '0.0', 3: '1.5335761201812925', 4: 535.4286917870396} 
{0: '0.6804511278195489', 1: '0.0', 2: '0.0', 3: '1.6301766616608926', 4: 545.6990477739299} 
{0: '0.6816479400749064', 1: '0.0', 2: '0.0', 3: '1.7328621078878674', 4: 538.763461621288} 
{0: '0.6791044776119403', 1: '0.0', 2: '0.0', 3: '1.7328621078878674', 4: 543.7277250175543} 
{0: '0.6765799256505576', 1: '0.0', 2: '0.0', 3: '1.7328621078878674', 4: 534.3706500448899} 
{0: '0.6777777777777778', 1: '0.0', 2: '0.0', 3: '1.842015749320195', 4: 547.3673993031874} 
{0: '0.6752767527675276', 1: '0.0', 2: '0.0', 3: '1.842015749320195', 4: 556.5282778049477} 
{0: '0.6764705882352942', 1: '0.0', 2: '0.0', 3: '1.7328621078878674', 4: 536.3654469122538} 
{0: '0.6776556776556777', 1: '0.0', 2: '0.0', 3: '1.6301766616608926', 4: 523.9215932893597} 
{0: '0.6788321167883211', 1: '0.0', 2: '0.0', 3: '1.5335761201812925', 4: 528.1940728929527} 
{0: '0.68', 1: '0.0', 2: '0.0', 3: '1.4426999059072143', 4: 521.5461616663712} 
{0: '0.6811594202898551', 1: '0.0', 2: '0.0', 3: '1.3572088082974538', 4: 528.2624140323795} 
{0: '0.6823104693140795', 1: '0.0', 2: '0.0', 3: '1.2767837176518553', 4: 522.5113999545246} 
{0: '0.6798561151079137', 1: '0.0', 2: '0.0', 3: '1.2767837176518553', 4: 528.6889042810731} 
{0: '0.6810035842293907', 1: '0.0', 2: '0.0', 3: '1.3572088082974538', 4: 530.1973817399855} 
{0: '0.6821428571428572', 1: '0.0', 2: '0.0', 3: '1.4426999059072143', 4: 526.5157016972894} 
{0: '0.6797153024911032', 1: '0.0', 2: '0.0', 3: '1.4426999059072143', 4: 549.0719363118098} 
{0: '0.6808510638297872', 1: '0.0', 2: '0.0', 3: '1.3572088082974538', 4: 527.4592500108756} 
{0: '0.6819787985865724', 1: '0.0', 2: '0.0', 3: '1.2767837176518553', 4: 537.0940122273469} 
{0: '0.6830985915492958', 1: '0.0', 2: '0.0', 3: '1.2011244339814315', 4: 523.8683410896592} 
{0: '0.6842105263157895', 1: '0.0', 2: '0.0', 3: '1.1299485464621188', 4: 510.55029506140323} 
{0: '0.6853146853146853', 1: '0.0', 2: '0.0', 3: '1.0629903792895394', 4: 509.4622064515733} 
{0: '0.6829268292682927', 1: '0.0', 2: '0.0', 3: '1.0629903792895394', 4: 515.2275429295393} 
{0: '0.6840277777777778', 1: '0.0', 2: '0.0', 3: '1.1299485464621188', 4: 515.5010448211759} 
{0: '0.6851211072664359', 1: '0.0', 2: '0.0', 3: '1.2011244339814315', 4: 514.2936127810985} 
{0: '0.6862068965517242', 1: '0.0', 2: '0.0', 3: '1.2767837176518553', 4: 525.7013014401149} 
{0: '0.6872852233676976', 1: '0.0', 2: '0.0', 3: '1.3572088082974538', 4: 525.9748709928014} 
{0: '0.6883561643835616', 1: '0.0', 2: '0.0', 3: '1.4426999059072143', 4: 526.1590754855231} 
{0: '0.689419795221843', 1: '0.0', 2: '0.0', 3: '1.5335761201812925', 4: 527.6786485164223} 
{0: '0.6904761904761905', 1: '0.0', 2: '0.0', 3: '1.6301766616608926', 4: 552.8135431257335} 
{0: '0.6915254237288135', 1: '0.0', 2: '0.0', 3: '1.7328621078878674', 4: 532.9993654870508} 
{0: '0.6925675675675675', 1: '0.0', 2: '0.0', 3: '1.842015749320195', 4: 549.2166895239792} 
{0: '0.6902356902356902', 1: '0.0', 2: '0.0', 3: '1.842015749320195', 4: 530.4777849790684} 
{0: '0.6912751677852349', 1: '0.0', 2: '0.0', 3: '1.7328621078878674', 4: 549.354246161529} 
{0: '0.6923076923076923', 1: '0.0', 2: '0.0', 3: '1.6301766616608926', 4: 530.7498266456445} 
{0: '0.6933333333333334', 1: '0.0', 2: '0.0', 3: '1.5335761201812925', 4: 538.4083731615862} 
{0: '0.6943521594684385', 1: '0.0', 2: '0.0', 3: '1.4426999059072143', 4: 566.8976557346236} 
{0: '0.6920529801324503', 1: '0.0', 2: '0.0', 3: '1.4426999059072143', 4: 514.4968600477388} 
{0: '0.693069306930693', 1: '0.0', 2: '0.0', 3: '1.5335761201812925', 4: 515.5102615509508} 
{0: '0.694078947368421', 1: '0.0', 2: '0.0', 3: '1.6301766616608926', 4: 558.4239978378658} 
{0: '0.6950819672131148', 1: '0.0', 2: '0.0', 3: '1.7328621078878674', 4: 522.943199453443} 
{0: '0.6928104575163399', 1: '0.0', 2: '0.0', 3: '1.7328621078878674', 4: 535.4925109552504} 
{0: '0.6938110749185668', 1: '0.0', 2: '0.0', 3: '1.6301766616608926', 4: 521.8020496840503} 
{0: '0.6948051948051948', 1: '0.0', 2: '0.0', 3: '1.5335761201812925', 4: 537.4900967993557} 
{0: '0.6957928802588996', 1: '0.0', 2: '0.0', 3: '1.4426999059072143', 4: 526.9318002433708} 
{0: '0.6967741935483871', 1: '0.0', 2: '0.0', 3: '1.3572088082974538', 4: 527.6545114154986} 
{0: '0.6977491961414791', 1: '0.0', 2: '0.0', 3: '1.2767837176518553', 4: 527.6373374287277} 
{0: '0.6955128205128205', 1: '0.0', 2: '0.0', 3: '1.2767837176518553', 4: 517.9700550499903} 
{0: '0.6964856230031949', 1: '0.0', 2: '0.0', 3: '1.3572088082974538', 4: 532.7034082147934} 
{0: '0.697452229299363', 1: '0.0', 2: '0.0', 3: '1.4426999059072143', 4: 525.6776349940843} 
{0: '0.6984126984126984', 1: '0.0', 2: '0.0', 3: '1.5335761201812925', 4: 527.3006831518702} 
{0: '0.6993670886075949', 1: '0.0', 2: '0.0', 3: '1.6301766616608926', 4: 552.2328851200555} 
{0: '0.7003154574132492', 1: '0.0', 2: '0.0', 3: '1.7328621078878674', 4: 529.1412412513016} 
{0: '0.6981132075471698', 1: '0.0', 2: '0.0', 3: '1.7328621078878674', 4: 550.0556728606027} 
{0: '0.6959247648902821', 1: '0.0', 2: '0.0', 3: '1.7328621078878674', 4: 539.7803104169232} 
{0: '0.696875', 1: '0.0', 2: '0.0', 3: '1.842015749320195', 4: 558.3780936132345} 
{0: '0.6947040498442367', 1: '0.0', 2: '0.0', 3: '1.842015749320195', 4: 528.7456784605432} 
{0: '0.6956521739130435', 1: '0.0', 2: '0.0', 3: '1.7328621078878674', 4: 527.9511699747161} 
{0: '0.6965944272445821', 1: '0.0', 2: '0.0', 3: '1.6301766616608926', 4: 550.75847200343} 
{0: '0.6975308641975309', 1: '0.0', 2: '0.0', 3: '1.5335761201812925', 4: 537.2275578177649} 
{0: '0.6984615384615385', 1: '0.0', 2: '0.0', 3: '1.4426999059072143', 4: 523.198970953832} 
{0: '0.6993865030674846', 1: '0.0', 2: '0.0', 3: '1.3572088082974538', 4: 533.8850253607674} 
{0: '0.7003058103975535', 1: '0.0', 2: '0.0', 3: '1.2767837176518553', 4: 509.1660610637968} 
{0: '0.7012195121951219', 1: '0.0', 2: '0.0', 3: '1.2011244339814315', 4: 520.0022572319773} 
{0: '0.7021276595744681', 1: '0.0', 2: '0.0', 3: '1.1299485464621188', 4: 520.6598969442076} 
{0: '0.7', 1: '0.0', 2: '0.0', 3: '1.1299485464621188', 4: 518.228111765724} 
{0: '0.7009063444108762', 1: '0.0', 2: '0.0', 3: '1.2011244339814315', 4: 517.414493975943} 
{0: '0.7018072289156626', 1: '0.0', 2: '0.0', 3: '1.2767837176518553', 4: 502.4772989046165} 
{0: '0.7027027027027027', 1: '0.0', 2: '0.0', 3: '1.3572088082974538', 4: 530.4091747891075} 
{0: '0.7035928143712575', 1: '0.0', 2: '0.0', 3: '1.4426999059072143', 4: 515.6405359588604} 
{0: '0.7014925373134329', 1: '0.0', 2: '0.0', 3: '1.4426999059072143', 4: 518.633519282967} 
{0: '0.6994047619047619', 1: '0.0', 2: '0.0', 3: '1.4426999059072143', 4: 516.4558254927165} 
{0: '0.7002967359050445', 1: '0.0', 2: '0.0', 3: '1.5335761201812925', 4: 513.8368195583495} 
{0: '0.6982248520710059', 1: '0.0', 2: '0.0', 3: '1.5335761201812925', 4: 536.2212728538711} 
{0: '0.6991150442477876', 1: '0.0', 2: '0.0', 3: '1.4426999059072143', 4: 519.8704190436843} 
{0: '0.7', 1: '0.0', 2: '0.0', 3: '1.3572088082974538', 4: 525.9717998317475} 
{0: '0.6979472140762464', 1: '0.0', 2: '0.0', 3: '1.3572088082974538', 4: 522.7783271855717} 
{0: '0.6988304093567251', 1: '0.0', 2: '0.0', 3: '1.4426999059072143', 4: 526.266368730934} 
{0: '0.6997084548104956', 1: '0.0', 2: '0.0', 3: '1.5335761201812925', 4: 542.4109384168477} 
{0: '0.7005813953488372', 1: '0.0', 2: '0.0', 3: '1.6301766616608926', 4: 537.1489793762106} 
{0: '0.6985507246376812', 1: '0.0', 2: '0.0', 3: '1.6301766616608926', 4: 530.4980327464166} 
{0: '0.6994219653179191', 1: '0.0', 2: '0.0', 3: '1.5335761201812925', 4: 516.8712385352982} 
{0: '0.7002881844380403', 1: '0.0', 2: '0.0', 3: '1.4426999059072143', 4: 546.7253568840586} 
{0: '0.6982758620689655', 1: '0.0', 2: '0.0', 3: '1.4426999059072143', 4: 521.572923708532} 
{0: '0.6991404011461319', 1: '0.0', 2: '0.0', 3: '1.5335761201812925', 4: 536.0223763347359} 
{0: '0.7', 1: '0.0', 2: '0.0', 3: '1.6301766616608926', 4: 526.8256314181073} 
{0: '0.698005698005698', 1: '0.0', 2: '0.0', 3: '1.6301766616608926', 4: 552.8111207110223} 
{0: '0.6988636363636364', 1: '0.0', 2: '0.0', 3: '1.5335761201812925', 4: 548.1249653647525} 
{0: '0.6968838526912181', 1: '0.0', 2: '0.0', 3: '1.5335761201812925', 4: 537.649752649309} 
{0: '0.6977401129943502', 1: '0.0', 2: '0.0', 3: '1.6301766616608926', 4: 524.2554511625016} 
{0: '0.6957746478873239', 1: '0.0', 2: '0.0', 3: '1.6301766616608926', 4: 534.1717407332148} 
{0: '0.6938202247191011', 1: '0.0', 2: '0.0', 3: '1.6301766616608926', 4: 524.6692888598462} 
{0: '0.6918767507002801', 1: '0.0', 2: '0.0', 3: '1.6301766616608926', 4: 544.3965096982117} 
{0: '0.6927374301675978', 1: '0.0', 2: '0.0', 3: '1.5335761201812925', 4: 562.1670557737713} 
{0: '0.6908077994428969', 1: '0.0', 2: '0.0', 3: '1.5335761201812925', 4: 522.3873845321948} 
{0: '0.6916666666666667', 1: '0.0', 2: '0.0', 3: '1.6301766616608926', 4: 548.3089864329295} 
{0: '0.6925207756232687', 1: '0.0', 2: '0.0', 3: '1.7328621078878674', 4: 539.5860837012091} 
{0: '0.6933701657458563', 1: '0.0', 2: '0.0', 3: '1.842015749320195', 4: 550.930139768984} 
{0: '0.6914600550964187', 1: '0.0', 2: '0.0', 3: '1.842015749320195', 4: 538.1541899519166} 
{0: '0.6923076923076923', 1: '0.0', 2: '0.0', 3: '1.7328621078878674', 4: 566.1703874372752} 
{0: '0.6931506849315069', 1: '0.0', 2: '0.0', 3: '1.6301766616608926', 4: 538.9734446937923} 
{0: '0.6939890710382514', 1: '0.0', 2: '0.0', 3: '1.5335761201812925', 4: 543.8067820157511} 
{0: '0.6948228882833788', 1: '0.0', 2: '0.0', 3: '1.4426999059072143', 4: 533.1563525516176} 
{0: '0.6956521739130435', 1: '0.0', 2: '0.0', 3: '1.3572088082974538', 4: 527.458449140129} 
{0: '0.6937669376693767', 1: '0.0', 2: '0.0', 3: '1.3572088082974538', 4: 545.910849104655} 
{0: '0.6945945945945946', 1: '0.0', 2: '0.0', 3: '1.4426999059072143', 4: 540.3818158178818} 
{0: '0.6954177897574124', 1: '0.0', 2: '0.0', 3: '1.5335761201812925', 4: 540.7943637472016} 
{0: '0.696236559139785', 1: '0.0', 2: '0.0', 3: '1.6301766616608926', 4: 539.9217045404345} 
{0: '0.6943699731903485', 1: '0.0', 2: '0.0', 3: '1.6301766616608926', 4: 534.1681242649466} 
{0: '0.6951871657754011', 1: '0.0', 2: '0.0', 3: '1.5335761201812925', 4: 563.7534090320625} 
{0: '0.6933333333333334', 1: '0.0', 2: '0.0', 3: '1.5335761201812925', 4: 538.7110507925925} 
{0: '0.6941489361702128', 1: '0.0', 2: '0.0', 3: '1.6301766616608926', 4: 547.3977704207679} 
{0: '0.6949602122015915', 1: '0.0', 2: '0.0', 3: '1.7328621078878674', 4: 540.9048753593049} 
{0: '0.6957671957671958', 1: '0.0', 2: '0.0', 3: '1.842015749320195', 4: 530.8949757247694} 
{0: '0.6939313984168866', 1: '0.0', 2: '0.0', 3: '1.842015749320195', 4: 549.4062775070979} 
{0: '0.6947368421052632', 1: '0.0', 2: '0.0', 3: '1.7328621078878674', 4: 533.6653752096813} 
{0: '0.6955380577427821', 1: '0.0', 2: '0.0', 3: '1.6301766616608926', 4: 539.217914934874} 
{0: '0.693717277486911', 1: '0.0', 2: '0.0', 3: '1.6301766616608926', 4: 541.5223072899073} 
{0: '0.6945169712793734', 1: '0.0', 2: '0.0', 3: '1.7328621078878674', 4: 552.0619552320773} 
{0: '0.6927083333333334', 1: '0.0', 2: '0.0', 3: '1.7328621078878674', 4: 549.1870531135836} 
{0: '0.6935064935064935', 1: '0.0', 2: '0.0', 3: '1.6301766616608926', 4: 533.8420066864437} 
{0: '0.694300518134715', 1: '0.0', 2: '0.0', 3: '1.5335761201812925', 4: 537.7146975178814} 
{0: '0.6950904392764858', 1: '0.0', 2: '0.0', 3: '1.4426999059072143', 4: 534.1012051200094} 
{0: '0.6958762886597938', 1: '0.0', 2: '0.0', 3: '1.3572088082974538', 4: 512.1837095111982} 
{0: '0.6966580976863753', 1: '0.0', 2: '0.0', 3: '1.2767837176518553', 4: 533.1119746560595} 
{0: '0.6948717948717948', 1: '0.0', 2: '0.0', 3: '1.2767837176518553', 4: 523.542269446828} 
{0: '0.6956521739130435', 1: '0.0', 2: '0.0', 3: '1.3572088082974538', 4: 521.9161954158525} 
{0: '0.6964285714285714', 1: '0.0', 2: '0.0', 3: '1.4426999059072143', 4: 541.0904628085058} 
{0: '0.6972010178117048', 1: '0.0', 2: '0.0', 3: '1.5335761201812925', 4: 557.1527770259896} 
{0: '0.6979695431472082', 1: '0.0', 2: '0.0', 3: '1.6301766616608926', 4: 545.1900174648816} 
{0: '0.6987341772151898', 1: '0.0', 2: '0.0', 3: '1.7328621078878674', 4: 526.3512857980378} 
{0: '0.696969696969697', 1: '0.0', 2: '0.0', 3: '1.7328621078878674', 4: 546.5952269102971} 
{0: '0.6977329974811083', 1: '0.0', 2: '0.0', 3: '1.6301766616608926', 4: 529.9934426465877} 
{0: '0.6984924623115578', 1: '0.0', 2: '0.0', 3: '1.5335761201812925', 4: 515.8805160325674} 
{0: '0.6992481203007519', 1: '0.0', 2: '0.0', 3: '1.4426999059072143', 4: 529.3262617988552} 
{0: '0.7', 1: '0.0', 2: '0.0', 3: '1.3572088082974538', 4: 521.5390846776446} 
{0: '0.7007481296758105', 1: '0.0', 2: '0.0', 3: '1.2767837176518553', 4: 528.2213875674495} 
{0: '0.6990049751243781', 1: '0.0', 2: '0.0', 3: '1.2767837176518553', 4: 529.3231805942982} 
{0: '0.6997518610421837', 1: '0.0', 2: '0.0', 3: '1.3572088082974538', 4: 527.6256145145007} 
{0: '0.7004950495049505', 1: '0.0', 2: '0.0', 3: '1.4426999059072143', 4: 521.5421085105496} 
{0: '0.6987654320987654', 1: '0.0', 2: '0.0', 3: '1.4426999059072143', 4: 534.4271271471127} 
{0: '0.6970443349753694', 1: '0.0', 2: '0.0', 3: '1.4426999059072143', 4: 525.7820418145042} 
{0: '0.6953316953316954', 1: '0.0', 2: '0.0', 3: '1.4426999059072143', 4: 528.9604209158624} 
{0: '0.6936274509803921', 1: '0.0', 2: '0.0', 3: '1.4426999059072143', 4: 535.8770027404765} 
{0: '0.6943765281173594', 1: '0.0', 2: '0.0', 3: '1.5335761201812925', 4: 536.6094857160394} 
{0: '0.6926829268292682', 1: '0.0', 2: '0.0', 3: '1.5335761201812925', 4: 538.2365727378091} 
{0: '0.6934306569343066', 1: '0.0', 2: '0.0', 3: '1.4426999059072143', 4: 546.2202616620439} 
{0: '0.6941747572815534', 1: '0.0', 2: '0.0', 3: '1.3572088082974538', 4: 533.1151901748468} 
{0: '0.6949152542372882', 1: '0.0', 2: '0.0', 3: '1.2767837176518553', 4: 548.9334747452665} 
{0: '0.6932367149758454', 1: '0.0', 2: '0.0', 3: '1.2767837176518553', 4: 518.4104858888435} 
{0: '0.6939759036144578', 1: '0.0', 2: '0.0', 3: '1.3572088082974538', 4: 527.9555094839731} 
{0: '0.6947115384615384', 1: '0.0', 2: '0.0', 3: '1.4426999059072143', 4: 537.1900967031215} 
{0: '0.6954436450839329', 1: '0.0', 2: '0.0', 3: '1.5335761201812925', 4: 529.7152333542007} 
{0: '0.6961722488038278', 1: '0.0', 2: '0.0', 3: '1.6301766616608926', 4: 542.5866075992844} 
{0: '0.6968973747016707', 1: '0.0', 2: '0.0', 3: '1.7328621078878674', 4: 548.8750281577077} 
{0: '0.6976190476190476', 1: '0.0', 2: '0.0', 3: '1.842015749320195', 4: 534.5314346408614} 
{0: '0.6959619952494062', 1: '0.0', 2: '0.0', 3: '1.842015749320195', 4: 532.9740144431669} 
{0: '0.6966824644549763', 1: '0.0', 2: '0.0', 3: '1.7328621078878674', 4: 546.0235320222569} 
{0: '0.6973995271867612', 1: '0.0', 2: '0.0', 3: '1.6301766616608926', 4: 534.4536751324722} 
{0: '0.6981132075471698', 1: '0.0', 2: '0.0', 3: '1.5335761201812925', 4: 544.6800336166822} 
{0: '0.6964705882352941', 1: '0.0', 2: '0.0', 3: '1.5335761201812925', 4: 544.528757546487} 
{0: '0.6971830985915493', 1: '0.0', 2: '0.0', 3: '1.6301766616608926', 4: 559.1098367591197} 
{0: '0.6978922716627635', 1: '0.0', 2: '0.0', 3: '1.7328621078878674', 4: 543.1387020448431} 
{0: '0.6985981308411215', 1: '0.0', 2: '0.0', 3: '1.842015749320195', 4: 536.5331390138131} 
{0: '0.696969696969697', 1: '0.0', 2: '0.0', 3: '1.842015749320195', 4: 539.4382891603678} 
{0: '0.6976744186046512', 1: '0.0', 2: '0.0', 3: '1.7328621078878674', 4: 542.7182579274233} 
{0: '0.6983758700696056', 1: '0.0', 2: '0.0', 3: '1.6301766616608926', 4: 521.0017753720246} 
{0: '0.6990740740740741', 1: '0.0', 2: '0.0', 3: '1.5335761201812925', 4: 540.7867749826314} 
{0: '0.6997690531177829', 1: '0.0', 2: '0.0', 3: '1.4426999059072143', 4: 546.1948171482478} 
{0: '0.7004608294930875', 1: '0.0', 2: '0.0', 3: '1.3572088082974538', 4: 531.3651702219133} 
{0: '0.7011494252873564', 1: '0.0', 2: '0.0', 3: '1.2767837176518553', 4: 527.1368648100118} 
{0: '0.6995412844036697', 1: '0.0', 2: '0.0', 3: '1.2767837176518553', 4: 532.2224639686409} 
{0: '0.700228832951945', 1: '0.0', 2: '0.0', 3: '1.3572088082974538', 4: 509.83530159492113} 
{0: '0.7009132420091324', 1: '0.0', 2: '0.0', 3: '1.4426999059072143', 4: 518.527586485087} 
{0: '0.6993166287015945', 1: '0.0', 2: '0.0', 3: '1.4426999059072143', 4: 524.0109627257352} 
{0: '0.7', 1: '0.0', 2: '0.0', 3: '1.3572088082974538', 4: 529.844261476538} 
{0: '0.7006802721088435', 1: '0.0', 2: '0.0', 3: '1.2767837176518553', 4: 499.71342016740743} 
{0: '0.6990950226244343', 1: '0.0', 2: '0.0', 3: '1.2767837176518553', 4: 530.7375411076353} 
{0: '0.6997742663656885', 1: '0.0', 2: '0.0', 3: '1.3572088082974538', 4: 518.7297669495927} 
{0: '0.7004504504504504', 1: '0.0', 2: '0.0', 3: '1.4426999059072143', 4: 526.3612610770505} 
{0: '0.701123595505618', 1: '0.0', 2: '0.0', 3: '1.5335761201812925', 4: 530.5573868247316} 
{0: '0.7017937219730942', 1: '0.0', 2: '0.0', 3: '1.6301766616608926', 4: 548.4629826398734} 
{0: '0.7024608501118568', 1: '0.0', 2: '0.0', 3: '1.7328621078878674', 4: 526.9691061742121} 
{0: '0.7008928571428571', 1: '0.0', 2: '0.0', 3: '1.7328621078878674', 4: 526.4788573423034} 
{0: '0.7015590200445434', 1: '0.0', 2: '0.0', 3: '1.6301766616608926', 4: 534.8433285794717} 
{0: '0.7022222222222222', 1: '0.0', 2: '0.0', 3: '1.5335761201812925', 4: 536.9449489891821} 
{0: '0.7006651884700665', 1: '0.0', 2: '0.0', 3: '1.5335761201812925', 4: 548.0716078907161} 
{0: '0.7013274336283186', 1: '0.0', 2: '0.0', 3: '1.6301766616608926', 4: 534.5302971530407} 
{0: '0.7019867549668874', 1: '0.0', 2: '0.0', 3: '1.7328621078878674', 4: 523.7311935040893} 
{0: '0.7026431718061674', 1: '0.0', 2: '0.0', 3: '1.842015749320195', 4: 543.2703554945452} 
{0: '0.701098901098901', 1: '0.0', 2: '0.0', 3: '1.842015749320195', 4: 548.8328789499147} 
{0: '0.7017543859649122', 1: '0.0', 2: '0.0', 3: '1.7328621078878674', 4: 541.0761383283923} 
{0: '0.7024070021881839', 1: '0.0', 2: '0.0', 3: '1.6301766616608926', 4: 531.6578688212049} 
{0: '0.7008733624454149', 1: '0.0', 2: '0.0', 3: '1.6301766616608926', 4: 552.5529159587468} 
{0: '0.7015250544662309', 1: '0.0', 2: '0.0', 3: '1.7328621078878674', 4: 546.3510951703443} 
{0: '0.7', 1: '0.0', 2: '0.0', 3: '1.7328621078878674', 4: 541.835756771066} 
{0: '0.6984815618221258', 1: '0.0', 2: '0.0', 3: '1.7328621078878674', 4: 543.081856854765} 
{0: '0.6991341991341992', 1: '0.0', 2: '0.0', 3: '1.842015749320195', 4: 538.0467720186081} 
{0: '0.6976241900647948', 1: '0.0', 2: '0.0', 3: '1.842015749320195', 4: 541.6593430812679} 
{0: '0.6982758620689655', 1: '0.0', 2: '0.0', 3: '1.7328621078878674', 4: 539.3041404259917} 
{0: '0.6989247311827957', 1: '0.0', 2: '0.0', 3: '1.6301766616608926', 4: 532.1154842854635} 
{0: '0.6995708154506438', 1: '0.0', 2: '0.0', 3: '1.5335761201812925', 4: 522.7990266799042} 
{0: '0.7002141327623126', 1: '0.0', 2: '0.0', 3: '1.4426999059072143', 4: 521.080628618831} 
{0: '0.7008547008547008', 1: '0.0', 2: '0.0', 3: '1.3572088082974538', 4: 533.7776513518565} 
{0: '0.7014925373134329', 1: '0.0', 2: '0.0', 3: '1.2767837176518553', 4: 538.9421622121329} 
{0: '0.7', 1: '0.0', 2: '0.0', 3: '1.2767837176518553', 4: 538.0266082825817} 
{0: '0.7006369426751592', 1: '0.0', 2: '0.0', 3: '1.3572088082974538', 4: 516.3742810960447} 
{0: '0.701271186440678', 1: '0.0', 2: '0.0', 3: '1.4426999059072143', 4: 546.2410786162997} 
{0: '0.7019027484143763', 1: '0.0', 2: '0.0', 3: '1.5335761201812925', 4: 531.7528950751787} 
{0: '0.70042194092827', 1: '0.0', 2: '0.0', 3: '1.5335761201812925', 4: 533.4791605784446} 
{0: '0.7010526315789474', 1: '0.0', 2: '0.0', 3: '1.4426999059072143', 4: 527.2801257887184} 
{0: '0.7016806722689075', 1: '0.0', 2: '0.0', 3: '1.3572088082974538', 4: 532.8679720550559} 
{0: '0.70020964360587', 1: '0.0', 2: '0.0', 3: '1.3572088082974538', 4: 515.6077818029811} 
{0: '0.700836820083682', 1: '0.0', 2: '0.0', 3: '1.4426999059072143', 4: 538.7810168696245} 
{0: '0.7014613778705637', 1: '0.0', 2: '0.0', 3: '1.5335761201812925', 4: 530.9596756610424} 
{0: '0.7020833333333333', 1: '0.0', 2: '0.0', 3: '1.6301766616608926', 4: 542.3040346395105} 
{0: '0.7027027027027027', 1: '0.0', 2: '0.0', 3: '1.7328621078878674', 4: 516.4051183910507} 
{0: '0.7033195020746889', 1: '0.0', 2: '0.0', 3: '1.842015749320195', 4: 527.1982452930422} 
{0: '0.7018633540372671', 1: '0.0', 2: '0.0', 3: '1.842015749320195', 4: 546.2252196723296} 
{0: '0.7004132231404959', 1: '0.0', 2: '0.0', 3: '1.842015749320195', 4: 556.1653497617737} 
{0: '0.6989690721649484', 1: '0.0', 2: '0.0', 3: '1.842015749320195', 4: 536.5380836889271} 
{0: '0.6995884773662552', 1: '0.0', 2: '0.0', 3: '1.7328621078878674', 4: 561.2570287169566} 
{0: '0.6981519507186859', 1: '0.0', 2: '0.0', 3: '1.7328621078878674', 4: 533.751586482133} 
{0: '0.6987704918032787', 1: '0.0', 2: '0.0', 3: '1.842015749320195', 4: 552.6655639786239} 
{0: '0.6973415132924335', 1: '0.0', 2: '0.0', 3: '1.842015749320195', 4: 553.826731132263} 
{0: '0.6959183673469388', 1: '0.0', 2: '0.0', 3: '1.842015749320195', 4: 542.1802885744986} 
{0: '0.6945010183299389', 1: '0.0', 2: '0.0', 3: '1.842015749320195', 4: 547.4814402836121} 
{0: '0.693089430894309', 1: '0.0', 2: '0.0', 3: '1.842015749320195', 4: 546.4348276842323} 
{0: '0.691683569979716', 1: '0.0', 2: '0.0', 3: '1.842015749320195', 4: 538.8484605940547} 
{0: '0.6923076923076923', 1: '0.0', 2: '0.0', 3: '1.7328621078878674', 4: 523.5575432979402} 
{0: '0.692929292929293', 1: '0.0', 2: '0.0', 3: '1.6301766616608926', 4: 515.7939765814233} 
{0: '0.6935483870967742', 1: '0.0', 2: '0.0', 3: '1.5335761201812925', 4: 540.6295554765148} 
{0: '0.6921529175050302', 1: '0.0', 2: '0.0', 3: '1.5335761201812925', 4: 526.7104617270522} 
{0: '0.6927710843373494', 1: '0.0', 2: '0.0', 3: '1.6301766616608926', 4: 550.8540700714747} 
{0: '0.6933867735470942', 1: '0.0', 2: '0.0', 3: '1.7328621078878674', 4: 550.6084593654252} 
