{'STAT2HEADER': 'STAT2HEADER', 'STAT2HEADER_ENVIRON': 'environ({\'OMPI_MCA_pmix\': \'^s1,s2,cray,isolated\', \'PMIX_MCA_mca_base_component_show_load_errors\': \'1\', \'OMPI_COMMAND\': \'python3\', \'OMPI_ARGV\': \'static_snapshot.py 3 0min\', \'OMPI_MCA_orte_precondition_transports\': \'7cc555a79ad2d821-9ba05c22c7128748\', \'LD_LIBRARY_PATH\': \'/salilab/diva1/programs/x86_64linux/numpy-py36-1.19.5/lib:/salilab/diva1/home/libs/x86_64/centos8:/salilab/diva1/home/libs/x86_64:/salilab/diva1/home/imp/main/20240607-af6f9d6a95/lib/release8:/salilab/diva1/programs/x86_64linux/opencv-4.3.0/lib64/rhel:/salilab/diva1/programs/x86_64linux/opencv-4.3.0/lib64:/salilab/diva1/programs/x86_64linux/hdf5-1.10.7/lib:/salilab/diva1/programs/x86_64linux/libtau-py27-1.0.1/lib64:/salilab/diva1/programs/x86_64linux/boost-1.73.0/lib64:/usr/lib64/openmpi/lib:/wynton/group/sali/miha_rozic/Software/imp-develop/build/lib::\', \'IMP_TMP_DIR\': \'/wynton/group/sali/miha_rozic/Software/imp-develop/build/tmp\', \'PE_HOSTFILE\': \'/var/spool/sge/wynton/qb3-id61/active_jobs/709015.1/pe_hostfile\', \'__LMOD_REF_COUNT_PATH\': \'/salilab/diva1/programs/x86_64linux/numpy-py36-1.19.5/bin:1;/salilab/diva1/home/imp/main/20240607-af6f9d6a95/bin/release8:1;/salilab/diva1/programs/x86_64linux/opencv-4.3.0/bin:1;/salilab/diva1/programs/x86_64linux/hdf5-1.10.7/bin:1;/usr/lib64/openmpi/bin:1;/wynton/home/sali/rozicmiha/.local/bin:1;/wynton/home/sali/rozicmiha/bin:1;/wynton/group/sali/miha_rozic/Software/imp-develop/build/bin:1;/wynton/group/sali/miha_rozic/Software/imp-develop/build/module_bin/EMageFit:1;/wynton/group/sali/miha_rozic/Software/imp-develop/build/module_bin/algebra:1;/wynton/group/sali/miha_rozic/Software/imp-develop/build/module_bin/atom:1;/wynton/group/sali/miha_rozic/Software/imp-develop/build/module_bin/benchmark:1;/wynton/group/sali/miha_rozic/Software/imp-develop/build/module_bin/cgal:1;/wynton/group/sali/miha_rozic/Software/imp-develop/build/module_bin/cnmultifit:1;/wynton/group/sali/miha_rozic/Software/imp-develop/build/module_bin/container:1;/wynton/group/sali/miha_rozic/Software/imp-develop/build/module_bin/core:1;/wynton/group/sali/miha_rozic/Software/imp-develop/build/module_bin/display:1;/wynton/group/sali/miha_rozic/Software/imp-develop/build/module_bin/domino:1;/wynton/group/sali/miha_rozic/Software/imp-develop/build/module_bin/em:1;/wynton/group/sali/miha_rozic/Software/imp-develop/build/module_bin/em2d:1;/wynton/group/sali/miha_rozic/Software/imp-develop/build/module_bin/example:1;/wynton/group/sali/miha_rozic/Software/imp-develop/build/module_bin/foxs:1;/wynton/group/sali/miha_rozic/Software/imp-develop/build/module_bin/gsl:1;/wynton/group/sali/miha_rozic/Software/imp-develop/build/module_bin/integrative_docking:1;/wynton/group/sali/miha_rozic/Software/imp-develop/build/module_bin/isd:1;/wynton/group/sali/miha_rozic/Software/imp-develop/build/module_bin/kernel:1;/wynton/group/sali/miha_rozic/Software/imp-develop/build/module_bin/kinematics:1;/wynton/group/sali/miha_rozic/Software/imp-develop/build/module_bin/kmeans:1;/wynton/group/sali/miha_rozic/Software/imp-develop/build/module_bin/misc:1;/wynton/group/sali/miha_rozic/Software/imp-develop/build/module_bin/mmcif:1;/wynton/group/sali/miha_rozic/Software/imp-develop/build/module_bin/modeller:1;/wynton/group/sali/miha_rozic/Software/imp-develop/build/module_bin/mpi:1;/wynton/group/sali/miha_rozic/Software/imp-develop/build/module_bin/multi_state:1;/wynton/group/sali/miha_rozic/Software/imp-develop/build/module_bin/multifit:1;/wynton/group/sali/miha_rozic/Software/imp-develop/build/module_bin/npc:1;/wynton/group/sali/miha_rozic/Software/imp-develop/build/module_bin/npcassembly:1;/wynton/group/sali/miha_rozic/Software/imp-develop/build/module_bin/parallel:1;/wynton/group/sali/miha_rozic/Software/imp-develop/build/module_bin/pepdock:1;/wynton/group/sali/miha_rozic/Software/imp-develop/build/module_bin/pmi:1;/wynton/group/sali/miha_rozic/Software/imp-develop/build/module_bin/rmf:1;/wynton/group/sali/miha_rozic/Software/imp-develop/build/module_bin/rotamer:1;/wynton/group/sali/miha_rozic/Software/imp-develop/build/module_bin/saxs:1;/wynton/group/sali/miha_rozic/Software/imp-develop/build/module_bin/saxs_merge:1;/wynton/group/sali/miha_rozic/Software/imp-develop/build/module_bin/score_functor:1;/wynton/group/sali/miha_rozic/Software/imp-develop/build/module_bin/scratch:1;/wynton/group/sali/miha_rozic/Software/imp-develop/build/module_bin/spb:1;/wynton/group/sali/miha_rozic/Software/imp-develop/build/module_bin/statistics:1;/wynton/group/sali/miha_rozic/Software/imp-develop/build/module_bin/symmetry:1;/wynton/group/sali/miha_rozic/Software/imp-develop/build/module_bin/test:1;/opt/sge/bin:1;/opt/sge/bin/lx-amd64:1;/scratch/709015.1.member.q:1;/usr/local/bin:1;/bin:1;/usr/bin:1;/usr/local/sbin:1;/usr/sbin:1\', \'_ModuleTable002_\': \'fSwKc3RhY2tEZXB0aCA9IDEsCnN0YXR1cyA9ICJhY3RpdmUiLAp1c2VyTmFtZSA9ICJib29zdC8xLjczLjAiLAp3ViA9ICIwMDAwMDAwMDEuMDAwMDAwMDczLip6ZmluYWwiLAp9LApoZGY1ID0gewpmbiA9ICIvc2FsaWxhYi9kaXZhMS9ob21lL21vZHVsZXMvaGRmNS8xLjEwLjciLApmdWxsTmFtZSA9ICJoZGY1LzEuMTAuNyIsCmxvYWRPcmRlciA9IDUsCnByb3BUID0ge30sCnN0YWNrRGVwdGggPSAyLApzdGF0dXMgPSAiYWN0aXZlIiwKdXNlck5hbWUgPSAiaGRmNS8xLjEwLjciLAp3ViA9ICIwMDAwMDAwMDEuMDAwMDAwMDEwLjAwMDAwMDAwNy4qemZpbmFsIiwKfSwKaW1wID0gewpmbiA9ICIvc2FsaWxhYi9kaXZhMS9ob21lL21vZHVsZXMvaW1wLzIuMjEuMCIsCmZ1bGxO\', \'IMP_DIR\': \'/salilab/diva1/home/imp/main/20240607-af6f9d6a95/lib/release8/cmake/IMP\', \'QUEUE\': \'member.q\', \'GOTO_NUM_THREADS\': \'1\', \'MPI_PYTHON3_SITEARCH\': \'/usr/lib64/python3.6/site-packages/openmpi\', \'LANG\': \'en_US.UTF-8\', \'HISTCONTROL\': \'ignoredups\', \'_ModuleTable008_\': \'cyIsCmZ1bGxOYW1lID0gInNhbGktbGlicmFyaWVzIiwKbG9hZE9yZGVyID0gOCwKcHJvcFQgPSB7fSwKc3RhY2tEZXB0aCA9IDEsCnN0YXR1cyA9ICJhY3RpdmUiLAp1c2VyTmFtZSA9ICJzYWxpLWxpYnJhcmllcyIsCndWID0gIk0uKnpmaW5hbCIsCn0sCn0sCm1wYXRoQSA9IHsKIi9zYWxpbGFiL2RpdmExL2hvbWUvbW9kdWxlcyIsICIvZXRjL21vZHVsZWZpbGVzIiwgIi91c3Ivc2hhcmUvbW9kdWxlZmlsZXMiCiwgIi91c3Ivc2hhcmUvbW9kdWxlZmlsZXMvTGludXgiLCAiL3Vzci9zaGFyZS9tb2R1bGVmaWxlcy9Db3JlIiwgIi91c3Ivc2hhcmUvbG1vZC9sbW9kL21vZHVsZWZpbGVzL0NvcmUiLAp9LApzeXN0ZW1CYXNlTVBBVEggPSAiL2V0Yy9tb2R1bGVmaWxlczovdXNy\', \'SGE_O_HOST\': \'dev1\', \'HOSTNAME\': \'qb3-id61.wynton.ucsf.edu\', \'OPENBLAS_NUM_THREADS\': \'1\', \'__LMOD_REF_COUNT_CMAKE_INCLUDE_PATH\': \'/salilab/diva1/programs/x86_64linux/opencv-4.3.0/include/opencv4:1;/salilab/diva1/programs/x86_64linux/hdf5-1.10.7/include:1;/salilab/diva1/programs/x86_64linux/libtau-py27-1.0.1/include:1;/salilab/diva1/programs/x86_64linux/boost-1.73.0/include:1\', \'SGE_RSH_COMMAND\': \'builtin\', \'ENVIRONMENT\': \'BATCH\', \'IMP_DATA\': \'/wynton/group/sali/miha_rozic/Software/imp-develop/build/data\', \'REQUEST\': \'test1\', \'SGE_STDIN_PATH\': \'/dev/null\', \'SGE_CELL\': \'wynton\', \'_ModuleTable007_\': \'MjEuMyIsCndWID0gIjAwMDAwMDAwMC4wMDAwMDAwMjEuMDAwMDAwMDAzLip6ZmluYWwiLAp9LApbInB5dGhvbjMvc2NpcHkiXSA9IHsKZm4gPSAiL3NhbGlsYWIvZGl2YTEvaG9tZS9tb2R1bGVzL3B5dGhvbjMvc2NpcHkvMS4zLjIiLApmdWxsTmFtZSA9ICJweXRob24zL3NjaXB5LzEuMy4yIiwKbG9hZE9yZGVyID0gMTAsCnByb3BUID0ge30sCnN0YWNrRGVwdGggPSAxLApzdGF0dXMgPSAiYWN0aXZlIiwKdXNlck5hbWUgPSAicHl0aG9uMy9zY2lweS8xLjMuMiIsCndWID0gIjAwMDAwMDAwMS4wMDAwMDAwMDMuMDAwMDAwMDAyLip6ZmluYWwiLAp9LApbInNhbGktbGlicmFyaWVzIl0gPSB7CmZuID0gIi9zYWxpbGFiL2RpdmExL2hvbWUvbW9kdWxlcy9zYWxpLWxpYnJhcmll\', \'CMAKE_INCLUDE_PATH\': \'/salilab/diva1/programs/x86_64linux/opencv-4.3.0/include/opencv4:/salilab/diva1/programs/x86_64linux/hdf5-1.10.7/include:/salilab/diva1/programs/x86_64linux/libtau-py27-1.0.1/include:/salilab/diva1/programs/x86_64linux/boost-1.73.0/include\', \'__LMOD_REF_COUNT_LD_LIBRARY_PATH\': \'/salilab/diva1/programs/x86_64linux/numpy-py36-1.19.5/lib:1;/salilab/diva1/home/libs/x86_64/centos8:1;/salilab/diva1/home/libs/x86_64:1;/salilab/diva1/home/imp/main/20240607-af6f9d6a95/lib/release8:1;/salilab/diva1/programs/x86_64linux/opencv-4.3.0/lib64/rhel:1;/salilab/diva1/programs/x86_64linux/opencv-4.3.0/lib64:1;/salilab/diva1/programs/x86_64linux/hdf5-1.10.7/lib:1;/salilab/diva1/programs/x86_64linux/libtau-py27-1.0.1/lib64:1;/salilab/diva1/programs/x86_64linux/boost-1.73.0/lib64:1;/usr/lib64/openmpi/lib:1;/wynton/group/sali/miha_rozic/Software/imp-develop/build/lib:2;:1\', \'__LMOD_REF_COUNT_PKG_CONFIG_PATH\': \'/usr/lib64/openmpi/lib/pkgconfig:1\', \'_ModuleTable004_\': \'aGFyZS9tb2R1bGVmaWxlcy9tcGkvb3Blbm1waS14ODZfNjQiLApmdWxsTmFtZSA9ICJtcGkvb3Blbm1waS14ODZfNjQiLApsb2FkT3JkZXIgPSAyLApwcm9wVCA9IHt9LApzdGFja0RlcHRoID0gMCwKc3RhdHVzID0gImFjdGl2ZSIsCnVzZXJOYW1lID0gIm1waS9vcGVubXBpLXg4Nl82NCIsCndWID0gIipvcGVubXBpLip4LjAwMDAwMDA4Ni4qXy4wMDAwMDAwNjQuKnpmaW5hbCIsCn0sCm9wZW5jdiA9IHsKZm4gPSAiL3NhbGlsYWIvZGl2YTEvaG9tZS9tb2R1bGVzL29wZW5jdi80LjMuMCIsCmZ1bGxOYW1lID0gIm9wZW5jdi80LjMuMCIsCmxvYWRPcmRlciA9IDYsCnByb3BUID0ge30sCnN0YWNrRGVwdGggPSAxLApzdGF0dXMgPSAiYWN0aXZlIiwKdXNlck5hbWUgPSAib3Bl\', \'__LMOD_REF_COUNT_PYTHONPATH\': \'/salilab/diva1/programs/x86_64linux/scikit-py36-0.21.3/lib64/python3.6/site-packages:1;/salilab/diva1/programs/linux/joblib-0.17.0/lib/python3.6/site-packages:1;/salilab/diva1/programs/x86_64linux/scipy-py36-1.3.2/lib64/python3.6/site-packages:1;/salilab/diva1/programs/x86_64linux/numpy-py36-1.19.5/lib64/python3.6/site-packages:1;/salilab/diva1/home/imp/main/20240607-af6f9d6a95/lib/release8:1;/salilab/diva1/programs/x86_64linux/opencv-4.3.0/lib/python3.6/site-packages:1;/wynton/group/sali/miha_rozic/Software/imp-develop/build/lib:2;:1\', \'which_declare\': \'declare -f\', \'NHOSTS\': \'1\', \'SGE_O_WORKDIR\': \'/wynton/group/sali/miha_rozic/Input_information/SNAPSHOTS/central_directory/snapshot3_0min/run14\', \'USER\': \'rozicmiha\', \'SGE_TASK_ID\': \'undefined\', \'__LMOD_REF_COUNT_CMAKE_LIBRARY_PATH\': \'/salilab/diva1/programs/x86_64linux/opencv-4.3.0/lib64:1;/salilab/diva1/programs/x86_64linux/hdf5-1.10.7/lib:1;/salilab/diva1/programs/x86_64linux/libtau-py27-1.0.1/lib64:1;/salilab/diva1/programs/x86_64linux/boost-1.73.0/lib64:1\', \'SGE_TASK_FIRST\': \'undefined\', \'NSLOTS\': \'16\', \'__LMOD_REF_COUNT_MODULEPATH\': \'/salilab/diva1/home/modules:1;/etc/modulefiles:1;/usr/share/modulefiles:1;/usr/share/modulefiles/Linux:1;/usr/share/modulefiles/Core:1;/usr/share/lmod/lmod/modulefiles/Core:1\', \'PWD\': \'/wynton/group/sali/miha_rozic/Input_information/SNAPSHOTS/central_directory/snapshot3_0min/run14\', \'HOME\': \'/wynton/home/sali/rozicmiha\', \'NQUEUES\': \'1\', \'TMP\': \'/scratch/709015.1.member.q\', \'PE\': \'smp\', \'SGE_O_HOME\': \'/wynton/home/sali/rozicmiha\', \'LMOD_VERSION\': \'8.7.32\', \'JOB_NAME\': \'test1\', \'BASH_ENV\': \'/usr/share/lmod/lmod/init/bash\', \'MPI_FORTRAN_MOD_DIR\': \'/usr/lib64/gfortran/modules/openmpi\', \'SGE_TASK_LAST\': \'undefined\', \'MKL_NUM_THREADS\': \'1\', \'MPI_COMPILER\': \'openmpi-x86_64\', \'SGE_ACCOUNT\': \'sge\', \'SGE_ROOT\': \'/opt/sge\', \'MPI_SUFFIX\': \'_openmpi\', \'TMPDIR\': \'/scratch/709015.1.member.q\', \'RESTARTED\': \'0\', \'LMOD_sys\': \'Linux\', \'_ModuleTable001_\': \'X01vZHVsZVRhYmxlXyA9IHsKTVR2ZXJzaW9uID0gMywKY19yZWJ1aWxkVGltZSA9IGZhbHNlLApjX3Nob3J0VGltZSA9IGZhbHNlLApkZXB0aFQgPSB7fSwKZmFtaWx5ID0ge30sCm1UID0gewpTYWxpID0gewpmbiA9ICIvZXRjL21vZHVsZWZpbGVzL1NhbGkubHVhIiwKZnVsbE5hbWUgPSAiU2FsaSIsCmxvYWRPcmRlciA9IDEsCnByb3BUID0ge30sCnN0YWNrRGVwdGggPSAwLApzdGF0dXMgPSAiYWN0aXZlIiwKdXNlck5hbWUgPSAiU2FsaSIsCndWID0gIk0uKnpmaW5hbCIsCn0sCmJvb3N0ID0gewpmbiA9ICIvc2FsaWxhYi9kaXZhMS9ob21lL21vZHVsZXMvYm9vc3QvMS43My4wIiwKZnVsbE5hbWUgPSAiYm9vc3QvMS43My4wIiwKbG9hZE9yZGVyID0gMywKcHJvcFQgPSB7\', \'LOADEDMODULES\': \'Sali:mpi/openmpi-x86_64:boost/1.73.0:libtau/1.0.1:hdf5/1.10.7:opencv/4.3.0:imp/2.21.0:sali-libraries:python3/numpy/1.19.5:python3/scipy/1.3.2:python3/joblib/0.17.0:python3/scikit/0.21.3\', \'SGE_O_PATH\': \'/salilab/diva1/programs/x86_64linux/numpy-py36-1.19.5/bin:/salilab/diva1/home/imp/main/20240607-af6f9d6a95/bin/release8:/salilab/diva1/programs/x86_64linux/opencv-4.3.0/bin:/salilab/diva1/programs/x86_64linux/hdf5-1.10.7/bin:/wynton/home/sali/rozicmiha/.local/bin:/wynton/home/sali/rozicmiha/bin:/wynton/group/sali/miha_rozic/Software/imp-develop/build/bin:/wynton/group/sali/miha_rozic/Software/imp-develop/build/module_bin/EMageFit:/wynton/group/sali/miha_rozic/Software/imp-develop/build/module_bin/algebra:/wynton/group/sali/miha_rozic/Software/imp-develop/build/module_bin/atom:/wynton/group/sali/miha_rozic/Software/imp-develop/build/module_bin/benchmark:/wynton/group/sali/miha_rozic/Software/imp-develop/build/module_bin/cgal:/wynton/group/sali/miha_rozic/Software/imp-develop/build/module_bin/cnmultifit:/wynton/group/sali/miha_rozic/Software/imp-develop/build/module_bin/container:/wynton/group/sali/miha_rozic/Software/imp-develop/build/module_bin/core:/wynton/group/sali/miha_rozic/Software/imp-develop/build/module_bin/display:/wynton/group/sali/miha_rozic/Software/imp-develop/build/module_bin/domino:/wynton/group/sali/miha_rozic/Software/imp-develop/build/module_bin/em:/wynton/group/sali/miha_rozic/Software/imp-develop/build/module_bin/em2d:/wynton/group/sali/miha_rozic/Software/imp-develop/build/module_bin/example:/wynton/group/sali/miha_rozic/Software/imp-develop/build/module_bin/foxs:/wynton/group/sali/miha_rozic/Software/imp-develop/build/module_bin/gsl:/wynton/group/sali/miha_rozic/Software/imp-develop/build/module_bin/integrative_docking:/wynton/group/sali/miha_rozic/Software/imp-develop/build/module_bin/isd:/wynton/group/sali/miha_rozic/Software/imp-develop/build/module_bin/kernel:/wynton/group/sali/miha_rozic/Software/imp-develop/build/module_bin/kinematics:/wynton/group/sali/miha_rozic/Software/imp-develop/build/module_bin/kmeans:/wynton/group/sali/miha_rozic/Software/imp-develop/build/module_bin/misc:/wynton/group/sali/miha_rozic/Software/imp-develop/build/module_bin/mmcif:/wynton/group/sali/miha_rozic/Software/imp-develop/build/module_bin/modeller:/wynton/group/sali/miha_rozic/Software/imp-develop/build/module_bin/mpi:/wynton/group/sali/miha_rozic/Software/imp-develop/build/module_bin/multi_state:/wynton/group/sali/miha_rozic/Software/imp-develop/build/module_bin/multifit:/wynton/group/sali/miha_rozic/Software/imp-develop/build/module_bin/npc:/wynton/group/sali/miha_rozic/Software/imp-develop/build/module_bin/npcassembly:/wynton/group/sali/miha_rozic/Software/imp-develop/build/module_bin/parallel:/wynton/group/sali/miha_rozic/Software/imp-develop/build/module_bin/pepdock:/wynton/group/sali/miha_rozic/Software/imp-develop/build/module_bin/pmi:/wynton/group/sali/miha_rozic/Software/imp-develop/build/module_bin/rmf:/wynton/group/sali/miha_rozic/Software/imp-develop/build/module_bin/rotamer:/wynton/group/sali/miha_rozic/Software/imp-develop/build/module_bin/saxs:/wynton/group/sali/miha_rozic/Software/imp-develop/build/module_bin/saxs_merge:/wynton/group/sali/miha_rozic/Software/imp-develop/build/module_bin/score_functor:/wynton/group/sali/miha_rozic/Software/imp-develop/build/module_bin/scratch:/wynton/group/sali/miha_rozic/Software/imp-develop/build/module_bin/spb:/wynton/group/sali/miha_rozic/Software/imp-develop/build/module_bin/statistics:/wynton/group/sali/miha_rozic/Software/imp-develop/build/module_bin/symmetry:/wynton/group/sali/miha_rozic/Software/imp-develop/build/module_bin/test:/opt/sge/bin:/opt/sge/bin/lx-amd64:/usr/local/bin:/usr/bin:/usr/local/sbin:/usr/sbin\', \'SGE_O_SHELL\': \'/bin/bash\', \'_ModuleTable006_\': \'bWUgPSAicHl0aG9uMy9udW1weS8xLjE5LjUiLApsb2FkT3JkZXIgPSA5LApwcm9wVCA9IHt9LApzdGFja0RlcHRoID0gMiwKc3RhdHVzID0gImFjdGl2ZSIsCnVzZXJOYW1lID0gInB5dGhvbjMvbnVtcHkvMS4xOS41IiwKd1YgPSAiMDAwMDAwMDAxLjAwMDAwMDAxOS4wMDAwMDAwMDUuKnpmaW5hbCIsCn0sClsicHl0aG9uMy9zY2lraXQiXSA9IHsKZm4gPSAiL3NhbGlsYWIvZGl2YTEvaG9tZS9tb2R1bGVzL3B5dGhvbjMvc2Npa2l0LzAuMjEuMyIsCmZ1bGxOYW1lID0gInB5dGhvbjMvc2Npa2l0LzAuMjEuMyIsCmxvYWRPcmRlciA9IDEyLApwcm9wVCA9IHt9LApzdGFja0RlcHRoID0gMCwKc3RhdHVzID0gImFjdGl2ZSIsCnVzZXJOYW1lID0gInB5dGhvbjMvc2Npa2l0LzAu\', \'__LMOD_REF_COUNT_MANPATH\': \':2;/usr/share/man/openmpi-x86_64:1;/opt/sge/man:1;/usr/share/lmod/lmod/share/man:1\', \'MPI_INCLUDE\': \'/usr/include/openmpi-x86_64\', \'_ModuleTable003_\': \'YW1lID0gImltcC8yLjIxLjAiLApsb2FkT3JkZXIgPSA3LApwcm9wVCA9IHt9LApzdGFja0RlcHRoID0gMCwKc3RhdHVzID0gImFjdGl2ZSIsCnVzZXJOYW1lID0gImltcCIsCndWID0gIl4wMDAwMDAwMi4wMDAwMDAwMjEuKnpmaW5hbCIsCn0sCmxpYnRhdSA9IHsKZm4gPSAiL3NhbGlsYWIvZGl2YTEvaG9tZS9tb2R1bGVzL2xpYnRhdS8xLjAuMSIsCmZ1bGxOYW1lID0gImxpYnRhdS8xLjAuMSIsCmxvYWRPcmRlciA9IDQsCnByb3BUID0ge30sCnN0YWNrRGVwdGggPSAxLApzdGF0dXMgPSAiYWN0aXZlIiwKdXNlck5hbWUgPSAibGlidGF1LzEuMC4xIiwKd1YgPSAiMDAwMDAwMDAxLjAwMDAwMDAwMC4wMDAwMDAwMDEuKnpmaW5hbCIsCn0sCm1waSA9IHsKZm4gPSAiL3Vzci9z\', \'LMOD_ROOT\': \'/usr/share/lmod\', \'SYSTEMCTL_SKIP_REDIRECT\': \'\', \'MAIL\': \'/var/spool/mail/rozicmiha\', \'SGE_CWD_PATH\': \'/wynton/group/sali/miha_rozic/Input_information/SNAPSHOTS/central_directory/snapshot3_0min/run14\', \'MPI_HOME\': \'/usr/lib64/openmpi\', \'_ModuleTable009_\': \'L3NoYXJlL21vZHVsZWZpbGVzOi91c3Ivc2hhcmUvbW9kdWxlZmlsZXMvTGludXg6L3Vzci9zaGFyZS9tb2R1bGVmaWxlcy9Db3JlOi91c3Ivc2hhcmUvbG1vZC9sbW9kL21vZHVsZWZpbGVzL0NvcmUiLAp9Cg==\', \'SGE_TASK_STEPSIZE\': \'undefined\', \'SHELL\': \'/bin/bash\', \'TERM\': \'\', \'_ModuleTable_Sz_\': \'9\', \'SGE_JOB_SPOOL_DIR\': \'/var/spool/sge/wynton/qb3-id61/active_jobs/709015.1\', \'JOB_ID\': \'709015\', \'IMP_EXAMPLE_DATA\': \'/wynton/group/sali/miha_rozic/Software/imp-develop/build/doc/examples\', \'R_FUTURE_AVAILABLECORES_FALLBACK\': \'1\', \'JOB_SCRIPT\': \'/var/spool/sge/wynton/qb3-id61/job_scripts/709015\', \'SHLVL\': \'2\', \'SGE_O_LOGNAME\': \'rozicmiha\', \'SGE_O_MAIL\': \'/var/spool/mail/rozicmiha\', \'PYTHONPATH\': \'/salilab/diva1/programs/x86_64linux/scikit-py36-0.21.3/lib64/python3.6/site-packages:/salilab/diva1/programs/linux/joblib-0.17.0/lib/python3.6/site-packages:/salilab/diva1/programs/x86_64linux/scipy-py36-1.3.2/lib64/python3.6/site-packages:/salilab/diva1/programs/x86_64linux/numpy-py36-1.19.5/lib64/python3.6/site-packages:/salilab/diva1/home/imp/main/20240607-af6f9d6a95/lib/release8:/salilab/diva1/programs/x86_64linux/opencv-4.3.0/lib/python3.6/site-packages:/wynton/group/sali/miha_rozic/Software/imp-develop/build/lib::\', \'MANPATH\': \':/usr/share/man/openmpi-x86_64:/opt/sge/man:/usr/share/lmod/lmod/share/man\', \'MODULEPATH\': \'/salilab/diva1/home/modules:/etc/modulefiles:/usr/share/modulefiles:/usr/share/modulefiles/Linux:/usr/share/modulefiles/Core:/usr/share/lmod/lmod/modulefiles/Core\', \'MPI_SYSCONFIG\': \'/etc/openmpi-x86_64\', \'LOGNAME\': \'rozicmiha\', \'SYSTEMCTL_IGNORE_DEPENDENCIES\': \'\', \'MODULEPATH_ROOT\': \'/usr/share/modulefiles\', \'PATH\': \'/salilab/diva1/programs/x86_64linux/numpy-py36-1.19.5/bin:/salilab/diva1/home/imp/main/20240607-af6f9d6a95/bin/release8:/salilab/diva1/programs/x86_64linux/opencv-4.3.0/bin:/salilab/diva1/programs/x86_64linux/hdf5-1.10.7/bin:/usr/lib64/openmpi/bin:/wynton/home/sali/rozicmiha/.local/bin:/wynton/home/sali/rozicmiha/bin:/wynton/group/sali/miha_rozic/Software/imp-develop/build/bin:/wynton/group/sali/miha_rozic/Software/imp-develop/build/module_bin/EMageFit:/wynton/group/sali/miha_rozic/Software/imp-develop/build/module_bin/algebra:/wynton/group/sali/miha_rozic/Software/imp-develop/build/module_bin/atom:/wynton/group/sali/miha_rozic/Software/imp-develop/build/module_bin/benchmark:/wynton/group/sali/miha_rozic/Software/imp-develop/build/module_bin/cgal:/wynton/group/sali/miha_rozic/Software/imp-develop/build/module_bin/cnmultifit:/wynton/group/sali/miha_rozic/Software/imp-develop/build/module_bin/container:/wynton/group/sali/miha_rozic/Software/imp-develop/build/module_bin/core:/wynton/group/sali/miha_rozic/Software/imp-develop/build/module_bin/display:/wynton/group/sali/miha_rozic/Software/imp-develop/build/module_bin/domino:/wynton/group/sali/miha_rozic/Software/imp-develop/build/module_bin/em:/wynton/group/sali/miha_rozic/Software/imp-develop/build/module_bin/em2d:/wynton/group/sali/miha_rozic/Software/imp-develop/build/module_bin/example:/wynton/group/sali/miha_rozic/Software/imp-develop/build/module_bin/foxs:/wynton/group/sali/miha_rozic/Software/imp-develop/build/module_bin/gsl:/wynton/group/sali/miha_rozic/Software/imp-develop/build/module_bin/integrative_docking:/wynton/group/sali/miha_rozic/Software/imp-develop/build/module_bin/isd:/wynton/group/sali/miha_rozic/Software/imp-develop/build/module_bin/kernel:/wynton/group/sali/miha_rozic/Software/imp-develop/build/module_bin/kinematics:/wynton/group/sali/miha_rozic/Software/imp-develop/build/module_bin/kmeans:/wynton/group/sali/miha_rozic/Software/imp-develop/build/module_bin/misc:/wynton/group/sali/miha_rozic/Software/imp-develop/build/module_bin/mmcif:/wynton/group/sali/miha_rozic/Software/imp-develop/build/module_bin/modeller:/wynton/group/sali/miha_rozic/Software/imp-develop/build/module_bin/mpi:/wynton/group/sali/miha_rozic/Software/imp-develop/build/module_bin/multi_state:/wynton/group/sali/miha_rozic/Software/imp-develop/build/module_bin/multifit:/wynton/group/sali/miha_rozic/Software/imp-develop/build/module_bin/npc:/wynton/group/sali/miha_rozic/Software/imp-develop/build/module_bin/npcassembly:/wynton/group/sali/miha_rozic/Software/imp-develop/build/module_bin/parallel:/wynton/group/sali/miha_rozic/Software/imp-develop/build/module_bin/pepdock:/wynton/group/sali/miha_rozic/Software/imp-develop/build/module_bin/pmi:/wynton/group/sali/miha_rozic/Software/imp-develop/build/module_bin/rmf:/wynton/group/sali/miha_rozic/Software/imp-develop/build/module_bin/rotamer:/wynton/group/sali/miha_rozic/Software/imp-develop/build/module_bin/saxs:/wynton/group/sali/miha_rozic/Software/imp-develop/build/module_bin/saxs_merge:/wynton/group/sali/miha_rozic/Software/imp-develop/build/module_bin/score_functor:/wynton/group/sali/miha_rozic/Software/imp-develop/build/module_bin/scratch:/wynton/group/sali/miha_rozic/Software/imp-develop/build/module_bin/spb:/wynton/group/sali/miha_rozic/Software/imp-develop/build/module_bin/statistics:/wynton/group/sali/miha_rozic/Software/imp-develop/build/module_bin/symmetry:/wynton/group/sali/miha_rozic/Software/imp-develop/build/module_bin/test:/opt/sge/bin:/opt/sge/bin/lx-amd64:/scratch/709015.1.member.q:/usr/local/bin:/bin:/usr/bin:/usr/local/sbin:/usr/sbin\', \'MPI_BIN\': \'/usr/lib64/openmpi/bin\', \'SGE_STDERR_PATH\': \'/wynton/group/sali/miha_rozic/Input_information/SNAPSHOTS/central_directory/snapshot3_0min/run14/test1.o709015\', \'_LMFILES_\': \'/etc/modulefiles/Sali.lua:/usr/share/modulefiles/mpi/openmpi-x86_64:/salilab/diva1/home/modules/boost/1.73.0:/salilab/diva1/home/modules/libtau/1.0.1:/salilab/diva1/home/modules/hdf5/1.10.7:/salilab/diva1/home/modules/opencv/4.3.0:/salilab/diva1/home/modules/imp/2.21.0:/salilab/diva1/home/modules/sali-libraries:/salilab/diva1/home/modules/python3/numpy/1.19.5:/salilab/diva1/home/modules/python3/scipy/1.3.2:/salilab/diva1/home/modules/python3/joblib/0.17.0:/salilab/diva1/home/modules/python3/scikit/0.21.3\', \'DEBUGINFOD_URLS\': \'https://debuginfod.centos.org/ \', \'MODULESHOME\': \'/usr/share/lmod/lmod\', \'PKG_CONFIG_PATH\': \'/usr/lib64/openmpi/lib/pkgconfig\', \'LMOD_SETTARG_FULL_SUPPORT\': \'no\', \'HISTSIZE\': \'1000\', \'SGE_ARCH\': \'lx-amd64\', \'LMOD_PKG\': \'/usr/share/lmod/lmod\', \'CMAKE_LIBRARY_PATH\': \'/salilab/diva1/programs/x86_64linux/opencv-4.3.0/lib64:/salilab/diva1/programs/x86_64linux/hdf5-1.10.7/lib:/salilab/diva1/programs/x86_64linux/libtau-py27-1.0.1/lib64:/salilab/diva1/programs/x86_64linux/boost-1.73.0/lib64\', \'ARC\': \'lx-amd64\', \'MPI_LIB\': \'/usr/lib64/openmpi/lib\', \'SGE_BINARY_PATH\': \'/opt/sge/bin/lx-amd64\', \'SGE_STDOUT_PATH\': \'/wynton/group/sali/miha_rozic/Input_information/SNAPSHOTS/central_directory/snapshot3_0min/run14/test1.o709015\', \'_ModuleTable005_\': \'bmN2LzQuMy4wIiwKd1YgPSAiMDAwMDAwMDA0LjAwMDAwMDAwMy4qemZpbmFsIiwKfSwKWyJweXRob24zL2pvYmxpYiJdID0gewpmbiA9ICIvc2FsaWxhYi9kaXZhMS9ob21lL21vZHVsZXMvcHl0aG9uMy9qb2JsaWIvMC4xNy4wIiwKZnVsbE5hbWUgPSAicHl0aG9uMy9qb2JsaWIvMC4xNy4wIiwKbG9hZE9yZGVyID0gMTEsCnByb3BUID0ge30sCnN0YWNrRGVwdGggPSAxLApzdGF0dXMgPSAiYWN0aXZlIiwKdXNlck5hbWUgPSAicHl0aG9uMy9qb2JsaWIiLAp3ViA9ICIwMDAwMDAwMDAuMDAwMDAwMDE3Lip6ZmluYWwiLAp9LApbInB5dGhvbjMvbnVtcHkiXSA9IHsKZm4gPSAiL3NhbGlsYWIvZGl2YTEvaG9tZS9tb2R1bGVzL3B5dGhvbjMvbnVtcHkvMS4xOS41IiwKZnVsbE5h\', \'LMOD_CMD\': \'/usr/share/lmod/lmod/libexec/lmod\', \'REQNAME\': \'test1\', \'IMP_BIN_DIR\': \'/wynton/group/sali/miha_rozic/Software/imp-develop/build/bin\', \'MPI_MAN\': \'/usr/share/man/openmpi-x86_64\', \'LESSOPEN\': \'||/usr/bin/lesspipe.sh %s\', \'OMP_NUM_THREADS\': \'1\', \'SGE_CLUSTER_NAME\': \'wynton_cluster\', \'LMOD_DIR\': \'/usr/share/lmod/lmod/libexec\', \'BASH_FUNC_which%%\': \'() {  ( alias;\\n eval ${which_declare} ) | /usr/bin/which --tty-only --read-alias --read-functions --show-tilde --show-dot $@\\n}\', \'BASH_FUNC_module%%\': \'() {  if [ -z "${LMOD_SH_DBG_ON+x}" ]; then\\n case "$-" in \\n *v*x*)\\n __lmod_sh_dbg=\\\'vx\\\'\\n ;;\\n *v*)\\n __lmod_sh_dbg=\\\'v\\\'\\n ;;\\n *x*)\\n __lmod_sh_dbg=\\\'x\\\'\\n ;;\\n esac;\\n fi;\\n if [ -n "${__lmod_sh_dbg:-}" ]; then\\n set +$__lmod_sh_dbg;\\n echo "Shell debugging temporarily silenced: export LMOD_SH_DBG_ON=1 for Lmod\\\'s output" 1>&2;\\n fi;\\n eval "$($LMOD_CMD shell "$@")" && eval "$(${LMOD_SETTARG_CMD:-:} -s sh)";\\n __lmod_my_status=$?;\\n if [ -n "${__lmod_sh_dbg:-}" ]; then\\n echo "Shell debugging restarted" 1>&2;\\n set -$__lmod_sh_dbg;\\n fi;\\n unset __lmod_sh_dbg;\\n return $__lmod_my_status\\n}\', \'BASH_FUNC_ml%%\': \'() {  eval "$($LMOD_DIR/ml_cmd "$@")"\\n}\', \'_\': \'/usr/lib64/openmpi/bin/mpirun\', \'IPATH_NO_BACKTRACE\': \'1\', \'HFI_NO_BACKTRACE\': \'1\', \'OMPI_MCA_orte_local_daemon_uri\': \'3941072896.0;tcp://172.26.38.61:40915\', \'OMPI_MCA_orte_hnp_uri\': \'3941072896.0;tcp://172.26.38.61:40915\', \'OMPI_MCA_mpi_oversubscribe\': \'0\', \'OMPI_MCA_orte_app_num\': \'0\', \'OMPI_UNIVERSE_SIZE\': \'16\', \'OMPI_MCA_orte_num_nodes\': \'1\', \'OMPI_MCA_shmem_RUNTIME_QUERY_hint\': \'mmap\', \'OMPI_MCA_orte_bound_at_launch\': \'1\', \'OMPI_MCA_ess\': \'^singleton\', \'OMPI_MCA_orte_ess_num_procs\': \'16\', \'OMPI_COMM_WORLD_SIZE\': \'16\', \'OMPI_COMM_WORLD_LOCAL_SIZE\': \'16\', \'OMPI_MCA_orte_tmpdir_base\': \'/scratch/709015.1.member.q\', \'OMPI_MCA_orte_top_session_dir\': \'/scratch/709015.1.member.q/ompi.qb3-id61.11149\', \'OMPI_MCA_orte_jobfam_session_dir\': \'/scratch/709015.1.member.q/ompi.qb3-id61.11149/pid.3261050\', \'OMPI_NUM_APP_CTX\': \'1\', \'OMPI_FIRST_RANKS\': \'0\', \'OMPI_APP_CTX_NUM_PROCS\': \'16\', \'OMPI_MCA_initial_wdir\': \'/wynton/group/sali/miha_rozic/Input_information/SNAPSHOTS/central_directory/snapshot3_0min/run14\', \'OMPI_MCA_orte_launch\': \'1\', \'PMIX_NAMESPACE\': \'3941072897\', \'PMIX_RANK\': \'6\', \'PMIX_SERVER_URI2\': \'3941072896.0;tcp4://127.0.0.1:34113\', \'PMIX_SERVER_URI21\': \'3941072896.0;tcp4://127.0.0.1:34113\', \'PMIX_SECURITY_MODE\': \'native,none\', \'PMIX_PTL_MODULE\': \'tcp,usock\', \'PMIX_BFROP_BUFFER_TYPE\': \'PMIX_BFROP_BUFFER_NON_DESC\', \'PMIX_GDS_MODULE\': \'ds21,ds12,hash\', \'PMIX_SERVER_TMPDIR\': \'/scratch/709015.1.member.q/ompi.qb3-id61.11149/pid.3261050\', \'PMIX_SYSTEM_TMPDIR\': \'/scratch/709015.1.member.q\', \'PMIX_DSTORE_21_BASE_PATH\': \'/scratch/709015.1.member.q/ompi.qb3-id61.11149/pid.3261050/pmix_dstor_ds21_3261050\', \'PMIX_DSTORE_ESH_BASE_PATH\': \'/scratch/709015.1.member.q/ompi.qb3-id61.11149/pid.3261050/pmix_dstor_ds12_3261050\', \'OMPI_MCA_ess_base_jobid\': \'3941072897\', \'OMPI_MCA_ess_base_vpid\': \'6\', \'OMPI_COMM_WORLD_RANK\': \'6\', \'OMPI_COMM_WORLD_LOCAL_RANK\': \'6\', \'OMPI_COMM_WORLD_NODE_RANK\': \'6\', \'OMPI_MCA_orte_ess_node_rank\': \'6\', \'PMIX_ID\': \'3941072897.6\', \'OMPI_FILE_LOCATION\': \'/scratch/709015.1.member.q/ompi.qb3-id61.11149/pid.3261050/0/0\', \'KMP_DUPLICATE_LIB_OK\': \'True\', \'KMP_INIT_AT_FORK\': \'FALSE\'})', 'STAT2HEADER_IMP_VERSIONS': "{'IMP_VERSION': '2.21.0', 'PMI_VERSION': '2.21.0'}", 0: 'ReplicaExchange_SwapSuccessRatio', 1: 'ReplicaExchange_MinTempFrequency', 2: 'ReplicaExchange_MaxTempFrequency', 3: 'ReplicaExchange_CurrentTemp', 4: 'score'} 
{0: '0', 1: '0', 2: '0', 3: '1.4426999059072143', 4: inf} 
{0: '0.0', 1: '0.0', 2: '0.0', 3: '1.4426999059072143', 4: inf} 
{0: '0.0', 1: '0.0', 2: '0.0', 3: '1.4426999059072143', 4: inf} 
{0: '0.0', 1: '0.0', 2: '0.0', 3: '1.4426999059072143', 4: inf} 
{0: '0.0', 1: '0.0', 2: '0.0', 3: '1.4426999059072143', 4: inf} 
{0: '0.0', 1: '0.0', 2: '0.0', 3: '1.4426999059072143', 4: inf} 
{0: '0.0', 1: '0.0', 2: '0.0', 3: '1.4426999059072143', 4: inf} 
{0: '0.0', 1: '0.0', 2: '0.0', 3: '1.4426999059072143', 4: inf} 
{0: '0.0', 1: '0.0', 2: '0.0', 3: '1.4426999059072143', 4: inf} 
{0: '0.0', 1: '0.0', 2: '0.0', 3: '1.4426999059072143', 4: inf} 
{0: '0.0', 1: '0.0', 2: '0.0', 3: '1.4426999059072143', 4: inf} 
{0: '0.0', 1: '0.0', 2: '0.0', 3: '1.4426999059072143', 4: inf} 
{0: '0.0', 1: '0.0', 2: '0.0', 3: '1.4426999059072143', 4: inf} 
{0: '0.0', 1: '0.0', 2: '0.0', 3: '1.4426999059072143', 4: inf} 
{0: '0.0', 1: '0.0', 2: '0.0', 3: '1.4426999059072143', 4: inf} 
{0: '0.0', 1: '0.0', 2: '0.0', 3: '1.4426999059072143', 4: inf} 
{0: '0.0', 1: '0.0', 2: '0.0', 3: '1.4426999059072143', 4: inf} 
{0: '0.0', 1: '0.0', 2: '0.0', 3: '1.4426999059072143', 4: inf} 
{0: '0.0', 1: '0.0', 2: '0.0', 3: '1.4426999059072143', 4: inf} 
{0: '0.0', 1: '0.0', 2: '0.0', 3: '1.4426999059072143', 4: inf} 
{0: '0.0', 1: '0.0', 2: '0.0', 3: '1.4426999059072143', 4: inf} 
{0: '0.0', 1: '0.0', 2: '0.0', 3: '1.4426999059072143', 4: inf} 
{0: '0.0', 1: '0.0', 2: '0.0', 3: '1.4426999059072143', 4: inf} 
{0: '0.0', 1: '0.0', 2: '0.0', 3: '1.4426999059072143', 4: inf} 
{0: '0.0', 1: '0.0', 2: '0.0', 3: '1.4426999059072143', 4: inf} 
{0: '0.0', 1: '0.0', 2: '0.0', 3: '1.4426999059072143', 4: 12660.279235755586} 
{0: '0.0', 1: '0.0', 2: '0.0', 3: '1.4426999059072143', 4: 1515.0328369112945} 
{0: '0.037037037037037035', 1: '0.0', 2: '0.0', 3: '1.5335761201812925', 4: 920.0862399604437} 
{0: '0.07142857142857142', 1: '0.0', 2: '0.0', 3: '1.6301766616608926', 4: 786.7983740880445} 
{0: '0.10344827586206896', 1: '0.0', 2: '0.0', 3: '1.7328621078878674', 4: 694.5436945099775} 
{0: '0.13333333333333333', 1: '0.0', 2: '0.0', 3: '1.842015749320195', 4: 665.9099348654357} 
{0: '0.16129032258064516', 1: '0.0', 2: '0.0', 3: '1.958045020027179', 4: 676.445690263525} 
{0: '0.1875', 1: '0.0', 2: '0.0', 3: '2.081383018504685', 4: 616.7192392714865} 
{0: '0.21212121212121213', 1: '0.0', 2: '0.0', 3: '2.212490124287102', 4: 565.4015831960985} 
{0: '0.23529411764705882', 1: '0.0', 2: '0.0', 3: '2.351855716390306', 4: 571.7376534446142} 
{0: '0.2571428571428571', 1: '0.0', 2: '0.0', 3: '2.500000000000003', 4: 531.1128162041971} 
{0: '0.25', 1: '0.0', 2: '0.0', 3: '2.500000000000003', 4: 478.82341504219823} 
{0: '0.2702702702702703', 1: '0.0', 2: '0.0', 3: '2.351855716390306', 4: 464.8926572096357} 
{0: '0.2894736842105263', 1: '0.0', 2: '0.0', 3: '2.212490124287102', 4: 437.50972633690225} 
{0: '0.3076923076923077', 1: '0.0', 2: '0.0', 3: '2.081383018504685', 4: 423.4992853147842} 
{0: '0.325', 1: '0.0', 2: '0.0', 3: '1.958045020027179', 4: 417.4906517754024} 
{0: '0.34146341463414637', 1: '0.0', 2: '0.0', 3: '1.842015749320195', 4: 431.5108870829997} 
{0: '0.35714285714285715', 1: '0.0', 2: '0.0', 3: '1.7328621078878674', 4: 421.72060163026595} 
{0: '0.3488372093023256', 1: '0.0', 2: '0.0', 3: '1.7328621078878674', 4: 416.96403309849717} 
{0: '0.36363636363636365', 1: '0.0', 2: '0.0', 3: '1.842015749320195', 4: 413.37707914024725} 
{0: '0.37777777777777777', 1: '0.0', 2: '0.0', 3: '1.958045020027179', 4: 414.09069872680567} 
{0: '0.391304347826087', 1: '0.0', 2: '0.0', 3: '2.081383018504685', 4: 426.35783444393866} 
{0: '0.40425531914893614', 1: '0.0', 2: '0.0', 3: '2.212490124287102', 4: 424.6258001697349} 
{0: '0.4166666666666667', 1: '0.0', 2: '0.0', 3: '2.351855716390306', 4: 419.3897033344155} 
{0: '0.40816326530612246', 1: '0.0', 2: '0.0', 3: '2.351855716390306', 4: 414.05529606758637} 
{0: '0.42', 1: '0.0', 2: '0.0', 3: '2.212490124287102', 4: 402.59837652246114} 
{0: '0.43137254901960786', 1: '0.0', 2: '0.0', 3: '2.081383018504685', 4: 411.0350822891247} 
{0: '0.4423076923076923', 1: '0.0', 2: '0.0', 3: '1.958045020027179', 4: 440.0601017689696} 
{0: '0.4339622641509434', 1: '0.0', 2: '0.0', 3: '1.958045020027179', 4: 404.125340331483} 
{0: '0.42592592592592593', 1: '0.0', 2: '0.0', 3: '1.958045020027179', 4: 409.39571557845306} 
{0: '0.43636363636363634', 1: '0.0', 2: '0.0', 3: '1.842015749320195', 4: 415.5781477014061} 
{0: '0.44642857142857145', 1: '0.0', 2: '0.0', 3: '1.7328621078878674', 4: 405.53110397493333} 
{0: '0.45614035087719296', 1: '0.0', 2: '0.0', 3: '1.6301766616608926', 4: 408.63367917984766} 
{0: '0.46551724137931033', 1: '0.0', 2: '0.0', 3: '1.5335761201812925', 4: 411.36565327583236} 
{0: '0.4576271186440678', 1: '0.0', 2: '0.0', 3: '1.5335761201812925', 4: 408.2902063983196} 
{0: '0.4666666666666667', 1: '0.0', 2: '0.0', 3: '1.6301766616608926', 4: 419.006498038712} 
{0: '0.47540983606557374', 1: '0.0', 2: '0.0', 3: '1.7328621078878674', 4: 407.89157515786553} 
{0: '0.4838709677419355', 1: '0.0', 2: '0.0', 3: '1.842015749320195', 4: 402.32027556922293} 
{0: '0.49206349206349204', 1: '0.0', 2: '0.0', 3: '1.958045020027179', 4: 409.6350464096952} 
{0: '0.484375', 1: '0.0', 2: '0.0', 3: '1.958045020027179', 4: 428.77693778164627} 
{0: '0.47692307692307695', 1: '0.0', 2: '0.0', 3: '1.958045020027179', 4: 442.99357559915927} 
{0: '0.48484848484848486', 1: '0.0', 2: '0.0', 3: '2.081383018504685', 4: 409.04806759218684} 
{0: '0.4925373134328358', 1: '0.0', 2: '0.0', 3: '2.212490124287102', 4: 436.12932478128835} 
{0: '0.5', 1: '0.0', 2: '0.0', 3: '2.351855716390306', 4: 414.80983889858715} 
{0: '0.4927536231884058', 1: '0.0', 2: '0.0', 3: '2.351855716390306', 4: 417.33159278450904} 
{0: '0.5', 1: '0.0', 2: '0.0', 3: '2.212490124287102', 4: 424.8961635855177} 
{0: '0.5070422535211268', 1: '0.0', 2: '0.0', 3: '2.081383018504685', 4: 410.64753839275807} 
{0: '0.5138888888888888', 1: '0.0', 2: '0.0', 3: '1.958045020027179', 4: 412.55853205740885} 
{0: '0.5205479452054794', 1: '0.0', 2: '0.0', 3: '1.842015749320195', 4: 415.5813840384107} 
{0: '0.5135135135135135', 1: '0.0', 2: '0.0', 3: '1.842015749320195', 4: 425.30066432226715} 
{0: '0.52', 1: '0.0', 2: '0.0', 3: '1.958045020027179', 4: 421.2007704426804} 
{0: '0.5263157894736842', 1: '0.0', 2: '0.0', 3: '2.081383018504685', 4: 430.4904374696767} 
{0: '0.5324675324675324', 1: '0.0', 2: '0.0', 3: '2.212490124287102', 4: 415.2766519652104} 
{0: '0.5384615384615384', 1: '0.0', 2: '0.0', 3: '2.351855716390306', 4: 420.2275880430346} 
{0: '0.5443037974683544', 1: '0.0', 2: '0.0', 3: '2.500000000000003', 4: 453.8015747503479} 
{0: '0.5375', 1: '0.0', 2: '0.0', 3: '2.500000000000003', 4: 406.4367224687212} 
{0: '0.5432098765432098', 1: '0.0', 2: '0.0', 3: '2.351855716390306', 4: 393.0311939263537} 
{0: '0.5487804878048781', 1: '0.0', 2: '0.0', 3: '2.212490124287102', 4: 397.91947802407054} 
{0: '0.5542168674698795', 1: '0.0', 2: '0.0', 3: '2.081383018504685', 4: 390.19107949983965} 
{0: '0.5595238095238095', 1: '0.0', 2: '0.0', 3: '1.958045020027179', 4: 375.0642153666146} 
{0: '0.5647058823529412', 1: '0.0', 2: '0.0', 3: '1.842015749320195', 4: 376.4474599041433} 
{0: '0.5697674418604651', 1: '0.0', 2: '0.0', 3: '1.7328621078878674', 4: 382.82510110418764} 
{0: '0.5632183908045977', 1: '0.0', 2: '0.0', 3: '1.7328621078878674', 4: 372.60771491524724} 
{0: '0.5681818181818182', 1: '0.0', 2: '0.0', 3: '1.842015749320195', 4: 379.68886133622084} 
{0: '0.5730337078651685', 1: '0.0', 2: '0.0', 3: '1.958045020027179', 4: 377.717808274758} 
{0: '0.5666666666666667', 1: '0.0', 2: '0.0', 3: '1.958045020027179', 4: 389.73033280675173} 
{0: '0.5714285714285714', 1: '0.0', 2: '0.0', 3: '1.842015749320195', 4: 387.2340699120108} 
{0: '0.5760869565217391', 1: '0.0', 2: '0.0', 3: '1.7328621078878674', 4: 355.02747850404796} 
{0: '0.5806451612903226', 1: '0.0', 2: '0.0', 3: '1.6301766616608926', 4: 350.28836165072505} 
{0: '0.5851063829787234', 1: '0.0', 2: '0.0', 3: '1.5335761201812925', 4: 350.6426210907609} 
{0: '0.5894736842105263', 1: '0.0', 2: '0.0', 3: '1.4426999059072143', 4: 351.7353598538353} 
{0: '0.59375', 1: '0.0', 2: '0.0', 3: '1.3572088082974538', 4: 345.42391478422786} 
{0: '0.5979381443298969', 1: '0.0', 2: '0.0', 3: '1.2767837176518553', 4: 357.4126728595948} 
{0: '0.5918367346938775', 1: '0.0', 2: '0.0', 3: '1.2767837176518553', 4: 346.0467991131457} 
{0: '0.5959595959595959', 1: '0.0', 2: '0.0', 3: '1.3572088082974538', 4: 345.8728718992211} 
{0: '0.6', 1: '0.0', 2: '0.0', 3: '1.4426999059072143', 4: 343.42248858943873} 
{0: '0.594059405940594', 1: '0.0', 2: '0.0', 3: '1.4426999059072143', 4: 352.99897917925716} 
{0: '0.5980392156862745', 1: '0.0', 2: '0.0', 3: '1.3572088082974538', 4: 359.750323816874} 
{0: '0.6019417475728155', 1: '0.0', 2: '0.0', 3: '1.2767837176518553', 4: 352.2765523045711} 
{0: '0.6057692307692307', 1: '0.0', 2: '0.0', 3: '1.2011244339814315', 4: 351.08590816976863} 
{0: '0.6095238095238096', 1: '0.0', 2: '0.0', 3: '1.1299485464621188', 4: 348.1856699484356} 
{0: '0.6132075471698113', 1: '0.0', 2: '0.0', 3: '1.0629903792895394', 4: 341.91429070541926} 
{0: '0.6074766355140186', 1: '0.0', 2: '0.0', 3: '1.0629903792895394', 4: 343.94895459654884} 
{0: '0.6111111111111112', 1: '0.0', 2: '0.0', 3: '1.1299485464621188', 4: 348.9153894241591} 
{0: '0.6146788990825688', 1: '0.0', 2: '0.0', 3: '1.2011244339814315', 4: 348.3581716625652} 
{0: '0.6181818181818182', 1: '0.0', 2: '0.0', 3: '1.2767837176518553', 4: 341.9513929310453} 
{0: '0.6216216216216216', 1: '0.0', 2: '0.0', 3: '1.3572088082974538', 4: 351.2642442511617} 
{0: '0.6160714285714286', 1: '0.0', 2: '0.0', 3: '1.3572088082974538', 4: 347.70430776992146} 
{0: '0.6194690265486725', 1: '0.0', 2: '0.0', 3: '1.2767837176518553', 4: 350.9484249870701} 
{0: '0.6228070175438597', 1: '0.0', 2: '0.0', 3: '1.2011244339814315', 4: 348.21715208770644} 
{0: '0.6260869565217392', 1: '0.0', 2: '0.0', 3: '1.1299485464621188', 4: 346.4447180751164} 
{0: '0.6206896551724138', 1: '0.0', 2: '0.0', 3: '1.1299485464621188', 4: 347.35410335318045} 
{0: '0.6239316239316239', 1: '0.0', 2: '0.0', 3: '1.2011244339814315', 4: 345.4792369822847} 
{0: '0.6271186440677966', 1: '0.0', 2: '0.0', 3: '1.2767837176518553', 4: 345.3157869232139} 
{0: '0.6218487394957983', 1: '0.0', 2: '0.0', 3: '1.2767837176518553', 4: 352.9527057765502} 
{0: '0.625', 1: '0.0', 2: '0.0', 3: '1.2011244339814315', 4: 345.94401368379533} 
{0: '0.628099173553719', 1: '0.0', 2: '0.0', 3: '1.1299485464621188', 4: 348.21880322946976} 
{0: '0.6229508196721312', 1: '0.0', 2: '0.0', 3: '1.1299485464621188', 4: 347.71415209288836} 
{0: '0.6178861788617886', 1: '0.0', 2: '0.0', 3: '1.1299485464621188', 4: 352.84390374272846} 
{0: '0.6129032258064516', 1: '0.0', 2: '0.0', 3: '1.1299485464621188', 4: 343.0297891868495} 
{0: '0.616', 1: '0.0', 2: '0.0', 3: '1.2011244339814315', 4: 350.2049044767492} 
{0: '0.6190476190476191', 1: '0.0', 2: '0.0', 3: '1.2767837176518553', 4: 358.3757097274908} 
{0: '0.6220472440944882', 1: '0.0', 2: '0.0', 3: '1.3572088082974538', 4: 353.0357298771591} 
{0: '0.6171875', 1: '0.0', 2: '0.0', 3: '1.3572088082974538', 4: 353.0155611140638} 
{0: '0.6201550387596899', 1: '0.0', 2: '0.0', 3: '1.2767837176518553', 4: 354.9876696150196} 
{0: '0.6230769230769231', 1: '0.0', 2: '0.0', 3: '1.2011244339814315', 4: 348.8180228964887} 
{0: '0.6259541984732825', 1: '0.0', 2: '0.0', 3: '1.1299485464621188', 4: 351.4241817190144} 
{0: '0.6212121212121212', 1: '0.0', 2: '0.0', 3: '1.1299485464621188', 4: 345.2078019975868} 
{0: '0.6240601503759399', 1: '0.0', 2: '0.0', 3: '1.2011244339814315', 4: 348.53395755818394} 
{0: '0.6194029850746269', 1: '0.0', 2: '0.0', 3: '1.2011244339814315', 4: 350.4308388225661} 
{0: '0.6222222222222222', 1: '0.0', 2: '0.0', 3: '1.1299485464621188', 4: 349.96460624315273} 
{0: '0.6176470588235294', 1: '0.0', 2: '0.0', 3: '1.1299485464621188', 4: 347.02922675487855} 
{0: '0.6204379562043796', 1: '0.0', 2: '0.0', 3: '1.2011244339814315', 4: 342.7400619776938} 
{0: '0.6231884057971014', 1: '0.0', 2: '0.0', 3: '1.2767837176518553', 4: 345.6446940487497} 
{0: '0.6258992805755396', 1: '0.0', 2: '0.0', 3: '1.3572088082974538', 4: 351.4586237063679} 
{0: '0.6285714285714286', 1: '0.0', 2: '0.0', 3: '1.4426999059072143', 4: 355.2744735905444} 
{0: '0.624113475177305', 1: '0.0', 2: '0.0', 3: '1.4426999059072143', 4: 352.85806239426165} 
{0: '0.6267605633802817', 1: '0.0', 2: '0.0', 3: '1.3572088082974538', 4: 347.12915720712755} 
{0: '0.6293706293706294', 1: '0.0', 2: '0.0', 3: '1.2767837176518553', 4: 345.71144429515596} 
{0: '0.6319444444444444', 1: '0.0', 2: '0.0', 3: '1.2011244339814315', 4: 351.936637029483} 
{0: '0.6275862068965518', 1: '0.0', 2: '0.0', 3: '1.2011244339814315', 4: 346.6591075456898} 
{0: '0.6232876712328768', 1: '0.0', 2: '0.0', 3: '1.2011244339814315', 4: 350.2918913841885} 
{0: '0.6258503401360545', 1: '0.0', 2: '0.0', 3: '1.1299485464621188', 4: 346.16174996979487} 
{0: '0.6216216216216216', 1: '0.0', 2: '0.0', 3: '1.1299485464621188', 4: 346.6507453958511} 
{0: '0.6174496644295302', 1: '0.0', 2: '0.0', 3: '1.1299485464621188', 4: 349.49258315456524} 
{0: '0.6133333333333333', 1: '0.0', 2: '0.0', 3: '1.1299485464621188', 4: 347.4645344017581} 
{0: '0.6158940397350994', 1: '0.0', 2: '0.0', 3: '1.2011244339814315', 4: 350.80166575100907} 
{0: '0.618421052631579', 1: '0.0', 2: '0.0', 3: '1.2767837176518553', 4: 352.071218624288} 
{0: '0.6143790849673203', 1: '0.0', 2: '0.0', 3: '1.2767837176518553', 4: 344.5180129208679} 
{0: '0.6168831168831169', 1: '0.0', 2: '0.0', 3: '1.2011244339814315', 4: 353.7180895220967} 
{0: '0.6193548387096774', 1: '0.0', 2: '0.0', 3: '1.1299485464621188', 4: 348.39170259584273} 
{0: '0.6153846153846154', 1: '0.0', 2: '0.0', 3: '1.1299485464621188', 4: 349.09518021795634} 
{0: '0.6178343949044586', 1: '0.0', 2: '0.0', 3: '1.2011244339814315', 4: 345.0653004908463} 
{0: '0.620253164556962', 1: '0.0', 2: '0.0', 3: '1.2767837176518553', 4: 350.50808703761794} 
{0: '0.6163522012578616', 1: '0.0', 2: '0.0', 3: '1.2767837176518553', 4: 349.4243140043231} 
{0: '0.61875', 1: '0.0', 2: '0.0', 3: '1.2011244339814315', 4: 347.804906860184} 
{0: '0.6211180124223602', 1: '0.0', 2: '0.0', 3: '1.1299485464621188', 4: 349.89281523916776} 
{0: '0.6172839506172839', 1: '0.0', 2: '0.0', 3: '1.1299485464621188', 4: 351.5382273480098} 
{0: '0.6196319018404908', 1: '0.0', 2: '0.0', 3: '1.2011244339814315', 4: 353.6166452984377} 
{0: '0.6219512195121951', 1: '0.0', 2: '0.0', 3: '1.2767837176518553', 4: 352.03110741317664} 
{0: '0.6242424242424243', 1: '0.0', 2: '0.0', 3: '1.3572088082974538', 4: 350.16307147864177} 
{0: '0.6204819277108434', 1: '0.0', 2: '0.0', 3: '1.3572088082974538', 4: 355.81528232835797} 
{0: '0.6227544910179641', 1: '0.0', 2: '0.0', 3: '1.2767837176518553', 4: 347.37611340391084} 
{0: '0.625', 1: '0.0', 2: '0.0', 3: '1.2011244339814315', 4: 352.7452475189793} 
{0: '0.6272189349112426', 1: '0.0', 2: '0.0', 3: '1.1299485464621188', 4: 343.83085133126315} 
{0: '0.6235294117647059', 1: '0.0', 2: '0.0', 3: '1.1299485464621188', 4: 344.99454679693446} 
{0: '0.6257309941520468', 1: '0.0', 2: '0.0', 3: '1.2011244339814315', 4: 354.97517732611203} 
{0: '0.622093023255814', 1: '0.0', 2: '0.0', 3: '1.2011244339814315', 4: 352.40588890238155} 
{0: '0.6242774566473989', 1: '0.0', 2: '0.0', 3: '1.1299485464621188', 4: 351.54787070843093} 
{0: '0.6264367816091954', 1: '0.0', 2: '0.0', 3: '1.0629903792895394', 4: 346.7248991174038} 
{0: '0.6228571428571429', 1: '0.0', 2: '0.0', 3: '1.0629903792895394', 4: 355.026463228098} 
{0: '0.625', 1: '0.0', 2: '0.0', 3: '1.1299485464621188', 4: 354.6858807005138} 
{0: '0.6271186440677966', 1: '0.0', 2: '0.0', 3: '1.2011244339814315', 4: 355.7021328997799} 
{0: '0.6292134831460674', 1: '0.0', 2: '0.0', 3: '1.2767837176518553', 4: 346.0594527857843} 
{0: '0.6312849162011173', 1: '0.0', 2: '0.0', 3: '1.3572088082974538', 4: 347.2543443776648} 
{0: '0.6333333333333333', 1: '0.0', 2: '0.0', 3: '1.4426999059072143', 4: 350.11597444162874} 
{0: '0.6353591160220995', 1: '0.0', 2: '0.0', 3: '1.5335761201812925', 4: 347.96596697373377} 
{0: '0.6373626373626373', 1: '0.0', 2: '0.0', 3: '1.6301766616608926', 4: 344.4968907725575} 
{0: '0.6338797814207651', 1: '0.0', 2: '0.0', 3: '1.6301766616608926', 4: 351.24044507914357} 
{0: '0.6358695652173914', 1: '0.0', 2: '0.0', 3: '1.5335761201812925', 4: 360.8540836985363} 
{0: '0.6378378378378379', 1: '0.0', 2: '0.0', 3: '1.4426999059072143', 4: 347.24260113214115} 
{0: '0.6397849462365591', 1: '0.0', 2: '0.0', 3: '1.3572088082974538', 4: 350.5577407659416} 
{0: '0.6417112299465241', 1: '0.0', 2: '0.0', 3: '1.2767837176518553', 4: 350.83475504751016} 
{0: '0.6436170212765957', 1: '0.0', 2: '0.0', 3: '1.2011244339814315', 4: 356.6754015152589} 
{0: '0.6455026455026455', 1: '0.0', 2: '0.0', 3: '1.1299485464621188', 4: 348.59045238099804} 
{0: '0.6421052631578947', 1: '0.0', 2: '0.0', 3: '1.1299485464621188', 4: 345.37649590878436} 
{0: '0.6387434554973822', 1: '0.0', 2: '0.0', 3: '1.1299485464621188', 4: 347.3699732437983} 
{0: '0.6354166666666666', 1: '0.0', 2: '0.0', 3: '1.1299485464621188', 4: 343.2957166064555} 
{0: '0.6373056994818653', 1: '0.0', 2: '0.0', 3: '1.2011244339814315', 4: 346.42216405675333} 
{0: '0.6391752577319587', 1: '0.0', 2: '0.0', 3: '1.2767837176518553', 4: 350.71952448994716} 
{0: '0.6358974358974359', 1: '0.0', 2: '0.0', 3: '1.2767837176518553', 4: 357.68598511839383} 
{0: '0.6377551020408163', 1: '0.0', 2: '0.0', 3: '1.2011244339814315', 4: 338.8227956210992} 
{0: '0.6395939086294417', 1: '0.0', 2: '0.0', 3: '1.1299485464621188', 4: 349.82984081485586} 
{0: '0.6414141414141414', 1: '0.0', 2: '0.0', 3: '1.0629903792895394', 4: 342.4912878147309} 
{0: '0.6381909547738693', 1: '0.0', 2: '0.0', 3: '1.0629903792895394', 4: 348.9065133299841} 
{0: '0.64', 1: '0.0', 2: '0.0', 3: '1.1299485464621188', 4: 351.2890803049239} 
{0: '0.6417910447761194', 1: '0.0', 2: '0.0', 3: '1.2011244339814315', 4: 342.22193200702316} 
{0: '0.6435643564356436', 1: '0.0', 2: '0.0', 3: '1.2767837176518553', 4: 347.0826973808242} 
{0: '0.645320197044335', 1: '0.0', 2: '0.0', 3: '1.3572088082974538', 4: 344.9690928035702} 
{0: '0.6470588235294118', 1: '0.0', 2: '0.0', 3: '1.4426999059072143', 4: 349.1763046784888} 
{0: '0.6439024390243903', 1: '0.0', 2: '0.0', 3: '1.4426999059072143', 4: 342.9871252166234} 
{0: '0.6456310679611651', 1: '0.0', 2: '0.0', 3: '1.3572088082974538', 4: 343.1206290337089} 
{0: '0.6473429951690821', 1: '0.0', 2: '0.0', 3: '1.2767837176518553', 4: 343.39624156373003} 
{0: '0.6490384615384616', 1: '0.0', 2: '0.0', 3: '1.2011244339814315', 4: 346.32172011312434} 
{0: '0.6507177033492823', 1: '0.0', 2: '0.0', 3: '1.1299485464621188', 4: 341.17103061118854} 
{0: '0.6476190476190476', 1: '0.0', 2: '0.0', 3: '1.1299485464621188', 4: 343.840966987163} 
{0: '0.6492890995260664', 1: '0.0', 2: '0.0', 3: '1.2011244339814315', 4: 347.0832208275194} 
{0: '0.6509433962264151', 1: '0.0', 2: '0.0', 3: '1.2767837176518553', 4: 351.0673375750995} 
{0: '0.647887323943662', 1: '0.0', 2: '0.0', 3: '1.2767837176518553', 4: 346.73578691149896} 
{0: '0.6495327102803738', 1: '0.0', 2: '0.0', 3: '1.2011244339814315', 4: 350.163559866271} 
{0: '0.6511627906976745', 1: '0.0', 2: '0.0', 3: '1.1299485464621188', 4: 357.80390042562755} 
{0: '0.6481481481481481', 1: '0.0', 2: '0.0', 3: '1.1299485464621188', 4: 350.9538446185601} 
{0: '0.6497695852534562', 1: '0.0', 2: '0.0', 3: '1.2011244339814315', 4: 360.0754825201788} 
{0: '0.6513761467889908', 1: '0.0', 2: '0.0', 3: '1.2767837176518553', 4: 352.901563025311} 
{0: '0.6529680365296804', 1: '0.0', 2: '0.0', 3: '1.3572088082974538', 4: 346.57263368864074} 
{0: '0.65', 1: '0.0', 2: '0.0', 3: '1.3572088082974538', 4: 348.1715961485479} 
{0: '0.6515837104072398', 1: '0.0', 2: '0.0', 3: '1.2767837176518553', 4: 354.29901594815925} 
{0: '0.6531531531531531', 1: '0.0', 2: '0.0', 3: '1.2011244339814315', 4: 355.2473620982206} 
{0: '0.6502242152466368', 1: '0.0', 2: '0.0', 3: '1.2011244339814315', 4: 348.9318783212439} 
{0: '0.6517857142857143', 1: '0.0', 2: '0.0', 3: '1.2767837176518553', 4: 346.756410330715} 
{0: '0.6488888888888888', 1: '0.0', 2: '0.0', 3: '1.2767837176518553', 4: 349.2560369403378} 
{0: '0.6504424778761062', 1: '0.0', 2: '0.0', 3: '1.2011244339814315', 4: 351.6771032465909} 
{0: '0.6519823788546255', 1: '0.0', 2: '0.0', 3: '1.1299485464621188', 4: 352.66320757055854} 
{0: '0.6491228070175439', 1: '0.0', 2: '0.0', 3: '1.1299485464621188', 4: 347.95001482412454} 
{0: '0.6506550218340611', 1: '0.0', 2: '0.0', 3: '1.2011244339814315', 4: 346.87282695299274} 
{0: '0.6521739130434783', 1: '0.0', 2: '0.0', 3: '1.2767837176518553', 4: 348.10708244757217} 
{0: '0.6493506493506493', 1: '0.0', 2: '0.0', 3: '1.2767837176518553', 4: 349.18772344080213} 
{0: '0.6508620689655172', 1: '0.0', 2: '0.0', 3: '1.2011244339814315', 4: 353.1030374978727} 
{0: '0.648068669527897', 1: '0.0', 2: '0.0', 3: '1.2011244339814315', 4: 349.6803011797164} 
{0: '0.6495726495726496', 1: '0.0', 2: '0.0', 3: '1.2767837176518553', 4: 352.5862472723368} 
{0: '0.6468085106382979', 1: '0.0', 2: '0.0', 3: '1.2767837176518553', 4: 361.3064516740136} 
{0: '0.6483050847457628', 1: '0.0', 2: '0.0', 3: '1.2011244339814315', 4: 356.6838072810138} 
{0: '0.6455696202531646', 1: '0.0', 2: '0.0', 3: '1.2011244339814315', 4: 358.09067083594664} 
{0: '0.6470588235294118', 1: '0.0', 2: '0.0', 3: '1.2767837176518553', 4: 345.10744431064154} 
{0: '0.6443514644351465', 1: '0.0', 2: '0.0', 3: '1.2767837176518553', 4: 365.39091227470925} 
{0: '0.6458333333333334', 1: '0.0', 2: '0.0', 3: '1.2011244339814315', 4: 355.8512278065631} 
{0: '0.6473029045643154', 1: '0.0', 2: '0.0', 3: '1.1299485464621188', 4: 343.16430139872773} 
{0: '0.6446280991735537', 1: '0.0', 2: '0.0', 3: '1.1299485464621188', 4: 344.5179058574181} 
{0: '0.6460905349794238', 1: '0.0', 2: '0.0', 3: '1.2011244339814315', 4: 349.4390623677283} 
{0: '0.6475409836065574', 1: '0.0', 2: '0.0', 3: '1.2767837176518553', 4: 341.6537214295343} 
{0: '0.6448979591836734', 1: '0.0', 2: '0.0', 3: '1.2767837176518553', 4: 350.10664718176986} 
{0: '0.6463414634146342', 1: '0.0', 2: '0.0', 3: '1.2011244339814315', 4: 348.24225799080943} 
{0: '0.6477732793522267', 1: '0.0', 2: '0.0', 3: '1.1299485464621188', 4: 349.75550011204984} 
{0: '0.6451612903225806', 1: '0.0', 2: '0.0', 3: '1.1299485464621188', 4: 356.12481586888083} 
{0: '0.6465863453815262', 1: '0.0', 2: '0.0', 3: '1.2011244339814315', 4: 357.1864331522384} 
{0: '0.648', 1: '0.0', 2: '0.0', 3: '1.2767837176518553', 4: 355.19388056919513} 
{0: '0.649402390438247', 1: '0.0', 2: '0.0', 3: '1.3572088082974538', 4: 353.37291483734543} 
{0: '0.6468253968253969', 1: '0.0', 2: '0.0', 3: '1.3572088082974538', 4: 356.48347930110737} 
{0: '0.6482213438735178', 1: '0.0', 2: '0.0', 3: '1.2767837176518553', 4: 347.2886173386787} 
{0: '0.6496062992125984', 1: '0.0', 2: '0.0', 3: '1.2011244339814315', 4: 350.0261799367442} 
{0: '0.6509803921568628', 1: '0.0', 2: '0.0', 3: '1.1299485464621188', 4: 347.8055238171049} 
{0: '0.6484375', 1: '0.0', 2: '0.0', 3: '1.1299485464621188', 4: 342.11201493302815} 
{0: '0.6498054474708171', 1: '0.0', 2: '0.0', 3: '1.2011244339814315', 4: 344.6424226697393} 
{0: '0.6511627906976745', 1: '0.0', 2: '0.0', 3: '1.2767837176518553', 4: 351.5823763131205} 
{0: '0.6525096525096525', 1: '0.0', 2: '0.0', 3: '1.3572088082974538', 4: 345.71714278399884} 
{0: '0.6538461538461539', 1: '0.0', 2: '0.0', 3: '1.4426999059072143', 4: 366.5030312167664} 
{0: '0.6551724137931034', 1: '0.0', 2: '0.0', 3: '1.5335761201812925', 4: 353.37216965945646} 
{0: '0.6526717557251909', 1: '0.0', 2: '0.0', 3: '1.5335761201812925', 4: 352.1420750401688} 
{0: '0.6539923954372624', 1: '0.0', 2: '0.0', 3: '1.4426999059072143', 4: 361.22839141747664} 
{0: '0.6553030303030303', 1: '0.0', 2: '0.0', 3: '1.3572088082974538', 4: 354.30418544091145} 
{0: '0.6566037735849056', 1: '0.0', 2: '0.0', 3: '1.2767837176518553', 4: 350.89864259981067} 
{0: '0.6578947368421053', 1: '0.0', 2: '0.0', 3: '1.2011244339814315', 4: 353.67704310290424} 
{0: '0.6554307116104869', 1: '0.0', 2: '0.0', 3: '1.2011244339814315', 4: 346.77878719447983} 
{0: '0.6529850746268657', 1: '0.0', 2: '0.0', 3: '1.2011244339814315', 4: 345.3140357069648} 
{0: '0.654275092936803', 1: '0.0', 2: '0.0', 3: '1.1299485464621188', 4: 341.490276455894} 
{0: '0.6518518518518519', 1: '0.0', 2: '0.0', 3: '1.1299485464621188', 4: 342.3720301746397} 
{0: '0.6531365313653137', 1: '0.0', 2: '0.0', 3: '1.2011244339814315', 4: 346.90605794484463} 
{0: '0.6544117647058824', 1: '0.0', 2: '0.0', 3: '1.2767837176518553', 4: 353.7257341355584} 
{0: '0.6556776556776557', 1: '0.0', 2: '0.0', 3: '1.3572088082974538', 4: 349.3735994899281} 
{0: '0.656934306569343', 1: '0.0', 2: '0.0', 3: '1.4426999059072143', 4: 352.4603280735204} 
{0: '0.6545454545454545', 1: '0.0', 2: '0.0', 3: '1.4426999059072143', 4: 352.653553414205} 
{0: '0.6557971014492754', 1: '0.0', 2: '0.0', 3: '1.3572088082974538', 4: 344.29328209021344} 
{0: '0.6570397111913358', 1: '0.0', 2: '0.0', 3: '1.2767837176518553', 4: 343.983431976897} 
{0: '0.658273381294964', 1: '0.0', 2: '0.0', 3: '1.2011244339814315', 4: 355.1891916956082} 
{0: '0.6559139784946236', 1: '0.0', 2: '0.0', 3: '1.2011244339814315', 4: 349.2036680298736} 
{0: '0.6571428571428571', 1: '0.0', 2: '0.0', 3: '1.2767837176518553', 4: 342.2727625355244} 
{0: '0.6583629893238434', 1: '0.0', 2: '0.0', 3: '1.3572088082974538', 4: 354.0711870372893} 
{0: '0.6560283687943262', 1: '0.0', 2: '0.0', 3: '1.3572088082974538', 4: 350.63298715092196} 
{0: '0.657243816254417', 1: '0.0', 2: '0.0', 3: '1.2767837176518553', 4: 349.2972331342202} 
{0: '0.6549295774647887', 1: '0.0', 2: '0.0', 3: '1.2767837176518553', 4: 347.2246451425944} 
{0: '0.656140350877193', 1: '0.0', 2: '0.0', 3: '1.3572088082974538', 4: 357.6619140958999} 
{0: '0.6573426573426573', 1: '0.0', 2: '0.0', 3: '1.4426999059072143', 4: 356.1455508849209} 
{0: '0.6585365853658537', 1: '0.0', 2: '0.0', 3: '1.5335761201812925', 4: 347.47599458408416} 
{0: '0.6597222222222222', 1: '0.0', 2: '0.0', 3: '1.6301766616608926', 4: 347.1277360838814} 
{0: '0.6608996539792388', 1: '0.0', 2: '0.0', 3: '1.7328621078878674', 4: 360.8196184311412} 
{0: '0.6620689655172414', 1: '0.0', 2: '0.0', 3: '1.842015749320195', 4: 360.799858087694} 
{0: '0.6632302405498282', 1: '0.0', 2: '0.0', 3: '1.958045020027179', 4: 355.481516227775} 
{0: '0.6643835616438356', 1: '0.0', 2: '0.0', 3: '2.081383018504685', 4: 349.6532398426522} 
{0: '0.6621160409556314', 1: '0.0', 2: '0.0', 3: '2.081383018504685', 4: 382.11745054281823} 
{0: '0.6632653061224489', 1: '0.0', 2: '0.0', 3: '1.958045020027179', 4: 349.97125347695425} 
{0: '0.6644067796610169', 1: '0.0', 2: '0.0', 3: '1.842015749320195', 4: 356.8367002088826} 
{0: '0.6655405405405406', 1: '0.0', 2: '0.0', 3: '1.7328621078878674', 4: 355.2273878788792} 
{0: '0.6666666666666666', 1: '0.0', 2: '0.0', 3: '1.6301766616608926', 4: 356.6452701827308} 
{0: '0.6677852348993288', 1: '0.0', 2: '0.0', 3: '1.5335761201812925', 4: 358.63501928828555} 
{0: '0.6688963210702341', 1: '0.0', 2: '0.0', 3: '1.4426999059072143', 4: 352.3430695098928} 
{0: '0.67', 1: '0.0', 2: '0.0', 3: '1.3572088082974538', 4: 352.0860146735638} 
{0: '0.6710963455149501', 1: '0.0', 2: '0.0', 3: '1.2767837176518553', 4: 350.38723502717096} 
{0: '0.6721854304635762', 1: '0.0', 2: '0.0', 3: '1.2011244339814315', 4: 351.7235221172791} 
{0: '0.6732673267326733', 1: '0.0', 2: '0.0', 3: '1.1299485464621188', 4: 348.1753166316952} 
{0: '0.6743421052631579', 1: '0.0', 2: '0.0', 3: '1.0629903792895394', 4: 349.6791990982211} 
{0: '0.6721311475409836', 1: '0.0', 2: '0.0', 3: '1.0629903792895394', 4: 349.58367608677366} 
{0: '0.673202614379085', 1: '0.0', 2: '0.0', 3: '1.1299485464621188', 4: 350.74918696255327} 
{0: '0.6742671009771987', 1: '0.0', 2: '0.0', 3: '1.2011244339814315', 4: 358.8392737587182} 
{0: '0.6753246753246753', 1: '0.0', 2: '0.0', 3: '1.2767837176518553', 4: 351.5565319711431} 
{0: '0.6731391585760518', 1: '0.0', 2: '0.0', 3: '1.2767837176518553', 4: 359.22124182341315} 
{0: '0.6741935483870968', 1: '0.0', 2: '0.0', 3: '1.2011244339814315', 4: 344.1576448023586} 
{0: '0.6752411575562701', 1: '0.0', 2: '0.0', 3: '1.1299485464621188', 4: 349.6345432689487} 
{0: '0.6730769230769231', 1: '0.0', 2: '0.0', 3: '1.1299485464621188', 4: 347.9797532874344} 
{0: '0.6741214057507987', 1: '0.0', 2: '0.0', 3: '1.2011244339814315', 4: 348.71974346144475} 
{0: '0.6719745222929936', 1: '0.0', 2: '0.0', 3: '1.2011244339814315', 4: 352.37429499010113} 
{0: '0.6730158730158731', 1: '0.0', 2: '0.0', 3: '1.1299485464621188', 4: 352.7919671182596} 
{0: '0.6708860759493671', 1: '0.0', 2: '0.0', 3: '1.1299485464621188', 4: 360.8255420229645} 
{0: '0.6719242902208202', 1: '0.0', 2: '0.0', 3: '1.2011244339814315', 4: 346.8880647132552} 
{0: '0.6729559748427673', 1: '0.0', 2: '0.0', 3: '1.2767837176518553', 4: 347.7535376126316} 
{0: '0.6739811912225705', 1: '0.0', 2: '0.0', 3: '1.3572088082974538', 4: 348.19120069111693} 
{0: '0.675', 1: '0.0', 2: '0.0', 3: '1.4426999059072143', 4: 352.12773617746996} 
{0: '0.67601246105919', 1: '0.0', 2: '0.0', 3: '1.5335761201812925', 4: 352.15756990257125} 
{0: '0.6739130434782609', 1: '0.0', 2: '0.0', 3: '1.5335761201812925', 4: 353.483641136965} 
{0: '0.6749226006191951', 1: '0.0', 2: '0.0', 3: '1.4426999059072143', 4: 355.33713939698345} 
{0: '0.6759259259259259', 1: '0.0', 2: '0.0', 3: '1.3572088082974538', 4: 345.3856111475172} 
{0: '0.676923076923077', 1: '0.0', 2: '0.0', 3: '1.2767837176518553', 4: 354.13296796478164} 
{0: '0.6779141104294478', 1: '0.0', 2: '0.0', 3: '1.2011244339814315', 4: 349.7402187741864} 
{0: '0.6788990825688074', 1: '0.0', 2: '0.0', 3: '1.1299485464621188', 4: 354.3571550485643} 
{0: '0.676829268292683', 1: '0.0', 2: '0.0', 3: '1.1299485464621188', 4: 353.9467938459219} 
{0: '0.6778115501519757', 1: '0.0', 2: '0.0', 3: '1.2011244339814315', 4: 345.0879071060552} 
{0: '0.6787878787878788', 1: '0.0', 2: '0.0', 3: '1.2767837176518553', 4: 353.3296138642147} 
{0: '0.6797583081570997', 1: '0.0', 2: '0.0', 3: '1.3572088082974538', 4: 352.9897467732841} 
{0: '0.6807228915662651', 1: '0.0', 2: '0.0', 3: '1.4426999059072143', 4: 359.2496029492184} 
{0: '0.6786786786786787', 1: '0.0', 2: '0.0', 3: '1.4426999059072143', 4: 348.8903003777095} 
{0: '0.6796407185628742', 1: '0.0', 2: '0.0', 3: '1.3572088082974538', 4: 351.39985005095195} 
{0: '0.6805970149253732', 1: '0.0', 2: '0.0', 3: '1.2767837176518553', 4: 352.8910044245985} 
{0: '0.6815476190476191', 1: '0.0', 2: '0.0', 3: '1.2011244339814315', 4: 349.0658461944186} 
{0: '0.6824925816023739', 1: '0.0', 2: '0.0', 3: '1.1299485464621188', 4: 341.82960768536043} 
{0: '0.6804733727810651', 1: '0.0', 2: '0.0', 3: '1.1299485464621188', 4: 348.1863222699368} 
{0: '0.6814159292035398', 1: '0.0', 2: '0.0', 3: '1.2011244339814315', 4: 350.22878577252277} 
{0: '0.6823529411764706', 1: '0.0', 2: '0.0', 3: '1.2767837176518553', 4: 349.8004569056557} 
{0: '0.6832844574780058', 1: '0.0', 2: '0.0', 3: '1.3572088082974538', 4: 347.7103228946791} 
{0: '0.6842105263157895', 1: '0.0', 2: '0.0', 3: '1.4426999059072143', 4: 363.2951441342773} 
{0: '0.685131195335277', 1: '0.0', 2: '0.0', 3: '1.5335761201812925', 4: 351.88661830021675} 
{0: '0.686046511627907', 1: '0.0', 2: '0.0', 3: '1.6301766616608926', 4: 358.608950068975} 
{0: '0.6869565217391305', 1: '0.0', 2: '0.0', 3: '1.7328621078878674', 4: 359.8729513827395} 
{0: '0.6878612716763006', 1: '0.0', 2: '0.0', 3: '1.842015749320195', 4: 366.0036939681986} 
{0: '0.6858789625360231', 1: '0.0', 2: '0.0', 3: '1.842015749320195', 4: 350.57274077489365} 
{0: '0.6867816091954023', 1: '0.0', 2: '0.0', 3: '1.7328621078878674', 4: 357.0353131645511} 
{0: '0.6876790830945558', 1: '0.0', 2: '0.0', 3: '1.6301766616608926', 4: 354.59493665086234} 
{0: '0.6885714285714286', 1: '0.0', 2: '0.0', 3: '1.5335761201812925', 4: 353.083270876926} 
{0: '0.6866096866096866', 1: '0.0', 2: '0.0', 3: '1.5335761201812925', 4: 351.0720439114668} 
{0: '0.6875', 1: '0.0', 2: '0.0', 3: '1.6301766616608926', 4: 342.1045131826909} 
{0: '0.6855524079320113', 1: '0.0', 2: '0.0', 3: '1.6301766616608926', 4: 349.5968250483976} 
{0: '0.6864406779661016', 1: '0.0', 2: '0.0', 3: '1.5335761201812925', 4: 359.6526790797618} 
{0: '0.6873239436619718', 1: '0.0', 2: '0.0', 3: '1.4426999059072143', 4: 355.49415027115356} 
{0: '0.6882022471910112', 1: '0.0', 2: '0.0', 3: '1.3572088082974538', 4: 353.49981092997217} 
{0: '0.6862745098039216', 1: '0.0', 2: '0.0', 3: '1.3572088082974538', 4: 349.6659437037352} 
{0: '0.6871508379888268', 1: '0.0', 2: '0.0', 3: '1.4426999059072143', 4: 355.7449590150097} 
{0: '0.6880222841225627', 1: '0.0', 2: '0.0', 3: '1.5335761201812925', 4: 352.36718307591127} 
{0: '0.6861111111111111', 1: '0.0', 2: '0.0', 3: '1.5335761201812925', 4: 353.30891518116096} 
{0: '0.6869806094182825', 1: '0.0', 2: '0.0', 3: '1.4426999059072143', 4: 360.84398744241787} 
{0: '0.6878453038674033', 1: '0.0', 2: '0.0', 3: '1.3572088082974538', 4: 354.98076901666377} 
{0: '0.6887052341597796', 1: '0.0', 2: '0.0', 3: '1.2767837176518553', 4: 344.7724895568101} 
{0: '0.6895604395604396', 1: '0.0', 2: '0.0', 3: '1.2011244339814315', 4: 349.7271914187286} 
{0: '0.6904109589041096', 1: '0.0', 2: '0.0', 3: '1.1299485464621188', 4: 349.3159630067482} 
{0: '0.6912568306010929', 1: '0.0', 2: '0.0', 3: '1.0629903792895394', 4: 344.68675253388903} 
{0: '0.6893732970027248', 1: '0.0', 2: '0.0', 3: '1.0629903792895394', 4: 345.73616321186097} 
{0: '0.6902173913043478', 1: '0.0', 2: '0.0', 3: '1.1299485464621188', 4: 348.0959950876616} 
{0: '0.6910569105691057', 1: '0.0', 2: '0.0', 3: '1.2011244339814315', 4: 341.3233444286817} 
{0: '0.6891891891891891', 1: '0.0', 2: '0.0', 3: '1.2011244339814315', 4: 361.6979173457636} 
{0: '0.6873315363881402', 1: '0.0', 2: '0.0', 3: '1.2011244339814315', 4: 353.7082224451701} 
{0: '0.6881720430107527', 1: '0.0', 2: '0.0', 3: '1.2767837176518553', 4: 347.33719815809934} 
{0: '0.6863270777479893', 1: '0.0', 2: '0.0', 3: '1.2767837176518553', 4: 349.60407590937274} 
{0: '0.6871657754010695', 1: '0.0', 2: '0.0', 3: '1.2011244339814315', 4: 347.93140361557965} 
{0: '0.688', 1: '0.0', 2: '0.0', 3: '1.1299485464621188', 4: 345.7622218596573} 
{0: '0.6861702127659575', 1: '0.0', 2: '0.0', 3: '1.1299485464621188', 4: 351.35771392113315} 
{0: '0.6870026525198939', 1: '0.0', 2: '0.0', 3: '1.2011244339814315', 4: 354.4505521562751} 
{0: '0.6878306878306878', 1: '0.0', 2: '0.0', 3: '1.2767837176518553', 4: 342.3390139674906} 
{0: '0.6860158311345647', 1: '0.0', 2: '0.0', 3: '1.2767837176518553', 4: 356.40250369356704} 
{0: '0.6842105263157895', 1: '0.0', 2: '0.0', 3: '1.2767837176518553', 4: 342.7913005837068} 
{0: '0.6850393700787402', 1: '0.0', 2: '0.0', 3: '1.3572088082974538', 4: 362.6863157496398} 
{0: '0.6858638743455497', 1: '0.0', 2: '0.0', 3: '1.4426999059072143', 4: 355.6374227376009} 
{0: '0.6866840731070496', 1: '0.0', 2: '0.0', 3: '1.5335761201812925', 4: 351.49010998419163} 
{0: '0.6875', 1: '0.0', 2: '0.0', 3: '1.6301766616608926', 4: 368.8290877397283} 
{0: '0.6883116883116883', 1: '0.0', 2: '0.0', 3: '1.7328621078878674', 4: 368.89331634990265} 
{0: '0.689119170984456', 1: '0.0', 2: '0.0', 3: '1.842015749320195', 4: 353.95520334055766} 
{0: '0.689922480620155', 1: '0.0', 2: '0.0', 3: '1.958045020027179', 4: 362.0402639007881} 
{0: '0.6881443298969072', 1: '0.0', 2: '0.0', 3: '1.958045020027179', 4: 349.1756572768641} 
{0: '0.6889460154241646', 1: '0.0', 2: '0.0', 3: '1.842015749320195', 4: 368.4219277288162} 
{0: '0.6897435897435897', 1: '0.0', 2: '0.0', 3: '1.7328621078878674', 4: 354.84416690873627} 
{0: '0.690537084398977', 1: '0.0', 2: '0.0', 3: '1.6301766616608926', 4: 350.4040924394952} 
{0: '0.6913265306122449', 1: '0.0', 2: '0.0', 3: '1.5335761201812925', 4: 348.73832017017173} 
{0: '0.6921119592875318', 1: '0.0', 2: '0.0', 3: '1.4426999059072143', 4: 357.7443380352674} 
{0: '0.6928934010152284', 1: '0.0', 2: '0.0', 3: '1.3572088082974538', 4: 349.10617748238747} 
{0: '0.6936708860759494', 1: '0.0', 2: '0.0', 3: '1.2767837176518553', 4: 344.0207137205268} 
{0: '0.6944444444444444', 1: '0.0', 2: '0.0', 3: '1.2011244339814315', 4: 346.2893630733872} 
{0: '0.6952141057934509', 1: '0.0', 2: '0.0', 3: '1.1299485464621188', 4: 354.3164862353367} 
{0: '0.6934673366834171', 1: '0.0', 2: '0.0', 3: '1.1299485464621188', 4: 346.3780584504489} 
{0: '0.6942355889724311', 1: '0.0', 2: '0.0', 3: '1.2011244339814315', 4: 343.280839764376} 
{0: '0.695', 1: '0.0', 2: '0.0', 3: '1.2767837176518553', 4: 348.1683015275476} 
{0: '0.6932668329177057', 1: '0.0', 2: '0.0', 3: '1.2767837176518553', 4: 343.7256301026464} 
{0: '0.6940298507462687', 1: '0.0', 2: '0.0', 3: '1.2011244339814315', 4: 354.422977065794} 
{0: '0.6947890818858561', 1: '0.0', 2: '0.0', 3: '1.1299485464621188', 4: 359.85703113632695} 
{0: '0.693069306930693', 1: '0.0', 2: '0.0', 3: '1.1299485464621188', 4: 352.4960704898035} 
{0: '0.6938271604938272', 1: '0.0', 2: '0.0', 3: '1.2011244339814315', 4: 351.4688348302164} 
{0: '0.6945812807881774', 1: '0.0', 2: '0.0', 3: '1.2767837176518553', 4: 349.85608753168964} 
{0: '0.6953316953316954', 1: '0.0', 2: '0.0', 3: '1.3572088082974538', 4: 354.4002917082398} 
{0: '0.696078431372549', 1: '0.0', 2: '0.0', 3: '1.4426999059072143', 4: 351.3802054890563} 
{0: '0.6968215158924206', 1: '0.0', 2: '0.0', 3: '1.5335761201812925', 4: 346.5790150639858} 
{0: '0.697560975609756', 1: '0.0', 2: '0.0', 3: '1.6301766616608926', 4: 358.9732052275951} 
{0: '0.6982968369829684', 1: '0.0', 2: '0.0', 3: '1.7328621078878674', 4: 355.1952653153975} 
{0: '0.6990291262135923', 1: '0.0', 2: '0.0', 3: '1.842015749320195', 4: 362.0968101334653} 
{0: '0.6997578692493946', 1: '0.0', 2: '0.0', 3: '1.958045020027179', 4: 362.2673314342328} 
{0: '0.6980676328502415', 1: '0.0', 2: '0.0', 3: '1.958045020027179', 4: 360.82162589932386} 
{0: '0.6987951807228916', 1: '0.0', 2: '0.0', 3: '1.842015749320195', 4: 367.2303399592704} 
{0: '0.6995192307692307', 1: '0.0', 2: '0.0', 3: '1.7328621078878674', 4: 351.05730130019475} 
{0: '0.7002398081534772', 1: '0.0', 2: '0.0', 3: '1.6301766616608926', 4: 354.6193894076143} 
{0: '0.7009569377990431', 1: '0.0', 2: '0.0', 3: '1.5335761201812925', 4: 357.30592881826743} 
{0: '0.7016706443914081', 1: '0.0', 2: '0.0', 3: '1.4426999059072143', 4: 342.45013483830854} 
{0: '0.7023809523809523', 1: '0.0', 2: '0.0', 3: '1.3572088082974538', 4: 351.27734798082696} 
{0: '0.7030878859857482', 1: '0.0', 2: '0.0', 3: '1.2767837176518553', 4: 345.1103276382215} 
{0: '0.7037914691943128', 1: '0.0', 2: '0.0', 3: '1.2011244339814315', 4: 347.82233584933505} 
{0: '0.7021276595744681', 1: '0.0', 2: '0.0', 3: '1.2011244339814315', 4: 354.47620003778195} 
{0: '0.7028301886792453', 1: '0.0', 2: '0.0', 3: '1.2767837176518553', 4: 343.8749866427707} 
{0: '0.7035294117647058', 1: '0.0', 2: '0.0', 3: '1.3572088082974538', 4: 350.8839476578324} 
{0: '0.704225352112676', 1: '0.0', 2: '0.0', 3: '1.4426999059072143', 4: 351.4073419719545} 
{0: '0.7049180327868853', 1: '0.0', 2: '0.0', 3: '1.5335761201812925', 4: 350.53706864394354} 
{0: '0.705607476635514', 1: '0.0', 2: '0.0', 3: '1.6301766616608926', 4: 355.26706759810924} 
{0: '0.703962703962704', 1: '0.0', 2: '0.0', 3: '1.6301766616608926', 4: 364.76437398631066} 
{0: '0.7046511627906977', 1: '0.0', 2: '0.0', 3: '1.5335761201812925', 4: 359.5337371072723} 
{0: '0.7053364269141531', 1: '0.0', 2: '0.0', 3: '1.4426999059072143', 4: 350.20578044783707} 
{0: '0.7060185185185185', 1: '0.0', 2: '0.0', 3: '1.3572088082974538', 4: 350.97311231870935} 
{0: '0.7066974595842956', 1: '0.0', 2: '0.0', 3: '1.2767837176518553', 4: 352.72239622600597} 
{0: '0.7050691244239631', 1: '0.0', 2: '0.0', 3: '1.2767837176518553', 4: 355.17072567259163} 
{0: '0.7057471264367816', 1: '0.0', 2: '0.0', 3: '1.3572088082974538', 4: 354.77042191878104} 
{0: '0.7064220183486238', 1: '0.0', 2: '0.0', 3: '1.4426999059072143', 4: 352.52109114864936} 
{0: '0.7070938215102975', 1: '0.0', 2: '0.0', 3: '1.5335761201812925', 4: 346.62805504687395} 
{0: '0.7054794520547946', 1: '0.0', 2: '0.0', 3: '1.5335761201812925', 4: 361.49307850671175} 
{0: '0.7061503416856492', 1: '0.0', 2: '0.0', 3: '1.4426999059072143', 4: 356.05274430089315} 
{0: '0.7068181818181818', 1: '0.0', 2: '0.0', 3: '1.3572088082974538', 4: 353.5793048604955} 
{0: '0.7074829931972789', 1: '0.0', 2: '0.0', 3: '1.2767837176518553', 4: 349.9463422405676} 
{0: '0.7081447963800905', 1: '0.0', 2: '0.0', 3: '1.2011244339814315', 4: 341.67132579338755} 
{0: '0.7065462753950339', 1: '0.0', 2: '0.0', 3: '1.2011244339814315', 4: 347.48951316271217} 
{0: '0.704954954954955', 1: '0.0', 2: '0.0', 3: '1.2011244339814315', 4: 345.8363147858237} 
{0: '0.7033707865168539', 1: '0.0', 2: '0.0', 3: '1.2011244339814315', 4: 361.5063606757523} 
{0: '0.7040358744394619', 1: '0.0', 2: '0.0', 3: '1.2767837176518553', 4: 362.11292767313313} 
{0: '0.7046979865771812', 1: '0.0', 2: '0.0', 3: '1.3572088082974538', 4: 349.68319442920614} 
{0: '0.7053571428571429', 1: '0.0', 2: '0.0', 3: '1.4426999059072143', 4: 359.52173495177} 
{0: '0.7060133630289532', 1: '0.0', 2: '0.0', 3: '1.5335761201812925', 4: 348.2363246964239} 
{0: '0.7066666666666667', 1: '0.0', 2: '0.0', 3: '1.6301766616608926', 4: 351.7221813229787} 
{0: '0.7073170731707317', 1: '0.0', 2: '0.0', 3: '1.7328621078878674', 4: 354.7962283217184} 
{0: '0.7079646017699115', 1: '0.0', 2: '0.0', 3: '1.842015749320195', 4: 348.13572516923097} 
{0: '0.7086092715231788', 1: '0.0', 2: '0.0', 3: '1.958045020027179', 4: 351.98186613235254} 
{0: '0.7070484581497798', 1: '0.0', 2: '0.0', 3: '1.958045020027179', 4: 360.09150647353727} 
{0: '0.7076923076923077', 1: '0.0', 2: '0.0', 3: '1.842015749320195', 4: 371.0930310720794} 
{0: '0.7083333333333334', 1: '0.0', 2: '0.0', 3: '1.7328621078878674', 4: 361.5139121252019} 
{0: '0.7089715536105032', 1: '0.0', 2: '0.0', 3: '1.6301766616608926', 4: 364.8033329685612} 
{0: '0.7096069868995634', 1: '0.0', 2: '0.0', 3: '1.5335761201812925', 4: 350.30177723999856} 
{0: '0.710239651416122', 1: '0.0', 2: '0.0', 3: '1.4426999059072143', 4: 358.28546930156983} 
{0: '0.7108695652173913', 1: '0.0', 2: '0.0', 3: '1.3572088082974538', 4: 352.3418607929358} 
{0: '0.7114967462039046', 1: '0.0', 2: '0.0', 3: '1.2767837176518553', 4: 350.92319430532245} 
{0: '0.7121212121212122', 1: '0.0', 2: '0.0', 3: '1.2011244339814315', 4: 353.74507869415703} 
{0: '0.712742980561555', 1: '0.0', 2: '0.0', 3: '1.1299485464621188', 4: 350.058871126823} 
{0: '0.7112068965517241', 1: '0.0', 2: '0.0', 3: '1.1299485464621188', 4: 353.3995701395042} 
{0: '0.7118279569892473', 1: '0.0', 2: '0.0', 3: '1.2011244339814315', 4: 343.23415926546573} 
{0: '0.7103004291845494', 1: '0.0', 2: '0.0', 3: '1.2011244339814315', 4: 349.074544681727} 
{0: '0.708779443254818', 1: '0.0', 2: '0.0', 3: '1.2011244339814315', 4: 353.6913058810639} 
{0: '0.7094017094017094', 1: '0.0', 2: '0.0', 3: '1.2767837176518553', 4: 356.4653812500384} 
{0: '0.7100213219616205', 1: '0.0', 2: '0.0', 3: '1.3572088082974538', 4: 360.711153928008} 
{0: '0.7106382978723405', 1: '0.0', 2: '0.0', 3: '1.4426999059072143', 4: 366.49636374116903} 
{0: '0.7112526539278131', 1: '0.0', 2: '0.0', 3: '1.5335761201812925', 4: 348.94669119562053} 
{0: '0.711864406779661', 1: '0.0', 2: '0.0', 3: '1.6301766616608926', 4: 355.9668879660777} 
{0: '0.7124735729386892', 1: '0.0', 2: '0.0', 3: '1.7328621078878674', 4: 355.21837330084696} 
{0: '0.7109704641350211', 1: '0.0', 2: '0.0', 3: '1.7328621078878674', 4: 350.32361441063995} 
{0: '0.7115789473684211', 1: '0.0', 2: '0.0', 3: '1.6301766616608926', 4: 350.1789046791492} 
{0: '0.7121848739495799', 1: '0.0', 2: '0.0', 3: '1.5335761201812925', 4: 353.2529519669626} 
{0: '0.7127882599580713', 1: '0.0', 2: '0.0', 3: '1.4426999059072143', 4: 345.49831621646746} 
{0: '0.7133891213389121', 1: '0.0', 2: '0.0', 3: '1.3572088082974538', 4: 374.60948654705203} 
{0: '0.7118997912317327', 1: '0.0', 2: '0.0', 3: '1.3572088082974538', 4: 353.50862381559625} 
{0: '0.7125', 1: '0.0', 2: '0.0', 3: '1.4426999059072143', 4: 357.233156783112} 
{0: '0.7130977130977131', 1: '0.0', 2: '0.0', 3: '1.5335761201812925', 4: 352.0397337886393} 
{0: '0.7136929460580913', 1: '0.0', 2: '0.0', 3: '1.6301766616608926', 4: 347.78016563832284} 
{0: '0.7122153209109731', 1: '0.0', 2: '0.0', 3: '1.6301766616608926', 4: 356.8127408104347} 
{0: '0.7128099173553719', 1: '0.0', 2: '0.0', 3: '1.5335761201812925', 4: 363.60193311347257} 
{0: '0.7134020618556701', 1: '0.0', 2: '0.0', 3: '1.4426999059072143', 4: 362.19047055932026} 
{0: '0.7119341563786008', 1: '0.0', 2: '0.0', 3: '1.4426999059072143', 4: 353.3676465283008} 
{0: '0.7125256673511293', 1: '0.0', 2: '0.0', 3: '1.5335761201812925', 4: 350.2991876292662} 
{0: '0.7110655737704918', 1: '0.0', 2: '0.0', 3: '1.5335761201812925', 4: 358.4707228307552} 
{0: '0.7096114519427403', 1: '0.0', 2: '0.0', 3: '1.5335761201812925', 4: 355.06425015494557} 
{0: '0.710204081632653', 1: '0.0', 2: '0.0', 3: '1.6301766616608926', 4: 351.2538727212364} 
{0: '0.7087576374745418', 1: '0.0', 2: '0.0', 3: '1.6301766616608926', 4: 352.63320918757023} 
{0: '0.709349593495935', 1: '0.0', 2: '0.0', 3: '1.5335761201812925', 4: 357.85220652970736} 
{0: '0.7099391480730223', 1: '0.0', 2: '0.0', 3: '1.4426999059072143', 4: 355.3990503965443} 
{0: '0.7105263157894737', 1: '0.0', 2: '0.0', 3: '1.3572088082974538', 4: 349.0898088476044} 
{0: '0.7111111111111111', 1: '0.0', 2: '0.0', 3: '1.2767837176518553', 4: 345.8833833306282} 
{0: '0.7096774193548387', 1: '0.0', 2: '0.0', 3: '1.2767837176518553', 4: 349.03905283601034} 
{0: '0.710261569416499', 1: '0.0', 2: '0.0', 3: '1.3572088082974538', 4: 355.27358165442683} 
{0: '0.7108433734939759', 1: '0.0', 2: '0.0', 3: '1.4426999059072143', 4: 354.9956813798607} 
{0: '0.7114228456913828', 1: '0.0', 2: '0.0', 3: '1.5335761201812925', 4: 353.43217478974157} 
