{'STAT2HEADER': 'STAT2HEADER', 'STAT2HEADER_ENVIRON': 'environ({\'OMPI_MCA_pmix\': \'^s1,s2,cray,isolated\', \'PMIX_MCA_mca_base_component_show_load_errors\': \'1\', \'OMPI_COMMAND\': \'python3\', \'OMPI_ARGV\': \'static_snapshot.py 1 0min\', \'OMPI_MCA_orte_precondition_transports\': \'b6f3c76d0a7da960-243674a3e305b44a\', \'LD_LIBRARY_PATH\': \'/salilab/diva1/programs/x86_64linux/numpy-py36-1.19.5/lib:/salilab/diva1/home/libs/x86_64/centos8:/salilab/diva1/home/libs/x86_64:/salilab/diva1/home/imp/main/20240607-af6f9d6a95/lib/release8:/salilab/diva1/programs/x86_64linux/opencv-4.3.0/lib64/rhel:/salilab/diva1/programs/x86_64linux/opencv-4.3.0/lib64:/salilab/diva1/programs/x86_64linux/hdf5-1.10.7/lib:/salilab/diva1/programs/x86_64linux/libtau-py27-1.0.1/lib64:/salilab/diva1/programs/x86_64linux/boost-1.73.0/lib64:/usr/lib64/openmpi/lib:/wynton/group/sali/miha_rozic/Software/imp-develop/build/lib::\', \'IMP_TMP_DIR\': \'/wynton/group/sali/miha_rozic/Software/imp-develop/build/tmp\', \'PE_HOSTFILE\': \'/var/spool/sge/wynton/qb3-id285/active_jobs/707269.1/pe_hostfile\', \'__LMOD_REF_COUNT_PATH\': \'/salilab/diva1/programs/x86_64linux/numpy-py36-1.19.5/bin:1;/salilab/diva1/home/imp/main/20240607-af6f9d6a95/bin/release8:1;/salilab/diva1/programs/x86_64linux/opencv-4.3.0/bin:1;/salilab/diva1/programs/x86_64linux/hdf5-1.10.7/bin:1;/usr/lib64/openmpi/bin:1;/wynton/home/sali/rozicmiha/.local/bin:1;/wynton/home/sali/rozicmiha/bin:1;/wynton/group/sali/miha_rozic/Software/imp-develop/build/bin:1;/wynton/group/sali/miha_rozic/Software/imp-develop/build/module_bin/EMageFit:1;/wynton/group/sali/miha_rozic/Software/imp-develop/build/module_bin/algebra:1;/wynton/group/sali/miha_rozic/Software/imp-develop/build/module_bin/atom:1;/wynton/group/sali/miha_rozic/Software/imp-develop/build/module_bin/benchmark:1;/wynton/group/sali/miha_rozic/Software/imp-develop/build/module_bin/cgal:1;/wynton/group/sali/miha_rozic/Software/imp-develop/build/module_bin/cnmultifit:1;/wynton/group/sali/miha_rozic/Software/imp-develop/build/module_bin/container:1;/wynton/group/sali/miha_rozic/Software/imp-develop/build/module_bin/core:1;/wynton/group/sali/miha_rozic/Software/imp-develop/build/module_bin/display:1;/wynton/group/sali/miha_rozic/Software/imp-develop/build/module_bin/domino:1;/wynton/group/sali/miha_rozic/Software/imp-develop/build/module_bin/em:1;/wynton/group/sali/miha_rozic/Software/imp-develop/build/module_bin/em2d:1;/wynton/group/sali/miha_rozic/Software/imp-develop/build/module_bin/example:1;/wynton/group/sali/miha_rozic/Software/imp-develop/build/module_bin/foxs:1;/wynton/group/sali/miha_rozic/Software/imp-develop/build/module_bin/gsl:1;/wynton/group/sali/miha_rozic/Software/imp-develop/build/module_bin/integrative_docking:1;/wynton/group/sali/miha_rozic/Software/imp-develop/build/module_bin/isd:1;/wynton/group/sali/miha_rozic/Software/imp-develop/build/module_bin/kernel:1;/wynton/group/sali/miha_rozic/Software/imp-develop/build/module_bin/kinematics:1;/wynton/group/sali/miha_rozic/Software/imp-develop/build/module_bin/kmeans:1;/wynton/group/sali/miha_rozic/Software/imp-develop/build/module_bin/misc:1;/wynton/group/sali/miha_rozic/Software/imp-develop/build/module_bin/mmcif:1;/wynton/group/sali/miha_rozic/Software/imp-develop/build/module_bin/modeller:1;/wynton/group/sali/miha_rozic/Software/imp-develop/build/module_bin/mpi:1;/wynton/group/sali/miha_rozic/Software/imp-develop/build/module_bin/multi_state:1;/wynton/group/sali/miha_rozic/Software/imp-develop/build/module_bin/multifit:1;/wynton/group/sali/miha_rozic/Software/imp-develop/build/module_bin/npc:1;/wynton/group/sali/miha_rozic/Software/imp-develop/build/module_bin/npcassembly:1;/wynton/group/sali/miha_rozic/Software/imp-develop/build/module_bin/parallel:1;/wynton/group/sali/miha_rozic/Software/imp-develop/build/module_bin/pepdock:1;/wynton/group/sali/miha_rozic/Software/imp-develop/build/module_bin/pmi:1;/wynton/group/sali/miha_rozic/Software/imp-develop/build/module_bin/rmf:1;/wynton/group/sali/miha_rozic/Software/imp-develop/build/module_bin/rotamer:1;/wynton/group/sali/miha_rozic/Software/imp-develop/build/module_bin/saxs:1;/wynton/group/sali/miha_rozic/Software/imp-develop/build/module_bin/saxs_merge:1;/wynton/group/sali/miha_rozic/Software/imp-develop/build/module_bin/score_functor:1;/wynton/group/sali/miha_rozic/Software/imp-develop/build/module_bin/scratch:1;/wynton/group/sali/miha_rozic/Software/imp-develop/build/module_bin/spb:1;/wynton/group/sali/miha_rozic/Software/imp-develop/build/module_bin/statistics:1;/wynton/group/sali/miha_rozic/Software/imp-develop/build/module_bin/symmetry:1;/wynton/group/sali/miha_rozic/Software/imp-develop/build/module_bin/test:1;/opt/sge/bin:1;/opt/sge/bin/lx-amd64:1;/scratch/707269.1.member.q:1;/usr/local/bin:1;/bin:1;/usr/bin:1;/usr/local/sbin:1;/usr/sbin:1\', \'_ModuleTable002_\': \'fSwKc3RhY2tEZXB0aCA9IDEsCnN0YXR1cyA9ICJhY3RpdmUiLAp1c2VyTmFtZSA9ICJib29zdC8xLjczLjAiLAp3ViA9ICIwMDAwMDAwMDEuMDAwMDAwMDczLip6ZmluYWwiLAp9LApoZGY1ID0gewpmbiA9ICIvc2FsaWxhYi9kaXZhMS9ob21lL21vZHVsZXMvaGRmNS8xLjEwLjciLApmdWxsTmFtZSA9ICJoZGY1LzEuMTAuNyIsCmxvYWRPcmRlciA9IDUsCnByb3BUID0ge30sCnN0YWNrRGVwdGggPSAyLApzdGF0dXMgPSAiYWN0aXZlIiwKdXNlck5hbWUgPSAiaGRmNS8xLjEwLjciLAp3ViA9ICIwMDAwMDAwMDEuMDAwMDAwMDEwLjAwMDAwMDAwNy4qemZpbmFsIiwKfSwKaW1wID0gewpmbiA9ICIvc2FsaWxhYi9kaXZhMS9ob21lL21vZHVsZXMvaW1wLzIuMjEuMCIsCmZ1bGxO\', \'IMP_DIR\': \'/salilab/diva1/home/imp/main/20240607-af6f9d6a95/lib/release8/cmake/IMP\', \'QUEUE\': \'member.q\', \'GOTO_NUM_THREADS\': \'1\', \'MPI_PYTHON3_SITEARCH\': \'/usr/lib64/python3.6/site-packages/openmpi\', \'LANG\': \'en_US.UTF-8\', \'HISTCONTROL\': \'ignoredups\', \'_ModuleTable008_\': \'cyIsCmZ1bGxOYW1lID0gInNhbGktbGlicmFyaWVzIiwKbG9hZE9yZGVyID0gOCwKcHJvcFQgPSB7fSwKc3RhY2tEZXB0aCA9IDEsCnN0YXR1cyA9ICJhY3RpdmUiLAp1c2VyTmFtZSA9ICJzYWxpLWxpYnJhcmllcyIsCndWID0gIk0uKnpmaW5hbCIsCn0sCn0sCm1wYXRoQSA9IHsKIi9zYWxpbGFiL2RpdmExL2hvbWUvbW9kdWxlcyIsICIvZXRjL21vZHVsZWZpbGVzIiwgIi91c3Ivc2hhcmUvbW9kdWxlZmlsZXMiCiwgIi91c3Ivc2hhcmUvbW9kdWxlZmlsZXMvTGludXgiLCAiL3Vzci9zaGFyZS9tb2R1bGVmaWxlcy9Db3JlIiwgIi91c3Ivc2hhcmUvbG1vZC9sbW9kL21vZHVsZWZpbGVzL0NvcmUiLAp9LApzeXN0ZW1CYXNlTVBBVEggPSAiL2V0Yy9tb2R1bGVmaWxlczovdXNy\', \'SGE_O_HOST\': \'dev1\', \'HOSTNAME\': \'qb3-id285.wynton.ucsf.edu\', \'OPENBLAS_NUM_THREADS\': \'1\', \'__LMOD_REF_COUNT_CMAKE_INCLUDE_PATH\': \'/salilab/diva1/programs/x86_64linux/opencv-4.3.0/include/opencv4:1;/salilab/diva1/programs/x86_64linux/hdf5-1.10.7/include:1;/salilab/diva1/programs/x86_64linux/libtau-py27-1.0.1/include:1;/salilab/diva1/programs/x86_64linux/boost-1.73.0/include:1\', \'SGE_RSH_COMMAND\': \'builtin\', \'ENVIRONMENT\': \'BATCH\', \'IMP_DATA\': \'/wynton/group/sali/miha_rozic/Software/imp-develop/build/data\', \'REQUEST\': \'test1\', \'SGE_STDIN_PATH\': \'/dev/null\', \'SGE_CELL\': \'wynton\', \'_ModuleTable007_\': \'MjEuMyIsCndWID0gIjAwMDAwMDAwMC4wMDAwMDAwMjEuMDAwMDAwMDAzLip6ZmluYWwiLAp9LApbInB5dGhvbjMvc2NpcHkiXSA9IHsKZm4gPSAiL3NhbGlsYWIvZGl2YTEvaG9tZS9tb2R1bGVzL3B5dGhvbjMvc2NpcHkvMS4zLjIiLApmdWxsTmFtZSA9ICJweXRob24zL3NjaXB5LzEuMy4yIiwKbG9hZE9yZGVyID0gMTAsCnByb3BUID0ge30sCnN0YWNrRGVwdGggPSAxLApzdGF0dXMgPSAiYWN0aXZlIiwKdXNlck5hbWUgPSAicHl0aG9uMy9zY2lweS8xLjMuMiIsCndWID0gIjAwMDAwMDAwMS4wMDAwMDAwMDMuMDAwMDAwMDAyLip6ZmluYWwiLAp9LApbInNhbGktbGlicmFyaWVzIl0gPSB7CmZuID0gIi9zYWxpbGFiL2RpdmExL2hvbWUvbW9kdWxlcy9zYWxpLWxpYnJhcmll\', \'CMAKE_INCLUDE_PATH\': \'/salilab/diva1/programs/x86_64linux/opencv-4.3.0/include/opencv4:/salilab/diva1/programs/x86_64linux/hdf5-1.10.7/include:/salilab/diva1/programs/x86_64linux/libtau-py27-1.0.1/include:/salilab/diva1/programs/x86_64linux/boost-1.73.0/include\', \'__LMOD_REF_COUNT_LD_LIBRARY_PATH\': \'/salilab/diva1/programs/x86_64linux/numpy-py36-1.19.5/lib:1;/salilab/diva1/home/libs/x86_64/centos8:1;/salilab/diva1/home/libs/x86_64:1;/salilab/diva1/home/imp/main/20240607-af6f9d6a95/lib/release8:1;/salilab/diva1/programs/x86_64linux/opencv-4.3.0/lib64/rhel:1;/salilab/diva1/programs/x86_64linux/opencv-4.3.0/lib64:1;/salilab/diva1/programs/x86_64linux/hdf5-1.10.7/lib:1;/salilab/diva1/programs/x86_64linux/libtau-py27-1.0.1/lib64:1;/salilab/diva1/programs/x86_64linux/boost-1.73.0/lib64:1;/usr/lib64/openmpi/lib:1;/wynton/group/sali/miha_rozic/Software/imp-develop/build/lib:2;:1\', \'__LMOD_REF_COUNT_PKG_CONFIG_PATH\': \'/usr/lib64/openmpi/lib/pkgconfig:1\', \'_ModuleTable004_\': \'aGFyZS9tb2R1bGVmaWxlcy9tcGkvb3Blbm1waS14ODZfNjQiLApmdWxsTmFtZSA9ICJtcGkvb3Blbm1waS14ODZfNjQiLApsb2FkT3JkZXIgPSAyLApwcm9wVCA9IHt9LApzdGFja0RlcHRoID0gMCwKc3RhdHVzID0gImFjdGl2ZSIsCnVzZXJOYW1lID0gIm1waS9vcGVubXBpLXg4Nl82NCIsCndWID0gIipvcGVubXBpLip4LjAwMDAwMDA4Ni4qXy4wMDAwMDAwNjQuKnpmaW5hbCIsCn0sCm9wZW5jdiA9IHsKZm4gPSAiL3NhbGlsYWIvZGl2YTEvaG9tZS9tb2R1bGVzL29wZW5jdi80LjMuMCIsCmZ1bGxOYW1lID0gIm9wZW5jdi80LjMuMCIsCmxvYWRPcmRlciA9IDYsCnByb3BUID0ge30sCnN0YWNrRGVwdGggPSAxLApzdGF0dXMgPSAiYWN0aXZlIiwKdXNlck5hbWUgPSAib3Bl\', \'__LMOD_REF_COUNT_PYTHONPATH\': \'/salilab/diva1/programs/x86_64linux/scikit-py36-0.21.3/lib64/python3.6/site-packages:1;/salilab/diva1/programs/linux/joblib-0.17.0/lib/python3.6/site-packages:1;/salilab/diva1/programs/x86_64linux/scipy-py36-1.3.2/lib64/python3.6/site-packages:1;/salilab/diva1/programs/x86_64linux/numpy-py36-1.19.5/lib64/python3.6/site-packages:1;/salilab/diva1/home/imp/main/20240607-af6f9d6a95/lib/release8:1;/salilab/diva1/programs/x86_64linux/opencv-4.3.0/lib/python3.6/site-packages:1;/wynton/group/sali/miha_rozic/Software/imp-develop/build/lib:2;:1\', \'which_declare\': \'declare -f\', \'NHOSTS\': \'1\', \'SGE_O_WORKDIR\': \'/wynton/group/sali/miha_rozic/Input_information/SNAPSHOTS/central_directory/snapshot1_0min/run38\', \'USER\': \'rozicmiha\', \'SGE_TASK_ID\': \'undefined\', \'__LMOD_REF_COUNT_CMAKE_LIBRARY_PATH\': \'/salilab/diva1/programs/x86_64linux/opencv-4.3.0/lib64:1;/salilab/diva1/programs/x86_64linux/hdf5-1.10.7/lib:1;/salilab/diva1/programs/x86_64linux/libtau-py27-1.0.1/lib64:1;/salilab/diva1/programs/x86_64linux/boost-1.73.0/lib64:1\', \'SGE_TASK_FIRST\': \'undefined\', \'NSLOTS\': \'16\', \'__LMOD_REF_COUNT_MODULEPATH\': \'/salilab/diva1/home/modules:1;/etc/modulefiles:1;/usr/share/modulefiles:1;/usr/share/modulefiles/Linux:1;/usr/share/modulefiles/Core:1;/usr/share/lmod/lmod/modulefiles/Core:1\', \'PWD\': \'/wynton/group/sali/miha_rozic/Input_information/SNAPSHOTS/central_directory/snapshot1_0min/run38\', \'HOME\': \'/wynton/home/sali/rozicmiha\', \'NQUEUES\': \'1\', \'TMP\': \'/scratch/707269.1.member.q\', \'PE\': \'smp\', \'SGE_O_HOME\': \'/wynton/home/sali/rozicmiha\', \'LMOD_VERSION\': \'8.7.32\', \'JOB_NAME\': \'test1\', \'BASH_ENV\': \'/usr/share/lmod/lmod/init/bash\', \'MPI_FORTRAN_MOD_DIR\': \'/usr/lib64/gfortran/modules/openmpi\', \'SGE_TASK_LAST\': \'undefined\', \'MKL_NUM_THREADS\': \'1\', \'MPI_COMPILER\': \'openmpi-x86_64\', \'SGE_ACCOUNT\': \'sge\', \'SGE_ROOT\': \'/opt/sge\', \'MPI_SUFFIX\': \'_openmpi\', \'TMPDIR\': \'/scratch/707269.1.member.q\', \'RESTARTED\': \'0\', \'LMOD_sys\': \'Linux\', \'_ModuleTable001_\': \'X01vZHVsZVRhYmxlXyA9IHsKTVR2ZXJzaW9uID0gMywKY19yZWJ1aWxkVGltZSA9IGZhbHNlLApjX3Nob3J0VGltZSA9IGZhbHNlLApkZXB0aFQgPSB7fSwKZmFtaWx5ID0ge30sCm1UID0gewpTYWxpID0gewpmbiA9ICIvZXRjL21vZHVsZWZpbGVzL1NhbGkubHVhIiwKZnVsbE5hbWUgPSAiU2FsaSIsCmxvYWRPcmRlciA9IDEsCnByb3BUID0ge30sCnN0YWNrRGVwdGggPSAwLApzdGF0dXMgPSAiYWN0aXZlIiwKdXNlck5hbWUgPSAiU2FsaSIsCndWID0gIk0uKnpmaW5hbCIsCn0sCmJvb3N0ID0gewpmbiA9ICIvc2FsaWxhYi9kaXZhMS9ob21lL21vZHVsZXMvYm9vc3QvMS43My4wIiwKZnVsbE5hbWUgPSAiYm9vc3QvMS43My4wIiwKbG9hZE9yZGVyID0gMywKcHJvcFQgPSB7\', \'LOADEDMODULES\': \'Sali:mpi/openmpi-x86_64:boost/1.73.0:libtau/1.0.1:hdf5/1.10.7:opencv/4.3.0:imp/2.21.0:sali-libraries:python3/numpy/1.19.5:python3/scipy/1.3.2:python3/joblib/0.17.0:python3/scikit/0.21.3\', \'SGE_O_PATH\': \'/salilab/diva1/programs/x86_64linux/numpy-py36-1.19.5/bin:/salilab/diva1/home/imp/main/20240607-af6f9d6a95/bin/release8:/salilab/diva1/programs/x86_64linux/opencv-4.3.0/bin:/salilab/diva1/programs/x86_64linux/hdf5-1.10.7/bin:/wynton/home/sali/rozicmiha/.local/bin:/wynton/home/sali/rozicmiha/bin:/wynton/group/sali/miha_rozic/Software/imp-develop/build/bin:/wynton/group/sali/miha_rozic/Software/imp-develop/build/module_bin/EMageFit:/wynton/group/sali/miha_rozic/Software/imp-develop/build/module_bin/algebra:/wynton/group/sali/miha_rozic/Software/imp-develop/build/module_bin/atom:/wynton/group/sali/miha_rozic/Software/imp-develop/build/module_bin/benchmark:/wynton/group/sali/miha_rozic/Software/imp-develop/build/module_bin/cgal:/wynton/group/sali/miha_rozic/Software/imp-develop/build/module_bin/cnmultifit:/wynton/group/sali/miha_rozic/Software/imp-develop/build/module_bin/container:/wynton/group/sali/miha_rozic/Software/imp-develop/build/module_bin/core:/wynton/group/sali/miha_rozic/Software/imp-develop/build/module_bin/display:/wynton/group/sali/miha_rozic/Software/imp-develop/build/module_bin/domino:/wynton/group/sali/miha_rozic/Software/imp-develop/build/module_bin/em:/wynton/group/sali/miha_rozic/Software/imp-develop/build/module_bin/em2d:/wynton/group/sali/miha_rozic/Software/imp-develop/build/module_bin/example:/wynton/group/sali/miha_rozic/Software/imp-develop/build/module_bin/foxs:/wynton/group/sali/miha_rozic/Software/imp-develop/build/module_bin/gsl:/wynton/group/sali/miha_rozic/Software/imp-develop/build/module_bin/integrative_docking:/wynton/group/sali/miha_rozic/Software/imp-develop/build/module_bin/isd:/wynton/group/sali/miha_rozic/Software/imp-develop/build/module_bin/kernel:/wynton/group/sali/miha_rozic/Software/imp-develop/build/module_bin/kinematics:/wynton/group/sali/miha_rozic/Software/imp-develop/build/module_bin/kmeans:/wynton/group/sali/miha_rozic/Software/imp-develop/build/module_bin/misc:/wynton/group/sali/miha_rozic/Software/imp-develop/build/module_bin/mmcif:/wynton/group/sali/miha_rozic/Software/imp-develop/build/module_bin/modeller:/wynton/group/sali/miha_rozic/Software/imp-develop/build/module_bin/mpi:/wynton/group/sali/miha_rozic/Software/imp-develop/build/module_bin/multi_state:/wynton/group/sali/miha_rozic/Software/imp-develop/build/module_bin/multifit:/wynton/group/sali/miha_rozic/Software/imp-develop/build/module_bin/npc:/wynton/group/sali/miha_rozic/Software/imp-develop/build/module_bin/npcassembly:/wynton/group/sali/miha_rozic/Software/imp-develop/build/module_bin/parallel:/wynton/group/sali/miha_rozic/Software/imp-develop/build/module_bin/pepdock:/wynton/group/sali/miha_rozic/Software/imp-develop/build/module_bin/pmi:/wynton/group/sali/miha_rozic/Software/imp-develop/build/module_bin/rmf:/wynton/group/sali/miha_rozic/Software/imp-develop/build/module_bin/rotamer:/wynton/group/sali/miha_rozic/Software/imp-develop/build/module_bin/saxs:/wynton/group/sali/miha_rozic/Software/imp-develop/build/module_bin/saxs_merge:/wynton/group/sali/miha_rozic/Software/imp-develop/build/module_bin/score_functor:/wynton/group/sali/miha_rozic/Software/imp-develop/build/module_bin/scratch:/wynton/group/sali/miha_rozic/Software/imp-develop/build/module_bin/spb:/wynton/group/sali/miha_rozic/Software/imp-develop/build/module_bin/statistics:/wynton/group/sali/miha_rozic/Software/imp-develop/build/module_bin/symmetry:/wynton/group/sali/miha_rozic/Software/imp-develop/build/module_bin/test:/opt/sge/bin:/opt/sge/bin/lx-amd64:/usr/local/bin:/usr/bin:/usr/local/sbin:/usr/sbin\', \'SGE_O_SHELL\': \'/bin/bash\', \'_ModuleTable006_\': \'bWUgPSAicHl0aG9uMy9udW1weS8xLjE5LjUiLApsb2FkT3JkZXIgPSA5LApwcm9wVCA9IHt9LApzdGFja0RlcHRoID0gMiwKc3RhdHVzID0gImFjdGl2ZSIsCnVzZXJOYW1lID0gInB5dGhvbjMvbnVtcHkvMS4xOS41IiwKd1YgPSAiMDAwMDAwMDAxLjAwMDAwMDAxOS4wMDAwMDAwMDUuKnpmaW5hbCIsCn0sClsicHl0aG9uMy9zY2lraXQiXSA9IHsKZm4gPSAiL3NhbGlsYWIvZGl2YTEvaG9tZS9tb2R1bGVzL3B5dGhvbjMvc2Npa2l0LzAuMjEuMyIsCmZ1bGxOYW1lID0gInB5dGhvbjMvc2Npa2l0LzAuMjEuMyIsCmxvYWRPcmRlciA9IDEyLApwcm9wVCA9IHt9LApzdGFja0RlcHRoID0gMCwKc3RhdHVzID0gImFjdGl2ZSIsCnVzZXJOYW1lID0gInB5dGhvbjMvc2Npa2l0LzAu\', \'__LMOD_REF_COUNT_MANPATH\': \':2;/usr/share/man/openmpi-x86_64:1;/opt/sge/man:1;/usr/share/lmod/lmod/share/man:1\', \'MPI_INCLUDE\': \'/usr/include/openmpi-x86_64\', \'_ModuleTable003_\': \'YW1lID0gImltcC8yLjIxLjAiLApsb2FkT3JkZXIgPSA3LApwcm9wVCA9IHt9LApzdGFja0RlcHRoID0gMCwKc3RhdHVzID0gImFjdGl2ZSIsCnVzZXJOYW1lID0gImltcCIsCndWID0gIl4wMDAwMDAwMi4wMDAwMDAwMjEuKnpmaW5hbCIsCn0sCmxpYnRhdSA9IHsKZm4gPSAiL3NhbGlsYWIvZGl2YTEvaG9tZS9tb2R1bGVzL2xpYnRhdS8xLjAuMSIsCmZ1bGxOYW1lID0gImxpYnRhdS8xLjAuMSIsCmxvYWRPcmRlciA9IDQsCnByb3BUID0ge30sCnN0YWNrRGVwdGggPSAxLApzdGF0dXMgPSAiYWN0aXZlIiwKdXNlck5hbWUgPSAibGlidGF1LzEuMC4xIiwKd1YgPSAiMDAwMDAwMDAxLjAwMDAwMDAwMC4wMDAwMDAwMDEuKnpmaW5hbCIsCn0sCm1waSA9IHsKZm4gPSAiL3Vzci9z\', \'LMOD_ROOT\': \'/usr/share/lmod\', \'SYSTEMCTL_SKIP_REDIRECT\': \'\', \'MAIL\': \'/var/spool/mail/rozicmiha\', \'SGE_CWD_PATH\': \'/wynton/group/sali/miha_rozic/Input_information/SNAPSHOTS/central_directory/snapshot1_0min/run38\', \'MPI_HOME\': \'/usr/lib64/openmpi\', \'_ModuleTable009_\': \'L3NoYXJlL21vZHVsZWZpbGVzOi91c3Ivc2hhcmUvbW9kdWxlZmlsZXMvTGludXg6L3Vzci9zaGFyZS9tb2R1bGVmaWxlcy9Db3JlOi91c3Ivc2hhcmUvbG1vZC9sbW9kL21vZHVsZWZpbGVzL0NvcmUiLAp9Cg==\', \'SGE_TASK_STEPSIZE\': \'undefined\', \'SHELL\': \'/bin/bash\', \'TERM\': \'\', \'_ModuleTable_Sz_\': \'9\', \'SGE_JOB_SPOOL_DIR\': \'/var/spool/sge/wynton/qb3-id285/active_jobs/707269.1\', \'JOB_ID\': \'707269\', \'IMP_EXAMPLE_DATA\': \'/wynton/group/sali/miha_rozic/Software/imp-develop/build/doc/examples\', \'R_FUTURE_AVAILABLECORES_FALLBACK\': \'1\', \'JOB_SCRIPT\': \'/var/spool/sge/wynton/qb3-id285/job_scripts/707269\', \'SHLVL\': \'2\', \'SGE_O_LOGNAME\': \'rozicmiha\', \'SGE_O_MAIL\': \'/var/spool/mail/rozicmiha\', \'PYTHONPATH\': \'/salilab/diva1/programs/x86_64linux/scikit-py36-0.21.3/lib64/python3.6/site-packages:/salilab/diva1/programs/linux/joblib-0.17.0/lib/python3.6/site-packages:/salilab/diva1/programs/x86_64linux/scipy-py36-1.3.2/lib64/python3.6/site-packages:/salilab/diva1/programs/x86_64linux/numpy-py36-1.19.5/lib64/python3.6/site-packages:/salilab/diva1/home/imp/main/20240607-af6f9d6a95/lib/release8:/salilab/diva1/programs/x86_64linux/opencv-4.3.0/lib/python3.6/site-packages:/wynton/group/sali/miha_rozic/Software/imp-develop/build/lib::\', \'MANPATH\': \':/usr/share/man/openmpi-x86_64:/opt/sge/man:/usr/share/lmod/lmod/share/man\', \'MODULEPATH\': \'/salilab/diva1/home/modules:/etc/modulefiles:/usr/share/modulefiles:/usr/share/modulefiles/Linux:/usr/share/modulefiles/Core:/usr/share/lmod/lmod/modulefiles/Core\', \'MPI_SYSCONFIG\': \'/etc/openmpi-x86_64\', \'LOGNAME\': \'rozicmiha\', \'SYSTEMCTL_IGNORE_DEPENDENCIES\': \'\', \'MODULEPATH_ROOT\': \'/usr/share/modulefiles\', \'PATH\': \'/salilab/diva1/programs/x86_64linux/numpy-py36-1.19.5/bin:/salilab/diva1/home/imp/main/20240607-af6f9d6a95/bin/release8:/salilab/diva1/programs/x86_64linux/opencv-4.3.0/bin:/salilab/diva1/programs/x86_64linux/hdf5-1.10.7/bin:/usr/lib64/openmpi/bin:/wynton/home/sali/rozicmiha/.local/bin:/wynton/home/sali/rozicmiha/bin:/wynton/group/sali/miha_rozic/Software/imp-develop/build/bin:/wynton/group/sali/miha_rozic/Software/imp-develop/build/module_bin/EMageFit:/wynton/group/sali/miha_rozic/Software/imp-develop/build/module_bin/algebra:/wynton/group/sali/miha_rozic/Software/imp-develop/build/module_bin/atom:/wynton/group/sali/miha_rozic/Software/imp-develop/build/module_bin/benchmark:/wynton/group/sali/miha_rozic/Software/imp-develop/build/module_bin/cgal:/wynton/group/sali/miha_rozic/Software/imp-develop/build/module_bin/cnmultifit:/wynton/group/sali/miha_rozic/Software/imp-develop/build/module_bin/container:/wynton/group/sali/miha_rozic/Software/imp-develop/build/module_bin/core:/wynton/group/sali/miha_rozic/Software/imp-develop/build/module_bin/display:/wynton/group/sali/miha_rozic/Software/imp-develop/build/module_bin/domino:/wynton/group/sali/miha_rozic/Software/imp-develop/build/module_bin/em:/wynton/group/sali/miha_rozic/Software/imp-develop/build/module_bin/em2d:/wynton/group/sali/miha_rozic/Software/imp-develop/build/module_bin/example:/wynton/group/sali/miha_rozic/Software/imp-develop/build/module_bin/foxs:/wynton/group/sali/miha_rozic/Software/imp-develop/build/module_bin/gsl:/wynton/group/sali/miha_rozic/Software/imp-develop/build/module_bin/integrative_docking:/wynton/group/sali/miha_rozic/Software/imp-develop/build/module_bin/isd:/wynton/group/sali/miha_rozic/Software/imp-develop/build/module_bin/kernel:/wynton/group/sali/miha_rozic/Software/imp-develop/build/module_bin/kinematics:/wynton/group/sali/miha_rozic/Software/imp-develop/build/module_bin/kmeans:/wynton/group/sali/miha_rozic/Software/imp-develop/build/module_bin/misc:/wynton/group/sali/miha_rozic/Software/imp-develop/build/module_bin/mmcif:/wynton/group/sali/miha_rozic/Software/imp-develop/build/module_bin/modeller:/wynton/group/sali/miha_rozic/Software/imp-develop/build/module_bin/mpi:/wynton/group/sali/miha_rozic/Software/imp-develop/build/module_bin/multi_state:/wynton/group/sali/miha_rozic/Software/imp-develop/build/module_bin/multifit:/wynton/group/sali/miha_rozic/Software/imp-develop/build/module_bin/npc:/wynton/group/sali/miha_rozic/Software/imp-develop/build/module_bin/npcassembly:/wynton/group/sali/miha_rozic/Software/imp-develop/build/module_bin/parallel:/wynton/group/sali/miha_rozic/Software/imp-develop/build/module_bin/pepdock:/wynton/group/sali/miha_rozic/Software/imp-develop/build/module_bin/pmi:/wynton/group/sali/miha_rozic/Software/imp-develop/build/module_bin/rmf:/wynton/group/sali/miha_rozic/Software/imp-develop/build/module_bin/rotamer:/wynton/group/sali/miha_rozic/Software/imp-develop/build/module_bin/saxs:/wynton/group/sali/miha_rozic/Software/imp-develop/build/module_bin/saxs_merge:/wynton/group/sali/miha_rozic/Software/imp-develop/build/module_bin/score_functor:/wynton/group/sali/miha_rozic/Software/imp-develop/build/module_bin/scratch:/wynton/group/sali/miha_rozic/Software/imp-develop/build/module_bin/spb:/wynton/group/sali/miha_rozic/Software/imp-develop/build/module_bin/statistics:/wynton/group/sali/miha_rozic/Software/imp-develop/build/module_bin/symmetry:/wynton/group/sali/miha_rozic/Software/imp-develop/build/module_bin/test:/opt/sge/bin:/opt/sge/bin/lx-amd64:/scratch/707269.1.member.q:/usr/local/bin:/bin:/usr/bin:/usr/local/sbin:/usr/sbin\', \'MPI_BIN\': \'/usr/lib64/openmpi/bin\', \'SGE_STDERR_PATH\': \'/wynton/group/sali/miha_rozic/Input_information/SNAPSHOTS/central_directory/snapshot1_0min/run38/test1.o707269\', \'_LMFILES_\': \'/etc/modulefiles/Sali.lua:/usr/share/modulefiles/mpi/openmpi-x86_64:/salilab/diva1/home/modules/boost/1.73.0:/salilab/diva1/home/modules/libtau/1.0.1:/salilab/diva1/home/modules/hdf5/1.10.7:/salilab/diva1/home/modules/opencv/4.3.0:/salilab/diva1/home/modules/imp/2.21.0:/salilab/diva1/home/modules/sali-libraries:/salilab/diva1/home/modules/python3/numpy/1.19.5:/salilab/diva1/home/modules/python3/scipy/1.3.2:/salilab/diva1/home/modules/python3/joblib/0.17.0:/salilab/diva1/home/modules/python3/scikit/0.21.3\', \'DEBUGINFOD_URLS\': \'https://debuginfod.centos.org/ \', \'MODULESHOME\': \'/usr/share/lmod/lmod\', \'PKG_CONFIG_PATH\': \'/usr/lib64/openmpi/lib/pkgconfig\', \'LMOD_SETTARG_FULL_SUPPORT\': \'no\', \'HISTSIZE\': \'1000\', \'SGE_ARCH\': \'lx-amd64\', \'LMOD_PKG\': \'/usr/share/lmod/lmod\', \'CMAKE_LIBRARY_PATH\': \'/salilab/diva1/programs/x86_64linux/opencv-4.3.0/lib64:/salilab/diva1/programs/x86_64linux/hdf5-1.10.7/lib:/salilab/diva1/programs/x86_64linux/libtau-py27-1.0.1/lib64:/salilab/diva1/programs/x86_64linux/boost-1.73.0/lib64\', \'ARC\': \'lx-amd64\', \'MPI_LIB\': \'/usr/lib64/openmpi/lib\', \'SGE_BINARY_PATH\': \'/opt/sge/bin/lx-amd64\', \'SGE_STDOUT_PATH\': \'/wynton/group/sali/miha_rozic/Input_information/SNAPSHOTS/central_directory/snapshot1_0min/run38/test1.o707269\', \'_ModuleTable005_\': \'bmN2LzQuMy4wIiwKd1YgPSAiMDAwMDAwMDA0LjAwMDAwMDAwMy4qemZpbmFsIiwKfSwKWyJweXRob24zL2pvYmxpYiJdID0gewpmbiA9ICIvc2FsaWxhYi9kaXZhMS9ob21lL21vZHVsZXMvcHl0aG9uMy9qb2JsaWIvMC4xNy4wIiwKZnVsbE5hbWUgPSAicHl0aG9uMy9qb2JsaWIvMC4xNy4wIiwKbG9hZE9yZGVyID0gMTEsCnByb3BUID0ge30sCnN0YWNrRGVwdGggPSAxLApzdGF0dXMgPSAiYWN0aXZlIiwKdXNlck5hbWUgPSAicHl0aG9uMy9qb2JsaWIiLAp3ViA9ICIwMDAwMDAwMDAuMDAwMDAwMDE3Lip6ZmluYWwiLAp9LApbInB5dGhvbjMvbnVtcHkiXSA9IHsKZm4gPSAiL3NhbGlsYWIvZGl2YTEvaG9tZS9tb2R1bGVzL3B5dGhvbjMvbnVtcHkvMS4xOS41IiwKZnVsbE5h\', \'LMOD_CMD\': \'/usr/share/lmod/lmod/libexec/lmod\', \'REQNAME\': \'test1\', \'IMP_BIN_DIR\': \'/wynton/group/sali/miha_rozic/Software/imp-develop/build/bin\', \'MPI_MAN\': \'/usr/share/man/openmpi-x86_64\', \'LESSOPEN\': \'||/usr/bin/lesspipe.sh %s\', \'OMP_NUM_THREADS\': \'1\', \'SGE_CLUSTER_NAME\': \'wynton_cluster\', \'LMOD_DIR\': \'/usr/share/lmod/lmod/libexec\', \'BASH_FUNC_which%%\': \'() {  ( alias;\\n eval ${which_declare} ) | /usr/bin/which --tty-only --read-alias --read-functions --show-tilde --show-dot $@\\n}\', \'BASH_FUNC_module%%\': \'() {  if [ -z "${LMOD_SH_DBG_ON+x}" ]; then\\n case "$-" in \\n *v*x*)\\n __lmod_sh_dbg=\\\'vx\\\'\\n ;;\\n *v*)\\n __lmod_sh_dbg=\\\'v\\\'\\n ;;\\n *x*)\\n __lmod_sh_dbg=\\\'x\\\'\\n ;;\\n esac;\\n fi;\\n if [ -n "${__lmod_sh_dbg:-}" ]; then\\n set +$__lmod_sh_dbg;\\n echo "Shell debugging temporarily silenced: export LMOD_SH_DBG_ON=1 for Lmod\\\'s output" 1>&2;\\n fi;\\n eval "$($LMOD_CMD shell "$@")" && eval "$(${LMOD_SETTARG_CMD:-:} -s sh)";\\n __lmod_my_status=$?;\\n if [ -n "${__lmod_sh_dbg:-}" ]; then\\n echo "Shell debugging restarted" 1>&2;\\n set -$__lmod_sh_dbg;\\n fi;\\n unset __lmod_sh_dbg;\\n return $__lmod_my_status\\n}\', \'BASH_FUNC_ml%%\': \'() {  eval "$($LMOD_DIR/ml_cmd "$@")"\\n}\', \'_\': \'/usr/lib64/openmpi/bin/mpirun\', \'IPATH_NO_BACKTRACE\': \'1\', \'HFI_NO_BACKTRACE\': \'1\', \'OMPI_MCA_orte_local_daemon_uri\': \'3735617536.0;tcp://172.26.39.35:40635\', \'OMPI_MCA_orte_hnp_uri\': \'3735617536.0;tcp://172.26.39.35:40635\', \'OMPI_MCA_mpi_oversubscribe\': \'0\', \'OMPI_MCA_orte_app_num\': \'0\', \'OMPI_UNIVERSE_SIZE\': \'16\', \'OMPI_MCA_orte_num_nodes\': \'1\', \'OMPI_MCA_shmem_RUNTIME_QUERY_hint\': \'mmap\', \'OMPI_MCA_orte_bound_at_launch\': \'1\', \'OMPI_MCA_ess\': \'^singleton\', \'OMPI_MCA_orte_ess_num_procs\': \'16\', \'OMPI_COMM_WORLD_SIZE\': \'16\', \'OMPI_COMM_WORLD_LOCAL_SIZE\': \'16\', \'OMPI_MCA_orte_tmpdir_base\': \'/scratch/707269.1.member.q\', \'OMPI_MCA_orte_top_session_dir\': \'/scratch/707269.1.member.q/ompi.qb3-id285.11149\', \'OMPI_MCA_orte_jobfam_session_dir\': \'/scratch/707269.1.member.q/ompi.qb3-id285.11149/pid.913032\', \'OMPI_NUM_APP_CTX\': \'1\', \'OMPI_FIRST_RANKS\': \'0\', \'OMPI_APP_CTX_NUM_PROCS\': \'16\', \'OMPI_MCA_initial_wdir\': \'/wynton/group/sali/miha_rozic/Input_information/SNAPSHOTS/central_directory/snapshot1_0min/run38\', \'OMPI_MCA_orte_launch\': \'1\', \'PMIX_NAMESPACE\': \'3735617537\', \'PMIX_RANK\': \'13\', \'PMIX_SERVER_URI2\': \'3735617536.0;tcp4://127.0.0.1:54195\', \'PMIX_SERVER_URI21\': \'3735617536.0;tcp4://127.0.0.1:54195\', \'PMIX_SECURITY_MODE\': \'native,none\', \'PMIX_PTL_MODULE\': \'tcp,usock\', \'PMIX_BFROP_BUFFER_TYPE\': \'PMIX_BFROP_BUFFER_NON_DESC\', \'PMIX_GDS_MODULE\': \'ds21,ds12,hash\', \'PMIX_SERVER_TMPDIR\': \'/scratch/707269.1.member.q/ompi.qb3-id285.11149/pid.913032\', \'PMIX_SYSTEM_TMPDIR\': \'/scratch/707269.1.member.q\', \'PMIX_DSTORE_21_BASE_PATH\': \'/scratch/707269.1.member.q/ompi.qb3-id285.11149/pid.913032/pmix_dstor_ds21_913032\', \'PMIX_DSTORE_ESH_BASE_PATH\': \'/scratch/707269.1.member.q/ompi.qb3-id285.11149/pid.913032/pmix_dstor_ds12_913032\', \'OMPI_MCA_ess_base_jobid\': \'3735617537\', \'OMPI_MCA_ess_base_vpid\': \'13\', \'OMPI_COMM_WORLD_RANK\': \'13\', \'OMPI_COMM_WORLD_LOCAL_RANK\': \'13\', \'OMPI_COMM_WORLD_NODE_RANK\': \'13\', \'OMPI_MCA_orte_ess_node_rank\': \'13\', \'PMIX_ID\': \'3735617537.13\', \'OMPI_FILE_LOCATION\': \'/scratch/707269.1.member.q/ompi.qb3-id285.11149/pid.913032/0/0\', \'KMP_DUPLICATE_LIB_OK\': \'True\', \'KMP_INIT_AT_FORK\': \'FALSE\'})', 'STAT2HEADER_IMP_VERSIONS': "{'IMP_VERSION': '2.21.0', 'PMI_VERSION': '2.21.0'}", 0: 'ReplicaExchange_SwapSuccessRatio', 1: 'ReplicaExchange_MinTempFrequency', 2: 'ReplicaExchange_MaxTempFrequency', 3: 'ReplicaExchange_CurrentTemp', 4: 'score'} 
{0: '0', 1: '0', 2: '0', 3: '2.212490124287102', 4: inf} 
{0: '0.0', 1: '0.0', 2: '0.0', 3: '2.212490124287102', 4: inf} 
{0: '0.0', 1: '0.0', 2: '0.0', 3: '2.212490124287102', 4: inf} 
{0: '0.0', 1: '0.0', 2: '0.0', 3: '2.212490124287102', 4: inf} 
{0: '0.0', 1: '0.0', 2: '0.0', 3: '2.212490124287102', 4: inf} 
{0: '0.0', 1: '0.0', 2: '0.0', 3: '2.212490124287102', 4: 1577.8662930252108} 
{0: '0.16666666666666666', 1: '0.0', 2: '0.0', 3: '2.351855716390306', 4: 1127.1420317336438} 
{0: '0.2857142857142857', 1: '0.0', 2: '0.0', 3: '2.500000000000003', 4: 548.9197703175113} 
{0: '0.25', 1: '0.0', 2: '0.0', 3: '2.500000000000003', 4: 425.3283759966373} 
{0: '0.3333333333333333', 1: '0.0', 2: '0.0', 3: '2.351855716390306', 4: 414.30054545045056} 
{0: '0.4', 1: '0.0', 2: '0.0', 3: '2.212490124287102', 4: 409.6612057277986} 
{0: '0.45454545454545453', 1: '0.0', 2: '0.0', 3: '2.081383018504685', 4: 414.40165062434556} 
{0: '0.5', 1: '0.0', 2: '0.0', 3: '1.958045020027179', 4: 409.6271210942744} 
{0: '0.5384615384615384', 1: '0.0', 2: '0.0', 3: '1.842015749320195', 4: 411.35191353452376} 
{0: '0.5714285714285714', 1: '0.0', 2: '0.0', 3: '1.7328621078878674', 4: 409.46191316859193} 
{0: '0.5333333333333333', 1: '0.0', 2: '0.0', 3: '1.7328621078878674', 4: 408.8680797664279} 
{0: '0.5625', 1: '0.0', 2: '0.0', 3: '1.842015749320195', 4: 423.5630164514028} 
{0: '0.5882352941176471', 1: '0.0', 2: '0.0', 3: '1.958045020027179', 4: 414.43413626310655} 
{0: '0.6111111111111112', 1: '0.0', 2: '0.0', 3: '2.081383018504685', 4: 414.37511174289915} 
{0: '0.631578947368421', 1: '0.0', 2: '0.0', 3: '2.212490124287102', 4: 427.2491443256668} 
{0: '0.65', 1: '0.0', 2: '0.0', 3: '2.351855716390306', 4: 414.0832400372291} 
{0: '0.6190476190476191', 1: '0.0', 2: '0.0', 3: '2.351855716390306', 4: 419.08685589373533} 
{0: '0.6363636363636364', 1: '0.0', 2: '0.0', 3: '2.212490124287102', 4: 412.71327534883915} 
{0: '0.6521739130434783', 1: '0.0', 2: '0.0', 3: '2.081383018504685', 4: 410.4251864123699} 
{0: '0.625', 1: '0.0', 2: '0.0', 3: '2.081383018504685', 4: 415.24086805320064} 
{0: '0.6', 1: '0.0', 2: '0.0', 3: '2.081383018504685', 4: 416.66807634406047} 
{0: '0.6153846153846154', 1: '0.0', 2: '0.0', 3: '1.958045020027179', 4: 407.6821755949477} 
{0: '0.6296296296296297', 1: '0.0', 2: '0.0', 3: '1.842015749320195', 4: 413.3241902386506} 
{0: '0.6428571428571429', 1: '0.0', 2: '0.0', 3: '1.7328621078878674', 4: 407.3075729460031} 
{0: '0.6206896551724138', 1: '0.0', 2: '0.0', 3: '1.7328621078878674', 4: 412.51970575334286} 
{0: '0.6333333333333333', 1: '0.0', 2: '0.0', 3: '1.842015749320195', 4: 418.6257845884612} 
{0: '0.6451612903225806', 1: '0.0', 2: '0.0', 3: '1.958045020027179', 4: 412.61018570002125} 
{0: '0.65625', 1: '0.0', 2: '0.0', 3: '2.081383018504685', 4: 413.2287731695865} 
{0: '0.6363636363636364', 1: '0.0', 2: '0.0', 3: '2.081383018504685', 4: 412.5140374605918} 
{0: '0.6470588235294118', 1: '0.0', 2: '0.0', 3: '1.958045020027179', 4: 411.14723423082233} 
{0: '0.6571428571428571', 1: '0.0', 2: '0.0', 3: '1.842015749320195', 4: 413.4173581335652} 
{0: '0.6388888888888888', 1: '0.0', 2: '0.0', 3: '1.842015749320195', 4: 413.01229721377047} 
{0: '0.6486486486486487', 1: '0.0', 2: '0.0', 3: '1.958045020027179', 4: 411.2207634303227} 
{0: '0.6578947368421053', 1: '0.0', 2: '0.0', 3: '2.081383018504685', 4: 409.3735560778605} 
{0: '0.6666666666666666', 1: '0.0', 2: '0.0', 3: '2.212490124287102', 4: 406.5527856245645} 
{0: '0.675', 1: '0.0', 2: '0.0', 3: '2.351855716390306', 4: 421.78093165929107} 
{0: '0.6585365853658537', 1: '0.0', 2: '0.0', 3: '2.351855716390306', 4: 414.7533653143167} 
{0: '0.6666666666666666', 1: '0.0', 2: '0.0', 3: '2.212490124287102', 4: 412.93141494149114} 
{0: '0.6744186046511628', 1: '0.0', 2: '0.0', 3: '2.081383018504685', 4: 418.64299666769915} 
{0: '0.6818181818181818', 1: '0.0', 2: '0.0', 3: '1.958045020027179', 4: 411.60377576083675} 
{0: '0.6888888888888889', 1: '0.0', 2: '0.0', 3: '1.842015749320195', 4: 418.13995850968587} 
{0: '0.6956521739130435', 1: '0.0', 2: '0.0', 3: '1.7328621078878674', 4: 420.0961029252809} 
{0: '0.6808510638297872', 1: '0.0', 2: '0.0', 3: '1.7328621078878674', 4: 407.7410458204194} 
{0: '0.6875', 1: '0.0', 2: '0.0', 3: '1.842015749320195', 4: 408.2442361046734} 
{0: '0.6938775510204082', 1: '0.0', 2: '0.0', 3: '1.958045020027179', 4: 416.25348835546447} 
{0: '0.7', 1: '0.0', 2: '0.0', 3: '2.081383018504685', 4: 411.4096947445906} 
{0: '0.7058823529411765', 1: '0.0', 2: '0.0', 3: '2.212490124287102', 4: 416.22196276879214} 
{0: '0.6923076923076923', 1: '0.0', 2: '0.0', 3: '2.212490124287102', 4: 413.903027351332} 
{0: '0.6981132075471698', 1: '0.0', 2: '0.0', 3: '2.081383018504685', 4: 412.7813052786375} 
{0: '0.6851851851851852', 1: '0.0', 2: '0.0', 3: '2.081383018504685', 4: 407.72404574209696} 
{0: '0.6909090909090909', 1: '0.0', 2: '0.0', 3: '2.212490124287102', 4: 420.609745220755} 
{0: '0.6964285714285714', 1: '0.0', 2: '0.0', 3: '2.351855716390306', 4: 415.70726660432655} 
{0: '0.7017543859649122', 1: '0.0', 2: '0.0', 3: '2.500000000000003', 4: 423.7854653548706} 
{0: '0.6896551724137931', 1: '0.0', 2: '0.0', 3: '2.500000000000003', 4: 415.7464688927294} 
{0: '0.6949152542372882', 1: '0.0', 2: '0.0', 3: '2.351855716390306', 4: 416.17633648992955} 
{0: '0.7', 1: '0.0', 2: '0.0', 3: '2.212490124287102', 4: 422.29108576971083} 
{0: '0.6885245901639344', 1: '0.0', 2: '0.0', 3: '2.212490124287102', 4: 420.88308587915253} 
{0: '0.6935483870967742', 1: '0.0', 2: '0.0', 3: '2.351855716390306', 4: 421.18175485168433} 
{0: '0.6984126984126984', 1: '0.0', 2: '0.0', 3: '2.500000000000003', 4: 417.39508334384516} 
{0: '0.6875', 1: '0.0', 2: '0.0', 3: '2.500000000000003', 4: 413.5709484251328} 
{0: '0.6923076923076923', 1: '0.0', 2: '0.0', 3: '2.351855716390306', 4: 418.0081825911655} 
{0: '0.696969696969697', 1: '0.0', 2: '0.0', 3: '2.212490124287102', 4: 413.9697036660588} 
{0: '0.7014925373134329', 1: '0.0', 2: '0.0', 3: '2.081383018504685', 4: 420.34719102490595} 
{0: '0.7058823529411765', 1: '0.0', 2: '0.0', 3: '1.958045020027179', 4: 412.2255765128071} 
{0: '0.7101449275362319', 1: '0.0', 2: '0.0', 3: '1.842015749320195', 4: 411.66346567518514} 
{0: '0.7', 1: '0.0', 2: '0.0', 3: '1.842015749320195', 4: 412.8609690010888} 
{0: '0.704225352112676', 1: '0.0', 2: '0.0', 3: '1.958045020027179', 4: 426.6577533191805} 
{0: '0.7083333333333334', 1: '0.0', 2: '0.0', 3: '2.081383018504685', 4: 416.94356395262986} 
{0: '0.7123287671232876', 1: '0.0', 2: '0.0', 3: '2.212490124287102', 4: 416.7958922135101} 
{0: '0.7162162162162162', 1: '0.0', 2: '0.0', 3: '2.351855716390306', 4: 418.19470989688773} 
{0: '0.7066666666666667', 1: '0.0', 2: '0.0', 3: '2.351855716390306', 4: 420.0033388281321} 
{0: '0.7105263157894737', 1: '0.0', 2: '0.0', 3: '2.212490124287102', 4: 411.6167815246436} 
{0: '0.7142857142857143', 1: '0.0', 2: '0.0', 3: '2.081383018504685', 4: 422.0444161354338} 
{0: '0.717948717948718', 1: '0.0', 2: '0.0', 3: '1.958045020027179', 4: 418.47611624247986} 
{0: '0.7215189873417721', 1: '0.0', 2: '0.0', 3: '1.842015749320195', 4: 413.886472186525} 
{0: '0.725', 1: '0.0', 2: '0.0', 3: '1.7328621078878674', 4: 414.37555740649094} 
{0: '0.7160493827160493', 1: '0.0', 2: '0.0', 3: '1.7328621078878674', 4: 403.5982688572435} 
{0: '0.7195121951219512', 1: '0.0', 2: '0.0', 3: '1.842015749320195', 4: 411.9311246920869} 
{0: '0.7228915662650602', 1: '0.0', 2: '0.0', 3: '1.958045020027179', 4: 423.1221980274133} 
{0: '0.7261904761904762', 1: '0.0', 2: '0.0', 3: '2.081383018504685', 4: 409.64526830344874} 
{0: '0.7294117647058823', 1: '0.0', 2: '0.0', 3: '2.212490124287102', 4: 407.4072744189878} 
{0: '0.7325581395348837', 1: '0.0', 2: '0.0', 3: '2.351855716390306', 4: 418.8293368150634} 
{0: '0.735632183908046', 1: '0.0', 2: '0.0', 3: '2.500000000000003', 4: 423.83753035055577} 
{0: '0.7272727272727273', 1: '0.0', 2: '0.0', 3: '2.500000000000003', 4: 411.2103780842897} 
{0: '0.7303370786516854', 1: '0.0', 2: '0.0', 3: '2.351855716390306', 4: 408.20013670896134} 
{0: '0.7333333333333333', 1: '0.0', 2: '0.0', 3: '2.212490124287102', 4: 409.74891747082575} 
{0: '0.7362637362637363', 1: '0.0', 2: '0.0', 3: '2.081383018504685', 4: 417.72674805615196} 
{0: '0.7391304347826086', 1: '0.0', 2: '0.0', 3: '1.958045020027179', 4: 413.6542425127957} 
{0: '0.7311827956989247', 1: '0.0', 2: '0.0', 3: '1.958045020027179', 4: 412.74865975853464} 
{0: '0.7340425531914894', 1: '0.0', 2: '0.0', 3: '2.081383018504685', 4: 393.21558667349393} 
{0: '0.7368421052631579', 1: '0.0', 2: '0.0', 3: '2.212490124287102', 4: 397.9707671726314} 
{0: '0.7395833333333334', 1: '0.0', 2: '0.0', 3: '2.351855716390306', 4: 400.4640293971801} 
{0: '0.7422680412371134', 1: '0.0', 2: '0.0', 3: '2.500000000000003', 4: 398.1130924234063} 
{0: '0.7346938775510204', 1: '0.0', 2: '0.0', 3: '2.500000000000003', 4: 405.9046166685317} 
{0: '0.7373737373737373', 1: '0.0', 2: '0.0', 3: '2.351855716390306', 4: 395.4960459723269} 
{0: '0.74', 1: '0.0', 2: '0.0', 3: '2.212490124287102', 4: 403.87781982317773} 
{0: '0.7425742574257426', 1: '0.0', 2: '0.0', 3: '2.081383018504685', 4: 389.89092039297464} 
{0: '0.7352941176470589', 1: '0.0', 2: '0.0', 3: '2.081383018504685', 4: 392.5810912325535} 
{0: '0.7281553398058253', 1: '0.0', 2: '0.0', 3: '2.081383018504685', 4: 383.1815934735033} 
{0: '0.7307692307692307', 1: '0.0', 2: '0.0', 3: '1.958045020027179', 4: 377.164846923849} 
{0: '0.7333333333333333', 1: '0.0', 2: '0.0', 3: '1.842015749320195', 4: 387.50382251268906} 
{0: '0.7358490566037735', 1: '0.0', 2: '0.0', 3: '1.7328621078878674', 4: 389.5247375435293} 
{0: '0.7383177570093458', 1: '0.0', 2: '0.0', 3: '1.6301766616608926', 4: 382.2634106355} 
{0: '0.7314814814814815', 1: '0.0', 2: '0.0', 3: '1.6301766616608926', 4: 382.6417420048143} 
{0: '0.7339449541284404', 1: '0.0', 2: '0.0', 3: '1.7328621078878674', 4: 382.0702313182481} 
{0: '0.7272727272727273', 1: '0.0', 2: '0.0', 3: '1.7328621078878674', 4: 378.780263657862} 
{0: '0.7297297297297297', 1: '0.0', 2: '0.0', 3: '1.6301766616608926', 4: 385.92758854177606} 
{0: '0.7232142857142857', 1: '0.0', 2: '0.0', 3: '1.6301766616608926', 4: 379.74954729652984} 
{0: '0.7256637168141593', 1: '0.0', 2: '0.0', 3: '1.7328621078878674', 4: 390.0162444354915} 
{0: '0.7280701754385965', 1: '0.0', 2: '0.0', 3: '1.842015749320195', 4: 403.64566767753814} 
{0: '0.7304347826086957', 1: '0.0', 2: '0.0', 3: '1.958045020027179', 4: 383.04839777177347} 
{0: '0.7241379310344828', 1: '0.0', 2: '0.0', 3: '1.958045020027179', 4: 385.0421771333689} 
{0: '0.7264957264957265', 1: '0.0', 2: '0.0', 3: '1.842015749320195', 4: 391.2364533055202} 
{0: '0.7203389830508474', 1: '0.0', 2: '0.0', 3: '1.842015749320195', 4: 381.6433696910611} 
{0: '0.7226890756302521', 1: '0.0', 2: '0.0', 3: '1.958045020027179', 4: 389.5375729693537} 
{0: '0.725', 1: '0.0', 2: '0.0', 3: '2.081383018504685', 4: 388.89339563807516} 
{0: '0.7272727272727273', 1: '0.0', 2: '0.0', 3: '2.212490124287102', 4: 385.3995151221567} 
{0: '0.7295081967213115', 1: '0.0', 2: '0.0', 3: '2.351855716390306', 4: 389.57205406805383} 
{0: '0.7317073170731707', 1: '0.0', 2: '0.0', 3: '2.500000000000003', 4: 386.21831189129136} 
{0: '0.7258064516129032', 1: '0.0', 2: '0.0', 3: '2.500000000000003', 4: 389.1968972102985} 
{0: '0.728', 1: '0.0', 2: '0.0', 3: '2.351855716390306', 4: 383.7733332320023} 
{0: '0.7301587301587301', 1: '0.0', 2: '0.0', 3: '2.212490124287102', 4: 380.71790545757665} 
{0: '0.7322834645669292', 1: '0.0', 2: '0.0', 3: '2.081383018504685', 4: 387.21007839653095} 
{0: '0.734375', 1: '0.0', 2: '0.0', 3: '1.958045020027179', 4: 391.81352538095274} 
{0: '0.7364341085271318', 1: '0.0', 2: '0.0', 3: '1.842015749320195', 4: 391.5069141216578} 
{0: '0.7307692307692307', 1: '0.0', 2: '0.0', 3: '1.842015749320195', 4: 386.52518356803694} 
{0: '0.7251908396946565', 1: '0.0', 2: '0.0', 3: '1.842015749320195', 4: 379.40935857297364} 
{0: '0.7272727272727273', 1: '0.0', 2: '0.0', 3: '1.7328621078878674', 4: 381.09828024057816} 
{0: '0.7218045112781954', 1: '0.0', 2: '0.0', 3: '1.7328621078878674', 4: 377.14989321146624} 
{0: '0.7238805970149254', 1: '0.0', 2: '0.0', 3: '1.842015749320195', 4: 392.87550108272364} 
{0: '0.725925925925926', 1: '0.0', 2: '0.0', 3: '1.958045020027179', 4: 395.3727905419814} 
{0: '0.7279411764705882', 1: '0.0', 2: '0.0', 3: '2.081383018504685', 4: 390.8910171328706} 
{0: '0.7226277372262774', 1: '0.0', 2: '0.0', 3: '2.081383018504685', 4: 386.65148440786487} 
{0: '0.7246376811594203', 1: '0.0', 2: '0.0', 3: '1.958045020027179', 4: 376.9538099095243} 
{0: '0.7266187050359713', 1: '0.0', 2: '0.0', 3: '1.842015749320195', 4: 383.1292653072633} 
{0: '0.7285714285714285', 1: '0.0', 2: '0.0', 3: '1.7328621078878674', 4: 386.2708890829859} 
{0: '0.7304964539007093', 1: '0.0', 2: '0.0', 3: '1.6301766616608926', 4: 396.98242420441994} 
{0: '0.7323943661971831', 1: '0.0', 2: '0.0', 3: '1.5335761201812925', 4: 392.47458479386404} 
{0: '0.7342657342657343', 1: '0.0', 2: '0.0', 3: '1.4426999059072143', 4: 380.47538622183464} 
{0: '0.7291666666666666', 1: '0.0', 2: '0.0', 3: '1.4426999059072143', 4: 384.2211202312567} 
{0: '0.7310344827586207', 1: '0.0', 2: '0.0', 3: '1.5335761201812925', 4: 384.9980878279384} 
{0: '0.7328767123287672', 1: '0.0', 2: '0.0', 3: '1.6301766616608926', 4: 383.2308524376079} 
{0: '0.7346938775510204', 1: '0.0', 2: '0.0', 3: '1.7328621078878674', 4: 381.85244267555476} 
{0: '0.7364864864864865', 1: '0.0', 2: '0.0', 3: '1.842015749320195', 4: 388.87187510220576} 
{0: '0.738255033557047', 1: '0.0', 2: '0.0', 3: '1.958045020027179', 4: 389.33633490139465} 
{0: '0.74', 1: '0.0', 2: '0.0', 3: '2.081383018504685', 4: 384.06179878318494} 
{0: '0.7417218543046358', 1: '0.0', 2: '0.0', 3: '2.212490124287102', 4: 392.65658393776044} 
{0: '0.743421052631579', 1: '0.0', 2: '0.0', 3: '2.351855716390306', 4: 390.45174611378786} 
{0: '0.738562091503268', 1: '0.0', 2: '0.0', 3: '2.351855716390306', 4: 389.8913051700543} 
{0: '0.7402597402597403', 1: '0.0', 2: '0.0', 3: '2.212490124287102', 4: 385.5016607990919} 
{0: '0.7419354838709677', 1: '0.0', 2: '0.0', 3: '2.081383018504685', 4: 388.876657588355} 
{0: '0.7435897435897436', 1: '0.0', 2: '0.0', 3: '1.958045020027179', 4: 388.4998811185073} 
{0: '0.7452229299363057', 1: '0.0', 2: '0.0', 3: '1.842015749320195', 4: 379.48949730519115} 
{0: '0.7468354430379747', 1: '0.0', 2: '0.0', 3: '1.7328621078878674', 4: 387.11442300297153} 
{0: '0.7484276729559748', 1: '0.0', 2: '0.0', 3: '1.6301766616608926', 4: 396.2396816602557} 
{0: '0.74375', 1: '0.0', 2: '0.0', 3: '1.6301766616608926', 4: 394.2115006538444} 
{0: '0.7453416149068323', 1: '0.0', 2: '0.0', 3: '1.7328621078878674', 4: 388.26609460388363} 
{0: '0.7469135802469136', 1: '0.0', 2: '0.0', 3: '1.842015749320195', 4: 380.4051092088511} 
{0: '0.7423312883435583', 1: '0.0', 2: '0.0', 3: '1.842015749320195', 4: 383.36504019602137} 
{0: '0.7439024390243902', 1: '0.0', 2: '0.0', 3: '1.7328621078878674', 4: 393.946359122842} 
{0: '0.7393939393939394', 1: '0.0', 2: '0.0', 3: '1.7328621078878674', 4: 384.9680885954093} 
{0: '0.7409638554216867', 1: '0.0', 2: '0.0', 3: '1.842015749320195', 4: 386.4158372253823} 
{0: '0.7425149700598802', 1: '0.0', 2: '0.0', 3: '1.958045020027179', 4: 389.20472379530787} 
{0: '0.7440476190476191', 1: '0.0', 2: '0.0', 3: '2.081383018504685', 4: 408.26463372050017} 
{0: '0.7455621301775148', 1: '0.0', 2: '0.0', 3: '2.212490124287102', 4: 397.29704141427027} 
{0: '0.7470588235294118', 1: '0.0', 2: '0.0', 3: '2.351855716390306', 4: 400.3982610442006} 
{0: '0.7426900584795322', 1: '0.0', 2: '0.0', 3: '2.351855716390306', 4: 403.4073080436477} 
{0: '0.7441860465116279', 1: '0.0', 2: '0.0', 3: '2.212490124287102', 4: 389.4950252631026} 
{0: '0.7456647398843931', 1: '0.0', 2: '0.0', 3: '2.081383018504685', 4: 393.01563566755675} 
{0: '0.7413793103448276', 1: '0.0', 2: '0.0', 3: '2.081383018504685', 4: 389.97373208776924} 
{0: '0.7428571428571429', 1: '0.0', 2: '0.0', 3: '2.212490124287102', 4: 389.6095927588787} 
{0: '0.7386363636363636', 1: '0.0', 2: '0.0', 3: '2.212490124287102', 4: 389.4670858519579} 
{0: '0.7401129943502824', 1: '0.0', 2: '0.0', 3: '2.081383018504685', 4: 394.24666964696473} 
{0: '0.7415730337078652', 1: '0.0', 2: '0.0', 3: '1.958045020027179', 4: 378.27043713278294} 
{0: '0.7430167597765364', 1: '0.0', 2: '0.0', 3: '1.842015749320195', 4: 396.73737564864365} 
{0: '0.7388888888888889', 1: '0.0', 2: '0.0', 3: '1.842015749320195', 4: 409.95671078039015} 
{0: '0.7403314917127072', 1: '0.0', 2: '0.0', 3: '1.958045020027179', 4: 388.23641868736894} 
{0: '0.7417582417582418', 1: '0.0', 2: '0.0', 3: '2.081383018504685', 4: 400.0036175617155} 
{0: '0.7431693989071039', 1: '0.0', 2: '0.0', 3: '2.212490124287102', 4: 382.8883422441605} 
{0: '0.7391304347826086', 1: '0.0', 2: '0.0', 3: '2.212490124287102', 4: 399.9963716362183} 
{0: '0.7351351351351352', 1: '0.0', 2: '0.0', 3: '2.212490124287102', 4: 389.7373194322544} 
{0: '0.7365591397849462', 1: '0.0', 2: '0.0', 3: '2.351855716390306', 4: 390.91666643303836} 
{0: '0.7379679144385026', 1: '0.0', 2: '0.0', 3: '2.500000000000003', 4: 386.71393539942966} 
{0: '0.7340425531914894', 1: '0.0', 2: '0.0', 3: '2.500000000000003', 4: 386.8742028337991} 
{0: '0.7354497354497355', 1: '0.0', 2: '0.0', 3: '2.351855716390306', 4: 385.36403450541434} 
{0: '0.7368421052631579', 1: '0.0', 2: '0.0', 3: '2.212490124287102', 4: 384.58428267148537} 
{0: '0.7382198952879581', 1: '0.0', 2: '0.0', 3: '2.081383018504685', 4: 396.71351177240837} 
{0: '0.7395833333333334', 1: '0.0', 2: '0.0', 3: '1.958045020027179', 4: 394.25098694314596} 
{0: '0.7409326424870466', 1: '0.0', 2: '0.0', 3: '1.842015749320195', 4: 387.1589145996037} 
{0: '0.7422680412371134', 1: '0.0', 2: '0.0', 3: '1.7328621078878674', 4: 385.2166600165109} 
{0: '0.7435897435897436', 1: '0.0', 2: '0.0', 3: '1.6301766616608926', 4: 380.4061842764185} 
{0: '0.7448979591836735', 1: '0.0', 2: '0.0', 3: '1.5335761201812925', 4: 384.11926477387044} 
{0: '0.7461928934010152', 1: '0.0', 2: '0.0', 3: '1.4426999059072143', 4: 384.112547752997} 
{0: '0.7424242424242424', 1: '0.0', 2: '0.0', 3: '1.4426999059072143', 4: 394.07600436940197} 
{0: '0.7437185929648241', 1: '0.0', 2: '0.0', 3: '1.5335761201812925', 4: 384.1846791909217} 
{0: '0.745', 1: '0.0', 2: '0.0', 3: '1.6301766616608926', 4: 380.23424452014365} 
{0: '0.746268656716418', 1: '0.0', 2: '0.0', 3: '1.7328621078878674', 4: 394.66246553294565} 
{0: '0.7425742574257426', 1: '0.0', 2: '0.0', 3: '1.7328621078878674', 4: 382.53049524337064} 
{0: '0.7438423645320197', 1: '0.0', 2: '0.0', 3: '1.6301766616608926', 4: 385.485037536395} 
{0: '0.7401960784313726', 1: '0.0', 2: '0.0', 3: '1.6301766616608926', 4: 382.1110000695764} 
{0: '0.7414634146341463', 1: '0.0', 2: '0.0', 3: '1.7328621078878674', 4: 382.7410349790566} 
{0: '0.7427184466019418', 1: '0.0', 2: '0.0', 3: '1.842015749320195', 4: 392.44305945962924} 
{0: '0.7439613526570048', 1: '0.0', 2: '0.0', 3: '1.958045020027179', 4: 384.67191046531366} 
{0: '0.7451923076923077', 1: '0.0', 2: '0.0', 3: '2.081383018504685', 4: 389.9591979203105} 
{0: '0.7416267942583732', 1: '0.0', 2: '0.0', 3: '2.081383018504685', 4: 385.4195600528264} 
{0: '0.7428571428571429', 1: '0.0', 2: '0.0', 3: '1.958045020027179', 4: 380.9712651715819} 
{0: '0.7440758293838863', 1: '0.0', 2: '0.0', 3: '1.842015749320195', 4: 382.6152717589744} 
{0: '0.7452830188679245', 1: '0.0', 2: '0.0', 3: '1.7328621078878674', 4: 389.0220968814388} 
{0: '0.7464788732394366', 1: '0.0', 2: '0.0', 3: '1.6301766616608926', 4: 385.4617279127006} 
{0: '0.7476635514018691', 1: '0.0', 2: '0.0', 3: '1.5335761201812925', 4: 396.99430005288923} 
{0: '0.7441860465116279', 1: '0.0', 2: '0.0', 3: '1.5335761201812925', 4: 379.3632673114435} 
{0: '0.7453703703703703', 1: '0.0', 2: '0.0', 3: '1.6301766616608926', 4: 384.2936734783973} 
{0: '0.7465437788018433', 1: '0.0', 2: '0.0', 3: '1.7328621078878674', 4: 386.9514495877456} 
{0: '0.7477064220183486', 1: '0.0', 2: '0.0', 3: '1.842015749320195', 4: 385.1536325527581} 
{0: '0.7442922374429224', 1: '0.0', 2: '0.0', 3: '1.842015749320195', 4: 389.07119770692015} 
{0: '0.7454545454545455', 1: '0.0', 2: '0.0', 3: '1.7328621078878674', 4: 383.1626736387738} 
{0: '0.746606334841629', 1: '0.0', 2: '0.0', 3: '1.6301766616608926', 4: 399.3357414797497} 
{0: '0.7432432432432432', 1: '0.0', 2: '0.0', 3: '1.6301766616608926', 4: 386.9004193554817} 
{0: '0.7443946188340808', 1: '0.0', 2: '0.0', 3: '1.7328621078878674', 4: 386.24217042462544} 
{0: '0.7455357142857143', 1: '0.0', 2: '0.0', 3: '1.842015749320195', 4: 407.982477124968} 
{0: '0.7466666666666667', 1: '0.0', 2: '0.0', 3: '1.958045020027179', 4: 386.17877014427984} 
{0: '0.7477876106194691', 1: '0.0', 2: '0.0', 3: '2.081383018504685', 4: 388.89644005086035} 
{0: '0.748898678414097', 1: '0.0', 2: '0.0', 3: '2.212490124287102', 4: 388.0227271509779} 
{0: '0.75', 1: '0.0', 2: '0.0', 3: '2.351855716390306', 4: 380.12909639700734} 
{0: '0.7467248908296943', 1: '0.0', 2: '0.0', 3: '2.351855716390306', 4: 390.224919004998} 
{0: '0.7478260869565218', 1: '0.0', 2: '0.0', 3: '2.212490124287102', 4: 391.6026489536873} 
{0: '0.7489177489177489', 1: '0.0', 2: '0.0', 3: '2.081383018504685', 4: 395.4409369641001} 
{0: '0.7456896551724138', 1: '0.0', 2: '0.0', 3: '2.081383018504685', 4: 397.77487362257136} 
{0: '0.7424892703862661', 1: '0.0', 2: '0.0', 3: '2.081383018504685', 4: 387.3125821238609} 
{0: '0.7435897435897436', 1: '0.0', 2: '0.0', 3: '1.958045020027179', 4: 384.2940844621989} 
{0: '0.7404255319148936', 1: '0.0', 2: '0.0', 3: '1.958045020027179', 4: 390.3775516294866} 
{0: '0.7372881355932204', 1: '0.0', 2: '0.0', 3: '1.958045020027179', 4: 394.6202572023596} 
{0: '0.7383966244725738', 1: '0.0', 2: '0.0', 3: '1.842015749320195', 4: 392.5567182271215} 
{0: '0.7352941176470589', 1: '0.0', 2: '0.0', 3: '1.842015749320195', 4: 386.89492592207944} 
{0: '0.7322175732217573', 1: '0.0', 2: '0.0', 3: '1.842015749320195', 4: 392.91689175211894} 
{0: '0.7333333333333333', 1: '0.0', 2: '0.0', 3: '1.7328621078878674', 4: 391.15707012149426} 
{0: '0.7302904564315352', 1: '0.0', 2: '0.0', 3: '1.7328621078878674', 4: 384.5689528742744} 
{0: '0.731404958677686', 1: '0.0', 2: '0.0', 3: '1.842015749320195', 4: 385.6183027758858} 
{0: '0.7325102880658436', 1: '0.0', 2: '0.0', 3: '1.958045020027179', 4: 387.9801927528028} 
{0: '0.7336065573770492', 1: '0.0', 2: '0.0', 3: '2.081383018504685', 4: 391.4595137799249} 
{0: '0.7306122448979592', 1: '0.0', 2: '0.0', 3: '2.081383018504685', 4: 377.7882131235894} 
{0: '0.7317073170731707', 1: '0.0', 2: '0.0', 3: '1.958045020027179', 4: 388.0334200625147} 
{0: '0.7327935222672065', 1: '0.0', 2: '0.0', 3: '1.842015749320195', 4: 396.4765175517672} 
{0: '0.7338709677419355', 1: '0.0', 2: '0.0', 3: '1.7328621078878674', 4: 384.58284097673163} 
{0: '0.7349397590361446', 1: '0.0', 2: '0.0', 3: '1.6301766616608926', 4: 385.53128184577406} 
{0: '0.736', 1: '0.0', 2: '0.0', 3: '1.5335761201812925', 4: 379.6288322282745} 
{0: '0.7330677290836654', 1: '0.0', 2: '0.0', 3: '1.5335761201812925', 4: 392.68643907561415} 
{0: '0.7341269841269841', 1: '0.0', 2: '0.0', 3: '1.6301766616608926', 4: 391.5041023182059} 
{0: '0.7351778656126482', 1: '0.0', 2: '0.0', 3: '1.7328621078878674', 4: 381.98905954384446} 
{0: '0.7362204724409449', 1: '0.0', 2: '0.0', 3: '1.842015749320195', 4: 383.40273999463903} 
{0: '0.7372549019607844', 1: '0.0', 2: '0.0', 3: '1.958045020027179', 4: 384.0948825156784} 
{0: '0.73828125', 1: '0.0', 2: '0.0', 3: '2.081383018504685', 4: 385.836038534375} 
{0: '0.7392996108949417', 1: '0.0', 2: '0.0', 3: '2.212490124287102', 4: 396.8843555739423} 
{0: '0.7403100775193798', 1: '0.0', 2: '0.0', 3: '2.351855716390306', 4: 396.5417154427691} 
{0: '0.7413127413127413', 1: '0.0', 2: '0.0', 3: '2.500000000000003', 4: 388.43085944995045} 
{0: '0.7384615384615385', 1: '0.0', 2: '0.0', 3: '2.500000000000003', 4: 393.50901177018176} 
{0: '0.7394636015325671', 1: '0.0', 2: '0.0', 3: '2.351855716390306', 4: 388.0867863934512} 
{0: '0.7404580152671756', 1: '0.0', 2: '0.0', 3: '2.212490124287102', 4: 385.51747244001905} 
{0: '0.7414448669201521', 1: '0.0', 2: '0.0', 3: '2.081383018504685', 4: 382.9993903121979} 
{0: '0.7424242424242424', 1: '0.0', 2: '0.0', 3: '1.958045020027179', 4: 394.19287490617273} 
{0: '0.7433962264150943', 1: '0.0', 2: '0.0', 3: '1.842015749320195', 4: 381.6861963954476} 
{0: '0.7406015037593985', 1: '0.0', 2: '0.0', 3: '1.842015749320195', 4: 393.050502048426} 
{0: '0.7415730337078652', 1: '0.0', 2: '0.0', 3: '1.958045020027179', 4: 389.30108741430206} 
{0: '0.7425373134328358', 1: '0.0', 2: '0.0', 3: '2.081383018504685', 4: 386.5269460962241} 
{0: '0.7434944237918215', 1: '0.0', 2: '0.0', 3: '2.212490124287102', 4: 392.23024129060025} 
{0: '0.7407407407407407', 1: '0.0', 2: '0.0', 3: '2.212490124287102', 4: 398.1949712636409} 
{0: '0.7416974169741697', 1: '0.0', 2: '0.0', 3: '2.081383018504685', 4: 391.51194237241936} 
{0: '0.7426470588235294', 1: '0.0', 2: '0.0', 3: '1.958045020027179', 4: 391.4793827844062} 
{0: '0.7435897435897436', 1: '0.0', 2: '0.0', 3: '1.842015749320195', 4: 394.3386937658901} 
{0: '0.7445255474452555', 1: '0.0', 2: '0.0', 3: '1.7328621078878674', 4: 392.1785972354376} 
{0: '0.7418181818181818', 1: '0.0', 2: '0.0', 3: '1.7328621078878674', 4: 388.896891799404} 
{0: '0.7427536231884058', 1: '0.0', 2: '0.0', 3: '1.842015749320195', 4: 393.62153876079975} 
{0: '0.740072202166065', 1: '0.0', 2: '0.0', 3: '1.842015749320195', 4: 396.5405399410586} 
{0: '0.7410071942446043', 1: '0.0', 2: '0.0', 3: '1.7328621078878674', 4: 390.1831564899262} 
{0: '0.7383512544802867', 1: '0.0', 2: '0.0', 3: '1.7328621078878674', 4: 387.6110392317747} 
{0: '0.7392857142857143', 1: '0.0', 2: '0.0', 3: '1.842015749320195', 4: 387.49793974051363} 
{0: '0.7402135231316725', 1: '0.0', 2: '0.0', 3: '1.958045020027179', 4: 392.5684106676291} 
{0: '0.7411347517730497', 1: '0.0', 2: '0.0', 3: '2.081383018504685', 4: 386.67243585706336} 
{0: '0.7420494699646644', 1: '0.0', 2: '0.0', 3: '2.212490124287102', 4: 387.35198119645185} 
{0: '0.7394366197183099', 1: '0.0', 2: '0.0', 3: '2.212490124287102', 4: 391.80371813923176} 
{0: '0.7403508771929824', 1: '0.0', 2: '0.0', 3: '2.081383018504685', 4: 387.5036856303461} 
{0: '0.7412587412587412', 1: '0.0', 2: '0.0', 3: '1.958045020027179', 4: 397.0830480662362} 
{0: '0.7421602787456446', 1: '0.0', 2: '0.0', 3: '1.842015749320195', 4: 395.6689267012781} 
{0: '0.7430555555555556', 1: '0.0', 2: '0.0', 3: '1.7328621078878674', 4: 390.88987388703265} 
{0: '0.7439446366782007', 1: '0.0', 2: '0.0', 3: '1.6301766616608926', 4: 375.5918996200111} 
{0: '0.7448275862068966', 1: '0.0', 2: '0.0', 3: '1.5335761201812925', 4: 379.3277888199379} 
{0: '0.7422680412371134', 1: '0.0', 2: '0.0', 3: '1.5335761201812925', 4: 389.1511165447877} 
{0: '0.7431506849315068', 1: '0.0', 2: '0.0', 3: '1.6301766616608926', 4: 390.746456873334} 
{0: '0.7440273037542662', 1: '0.0', 2: '0.0', 3: '1.7328621078878674', 4: 385.4207313359937} 
{0: '0.7448979591836735', 1: '0.0', 2: '0.0', 3: '1.842015749320195', 4: 387.3755809589032} 
{0: '0.7423728813559322', 1: '0.0', 2: '0.0', 3: '1.842015749320195', 4: 385.91032158606833} 
{0: '0.7432432432432432', 1: '0.0', 2: '0.0', 3: '1.7328621078878674', 4: 384.303449365677} 
{0: '0.7441077441077442', 1: '0.0', 2: '0.0', 3: '1.6301766616608926', 4: 384.7211628414458} 
{0: '0.7416107382550335', 1: '0.0', 2: '0.0', 3: '1.6301766616608926', 4: 380.33713026238786} 
{0: '0.7424749163879598', 1: '0.0', 2: '0.0', 3: '1.7328621078878674', 4: 381.11200430297447} 
{0: '0.7433333333333333', 1: '0.0', 2: '0.0', 3: '1.842015749320195', 4: 391.6456405205742} 
{0: '0.7441860465116279', 1: '0.0', 2: '0.0', 3: '1.958045020027179', 4: 384.05747249333444} 
{0: '0.7450331125827815', 1: '0.0', 2: '0.0', 3: '2.081383018504685', 4: 390.8556856435685} 
{0: '0.7458745874587459', 1: '0.0', 2: '0.0', 3: '2.212490124287102', 4: 388.97527404248416} 
{0: '0.7467105263157895', 1: '0.0', 2: '0.0', 3: '2.351855716390306', 4: 418.401004372504} 
{0: '0.7475409836065574', 1: '0.0', 2: '0.0', 3: '2.500000000000003', 4: 394.29159016951536} 
{0: '0.7450980392156863', 1: '0.0', 2: '0.0', 3: '2.500000000000003', 4: 393.4568821135459} 
{0: '0.745928338762215', 1: '0.0', 2: '0.0', 3: '2.351855716390306', 4: 394.6487544507897} 
{0: '0.7467532467532467', 1: '0.0', 2: '0.0', 3: '2.212490124287102', 4: 392.36540613282966} 
{0: '0.7475728155339806', 1: '0.0', 2: '0.0', 3: '2.081383018504685', 4: 382.75501297697207} 
{0: '0.7483870967741936', 1: '0.0', 2: '0.0', 3: '1.958045020027179', 4: 382.401824899448} 
{0: '0.7491961414790996', 1: '0.0', 2: '0.0', 3: '1.842015749320195', 4: 393.4513314849123} 
{0: '0.75', 1: '0.0', 2: '0.0', 3: '1.7328621078878674', 4: 381.11279216701485} 
{0: '0.7476038338658147', 1: '0.0', 2: '0.0', 3: '1.7328621078878674', 4: 385.0031185588742} 
{0: '0.7484076433121019', 1: '0.0', 2: '0.0', 3: '1.842015749320195', 4: 382.204090775947} 
{0: '0.7492063492063492', 1: '0.0', 2: '0.0', 3: '1.958045020027179', 4: 384.43641539597735} 
{0: '0.7468354430379747', 1: '0.0', 2: '0.0', 3: '1.958045020027179', 4: 391.7131853332959} 
{0: '0.7444794952681388', 1: '0.0', 2: '0.0', 3: '1.958045020027179', 4: 401.0271524877455} 
{0: '0.7452830188679245', 1: '0.0', 2: '0.0', 3: '2.081383018504685', 4: 392.67403270808455} 
{0: '0.7460815047021944', 1: '0.0', 2: '0.0', 3: '2.212490124287102', 4: 396.2625903055344} 
{0: '0.746875', 1: '0.0', 2: '0.0', 3: '2.351855716390306', 4: 386.2400307987489} 
{0: '0.7476635514018691', 1: '0.0', 2: '0.0', 3: '2.500000000000003', 4: 407.047433214322} 
{0: '0.7453416149068323', 1: '0.0', 2: '0.0', 3: '2.500000000000003', 4: 387.3661066302679} 
{0: '0.7461300309597523', 1: '0.0', 2: '0.0', 3: '2.351855716390306', 4: 397.84091850549487} 
{0: '0.7469135802469136', 1: '0.0', 2: '0.0', 3: '2.212490124287102', 4: 392.24872844205584} 
{0: '0.7476923076923077', 1: '0.0', 2: '0.0', 3: '2.081383018504685', 4: 389.64342691219815} 
{0: '0.7484662576687117', 1: '0.0', 2: '0.0', 3: '1.958045020027179', 4: 378.87503972085807} 
{0: '0.7492354740061162', 1: '0.0', 2: '0.0', 3: '1.842015749320195', 4: 392.3313996210116} 
{0: '0.7469512195121951', 1: '0.0', 2: '0.0', 3: '1.842015749320195', 4: 389.7765002799689} 
{0: '0.7477203647416414', 1: '0.0', 2: '0.0', 3: '1.958045020027179', 4: 386.2509231273244} 
{0: '0.7454545454545455', 1: '0.0', 2: '0.0', 3: '1.958045020027179', 4: 382.1993164433312} 
{0: '0.7462235649546828', 1: '0.0', 2: '0.0', 3: '1.842015749320195', 4: 387.86583255424154} 
{0: '0.7439759036144579', 1: '0.0', 2: '0.0', 3: '1.842015749320195', 4: 383.18860197022394} 
{0: '0.7447447447447447', 1: '0.0', 2: '0.0', 3: '1.958045020027179', 4: 388.7848082094059} 
{0: '0.7425149700598802', 1: '0.0', 2: '0.0', 3: '1.958045020027179', 4: 397.8107497927886} 
{0: '0.7432835820895523', 1: '0.0', 2: '0.0', 3: '1.842015749320195', 4: 382.3857546482535} 
{0: '0.7440476190476191', 1: '0.0', 2: '0.0', 3: '1.7328621078878674', 4: 381.2323410810895} 
{0: '0.744807121661721', 1: '0.0', 2: '0.0', 3: '1.6301766616608926', 4: 380.34834819993836} 
{0: '0.7455621301775148', 1: '0.0', 2: '0.0', 3: '1.5335761201812925', 4: 391.1732590796229} 
{0: '0.7433628318584071', 1: '0.0', 2: '0.0', 3: '1.5335761201812925', 4: 393.2794030972919} 
{0: '0.7441176470588236', 1: '0.0', 2: '0.0', 3: '1.6301766616608926', 4: 379.4031266022788} 
{0: '0.7448680351906158', 1: '0.0', 2: '0.0', 3: '1.7328621078878674', 4: 390.54697913003986} 
{0: '0.7456140350877193', 1: '0.0', 2: '0.0', 3: '1.842015749320195', 4: 395.9392501307014} 
{0: '0.7463556851311953', 1: '0.0', 2: '0.0', 3: '1.958045020027179', 4: 385.432428527269} 
{0: '0.747093023255814', 1: '0.0', 2: '0.0', 3: '2.081383018504685', 4: 388.7499589636963} 
{0: '0.744927536231884', 1: '0.0', 2: '0.0', 3: '2.081383018504685', 4: 386.36314853737593} 
{0: '0.7456647398843931', 1: '0.0', 2: '0.0', 3: '1.958045020027179', 4: 383.24524999706017} 
{0: '0.7435158501440923', 1: '0.0', 2: '0.0', 3: '1.958045020027179', 4: 398.12976574151264} 
{0: '0.7413793103448276', 1: '0.0', 2: '0.0', 3: '1.958045020027179', 4: 406.3433934916063} 
{0: '0.7392550143266475', 1: '0.0', 2: '0.0', 3: '1.958045020027179', 4: 399.0206730906583} 
{0: '0.74', 1: '0.0', 2: '0.0', 3: '2.081383018504685', 4: 400.961521539972} 
{0: '0.7407407407407407', 1: '0.0', 2: '0.0', 3: '2.212490124287102', 4: 382.9751150479554} 
{0: '0.7386363636363636', 1: '0.0', 2: '0.0', 3: '2.212490124287102', 4: 405.1110541182595} 
{0: '0.7365439093484419', 1: '0.0', 2: '0.0', 3: '2.212490124287102', 4: 403.4882238342768} 
{0: '0.7372881355932204', 1: '0.0', 2: '0.0', 3: '2.351855716390306', 4: 397.6572627726487} 
{0: '0.7352112676056338', 1: '0.0', 2: '0.0', 3: '2.351855716390306', 4: 392.39606151884584} 
{0: '0.7359550561797753', 1: '0.0', 2: '0.0', 3: '2.212490124287102', 4: 390.60390311447816} 
{0: '0.7366946778711485', 1: '0.0', 2: '0.0', 3: '2.081383018504685', 4: 381.269604267734} 
{0: '0.7374301675977654', 1: '0.0', 2: '0.0', 3: '1.958045020027179', 4: 396.1910089204528} 
{0: '0.7353760445682451', 1: '0.0', 2: '0.0', 3: '1.958045020027179', 4: 381.6292668922336} 
{0: '0.7361111111111112', 1: '0.0', 2: '0.0', 3: '2.081383018504685', 4: 393.4822405187322} 
{0: '0.7340720221606648', 1: '0.0', 2: '0.0', 3: '2.081383018504685', 4: 391.6592251144237} 
{0: '0.7348066298342542', 1: '0.0', 2: '0.0', 3: '1.958045020027179', 4: 380.3996253996331} 
{0: '0.7355371900826446', 1: '0.0', 2: '0.0', 3: '1.842015749320195', 4: 381.6496404046604} 
{0: '0.7362637362637363', 1: '0.0', 2: '0.0', 3: '1.7328621078878674', 4: 378.43735159410437} 
{0: '0.736986301369863', 1: '0.0', 2: '0.0', 3: '1.6301766616608926', 4: 382.60140127486477} 
{0: '0.7349726775956285', 1: '0.0', 2: '0.0', 3: '1.6301766616608926', 4: 389.2238573816571} 
{0: '0.7356948228882834', 1: '0.0', 2: '0.0', 3: '1.7328621078878674', 4: 382.5820017231076} 
{0: '0.7364130434782609', 1: '0.0', 2: '0.0', 3: '1.842015749320195', 4: 378.06608530836706} 
{0: '0.7371273712737128', 1: '0.0', 2: '0.0', 3: '1.958045020027179', 4: 388.7419863002002} 
{0: '0.7378378378378379', 1: '0.0', 2: '0.0', 3: '2.081383018504685', 4: 385.7154931742427} 
{0: '0.738544474393531', 1: '0.0', 2: '0.0', 3: '2.212490124287102', 4: 394.4487816705301} 
{0: '0.7365591397849462', 1: '0.0', 2: '0.0', 3: '2.212490124287102', 4: 382.66067954101766} 
{0: '0.7372654155495979', 1: '0.0', 2: '0.0', 3: '2.081383018504685', 4: 390.6029248298717} 
{0: '0.7379679144385026', 1: '0.0', 2: '0.0', 3: '1.958045020027179', 4: 383.829651675823} 
{0: '0.736', 1: '0.0', 2: '0.0', 3: '1.958045020027179', 4: 381.73240249621455} 
{0: '0.7367021276595744', 1: '0.0', 2: '0.0', 3: '2.081383018504685', 4: 380.49985305200323} 
{0: '0.7374005305039788', 1: '0.0', 2: '0.0', 3: '2.212490124287102', 4: 399.8067447650622} 
{0: '0.7354497354497355', 1: '0.0', 2: '0.0', 3: '2.212490124287102', 4: 383.5589831781473} 
{0: '0.7361477572559367', 1: '0.0', 2: '0.0', 3: '2.081383018504685', 4: 386.83995249283254} 
{0: '0.7368421052631579', 1: '0.0', 2: '0.0', 3: '1.958045020027179', 4: 385.93908978888373} 
{0: '0.7349081364829396', 1: '0.0', 2: '0.0', 3: '1.958045020027179', 4: 384.71722073317324} 
{0: '0.7356020942408377', 1: '0.0', 2: '0.0', 3: '2.081383018504685', 4: 382.92007647830775} 
{0: '0.7362924281984334', 1: '0.0', 2: '0.0', 3: '2.212490124287102', 4: 386.3473322379685} 
{0: '0.7369791666666666', 1: '0.0', 2: '0.0', 3: '2.351855716390306', 4: 388.219874152779} 
{0: '0.7350649350649351', 1: '0.0', 2: '0.0', 3: '2.351855716390306', 4: 404.5858565975303} 
{0: '0.7357512953367875', 1: '0.0', 2: '0.0', 3: '2.212490124287102', 4: 394.2657377148126} 
{0: '0.7364341085271318', 1: '0.0', 2: '0.0', 3: '2.081383018504685', 4: 384.39197007962616} 
{0: '0.7371134020618557', 1: '0.0', 2: '0.0', 3: '1.958045020027179', 4: 387.5497678715275} 
{0: '0.7352185089974294', 1: '0.0', 2: '0.0', 3: '1.958045020027179', 4: 384.8033908152524} 
{0: '0.7333333333333333', 1: '0.0', 2: '0.0', 3: '1.958045020027179', 4: 390.38976410497503} 
{0: '0.7340153452685422', 1: '0.0', 2: '0.0', 3: '1.842015749320195', 4: 385.55231308529596} 
{0: '0.7346938775510204', 1: '0.0', 2: '0.0', 3: '1.7328621078878674', 4: 389.3701551259523} 
{0: '0.7353689567430025', 1: '0.0', 2: '0.0', 3: '1.6301766616608926', 4: 381.8768683409863} 
{0: '0.733502538071066', 1: '0.0', 2: '0.0', 3: '1.6301766616608926', 4: 391.1085518683781} 
{0: '0.7341772151898734', 1: '0.0', 2: '0.0', 3: '1.7328621078878674', 4: 403.2541873922695} 
{0: '0.7348484848484849', 1: '0.0', 2: '0.0', 3: '1.842015749320195', 4: 397.64662130758717} 
{0: '0.7355163727959698', 1: '0.0', 2: '0.0', 3: '1.958045020027179', 4: 384.8083977572366} 
{0: '0.7361809045226131', 1: '0.0', 2: '0.0', 3: '2.081383018504685', 4: 388.26485968046114} 
{0: '0.7368421052631579', 1: '0.0', 2: '0.0', 3: '2.212490124287102', 4: 384.5566238653917} 
{0: '0.7375', 1: '0.0', 2: '0.0', 3: '2.351855716390306', 4: 391.3530556934576} 
{0: '0.7381546134663342', 1: '0.0', 2: '0.0', 3: '2.500000000000003', 4: 386.17510116472437} 
{0: '0.736318407960199', 1: '0.0', 2: '0.0', 3: '2.500000000000003', 4: 391.57657154616464} 
{0: '0.7369727047146402', 1: '0.0', 2: '0.0', 3: '2.351855716390306', 4: 386.23757084196814} 
{0: '0.7376237623762376', 1: '0.0', 2: '0.0', 3: '2.212490124287102', 4: 392.82172139257153} 
{0: '0.7382716049382716', 1: '0.0', 2: '0.0', 3: '2.081383018504685', 4: 391.0341916684346} 
{0: '0.7389162561576355', 1: '0.0', 2: '0.0', 3: '1.958045020027179', 4: 390.15354909629116} 
{0: '0.7395577395577395', 1: '0.0', 2: '0.0', 3: '1.842015749320195', 4: 383.26617111759646} 
{0: '0.7401960784313726', 1: '0.0', 2: '0.0', 3: '1.7328621078878674', 4: 402.73406028217096} 
{0: '0.7383863080684596', 1: '0.0', 2: '0.0', 3: '1.7328621078878674', 4: 393.55296206720226} 
{0: '0.7390243902439024', 1: '0.0', 2: '0.0', 3: '1.842015749320195', 4: 391.07262436243866} 
{0: '0.7396593673965937', 1: '0.0', 2: '0.0', 3: '1.958045020027179', 4: 391.61217358937324} 
{0: '0.7402912621359223', 1: '0.0', 2: '0.0', 3: '2.081383018504685', 4: 381.1396205153565} 
{0: '0.738498789346247', 1: '0.0', 2: '0.0', 3: '2.081383018504685', 4: 381.5132948795173} 
{0: '0.7391304347826086', 1: '0.0', 2: '0.0', 3: '1.958045020027179', 4: 382.23281907266994} 
{0: '0.7397590361445783', 1: '0.0', 2: '0.0', 3: '1.842015749320195', 4: 392.3864976125315} 
{0: '0.7379807692307693', 1: '0.0', 2: '0.0', 3: '1.842015749320195', 4: 385.93954858124306} 
{0: '0.7386091127098321', 1: '0.0', 2: '0.0', 3: '1.958045020027179', 4: 384.3193976163424} 
{0: '0.7392344497607656', 1: '0.0', 2: '0.0', 3: '2.081383018504685', 4: 381.6626214203254} 
{0: '0.7398568019093079', 1: '0.0', 2: '0.0', 3: '2.212490124287102', 4: 389.6063150771415} 
{0: '0.7380952380952381', 1: '0.0', 2: '0.0', 3: '2.212490124287102', 4: 384.6741900564722} 
{0: '0.7387173396674585', 1: '0.0', 2: '0.0', 3: '2.081383018504685', 4: 386.31716416727215} 
{0: '0.7393364928909952', 1: '0.0', 2: '0.0', 3: '1.958045020027179', 4: 380.3795523061815} 
{0: '0.7399527186761229', 1: '0.0', 2: '0.0', 3: '1.842015749320195', 4: 388.544637830631} 
{0: '0.7405660377358491', 1: '0.0', 2: '0.0', 3: '1.7328621078878674', 4: 377.50543655460507} 
{0: '0.7411764705882353', 1: '0.0', 2: '0.0', 3: '1.6301766616608926', 4: 383.2265210782263} 
{0: '0.7417840375586855', 1: '0.0', 2: '0.0', 3: '1.5335761201812925', 4: 382.6500782631726} 
{0: '0.7423887587822015', 1: '0.0', 2: '0.0', 3: '1.4426999059072143', 4: 378.6856115872236} 
{0: '0.7429906542056075', 1: '0.0', 2: '0.0', 3: '1.3572088082974538', 4: 381.1589747656009} 
{0: '0.7412587412587412', 1: '0.0', 2: '0.0', 3: '1.3572088082974538', 4: 380.5163841425959} 
{0: '0.7418604651162791', 1: '0.0', 2: '0.0', 3: '1.4426999059072143', 4: 383.69783740144464} 
{0: '0.7424593967517401', 1: '0.0', 2: '0.0', 3: '1.5335761201812925', 4: 389.89861886493816} 
{0: '0.7430555555555556', 1: '0.0', 2: '0.0', 3: '1.6301766616608926', 4: 386.94673562567965} 
{0: '0.74364896073903', 1: '0.0', 2: '0.0', 3: '1.7328621078878674', 4: 382.3899420846376} 
{0: '0.7442396313364056', 1: '0.0', 2: '0.0', 3: '1.842015749320195', 4: 380.6038373173053} 
{0: '0.7448275862068966', 1: '0.0', 2: '0.0', 3: '1.958045020027179', 4: 379.0356912387856} 
{0: '0.7431192660550459', 1: '0.0', 2: '0.0', 3: '1.958045020027179', 4: 389.02655942474115} 
{0: '0.7437070938215103', 1: '0.0', 2: '0.0', 3: '1.842015749320195', 4: 394.4048841754021} 
{0: '0.7442922374429224', 1: '0.0', 2: '0.0', 3: '1.7328621078878674', 4: 389.2177754505553} 
{0: '0.7425968109339408', 1: '0.0', 2: '0.0', 3: '1.7328621078878674', 4: 389.92305268474325} 
{0: '0.7431818181818182', 1: '0.0', 2: '0.0', 3: '1.842015749320195', 4: 388.42221137717536} 
{0: '0.7437641723356009', 1: '0.0', 2: '0.0', 3: '1.958045020027179', 4: 386.2102675049488} 
{0: '0.744343891402715', 1: '0.0', 2: '0.0', 3: '2.081383018504685', 4: 393.77313441664774} 
{0: '0.744920993227991', 1: '0.0', 2: '0.0', 3: '2.212490124287102', 4: 389.5353410198645} 
{0: '0.7432432432432432', 1: '0.0', 2: '0.0', 3: '2.212490124287102', 4: 392.5053018662176} 
{0: '0.7438202247191011', 1: '0.0', 2: '0.0', 3: '2.081383018504685', 4: 392.7900382184788} 
{0: '0.7443946188340808', 1: '0.0', 2: '0.0', 3: '1.958045020027179', 4: 392.9394111990276} 
{0: '0.7449664429530202', 1: '0.0', 2: '0.0', 3: '1.842015749320195', 4: 394.83084376172263} 
{0: '0.7433035714285714', 1: '0.0', 2: '0.0', 3: '1.842015749320195', 4: 387.2338544066458} 
{0: '0.7438752783964365', 1: '0.0', 2: '0.0', 3: '1.958045020027179', 4: 392.3749978080277} 
{0: '0.7444444444444445', 1: '0.0', 2: '0.0', 3: '2.081383018504685', 4: 388.8665634258363} 
{0: '0.7450110864745011', 1: '0.0', 2: '0.0', 3: '2.212490124287102', 4: 387.7031839353009} 
{0: '0.745575221238938', 1: '0.0', 2: '0.0', 3: '2.351855716390306', 4: 392.65784814654785} 
{0: '0.7439293598233996', 1: '0.0', 2: '0.0', 3: '2.351855716390306', 4: 380.86172472403007} 
{0: '0.7444933920704846', 1: '0.0', 2: '0.0', 3: '2.212490124287102', 4: 384.1677788009994} 
{0: '0.7450549450549451', 1: '0.0', 2: '0.0', 3: '2.081383018504685', 4: 393.3911637807003} 
{0: '0.7456140350877193', 1: '0.0', 2: '0.0', 3: '1.958045020027179', 4: 400.90885242398343} 
{0: '0.7461706783369803', 1: '0.0', 2: '0.0', 3: '1.842015749320195', 4: 392.5899782950059} 
{0: '0.7445414847161572', 1: '0.0', 2: '0.0', 3: '1.842015749320195', 4: 386.3481519076277} 
{0: '0.7450980392156863', 1: '0.0', 2: '0.0', 3: '1.958045020027179', 4: 390.24734255936465} 
{0: '0.7456521739130435', 1: '0.0', 2: '0.0', 3: '2.081383018504685', 4: 387.10746653252073} 
{0: '0.7462039045553145', 1: '0.0', 2: '0.0', 3: '2.212490124287102', 4: 392.6391063175011} 
{0: '0.7467532467532467', 1: '0.0', 2: '0.0', 3: '2.351855716390306', 4: 389.1739552227319} 
{0: '0.7451403887688985', 1: '0.0', 2: '0.0', 3: '2.351855716390306', 4: 393.0413255622907} 
{0: '0.7456896551724138', 1: '0.0', 2: '0.0', 3: '2.212490124287102', 4: 392.40746622025455} 
{0: '0.7462365591397849', 1: '0.0', 2: '0.0', 3: '2.081383018504685', 4: 382.6082218122847} 
{0: '0.7467811158798283', 1: '0.0', 2: '0.0', 3: '1.958045020027179', 4: 381.3483449033459} 
{0: '0.7473233404710921', 1: '0.0', 2: '0.0', 3: '1.842015749320195', 4: 384.58394161761163} 
{0: '0.7457264957264957', 1: '0.0', 2: '0.0', 3: '1.842015749320195', 4: 386.85972633705165} 
{0: '0.746268656716418', 1: '0.0', 2: '0.0', 3: '1.958045020027179', 4: 385.4384317991588} 
{0: '0.7468085106382979', 1: '0.0', 2: '0.0', 3: '2.081383018504685', 4: 382.00858973945043} 
{0: '0.7473460721868365', 1: '0.0', 2: '0.0', 3: '2.212490124287102', 4: 388.49850466978444} 
{0: '0.7478813559322034', 1: '0.0', 2: '0.0', 3: '2.351855716390306', 4: 386.6389490012904} 
{0: '0.7484143763213531', 1: '0.0', 2: '0.0', 3: '2.500000000000003', 4: 390.9332358644} 
{0: '0.7468354430379747', 1: '0.0', 2: '0.0', 3: '2.500000000000003', 4: 397.11356641507336} 
{0: '0.7473684210526316', 1: '0.0', 2: '0.0', 3: '2.351855716390306', 4: 392.161786372488} 
{0: '0.7478991596638656', 1: '0.0', 2: '0.0', 3: '2.212490124287102', 4: 380.73142968911617} 
{0: '0.7484276729559748', 1: '0.0', 2: '0.0', 3: '2.081383018504685', 4: 385.6806242443816} 
{0: '0.7489539748953975', 1: '0.0', 2: '0.0', 3: '1.958045020027179', 4: 388.69971895063685} 
{0: '0.7494780793319415', 1: '0.0', 2: '0.0', 3: '1.842015749320195', 4: 383.3531978718473} 
{0: '0.75', 1: '0.0', 2: '0.0', 3: '1.7328621078878674', 4: 381.93147368800044} 
{0: '0.7484407484407485', 1: '0.0', 2: '0.0', 3: '1.7328621078878674', 4: 388.0995842485944} 
{0: '0.7489626556016598', 1: '0.0', 2: '0.0', 3: '1.842015749320195', 4: 390.8888464590671} 
{0: '0.7494824016563147', 1: '0.0', 2: '0.0', 3: '1.958045020027179', 4: 389.7930853040485} 
{0: '0.7479338842975206', 1: '0.0', 2: '0.0', 3: '1.958045020027179', 4: 379.8362371784137} 
{0: '0.7484536082474227', 1: '0.0', 2: '0.0', 3: '1.842015749320195', 4: 388.67076921528985} 
{0: '0.7469135802469136', 1: '0.0', 2: '0.0', 3: '1.842015749320195', 4: 394.10489991570245} 
{0: '0.7474332648870636', 1: '0.0', 2: '0.0', 3: '1.958045020027179', 4: 391.78225970798127} 
{0: '0.7479508196721312', 1: '0.0', 2: '0.0', 3: '2.081383018504685', 4: 383.6780772262762} 
{0: '0.7464212678936605', 1: '0.0', 2: '0.0', 3: '2.081383018504685', 4: 384.60603434612005} 
{0: '0.746938775510204', 1: '0.0', 2: '0.0', 3: '1.958045020027179', 4: 386.47500188920515} 
{0: '0.7474541751527495', 1: '0.0', 2: '0.0', 3: '1.842015749320195', 4: 392.1981394962967} 
{0: '0.7479674796747967', 1: '0.0', 2: '0.0', 3: '1.7328621078878674', 4: 386.5590157873486} 
{0: '0.7484787018255578', 1: '0.0', 2: '0.0', 3: '1.6301766616608926', 4: 381.1866186042752} 
{0: '0.7489878542510121', 1: '0.0', 2: '0.0', 3: '1.5335761201812925', 4: 382.6160637690358} 
{0: '0.7474747474747475', 1: '0.0', 2: '0.0', 3: '1.5335761201812925', 4: 386.47300855236966} 
{0: '0.7479838709677419', 1: '0.0', 2: '0.0', 3: '1.6301766616608926', 4: 381.1615968346555} 
{0: '0.7484909456740443', 1: '0.0', 2: '0.0', 3: '1.7328621078878674', 4: 381.54397084278327} 
{0: '0.748995983935743', 1: '0.0', 2: '0.0', 3: '1.842015749320195', 4: 389.8561161682255} 
{0: '0.749498997995992', 1: '0.0', 2: '0.0', 3: '1.958045020027179', 4: 383.0646493876802} 
