{'STAT2HEADER': 'STAT2HEADER', 'STAT2HEADER_ENVIRON': 'environ({\'OMPI_MCA_pmix\': \'^s1,s2,cray,isolated\', \'PMIX_MCA_mca_base_component_show_load_errors\': \'1\', \'OMPI_COMMAND\': \'python3\', \'OMPI_ARGV\': \'static_snapshot.py 2 1min\', \'OMPI_MCA_orte_precondition_transports\': \'44ef85e16b388cc8-ec01cd5f6aa04c0f\', \'LD_LIBRARY_PATH\': \'/salilab/diva1/programs/x86_64linux/numpy-py36-1.19.5/lib:/salilab/diva1/home/libs/x86_64/centos8:/salilab/diva1/home/libs/x86_64:/salilab/diva1/home/imp/main/20240607-af6f9d6a95/lib/release8:/salilab/diva1/programs/x86_64linux/opencv-4.3.0/lib64/rhel:/salilab/diva1/programs/x86_64linux/opencv-4.3.0/lib64:/salilab/diva1/programs/x86_64linux/hdf5-1.10.7/lib:/salilab/diva1/programs/x86_64linux/libtau-py27-1.0.1/lib64:/salilab/diva1/programs/x86_64linux/boost-1.73.0/lib64:/usr/lib64/openmpi/lib:/wynton/group/sali/miha_rozic/Software/imp-develop/build/lib::\', \'IMP_TMP_DIR\': \'/wynton/group/sali/miha_rozic/Software/imp-develop/build/tmp\', \'PE_HOSTFILE\': \'/var/spool/sge/wynton/qb3-id331/active_jobs/708614.1/pe_hostfile\', \'__LMOD_REF_COUNT_PATH\': \'/salilab/diva1/programs/x86_64linux/numpy-py36-1.19.5/bin:1;/salilab/diva1/home/imp/main/20240607-af6f9d6a95/bin/release8:1;/salilab/diva1/programs/x86_64linux/opencv-4.3.0/bin:1;/salilab/diva1/programs/x86_64linux/hdf5-1.10.7/bin:1;/usr/lib64/openmpi/bin:1;/wynton/home/sali/rozicmiha/.local/bin:1;/wynton/home/sali/rozicmiha/bin:1;/wynton/group/sali/miha_rozic/Software/imp-develop/build/bin:1;/wynton/group/sali/miha_rozic/Software/imp-develop/build/module_bin/EMageFit:1;/wynton/group/sali/miha_rozic/Software/imp-develop/build/module_bin/algebra:1;/wynton/group/sali/miha_rozic/Software/imp-develop/build/module_bin/atom:1;/wynton/group/sali/miha_rozic/Software/imp-develop/build/module_bin/benchmark:1;/wynton/group/sali/miha_rozic/Software/imp-develop/build/module_bin/cgal:1;/wynton/group/sali/miha_rozic/Software/imp-develop/build/module_bin/cnmultifit:1;/wynton/group/sali/miha_rozic/Software/imp-develop/build/module_bin/container:1;/wynton/group/sali/miha_rozic/Software/imp-develop/build/module_bin/core:1;/wynton/group/sali/miha_rozic/Software/imp-develop/build/module_bin/display:1;/wynton/group/sali/miha_rozic/Software/imp-develop/build/module_bin/domino:1;/wynton/group/sali/miha_rozic/Software/imp-develop/build/module_bin/em:1;/wynton/group/sali/miha_rozic/Software/imp-develop/build/module_bin/em2d:1;/wynton/group/sali/miha_rozic/Software/imp-develop/build/module_bin/example:1;/wynton/group/sali/miha_rozic/Software/imp-develop/build/module_bin/foxs:1;/wynton/group/sali/miha_rozic/Software/imp-develop/build/module_bin/gsl:1;/wynton/group/sali/miha_rozic/Software/imp-develop/build/module_bin/integrative_docking:1;/wynton/group/sali/miha_rozic/Software/imp-develop/build/module_bin/isd:1;/wynton/group/sali/miha_rozic/Software/imp-develop/build/module_bin/kernel:1;/wynton/group/sali/miha_rozic/Software/imp-develop/build/module_bin/kinematics:1;/wynton/group/sali/miha_rozic/Software/imp-develop/build/module_bin/kmeans:1;/wynton/group/sali/miha_rozic/Software/imp-develop/build/module_bin/misc:1;/wynton/group/sali/miha_rozic/Software/imp-develop/build/module_bin/mmcif:1;/wynton/group/sali/miha_rozic/Software/imp-develop/build/module_bin/modeller:1;/wynton/group/sali/miha_rozic/Software/imp-develop/build/module_bin/mpi:1;/wynton/group/sali/miha_rozic/Software/imp-develop/build/module_bin/multi_state:1;/wynton/group/sali/miha_rozic/Software/imp-develop/build/module_bin/multifit:1;/wynton/group/sali/miha_rozic/Software/imp-develop/build/module_bin/npc:1;/wynton/group/sali/miha_rozic/Software/imp-develop/build/module_bin/npcassembly:1;/wynton/group/sali/miha_rozic/Software/imp-develop/build/module_bin/parallel:1;/wynton/group/sali/miha_rozic/Software/imp-develop/build/module_bin/pepdock:1;/wynton/group/sali/miha_rozic/Software/imp-develop/build/module_bin/pmi:1;/wynton/group/sali/miha_rozic/Software/imp-develop/build/module_bin/rmf:1;/wynton/group/sali/miha_rozic/Software/imp-develop/build/module_bin/rotamer:1;/wynton/group/sali/miha_rozic/Software/imp-develop/build/module_bin/saxs:1;/wynton/group/sali/miha_rozic/Software/imp-develop/build/module_bin/saxs_merge:1;/wynton/group/sali/miha_rozic/Software/imp-develop/build/module_bin/score_functor:1;/wynton/group/sali/miha_rozic/Software/imp-develop/build/module_bin/scratch:1;/wynton/group/sali/miha_rozic/Software/imp-develop/build/module_bin/spb:1;/wynton/group/sali/miha_rozic/Software/imp-develop/build/module_bin/statistics:1;/wynton/group/sali/miha_rozic/Software/imp-develop/build/module_bin/symmetry:1;/wynton/group/sali/miha_rozic/Software/imp-develop/build/module_bin/test:1;/opt/sge/bin:1;/opt/sge/bin/lx-amd64:1;/scratch/708614.1.member.q:1;/usr/local/bin:1;/bin:1;/usr/bin:1;/usr/local/sbin:1;/usr/sbin:1\', \'_ModuleTable002_\': \'fSwKc3RhY2tEZXB0aCA9IDEsCnN0YXR1cyA9ICJhY3RpdmUiLAp1c2VyTmFtZSA9ICJib29zdC8xLjczLjAiLAp3ViA9ICIwMDAwMDAwMDEuMDAwMDAwMDczLip6ZmluYWwiLAp9LApoZGY1ID0gewpmbiA9ICIvc2FsaWxhYi9kaXZhMS9ob21lL21vZHVsZXMvaGRmNS8xLjEwLjciLApmdWxsTmFtZSA9ICJoZGY1LzEuMTAuNyIsCmxvYWRPcmRlciA9IDUsCnByb3BUID0ge30sCnN0YWNrRGVwdGggPSAyLApzdGF0dXMgPSAiYWN0aXZlIiwKdXNlck5hbWUgPSAiaGRmNS8xLjEwLjciLAp3ViA9ICIwMDAwMDAwMDEuMDAwMDAwMDEwLjAwMDAwMDAwNy4qemZpbmFsIiwKfSwKaW1wID0gewpmbiA9ICIvc2FsaWxhYi9kaXZhMS9ob21lL21vZHVsZXMvaW1wLzIuMjEuMCIsCmZ1bGxO\', \'IMP_DIR\': \'/salilab/diva1/home/imp/main/20240607-af6f9d6a95/lib/release8/cmake/IMP\', \'QUEUE\': \'member.q\', \'GOTO_NUM_THREADS\': \'1\', \'MPI_PYTHON3_SITEARCH\': \'/usr/lib64/python3.6/site-packages/openmpi\', \'LANG\': \'en_US.UTF-8\', \'HISTCONTROL\': \'ignoredups\', \'_ModuleTable008_\': \'cyIsCmZ1bGxOYW1lID0gInNhbGktbGlicmFyaWVzIiwKbG9hZE9yZGVyID0gOCwKcHJvcFQgPSB7fSwKc3RhY2tEZXB0aCA9IDEsCnN0YXR1cyA9ICJhY3RpdmUiLAp1c2VyTmFtZSA9ICJzYWxpLWxpYnJhcmllcyIsCndWID0gIk0uKnpmaW5hbCIsCn0sCn0sCm1wYXRoQSA9IHsKIi9zYWxpbGFiL2RpdmExL2hvbWUvbW9kdWxlcyIsICIvZXRjL21vZHVsZWZpbGVzIiwgIi91c3Ivc2hhcmUvbW9kdWxlZmlsZXMiCiwgIi91c3Ivc2hhcmUvbW9kdWxlZmlsZXMvTGludXgiLCAiL3Vzci9zaGFyZS9tb2R1bGVmaWxlcy9Db3JlIiwgIi91c3Ivc2hhcmUvbG1vZC9sbW9kL21vZHVsZWZpbGVzL0NvcmUiLAp9LApzeXN0ZW1CYXNlTVBBVEggPSAiL2V0Yy9tb2R1bGVmaWxlczovdXNy\', \'SGE_O_HOST\': \'dev1\', \'HOSTNAME\': \'qb3-id331.wynton.ucsf.edu\', \'OPENBLAS_NUM_THREADS\': \'1\', \'__LMOD_REF_COUNT_CMAKE_INCLUDE_PATH\': \'/salilab/diva1/programs/x86_64linux/opencv-4.3.0/include/opencv4:1;/salilab/diva1/programs/x86_64linux/hdf5-1.10.7/include:1;/salilab/diva1/programs/x86_64linux/libtau-py27-1.0.1/include:1;/salilab/diva1/programs/x86_64linux/boost-1.73.0/include:1\', \'SGE_RSH_COMMAND\': \'builtin\', \'ENVIRONMENT\': \'BATCH\', \'IMP_DATA\': \'/wynton/group/sali/miha_rozic/Software/imp-develop/build/data\', \'REQUEST\': \'test1\', \'SGE_STDIN_PATH\': \'/dev/null\', \'SGE_CELL\': \'wynton\', \'_ModuleTable007_\': \'MjEuMyIsCndWID0gIjAwMDAwMDAwMC4wMDAwMDAwMjEuMDAwMDAwMDAzLip6ZmluYWwiLAp9LApbInB5dGhvbjMvc2NpcHkiXSA9IHsKZm4gPSAiL3NhbGlsYWIvZGl2YTEvaG9tZS9tb2R1bGVzL3B5dGhvbjMvc2NpcHkvMS4zLjIiLApmdWxsTmFtZSA9ICJweXRob24zL3NjaXB5LzEuMy4yIiwKbG9hZE9yZGVyID0gMTAsCnByb3BUID0ge30sCnN0YWNrRGVwdGggPSAxLApzdGF0dXMgPSAiYWN0aXZlIiwKdXNlck5hbWUgPSAicHl0aG9uMy9zY2lweS8xLjMuMiIsCndWID0gIjAwMDAwMDAwMS4wMDAwMDAwMDMuMDAwMDAwMDAyLip6ZmluYWwiLAp9LApbInNhbGktbGlicmFyaWVzIl0gPSB7CmZuID0gIi9zYWxpbGFiL2RpdmExL2hvbWUvbW9kdWxlcy9zYWxpLWxpYnJhcmll\', \'CMAKE_INCLUDE_PATH\': \'/salilab/diva1/programs/x86_64linux/opencv-4.3.0/include/opencv4:/salilab/diva1/programs/x86_64linux/hdf5-1.10.7/include:/salilab/diva1/programs/x86_64linux/libtau-py27-1.0.1/include:/salilab/diva1/programs/x86_64linux/boost-1.73.0/include\', \'__LMOD_REF_COUNT_LD_LIBRARY_PATH\': \'/salilab/diva1/programs/x86_64linux/numpy-py36-1.19.5/lib:1;/salilab/diva1/home/libs/x86_64/centos8:1;/salilab/diva1/home/libs/x86_64:1;/salilab/diva1/home/imp/main/20240607-af6f9d6a95/lib/release8:1;/salilab/diva1/programs/x86_64linux/opencv-4.3.0/lib64/rhel:1;/salilab/diva1/programs/x86_64linux/opencv-4.3.0/lib64:1;/salilab/diva1/programs/x86_64linux/hdf5-1.10.7/lib:1;/salilab/diva1/programs/x86_64linux/libtau-py27-1.0.1/lib64:1;/salilab/diva1/programs/x86_64linux/boost-1.73.0/lib64:1;/usr/lib64/openmpi/lib:1;/wynton/group/sali/miha_rozic/Software/imp-develop/build/lib:2;:1\', \'__LMOD_REF_COUNT_PKG_CONFIG_PATH\': \'/usr/lib64/openmpi/lib/pkgconfig:1\', \'_ModuleTable004_\': \'aGFyZS9tb2R1bGVmaWxlcy9tcGkvb3Blbm1waS14ODZfNjQiLApmdWxsTmFtZSA9ICJtcGkvb3Blbm1waS14ODZfNjQiLApsb2FkT3JkZXIgPSAyLApwcm9wVCA9IHt9LApzdGFja0RlcHRoID0gMCwKc3RhdHVzID0gImFjdGl2ZSIsCnVzZXJOYW1lID0gIm1waS9vcGVubXBpLXg4Nl82NCIsCndWID0gIipvcGVubXBpLip4LjAwMDAwMDA4Ni4qXy4wMDAwMDAwNjQuKnpmaW5hbCIsCn0sCm9wZW5jdiA9IHsKZm4gPSAiL3NhbGlsYWIvZGl2YTEvaG9tZS9tb2R1bGVzL29wZW5jdi80LjMuMCIsCmZ1bGxOYW1lID0gIm9wZW5jdi80LjMuMCIsCmxvYWRPcmRlciA9IDYsCnByb3BUID0ge30sCnN0YWNrRGVwdGggPSAxLApzdGF0dXMgPSAiYWN0aXZlIiwKdXNlck5hbWUgPSAib3Bl\', \'__LMOD_REF_COUNT_PYTHONPATH\': \'/salilab/diva1/programs/x86_64linux/scikit-py36-0.21.3/lib64/python3.6/site-packages:1;/salilab/diva1/programs/linux/joblib-0.17.0/lib/python3.6/site-packages:1;/salilab/diva1/programs/x86_64linux/scipy-py36-1.3.2/lib64/python3.6/site-packages:1;/salilab/diva1/programs/x86_64linux/numpy-py36-1.19.5/lib64/python3.6/site-packages:1;/salilab/diva1/home/imp/main/20240607-af6f9d6a95/lib/release8:1;/salilab/diva1/programs/x86_64linux/opencv-4.3.0/lib/python3.6/site-packages:1;/wynton/group/sali/miha_rozic/Software/imp-develop/build/lib:2;:1\', \'which_declare\': \'declare -f\', \'NHOSTS\': \'1\', \'SGE_O_WORKDIR\': \'/wynton/group/sali/miha_rozic/Input_information/SNAPSHOTS/central_directory/snapshot2_1min/run45\', \'USER\': \'rozicmiha\', \'SGE_TASK_ID\': \'undefined\', \'__LMOD_REF_COUNT_CMAKE_LIBRARY_PATH\': \'/salilab/diva1/programs/x86_64linux/opencv-4.3.0/lib64:1;/salilab/diva1/programs/x86_64linux/hdf5-1.10.7/lib:1;/salilab/diva1/programs/x86_64linux/libtau-py27-1.0.1/lib64:1;/salilab/diva1/programs/x86_64linux/boost-1.73.0/lib64:1\', \'SGE_TASK_FIRST\': \'undefined\', \'NSLOTS\': \'16\', \'__LMOD_REF_COUNT_MODULEPATH\': \'/salilab/diva1/home/modules:1;/etc/modulefiles:1;/usr/share/modulefiles:1;/usr/share/modulefiles/Linux:1;/usr/share/modulefiles/Core:1;/usr/share/lmod/lmod/modulefiles/Core:1\', \'PWD\': \'/wynton/group/sali/miha_rozic/Input_information/SNAPSHOTS/central_directory/snapshot2_1min/run45\', \'HOME\': \'/wynton/home/sali/rozicmiha\', \'NQUEUES\': \'1\', \'TMP\': \'/scratch/708614.1.member.q\', \'PE\': \'smp\', \'SGE_O_HOME\': \'/wynton/home/sali/rozicmiha\', \'LMOD_VERSION\': \'8.7.32\', \'JOB_NAME\': \'test1\', \'BASH_ENV\': \'/usr/share/lmod/lmod/init/bash\', \'MPI_FORTRAN_MOD_DIR\': \'/usr/lib64/gfortran/modules/openmpi\', \'SGE_TASK_LAST\': \'undefined\', \'MKL_NUM_THREADS\': \'1\', \'MPI_COMPILER\': \'openmpi-x86_64\', \'SGE_ACCOUNT\': \'sge\', \'SGE_ROOT\': \'/opt/sge\', \'MPI_SUFFIX\': \'_openmpi\', \'TMPDIR\': \'/scratch/708614.1.member.q\', \'RESTARTED\': \'0\', \'LMOD_sys\': \'Linux\', \'_ModuleTable001_\': \'X01vZHVsZVRhYmxlXyA9IHsKTVR2ZXJzaW9uID0gMywKY19yZWJ1aWxkVGltZSA9IGZhbHNlLApjX3Nob3J0VGltZSA9IGZhbHNlLApkZXB0aFQgPSB7fSwKZmFtaWx5ID0ge30sCm1UID0gewpTYWxpID0gewpmbiA9ICIvZXRjL21vZHVsZWZpbGVzL1NhbGkubHVhIiwKZnVsbE5hbWUgPSAiU2FsaSIsCmxvYWRPcmRlciA9IDEsCnByb3BUID0ge30sCnN0YWNrRGVwdGggPSAwLApzdGF0dXMgPSAiYWN0aXZlIiwKdXNlck5hbWUgPSAiU2FsaSIsCndWID0gIk0uKnpmaW5hbCIsCn0sCmJvb3N0ID0gewpmbiA9ICIvc2FsaWxhYi9kaXZhMS9ob21lL21vZHVsZXMvYm9vc3QvMS43My4wIiwKZnVsbE5hbWUgPSAiYm9vc3QvMS43My4wIiwKbG9hZE9yZGVyID0gMywKcHJvcFQgPSB7\', \'LOADEDMODULES\': \'Sali:mpi/openmpi-x86_64:boost/1.73.0:libtau/1.0.1:hdf5/1.10.7:opencv/4.3.0:imp/2.21.0:sali-libraries:python3/numpy/1.19.5:python3/scipy/1.3.2:python3/joblib/0.17.0:python3/scikit/0.21.3\', \'SGE_O_PATH\': \'/salilab/diva1/programs/x86_64linux/numpy-py36-1.19.5/bin:/salilab/diva1/home/imp/main/20240607-af6f9d6a95/bin/release8:/salilab/diva1/programs/x86_64linux/opencv-4.3.0/bin:/salilab/diva1/programs/x86_64linux/hdf5-1.10.7/bin:/wynton/home/sali/rozicmiha/.local/bin:/wynton/home/sali/rozicmiha/bin:/wynton/group/sali/miha_rozic/Software/imp-develop/build/bin:/wynton/group/sali/miha_rozic/Software/imp-develop/build/module_bin/EMageFit:/wynton/group/sali/miha_rozic/Software/imp-develop/build/module_bin/algebra:/wynton/group/sali/miha_rozic/Software/imp-develop/build/module_bin/atom:/wynton/group/sali/miha_rozic/Software/imp-develop/build/module_bin/benchmark:/wynton/group/sali/miha_rozic/Software/imp-develop/build/module_bin/cgal:/wynton/group/sali/miha_rozic/Software/imp-develop/build/module_bin/cnmultifit:/wynton/group/sali/miha_rozic/Software/imp-develop/build/module_bin/container:/wynton/group/sali/miha_rozic/Software/imp-develop/build/module_bin/core:/wynton/group/sali/miha_rozic/Software/imp-develop/build/module_bin/display:/wynton/group/sali/miha_rozic/Software/imp-develop/build/module_bin/domino:/wynton/group/sali/miha_rozic/Software/imp-develop/build/module_bin/em:/wynton/group/sali/miha_rozic/Software/imp-develop/build/module_bin/em2d:/wynton/group/sali/miha_rozic/Software/imp-develop/build/module_bin/example:/wynton/group/sali/miha_rozic/Software/imp-develop/build/module_bin/foxs:/wynton/group/sali/miha_rozic/Software/imp-develop/build/module_bin/gsl:/wynton/group/sali/miha_rozic/Software/imp-develop/build/module_bin/integrative_docking:/wynton/group/sali/miha_rozic/Software/imp-develop/build/module_bin/isd:/wynton/group/sali/miha_rozic/Software/imp-develop/build/module_bin/kernel:/wynton/group/sali/miha_rozic/Software/imp-develop/build/module_bin/kinematics:/wynton/group/sali/miha_rozic/Software/imp-develop/build/module_bin/kmeans:/wynton/group/sali/miha_rozic/Software/imp-develop/build/module_bin/misc:/wynton/group/sali/miha_rozic/Software/imp-develop/build/module_bin/mmcif:/wynton/group/sali/miha_rozic/Software/imp-develop/build/module_bin/modeller:/wynton/group/sali/miha_rozic/Software/imp-develop/build/module_bin/mpi:/wynton/group/sali/miha_rozic/Software/imp-develop/build/module_bin/multi_state:/wynton/group/sali/miha_rozic/Software/imp-develop/build/module_bin/multifit:/wynton/group/sali/miha_rozic/Software/imp-develop/build/module_bin/npc:/wynton/group/sali/miha_rozic/Software/imp-develop/build/module_bin/npcassembly:/wynton/group/sali/miha_rozic/Software/imp-develop/build/module_bin/parallel:/wynton/group/sali/miha_rozic/Software/imp-develop/build/module_bin/pepdock:/wynton/group/sali/miha_rozic/Software/imp-develop/build/module_bin/pmi:/wynton/group/sali/miha_rozic/Software/imp-develop/build/module_bin/rmf:/wynton/group/sali/miha_rozic/Software/imp-develop/build/module_bin/rotamer:/wynton/group/sali/miha_rozic/Software/imp-develop/build/module_bin/saxs:/wynton/group/sali/miha_rozic/Software/imp-develop/build/module_bin/saxs_merge:/wynton/group/sali/miha_rozic/Software/imp-develop/build/module_bin/score_functor:/wynton/group/sali/miha_rozic/Software/imp-develop/build/module_bin/scratch:/wynton/group/sali/miha_rozic/Software/imp-develop/build/module_bin/spb:/wynton/group/sali/miha_rozic/Software/imp-develop/build/module_bin/statistics:/wynton/group/sali/miha_rozic/Software/imp-develop/build/module_bin/symmetry:/wynton/group/sali/miha_rozic/Software/imp-develop/build/module_bin/test:/opt/sge/bin:/opt/sge/bin/lx-amd64:/usr/local/bin:/usr/bin:/usr/local/sbin:/usr/sbin\', \'SGE_O_SHELL\': \'/bin/bash\', \'_ModuleTable006_\': \'bWUgPSAicHl0aG9uMy9udW1weS8xLjE5LjUiLApsb2FkT3JkZXIgPSA5LApwcm9wVCA9IHt9LApzdGFja0RlcHRoID0gMiwKc3RhdHVzID0gImFjdGl2ZSIsCnVzZXJOYW1lID0gInB5dGhvbjMvbnVtcHkvMS4xOS41IiwKd1YgPSAiMDAwMDAwMDAxLjAwMDAwMDAxOS4wMDAwMDAwMDUuKnpmaW5hbCIsCn0sClsicHl0aG9uMy9zY2lraXQiXSA9IHsKZm4gPSAiL3NhbGlsYWIvZGl2YTEvaG9tZS9tb2R1bGVzL3B5dGhvbjMvc2Npa2l0LzAuMjEuMyIsCmZ1bGxOYW1lID0gInB5dGhvbjMvc2Npa2l0LzAuMjEuMyIsCmxvYWRPcmRlciA9IDEyLApwcm9wVCA9IHt9LApzdGFja0RlcHRoID0gMCwKc3RhdHVzID0gImFjdGl2ZSIsCnVzZXJOYW1lID0gInB5dGhvbjMvc2Npa2l0LzAu\', \'__LMOD_REF_COUNT_MANPATH\': \':2;/usr/share/man/openmpi-x86_64:1;/opt/sge/man:1;/usr/share/lmod/lmod/share/man:1\', \'MPI_INCLUDE\': \'/usr/include/openmpi-x86_64\', \'_ModuleTable003_\': \'YW1lID0gImltcC8yLjIxLjAiLApsb2FkT3JkZXIgPSA3LApwcm9wVCA9IHt9LApzdGFja0RlcHRoID0gMCwKc3RhdHVzID0gImFjdGl2ZSIsCnVzZXJOYW1lID0gImltcCIsCndWID0gIl4wMDAwMDAwMi4wMDAwMDAwMjEuKnpmaW5hbCIsCn0sCmxpYnRhdSA9IHsKZm4gPSAiL3NhbGlsYWIvZGl2YTEvaG9tZS9tb2R1bGVzL2xpYnRhdS8xLjAuMSIsCmZ1bGxOYW1lID0gImxpYnRhdS8xLjAuMSIsCmxvYWRPcmRlciA9IDQsCnByb3BUID0ge30sCnN0YWNrRGVwdGggPSAxLApzdGF0dXMgPSAiYWN0aXZlIiwKdXNlck5hbWUgPSAibGlidGF1LzEuMC4xIiwKd1YgPSAiMDAwMDAwMDAxLjAwMDAwMDAwMC4wMDAwMDAwMDEuKnpmaW5hbCIsCn0sCm1waSA9IHsKZm4gPSAiL3Vzci9z\', \'LMOD_ROOT\': \'/usr/share/lmod\', \'SYSTEMCTL_SKIP_REDIRECT\': \'\', \'MAIL\': \'/var/spool/mail/rozicmiha\', \'SGE_CWD_PATH\': \'/wynton/group/sali/miha_rozic/Input_information/SNAPSHOTS/central_directory/snapshot2_1min/run45\', \'MPI_HOME\': \'/usr/lib64/openmpi\', \'_ModuleTable009_\': \'L3NoYXJlL21vZHVsZWZpbGVzOi91c3Ivc2hhcmUvbW9kdWxlZmlsZXMvTGludXg6L3Vzci9zaGFyZS9tb2R1bGVmaWxlcy9Db3JlOi91c3Ivc2hhcmUvbG1vZC9sbW9kL21vZHVsZWZpbGVzL0NvcmUiLAp9Cg==\', \'SGE_TASK_STEPSIZE\': \'undefined\', \'SHELL\': \'/bin/bash\', \'TERM\': \'\', \'_ModuleTable_Sz_\': \'9\', \'SGE_JOB_SPOOL_DIR\': \'/var/spool/sge/wynton/qb3-id331/active_jobs/708614.1\', \'JOB_ID\': \'708614\', \'IMP_EXAMPLE_DATA\': \'/wynton/group/sali/miha_rozic/Software/imp-develop/build/doc/examples\', \'R_FUTURE_AVAILABLECORES_FALLBACK\': \'1\', \'JOB_SCRIPT\': \'/var/spool/sge/wynton/qb3-id331/job_scripts/708614\', \'SHLVL\': \'2\', \'SGE_O_LOGNAME\': \'rozicmiha\', \'SGE_O_MAIL\': \'/var/spool/mail/rozicmiha\', \'PYTHONPATH\': \'/salilab/diva1/programs/x86_64linux/scikit-py36-0.21.3/lib64/python3.6/site-packages:/salilab/diva1/programs/linux/joblib-0.17.0/lib/python3.6/site-packages:/salilab/diva1/programs/x86_64linux/scipy-py36-1.3.2/lib64/python3.6/site-packages:/salilab/diva1/programs/x86_64linux/numpy-py36-1.19.5/lib64/python3.6/site-packages:/salilab/diva1/home/imp/main/20240607-af6f9d6a95/lib/release8:/salilab/diva1/programs/x86_64linux/opencv-4.3.0/lib/python3.6/site-packages:/wynton/group/sali/miha_rozic/Software/imp-develop/build/lib::\', \'MANPATH\': \':/usr/share/man/openmpi-x86_64:/opt/sge/man:/usr/share/lmod/lmod/share/man\', \'MODULEPATH\': \'/salilab/diva1/home/modules:/etc/modulefiles:/usr/share/modulefiles:/usr/share/modulefiles/Linux:/usr/share/modulefiles/Core:/usr/share/lmod/lmod/modulefiles/Core\', \'MPI_SYSCONFIG\': \'/etc/openmpi-x86_64\', \'LOGNAME\': \'rozicmiha\', \'SYSTEMCTL_IGNORE_DEPENDENCIES\': \'\', \'MODULEPATH_ROOT\': \'/usr/share/modulefiles\', \'PATH\': \'/salilab/diva1/programs/x86_64linux/numpy-py36-1.19.5/bin:/salilab/diva1/home/imp/main/20240607-af6f9d6a95/bin/release8:/salilab/diva1/programs/x86_64linux/opencv-4.3.0/bin:/salilab/diva1/programs/x86_64linux/hdf5-1.10.7/bin:/usr/lib64/openmpi/bin:/wynton/home/sali/rozicmiha/.local/bin:/wynton/home/sali/rozicmiha/bin:/wynton/group/sali/miha_rozic/Software/imp-develop/build/bin:/wynton/group/sali/miha_rozic/Software/imp-develop/build/module_bin/EMageFit:/wynton/group/sali/miha_rozic/Software/imp-develop/build/module_bin/algebra:/wynton/group/sali/miha_rozic/Software/imp-develop/build/module_bin/atom:/wynton/group/sali/miha_rozic/Software/imp-develop/build/module_bin/benchmark:/wynton/group/sali/miha_rozic/Software/imp-develop/build/module_bin/cgal:/wynton/group/sali/miha_rozic/Software/imp-develop/build/module_bin/cnmultifit:/wynton/group/sali/miha_rozic/Software/imp-develop/build/module_bin/container:/wynton/group/sali/miha_rozic/Software/imp-develop/build/module_bin/core:/wynton/group/sali/miha_rozic/Software/imp-develop/build/module_bin/display:/wynton/group/sali/miha_rozic/Software/imp-develop/build/module_bin/domino:/wynton/group/sali/miha_rozic/Software/imp-develop/build/module_bin/em:/wynton/group/sali/miha_rozic/Software/imp-develop/build/module_bin/em2d:/wynton/group/sali/miha_rozic/Software/imp-develop/build/module_bin/example:/wynton/group/sali/miha_rozic/Software/imp-develop/build/module_bin/foxs:/wynton/group/sali/miha_rozic/Software/imp-develop/build/module_bin/gsl:/wynton/group/sali/miha_rozic/Software/imp-develop/build/module_bin/integrative_docking:/wynton/group/sali/miha_rozic/Software/imp-develop/build/module_bin/isd:/wynton/group/sali/miha_rozic/Software/imp-develop/build/module_bin/kernel:/wynton/group/sali/miha_rozic/Software/imp-develop/build/module_bin/kinematics:/wynton/group/sali/miha_rozic/Software/imp-develop/build/module_bin/kmeans:/wynton/group/sali/miha_rozic/Software/imp-develop/build/module_bin/misc:/wynton/group/sali/miha_rozic/Software/imp-develop/build/module_bin/mmcif:/wynton/group/sali/miha_rozic/Software/imp-develop/build/module_bin/modeller:/wynton/group/sali/miha_rozic/Software/imp-develop/build/module_bin/mpi:/wynton/group/sali/miha_rozic/Software/imp-develop/build/module_bin/multi_state:/wynton/group/sali/miha_rozic/Software/imp-develop/build/module_bin/multifit:/wynton/group/sali/miha_rozic/Software/imp-develop/build/module_bin/npc:/wynton/group/sali/miha_rozic/Software/imp-develop/build/module_bin/npcassembly:/wynton/group/sali/miha_rozic/Software/imp-develop/build/module_bin/parallel:/wynton/group/sali/miha_rozic/Software/imp-develop/build/module_bin/pepdock:/wynton/group/sali/miha_rozic/Software/imp-develop/build/module_bin/pmi:/wynton/group/sali/miha_rozic/Software/imp-develop/build/module_bin/rmf:/wynton/group/sali/miha_rozic/Software/imp-develop/build/module_bin/rotamer:/wynton/group/sali/miha_rozic/Software/imp-develop/build/module_bin/saxs:/wynton/group/sali/miha_rozic/Software/imp-develop/build/module_bin/saxs_merge:/wynton/group/sali/miha_rozic/Software/imp-develop/build/module_bin/score_functor:/wynton/group/sali/miha_rozic/Software/imp-develop/build/module_bin/scratch:/wynton/group/sali/miha_rozic/Software/imp-develop/build/module_bin/spb:/wynton/group/sali/miha_rozic/Software/imp-develop/build/module_bin/statistics:/wynton/group/sali/miha_rozic/Software/imp-develop/build/module_bin/symmetry:/wynton/group/sali/miha_rozic/Software/imp-develop/build/module_bin/test:/opt/sge/bin:/opt/sge/bin/lx-amd64:/scratch/708614.1.member.q:/usr/local/bin:/bin:/usr/bin:/usr/local/sbin:/usr/sbin\', \'MPI_BIN\': \'/usr/lib64/openmpi/bin\', \'SGE_STDERR_PATH\': \'/wynton/group/sali/miha_rozic/Input_information/SNAPSHOTS/central_directory/snapshot2_1min/run45/test1.o708614\', \'_LMFILES_\': \'/etc/modulefiles/Sali.lua:/usr/share/modulefiles/mpi/openmpi-x86_64:/salilab/diva1/home/modules/boost/1.73.0:/salilab/diva1/home/modules/libtau/1.0.1:/salilab/diva1/home/modules/hdf5/1.10.7:/salilab/diva1/home/modules/opencv/4.3.0:/salilab/diva1/home/modules/imp/2.21.0:/salilab/diva1/home/modules/sali-libraries:/salilab/diva1/home/modules/python3/numpy/1.19.5:/salilab/diva1/home/modules/python3/scipy/1.3.2:/salilab/diva1/home/modules/python3/joblib/0.17.0:/salilab/diva1/home/modules/python3/scikit/0.21.3\', \'DEBUGINFOD_URLS\': \'https://debuginfod.centos.org/ \', \'MODULESHOME\': \'/usr/share/lmod/lmod\', \'PKG_CONFIG_PATH\': \'/usr/lib64/openmpi/lib/pkgconfig\', \'LMOD_SETTARG_FULL_SUPPORT\': \'no\', \'HISTSIZE\': \'1000\', \'SGE_ARCH\': \'lx-amd64\', \'LMOD_PKG\': \'/usr/share/lmod/lmod\', \'CMAKE_LIBRARY_PATH\': \'/salilab/diva1/programs/x86_64linux/opencv-4.3.0/lib64:/salilab/diva1/programs/x86_64linux/hdf5-1.10.7/lib:/salilab/diva1/programs/x86_64linux/libtau-py27-1.0.1/lib64:/salilab/diva1/programs/x86_64linux/boost-1.73.0/lib64\', \'ARC\': \'lx-amd64\', \'MPI_LIB\': \'/usr/lib64/openmpi/lib\', \'SGE_BINARY_PATH\': \'/opt/sge/bin/lx-amd64\', \'SGE_STDOUT_PATH\': \'/wynton/group/sali/miha_rozic/Input_information/SNAPSHOTS/central_directory/snapshot2_1min/run45/test1.o708614\', \'_ModuleTable005_\': \'bmN2LzQuMy4wIiwKd1YgPSAiMDAwMDAwMDA0LjAwMDAwMDAwMy4qemZpbmFsIiwKfSwKWyJweXRob24zL2pvYmxpYiJdID0gewpmbiA9ICIvc2FsaWxhYi9kaXZhMS9ob21lL21vZHVsZXMvcHl0aG9uMy9qb2JsaWIvMC4xNy4wIiwKZnVsbE5hbWUgPSAicHl0aG9uMy9qb2JsaWIvMC4xNy4wIiwKbG9hZE9yZGVyID0gMTEsCnByb3BUID0ge30sCnN0YWNrRGVwdGggPSAxLApzdGF0dXMgPSAiYWN0aXZlIiwKdXNlck5hbWUgPSAicHl0aG9uMy9qb2JsaWIiLAp3ViA9ICIwMDAwMDAwMDAuMDAwMDAwMDE3Lip6ZmluYWwiLAp9LApbInB5dGhvbjMvbnVtcHkiXSA9IHsKZm4gPSAiL3NhbGlsYWIvZGl2YTEvaG9tZS9tb2R1bGVzL3B5dGhvbjMvbnVtcHkvMS4xOS41IiwKZnVsbE5h\', \'LMOD_CMD\': \'/usr/share/lmod/lmod/libexec/lmod\', \'REQNAME\': \'test1\', \'IMP_BIN_DIR\': \'/wynton/group/sali/miha_rozic/Software/imp-develop/build/bin\', \'MPI_MAN\': \'/usr/share/man/openmpi-x86_64\', \'LESSOPEN\': \'||/usr/bin/lesspipe.sh %s\', \'OMP_NUM_THREADS\': \'1\', \'SGE_CLUSTER_NAME\': \'wynton_cluster\', \'LMOD_DIR\': \'/usr/share/lmod/lmod/libexec\', \'BASH_FUNC_which%%\': \'() {  ( alias;\\n eval ${which_declare} ) | /usr/bin/which --tty-only --read-alias --read-functions --show-tilde --show-dot $@\\n}\', \'BASH_FUNC_module%%\': \'() {  if [ -z "${LMOD_SH_DBG_ON+x}" ]; then\\n case "$-" in \\n *v*x*)\\n __lmod_sh_dbg=\\\'vx\\\'\\n ;;\\n *v*)\\n __lmod_sh_dbg=\\\'v\\\'\\n ;;\\n *x*)\\n __lmod_sh_dbg=\\\'x\\\'\\n ;;\\n esac;\\n fi;\\n if [ -n "${__lmod_sh_dbg:-}" ]; then\\n set +$__lmod_sh_dbg;\\n echo "Shell debugging temporarily silenced: export LMOD_SH_DBG_ON=1 for Lmod\\\'s output" 1>&2;\\n fi;\\n eval "$($LMOD_CMD shell "$@")" && eval "$(${LMOD_SETTARG_CMD:-:} -s sh)";\\n __lmod_my_status=$?;\\n if [ -n "${__lmod_sh_dbg:-}" ]; then\\n echo "Shell debugging restarted" 1>&2;\\n set -$__lmod_sh_dbg;\\n fi;\\n unset __lmod_sh_dbg;\\n return $__lmod_my_status\\n}\', \'BASH_FUNC_ml%%\': \'() {  eval "$($LMOD_DIR/ml_cmd "$@")"\\n}\', \'_\': \'/usr/lib64/openmpi/bin/mpirun\', \'IPATH_NO_BACKTRACE\': \'1\', \'HFI_NO_BACKTRACE\': \'1\', \'OMPI_MCA_orte_local_daemon_uri\': \'218693632.0;tcp://172.26.39.81:42367\', \'OMPI_MCA_orte_hnp_uri\': \'218693632.0;tcp://172.26.39.81:42367\', \'OMPI_MCA_mpi_oversubscribe\': \'0\', \'OMPI_MCA_orte_app_num\': \'0\', \'OMPI_UNIVERSE_SIZE\': \'16\', \'OMPI_MCA_orte_num_nodes\': \'1\', \'OMPI_MCA_shmem_RUNTIME_QUERY_hint\': \'mmap\', \'OMPI_MCA_orte_bound_at_launch\': \'1\', \'OMPI_MCA_ess\': \'^singleton\', \'OMPI_MCA_orte_ess_num_procs\': \'16\', \'OMPI_COMM_WORLD_SIZE\': \'16\', \'OMPI_COMM_WORLD_LOCAL_SIZE\': \'16\', \'OMPI_MCA_orte_tmpdir_base\': \'/scratch/708614.1.member.q\', \'OMPI_MCA_orte_top_session_dir\': \'/scratch/708614.1.member.q/ompi.qb3-id331.11149\', \'OMPI_MCA_orte_jobfam_session_dir\': \'/scratch/708614.1.member.q/ompi.qb3-id331.11149/pid.2975663\', \'OMPI_NUM_APP_CTX\': \'1\', \'OMPI_FIRST_RANKS\': \'0\', \'OMPI_APP_CTX_NUM_PROCS\': \'16\', \'OMPI_MCA_initial_wdir\': \'/wynton/group/sali/miha_rozic/Input_information/SNAPSHOTS/central_directory/snapshot2_1min/run45\', \'OMPI_MCA_orte_launch\': \'1\', \'PMIX_NAMESPACE\': \'218693633\', \'PMIX_RANK\': \'9\', \'PMIX_SERVER_URI2\': \'218693632.0;tcp4://127.0.0.1:56843\', \'PMIX_SERVER_URI21\': \'218693632.0;tcp4://127.0.0.1:56843\', \'PMIX_SECURITY_MODE\': \'native,none\', \'PMIX_PTL_MODULE\': \'tcp,usock\', \'PMIX_BFROP_BUFFER_TYPE\': \'PMIX_BFROP_BUFFER_NON_DESC\', \'PMIX_GDS_MODULE\': \'ds21,ds12,hash\', \'PMIX_SERVER_TMPDIR\': \'/scratch/708614.1.member.q/ompi.qb3-id331.11149/pid.2975663\', \'PMIX_SYSTEM_TMPDIR\': \'/scratch/708614.1.member.q\', \'PMIX_DSTORE_21_BASE_PATH\': \'/scratch/708614.1.member.q/ompi.qb3-id331.11149/pid.2975663/pmix_dstor_ds21_2975663\', \'PMIX_DSTORE_ESH_BASE_PATH\': \'/scratch/708614.1.member.q/ompi.qb3-id331.11149/pid.2975663/pmix_dstor_ds12_2975663\', \'OMPI_MCA_ess_base_jobid\': \'218693633\', \'OMPI_MCA_ess_base_vpid\': \'9\', \'OMPI_COMM_WORLD_RANK\': \'9\', \'OMPI_COMM_WORLD_LOCAL_RANK\': \'9\', \'OMPI_COMM_WORLD_NODE_RANK\': \'9\', \'OMPI_MCA_orte_ess_node_rank\': \'9\', \'PMIX_ID\': \'218693633.9\', \'OMPI_FILE_LOCATION\': \'/scratch/708614.1.member.q/ompi.qb3-id331.11149/pid.2975663/0/0\', \'KMP_DUPLICATE_LIB_OK\': \'True\', \'KMP_INIT_AT_FORK\': \'FALSE\'})', 'STAT2HEADER_IMP_VERSIONS': "{'IMP_VERSION': '2.21.0', 'PMI_VERSION': '2.21.0'}", 0: 'ReplicaExchange_SwapSuccessRatio', 1: 'ReplicaExchange_MinTempFrequency', 2: 'ReplicaExchange_MaxTempFrequency', 3: 'ReplicaExchange_CurrentTemp', 4: 'score'} 
{0: '0', 1: '0', 2: '0', 3: '1.7328621078878674', 4: inf} 
{0: '0.0', 1: '0.0', 2: '0.0', 3: '1.7328621078878674', 4: inf} 
{0: '0.0', 1: '0.0', 2: '0.0', 3: '1.7328621078878674', 4: inf} 
{0: '0.0', 1: '0.0', 2: '0.0', 3: '1.7328621078878674', 4: inf} 
{0: '0.0', 1: '0.0', 2: '0.0', 3: '1.7328621078878674', 4: inf} 
{0: '0.0', 1: '0.0', 2: '0.0', 3: '1.7328621078878674', 4: inf} 
{0: '0.0', 1: '0.0', 2: '0.0', 3: '1.7328621078878674', 4: inf} 
{0: '0.0', 1: '0.0', 2: '0.0', 3: '1.7328621078878674', 4: inf} 
{0: '0.0', 1: '0.0', 2: '0.0', 3: '1.7328621078878674', 4: inf} 
{0: '0.0', 1: '0.0', 2: '0.0', 3: '1.7328621078878674', 4: inf} 
{0: '0.0', 1: '0.0', 2: '0.0', 3: '1.7328621078878674', 4: inf} 
{0: '0.0', 1: '0.0', 2: '0.0', 3: '1.7328621078878674', 4: inf} 
{0: '0.0', 1: '0.0', 2: '0.0', 3: '1.7328621078878674', 4: inf} 
{0: '0.0', 1: '0.0', 2: '0.0', 3: '1.7328621078878674', 4: 3936.015051953813} 
{0: '0.07142857142857142', 1: '0.0', 2: '0.0', 3: '1.842015749320195', 4: 1289.6420104606632} 
{0: '0.13333333333333333', 1: '0.0', 2: '0.0', 3: '1.958045020027179', 4: 674.754934615049} 
{0: '0.1875', 1: '0.0', 2: '0.0', 3: '2.081383018504685', 4: 631.8764164667192} 
{0: '0.23529411764705882', 1: '0.0', 2: '0.0', 3: '2.212490124287102', 4: 598.1868957734383} 
{0: '0.2777777777777778', 1: '0.0', 2: '0.0', 3: '2.351855716390306', 4: 596.3920182734072} 
{0: '0.2631578947368421', 1: '0.0', 2: '0.0', 3: '2.351855716390306', 4: 608.8645683395483} 
{0: '0.3', 1: '0.0', 2: '0.0', 3: '2.212490124287102', 4: 594.5834878005167} 
{0: '0.3333333333333333', 1: '0.0', 2: '0.0', 3: '2.081383018504685', 4: 602.3717550285572} 
{0: '0.3181818181818182', 1: '0.0', 2: '0.0', 3: '2.081383018504685', 4: 612.4416053747515} 
{0: '0.34782608695652173', 1: '0.0', 2: '0.0', 3: '2.212490124287102', 4: 607.0715253091654} 
{0: '0.375', 1: '0.0', 2: '0.0', 3: '2.351855716390306', 4: 599.7734535840183} 
{0: '0.36', 1: '0.0', 2: '0.0', 3: '2.351855716390306', 4: 595.1956249948456} 
{0: '0.38461538461538464', 1: '0.0', 2: '0.0', 3: '2.212490124287102', 4: 609.6787880343511} 
{0: '0.4074074074074074', 1: '0.0', 2: '0.0', 3: '2.081383018504685', 4: 598.5466444844385} 
{0: '0.42857142857142855', 1: '0.0', 2: '0.0', 3: '1.958045020027179', 4: 606.665718274402} 
{0: '0.4482758620689655', 1: '0.0', 2: '0.0', 3: '1.842015749320195', 4: 609.7916079512121} 
{0: '0.43333333333333335', 1: '0.0', 2: '0.0', 3: '1.842015749320195', 4: 593.5955455622801} 
{0: '0.45161290322580644', 1: '0.0', 2: '0.0', 3: '1.958045020027179', 4: 605.0669042912846} 
{0: '0.46875', 1: '0.0', 2: '0.0', 3: '2.081383018504685', 4: 601.4205909895713} 
{0: '0.48484848484848486', 1: '0.0', 2: '0.0', 3: '2.212490124287102', 4: 571.3281851362831} 
{0: '0.47058823529411764', 1: '0.0', 2: '0.0', 3: '2.212490124287102', 4: 566.3474728202586} 
{0: '0.4857142857142857', 1: '0.0', 2: '0.0', 3: '2.081383018504685', 4: 568.5734188759509} 
{0: '0.5', 1: '0.0', 2: '0.0', 3: '1.958045020027179', 4: 570.5187422540916} 
{0: '0.5135135135135135', 1: '0.0', 2: '0.0', 3: '1.842015749320195', 4: 571.6831875799314} 
{0: '0.5263157894736842', 1: '0.0', 2: '0.0', 3: '1.7328621078878674', 4: 572.7928078082264} 
{0: '0.5128205128205128', 1: '0.0', 2: '0.0', 3: '1.7328621078878674', 4: 574.856524685153} 
{0: '0.525', 1: '0.0', 2: '0.0', 3: '1.842015749320195', 4: 564.312672030242} 
{0: '0.5365853658536586', 1: '0.0', 2: '0.0', 3: '1.958045020027179', 4: 563.864621945465} 
{0: '0.5238095238095238', 1: '0.0', 2: '0.0', 3: '1.958045020027179', 4: 566.8307140914375} 
{0: '0.5348837209302325', 1: '0.0', 2: '0.0', 3: '1.842015749320195', 4: 560.6367360715943} 
{0: '0.5454545454545454', 1: '0.0', 2: '0.0', 3: '1.7328621078878674', 4: 559.2933574988768} 
{0: '0.5555555555555556', 1: '0.0', 2: '0.0', 3: '1.6301766616608926', 4: 566.1642947687482} 
{0: '0.5652173913043478', 1: '0.0', 2: '0.0', 3: '1.5335761201812925', 4: 564.5967574267753} 
{0: '0.5531914893617021', 1: '0.0', 2: '0.0', 3: '1.5335761201812925', 4: 571.7447201773728} 
{0: '0.5625', 1: '0.0', 2: '0.0', 3: '1.6301766616608926', 4: 567.8348440373966} 
{0: '0.5714285714285714', 1: '0.0', 2: '0.0', 3: '1.7328621078878674', 4: 562.5752874736423} 
{0: '0.58', 1: '0.0', 2: '0.0', 3: '1.842015749320195', 4: 567.7557325645637} 
{0: '0.5882352941176471', 1: '0.0', 2: '0.0', 3: '1.958045020027179', 4: 571.5516505208599} 
{0: '0.5961538461538461', 1: '0.0', 2: '0.0', 3: '2.081383018504685', 4: 566.2755472282417} 
{0: '0.6037735849056604', 1: '0.0', 2: '0.0', 3: '2.212490124287102', 4: 581.3915922797812} 
{0: '0.5925925925925926', 1: '0.0', 2: '0.0', 3: '2.212490124287102', 4: 575.8084837414046} 
{0: '0.6', 1: '0.0', 2: '0.0', 3: '2.081383018504685', 4: 568.532058363361} 
{0: '0.6071428571428571', 1: '0.0', 2: '0.0', 3: '1.958045020027179', 4: 572.7190115163952} 
{0: '0.6140350877192983', 1: '0.0', 2: '0.0', 3: '1.842015749320195', 4: 568.5185018302676} 
{0: '0.6206896551724138', 1: '0.0', 2: '0.0', 3: '1.7328621078878674', 4: 566.6625316474043} 
{0: '0.6271186440677966', 1: '0.0', 2: '0.0', 3: '1.6301766616608926', 4: 570.2465261774248} 
{0: '0.6333333333333333', 1: '0.0', 2: '0.0', 3: '1.5335761201812925', 4: 561.764812989405} 
{0: '0.639344262295082', 1: '0.0', 2: '0.0', 3: '1.4426999059072143', 4: 560.9743497374275} 
{0: '0.6451612903225806', 1: '0.0', 2: '0.0', 3: '1.3572088082974538', 4: 568.0260950805455} 
{0: '0.6507936507936508', 1: '0.0', 2: '0.0', 3: '1.2767837176518553', 4: 562.613796182079} 
{0: '0.640625', 1: '0.0', 2: '0.0', 3: '1.2767837176518553', 4: 562.1706604371602} 
{0: '0.6461538461538462', 1: '0.0', 2: '0.0', 3: '1.3572088082974538', 4: 560.8231312430702} 
{0: '0.6515151515151515', 1: '0.0', 2: '0.0', 3: '1.4426999059072143', 4: 564.3712255788669} 
{0: '0.6567164179104478', 1: '0.0', 2: '0.0', 3: '1.5335761201812925', 4: 562.9431524671398} 
{0: '0.6617647058823529', 1: '0.0', 2: '0.0', 3: '1.6301766616608926', 4: 567.6266528157315} 
{0: '0.6666666666666666', 1: '0.0', 2: '0.0', 3: '1.7328621078878674', 4: 577.0966215152865} 
{0: '0.6714285714285714', 1: '0.0', 2: '0.0', 3: '1.842015749320195', 4: 563.7974197111433} 
{0: '0.676056338028169', 1: '0.0', 2: '0.0', 3: '1.958045020027179', 4: 567.231351100035} 
{0: '0.6805555555555556', 1: '0.0', 2: '0.0', 3: '2.081383018504685', 4: 571.8536215262488} 
{0: '0.684931506849315', 1: '0.0', 2: '0.0', 3: '2.212490124287102', 4: 580.875345882615} 
{0: '0.6756756756756757', 1: '0.0', 2: '0.0', 3: '2.212490124287102', 4: 568.9210431405029} 
{0: '0.68', 1: '0.0', 2: '0.0', 3: '2.081383018504685', 4: 574.2030479545441} 
{0: '0.6842105263157895', 1: '0.0', 2: '0.0', 3: '1.958045020027179', 4: 563.3353835506439} 
{0: '0.6883116883116883', 1: '0.0', 2: '0.0', 3: '1.842015749320195', 4: 570.0320724250554} 
{0: '0.6923076923076923', 1: '0.0', 2: '0.0', 3: '1.7328621078878674', 4: 570.7882061523353} 
{0: '0.6962025316455697', 1: '0.0', 2: '0.0', 3: '1.6301766616608926', 4: 568.2036841598447} 
{0: '0.7', 1: '0.0', 2: '0.0', 3: '1.5335761201812925', 4: 569.9227382893793} 
{0: '0.691358024691358', 1: '0.0', 2: '0.0', 3: '1.5335761201812925', 4: 561.4944493599799} 
{0: '0.6951219512195121', 1: '0.0', 2: '0.0', 3: '1.6301766616608926', 4: 576.3693676270385} 
{0: '0.6987951807228916', 1: '0.0', 2: '0.0', 3: '1.7328621078878674', 4: 567.4932198052072} 
{0: '0.7023809523809523', 1: '0.0', 2: '0.0', 3: '1.842015749320195', 4: 571.2385778374465} 
{0: '0.7058823529411765', 1: '0.0', 2: '0.0', 3: '1.958045020027179', 4: 567.4585450427721} 
{0: '0.6976744186046512', 1: '0.0', 2: '0.0', 3: '1.958045020027179', 4: 565.4036184808853} 
{0: '0.7011494252873564', 1: '0.0', 2: '0.0', 3: '1.842015749320195', 4: 574.7255211237386} 
{0: '0.7045454545454546', 1: '0.0', 2: '0.0', 3: '1.7328621078878674', 4: 576.5794941141622} 
{0: '0.7078651685393258', 1: '0.0', 2: '0.0', 3: '1.6301766616608926', 4: 569.6075205712108} 
{0: '0.7111111111111111', 1: '0.0', 2: '0.0', 3: '1.5335761201812925', 4: 563.2242870361729} 
{0: '0.7032967032967034', 1: '0.0', 2: '0.0', 3: '1.5335761201812925', 4: 569.7219862147434} 
{0: '0.7065217391304348', 1: '0.0', 2: '0.0', 3: '1.6301766616608926', 4: 563.5062251940088} 
{0: '0.7096774193548387', 1: '0.0', 2: '0.0', 3: '1.7328621078878674', 4: 573.950138134141} 
{0: '0.7127659574468085', 1: '0.0', 2: '0.0', 3: '1.842015749320195', 4: 567.2872013620434} 
{0: '0.7052631578947368', 1: '0.0', 2: '0.0', 3: '1.842015749320195', 4: 569.3115362939943} 
{0: '0.7083333333333334', 1: '0.0', 2: '0.0', 3: '1.7328621078878674', 4: 565.1406470922178} 
{0: '0.711340206185567', 1: '0.0', 2: '0.0', 3: '1.6301766616608926', 4: 570.8989500186934} 
{0: '0.7142857142857143', 1: '0.0', 2: '0.0', 3: '1.5335761201812925', 4: 569.4452130354407} 
{0: '0.7171717171717171', 1: '0.0', 2: '0.0', 3: '1.4426999059072143', 4: 567.0592572634494} 
{0: '0.71', 1: '0.0', 2: '0.0', 3: '1.4426999059072143', 4: 563.3442745796527} 
{0: '0.7128712871287128', 1: '0.0', 2: '0.0', 3: '1.5335761201812925', 4: 574.7047943181921} 
{0: '0.7156862745098039', 1: '0.0', 2: '0.0', 3: '1.6301766616608926', 4: 564.9763331282733} 
{0: '0.7184466019417476', 1: '0.0', 2: '0.0', 3: '1.7328621078878674', 4: 569.9572049288199} 
{0: '0.7211538461538461', 1: '0.0', 2: '0.0', 3: '1.842015749320195', 4: 575.4816772880737} 
{0: '0.7238095238095238', 1: '0.0', 2: '0.0', 3: '1.958045020027179', 4: 565.3126953238093} 
{0: '0.7264150943396226', 1: '0.0', 2: '0.0', 3: '2.081383018504685', 4: 567.720243443758} 
{0: '0.719626168224299', 1: '0.0', 2: '0.0', 3: '2.081383018504685', 4: 566.572014345516} 
{0: '0.7222222222222222', 1: '0.0', 2: '0.0', 3: '1.958045020027179', 4: 573.5620635745865} 
{0: '0.7247706422018348', 1: '0.0', 2: '0.0', 3: '1.842015749320195', 4: 572.6360316345845} 
{0: '0.7272727272727273', 1: '0.0', 2: '0.0', 3: '1.7328621078878674', 4: 566.8061569897179} 
{0: '0.7297297297297297', 1: '0.0', 2: '0.0', 3: '1.6301766616608926', 4: 576.931100863805} 
{0: '0.7321428571428571', 1: '0.0', 2: '0.0', 3: '1.5335761201812925', 4: 560.6455694586012} 
{0: '0.7256637168141593', 1: '0.0', 2: '0.0', 3: '1.5335761201812925', 4: 565.5456041236605} 
{0: '0.7280701754385965', 1: '0.0', 2: '0.0', 3: '1.6301766616608926', 4: 560.346843267791} 
{0: '0.7304347826086957', 1: '0.0', 2: '0.0', 3: '1.7328621078878674', 4: 565.8574587227102} 
{0: '0.7241379310344828', 1: '0.0', 2: '0.0', 3: '1.7328621078878674', 4: 562.9394586757164} 
{0: '0.7264957264957265', 1: '0.0', 2: '0.0', 3: '1.6301766616608926', 4: 568.2649537227015} 
{0: '0.7288135593220338', 1: '0.0', 2: '0.0', 3: '1.5335761201812925', 4: 563.8481295636589} 
{0: '0.7310924369747899', 1: '0.0', 2: '0.0', 3: '1.4426999059072143', 4: 561.9063528599797} 
{0: '0.7333333333333333', 1: '0.0', 2: '0.0', 3: '1.3572088082974538', 4: 559.5782969733309} 
{0: '0.7355371900826446', 1: '0.0', 2: '0.0', 3: '1.2767837176518553', 4: 561.0220989503306} 
{0: '0.7295081967213115', 1: '0.0', 2: '0.0', 3: '1.2767837176518553', 4: 560.9647606931363} 
{0: '0.7317073170731707', 1: '0.0', 2: '0.0', 3: '1.3572088082974538', 4: 566.917659884447} 
{0: '0.7338709677419355', 1: '0.0', 2: '0.0', 3: '1.4426999059072143', 4: 574.1529947020538} 
{0: '0.736', 1: '0.0', 2: '0.0', 3: '1.5335761201812925', 4: 569.5026361243141} 
{0: '0.7380952380952381', 1: '0.0', 2: '0.0', 3: '1.6301766616608926', 4: 562.261354006041} 
{0: '0.7401574803149606', 1: '0.0', 2: '0.0', 3: '1.7328621078878674', 4: 573.4916951011842} 
{0: '0.7421875', 1: '0.0', 2: '0.0', 3: '1.842015749320195', 4: 569.5111444294896} 
{0: '0.7441860465116279', 1: '0.0', 2: '0.0', 3: '1.958045020027179', 4: 573.1498014915228} 
{0: '0.7461538461538462', 1: '0.0', 2: '0.0', 3: '2.081383018504685', 4: 568.550965998681} 
{0: '0.7480916030534351', 1: '0.0', 2: '0.0', 3: '2.212490124287102', 4: 583.2509115156834} 
{0: '0.75', 1: '0.0', 2: '0.0', 3: '2.351855716390306', 4: 579.4428385113927} 
{0: '0.7443609022556391', 1: '0.0', 2: '0.0', 3: '2.351855716390306', 4: 570.0994225763327} 
{0: '0.746268656716418', 1: '0.0', 2: '0.0', 3: '2.212490124287102', 4: 563.4985342290912} 
{0: '0.7481481481481481', 1: '0.0', 2: '0.0', 3: '2.081383018504685', 4: 571.0176834573114} 
{0: '0.75', 1: '0.0', 2: '0.0', 3: '1.958045020027179', 4: 564.4264469259941} 
{0: '0.7518248175182481', 1: '0.0', 2: '0.0', 3: '1.842015749320195', 4: 563.7963483656889} 
{0: '0.7463768115942029', 1: '0.0', 2: '0.0', 3: '1.842015749320195', 4: 569.6513174324157} 
{0: '0.7482014388489209', 1: '0.0', 2: '0.0', 3: '1.958045020027179', 4: 569.6764462775179} 
{0: '0.75', 1: '0.0', 2: '0.0', 3: '2.081383018504685', 4: 572.1883050370154} 
{0: '0.75177304964539', 1: '0.0', 2: '0.0', 3: '2.212490124287102', 4: 578.4777396358205} 
{0: '0.7535211267605634', 1: '0.0', 2: '0.0', 3: '2.351855716390306', 4: 572.1422037181391} 
{0: '0.7552447552447552', 1: '0.0', 2: '0.0', 3: '2.500000000000003', 4: 567.3797644428893} 
{0: '0.75', 1: '0.0', 2: '0.0', 3: '2.500000000000003', 4: 581.9972154738203} 
{0: '0.7517241379310344', 1: '0.0', 2: '0.0', 3: '2.351855716390306', 4: 575.4416571971776} 
{0: '0.7534246575342466', 1: '0.0', 2: '0.0', 3: '2.212490124287102', 4: 567.7979759908422} 
{0: '0.7551020408163265', 1: '0.0', 2: '0.0', 3: '2.081383018504685', 4: 573.3415275864373} 
{0: '0.7567567567567568', 1: '0.0', 2: '0.0', 3: '1.958045020027179', 4: 572.1441222378113} 
{0: '0.7583892617449665', 1: '0.0', 2: '0.0', 3: '1.842015749320195', 4: 572.9632318445862} 
{0: '0.76', 1: '0.0', 2: '0.0', 3: '1.7328621078878674', 4: 571.8601756247011} 
{0: '0.7615894039735099', 1: '0.0', 2: '0.0', 3: '1.6301766616608926', 4: 576.4957376994425} 
{0: '0.7631578947368421', 1: '0.0', 2: '0.0', 3: '1.5335761201812925', 4: 562.1099902329621} 
{0: '0.7647058823529411', 1: '0.0', 2: '0.0', 3: '1.4426999059072143', 4: 566.7944634086508} 
{0: '0.7597402597402597', 1: '0.0', 2: '0.0', 3: '1.4426999059072143', 4: 562.689247592516} 
{0: '0.7612903225806451', 1: '0.0', 2: '0.0', 3: '1.5335761201812925', 4: 567.7912487412407} 
{0: '0.7628205128205128', 1: '0.0', 2: '0.0', 3: '1.6301766616608926', 4: 577.0574690228609} 
{0: '0.7643312101910829', 1: '0.0', 2: '0.0', 3: '1.7328621078878674', 4: 562.3650479811075} 
{0: '0.7658227848101266', 1: '0.0', 2: '0.0', 3: '1.842015749320195', 4: 573.8928967326057} 
{0: '0.7672955974842768', 1: '0.0', 2: '0.0', 3: '1.958045020027179', 4: 566.0160964899133} 
{0: '0.7625', 1: '0.0', 2: '0.0', 3: '1.958045020027179', 4: 566.9575866961052} 
{0: '0.7639751552795031', 1: '0.0', 2: '0.0', 3: '1.842015749320195', 4: 560.6850546593577} 
{0: '0.7654320987654321', 1: '0.0', 2: '0.0', 3: '1.7328621078878674', 4: 564.7951015555957} 
{0: '0.7668711656441718', 1: '0.0', 2: '0.0', 3: '1.6301766616608926', 4: 561.2117451117936} 
{0: '0.7682926829268293', 1: '0.0', 2: '0.0', 3: '1.5335761201812925', 4: 570.9465042537443} 
{0: '0.7636363636363637', 1: '0.0', 2: '0.0', 3: '1.5335761201812925', 4: 562.2061751934285} 
{0: '0.7590361445783133', 1: '0.0', 2: '0.0', 3: '1.5335761201812925', 4: 561.5491998038538} 
{0: '0.7604790419161677', 1: '0.0', 2: '0.0', 3: '1.4426999059072143', 4: 562.0544578362188} 
{0: '0.7559523809523809', 1: '0.0', 2: '0.0', 3: '1.4426999059072143', 4: 558.8217558739886} 
{0: '0.7514792899408284', 1: '0.0', 2: '0.0', 3: '1.4426999059072143', 4: 567.9388143570806} 
{0: '0.7470588235294118', 1: '0.0', 2: '0.0', 3: '1.4426999059072143', 4: 562.1545128961277} 
{0: '0.7485380116959064', 1: '0.0', 2: '0.0', 3: '1.5335761201812925', 4: 566.5968207903654} 
{0: '0.75', 1: '0.0', 2: '0.0', 3: '1.6301766616608926', 4: 562.9407479078072} 
{0: '0.7514450867052023', 1: '0.0', 2: '0.0', 3: '1.7328621078878674', 4: 562.0009355238757} 
{0: '0.7528735632183908', 1: '0.0', 2: '0.0', 3: '1.842015749320195', 4: 563.3604650796299} 
{0: '0.7485714285714286', 1: '0.0', 2: '0.0', 3: '1.842015749320195', 4: 563.0531173644873} 
{0: '0.75', 1: '0.0', 2: '0.0', 3: '1.7328621078878674', 4: 566.665038486253} 
{0: '0.751412429378531', 1: '0.0', 2: '0.0', 3: '1.6301766616608926', 4: 570.7030187875869} 
{0: '0.7528089887640449', 1: '0.0', 2: '0.0', 3: '1.5335761201812925', 4: 575.0297856808947} 
{0: '0.7541899441340782', 1: '0.0', 2: '0.0', 3: '1.4426999059072143', 4: 568.9592026432316} 
{0: '0.7555555555555555', 1: '0.0', 2: '0.0', 3: '1.3572088082974538', 4: 568.185583248448} 
{0: '0.7513812154696132', 1: '0.0', 2: '0.0', 3: '1.3572088082974538', 4: 560.6219585427046} 
{0: '0.7527472527472527', 1: '0.0', 2: '0.0', 3: '1.4426999059072143', 4: 569.1829345051565} 
{0: '0.7540983606557377', 1: '0.0', 2: '0.0', 3: '1.5335761201812925', 4: 571.3486064000277} 
{0: '0.7554347826086957', 1: '0.0', 2: '0.0', 3: '1.6301766616608926', 4: 572.9076224856668} 
{0: '0.7567567567567568', 1: '0.0', 2: '0.0', 3: '1.7328621078878674', 4: 572.0638735776073} 
{0: '0.7526881720430108', 1: '0.0', 2: '0.0', 3: '1.7328621078878674', 4: 572.4645976944485} 
{0: '0.7540106951871658', 1: '0.0', 2: '0.0', 3: '1.6301766616608926', 4: 574.2042186501194} 
{0: '0.7553191489361702', 1: '0.0', 2: '0.0', 3: '1.5335761201812925', 4: 563.5317821544985} 
{0: '0.7566137566137566', 1: '0.0', 2: '0.0', 3: '1.4426999059072143', 4: 570.7618537271671} 
{0: '0.7578947368421053', 1: '0.0', 2: '0.0', 3: '1.3572088082974538', 4: 576.2402631893016} 
{0: '0.7539267015706806', 1: '0.0', 2: '0.0', 3: '1.3572088082974538', 4: 567.2297422304429} 
{0: '0.7552083333333334', 1: '0.0', 2: '0.0', 3: '1.4426999059072143', 4: 564.3906566547945} 
{0: '0.7564766839378239', 1: '0.0', 2: '0.0', 3: '1.5335761201812925', 4: 565.3503858228465} 
{0: '0.7577319587628866', 1: '0.0', 2: '0.0', 3: '1.6301766616608926', 4: 560.4224226461855} 
{0: '0.7538461538461538', 1: '0.0', 2: '0.0', 3: '1.6301766616608926', 4: 565.5573737520243} 
{0: '0.7551020408163265', 1: '0.0', 2: '0.0', 3: '1.5335761201812925', 4: 567.8438035389858} 
{0: '0.751269035532995', 1: '0.0', 2: '0.0', 3: '1.5335761201812925', 4: 574.3929801009288} 
{0: '0.7525252525252525', 1: '0.0', 2: '0.0', 3: '1.6301766616608926', 4: 576.2255378824144} 
{0: '0.7537688442211056', 1: '0.0', 2: '0.0', 3: '1.7328621078878674', 4: 567.484682729175} 
{0: '0.755', 1: '0.0', 2: '0.0', 3: '1.842015749320195', 4: 571.1993050748619} 
{0: '0.7512437810945274', 1: '0.0', 2: '0.0', 3: '1.842015749320195', 4: 570.2066811351845} 
{0: '0.7524752475247525', 1: '0.0', 2: '0.0', 3: '1.7328621078878674', 4: 565.3402883651835} 
{0: '0.7536945812807881', 1: '0.0', 2: '0.0', 3: '1.6301766616608926', 4: 563.126413228893} 
{0: '0.7549019607843137', 1: '0.0', 2: '0.0', 3: '1.5335761201812925', 4: 569.1364332474328} 
{0: '0.7560975609756098', 1: '0.0', 2: '0.0', 3: '1.4426999059072143', 4: 571.7476857747631} 
{0: '0.7524271844660194', 1: '0.0', 2: '0.0', 3: '1.4426999059072143', 4: 568.9190792460557} 
{0: '0.7536231884057971', 1: '0.0', 2: '0.0', 3: '1.5335761201812925', 4: 570.1699621443754} 
{0: '0.7548076923076923', 1: '0.0', 2: '0.0', 3: '1.6301766616608926', 4: 567.4594415902964} 
{0: '0.7559808612440191', 1: '0.0', 2: '0.0', 3: '1.7328621078878674', 4: 567.4626528898046} 
{0: '0.7571428571428571', 1: '0.0', 2: '0.0', 3: '1.842015749320195', 4: 565.4803357915998} 
{0: '0.7582938388625592', 1: '0.0', 2: '0.0', 3: '1.958045020027179', 4: 578.607425643855} 
{0: '0.7594339622641509', 1: '0.0', 2: '0.0', 3: '2.081383018504685', 4: 568.7191374807284} 
{0: '0.755868544600939', 1: '0.0', 2: '0.0', 3: '2.081383018504685', 4: 565.8022084792318} 
{0: '0.7570093457943925', 1: '0.0', 2: '0.0', 3: '1.958045020027179', 4: 563.446118051285} 
{0: '0.7581395348837209', 1: '0.0', 2: '0.0', 3: '1.842015749320195', 4: 572.2898016944802} 
{0: '0.7592592592592593', 1: '0.0', 2: '0.0', 3: '1.7328621078878674', 4: 572.6056492009689} 
{0: '0.7557603686635944', 1: '0.0', 2: '0.0', 3: '1.7328621078878674', 4: 576.5218750174345} 
{0: '0.7568807339449541', 1: '0.0', 2: '0.0', 3: '1.842015749320195', 4: 568.9234354342249} 
{0: '0.7579908675799086', 1: '0.0', 2: '0.0', 3: '1.958045020027179', 4: 569.4181443103142} 
{0: '0.7545454545454545', 1: '0.0', 2: '0.0', 3: '1.958045020027179', 4: 578.9325074242935} 
{0: '0.755656108597285', 1: '0.0', 2: '0.0', 3: '1.842015749320195', 4: 564.5779656768788} 
{0: '0.7567567567567568', 1: '0.0', 2: '0.0', 3: '1.7328621078878674', 4: 559.4949041388859} 
{0: '0.757847533632287', 1: '0.0', 2: '0.0', 3: '1.6301766616608926', 4: 572.0046830573058} 
{0: '0.7589285714285714', 1: '0.0', 2: '0.0', 3: '1.5335761201812925', 4: 564.2290309661181} 
{0: '0.76', 1: '0.0', 2: '0.0', 3: '1.4426999059072143', 4: 560.4686955894621} 
{0: '0.7566371681415929', 1: '0.0', 2: '0.0', 3: '1.4426999059072143', 4: 571.718398243097} 
{0: '0.7577092511013216', 1: '0.0', 2: '0.0', 3: '1.5335761201812925', 4: 566.8221586887048} 
{0: '0.7587719298245614', 1: '0.0', 2: '0.0', 3: '1.6301766616608926', 4: 560.1861956496125} 
{0: '0.759825327510917', 1: '0.0', 2: '0.0', 3: '1.7328621078878674', 4: 563.1794429916945} 
{0: '0.7565217391304347', 1: '0.0', 2: '0.0', 3: '1.7328621078878674', 4: 571.1077200952112} 
{0: '0.7575757575757576', 1: '0.0', 2: '0.0', 3: '1.6301766616608926', 4: 576.9416924402835} 
{0: '0.7586206896551724', 1: '0.0', 2: '0.0', 3: '1.5335761201812925', 4: 563.0907839023733} 
{0: '0.759656652360515', 1: '0.0', 2: '0.0', 3: '1.4426999059072143', 4: 562.6271171990825} 
{0: '0.7564102564102564', 1: '0.0', 2: '0.0', 3: '1.4426999059072143', 4: 559.8852370196029} 
{0: '0.7574468085106383', 1: '0.0', 2: '0.0', 3: '1.5335761201812925', 4: 563.0315464524532} 
{0: '0.7542372881355932', 1: '0.0', 2: '0.0', 3: '1.5335761201812925', 4: 570.2999499822974} 
{0: '0.7552742616033755', 1: '0.0', 2: '0.0', 3: '1.4426999059072143', 4: 565.8990560063409} 
{0: '0.7563025210084033', 1: '0.0', 2: '0.0', 3: '1.3572088082974538', 4: 561.1752884571782} 
{0: '0.7573221757322176', 1: '0.0', 2: '0.0', 3: '1.2767837176518553', 4: 568.7128195813742} 
{0: '0.7541666666666667', 1: '0.0', 2: '0.0', 3: '1.2767837176518553', 4: 566.0483090132894} 
{0: '0.7551867219917012', 1: '0.0', 2: '0.0', 3: '1.3572088082974538', 4: 570.1753576830398} 
{0: '0.756198347107438', 1: '0.0', 2: '0.0', 3: '1.4426999059072143', 4: 563.7999027205445} 
{0: '0.7530864197530864', 1: '0.0', 2: '0.0', 3: '1.4426999059072143', 4: 569.923107807953} 
{0: '0.75', 1: '0.0', 2: '0.0', 3: '1.4426999059072143', 4: 567.2180794908357} 
{0: '0.7510204081632653', 1: '0.0', 2: '0.0', 3: '1.5335761201812925', 4: 572.0034243810969} 
{0: '0.7520325203252033', 1: '0.0', 2: '0.0', 3: '1.6301766616608926', 4: 560.0113837209877} 
{0: '0.7489878542510121', 1: '0.0', 2: '0.0', 3: '1.6301766616608926', 4: 560.7269840661113} 
{0: '0.75', 1: '0.0', 2: '0.0', 3: '1.5335761201812925', 4: 562.2342851769782} 
{0: '0.7469879518072289', 1: '0.0', 2: '0.0', 3: '1.5335761201812925', 4: 568.6275940022109} 
{0: '0.748', 1: '0.0', 2: '0.0', 3: '1.6301766616608926', 4: 569.2388154500775} 
{0: '0.749003984063745', 1: '0.0', 2: '0.0', 3: '1.7328621078878674', 4: 572.8618310994353} 
{0: '0.75', 1: '0.0', 2: '0.0', 3: '1.842015749320195', 4: 569.5910870134761} 
{0: '0.7509881422924901', 1: '0.0', 2: '0.0', 3: '1.958045020027179', 4: 568.931626697522} 
{0: '0.7480314960629921', 1: '0.0', 2: '0.0', 3: '1.958045020027179', 4: 560.5930258802014} 
{0: '0.7490196078431373', 1: '0.0', 2: '0.0', 3: '1.842015749320195', 4: 566.9901817731127} 
{0: '0.75', 1: '0.0', 2: '0.0', 3: '1.7328621078878674', 4: 567.5611873558836} 
{0: '0.7470817120622568', 1: '0.0', 2: '0.0', 3: '1.7328621078878674', 4: 566.5056610078843} 
{0: '0.7441860465116279', 1: '0.0', 2: '0.0', 3: '1.7328621078878674', 4: 570.5182469737562} 
{0: '0.7451737451737451', 1: '0.0', 2: '0.0', 3: '1.6301766616608926', 4: 562.8591368149733} 
{0: '0.7461538461538462', 1: '0.0', 2: '0.0', 3: '1.5335761201812925', 4: 562.2442653237542} 
{0: '0.7432950191570882', 1: '0.0', 2: '0.0', 3: '1.5335761201812925', 4: 564.5376176291497} 
{0: '0.7442748091603053', 1: '0.0', 2: '0.0', 3: '1.6301766616608926', 4: 562.591757385665} 
{0: '0.7452471482889734', 1: '0.0', 2: '0.0', 3: '1.7328621078878674', 4: 572.369536990002} 
{0: '0.7462121212121212', 1: '0.0', 2: '0.0', 3: '1.842015749320195', 4: 568.8523965807631} 
{0: '0.7433962264150943', 1: '0.0', 2: '0.0', 3: '1.842015749320195', 4: 564.6124368018677} 
{0: '0.7443609022556391', 1: '0.0', 2: '0.0', 3: '1.7328621078878674', 4: 567.1560720333603} 
{0: '0.7453183520599251', 1: '0.0', 2: '0.0', 3: '1.6301766616608926', 4: 562.107997289297} 
{0: '0.746268656716418', 1: '0.0', 2: '0.0', 3: '1.5335761201812925', 4: 570.7097236330062} 
{0: '0.7434944237918215', 1: '0.0', 2: '0.0', 3: '1.5335761201812925', 4: 561.9952817786938} 
{0: '0.7444444444444445', 1: '0.0', 2: '0.0', 3: '1.6301766616608926', 4: 567.7117846262067} 
{0: '0.7453874538745388', 1: '0.0', 2: '0.0', 3: '1.7328621078878674', 4: 568.6908802770748} 
{0: '0.7463235294117647', 1: '0.0', 2: '0.0', 3: '1.842015749320195', 4: 582.1769827635958} 
{0: '0.7472527472527473', 1: '0.0', 2: '0.0', 3: '1.958045020027179', 4: 568.054717689945} 
{0: '0.7481751824817519', 1: '0.0', 2: '0.0', 3: '2.081383018504685', 4: 588.4308403011833} 
{0: '0.7490909090909091', 1: '0.0', 2: '0.0', 3: '2.212490124287102', 4: 574.328992081941} 
{0: '0.7463768115942029', 1: '0.0', 2: '0.0', 3: '2.212490124287102', 4: 586.5480864655373} 
{0: '0.7472924187725631', 1: '0.0', 2: '0.0', 3: '2.081383018504685', 4: 568.7547799813892} 
{0: '0.7482014388489209', 1: '0.0', 2: '0.0', 3: '1.958045020027179', 4: 570.7997378290738} 
{0: '0.7455197132616488', 1: '0.0', 2: '0.0', 3: '1.958045020027179', 4: 577.9959839416181} 
{0: '0.7464285714285714', 1: '0.0', 2: '0.0', 3: '2.081383018504685', 4: 573.144910475361} 
{0: '0.7473309608540926', 1: '0.0', 2: '0.0', 3: '2.212490124287102', 4: 576.2908578437138} 
{0: '0.7446808510638298', 1: '0.0', 2: '0.0', 3: '2.212490124287102', 4: 566.444595603828} 
{0: '0.7455830388692579', 1: '0.0', 2: '0.0', 3: '2.081383018504685', 4: 578.0138987449661} 
{0: '0.7464788732394366', 1: '0.0', 2: '0.0', 3: '1.958045020027179', 4: 568.0166029514176} 
{0: '0.7473684210526316', 1: '0.0', 2: '0.0', 3: '1.842015749320195', 4: 578.4135706308193} 
{0: '0.7482517482517482', 1: '0.0', 2: '0.0', 3: '1.7328621078878674', 4: 566.0512850085418} 
{0: '0.7491289198606271', 1: '0.0', 2: '0.0', 3: '1.6301766616608926', 4: 572.8105226748957} 
{0: '0.7465277777777778', 1: '0.0', 2: '0.0', 3: '1.6301766616608926', 4: 560.583217616574} 
{0: '0.7439446366782007', 1: '0.0', 2: '0.0', 3: '1.6301766616608926', 4: 565.0077264225223} 
{0: '0.7448275862068966', 1: '0.0', 2: '0.0', 3: '1.5335761201812925', 4: 559.5613850154407} 
{0: '0.7457044673539519', 1: '0.0', 2: '0.0', 3: '1.4426999059072143', 4: 570.0062025345418} 
{0: '0.7431506849315068', 1: '0.0', 2: '0.0', 3: '1.4426999059072143', 4: 559.6099182812889} 
{0: '0.7440273037542662', 1: '0.0', 2: '0.0', 3: '1.5335761201812925', 4: 558.7834712922453} 
{0: '0.7448979591836735', 1: '0.0', 2: '0.0', 3: '1.6301766616608926', 4: 563.5555558454441} 
{0: '0.7457627118644068', 1: '0.0', 2: '0.0', 3: '1.7328621078878674', 4: 569.4580309751487} 
{0: '0.7466216216216216', 1: '0.0', 2: '0.0', 3: '1.842015749320195', 4: 566.6946466082699} 
{0: '0.7474747474747475', 1: '0.0', 2: '0.0', 3: '1.958045020027179', 4: 577.6819727390849} 
{0: '0.7483221476510067', 1: '0.0', 2: '0.0', 3: '2.081383018504685', 4: 569.9894038937443} 
{0: '0.745819397993311', 1: '0.0', 2: '0.0', 3: '2.081383018504685', 4: 567.0982968976251} 
{0: '0.7466666666666667', 1: '0.0', 2: '0.0', 3: '1.958045020027179', 4: 572.3469587323119} 
{0: '0.7475083056478405', 1: '0.0', 2: '0.0', 3: '1.842015749320195', 4: 561.8709275608526} 
{0: '0.7483443708609272', 1: '0.0', 2: '0.0', 3: '1.7328621078878674', 4: 566.9845938240151} 
{0: '0.7491749174917491', 1: '0.0', 2: '0.0', 3: '1.6301766616608926', 4: 569.3815737891794} 
{0: '0.7467105263157895', 1: '0.0', 2: '0.0', 3: '1.6301766616608926', 4: 565.8517018622202} 
{0: '0.7475409836065574', 1: '0.0', 2: '0.0', 3: '1.7328621078878674', 4: 567.1036974361722} 
{0: '0.7483660130718954', 1: '0.0', 2: '0.0', 3: '1.842015749320195', 4: 579.4526804991447} 
{0: '0.745928338762215', 1: '0.0', 2: '0.0', 3: '1.842015749320195', 4: 567.4382851871968} 
{0: '0.7467532467532467', 1: '0.0', 2: '0.0', 3: '1.7328621078878674', 4: 568.6807335723323} 
{0: '0.7475728155339806', 1: '0.0', 2: '0.0', 3: '1.6301766616608926', 4: 563.1840347020583} 
{0: '0.7483870967741936', 1: '0.0', 2: '0.0', 3: '1.5335761201812925', 4: 567.875572397477} 
{0: '0.7491961414790996', 1: '0.0', 2: '0.0', 3: '1.4426999059072143', 4: 567.3024258177211} 
{0: '0.7467948717948718', 1: '0.0', 2: '0.0', 3: '1.4426999059072143', 4: 571.0209833320548} 
{0: '0.7476038338658147', 1: '0.0', 2: '0.0', 3: '1.5335761201812925', 4: 568.8342171324883} 
{0: '0.7484076433121019', 1: '0.0', 2: '0.0', 3: '1.6301766616608926', 4: 562.4304356997924} 
{0: '0.7492063492063492', 1: '0.0', 2: '0.0', 3: '1.7328621078878674', 4: 581.8130669748039} 
{0: '0.75', 1: '0.0', 2: '0.0', 3: '1.842015749320195', 4: 568.8184863631631} 
{0: '0.750788643533123', 1: '0.0', 2: '0.0', 3: '1.958045020027179', 4: 566.7407100890518} 
{0: '0.7484276729559748', 1: '0.0', 2: '0.0', 3: '1.958045020027179', 4: 571.9350391648153} 
{0: '0.7492163009404389', 1: '0.0', 2: '0.0', 3: '1.842015749320195', 4: 569.0963387795833} 
{0: '0.75', 1: '0.0', 2: '0.0', 3: '1.7328621078878674', 4: 566.307260236315} 
{0: '0.7507788161993769', 1: '0.0', 2: '0.0', 3: '1.6301766616608926', 4: 561.8261431721777} 
{0: '0.7515527950310559', 1: '0.0', 2: '0.0', 3: '1.5335761201812925', 4: 567.1819616667477} 
{0: '0.7492260061919505', 1: '0.0', 2: '0.0', 3: '1.5335761201812925', 4: 565.0626039591108} 
{0: '0.75', 1: '0.0', 2: '0.0', 3: '1.6301766616608926', 4: 569.3953959579164} 
{0: '0.7507692307692307', 1: '0.0', 2: '0.0', 3: '1.7328621078878674', 4: 578.0014793172029} 
{0: '0.7515337423312883', 1: '0.0', 2: '0.0', 3: '1.842015749320195', 4: 568.766172051707} 
{0: '0.7492354740061162', 1: '0.0', 2: '0.0', 3: '1.842015749320195', 4: 564.7481126147085} 
{0: '0.75', 1: '0.0', 2: '0.0', 3: '1.7328621078878674', 4: 574.4227364586927} 
{0: '0.7507598784194529', 1: '0.0', 2: '0.0', 3: '1.6301766616608926', 4: 566.8003962274485} 
{0: '0.7484848484848485', 1: '0.0', 2: '0.0', 3: '1.6301766616608926', 4: 570.1736128248141} 
{0: '0.7492447129909365', 1: '0.0', 2: '0.0', 3: '1.7328621078878674', 4: 575.618269100563} 
{0: '0.75', 1: '0.0', 2: '0.0', 3: '1.842015749320195', 4: 570.449703356862} 
{0: '0.7507507507507507', 1: '0.0', 2: '0.0', 3: '1.958045020027179', 4: 565.8747315216928} 
{0: '0.7514970059880239', 1: '0.0', 2: '0.0', 3: '2.081383018504685', 4: 570.3149589517654} 
{0: '0.7492537313432835', 1: '0.0', 2: '0.0', 3: '2.081383018504685', 4: 570.3760417099115} 
{0: '0.75', 1: '0.0', 2: '0.0', 3: '1.958045020027179', 4: 571.7111900662889} 
{0: '0.7507418397626113', 1: '0.0', 2: '0.0', 3: '1.842015749320195', 4: 577.8826584986289} 
{0: '0.7485207100591716', 1: '0.0', 2: '0.0', 3: '1.842015749320195', 4: 574.5947789440371} 
{0: '0.7492625368731564', 1: '0.0', 2: '0.0', 3: '1.958045020027179', 4: 568.9006280766665} 
{0: '0.7470588235294118', 1: '0.0', 2: '0.0', 3: '1.958045020027179', 4: 575.6902737412856} 
{0: '0.7478005865102639', 1: '0.0', 2: '0.0', 3: '1.842015749320195', 4: 568.6922924748071} 
{0: '0.7485380116959064', 1: '0.0', 2: '0.0', 3: '1.7328621078878674', 4: 565.8210443586231} 
{0: '0.749271137026239', 1: '0.0', 2: '0.0', 3: '1.6301766616608926', 4: 563.9826839417797} 
{0: '0.75', 1: '0.0', 2: '0.0', 3: '1.5335761201812925', 4: 565.912259721502} 
{0: '0.7507246376811594', 1: '0.0', 2: '0.0', 3: '1.4426999059072143', 4: 571.5727290078623} 
{0: '0.7514450867052023', 1: '0.0', 2: '0.0', 3: '1.3572088082974538', 4: 562.052786970173} 
{0: '0.7492795389048992', 1: '0.0', 2: '0.0', 3: '1.3572088082974538', 4: 565.9451345129471} 
{0: '0.75', 1: '0.0', 2: '0.0', 3: '1.4426999059072143', 4: 566.22858749796} 
{0: '0.7507163323782235', 1: '0.0', 2: '0.0', 3: '1.5335761201812925', 4: 563.9666895984461} 
{0: '0.7514285714285714', 1: '0.0', 2: '0.0', 3: '1.6301766616608926', 4: 563.2367908149987} 
{0: '0.7521367521367521', 1: '0.0', 2: '0.0', 3: '1.7328621078878674', 4: 564.406972686765} 
{0: '0.7528409090909091', 1: '0.0', 2: '0.0', 3: '1.842015749320195', 4: 570.9432658874257} 
{0: '0.7535410764872521', 1: '0.0', 2: '0.0', 3: '1.958045020027179', 4: 573.232207945731} 
{0: '0.7542372881355932', 1: '0.0', 2: '0.0', 3: '2.081383018504685', 4: 579.223308258579} 
{0: '0.7549295774647887', 1: '0.0', 2: '0.0', 3: '2.212490124287102', 4: 580.2937836849528} 
{0: '0.7528089887640449', 1: '0.0', 2: '0.0', 3: '2.212490124287102', 4: 590.6507655522418} 
{0: '0.7535014005602241', 1: '0.0', 2: '0.0', 3: '2.081383018504685', 4: 575.8988102568662} 
{0: '0.7541899441340782', 1: '0.0', 2: '0.0', 3: '1.958045020027179', 4: 581.213353510038} 
{0: '0.7520891364902507', 1: '0.0', 2: '0.0', 3: '1.958045020027179', 4: 561.8263630876322} 
{0: '0.75', 1: '0.0', 2: '0.0', 3: '1.958045020027179', 4: 573.4692053025873} 
{0: '0.7479224376731302', 1: '0.0', 2: '0.0', 3: '1.958045020027179', 4: 570.5798640085495} 
{0: '0.7486187845303868', 1: '0.0', 2: '0.0', 3: '2.081383018504685', 4: 568.9409248611524} 
{0: '0.7465564738292011', 1: '0.0', 2: '0.0', 3: '2.081383018504685', 4: 577.4752666241616} 
{0: '0.7445054945054945', 1: '0.0', 2: '0.0', 3: '2.081383018504685', 4: 572.8845348268713} 
{0: '0.7452054794520548', 1: '0.0', 2: '0.0', 3: '2.212490124287102', 4: 561.7076177479478} 
{0: '0.7431693989071039', 1: '0.0', 2: '0.0', 3: '2.212490124287102', 4: 585.43454315285} 
{0: '0.7411444141689373', 1: '0.0', 2: '0.0', 3: '2.212490124287102', 4: 576.3785584621845} 
{0: '0.7418478260869565', 1: '0.0', 2: '0.0', 3: '2.351855716390306', 4: 569.4709871075086} 
{0: '0.7425474254742548', 1: '0.0', 2: '0.0', 3: '2.500000000000003', 4: 568.8794910990835} 
{0: '0.7405405405405405', 1: '0.0', 2: '0.0', 3: '2.500000000000003', 4: 572.2902173060739} 
{0: '0.7412398921832885', 1: '0.0', 2: '0.0', 3: '2.351855716390306', 4: 569.8393320262134} 
{0: '0.7419354838709677', 1: '0.0', 2: '0.0', 3: '2.212490124287102', 4: 568.7427032262372} 
{0: '0.7426273458445041', 1: '0.0', 2: '0.0', 3: '2.081383018504685', 4: 565.7538673454271} 
{0: '0.7433155080213903', 1: '0.0', 2: '0.0', 3: '1.958045020027179', 4: 571.6292459902326} 
{0: '0.744', 1: '0.0', 2: '0.0', 3: '1.842015749320195', 4: 576.828439625157} 
{0: '0.7420212765957447', 1: '0.0', 2: '0.0', 3: '1.842015749320195', 4: 562.7061259056121} 
{0: '0.7427055702917772', 1: '0.0', 2: '0.0', 3: '1.958045020027179', 4: 566.498933094217} 
{0: '0.7433862433862434', 1: '0.0', 2: '0.0', 3: '2.081383018504685', 4: 571.7376134392254} 
{0: '0.7440633245382586', 1: '0.0', 2: '0.0', 3: '2.212490124287102', 4: 579.083103301065} 
{0: '0.7447368421052631', 1: '0.0', 2: '0.0', 3: '2.351855716390306', 4: 579.027224404755} 
{0: '0.7454068241469817', 1: '0.0', 2: '0.0', 3: '2.500000000000003', 4: 582.5246854072185} 
{0: '0.743455497382199', 1: '0.0', 2: '0.0', 3: '2.500000000000003', 4: 571.7474215943155} 
{0: '0.7441253263707572', 1: '0.0', 2: '0.0', 3: '2.351855716390306', 4: 568.0184647646845} 
{0: '0.7447916666666666', 1: '0.0', 2: '0.0', 3: '2.212490124287102', 4: 571.3589146845554} 
{0: '0.7454545454545455', 1: '0.0', 2: '0.0', 3: '2.081383018504685', 4: 576.8533158090127} 
{0: '0.7461139896373057', 1: '0.0', 2: '0.0', 3: '1.958045020027179', 4: 571.7506504248939} 
{0: '0.7467700258397932', 1: '0.0', 2: '0.0', 3: '1.842015749320195', 4: 567.6620820289435} 
{0: '0.7474226804123711', 1: '0.0', 2: '0.0', 3: '1.7328621078878674', 4: 567.9923411520269} 
{0: '0.7480719794344473', 1: '0.0', 2: '0.0', 3: '1.6301766616608926', 4: 566.8049244158591} 
{0: '0.7487179487179487', 1: '0.0', 2: '0.0', 3: '1.5335761201812925', 4: 570.0076473067489} 
{0: '0.7468030690537084', 1: '0.0', 2: '0.0', 3: '1.5335761201812925', 4: 561.0036370602282} 
{0: '0.7474489795918368', 1: '0.0', 2: '0.0', 3: '1.6301766616608926', 4: 566.2919137705223} 
{0: '0.7480916030534351', 1: '0.0', 2: '0.0', 3: '1.7328621078878674', 4: 565.3176949331117} 
{0: '0.748730964467005', 1: '0.0', 2: '0.0', 3: '1.842015749320195', 4: 566.4672258639998} 
{0: '0.7468354430379747', 1: '0.0', 2: '0.0', 3: '1.842015749320195', 4: 562.8298559460513} 
{0: '0.7474747474747475', 1: '0.0', 2: '0.0', 3: '1.7328621078878674', 4: 563.625364289086} 
{0: '0.7481108312342569', 1: '0.0', 2: '0.0', 3: '1.6301766616608926', 4: 567.0698230977487} 
{0: '0.7487437185929648', 1: '0.0', 2: '0.0', 3: '1.5335761201812925', 4: 569.5692946194647} 
{0: '0.7468671679197995', 1: '0.0', 2: '0.0', 3: '1.5335761201812925', 4: 560.6512933242703} 
{0: '0.7475', 1: '0.0', 2: '0.0', 3: '1.6301766616608926', 4: 574.409630154069} 
{0: '0.7481296758104738', 1: '0.0', 2: '0.0', 3: '1.7328621078878674', 4: 567.2164419636528} 
{0: '0.746268656716418', 1: '0.0', 2: '0.0', 3: '1.7328621078878674', 4: 565.4346444478065} 
{0: '0.7468982630272953', 1: '0.0', 2: '0.0', 3: '1.6301766616608926', 4: 569.5530893424104} 
{0: '0.745049504950495', 1: '0.0', 2: '0.0', 3: '1.6301766616608926', 4: 566.5306231856925} 
{0: '0.745679012345679', 1: '0.0', 2: '0.0', 3: '1.7328621078878674', 4: 564.0805433707892} 
{0: '0.7438423645320197', 1: '0.0', 2: '0.0', 3: '1.7328621078878674', 4: 573.1585618963425} 
{0: '0.7444717444717445', 1: '0.0', 2: '0.0', 3: '1.6301766616608926', 4: 573.0715122896828} 
{0: '0.7426470588235294', 1: '0.0', 2: '0.0', 3: '1.6301766616608926', 4: 563.2274085735114} 
{0: '0.7432762836185819', 1: '0.0', 2: '0.0', 3: '1.7328621078878674', 4: 564.4444333921061} 
{0: '0.7439024390243902', 1: '0.0', 2: '0.0', 3: '1.842015749320195', 4: 569.240378212732} 
{0: '0.7445255474452555', 1: '0.0', 2: '0.0', 3: '1.958045020027179', 4: 567.4250841539672} 
{0: '0.7427184466019418', 1: '0.0', 2: '0.0', 3: '1.958045020027179', 4: 574.1508557522252} 
{0: '0.7433414043583535', 1: '0.0', 2: '0.0', 3: '1.842015749320195', 4: 566.4074907155061} 
{0: '0.7439613526570048', 1: '0.0', 2: '0.0', 3: '1.7328621078878674', 4: 576.425445807841} 
{0: '0.744578313253012', 1: '0.0', 2: '0.0', 3: '1.6301766616608926', 4: 576.1836199513099} 
{0: '0.7427884615384616', 1: '0.0', 2: '0.0', 3: '1.6301766616608926', 4: 569.0429144900369} 
{0: '0.7434052757793765', 1: '0.0', 2: '0.0', 3: '1.7328621078878674', 4: 570.8931368505328} 
{0: '0.7440191387559809', 1: '0.0', 2: '0.0', 3: '1.842015749320195', 4: 575.4004164513062} 
{0: '0.7422434367541766', 1: '0.0', 2: '0.0', 3: '1.842015749320195', 4: 563.4075203618848} 
{0: '0.7428571428571429', 1: '0.0', 2: '0.0', 3: '1.7328621078878674', 4: 569.9354734698167} 
{0: '0.7434679334916865', 1: '0.0', 2: '0.0', 3: '1.6301766616608926', 4: 572.2461833500759} 
{0: '0.7417061611374408', 1: '0.0', 2: '0.0', 3: '1.6301766616608926', 4: 575.5557722408395} 
{0: '0.7423167848699763', 1: '0.0', 2: '0.0', 3: '1.7328621078878674', 4: 580.4319767111997} 
{0: '0.7429245283018868', 1: '0.0', 2: '0.0', 3: '1.842015749320195', 4: 570.9823941819038} 
{0: '0.7435294117647059', 1: '0.0', 2: '0.0', 3: '1.958045020027179', 4: 572.9202644940627} 
{0: '0.744131455399061', 1: '0.0', 2: '0.0', 3: '2.081383018504685', 4: 569.0583418367016} 
{0: '0.7447306791569087', 1: '0.0', 2: '0.0', 3: '2.212490124287102', 4: 568.0230811218844} 
{0: '0.7453271028037384', 1: '0.0', 2: '0.0', 3: '2.351855716390306', 4: 571.5745888940143} 
{0: '0.745920745920746', 1: '0.0', 2: '0.0', 3: '2.500000000000003', 4: 575.0122717569708} 
{0: '0.7441860465116279', 1: '0.0', 2: '0.0', 3: '2.500000000000003', 4: 575.4309898411163} 
{0: '0.7447795823665894', 1: '0.0', 2: '0.0', 3: '2.351855716390306', 4: 564.1775553814144} 
{0: '0.7453703703703703', 1: '0.0', 2: '0.0', 3: '2.212490124287102', 4: 568.2808639982127} 
{0: '0.745958429561201', 1: '0.0', 2: '0.0', 3: '2.081383018504685', 4: 566.6446344215293} 
{0: '0.7465437788018433', 1: '0.0', 2: '0.0', 3: '1.958045020027179', 4: 560.8805863518608} 
{0: '0.7471264367816092', 1: '0.0', 2: '0.0', 3: '1.842015749320195', 4: 569.7382257258232} 
{0: '0.7477064220183486', 1: '0.0', 2: '0.0', 3: '1.7328621078878674', 4: 562.1552786735801} 
{0: '0.7459954233409611', 1: '0.0', 2: '0.0', 3: '1.7328621078878674', 4: 568.9774057349737} 
{0: '0.7465753424657534', 1: '0.0', 2: '0.0', 3: '1.842015749320195', 4: 568.9792355801322} 
{0: '0.7471526195899773', 1: '0.0', 2: '0.0', 3: '1.958045020027179', 4: 562.616518087318} 
{0: '0.7477272727272727', 1: '0.0', 2: '0.0', 3: '2.081383018504685', 4: 570.8770527553189} 
{0: '0.7482993197278912', 1: '0.0', 2: '0.0', 3: '2.212490124287102', 4: 570.5609717905426} 
{0: '0.748868778280543', 1: '0.0', 2: '0.0', 3: '2.351855716390306', 4: 570.058380309809} 
{0: '0.7471783295711061', 1: '0.0', 2: '0.0', 3: '2.351855716390306', 4: 573.5557233920497} 
{0: '0.7477477477477478', 1: '0.0', 2: '0.0', 3: '2.212490124287102', 4: 575.8281541281342} 
{0: '0.748314606741573', 1: '0.0', 2: '0.0', 3: '2.081383018504685', 4: 566.1776767229485} 
{0: '0.7488789237668162', 1: '0.0', 2: '0.0', 3: '1.958045020027179', 4: 565.5411712017386} 
{0: '0.7494407158836689', 1: '0.0', 2: '0.0', 3: '1.842015749320195', 4: 568.2799431531661} 
{0: '0.7477678571428571', 1: '0.0', 2: '0.0', 3: '1.842015749320195', 4: 564.3503509484805} 
{0: '0.7483296213808464', 1: '0.0', 2: '0.0', 3: '1.958045020027179', 4: 568.0546333432867} 
{0: '0.7488888888888889', 1: '0.0', 2: '0.0', 3: '2.081383018504685', 4: 564.692196969656} 
{0: '0.7494456762749445', 1: '0.0', 2: '0.0', 3: '2.212490124287102', 4: 572.4670790750108} 
{0: '0.7477876106194691', 1: '0.0', 2: '0.0', 3: '2.212490124287102', 4: 564.1086296687278} 
{0: '0.7483443708609272', 1: '0.0', 2: '0.0', 3: '2.081383018504685', 4: 577.4472490562514} 
{0: '0.7466960352422908', 1: '0.0', 2: '0.0', 3: '2.081383018504685', 4: 582.9615587073695} 
{0: '0.7472527472527473', 1: '0.0', 2: '0.0', 3: '2.212490124287102', 4: 569.6414471675524} 
{0: '0.7478070175438597', 1: '0.0', 2: '0.0', 3: '2.351855716390306', 4: 568.3401377362765} 
{0: '0.7461706783369803', 1: '0.0', 2: '0.0', 3: '2.351855716390306', 4: 572.5553622000847} 
{0: '0.7467248908296943', 1: '0.0', 2: '0.0', 3: '2.212490124287102', 4: 567.1290260227263} 
{0: '0.7472766884531591', 1: '0.0', 2: '0.0', 3: '2.081383018504685', 4: 563.0440455922502} 
{0: '0.7478260869565218', 1: '0.0', 2: '0.0', 3: '1.958045020027179', 4: 577.9361672591378} 
{0: '0.7462039045553145', 1: '0.0', 2: '0.0', 3: '1.958045020027179', 4: 574.6990637734286} 
{0: '0.7467532467532467', 1: '0.0', 2: '0.0', 3: '2.081383018504685', 4: 579.9922854490082} 
{0: '0.7473002159827213', 1: '0.0', 2: '0.0', 3: '2.212490124287102', 4: 568.3986748425176} 
{0: '0.7478448275862069', 1: '0.0', 2: '0.0', 3: '2.351855716390306', 4: 576.1074226673251} 
{0: '0.7483870967741936', 1: '0.0', 2: '0.0', 3: '2.500000000000003', 4: 569.1015790988926} 
{0: '0.7467811158798283', 1: '0.0', 2: '0.0', 3: '2.500000000000003', 4: 601.2593466823492} 
{0: '0.7473233404710921', 1: '0.0', 2: '0.0', 3: '2.351855716390306', 4: 568.9497232191494} 
{0: '0.7478632478632479', 1: '0.0', 2: '0.0', 3: '2.212490124287102', 4: 573.1993977132618} 
{0: '0.7484008528784648', 1: '0.0', 2: '0.0', 3: '2.081383018504685', 4: 566.38956217711} 
{0: '0.7489361702127659', 1: '0.0', 2: '0.0', 3: '1.958045020027179', 4: 576.4925723593973} 
{0: '0.7494692144373672', 1: '0.0', 2: '0.0', 3: '1.842015749320195', 4: 580.0870326883512} 
{0: '0.75', 1: '0.0', 2: '0.0', 3: '1.7328621078878674', 4: 572.3252543742054} 
{0: '0.7505285412262156', 1: '0.0', 2: '0.0', 3: '1.6301766616608926', 4: 575.1365187998952} 
{0: '0.7489451476793249', 1: '0.0', 2: '0.0', 3: '1.6301766616608926', 4: 567.4073156323118} 
{0: '0.7494736842105263', 1: '0.0', 2: '0.0', 3: '1.7328621078878674', 4: 567.5293818144414} 
{0: '0.75', 1: '0.0', 2: '0.0', 3: '1.842015749320195', 4: 566.630546480311} 
{0: '0.750524109014675', 1: '0.0', 2: '0.0', 3: '1.958045020027179', 4: 562.5546951957917} 
{0: '0.7510460251046025', 1: '0.0', 2: '0.0', 3: '2.081383018504685', 4: 575.9643703502271} 
{0: '0.7494780793319415', 1: '0.0', 2: '0.0', 3: '2.081383018504685', 4: 573.1976429555107} 
{0: '0.75', 1: '0.0', 2: '0.0', 3: '1.958045020027179', 4: 572.2764020428423} 
{0: '0.7505197505197505', 1: '0.0', 2: '0.0', 3: '1.842015749320195', 4: 568.4094374105252} 
{0: '0.7489626556016598', 1: '0.0', 2: '0.0', 3: '1.842015749320195', 4: 571.5229067296567} 
{0: '0.7494824016563147', 1: '0.0', 2: '0.0', 3: '1.958045020027179', 4: 574.2206324745047} 
{0: '0.75', 1: '0.0', 2: '0.0', 3: '2.081383018504685', 4: 576.9919896557378} 
{0: '0.7484536082474227', 1: '0.0', 2: '0.0', 3: '2.081383018504685', 4: 586.9412347872301} 
{0: '0.7489711934156379', 1: '0.0', 2: '0.0', 3: '1.958045020027179', 4: 582.2435886606115} 
{0: '0.7494866529774127', 1: '0.0', 2: '0.0', 3: '1.842015749320195', 4: 572.1576970401405} 
{0: '0.75', 1: '0.0', 2: '0.0', 3: '1.7328621078878674', 4: 579.0622128275556} 
{0: '0.7484662576687117', 1: '0.0', 2: '0.0', 3: '1.7328621078878674', 4: 580.7203621341157} 
{0: '0.7489795918367347', 1: '0.0', 2: '0.0', 3: '1.842015749320195', 4: 585.4487191596689} 
{0: '0.7494908350305499', 1: '0.0', 2: '0.0', 3: '1.958045020027179', 4: 585.6113528265322} 
{0: '0.75', 1: '0.0', 2: '0.0', 3: '2.081383018504685', 4: 577.5589639749543} 
{0: '0.7505070993914807', 1: '0.0', 2: '0.0', 3: '2.212490124287102', 4: 579.6417799993592} 
{0: '0.7510121457489879', 1: '0.0', 2: '0.0', 3: '2.351855716390306', 4: 583.4548769142401} 
{0: '0.7515151515151515', 1: '0.0', 2: '0.0', 3: '2.500000000000003', 4: 572.5813451268451} 
{0: '0.75', 1: '0.0', 2: '0.0', 3: '2.500000000000003', 4: 570.2780551078212} 
{0: '0.7505030181086519', 1: '0.0', 2: '0.0', 3: '2.351855716390306', 4: 577.4006374955575} 
{0: '0.748995983935743', 1: '0.0', 2: '0.0', 3: '2.351855716390306', 4: 586.0692252970492} 
{0: '0.749498997995992', 1: '0.0', 2: '0.0', 3: '2.500000000000003', 4: 588.7095028572293} 
