{'STAT2HEADER': 'STAT2HEADER', 'STAT2HEADER_ENVIRON': 'environ({\'OMPI_MCA_pmix\': \'^s1,s2,cray,isolated\', \'PMIX_MCA_mca_base_component_show_load_errors\': \'1\', \'OMPI_COMMAND\': \'python3\', \'OMPI_ARGV\': \'static_snapshot.py 1 0min\', \'OMPI_MCA_orte_precondition_transports\': \'0eedc43b5a47b452-4026da7aaf861d89\', \'LD_LIBRARY_PATH\': \'/salilab/diva1/programs/x86_64linux/numpy-py36-1.19.5/lib:/salilab/diva1/home/libs/x86_64/centos8:/salilab/diva1/home/libs/x86_64:/salilab/diva1/home/imp/main/20240607-af6f9d6a95/lib/release8:/salilab/diva1/programs/x86_64linux/opencv-4.3.0/lib64/rhel:/salilab/diva1/programs/x86_64linux/opencv-4.3.0/lib64:/salilab/diva1/programs/x86_64linux/hdf5-1.10.7/lib:/salilab/diva1/programs/x86_64linux/libtau-py27-1.0.1/lib64:/salilab/diva1/programs/x86_64linux/boost-1.73.0/lib64:/usr/lib64/openmpi/lib:/wynton/group/sali/miha_rozic/Software/imp-develop/build/lib::\', \'IMP_TMP_DIR\': \'/wynton/group/sali/miha_rozic/Software/imp-develop/build/tmp\', \'PE_HOSTFILE\': \'/var/spool/sge/wynton/qb3-id248/active_jobs/707271.1/pe_hostfile\', \'__LMOD_REF_COUNT_PATH\': \'/salilab/diva1/programs/x86_64linux/numpy-py36-1.19.5/bin:1;/salilab/diva1/home/imp/main/20240607-af6f9d6a95/bin/release8:1;/salilab/diva1/programs/x86_64linux/opencv-4.3.0/bin:1;/salilab/diva1/programs/x86_64linux/hdf5-1.10.7/bin:1;/usr/lib64/openmpi/bin:1;/wynton/home/sali/rozicmiha/.local/bin:1;/wynton/home/sali/rozicmiha/bin:1;/wynton/group/sali/miha_rozic/Software/imp-develop/build/bin:1;/wynton/group/sali/miha_rozic/Software/imp-develop/build/module_bin/EMageFit:1;/wynton/group/sali/miha_rozic/Software/imp-develop/build/module_bin/algebra:1;/wynton/group/sali/miha_rozic/Software/imp-develop/build/module_bin/atom:1;/wynton/group/sali/miha_rozic/Software/imp-develop/build/module_bin/benchmark:1;/wynton/group/sali/miha_rozic/Software/imp-develop/build/module_bin/cgal:1;/wynton/group/sali/miha_rozic/Software/imp-develop/build/module_bin/cnmultifit:1;/wynton/group/sali/miha_rozic/Software/imp-develop/build/module_bin/container:1;/wynton/group/sali/miha_rozic/Software/imp-develop/build/module_bin/core:1;/wynton/group/sali/miha_rozic/Software/imp-develop/build/module_bin/display:1;/wynton/group/sali/miha_rozic/Software/imp-develop/build/module_bin/domino:1;/wynton/group/sali/miha_rozic/Software/imp-develop/build/module_bin/em:1;/wynton/group/sali/miha_rozic/Software/imp-develop/build/module_bin/em2d:1;/wynton/group/sali/miha_rozic/Software/imp-develop/build/module_bin/example:1;/wynton/group/sali/miha_rozic/Software/imp-develop/build/module_bin/foxs:1;/wynton/group/sali/miha_rozic/Software/imp-develop/build/module_bin/gsl:1;/wynton/group/sali/miha_rozic/Software/imp-develop/build/module_bin/integrative_docking:1;/wynton/group/sali/miha_rozic/Software/imp-develop/build/module_bin/isd:1;/wynton/group/sali/miha_rozic/Software/imp-develop/build/module_bin/kernel:1;/wynton/group/sali/miha_rozic/Software/imp-develop/build/module_bin/kinematics:1;/wynton/group/sali/miha_rozic/Software/imp-develop/build/module_bin/kmeans:1;/wynton/group/sali/miha_rozic/Software/imp-develop/build/module_bin/misc:1;/wynton/group/sali/miha_rozic/Software/imp-develop/build/module_bin/mmcif:1;/wynton/group/sali/miha_rozic/Software/imp-develop/build/module_bin/modeller:1;/wynton/group/sali/miha_rozic/Software/imp-develop/build/module_bin/mpi:1;/wynton/group/sali/miha_rozic/Software/imp-develop/build/module_bin/multi_state:1;/wynton/group/sali/miha_rozic/Software/imp-develop/build/module_bin/multifit:1;/wynton/group/sali/miha_rozic/Software/imp-develop/build/module_bin/npc:1;/wynton/group/sali/miha_rozic/Software/imp-develop/build/module_bin/npcassembly:1;/wynton/group/sali/miha_rozic/Software/imp-develop/build/module_bin/parallel:1;/wynton/group/sali/miha_rozic/Software/imp-develop/build/module_bin/pepdock:1;/wynton/group/sali/miha_rozic/Software/imp-develop/build/module_bin/pmi:1;/wynton/group/sali/miha_rozic/Software/imp-develop/build/module_bin/rmf:1;/wynton/group/sali/miha_rozic/Software/imp-develop/build/module_bin/rotamer:1;/wynton/group/sali/miha_rozic/Software/imp-develop/build/module_bin/saxs:1;/wynton/group/sali/miha_rozic/Software/imp-develop/build/module_bin/saxs_merge:1;/wynton/group/sali/miha_rozic/Software/imp-develop/build/module_bin/score_functor:1;/wynton/group/sali/miha_rozic/Software/imp-develop/build/module_bin/scratch:1;/wynton/group/sali/miha_rozic/Software/imp-develop/build/module_bin/spb:1;/wynton/group/sali/miha_rozic/Software/imp-develop/build/module_bin/statistics:1;/wynton/group/sali/miha_rozic/Software/imp-develop/build/module_bin/symmetry:1;/wynton/group/sali/miha_rozic/Software/imp-develop/build/module_bin/test:1;/opt/sge/bin:1;/opt/sge/bin/lx-amd64:1;/scratch/707271.1.member.q:1;/usr/local/bin:1;/bin:1;/usr/bin:1;/usr/local/sbin:1;/usr/sbin:1\', \'_ModuleTable002_\': \'fSwKc3RhY2tEZXB0aCA9IDEsCnN0YXR1cyA9ICJhY3RpdmUiLAp1c2VyTmFtZSA9ICJib29zdC8xLjczLjAiLAp3ViA9ICIwMDAwMDAwMDEuMDAwMDAwMDczLip6ZmluYWwiLAp9LApoZGY1ID0gewpmbiA9ICIvc2FsaWxhYi9kaXZhMS9ob21lL21vZHVsZXMvaGRmNS8xLjEwLjciLApmdWxsTmFtZSA9ICJoZGY1LzEuMTAuNyIsCmxvYWRPcmRlciA9IDUsCnByb3BUID0ge30sCnN0YWNrRGVwdGggPSAyLApzdGF0dXMgPSAiYWN0aXZlIiwKdXNlck5hbWUgPSAiaGRmNS8xLjEwLjciLAp3ViA9ICIwMDAwMDAwMDEuMDAwMDAwMDEwLjAwMDAwMDAwNy4qemZpbmFsIiwKfSwKaW1wID0gewpmbiA9ICIvc2FsaWxhYi9kaXZhMS9ob21lL21vZHVsZXMvaW1wLzIuMjEuMCIsCmZ1bGxO\', \'IMP_DIR\': \'/salilab/diva1/home/imp/main/20240607-af6f9d6a95/lib/release8/cmake/IMP\', \'QUEUE\': \'member.q\', \'GOTO_NUM_THREADS\': \'1\', \'MPI_PYTHON3_SITEARCH\': \'/usr/lib64/python3.6/site-packages/openmpi\', \'LANG\': \'en_US.UTF-8\', \'HISTCONTROL\': \'ignoredups\', \'_ModuleTable008_\': \'cyIsCmZ1bGxOYW1lID0gInNhbGktbGlicmFyaWVzIiwKbG9hZE9yZGVyID0gOCwKcHJvcFQgPSB7fSwKc3RhY2tEZXB0aCA9IDEsCnN0YXR1cyA9ICJhY3RpdmUiLAp1c2VyTmFtZSA9ICJzYWxpLWxpYnJhcmllcyIsCndWID0gIk0uKnpmaW5hbCIsCn0sCn0sCm1wYXRoQSA9IHsKIi9zYWxpbGFiL2RpdmExL2hvbWUvbW9kdWxlcyIsICIvZXRjL21vZHVsZWZpbGVzIiwgIi91c3Ivc2hhcmUvbW9kdWxlZmlsZXMiCiwgIi91c3Ivc2hhcmUvbW9kdWxlZmlsZXMvTGludXgiLCAiL3Vzci9zaGFyZS9tb2R1bGVmaWxlcy9Db3JlIiwgIi91c3Ivc2hhcmUvbG1vZC9sbW9kL21vZHVsZWZpbGVzL0NvcmUiLAp9LApzeXN0ZW1CYXNlTVBBVEggPSAiL2V0Yy9tb2R1bGVmaWxlczovdXNy\', \'SGE_O_HOST\': \'dev1\', \'HOSTNAME\': \'qb3-id248.wynton.ucsf.edu\', \'OPENBLAS_NUM_THREADS\': \'1\', \'__LMOD_REF_COUNT_CMAKE_INCLUDE_PATH\': \'/salilab/diva1/programs/x86_64linux/opencv-4.3.0/include/opencv4:1;/salilab/diva1/programs/x86_64linux/hdf5-1.10.7/include:1;/salilab/diva1/programs/x86_64linux/libtau-py27-1.0.1/include:1;/salilab/diva1/programs/x86_64linux/boost-1.73.0/include:1\', \'SGE_RSH_COMMAND\': \'builtin\', \'ENVIRONMENT\': \'BATCH\', \'IMP_DATA\': \'/wynton/group/sali/miha_rozic/Software/imp-develop/build/data\', \'REQUEST\': \'test1\', \'SGE_STDIN_PATH\': \'/dev/null\', \'SGE_CELL\': \'wynton\', \'_ModuleTable007_\': \'MjEuMyIsCndWID0gIjAwMDAwMDAwMC4wMDAwMDAwMjEuMDAwMDAwMDAzLip6ZmluYWwiLAp9LApbInB5dGhvbjMvc2NpcHkiXSA9IHsKZm4gPSAiL3NhbGlsYWIvZGl2YTEvaG9tZS9tb2R1bGVzL3B5dGhvbjMvc2NpcHkvMS4zLjIiLApmdWxsTmFtZSA9ICJweXRob24zL3NjaXB5LzEuMy4yIiwKbG9hZE9yZGVyID0gMTAsCnByb3BUID0ge30sCnN0YWNrRGVwdGggPSAxLApzdGF0dXMgPSAiYWN0aXZlIiwKdXNlck5hbWUgPSAicHl0aG9uMy9zY2lweS8xLjMuMiIsCndWID0gIjAwMDAwMDAwMS4wMDAwMDAwMDMuMDAwMDAwMDAyLip6ZmluYWwiLAp9LApbInNhbGktbGlicmFyaWVzIl0gPSB7CmZuID0gIi9zYWxpbGFiL2RpdmExL2hvbWUvbW9kdWxlcy9zYWxpLWxpYnJhcmll\', \'CMAKE_INCLUDE_PATH\': \'/salilab/diva1/programs/x86_64linux/opencv-4.3.0/include/opencv4:/salilab/diva1/programs/x86_64linux/hdf5-1.10.7/include:/salilab/diva1/programs/x86_64linux/libtau-py27-1.0.1/include:/salilab/diva1/programs/x86_64linux/boost-1.73.0/include\', \'__LMOD_REF_COUNT_LD_LIBRARY_PATH\': \'/salilab/diva1/programs/x86_64linux/numpy-py36-1.19.5/lib:1;/salilab/diva1/home/libs/x86_64/centos8:1;/salilab/diva1/home/libs/x86_64:1;/salilab/diva1/home/imp/main/20240607-af6f9d6a95/lib/release8:1;/salilab/diva1/programs/x86_64linux/opencv-4.3.0/lib64/rhel:1;/salilab/diva1/programs/x86_64linux/opencv-4.3.0/lib64:1;/salilab/diva1/programs/x86_64linux/hdf5-1.10.7/lib:1;/salilab/diva1/programs/x86_64linux/libtau-py27-1.0.1/lib64:1;/salilab/diva1/programs/x86_64linux/boost-1.73.0/lib64:1;/usr/lib64/openmpi/lib:1;/wynton/group/sali/miha_rozic/Software/imp-develop/build/lib:2;:1\', \'__LMOD_REF_COUNT_PKG_CONFIG_PATH\': \'/usr/lib64/openmpi/lib/pkgconfig:1\', \'_ModuleTable004_\': \'aGFyZS9tb2R1bGVmaWxlcy9tcGkvb3Blbm1waS14ODZfNjQiLApmdWxsTmFtZSA9ICJtcGkvb3Blbm1waS14ODZfNjQiLApsb2FkT3JkZXIgPSAyLApwcm9wVCA9IHt9LApzdGFja0RlcHRoID0gMCwKc3RhdHVzID0gImFjdGl2ZSIsCnVzZXJOYW1lID0gIm1waS9vcGVubXBpLXg4Nl82NCIsCndWID0gIipvcGVubXBpLip4LjAwMDAwMDA4Ni4qXy4wMDAwMDAwNjQuKnpmaW5hbCIsCn0sCm9wZW5jdiA9IHsKZm4gPSAiL3NhbGlsYWIvZGl2YTEvaG9tZS9tb2R1bGVzL29wZW5jdi80LjMuMCIsCmZ1bGxOYW1lID0gIm9wZW5jdi80LjMuMCIsCmxvYWRPcmRlciA9IDYsCnByb3BUID0ge30sCnN0YWNrRGVwdGggPSAxLApzdGF0dXMgPSAiYWN0aXZlIiwKdXNlck5hbWUgPSAib3Bl\', \'__LMOD_REF_COUNT_PYTHONPATH\': \'/salilab/diva1/programs/x86_64linux/scikit-py36-0.21.3/lib64/python3.6/site-packages:1;/salilab/diva1/programs/linux/joblib-0.17.0/lib/python3.6/site-packages:1;/salilab/diva1/programs/x86_64linux/scipy-py36-1.3.2/lib64/python3.6/site-packages:1;/salilab/diva1/programs/x86_64linux/numpy-py36-1.19.5/lib64/python3.6/site-packages:1;/salilab/diva1/home/imp/main/20240607-af6f9d6a95/lib/release8:1;/salilab/diva1/programs/x86_64linux/opencv-4.3.0/lib/python3.6/site-packages:1;/wynton/group/sali/miha_rozic/Software/imp-develop/build/lib:2;:1\', \'which_declare\': \'declare -f\', \'NHOSTS\': \'1\', \'SGE_O_WORKDIR\': \'/wynton/group/sali/miha_rozic/Input_information/SNAPSHOTS/central_directory/snapshot1_0min/run40\', \'USER\': \'rozicmiha\', \'SGE_TASK_ID\': \'undefined\', \'__LMOD_REF_COUNT_CMAKE_LIBRARY_PATH\': \'/salilab/diva1/programs/x86_64linux/opencv-4.3.0/lib64:1;/salilab/diva1/programs/x86_64linux/hdf5-1.10.7/lib:1;/salilab/diva1/programs/x86_64linux/libtau-py27-1.0.1/lib64:1;/salilab/diva1/programs/x86_64linux/boost-1.73.0/lib64:1\', \'SGE_TASK_FIRST\': \'undefined\', \'NSLOTS\': \'16\', \'__LMOD_REF_COUNT_MODULEPATH\': \'/salilab/diva1/home/modules:1;/etc/modulefiles:1;/usr/share/modulefiles:1;/usr/share/modulefiles/Linux:1;/usr/share/modulefiles/Core:1;/usr/share/lmod/lmod/modulefiles/Core:1\', \'PWD\': \'/wynton/group/sali/miha_rozic/Input_information/SNAPSHOTS/central_directory/snapshot1_0min/run40\', \'HOME\': \'/wynton/home/sali/rozicmiha\', \'NQUEUES\': \'1\', \'TMP\': \'/scratch/707271.1.member.q\', \'PE\': \'smp\', \'SGE_O_HOME\': \'/wynton/home/sali/rozicmiha\', \'LMOD_VERSION\': \'8.7.32\', \'JOB_NAME\': \'test1\', \'BASH_ENV\': \'/usr/share/lmod/lmod/init/bash\', \'MPI_FORTRAN_MOD_DIR\': \'/usr/lib64/gfortran/modules/openmpi\', \'SGE_TASK_LAST\': \'undefined\', \'MKL_NUM_THREADS\': \'1\', \'MPI_COMPILER\': \'openmpi-x86_64\', \'SGE_ACCOUNT\': \'sge\', \'SGE_ROOT\': \'/opt/sge\', \'MPI_SUFFIX\': \'_openmpi\', \'TMPDIR\': \'/scratch/707271.1.member.q\', \'RESTARTED\': \'0\', \'LMOD_sys\': \'Linux\', \'_ModuleTable001_\': \'X01vZHVsZVRhYmxlXyA9IHsKTVR2ZXJzaW9uID0gMywKY19yZWJ1aWxkVGltZSA9IGZhbHNlLApjX3Nob3J0VGltZSA9IGZhbHNlLApkZXB0aFQgPSB7fSwKZmFtaWx5ID0ge30sCm1UID0gewpTYWxpID0gewpmbiA9ICIvZXRjL21vZHVsZWZpbGVzL1NhbGkubHVhIiwKZnVsbE5hbWUgPSAiU2FsaSIsCmxvYWRPcmRlciA9IDEsCnByb3BUID0ge30sCnN0YWNrRGVwdGggPSAwLApzdGF0dXMgPSAiYWN0aXZlIiwKdXNlck5hbWUgPSAiU2FsaSIsCndWID0gIk0uKnpmaW5hbCIsCn0sCmJvb3N0ID0gewpmbiA9ICIvc2FsaWxhYi9kaXZhMS9ob21lL21vZHVsZXMvYm9vc3QvMS43My4wIiwKZnVsbE5hbWUgPSAiYm9vc3QvMS43My4wIiwKbG9hZE9yZGVyID0gMywKcHJvcFQgPSB7\', \'LOADEDMODULES\': \'Sali:mpi/openmpi-x86_64:boost/1.73.0:libtau/1.0.1:hdf5/1.10.7:opencv/4.3.0:imp/2.21.0:sali-libraries:python3/numpy/1.19.5:python3/scipy/1.3.2:python3/joblib/0.17.0:python3/scikit/0.21.3\', \'SGE_O_PATH\': \'/salilab/diva1/programs/x86_64linux/numpy-py36-1.19.5/bin:/salilab/diva1/home/imp/main/20240607-af6f9d6a95/bin/release8:/salilab/diva1/programs/x86_64linux/opencv-4.3.0/bin:/salilab/diva1/programs/x86_64linux/hdf5-1.10.7/bin:/wynton/home/sali/rozicmiha/.local/bin:/wynton/home/sali/rozicmiha/bin:/wynton/group/sali/miha_rozic/Software/imp-develop/build/bin:/wynton/group/sali/miha_rozic/Software/imp-develop/build/module_bin/EMageFit:/wynton/group/sali/miha_rozic/Software/imp-develop/build/module_bin/algebra:/wynton/group/sali/miha_rozic/Software/imp-develop/build/module_bin/atom:/wynton/group/sali/miha_rozic/Software/imp-develop/build/module_bin/benchmark:/wynton/group/sali/miha_rozic/Software/imp-develop/build/module_bin/cgal:/wynton/group/sali/miha_rozic/Software/imp-develop/build/module_bin/cnmultifit:/wynton/group/sali/miha_rozic/Software/imp-develop/build/module_bin/container:/wynton/group/sali/miha_rozic/Software/imp-develop/build/module_bin/core:/wynton/group/sali/miha_rozic/Software/imp-develop/build/module_bin/display:/wynton/group/sali/miha_rozic/Software/imp-develop/build/module_bin/domino:/wynton/group/sali/miha_rozic/Software/imp-develop/build/module_bin/em:/wynton/group/sali/miha_rozic/Software/imp-develop/build/module_bin/em2d:/wynton/group/sali/miha_rozic/Software/imp-develop/build/module_bin/example:/wynton/group/sali/miha_rozic/Software/imp-develop/build/module_bin/foxs:/wynton/group/sali/miha_rozic/Software/imp-develop/build/module_bin/gsl:/wynton/group/sali/miha_rozic/Software/imp-develop/build/module_bin/integrative_docking:/wynton/group/sali/miha_rozic/Software/imp-develop/build/module_bin/isd:/wynton/group/sali/miha_rozic/Software/imp-develop/build/module_bin/kernel:/wynton/group/sali/miha_rozic/Software/imp-develop/build/module_bin/kinematics:/wynton/group/sali/miha_rozic/Software/imp-develop/build/module_bin/kmeans:/wynton/group/sali/miha_rozic/Software/imp-develop/build/module_bin/misc:/wynton/group/sali/miha_rozic/Software/imp-develop/build/module_bin/mmcif:/wynton/group/sali/miha_rozic/Software/imp-develop/build/module_bin/modeller:/wynton/group/sali/miha_rozic/Software/imp-develop/build/module_bin/mpi:/wynton/group/sali/miha_rozic/Software/imp-develop/build/module_bin/multi_state:/wynton/group/sali/miha_rozic/Software/imp-develop/build/module_bin/multifit:/wynton/group/sali/miha_rozic/Software/imp-develop/build/module_bin/npc:/wynton/group/sali/miha_rozic/Software/imp-develop/build/module_bin/npcassembly:/wynton/group/sali/miha_rozic/Software/imp-develop/build/module_bin/parallel:/wynton/group/sali/miha_rozic/Software/imp-develop/build/module_bin/pepdock:/wynton/group/sali/miha_rozic/Software/imp-develop/build/module_bin/pmi:/wynton/group/sali/miha_rozic/Software/imp-develop/build/module_bin/rmf:/wynton/group/sali/miha_rozic/Software/imp-develop/build/module_bin/rotamer:/wynton/group/sali/miha_rozic/Software/imp-develop/build/module_bin/saxs:/wynton/group/sali/miha_rozic/Software/imp-develop/build/module_bin/saxs_merge:/wynton/group/sali/miha_rozic/Software/imp-develop/build/module_bin/score_functor:/wynton/group/sali/miha_rozic/Software/imp-develop/build/module_bin/scratch:/wynton/group/sali/miha_rozic/Software/imp-develop/build/module_bin/spb:/wynton/group/sali/miha_rozic/Software/imp-develop/build/module_bin/statistics:/wynton/group/sali/miha_rozic/Software/imp-develop/build/module_bin/symmetry:/wynton/group/sali/miha_rozic/Software/imp-develop/build/module_bin/test:/opt/sge/bin:/opt/sge/bin/lx-amd64:/usr/local/bin:/usr/bin:/usr/local/sbin:/usr/sbin\', \'SGE_O_SHELL\': \'/bin/bash\', \'_ModuleTable006_\': \'bWUgPSAicHl0aG9uMy9udW1weS8xLjE5LjUiLApsb2FkT3JkZXIgPSA5LApwcm9wVCA9IHt9LApzdGFja0RlcHRoID0gMiwKc3RhdHVzID0gImFjdGl2ZSIsCnVzZXJOYW1lID0gInB5dGhvbjMvbnVtcHkvMS4xOS41IiwKd1YgPSAiMDAwMDAwMDAxLjAwMDAwMDAxOS4wMDAwMDAwMDUuKnpmaW5hbCIsCn0sClsicHl0aG9uMy9zY2lraXQiXSA9IHsKZm4gPSAiL3NhbGlsYWIvZGl2YTEvaG9tZS9tb2R1bGVzL3B5dGhvbjMvc2Npa2l0LzAuMjEuMyIsCmZ1bGxOYW1lID0gInB5dGhvbjMvc2Npa2l0LzAuMjEuMyIsCmxvYWRPcmRlciA9IDEyLApwcm9wVCA9IHt9LApzdGFja0RlcHRoID0gMCwKc3RhdHVzID0gImFjdGl2ZSIsCnVzZXJOYW1lID0gInB5dGhvbjMvc2Npa2l0LzAu\', \'__LMOD_REF_COUNT_MANPATH\': \':2;/usr/share/man/openmpi-x86_64:1;/opt/sge/man:1;/usr/share/lmod/lmod/share/man:1\', \'MPI_INCLUDE\': \'/usr/include/openmpi-x86_64\', \'_ModuleTable003_\': \'YW1lID0gImltcC8yLjIxLjAiLApsb2FkT3JkZXIgPSA3LApwcm9wVCA9IHt9LApzdGFja0RlcHRoID0gMCwKc3RhdHVzID0gImFjdGl2ZSIsCnVzZXJOYW1lID0gImltcCIsCndWID0gIl4wMDAwMDAwMi4wMDAwMDAwMjEuKnpmaW5hbCIsCn0sCmxpYnRhdSA9IHsKZm4gPSAiL3NhbGlsYWIvZGl2YTEvaG9tZS9tb2R1bGVzL2xpYnRhdS8xLjAuMSIsCmZ1bGxOYW1lID0gImxpYnRhdS8xLjAuMSIsCmxvYWRPcmRlciA9IDQsCnByb3BUID0ge30sCnN0YWNrRGVwdGggPSAxLApzdGF0dXMgPSAiYWN0aXZlIiwKdXNlck5hbWUgPSAibGlidGF1LzEuMC4xIiwKd1YgPSAiMDAwMDAwMDAxLjAwMDAwMDAwMC4wMDAwMDAwMDEuKnpmaW5hbCIsCn0sCm1waSA9IHsKZm4gPSAiL3Vzci9z\', \'LMOD_ROOT\': \'/usr/share/lmod\', \'SYSTEMCTL_SKIP_REDIRECT\': \'\', \'MAIL\': \'/var/spool/mail/rozicmiha\', \'SGE_CWD_PATH\': \'/wynton/group/sali/miha_rozic/Input_information/SNAPSHOTS/central_directory/snapshot1_0min/run40\', \'MPI_HOME\': \'/usr/lib64/openmpi\', \'_ModuleTable009_\': \'L3NoYXJlL21vZHVsZWZpbGVzOi91c3Ivc2hhcmUvbW9kdWxlZmlsZXMvTGludXg6L3Vzci9zaGFyZS9tb2R1bGVmaWxlcy9Db3JlOi91c3Ivc2hhcmUvbG1vZC9sbW9kL21vZHVsZWZpbGVzL0NvcmUiLAp9Cg==\', \'SGE_TASK_STEPSIZE\': \'undefined\', \'SHELL\': \'/bin/bash\', \'TERM\': \'\', \'_ModuleTable_Sz_\': \'9\', \'SGE_JOB_SPOOL_DIR\': \'/var/spool/sge/wynton/qb3-id248/active_jobs/707271.1\', \'JOB_ID\': \'707271\', \'IMP_EXAMPLE_DATA\': \'/wynton/group/sali/miha_rozic/Software/imp-develop/build/doc/examples\', \'R_FUTURE_AVAILABLECORES_FALLBACK\': \'1\', \'JOB_SCRIPT\': \'/var/spool/sge/wynton/qb3-id248/job_scripts/707271\', \'SHLVL\': \'2\', \'SGE_O_LOGNAME\': \'rozicmiha\', \'SGE_O_MAIL\': \'/var/spool/mail/rozicmiha\', \'PYTHONPATH\': \'/salilab/diva1/programs/x86_64linux/scikit-py36-0.21.3/lib64/python3.6/site-packages:/salilab/diva1/programs/linux/joblib-0.17.0/lib/python3.6/site-packages:/salilab/diva1/programs/x86_64linux/scipy-py36-1.3.2/lib64/python3.6/site-packages:/salilab/diva1/programs/x86_64linux/numpy-py36-1.19.5/lib64/python3.6/site-packages:/salilab/diva1/home/imp/main/20240607-af6f9d6a95/lib/release8:/salilab/diva1/programs/x86_64linux/opencv-4.3.0/lib/python3.6/site-packages:/wynton/group/sali/miha_rozic/Software/imp-develop/build/lib::\', \'MANPATH\': \':/usr/share/man/openmpi-x86_64:/opt/sge/man:/usr/share/lmod/lmod/share/man\', \'MODULEPATH\': \'/salilab/diva1/home/modules:/etc/modulefiles:/usr/share/modulefiles:/usr/share/modulefiles/Linux:/usr/share/modulefiles/Core:/usr/share/lmod/lmod/modulefiles/Core\', \'MPI_SYSCONFIG\': \'/etc/openmpi-x86_64\', \'LOGNAME\': \'rozicmiha\', \'SYSTEMCTL_IGNORE_DEPENDENCIES\': \'\', \'MODULEPATH_ROOT\': \'/usr/share/modulefiles\', \'PATH\': \'/salilab/diva1/programs/x86_64linux/numpy-py36-1.19.5/bin:/salilab/diva1/home/imp/main/20240607-af6f9d6a95/bin/release8:/salilab/diva1/programs/x86_64linux/opencv-4.3.0/bin:/salilab/diva1/programs/x86_64linux/hdf5-1.10.7/bin:/usr/lib64/openmpi/bin:/wynton/home/sali/rozicmiha/.local/bin:/wynton/home/sali/rozicmiha/bin:/wynton/group/sali/miha_rozic/Software/imp-develop/build/bin:/wynton/group/sali/miha_rozic/Software/imp-develop/build/module_bin/EMageFit:/wynton/group/sali/miha_rozic/Software/imp-develop/build/module_bin/algebra:/wynton/group/sali/miha_rozic/Software/imp-develop/build/module_bin/atom:/wynton/group/sali/miha_rozic/Software/imp-develop/build/module_bin/benchmark:/wynton/group/sali/miha_rozic/Software/imp-develop/build/module_bin/cgal:/wynton/group/sali/miha_rozic/Software/imp-develop/build/module_bin/cnmultifit:/wynton/group/sali/miha_rozic/Software/imp-develop/build/module_bin/container:/wynton/group/sali/miha_rozic/Software/imp-develop/build/module_bin/core:/wynton/group/sali/miha_rozic/Software/imp-develop/build/module_bin/display:/wynton/group/sali/miha_rozic/Software/imp-develop/build/module_bin/domino:/wynton/group/sali/miha_rozic/Software/imp-develop/build/module_bin/em:/wynton/group/sali/miha_rozic/Software/imp-develop/build/module_bin/em2d:/wynton/group/sali/miha_rozic/Software/imp-develop/build/module_bin/example:/wynton/group/sali/miha_rozic/Software/imp-develop/build/module_bin/foxs:/wynton/group/sali/miha_rozic/Software/imp-develop/build/module_bin/gsl:/wynton/group/sali/miha_rozic/Software/imp-develop/build/module_bin/integrative_docking:/wynton/group/sali/miha_rozic/Software/imp-develop/build/module_bin/isd:/wynton/group/sali/miha_rozic/Software/imp-develop/build/module_bin/kernel:/wynton/group/sali/miha_rozic/Software/imp-develop/build/module_bin/kinematics:/wynton/group/sali/miha_rozic/Software/imp-develop/build/module_bin/kmeans:/wynton/group/sali/miha_rozic/Software/imp-develop/build/module_bin/misc:/wynton/group/sali/miha_rozic/Software/imp-develop/build/module_bin/mmcif:/wynton/group/sali/miha_rozic/Software/imp-develop/build/module_bin/modeller:/wynton/group/sali/miha_rozic/Software/imp-develop/build/module_bin/mpi:/wynton/group/sali/miha_rozic/Software/imp-develop/build/module_bin/multi_state:/wynton/group/sali/miha_rozic/Software/imp-develop/build/module_bin/multifit:/wynton/group/sali/miha_rozic/Software/imp-develop/build/module_bin/npc:/wynton/group/sali/miha_rozic/Software/imp-develop/build/module_bin/npcassembly:/wynton/group/sali/miha_rozic/Software/imp-develop/build/module_bin/parallel:/wynton/group/sali/miha_rozic/Software/imp-develop/build/module_bin/pepdock:/wynton/group/sali/miha_rozic/Software/imp-develop/build/module_bin/pmi:/wynton/group/sali/miha_rozic/Software/imp-develop/build/module_bin/rmf:/wynton/group/sali/miha_rozic/Software/imp-develop/build/module_bin/rotamer:/wynton/group/sali/miha_rozic/Software/imp-develop/build/module_bin/saxs:/wynton/group/sali/miha_rozic/Software/imp-develop/build/module_bin/saxs_merge:/wynton/group/sali/miha_rozic/Software/imp-develop/build/module_bin/score_functor:/wynton/group/sali/miha_rozic/Software/imp-develop/build/module_bin/scratch:/wynton/group/sali/miha_rozic/Software/imp-develop/build/module_bin/spb:/wynton/group/sali/miha_rozic/Software/imp-develop/build/module_bin/statistics:/wynton/group/sali/miha_rozic/Software/imp-develop/build/module_bin/symmetry:/wynton/group/sali/miha_rozic/Software/imp-develop/build/module_bin/test:/opt/sge/bin:/opt/sge/bin/lx-amd64:/scratch/707271.1.member.q:/usr/local/bin:/bin:/usr/bin:/usr/local/sbin:/usr/sbin\', \'MPI_BIN\': \'/usr/lib64/openmpi/bin\', \'SGE_STDERR_PATH\': \'/wynton/group/sali/miha_rozic/Input_information/SNAPSHOTS/central_directory/snapshot1_0min/run40/test1.o707271\', \'_LMFILES_\': \'/etc/modulefiles/Sali.lua:/usr/share/modulefiles/mpi/openmpi-x86_64:/salilab/diva1/home/modules/boost/1.73.0:/salilab/diva1/home/modules/libtau/1.0.1:/salilab/diva1/home/modules/hdf5/1.10.7:/salilab/diva1/home/modules/opencv/4.3.0:/salilab/diva1/home/modules/imp/2.21.0:/salilab/diva1/home/modules/sali-libraries:/salilab/diva1/home/modules/python3/numpy/1.19.5:/salilab/diva1/home/modules/python3/scipy/1.3.2:/salilab/diva1/home/modules/python3/joblib/0.17.0:/salilab/diva1/home/modules/python3/scikit/0.21.3\', \'DEBUGINFOD_URLS\': \'https://debuginfod.centos.org/ \', \'MODULESHOME\': \'/usr/share/lmod/lmod\', \'PKG_CONFIG_PATH\': \'/usr/lib64/openmpi/lib/pkgconfig\', \'LMOD_SETTARG_FULL_SUPPORT\': \'no\', \'HISTSIZE\': \'1000\', \'SGE_ARCH\': \'lx-amd64\', \'LMOD_PKG\': \'/usr/share/lmod/lmod\', \'CMAKE_LIBRARY_PATH\': \'/salilab/diva1/programs/x86_64linux/opencv-4.3.0/lib64:/salilab/diva1/programs/x86_64linux/hdf5-1.10.7/lib:/salilab/diva1/programs/x86_64linux/libtau-py27-1.0.1/lib64:/salilab/diva1/programs/x86_64linux/boost-1.73.0/lib64\', \'ARC\': \'lx-amd64\', \'MPI_LIB\': \'/usr/lib64/openmpi/lib\', \'SGE_BINARY_PATH\': \'/opt/sge/bin/lx-amd64\', \'SGE_STDOUT_PATH\': \'/wynton/group/sali/miha_rozic/Input_information/SNAPSHOTS/central_directory/snapshot1_0min/run40/test1.o707271\', \'_ModuleTable005_\': \'bmN2LzQuMy4wIiwKd1YgPSAiMDAwMDAwMDA0LjAwMDAwMDAwMy4qemZpbmFsIiwKfSwKWyJweXRob24zL2pvYmxpYiJdID0gewpmbiA9ICIvc2FsaWxhYi9kaXZhMS9ob21lL21vZHVsZXMvcHl0aG9uMy9qb2JsaWIvMC4xNy4wIiwKZnVsbE5hbWUgPSAicHl0aG9uMy9qb2JsaWIvMC4xNy4wIiwKbG9hZE9yZGVyID0gMTEsCnByb3BUID0ge30sCnN0YWNrRGVwdGggPSAxLApzdGF0dXMgPSAiYWN0aXZlIiwKdXNlck5hbWUgPSAicHl0aG9uMy9qb2JsaWIiLAp3ViA9ICIwMDAwMDAwMDAuMDAwMDAwMDE3Lip6ZmluYWwiLAp9LApbInB5dGhvbjMvbnVtcHkiXSA9IHsKZm4gPSAiL3NhbGlsYWIvZGl2YTEvaG9tZS9tb2R1bGVzL3B5dGhvbjMvbnVtcHkvMS4xOS41IiwKZnVsbE5h\', \'LMOD_CMD\': \'/usr/share/lmod/lmod/libexec/lmod\', \'REQNAME\': \'test1\', \'IMP_BIN_DIR\': \'/wynton/group/sali/miha_rozic/Software/imp-develop/build/bin\', \'MPI_MAN\': \'/usr/share/man/openmpi-x86_64\', \'LESSOPEN\': \'||/usr/bin/lesspipe.sh %s\', \'OMP_NUM_THREADS\': \'1\', \'SGE_CLUSTER_NAME\': \'wynton_cluster\', \'LMOD_DIR\': \'/usr/share/lmod/lmod/libexec\', \'BASH_FUNC_which%%\': \'() {  ( alias;\\n eval ${which_declare} ) | /usr/bin/which --tty-only --read-alias --read-functions --show-tilde --show-dot $@\\n}\', \'BASH_FUNC_module%%\': \'() {  if [ -z "${LMOD_SH_DBG_ON+x}" ]; then\\n case "$-" in \\n *v*x*)\\n __lmod_sh_dbg=\\\'vx\\\'\\n ;;\\n *v*)\\n __lmod_sh_dbg=\\\'v\\\'\\n ;;\\n *x*)\\n __lmod_sh_dbg=\\\'x\\\'\\n ;;\\n esac;\\n fi;\\n if [ -n "${__lmod_sh_dbg:-}" ]; then\\n set +$__lmod_sh_dbg;\\n echo "Shell debugging temporarily silenced: export LMOD_SH_DBG_ON=1 for Lmod\\\'s output" 1>&2;\\n fi;\\n eval "$($LMOD_CMD shell "$@")" && eval "$(${LMOD_SETTARG_CMD:-:} -s sh)";\\n __lmod_my_status=$?;\\n if [ -n "${__lmod_sh_dbg:-}" ]; then\\n echo "Shell debugging restarted" 1>&2;\\n set -$__lmod_sh_dbg;\\n fi;\\n unset __lmod_sh_dbg;\\n return $__lmod_my_status\\n}\', \'BASH_FUNC_ml%%\': \'() {  eval "$($LMOD_DIR/ml_cmd "$@")"\\n}\', \'_\': \'/usr/lib64/openmpi/bin/mpirun\', \'IPATH_NO_BACKTRACE\': \'1\', \'HFI_NO_BACKTRACE\': \'1\', \'OMPI_MCA_orte_local_daemon_uri\': \'78315520.0;tcp://172.26.38.248:49307\', \'OMPI_MCA_orte_hnp_uri\': \'78315520.0;tcp://172.26.38.248:49307\', \'OMPI_MCA_mpi_oversubscribe\': \'0\', \'OMPI_MCA_orte_app_num\': \'0\', \'OMPI_UNIVERSE_SIZE\': \'16\', \'OMPI_MCA_orte_num_nodes\': \'1\', \'OMPI_MCA_shmem_RUNTIME_QUERY_hint\': \'mmap\', \'OMPI_MCA_orte_bound_at_launch\': \'1\', \'OMPI_MCA_ess\': \'^singleton\', \'OMPI_MCA_orte_ess_num_procs\': \'16\', \'OMPI_COMM_WORLD_SIZE\': \'16\', \'OMPI_COMM_WORLD_LOCAL_SIZE\': \'16\', \'OMPI_MCA_orte_tmpdir_base\': \'/scratch/707271.1.member.q\', \'OMPI_MCA_orte_top_session_dir\': \'/scratch/707271.1.member.q/ompi.qb3-id248.11149\', \'OMPI_MCA_orte_jobfam_session_dir\': \'/scratch/707271.1.member.q/ompi.qb3-id248.11149/pid.1889423\', \'OMPI_NUM_APP_CTX\': \'1\', \'OMPI_FIRST_RANKS\': \'0\', \'OMPI_APP_CTX_NUM_PROCS\': \'16\', \'OMPI_MCA_initial_wdir\': \'/wynton/group/sali/miha_rozic/Input_information/SNAPSHOTS/central_directory/snapshot1_0min/run40\', \'OMPI_MCA_orte_launch\': \'1\', \'PMIX_NAMESPACE\': \'78315521\', \'PMIX_RANK\': \'8\', \'PMIX_SERVER_URI2\': \'78315520.0;tcp4://127.0.0.1:45129\', \'PMIX_SERVER_URI21\': \'78315520.0;tcp4://127.0.0.1:45129\', \'PMIX_SECURITY_MODE\': \'native,none\', \'PMIX_PTL_MODULE\': \'tcp,usock\', \'PMIX_BFROP_BUFFER_TYPE\': \'PMIX_BFROP_BUFFER_NON_DESC\', \'PMIX_GDS_MODULE\': \'ds21,ds12,hash\', \'PMIX_SERVER_TMPDIR\': \'/scratch/707271.1.member.q/ompi.qb3-id248.11149/pid.1889423\', \'PMIX_SYSTEM_TMPDIR\': \'/scratch/707271.1.member.q\', \'PMIX_DSTORE_21_BASE_PATH\': \'/scratch/707271.1.member.q/ompi.qb3-id248.11149/pid.1889423/pmix_dstor_ds21_1889423\', \'PMIX_DSTORE_ESH_BASE_PATH\': \'/scratch/707271.1.member.q/ompi.qb3-id248.11149/pid.1889423/pmix_dstor_ds12_1889423\', \'OMPI_MCA_ess_base_jobid\': \'78315521\', \'OMPI_MCA_ess_base_vpid\': \'8\', \'OMPI_COMM_WORLD_RANK\': \'8\', \'OMPI_COMM_WORLD_LOCAL_RANK\': \'8\', \'OMPI_COMM_WORLD_NODE_RANK\': \'8\', \'OMPI_MCA_orte_ess_node_rank\': \'8\', \'PMIX_ID\': \'78315521.8\', \'OMPI_FILE_LOCATION\': \'/scratch/707271.1.member.q/ompi.qb3-id248.11149/pid.1889423/0/0\', \'KMP_DUPLICATE_LIB_OK\': \'True\', \'KMP_INIT_AT_FORK\': \'FALSE\'})', 'STAT2HEADER_IMP_VERSIONS': "{'IMP_VERSION': '2.21.0', 'PMI_VERSION': '2.21.0'}", 0: 'ReplicaExchange_SwapSuccessRatio', 1: 'ReplicaExchange_MinTempFrequency', 2: 'ReplicaExchange_MaxTempFrequency', 3: 'ReplicaExchange_CurrentTemp', 4: 'score'} 
{0: '0', 1: '0', 2: '0', 3: '1.6301766616608926', 4: inf} 
{0: '0.0', 1: '0.0', 2: '0.0', 3: '1.6301766616608926', 4: inf} 
{0: '0.0', 1: '0.0', 2: '0.0', 3: '1.6301766616608926', 4: inf} 
{0: '0.0', 1: '0.0', 2: '0.0', 3: '1.6301766616608926', 4: inf} 
{0: '0.0', 1: '0.0', 2: '0.0', 3: '1.6301766616608926', 4: 2608.916768964377} 
{0: '0.2', 1: '0.0', 2: '0.0', 3: '1.7328621078878674', 4: 1563.652627061156} 
{0: '0.3333333333333333', 1: '0.0', 2: '0.0', 3: '1.842015749320195', 4: 1342.544154314419} 
{0: '0.42857142857142855', 1: '0.0', 2: '0.0', 3: '1.958045020027179', 4: 874.8800791640301} 
{0: '0.5', 1: '0.0', 2: '0.0', 3: '2.081383018504685', 4: 434.129384768016} 
{0: '0.5555555555555556', 1: '0.0', 2: '0.0', 3: '2.212490124287102', 4: 427.1260100120128} 
{0: '0.6', 1: '0.0', 2: '0.0', 3: '2.351855716390306', 4: 450.0795168593479} 
{0: '0.6363636363636364', 1: '0.0', 2: '0.0', 3: '2.500000000000003', 4: 400.66879491179486} 
{0: '0.5833333333333334', 1: '0.0', 2: '0.0', 3: '2.500000000000003', 4: 419.2904415113719} 
{0: '0.6153846153846154', 1: '0.0', 2: '0.0', 3: '2.351855716390306', 4: 417.70417858046756} 
{0: '0.5714285714285714', 1: '0.0', 2: '0.0', 3: '2.351855716390306', 4: 405.44129198961616} 
{0: '0.5333333333333333', 1: '0.0', 2: '0.0', 3: '2.351855716390306', 4: 411.3784678325324} 
{0: '0.5', 1: '0.0', 2: '0.0', 3: '2.351855716390306', 4: 427.09235603126257} 
{0: '0.47058823529411764', 1: '0.0', 2: '0.0', 3: '2.351855716390306', 4: 408.4952531961566} 
{0: '0.4444444444444444', 1: '0.0', 2: '0.0', 3: '2.351855716390306', 4: 410.4795075108152} 
{0: '0.42105263157894735', 1: '0.0', 2: '0.0', 3: '2.351855716390306', 4: 405.89042672506423} 
{0: '0.45', 1: '0.0', 2: '0.0', 3: '2.212490124287102', 4: 417.736242733972} 
{0: '0.47619047619047616', 1: '0.0', 2: '0.0', 3: '2.081383018504685', 4: 420.0309714785827} 
{0: '0.45454545454545453', 1: '0.0', 2: '0.0', 3: '2.081383018504685', 4: 417.82058079448217} 
{0: '0.4782608695652174', 1: '0.0', 2: '0.0', 3: '2.212490124287102', 4: 427.30898024903865} 
{0: '0.5', 1: '0.0', 2: '0.0', 3: '2.351855716390306', 4: 410.5722602315737} 
{0: '0.52', 1: '0.0', 2: '0.0', 3: '2.500000000000003', 4: 438.18928513303445} 
{0: '0.5', 1: '0.0', 2: '0.0', 3: '2.500000000000003', 4: 408.617482837341} 
{0: '0.5185185185185185', 1: '0.0', 2: '0.0', 3: '2.351855716390306', 4: 422.8028130590576} 
{0: '0.5357142857142857', 1: '0.0', 2: '0.0', 3: '2.212490124287102', 4: 424.3555924392469} 
{0: '0.5517241379310345', 1: '0.0', 2: '0.0', 3: '2.081383018504685', 4: 419.0043953275667} 
{0: '0.5333333333333333', 1: '0.0', 2: '0.0', 3: '2.081383018504685', 4: 402.3029917462496} 
{0: '0.5483870967741935', 1: '0.0', 2: '0.0', 3: '2.212490124287102', 4: 429.37816938057176} 
{0: '0.5625', 1: '0.0', 2: '0.0', 3: '2.351855716390306', 4: 420.46611505759904} 
{0: '0.5757575757575758', 1: '0.0', 2: '0.0', 3: '2.500000000000003', 4: 413.8461405684488} 
{0: '0.5588235294117647', 1: '0.0', 2: '0.0', 3: '2.500000000000003', 4: 412.72922558304793} 
{0: '0.5714285714285714', 1: '0.0', 2: '0.0', 3: '2.351855716390306', 4: 411.52664780959043} 
{0: '0.5833333333333334', 1: '0.0', 2: '0.0', 3: '2.212490124287102', 4: 411.0270908102607} 
{0: '0.5675675675675675', 1: '0.0', 2: '0.0', 3: '2.212490124287102', 4: 425.60044922215724} 
{0: '0.5789473684210527', 1: '0.0', 2: '0.0', 3: '2.351855716390306', 4: 401.05960464370423} 
{0: '0.5897435897435898', 1: '0.0', 2: '0.0', 3: '2.500000000000003', 4: 425.18348268642785} 
{0: '0.575', 1: '0.0', 2: '0.0', 3: '2.500000000000003', 4: 411.8692254698388} 
{0: '0.5853658536585366', 1: '0.0', 2: '0.0', 3: '2.351855716390306', 4: 410.3505149429707} 
{0: '0.5952380952380952', 1: '0.0', 2: '0.0', 3: '2.212490124287102', 4: 404.46506874308926} 
{0: '0.5813953488372093', 1: '0.0', 2: '0.0', 3: '2.212490124287102', 4: 406.47409171952603} 
{0: '0.5909090909090909', 1: '0.0', 2: '0.0', 3: '2.351855716390306', 4: 406.80743721929747} 
{0: '0.6', 1: '0.0', 2: '0.0', 3: '2.500000000000003', 4: 418.30711641782256} 
{0: '0.5869565217391305', 1: '0.0', 2: '0.0', 3: '2.500000000000003', 4: 409.9964909768141} 
{0: '0.5957446808510638', 1: '0.0', 2: '0.0', 3: '2.351855716390306', 4: 423.9477913258214} 
{0: '0.5833333333333334', 1: '0.0', 2: '0.0', 3: '2.351855716390306', 4: 417.8464022741052} 
{0: '0.5918367346938775', 1: '0.0', 2: '0.0', 3: '2.500000000000003', 4: 422.5672280402929} 
{0: '0.58', 1: '0.0', 2: '0.0', 3: '2.500000000000003', 4: 418.93104620306315} 
{0: '0.5882352941176471', 1: '0.0', 2: '0.0', 3: '2.351855716390306', 4: 407.1927295098841} 
{0: '0.5961538461538461', 1: '0.0', 2: '0.0', 3: '2.212490124287102', 4: 413.0039049500893} 
{0: '0.5849056603773585', 1: '0.0', 2: '0.0', 3: '2.212490124287102', 4: 404.27794575672493} 
{0: '0.5925925925925926', 1: '0.0', 2: '0.0', 3: '2.351855716390306', 4: 415.94601352402367} 
{0: '0.6', 1: '0.0', 2: '0.0', 3: '2.500000000000003', 4: 406.638805555474} 
{0: '0.5892857142857143', 1: '0.0', 2: '0.0', 3: '2.500000000000003', 4: 420.06315462537884} 
{0: '0.5964912280701754', 1: '0.0', 2: '0.0', 3: '2.351855716390306', 4: 421.50378915881464} 
{0: '0.5862068965517241', 1: '0.0', 2: '0.0', 3: '2.351855716390306', 4: 395.4477045688364} 
{0: '0.5932203389830508', 1: '0.0', 2: '0.0', 3: '2.500000000000003', 4: 393.18913970391344} 
{0: '0.5833333333333334', 1: '0.0', 2: '0.0', 3: '2.500000000000003', 4: 402.6592743100579} 
{0: '0.5901639344262295', 1: '0.0', 2: '0.0', 3: '2.351855716390306', 4: 398.33654807363433} 
{0: '0.5967741935483871', 1: '0.0', 2: '0.0', 3: '2.212490124287102', 4: 397.4195972507311} 
{0: '0.6031746031746031', 1: '0.0', 2: '0.0', 3: '2.081383018504685', 4: 390.6286723025925} 
{0: '0.609375', 1: '0.0', 2: '0.0', 3: '1.958045020027179', 4: 397.8497806963496} 
{0: '0.6', 1: '0.0', 2: '0.0', 3: '1.958045020027179', 4: 388.9055199536449} 
{0: '0.6060606060606061', 1: '0.0', 2: '0.0', 3: '2.081383018504685', 4: 386.16763130951546} 
{0: '0.6119402985074627', 1: '0.0', 2: '0.0', 3: '2.212490124287102', 4: 400.4695561562862} 
{0: '0.6176470588235294', 1: '0.0', 2: '0.0', 3: '2.351855716390306', 4: 410.2771583024092} 
{0: '0.6231884057971014', 1: '0.0', 2: '0.0', 3: '2.500000000000003', 4: 399.2531290045994} 
{0: '0.6142857142857143', 1: '0.0', 2: '0.0', 3: '2.500000000000003', 4: 388.3411121709921} 
{0: '0.6197183098591549', 1: '0.0', 2: '0.0', 3: '2.351855716390306', 4: 402.5868982840642} 
{0: '0.6111111111111112', 1: '0.0', 2: '0.0', 3: '2.351855716390306', 4: 391.1021178698757} 
{0: '0.6164383561643836', 1: '0.0', 2: '0.0', 3: '2.500000000000003', 4: 400.80521018686267} 
{0: '0.6081081081081081', 1: '0.0', 2: '0.0', 3: '2.500000000000003', 4: 402.1740445817733} 
{0: '0.6133333333333333', 1: '0.0', 2: '0.0', 3: '2.351855716390306', 4: 394.8168646896398} 
{0: '0.618421052631579', 1: '0.0', 2: '0.0', 3: '2.212490124287102', 4: 387.28202625826793} 
{0: '0.6233766233766234', 1: '0.0', 2: '0.0', 3: '2.081383018504685', 4: 391.25520466857415} 
{0: '0.6153846153846154', 1: '0.0', 2: '0.0', 3: '2.081383018504685', 4: 385.8553548077353} 
{0: '0.620253164556962', 1: '0.0', 2: '0.0', 3: '2.212490124287102', 4: 379.7498999626774} 
{0: '0.6125', 1: '0.0', 2: '0.0', 3: '2.212490124287102', 4: 404.50861813883256} 
{0: '0.6172839506172839', 1: '0.0', 2: '0.0', 3: '2.081383018504685', 4: 396.81537521576894} 
{0: '0.6219512195121951', 1: '0.0', 2: '0.0', 3: '1.958045020027179', 4: 388.0725038368067} 
{0: '0.6265060240963856', 1: '0.0', 2: '0.0', 3: '1.842015749320195', 4: 398.48534570070416} 
{0: '0.6190476190476191', 1: '0.0', 2: '0.0', 3: '1.842015749320195', 4: 387.09865849619024} 
{0: '0.6235294117647059', 1: '0.0', 2: '0.0', 3: '1.958045020027179', 4: 397.83453956539194} 
{0: '0.627906976744186', 1: '0.0', 2: '0.0', 3: '2.081383018504685', 4: 401.24245267731294} 
{0: '0.632183908045977', 1: '0.0', 2: '0.0', 3: '2.212490124287102', 4: 395.62289355053844} 
{0: '0.6363636363636364', 1: '0.0', 2: '0.0', 3: '2.351855716390306', 4: 397.45570548325423} 
{0: '0.6404494382022472', 1: '0.0', 2: '0.0', 3: '2.500000000000003', 4: 410.81768329000744} 
{0: '0.6333333333333333', 1: '0.0', 2: '0.0', 3: '2.500000000000003', 4: 397.16268570549937} 
{0: '0.6263736263736264', 1: '0.0', 2: '0.0', 3: '2.500000000000003', 4: 397.5405805459495} 
{0: '0.6195652173913043', 1: '0.0', 2: '0.0', 3: '2.500000000000003', 4: 389.9619262204756} 
{0: '0.6236559139784946', 1: '0.0', 2: '0.0', 3: '2.351855716390306', 4: 393.88270580747184} 
{0: '0.6276595744680851', 1: '0.0', 2: '0.0', 3: '2.212490124287102', 4: 409.224101056242} 
{0: '0.631578947368421', 1: '0.0', 2: '0.0', 3: '2.081383018504685', 4: 410.0396312550394} 
{0: '0.625', 1: '0.0', 2: '0.0', 3: '2.081383018504685', 4: 384.8132552721757} 
{0: '0.6288659793814433', 1: '0.0', 2: '0.0', 3: '2.212490124287102', 4: 397.0162667700537} 
{0: '0.6326530612244898', 1: '0.0', 2: '0.0', 3: '2.351855716390306', 4: 392.265934930451} 
{0: '0.6363636363636364', 1: '0.0', 2: '0.0', 3: '2.500000000000003', 4: 402.3059691682564} 
{0: '0.63', 1: '0.0', 2: '0.0', 3: '2.500000000000003', 4: 393.52457183361656} 
{0: '0.6237623762376238', 1: '0.0', 2: '0.0', 3: '2.500000000000003', 4: 405.8981478221851} 
{0: '0.6176470588235294', 1: '0.0', 2: '0.0', 3: '2.500000000000003', 4: 412.51018473254277} 
{0: '0.6116504854368932', 1: '0.0', 2: '0.0', 3: '2.500000000000003', 4: 392.5427115240774} 
{0: '0.6057692307692307', 1: '0.0', 2: '0.0', 3: '2.500000000000003', 4: 389.7097974248423} 
{0: '0.6095238095238096', 1: '0.0', 2: '0.0', 3: '2.351855716390306', 4: 385.2073386212522} 
{0: '0.6132075471698113', 1: '0.0', 2: '0.0', 3: '2.212490124287102', 4: 403.1419092577791} 
{0: '0.616822429906542', 1: '0.0', 2: '0.0', 3: '2.081383018504685', 4: 391.3310404796633} 
{0: '0.6203703703703703', 1: '0.0', 2: '0.0', 3: '1.958045020027179', 4: 408.0102196055199} 
{0: '0.6146788990825688', 1: '0.0', 2: '0.0', 3: '1.958045020027179', 4: 398.8679429667736} 
{0: '0.6181818181818182', 1: '0.0', 2: '0.0', 3: '2.081383018504685', 4: 400.41786966435774} 
{0: '0.6216216216216216', 1: '0.0', 2: '0.0', 3: '2.212490124287102', 4: 398.0976321938367} 
{0: '0.625', 1: '0.0', 2: '0.0', 3: '2.351855716390306', 4: 393.6241857188258} 
{0: '0.6283185840707964', 1: '0.0', 2: '0.0', 3: '2.500000000000003', 4: 402.4048012543128} 
{0: '0.6228070175438597', 1: '0.0', 2: '0.0', 3: '2.500000000000003', 4: 401.91349765880506} 
{0: '0.6260869565217392', 1: '0.0', 2: '0.0', 3: '2.351855716390306', 4: 403.9187699415458} 
{0: '0.6293103448275862', 1: '0.0', 2: '0.0', 3: '2.212490124287102', 4: 399.7794250120129} 
{0: '0.6239316239316239', 1: '0.0', 2: '0.0', 3: '2.212490124287102', 4: 407.62495040232477} 
{0: '0.6271186440677966', 1: '0.0', 2: '0.0', 3: '2.351855716390306', 4: 402.3608997124591} 
{0: '0.6302521008403361', 1: '0.0', 2: '0.0', 3: '2.500000000000003', 4: 406.2726402645071} 
{0: '0.625', 1: '0.0', 2: '0.0', 3: '2.500000000000003', 4: 412.9542777421737} 
{0: '0.6198347107438017', 1: '0.0', 2: '0.0', 3: '2.500000000000003', 4: 419.97421076570663} 
{0: '0.6147540983606558', 1: '0.0', 2: '0.0', 3: '2.500000000000003', 4: 404.02077529772595} 
{0: '0.6178861788617886', 1: '0.0', 2: '0.0', 3: '2.351855716390306', 4: 389.5163664274551} 
{0: '0.6209677419354839', 1: '0.0', 2: '0.0', 3: '2.212490124287102', 4: 410.38419602450114} 
{0: '0.616', 1: '0.0', 2: '0.0', 3: '2.212490124287102', 4: 393.7062400404737} 
{0: '0.6190476190476191', 1: '0.0', 2: '0.0', 3: '2.351855716390306', 4: 400.09891380190817} 
{0: '0.6220472440944882', 1: '0.0', 2: '0.0', 3: '2.500000000000003', 4: 406.6220917834629} 
{0: '0.6171875', 1: '0.0', 2: '0.0', 3: '2.500000000000003', 4: 394.12052709073635} 
{0: '0.6201550387596899', 1: '0.0', 2: '0.0', 3: '2.351855716390306', 4: 403.6676190263297} 
{0: '0.6230769230769231', 1: '0.0', 2: '0.0', 3: '2.212490124287102', 4: 396.32548628798406} 
{0: '0.6183206106870229', 1: '0.0', 2: '0.0', 3: '2.212490124287102', 4: 387.5662257700258} 
{0: '0.6212121212121212', 1: '0.0', 2: '0.0', 3: '2.351855716390306', 4: 392.16815680084807} 
{0: '0.6240601503759399', 1: '0.0', 2: '0.0', 3: '2.500000000000003', 4: 394.32563571591754} 
{0: '0.6194029850746269', 1: '0.0', 2: '0.0', 3: '2.500000000000003', 4: 402.5356964802802} 
{0: '0.6222222222222222', 1: '0.0', 2: '0.0', 3: '2.351855716390306', 4: 391.3661758049078} 
{0: '0.625', 1: '0.0', 2: '0.0', 3: '2.212490124287102', 4: 397.11954338163514} 
{0: '0.6277372262773723', 1: '0.0', 2: '0.0', 3: '2.081383018504685', 4: 380.0452742342542} 
{0: '0.6304347826086957', 1: '0.0', 2: '0.0', 3: '1.958045020027179', 4: 391.49605989885856} 
{0: '0.6258992805755396', 1: '0.0', 2: '0.0', 3: '1.958045020027179', 4: 404.03103359925507} 
{0: '0.6285714285714286', 1: '0.0', 2: '0.0', 3: '2.081383018504685', 4: 399.82970373748736} 
{0: '0.6312056737588653', 1: '0.0', 2: '0.0', 3: '2.212490124287102', 4: 406.5992578885998} 
{0: '0.6338028169014085', 1: '0.0', 2: '0.0', 3: '2.351855716390306', 4: 403.1091627498358} 
{0: '0.6363636363636364', 1: '0.0', 2: '0.0', 3: '2.500000000000003', 4: 429.0526637941717} 
{0: '0.6319444444444444', 1: '0.0', 2: '0.0', 3: '2.500000000000003', 4: 383.8358261572298} 
{0: '0.6344827586206897', 1: '0.0', 2: '0.0', 3: '2.351855716390306', 4: 390.5900474498808} 
{0: '0.636986301369863', 1: '0.0', 2: '0.0', 3: '2.212490124287102', 4: 398.71254559696297} 
{0: '0.6394557823129252', 1: '0.0', 2: '0.0', 3: '2.081383018504685', 4: 383.50517071094924} 
{0: '0.6418918918918919', 1: '0.0', 2: '0.0', 3: '1.958045020027179', 4: 389.6695647229543} 
{0: '0.6442953020134228', 1: '0.0', 2: '0.0', 3: '1.842015749320195', 4: 404.424981266254} 
{0: '0.64', 1: '0.0', 2: '0.0', 3: '1.842015749320195', 4: 395.47704647071475} 
{0: '0.6423841059602649', 1: '0.0', 2: '0.0', 3: '1.958045020027179', 4: 395.58155135500954} 
{0: '0.6447368421052632', 1: '0.0', 2: '0.0', 3: '2.081383018504685', 4: 392.10339466315247} 
{0: '0.6470588235294118', 1: '0.0', 2: '0.0', 3: '2.212490124287102', 4: 402.9091474319709} 
{0: '0.6493506493506493', 1: '0.0', 2: '0.0', 3: '2.351855716390306', 4: 391.23899189360316} 
{0: '0.6516129032258065', 1: '0.0', 2: '0.0', 3: '2.500000000000003', 4: 407.4469954067619} 
{0: '0.6474358974358975', 1: '0.0', 2: '0.0', 3: '2.500000000000003', 4: 394.77423402804146} 
{0: '0.643312101910828', 1: '0.0', 2: '0.0', 3: '2.500000000000003', 4: 391.4907941170181} 
{0: '0.6392405063291139', 1: '0.0', 2: '0.0', 3: '2.500000000000003', 4: 394.5854107584677} 
{0: '0.6415094339622641', 1: '0.0', 2: '0.0', 3: '2.351855716390306', 4: 389.79041043375054} 
{0: '0.64375', 1: '0.0', 2: '0.0', 3: '2.212490124287102', 4: 395.4674742336226} 
{0: '0.639751552795031', 1: '0.0', 2: '0.0', 3: '2.212490124287102', 4: 407.17679308728566} 
{0: '0.6419753086419753', 1: '0.0', 2: '0.0', 3: '2.351855716390306', 4: 395.1737882841512} 
{0: '0.6441717791411042', 1: '0.0', 2: '0.0', 3: '2.500000000000003', 4: 408.98669970982314} 
{0: '0.6402439024390244', 1: '0.0', 2: '0.0', 3: '2.500000000000003', 4: 401.35455035703063} 
{0: '0.6424242424242425', 1: '0.0', 2: '0.0', 3: '2.351855716390306', 4: 388.281775185844} 
{0: '0.6385542168674698', 1: '0.0', 2: '0.0', 3: '2.351855716390306', 4: 396.2935406623189} 
{0: '0.6407185628742516', 1: '0.0', 2: '0.0', 3: '2.500000000000003', 4: 391.4225748483327} 
{0: '0.6369047619047619', 1: '0.0', 2: '0.0', 3: '2.500000000000003', 4: 396.6272501540804} 
{0: '0.6390532544378699', 1: '0.0', 2: '0.0', 3: '2.351855716390306', 4: 395.36835816381114} 
{0: '0.6411764705882353', 1: '0.0', 2: '0.0', 3: '2.212490124287102', 4: 385.52434987161837} 
{0: '0.6432748538011696', 1: '0.0', 2: '0.0', 3: '2.081383018504685', 4: 390.4222587754604} 
{0: '0.6395348837209303', 1: '0.0', 2: '0.0', 3: '2.081383018504685', 4: 403.11255497718366} 
{0: '0.6416184971098265', 1: '0.0', 2: '0.0', 3: '2.212490124287102', 4: 378.5850138219589} 
{0: '0.6436781609195402', 1: '0.0', 2: '0.0', 3: '2.351855716390306', 4: 391.6827588568151} 
{0: '0.6457142857142857', 1: '0.0', 2: '0.0', 3: '2.500000000000003', 4: 395.0285032401168} 
{0: '0.6420454545454546', 1: '0.0', 2: '0.0', 3: '2.500000000000003', 4: 398.25715835132564} 
{0: '0.6440677966101694', 1: '0.0', 2: '0.0', 3: '2.351855716390306', 4: 408.44652910321884} 
{0: '0.6460674157303371', 1: '0.0', 2: '0.0', 3: '2.212490124287102', 4: 404.4894346122764} 
{0: '0.6480446927374302', 1: '0.0', 2: '0.0', 3: '2.081383018504685', 4: 398.17765967288244} 
{0: '0.65', 1: '0.0', 2: '0.0', 3: '1.958045020027179', 4: 403.2206830696425} 
{0: '0.6464088397790055', 1: '0.0', 2: '0.0', 3: '1.958045020027179', 4: 400.2381313233068} 
{0: '0.6483516483516484', 1: '0.0', 2: '0.0', 3: '2.081383018504685', 4: 395.7689025271245} 
{0: '0.6502732240437158', 1: '0.0', 2: '0.0', 3: '2.212490124287102', 4: 396.9578498835187} 
{0: '0.6521739130434783', 1: '0.0', 2: '0.0', 3: '2.351855716390306', 4: 409.88446923829963} 
{0: '0.654054054054054', 1: '0.0', 2: '0.0', 3: '2.500000000000003', 4: 404.0796540617231} 
{0: '0.6505376344086021', 1: '0.0', 2: '0.0', 3: '2.500000000000003', 4: 399.51269309933514} 
{0: '0.6524064171122995', 1: '0.0', 2: '0.0', 3: '2.351855716390306', 4: 402.56111927550353} 
{0: '0.648936170212766', 1: '0.0', 2: '0.0', 3: '2.351855716390306', 4: 401.09163407674924} 
{0: '0.6507936507936508', 1: '0.0', 2: '0.0', 3: '2.500000000000003', 4: 405.1267323439718} 
{0: '0.6473684210526316', 1: '0.0', 2: '0.0', 3: '2.500000000000003', 4: 412.4263700892295} 
{0: '0.643979057591623', 1: '0.0', 2: '0.0', 3: '2.500000000000003', 4: 394.5294413497656} 
{0: '0.640625', 1: '0.0', 2: '0.0', 3: '2.500000000000003', 4: 400.3094292341749} 
{0: '0.6424870466321243', 1: '0.0', 2: '0.0', 3: '2.351855716390306', 4: 392.68932692312023} 
{0: '0.6443298969072165', 1: '0.0', 2: '0.0', 3: '2.212490124287102', 4: 414.8567479905873} 
{0: '0.6410256410256411', 1: '0.0', 2: '0.0', 3: '2.212490124287102', 4: 396.80081063219114} 
{0: '0.6428571428571429', 1: '0.0', 2: '0.0', 3: '2.351855716390306', 4: 404.1301528718866} 
{0: '0.6446700507614214', 1: '0.0', 2: '0.0', 3: '2.500000000000003', 4: 408.0797261367767} 
{0: '0.6414141414141414', 1: '0.0', 2: '0.0', 3: '2.500000000000003', 4: 410.0673016062575} 
{0: '0.6432160804020101', 1: '0.0', 2: '0.0', 3: '2.351855716390306', 4: 389.6211204583816} 
{0: '0.645', 1: '0.0', 2: '0.0', 3: '2.212490124287102', 4: 415.9220105198349} 
{0: '0.6467661691542289', 1: '0.0', 2: '0.0', 3: '2.081383018504685', 4: 386.2204077177956} 
{0: '0.6485148514851485', 1: '0.0', 2: '0.0', 3: '1.958045020027179', 4: 392.8015182670015} 
{0: '0.645320197044335', 1: '0.0', 2: '0.0', 3: '1.958045020027179', 4: 401.20691780360556} 
{0: '0.6470588235294118', 1: '0.0', 2: '0.0', 3: '2.081383018504685', 4: 388.57483072418967} 
{0: '0.6487804878048781', 1: '0.0', 2: '0.0', 3: '2.212490124287102', 4: 410.6767667993966} 
{0: '0.6504854368932039', 1: '0.0', 2: '0.0', 3: '2.351855716390306', 4: 405.6636674154695} 
{0: '0.6521739130434783', 1: '0.0', 2: '0.0', 3: '2.500000000000003', 4: 424.469369210054} 
{0: '0.6490384615384616', 1: '0.0', 2: '0.0', 3: '2.500000000000003', 4: 403.2342723302649} 
{0: '0.6507177033492823', 1: '0.0', 2: '0.0', 3: '2.351855716390306', 4: 392.46334214613455} 
{0: '0.6523809523809524', 1: '0.0', 2: '0.0', 3: '2.212490124287102', 4: 400.6634633771074} 
{0: '0.6540284360189573', 1: '0.0', 2: '0.0', 3: '2.081383018504685', 4: 402.4557417897264} 
{0: '0.6556603773584906', 1: '0.0', 2: '0.0', 3: '1.958045020027179', 4: 393.7204651925112} 
{0: '0.6525821596244131', 1: '0.0', 2: '0.0', 3: '1.958045020027179', 4: 411.5702641343009} 
{0: '0.6542056074766355', 1: '0.0', 2: '0.0', 3: '2.081383018504685', 4: 387.01663699020514} 
{0: '0.6558139534883721', 1: '0.0', 2: '0.0', 3: '2.212490124287102', 4: 391.58220753372507} 
{0: '0.6574074074074074', 1: '0.0', 2: '0.0', 3: '2.351855716390306', 4: 390.0242168700836} 
{0: '0.6589861751152074', 1: '0.0', 2: '0.0', 3: '2.500000000000003', 4: 389.8118503085452} 
{0: '0.6559633027522935', 1: '0.0', 2: '0.0', 3: '2.500000000000003', 4: 391.0603811267542} 
{0: '0.6575342465753424', 1: '0.0', 2: '0.0', 3: '2.351855716390306', 4: 407.3519104076348} 
{0: '0.6590909090909091', 1: '0.0', 2: '0.0', 3: '2.212490124287102', 4: 408.51393633067806} 
{0: '0.6561085972850679', 1: '0.0', 2: '0.0', 3: '2.212490124287102', 4: 401.3311091117577} 
{0: '0.6576576576576577', 1: '0.0', 2: '0.0', 3: '2.351855716390306', 4: 396.1596161565709} 
{0: '0.6591928251121076', 1: '0.0', 2: '0.0', 3: '2.500000000000003', 4: 397.85294852364933} 
{0: '0.65625', 1: '0.0', 2: '0.0', 3: '2.500000000000003', 4: 412.5314625032283} 
{0: '0.6533333333333333', 1: '0.0', 2: '0.0', 3: '2.500000000000003', 4: 405.8896204236835} 
{0: '0.6504424778761062', 1: '0.0', 2: '0.0', 3: '2.500000000000003', 4: 396.8229234951327} 
{0: '0.6519823788546255', 1: '0.0', 2: '0.0', 3: '2.351855716390306', 4: 399.4666023326018} 
{0: '0.6535087719298246', 1: '0.0', 2: '0.0', 3: '2.212490124287102', 4: 409.0803859153968} 
{0: '0.6506550218340611', 1: '0.0', 2: '0.0', 3: '2.212490124287102', 4: 410.2183405200156} 
{0: '0.6521739130434783', 1: '0.0', 2: '0.0', 3: '2.351855716390306', 4: 406.82882009612814} 
{0: '0.6536796536796536', 1: '0.0', 2: '0.0', 3: '2.500000000000003', 4: 394.0422875743149} 
{0: '0.6508620689655172', 1: '0.0', 2: '0.0', 3: '2.500000000000003', 4: 405.9103583372186} 
{0: '0.6523605150214592', 1: '0.0', 2: '0.0', 3: '2.351855716390306', 4: 393.19248541883263} 
{0: '0.6495726495726496', 1: '0.0', 2: '0.0', 3: '2.351855716390306', 4: 384.00375798323876} 
{0: '0.6510638297872341', 1: '0.0', 2: '0.0', 3: '2.500000000000003', 4: 391.8411655937915} 
{0: '0.6483050847457628', 1: '0.0', 2: '0.0', 3: '2.500000000000003', 4: 400.4894433529482} 
{0: '0.6455696202531646', 1: '0.0', 2: '0.0', 3: '2.500000000000003', 4: 404.3861519355116} 
{0: '0.6428571428571429', 1: '0.0', 2: '0.0', 3: '2.500000000000003', 4: 393.8767764102074} 
{0: '0.6443514644351465', 1: '0.0', 2: '0.0', 3: '2.351855716390306', 4: 407.17752331362925} 
{0: '0.6458333333333334', 1: '0.0', 2: '0.0', 3: '2.212490124287102', 4: 392.59114605352914} 
{0: '0.6431535269709544', 1: '0.0', 2: '0.0', 3: '2.212490124287102', 4: 389.8551705850431} 
{0: '0.6446280991735537', 1: '0.0', 2: '0.0', 3: '2.351855716390306', 4: 406.7421724909233} 
{0: '0.6460905349794238', 1: '0.0', 2: '0.0', 3: '2.500000000000003', 4: 402.81702178564615} 
{0: '0.6434426229508197', 1: '0.0', 2: '0.0', 3: '2.500000000000003', 4: 395.02318570828675} 
{0: '0.6408163265306123', 1: '0.0', 2: '0.0', 3: '2.500000000000003', 4: 400.76229468859185} 
{0: '0.6382113821138211', 1: '0.0', 2: '0.0', 3: '2.500000000000003', 4: 400.7766925679915} 
{0: '0.6396761133603239', 1: '0.0', 2: '0.0', 3: '2.351855716390306', 4: 406.2767466460842} 
{0: '0.6411290322580645', 1: '0.0', 2: '0.0', 3: '2.212490124287102', 4: 416.9658333565365} 
{0: '0.6385542168674698', 1: '0.0', 2: '0.0', 3: '2.212490124287102', 4: 392.64723157877495} 
{0: '0.64', 1: '0.0', 2: '0.0', 3: '2.351855716390306', 4: 412.58871406760136} 
{0: '0.6414342629482072', 1: '0.0', 2: '0.0', 3: '2.500000000000003', 4: 393.4044940947842} 
{0: '0.6388888888888888', 1: '0.0', 2: '0.0', 3: '2.500000000000003', 4: 401.933421138423} 
{0: '0.6403162055335968', 1: '0.0', 2: '0.0', 3: '2.351855716390306', 4: 396.0712209005754} 
{0: '0.6417322834645669', 1: '0.0', 2: '0.0', 3: '2.212490124287102', 4: 407.9668828933197} 
{0: '0.6392156862745098', 1: '0.0', 2: '0.0', 3: '2.212490124287102', 4: 417.0168702938857} 
{0: '0.640625', 1: '0.0', 2: '0.0', 3: '2.351855716390306', 4: 406.24585561376955} 
{0: '0.642023346303502', 1: '0.0', 2: '0.0', 3: '2.500000000000003', 4: 405.632448812363} 
{0: '0.6395348837209303', 1: '0.0', 2: '0.0', 3: '2.500000000000003', 4: 393.5413675190023} 
{0: '0.640926640926641', 1: '0.0', 2: '0.0', 3: '2.351855716390306', 4: 395.94248788486385} 
{0: '0.6423076923076924', 1: '0.0', 2: '0.0', 3: '2.212490124287102', 4: 391.65661782987274} 
{0: '0.6436781609195402', 1: '0.0', 2: '0.0', 3: '2.081383018504685', 4: 399.07147160891697} 
{0: '0.6412213740458015', 1: '0.0', 2: '0.0', 3: '2.081383018504685', 4: 409.0225487719537} 
{0: '0.6425855513307985', 1: '0.0', 2: '0.0', 3: '2.212490124287102', 4: 393.82959711435524} 
{0: '0.6439393939393939', 1: '0.0', 2: '0.0', 3: '2.351855716390306', 4: 387.85620793928547} 
{0: '0.6452830188679245', 1: '0.0', 2: '0.0', 3: '2.500000000000003', 4: 386.3099761802209} 
{0: '0.6428571428571429', 1: '0.0', 2: '0.0', 3: '2.500000000000003', 4: 389.08106479410804} 
{0: '0.6441947565543071', 1: '0.0', 2: '0.0', 3: '2.351855716390306', 4: 391.57018760286644} 
{0: '0.6455223880597015', 1: '0.0', 2: '0.0', 3: '2.212490124287102', 4: 392.60845659274526} 
{0: '0.6431226765799256', 1: '0.0', 2: '0.0', 3: '2.212490124287102', 4: 386.8734570701484} 
{0: '0.6444444444444445', 1: '0.0', 2: '0.0', 3: '2.351855716390306', 4: 402.9146710060117} 
{0: '0.6457564575645757', 1: '0.0', 2: '0.0', 3: '2.500000000000003', 4: 401.1712020706301} 
{0: '0.6433823529411765', 1: '0.0', 2: '0.0', 3: '2.500000000000003', 4: 402.5456454838996} 
{0: '0.6446886446886447', 1: '0.0', 2: '0.0', 3: '2.351855716390306', 4: 388.49829902386097} 
{0: '0.6459854014598541', 1: '0.0', 2: '0.0', 3: '2.212490124287102', 4: 398.87840051355744} 
{0: '0.6472727272727272', 1: '0.0', 2: '0.0', 3: '2.081383018504685', 4: 401.6605177449226} 
{0: '0.6485507246376812', 1: '0.0', 2: '0.0', 3: '1.958045020027179', 4: 389.9185623320335} 
{0: '0.6498194945848376', 1: '0.0', 2: '0.0', 3: '1.842015749320195', 4: 408.0592610811132} 
{0: '0.6474820143884892', 1: '0.0', 2: '0.0', 3: '1.842015749320195', 4: 385.7905546309352} 
{0: '0.6487455197132617', 1: '0.0', 2: '0.0', 3: '1.958045020027179', 4: 378.23641039088204} 
{0: '0.65', 1: '0.0', 2: '0.0', 3: '2.081383018504685', 4: 402.94776449169984} 
{0: '0.6512455516014235', 1: '0.0', 2: '0.0', 3: '2.212490124287102', 4: 389.99511564670655} 
{0: '0.6524822695035462', 1: '0.0', 2: '0.0', 3: '2.351855716390306', 4: 389.9650178903078} 
{0: '0.6537102473498233', 1: '0.0', 2: '0.0', 3: '2.500000000000003', 4: 390.68808230839295} 
{0: '0.6514084507042254', 1: '0.0', 2: '0.0', 3: '2.500000000000003', 4: 389.14168669926} 
{0: '0.6526315789473685', 1: '0.0', 2: '0.0', 3: '2.351855716390306', 4: 388.3101432903446} 
{0: '0.6538461538461539', 1: '0.0', 2: '0.0', 3: '2.212490124287102', 4: 399.47929039316176} 
{0: '0.6515679442508711', 1: '0.0', 2: '0.0', 3: '2.212490124287102', 4: 396.07806833803653} 
{0: '0.6527777777777778', 1: '0.0', 2: '0.0', 3: '2.351855716390306', 4: 415.63384751534556} 
{0: '0.6539792387543253', 1: '0.0', 2: '0.0', 3: '2.500000000000003', 4: 409.311308531424} 
{0: '0.6517241379310345', 1: '0.0', 2: '0.0', 3: '2.500000000000003', 4: 393.30606818181315} 
{0: '0.6529209621993127', 1: '0.0', 2: '0.0', 3: '2.351855716390306', 4: 388.00882805601486} 
{0: '0.6541095890410958', 1: '0.0', 2: '0.0', 3: '2.212490124287102', 4: 390.5877783135147} 
{0: '0.6552901023890785', 1: '0.0', 2: '0.0', 3: '2.081383018504685', 4: 389.8765413165089} 
{0: '0.6530612244897959', 1: '0.0', 2: '0.0', 3: '2.081383018504685', 4: 410.18965107731475} 
{0: '0.6542372881355932', 1: '0.0', 2: '0.0', 3: '2.212490124287102', 4: 396.0658526945988} 
{0: '0.6554054054054054', 1: '0.0', 2: '0.0', 3: '2.351855716390306', 4: 388.7442697868299} 
{0: '0.6565656565656566', 1: '0.0', 2: '0.0', 3: '2.500000000000003', 4: 399.4313480621091} 
{0: '0.6543624161073825', 1: '0.0', 2: '0.0', 3: '2.500000000000003', 4: 403.0945268204029} 
{0: '0.6521739130434783', 1: '0.0', 2: '0.0', 3: '2.500000000000003', 4: 401.2918830281636} 
{0: '0.65', 1: '0.0', 2: '0.0', 3: '2.500000000000003', 4: 394.91810045189965} 
{0: '0.6478405315614618', 1: '0.0', 2: '0.0', 3: '2.500000000000003', 4: 408.2726781429654} 
{0: '0.6456953642384106', 1: '0.0', 2: '0.0', 3: '2.500000000000003', 4: 398.6758429515262} 
{0: '0.6435643564356436', 1: '0.0', 2: '0.0', 3: '2.500000000000003', 4: 383.6513553494481} 
{0: '0.6414473684210527', 1: '0.0', 2: '0.0', 3: '2.500000000000003', 4: 398.94841128627064} 
{0: '0.6426229508196721', 1: '0.0', 2: '0.0', 3: '2.351855716390306', 4: 398.9304515873977} 
{0: '0.6405228758169934', 1: '0.0', 2: '0.0', 3: '2.351855716390306', 4: 400.4526339528866} 
{0: '0.6416938110749185', 1: '0.0', 2: '0.0', 3: '2.500000000000003', 4: 397.3486399790272} 
{0: '0.6396103896103896', 1: '0.0', 2: '0.0', 3: '2.500000000000003', 4: 394.85833463415184} 
{0: '0.6375404530744336', 1: '0.0', 2: '0.0', 3: '2.500000000000003', 4: 400.83484797323655} 
{0: '0.635483870967742', 1: '0.0', 2: '0.0', 3: '2.500000000000003', 4: 394.81039325544015} 
{0: '0.6366559485530546', 1: '0.0', 2: '0.0', 3: '2.351855716390306', 4: 395.07583233055726} 
{0: '0.6378205128205128', 1: '0.0', 2: '0.0', 3: '2.212490124287102', 4: 411.4881565336654} 
{0: '0.6389776357827476', 1: '0.0', 2: '0.0', 3: '2.081383018504685', 4: 391.30464792280515} 
{0: '0.6369426751592356', 1: '0.0', 2: '0.0', 3: '2.081383018504685', 4: 385.55909771561795} 
{0: '0.638095238095238', 1: '0.0', 2: '0.0', 3: '2.212490124287102', 4: 390.00010871841204} 
{0: '0.6360759493670886', 1: '0.0', 2: '0.0', 3: '2.212490124287102', 4: 407.44827488421464} 
{0: '0.637223974763407', 1: '0.0', 2: '0.0', 3: '2.081383018504685', 4: 400.19093402618296} 
{0: '0.6352201257861635', 1: '0.0', 2: '0.0', 3: '2.081383018504685', 4: 406.6027243583284} 
{0: '0.6363636363636364', 1: '0.0', 2: '0.0', 3: '2.212490124287102', 4: 393.7628624050633} 
{0: '0.6375', 1: '0.0', 2: '0.0', 3: '2.351855716390306', 4: 403.944726337633} 
{0: '0.6386292834890965', 1: '0.0', 2: '0.0', 3: '2.500000000000003', 4: 405.74900317111144} 
{0: '0.6366459627329193', 1: '0.0', 2: '0.0', 3: '2.500000000000003', 4: 402.10302341142665} 
{0: '0.6377708978328174', 1: '0.0', 2: '0.0', 3: '2.351855716390306', 4: 402.2005590598716} 
{0: '0.6388888888888888', 1: '0.0', 2: '0.0', 3: '2.212490124287102', 4: 395.4377947225176} 
{0: '0.64', 1: '0.0', 2: '0.0', 3: '2.081383018504685', 4: 396.75454189382685} 
{0: '0.6380368098159509', 1: '0.0', 2: '0.0', 3: '2.081383018504685', 4: 394.7447617581568} 
{0: '0.6391437308868502', 1: '0.0', 2: '0.0', 3: '2.212490124287102', 4: 393.85217415456987} 
{0: '0.6402439024390244', 1: '0.0', 2: '0.0', 3: '2.351855716390306', 4: 397.1629199951677} 
{0: '0.6413373860182371', 1: '0.0', 2: '0.0', 3: '2.500000000000003', 4: 395.2179330655556} 
{0: '0.6393939393939394', 1: '0.0', 2: '0.0', 3: '2.500000000000003', 4: 408.5768509816896} 
{0: '0.6404833836858006', 1: '0.0', 2: '0.0', 3: '2.351855716390306', 4: 396.81001001311864} 
{0: '0.6385542168674698', 1: '0.0', 2: '0.0', 3: '2.351855716390306', 4: 403.1011166556447} 
{0: '0.6396396396396397', 1: '0.0', 2: '0.0', 3: '2.500000000000003', 4: 389.79016915144246} 
{0: '0.6377245508982036', 1: '0.0', 2: '0.0', 3: '2.500000000000003', 4: 395.23361165961484} 
{0: '0.6358208955223881', 1: '0.0', 2: '0.0', 3: '2.500000000000003', 4: 401.6417973684147} 
{0: '0.6339285714285714', 1: '0.0', 2: '0.0', 3: '2.500000000000003', 4: 396.15473816176564} 
{0: '0.6320474777448071', 1: '0.0', 2: '0.0', 3: '2.500000000000003', 4: 401.9122388977604} 
{0: '0.6301775147928994', 1: '0.0', 2: '0.0', 3: '2.500000000000003', 4: 397.8265480356772} 
{0: '0.6283185840707964', 1: '0.0', 2: '0.0', 3: '2.500000000000003', 4: 399.54208406610127} 
{0: '0.6264705882352941', 1: '0.0', 2: '0.0', 3: '2.500000000000003', 4: 394.8063664949666} 
{0: '0.6275659824046921', 1: '0.0', 2: '0.0', 3: '2.351855716390306', 4: 404.39769522083793} 
{0: '0.6286549707602339', 1: '0.0', 2: '0.0', 3: '2.212490124287102', 4: 391.92986986977843} 
{0: '0.6297376093294461', 1: '0.0', 2: '0.0', 3: '2.081383018504685', 4: 375.7775069368398} 
{0: '0.6308139534883721', 1: '0.0', 2: '0.0', 3: '1.958045020027179', 4: 388.10457878298337} 
{0: '0.6289855072463768', 1: '0.0', 2: '0.0', 3: '1.958045020027179', 4: 394.18475347001424} 
{0: '0.630057803468208', 1: '0.0', 2: '0.0', 3: '2.081383018504685', 4: 389.06704606004564} 
{0: '0.6311239193083573', 1: '0.0', 2: '0.0', 3: '2.212490124287102', 4: 385.35099848729413} 
{0: '0.632183908045977', 1: '0.0', 2: '0.0', 3: '2.351855716390306', 4: 406.6337118130381} 
{0: '0.6332378223495702', 1: '0.0', 2: '0.0', 3: '2.500000000000003', 4: 411.43064153242494} 
{0: '0.6314285714285715', 1: '0.0', 2: '0.0', 3: '2.500000000000003', 4: 383.3411750968427} 
{0: '0.6324786324786325', 1: '0.0', 2: '0.0', 3: '2.351855716390306', 4: 391.4513727370158} 
{0: '0.6335227272727273', 1: '0.0', 2: '0.0', 3: '2.212490124287102', 4: 395.968065518221} 
{0: '0.6345609065155807', 1: '0.0', 2: '0.0', 3: '2.081383018504685', 4: 389.63397766394996} 
{0: '0.632768361581921', 1: '0.0', 2: '0.0', 3: '2.081383018504685', 4: 393.96941518838156} 
{0: '0.6338028169014085', 1: '0.0', 2: '0.0', 3: '2.212490124287102', 4: 397.5962025450929} 
{0: '0.6348314606741573', 1: '0.0', 2: '0.0', 3: '2.351855716390306', 4: 402.00195475462294} 
{0: '0.6358543417366946', 1: '0.0', 2: '0.0', 3: '2.500000000000003', 4: 397.11644813089924} 
{0: '0.6340782122905028', 1: '0.0', 2: '0.0', 3: '2.500000000000003', 4: 399.4553234588735} 
{0: '0.6350974930362117', 1: '0.0', 2: '0.0', 3: '2.351855716390306', 4: 390.7274319040084} 
{0: '0.6361111111111111', 1: '0.0', 2: '0.0', 3: '2.212490124287102', 4: 392.3396809137675} 
{0: '0.6371191135734072', 1: '0.0', 2: '0.0', 3: '2.081383018504685', 4: 392.93193558397405} 
{0: '0.638121546961326', 1: '0.0', 2: '0.0', 3: '1.958045020027179', 4: 398.8123808945326} 
{0: '0.6363636363636364', 1: '0.0', 2: '0.0', 3: '1.958045020027179', 4: 393.7988575046063} 
{0: '0.6373626373626373', 1: '0.0', 2: '0.0', 3: '2.081383018504685', 4: 391.75975389007857} 
{0: '0.6383561643835617', 1: '0.0', 2: '0.0', 3: '2.212490124287102', 4: 394.21962404521895} 
{0: '0.639344262295082', 1: '0.0', 2: '0.0', 3: '2.351855716390306', 4: 384.5161297374616} 
{0: '0.6376021798365122', 1: '0.0', 2: '0.0', 3: '2.351855716390306', 4: 394.53108077998735} 
{0: '0.6385869565217391', 1: '0.0', 2: '0.0', 3: '2.212490124287102', 4: 391.3697113873457} 
{0: '0.6395663956639567', 1: '0.0', 2: '0.0', 3: '2.081383018504685', 4: 390.5707773419045} 
{0: '0.6405405405405405', 1: '0.0', 2: '0.0', 3: '1.958045020027179', 4: 389.26450463851995} 
{0: '0.6415094339622641', 1: '0.0', 2: '0.0', 3: '1.842015749320195', 4: 387.64902344818057} 
{0: '0.6397849462365591', 1: '0.0', 2: '0.0', 3: '1.842015749320195', 4: 390.4337487533449} 
{0: '0.6407506702412868', 1: '0.0', 2: '0.0', 3: '1.958045020027179', 4: 393.09181575217724} 
{0: '0.6417112299465241', 1: '0.0', 2: '0.0', 3: '2.081383018504685', 4: 406.0129268402229} 
{0: '0.6426666666666667', 1: '0.0', 2: '0.0', 3: '2.212490124287102', 4: 402.13522155768993} 
{0: '0.6436170212765957', 1: '0.0', 2: '0.0', 3: '2.351855716390306', 4: 403.3965754941133} 
{0: '0.6445623342175066', 1: '0.0', 2: '0.0', 3: '2.500000000000003', 4: 388.82717307306814} 
{0: '0.6428571428571429', 1: '0.0', 2: '0.0', 3: '2.500000000000003', 4: 394.2733808353902} 
{0: '0.6437994722955145', 1: '0.0', 2: '0.0', 3: '2.351855716390306', 4: 385.8390362973767} 
{0: '0.6447368421052632', 1: '0.0', 2: '0.0', 3: '2.212490124287102', 4: 395.1186111326855} 
{0: '0.6456692913385826', 1: '0.0', 2: '0.0', 3: '2.081383018504685', 4: 402.1632878116565} 
{0: '0.6465968586387435', 1: '0.0', 2: '0.0', 3: '1.958045020027179', 4: 400.05664168654823} 
{0: '0.6475195822454308', 1: '0.0', 2: '0.0', 3: '1.842015749320195', 4: 393.52681741277706} 
{0: '0.6484375', 1: '0.0', 2: '0.0', 3: '1.7328621078878674', 4: 395.8733736169603} 
{0: '0.6467532467532467', 1: '0.0', 2: '0.0', 3: '1.7328621078878674', 4: 386.7541380284485} 
{0: '0.6476683937823834', 1: '0.0', 2: '0.0', 3: '1.842015749320195', 4: 392.70155480109423} 
{0: '0.648578811369509', 1: '0.0', 2: '0.0', 3: '1.958045020027179', 4: 389.211473118072} 
{0: '0.6494845360824743', 1: '0.0', 2: '0.0', 3: '2.081383018504685', 4: 403.1974986246639} 
{0: '0.6503856041131105', 1: '0.0', 2: '0.0', 3: '2.212490124287102', 4: 392.0898189841742} 
{0: '0.6512820512820513', 1: '0.0', 2: '0.0', 3: '2.351855716390306', 4: 393.9479276113078} 
{0: '0.6521739130434783', 1: '0.0', 2: '0.0', 3: '2.500000000000003', 4: 398.0404331656649} 
{0: '0.6505102040816326', 1: '0.0', 2: '0.0', 3: '2.500000000000003', 4: 389.0935432163171} 
{0: '0.6513994910941476', 1: '0.0', 2: '0.0', 3: '2.351855716390306', 4: 386.6022836265007} 
{0: '0.6522842639593909', 1: '0.0', 2: '0.0', 3: '2.212490124287102', 4: 394.1790909018149} 
{0: '0.6531645569620254', 1: '0.0', 2: '0.0', 3: '2.081383018504685', 4: 395.2948821142337} 
{0: '0.6540404040404041', 1: '0.0', 2: '0.0', 3: '1.958045020027179', 4: 390.41210046301063} 
{0: '0.6523929471032746', 1: '0.0', 2: '0.0', 3: '1.958045020027179', 4: 389.47483689301123} 
{0: '0.6532663316582915', 1: '0.0', 2: '0.0', 3: '2.081383018504685', 4: 393.0412471439206} 
{0: '0.6541353383458647', 1: '0.0', 2: '0.0', 3: '2.212490124287102', 4: 391.94903422270744} 
{0: '0.655', 1: '0.0', 2: '0.0', 3: '2.351855716390306', 4: 396.98741915353423} 
{0: '0.655860349127182', 1: '0.0', 2: '0.0', 3: '2.500000000000003', 4: 421.1557839248864} 
{0: '0.654228855721393', 1: '0.0', 2: '0.0', 3: '2.500000000000003', 4: 390.5439672152929} 
{0: '0.652605459057072', 1: '0.0', 2: '0.0', 3: '2.500000000000003', 4: 390.515347874917} 
{0: '0.650990099009901', 1: '0.0', 2: '0.0', 3: '2.500000000000003', 4: 393.6841664559819} 
{0: '0.6518518518518519', 1: '0.0', 2: '0.0', 3: '2.351855716390306', 4: 394.1219909255127} 
{0: '0.6527093596059114', 1: '0.0', 2: '0.0', 3: '2.212490124287102', 4: 402.5707502725478} 
{0: '0.6511056511056511', 1: '0.0', 2: '0.0', 3: '2.212490124287102', 4: 390.9303342549833} 
{0: '0.6519607843137255', 1: '0.0', 2: '0.0', 3: '2.351855716390306', 4: 392.16270252929445} 
{0: '0.6528117359413202', 1: '0.0', 2: '0.0', 3: '2.500000000000003', 4: 397.7257512880971} 
{0: '0.651219512195122', 1: '0.0', 2: '0.0', 3: '2.500000000000003', 4: 393.7919940568372} 
{0: '0.6520681265206812', 1: '0.0', 2: '0.0', 3: '2.351855716390306', 4: 399.6359920618538} 
{0: '0.6529126213592233', 1: '0.0', 2: '0.0', 3: '2.212490124287102', 4: 401.8389435484877} 
{0: '0.6537530266343826', 1: '0.0', 2: '0.0', 3: '2.081383018504685', 4: 404.23365277688157} 
{0: '0.6545893719806763', 1: '0.0', 2: '0.0', 3: '1.958045020027179', 4: 392.7122060969557} 
{0: '0.653012048192771', 1: '0.0', 2: '0.0', 3: '1.958045020027179', 4: 400.5833114419754} 
{0: '0.6538461538461539', 1: '0.0', 2: '0.0', 3: '2.081383018504685', 4: 403.6072979950436} 
{0: '0.6546762589928058', 1: '0.0', 2: '0.0', 3: '2.212490124287102', 4: 414.481374640218} 
{0: '0.6555023923444976', 1: '0.0', 2: '0.0', 3: '2.351855716390306', 4: 399.9748101289556} 
{0: '0.6563245823389021', 1: '0.0', 2: '0.0', 3: '2.500000000000003', 4: 397.53429049386835} 
{0: '0.6547619047619048', 1: '0.0', 2: '0.0', 3: '2.500000000000003', 4: 397.4786220926163} 
{0: '0.6555819477434679', 1: '0.0', 2: '0.0', 3: '2.351855716390306', 4: 402.007403532109} 
{0: '0.6563981042654028', 1: '0.0', 2: '0.0', 3: '2.212490124287102', 4: 415.40497823354673} 
{0: '0.6548463356973995', 1: '0.0', 2: '0.0', 3: '2.212490124287102', 4: 402.51529059787987} 
{0: '0.6556603773584906', 1: '0.0', 2: '0.0', 3: '2.351855716390306', 4: 407.73821229422555} 
{0: '0.6564705882352941', 1: '0.0', 2: '0.0', 3: '2.500000000000003', 4: 394.6732999822062} 
{0: '0.6549295774647887', 1: '0.0', 2: '0.0', 3: '2.500000000000003', 4: 379.61125929313783} 
{0: '0.6557377049180327', 1: '0.0', 2: '0.0', 3: '2.351855716390306', 4: 401.4589732331652} 
{0: '0.6565420560747663', 1: '0.0', 2: '0.0', 3: '2.212490124287102', 4: 395.48729362530435} 
{0: '0.655011655011655', 1: '0.0', 2: '0.0', 3: '2.212490124287102', 4: 396.9565914264803} 
{0: '0.6558139534883721', 1: '0.0', 2: '0.0', 3: '2.351855716390306', 4: 404.2201774544694} 
{0: '0.6566125290023201', 1: '0.0', 2: '0.0', 3: '2.500000000000003', 4: 393.5930554227419} 
{0: '0.6550925925925926', 1: '0.0', 2: '0.0', 3: '2.500000000000003', 4: 408.73758432000267} 
{0: '0.6535796766743649', 1: '0.0', 2: '0.0', 3: '2.500000000000003', 4: 389.12591460022367} 
{0: '0.652073732718894', 1: '0.0', 2: '0.0', 3: '2.500000000000003', 4: 390.6777631378931} 
{0: '0.6528735632183909', 1: '0.0', 2: '0.0', 3: '2.351855716390306', 4: 396.61846288647774} 
{0: '0.6513761467889908', 1: '0.0', 2: '0.0', 3: '2.351855716390306', 4: 391.08684444895346} 
{0: '0.6498855835240275', 1: '0.0', 2: '0.0', 3: '2.351855716390306', 4: 391.03650968502615} 
{0: '0.6506849315068494', 1: '0.0', 2: '0.0', 3: '2.212490124287102', 4: 402.091467058411} 
{0: '0.6514806378132119', 1: '0.0', 2: '0.0', 3: '2.081383018504685', 4: 426.6535887417439} 
{0: '0.65', 1: '0.0', 2: '0.0', 3: '2.081383018504685', 4: 394.5513712085459} 
{0: '0.6507936507936508', 1: '0.0', 2: '0.0', 3: '2.212490124287102', 4: 391.53107596555753} 
{0: '0.6515837104072398', 1: '0.0', 2: '0.0', 3: '2.351855716390306', 4: 395.95793709092317} 
{0: '0.6523702031602708', 1: '0.0', 2: '0.0', 3: '2.500000000000003', 4: 403.0599595531791} 
{0: '0.6509009009009009', 1: '0.0', 2: '0.0', 3: '2.500000000000003', 4: 388.428773805262} 
{0: '0.651685393258427', 1: '0.0', 2: '0.0', 3: '2.351855716390306', 4: 387.3652662267809} 
{0: '0.6524663677130045', 1: '0.0', 2: '0.0', 3: '2.212490124287102', 4: 393.40380107993616} 
{0: '0.6532438478747203', 1: '0.0', 2: '0.0', 3: '2.081383018504685', 4: 400.41493328991703} 
{0: '0.6517857142857143', 1: '0.0', 2: '0.0', 3: '2.081383018504685', 4: 396.7403598283262} 
{0: '0.6525612472160356', 1: '0.0', 2: '0.0', 3: '2.212490124287102', 4: 399.59790606572295} 
{0: '0.6533333333333333', 1: '0.0', 2: '0.0', 3: '2.351855716390306', 4: 397.2013170982373} 
{0: '0.6541019955654102', 1: '0.0', 2: '0.0', 3: '2.500000000000003', 4: 389.3011911100171} 
{0: '0.6526548672566371', 1: '0.0', 2: '0.0', 3: '2.500000000000003', 4: 396.6610670053541} 
{0: '0.6534216335540839', 1: '0.0', 2: '0.0', 3: '2.351855716390306', 4: 408.2310894688859} 
{0: '0.6519823788546255', 1: '0.0', 2: '0.0', 3: '2.351855716390306', 4: 384.2659982333827} 
{0: '0.6505494505494506', 1: '0.0', 2: '0.0', 3: '2.351855716390306', 4: 381.25883439974154} 
{0: '0.6513157894736842', 1: '0.0', 2: '0.0', 3: '2.212490124287102', 4: 394.0335649317418} 
{0: '0.6520787746170679', 1: '0.0', 2: '0.0', 3: '2.081383018504685', 4: 385.62561763014725} 
{0: '0.6528384279475983', 1: '0.0', 2: '0.0', 3: '1.958045020027179', 4: 385.99493647688627} 
{0: '0.6535947712418301', 1: '0.0', 2: '0.0', 3: '1.842015749320195', 4: 385.2052865310419} 
{0: '0.6521739130434783', 1: '0.0', 2: '0.0', 3: '1.842015749320195', 4: 393.40241136279815} 
{0: '0.6529284164859002', 1: '0.0', 2: '0.0', 3: '1.958045020027179', 4: 394.4037099742156} 
{0: '0.6536796536796536', 1: '0.0', 2: '0.0', 3: '2.081383018504685', 4: 393.5179377942753} 
{0: '0.6544276457883369', 1: '0.0', 2: '0.0', 3: '2.212490124287102', 4: 390.5516598190477} 
{0: '0.6551724137931034', 1: '0.0', 2: '0.0', 3: '2.351855716390306', 4: 400.87510286232487} 
{0: '0.6559139784946236', 1: '0.0', 2: '0.0', 3: '2.500000000000003', 4: 396.5091923031503} 
{0: '0.6545064377682404', 1: '0.0', 2: '0.0', 3: '2.500000000000003', 4: 395.8636189454232} 
{0: '0.6552462526766595', 1: '0.0', 2: '0.0', 3: '2.351855716390306', 4: 384.5184280325223} 
{0: '0.655982905982906', 1: '0.0', 2: '0.0', 3: '2.212490124287102', 4: 405.41906391911147} 
{0: '0.6567164179104478', 1: '0.0', 2: '0.0', 3: '2.081383018504685', 4: 395.4451660954416} 
{0: '0.6574468085106383', 1: '0.0', 2: '0.0', 3: '1.958045020027179', 4: 390.36567434544804} 
{0: '0.6581740976645435', 1: '0.0', 2: '0.0', 3: '1.842015749320195', 4: 391.78334599544337} 
{0: '0.6567796610169492', 1: '0.0', 2: '0.0', 3: '1.842015749320195', 4: 392.82911676904456} 
{0: '0.6575052854122622', 1: '0.0', 2: '0.0', 3: '1.958045020027179', 4: 399.8097843379981} 
{0: '0.6582278481012658', 1: '0.0', 2: '0.0', 3: '2.081383018504685', 4: 397.2605673349132} 
{0: '0.6589473684210526', 1: '0.0', 2: '0.0', 3: '2.212490124287102', 4: 397.6113508326483} 
{0: '0.6596638655462185', 1: '0.0', 2: '0.0', 3: '2.351855716390306', 4: 409.85666776905396} 
{0: '0.660377358490566', 1: '0.0', 2: '0.0', 3: '2.500000000000003', 4: 382.8467444586959} 
{0: '0.6589958158995816', 1: '0.0', 2: '0.0', 3: '2.500000000000003', 4: 404.32466164320766} 
{0: '0.6576200417536534', 1: '0.0', 2: '0.0', 3: '2.500000000000003', 4: 396.3303333172984} 
{0: '0.65625', 1: '0.0', 2: '0.0', 3: '2.500000000000003', 4: 394.91341906878046} 
{0: '0.656964656964657', 1: '0.0', 2: '0.0', 3: '2.351855716390306', 4: 393.81916387288413} 
{0: '0.6576763485477178', 1: '0.0', 2: '0.0', 3: '2.212490124287102', 4: 410.0538032130182} 
{0: '0.6583850931677019', 1: '0.0', 2: '0.0', 3: '2.081383018504685', 4: 406.78406625603134} 
{0: '0.6590909090909091', 1: '0.0', 2: '0.0', 3: '1.958045020027179', 4: 400.77463032706873} 
{0: '0.6597938144329897', 1: '0.0', 2: '0.0', 3: '1.842015749320195', 4: 393.96799818325337} 
{0: '0.6584362139917695', 1: '0.0', 2: '0.0', 3: '1.842015749320195', 4: 389.2613853536938} 
{0: '0.6591375770020534', 1: '0.0', 2: '0.0', 3: '1.958045020027179', 4: 403.3350532505469} 
{0: '0.6598360655737705', 1: '0.0', 2: '0.0', 3: '2.081383018504685', 4: 393.6491935354198} 
{0: '0.6584867075664622', 1: '0.0', 2: '0.0', 3: '2.081383018504685', 4: 390.06484880867004} 
{0: '0.6591836734693878', 1: '0.0', 2: '0.0', 3: '1.958045020027179', 4: 395.35097514488467} 
{0: '0.659877800407332', 1: '0.0', 2: '0.0', 3: '1.842015749320195', 4: 394.51981425036996} 
{0: '0.6605691056910569', 1: '0.0', 2: '0.0', 3: '1.7328621078878674', 4: 393.47823302772724} 
{0: '0.6592292089249493', 1: '0.0', 2: '0.0', 3: '1.7328621078878674', 4: 390.6203679573121} 
{0: '0.659919028340081', 1: '0.0', 2: '0.0', 3: '1.842015749320195', 4: 396.86539082194247} 
{0: '0.6606060606060606', 1: '0.0', 2: '0.0', 3: '1.958045020027179', 4: 390.1760538949493} 
{0: '0.6592741935483871', 1: '0.0', 2: '0.0', 3: '1.958045020027179', 4: 391.8011893850454} 
{0: '0.6599597585513078', 1: '0.0', 2: '0.0', 3: '1.842015749320195', 4: 395.5223695457782} 
{0: '0.6606425702811245', 1: '0.0', 2: '0.0', 3: '1.7328621078878674', 4: 394.3884351743408} 
{0: '0.6613226452905812', 1: '0.0', 2: '0.0', 3: '1.6301766616608926', 4: 392.4980954088555} 
