{'STAT2HEADER': 'STAT2HEADER', 'STAT2HEADER_ENVIRON': 'environ({\'OMPI_MCA_pmix\': \'^s1,s2,cray,isolated\', \'PMIX_MCA_mca_base_component_show_load_errors\': \'1\', \'OMPI_COMMAND\': \'python3\', \'OMPI_ARGV\': \'static_snapshot.py 1 0min\', \'OMPI_MCA_orte_precondition_transports\': \'6eb39773de5013c4-c9c7c96be5f2ab62\', \'LD_LIBRARY_PATH\': \'/salilab/diva1/programs/x86_64linux/numpy-py36-1.19.5/lib:/salilab/diva1/home/libs/x86_64/centos8:/salilab/diva1/home/libs/x86_64:/salilab/diva1/home/imp/main/20240607-af6f9d6a95/lib/release8:/salilab/diva1/programs/x86_64linux/opencv-4.3.0/lib64/rhel:/salilab/diva1/programs/x86_64linux/opencv-4.3.0/lib64:/salilab/diva1/programs/x86_64linux/hdf5-1.10.7/lib:/salilab/diva1/programs/x86_64linux/libtau-py27-1.0.1/lib64:/salilab/diva1/programs/x86_64linux/boost-1.73.0/lib64:/usr/lib64/openmpi/lib:/wynton/group/sali/miha_rozic/Software/imp-develop/build/lib::\', \'IMP_TMP_DIR\': \'/wynton/group/sali/miha_rozic/Software/imp-develop/build/tmp\', \'PE_HOSTFILE\': \'/var/spool/sge/wynton/qb3-id86/active_jobs/707274.1/pe_hostfile\', \'__LMOD_REF_COUNT_PATH\': \'/salilab/diva1/programs/x86_64linux/numpy-py36-1.19.5/bin:1;/salilab/diva1/home/imp/main/20240607-af6f9d6a95/bin/release8:1;/salilab/diva1/programs/x86_64linux/opencv-4.3.0/bin:1;/salilab/diva1/programs/x86_64linux/hdf5-1.10.7/bin:1;/usr/lib64/openmpi/bin:1;/wynton/home/sali/rozicmiha/.local/bin:1;/wynton/home/sali/rozicmiha/bin:1;/wynton/group/sali/miha_rozic/Software/imp-develop/build/bin:1;/wynton/group/sali/miha_rozic/Software/imp-develop/build/module_bin/EMageFit:1;/wynton/group/sali/miha_rozic/Software/imp-develop/build/module_bin/algebra:1;/wynton/group/sali/miha_rozic/Software/imp-develop/build/module_bin/atom:1;/wynton/group/sali/miha_rozic/Software/imp-develop/build/module_bin/benchmark:1;/wynton/group/sali/miha_rozic/Software/imp-develop/build/module_bin/cgal:1;/wynton/group/sali/miha_rozic/Software/imp-develop/build/module_bin/cnmultifit:1;/wynton/group/sali/miha_rozic/Software/imp-develop/build/module_bin/container:1;/wynton/group/sali/miha_rozic/Software/imp-develop/build/module_bin/core:1;/wynton/group/sali/miha_rozic/Software/imp-develop/build/module_bin/display:1;/wynton/group/sali/miha_rozic/Software/imp-develop/build/module_bin/domino:1;/wynton/group/sali/miha_rozic/Software/imp-develop/build/module_bin/em:1;/wynton/group/sali/miha_rozic/Software/imp-develop/build/module_bin/em2d:1;/wynton/group/sali/miha_rozic/Software/imp-develop/build/module_bin/example:1;/wynton/group/sali/miha_rozic/Software/imp-develop/build/module_bin/foxs:1;/wynton/group/sali/miha_rozic/Software/imp-develop/build/module_bin/gsl:1;/wynton/group/sali/miha_rozic/Software/imp-develop/build/module_bin/integrative_docking:1;/wynton/group/sali/miha_rozic/Software/imp-develop/build/module_bin/isd:1;/wynton/group/sali/miha_rozic/Software/imp-develop/build/module_bin/kernel:1;/wynton/group/sali/miha_rozic/Software/imp-develop/build/module_bin/kinematics:1;/wynton/group/sali/miha_rozic/Software/imp-develop/build/module_bin/kmeans:1;/wynton/group/sali/miha_rozic/Software/imp-develop/build/module_bin/misc:1;/wynton/group/sali/miha_rozic/Software/imp-develop/build/module_bin/mmcif:1;/wynton/group/sali/miha_rozic/Software/imp-develop/build/module_bin/modeller:1;/wynton/group/sali/miha_rozic/Software/imp-develop/build/module_bin/mpi:1;/wynton/group/sali/miha_rozic/Software/imp-develop/build/module_bin/multi_state:1;/wynton/group/sali/miha_rozic/Software/imp-develop/build/module_bin/multifit:1;/wynton/group/sali/miha_rozic/Software/imp-develop/build/module_bin/npc:1;/wynton/group/sali/miha_rozic/Software/imp-develop/build/module_bin/npcassembly:1;/wynton/group/sali/miha_rozic/Software/imp-develop/build/module_bin/parallel:1;/wynton/group/sali/miha_rozic/Software/imp-develop/build/module_bin/pepdock:1;/wynton/group/sali/miha_rozic/Software/imp-develop/build/module_bin/pmi:1;/wynton/group/sali/miha_rozic/Software/imp-develop/build/module_bin/rmf:1;/wynton/group/sali/miha_rozic/Software/imp-develop/build/module_bin/rotamer:1;/wynton/group/sali/miha_rozic/Software/imp-develop/build/module_bin/saxs:1;/wynton/group/sali/miha_rozic/Software/imp-develop/build/module_bin/saxs_merge:1;/wynton/group/sali/miha_rozic/Software/imp-develop/build/module_bin/score_functor:1;/wynton/group/sali/miha_rozic/Software/imp-develop/build/module_bin/scratch:1;/wynton/group/sali/miha_rozic/Software/imp-develop/build/module_bin/spb:1;/wynton/group/sali/miha_rozic/Software/imp-develop/build/module_bin/statistics:1;/wynton/group/sali/miha_rozic/Software/imp-develop/build/module_bin/symmetry:1;/wynton/group/sali/miha_rozic/Software/imp-develop/build/module_bin/test:1;/opt/sge/bin:1;/opt/sge/bin/lx-amd64:1;/scratch/707274.1.long.q:1;/usr/local/bin:1;/bin:1;/usr/bin:1;/usr/local/sbin:1;/usr/sbin:1\', \'_ModuleTable002_\': \'fSwKc3RhY2tEZXB0aCA9IDEsCnN0YXR1cyA9ICJhY3RpdmUiLAp1c2VyTmFtZSA9ICJib29zdC8xLjczLjAiLAp3ViA9ICIwMDAwMDAwMDEuMDAwMDAwMDczLip6ZmluYWwiLAp9LApoZGY1ID0gewpmbiA9ICIvc2FsaWxhYi9kaXZhMS9ob21lL21vZHVsZXMvaGRmNS8xLjEwLjciLApmdWxsTmFtZSA9ICJoZGY1LzEuMTAuNyIsCmxvYWRPcmRlciA9IDUsCnByb3BUID0ge30sCnN0YWNrRGVwdGggPSAyLApzdGF0dXMgPSAiYWN0aXZlIiwKdXNlck5hbWUgPSAiaGRmNS8xLjEwLjciLAp3ViA9ICIwMDAwMDAwMDEuMDAwMDAwMDEwLjAwMDAwMDAwNy4qemZpbmFsIiwKfSwKaW1wID0gewpmbiA9ICIvc2FsaWxhYi9kaXZhMS9ob21lL21vZHVsZXMvaW1wLzIuMjEuMCIsCmZ1bGxO\', \'IMP_DIR\': \'/salilab/diva1/home/imp/main/20240607-af6f9d6a95/lib/release8/cmake/IMP\', \'QUEUE\': \'long.q\', \'GOTO_NUM_THREADS\': \'1\', \'MPI_PYTHON3_SITEARCH\': \'/usr/lib64/python3.6/site-packages/openmpi\', \'LANG\': \'en_US.UTF-8\', \'HISTCONTROL\': \'ignoredups\', \'_ModuleTable008_\': \'cyIsCmZ1bGxOYW1lID0gInNhbGktbGlicmFyaWVzIiwKbG9hZE9yZGVyID0gOCwKcHJvcFQgPSB7fSwKc3RhY2tEZXB0aCA9IDEsCnN0YXR1cyA9ICJhY3RpdmUiLAp1c2VyTmFtZSA9ICJzYWxpLWxpYnJhcmllcyIsCndWID0gIk0uKnpmaW5hbCIsCn0sCn0sCm1wYXRoQSA9IHsKIi9zYWxpbGFiL2RpdmExL2hvbWUvbW9kdWxlcyIsICIvZXRjL21vZHVsZWZpbGVzIiwgIi91c3Ivc2hhcmUvbW9kdWxlZmlsZXMiCiwgIi91c3Ivc2hhcmUvbW9kdWxlZmlsZXMvTGludXgiLCAiL3Vzci9zaGFyZS9tb2R1bGVmaWxlcy9Db3JlIiwgIi91c3Ivc2hhcmUvbG1vZC9sbW9kL21vZHVsZWZpbGVzL0NvcmUiLAp9LApzeXN0ZW1CYXNlTVBBVEggPSAiL2V0Yy9tb2R1bGVmaWxlczovdXNy\', \'SGE_O_HOST\': \'dev1\', \'HOSTNAME\': \'qb3-id86.wynton.ucsf.edu\', \'OPENBLAS_NUM_THREADS\': \'1\', \'__LMOD_REF_COUNT_CMAKE_INCLUDE_PATH\': \'/salilab/diva1/programs/x86_64linux/opencv-4.3.0/include/opencv4:1;/salilab/diva1/programs/x86_64linux/hdf5-1.10.7/include:1;/salilab/diva1/programs/x86_64linux/libtau-py27-1.0.1/include:1;/salilab/diva1/programs/x86_64linux/boost-1.73.0/include:1\', \'SGE_RSH_COMMAND\': \'builtin\', \'ENVIRONMENT\': \'BATCH\', \'IMP_DATA\': \'/wynton/group/sali/miha_rozic/Software/imp-develop/build/data\', \'REQUEST\': \'test1\', \'SGE_STDIN_PATH\': \'/dev/null\', \'SGE_CELL\': \'wynton\', \'_ModuleTable007_\': \'MjEuMyIsCndWID0gIjAwMDAwMDAwMC4wMDAwMDAwMjEuMDAwMDAwMDAzLip6ZmluYWwiLAp9LApbInB5dGhvbjMvc2NpcHkiXSA9IHsKZm4gPSAiL3NhbGlsYWIvZGl2YTEvaG9tZS9tb2R1bGVzL3B5dGhvbjMvc2NpcHkvMS4zLjIiLApmdWxsTmFtZSA9ICJweXRob24zL3NjaXB5LzEuMy4yIiwKbG9hZE9yZGVyID0gMTAsCnByb3BUID0ge30sCnN0YWNrRGVwdGggPSAxLApzdGF0dXMgPSAiYWN0aXZlIiwKdXNlck5hbWUgPSAicHl0aG9uMy9zY2lweS8xLjMuMiIsCndWID0gIjAwMDAwMDAwMS4wMDAwMDAwMDMuMDAwMDAwMDAyLip6ZmluYWwiLAp9LApbInNhbGktbGlicmFyaWVzIl0gPSB7CmZuID0gIi9zYWxpbGFiL2RpdmExL2hvbWUvbW9kdWxlcy9zYWxpLWxpYnJhcmll\', \'CMAKE_INCLUDE_PATH\': \'/salilab/diva1/programs/x86_64linux/opencv-4.3.0/include/opencv4:/salilab/diva1/programs/x86_64linux/hdf5-1.10.7/include:/salilab/diva1/programs/x86_64linux/libtau-py27-1.0.1/include:/salilab/diva1/programs/x86_64linux/boost-1.73.0/include\', \'__LMOD_REF_COUNT_LD_LIBRARY_PATH\': \'/salilab/diva1/programs/x86_64linux/numpy-py36-1.19.5/lib:1;/salilab/diva1/home/libs/x86_64/centos8:1;/salilab/diva1/home/libs/x86_64:1;/salilab/diva1/home/imp/main/20240607-af6f9d6a95/lib/release8:1;/salilab/diva1/programs/x86_64linux/opencv-4.3.0/lib64/rhel:1;/salilab/diva1/programs/x86_64linux/opencv-4.3.0/lib64:1;/salilab/diva1/programs/x86_64linux/hdf5-1.10.7/lib:1;/salilab/diva1/programs/x86_64linux/libtau-py27-1.0.1/lib64:1;/salilab/diva1/programs/x86_64linux/boost-1.73.0/lib64:1;/usr/lib64/openmpi/lib:1;/wynton/group/sali/miha_rozic/Software/imp-develop/build/lib:2;:1\', \'__LMOD_REF_COUNT_PKG_CONFIG_PATH\': \'/usr/lib64/openmpi/lib/pkgconfig:1\', \'_ModuleTable004_\': \'aGFyZS9tb2R1bGVmaWxlcy9tcGkvb3Blbm1waS14ODZfNjQiLApmdWxsTmFtZSA9ICJtcGkvb3Blbm1waS14ODZfNjQiLApsb2FkT3JkZXIgPSAyLApwcm9wVCA9IHt9LApzdGFja0RlcHRoID0gMCwKc3RhdHVzID0gImFjdGl2ZSIsCnVzZXJOYW1lID0gIm1waS9vcGVubXBpLXg4Nl82NCIsCndWID0gIipvcGVubXBpLip4LjAwMDAwMDA4Ni4qXy4wMDAwMDAwNjQuKnpmaW5hbCIsCn0sCm9wZW5jdiA9IHsKZm4gPSAiL3NhbGlsYWIvZGl2YTEvaG9tZS9tb2R1bGVzL29wZW5jdi80LjMuMCIsCmZ1bGxOYW1lID0gIm9wZW5jdi80LjMuMCIsCmxvYWRPcmRlciA9IDYsCnByb3BUID0ge30sCnN0YWNrRGVwdGggPSAxLApzdGF0dXMgPSAiYWN0aXZlIiwKdXNlck5hbWUgPSAib3Bl\', \'__LMOD_REF_COUNT_PYTHONPATH\': \'/salilab/diva1/programs/x86_64linux/scikit-py36-0.21.3/lib64/python3.6/site-packages:1;/salilab/diva1/programs/linux/joblib-0.17.0/lib/python3.6/site-packages:1;/salilab/diva1/programs/x86_64linux/scipy-py36-1.3.2/lib64/python3.6/site-packages:1;/salilab/diva1/programs/x86_64linux/numpy-py36-1.19.5/lib64/python3.6/site-packages:1;/salilab/diva1/home/imp/main/20240607-af6f9d6a95/lib/release8:1;/salilab/diva1/programs/x86_64linux/opencv-4.3.0/lib/python3.6/site-packages:1;/wynton/group/sali/miha_rozic/Software/imp-develop/build/lib:2;:1\', \'which_declare\': \'declare -f\', \'NHOSTS\': \'1\', \'SGE_O_WORKDIR\': \'/wynton/group/sali/miha_rozic/Input_information/SNAPSHOTS/central_directory/snapshot1_0min/run43\', \'USER\': \'rozicmiha\', \'SGE_TASK_ID\': \'undefined\', \'__LMOD_REF_COUNT_CMAKE_LIBRARY_PATH\': \'/salilab/diva1/programs/x86_64linux/opencv-4.3.0/lib64:1;/salilab/diva1/programs/x86_64linux/hdf5-1.10.7/lib:1;/salilab/diva1/programs/x86_64linux/libtau-py27-1.0.1/lib64:1;/salilab/diva1/programs/x86_64linux/boost-1.73.0/lib64:1\', \'SGE_TASK_FIRST\': \'undefined\', \'NSLOTS\': \'16\', \'__LMOD_REF_COUNT_MODULEPATH\': \'/salilab/diva1/home/modules:1;/etc/modulefiles:1;/usr/share/modulefiles:1;/usr/share/modulefiles/Linux:1;/usr/share/modulefiles/Core:1;/usr/share/lmod/lmod/modulefiles/Core:1\', \'PWD\': \'/wynton/group/sali/miha_rozic/Input_information/SNAPSHOTS/central_directory/snapshot1_0min/run43\', \'HOME\': \'/wynton/home/sali/rozicmiha\', \'NQUEUES\': \'2\', \'TMP\': \'/scratch/707274.1.long.q\', \'PE\': \'smp\', \'SGE_O_HOME\': \'/wynton/home/sali/rozicmiha\', \'LMOD_VERSION\': \'8.7.32\', \'JOB_NAME\': \'test1\', \'BASH_ENV\': \'/usr/share/lmod/lmod/init/bash\', \'MPI_FORTRAN_MOD_DIR\': \'/usr/lib64/gfortran/modules/openmpi\', \'SGE_TASK_LAST\': \'undefined\', \'MKL_NUM_THREADS\': \'1\', \'MPI_COMPILER\': \'openmpi-x86_64\', \'SGE_ACCOUNT\': \'sge\', \'SGE_ROOT\': \'/opt/sge\', \'MPI_SUFFIX\': \'_openmpi\', \'TMPDIR\': \'/scratch/707274.1.long.q\', \'RESTARTED\': \'0\', \'LMOD_sys\': \'Linux\', \'_ModuleTable001_\': \'X01vZHVsZVRhYmxlXyA9IHsKTVR2ZXJzaW9uID0gMywKY19yZWJ1aWxkVGltZSA9IGZhbHNlLApjX3Nob3J0VGltZSA9IGZhbHNlLApkZXB0aFQgPSB7fSwKZmFtaWx5ID0ge30sCm1UID0gewpTYWxpID0gewpmbiA9ICIvZXRjL21vZHVsZWZpbGVzL1NhbGkubHVhIiwKZnVsbE5hbWUgPSAiU2FsaSIsCmxvYWRPcmRlciA9IDEsCnByb3BUID0ge30sCnN0YWNrRGVwdGggPSAwLApzdGF0dXMgPSAiYWN0aXZlIiwKdXNlck5hbWUgPSAiU2FsaSIsCndWID0gIk0uKnpmaW5hbCIsCn0sCmJvb3N0ID0gewpmbiA9ICIvc2FsaWxhYi9kaXZhMS9ob21lL21vZHVsZXMvYm9vc3QvMS43My4wIiwKZnVsbE5hbWUgPSAiYm9vc3QvMS43My4wIiwKbG9hZE9yZGVyID0gMywKcHJvcFQgPSB7\', \'LOADEDMODULES\': \'Sali:mpi/openmpi-x86_64:boost/1.73.0:libtau/1.0.1:hdf5/1.10.7:opencv/4.3.0:imp/2.21.0:sali-libraries:python3/numpy/1.19.5:python3/scipy/1.3.2:python3/joblib/0.17.0:python3/scikit/0.21.3\', \'SGE_O_PATH\': \'/salilab/diva1/programs/x86_64linux/numpy-py36-1.19.5/bin:/salilab/diva1/home/imp/main/20240607-af6f9d6a95/bin/release8:/salilab/diva1/programs/x86_64linux/opencv-4.3.0/bin:/salilab/diva1/programs/x86_64linux/hdf5-1.10.7/bin:/wynton/home/sali/rozicmiha/.local/bin:/wynton/home/sali/rozicmiha/bin:/wynton/group/sali/miha_rozic/Software/imp-develop/build/bin:/wynton/group/sali/miha_rozic/Software/imp-develop/build/module_bin/EMageFit:/wynton/group/sali/miha_rozic/Software/imp-develop/build/module_bin/algebra:/wynton/group/sali/miha_rozic/Software/imp-develop/build/module_bin/atom:/wynton/group/sali/miha_rozic/Software/imp-develop/build/module_bin/benchmark:/wynton/group/sali/miha_rozic/Software/imp-develop/build/module_bin/cgal:/wynton/group/sali/miha_rozic/Software/imp-develop/build/module_bin/cnmultifit:/wynton/group/sali/miha_rozic/Software/imp-develop/build/module_bin/container:/wynton/group/sali/miha_rozic/Software/imp-develop/build/module_bin/core:/wynton/group/sali/miha_rozic/Software/imp-develop/build/module_bin/display:/wynton/group/sali/miha_rozic/Software/imp-develop/build/module_bin/domino:/wynton/group/sali/miha_rozic/Software/imp-develop/build/module_bin/em:/wynton/group/sali/miha_rozic/Software/imp-develop/build/module_bin/em2d:/wynton/group/sali/miha_rozic/Software/imp-develop/build/module_bin/example:/wynton/group/sali/miha_rozic/Software/imp-develop/build/module_bin/foxs:/wynton/group/sali/miha_rozic/Software/imp-develop/build/module_bin/gsl:/wynton/group/sali/miha_rozic/Software/imp-develop/build/module_bin/integrative_docking:/wynton/group/sali/miha_rozic/Software/imp-develop/build/module_bin/isd:/wynton/group/sali/miha_rozic/Software/imp-develop/build/module_bin/kernel:/wynton/group/sali/miha_rozic/Software/imp-develop/build/module_bin/kinematics:/wynton/group/sali/miha_rozic/Software/imp-develop/build/module_bin/kmeans:/wynton/group/sali/miha_rozic/Software/imp-develop/build/module_bin/misc:/wynton/group/sali/miha_rozic/Software/imp-develop/build/module_bin/mmcif:/wynton/group/sali/miha_rozic/Software/imp-develop/build/module_bin/modeller:/wynton/group/sali/miha_rozic/Software/imp-develop/build/module_bin/mpi:/wynton/group/sali/miha_rozic/Software/imp-develop/build/module_bin/multi_state:/wynton/group/sali/miha_rozic/Software/imp-develop/build/module_bin/multifit:/wynton/group/sali/miha_rozic/Software/imp-develop/build/module_bin/npc:/wynton/group/sali/miha_rozic/Software/imp-develop/build/module_bin/npcassembly:/wynton/group/sali/miha_rozic/Software/imp-develop/build/module_bin/parallel:/wynton/group/sali/miha_rozic/Software/imp-develop/build/module_bin/pepdock:/wynton/group/sali/miha_rozic/Software/imp-develop/build/module_bin/pmi:/wynton/group/sali/miha_rozic/Software/imp-develop/build/module_bin/rmf:/wynton/group/sali/miha_rozic/Software/imp-develop/build/module_bin/rotamer:/wynton/group/sali/miha_rozic/Software/imp-develop/build/module_bin/saxs:/wynton/group/sali/miha_rozic/Software/imp-develop/build/module_bin/saxs_merge:/wynton/group/sali/miha_rozic/Software/imp-develop/build/module_bin/score_functor:/wynton/group/sali/miha_rozic/Software/imp-develop/build/module_bin/scratch:/wynton/group/sali/miha_rozic/Software/imp-develop/build/module_bin/spb:/wynton/group/sali/miha_rozic/Software/imp-develop/build/module_bin/statistics:/wynton/group/sali/miha_rozic/Software/imp-develop/build/module_bin/symmetry:/wynton/group/sali/miha_rozic/Software/imp-develop/build/module_bin/test:/opt/sge/bin:/opt/sge/bin/lx-amd64:/usr/local/bin:/usr/bin:/usr/local/sbin:/usr/sbin\', \'SGE_O_SHELL\': \'/bin/bash\', \'_ModuleTable006_\': \'bWUgPSAicHl0aG9uMy9udW1weS8xLjE5LjUiLApsb2FkT3JkZXIgPSA5LApwcm9wVCA9IHt9LApzdGFja0RlcHRoID0gMiwKc3RhdHVzID0gImFjdGl2ZSIsCnVzZXJOYW1lID0gInB5dGhvbjMvbnVtcHkvMS4xOS41IiwKd1YgPSAiMDAwMDAwMDAxLjAwMDAwMDAxOS4wMDAwMDAwMDUuKnpmaW5hbCIsCn0sClsicHl0aG9uMy9zY2lraXQiXSA9IHsKZm4gPSAiL3NhbGlsYWIvZGl2YTEvaG9tZS9tb2R1bGVzL3B5dGhvbjMvc2Npa2l0LzAuMjEuMyIsCmZ1bGxOYW1lID0gInB5dGhvbjMvc2Npa2l0LzAuMjEuMyIsCmxvYWRPcmRlciA9IDEyLApwcm9wVCA9IHt9LApzdGFja0RlcHRoID0gMCwKc3RhdHVzID0gImFjdGl2ZSIsCnVzZXJOYW1lID0gInB5dGhvbjMvc2Npa2l0LzAu\', \'__LMOD_REF_COUNT_MANPATH\': \':2;/usr/share/man/openmpi-x86_64:1;/opt/sge/man:1;/usr/share/lmod/lmod/share/man:1\', \'MPI_INCLUDE\': \'/usr/include/openmpi-x86_64\', \'_ModuleTable003_\': \'YW1lID0gImltcC8yLjIxLjAiLApsb2FkT3JkZXIgPSA3LApwcm9wVCA9IHt9LApzdGFja0RlcHRoID0gMCwKc3RhdHVzID0gImFjdGl2ZSIsCnVzZXJOYW1lID0gImltcCIsCndWID0gIl4wMDAwMDAwMi4wMDAwMDAwMjEuKnpmaW5hbCIsCn0sCmxpYnRhdSA9IHsKZm4gPSAiL3NhbGlsYWIvZGl2YTEvaG9tZS9tb2R1bGVzL2xpYnRhdS8xLjAuMSIsCmZ1bGxOYW1lID0gImxpYnRhdS8xLjAuMSIsCmxvYWRPcmRlciA9IDQsCnByb3BUID0ge30sCnN0YWNrRGVwdGggPSAxLApzdGF0dXMgPSAiYWN0aXZlIiwKdXNlck5hbWUgPSAibGlidGF1LzEuMC4xIiwKd1YgPSAiMDAwMDAwMDAxLjAwMDAwMDAwMC4wMDAwMDAwMDEuKnpmaW5hbCIsCn0sCm1waSA9IHsKZm4gPSAiL3Vzci9z\', \'LMOD_ROOT\': \'/usr/share/lmod\', \'SYSTEMCTL_SKIP_REDIRECT\': \'\', \'MAIL\': \'/var/spool/mail/rozicmiha\', \'SGE_CWD_PATH\': \'/wynton/group/sali/miha_rozic/Input_information/SNAPSHOTS/central_directory/snapshot1_0min/run43\', \'MPI_HOME\': \'/usr/lib64/openmpi\', \'_ModuleTable009_\': \'L3NoYXJlL21vZHVsZWZpbGVzOi91c3Ivc2hhcmUvbW9kdWxlZmlsZXMvTGludXg6L3Vzci9zaGFyZS9tb2R1bGVmaWxlcy9Db3JlOi91c3Ivc2hhcmUvbG1vZC9sbW9kL21vZHVsZWZpbGVzL0NvcmUiLAp9Cg==\', \'SGE_TASK_STEPSIZE\': \'undefined\', \'SHELL\': \'/bin/bash\', \'TERM\': \'\', \'_ModuleTable_Sz_\': \'9\', \'SGE_JOB_SPOOL_DIR\': \'/var/spool/sge/wynton/qb3-id86/active_jobs/707274.1\', \'JOB_ID\': \'707274\', \'IMP_EXAMPLE_DATA\': \'/wynton/group/sali/miha_rozic/Software/imp-develop/build/doc/examples\', \'R_FUTURE_AVAILABLECORES_FALLBACK\': \'1\', \'JOB_SCRIPT\': \'/var/spool/sge/wynton/qb3-id86/job_scripts/707274\', \'SHLVL\': \'2\', \'SGE_O_LOGNAME\': \'rozicmiha\', \'SGE_O_MAIL\': \'/var/spool/mail/rozicmiha\', \'PYTHONPATH\': \'/salilab/diva1/programs/x86_64linux/scikit-py36-0.21.3/lib64/python3.6/site-packages:/salilab/diva1/programs/linux/joblib-0.17.0/lib/python3.6/site-packages:/salilab/diva1/programs/x86_64linux/scipy-py36-1.3.2/lib64/python3.6/site-packages:/salilab/diva1/programs/x86_64linux/numpy-py36-1.19.5/lib64/python3.6/site-packages:/salilab/diva1/home/imp/main/20240607-af6f9d6a95/lib/release8:/salilab/diva1/programs/x86_64linux/opencv-4.3.0/lib/python3.6/site-packages:/wynton/group/sali/miha_rozic/Software/imp-develop/build/lib::\', \'MANPATH\': \':/usr/share/man/openmpi-x86_64:/opt/sge/man:/usr/share/lmod/lmod/share/man\', \'MODULEPATH\': \'/salilab/diva1/home/modules:/etc/modulefiles:/usr/share/modulefiles:/usr/share/modulefiles/Linux:/usr/share/modulefiles/Core:/usr/share/lmod/lmod/modulefiles/Core\', \'MPI_SYSCONFIG\': \'/etc/openmpi-x86_64\', \'LOGNAME\': \'rozicmiha\', \'SYSTEMCTL_IGNORE_DEPENDENCIES\': \'\', \'MODULEPATH_ROOT\': \'/usr/share/modulefiles\', \'PATH\': \'/salilab/diva1/programs/x86_64linux/numpy-py36-1.19.5/bin:/salilab/diva1/home/imp/main/20240607-af6f9d6a95/bin/release8:/salilab/diva1/programs/x86_64linux/opencv-4.3.0/bin:/salilab/diva1/programs/x86_64linux/hdf5-1.10.7/bin:/usr/lib64/openmpi/bin:/wynton/home/sali/rozicmiha/.local/bin:/wynton/home/sali/rozicmiha/bin:/wynton/group/sali/miha_rozic/Software/imp-develop/build/bin:/wynton/group/sali/miha_rozic/Software/imp-develop/build/module_bin/EMageFit:/wynton/group/sali/miha_rozic/Software/imp-develop/build/module_bin/algebra:/wynton/group/sali/miha_rozic/Software/imp-develop/build/module_bin/atom:/wynton/group/sali/miha_rozic/Software/imp-develop/build/module_bin/benchmark:/wynton/group/sali/miha_rozic/Software/imp-develop/build/module_bin/cgal:/wynton/group/sali/miha_rozic/Software/imp-develop/build/module_bin/cnmultifit:/wynton/group/sali/miha_rozic/Software/imp-develop/build/module_bin/container:/wynton/group/sali/miha_rozic/Software/imp-develop/build/module_bin/core:/wynton/group/sali/miha_rozic/Software/imp-develop/build/module_bin/display:/wynton/group/sali/miha_rozic/Software/imp-develop/build/module_bin/domino:/wynton/group/sali/miha_rozic/Software/imp-develop/build/module_bin/em:/wynton/group/sali/miha_rozic/Software/imp-develop/build/module_bin/em2d:/wynton/group/sali/miha_rozic/Software/imp-develop/build/module_bin/example:/wynton/group/sali/miha_rozic/Software/imp-develop/build/module_bin/foxs:/wynton/group/sali/miha_rozic/Software/imp-develop/build/module_bin/gsl:/wynton/group/sali/miha_rozic/Software/imp-develop/build/module_bin/integrative_docking:/wynton/group/sali/miha_rozic/Software/imp-develop/build/module_bin/isd:/wynton/group/sali/miha_rozic/Software/imp-develop/build/module_bin/kernel:/wynton/group/sali/miha_rozic/Software/imp-develop/build/module_bin/kinematics:/wynton/group/sali/miha_rozic/Software/imp-develop/build/module_bin/kmeans:/wynton/group/sali/miha_rozic/Software/imp-develop/build/module_bin/misc:/wynton/group/sali/miha_rozic/Software/imp-develop/build/module_bin/mmcif:/wynton/group/sali/miha_rozic/Software/imp-develop/build/module_bin/modeller:/wynton/group/sali/miha_rozic/Software/imp-develop/build/module_bin/mpi:/wynton/group/sali/miha_rozic/Software/imp-develop/build/module_bin/multi_state:/wynton/group/sali/miha_rozic/Software/imp-develop/build/module_bin/multifit:/wynton/group/sali/miha_rozic/Software/imp-develop/build/module_bin/npc:/wynton/group/sali/miha_rozic/Software/imp-develop/build/module_bin/npcassembly:/wynton/group/sali/miha_rozic/Software/imp-develop/build/module_bin/parallel:/wynton/group/sali/miha_rozic/Software/imp-develop/build/module_bin/pepdock:/wynton/group/sali/miha_rozic/Software/imp-develop/build/module_bin/pmi:/wynton/group/sali/miha_rozic/Software/imp-develop/build/module_bin/rmf:/wynton/group/sali/miha_rozic/Software/imp-develop/build/module_bin/rotamer:/wynton/group/sali/miha_rozic/Software/imp-develop/build/module_bin/saxs:/wynton/group/sali/miha_rozic/Software/imp-develop/build/module_bin/saxs_merge:/wynton/group/sali/miha_rozic/Software/imp-develop/build/module_bin/score_functor:/wynton/group/sali/miha_rozic/Software/imp-develop/build/module_bin/scratch:/wynton/group/sali/miha_rozic/Software/imp-develop/build/module_bin/spb:/wynton/group/sali/miha_rozic/Software/imp-develop/build/module_bin/statistics:/wynton/group/sali/miha_rozic/Software/imp-develop/build/module_bin/symmetry:/wynton/group/sali/miha_rozic/Software/imp-develop/build/module_bin/test:/opt/sge/bin:/opt/sge/bin/lx-amd64:/scratch/707274.1.long.q:/usr/local/bin:/bin:/usr/bin:/usr/local/sbin:/usr/sbin\', \'MPI_BIN\': \'/usr/lib64/openmpi/bin\', \'SGE_STDERR_PATH\': \'/wynton/group/sali/miha_rozic/Input_information/SNAPSHOTS/central_directory/snapshot1_0min/run43/test1.o707274\', \'_LMFILES_\': \'/etc/modulefiles/Sali.lua:/usr/share/modulefiles/mpi/openmpi-x86_64:/salilab/diva1/home/modules/boost/1.73.0:/salilab/diva1/home/modules/libtau/1.0.1:/salilab/diva1/home/modules/hdf5/1.10.7:/salilab/diva1/home/modules/opencv/4.3.0:/salilab/diva1/home/modules/imp/2.21.0:/salilab/diva1/home/modules/sali-libraries:/salilab/diva1/home/modules/python3/numpy/1.19.5:/salilab/diva1/home/modules/python3/scipy/1.3.2:/salilab/diva1/home/modules/python3/joblib/0.17.0:/salilab/diva1/home/modules/python3/scikit/0.21.3\', \'DEBUGINFOD_URLS\': \'https://debuginfod.centos.org/ \', \'MODULESHOME\': \'/usr/share/lmod/lmod\', \'PKG_CONFIG_PATH\': \'/usr/lib64/openmpi/lib/pkgconfig\', \'LMOD_SETTARG_FULL_SUPPORT\': \'no\', \'HISTSIZE\': \'1000\', \'SGE_ARCH\': \'lx-amd64\', \'LMOD_PKG\': \'/usr/share/lmod/lmod\', \'CMAKE_LIBRARY_PATH\': \'/salilab/diva1/programs/x86_64linux/opencv-4.3.0/lib64:/salilab/diva1/programs/x86_64linux/hdf5-1.10.7/lib:/salilab/diva1/programs/x86_64linux/libtau-py27-1.0.1/lib64:/salilab/diva1/programs/x86_64linux/boost-1.73.0/lib64\', \'ARC\': \'lx-amd64\', \'MPI_LIB\': \'/usr/lib64/openmpi/lib\', \'SGE_BINARY_PATH\': \'/opt/sge/bin/lx-amd64\', \'SGE_STDOUT_PATH\': \'/wynton/group/sali/miha_rozic/Input_information/SNAPSHOTS/central_directory/snapshot1_0min/run43/test1.o707274\', \'_ModuleTable005_\': \'bmN2LzQuMy4wIiwKd1YgPSAiMDAwMDAwMDA0LjAwMDAwMDAwMy4qemZpbmFsIiwKfSwKWyJweXRob24zL2pvYmxpYiJdID0gewpmbiA9ICIvc2FsaWxhYi9kaXZhMS9ob21lL21vZHVsZXMvcHl0aG9uMy9qb2JsaWIvMC4xNy4wIiwKZnVsbE5hbWUgPSAicHl0aG9uMy9qb2JsaWIvMC4xNy4wIiwKbG9hZE9yZGVyID0gMTEsCnByb3BUID0ge30sCnN0YWNrRGVwdGggPSAxLApzdGF0dXMgPSAiYWN0aXZlIiwKdXNlck5hbWUgPSAicHl0aG9uMy9qb2JsaWIiLAp3ViA9ICIwMDAwMDAwMDAuMDAwMDAwMDE3Lip6ZmluYWwiLAp9LApbInB5dGhvbjMvbnVtcHkiXSA9IHsKZm4gPSAiL3NhbGlsYWIvZGl2YTEvaG9tZS9tb2R1bGVzL3B5dGhvbjMvbnVtcHkvMS4xOS41IiwKZnVsbE5h\', \'LMOD_CMD\': \'/usr/share/lmod/lmod/libexec/lmod\', \'REQNAME\': \'test1\', \'IMP_BIN_DIR\': \'/wynton/group/sali/miha_rozic/Software/imp-develop/build/bin\', \'MPI_MAN\': \'/usr/share/man/openmpi-x86_64\', \'LESSOPEN\': \'||/usr/bin/lesspipe.sh %s\', \'OMP_NUM_THREADS\': \'1\', \'SGE_CLUSTER_NAME\': \'wynton_cluster\', \'LMOD_DIR\': \'/usr/share/lmod/lmod/libexec\', \'BASH_FUNC_which%%\': \'() {  ( alias;\\n eval ${which_declare} ) | /usr/bin/which --tty-only --read-alias --read-functions --show-tilde --show-dot $@\\n}\', \'BASH_FUNC_module%%\': \'() {  if [ -z "${LMOD_SH_DBG_ON+x}" ]; then\\n case "$-" in \\n *v*x*)\\n __lmod_sh_dbg=\\\'vx\\\'\\n ;;\\n *v*)\\n __lmod_sh_dbg=\\\'v\\\'\\n ;;\\n *x*)\\n __lmod_sh_dbg=\\\'x\\\'\\n ;;\\n esac;\\n fi;\\n if [ -n "${__lmod_sh_dbg:-}" ]; then\\n set +$__lmod_sh_dbg;\\n echo "Shell debugging temporarily silenced: export LMOD_SH_DBG_ON=1 for Lmod\\\'s output" 1>&2;\\n fi;\\n eval "$($LMOD_CMD shell "$@")" && eval "$(${LMOD_SETTARG_CMD:-:} -s sh)";\\n __lmod_my_status=$?;\\n if [ -n "${__lmod_sh_dbg:-}" ]; then\\n echo "Shell debugging restarted" 1>&2;\\n set -$__lmod_sh_dbg;\\n fi;\\n unset __lmod_sh_dbg;\\n return $__lmod_my_status\\n}\', \'BASH_FUNC_ml%%\': \'() {  eval "$($LMOD_DIR/ml_cmd "$@")"\\n}\', \'_\': \'/usr/lib64/openmpi/bin/mpirun\', \'IPATH_NO_BACKTRACE\': \'1\', \'HFI_NO_BACKTRACE\': \'1\', \'OMPI_MCA_orte_local_daemon_uri\': \'1153957888.0;tcp://172.26.38.86:44023\', \'OMPI_MCA_orte_hnp_uri\': \'1153957888.0;tcp://172.26.38.86:44023\', \'OMPI_MCA_mpi_oversubscribe\': \'0\', \'OMPI_MCA_orte_app_num\': \'0\', \'OMPI_UNIVERSE_SIZE\': \'16\', \'OMPI_MCA_orte_num_nodes\': \'1\', \'OMPI_MCA_shmem_RUNTIME_QUERY_hint\': \'mmap\', \'OMPI_MCA_orte_bound_at_launch\': \'1\', \'OMPI_MCA_ess\': \'^singleton\', \'OMPI_MCA_orte_ess_num_procs\': \'16\', \'OMPI_COMM_WORLD_SIZE\': \'16\', \'OMPI_COMM_WORLD_LOCAL_SIZE\': \'16\', \'OMPI_MCA_orte_tmpdir_base\': \'/scratch/707274.1.long.q\', \'OMPI_MCA_orte_top_session_dir\': \'/scratch/707274.1.long.q/ompi.qb3-id86.11149\', \'OMPI_MCA_orte_jobfam_session_dir\': \'/scratch/707274.1.long.q/ompi.qb3-id86.11149/pid.3490523\', \'OMPI_NUM_APP_CTX\': \'1\', \'OMPI_FIRST_RANKS\': \'0\', \'OMPI_APP_CTX_NUM_PROCS\': \'16\', \'OMPI_MCA_initial_wdir\': \'/wynton/group/sali/miha_rozic/Input_information/SNAPSHOTS/central_directory/snapshot1_0min/run43\', \'OMPI_MCA_orte_launch\': \'1\', \'PMIX_NAMESPACE\': \'1153957889\', \'PMIX_RANK\': \'14\', \'PMIX_SERVER_URI2\': \'1153957888.0;tcp4://127.0.0.1:41823\', \'PMIX_SERVER_URI21\': \'1153957888.0;tcp4://127.0.0.1:41823\', \'PMIX_SECURITY_MODE\': \'native,none\', \'PMIX_PTL_MODULE\': \'tcp,usock\', \'PMIX_BFROP_BUFFER_TYPE\': \'PMIX_BFROP_BUFFER_NON_DESC\', \'PMIX_GDS_MODULE\': \'ds21,ds12,hash\', \'PMIX_SERVER_TMPDIR\': \'/scratch/707274.1.long.q/ompi.qb3-id86.11149/pid.3490523\', \'PMIX_SYSTEM_TMPDIR\': \'/scratch/707274.1.long.q\', \'PMIX_DSTORE_21_BASE_PATH\': \'/scratch/707274.1.long.q/ompi.qb3-id86.11149/pid.3490523/pmix_dstor_ds21_3490523\', \'PMIX_DSTORE_ESH_BASE_PATH\': \'/scratch/707274.1.long.q/ompi.qb3-id86.11149/pid.3490523/pmix_dstor_ds12_3490523\', \'OMPI_MCA_ess_base_jobid\': \'1153957889\', \'OMPI_MCA_ess_base_vpid\': \'14\', \'OMPI_COMM_WORLD_RANK\': \'14\', \'OMPI_COMM_WORLD_LOCAL_RANK\': \'14\', \'OMPI_COMM_WORLD_NODE_RANK\': \'14\', \'OMPI_MCA_orte_ess_node_rank\': \'14\', \'PMIX_ID\': \'1153957889.14\', \'OMPI_FILE_LOCATION\': \'/scratch/707274.1.long.q/ompi.qb3-id86.11149/pid.3490523/0/0\', \'KMP_DUPLICATE_LIB_OK\': \'True\', \'KMP_INIT_AT_FORK\': \'FALSE\'})', 'STAT2HEADER_IMP_VERSIONS': "{'IMP_VERSION': '2.21.0', 'PMI_VERSION': '2.21.0'}", 0: 'ReplicaExchange_SwapSuccessRatio', 1: 'ReplicaExchange_MinTempFrequency', 2: 'ReplicaExchange_MaxTempFrequency', 3: 'ReplicaExchange_CurrentTemp', 4: 'score'} 
{0: '0', 1: '0', 2: '0', 3: '2.351855716390306', 4: inf} 
{0: '0.0', 1: '0.0', 2: '0.0', 3: '2.351855716390306', 4: inf} 
{0: '0.0', 1: '0.0', 2: '0.0', 3: '2.351855716390306', 4: inf} 
{0: '0.0', 1: '0.0', 2: '0.0', 3: '2.351855716390306', 4: inf} 
{0: '0.0', 1: '0.0', 2: '0.0', 3: '2.351855716390306', 4: inf} 
{0: '0.0', 1: '0.0', 2: '0.0', 3: '2.351855716390306', 4: inf} 
{0: '0.0', 1: '0.0', 2: '0.0', 3: '2.351855716390306', 4: inf} 
{0: '0.0', 1: '0.0', 2: '0.0', 3: '2.351855716390306', 4: inf} 
{0: '0.0', 1: '0.0', 2: '0.0', 3: '2.351855716390306', 4: inf} 
{0: '0.0', 1: '0.0', 2: '0.0', 3: '2.351855716390306', 4: inf} 
{0: '0.0', 1: '0.0', 2: '0.0', 3: '2.351855716390306', 4: inf} 
{0: '0.0', 1: '0.0', 2: '0.0', 3: '2.351855716390306', 4: inf} 
{0: '0.0', 1: '0.0', 2: '0.0', 3: '2.351855716390306', 4: inf} 
{0: '0.0', 1: '0.0', 2: '0.0', 3: '2.351855716390306', 4: 11611.016707541403} 
{0: '0.0', 1: '0.0', 2: '0.0', 3: '2.351855716390306', 4: 1829.2799468747573} 
{0: '0.06666666666666667', 1: '0.0', 2: '0.0', 3: '2.500000000000003', 4: 857.1302774055081} 
{0: '0.0625', 1: '0.0', 2: '0.0', 3: '2.500000000000003', 4: 429.3737077444207} 
{0: '0.11764705882352941', 1: '0.0', 2: '0.0', 3: '2.351855716390306', 4: 435.7845872002687} 
{0: '0.16666666666666666', 1: '0.0', 2: '0.0', 3: '2.212490124287102', 4: 433.7028631897277} 
{0: '0.15789473684210525', 1: '0.0', 2: '0.0', 3: '2.212490124287102', 4: 426.11200316647256} 
{0: '0.2', 1: '0.0', 2: '0.0', 3: '2.351855716390306', 4: 438.6120254943258} 
{0: '0.19047619047619047', 1: '0.0', 2: '0.0', 3: '2.351855716390306', 4: 429.9071284059956} 
{0: '0.18181818181818182', 1: '0.0', 2: '0.0', 3: '2.351855716390306', 4: 407.4758084906261} 
{0: '0.17391304347826086', 1: '0.0', 2: '0.0', 3: '2.351855716390306', 4: 407.95791226540376} 
{0: '0.20833333333333334', 1: '0.0', 2: '0.0', 3: '2.212490124287102', 4: 420.17077104147074} 
{0: '0.24', 1: '0.0', 2: '0.0', 3: '2.081383018504685', 4: 397.7097628140989} 
{0: '0.2692307692307692', 1: '0.0', 2: '0.0', 3: '1.958045020027179', 4: 382.10553817065255} 
{0: '0.2962962962962963', 1: '0.0', 2: '0.0', 3: '1.842015749320195', 4: 386.93381222273626} 
{0: '0.2857142857142857', 1: '0.0', 2: '0.0', 3: '1.842015749320195', 4: 382.54381072024586} 
{0: '0.3103448275862069', 1: '0.0', 2: '0.0', 3: '1.958045020027179', 4: 394.96656161324927} 
{0: '0.3333333333333333', 1: '0.0', 2: '0.0', 3: '2.081383018504685', 4: 383.50734332111966} 
{0: '0.3548387096774194', 1: '0.0', 2: '0.0', 3: '2.212490124287102', 4: 385.40533780862125} 
{0: '0.375', 1: '0.0', 2: '0.0', 3: '2.351855716390306', 4: 393.7700631995718} 
{0: '0.3939393939393939', 1: '0.0', 2: '0.0', 3: '2.500000000000003', 4: 387.52017882932256} 
{0: '0.38235294117647056', 1: '0.0', 2: '0.0', 3: '2.500000000000003', 4: 392.97284049576604} 
{0: '0.4', 1: '0.0', 2: '0.0', 3: '2.351855716390306', 4: 385.261953416984} 
{0: '0.4166666666666667', 1: '0.0', 2: '0.0', 3: '2.212490124287102', 4: 394.466114544342} 
{0: '0.43243243243243246', 1: '0.0', 2: '0.0', 3: '2.081383018504685', 4: 392.9698048736836} 
{0: '0.42105263157894735', 1: '0.0', 2: '0.0', 3: '2.081383018504685', 4: 393.58306054161335} 
{0: '0.4358974358974359', 1: '0.0', 2: '0.0', 3: '2.212490124287102', 4: 392.3746676377891} 
{0: '0.425', 1: '0.0', 2: '0.0', 3: '2.212490124287102', 4: 387.70115672235994} 
{0: '0.4146341463414634', 1: '0.0', 2: '0.0', 3: '2.212490124287102', 4: 384.3262530482525} 
{0: '0.42857142857142855', 1: '0.0', 2: '0.0', 3: '2.351855716390306', 4: 382.54403810595693} 
{0: '0.4418604651162791', 1: '0.0', 2: '0.0', 3: '2.500000000000003', 4: 386.91122048886837} 
{0: '0.4318181818181818', 1: '0.0', 2: '0.0', 3: '2.500000000000003', 4: 395.6521045143302} 
{0: '0.4444444444444444', 1: '0.0', 2: '0.0', 3: '2.351855716390306', 4: 388.11888806851726} 
{0: '0.45652173913043476', 1: '0.0', 2: '0.0', 3: '2.212490124287102', 4: 382.44371362801195} 
{0: '0.46808510638297873', 1: '0.0', 2: '0.0', 3: '2.081383018504685', 4: 386.631296219905} 
{0: '0.4791666666666667', 1: '0.0', 2: '0.0', 3: '1.958045020027179', 4: 385.21346227940376} 
{0: '0.4897959183673469', 1: '0.0', 2: '0.0', 3: '1.842015749320195', 4: 383.56195439747034} 
{0: '0.5', 1: '0.0', 2: '0.0', 3: '1.7328621078878674', 4: 383.01885594553113} 
{0: '0.49019607843137253', 1: '0.0', 2: '0.0', 3: '1.7328621078878674', 4: 388.07503932474117} 
{0: '0.5', 1: '0.0', 2: '0.0', 3: '1.842015749320195', 4: 380.6549369689864} 
{0: '0.49056603773584906', 1: '0.0', 2: '0.0', 3: '1.842015749320195', 4: 385.5252462131974} 
{0: '0.5', 1: '0.0', 2: '0.0', 3: '1.7328621078878674', 4: 385.3267368231859} 
{0: '0.4909090909090909', 1: '0.0', 2: '0.0', 3: '1.7328621078878674', 4: 390.23449314932043} 
{0: '0.5', 1: '0.0', 2: '0.0', 3: '1.842015749320195', 4: 384.10934544247596} 
{0: '0.5087719298245614', 1: '0.0', 2: '0.0', 3: '1.958045020027179', 4: 377.11689326945464} 
{0: '0.5172413793103449', 1: '0.0', 2: '0.0', 3: '2.081383018504685', 4: 383.7348044626597} 
{0: '0.5084745762711864', 1: '0.0', 2: '0.0', 3: '2.081383018504685', 4: 379.6864910855852} 
{0: '0.5166666666666667', 1: '0.0', 2: '0.0', 3: '1.958045020027179', 4: 387.2369421368733} 
{0: '0.5081967213114754', 1: '0.0', 2: '0.0', 3: '1.958045020027179', 4: 381.87832607130474} 
{0: '0.5161290322580645', 1: '0.0', 2: '0.0', 3: '2.081383018504685', 4: 390.6355879596254} 
{0: '0.5238095238095238', 1: '0.0', 2: '0.0', 3: '2.212490124287102', 4: 385.9330806353528} 
{0: '0.53125', 1: '0.0', 2: '0.0', 3: '2.351855716390306', 4: 389.0457429461445} 
{0: '0.5230769230769231', 1: '0.0', 2: '0.0', 3: '2.351855716390306', 4: 385.1378229041903} 
{0: '0.5303030303030303', 1: '0.0', 2: '0.0', 3: '2.212490124287102', 4: 382.0470715846658} 
{0: '0.5373134328358209', 1: '0.0', 2: '0.0', 3: '2.081383018504685', 4: 380.82523919206614} 
{0: '0.5441176470588235', 1: '0.0', 2: '0.0', 3: '1.958045020027179', 4: 392.18948976113177} 
{0: '0.5507246376811594', 1: '0.0', 2: '0.0', 3: '1.842015749320195', 4: 374.25714437228805} 
{0: '0.5571428571428572', 1: '0.0', 2: '0.0', 3: '1.7328621078878674', 4: 385.6984001731564} 
{0: '0.5492957746478874', 1: '0.0', 2: '0.0', 3: '1.7328621078878674', 4: 384.109795364678} 
{0: '0.5555555555555556', 1: '0.0', 2: '0.0', 3: '1.842015749320195', 4: 382.66774571234606} 
{0: '0.547945205479452', 1: '0.0', 2: '0.0', 3: '1.842015749320195', 4: 391.1760872969203} 
{0: '0.5540540540540541', 1: '0.0', 2: '0.0', 3: '1.7328621078878674', 4: 396.1120829390603} 
{0: '0.5466666666666666', 1: '0.0', 2: '0.0', 3: '1.7328621078878674', 4: 389.00298312980027} 
{0: '0.5526315789473685', 1: '0.0', 2: '0.0', 3: '1.842015749320195', 4: 386.87357294664054} 
{0: '0.5584415584415584', 1: '0.0', 2: '0.0', 3: '1.958045020027179', 4: 388.27368718937004} 
{0: '0.5641025641025641', 1: '0.0', 2: '0.0', 3: '2.081383018504685', 4: 386.60283809321834} 
{0: '0.569620253164557', 1: '0.0', 2: '0.0', 3: '2.212490124287102', 4: 391.0124325102659} 
{0: '0.575', 1: '0.0', 2: '0.0', 3: '2.351855716390306', 4: 389.4833602585129} 
{0: '0.5802469135802469', 1: '0.0', 2: '0.0', 3: '2.500000000000003', 4: 389.949111172727} 
{0: '0.573170731707317', 1: '0.0', 2: '0.0', 3: '2.500000000000003', 4: 386.8514191176222} 
{0: '0.5662650602409639', 1: '0.0', 2: '0.0', 3: '2.500000000000003', 4: 393.43453178276474} 
{0: '0.5595238095238095', 1: '0.0', 2: '0.0', 3: '2.500000000000003', 4: 381.9241942598972} 
{0: '0.5647058823529412', 1: '0.0', 2: '0.0', 3: '2.351855716390306', 4: 400.306770559739} 
{0: '0.5697674418604651', 1: '0.0', 2: '0.0', 3: '2.212490124287102', 4: 380.00391386375225} 
{0: '0.5747126436781609', 1: '0.0', 2: '0.0', 3: '2.081383018504685', 4: 388.3526047214963} 
{0: '0.5795454545454546', 1: '0.0', 2: '0.0', 3: '1.958045020027179', 4: 388.6186866626261} 
{0: '0.5730337078651685', 1: '0.0', 2: '0.0', 3: '1.958045020027179', 4: 389.1341698014742} 
{0: '0.5777777777777777', 1: '0.0', 2: '0.0', 3: '2.081383018504685', 4: 384.1410183192691} 
{0: '0.5824175824175825', 1: '0.0', 2: '0.0', 3: '2.212490124287102', 4: 389.18695905482826} 
{0: '0.5869565217391305', 1: '0.0', 2: '0.0', 3: '2.351855716390306', 4: 387.30946593471447} 
{0: '0.5913978494623656', 1: '0.0', 2: '0.0', 3: '2.500000000000003', 4: 393.74801080081653} 
{0: '0.5851063829787234', 1: '0.0', 2: '0.0', 3: '2.500000000000003', 4: 383.57837513049606} 
{0: '0.5894736842105263', 1: '0.0', 2: '0.0', 3: '2.351855716390306', 4: 389.68227135485625} 
{0: '0.5833333333333334', 1: '0.0', 2: '0.0', 3: '2.351855716390306', 4: 378.67982454188507} 
{0: '0.5773195876288659', 1: '0.0', 2: '0.0', 3: '2.351855716390306', 4: 384.26805641890945} 
{0: '0.5816326530612245', 1: '0.0', 2: '0.0', 3: '2.212490124287102', 4: 384.8067382853759} 
{0: '0.5858585858585859', 1: '0.0', 2: '0.0', 3: '2.081383018504685', 4: 387.2013820199185} 
{0: '0.59', 1: '0.0', 2: '0.0', 3: '1.958045020027179', 4: 395.175194118973} 
{0: '0.5841584158415841', 1: '0.0', 2: '0.0', 3: '1.958045020027179', 4: 384.1275506091122} 
{0: '0.5882352941176471', 1: '0.0', 2: '0.0', 3: '2.081383018504685', 4: 382.59842419080223} 
{0: '0.5922330097087378', 1: '0.0', 2: '0.0', 3: '2.212490124287102', 4: 385.589199985352} 
{0: '0.5865384615384616', 1: '0.0', 2: '0.0', 3: '2.212490124287102', 4: 383.6564809446928} 
{0: '0.5904761904761905', 1: '0.0', 2: '0.0', 3: '2.081383018504685', 4: 397.61857704912353} 
{0: '0.5943396226415094', 1: '0.0', 2: '0.0', 3: '1.958045020027179', 4: 387.11376793342515} 
{0: '0.5981308411214953', 1: '0.0', 2: '0.0', 3: '1.842015749320195', 4: 388.4179876152399} 
{0: '0.5925925925925926', 1: '0.0', 2: '0.0', 3: '1.842015749320195', 4: 397.6272487711616} 
{0: '0.5963302752293578', 1: '0.0', 2: '0.0', 3: '1.958045020027179', 4: 387.72529018834047} 
{0: '0.6', 1: '0.0', 2: '0.0', 3: '2.081383018504685', 4: 388.13220719942973} 
{0: '0.6036036036036037', 1: '0.0', 2: '0.0', 3: '2.212490124287102', 4: 392.9751831572448} 
{0: '0.6071428571428571', 1: '0.0', 2: '0.0', 3: '2.351855716390306', 4: 394.1438603425612} 
{0: '0.6017699115044248', 1: '0.0', 2: '0.0', 3: '2.351855716390306', 4: 394.6088584670478} 
{0: '0.6052631578947368', 1: '0.0', 2: '0.0', 3: '2.212490124287102', 4: 382.89432938647155} 
{0: '0.6086956521739131', 1: '0.0', 2: '0.0', 3: '2.081383018504685', 4: 392.67445339997374} 
{0: '0.6120689655172413', 1: '0.0', 2: '0.0', 3: '1.958045020027179', 4: 387.6314609912473} 
{0: '0.6068376068376068', 1: '0.0', 2: '0.0', 3: '1.958045020027179', 4: 379.70299254622654} 
{0: '0.6101694915254238', 1: '0.0', 2: '0.0', 3: '2.081383018504685', 4: 383.06632568678475} 
{0: '0.6134453781512605', 1: '0.0', 2: '0.0', 3: '2.212490124287102', 4: 389.39153885081805} 
{0: '0.6083333333333333', 1: '0.0', 2: '0.0', 3: '2.212490124287102', 4: 384.9315383966663} 
{0: '0.6115702479338843', 1: '0.0', 2: '0.0', 3: '2.081383018504685', 4: 395.7343292148082} 
{0: '0.6147540983606558', 1: '0.0', 2: '0.0', 3: '1.958045020027179', 4: 393.3993673599773} 
{0: '0.6097560975609756', 1: '0.0', 2: '0.0', 3: '1.958045020027179', 4: 394.3552810774204} 
{0: '0.6129032258064516', 1: '0.0', 2: '0.0', 3: '2.081383018504685', 4: 382.74347076329957} 
{0: '0.616', 1: '0.0', 2: '0.0', 3: '2.212490124287102', 4: 382.3735925319764} 
{0: '0.6111111111111112', 1: '0.0', 2: '0.0', 3: '2.212490124287102', 4: 388.38723050375296} 
{0: '0.6141732283464567', 1: '0.0', 2: '0.0', 3: '2.081383018504685', 4: 385.51141214513905} 
{0: '0.6171875', 1: '0.0', 2: '0.0', 3: '1.958045020027179', 4: 394.99802098357134} 
{0: '0.6201550387596899', 1: '0.0', 2: '0.0', 3: '1.842015749320195', 4: 387.06667234463356} 
{0: '0.6230769230769231', 1: '0.0', 2: '0.0', 3: '1.7328621078878674', 4: 379.21360396865146} 
{0: '0.6259541984732825', 1: '0.0', 2: '0.0', 3: '1.6301766616608926', 4: 379.75098772216455} 
{0: '0.6212121212121212', 1: '0.0', 2: '0.0', 3: '1.6301766616608926', 4: 378.89831033343154} 
{0: '0.6240601503759399', 1: '0.0', 2: '0.0', 3: '1.7328621078878674', 4: 394.12161898616563} 
{0: '0.6268656716417911', 1: '0.0', 2: '0.0', 3: '1.842015749320195', 4: 385.61938085666975} 
{0: '0.6296296296296297', 1: '0.0', 2: '0.0', 3: '1.958045020027179', 4: 387.80825602077033} 
{0: '0.6323529411764706', 1: '0.0', 2: '0.0', 3: '2.081383018504685', 4: 385.26561301052504} 
{0: '0.635036496350365', 1: '0.0', 2: '0.0', 3: '2.212490124287102', 4: 385.09053314786104} 
{0: '0.6376811594202898', 1: '0.0', 2: '0.0', 3: '2.351855716390306', 4: 382.3561874681075} 
{0: '0.6402877697841727', 1: '0.0', 2: '0.0', 3: '2.500000000000003', 4: 388.73164355772315} 
{0: '0.6357142857142857', 1: '0.0', 2: '0.0', 3: '2.500000000000003', 4: 394.633170846737} 
{0: '0.6382978723404256', 1: '0.0', 2: '0.0', 3: '2.351855716390306', 4: 390.42499333224276} 
{0: '0.6408450704225352', 1: '0.0', 2: '0.0', 3: '2.212490124287102', 4: 391.39988334069466} 
{0: '0.6433566433566433', 1: '0.0', 2: '0.0', 3: '2.081383018504685', 4: 392.363631201706} 
{0: '0.6458333333333334', 1: '0.0', 2: '0.0', 3: '1.958045020027179', 4: 392.51674462811263} 
{0: '0.6413793103448275', 1: '0.0', 2: '0.0', 3: '1.958045020027179', 4: 390.67042976071565} 
{0: '0.6438356164383562', 1: '0.0', 2: '0.0', 3: '2.081383018504685', 4: 390.67505706242235} 
{0: '0.6462585034013606', 1: '0.0', 2: '0.0', 3: '2.212490124287102', 4: 390.9525143053813} 
{0: '0.6486486486486487', 1: '0.0', 2: '0.0', 3: '2.351855716390306', 4: 387.7304806638591} 
{0: '0.6510067114093959', 1: '0.0', 2: '0.0', 3: '2.500000000000003', 4: 394.9107413098633} 
{0: '0.6466666666666666', 1: '0.0', 2: '0.0', 3: '2.500000000000003', 4: 418.1842889602587} 
{0: '0.6490066225165563', 1: '0.0', 2: '0.0', 3: '2.351855716390306', 4: 390.418649599993} 
{0: '0.6513157894736842', 1: '0.0', 2: '0.0', 3: '2.212490124287102', 4: 393.81540960560807} 
{0: '0.6535947712418301', 1: '0.0', 2: '0.0', 3: '2.081383018504685', 4: 383.0316639114626} 
{0: '0.6558441558441559', 1: '0.0', 2: '0.0', 3: '1.958045020027179', 4: 381.7113798471365} 
{0: '0.6580645161290323', 1: '0.0', 2: '0.0', 3: '1.842015749320195', 4: 389.4206749128031} 
{0: '0.6602564102564102', 1: '0.0', 2: '0.0', 3: '1.7328621078878674', 4: 379.3376131381792} 
{0: '0.6560509554140127', 1: '0.0', 2: '0.0', 3: '1.7328621078878674', 4: 388.11819189103835} 
{0: '0.6582278481012658', 1: '0.0', 2: '0.0', 3: '1.842015749320195', 4: 384.8303997771077} 
{0: '0.660377358490566', 1: '0.0', 2: '0.0', 3: '1.958045020027179', 4: 383.8318166474114} 
{0: '0.6625', 1: '0.0', 2: '0.0', 3: '2.081383018504685', 4: 389.97431843978364} 
{0: '0.6645962732919255', 1: '0.0', 2: '0.0', 3: '2.212490124287102', 4: 389.1600668185879} 
{0: '0.6666666666666666', 1: '0.0', 2: '0.0', 3: '2.351855716390306', 4: 398.70924194460775} 
{0: '0.6687116564417178', 1: '0.0', 2: '0.0', 3: '2.500000000000003', 4: 389.6774147240051} 
{0: '0.6646341463414634', 1: '0.0', 2: '0.0', 3: '2.500000000000003', 4: 396.4567826806011} 
{0: '0.6666666666666666', 1: '0.0', 2: '0.0', 3: '2.351855716390306', 4: 393.71132421471475} 
{0: '0.6686746987951807', 1: '0.0', 2: '0.0', 3: '2.212490124287102', 4: 390.14606494791633} 
{0: '0.6646706586826348', 1: '0.0', 2: '0.0', 3: '2.212490124287102', 4: 392.80121078040696} 
{0: '0.6666666666666666', 1: '0.0', 2: '0.0', 3: '2.351855716390306', 4: 387.16262369798403} 
{0: '0.6686390532544378', 1: '0.0', 2: '0.0', 3: '2.500000000000003', 4: 396.7005490275163} 
{0: '0.6647058823529411', 1: '0.0', 2: '0.0', 3: '2.500000000000003', 4: 393.2201811292394} 
{0: '0.6666666666666666', 1: '0.0', 2: '0.0', 3: '2.351855716390306', 4: 395.6435976988794} 
{0: '0.6686046511627907', 1: '0.0', 2: '0.0', 3: '2.212490124287102', 4: 391.1262367238295} 
{0: '0.6705202312138728', 1: '0.0', 2: '0.0', 3: '2.081383018504685', 4: 392.8480914280883} 
{0: '0.6724137931034483', 1: '0.0', 2: '0.0', 3: '1.958045020027179', 4: 387.41998553126336} 
{0: '0.6685714285714286', 1: '0.0', 2: '0.0', 3: '1.958045020027179', 4: 388.0029110104444} 
{0: '0.6704545454545454', 1: '0.0', 2: '0.0', 3: '2.081383018504685', 4: 394.86547937392635} 
{0: '0.672316384180791', 1: '0.0', 2: '0.0', 3: '2.212490124287102', 4: 395.7844849261402} 
{0: '0.6741573033707865', 1: '0.0', 2: '0.0', 3: '2.351855716390306', 4: 391.6356624675317} 
{0: '0.6759776536312849', 1: '0.0', 2: '0.0', 3: '2.500000000000003', 4: 399.0272978400869} 
{0: '0.6722222222222223', 1: '0.0', 2: '0.0', 3: '2.500000000000003', 4: 386.90114427147654} 
{0: '0.6740331491712708', 1: '0.0', 2: '0.0', 3: '2.351855716390306', 4: 388.3107911412489} 
{0: '0.6758241758241759', 1: '0.0', 2: '0.0', 3: '2.212490124287102', 4: 400.7126010183175} 
{0: '0.6775956284153005', 1: '0.0', 2: '0.0', 3: '2.081383018504685', 4: 381.71431665697094} 
{0: '0.6793478260869565', 1: '0.0', 2: '0.0', 3: '1.958045020027179', 4: 379.35684589472805} 
{0: '0.6810810810810811', 1: '0.0', 2: '0.0', 3: '1.842015749320195', 4: 389.0243515830923} 
{0: '0.6827956989247311', 1: '0.0', 2: '0.0', 3: '1.7328621078878674', 4: 387.6509362768756} 
{0: '0.6844919786096256', 1: '0.0', 2: '0.0', 3: '1.6301766616608926', 4: 383.4168724659829} 
{0: '0.6808510638297872', 1: '0.0', 2: '0.0', 3: '1.6301766616608926', 4: 381.38284453937734} 
{0: '0.6825396825396826', 1: '0.0', 2: '0.0', 3: '1.7328621078878674', 4: 380.8484658060671} 
{0: '0.6789473684210526', 1: '0.0', 2: '0.0', 3: '1.7328621078878674', 4: 390.8284006680573} 
{0: '0.675392670157068', 1: '0.0', 2: '0.0', 3: '1.7328621078878674', 4: 382.53379101057186} 
{0: '0.6770833333333334', 1: '0.0', 2: '0.0', 3: '1.842015749320195', 4: 382.026110853688} 
{0: '0.6787564766839378', 1: '0.0', 2: '0.0', 3: '1.958045020027179', 4: 382.420471352389} 
{0: '0.6804123711340206', 1: '0.0', 2: '0.0', 3: '2.081383018504685', 4: 384.3135608461825} 
{0: '0.6820512820512821', 1: '0.0', 2: '0.0', 3: '2.212490124287102', 4: 385.9611798898709} 
{0: '0.6836734693877551', 1: '0.0', 2: '0.0', 3: '2.351855716390306', 4: 393.30549144390716} 
{0: '0.6852791878172588', 1: '0.0', 2: '0.0', 3: '2.500000000000003', 4: 388.24770031365557} 
{0: '0.6818181818181818', 1: '0.0', 2: '0.0', 3: '2.500000000000003', 4: 393.3368182864338} 
{0: '0.6834170854271356', 1: '0.0', 2: '0.0', 3: '2.351855716390306', 4: 398.9123519674866} 
{0: '0.685', 1: '0.0', 2: '0.0', 3: '2.212490124287102', 4: 386.9323309281207} 
{0: '0.6865671641791045', 1: '0.0', 2: '0.0', 3: '2.081383018504685', 4: 388.6217875815065} 
{0: '0.6831683168316832', 1: '0.0', 2: '0.0', 3: '2.081383018504685', 4: 379.6659096298831} 
{0: '0.6798029556650246', 1: '0.0', 2: '0.0', 3: '2.081383018504685', 4: 391.2775178491572} 
{0: '0.6764705882352942', 1: '0.0', 2: '0.0', 3: '2.081383018504685', 4: 388.659594209764} 
{0: '0.6780487804878049', 1: '0.0', 2: '0.0', 3: '2.212490124287102', 4: 385.97607930010093} 
{0: '0.6796116504854369', 1: '0.0', 2: '0.0', 3: '2.351855716390306', 4: 385.1864645732944} 
{0: '0.6763285024154589', 1: '0.0', 2: '0.0', 3: '2.351855716390306', 4: 388.9607816949726} 
{0: '0.6778846153846154', 1: '0.0', 2: '0.0', 3: '2.212490124287102', 4: 387.127090101994} 
{0: '0.6794258373205742', 1: '0.0', 2: '0.0', 3: '2.081383018504685', 4: 391.65418303413986} 
{0: '0.680952380952381', 1: '0.0', 2: '0.0', 3: '1.958045020027179', 4: 384.52839007973404} 
{0: '0.6824644549763034', 1: '0.0', 2: '0.0', 3: '1.842015749320195', 4: 383.71228589236244} 
{0: '0.6839622641509434', 1: '0.0', 2: '0.0', 3: '1.7328621078878674', 4: 386.531753423522} 
{0: '0.6807511737089202', 1: '0.0', 2: '0.0', 3: '1.7328621078878674', 4: 392.5245001122693} 
{0: '0.6822429906542056', 1: '0.0', 2: '0.0', 3: '1.842015749320195', 4: 394.0824179530366} 
{0: '0.6837209302325581', 1: '0.0', 2: '0.0', 3: '1.958045020027179', 4: 382.2756316022795} 
{0: '0.6851851851851852', 1: '0.0', 2: '0.0', 3: '2.081383018504685', 4: 388.58349415254753} 
{0: '0.6866359447004609', 1: '0.0', 2: '0.0', 3: '2.212490124287102', 4: 385.6443198439217} 
{0: '0.6880733944954128', 1: '0.0', 2: '0.0', 3: '2.351855716390306', 4: 383.39899266837585} 
{0: '0.6894977168949772', 1: '0.0', 2: '0.0', 3: '2.500000000000003', 4: 383.2479564102103} 
{0: '0.6863636363636364', 1: '0.0', 2: '0.0', 3: '2.500000000000003', 4: 393.3264218262435} 
{0: '0.6877828054298643', 1: '0.0', 2: '0.0', 3: '2.351855716390306', 4: 389.8875939637463} 
{0: '0.6891891891891891', 1: '0.0', 2: '0.0', 3: '2.212490124287102', 4: 392.26890396531246} 
{0: '0.6860986547085202', 1: '0.0', 2: '0.0', 3: '2.212490124287102', 4: 386.482005082958} 
{0: '0.6875', 1: '0.0', 2: '0.0', 3: '2.351855716390306', 4: 383.47428043707515} 
{0: '0.6844444444444444', 1: '0.0', 2: '0.0', 3: '2.351855716390306', 4: 396.3484471577848} 
{0: '0.6858407079646017', 1: '0.0', 2: '0.0', 3: '2.212490124287102', 4: 389.06766757995075} 
{0: '0.6872246696035242', 1: '0.0', 2: '0.0', 3: '2.081383018504685', 4: 386.97281657700825} 
{0: '0.6885964912280702', 1: '0.0', 2: '0.0', 3: '1.958045020027179', 4: 382.75237969154244} 
{0: '0.6899563318777293', 1: '0.0', 2: '0.0', 3: '1.842015749320195', 4: 379.00975181740614} 
{0: '0.691304347826087', 1: '0.0', 2: '0.0', 3: '1.7328621078878674', 4: 388.02395337916585} 
{0: '0.6883116883116883', 1: '0.0', 2: '0.0', 3: '1.7328621078878674', 4: 385.839462133395} 
{0: '0.6896551724137931', 1: '0.0', 2: '0.0', 3: '1.842015749320195', 4: 393.0310104442408} 
{0: '0.6909871244635193', 1: '0.0', 2: '0.0', 3: '1.958045020027179', 4: 395.0577382269052} 
{0: '0.6923076923076923', 1: '0.0', 2: '0.0', 3: '2.081383018504685', 4: 387.0472808943222} 
{0: '0.6936170212765957', 1: '0.0', 2: '0.0', 3: '2.212490124287102', 4: 384.7931623539743} 
{0: '0.6949152542372882', 1: '0.0', 2: '0.0', 3: '2.351855716390306', 4: 391.1705926432913} 
{0: '0.6919831223628692', 1: '0.0', 2: '0.0', 3: '2.351855716390306', 4: 380.32521545779923} 
{0: '0.6932773109243697', 1: '0.0', 2: '0.0', 3: '2.212490124287102', 4: 391.77429160721414} 
{0: '0.694560669456067', 1: '0.0', 2: '0.0', 3: '2.081383018504685', 4: 393.64047174529435} 
{0: '0.6958333333333333', 1: '0.0', 2: '0.0', 3: '1.958045020027179', 4: 378.46300222044647} 
{0: '0.6929460580912863', 1: '0.0', 2: '0.0', 3: '1.958045020027179', 4: 387.1913009449527} 
{0: '0.6942148760330579', 1: '0.0', 2: '0.0', 3: '2.081383018504685', 4: 382.5539267957379} 
{0: '0.6954732510288066', 1: '0.0', 2: '0.0', 3: '2.212490124287102', 4: 379.0342478102516} 
{0: '0.6967213114754098', 1: '0.0', 2: '0.0', 3: '2.351855716390306', 4: 381.5745817920236} 
{0: '0.6979591836734694', 1: '0.0', 2: '0.0', 3: '2.500000000000003', 4: 391.5063411460388} 
{0: '0.6951219512195121', 1: '0.0', 2: '0.0', 3: '2.500000000000003', 4: 383.9082276578026} 
{0: '0.6963562753036437', 1: '0.0', 2: '0.0', 3: '2.351855716390306', 4: 394.4659943489679} 
{0: '0.6975806451612904', 1: '0.0', 2: '0.0', 3: '2.212490124287102', 4: 385.7274245616783} 
{0: '0.6987951807228916', 1: '0.0', 2: '0.0', 3: '2.081383018504685', 4: 384.6754727806852} 
{0: '0.7', 1: '0.0', 2: '0.0', 3: '1.958045020027179', 4: 386.2215476907975} 
{0: '0.701195219123506', 1: '0.0', 2: '0.0', 3: '1.842015749320195', 4: 384.90890060918645} 
{0: '0.6984126984126984', 1: '0.0', 2: '0.0', 3: '1.842015749320195', 4: 383.45825101269384} 
{0: '0.6996047430830039', 1: '0.0', 2: '0.0', 3: '1.958045020027179', 4: 385.5701035164196} 
{0: '0.7007874015748031', 1: '0.0', 2: '0.0', 3: '2.081383018504685', 4: 384.52272956740035} 
{0: '0.7019607843137254', 1: '0.0', 2: '0.0', 3: '2.212490124287102', 4: 386.686637581425} 
{0: '0.703125', 1: '0.0', 2: '0.0', 3: '2.351855716390306', 4: 378.5245720216733} 
{0: '0.7003891050583657', 1: '0.0', 2: '0.0', 3: '2.351855716390306', 4: 388.066462866084} 
{0: '0.7015503875968992', 1: '0.0', 2: '0.0', 3: '2.212490124287102', 4: 388.3796734715776} 
{0: '0.7027027027027027', 1: '0.0', 2: '0.0', 3: '2.081383018504685', 4: 394.0494885236712} 
{0: '0.7038461538461539', 1: '0.0', 2: '0.0', 3: '1.958045020027179', 4: 395.04471811334747} 
{0: '0.7011494252873564', 1: '0.0', 2: '0.0', 3: '1.958045020027179', 4: 376.376007552218} 
{0: '0.7022900763358778', 1: '0.0', 2: '0.0', 3: '2.081383018504685', 4: 382.44932428398374} 
{0: '0.7034220532319392', 1: '0.0', 2: '0.0', 3: '2.212490124287102', 4: 395.3159148788801} 
{0: '0.7045454545454546', 1: '0.0', 2: '0.0', 3: '2.351855716390306', 4: 386.622380703169} 
{0: '0.7018867924528301', 1: '0.0', 2: '0.0', 3: '2.351855716390306', 4: 384.1692617968733} 
{0: '0.7030075187969925', 1: '0.0', 2: '0.0', 3: '2.212490124287102', 4: 391.38909675162336} 
{0: '0.704119850187266', 1: '0.0', 2: '0.0', 3: '2.081383018504685', 4: 381.74900127977065} 
{0: '0.7052238805970149', 1: '0.0', 2: '0.0', 3: '1.958045020027179', 4: 401.879962750159} 
{0: '0.7026022304832714', 1: '0.0', 2: '0.0', 3: '1.958045020027179', 4: 383.1719217941827} 
{0: '0.7', 1: '0.0', 2: '0.0', 3: '1.958045020027179', 4: 382.19618226823553} 
{0: '0.7011070110701108', 1: '0.0', 2: '0.0', 3: '1.842015749320195', 4: 379.7407354195754} 
{0: '0.7022058823529411', 1: '0.0', 2: '0.0', 3: '1.7328621078878674', 4: 387.94666367214217} 
{0: '0.6996336996336996', 1: '0.0', 2: '0.0', 3: '1.7328621078878674', 4: 394.2670308449853} 
{0: '0.7007299270072993', 1: '0.0', 2: '0.0', 3: '1.842015749320195', 4: 385.9757978114946} 
{0: '0.7018181818181818', 1: '0.0', 2: '0.0', 3: '1.958045020027179', 4: 383.8651834488432} 
{0: '0.7028985507246377', 1: '0.0', 2: '0.0', 3: '2.081383018504685', 4: 387.1371813992882} 
{0: '0.703971119133574', 1: '0.0', 2: '0.0', 3: '2.212490124287102', 4: 387.8683825927067} 
{0: '0.7050359712230215', 1: '0.0', 2: '0.0', 3: '2.351855716390306', 4: 393.49914628342157} 
{0: '0.7025089605734767', 1: '0.0', 2: '0.0', 3: '2.351855716390306', 4: 391.0829733579519} 
{0: '0.7', 1: '0.0', 2: '0.0', 3: '2.351855716390306', 4: 388.89651326861656} 
{0: '0.701067615658363', 1: '0.0', 2: '0.0', 3: '2.500000000000003', 4: 386.3450888645882} 
{0: '0.6985815602836879', 1: '0.0', 2: '0.0', 3: '2.500000000000003', 4: 392.0829937250846} 
{0: '0.6996466431095406', 1: '0.0', 2: '0.0', 3: '2.351855716390306', 4: 386.4461636105544} 
{0: '0.7007042253521126', 1: '0.0', 2: '0.0', 3: '2.212490124287102', 4: 386.271602993804} 
{0: '0.7017543859649122', 1: '0.0', 2: '0.0', 3: '2.081383018504685', 4: 382.92455320504524} 
{0: '0.7027972027972028', 1: '0.0', 2: '0.0', 3: '1.958045020027179', 4: 384.2509792982527} 
{0: '0.7038327526132404', 1: '0.0', 2: '0.0', 3: '1.842015749320195', 4: 386.80183073276083} 
{0: '0.7013888888888888', 1: '0.0', 2: '0.0', 3: '1.842015749320195', 4: 385.9205729234804} 
{0: '0.7024221453287197', 1: '0.0', 2: '0.0', 3: '1.958045020027179', 4: 382.8825537895372} 
{0: '0.7', 1: '0.0', 2: '0.0', 3: '1.958045020027179', 4: 382.5219341416439} 
{0: '0.7010309278350515', 1: '0.0', 2: '0.0', 3: '1.842015749320195', 4: 383.30977724480954} 
{0: '0.6986301369863014', 1: '0.0', 2: '0.0', 3: '1.842015749320195', 4: 386.85344558241815} 
{0: '0.6996587030716723', 1: '0.0', 2: '0.0', 3: '1.958045020027179', 4: 381.52155501996344} 
{0: '0.7006802721088435', 1: '0.0', 2: '0.0', 3: '2.081383018504685', 4: 388.6623970559481} 
{0: '0.7016949152542373', 1: '0.0', 2: '0.0', 3: '2.212490124287102', 4: 386.4405019210946} 
{0: '0.7027027027027027', 1: '0.0', 2: '0.0', 3: '2.351855716390306', 4: 381.3192540784673} 
{0: '0.7037037037037037', 1: '0.0', 2: '0.0', 3: '2.500000000000003', 4: 388.1112448984952} 
{0: '0.7013422818791947', 1: '0.0', 2: '0.0', 3: '2.500000000000003', 4: 377.3530445196191} 
{0: '0.7023411371237458', 1: '0.0', 2: '0.0', 3: '2.351855716390306', 4: 387.71688473179756} 
{0: '0.7033333333333334', 1: '0.0', 2: '0.0', 3: '2.212490124287102', 4: 382.45326045519676} 
{0: '0.7043189368770764', 1: '0.0', 2: '0.0', 3: '2.081383018504685', 4: 390.58044617064235} 
{0: '0.7052980132450332', 1: '0.0', 2: '0.0', 3: '1.958045020027179', 4: 384.0300650949332} 
{0: '0.7029702970297029', 1: '0.0', 2: '0.0', 3: '1.958045020027179', 4: 399.68783468232454} 
{0: '0.7039473684210527', 1: '0.0', 2: '0.0', 3: '2.081383018504685', 4: 392.02272479626976} 
{0: '0.7049180327868853', 1: '0.0', 2: '0.0', 3: '2.212490124287102', 4: 397.29831309985366} 
{0: '0.7058823529411765', 1: '0.0', 2: '0.0', 3: '2.351855716390306', 4: 378.86519380365974} 
{0: '0.7035830618892508', 1: '0.0', 2: '0.0', 3: '2.351855716390306', 4: 386.5438674359421} 
{0: '0.7045454545454546', 1: '0.0', 2: '0.0', 3: '2.212490124287102', 4: 385.54877813004435} 
{0: '0.7055016181229773', 1: '0.0', 2: '0.0', 3: '2.081383018504685', 4: 381.42500093539087} 
{0: '0.7064516129032258', 1: '0.0', 2: '0.0', 3: '1.958045020027179', 4: 390.5529522985213} 
{0: '0.707395498392283', 1: '0.0', 2: '0.0', 3: '1.842015749320195', 4: 386.1218476457361} 
{0: '0.7083333333333334', 1: '0.0', 2: '0.0', 3: '1.7328621078878674', 4: 383.79852246257553} 
{0: '0.7092651757188498', 1: '0.0', 2: '0.0', 3: '1.6301766616608926', 4: 382.69673519644135} 
{0: '0.7070063694267515', 1: '0.0', 2: '0.0', 3: '1.6301766616608926', 4: 390.5503247911735} 
{0: '0.707936507936508', 1: '0.0', 2: '0.0', 3: '1.7328621078878674', 4: 387.8919411200336} 
{0: '0.7088607594936709', 1: '0.0', 2: '0.0', 3: '1.842015749320195', 4: 388.0159087968552} 
{0: '0.7097791798107256', 1: '0.0', 2: '0.0', 3: '1.958045020027179', 4: 386.9527727213152} 
{0: '0.710691823899371', 1: '0.0', 2: '0.0', 3: '2.081383018504685', 4: 384.560324307457} 
{0: '0.7115987460815048', 1: '0.0', 2: '0.0', 3: '2.212490124287102', 4: 383.8822497782679} 
{0: '0.7125', 1: '0.0', 2: '0.0', 3: '2.351855716390306', 4: 391.11883881282665} 
{0: '0.7102803738317757', 1: '0.0', 2: '0.0', 3: '2.351855716390306', 4: 381.6541496245062} 
{0: '0.7111801242236024', 1: '0.0', 2: '0.0', 3: '2.212490124287102', 4: 382.10998450413564} 
{0: '0.7120743034055728', 1: '0.0', 2: '0.0', 3: '2.081383018504685', 4: 392.4536944617024} 
{0: '0.7129629629629629', 1: '0.0', 2: '0.0', 3: '1.958045020027179', 4: 392.6266439668415} 
{0: '0.7138461538461538', 1: '0.0', 2: '0.0', 3: '1.842015749320195', 4: 387.74734557972124} 
{0: '0.7116564417177914', 1: '0.0', 2: '0.0', 3: '1.842015749320195', 4: 393.6650745539476} 
{0: '0.7125382262996942', 1: '0.0', 2: '0.0', 3: '1.958045020027179', 4: 392.2941640137342} 
{0: '0.7134146341463414', 1: '0.0', 2: '0.0', 3: '2.081383018504685', 4: 388.5212441121517} 
{0: '0.7142857142857143', 1: '0.0', 2: '0.0', 3: '2.212490124287102', 4: 377.42481184622704} 
{0: '0.7121212121212122', 1: '0.0', 2: '0.0', 3: '2.212490124287102', 4: 389.1505234515072} 
{0: '0.7129909365558912', 1: '0.0', 2: '0.0', 3: '2.081383018504685', 4: 388.99938351947105} 
{0: '0.713855421686747', 1: '0.0', 2: '0.0', 3: '1.958045020027179', 4: 383.5654143141169} 
{0: '0.7147147147147147', 1: '0.0', 2: '0.0', 3: '1.842015749320195', 4: 383.79046826663233} 
{0: '0.7155688622754491', 1: '0.0', 2: '0.0', 3: '1.7328621078878674', 4: 390.0518793742347} 
{0: '0.7134328358208956', 1: '0.0', 2: '0.0', 3: '1.7328621078878674', 4: 381.1545768600231} 
{0: '0.7142857142857143', 1: '0.0', 2: '0.0', 3: '1.842015749320195', 4: 395.6131190504094} 
{0: '0.7151335311572701', 1: '0.0', 2: '0.0', 3: '1.958045020027179', 4: 398.17025724136414} 
{0: '0.7159763313609467', 1: '0.0', 2: '0.0', 3: '2.081383018504685', 4: 376.15516362966486} 
{0: '0.7138643067846607', 1: '0.0', 2: '0.0', 3: '2.081383018504685', 4: 385.60259269294556} 
{0: '0.7147058823529412', 1: '0.0', 2: '0.0', 3: '1.958045020027179', 4: 387.96092210721116} 
{0: '0.7155425219941349', 1: '0.0', 2: '0.0', 3: '1.842015749320195', 4: 383.0822421928647} 
{0: '0.7134502923976608', 1: '0.0', 2: '0.0', 3: '1.842015749320195', 4: 394.30996115813895} 
{0: '0.7142857142857143', 1: '0.0', 2: '0.0', 3: '1.958045020027179', 4: 378.0074193372903} 
{0: '0.7151162790697675', 1: '0.0', 2: '0.0', 3: '2.081383018504685', 4: 389.3644923886979} 
{0: '0.7159420289855073', 1: '0.0', 2: '0.0', 3: '2.212490124287102', 4: 389.5477612704815} 
{0: '0.7167630057803468', 1: '0.0', 2: '0.0', 3: '2.351855716390306', 4: 382.4344171854751} 
{0: '0.7146974063400576', 1: '0.0', 2: '0.0', 3: '2.351855716390306', 4: 390.6039288867242} 
{0: '0.7155172413793104', 1: '0.0', 2: '0.0', 3: '2.212490124287102', 4: 390.10647095647727} 
{0: '0.7163323782234957', 1: '0.0', 2: '0.0', 3: '2.081383018504685', 4: 376.98607163019705} 
{0: '0.7142857142857143', 1: '0.0', 2: '0.0', 3: '2.081383018504685', 4: 392.21224999740247} 
{0: '0.7150997150997151', 1: '0.0', 2: '0.0', 3: '2.212490124287102', 4: 386.93533803358673} 
{0: '0.7159090909090909', 1: '0.0', 2: '0.0', 3: '2.351855716390306', 4: 396.99503042650196} 
{0: '0.71671388101983', 1: '0.0', 2: '0.0', 3: '2.500000000000003', 4: 397.56668849919157} 
{0: '0.7146892655367232', 1: '0.0', 2: '0.0', 3: '2.500000000000003', 4: 390.542904644998} 
{0: '0.7154929577464789', 1: '0.0', 2: '0.0', 3: '2.351855716390306', 4: 393.7632043580679} 
{0: '0.7162921348314607', 1: '0.0', 2: '0.0', 3: '2.212490124287102', 4: 399.51963378637913} 
{0: '0.7170868347338936', 1: '0.0', 2: '0.0', 3: '2.081383018504685', 4: 394.87806777520166} 
{0: '0.7178770949720671', 1: '0.0', 2: '0.0', 3: '1.958045020027179', 4: 391.9389498953739} 
{0: '0.7186629526462396', 1: '0.0', 2: '0.0', 3: '1.842015749320195', 4: 380.708754886888} 
{0: '0.7194444444444444', 1: '0.0', 2: '0.0', 3: '1.7328621078878674', 4: 390.2379342514682} 
{0: '0.7202216066481995', 1: '0.0', 2: '0.0', 3: '1.6301766616608926', 4: 384.5032970028296} 
{0: '0.7182320441988951', 1: '0.0', 2: '0.0', 3: '1.6301766616608926', 4: 382.96401156803023} 
{0: '0.71900826446281', 1: '0.0', 2: '0.0', 3: '1.7328621078878674', 4: 381.4020453946314} 
{0: '0.7197802197802198', 1: '0.0', 2: '0.0', 3: '1.842015749320195', 4: 387.9183660085348} 
{0: '0.7205479452054795', 1: '0.0', 2: '0.0', 3: '1.958045020027179', 4: 391.09168899417506} 
{0: '0.7213114754098361', 1: '0.0', 2: '0.0', 3: '2.081383018504685', 4: 384.80714100920153} 
{0: '0.7220708446866485', 1: '0.0', 2: '0.0', 3: '2.212490124287102', 4: 387.6486389641887} 
{0: '0.7228260869565217', 1: '0.0', 2: '0.0', 3: '2.351855716390306', 4: 390.3456927713509} 
{0: '0.7235772357723578', 1: '0.0', 2: '0.0', 3: '2.500000000000003', 4: 390.44971177052753} 
{0: '0.7216216216216216', 1: '0.0', 2: '0.0', 3: '2.500000000000003', 4: 392.63807105041514} 
{0: '0.7196765498652291', 1: '0.0', 2: '0.0', 3: '2.500000000000003', 4: 395.3521991262494} 
{0: '0.717741935483871', 1: '0.0', 2: '0.0', 3: '2.500000000000003', 4: 389.61291101484744} 
{0: '0.7184986595174263', 1: '0.0', 2: '0.0', 3: '2.351855716390306', 4: 396.29468274860415} 
{0: '0.7165775401069518', 1: '0.0', 2: '0.0', 3: '2.351855716390306', 4: 378.42561739522614} 
{0: '0.7173333333333334', 1: '0.0', 2: '0.0', 3: '2.500000000000003', 4: 384.8560612903601} 
{0: '0.7154255319148937', 1: '0.0', 2: '0.0', 3: '2.500000000000003', 4: 386.4940829449693} 
{0: '0.7161803713527851', 1: '0.0', 2: '0.0', 3: '2.351855716390306', 4: 385.47778439899184} 
{0: '0.716931216931217', 1: '0.0', 2: '0.0', 3: '2.212490124287102', 4: 399.0031759125775} 
{0: '0.7176781002638523', 1: '0.0', 2: '0.0', 3: '2.081383018504685', 4: 392.40851960940114} 
{0: '0.7157894736842105', 1: '0.0', 2: '0.0', 3: '2.081383018504685', 4: 388.49793434240456} 
{0: '0.7165354330708661', 1: '0.0', 2: '0.0', 3: '2.212490124287102', 4: 385.37012311408125} 
{0: '0.7146596858638743', 1: '0.0', 2: '0.0', 3: '2.212490124287102', 4: 398.114861813571} 
{0: '0.7154046997389034', 1: '0.0', 2: '0.0', 3: '2.081383018504685', 4: 385.77825492093797} 
{0: '0.7135416666666666', 1: '0.0', 2: '0.0', 3: '2.081383018504685', 4: 388.61778464052804} 
{0: '0.7142857142857143', 1: '0.0', 2: '0.0', 3: '2.212490124287102', 4: 383.2355218858009} 
{0: '0.7150259067357513', 1: '0.0', 2: '0.0', 3: '2.351855716390306', 4: 393.4173586329639} 
{0: '0.7131782945736435', 1: '0.0', 2: '0.0', 3: '2.351855716390306', 4: 389.19719442837646} 
{0: '0.7139175257731959', 1: '0.0', 2: '0.0', 3: '2.212490124287102', 4: 380.31687452714027} 
{0: '0.7146529562982005', 1: '0.0', 2: '0.0', 3: '2.081383018504685', 4: 392.32153700578056} 
{0: '0.7153846153846154', 1: '0.0', 2: '0.0', 3: '1.958045020027179', 4: 383.1938357077233} 
{0: '0.7161125319693095', 1: '0.0', 2: '0.0', 3: '1.842015749320195', 4: 381.68360045834} 
{0: '0.7142857142857143', 1: '0.0', 2: '0.0', 3: '1.842015749320195', 4: 387.3282205102926} 
{0: '0.7150127226463104', 1: '0.0', 2: '0.0', 3: '1.958045020027179', 4: 384.01926706305744} 
{0: '0.7157360406091371', 1: '0.0', 2: '0.0', 3: '2.081383018504685', 4: 383.2434134327975} 
{0: '0.7164556962025317', 1: '0.0', 2: '0.0', 3: '2.212490124287102', 4: 382.07657919186903} 
{0: '0.7171717171717171', 1: '0.0', 2: '0.0', 3: '2.351855716390306', 4: 399.2264072291606} 
{0: '0.7178841309823678', 1: '0.0', 2: '0.0', 3: '2.500000000000003', 4: 386.14718482757155} 
{0: '0.7160804020100503', 1: '0.0', 2: '0.0', 3: '2.500000000000003', 4: 379.10870732064103} 
{0: '0.7167919799498746', 1: '0.0', 2: '0.0', 3: '2.351855716390306', 4: 385.34491895133493} 
{0: '0.7175', 1: '0.0', 2: '0.0', 3: '2.212490124287102', 4: 396.56595440432903} 
{0: '0.71571072319202', 1: '0.0', 2: '0.0', 3: '2.212490124287102', 4: 388.8284540315886} 
{0: '0.7164179104477612', 1: '0.0', 2: '0.0', 3: '2.351855716390306', 4: 390.8881486335988} 
{0: '0.7146401985111662', 1: '0.0', 2: '0.0', 3: '2.351855716390306', 4: 392.78316827769675} 
{0: '0.7153465346534653', 1: '0.0', 2: '0.0', 3: '2.212490124287102', 4: 386.2862061323538} 
{0: '0.7160493827160493', 1: '0.0', 2: '0.0', 3: '2.081383018504685', 4: 377.08046115936656} 
{0: '0.7167487684729064', 1: '0.0', 2: '0.0', 3: '1.958045020027179', 4: 385.1058712219324} 
{0: '0.7174447174447175', 1: '0.0', 2: '0.0', 3: '1.842015749320195', 4: 380.8435738605546} 
{0: '0.7181372549019608', 1: '0.0', 2: '0.0', 3: '1.7328621078878674', 4: 378.82483716486826} 
{0: '0.7188264058679706', 1: '0.0', 2: '0.0', 3: '1.6301766616608926', 4: 388.5960631970471} 
{0: '0.7195121951219512', 1: '0.0', 2: '0.0', 3: '1.5335761201812925', 4: 375.5239242469163} 
{0: '0.7201946472019465', 1: '0.0', 2: '0.0', 3: '1.4426999059072143', 4: 382.2230220483039} 
{0: '0.720873786407767', 1: '0.0', 2: '0.0', 3: '1.3572088082974538', 4: 386.1603709683357} 
{0: '0.7191283292978208', 1: '0.0', 2: '0.0', 3: '1.3572088082974538', 4: 381.47593101202597} 
{0: '0.7198067632850241', 1: '0.0', 2: '0.0', 3: '1.4426999059072143', 4: 384.0305704522394} 
{0: '0.7204819277108434', 1: '0.0', 2: '0.0', 3: '1.5335761201812925', 4: 384.1232970954586} 
{0: '0.7211538461538461', 1: '0.0', 2: '0.0', 3: '1.6301766616608926', 4: 377.0474234837589} 
{0: '0.7218225419664268', 1: '0.0', 2: '0.0', 3: '1.7328621078878674', 4: 385.6743309017565} 
{0: '0.722488038277512', 1: '0.0', 2: '0.0', 3: '1.842015749320195', 4: 391.4016015347939} 
{0: '0.7231503579952268', 1: '0.0', 2: '0.0', 3: '1.958045020027179', 4: 381.4940948927781} 
{0: '0.7214285714285714', 1: '0.0', 2: '0.0', 3: '1.958045020027179', 4: 388.84358025013455} 
{0: '0.7220902612826603', 1: '0.0', 2: '0.0', 3: '1.842015749320195', 4: 391.95267427973715} 
{0: '0.7203791469194313', 1: '0.0', 2: '0.0', 3: '1.842015749320195', 4: 382.6425350046267} 
{0: '0.7210401891252955', 1: '0.0', 2: '0.0', 3: '1.958045020027179', 4: 387.8970095552414} 
{0: '0.7216981132075472', 1: '0.0', 2: '0.0', 3: '2.081383018504685', 4: 396.2141478091065} 
{0: '0.7223529411764706', 1: '0.0', 2: '0.0', 3: '2.212490124287102', 4: 384.3328828200079} 
{0: '0.7230046948356808', 1: '0.0', 2: '0.0', 3: '2.351855716390306', 4: 400.08401527307115} 
{0: '0.7213114754098361', 1: '0.0', 2: '0.0', 3: '2.351855716390306', 4: 401.8042133342503} 
{0: '0.719626168224299', 1: '0.0', 2: '0.0', 3: '2.351855716390306', 4: 395.5950776967017} 
{0: '0.7202797202797203', 1: '0.0', 2: '0.0', 3: '2.500000000000003', 4: 391.9798847680889} 
{0: '0.7186046511627907', 1: '0.0', 2: '0.0', 3: '2.500000000000003', 4: 392.0236042340076} 
{0: '0.7192575406032483', 1: '0.0', 2: '0.0', 3: '2.351855716390306', 4: 392.1251028129599} 
{0: '0.7199074074074074', 1: '0.0', 2: '0.0', 3: '2.212490124287102', 4: 383.93983967773806} 
{0: '0.7205542725173211', 1: '0.0', 2: '0.0', 3: '2.081383018504685', 4: 383.20748050036065} 
{0: '0.7211981566820277', 1: '0.0', 2: '0.0', 3: '1.958045020027179', 4: 395.1667582575847} 
{0: '0.7218390804597701', 1: '0.0', 2: '0.0', 3: '1.842015749320195', 4: 381.9723058711551} 
{0: '0.7201834862385321', 1: '0.0', 2: '0.0', 3: '1.842015749320195', 4: 393.7930734383061} 
{0: '0.7208237986270023', 1: '0.0', 2: '0.0', 3: '1.958045020027179', 4: 388.8803265536204} 
{0: '0.7214611872146118', 1: '0.0', 2: '0.0', 3: '2.081383018504685', 4: 391.3449944354829} 
{0: '0.7220956719817767', 1: '0.0', 2: '0.0', 3: '2.212490124287102', 4: 402.7540387701142} 
{0: '0.7227272727272728', 1: '0.0', 2: '0.0', 3: '2.351855716390306', 4: 386.28465065497744} 
{0: '0.7210884353741497', 1: '0.0', 2: '0.0', 3: '2.351855716390306', 4: 387.65051063260137} 
{0: '0.7217194570135747', 1: '0.0', 2: '0.0', 3: '2.212490124287102', 4: 385.01483656322205} 
{0: '0.7223476297968398', 1: '0.0', 2: '0.0', 3: '2.081383018504685', 4: 397.2640365487116} 
{0: '0.7207207207207207', 1: '0.0', 2: '0.0', 3: '2.081383018504685', 4: 390.03366428317304} 
{0: '0.7191011235955056', 1: '0.0', 2: '0.0', 3: '2.081383018504685', 4: 386.3095103610718} 
{0: '0.7174887892376681', 1: '0.0', 2: '0.0', 3: '2.081383018504685', 4: 385.7326520451645} 
{0: '0.7181208053691275', 1: '0.0', 2: '0.0', 3: '2.212490124287102', 4: 385.6947075997272} 
{0: '0.71875', 1: '0.0', 2: '0.0', 3: '2.351855716390306', 4: 385.6142317816477} 
{0: '0.7171492204899778', 1: '0.0', 2: '0.0', 3: '2.351855716390306', 4: 381.3136886291935} 
{0: '0.7177777777777777', 1: '0.0', 2: '0.0', 3: '2.212490124287102', 4: 385.3219925239817} 
{0: '0.7184035476718403', 1: '0.0', 2: '0.0', 3: '2.081383018504685', 4: 381.9751057490553} 
{0: '0.7190265486725663', 1: '0.0', 2: '0.0', 3: '1.958045020027179', 4: 388.2586131657813} 
{0: '0.7196467991169978', 1: '0.0', 2: '0.0', 3: '1.842015749320195', 4: 391.5262917777475} 
{0: '0.7180616740088106', 1: '0.0', 2: '0.0', 3: '1.842015749320195', 4: 385.16665012697945} 
{0: '0.7186813186813187', 1: '0.0', 2: '0.0', 3: '1.958045020027179', 4: 387.3815908967987} 
{0: '0.7192982456140351', 1: '0.0', 2: '0.0', 3: '2.081383018504685', 4: 393.7496172096969} 
{0: '0.7199124726477024', 1: '0.0', 2: '0.0', 3: '2.212490124287102', 4: 391.0816381248462} 
{0: '0.7205240174672489', 1: '0.0', 2: '0.0', 3: '2.351855716390306', 4: 393.91039378333505} 
{0: '0.7211328976034859', 1: '0.0', 2: '0.0', 3: '2.500000000000003', 4: 413.15859708208427} 
{0: '0.7195652173913043', 1: '0.0', 2: '0.0', 3: '2.500000000000003', 4: 387.8158860903618} 
{0: '0.720173535791757', 1: '0.0', 2: '0.0', 3: '2.351855716390306', 4: 389.7811934837164} 
{0: '0.7207792207792207', 1: '0.0', 2: '0.0', 3: '2.212490124287102', 4: 392.5238583559095} 
{0: '0.7213822894168467', 1: '0.0', 2: '0.0', 3: '2.081383018504685', 4: 401.9613579874657} 
{0: '0.7219827586206896', 1: '0.0', 2: '0.0', 3: '1.958045020027179', 4: 403.0169057078207} 
{0: '0.7204301075268817', 1: '0.0', 2: '0.0', 3: '1.958045020027179', 4: 388.914618104355} 
{0: '0.721030042918455', 1: '0.0', 2: '0.0', 3: '2.081383018504685', 4: 390.48516288555646} 
{0: '0.721627408993576', 1: '0.0', 2: '0.0', 3: '2.212490124287102', 4: 401.7507767892845} 
{0: '0.7222222222222222', 1: '0.0', 2: '0.0', 3: '2.351855716390306', 4: 392.8262905905375} 
{0: '0.7228144989339019', 1: '0.0', 2: '0.0', 3: '2.500000000000003', 4: 391.40372772244945} 
{0: '0.7212765957446808', 1: '0.0', 2: '0.0', 3: '2.500000000000003', 4: 388.4394303774545} 
{0: '0.721868365180467', 1: '0.0', 2: '0.0', 3: '2.351855716390306', 4: 384.59088222788904} 
{0: '0.722457627118644', 1: '0.0', 2: '0.0', 3: '2.212490124287102', 4: 374.94949320451826} 
{0: '0.7230443974630021', 1: '0.0', 2: '0.0', 3: '2.081383018504685', 4: 385.6834783836621} 
{0: '0.7236286919831224', 1: '0.0', 2: '0.0', 3: '1.958045020027179', 4: 387.9798646470865} 
{0: '0.7242105263157895', 1: '0.0', 2: '0.0', 3: '1.842015749320195', 4: 385.9638746825102} 
{0: '0.7247899159663865', 1: '0.0', 2: '0.0', 3: '1.7328621078878674', 4: 383.80837555654085} 
{0: '0.7253668763102725', 1: '0.0', 2: '0.0', 3: '1.6301766616608926', 4: 388.8227125659694} 
{0: '0.7259414225941423', 1: '0.0', 2: '0.0', 3: '1.5335761201812925', 4: 378.07322274060834} 
{0: '0.7244258872651357', 1: '0.0', 2: '0.0', 3: '1.5335761201812925', 4: 384.50551381111984} 
{0: '0.725', 1: '0.0', 2: '0.0', 3: '1.6301766616608926', 4: 378.7076338722447} 
{0: '0.7255717255717256', 1: '0.0', 2: '0.0', 3: '1.7328621078878674', 4: 390.79509989846156} 
{0: '0.7261410788381742', 1: '0.0', 2: '0.0', 3: '1.842015749320195', 4: 377.20518653124236} 
{0: '0.7267080745341615', 1: '0.0', 2: '0.0', 3: '1.958045020027179', 4: 391.2770951523698} 
{0: '0.7272727272727273', 1: '0.0', 2: '0.0', 3: '2.081383018504685', 4: 384.62520908195205} 
{0: '0.7278350515463917', 1: '0.0', 2: '0.0', 3: '2.212490124287102', 4: 386.41827750251343} 
{0: '0.7283950617283951', 1: '0.0', 2: '0.0', 3: '2.351855716390306', 4: 391.6187495548144} 
{0: '0.728952772073922', 1: '0.0', 2: '0.0', 3: '2.500000000000003', 4: 408.5474589780089} 
{0: '0.7274590163934426', 1: '0.0', 2: '0.0', 3: '2.500000000000003', 4: 408.4346202409466} 
{0: '0.7280163599182005', 1: '0.0', 2: '0.0', 3: '2.351855716390306', 4: 391.94912370397134} 
{0: '0.7285714285714285', 1: '0.0', 2: '0.0', 3: '2.212490124287102', 4: 384.35272476165227} 
{0: '0.7291242362525459', 1: '0.0', 2: '0.0', 3: '2.081383018504685', 4: 396.05241883059074} 
{0: '0.7296747967479674', 1: '0.0', 2: '0.0', 3: '1.958045020027179', 4: 383.086660364232} 
{0: '0.7281947261663286', 1: '0.0', 2: '0.0', 3: '1.958045020027179', 4: 379.2424599082882} 
{0: '0.7267206477732794', 1: '0.0', 2: '0.0', 3: '1.958045020027179', 4: 388.87245371519316} 
{0: '0.7252525252525253', 1: '0.0', 2: '0.0', 3: '1.958045020027179', 4: 383.4573707994787} 
{0: '0.7258064516129032', 1: '0.0', 2: '0.0', 3: '2.081383018504685', 4: 392.15339057858154} 
{0: '0.7263581488933601', 1: '0.0', 2: '0.0', 3: '2.212490124287102', 4: 390.08898374546595} 
{0: '0.7269076305220884', 1: '0.0', 2: '0.0', 3: '2.351855716390306', 4: 395.8918708274078} 
{0: '0.7274549098196392', 1: '0.0', 2: '0.0', 3: '2.500000000000003', 4: 390.07896694204794} 
