{'STAT2HEADER': 'STAT2HEADER', 'STAT2HEADER_ENVIRON': 'environ({\'OMPI_MCA_pmix\': \'^s1,s2,cray,isolated\', \'PMIX_MCA_mca_base_component_show_load_errors\': \'1\', \'OMPI_COMMAND\': \'python3\', \'OMPI_ARGV\': \'static_snapshot.py 3 0min\', \'OMPI_MCA_orte_precondition_transports\': \'bf458e3cdcc35314-d7e5823bc2abeacf\', \'LD_LIBRARY_PATH\': \'/salilab/diva1/programs/x86_64linux/numpy-py36-1.19.5/lib:/salilab/diva1/home/libs/x86_64/centos8:/salilab/diva1/home/libs/x86_64:/salilab/diva1/home/imp/main/20240607-af6f9d6a95/lib/release8:/salilab/diva1/programs/x86_64linux/opencv-4.3.0/lib64/rhel:/salilab/diva1/programs/x86_64linux/opencv-4.3.0/lib64:/salilab/diva1/programs/x86_64linux/hdf5-1.10.7/lib:/salilab/diva1/programs/x86_64linux/libtau-py27-1.0.1/lib64:/salilab/diva1/programs/x86_64linux/boost-1.73.0/lib64:/usr/lib64/openmpi/lib:/wynton/group/sali/miha_rozic/Software/imp-develop/build/lib::\', \'IMP_TMP_DIR\': \'/wynton/group/sali/miha_rozic/Software/imp-develop/build/tmp\', \'PE_HOSTFILE\': \'/var/spool/sge/wynton/qb3-id296/active_jobs/709014.1/pe_hostfile\', \'__LMOD_REF_COUNT_PATH\': \'/salilab/diva1/programs/x86_64linux/numpy-py36-1.19.5/bin:1;/salilab/diva1/home/imp/main/20240607-af6f9d6a95/bin/release8:1;/salilab/diva1/programs/x86_64linux/opencv-4.3.0/bin:1;/salilab/diva1/programs/x86_64linux/hdf5-1.10.7/bin:1;/usr/lib64/openmpi/bin:1;/wynton/home/sali/rozicmiha/.local/bin:1;/wynton/home/sali/rozicmiha/bin:1;/wynton/group/sali/miha_rozic/Software/imp-develop/build/bin:1;/wynton/group/sali/miha_rozic/Software/imp-develop/build/module_bin/EMageFit:1;/wynton/group/sali/miha_rozic/Software/imp-develop/build/module_bin/algebra:1;/wynton/group/sali/miha_rozic/Software/imp-develop/build/module_bin/atom:1;/wynton/group/sali/miha_rozic/Software/imp-develop/build/module_bin/benchmark:1;/wynton/group/sali/miha_rozic/Software/imp-develop/build/module_bin/cgal:1;/wynton/group/sali/miha_rozic/Software/imp-develop/build/module_bin/cnmultifit:1;/wynton/group/sali/miha_rozic/Software/imp-develop/build/module_bin/container:1;/wynton/group/sali/miha_rozic/Software/imp-develop/build/module_bin/core:1;/wynton/group/sali/miha_rozic/Software/imp-develop/build/module_bin/display:1;/wynton/group/sali/miha_rozic/Software/imp-develop/build/module_bin/domino:1;/wynton/group/sali/miha_rozic/Software/imp-develop/build/module_bin/em:1;/wynton/group/sali/miha_rozic/Software/imp-develop/build/module_bin/em2d:1;/wynton/group/sali/miha_rozic/Software/imp-develop/build/module_bin/example:1;/wynton/group/sali/miha_rozic/Software/imp-develop/build/module_bin/foxs:1;/wynton/group/sali/miha_rozic/Software/imp-develop/build/module_bin/gsl:1;/wynton/group/sali/miha_rozic/Software/imp-develop/build/module_bin/integrative_docking:1;/wynton/group/sali/miha_rozic/Software/imp-develop/build/module_bin/isd:1;/wynton/group/sali/miha_rozic/Software/imp-develop/build/module_bin/kernel:1;/wynton/group/sali/miha_rozic/Software/imp-develop/build/module_bin/kinematics:1;/wynton/group/sali/miha_rozic/Software/imp-develop/build/module_bin/kmeans:1;/wynton/group/sali/miha_rozic/Software/imp-develop/build/module_bin/misc:1;/wynton/group/sali/miha_rozic/Software/imp-develop/build/module_bin/mmcif:1;/wynton/group/sali/miha_rozic/Software/imp-develop/build/module_bin/modeller:1;/wynton/group/sali/miha_rozic/Software/imp-develop/build/module_bin/mpi:1;/wynton/group/sali/miha_rozic/Software/imp-develop/build/module_bin/multi_state:1;/wynton/group/sali/miha_rozic/Software/imp-develop/build/module_bin/multifit:1;/wynton/group/sali/miha_rozic/Software/imp-develop/build/module_bin/npc:1;/wynton/group/sali/miha_rozic/Software/imp-develop/build/module_bin/npcassembly:1;/wynton/group/sali/miha_rozic/Software/imp-develop/build/module_bin/parallel:1;/wynton/group/sali/miha_rozic/Software/imp-develop/build/module_bin/pepdock:1;/wynton/group/sali/miha_rozic/Software/imp-develop/build/module_bin/pmi:1;/wynton/group/sali/miha_rozic/Software/imp-develop/build/module_bin/rmf:1;/wynton/group/sali/miha_rozic/Software/imp-develop/build/module_bin/rotamer:1;/wynton/group/sali/miha_rozic/Software/imp-develop/build/module_bin/saxs:1;/wynton/group/sali/miha_rozic/Software/imp-develop/build/module_bin/saxs_merge:1;/wynton/group/sali/miha_rozic/Software/imp-develop/build/module_bin/score_functor:1;/wynton/group/sali/miha_rozic/Software/imp-develop/build/module_bin/scratch:1;/wynton/group/sali/miha_rozic/Software/imp-develop/build/module_bin/spb:1;/wynton/group/sali/miha_rozic/Software/imp-develop/build/module_bin/statistics:1;/wynton/group/sali/miha_rozic/Software/imp-develop/build/module_bin/symmetry:1;/wynton/group/sali/miha_rozic/Software/imp-develop/build/module_bin/test:1;/opt/sge/bin:1;/opt/sge/bin/lx-amd64:1;/scratch/709014.1.member.q:1;/usr/local/bin:1;/bin:1;/usr/bin:1;/usr/local/sbin:1;/usr/sbin:1\', \'_ModuleTable002_\': \'fSwKc3RhY2tEZXB0aCA9IDEsCnN0YXR1cyA9ICJhY3RpdmUiLAp1c2VyTmFtZSA9ICJib29zdC8xLjczLjAiLAp3ViA9ICIwMDAwMDAwMDEuMDAwMDAwMDczLip6ZmluYWwiLAp9LApoZGY1ID0gewpmbiA9ICIvc2FsaWxhYi9kaXZhMS9ob21lL21vZHVsZXMvaGRmNS8xLjEwLjciLApmdWxsTmFtZSA9ICJoZGY1LzEuMTAuNyIsCmxvYWRPcmRlciA9IDUsCnByb3BUID0ge30sCnN0YWNrRGVwdGggPSAyLApzdGF0dXMgPSAiYWN0aXZlIiwKdXNlck5hbWUgPSAiaGRmNS8xLjEwLjciLAp3ViA9ICIwMDAwMDAwMDEuMDAwMDAwMDEwLjAwMDAwMDAwNy4qemZpbmFsIiwKfSwKaW1wID0gewpmbiA9ICIvc2FsaWxhYi9kaXZhMS9ob21lL21vZHVsZXMvaW1wLzIuMjEuMCIsCmZ1bGxO\', \'IMP_DIR\': \'/salilab/diva1/home/imp/main/20240607-af6f9d6a95/lib/release8/cmake/IMP\', \'QUEUE\': \'member.q\', \'GOTO_NUM_THREADS\': \'1\', \'MPI_PYTHON3_SITEARCH\': \'/usr/lib64/python3.6/site-packages/openmpi\', \'LANG\': \'en_US.UTF-8\', \'HISTCONTROL\': \'ignoredups\', \'_ModuleTable008_\': \'cyIsCmZ1bGxOYW1lID0gInNhbGktbGlicmFyaWVzIiwKbG9hZE9yZGVyID0gOCwKcHJvcFQgPSB7fSwKc3RhY2tEZXB0aCA9IDEsCnN0YXR1cyA9ICJhY3RpdmUiLAp1c2VyTmFtZSA9ICJzYWxpLWxpYnJhcmllcyIsCndWID0gIk0uKnpmaW5hbCIsCn0sCn0sCm1wYXRoQSA9IHsKIi9zYWxpbGFiL2RpdmExL2hvbWUvbW9kdWxlcyIsICIvZXRjL21vZHVsZWZpbGVzIiwgIi91c3Ivc2hhcmUvbW9kdWxlZmlsZXMiCiwgIi91c3Ivc2hhcmUvbW9kdWxlZmlsZXMvTGludXgiLCAiL3Vzci9zaGFyZS9tb2R1bGVmaWxlcy9Db3JlIiwgIi91c3Ivc2hhcmUvbG1vZC9sbW9kL21vZHVsZWZpbGVzL0NvcmUiLAp9LApzeXN0ZW1CYXNlTVBBVEggPSAiL2V0Yy9tb2R1bGVmaWxlczovdXNy\', \'SGE_O_HOST\': \'dev1\', \'HOSTNAME\': \'qb3-id296.wynton.ucsf.edu\', \'OPENBLAS_NUM_THREADS\': \'1\', \'__LMOD_REF_COUNT_CMAKE_INCLUDE_PATH\': \'/salilab/diva1/programs/x86_64linux/opencv-4.3.0/include/opencv4:1;/salilab/diva1/programs/x86_64linux/hdf5-1.10.7/include:1;/salilab/diva1/programs/x86_64linux/libtau-py27-1.0.1/include:1;/salilab/diva1/programs/x86_64linux/boost-1.73.0/include:1\', \'SGE_RSH_COMMAND\': \'builtin\', \'ENVIRONMENT\': \'BATCH\', \'IMP_DATA\': \'/wynton/group/sali/miha_rozic/Software/imp-develop/build/data\', \'REQUEST\': \'test1\', \'SGE_STDIN_PATH\': \'/dev/null\', \'SGE_CELL\': \'wynton\', \'_ModuleTable007_\': \'MjEuMyIsCndWID0gIjAwMDAwMDAwMC4wMDAwMDAwMjEuMDAwMDAwMDAzLip6ZmluYWwiLAp9LApbInB5dGhvbjMvc2NpcHkiXSA9IHsKZm4gPSAiL3NhbGlsYWIvZGl2YTEvaG9tZS9tb2R1bGVzL3B5dGhvbjMvc2NpcHkvMS4zLjIiLApmdWxsTmFtZSA9ICJweXRob24zL3NjaXB5LzEuMy4yIiwKbG9hZE9yZGVyID0gMTAsCnByb3BUID0ge30sCnN0YWNrRGVwdGggPSAxLApzdGF0dXMgPSAiYWN0aXZlIiwKdXNlck5hbWUgPSAicHl0aG9uMy9zY2lweS8xLjMuMiIsCndWID0gIjAwMDAwMDAwMS4wMDAwMDAwMDMuMDAwMDAwMDAyLip6ZmluYWwiLAp9LApbInNhbGktbGlicmFyaWVzIl0gPSB7CmZuID0gIi9zYWxpbGFiL2RpdmExL2hvbWUvbW9kdWxlcy9zYWxpLWxpYnJhcmll\', \'CMAKE_INCLUDE_PATH\': \'/salilab/diva1/programs/x86_64linux/opencv-4.3.0/include/opencv4:/salilab/diva1/programs/x86_64linux/hdf5-1.10.7/include:/salilab/diva1/programs/x86_64linux/libtau-py27-1.0.1/include:/salilab/diva1/programs/x86_64linux/boost-1.73.0/include\', \'__LMOD_REF_COUNT_LD_LIBRARY_PATH\': \'/salilab/diva1/programs/x86_64linux/numpy-py36-1.19.5/lib:1;/salilab/diva1/home/libs/x86_64/centos8:1;/salilab/diva1/home/libs/x86_64:1;/salilab/diva1/home/imp/main/20240607-af6f9d6a95/lib/release8:1;/salilab/diva1/programs/x86_64linux/opencv-4.3.0/lib64/rhel:1;/salilab/diva1/programs/x86_64linux/opencv-4.3.0/lib64:1;/salilab/diva1/programs/x86_64linux/hdf5-1.10.7/lib:1;/salilab/diva1/programs/x86_64linux/libtau-py27-1.0.1/lib64:1;/salilab/diva1/programs/x86_64linux/boost-1.73.0/lib64:1;/usr/lib64/openmpi/lib:1;/wynton/group/sali/miha_rozic/Software/imp-develop/build/lib:2;:1\', \'__LMOD_REF_COUNT_PKG_CONFIG_PATH\': \'/usr/lib64/openmpi/lib/pkgconfig:1\', \'_ModuleTable004_\': \'aGFyZS9tb2R1bGVmaWxlcy9tcGkvb3Blbm1waS14ODZfNjQiLApmdWxsTmFtZSA9ICJtcGkvb3Blbm1waS14ODZfNjQiLApsb2FkT3JkZXIgPSAyLApwcm9wVCA9IHt9LApzdGFja0RlcHRoID0gMCwKc3RhdHVzID0gImFjdGl2ZSIsCnVzZXJOYW1lID0gIm1waS9vcGVubXBpLXg4Nl82NCIsCndWID0gIipvcGVubXBpLip4LjAwMDAwMDA4Ni4qXy4wMDAwMDAwNjQuKnpmaW5hbCIsCn0sCm9wZW5jdiA9IHsKZm4gPSAiL3NhbGlsYWIvZGl2YTEvaG9tZS9tb2R1bGVzL29wZW5jdi80LjMuMCIsCmZ1bGxOYW1lID0gIm9wZW5jdi80LjMuMCIsCmxvYWRPcmRlciA9IDYsCnByb3BUID0ge30sCnN0YWNrRGVwdGggPSAxLApzdGF0dXMgPSAiYWN0aXZlIiwKdXNlck5hbWUgPSAib3Bl\', \'__LMOD_REF_COUNT_PYTHONPATH\': \'/salilab/diva1/programs/x86_64linux/scikit-py36-0.21.3/lib64/python3.6/site-packages:1;/salilab/diva1/programs/linux/joblib-0.17.0/lib/python3.6/site-packages:1;/salilab/diva1/programs/x86_64linux/scipy-py36-1.3.2/lib64/python3.6/site-packages:1;/salilab/diva1/programs/x86_64linux/numpy-py36-1.19.5/lib64/python3.6/site-packages:1;/salilab/diva1/home/imp/main/20240607-af6f9d6a95/lib/release8:1;/salilab/diva1/programs/x86_64linux/opencv-4.3.0/lib/python3.6/site-packages:1;/wynton/group/sali/miha_rozic/Software/imp-develop/build/lib:2;:1\', \'which_declare\': \'declare -f\', \'NHOSTS\': \'1\', \'SGE_O_WORKDIR\': \'/wynton/group/sali/miha_rozic/Input_information/SNAPSHOTS/central_directory/snapshot3_0min/run13\', \'USER\': \'rozicmiha\', \'SGE_TASK_ID\': \'undefined\', \'__LMOD_REF_COUNT_CMAKE_LIBRARY_PATH\': \'/salilab/diva1/programs/x86_64linux/opencv-4.3.0/lib64:1;/salilab/diva1/programs/x86_64linux/hdf5-1.10.7/lib:1;/salilab/diva1/programs/x86_64linux/libtau-py27-1.0.1/lib64:1;/salilab/diva1/programs/x86_64linux/boost-1.73.0/lib64:1\', \'SGE_TASK_FIRST\': \'undefined\', \'NSLOTS\': \'16\', \'__LMOD_REF_COUNT_MODULEPATH\': \'/salilab/diva1/home/modules:1;/etc/modulefiles:1;/usr/share/modulefiles:1;/usr/share/modulefiles/Linux:1;/usr/share/modulefiles/Core:1;/usr/share/lmod/lmod/modulefiles/Core:1\', \'PWD\': \'/wynton/group/sali/miha_rozic/Input_information/SNAPSHOTS/central_directory/snapshot3_0min/run13\', \'HOME\': \'/wynton/home/sali/rozicmiha\', \'NQUEUES\': \'1\', \'TMP\': \'/scratch/709014.1.member.q\', \'PE\': \'smp\', \'SGE_O_HOME\': \'/wynton/home/sali/rozicmiha\', \'LMOD_VERSION\': \'8.7.32\', \'JOB_NAME\': \'test1\', \'BASH_ENV\': \'/usr/share/lmod/lmod/init/bash\', \'MPI_FORTRAN_MOD_DIR\': \'/usr/lib64/gfortran/modules/openmpi\', \'SGE_TASK_LAST\': \'undefined\', \'MKL_NUM_THREADS\': \'1\', \'MPI_COMPILER\': \'openmpi-x86_64\', \'SGE_ACCOUNT\': \'sge\', \'SGE_ROOT\': \'/opt/sge\', \'MPI_SUFFIX\': \'_openmpi\', \'TMPDIR\': \'/scratch/709014.1.member.q\', \'RESTARTED\': \'0\', \'LMOD_sys\': \'Linux\', \'_ModuleTable001_\': \'X01vZHVsZVRhYmxlXyA9IHsKTVR2ZXJzaW9uID0gMywKY19yZWJ1aWxkVGltZSA9IGZhbHNlLApjX3Nob3J0VGltZSA9IGZhbHNlLApkZXB0aFQgPSB7fSwKZmFtaWx5ID0ge30sCm1UID0gewpTYWxpID0gewpmbiA9ICIvZXRjL21vZHVsZWZpbGVzL1NhbGkubHVhIiwKZnVsbE5hbWUgPSAiU2FsaSIsCmxvYWRPcmRlciA9IDEsCnByb3BUID0ge30sCnN0YWNrRGVwdGggPSAwLApzdGF0dXMgPSAiYWN0aXZlIiwKdXNlck5hbWUgPSAiU2FsaSIsCndWID0gIk0uKnpmaW5hbCIsCn0sCmJvb3N0ID0gewpmbiA9ICIvc2FsaWxhYi9kaXZhMS9ob21lL21vZHVsZXMvYm9vc3QvMS43My4wIiwKZnVsbE5hbWUgPSAiYm9vc3QvMS43My4wIiwKbG9hZE9yZGVyID0gMywKcHJvcFQgPSB7\', \'LOADEDMODULES\': \'Sali:mpi/openmpi-x86_64:boost/1.73.0:libtau/1.0.1:hdf5/1.10.7:opencv/4.3.0:imp/2.21.0:sali-libraries:python3/numpy/1.19.5:python3/scipy/1.3.2:python3/joblib/0.17.0:python3/scikit/0.21.3\', \'SGE_O_PATH\': \'/salilab/diva1/programs/x86_64linux/numpy-py36-1.19.5/bin:/salilab/diva1/home/imp/main/20240607-af6f9d6a95/bin/release8:/salilab/diva1/programs/x86_64linux/opencv-4.3.0/bin:/salilab/diva1/programs/x86_64linux/hdf5-1.10.7/bin:/wynton/home/sali/rozicmiha/.local/bin:/wynton/home/sali/rozicmiha/bin:/wynton/group/sali/miha_rozic/Software/imp-develop/build/bin:/wynton/group/sali/miha_rozic/Software/imp-develop/build/module_bin/EMageFit:/wynton/group/sali/miha_rozic/Software/imp-develop/build/module_bin/algebra:/wynton/group/sali/miha_rozic/Software/imp-develop/build/module_bin/atom:/wynton/group/sali/miha_rozic/Software/imp-develop/build/module_bin/benchmark:/wynton/group/sali/miha_rozic/Software/imp-develop/build/module_bin/cgal:/wynton/group/sali/miha_rozic/Software/imp-develop/build/module_bin/cnmultifit:/wynton/group/sali/miha_rozic/Software/imp-develop/build/module_bin/container:/wynton/group/sali/miha_rozic/Software/imp-develop/build/module_bin/core:/wynton/group/sali/miha_rozic/Software/imp-develop/build/module_bin/display:/wynton/group/sali/miha_rozic/Software/imp-develop/build/module_bin/domino:/wynton/group/sali/miha_rozic/Software/imp-develop/build/module_bin/em:/wynton/group/sali/miha_rozic/Software/imp-develop/build/module_bin/em2d:/wynton/group/sali/miha_rozic/Software/imp-develop/build/module_bin/example:/wynton/group/sali/miha_rozic/Software/imp-develop/build/module_bin/foxs:/wynton/group/sali/miha_rozic/Software/imp-develop/build/module_bin/gsl:/wynton/group/sali/miha_rozic/Software/imp-develop/build/module_bin/integrative_docking:/wynton/group/sali/miha_rozic/Software/imp-develop/build/module_bin/isd:/wynton/group/sali/miha_rozic/Software/imp-develop/build/module_bin/kernel:/wynton/group/sali/miha_rozic/Software/imp-develop/build/module_bin/kinematics:/wynton/group/sali/miha_rozic/Software/imp-develop/build/module_bin/kmeans:/wynton/group/sali/miha_rozic/Software/imp-develop/build/module_bin/misc:/wynton/group/sali/miha_rozic/Software/imp-develop/build/module_bin/mmcif:/wynton/group/sali/miha_rozic/Software/imp-develop/build/module_bin/modeller:/wynton/group/sali/miha_rozic/Software/imp-develop/build/module_bin/mpi:/wynton/group/sali/miha_rozic/Software/imp-develop/build/module_bin/multi_state:/wynton/group/sali/miha_rozic/Software/imp-develop/build/module_bin/multifit:/wynton/group/sali/miha_rozic/Software/imp-develop/build/module_bin/npc:/wynton/group/sali/miha_rozic/Software/imp-develop/build/module_bin/npcassembly:/wynton/group/sali/miha_rozic/Software/imp-develop/build/module_bin/parallel:/wynton/group/sali/miha_rozic/Software/imp-develop/build/module_bin/pepdock:/wynton/group/sali/miha_rozic/Software/imp-develop/build/module_bin/pmi:/wynton/group/sali/miha_rozic/Software/imp-develop/build/module_bin/rmf:/wynton/group/sali/miha_rozic/Software/imp-develop/build/module_bin/rotamer:/wynton/group/sali/miha_rozic/Software/imp-develop/build/module_bin/saxs:/wynton/group/sali/miha_rozic/Software/imp-develop/build/module_bin/saxs_merge:/wynton/group/sali/miha_rozic/Software/imp-develop/build/module_bin/score_functor:/wynton/group/sali/miha_rozic/Software/imp-develop/build/module_bin/scratch:/wynton/group/sali/miha_rozic/Software/imp-develop/build/module_bin/spb:/wynton/group/sali/miha_rozic/Software/imp-develop/build/module_bin/statistics:/wynton/group/sali/miha_rozic/Software/imp-develop/build/module_bin/symmetry:/wynton/group/sali/miha_rozic/Software/imp-develop/build/module_bin/test:/opt/sge/bin:/opt/sge/bin/lx-amd64:/usr/local/bin:/usr/bin:/usr/local/sbin:/usr/sbin\', \'SGE_O_SHELL\': \'/bin/bash\', \'_ModuleTable006_\': \'bWUgPSAicHl0aG9uMy9udW1weS8xLjE5LjUiLApsb2FkT3JkZXIgPSA5LApwcm9wVCA9IHt9LApzdGFja0RlcHRoID0gMiwKc3RhdHVzID0gImFjdGl2ZSIsCnVzZXJOYW1lID0gInB5dGhvbjMvbnVtcHkvMS4xOS41IiwKd1YgPSAiMDAwMDAwMDAxLjAwMDAwMDAxOS4wMDAwMDAwMDUuKnpmaW5hbCIsCn0sClsicHl0aG9uMy9zY2lraXQiXSA9IHsKZm4gPSAiL3NhbGlsYWIvZGl2YTEvaG9tZS9tb2R1bGVzL3B5dGhvbjMvc2Npa2l0LzAuMjEuMyIsCmZ1bGxOYW1lID0gInB5dGhvbjMvc2Npa2l0LzAuMjEuMyIsCmxvYWRPcmRlciA9IDEyLApwcm9wVCA9IHt9LApzdGFja0RlcHRoID0gMCwKc3RhdHVzID0gImFjdGl2ZSIsCnVzZXJOYW1lID0gInB5dGhvbjMvc2Npa2l0LzAu\', \'__LMOD_REF_COUNT_MANPATH\': \':2;/usr/share/man/openmpi-x86_64:1;/opt/sge/man:1;/usr/share/lmod/lmod/share/man:1\', \'MPI_INCLUDE\': \'/usr/include/openmpi-x86_64\', \'_ModuleTable003_\': \'YW1lID0gImltcC8yLjIxLjAiLApsb2FkT3JkZXIgPSA3LApwcm9wVCA9IHt9LApzdGFja0RlcHRoID0gMCwKc3RhdHVzID0gImFjdGl2ZSIsCnVzZXJOYW1lID0gImltcCIsCndWID0gIl4wMDAwMDAwMi4wMDAwMDAwMjEuKnpmaW5hbCIsCn0sCmxpYnRhdSA9IHsKZm4gPSAiL3NhbGlsYWIvZGl2YTEvaG9tZS9tb2R1bGVzL2xpYnRhdS8xLjAuMSIsCmZ1bGxOYW1lID0gImxpYnRhdS8xLjAuMSIsCmxvYWRPcmRlciA9IDQsCnByb3BUID0ge30sCnN0YWNrRGVwdGggPSAxLApzdGF0dXMgPSAiYWN0aXZlIiwKdXNlck5hbWUgPSAibGlidGF1LzEuMC4xIiwKd1YgPSAiMDAwMDAwMDAxLjAwMDAwMDAwMC4wMDAwMDAwMDEuKnpmaW5hbCIsCn0sCm1waSA9IHsKZm4gPSAiL3Vzci9z\', \'LMOD_ROOT\': \'/usr/share/lmod\', \'SYSTEMCTL_SKIP_REDIRECT\': \'\', \'MAIL\': \'/var/spool/mail/rozicmiha\', \'SGE_CWD_PATH\': \'/wynton/group/sali/miha_rozic/Input_information/SNAPSHOTS/central_directory/snapshot3_0min/run13\', \'MPI_HOME\': \'/usr/lib64/openmpi\', \'_ModuleTable009_\': \'L3NoYXJlL21vZHVsZWZpbGVzOi91c3Ivc2hhcmUvbW9kdWxlZmlsZXMvTGludXg6L3Vzci9zaGFyZS9tb2R1bGVmaWxlcy9Db3JlOi91c3Ivc2hhcmUvbG1vZC9sbW9kL21vZHVsZWZpbGVzL0NvcmUiLAp9Cg==\', \'SGE_TASK_STEPSIZE\': \'undefined\', \'SHELL\': \'/bin/bash\', \'TERM\': \'\', \'_ModuleTable_Sz_\': \'9\', \'SGE_JOB_SPOOL_DIR\': \'/var/spool/sge/wynton/qb3-id296/active_jobs/709014.1\', \'JOB_ID\': \'709014\', \'IMP_EXAMPLE_DATA\': \'/wynton/group/sali/miha_rozic/Software/imp-develop/build/doc/examples\', \'R_FUTURE_AVAILABLECORES_FALLBACK\': \'1\', \'JOB_SCRIPT\': \'/var/spool/sge/wynton/qb3-id296/job_scripts/709014\', \'SHLVL\': \'2\', \'SGE_O_LOGNAME\': \'rozicmiha\', \'SGE_O_MAIL\': \'/var/spool/mail/rozicmiha\', \'PYTHONPATH\': \'/salilab/diva1/programs/x86_64linux/scikit-py36-0.21.3/lib64/python3.6/site-packages:/salilab/diva1/programs/linux/joblib-0.17.0/lib/python3.6/site-packages:/salilab/diva1/programs/x86_64linux/scipy-py36-1.3.2/lib64/python3.6/site-packages:/salilab/diva1/programs/x86_64linux/numpy-py36-1.19.5/lib64/python3.6/site-packages:/salilab/diva1/home/imp/main/20240607-af6f9d6a95/lib/release8:/salilab/diva1/programs/x86_64linux/opencv-4.3.0/lib/python3.6/site-packages:/wynton/group/sali/miha_rozic/Software/imp-develop/build/lib::\', \'MANPATH\': \':/usr/share/man/openmpi-x86_64:/opt/sge/man:/usr/share/lmod/lmod/share/man\', \'MODULEPATH\': \'/salilab/diva1/home/modules:/etc/modulefiles:/usr/share/modulefiles:/usr/share/modulefiles/Linux:/usr/share/modulefiles/Core:/usr/share/lmod/lmod/modulefiles/Core\', \'MPI_SYSCONFIG\': \'/etc/openmpi-x86_64\', \'LOGNAME\': \'rozicmiha\', \'SYSTEMCTL_IGNORE_DEPENDENCIES\': \'\', \'MODULEPATH_ROOT\': \'/usr/share/modulefiles\', \'PATH\': \'/salilab/diva1/programs/x86_64linux/numpy-py36-1.19.5/bin:/salilab/diva1/home/imp/main/20240607-af6f9d6a95/bin/release8:/salilab/diva1/programs/x86_64linux/opencv-4.3.0/bin:/salilab/diva1/programs/x86_64linux/hdf5-1.10.7/bin:/usr/lib64/openmpi/bin:/wynton/home/sali/rozicmiha/.local/bin:/wynton/home/sali/rozicmiha/bin:/wynton/group/sali/miha_rozic/Software/imp-develop/build/bin:/wynton/group/sali/miha_rozic/Software/imp-develop/build/module_bin/EMageFit:/wynton/group/sali/miha_rozic/Software/imp-develop/build/module_bin/algebra:/wynton/group/sali/miha_rozic/Software/imp-develop/build/module_bin/atom:/wynton/group/sali/miha_rozic/Software/imp-develop/build/module_bin/benchmark:/wynton/group/sali/miha_rozic/Software/imp-develop/build/module_bin/cgal:/wynton/group/sali/miha_rozic/Software/imp-develop/build/module_bin/cnmultifit:/wynton/group/sali/miha_rozic/Software/imp-develop/build/module_bin/container:/wynton/group/sali/miha_rozic/Software/imp-develop/build/module_bin/core:/wynton/group/sali/miha_rozic/Software/imp-develop/build/module_bin/display:/wynton/group/sali/miha_rozic/Software/imp-develop/build/module_bin/domino:/wynton/group/sali/miha_rozic/Software/imp-develop/build/module_bin/em:/wynton/group/sali/miha_rozic/Software/imp-develop/build/module_bin/em2d:/wynton/group/sali/miha_rozic/Software/imp-develop/build/module_bin/example:/wynton/group/sali/miha_rozic/Software/imp-develop/build/module_bin/foxs:/wynton/group/sali/miha_rozic/Software/imp-develop/build/module_bin/gsl:/wynton/group/sali/miha_rozic/Software/imp-develop/build/module_bin/integrative_docking:/wynton/group/sali/miha_rozic/Software/imp-develop/build/module_bin/isd:/wynton/group/sali/miha_rozic/Software/imp-develop/build/module_bin/kernel:/wynton/group/sali/miha_rozic/Software/imp-develop/build/module_bin/kinematics:/wynton/group/sali/miha_rozic/Software/imp-develop/build/module_bin/kmeans:/wynton/group/sali/miha_rozic/Software/imp-develop/build/module_bin/misc:/wynton/group/sali/miha_rozic/Software/imp-develop/build/module_bin/mmcif:/wynton/group/sali/miha_rozic/Software/imp-develop/build/module_bin/modeller:/wynton/group/sali/miha_rozic/Software/imp-develop/build/module_bin/mpi:/wynton/group/sali/miha_rozic/Software/imp-develop/build/module_bin/multi_state:/wynton/group/sali/miha_rozic/Software/imp-develop/build/module_bin/multifit:/wynton/group/sali/miha_rozic/Software/imp-develop/build/module_bin/npc:/wynton/group/sali/miha_rozic/Software/imp-develop/build/module_bin/npcassembly:/wynton/group/sali/miha_rozic/Software/imp-develop/build/module_bin/parallel:/wynton/group/sali/miha_rozic/Software/imp-develop/build/module_bin/pepdock:/wynton/group/sali/miha_rozic/Software/imp-develop/build/module_bin/pmi:/wynton/group/sali/miha_rozic/Software/imp-develop/build/module_bin/rmf:/wynton/group/sali/miha_rozic/Software/imp-develop/build/module_bin/rotamer:/wynton/group/sali/miha_rozic/Software/imp-develop/build/module_bin/saxs:/wynton/group/sali/miha_rozic/Software/imp-develop/build/module_bin/saxs_merge:/wynton/group/sali/miha_rozic/Software/imp-develop/build/module_bin/score_functor:/wynton/group/sali/miha_rozic/Software/imp-develop/build/module_bin/scratch:/wynton/group/sali/miha_rozic/Software/imp-develop/build/module_bin/spb:/wynton/group/sali/miha_rozic/Software/imp-develop/build/module_bin/statistics:/wynton/group/sali/miha_rozic/Software/imp-develop/build/module_bin/symmetry:/wynton/group/sali/miha_rozic/Software/imp-develop/build/module_bin/test:/opt/sge/bin:/opt/sge/bin/lx-amd64:/scratch/709014.1.member.q:/usr/local/bin:/bin:/usr/bin:/usr/local/sbin:/usr/sbin\', \'MPI_BIN\': \'/usr/lib64/openmpi/bin\', \'SGE_STDERR_PATH\': \'/wynton/group/sali/miha_rozic/Input_information/SNAPSHOTS/central_directory/snapshot3_0min/run13/test1.o709014\', \'_LMFILES_\': \'/etc/modulefiles/Sali.lua:/usr/share/modulefiles/mpi/openmpi-x86_64:/salilab/diva1/home/modules/boost/1.73.0:/salilab/diva1/home/modules/libtau/1.0.1:/salilab/diva1/home/modules/hdf5/1.10.7:/salilab/diva1/home/modules/opencv/4.3.0:/salilab/diva1/home/modules/imp/2.21.0:/salilab/diva1/home/modules/sali-libraries:/salilab/diva1/home/modules/python3/numpy/1.19.5:/salilab/diva1/home/modules/python3/scipy/1.3.2:/salilab/diva1/home/modules/python3/joblib/0.17.0:/salilab/diva1/home/modules/python3/scikit/0.21.3\', \'DEBUGINFOD_URLS\': \'https://debuginfod.centos.org/ \', \'MODULESHOME\': \'/usr/share/lmod/lmod\', \'PKG_CONFIG_PATH\': \'/usr/lib64/openmpi/lib/pkgconfig\', \'LMOD_SETTARG_FULL_SUPPORT\': \'no\', \'HISTSIZE\': \'1000\', \'SGE_ARCH\': \'lx-amd64\', \'LMOD_PKG\': \'/usr/share/lmod/lmod\', \'CMAKE_LIBRARY_PATH\': \'/salilab/diva1/programs/x86_64linux/opencv-4.3.0/lib64:/salilab/diva1/programs/x86_64linux/hdf5-1.10.7/lib:/salilab/diva1/programs/x86_64linux/libtau-py27-1.0.1/lib64:/salilab/diva1/programs/x86_64linux/boost-1.73.0/lib64\', \'ARC\': \'lx-amd64\', \'MPI_LIB\': \'/usr/lib64/openmpi/lib\', \'SGE_BINARY_PATH\': \'/opt/sge/bin/lx-amd64\', \'SGE_STDOUT_PATH\': \'/wynton/group/sali/miha_rozic/Input_information/SNAPSHOTS/central_directory/snapshot3_0min/run13/test1.o709014\', \'_ModuleTable005_\': \'bmN2LzQuMy4wIiwKd1YgPSAiMDAwMDAwMDA0LjAwMDAwMDAwMy4qemZpbmFsIiwKfSwKWyJweXRob24zL2pvYmxpYiJdID0gewpmbiA9ICIvc2FsaWxhYi9kaXZhMS9ob21lL21vZHVsZXMvcHl0aG9uMy9qb2JsaWIvMC4xNy4wIiwKZnVsbE5hbWUgPSAicHl0aG9uMy9qb2JsaWIvMC4xNy4wIiwKbG9hZE9yZGVyID0gMTEsCnByb3BUID0ge30sCnN0YWNrRGVwdGggPSAxLApzdGF0dXMgPSAiYWN0aXZlIiwKdXNlck5hbWUgPSAicHl0aG9uMy9qb2JsaWIiLAp3ViA9ICIwMDAwMDAwMDAuMDAwMDAwMDE3Lip6ZmluYWwiLAp9LApbInB5dGhvbjMvbnVtcHkiXSA9IHsKZm4gPSAiL3NhbGlsYWIvZGl2YTEvaG9tZS9tb2R1bGVzL3B5dGhvbjMvbnVtcHkvMS4xOS41IiwKZnVsbE5h\', \'LMOD_CMD\': \'/usr/share/lmod/lmod/libexec/lmod\', \'REQNAME\': \'test1\', \'IMP_BIN_DIR\': \'/wynton/group/sali/miha_rozic/Software/imp-develop/build/bin\', \'MPI_MAN\': \'/usr/share/man/openmpi-x86_64\', \'LESSOPEN\': \'||/usr/bin/lesspipe.sh %s\', \'OMP_NUM_THREADS\': \'1\', \'SGE_CLUSTER_NAME\': \'wynton_cluster\', \'LMOD_DIR\': \'/usr/share/lmod/lmod/libexec\', \'BASH_FUNC_which%%\': \'() {  ( alias;\\n eval ${which_declare} ) | /usr/bin/which --tty-only --read-alias --read-functions --show-tilde --show-dot $@\\n}\', \'BASH_FUNC_module%%\': \'() {  if [ -z "${LMOD_SH_DBG_ON+x}" ]; then\\n case "$-" in \\n *v*x*)\\n __lmod_sh_dbg=\\\'vx\\\'\\n ;;\\n *v*)\\n __lmod_sh_dbg=\\\'v\\\'\\n ;;\\n *x*)\\n __lmod_sh_dbg=\\\'x\\\'\\n ;;\\n esac;\\n fi;\\n if [ -n "${__lmod_sh_dbg:-}" ]; then\\n set +$__lmod_sh_dbg;\\n echo "Shell debugging temporarily silenced: export LMOD_SH_DBG_ON=1 for Lmod\\\'s output" 1>&2;\\n fi;\\n eval "$($LMOD_CMD shell "$@")" && eval "$(${LMOD_SETTARG_CMD:-:} -s sh)";\\n __lmod_my_status=$?;\\n if [ -n "${__lmod_sh_dbg:-}" ]; then\\n echo "Shell debugging restarted" 1>&2;\\n set -$__lmod_sh_dbg;\\n fi;\\n unset __lmod_sh_dbg;\\n return $__lmod_my_status\\n}\', \'BASH_FUNC_ml%%\': \'() {  eval "$($LMOD_DIR/ml_cmd "$@")"\\n}\', \'_\': \'/usr/lib64/openmpi/bin/mpirun\', \'IPATH_NO_BACKTRACE\': \'1\', \'HFI_NO_BACKTRACE\': \'1\', \'OMPI_MCA_orte_local_daemon_uri\': \'3291676672.0;tcp://172.26.39.46:51319\', \'OMPI_MCA_orte_hnp_uri\': \'3291676672.0;tcp://172.26.39.46:51319\', \'OMPI_MCA_mpi_oversubscribe\': \'0\', \'OMPI_MCA_orte_app_num\': \'0\', \'OMPI_UNIVERSE_SIZE\': \'16\', \'OMPI_MCA_orte_num_nodes\': \'1\', \'OMPI_MCA_shmem_RUNTIME_QUERY_hint\': \'mmap\', \'OMPI_MCA_orte_bound_at_launch\': \'1\', \'OMPI_MCA_ess\': \'^singleton\', \'OMPI_MCA_orte_ess_num_procs\': \'16\', \'OMPI_COMM_WORLD_SIZE\': \'16\', \'OMPI_COMM_WORLD_LOCAL_SIZE\': \'16\', \'OMPI_MCA_orte_tmpdir_base\': \'/scratch/709014.1.member.q\', \'OMPI_MCA_orte_top_session_dir\': \'/scratch/709014.1.member.q/ompi.qb3-id296.11149\', \'OMPI_MCA_orte_jobfam_session_dir\': \'/scratch/709014.1.member.q/ompi.qb3-id296.11149/pid.2293088\', \'OMPI_NUM_APP_CTX\': \'1\', \'OMPI_FIRST_RANKS\': \'0\', \'OMPI_APP_CTX_NUM_PROCS\': \'16\', \'OMPI_MCA_initial_wdir\': \'/wynton/group/sali/miha_rozic/Input_information/SNAPSHOTS/central_directory/snapshot3_0min/run13\', \'OMPI_MCA_orte_launch\': \'1\', \'PMIX_NAMESPACE\': \'3291676673\', \'PMIX_RANK\': \'1\', \'PMIX_SERVER_URI2\': \'3291676672.0;tcp4://127.0.0.1:43585\', \'PMIX_SERVER_URI21\': \'3291676672.0;tcp4://127.0.0.1:43585\', \'PMIX_SECURITY_MODE\': \'native,none\', \'PMIX_PTL_MODULE\': \'tcp,usock\', \'PMIX_BFROP_BUFFER_TYPE\': \'PMIX_BFROP_BUFFER_NON_DESC\', \'PMIX_GDS_MODULE\': \'ds21,ds12,hash\', \'PMIX_SERVER_TMPDIR\': \'/scratch/709014.1.member.q/ompi.qb3-id296.11149/pid.2293088\', \'PMIX_SYSTEM_TMPDIR\': \'/scratch/709014.1.member.q\', \'PMIX_DSTORE_21_BASE_PATH\': \'/scratch/709014.1.member.q/ompi.qb3-id296.11149/pid.2293088/pmix_dstor_ds21_2293088\', \'PMIX_DSTORE_ESH_BASE_PATH\': \'/scratch/709014.1.member.q/ompi.qb3-id296.11149/pid.2293088/pmix_dstor_ds12_2293088\', \'OMPI_MCA_ess_base_jobid\': \'3291676673\', \'OMPI_MCA_ess_base_vpid\': \'1\', \'OMPI_COMM_WORLD_RANK\': \'1\', \'OMPI_COMM_WORLD_LOCAL_RANK\': \'1\', \'OMPI_COMM_WORLD_NODE_RANK\': \'1\', \'OMPI_MCA_orte_ess_node_rank\': \'1\', \'PMIX_ID\': \'3291676673.1\', \'OMPI_FILE_LOCATION\': \'/scratch/709014.1.member.q/ompi.qb3-id296.11149/pid.2293088/0/0\', \'KMP_DUPLICATE_LIB_OK\': \'True\', \'KMP_INIT_AT_FORK\': \'FALSE\'})', 'STAT2HEADER_IMP_VERSIONS': "{'IMP_VERSION': '2.21.0', 'PMI_VERSION': '2.21.0'}", 0: 'ReplicaExchange_SwapSuccessRatio', 1: 'ReplicaExchange_MinTempFrequency', 2: 'ReplicaExchange_MaxTempFrequency', 3: 'ReplicaExchange_CurrentTemp', 4: 'score'} 
{0: '0', 1: '0', 2: '0', 3: '1.0629903792895394', 4: inf} 
{0: '0.0', 1: '0.0', 2: '0.0', 3: '1.0629903792895394', 4: inf} 
{0: '0.0', 1: '0.0', 2: '0.0', 3: '1.0629903792895394', 4: inf} 
{0: '0.0', 1: '0.0', 2: '0.0', 3: '1.0629903792895394', 4: inf} 
{0: '0.0', 1: '0.0', 2: '0.0', 3: '1.0629903792895394', 4: inf} 
{0: '0.0', 1: '0.0', 2: '0.0', 3: '1.0629903792895394', 4: inf} 
{0: '0.0', 1: '0.0', 2: '0.0', 3: '1.0629903792895394', 4: 4066.0547178248844} 
{0: '0.0', 1: '0.0', 2: '0.0', 3: '1.0629903792895394', 4: 1825.8412718059558} 
{0: '0.125', 1: '0.0', 2: '0.0', 3: '1.1299485464621188', 4: 1535.7286260708436} 
{0: '0.2222222222222222', 1: '0.0', 2: '0.0', 3: '1.2011244339814315', 4: 1270.4970691707797} 
{0: '0.3', 1: '0.0', 2: '0.0', 3: '1.2767837176518553', 4: 1226.7545256560486} 
{0: '0.36363636363636365', 1: '0.0', 2: '0.0', 3: '1.3572088082974538', 4: 1138.3297382641367} 
{0: '0.4166666666666667', 1: '0.0', 2: '0.0', 3: '1.4426999059072143', 4: 597.2982514392498} 
{0: '0.46153846153846156', 1: '0.0', 2: '0.0', 3: '1.5335761201812925', 4: 572.9532876804038} 
{0: '0.5', 1: '0.0', 2: '0.0', 3: '1.6301766616608926', 4: 534.6125518708067} 
{0: '0.5333333333333333', 1: '0.0', 2: '0.0', 3: '1.7328621078878674', 4: 519.0796585747361} 
{0: '0.5625', 1: '0.0', 2: '0.0', 3: '1.842015749320195', 4: 471.6335720820394} 
{0: '0.5882352941176471', 1: '0.0', 2: '0.0', 3: '1.958045020027179', 4: 421.4884330774612} 
{0: '0.6111111111111112', 1: '0.0', 2: '0.0', 3: '2.081383018504685', 4: 414.2364369038927} 
{0: '0.5789473684210527', 1: '0.0', 2: '0.0', 3: '2.081383018504685', 4: 394.28205119851} 
{0: '0.6', 1: '0.0', 2: '0.0', 3: '1.958045020027179', 4: 403.29170139414106} 
{0: '0.6190476190476191', 1: '0.0', 2: '0.0', 3: '1.842015749320195', 4: 392.77475866593835} 
{0: '0.6363636363636364', 1: '0.0', 2: '0.0', 3: '1.7328621078878674', 4: 389.12642413148654} 
{0: '0.6521739130434783', 1: '0.0', 2: '0.0', 3: '1.6301766616608926', 4: 376.40247429133314} 
{0: '0.6666666666666666', 1: '0.0', 2: '0.0', 3: '1.5335761201812925', 4: 378.47688343995196} 
{0: '0.68', 1: '0.0', 2: '0.0', 3: '1.4426999059072143', 4: 373.6151262740695} 
{0: '0.6923076923076923', 1: '0.0', 2: '0.0', 3: '1.3572088082974538', 4: 376.59736004476224} 
{0: '0.7037037037037037', 1: '0.0', 2: '0.0', 3: '1.2767837176518553', 4: 371.6403760513618} 
{0: '0.7142857142857143', 1: '0.0', 2: '0.0', 3: '1.2011244339814315', 4: 365.85267963085505} 
{0: '0.7241379310344828', 1: '0.0', 2: '0.0', 3: '1.1299485464621188', 4: 364.9572328222537} 
{0: '0.7333333333333333', 1: '0.0', 2: '0.0', 3: '1.0629903792895394', 4: 360.4596492761217} 
{0: '0.7096774193548387', 1: '0.0', 2: '0.0', 3: '1.0629903792895394', 4: 363.9440292001163} 
{0: '0.71875', 1: '0.0', 2: '0.0', 3: '1.1299485464621188', 4: 365.0346046901301} 
{0: '0.7272727272727273', 1: '0.0', 2: '0.0', 3: '1.2011244339814315', 4: 373.0789400242643} 
{0: '0.7352941176470589', 1: '0.0', 2: '0.0', 3: '1.2767837176518553', 4: 366.48523273020123} 
{0: '0.7428571428571429', 1: '0.0', 2: '0.0', 3: '1.3572088082974538', 4: 378.1661841203539} 
{0: '0.75', 1: '0.0', 2: '0.0', 3: '1.4426999059072143', 4: 367.22955816250305} 
{0: '0.7567567567567568', 1: '0.0', 2: '0.0', 3: '1.5335761201812925', 4: 377.09054328832275} 
{0: '0.7631578947368421', 1: '0.0', 2: '0.0', 3: '1.6301766616608926', 4: 372.96508223613705} 
{0: '0.7435897435897436', 1: '0.0', 2: '0.0', 3: '1.6301766616608926', 4: 371.91115423684505} 
{0: '0.75', 1: '0.0', 2: '0.0', 3: '1.5335761201812925', 4: 375.2931466493497} 
{0: '0.7317073170731707', 1: '0.0', 2: '0.0', 3: '1.5335761201812925', 4: 366.9578898095328} 
{0: '0.7142857142857143', 1: '0.0', 2: '0.0', 3: '1.5335761201812925', 4: 367.10136214771984} 
{0: '0.7209302325581395', 1: '0.0', 2: '0.0', 3: '1.4426999059072143', 4: 381.20995562661153} 
{0: '0.7045454545454546', 1: '0.0', 2: '0.0', 3: '1.4426999059072143', 4: 370.5177430128739} 
{0: '0.7111111111111111', 1: '0.0', 2: '0.0', 3: '1.5335761201812925', 4: 368.924320494495} 
{0: '0.717391304347826', 1: '0.0', 2: '0.0', 3: '1.6301766616608926', 4: 371.19292050248225} 
{0: '0.723404255319149', 1: '0.0', 2: '0.0', 3: '1.7328621078878674', 4: 369.75913232055245} 
{0: '0.7291666666666666', 1: '0.0', 2: '0.0', 3: '1.842015749320195', 4: 369.22765513293564} 
{0: '0.7346938775510204', 1: '0.0', 2: '0.0', 3: '1.958045020027179', 4: 373.62523000161923} 
{0: '0.72', 1: '0.0', 2: '0.0', 3: '1.958045020027179', 4: 384.37366880422667} 
{0: '0.7254901960784313', 1: '0.0', 2: '0.0', 3: '1.842015749320195', 4: 369.6198284879671} 
{0: '0.7307692307692307', 1: '0.0', 2: '0.0', 3: '1.7328621078878674', 4: 381.33786175626267} 
{0: '0.7358490566037735', 1: '0.0', 2: '0.0', 3: '1.6301766616608926', 4: 372.89813235325335} 
{0: '0.7222222222222222', 1: '0.0', 2: '0.0', 3: '1.6301766616608926', 4: 372.17303876956737} 
{0: '0.7272727272727273', 1: '0.0', 2: '0.0', 3: '1.7328621078878674', 4: 366.56550368915657} 
{0: '0.7142857142857143', 1: '0.0', 2: '0.0', 3: '1.7328621078878674', 4: 379.2449361278003} 
{0: '0.7192982456140351', 1: '0.0', 2: '0.0', 3: '1.6301766616608926', 4: 383.5247732236139} 
{0: '0.7241379310344828', 1: '0.0', 2: '0.0', 3: '1.5335761201812925', 4: 387.8992447461214} 
{0: '0.711864406779661', 1: '0.0', 2: '0.0', 3: '1.5335761201812925', 4: 384.0235507631187} 
{0: '0.7166666666666667', 1: '0.0', 2: '0.0', 3: '1.6301766616608926', 4: 374.43797236469834} 
{0: '0.7213114754098361', 1: '0.0', 2: '0.0', 3: '1.7328621078878674', 4: 376.2168590550043} 
{0: '0.7096774193548387', 1: '0.0', 2: '0.0', 3: '1.7328621078878674', 4: 374.0180260378259} 
{0: '0.7142857142857143', 1: '0.0', 2: '0.0', 3: '1.6301766616608926', 4: 374.94781787167585} 
{0: '0.71875', 1: '0.0', 2: '0.0', 3: '1.5335761201812925', 4: 364.724977181532} 
{0: '0.7230769230769231', 1: '0.0', 2: '0.0', 3: '1.4426999059072143', 4: 368.88368647114834} 
{0: '0.7272727272727273', 1: '0.0', 2: '0.0', 3: '1.3572088082974538', 4: 372.5759559820219} 
{0: '0.7313432835820896', 1: '0.0', 2: '0.0', 3: '1.2767837176518553', 4: 369.5784137069657} 
{0: '0.7205882352941176', 1: '0.0', 2: '0.0', 3: '1.2767837176518553', 4: 374.6143025644261} 
{0: '0.7246376811594203', 1: '0.0', 2: '0.0', 3: '1.3572088082974538', 4: 365.73256212625046} 
{0: '0.7285714285714285', 1: '0.0', 2: '0.0', 3: '1.4426999059072143', 4: 371.2785708775038} 
{0: '0.7323943661971831', 1: '0.0', 2: '0.0', 3: '1.5335761201812925', 4: 376.58353521321305} 
{0: '0.7361111111111112', 1: '0.0', 2: '0.0', 3: '1.6301766616608926', 4: 367.6125918102758} 
{0: '0.7397260273972602', 1: '0.0', 2: '0.0', 3: '1.7328621078878674', 4: 369.9322374030173} 
{0: '0.7432432432432432', 1: '0.0', 2: '0.0', 3: '1.842015749320195', 4: 372.28906748702155} 
{0: '0.7466666666666667', 1: '0.0', 2: '0.0', 3: '1.958045020027179', 4: 372.6201266925959} 
{0: '0.75', 1: '0.0', 2: '0.0', 3: '2.081383018504685', 4: 389.5855372039728} 
{0: '0.7402597402597403', 1: '0.0', 2: '0.0', 3: '2.081383018504685', 4: 385.71680048801466} 
{0: '0.7435897435897436', 1: '0.0', 2: '0.0', 3: '1.958045020027179', 4: 379.23621468150617} 
{0: '0.7468354430379747', 1: '0.0', 2: '0.0', 3: '1.842015749320195', 4: 383.53362162711215} 
{0: '0.7375', 1: '0.0', 2: '0.0', 3: '1.842015749320195', 4: 390.50831174640786} 
{0: '0.7407407407407407', 1: '0.0', 2: '0.0', 3: '1.958045020027179', 4: 381.7101422036417} 
{0: '0.7317073170731707', 1: '0.0', 2: '0.0', 3: '1.958045020027179', 4: 382.5595050656899} 
{0: '0.7349397590361446', 1: '0.0', 2: '0.0', 3: '1.842015749320195', 4: 372.6132238294499} 
{0: '0.7380952380952381', 1: '0.0', 2: '0.0', 3: '1.7328621078878674', 4: 367.34864174432613} 
{0: '0.7294117647058823', 1: '0.0', 2: '0.0', 3: '1.7328621078878674', 4: 370.235165132488} 
{0: '0.7325581395348837', 1: '0.0', 2: '0.0', 3: '1.842015749320195', 4: 377.4483191392209} 
{0: '0.7241379310344828', 1: '0.0', 2: '0.0', 3: '1.842015749320195', 4: 385.0640317201814} 
{0: '0.7272727272727273', 1: '0.0', 2: '0.0', 3: '1.7328621078878674', 4: 377.5674296053751} 
{0: '0.7303370786516854', 1: '0.0', 2: '0.0', 3: '1.6301766616608926', 4: 366.63180478271374} 
{0: '0.7333333333333333', 1: '0.0', 2: '0.0', 3: '1.5335761201812925', 4: 371.17005718089695} 
{0: '0.7362637362637363', 1: '0.0', 2: '0.0', 3: '1.4426999059072143', 4: 367.97985769963213} 
{0: '0.7391304347826086', 1: '0.0', 2: '0.0', 3: '1.3572088082974538', 4: 378.2931407099363} 
{0: '0.7419354838709677', 1: '0.0', 2: '0.0', 3: '1.2767837176518553', 4: 369.796064520463} 
{0: '0.7446808510638298', 1: '0.0', 2: '0.0', 3: '1.2011244339814315', 4: 370.06446187236156} 
{0: '0.7473684210526316', 1: '0.0', 2: '0.0', 3: '1.1299485464621188', 4: 365.01462315790377} 
{0: '0.7395833333333334', 1: '0.0', 2: '0.0', 3: '1.1299485464621188', 4: 369.08907545809865} 
{0: '0.7422680412371134', 1: '0.0', 2: '0.0', 3: '1.2011244339814315', 4: 361.75777304044414} 
{0: '0.7448979591836735', 1: '0.0', 2: '0.0', 3: '1.2767837176518553', 4: 374.3121494736029} 
{0: '0.7474747474747475', 1: '0.0', 2: '0.0', 3: '1.3572088082974538', 4: 368.729145769695} 
{0: '0.75', 1: '0.0', 2: '0.0', 3: '1.4426999059072143', 4: 375.636792368139} 
{0: '0.7524752475247525', 1: '0.0', 2: '0.0', 3: '1.5335761201812925', 4: 378.07972859346904} 
{0: '0.7549019607843137', 1: '0.0', 2: '0.0', 3: '1.6301766616608926', 4: 375.82228426902384} 
{0: '0.7572815533980582', 1: '0.0', 2: '0.0', 3: '1.7328621078878674', 4: 373.7023510677654} 
{0: '0.7596153846153846', 1: '0.0', 2: '0.0', 3: '1.842015749320195', 4: 386.2073696623763} 
{0: '0.7619047619047619', 1: '0.0', 2: '0.0', 3: '1.958045020027179', 4: 383.7073192872227} 
{0: '0.7547169811320755', 1: '0.0', 2: '0.0', 3: '1.958045020027179', 4: 382.3336123596935} 
{0: '0.7476635514018691', 1: '0.0', 2: '0.0', 3: '1.958045020027179', 4: 395.53506079781243} 
{0: '0.75', 1: '0.0', 2: '0.0', 3: '2.081383018504685', 4: 389.193137588251} 
{0: '0.7522935779816514', 1: '0.0', 2: '0.0', 3: '2.212490124287102', 4: 383.1689985028674} 
{0: '0.7454545454545455', 1: '0.0', 2: '0.0', 3: '2.212490124287102', 4: 388.38426623734165} 
{0: '0.7477477477477478', 1: '0.0', 2: '0.0', 3: '2.081383018504685', 4: 384.3519649098494} 
{0: '0.75', 1: '0.0', 2: '0.0', 3: '1.958045020027179', 4: 386.3022531412052} 
{0: '0.7522123893805309', 1: '0.0', 2: '0.0', 3: '1.842015749320195', 4: 376.81622774893015} 
{0: '0.7543859649122807', 1: '0.0', 2: '0.0', 3: '1.7328621078878674', 4: 373.1875235117793} 
{0: '0.7565217391304347', 1: '0.0', 2: '0.0', 3: '1.6301766616608926', 4: 371.3088882594057} 
{0: '0.75', 1: '0.0', 2: '0.0', 3: '1.6301766616608926', 4: 366.6758262520825} 
{0: '0.7521367521367521', 1: '0.0', 2: '0.0', 3: '1.7328621078878674', 4: 376.2595920532214} 
{0: '0.7542372881355932', 1: '0.0', 2: '0.0', 3: '1.842015749320195', 4: 376.0253076394549} 
{0: '0.7563025210084033', 1: '0.0', 2: '0.0', 3: '1.958045020027179', 4: 382.38668744356534} 
{0: '0.75', 1: '0.0', 2: '0.0', 3: '1.958045020027179', 4: 380.5418930529589} 
{0: '0.743801652892562', 1: '0.0', 2: '0.0', 3: '1.958045020027179', 4: 376.7639984930743} 
{0: '0.7377049180327869', 1: '0.0', 2: '0.0', 3: '1.958045020027179', 4: 375.7464335173756} 
{0: '0.7398373983739838', 1: '0.0', 2: '0.0', 3: '1.842015749320195', 4: 374.89975818484635} 
{0: '0.7338709677419355', 1: '0.0', 2: '0.0', 3: '1.842015749320195', 4: 382.0926732631985} 
{0: '0.728', 1: '0.0', 2: '0.0', 3: '1.842015749320195', 4: 373.13228111516776} 
{0: '0.7301587301587301', 1: '0.0', 2: '0.0', 3: '1.7328621078878674', 4: 374.0029577498065} 
{0: '0.7322834645669292', 1: '0.0', 2: '0.0', 3: '1.6301766616608926', 4: 369.7897245004931} 
{0: '0.734375', 1: '0.0', 2: '0.0', 3: '1.5335761201812925', 4: 372.01446947618473} 
{0: '0.7286821705426356', 1: '0.0', 2: '0.0', 3: '1.5335761201812925', 4: 376.01180057786735} 
{0: '0.7307692307692307', 1: '0.0', 2: '0.0', 3: '1.6301766616608926', 4: 360.9964462524646} 
{0: '0.732824427480916', 1: '0.0', 2: '0.0', 3: '1.7328621078878674', 4: 363.88407645840414} 
{0: '0.7348484848484849', 1: '0.0', 2: '0.0', 3: '1.842015749320195', 4: 383.2328196301487} 
{0: '0.7368421052631579', 1: '0.0', 2: '0.0', 3: '1.958045020027179', 4: 370.5380748741793} 
{0: '0.7388059701492538', 1: '0.0', 2: '0.0', 3: '2.081383018504685', 4: 372.7543637503237} 
{0: '0.7407407407407407', 1: '0.0', 2: '0.0', 3: '2.212490124287102', 4: 379.89994704716906} 
{0: '0.7352941176470589', 1: '0.0', 2: '0.0', 3: '2.212490124287102', 4: 377.75262661035015} 
{0: '0.7372262773722628', 1: '0.0', 2: '0.0', 3: '2.081383018504685', 4: 381.07256686945334} 
{0: '0.7391304347826086', 1: '0.0', 2: '0.0', 3: '1.958045020027179', 4: 380.8323295036543} 
{0: '0.7410071942446043', 1: '0.0', 2: '0.0', 3: '1.842015749320195', 4: 378.82316517224774} 
{0: '0.7428571428571429', 1: '0.0', 2: '0.0', 3: '1.7328621078878674', 4: 377.4007381737473} 
{0: '0.7446808510638298', 1: '0.0', 2: '0.0', 3: '1.6301766616608926', 4: 378.33483350517594} 
{0: '0.7464788732394366', 1: '0.0', 2: '0.0', 3: '1.5335761201812925', 4: 387.5952761399017} 
{0: '0.7412587412587412', 1: '0.0', 2: '0.0', 3: '1.5335761201812925', 4: 377.56484448493757} 
{0: '0.7430555555555556', 1: '0.0', 2: '0.0', 3: '1.6301766616608926', 4: 366.7147747742506} 
{0: '0.7379310344827587', 1: '0.0', 2: '0.0', 3: '1.6301766616608926', 4: 379.2475933093708} 
{0: '0.7397260273972602', 1: '0.0', 2: '0.0', 3: '1.5335761201812925', 4: 392.7833971264744} 
{0: '0.7346938775510204', 1: '0.0', 2: '0.0', 3: '1.5335761201812925', 4: 382.853704868505} 
{0: '0.7364864864864865', 1: '0.0', 2: '0.0', 3: '1.6301766616608926', 4: 381.29110031458873} 
{0: '0.738255033557047', 1: '0.0', 2: '0.0', 3: '1.7328621078878674', 4: 390.02715454506273} 
{0: '0.74', 1: '0.0', 2: '0.0', 3: '1.842015749320195', 4: 385.218358643012} 
{0: '0.7417218543046358', 1: '0.0', 2: '0.0', 3: '1.958045020027179', 4: 374.17377094649106} 
{0: '0.7368421052631579', 1: '0.0', 2: '0.0', 3: '1.958045020027179', 4: 376.6897755603142} 
{0: '0.738562091503268', 1: '0.0', 2: '0.0', 3: '1.842015749320195', 4: 376.78235808516314} 
{0: '0.7402597402597403', 1: '0.0', 2: '0.0', 3: '1.7328621078878674', 4: 368.2357797014301} 
{0: '0.7419354838709677', 1: '0.0', 2: '0.0', 3: '1.6301766616608926', 4: 368.92029522862964} 
{0: '0.7435897435897436', 1: '0.0', 2: '0.0', 3: '1.5335761201812925', 4: 378.18589445797807} 
{0: '0.7388535031847133', 1: '0.0', 2: '0.0', 3: '1.5335761201812925', 4: 373.63060184347574} 
{0: '0.740506329113924', 1: '0.0', 2: '0.0', 3: '1.6301766616608926', 4: 377.64733148464524} 
{0: '0.7421383647798742', 1: '0.0', 2: '0.0', 3: '1.7328621078878674', 4: 376.7396878747483} 
{0: '0.7375', 1: '0.0', 2: '0.0', 3: '1.7328621078878674', 4: 382.31887721388534} 
{0: '0.7329192546583851', 1: '0.0', 2: '0.0', 3: '1.7328621078878674', 4: 366.4526855572518} 
{0: '0.7345679012345679', 1: '0.0', 2: '0.0', 3: '1.842015749320195', 4: 365.661238932023} 
{0: '0.7361963190184049', 1: '0.0', 2: '0.0', 3: '1.958045020027179', 4: 379.06985672278887} 
{0: '0.7378048780487805', 1: '0.0', 2: '0.0', 3: '2.081383018504685', 4: 375.64211497120505} 
{0: '0.7333333333333333', 1: '0.0', 2: '0.0', 3: '2.081383018504685', 4: 386.2790704699597} 
{0: '0.7349397590361446', 1: '0.0', 2: '0.0', 3: '1.958045020027179', 4: 377.26820860547986} 
{0: '0.7365269461077845', 1: '0.0', 2: '0.0', 3: '1.842015749320195', 4: 366.5134628882232} 
{0: '0.7380952380952381', 1: '0.0', 2: '0.0', 3: '1.7328621078878674', 4: 365.2841128437118} 
{0: '0.7337278106508875', 1: '0.0', 2: '0.0', 3: '1.7328621078878674', 4: 369.82869882116125} 
{0: '0.7352941176470589', 1: '0.0', 2: '0.0', 3: '1.842015749320195', 4: 385.8299702576698} 
{0: '0.7368421052631579', 1: '0.0', 2: '0.0', 3: '1.958045020027179', 4: 377.7188996574177} 
{0: '0.7383720930232558', 1: '0.0', 2: '0.0', 3: '2.081383018504685', 4: 373.5016867431642} 
{0: '0.7398843930635838', 1: '0.0', 2: '0.0', 3: '2.212490124287102', 4: 367.2736269518885} 
{0: '0.735632183908046', 1: '0.0', 2: '0.0', 3: '2.212490124287102', 4: 400.44514801743685} 
{0: '0.7371428571428571', 1: '0.0', 2: '0.0', 3: '2.081383018504685', 4: 368.27766348075636} 
{0: '0.7386363636363636', 1: '0.0', 2: '0.0', 3: '1.958045020027179', 4: 381.5496347458201} 
{0: '0.7401129943502824', 1: '0.0', 2: '0.0', 3: '1.842015749320195', 4: 368.5248417728131} 
{0: '0.7415730337078652', 1: '0.0', 2: '0.0', 3: '1.7328621078878674', 4: 367.73460057175646} 
{0: '0.7430167597765364', 1: '0.0', 2: '0.0', 3: '1.6301766616608926', 4: 376.9456094800742} 
{0: '0.7388888888888889', 1: '0.0', 2: '0.0', 3: '1.6301766616608926', 4: 364.3674131899588} 
{0: '0.7403314917127072', 1: '0.0', 2: '0.0', 3: '1.7328621078878674', 4: 374.691712676391} 
{0: '0.7417582417582418', 1: '0.0', 2: '0.0', 3: '1.842015749320195', 4: 375.5032147425517} 
{0: '0.7431693989071039', 1: '0.0', 2: '0.0', 3: '1.958045020027179', 4: 382.5111877905878} 
{0: '0.7445652173913043', 1: '0.0', 2: '0.0', 3: '2.081383018504685', 4: 372.3045273341272} 
{0: '0.745945945945946', 1: '0.0', 2: '0.0', 3: '2.212490124287102', 4: 383.24930598807583} 
{0: '0.7473118279569892', 1: '0.0', 2: '0.0', 3: '2.351855716390306', 4: 375.5199736980541} 
{0: '0.7433155080213903', 1: '0.0', 2: '0.0', 3: '2.351855716390306', 4: 406.03835072791554} 
{0: '0.7393617021276596', 1: '0.0', 2: '0.0', 3: '2.351855716390306', 4: 375.80506239205766} 
{0: '0.7354497354497355', 1: '0.0', 2: '0.0', 3: '2.351855716390306', 4: 387.229256457027} 
{0: '0.7368421052631579', 1: '0.0', 2: '0.0', 3: '2.212490124287102', 4: 378.1682848194972} 
{0: '0.7382198952879581', 1: '0.0', 2: '0.0', 3: '2.081383018504685', 4: 387.9844418521244} 
{0: '0.7395833333333334', 1: '0.0', 2: '0.0', 3: '1.958045020027179', 4: 389.99917729514823} 
{0: '0.7357512953367875', 1: '0.0', 2: '0.0', 3: '1.958045020027179', 4: 383.2899900465028} 
{0: '0.7371134020618557', 1: '0.0', 2: '0.0', 3: '2.081383018504685', 4: 384.4455885228402} 
{0: '0.7384615384615385', 1: '0.0', 2: '0.0', 3: '2.212490124287102', 4: 373.62413770560363} 
{0: '0.7397959183673469', 1: '0.0', 2: '0.0', 3: '2.351855716390306', 4: 379.15200625428133} 
{0: '0.7360406091370558', 1: '0.0', 2: '0.0', 3: '2.351855716390306', 4: 378.29800303746595} 
{0: '0.7373737373737373', 1: '0.0', 2: '0.0', 3: '2.212490124287102', 4: 365.8862540570922} 
{0: '0.7386934673366834', 1: '0.0', 2: '0.0', 3: '2.081383018504685', 4: 375.9130450491778} 
{0: '0.74', 1: '0.0', 2: '0.0', 3: '1.958045020027179', 4: 380.9972225102305} 
{0: '0.7412935323383084', 1: '0.0', 2: '0.0', 3: '1.842015749320195', 4: 381.64262201732805} 
{0: '0.7425742574257426', 1: '0.0', 2: '0.0', 3: '1.7328621078878674', 4: 375.19093367842817} 
{0: '0.7438423645320197', 1: '0.0', 2: '0.0', 3: '1.6301766616608926', 4: 379.53164285966966} 
{0: '0.7401960784313726', 1: '0.0', 2: '0.0', 3: '1.6301766616608926', 4: 376.1650741348332} 
{0: '0.7365853658536585', 1: '0.0', 2: '0.0', 3: '1.6301766616608926', 4: 376.4060935127715} 
{0: '0.7378640776699029', 1: '0.0', 2: '0.0', 3: '1.5335761201812925', 4: 376.4909090002246} 
{0: '0.7391304347826086', 1: '0.0', 2: '0.0', 3: '1.4426999059072143', 4: 380.2645900591862} 
{0: '0.7355769230769231', 1: '0.0', 2: '0.0', 3: '1.4426999059072143', 4: 377.9550686356605} 
{0: '0.7368421052631579', 1: '0.0', 2: '0.0', 3: '1.5335761201812925', 4: 383.6623596724428} 
{0: '0.7380952380952381', 1: '0.0', 2: '0.0', 3: '1.6301766616608926', 4: 373.45709053658703} 
{0: '0.7393364928909952', 1: '0.0', 2: '0.0', 3: '1.7328621078878674', 4: 380.1836079792982} 
{0: '0.7405660377358491', 1: '0.0', 2: '0.0', 3: '1.842015749320195', 4: 369.82295172705386} 
{0: '0.7417840375586855', 1: '0.0', 2: '0.0', 3: '1.958045020027179', 4: 381.0812022215917} 
{0: '0.7429906542056075', 1: '0.0', 2: '0.0', 3: '2.081383018504685', 4: 373.25386054429885} 
{0: '0.7441860465116279', 1: '0.0', 2: '0.0', 3: '2.212490124287102', 4: 383.47182087459146} 
{0: '0.7407407407407407', 1: '0.0', 2: '0.0', 3: '2.212490124287102', 4: 395.89978536159606} 
{0: '0.7419354838709677', 1: '0.0', 2: '0.0', 3: '2.081383018504685', 4: 387.0469881606017} 
{0: '0.7431192660550459', 1: '0.0', 2: '0.0', 3: '1.958045020027179', 4: 377.4285936081095} 
{0: '0.7442922374429224', 1: '0.0', 2: '0.0', 3: '1.842015749320195', 4: 371.28625901010815} 
{0: '0.7454545454545455', 1: '0.0', 2: '0.0', 3: '1.7328621078878674', 4: 382.21731702266504} 
{0: '0.7420814479638009', 1: '0.0', 2: '0.0', 3: '1.7328621078878674', 4: 374.25864688055754} 
{0: '0.7432432432432432', 1: '0.0', 2: '0.0', 3: '1.842015749320195', 4: 376.0497936862777} 
{0: '0.7399103139013453', 1: '0.0', 2: '0.0', 3: '1.842015749320195', 4: 372.91556496851325} 
{0: '0.7410714285714286', 1: '0.0', 2: '0.0', 3: '1.7328621078878674', 4: 379.79032354915205} 
{0: '0.7377777777777778', 1: '0.0', 2: '0.0', 3: '1.7328621078878674', 4: 368.3008246087117} 
{0: '0.7389380530973452', 1: '0.0', 2: '0.0', 3: '1.842015749320195', 4: 381.0872436069365} 
{0: '0.7400881057268722', 1: '0.0', 2: '0.0', 3: '1.958045020027179', 4: 391.2503436874483} 
{0: '0.7412280701754386', 1: '0.0', 2: '0.0', 3: '2.081383018504685', 4: 381.87890623361267} 
{0: '0.74235807860262', 1: '0.0', 2: '0.0', 3: '2.212490124287102', 4: 383.4906876186421} 
{0: '0.7434782608695653', 1: '0.0', 2: '0.0', 3: '2.351855716390306', 4: 390.3540124962858} 
{0: '0.7402597402597403', 1: '0.0', 2: '0.0', 3: '2.351855716390306', 4: 386.7087038365404} 
{0: '0.7413793103448276', 1: '0.0', 2: '0.0', 3: '2.212490124287102', 4: 382.4866084631149} 
{0: '0.7424892703862661', 1: '0.0', 2: '0.0', 3: '2.081383018504685', 4: 385.04741176903974} 
{0: '0.7435897435897436', 1: '0.0', 2: '0.0', 3: '1.958045020027179', 4: 370.16955860583084} 
{0: '0.7446808510638298', 1: '0.0', 2: '0.0', 3: '1.842015749320195', 4: 378.82368418562174} 
{0: '0.7457627118644068', 1: '0.0', 2: '0.0', 3: '1.7328621078878674', 4: 377.7333345156211} 
{0: '0.7468354430379747', 1: '0.0', 2: '0.0', 3: '1.6301766616608926', 4: 369.65242919772675} 
{0: '0.7478991596638656', 1: '0.0', 2: '0.0', 3: '1.5335761201812925', 4: 370.11526097275294} 
{0: '0.7489539748953975', 1: '0.0', 2: '0.0', 3: '1.4426999059072143', 4: 380.4656489739303} 
{0: '0.7458333333333333', 1: '0.0', 2: '0.0', 3: '1.4426999059072143', 4: 379.09311979675135} 
{0: '0.7468879668049793', 1: '0.0', 2: '0.0', 3: '1.5335761201812925', 4: 370.4913416778736} 
{0: '0.7479338842975206', 1: '0.0', 2: '0.0', 3: '1.6301766616608926', 4: 374.38130259305916} 
{0: '0.7489711934156379', 1: '0.0', 2: '0.0', 3: '1.7328621078878674', 4: 380.98381009736175} 
{0: '0.75', 1: '0.0', 2: '0.0', 3: '1.842015749320195', 4: 363.68884099351095} 
{0: '0.7510204081632653', 1: '0.0', 2: '0.0', 3: '1.958045020027179', 4: 367.3809217908776} 
{0: '0.7520325203252033', 1: '0.0', 2: '0.0', 3: '2.081383018504685', 4: 381.3540547790934} 
{0: '0.7489878542510121', 1: '0.0', 2: '0.0', 3: '2.081383018504685', 4: 383.00161118735065} 
{0: '0.7459677419354839', 1: '0.0', 2: '0.0', 3: '2.081383018504685', 4: 377.3641359992377} 
{0: '0.7429718875502008', 1: '0.0', 2: '0.0', 3: '2.081383018504685', 4: 379.8792707203988} 
{0: '0.744', 1: '0.0', 2: '0.0', 3: '1.958045020027179', 4: 383.43805637189615} 
{0: '0.7410358565737052', 1: '0.0', 2: '0.0', 3: '1.958045020027179', 4: 372.4611888599238} 
{0: '0.7380952380952381', 1: '0.0', 2: '0.0', 3: '1.958045020027179', 4: 381.16637821889196} 
{0: '0.7391304347826086', 1: '0.0', 2: '0.0', 3: '1.842015749320195', 4: 376.0031639365165} 
{0: '0.7401574803149606', 1: '0.0', 2: '0.0', 3: '1.7328621078878674', 4: 369.6440970722149} 
{0: '0.7411764705882353', 1: '0.0', 2: '0.0', 3: '1.6301766616608926', 4: 372.3621396369727} 
{0: '0.73828125', 1: '0.0', 2: '0.0', 3: '1.6301766616608926', 4: 376.6176715847713} 
{0: '0.7392996108949417', 1: '0.0', 2: '0.0', 3: '1.7328621078878674', 4: 378.2931709948719} 
{0: '0.7403100775193798', 1: '0.0', 2: '0.0', 3: '1.842015749320195', 4: 392.32671976098} 
{0: '0.7413127413127413', 1: '0.0', 2: '0.0', 3: '1.958045020027179', 4: 378.7946315933476} 
{0: '0.7423076923076923', 1: '0.0', 2: '0.0', 3: '2.081383018504685', 4: 372.8571641646698} 
{0: '0.7394636015325671', 1: '0.0', 2: '0.0', 3: '2.081383018504685', 4: 382.27527436657294} 
{0: '0.7404580152671756', 1: '0.0', 2: '0.0', 3: '1.958045020027179', 4: 387.2675790809085} 
{0: '0.7414448669201521', 1: '0.0', 2: '0.0', 3: '1.842015749320195', 4: 373.6997914565138} 
{0: '0.7424242424242424', 1: '0.0', 2: '0.0', 3: '1.7328621078878674', 4: 377.101304375946} 
{0: '0.7433962264150943', 1: '0.0', 2: '0.0', 3: '1.6301766616608926', 4: 384.15155739002273} 
{0: '0.7406015037593985', 1: '0.0', 2: '0.0', 3: '1.6301766616608926', 4: 381.0534663816593} 
{0: '0.7415730337078652', 1: '0.0', 2: '0.0', 3: '1.7328621078878674', 4: 366.27230875775865} 
{0: '0.7425373134328358', 1: '0.0', 2: '0.0', 3: '1.842015749320195', 4: 373.69048797789094} 
{0: '0.7434944237918215', 1: '0.0', 2: '0.0', 3: '1.958045020027179', 4: 375.0762464557136} 
{0: '0.7444444444444445', 1: '0.0', 2: '0.0', 3: '2.081383018504685', 4: 380.5634575229479} 
{0: '0.7416974169741697', 1: '0.0', 2: '0.0', 3: '2.081383018504685', 4: 379.2354189910734} 
{0: '0.7426470588235294', 1: '0.0', 2: '0.0', 3: '1.958045020027179', 4: 371.0092344964917} 
{0: '0.7435897435897436', 1: '0.0', 2: '0.0', 3: '1.842015749320195', 4: 371.8998948245784} 
{0: '0.7445255474452555', 1: '0.0', 2: '0.0', 3: '1.7328621078878674', 4: 369.70646146568083} 
{0: '0.7454545454545455', 1: '0.0', 2: '0.0', 3: '1.6301766616608926', 4: 369.8441216189938} 
{0: '0.7463768115942029', 1: '0.0', 2: '0.0', 3: '1.5335761201812925', 4: 370.70165404501194} 
{0: '0.7472924187725631', 1: '0.0', 2: '0.0', 3: '1.4426999059072143', 4: 370.6514222015779} 
{0: '0.7446043165467626', 1: '0.0', 2: '0.0', 3: '1.4426999059072143', 4: 367.89769414374547} 
{0: '0.7455197132616488', 1: '0.0', 2: '0.0', 3: '1.5335761201812925', 4: 366.50068017780103} 
{0: '0.7428571428571429', 1: '0.0', 2: '0.0', 3: '1.5335761201812925', 4: 373.6554609563707} 
{0: '0.7402135231316725', 1: '0.0', 2: '0.0', 3: '1.5335761201812925', 4: 375.2431794321865} 
{0: '0.7411347517730497', 1: '0.0', 2: '0.0', 3: '1.6301766616608926', 4: 377.20888852496296} 
{0: '0.7420494699646644', 1: '0.0', 2: '0.0', 3: '1.7328621078878674', 4: 381.2358035466883} 
{0: '0.7429577464788732', 1: '0.0', 2: '0.0', 3: '1.842015749320195', 4: 375.6414935476419} 
{0: '0.743859649122807', 1: '0.0', 2: '0.0', 3: '1.958045020027179', 4: 383.31636221457376} 
{0: '0.7447552447552448', 1: '0.0', 2: '0.0', 3: '2.081383018504685', 4: 375.515891869199} 
{0: '0.7456445993031359', 1: '0.0', 2: '0.0', 3: '2.212490124287102', 4: 381.7311741748239} 
{0: '0.7430555555555556', 1: '0.0', 2: '0.0', 3: '2.212490124287102', 4: 371.6151111092358} 
{0: '0.7439446366782007', 1: '0.0', 2: '0.0', 3: '2.081383018504685', 4: 378.87174455067003} 
{0: '0.7448275862068966', 1: '0.0', 2: '0.0', 3: '1.958045020027179', 4: 378.18055524565796} 
{0: '0.7457044673539519', 1: '0.0', 2: '0.0', 3: '1.842015749320195', 4: 380.33694922588234} 
{0: '0.7465753424657534', 1: '0.0', 2: '0.0', 3: '1.7328621078878674', 4: 373.2002255284109} 
{0: '0.7474402730375427', 1: '0.0', 2: '0.0', 3: '1.6301766616608926', 4: 378.00938478556753} 
{0: '0.7448979591836735', 1: '0.0', 2: '0.0', 3: '1.6301766616608926', 4: 374.18550072147457} 
{0: '0.7457627118644068', 1: '0.0', 2: '0.0', 3: '1.7328621078878674', 4: 380.4782675564074} 
{0: '0.7466216216216216', 1: '0.0', 2: '0.0', 3: '1.842015749320195', 4: 377.3841384563338} 
{0: '0.7474747474747475', 1: '0.0', 2: '0.0', 3: '1.958045020027179', 4: 377.9344909120318} 
{0: '0.7483221476510067', 1: '0.0', 2: '0.0', 3: '2.081383018504685', 4: 381.61131094124113} 
{0: '0.745819397993311', 1: '0.0', 2: '0.0', 3: '2.081383018504685', 4: 381.6499402803168} 
{0: '0.7466666666666667', 1: '0.0', 2: '0.0', 3: '1.958045020027179', 4: 399.20685544755304} 
{0: '0.7441860465116279', 1: '0.0', 2: '0.0', 3: '1.958045020027179', 4: 373.0348654809118} 
{0: '0.7450331125827815', 1: '0.0', 2: '0.0', 3: '2.081383018504685', 4: 373.5251497592888} 
{0: '0.7458745874587459', 1: '0.0', 2: '0.0', 3: '2.212490124287102', 4: 374.7266753953912} 
{0: '0.743421052631579', 1: '0.0', 2: '0.0', 3: '2.212490124287102', 4: 395.5868226363131} 
{0: '0.7442622950819672', 1: '0.0', 2: '0.0', 3: '2.081383018504685', 4: 382.2372825937305} 
{0: '0.7450980392156863', 1: '0.0', 2: '0.0', 3: '1.958045020027179', 4: 371.1364048787988} 
{0: '0.745928338762215', 1: '0.0', 2: '0.0', 3: '1.842015749320195', 4: 380.36761381072193} 
{0: '0.7435064935064936', 1: '0.0', 2: '0.0', 3: '1.842015749320195', 4: 374.47750777258625} 
{0: '0.7443365695792881', 1: '0.0', 2: '0.0', 3: '1.958045020027179', 4: 375.0758444723431} 
{0: '0.7451612903225806', 1: '0.0', 2: '0.0', 3: '2.081383018504685', 4: 378.26617771322293} 
{0: '0.7459807073954984', 1: '0.0', 2: '0.0', 3: '2.212490124287102', 4: 378.76585656464323} 
{0: '0.7435897435897436', 1: '0.0', 2: '0.0', 3: '2.212490124287102', 4: 373.6948574317032} 
{0: '0.744408945686901', 1: '0.0', 2: '0.0', 3: '2.081383018504685', 4: 384.1001428129094} 
{0: '0.7420382165605095', 1: '0.0', 2: '0.0', 3: '2.081383018504685', 4: 367.01363202388217} 
{0: '0.7428571428571429', 1: '0.0', 2: '0.0', 3: '2.212490124287102', 4: 384.9442254083429} 
{0: '0.740506329113924', 1: '0.0', 2: '0.0', 3: '2.212490124287102', 4: 380.59590706098413} 
{0: '0.7413249211356467', 1: '0.0', 2: '0.0', 3: '2.081383018504685', 4: 394.4313521688155} 
{0: '0.7421383647798742', 1: '0.0', 2: '0.0', 3: '1.958045020027179', 4: 393.9563872218621} 
{0: '0.7398119122257053', 1: '0.0', 2: '0.0', 3: '1.958045020027179', 4: 389.02508026098667} 
{0: '0.740625', 1: '0.0', 2: '0.0', 3: '2.081383018504685', 4: 386.3138201946457} 
{0: '0.7414330218068536', 1: '0.0', 2: '0.0', 3: '2.212490124287102', 4: 389.98864914964315} 
{0: '0.7391304347826086', 1: '0.0', 2: '0.0', 3: '2.212490124287102', 4: 395.06703084267997} 
{0: '0.739938080495356', 1: '0.0', 2: '0.0', 3: '2.081383018504685', 4: 400.03857700741196} 
{0: '0.7376543209876543', 1: '0.0', 2: '0.0', 3: '2.081383018504685', 4: 386.34224624476906} 
{0: '0.7384615384615385', 1: '0.0', 2: '0.0', 3: '2.212490124287102', 4: 373.1740546574992} 
{0: '0.7361963190184049', 1: '0.0', 2: '0.0', 3: '2.212490124287102', 4: 394.86040138706426} 
{0: '0.7370030581039755', 1: '0.0', 2: '0.0', 3: '2.081383018504685', 4: 375.5625977346532} 
{0: '0.7378048780487805', 1: '0.0', 2: '0.0', 3: '1.958045020027179', 4: 378.60199149702186} 
{0: '0.7386018237082067', 1: '0.0', 2: '0.0', 3: '1.842015749320195', 4: 368.1147732475897} 
{0: '0.7393939393939394', 1: '0.0', 2: '0.0', 3: '1.7328621078878674', 4: 376.2680838789275} 
{0: '0.7401812688821753', 1: '0.0', 2: '0.0', 3: '1.6301766616608926', 4: 378.4908645471062} 
{0: '0.7379518072289156', 1: '0.0', 2: '0.0', 3: '1.6301766616608926', 4: 379.7991681537103} 
{0: '0.7387387387387387', 1: '0.0', 2: '0.0', 3: '1.7328621078878674', 4: 388.1729704950662} 
{0: '0.7395209580838323', 1: '0.0', 2: '0.0', 3: '1.842015749320195', 4: 378.3740297454986} 
{0: '0.7402985074626866', 1: '0.0', 2: '0.0', 3: '1.958045020027179', 4: 371.5938158875207} 
{0: '0.7410714285714286', 1: '0.0', 2: '0.0', 3: '2.081383018504685', 4: 386.7980222167486} 
{0: '0.7418397626112759', 1: '0.0', 2: '0.0', 3: '2.212490124287102', 4: 384.49630056823685} 
{0: '0.7396449704142012', 1: '0.0', 2: '0.0', 3: '2.212490124287102', 4: 379.7848816470227} 
{0: '0.7404129793510325', 1: '0.0', 2: '0.0', 3: '2.081383018504685', 4: 382.61534450818425} 
{0: '0.7411764705882353', 1: '0.0', 2: '0.0', 3: '1.958045020027179', 4: 376.6185623526948} 
{0: '0.7390029325513197', 1: '0.0', 2: '0.0', 3: '1.958045020027179', 4: 378.65107149821796} 
{0: '0.7368421052631579', 1: '0.0', 2: '0.0', 3: '1.958045020027179', 4: 396.1531020354993} 
{0: '0.7376093294460642', 1: '0.0', 2: '0.0', 3: '1.842015749320195', 4: 379.3120862426176} 
{0: '0.7354651162790697', 1: '0.0', 2: '0.0', 3: '1.842015749320195', 4: 378.2239073663661} 
{0: '0.736231884057971', 1: '0.0', 2: '0.0', 3: '1.958045020027179', 4: 397.7663615905459} 
{0: '0.7369942196531792', 1: '0.0', 2: '0.0', 3: '2.081383018504685', 4: 386.1740335564328} 
{0: '0.7348703170028819', 1: '0.0', 2: '0.0', 3: '2.081383018504685', 4: 374.9624693609681} 
{0: '0.735632183908046', 1: '0.0', 2: '0.0', 3: '1.958045020027179', 4: 382.8108942547835} 
{0: '0.7335243553008596', 1: '0.0', 2: '0.0', 3: '1.958045020027179', 4: 377.9372955326541} 
{0: '0.7314285714285714', 1: '0.0', 2: '0.0', 3: '1.958045020027179', 4: 389.0904883019731} 
{0: '0.7293447293447294', 1: '0.0', 2: '0.0', 3: '1.958045020027179', 4: 370.42350573596815} 
{0: '0.7301136363636364', 1: '0.0', 2: '0.0', 3: '2.081383018504685', 4: 383.58030481060194} 
{0: '0.7308781869688386', 1: '0.0', 2: '0.0', 3: '2.212490124287102', 4: 374.4234581822117} 
{0: '0.7288135593220338', 1: '0.0', 2: '0.0', 3: '2.212490124287102', 4: 391.81259786746125} 
{0: '0.7295774647887324', 1: '0.0', 2: '0.0', 3: '2.081383018504685', 4: 375.92262882579746} 
{0: '0.7275280898876404', 1: '0.0', 2: '0.0', 3: '2.081383018504685', 4: 399.1954617093632} 
{0: '0.7282913165266106', 1: '0.0', 2: '0.0', 3: '2.212490124287102', 4: 385.0378437391158} 
{0: '0.729050279329609', 1: '0.0', 2: '0.0', 3: '2.351855716390306', 4: 377.5618337487205} 
{0: '0.7270194986072424', 1: '0.0', 2: '0.0', 3: '2.351855716390306', 4: 394.89897684735797} 
{0: '0.7277777777777777', 1: '0.0', 2: '0.0', 3: '2.212490124287102', 4: 389.60750625207487} 
{0: '0.7285318559556787', 1: '0.0', 2: '0.0', 3: '2.081383018504685', 4: 396.3052472726342} 
{0: '0.7265193370165746', 1: '0.0', 2: '0.0', 3: '2.081383018504685', 4: 378.65514702119606} 
{0: '0.7272727272727273', 1: '0.0', 2: '0.0', 3: '2.212490124287102', 4: 394.0442446277942} 
{0: '0.728021978021978', 1: '0.0', 2: '0.0', 3: '2.351855716390306', 4: 390.4533678451213} 
{0: '0.726027397260274', 1: '0.0', 2: '0.0', 3: '2.351855716390306', 4: 378.3112825048861} 
{0: '0.726775956284153', 1: '0.0', 2: '0.0', 3: '2.212490124287102', 4: 388.7867581030198} 
{0: '0.7275204359673024', 1: '0.0', 2: '0.0', 3: '2.081383018504685', 4: 375.1614748705142} 
{0: '0.7282608695652174', 1: '0.0', 2: '0.0', 3: '1.958045020027179', 4: 375.11666597095746} 
{0: '0.7289972899728997', 1: '0.0', 2: '0.0', 3: '1.842015749320195', 4: 376.5002535206697} 
{0: '0.727027027027027', 1: '0.0', 2: '0.0', 3: '1.842015749320195', 4: 381.63454106880596} 
{0: '0.7277628032345014', 1: '0.0', 2: '0.0', 3: '1.958045020027179', 4: 373.55704844258014} 
{0: '0.728494623655914', 1: '0.0', 2: '0.0', 3: '2.081383018504685', 4: 381.0702042909877} 
{0: '0.7265415549597856', 1: '0.0', 2: '0.0', 3: '2.081383018504685', 4: 376.73094172279247} 
{0: '0.7272727272727273', 1: '0.0', 2: '0.0', 3: '1.958045020027179', 4: 375.26661606763963} 
{0: '0.728', 1: '0.0', 2: '0.0', 3: '1.842015749320195', 4: 373.79627097752126} 
{0: '0.7287234042553191', 1: '0.0', 2: '0.0', 3: '1.7328621078878674', 4: 373.31667120453614} 
{0: '0.726790450928382', 1: '0.0', 2: '0.0', 3: '1.7328621078878674', 4: 362.8875395933462} 
{0: '0.7248677248677249', 1: '0.0', 2: '0.0', 3: '1.7328621078878674', 4: 372.27407422769716} 
{0: '0.7255936675461742', 1: '0.0', 2: '0.0', 3: '1.6301766616608926', 4: 373.91053577022893} 
{0: '0.7263157894736842', 1: '0.0', 2: '0.0', 3: '1.5335761201812925', 4: 387.8088710643275} 
{0: '0.7244094488188977', 1: '0.0', 2: '0.0', 3: '1.5335761201812925', 4: 364.33876828912497} 
{0: '0.7225130890052356', 1: '0.0', 2: '0.0', 3: '1.5335761201812925', 4: 376.6422010205618} 
{0: '0.720626631853786', 1: '0.0', 2: '0.0', 3: '1.5335761201812925', 4: 373.45477663579743} 
{0: '0.7213541666666666', 1: '0.0', 2: '0.0', 3: '1.6301766616608926', 4: 382.51448244570463} 
{0: '0.7220779220779221', 1: '0.0', 2: '0.0', 3: '1.7328621078878674', 4: 362.2609676005895} 
{0: '0.7227979274611399', 1: '0.0', 2: '0.0', 3: '1.842015749320195', 4: 376.8042795794595} 
{0: '0.7235142118863049', 1: '0.0', 2: '0.0', 3: '1.958045020027179', 4: 369.33976496564} 
{0: '0.7216494845360825', 1: '0.0', 2: '0.0', 3: '1.958045020027179', 4: 386.70073862922436} 
{0: '0.7223650385604113', 1: '0.0', 2: '0.0', 3: '1.842015749320195', 4: 364.5099685211265} 
{0: '0.7230769230769231', 1: '0.0', 2: '0.0', 3: '1.7328621078878674', 4: 390.00016595725987} 
{0: '0.7237851662404092', 1: '0.0', 2: '0.0', 3: '1.6301766616608926', 4: 374.92105455937127} 
{0: '0.7219387755102041', 1: '0.0', 2: '0.0', 3: '1.6301766616608926', 4: 373.95846107045827} 
{0: '0.72264631043257', 1: '0.0', 2: '0.0', 3: '1.7328621078878674', 4: 384.57730314261596} 
{0: '0.7233502538071066', 1: '0.0', 2: '0.0', 3: '1.842015749320195', 4: 386.15043883367406} 
{0: '0.7240506329113924', 1: '0.0', 2: '0.0', 3: '1.958045020027179', 4: 397.6802163983924} 
{0: '0.7247474747474747', 1: '0.0', 2: '0.0', 3: '2.081383018504685', 4: 380.6947569807082} 
{0: '0.72544080604534', 1: '0.0', 2: '0.0', 3: '2.212490124287102', 4: 394.03632457513964} 
{0: '0.7261306532663316', 1: '0.0', 2: '0.0', 3: '2.351855716390306', 4: 377.8358319924525} 
{0: '0.7243107769423559', 1: '0.0', 2: '0.0', 3: '2.351855716390306', 4: 372.15977941726044} 
{0: '0.725', 1: '0.0', 2: '0.0', 3: '2.212490124287102', 4: 389.88149512963264} 
{0: '0.7256857855361596', 1: '0.0', 2: '0.0', 3: '2.081383018504685', 4: 368.74124573010215} 
{0: '0.7263681592039801', 1: '0.0', 2: '0.0', 3: '1.958045020027179', 4: 377.4381849754403} 
{0: '0.7245657568238213', 1: '0.0', 2: '0.0', 3: '1.958045020027179', 4: 384.66901525234096} 
{0: '0.7252475247524752', 1: '0.0', 2: '0.0', 3: '2.081383018504685', 4: 380.0365766072864} 
{0: '0.725925925925926', 1: '0.0', 2: '0.0', 3: '2.212490124287102', 4: 384.2341218488054} 
{0: '0.7266009852216748', 1: '0.0', 2: '0.0', 3: '2.351855716390306', 4: 381.1211763062847} 
{0: '0.7248157248157249', 1: '0.0', 2: '0.0', 3: '2.351855716390306', 4: 374.803978116099} 
{0: '0.7254901960784313', 1: '0.0', 2: '0.0', 3: '2.212490124287102', 4: 384.5332952899813} 
{0: '0.726161369193154', 1: '0.0', 2: '0.0', 3: '2.081383018504685', 4: 369.7798074668879} 
{0: '0.7268292682926829', 1: '0.0', 2: '0.0', 3: '1.958045020027179', 4: 382.540633458348} 
{0: '0.7274939172749392', 1: '0.0', 2: '0.0', 3: '1.842015749320195', 4: 375.98709187589014} 
{0: '0.7281553398058253', 1: '0.0', 2: '0.0', 3: '1.7328621078878674', 4: 376.4765848527137} 
{0: '0.7263922518159807', 1: '0.0', 2: '0.0', 3: '1.7328621078878674', 4: 377.67592263103995} 
{0: '0.7270531400966184', 1: '0.0', 2: '0.0', 3: '1.842015749320195', 4: 374.4345800031196} 
{0: '0.727710843373494', 1: '0.0', 2: '0.0', 3: '1.958045020027179', 4: 382.62264632026546} 
{0: '0.7283653846153846', 1: '0.0', 2: '0.0', 3: '2.081383018504685', 4: 384.92843193197655} 
{0: '0.7290167865707434', 1: '0.0', 2: '0.0', 3: '2.212490124287102', 4: 377.9929499189723} 
{0: '0.7296650717703349', 1: '0.0', 2: '0.0', 3: '2.351855716390306', 4: 381.86914279345683} 
{0: '0.7279236276849642', 1: '0.0', 2: '0.0', 3: '2.351855716390306', 4: 392.1475323444316} 
{0: '0.7285714285714285', 1: '0.0', 2: '0.0', 3: '2.212490124287102', 4: 387.7109471801961} 
{0: '0.7292161520190024', 1: '0.0', 2: '0.0', 3: '2.081383018504685', 4: 391.3080982821671} 
{0: '0.7298578199052133', 1: '0.0', 2: '0.0', 3: '1.958045020027179', 4: 385.7769900252448} 
{0: '0.7304964539007093', 1: '0.0', 2: '0.0', 3: '1.842015749320195', 4: 383.6126179028018} 
{0: '0.7311320754716981', 1: '0.0', 2: '0.0', 3: '1.7328621078878674', 4: 386.8907501760768} 
{0: '0.731764705882353', 1: '0.0', 2: '0.0', 3: '1.6301766616608926', 4: 362.2998922205644} 
{0: '0.7323943661971831', 1: '0.0', 2: '0.0', 3: '1.5335761201812925', 4: 375.4896869041917} 
{0: '0.7306791569086651', 1: '0.0', 2: '0.0', 3: '1.5335761201812925', 4: 370.169555223064} 
{0: '0.7313084112149533', 1: '0.0', 2: '0.0', 3: '1.6301766616608926', 4: 385.4223053698912} 
{0: '0.7319347319347319', 1: '0.0', 2: '0.0', 3: '1.7328621078878674', 4: 378.50659015846213} 
{0: '0.7325581395348837', 1: '0.0', 2: '0.0', 3: '1.842015749320195', 4: 381.38582195242157} 
{0: '0.7331786542923434', 1: '0.0', 2: '0.0', 3: '1.958045020027179', 4: 377.1056926998339} 
{0: '0.7337962962962963', 1: '0.0', 2: '0.0', 3: '2.081383018504685', 4: 376.81953398848077} 
{0: '0.7344110854503464', 1: '0.0', 2: '0.0', 3: '2.212490124287102', 4: 388.18714929354934} 
{0: '0.7350230414746544', 1: '0.0', 2: '0.0', 3: '2.351855716390306', 4: 379.7542797387533} 
{0: '0.7333333333333333', 1: '0.0', 2: '0.0', 3: '2.351855716390306', 4: 386.37566741558805} 
{0: '0.7339449541284404', 1: '0.0', 2: '0.0', 3: '2.212490124287102', 4: 385.019594336956} 
{0: '0.7345537757437071', 1: '0.0', 2: '0.0', 3: '2.081383018504685', 4: 380.4461446762832} 
{0: '0.7351598173515982', 1: '0.0', 2: '0.0', 3: '1.958045020027179', 4: 381.5084643035995} 
{0: '0.7334851936218679', 1: '0.0', 2: '0.0', 3: '1.958045020027179', 4: 370.5606132884728} 
{0: '0.7340909090909091', 1: '0.0', 2: '0.0', 3: '2.081383018504685', 4: 369.583061567045} 
{0: '0.7346938775510204', 1: '0.0', 2: '0.0', 3: '2.212490124287102', 4: 385.89361664478054} 
{0: '0.7352941176470589', 1: '0.0', 2: '0.0', 3: '2.351855716390306', 4: 380.18421605619676} 
{0: '0.7336343115124153', 1: '0.0', 2: '0.0', 3: '2.351855716390306', 4: 395.7193844902982} 
{0: '0.7342342342342343', 1: '0.0', 2: '0.0', 3: '2.212490124287102', 4: 394.00063968654496} 
{0: '0.7325842696629213', 1: '0.0', 2: '0.0', 3: '2.212490124287102', 4: 392.22385726528034} 
{0: '0.7331838565022422', 1: '0.0', 2: '0.0', 3: '2.351855716390306', 4: 381.32843372021796} 
{0: '0.7315436241610739', 1: '0.0', 2: '0.0', 3: '2.351855716390306', 4: 401.24546649450275} 
{0: '0.7321428571428571', 1: '0.0', 2: '0.0', 3: '2.212490124287102', 4: 373.6175273885247} 
{0: '0.7305122494432071', 1: '0.0', 2: '0.0', 3: '2.212490124287102', 4: 386.3391965764624} 
{0: '0.7311111111111112', 1: '0.0', 2: '0.0', 3: '2.351855716390306', 4: 389.54334937820164} 
{0: '0.729490022172949', 1: '0.0', 2: '0.0', 3: '2.351855716390306', 4: 385.06344562294} 
{0: '0.7300884955752213', 1: '0.0', 2: '0.0', 3: '2.212490124287102', 4: 406.7698482122459} 
{0: '0.7306843267108167', 1: '0.0', 2: '0.0', 3: '2.081383018504685', 4: 374.5463482079805} 
{0: '0.7312775330396476', 1: '0.0', 2: '0.0', 3: '1.958045020027179', 4: 388.1388664811881} 
{0: '0.7318681318681318', 1: '0.0', 2: '0.0', 3: '1.842015749320195', 4: 388.2565244904564} 
{0: '0.7324561403508771', 1: '0.0', 2: '0.0', 3: '1.7328621078878674', 4: 381.2973810297443} 
{0: '0.7308533916849015', 1: '0.0', 2: '0.0', 3: '1.7328621078878674', 4: 376.73196150274225} 
{0: '0.7314410480349345', 1: '0.0', 2: '0.0', 3: '1.842015749320195', 4: 382.0160073031858} 
{0: '0.7320261437908496', 1: '0.0', 2: '0.0', 3: '1.958045020027179', 4: 377.2011458783786} 
{0: '0.7326086956521739', 1: '0.0', 2: '0.0', 3: '2.081383018504685', 4: 374.47843582731537} 
{0: '0.7331887201735358', 1: '0.0', 2: '0.0', 3: '2.212490124287102', 4: 385.4444223707645} 
{0: '0.7316017316017316', 1: '0.0', 2: '0.0', 3: '2.212490124287102', 4: 372.24513170282063} 
{0: '0.7321814254859611', 1: '0.0', 2: '0.0', 3: '2.081383018504685', 4: 376.8257988277363} 
{0: '0.7327586206896551', 1: '0.0', 2: '0.0', 3: '1.958045020027179', 4: 384.0468228798875} 
{0: '0.7333333333333333', 1: '0.0', 2: '0.0', 3: '1.842015749320195', 4: 378.291040164604} 
{0: '0.7339055793991416', 1: '0.0', 2: '0.0', 3: '1.7328621078878674', 4: 371.2975963775561} 
{0: '0.7323340471092077', 1: '0.0', 2: '0.0', 3: '1.7328621078878674', 4: 371.622335787484} 
{0: '0.7329059829059829', 1: '0.0', 2: '0.0', 3: '1.842015749320195', 4: 371.5648685680776} 
{0: '0.7334754797441365', 1: '0.0', 2: '0.0', 3: '1.958045020027179', 4: 375.6393999574695} 
{0: '0.7340425531914894', 1: '0.0', 2: '0.0', 3: '2.081383018504685', 4: 376.8294063751016} 
{0: '0.7346072186836518', 1: '0.0', 2: '0.0', 3: '2.212490124287102', 4: 397.10674246172374} 
{0: '0.7351694915254238', 1: '0.0', 2: '0.0', 3: '2.351855716390306', 4: 367.1337224171041} 
{0: '0.733615221987315', 1: '0.0', 2: '0.0', 3: '2.351855716390306', 4: 380.24845000026323} 
{0: '0.7341772151898734', 1: '0.0', 2: '0.0', 3: '2.212490124287102', 4: 384.1446914226128} 
{0: '0.7347368421052631', 1: '0.0', 2: '0.0', 3: '2.081383018504685', 4: 367.8692432562292} 
{0: '0.7352941176470589', 1: '0.0', 2: '0.0', 3: '1.958045020027179', 4: 383.01126305545637} 
{0: '0.7358490566037735', 1: '0.0', 2: '0.0', 3: '1.842015749320195', 4: 370.52623859534077} 
{0: '0.7364016736401674', 1: '0.0', 2: '0.0', 3: '1.7328621078878674', 4: 380.057333622816} 
{0: '0.7348643006263048', 1: '0.0', 2: '0.0', 3: '1.7328621078878674', 4: 374.68007732972563} 
{0: '0.7354166666666667', 1: '0.0', 2: '0.0', 3: '1.842015749320195', 4: 376.5306721935469} 
{0: '0.735966735966736', 1: '0.0', 2: '0.0', 3: '1.958045020027179', 4: 372.9429359333633} 
{0: '0.7365145228215768', 1: '0.0', 2: '0.0', 3: '2.081383018504685', 4: 373.9615629824219} 
{0: '0.7370600414078675', 1: '0.0', 2: '0.0', 3: '2.212490124287102', 4: 386.8436531877606} 
{0: '0.737603305785124', 1: '0.0', 2: '0.0', 3: '2.351855716390306', 4: 381.0987833913023} 
{0: '0.7360824742268042', 1: '0.0', 2: '0.0', 3: '2.351855716390306', 4: 385.17177916461884} 
{0: '0.7366255144032922', 1: '0.0', 2: '0.0', 3: '2.212490124287102', 4: 380.92507605047956} 
{0: '0.7371663244353183', 1: '0.0', 2: '0.0', 3: '2.081383018504685', 4: 379.30272130294316} 
{0: '0.7377049180327869', 1: '0.0', 2: '0.0', 3: '1.958045020027179', 4: 370.77965454978624} 
{0: '0.7382413087934561', 1: '0.0', 2: '0.0', 3: '1.842015749320195', 4: 380.83921500999685} 
{0: '0.736734693877551', 1: '0.0', 2: '0.0', 3: '1.842015749320195', 4: 378.0640426937738} 
{0: '0.7372708757637475', 1: '0.0', 2: '0.0', 3: '1.958045020027179', 4: 382.9163390270533} 
{0: '0.7378048780487805', 1: '0.0', 2: '0.0', 3: '2.081383018504685', 4: 374.83451489148536} 
{0: '0.7383367139959433', 1: '0.0', 2: '0.0', 3: '2.212490124287102', 4: 390.70348587689176} 
{0: '0.7388663967611336', 1: '0.0', 2: '0.0', 3: '2.351855716390306', 4: 383.3595004464482} 
{0: '0.7373737373737373', 1: '0.0', 2: '0.0', 3: '2.351855716390306', 4: 401.2809689940442} 
{0: '0.7379032258064516', 1: '0.0', 2: '0.0', 3: '2.212490124287102', 4: 384.7794529953537} 
{0: '0.738430583501006', 1: '0.0', 2: '0.0', 3: '2.081383018504685', 4: 396.75963477334045} 
{0: '0.7389558232931727', 1: '0.0', 2: '0.0', 3: '1.958045020027179', 4: 377.225154432302} 
{0: '0.7394789579158316', 1: '0.0', 2: '0.0', 3: '1.842015749320195', 4: 378.10384318334366} 
