{'STAT2HEADER': 'STAT2HEADER', 'STAT2HEADER_ENVIRON': 'environ({\'OMPI_MCA_pmix\': \'^s1,s2,cray,isolated\', \'PMIX_MCA_mca_base_component_show_load_errors\': \'1\', \'OMPI_COMMAND\': \'python3\', \'OMPI_ARGV\': \'static_snapshot.py 1 0min\', \'OMPI_MCA_orte_precondition_transports\': \'3907912dc184ba7b-5f33bb135f81dee0\', \'LD_LIBRARY_PATH\': \'/salilab/diva1/programs/x86_64linux/numpy-py36-1.19.5/lib:/salilab/diva1/home/libs/x86_64/centos8:/salilab/diva1/home/libs/x86_64:/salilab/diva1/home/imp/main/20240607-af6f9d6a95/lib/release8:/salilab/diva1/programs/x86_64linux/opencv-4.3.0/lib64/rhel:/salilab/diva1/programs/x86_64linux/opencv-4.3.0/lib64:/salilab/diva1/programs/x86_64linux/hdf5-1.10.7/lib:/salilab/diva1/programs/x86_64linux/libtau-py27-1.0.1/lib64:/salilab/diva1/programs/x86_64linux/boost-1.73.0/lib64:/usr/lib64/openmpi/lib:/wynton/group/sali/miha_rozic/Software/imp-develop/build/lib::\', \'IMP_TMP_DIR\': \'/wynton/group/sali/miha_rozic/Software/imp-develop/build/tmp\', \'PE_HOSTFILE\': \'/var/spool/sge/wynton/qb3-id144/active_jobs/707279.1/pe_hostfile\', \'__LMOD_REF_COUNT_PATH\': \'/salilab/diva1/programs/x86_64linux/numpy-py36-1.19.5/bin:1;/salilab/diva1/home/imp/main/20240607-af6f9d6a95/bin/release8:1;/salilab/diva1/programs/x86_64linux/opencv-4.3.0/bin:1;/salilab/diva1/programs/x86_64linux/hdf5-1.10.7/bin:1;/usr/lib64/openmpi/bin:1;/wynton/home/sali/rozicmiha/.local/bin:1;/wynton/home/sali/rozicmiha/bin:1;/wynton/group/sali/miha_rozic/Software/imp-develop/build/bin:1;/wynton/group/sali/miha_rozic/Software/imp-develop/build/module_bin/EMageFit:1;/wynton/group/sali/miha_rozic/Software/imp-develop/build/module_bin/algebra:1;/wynton/group/sali/miha_rozic/Software/imp-develop/build/module_bin/atom:1;/wynton/group/sali/miha_rozic/Software/imp-develop/build/module_bin/benchmark:1;/wynton/group/sali/miha_rozic/Software/imp-develop/build/module_bin/cgal:1;/wynton/group/sali/miha_rozic/Software/imp-develop/build/module_bin/cnmultifit:1;/wynton/group/sali/miha_rozic/Software/imp-develop/build/module_bin/container:1;/wynton/group/sali/miha_rozic/Software/imp-develop/build/module_bin/core:1;/wynton/group/sali/miha_rozic/Software/imp-develop/build/module_bin/display:1;/wynton/group/sali/miha_rozic/Software/imp-develop/build/module_bin/domino:1;/wynton/group/sali/miha_rozic/Software/imp-develop/build/module_bin/em:1;/wynton/group/sali/miha_rozic/Software/imp-develop/build/module_bin/em2d:1;/wynton/group/sali/miha_rozic/Software/imp-develop/build/module_bin/example:1;/wynton/group/sali/miha_rozic/Software/imp-develop/build/module_bin/foxs:1;/wynton/group/sali/miha_rozic/Software/imp-develop/build/module_bin/gsl:1;/wynton/group/sali/miha_rozic/Software/imp-develop/build/module_bin/integrative_docking:1;/wynton/group/sali/miha_rozic/Software/imp-develop/build/module_bin/isd:1;/wynton/group/sali/miha_rozic/Software/imp-develop/build/module_bin/kernel:1;/wynton/group/sali/miha_rozic/Software/imp-develop/build/module_bin/kinematics:1;/wynton/group/sali/miha_rozic/Software/imp-develop/build/module_bin/kmeans:1;/wynton/group/sali/miha_rozic/Software/imp-develop/build/module_bin/misc:1;/wynton/group/sali/miha_rozic/Software/imp-develop/build/module_bin/mmcif:1;/wynton/group/sali/miha_rozic/Software/imp-develop/build/module_bin/modeller:1;/wynton/group/sali/miha_rozic/Software/imp-develop/build/module_bin/mpi:1;/wynton/group/sali/miha_rozic/Software/imp-develop/build/module_bin/multi_state:1;/wynton/group/sali/miha_rozic/Software/imp-develop/build/module_bin/multifit:1;/wynton/group/sali/miha_rozic/Software/imp-develop/build/module_bin/npc:1;/wynton/group/sali/miha_rozic/Software/imp-develop/build/module_bin/npcassembly:1;/wynton/group/sali/miha_rozic/Software/imp-develop/build/module_bin/parallel:1;/wynton/group/sali/miha_rozic/Software/imp-develop/build/module_bin/pepdock:1;/wynton/group/sali/miha_rozic/Software/imp-develop/build/module_bin/pmi:1;/wynton/group/sali/miha_rozic/Software/imp-develop/build/module_bin/rmf:1;/wynton/group/sali/miha_rozic/Software/imp-develop/build/module_bin/rotamer:1;/wynton/group/sali/miha_rozic/Software/imp-develop/build/module_bin/saxs:1;/wynton/group/sali/miha_rozic/Software/imp-develop/build/module_bin/saxs_merge:1;/wynton/group/sali/miha_rozic/Software/imp-develop/build/module_bin/score_functor:1;/wynton/group/sali/miha_rozic/Software/imp-develop/build/module_bin/scratch:1;/wynton/group/sali/miha_rozic/Software/imp-develop/build/module_bin/spb:1;/wynton/group/sali/miha_rozic/Software/imp-develop/build/module_bin/statistics:1;/wynton/group/sali/miha_rozic/Software/imp-develop/build/module_bin/symmetry:1;/wynton/group/sali/miha_rozic/Software/imp-develop/build/module_bin/test:1;/opt/sge/bin:1;/opt/sge/bin/lx-amd64:1;/scratch/707279.1.member.q:1;/usr/local/bin:1;/bin:1;/usr/bin:1;/usr/local/sbin:1;/usr/sbin:1\', \'_ModuleTable002_\': \'fSwKc3RhY2tEZXB0aCA9IDEsCnN0YXR1cyA9ICJhY3RpdmUiLAp1c2VyTmFtZSA9ICJib29zdC8xLjczLjAiLAp3ViA9ICIwMDAwMDAwMDEuMDAwMDAwMDczLip6ZmluYWwiLAp9LApoZGY1ID0gewpmbiA9ICIvc2FsaWxhYi9kaXZhMS9ob21lL21vZHVsZXMvaGRmNS8xLjEwLjciLApmdWxsTmFtZSA9ICJoZGY1LzEuMTAuNyIsCmxvYWRPcmRlciA9IDUsCnByb3BUID0ge30sCnN0YWNrRGVwdGggPSAyLApzdGF0dXMgPSAiYWN0aXZlIiwKdXNlck5hbWUgPSAiaGRmNS8xLjEwLjciLAp3ViA9ICIwMDAwMDAwMDEuMDAwMDAwMDEwLjAwMDAwMDAwNy4qemZpbmFsIiwKfSwKaW1wID0gewpmbiA9ICIvc2FsaWxhYi9kaXZhMS9ob21lL21vZHVsZXMvaW1wLzIuMjEuMCIsCmZ1bGxO\', \'IMP_DIR\': \'/salilab/diva1/home/imp/main/20240607-af6f9d6a95/lib/release8/cmake/IMP\', \'QUEUE\': \'member.q\', \'GOTO_NUM_THREADS\': \'1\', \'MPI_PYTHON3_SITEARCH\': \'/usr/lib64/python3.6/site-packages/openmpi\', \'LANG\': \'en_US.UTF-8\', \'HISTCONTROL\': \'ignoredups\', \'_ModuleTable008_\': \'cyIsCmZ1bGxOYW1lID0gInNhbGktbGlicmFyaWVzIiwKbG9hZE9yZGVyID0gOCwKcHJvcFQgPSB7fSwKc3RhY2tEZXB0aCA9IDEsCnN0YXR1cyA9ICJhY3RpdmUiLAp1c2VyTmFtZSA9ICJzYWxpLWxpYnJhcmllcyIsCndWID0gIk0uKnpmaW5hbCIsCn0sCn0sCm1wYXRoQSA9IHsKIi9zYWxpbGFiL2RpdmExL2hvbWUvbW9kdWxlcyIsICIvZXRjL21vZHVsZWZpbGVzIiwgIi91c3Ivc2hhcmUvbW9kdWxlZmlsZXMiCiwgIi91c3Ivc2hhcmUvbW9kdWxlZmlsZXMvTGludXgiLCAiL3Vzci9zaGFyZS9tb2R1bGVmaWxlcy9Db3JlIiwgIi91c3Ivc2hhcmUvbG1vZC9sbW9kL21vZHVsZWZpbGVzL0NvcmUiLAp9LApzeXN0ZW1CYXNlTVBBVEggPSAiL2V0Yy9tb2R1bGVmaWxlczovdXNy\', \'SGE_O_HOST\': \'dev1\', \'HOSTNAME\': \'qb3-id144.wynton.ucsf.edu\', \'OPENBLAS_NUM_THREADS\': \'1\', \'__LMOD_REF_COUNT_CMAKE_INCLUDE_PATH\': \'/salilab/diva1/programs/x86_64linux/opencv-4.3.0/include/opencv4:1;/salilab/diva1/programs/x86_64linux/hdf5-1.10.7/include:1;/salilab/diva1/programs/x86_64linux/libtau-py27-1.0.1/include:1;/salilab/diva1/programs/x86_64linux/boost-1.73.0/include:1\', \'SGE_RSH_COMMAND\': \'builtin\', \'ENVIRONMENT\': \'BATCH\', \'IMP_DATA\': \'/wynton/group/sali/miha_rozic/Software/imp-develop/build/data\', \'REQUEST\': \'test1\', \'SGE_STDIN_PATH\': \'/dev/null\', \'SGE_CELL\': \'wynton\', \'_ModuleTable007_\': \'MjEuMyIsCndWID0gIjAwMDAwMDAwMC4wMDAwMDAwMjEuMDAwMDAwMDAzLip6ZmluYWwiLAp9LApbInB5dGhvbjMvc2NpcHkiXSA9IHsKZm4gPSAiL3NhbGlsYWIvZGl2YTEvaG9tZS9tb2R1bGVzL3B5dGhvbjMvc2NpcHkvMS4zLjIiLApmdWxsTmFtZSA9ICJweXRob24zL3NjaXB5LzEuMy4yIiwKbG9hZE9yZGVyID0gMTAsCnByb3BUID0ge30sCnN0YWNrRGVwdGggPSAxLApzdGF0dXMgPSAiYWN0aXZlIiwKdXNlck5hbWUgPSAicHl0aG9uMy9zY2lweS8xLjMuMiIsCndWID0gIjAwMDAwMDAwMS4wMDAwMDAwMDMuMDAwMDAwMDAyLip6ZmluYWwiLAp9LApbInNhbGktbGlicmFyaWVzIl0gPSB7CmZuID0gIi9zYWxpbGFiL2RpdmExL2hvbWUvbW9kdWxlcy9zYWxpLWxpYnJhcmll\', \'CMAKE_INCLUDE_PATH\': \'/salilab/diva1/programs/x86_64linux/opencv-4.3.0/include/opencv4:/salilab/diva1/programs/x86_64linux/hdf5-1.10.7/include:/salilab/diva1/programs/x86_64linux/libtau-py27-1.0.1/include:/salilab/diva1/programs/x86_64linux/boost-1.73.0/include\', \'__LMOD_REF_COUNT_LD_LIBRARY_PATH\': \'/salilab/diva1/programs/x86_64linux/numpy-py36-1.19.5/lib:1;/salilab/diva1/home/libs/x86_64/centos8:1;/salilab/diva1/home/libs/x86_64:1;/salilab/diva1/home/imp/main/20240607-af6f9d6a95/lib/release8:1;/salilab/diva1/programs/x86_64linux/opencv-4.3.0/lib64/rhel:1;/salilab/diva1/programs/x86_64linux/opencv-4.3.0/lib64:1;/salilab/diva1/programs/x86_64linux/hdf5-1.10.7/lib:1;/salilab/diva1/programs/x86_64linux/libtau-py27-1.0.1/lib64:1;/salilab/diva1/programs/x86_64linux/boost-1.73.0/lib64:1;/usr/lib64/openmpi/lib:1;/wynton/group/sali/miha_rozic/Software/imp-develop/build/lib:2;:1\', \'__LMOD_REF_COUNT_PKG_CONFIG_PATH\': \'/usr/lib64/openmpi/lib/pkgconfig:1\', \'_ModuleTable004_\': \'aGFyZS9tb2R1bGVmaWxlcy9tcGkvb3Blbm1waS14ODZfNjQiLApmdWxsTmFtZSA9ICJtcGkvb3Blbm1waS14ODZfNjQiLApsb2FkT3JkZXIgPSAyLApwcm9wVCA9IHt9LApzdGFja0RlcHRoID0gMCwKc3RhdHVzID0gImFjdGl2ZSIsCnVzZXJOYW1lID0gIm1waS9vcGVubXBpLXg4Nl82NCIsCndWID0gIipvcGVubXBpLip4LjAwMDAwMDA4Ni4qXy4wMDAwMDAwNjQuKnpmaW5hbCIsCn0sCm9wZW5jdiA9IHsKZm4gPSAiL3NhbGlsYWIvZGl2YTEvaG9tZS9tb2R1bGVzL29wZW5jdi80LjMuMCIsCmZ1bGxOYW1lID0gIm9wZW5jdi80LjMuMCIsCmxvYWRPcmRlciA9IDYsCnByb3BUID0ge30sCnN0YWNrRGVwdGggPSAxLApzdGF0dXMgPSAiYWN0aXZlIiwKdXNlck5hbWUgPSAib3Bl\', \'__LMOD_REF_COUNT_PYTHONPATH\': \'/salilab/diva1/programs/x86_64linux/scikit-py36-0.21.3/lib64/python3.6/site-packages:1;/salilab/diva1/programs/linux/joblib-0.17.0/lib/python3.6/site-packages:1;/salilab/diva1/programs/x86_64linux/scipy-py36-1.3.2/lib64/python3.6/site-packages:1;/salilab/diva1/programs/x86_64linux/numpy-py36-1.19.5/lib64/python3.6/site-packages:1;/salilab/diva1/home/imp/main/20240607-af6f9d6a95/lib/release8:1;/salilab/diva1/programs/x86_64linux/opencv-4.3.0/lib/python3.6/site-packages:1;/wynton/group/sali/miha_rozic/Software/imp-develop/build/lib:2;:1\', \'which_declare\': \'declare -f\', \'NHOSTS\': \'1\', \'SGE_O_WORKDIR\': \'/wynton/group/sali/miha_rozic/Input_information/SNAPSHOTS/central_directory/snapshot1_0min/run48\', \'USER\': \'rozicmiha\', \'SGE_TASK_ID\': \'undefined\', \'__LMOD_REF_COUNT_CMAKE_LIBRARY_PATH\': \'/salilab/diva1/programs/x86_64linux/opencv-4.3.0/lib64:1;/salilab/diva1/programs/x86_64linux/hdf5-1.10.7/lib:1;/salilab/diva1/programs/x86_64linux/libtau-py27-1.0.1/lib64:1;/salilab/diva1/programs/x86_64linux/boost-1.73.0/lib64:1\', \'SGE_TASK_FIRST\': \'undefined\', \'NSLOTS\': \'16\', \'__LMOD_REF_COUNT_MODULEPATH\': \'/salilab/diva1/home/modules:1;/etc/modulefiles:1;/usr/share/modulefiles:1;/usr/share/modulefiles/Linux:1;/usr/share/modulefiles/Core:1;/usr/share/lmod/lmod/modulefiles/Core:1\', \'PWD\': \'/wynton/group/sali/miha_rozic/Input_information/SNAPSHOTS/central_directory/snapshot1_0min/run48\', \'HOME\': \'/wynton/home/sali/rozicmiha\', \'NQUEUES\': \'1\', \'TMP\': \'/scratch/707279.1.member.q\', \'PE\': \'smp\', \'SGE_O_HOME\': \'/wynton/home/sali/rozicmiha\', \'LMOD_VERSION\': \'8.7.32\', \'JOB_NAME\': \'test1\', \'BASH_ENV\': \'/usr/share/lmod/lmod/init/bash\', \'MPI_FORTRAN_MOD_DIR\': \'/usr/lib64/gfortran/modules/openmpi\', \'SGE_TASK_LAST\': \'undefined\', \'MKL_NUM_THREADS\': \'1\', \'MPI_COMPILER\': \'openmpi-x86_64\', \'SGE_ACCOUNT\': \'sge\', \'SGE_ROOT\': \'/opt/sge\', \'MPI_SUFFIX\': \'_openmpi\', \'TMPDIR\': \'/scratch/707279.1.member.q\', \'RESTARTED\': \'0\', \'LMOD_sys\': \'Linux\', \'_ModuleTable001_\': \'X01vZHVsZVRhYmxlXyA9IHsKTVR2ZXJzaW9uID0gMywKY19yZWJ1aWxkVGltZSA9IGZhbHNlLApjX3Nob3J0VGltZSA9IGZhbHNlLApkZXB0aFQgPSB7fSwKZmFtaWx5ID0ge30sCm1UID0gewpTYWxpID0gewpmbiA9ICIvZXRjL21vZHVsZWZpbGVzL1NhbGkubHVhIiwKZnVsbE5hbWUgPSAiU2FsaSIsCmxvYWRPcmRlciA9IDEsCnByb3BUID0ge30sCnN0YWNrRGVwdGggPSAwLApzdGF0dXMgPSAiYWN0aXZlIiwKdXNlck5hbWUgPSAiU2FsaSIsCndWID0gIk0uKnpmaW5hbCIsCn0sCmJvb3N0ID0gewpmbiA9ICIvc2FsaWxhYi9kaXZhMS9ob21lL21vZHVsZXMvYm9vc3QvMS43My4wIiwKZnVsbE5hbWUgPSAiYm9vc3QvMS43My4wIiwKbG9hZE9yZGVyID0gMywKcHJvcFQgPSB7\', \'LOADEDMODULES\': \'Sali:mpi/openmpi-x86_64:boost/1.73.0:libtau/1.0.1:hdf5/1.10.7:opencv/4.3.0:imp/2.21.0:sali-libraries:python3/numpy/1.19.5:python3/scipy/1.3.2:python3/joblib/0.17.0:python3/scikit/0.21.3\', \'SGE_O_PATH\': \'/salilab/diva1/programs/x86_64linux/numpy-py36-1.19.5/bin:/salilab/diva1/home/imp/main/20240607-af6f9d6a95/bin/release8:/salilab/diva1/programs/x86_64linux/opencv-4.3.0/bin:/salilab/diva1/programs/x86_64linux/hdf5-1.10.7/bin:/wynton/home/sali/rozicmiha/.local/bin:/wynton/home/sali/rozicmiha/bin:/wynton/group/sali/miha_rozic/Software/imp-develop/build/bin:/wynton/group/sali/miha_rozic/Software/imp-develop/build/module_bin/EMageFit:/wynton/group/sali/miha_rozic/Software/imp-develop/build/module_bin/algebra:/wynton/group/sali/miha_rozic/Software/imp-develop/build/module_bin/atom:/wynton/group/sali/miha_rozic/Software/imp-develop/build/module_bin/benchmark:/wynton/group/sali/miha_rozic/Software/imp-develop/build/module_bin/cgal:/wynton/group/sali/miha_rozic/Software/imp-develop/build/module_bin/cnmultifit:/wynton/group/sali/miha_rozic/Software/imp-develop/build/module_bin/container:/wynton/group/sali/miha_rozic/Software/imp-develop/build/module_bin/core:/wynton/group/sali/miha_rozic/Software/imp-develop/build/module_bin/display:/wynton/group/sali/miha_rozic/Software/imp-develop/build/module_bin/domino:/wynton/group/sali/miha_rozic/Software/imp-develop/build/module_bin/em:/wynton/group/sali/miha_rozic/Software/imp-develop/build/module_bin/em2d:/wynton/group/sali/miha_rozic/Software/imp-develop/build/module_bin/example:/wynton/group/sali/miha_rozic/Software/imp-develop/build/module_bin/foxs:/wynton/group/sali/miha_rozic/Software/imp-develop/build/module_bin/gsl:/wynton/group/sali/miha_rozic/Software/imp-develop/build/module_bin/integrative_docking:/wynton/group/sali/miha_rozic/Software/imp-develop/build/module_bin/isd:/wynton/group/sali/miha_rozic/Software/imp-develop/build/module_bin/kernel:/wynton/group/sali/miha_rozic/Software/imp-develop/build/module_bin/kinematics:/wynton/group/sali/miha_rozic/Software/imp-develop/build/module_bin/kmeans:/wynton/group/sali/miha_rozic/Software/imp-develop/build/module_bin/misc:/wynton/group/sali/miha_rozic/Software/imp-develop/build/module_bin/mmcif:/wynton/group/sali/miha_rozic/Software/imp-develop/build/module_bin/modeller:/wynton/group/sali/miha_rozic/Software/imp-develop/build/module_bin/mpi:/wynton/group/sali/miha_rozic/Software/imp-develop/build/module_bin/multi_state:/wynton/group/sali/miha_rozic/Software/imp-develop/build/module_bin/multifit:/wynton/group/sali/miha_rozic/Software/imp-develop/build/module_bin/npc:/wynton/group/sali/miha_rozic/Software/imp-develop/build/module_bin/npcassembly:/wynton/group/sali/miha_rozic/Software/imp-develop/build/module_bin/parallel:/wynton/group/sali/miha_rozic/Software/imp-develop/build/module_bin/pepdock:/wynton/group/sali/miha_rozic/Software/imp-develop/build/module_bin/pmi:/wynton/group/sali/miha_rozic/Software/imp-develop/build/module_bin/rmf:/wynton/group/sali/miha_rozic/Software/imp-develop/build/module_bin/rotamer:/wynton/group/sali/miha_rozic/Software/imp-develop/build/module_bin/saxs:/wynton/group/sali/miha_rozic/Software/imp-develop/build/module_bin/saxs_merge:/wynton/group/sali/miha_rozic/Software/imp-develop/build/module_bin/score_functor:/wynton/group/sali/miha_rozic/Software/imp-develop/build/module_bin/scratch:/wynton/group/sali/miha_rozic/Software/imp-develop/build/module_bin/spb:/wynton/group/sali/miha_rozic/Software/imp-develop/build/module_bin/statistics:/wynton/group/sali/miha_rozic/Software/imp-develop/build/module_bin/symmetry:/wynton/group/sali/miha_rozic/Software/imp-develop/build/module_bin/test:/opt/sge/bin:/opt/sge/bin/lx-amd64:/usr/local/bin:/usr/bin:/usr/local/sbin:/usr/sbin\', \'SGE_O_SHELL\': \'/bin/bash\', \'_ModuleTable006_\': \'bWUgPSAicHl0aG9uMy9udW1weS8xLjE5LjUiLApsb2FkT3JkZXIgPSA5LApwcm9wVCA9IHt9LApzdGFja0RlcHRoID0gMiwKc3RhdHVzID0gImFjdGl2ZSIsCnVzZXJOYW1lID0gInB5dGhvbjMvbnVtcHkvMS4xOS41IiwKd1YgPSAiMDAwMDAwMDAxLjAwMDAwMDAxOS4wMDAwMDAwMDUuKnpmaW5hbCIsCn0sClsicHl0aG9uMy9zY2lraXQiXSA9IHsKZm4gPSAiL3NhbGlsYWIvZGl2YTEvaG9tZS9tb2R1bGVzL3B5dGhvbjMvc2Npa2l0LzAuMjEuMyIsCmZ1bGxOYW1lID0gInB5dGhvbjMvc2Npa2l0LzAuMjEuMyIsCmxvYWRPcmRlciA9IDEyLApwcm9wVCA9IHt9LApzdGFja0RlcHRoID0gMCwKc3RhdHVzID0gImFjdGl2ZSIsCnVzZXJOYW1lID0gInB5dGhvbjMvc2Npa2l0LzAu\', \'__LMOD_REF_COUNT_MANPATH\': \':2;/usr/share/man/openmpi-x86_64:1;/opt/sge/man:1;/usr/share/lmod/lmod/share/man:1\', \'MPI_INCLUDE\': \'/usr/include/openmpi-x86_64\', \'_ModuleTable003_\': \'YW1lID0gImltcC8yLjIxLjAiLApsb2FkT3JkZXIgPSA3LApwcm9wVCA9IHt9LApzdGFja0RlcHRoID0gMCwKc3RhdHVzID0gImFjdGl2ZSIsCnVzZXJOYW1lID0gImltcCIsCndWID0gIl4wMDAwMDAwMi4wMDAwMDAwMjEuKnpmaW5hbCIsCn0sCmxpYnRhdSA9IHsKZm4gPSAiL3NhbGlsYWIvZGl2YTEvaG9tZS9tb2R1bGVzL2xpYnRhdS8xLjAuMSIsCmZ1bGxOYW1lID0gImxpYnRhdS8xLjAuMSIsCmxvYWRPcmRlciA9IDQsCnByb3BUID0ge30sCnN0YWNrRGVwdGggPSAxLApzdGF0dXMgPSAiYWN0aXZlIiwKdXNlck5hbWUgPSAibGlidGF1LzEuMC4xIiwKd1YgPSAiMDAwMDAwMDAxLjAwMDAwMDAwMC4wMDAwMDAwMDEuKnpmaW5hbCIsCn0sCm1waSA9IHsKZm4gPSAiL3Vzci9z\', \'LMOD_ROOT\': \'/usr/share/lmod\', \'SYSTEMCTL_SKIP_REDIRECT\': \'\', \'MAIL\': \'/var/spool/mail/rozicmiha\', \'SGE_CWD_PATH\': \'/wynton/group/sali/miha_rozic/Input_information/SNAPSHOTS/central_directory/snapshot1_0min/run48\', \'MPI_HOME\': \'/usr/lib64/openmpi\', \'_ModuleTable009_\': \'L3NoYXJlL21vZHVsZWZpbGVzOi91c3Ivc2hhcmUvbW9kdWxlZmlsZXMvTGludXg6L3Vzci9zaGFyZS9tb2R1bGVmaWxlcy9Db3JlOi91c3Ivc2hhcmUvbG1vZC9sbW9kL21vZHVsZWZpbGVzL0NvcmUiLAp9Cg==\', \'SGE_TASK_STEPSIZE\': \'undefined\', \'SHELL\': \'/bin/bash\', \'TERM\': \'\', \'_ModuleTable_Sz_\': \'9\', \'SGE_JOB_SPOOL_DIR\': \'/var/spool/sge/wynton/qb3-id144/active_jobs/707279.1\', \'JOB_ID\': \'707279\', \'IMP_EXAMPLE_DATA\': \'/wynton/group/sali/miha_rozic/Software/imp-develop/build/doc/examples\', \'R_FUTURE_AVAILABLECORES_FALLBACK\': \'1\', \'JOB_SCRIPT\': \'/var/spool/sge/wynton/qb3-id144/job_scripts/707279\', \'SHLVL\': \'2\', \'SGE_O_LOGNAME\': \'rozicmiha\', \'SGE_O_MAIL\': \'/var/spool/mail/rozicmiha\', \'PYTHONPATH\': \'/salilab/diva1/programs/x86_64linux/scikit-py36-0.21.3/lib64/python3.6/site-packages:/salilab/diva1/programs/linux/joblib-0.17.0/lib/python3.6/site-packages:/salilab/diva1/programs/x86_64linux/scipy-py36-1.3.2/lib64/python3.6/site-packages:/salilab/diva1/programs/x86_64linux/numpy-py36-1.19.5/lib64/python3.6/site-packages:/salilab/diva1/home/imp/main/20240607-af6f9d6a95/lib/release8:/salilab/diva1/programs/x86_64linux/opencv-4.3.0/lib/python3.6/site-packages:/wynton/group/sali/miha_rozic/Software/imp-develop/build/lib::\', \'MANPATH\': \':/usr/share/man/openmpi-x86_64:/opt/sge/man:/usr/share/lmod/lmod/share/man\', \'MODULEPATH\': \'/salilab/diva1/home/modules:/etc/modulefiles:/usr/share/modulefiles:/usr/share/modulefiles/Linux:/usr/share/modulefiles/Core:/usr/share/lmod/lmod/modulefiles/Core\', \'MPI_SYSCONFIG\': \'/etc/openmpi-x86_64\', \'LOGNAME\': \'rozicmiha\', \'SYSTEMCTL_IGNORE_DEPENDENCIES\': \'\', \'MODULEPATH_ROOT\': \'/usr/share/modulefiles\', \'PATH\': \'/salilab/diva1/programs/x86_64linux/numpy-py36-1.19.5/bin:/salilab/diva1/home/imp/main/20240607-af6f9d6a95/bin/release8:/salilab/diva1/programs/x86_64linux/opencv-4.3.0/bin:/salilab/diva1/programs/x86_64linux/hdf5-1.10.7/bin:/usr/lib64/openmpi/bin:/wynton/home/sali/rozicmiha/.local/bin:/wynton/home/sali/rozicmiha/bin:/wynton/group/sali/miha_rozic/Software/imp-develop/build/bin:/wynton/group/sali/miha_rozic/Software/imp-develop/build/module_bin/EMageFit:/wynton/group/sali/miha_rozic/Software/imp-develop/build/module_bin/algebra:/wynton/group/sali/miha_rozic/Software/imp-develop/build/module_bin/atom:/wynton/group/sali/miha_rozic/Software/imp-develop/build/module_bin/benchmark:/wynton/group/sali/miha_rozic/Software/imp-develop/build/module_bin/cgal:/wynton/group/sali/miha_rozic/Software/imp-develop/build/module_bin/cnmultifit:/wynton/group/sali/miha_rozic/Software/imp-develop/build/module_bin/container:/wynton/group/sali/miha_rozic/Software/imp-develop/build/module_bin/core:/wynton/group/sali/miha_rozic/Software/imp-develop/build/module_bin/display:/wynton/group/sali/miha_rozic/Software/imp-develop/build/module_bin/domino:/wynton/group/sali/miha_rozic/Software/imp-develop/build/module_bin/em:/wynton/group/sali/miha_rozic/Software/imp-develop/build/module_bin/em2d:/wynton/group/sali/miha_rozic/Software/imp-develop/build/module_bin/example:/wynton/group/sali/miha_rozic/Software/imp-develop/build/module_bin/foxs:/wynton/group/sali/miha_rozic/Software/imp-develop/build/module_bin/gsl:/wynton/group/sali/miha_rozic/Software/imp-develop/build/module_bin/integrative_docking:/wynton/group/sali/miha_rozic/Software/imp-develop/build/module_bin/isd:/wynton/group/sali/miha_rozic/Software/imp-develop/build/module_bin/kernel:/wynton/group/sali/miha_rozic/Software/imp-develop/build/module_bin/kinematics:/wynton/group/sali/miha_rozic/Software/imp-develop/build/module_bin/kmeans:/wynton/group/sali/miha_rozic/Software/imp-develop/build/module_bin/misc:/wynton/group/sali/miha_rozic/Software/imp-develop/build/module_bin/mmcif:/wynton/group/sali/miha_rozic/Software/imp-develop/build/module_bin/modeller:/wynton/group/sali/miha_rozic/Software/imp-develop/build/module_bin/mpi:/wynton/group/sali/miha_rozic/Software/imp-develop/build/module_bin/multi_state:/wynton/group/sali/miha_rozic/Software/imp-develop/build/module_bin/multifit:/wynton/group/sali/miha_rozic/Software/imp-develop/build/module_bin/npc:/wynton/group/sali/miha_rozic/Software/imp-develop/build/module_bin/npcassembly:/wynton/group/sali/miha_rozic/Software/imp-develop/build/module_bin/parallel:/wynton/group/sali/miha_rozic/Software/imp-develop/build/module_bin/pepdock:/wynton/group/sali/miha_rozic/Software/imp-develop/build/module_bin/pmi:/wynton/group/sali/miha_rozic/Software/imp-develop/build/module_bin/rmf:/wynton/group/sali/miha_rozic/Software/imp-develop/build/module_bin/rotamer:/wynton/group/sali/miha_rozic/Software/imp-develop/build/module_bin/saxs:/wynton/group/sali/miha_rozic/Software/imp-develop/build/module_bin/saxs_merge:/wynton/group/sali/miha_rozic/Software/imp-develop/build/module_bin/score_functor:/wynton/group/sali/miha_rozic/Software/imp-develop/build/module_bin/scratch:/wynton/group/sali/miha_rozic/Software/imp-develop/build/module_bin/spb:/wynton/group/sali/miha_rozic/Software/imp-develop/build/module_bin/statistics:/wynton/group/sali/miha_rozic/Software/imp-develop/build/module_bin/symmetry:/wynton/group/sali/miha_rozic/Software/imp-develop/build/module_bin/test:/opt/sge/bin:/opt/sge/bin/lx-amd64:/scratch/707279.1.member.q:/usr/local/bin:/bin:/usr/bin:/usr/local/sbin:/usr/sbin\', \'MPI_BIN\': \'/usr/lib64/openmpi/bin\', \'SGE_STDERR_PATH\': \'/wynton/group/sali/miha_rozic/Input_information/SNAPSHOTS/central_directory/snapshot1_0min/run48/test1.o707279\', \'_LMFILES_\': \'/etc/modulefiles/Sali.lua:/usr/share/modulefiles/mpi/openmpi-x86_64:/salilab/diva1/home/modules/boost/1.73.0:/salilab/diva1/home/modules/libtau/1.0.1:/salilab/diva1/home/modules/hdf5/1.10.7:/salilab/diva1/home/modules/opencv/4.3.0:/salilab/diva1/home/modules/imp/2.21.0:/salilab/diva1/home/modules/sali-libraries:/salilab/diva1/home/modules/python3/numpy/1.19.5:/salilab/diva1/home/modules/python3/scipy/1.3.2:/salilab/diva1/home/modules/python3/joblib/0.17.0:/salilab/diva1/home/modules/python3/scikit/0.21.3\', \'DEBUGINFOD_URLS\': \'https://debuginfod.centos.org/ \', \'MODULESHOME\': \'/usr/share/lmod/lmod\', \'PKG_CONFIG_PATH\': \'/usr/lib64/openmpi/lib/pkgconfig\', \'LMOD_SETTARG_FULL_SUPPORT\': \'no\', \'HISTSIZE\': \'1000\', \'SGE_ARCH\': \'lx-amd64\', \'LMOD_PKG\': \'/usr/share/lmod/lmod\', \'CMAKE_LIBRARY_PATH\': \'/salilab/diva1/programs/x86_64linux/opencv-4.3.0/lib64:/salilab/diva1/programs/x86_64linux/hdf5-1.10.7/lib:/salilab/diva1/programs/x86_64linux/libtau-py27-1.0.1/lib64:/salilab/diva1/programs/x86_64linux/boost-1.73.0/lib64\', \'ARC\': \'lx-amd64\', \'MPI_LIB\': \'/usr/lib64/openmpi/lib\', \'SGE_BINARY_PATH\': \'/opt/sge/bin/lx-amd64\', \'SGE_STDOUT_PATH\': \'/wynton/group/sali/miha_rozic/Input_information/SNAPSHOTS/central_directory/snapshot1_0min/run48/test1.o707279\', \'_ModuleTable005_\': \'bmN2LzQuMy4wIiwKd1YgPSAiMDAwMDAwMDA0LjAwMDAwMDAwMy4qemZpbmFsIiwKfSwKWyJweXRob24zL2pvYmxpYiJdID0gewpmbiA9ICIvc2FsaWxhYi9kaXZhMS9ob21lL21vZHVsZXMvcHl0aG9uMy9qb2JsaWIvMC4xNy4wIiwKZnVsbE5hbWUgPSAicHl0aG9uMy9qb2JsaWIvMC4xNy4wIiwKbG9hZE9yZGVyID0gMTEsCnByb3BUID0ge30sCnN0YWNrRGVwdGggPSAxLApzdGF0dXMgPSAiYWN0aXZlIiwKdXNlck5hbWUgPSAicHl0aG9uMy9qb2JsaWIiLAp3ViA9ICIwMDAwMDAwMDAuMDAwMDAwMDE3Lip6ZmluYWwiLAp9LApbInB5dGhvbjMvbnVtcHkiXSA9IHsKZm4gPSAiL3NhbGlsYWIvZGl2YTEvaG9tZS9tb2R1bGVzL3B5dGhvbjMvbnVtcHkvMS4xOS41IiwKZnVsbE5h\', \'LMOD_CMD\': \'/usr/share/lmod/lmod/libexec/lmod\', \'REQNAME\': \'test1\', \'IMP_BIN_DIR\': \'/wynton/group/sali/miha_rozic/Software/imp-develop/build/bin\', \'MPI_MAN\': \'/usr/share/man/openmpi-x86_64\', \'LESSOPEN\': \'||/usr/bin/lesspipe.sh %s\', \'OMP_NUM_THREADS\': \'1\', \'SGE_CLUSTER_NAME\': \'wynton_cluster\', \'LMOD_DIR\': \'/usr/share/lmod/lmod/libexec\', \'BASH_FUNC_which%%\': \'() {  ( alias;\\n eval ${which_declare} ) | /usr/bin/which --tty-only --read-alias --read-functions --show-tilde --show-dot $@\\n}\', \'BASH_FUNC_module%%\': \'() {  if [ -z "${LMOD_SH_DBG_ON+x}" ]; then\\n case "$-" in \\n *v*x*)\\n __lmod_sh_dbg=\\\'vx\\\'\\n ;;\\n *v*)\\n __lmod_sh_dbg=\\\'v\\\'\\n ;;\\n *x*)\\n __lmod_sh_dbg=\\\'x\\\'\\n ;;\\n esac;\\n fi;\\n if [ -n "${__lmod_sh_dbg:-}" ]; then\\n set +$__lmod_sh_dbg;\\n echo "Shell debugging temporarily silenced: export LMOD_SH_DBG_ON=1 for Lmod\\\'s output" 1>&2;\\n fi;\\n eval "$($LMOD_CMD shell "$@")" && eval "$(${LMOD_SETTARG_CMD:-:} -s sh)";\\n __lmod_my_status=$?;\\n if [ -n "${__lmod_sh_dbg:-}" ]; then\\n echo "Shell debugging restarted" 1>&2;\\n set -$__lmod_sh_dbg;\\n fi;\\n unset __lmod_sh_dbg;\\n return $__lmod_my_status\\n}\', \'BASH_FUNC_ml%%\': \'() {  eval "$($LMOD_DIR/ml_cmd "$@")"\\n}\', \'_\': \'/usr/lib64/openmpi/bin/mpirun\', \'IPATH_NO_BACKTRACE\': \'1\', \'HFI_NO_BACKTRACE\': \'1\', \'OMPI_MCA_orte_local_daemon_uri\': \'985071616.0;tcp://172.26.38.144:41531\', \'OMPI_MCA_orte_hnp_uri\': \'985071616.0;tcp://172.26.38.144:41531\', \'OMPI_MCA_mpi_oversubscribe\': \'0\', \'OMPI_MCA_orte_app_num\': \'0\', \'OMPI_UNIVERSE_SIZE\': \'16\', \'OMPI_MCA_orte_num_nodes\': \'1\', \'OMPI_MCA_shmem_RUNTIME_QUERY_hint\': \'mmap\', \'OMPI_MCA_orte_bound_at_launch\': \'1\', \'OMPI_MCA_ess\': \'^singleton\', \'OMPI_MCA_orte_ess_num_procs\': \'16\', \'OMPI_COMM_WORLD_SIZE\': \'16\', \'OMPI_COMM_WORLD_LOCAL_SIZE\': \'16\', \'OMPI_MCA_orte_tmpdir_base\': \'/scratch/707279.1.member.q\', \'OMPI_MCA_orte_top_session_dir\': \'/scratch/707279.1.member.q/ompi.qb3-id144.11149\', \'OMPI_MCA_orte_jobfam_session_dir\': \'/scratch/707279.1.member.q/ompi.qb3-id144.11149/pid.4112393\', \'OMPI_NUM_APP_CTX\': \'1\', \'OMPI_FIRST_RANKS\': \'0\', \'OMPI_APP_CTX_NUM_PROCS\': \'16\', \'OMPI_MCA_initial_wdir\': \'/wynton/group/sali/miha_rozic/Input_information/SNAPSHOTS/central_directory/snapshot1_0min/run48\', \'OMPI_MCA_orte_launch\': \'1\', \'PMIX_NAMESPACE\': \'985071617\', \'PMIX_RANK\': \'2\', \'PMIX_SERVER_URI2\': \'985071616.0;tcp4://127.0.0.1:59547\', \'PMIX_SERVER_URI21\': \'985071616.0;tcp4://127.0.0.1:59547\', \'PMIX_SECURITY_MODE\': \'native,none\', \'PMIX_PTL_MODULE\': \'tcp,usock\', \'PMIX_BFROP_BUFFER_TYPE\': \'PMIX_BFROP_BUFFER_NON_DESC\', \'PMIX_GDS_MODULE\': \'ds21,ds12,hash\', \'PMIX_SERVER_TMPDIR\': \'/scratch/707279.1.member.q/ompi.qb3-id144.11149/pid.4112393\', \'PMIX_SYSTEM_TMPDIR\': \'/scratch/707279.1.member.q\', \'PMIX_DSTORE_21_BASE_PATH\': \'/scratch/707279.1.member.q/ompi.qb3-id144.11149/pid.4112393/pmix_dstor_ds21_4112393\', \'PMIX_DSTORE_ESH_BASE_PATH\': \'/scratch/707279.1.member.q/ompi.qb3-id144.11149/pid.4112393/pmix_dstor_ds12_4112393\', \'OMPI_MCA_ess_base_jobid\': \'985071617\', \'OMPI_MCA_ess_base_vpid\': \'2\', \'OMPI_COMM_WORLD_RANK\': \'2\', \'OMPI_COMM_WORLD_LOCAL_RANK\': \'2\', \'OMPI_COMM_WORLD_NODE_RANK\': \'2\', \'OMPI_MCA_orte_ess_node_rank\': \'2\', \'PMIX_ID\': \'985071617.2\', \'OMPI_FILE_LOCATION\': \'/scratch/707279.1.member.q/ompi.qb3-id144.11149/pid.4112393/0/0\', \'KMP_DUPLICATE_LIB_OK\': \'True\', \'KMP_INIT_AT_FORK\': \'FALSE\'})', 'STAT2HEADER_IMP_VERSIONS': "{'IMP_VERSION': '2.21.0', 'PMI_VERSION': '2.21.0'}", 0: 'ReplicaExchange_SwapSuccessRatio', 1: 'ReplicaExchange_MinTempFrequency', 2: 'ReplicaExchange_MaxTempFrequency', 3: 'ReplicaExchange_CurrentTemp', 4: 'score'} 
{0: '0', 1: '0', 2: '0', 3: '1.1299485464621188', 4: inf} 
{0: '0.0', 1: '0.0', 2: '0.0', 3: '1.1299485464621188', 4: inf} 
{0: '0.0', 1: '0.0', 2: '0.0', 3: '1.1299485464621188', 4: inf} 
{0: '0.0', 1: '0.0', 2: '0.0', 3: '1.1299485464621188', 4: inf} 
{0: '0.0', 1: '0.0', 2: '0.0', 3: '1.1299485464621188', 4: inf} 
{0: '0.0', 1: '0.0', 2: '0.0', 3: '1.1299485464621188', 4: inf} 
{0: '0.0', 1: '0.0', 2: '0.0', 3: '1.1299485464621188', 4: inf} 
{0: '0.0', 1: '0.0', 2: '0.0', 3: '1.1299485464621188', 4: inf} 
{0: '0.0', 1: '0.0', 2: '0.0', 3: '1.1299485464621188', 4: inf} 
{0: '0.0', 1: '0.0', 2: '0.0', 3: '1.1299485464621188', 4: inf} 
{0: '0.0', 1: '0.0', 2: '0.0', 3: '1.1299485464621188', 4: inf} 
{0: '0.0', 1: '0.0', 2: '0.0', 3: '1.1299485464621188', 4: inf} 
{0: '0.0', 1: '0.0', 2: '0.0', 3: '1.1299485464621188', 4: 1926.016119131393} 
{0: '0.07692307692307693', 1: '0.0', 2: '0.0', 3: '1.2011244339814315', 4: 1493.3734074111987} 
{0: '0.14285714285714285', 1: '0.0', 2: '0.0', 3: '1.2767837176518553', 4: 1115.053790616295} 
{0: '0.2', 1: '0.0', 2: '0.0', 3: '1.3572088082974538', 4: 953.0985083772052} 
{0: '0.1875', 1: '0.0', 2: '0.0', 3: '1.3572088082974538', 4: 399.21018398313544} 
{0: '0.23529411764705882', 1: '0.0', 2: '0.0', 3: '1.2767837176518553', 4: 411.16672482603053} 
{0: '0.2222222222222222', 1: '0.0', 2: '0.0', 3: '1.2767837176518553', 4: 393.46284433018184} 
{0: '0.2631578947368421', 1: '0.0', 2: '0.0', 3: '1.3572088082974538', 4: 384.4495421511161} 
{0: '0.25', 1: '0.0', 2: '0.0', 3: '1.3572088082974538', 4: 383.4887774904351} 
{0: '0.2857142857142857', 1: '0.0', 2: '0.0', 3: '1.2767837176518553', 4: 385.0769364208409} 
{0: '0.3181818181818182', 1: '0.0', 2: '0.0', 3: '1.2011244339814315', 4: 405.34846879586934} 
{0: '0.30434782608695654', 1: '0.0', 2: '0.0', 3: '1.2011244339814315', 4: 383.4730245886426} 
{0: '0.3333333333333333', 1: '0.0', 2: '0.0', 3: '1.2767837176518553', 4: 381.5268655684765} 
{0: '0.32', 1: '0.0', 2: '0.0', 3: '1.2767837176518553', 4: 379.8927269876121} 
{0: '0.3076923076923077', 1: '0.0', 2: '0.0', 3: '1.2767837176518553', 4: 384.0430095166201} 
{0: '0.2962962962962963', 1: '0.0', 2: '0.0', 3: '1.2767837176518553', 4: 386.18751946652316} 
{0: '0.32142857142857145', 1: '0.0', 2: '0.0', 3: '1.2011244339814315', 4: 386.26650487408585} 
{0: '0.3103448275862069', 1: '0.0', 2: '0.0', 3: '1.2011244339814315', 4: 382.9052770739712} 
{0: '0.3333333333333333', 1: '0.0', 2: '0.0', 3: '1.2767837176518553', 4: 384.59145347508604} 
{0: '0.3225806451612903', 1: '0.0', 2: '0.0', 3: '1.2767837176518553', 4: 389.08006071707985} 
{0: '0.34375', 1: '0.0', 2: '0.0', 3: '1.2011244339814315', 4: 381.1192240317442} 
{0: '0.36363636363636365', 1: '0.0', 2: '0.0', 3: '1.1299485464621188', 4: 384.1546033432133} 
{0: '0.35294117647058826', 1: '0.0', 2: '0.0', 3: '1.1299485464621188', 4: 383.52453955872363} 
{0: '0.37142857142857144', 1: '0.0', 2: '0.0', 3: '1.2011244339814315', 4: 386.616886079399} 
{0: '0.3888888888888889', 1: '0.0', 2: '0.0', 3: '1.2767837176518553', 4: 391.92004323205407} 
{0: '0.40540540540540543', 1: '0.0', 2: '0.0', 3: '1.3572088082974538', 4: 384.29998865911693} 
{0: '0.39473684210526316', 1: '0.0', 2: '0.0', 3: '1.3572088082974538', 4: 387.1708323068817} 
{0: '0.41025641025641024', 1: '0.0', 2: '0.0', 3: '1.2767837176518553', 4: 384.63184369791975} 
{0: '0.425', 1: '0.0', 2: '0.0', 3: '1.2011244339814315', 4: 389.23213361019475} 
{0: '0.4146341463414634', 1: '0.0', 2: '0.0', 3: '1.2011244339814315', 4: 384.53671393031993} 
{0: '0.42857142857142855', 1: '0.0', 2: '0.0', 3: '1.2767837176518553', 4: 382.10858614009555} 
{0: '0.4186046511627907', 1: '0.0', 2: '0.0', 3: '1.2767837176518553', 4: 394.90563105189443} 
{0: '0.4090909090909091', 1: '0.0', 2: '0.0', 3: '1.2767837176518553', 4: 381.8149335575979} 
{0: '0.4', 1: '0.0', 2: '0.0', 3: '1.2767837176518553', 4: 383.17655431147756} 
{0: '0.391304347826087', 1: '0.0', 2: '0.0', 3: '1.2767837176518553', 4: 379.3047920985521} 
{0: '0.3829787234042553', 1: '0.0', 2: '0.0', 3: '1.2767837176518553', 4: 392.59790555935945} 
{0: '0.375', 1: '0.0', 2: '0.0', 3: '1.2767837176518553', 4: 381.9894232038201} 
{0: '0.3877551020408163', 1: '0.0', 2: '0.0', 3: '1.3572088082974538', 4: 384.3140682024247} 
{0: '0.38', 1: '0.0', 2: '0.0', 3: '1.3572088082974538', 4: 385.03367293476884} 
{0: '0.39215686274509803', 1: '0.0', 2: '0.0', 3: '1.2767837176518553', 4: 379.07181308128713} 
{0: '0.38461538461538464', 1: '0.0', 2: '0.0', 3: '1.2767837176518553', 4: 389.87581454153474} 
{0: '0.37735849056603776', 1: '0.0', 2: '0.0', 3: '1.2767837176518553', 4: 383.4330312786365} 
{0: '0.3888888888888889', 1: '0.0', 2: '0.0', 3: '1.2011244339814315', 4: 384.511011012576} 
{0: '0.38181818181818183', 1: '0.0', 2: '0.0', 3: '1.2011244339814315', 4: 382.85317454859455} 
{0: '0.39285714285714285', 1: '0.0', 2: '0.0', 3: '1.2767837176518553', 4: 386.1174843582137} 
{0: '0.40350877192982454', 1: '0.0', 2: '0.0', 3: '1.3572088082974538', 4: 382.7085240223958} 
{0: '0.39655172413793105', 1: '0.0', 2: '0.0', 3: '1.3572088082974538', 4: 381.1976527277718} 
{0: '0.4067796610169492', 1: '0.0', 2: '0.0', 3: '1.2767837176518553', 4: 382.2056384415875} 
{0: '0.4', 1: '0.0', 2: '0.0', 3: '1.2767837176518553', 4: 384.4234155666459} 
{0: '0.4098360655737705', 1: '0.0', 2: '0.0', 3: '1.3572088082974538', 4: 384.6513897032332} 
{0: '0.4032258064516129', 1: '0.0', 2: '0.0', 3: '1.3572088082974538', 4: 383.71350538273475} 
{0: '0.3968253968253968', 1: '0.0', 2: '0.0', 3: '1.3572088082974538', 4: 383.9243246762414} 
{0: '0.390625', 1: '0.0', 2: '0.0', 3: '1.3572088082974538', 4: 386.1796295598394} 
{0: '0.4', 1: '0.0', 2: '0.0', 3: '1.2767837176518553', 4: 379.5348812855129} 
{0: '0.3939393939393939', 1: '0.0', 2: '0.0', 3: '1.2767837176518553', 4: 398.415235130682} 
{0: '0.40298507462686567', 1: '0.0', 2: '0.0', 3: '1.3572088082974538', 4: 391.6417386375454} 
{0: '0.39705882352941174', 1: '0.0', 2: '0.0', 3: '1.3572088082974538', 4: 381.2301076014811} 
{0: '0.4057971014492754', 1: '0.0', 2: '0.0', 3: '1.2767837176518553', 4: 390.0886014608587} 
{0: '0.4', 1: '0.0', 2: '0.0', 3: '1.2767837176518553', 4: 384.15458264227306} 
{0: '0.4084507042253521', 1: '0.0', 2: '0.0', 3: '1.3572088082974538', 4: 394.84465463743794} 
{0: '0.4027777777777778', 1: '0.0', 2: '0.0', 3: '1.3572088082974538', 4: 391.07332825844907} 
{0: '0.3972602739726027', 1: '0.0', 2: '0.0', 3: '1.3572088082974538', 4: 386.7279814781848} 
{0: '0.3918918918918919', 1: '0.0', 2: '0.0', 3: '1.3572088082974538', 4: 392.08742696643446} 
{0: '0.38666666666666666', 1: '0.0', 2: '0.0', 3: '1.3572088082974538', 4: 384.16745301465744} 
{0: '0.3815789473684211', 1: '0.0', 2: '0.0', 3: '1.3572088082974538', 4: 384.95291436831724} 
{0: '0.37662337662337664', 1: '0.0', 2: '0.0', 3: '1.3572088082974538', 4: 387.3240379853552} 
{0: '0.3717948717948718', 1: '0.0', 2: '0.0', 3: '1.3572088082974538', 4: 388.392197478128} 
{0: '0.3670886075949367', 1: '0.0', 2: '0.0', 3: '1.3572088082974538', 4: 386.6382874867231} 
{0: '0.3625', 1: '0.0', 2: '0.0', 3: '1.3572088082974538', 4: 382.23815372483836} 
{0: '0.35802469135802467', 1: '0.0', 2: '0.0', 3: '1.3572088082974538', 4: 393.8577068355416} 
{0: '0.35365853658536583', 1: '0.0', 2: '0.0', 3: '1.3572088082974538', 4: 389.75026782076685} 
{0: '0.3614457831325301', 1: '0.0', 2: '0.0', 3: '1.2767837176518553', 4: 391.18645477284554} 
{0: '0.35714285714285715', 1: '0.0', 2: '0.0', 3: '1.2767837176518553', 4: 383.6138847047897} 
{0: '0.36470588235294116', 1: '0.0', 2: '0.0', 3: '1.3572088082974538', 4: 399.1804158268117} 
{0: '0.36046511627906974', 1: '0.0', 2: '0.0', 3: '1.3572088082974538', 4: 382.474417893305} 
{0: '0.3563218390804598', 1: '0.0', 2: '0.0', 3: '1.3572088082974538', 4: 396.2210075047635} 
{0: '0.3522727272727273', 1: '0.0', 2: '0.0', 3: '1.3572088082974538', 4: 387.4491181219204} 
{0: '0.3595505617977528', 1: '0.0', 2: '0.0', 3: '1.2767837176518553', 4: 386.07851502306136} 
{0: '0.35555555555555557', 1: '0.0', 2: '0.0', 3: '1.2767837176518553', 4: 381.0086514108132} 
{0: '0.3626373626373626', 1: '0.0', 2: '0.0', 3: '1.3572088082974538', 4: 385.8110317923413} 
{0: '0.358695652173913', 1: '0.0', 2: '0.0', 3: '1.3572088082974538', 4: 391.3232377091002} 
{0: '0.3655913978494624', 1: '0.0', 2: '0.0', 3: '1.2767837176518553', 4: 380.5258776630679} 
{0: '0.3617021276595745', 1: '0.0', 2: '0.0', 3: '1.2767837176518553', 4: 384.38205864569034} 
{0: '0.3684210526315789', 1: '0.0', 2: '0.0', 3: '1.3572088082974538', 4: 389.41824540157467} 
{0: '0.3645833333333333', 1: '0.0', 2: '0.0', 3: '1.3572088082974538', 4: 381.9255086589476} 
{0: '0.36082474226804123', 1: '0.0', 2: '0.0', 3: '1.3572088082974538', 4: 385.00566075179916} 
{0: '0.35714285714285715', 1: '0.0', 2: '0.0', 3: '1.3572088082974538', 4: 391.61044428561746} 
{0: '0.35353535353535354', 1: '0.0', 2: '0.0', 3: '1.3572088082974538', 4: 380.8883757814612} 
{0: '0.35', 1: '0.0', 2: '0.0', 3: '1.3572088082974538', 4: 382.4871845400241} 
{0: '0.3564356435643564', 1: '0.0', 2: '0.0', 3: '1.2767837176518553', 4: 382.0416995823586} 
{0: '0.35294117647058826', 1: '0.0', 2: '0.0', 3: '1.2767837176518553', 4: 382.3426869457325} 
{0: '0.3592233009708738', 1: '0.0', 2: '0.0', 3: '1.3572088082974538', 4: 388.6827367961752} 
{0: '0.3557692307692308', 1: '0.0', 2: '0.0', 3: '1.3572088082974538', 4: 383.19109505007594} 
{0: '0.3523809523809524', 1: '0.0', 2: '0.0', 3: '1.3572088082974538', 4: 389.6229806998827} 
{0: '0.3490566037735849', 1: '0.0', 2: '0.0', 3: '1.3572088082974538', 4: 391.0715308040754} 
{0: '0.35514018691588783', 1: '0.0', 2: '0.0', 3: '1.2767837176518553', 4: 382.9194368652755} 
{0: '0.3611111111111111', 1: '0.0', 2: '0.0', 3: '1.2011244339814315', 4: 379.9721195514146} 
{0: '0.3577981651376147', 1: '0.0', 2: '0.0', 3: '1.2011244339814315', 4: 384.3054623424957} 
{0: '0.36363636363636365', 1: '0.0', 2: '0.0', 3: '1.2767837176518553', 4: 383.29870402996875} 
{0: '0.36936936936936937', 1: '0.0', 2: '0.0', 3: '1.3572088082974538', 4: 388.738360827004} 
{0: '0.36607142857142855', 1: '0.0', 2: '0.0', 3: '1.3572088082974538', 4: 381.0532376045523} 
{0: '0.36283185840707965', 1: '0.0', 2: '0.0', 3: '1.3572088082974538', 4: 388.4826801407029} 
{0: '0.35964912280701755', 1: '0.0', 2: '0.0', 3: '1.3572088082974538', 4: 382.24870327282036} 
{0: '0.3565217391304348', 1: '0.0', 2: '0.0', 3: '1.3572088082974538', 4: 385.2306198491021} 
{0: '0.35344827586206895', 1: '0.0', 2: '0.0', 3: '1.3572088082974538', 4: 384.2779782340796} 
{0: '0.358974358974359', 1: '0.0', 2: '0.0', 3: '1.2767837176518553', 4: 384.14112321853247} 
{0: '0.3644067796610169', 1: '0.0', 2: '0.0', 3: '1.2011244339814315', 4: 384.83564001651274} 
{0: '0.36134453781512604', 1: '0.0', 2: '0.0', 3: '1.2011244339814315', 4: 381.040245538309} 
{0: '0.36666666666666664', 1: '0.0', 2: '0.0', 3: '1.2767837176518553', 4: 385.44245859271683} 
{0: '0.371900826446281', 1: '0.0', 2: '0.0', 3: '1.3572088082974538', 4: 385.3177250602749} 
{0: '0.36885245901639346', 1: '0.0', 2: '0.0', 3: '1.3572088082974538', 4: 405.3232458134695} 
{0: '0.36585365853658536', 1: '0.0', 2: '0.0', 3: '1.3572088082974538', 4: 379.7265618850134} 
{0: '0.3629032258064516', 1: '0.0', 2: '0.0', 3: '1.3572088082974538', 4: 380.47051853029194} 
{0: '0.36', 1: '0.0', 2: '0.0', 3: '1.3572088082974538', 4: 382.3287873183433} 
{0: '0.35714285714285715', 1: '0.0', 2: '0.0', 3: '1.3572088082974538', 4: 380.6476782787905} 
{0: '0.3543307086614173', 1: '0.0', 2: '0.0', 3: '1.3572088082974538', 4: 382.66657872169736} 
{0: '0.3515625', 1: '0.0', 2: '0.0', 3: '1.3572088082974538', 4: 383.5486336337985} 
{0: '0.3488372093023256', 1: '0.0', 2: '0.0', 3: '1.3572088082974538', 4: 382.55988547053767} 
{0: '0.34615384615384615', 1: '0.0', 2: '0.0', 3: '1.3572088082974538', 4: 389.3524835129091} 
{0: '0.3435114503816794', 1: '0.0', 2: '0.0', 3: '1.3572088082974538', 4: 391.5326996129399} 
{0: '0.3409090909090909', 1: '0.0', 2: '0.0', 3: '1.3572088082974538', 4: 380.18825333500183} 
{0: '0.3383458646616541', 1: '0.0', 2: '0.0', 3: '1.3572088082974538', 4: 393.17951883962263} 
{0: '0.3358208955223881', 1: '0.0', 2: '0.0', 3: '1.3572088082974538', 4: 392.321481660222} 
{0: '0.34074074074074073', 1: '0.0', 2: '0.0', 3: '1.2767837176518553', 4: 382.69674648148396} 
{0: '0.3382352941176471', 1: '0.0', 2: '0.0', 3: '1.2767837176518553', 4: 384.5792259661479} 
{0: '0.34306569343065696', 1: '0.0', 2: '0.0', 3: '1.3572088082974538', 4: 380.98820346555897} 
{0: '0.34057971014492755', 1: '0.0', 2: '0.0', 3: '1.3572088082974538', 4: 387.7461811509565} 
{0: '0.34532374100719426', 1: '0.0', 2: '0.0', 3: '1.2767837176518553', 4: 389.8627267936648} 
{0: '0.34285714285714286', 1: '0.0', 2: '0.0', 3: '1.2767837176518553', 4: 387.06277127544763} 
{0: '0.3475177304964539', 1: '0.0', 2: '0.0', 3: '1.3572088082974538', 4: 381.802296982601} 
{0: '0.34507042253521125', 1: '0.0', 2: '0.0', 3: '1.3572088082974538', 4: 384.01283101620504} 
{0: '0.34265734265734266', 1: '0.0', 2: '0.0', 3: '1.3572088082974538', 4: 388.1930133600237} 
{0: '0.3402777777777778', 1: '0.0', 2: '0.0', 3: '1.3572088082974538', 4: 388.80751506763147} 
{0: '0.33793103448275863', 1: '0.0', 2: '0.0', 3: '1.3572088082974538', 4: 384.8326510005178} 
{0: '0.3356164383561644', 1: '0.0', 2: '0.0', 3: '1.3572088082974538', 4: 387.9272961013954} 
{0: '0.3333333333333333', 1: '0.0', 2: '0.0', 3: '1.3572088082974538', 4: 385.1162029468475} 
{0: '0.3310810810810811', 1: '0.0', 2: '0.0', 3: '1.3572088082974538', 4: 385.8289761986419} 
{0: '0.33557046979865773', 1: '0.0', 2: '0.0', 3: '1.2767837176518553', 4: 397.389609488128} 
{0: '0.3333333333333333', 1: '0.0', 2: '0.0', 3: '1.2767837176518553', 4: 395.3651477151086} 
{0: '0.33774834437086093', 1: '0.0', 2: '0.0', 3: '1.3572088082974538', 4: 384.99558009974} 
{0: '0.3355263157894737', 1: '0.0', 2: '0.0', 3: '1.3572088082974538', 4: 386.5424575852828} 
{0: '0.3333333333333333', 1: '0.0', 2: '0.0', 3: '1.3572088082974538', 4: 387.43819260781964} 
{0: '0.33116883116883117', 1: '0.0', 2: '0.0', 3: '1.3572088082974538', 4: 383.9948115639839} 
{0: '0.33548387096774196', 1: '0.0', 2: '0.0', 3: '1.2767837176518553', 4: 400.6398031750345} 
{0: '0.3333333333333333', 1: '0.0', 2: '0.0', 3: '1.2767837176518553', 4: 402.86830312327686} 
{0: '0.3375796178343949', 1: '0.0', 2: '0.0', 3: '1.3572088082974538', 4: 386.15325152381627} 
{0: '0.33544303797468356', 1: '0.0', 2: '0.0', 3: '1.3572088082974538', 4: 383.63163979511717} 
{0: '0.3333333333333333', 1: '0.0', 2: '0.0', 3: '1.3572088082974538', 4: 387.2907179557139} 
{0: '0.33125', 1: '0.0', 2: '0.0', 3: '1.3572088082974538', 4: 382.4953554945111} 
{0: '0.33540372670807456', 1: '0.0', 2: '0.0', 3: '1.2767837176518553', 4: 384.38972179037495} 
{0: '0.3333333333333333', 1: '0.0', 2: '0.0', 3: '1.2767837176518553', 4: 383.26158554123657} 
{0: '0.3374233128834356', 1: '0.0', 2: '0.0', 3: '1.3572088082974538', 4: 413.45352569913814} 
{0: '0.3353658536585366', 1: '0.0', 2: '0.0', 3: '1.3572088082974538', 4: 386.25956791229845} 
{0: '0.3393939393939394', 1: '0.0', 2: '0.0', 3: '1.2767837176518553', 4: 379.00333453806564} 
{0: '0.3433734939759036', 1: '0.0', 2: '0.0', 3: '1.2011244339814315', 4: 377.99136812611084} 
{0: '0.3413173652694611', 1: '0.0', 2: '0.0', 3: '1.2011244339814315', 4: 390.57078876827245} 
{0: '0.34523809523809523', 1: '0.0', 2: '0.0', 3: '1.2767837176518553', 4: 384.86090511537094} 
{0: '0.34911242603550297', 1: '0.0', 2: '0.0', 3: '1.3572088082974538', 4: 383.55649659528956} 
{0: '0.34705882352941175', 1: '0.0', 2: '0.0', 3: '1.3572088082974538', 4: 387.33865333526495} 
{0: '0.3508771929824561', 1: '0.0', 2: '0.0', 3: '1.2767837176518553', 4: 393.6337204991762} 
{0: '0.3488372093023256', 1: '0.0', 2: '0.0', 3: '1.2767837176518553', 4: 386.2200213480088} 
{0: '0.35260115606936415', 1: '0.0', 2: '0.0', 3: '1.3572088082974538', 4: 387.3375721220543} 
{0: '0.3505747126436782', 1: '0.0', 2: '0.0', 3: '1.3572088082974538', 4: 382.88456237421804} 
{0: '0.3485714285714286', 1: '0.0', 2: '0.0', 3: '1.3572088082974538', 4: 390.1931964887597} 
{0: '0.3465909090909091', 1: '0.0', 2: '0.0', 3: '1.3572088082974538', 4: 387.3680655461413} 
{0: '0.3446327683615819', 1: '0.0', 2: '0.0', 3: '1.3572088082974538', 4: 388.5401692345599} 
{0: '0.34269662921348315', 1: '0.0', 2: '0.0', 3: '1.3572088082974538', 4: 388.68305449192826} 
{0: '0.3463687150837989', 1: '0.0', 2: '0.0', 3: '1.2767837176518553', 4: 380.82907928374135} 
{0: '0.35', 1: '0.0', 2: '0.0', 3: '1.2011244339814315', 4: 390.9062783171842} 
{0: '0.34806629834254144', 1: '0.0', 2: '0.0', 3: '1.2011244339814315', 4: 383.90090158878223} 
{0: '0.3516483516483517', 1: '0.0', 2: '0.0', 3: '1.2767837176518553', 4: 384.42830856155706} 
{0: '0.3551912568306011', 1: '0.0', 2: '0.0', 3: '1.3572088082974538', 4: 392.1719789191434} 
{0: '0.3532608695652174', 1: '0.0', 2: '0.0', 3: '1.3572088082974538', 4: 382.8380586603095} 
{0: '0.35135135135135137', 1: '0.0', 2: '0.0', 3: '1.3572088082974538', 4: 385.46455998533145} 
{0: '0.34946236559139787', 1: '0.0', 2: '0.0', 3: '1.3572088082974538', 4: 381.8251284219924} 
{0: '0.35294117647058826', 1: '0.0', 2: '0.0', 3: '1.2767837176518553', 4: 381.8344288178221} 
{0: '0.35106382978723405', 1: '0.0', 2: '0.0', 3: '1.2767837176518553', 4: 386.81544457725363} 
{0: '0.3544973544973545', 1: '0.0', 2: '0.0', 3: '1.3572088082974538', 4: 380.63780110634735} 
{0: '0.3526315789473684', 1: '0.0', 2: '0.0', 3: '1.3572088082974538', 4: 385.2242107592337} 
{0: '0.3507853403141361', 1: '0.0', 2: '0.0', 3: '1.3572088082974538', 4: 386.98371172912346} 
{0: '0.3489583333333333', 1: '0.0', 2: '0.0', 3: '1.3572088082974538', 4: 380.44807906905396} 
{0: '0.35233160621761656', 1: '0.0', 2: '0.0', 3: '1.2767837176518553', 4: 381.83351265536567} 
{0: '0.35051546391752575', 1: '0.0', 2: '0.0', 3: '1.2767837176518553', 4: 381.6856625559052} 
{0: '0.35384615384615387', 1: '0.0', 2: '0.0', 3: '1.3572088082974538', 4: 384.694804193849} 
{0: '0.3520408163265306', 1: '0.0', 2: '0.0', 3: '1.3572088082974538', 4: 389.7120619813152} 
{0: '0.350253807106599', 1: '0.0', 2: '0.0', 3: '1.3572088082974538', 4: 387.80535485884457} 
{0: '0.3484848484848485', 1: '0.0', 2: '0.0', 3: '1.3572088082974538', 4: 385.8546727946455} 
{0: '0.34673366834170855', 1: '0.0', 2: '0.0', 3: '1.3572088082974538', 4: 383.88497241664027} 
{0: '0.345', 1: '0.0', 2: '0.0', 3: '1.3572088082974538', 4: 392.47740580189907} 
{0: '0.34328358208955223', 1: '0.0', 2: '0.0', 3: '1.3572088082974538', 4: 382.6959882728496} 
{0: '0.3415841584158416', 1: '0.0', 2: '0.0', 3: '1.3572088082974538', 4: 385.50297260865256} 
{0: '0.3399014778325123', 1: '0.0', 2: '0.0', 3: '1.3572088082974538', 4: 385.5958533257143} 
{0: '0.3382352941176471', 1: '0.0', 2: '0.0', 3: '1.3572088082974538', 4: 387.54534817651694} 
{0: '0.34146341463414637', 1: '0.0', 2: '0.0', 3: '1.2767837176518553', 4: 385.36622090353046} 
{0: '0.33980582524271846', 1: '0.0', 2: '0.0', 3: '1.2767837176518553', 4: 387.1706308940205} 
{0: '0.34299516908212563', 1: '0.0', 2: '0.0', 3: '1.3572088082974538', 4: 389.41148545028034} 
{0: '0.34134615384615385', 1: '0.0', 2: '0.0', 3: '1.3572088082974538', 4: 383.7743541735772} 
{0: '0.3444976076555024', 1: '0.0', 2: '0.0', 3: '1.2767837176518553', 4: 387.22646318830476} 
{0: '0.3476190476190476', 1: '0.0', 2: '0.0', 3: '1.2011244339814315', 4: 384.87579232878755} 
{0: '0.3459715639810427', 1: '0.0', 2: '0.0', 3: '1.2011244339814315', 4: 378.4084514075819} 
{0: '0.3490566037735849', 1: '0.0', 2: '0.0', 3: '1.2767837176518553', 4: 380.1093288178086} 
{0: '0.352112676056338', 1: '0.0', 2: '0.0', 3: '1.3572088082974538', 4: 380.46535960663346} 
{0: '0.35046728971962615', 1: '0.0', 2: '0.0', 3: '1.3572088082974538', 4: 395.0836623015093} 
{0: '0.3488372093023256', 1: '0.0', 2: '0.0', 3: '1.3572088082974538', 4: 386.9676359073541} 
{0: '0.3472222222222222', 1: '0.0', 2: '0.0', 3: '1.3572088082974538', 4: 395.60119519533714} 
{0: '0.3456221198156682', 1: '0.0', 2: '0.0', 3: '1.3572088082974538', 4: 387.25708543231985} 
{0: '0.3440366972477064', 1: '0.0', 2: '0.0', 3: '1.3572088082974538', 4: 383.8604071853089} 
{0: '0.3470319634703196', 1: '0.0', 2: '0.0', 3: '1.2767837176518553', 4: 381.6957467383562} 
{0: '0.34545454545454546', 1: '0.0', 2: '0.0', 3: '1.2767837176518553', 4: 381.8224185957365} 
{0: '0.34841628959276016', 1: '0.0', 2: '0.0', 3: '1.3572088082974538', 4: 382.8497731960653} 
{0: '0.34684684684684686', 1: '0.0', 2: '0.0', 3: '1.3572088082974538', 4: 383.06486001686756} 
{0: '0.34977578475336324', 1: '0.0', 2: '0.0', 3: '1.2767837176518553', 4: 401.331239091631} 
{0: '0.3482142857142857', 1: '0.0', 2: '0.0', 3: '1.2767837176518553', 4: 384.8781411333298} 
{0: '0.3511111111111111', 1: '0.0', 2: '0.0', 3: '1.3572088082974538', 4: 381.2252807032933} 
{0: '0.3495575221238938', 1: '0.0', 2: '0.0', 3: '1.3572088082974538', 4: 383.8709729191362} 
{0: '0.34801762114537443', 1: '0.0', 2: '0.0', 3: '1.3572088082974538', 4: 387.4364968802735} 
{0: '0.34649122807017546', 1: '0.0', 2: '0.0', 3: '1.3572088082974538', 4: 382.71218818935273} 
{0: '0.34497816593886466', 1: '0.0', 2: '0.0', 3: '1.3572088082974538', 4: 392.2844980097412} 
{0: '0.34347826086956523', 1: '0.0', 2: '0.0', 3: '1.3572088082974538', 4: 391.86308266066123} 
{0: '0.3463203463203463', 1: '0.0', 2: '0.0', 3: '1.2767837176518553', 4: 386.2995483464427} 
{0: '0.34913793103448276', 1: '0.0', 2: '0.0', 3: '1.2011244339814315', 4: 389.89024655120323} 
{0: '0.34763948497854075', 1: '0.0', 2: '0.0', 3: '1.2011244339814315', 4: 385.82179373775205} 
{0: '0.3504273504273504', 1: '0.0', 2: '0.0', 3: '1.2767837176518553', 4: 390.83162067890504} 
{0: '0.35319148936170214', 1: '0.0', 2: '0.0', 3: '1.3572088082974538', 4: 382.95306659635077} 
{0: '0.3516949152542373', 1: '0.0', 2: '0.0', 3: '1.3572088082974538', 4: 386.37431565402903} 
{0: '0.35443037974683544', 1: '0.0', 2: '0.0', 3: '1.2767837176518553', 4: 385.55232963061036} 
{0: '0.35714285714285715', 1: '0.0', 2: '0.0', 3: '1.2011244339814315', 4: 387.1539654593941} 
{0: '0.35564853556485354', 1: '0.0', 2: '0.0', 3: '1.2011244339814315', 4: 385.1651320540513} 
{0: '0.35833333333333334', 1: '0.0', 2: '0.0', 3: '1.2767837176518553', 4: 380.90944310155044} 
{0: '0.36099585062240663', 1: '0.0', 2: '0.0', 3: '1.3572088082974538', 4: 384.41911093855947} 
{0: '0.359504132231405', 1: '0.0', 2: '0.0', 3: '1.3572088082974538', 4: 381.76846799061406} 
{0: '0.36213991769547327', 1: '0.0', 2: '0.0', 3: '1.2767837176518553', 4: 380.55574073193327} 
{0: '0.36065573770491804', 1: '0.0', 2: '0.0', 3: '1.2767837176518553', 4: 378.5588317504062} 
{0: '0.363265306122449', 1: '0.0', 2: '0.0', 3: '1.3572088082974538', 4: 383.30231043397976} 
{0: '0.3617886178861789', 1: '0.0', 2: '0.0', 3: '1.3572088082974538', 4: 386.9151646795775} 
{0: '0.3603238866396761', 1: '0.0', 2: '0.0', 3: '1.3572088082974538', 4: 382.69798465160846} 
{0: '0.3588709677419355', 1: '0.0', 2: '0.0', 3: '1.3572088082974538', 4: 393.22163991633727} 
{0: '0.357429718875502', 1: '0.0', 2: '0.0', 3: '1.3572088082974538', 4: 386.8279888813726} 
{0: '0.356', 1: '0.0', 2: '0.0', 3: '1.3572088082974538', 4: 382.0382572329877} 
{0: '0.35856573705179284', 1: '0.0', 2: '0.0', 3: '1.2767837176518553', 4: 381.89429713635616} 
{0: '0.35714285714285715', 1: '0.0', 2: '0.0', 3: '1.2767837176518553', 4: 378.8422191675998} 
{0: '0.35968379446640314', 1: '0.0', 2: '0.0', 3: '1.3572088082974538', 4: 386.87363994510076} 
{0: '0.35826771653543305', 1: '0.0', 2: '0.0', 3: '1.3572088082974538', 4: 382.0151698454966} 
{0: '0.3568627450980392', 1: '0.0', 2: '0.0', 3: '1.3572088082974538', 4: 384.42067512897256} 
{0: '0.35546875', 1: '0.0', 2: '0.0', 3: '1.3572088082974538', 4: 385.0015730055795} 
{0: '0.35797665369649806', 1: '0.0', 2: '0.0', 3: '1.2767837176518553', 4: 380.6331852536843} 
{0: '0.35658914728682173', 1: '0.0', 2: '0.0', 3: '1.2767837176518553', 4: 388.6221460936802} 
{0: '0.3590733590733591', 1: '0.0', 2: '0.0', 3: '1.3572088082974538', 4: 388.63951413430414} 
{0: '0.3576923076923077', 1: '0.0', 2: '0.0', 3: '1.3572088082974538', 4: 384.8228380267591} 
{0: '0.36015325670498083', 1: '0.0', 2: '0.0', 3: '1.2767837176518553', 4: 384.32716580359966} 
{0: '0.35877862595419846', 1: '0.0', 2: '0.0', 3: '1.2767837176518553', 4: 385.7919234743452} 
{0: '0.3612167300380228', 1: '0.0', 2: '0.0', 3: '1.3572088082974538', 4: 383.13442736234265} 
{0: '0.35984848484848486', 1: '0.0', 2: '0.0', 3: '1.3572088082974538', 4: 395.1550292257783} 
{0: '0.3584905660377358', 1: '0.0', 2: '0.0', 3: '1.3572088082974538', 4: 382.2215576959706} 
{0: '0.35714285714285715', 1: '0.0', 2: '0.0', 3: '1.3572088082974538', 4: 399.5496334455099} 
{0: '0.35580524344569286', 1: '0.0', 2: '0.0', 3: '1.3572088082974538', 4: 380.365868220565} 
{0: '0.35447761194029853', 1: '0.0', 2: '0.0', 3: '1.3572088082974538', 4: 386.1727886314382} 
{0: '0.35315985130111527', 1: '0.0', 2: '0.0', 3: '1.3572088082974538', 4: 393.3315895328801} 
{0: '0.35185185185185186', 1: '0.0', 2: '0.0', 3: '1.3572088082974538', 4: 394.03947546756007} 
{0: '0.3505535055350554', 1: '0.0', 2: '0.0', 3: '1.3572088082974538', 4: 386.075808551531} 
{0: '0.3492647058823529', 1: '0.0', 2: '0.0', 3: '1.3572088082974538', 4: 385.1253021532461} 
{0: '0.3516483516483517', 1: '0.0', 2: '0.0', 3: '1.2767837176518553', 4: 382.56997453707476} 
{0: '0.354014598540146', 1: '0.0', 2: '0.0', 3: '1.2011244339814315', 4: 380.7379337923385} 
{0: '0.3527272727272727', 1: '0.0', 2: '0.0', 3: '1.2011244339814315', 4: 383.4177407612473} 
{0: '0.35507246376811596', 1: '0.0', 2: '0.0', 3: '1.2767837176518553', 4: 395.18373845857894} 
{0: '0.3574007220216607', 1: '0.0', 2: '0.0', 3: '1.3572088082974538', 4: 385.15424911667856} 
{0: '0.35611510791366907', 1: '0.0', 2: '0.0', 3: '1.3572088082974538', 4: 383.5476062662841} 
{0: '0.3548387096774194', 1: '0.0', 2: '0.0', 3: '1.3572088082974538', 4: 404.78051758229344} 
{0: '0.3535714285714286', 1: '0.0', 2: '0.0', 3: '1.3572088082974538', 4: 385.1641826884166} 
{0: '0.35587188612099646', 1: '0.0', 2: '0.0', 3: '1.2767837176518553', 4: 387.07458453938705} 
{0: '0.3546099290780142', 1: '0.0', 2: '0.0', 3: '1.2767837176518553', 4: 382.9121110752171} 
{0: '0.3568904593639576', 1: '0.0', 2: '0.0', 3: '1.3572088082974538', 4: 385.2193093046452} 
{0: '0.35563380281690143', 1: '0.0', 2: '0.0', 3: '1.3572088082974538', 4: 383.55116624316213} 
{0: '0.35789473684210527', 1: '0.0', 2: '0.0', 3: '1.2767837176518553', 4: 383.07289114530784} 
{0: '0.35664335664335667', 1: '0.0', 2: '0.0', 3: '1.2767837176518553', 4: 381.05782946208745} 
{0: '0.3588850174216028', 1: '0.0', 2: '0.0', 3: '1.3572088082974538', 4: 385.9291303211993} 
{0: '0.3576388888888889', 1: '0.0', 2: '0.0', 3: '1.3572088082974538', 4: 381.3367835959268} 
{0: '0.356401384083045', 1: '0.0', 2: '0.0', 3: '1.3572088082974538', 4: 382.88878907438124} 
{0: '0.35517241379310344', 1: '0.0', 2: '0.0', 3: '1.3572088082974538', 4: 385.64849212646715} 
{0: '0.35738831615120276', 1: '0.0', 2: '0.0', 3: '1.2767837176518553', 4: 389.77626040385826} 
{0: '0.3561643835616438', 1: '0.0', 2: '0.0', 3: '1.2767837176518553', 4: 387.1341926512393} 
{0: '0.3583617747440273', 1: '0.0', 2: '0.0', 3: '1.3572088082974538', 4: 379.89746718106653} 
{0: '0.35714285714285715', 1: '0.0', 2: '0.0', 3: '1.3572088082974538', 4: 388.2403685099276} 
{0: '0.3559322033898305', 1: '0.0', 2: '0.0', 3: '1.3572088082974538', 4: 383.01992773144127} 
{0: '0.3547297297297297', 1: '0.0', 2: '0.0', 3: '1.3572088082974538', 4: 380.82065284924573} 
{0: '0.35353535353535354', 1: '0.0', 2: '0.0', 3: '1.3572088082974538', 4: 399.08714387844077} 
{0: '0.3523489932885906', 1: '0.0', 2: '0.0', 3: '1.3572088082974538', 4: 393.59925440372615} 
{0: '0.3511705685618729', 1: '0.0', 2: '0.0', 3: '1.3572088082974538', 4: 385.58210995830916} 
{0: '0.35', 1: '0.0', 2: '0.0', 3: '1.3572088082974538', 4: 383.1118200381515} 
{0: '0.3521594684385382', 1: '0.0', 2: '0.0', 3: '1.2767837176518553', 4: 384.12872694709773} 
{0: '0.3509933774834437', 1: '0.0', 2: '0.0', 3: '1.2767837176518553', 4: 383.79859833774515} 
{0: '0.35313531353135313', 1: '0.0', 2: '0.0', 3: '1.3572088082974538', 4: 385.5433340625492} 
{0: '0.3519736842105263', 1: '0.0', 2: '0.0', 3: '1.3572088082974538', 4: 385.2372569978784} 
{0: '0.35081967213114756', 1: '0.0', 2: '0.0', 3: '1.3572088082974538', 4: 381.9966783978101} 
{0: '0.34967320261437906', 1: '0.0', 2: '0.0', 3: '1.3572088082974538', 4: 383.6205138815059} 
{0: '0.3485342019543974', 1: '0.0', 2: '0.0', 3: '1.3572088082974538', 4: 381.04795042769587} 
{0: '0.3474025974025974', 1: '0.0', 2: '0.0', 3: '1.3572088082974538', 4: 399.2781663938543} 
{0: '0.34951456310679613', 1: '0.0', 2: '0.0', 3: '1.2767837176518553', 4: 385.30094602580056} 
{0: '0.35161290322580646', 1: '0.0', 2: '0.0', 3: '1.2011244339814315', 4: 380.9989213369086} 
{0: '0.3504823151125402', 1: '0.0', 2: '0.0', 3: '1.2011244339814315', 4: 384.4907872997861} 
{0: '0.3525641025641026', 1: '0.0', 2: '0.0', 3: '1.2767837176518553', 4: 395.5819080731181} 
{0: '0.3546325878594249', 1: '0.0', 2: '0.0', 3: '1.3572088082974538', 4: 383.6370731491666} 
{0: '0.3535031847133758', 1: '0.0', 2: '0.0', 3: '1.3572088082974538', 4: 379.19862065648863} 
{0: '0.35555555555555557', 1: '0.0', 2: '0.0', 3: '1.2767837176518553', 4: 380.8388421550396} 
{0: '0.35443037974683544', 1: '0.0', 2: '0.0', 3: '1.2767837176518553', 4: 386.6399057414741} 
{0: '0.35646687697160884', 1: '0.0', 2: '0.0', 3: '1.3572088082974538', 4: 385.73477832331685} 
{0: '0.3553459119496855', 1: '0.0', 2: '0.0', 3: '1.3572088082974538', 4: 387.86620639714687} 
{0: '0.3542319749216301', 1: '0.0', 2: '0.0', 3: '1.3572088082974538', 4: 381.33236736578704} 
{0: '0.353125', 1: '0.0', 2: '0.0', 3: '1.3572088082974538', 4: 390.9733151066336} 
{0: '0.35514018691588783', 1: '0.0', 2: '0.0', 3: '1.2767837176518553', 4: 392.0188213808833} 
{0: '0.35403726708074534', 1: '0.0', 2: '0.0', 3: '1.2767837176518553', 4: 390.6950661359415} 
{0: '0.3560371517027864', 1: '0.0', 2: '0.0', 3: '1.3572088082974538', 4: 384.2675903398106} 
{0: '0.3549382716049383', 1: '0.0', 2: '0.0', 3: '1.3572088082974538', 4: 386.62146456998306} 
{0: '0.35384615384615387', 1: '0.0', 2: '0.0', 3: '1.3572088082974538', 4: 389.1711559446743} 
{0: '0.35276073619631904', 1: '0.0', 2: '0.0', 3: '1.3572088082974538', 4: 389.83145986752174} 
{0: '0.3547400611620795', 1: '0.0', 2: '0.0', 3: '1.2767837176518553', 4: 386.8596289063076} 
{0: '0.35365853658536583', 1: '0.0', 2: '0.0', 3: '1.2767837176518553', 4: 387.35928111464517} 
{0: '0.3556231003039514', 1: '0.0', 2: '0.0', 3: '1.3572088082974538', 4: 384.8621024715354} 
{0: '0.35454545454545455', 1: '0.0', 2: '0.0', 3: '1.3572088082974538', 4: 383.55505195345125} 
{0: '0.3564954682779456', 1: '0.0', 2: '0.0', 3: '1.2767837176518553', 4: 382.09347391532856} 
{0: '0.35542168674698793', 1: '0.0', 2: '0.0', 3: '1.2767837176518553', 4: 380.0889528024566} 
{0: '0.35735735735735735', 1: '0.0', 2: '0.0', 3: '1.3572088082974538', 4: 378.92419854965385} 
{0: '0.3562874251497006', 1: '0.0', 2: '0.0', 3: '1.3572088082974538', 4: 381.4331105130083} 
{0: '0.3582089552238806', 1: '0.0', 2: '0.0', 3: '1.2767837176518553', 4: 383.1761559585642} 
{0: '0.3601190476190476', 1: '0.0', 2: '0.0', 3: '1.2011244339814315', 4: 385.4047326950772} 
{0: '0.3590504451038576', 1: '0.0', 2: '0.0', 3: '1.2011244339814315', 4: 396.6963096150495} 
{0: '0.3609467455621302', 1: '0.0', 2: '0.0', 3: '1.2767837176518553', 4: 380.3814937302331} 
{0: '0.36283185840707965', 1: '0.0', 2: '0.0', 3: '1.3572088082974538', 4: 381.6787088407223} 
{0: '0.36176470588235293', 1: '0.0', 2: '0.0', 3: '1.3572088082974538', 4: 382.4418473286493} 
{0: '0.36070381231671556', 1: '0.0', 2: '0.0', 3: '1.3572088082974538', 4: 381.0680526707139} 
{0: '0.35964912280701755', 1: '0.0', 2: '0.0', 3: '1.3572088082974538', 4: 383.5770668460639} 
{0: '0.36151603498542273', 1: '0.0', 2: '0.0', 3: '1.2767837176518553', 4: 383.82017759774897} 
{0: '0.3633720930232558', 1: '0.0', 2: '0.0', 3: '1.2011244339814315', 4: 381.72167240228526} 
{0: '0.36231884057971014', 1: '0.0', 2: '0.0', 3: '1.2011244339814315', 4: 382.982308312693} 
{0: '0.36416184971098264', 1: '0.0', 2: '0.0', 3: '1.2767837176518553', 4: 401.2262581043371} 
{0: '0.3659942363112392', 1: '0.0', 2: '0.0', 3: '1.3572088082974538', 4: 390.7477228988753} 
{0: '0.3649425287356322', 1: '0.0', 2: '0.0', 3: '1.3572088082974538', 4: 385.00801166971456} 
{0: '0.3667621776504298', 1: '0.0', 2: '0.0', 3: '1.2767837176518553', 4: 387.57085907160837} 
{0: '0.3657142857142857', 1: '0.0', 2: '0.0', 3: '1.2767837176518553', 4: 394.38149077912226} 
{0: '0.36752136752136755', 1: '0.0', 2: '0.0', 3: '1.3572088082974538', 4: 390.1633503513579} 
{0: '0.3664772727272727', 1: '0.0', 2: '0.0', 3: '1.3572088082974538', 4: 398.1324758348195} 
{0: '0.3654390934844193', 1: '0.0', 2: '0.0', 3: '1.3572088082974538', 4: 391.99057679668874} 
{0: '0.3644067796610169', 1: '0.0', 2: '0.0', 3: '1.3572088082974538', 4: 391.095479021955} 
{0: '0.36619718309859156', 1: '0.0', 2: '0.0', 3: '1.2767837176518553', 4: 383.3029661648485} 
{0: '0.36797752808988765', 1: '0.0', 2: '0.0', 3: '1.2011244339814315', 4: 385.6021330327384} 
{0: '0.36694677871148457', 1: '0.0', 2: '0.0', 3: '1.2011244339814315', 4: 381.90907036969656} 
{0: '0.3687150837988827', 1: '0.0', 2: '0.0', 3: '1.2767837176518553', 4: 385.2648263337178} 
{0: '0.37047353760445684', 1: '0.0', 2: '0.0', 3: '1.3572088082974538', 4: 386.609118671259} 
{0: '0.36944444444444446', 1: '0.0', 2: '0.0', 3: '1.3572088082974538', 4: 388.3411468824976} 
{0: '0.37119113573407203', 1: '0.0', 2: '0.0', 3: '1.2767837176518553', 4: 385.42184765038144} 
{0: '0.3701657458563536', 1: '0.0', 2: '0.0', 3: '1.2767837176518553', 4: 383.34642954310596} 
{0: '0.371900826446281', 1: '0.0', 2: '0.0', 3: '1.3572088082974538', 4: 393.07342722295766} 
{0: '0.3708791208791209', 1: '0.0', 2: '0.0', 3: '1.3572088082974538', 4: 391.0264468512498} 
{0: '0.3698630136986301', 1: '0.0', 2: '0.0', 3: '1.3572088082974538', 4: 380.5134119868358} 
{0: '0.36885245901639346', 1: '0.0', 2: '0.0', 3: '1.3572088082974538', 4: 383.91508364892354} 
{0: '0.37057220708446864', 1: '0.0', 2: '0.0', 3: '1.2767837176518553', 4: 387.0875392798778} 
{0: '0.3695652173913043', 1: '0.0', 2: '0.0', 3: '1.2767837176518553', 4: 387.24336777053963} 
{0: '0.3712737127371274', 1: '0.0', 2: '0.0', 3: '1.3572088082974538', 4: 379.04691659021233} 
{0: '0.37027027027027026', 1: '0.0', 2: '0.0', 3: '1.3572088082974538', 4: 382.65147853162455} 
{0: '0.3719676549865229', 1: '0.0', 2: '0.0', 3: '1.2767837176518553', 4: 387.30307170139776} 
{0: '0.3709677419354839', 1: '0.0', 2: '0.0', 3: '1.2767837176518553', 4: 402.8374276957939} 
{0: '0.3726541554959786', 1: '0.0', 2: '0.0', 3: '1.3572088082974538', 4: 386.59975841255607} 
{0: '0.3716577540106952', 1: '0.0', 2: '0.0', 3: '1.3572088082974538', 4: 383.974087814913} 
{0: '0.37066666666666664', 1: '0.0', 2: '0.0', 3: '1.3572088082974538', 4: 401.0351334526594} 
{0: '0.3696808510638298', 1: '0.0', 2: '0.0', 3: '1.3572088082974538', 4: 382.5091720377595} 
{0: '0.3687002652519894', 1: '0.0', 2: '0.0', 3: '1.3572088082974538', 4: 380.48870631018843} 
{0: '0.36772486772486773', 1: '0.0', 2: '0.0', 3: '1.3572088082974538', 4: 383.4598351000531} 
{0: '0.36675461741424803', 1: '0.0', 2: '0.0', 3: '1.3572088082974538', 4: 385.57462374100106} 
{0: '0.36578947368421055', 1: '0.0', 2: '0.0', 3: '1.3572088082974538', 4: 409.898813919725} 
{0: '0.3648293963254593', 1: '0.0', 2: '0.0', 3: '1.3572088082974538', 4: 381.80677875838484} 
{0: '0.36387434554973824', 1: '0.0', 2: '0.0', 3: '1.3572088082974538', 4: 406.50920914284677} 
{0: '0.36553524804177545', 1: '0.0', 2: '0.0', 3: '1.2767837176518553', 4: 380.54018218979746} 
{0: '0.3645833333333333', 1: '0.0', 2: '0.0', 3: '1.2767837176518553', 4: 380.42214514528075} 
{0: '0.36623376623376624', 1: '0.0', 2: '0.0', 3: '1.3572088082974538', 4: 384.88212403452036} 
{0: '0.36528497409326427', 1: '0.0', 2: '0.0', 3: '1.3572088082974538', 4: 381.4587293576548} 
{0: '0.3643410852713178', 1: '0.0', 2: '0.0', 3: '1.3572088082974538', 4: 380.8760845599} 
{0: '0.3634020618556701', 1: '0.0', 2: '0.0', 3: '1.3572088082974538', 4: 391.78994978940665} 
{0: '0.36503856041131105', 1: '0.0', 2: '0.0', 3: '1.2767837176518553', 4: 385.22842269883097} 
{0: '0.3641025641025641', 1: '0.0', 2: '0.0', 3: '1.2767837176518553', 4: 383.1023956111338} 
{0: '0.3657289002557545', 1: '0.0', 2: '0.0', 3: '1.3572088082974538', 4: 382.101674660113} 
{0: '0.3647959183673469', 1: '0.0', 2: '0.0', 3: '1.3572088082974538', 4: 383.2769159533018} 
{0: '0.3638676844783715', 1: '0.0', 2: '0.0', 3: '1.3572088082974538', 4: 381.6095095494594} 
{0: '0.3629441624365482', 1: '0.0', 2: '0.0', 3: '1.3572088082974538', 4: 385.2884811329436} 
{0: '0.36455696202531646', 1: '0.0', 2: '0.0', 3: '1.2767837176518553', 4: 391.68047564837246} 
{0: '0.3661616161616162', 1: '0.0', 2: '0.0', 3: '1.2011244339814315', 4: 381.90101611996084} 
{0: '0.36523929471032746', 1: '0.0', 2: '0.0', 3: '1.2011244339814315', 4: 396.02903794859543} 
{0: '0.36683417085427134', 1: '0.0', 2: '0.0', 3: '1.2767837176518553', 4: 384.91501573813576} 
{0: '0.3684210526315789', 1: '0.0', 2: '0.0', 3: '1.3572088082974538', 4: 385.78271928369264} 
{0: '0.3675', 1: '0.0', 2: '0.0', 3: '1.3572088082974538', 4: 382.4373611316007} 
{0: '0.3690773067331671', 1: '0.0', 2: '0.0', 3: '1.2767837176518553', 4: 388.5132603000644} 
{0: '0.3681592039800995', 1: '0.0', 2: '0.0', 3: '1.2767837176518553', 4: 381.9156840325947} 
{0: '0.369727047146402', 1: '0.0', 2: '0.0', 3: '1.3572088082974538', 4: 382.04089176993034} 
{0: '0.3688118811881188', 1: '0.0', 2: '0.0', 3: '1.3572088082974538', 4: 400.6404063511897} 
{0: '0.36790123456790125', 1: '0.0', 2: '0.0', 3: '1.3572088082974538', 4: 388.33301869713534} 
{0: '0.3669950738916256', 1: '0.0', 2: '0.0', 3: '1.3572088082974538', 4: 391.5737772428925} 
{0: '0.36609336609336607', 1: '0.0', 2: '0.0', 3: '1.3572088082974538', 4: 381.9622366839552} 
{0: '0.36519607843137253', 1: '0.0', 2: '0.0', 3: '1.3572088082974538', 4: 384.8739848200859} 
{0: '0.3643031784841076', 1: '0.0', 2: '0.0', 3: '1.3572088082974538', 4: 381.3910360393898} 
{0: '0.36341463414634145', 1: '0.0', 2: '0.0', 3: '1.3572088082974538', 4: 394.5459792490951} 
{0: '0.36253041362530414', 1: '0.0', 2: '0.0', 3: '1.3572088082974538', 4: 381.2417024783391} 
{0: '0.3616504854368932', 1: '0.0', 2: '0.0', 3: '1.3572088082974538', 4: 384.31640636656846} 
{0: '0.36319612590799033', 1: '0.0', 2: '0.0', 3: '1.2767837176518553', 4: 386.0188776141829} 
{0: '0.36231884057971014', 1: '0.0', 2: '0.0', 3: '1.2767837176518553', 4: 383.7609288699555} 
{0: '0.363855421686747', 1: '0.0', 2: '0.0', 3: '1.3572088082974538', 4: 387.8417354475937} 
{0: '0.3629807692307692', 1: '0.0', 2: '0.0', 3: '1.3572088082974538', 4: 385.779824091383} 
{0: '0.36211031175059955', 1: '0.0', 2: '0.0', 3: '1.3572088082974538', 4: 385.516234385438} 
{0: '0.361244019138756', 1: '0.0', 2: '0.0', 3: '1.3572088082974538', 4: 382.3243636601936} 
{0: '0.360381861575179', 1: '0.0', 2: '0.0', 3: '1.3572088082974538', 4: 392.1202296911943} 
{0: '0.3595238095238095', 1: '0.0', 2: '0.0', 3: '1.3572088082974538', 4: 383.88621792184915} 
{0: '0.3586698337292161', 1: '0.0', 2: '0.0', 3: '1.3572088082974538', 4: 382.6832576765444} 
{0: '0.3578199052132701', 1: '0.0', 2: '0.0', 3: '1.3572088082974538', 4: 384.97976981135463} 
{0: '0.35697399527186763', 1: '0.0', 2: '0.0', 3: '1.3572088082974538', 4: 381.6861355263934} 
{0: '0.3561320754716981', 1: '0.0', 2: '0.0', 3: '1.3572088082974538', 4: 383.7979294700698} 
{0: '0.3552941176470588', 1: '0.0', 2: '0.0', 3: '1.3572088082974538', 4: 382.9549928632651} 
{0: '0.3544600938967136', 1: '0.0', 2: '0.0', 3: '1.3572088082974538', 4: 379.3223865324632} 
{0: '0.35362997658079626', 1: '0.0', 2: '0.0', 3: '1.3572088082974538', 4: 385.64863160439825} 
{0: '0.352803738317757', 1: '0.0', 2: '0.0', 3: '1.3572088082974538', 4: 386.6696096013992} 
{0: '0.351981351981352', 1: '0.0', 2: '0.0', 3: '1.3572088082974538', 4: 380.25972197989415} 
{0: '0.3511627906976744', 1: '0.0', 2: '0.0', 3: '1.3572088082974538', 4: 384.3626225733379} 
{0: '0.3503480278422274', 1: '0.0', 2: '0.0', 3: '1.3572088082974538', 4: 383.9355955175628} 
{0: '0.34953703703703703', 1: '0.0', 2: '0.0', 3: '1.3572088082974538', 4: 381.57597773810056} 
{0: '0.3510392609699769', 1: '0.0', 2: '0.0', 3: '1.2767837176518553', 4: 378.7880434376478} 
{0: '0.35253456221198154', 1: '0.0', 2: '0.0', 3: '1.2011244339814315', 4: 382.90215803903413} 
{0: '0.35172413793103446', 1: '0.0', 2: '0.0', 3: '1.2011244339814315', 4: 397.3959153958133} 
{0: '0.3532110091743119', 1: '0.0', 2: '0.0', 3: '1.2767837176518553', 4: 392.67233589487967} 
{0: '0.35469107551487417', 1: '0.0', 2: '0.0', 3: '1.3572088082974538', 4: 394.73363770438755} 
{0: '0.3538812785388128', 1: '0.0', 2: '0.0', 3: '1.3572088082974538', 4: 391.3313421898015} 
{0: '0.3553530751708428', 1: '0.0', 2: '0.0', 3: '1.2767837176518553', 4: 384.1171382827865} 
{0: '0.35454545454545455', 1: '0.0', 2: '0.0', 3: '1.2767837176518553', 4: 386.60748280094356} 
{0: '0.35600907029478457', 1: '0.0', 2: '0.0', 3: '1.3572088082974538', 4: 389.12431399608414} 
{0: '0.3552036199095023', 1: '0.0', 2: '0.0', 3: '1.3572088082974538', 4: 382.26427783014805} 
{0: '0.35665914221218964', 1: '0.0', 2: '0.0', 3: '1.2767837176518553', 4: 385.517631025987} 
{0: '0.3581081081081081', 1: '0.0', 2: '0.0', 3: '1.2011244339814315', 4: 392.04284207609425} 
{0: '0.35730337078651686', 1: '0.0', 2: '0.0', 3: '1.2011244339814315', 4: 381.84492328916537} 
{0: '0.35874439461883406', 1: '0.0', 2: '0.0', 3: '1.2767837176518553', 4: 386.3260499196189} 
{0: '0.36017897091722595', 1: '0.0', 2: '0.0', 3: '1.3572088082974538', 4: 382.83122250656345} 
{0: '0.359375', 1: '0.0', 2: '0.0', 3: '1.3572088082974538', 4: 380.7291727616634} 
{0: '0.36080178173719374', 1: '0.0', 2: '0.0', 3: '1.2767837176518553', 4: 386.3760052830625} 
{0: '0.36', 1: '0.0', 2: '0.0', 3: '1.2767837176518553', 4: 386.40803839002905} 
{0: '0.3614190687361419', 1: '0.0', 2: '0.0', 3: '1.3572088082974538', 4: 387.11210680650555} 
{0: '0.3606194690265487', 1: '0.0', 2: '0.0', 3: '1.3572088082974538', 4: 385.0117057403795} 
{0: '0.3598233995584989', 1: '0.0', 2: '0.0', 3: '1.3572088082974538', 4: 384.85665073821355} 
{0: '0.3590308370044053', 1: '0.0', 2: '0.0', 3: '1.3572088082974538', 4: 382.8256393557823} 
{0: '0.35824175824175825', 1: '0.0', 2: '0.0', 3: '1.3572088082974538', 4: 381.5528605505641} 
{0: '0.3574561403508772', 1: '0.0', 2: '0.0', 3: '1.3572088082974538', 4: 382.1564394919777} 
{0: '0.3588621444201313', 1: '0.0', 2: '0.0', 3: '1.2767837176518553', 4: 389.2520108084305} 
{0: '0.35807860262008734', 1: '0.0', 2: '0.0', 3: '1.2767837176518553', 4: 383.7180094118631} 
{0: '0.35947712418300654', 1: '0.0', 2: '0.0', 3: '1.3572088082974538', 4: 380.6699106376047} 
{0: '0.358695652173913', 1: '0.0', 2: '0.0', 3: '1.3572088082974538', 4: 380.5882023116385} 
{0: '0.3600867678958785', 1: '0.0', 2: '0.0', 3: '1.2767837176518553', 4: 388.3781229158653} 
{0: '0.3593073593073593', 1: '0.0', 2: '0.0', 3: '1.2767837176518553', 4: 384.64883145464444} 
{0: '0.36069114470842334', 1: '0.0', 2: '0.0', 3: '1.3572088082974538', 4: 382.9766773008437} 
{0: '0.3599137931034483', 1: '0.0', 2: '0.0', 3: '1.3572088082974538', 4: 398.2324968333237} 
{0: '0.35913978494623655', 1: '0.0', 2: '0.0', 3: '1.3572088082974538', 4: 383.7148609878748} 
{0: '0.3583690987124464', 1: '0.0', 2: '0.0', 3: '1.3572088082974538', 4: 386.32961604203166} 
{0: '0.35974304068522484', 1: '0.0', 2: '0.0', 3: '1.2767837176518553', 4: 382.21813996465534} 
{0: '0.3611111111111111', 1: '0.0', 2: '0.0', 3: '1.2011244339814315', 4: 382.1292780512347} 
{0: '0.3603411513859275', 1: '0.0', 2: '0.0', 3: '1.2011244339814315', 4: 382.4088897773513} 
{0: '0.3617021276595745', 1: '0.0', 2: '0.0', 3: '1.2767837176518553', 4: 379.83183982449475} 
{0: '0.3630573248407643', 1: '0.0', 2: '0.0', 3: '1.3572088082974538', 4: 377.8152611498419} 
{0: '0.3622881355932203', 1: '0.0', 2: '0.0', 3: '1.3572088082974538', 4: 384.7799978425677} 
{0: '0.36363636363636365', 1: '0.0', 2: '0.0', 3: '1.2767837176518553', 4: 380.7778526408822} 
{0: '0.3649789029535865', 1: '0.0', 2: '0.0', 3: '1.2011244339814315', 4: 382.50080884057735} 
{0: '0.3642105263157895', 1: '0.0', 2: '0.0', 3: '1.2011244339814315', 4: 382.7670399603678} 
{0: '0.36554621848739494', 1: '0.0', 2: '0.0', 3: '1.2767837176518553', 4: 383.76393239342804} 
{0: '0.3668763102725367', 1: '0.0', 2: '0.0', 3: '1.3572088082974538', 4: 385.5339427341611} 
{0: '0.36610878661087864', 1: '0.0', 2: '0.0', 3: '1.3572088082974538', 4: 384.13208969048736} 
{0: '0.3674321503131524', 1: '0.0', 2: '0.0', 3: '1.2767837176518553', 4: 400.16392411129965} 
{0: '0.36666666666666664', 1: '0.0', 2: '0.0', 3: '1.2767837176518553', 4: 396.9044223039596} 
{0: '0.367983367983368', 1: '0.0', 2: '0.0', 3: '1.3572088082974538', 4: 392.288002973514} 
{0: '0.36721991701244816', 1: '0.0', 2: '0.0', 3: '1.3572088082974538', 4: 391.95641458183684} 
{0: '0.36645962732919257', 1: '0.0', 2: '0.0', 3: '1.3572088082974538', 4: 383.7490135662238} 
{0: '0.365702479338843', 1: '0.0', 2: '0.0', 3: '1.3572088082974538', 4: 397.77169550603776} 
{0: '0.3649484536082474', 1: '0.0', 2: '0.0', 3: '1.3572088082974538', 4: 403.20795103441304} 
{0: '0.36419753086419754', 1: '0.0', 2: '0.0', 3: '1.3572088082974538', 4: 387.62313441057637} 
{0: '0.3655030800821355', 1: '0.0', 2: '0.0', 3: '1.2767837176518553', 4: 386.3043537108429} 
{0: '0.3668032786885246', 1: '0.0', 2: '0.0', 3: '1.2011244339814315', 4: 400.741099066841} 
{0: '0.3660531697341513', 1: '0.0', 2: '0.0', 3: '1.2011244339814315', 4: 389.653878608681} 
{0: '0.3673469387755102', 1: '0.0', 2: '0.0', 3: '1.2767837176518553', 4: 388.764942073677} 
{0: '0.36863543788187375', 1: '0.0', 2: '0.0', 3: '1.3572088082974538', 4: 389.68577315478734} 
{0: '0.3678861788617886', 1: '0.0', 2: '0.0', 3: '1.3572088082974538', 4: 388.6857424477747} 
{0: '0.3691683569979716', 1: '0.0', 2: '0.0', 3: '1.2767837176518553', 4: 383.0056415517739} 
{0: '0.37044534412955465', 1: '0.0', 2: '0.0', 3: '1.2011244339814315', 4: 380.0854641709592} 
{0: '0.3696969696969697', 1: '0.0', 2: '0.0', 3: '1.2011244339814315', 4: 379.41897051931824} 
{0: '0.3709677419354839', 1: '0.0', 2: '0.0', 3: '1.2767837176518553', 4: 378.865430711912} 
{0: '0.3722334004024145', 1: '0.0', 2: '0.0', 3: '1.3572088082974538', 4: 386.8099755134996} 
{0: '0.3714859437751004', 1: '0.0', 2: '0.0', 3: '1.3572088082974538', 4: 387.10459504565205} 
{0: '0.37074148296593185', 1: '0.0', 2: '0.0', 3: '1.3572088082974538', 4: 399.3781530488121} 
