{'STAT2HEADER': 'STAT2HEADER', 'STAT2HEADER_ENVIRON': 'environ({\'OMPI_MCA_pmix\': \'^s1,s2,cray,isolated\', \'PMIX_MCA_mca_base_component_show_load_errors\': \'1\', \'OMPI_COMMAND\': \'python3\', \'OMPI_ARGV\': \'static_snapshot.py 3 0min\', \'OMPI_MCA_orte_precondition_transports\': \'c9f56ca529bbb1b7-4e888ba1cb3c3a0b\', \'LD_LIBRARY_PATH\': \'/salilab/diva1/programs/x86_64linux/numpy-py36-1.19.5/lib:/salilab/diva1/home/libs/x86_64/centos8:/salilab/diva1/home/libs/x86_64:/salilab/diva1/home/imp/main/20240607-af6f9d6a95/lib/release8:/salilab/diva1/programs/x86_64linux/opencv-4.3.0/lib64/rhel:/salilab/diva1/programs/x86_64linux/opencv-4.3.0/lib64:/salilab/diva1/programs/x86_64linux/hdf5-1.10.7/lib:/salilab/diva1/programs/x86_64linux/libtau-py27-1.0.1/lib64:/salilab/diva1/programs/x86_64linux/boost-1.73.0/lib64:/usr/lib64/openmpi/lib:/wynton/group/sali/miha_rozic/Software/imp-develop/build/lib::\', \'IMP_TMP_DIR\': \'/wynton/group/sali/miha_rozic/Software/imp-develop/build/tmp\', \'PE_HOSTFILE\': \'/var/spool/sge/wynton/qb3-id345/active_jobs/709048.1/pe_hostfile\', \'__LMOD_REF_COUNT_PATH\': \'/salilab/diva1/programs/x86_64linux/numpy-py36-1.19.5/bin:1;/salilab/diva1/home/imp/main/20240607-af6f9d6a95/bin/release8:1;/salilab/diva1/programs/x86_64linux/opencv-4.3.0/bin:1;/salilab/diva1/programs/x86_64linux/hdf5-1.10.7/bin:1;/usr/lib64/openmpi/bin:1;/wynton/home/sali/rozicmiha/.local/bin:1;/wynton/home/sali/rozicmiha/bin:1;/wynton/group/sali/miha_rozic/Software/imp-develop/build/bin:1;/wynton/group/sali/miha_rozic/Software/imp-develop/build/module_bin/EMageFit:1;/wynton/group/sali/miha_rozic/Software/imp-develop/build/module_bin/algebra:1;/wynton/group/sali/miha_rozic/Software/imp-develop/build/module_bin/atom:1;/wynton/group/sali/miha_rozic/Software/imp-develop/build/module_bin/benchmark:1;/wynton/group/sali/miha_rozic/Software/imp-develop/build/module_bin/cgal:1;/wynton/group/sali/miha_rozic/Software/imp-develop/build/module_bin/cnmultifit:1;/wynton/group/sali/miha_rozic/Software/imp-develop/build/module_bin/container:1;/wynton/group/sali/miha_rozic/Software/imp-develop/build/module_bin/core:1;/wynton/group/sali/miha_rozic/Software/imp-develop/build/module_bin/display:1;/wynton/group/sali/miha_rozic/Software/imp-develop/build/module_bin/domino:1;/wynton/group/sali/miha_rozic/Software/imp-develop/build/module_bin/em:1;/wynton/group/sali/miha_rozic/Software/imp-develop/build/module_bin/em2d:1;/wynton/group/sali/miha_rozic/Software/imp-develop/build/module_bin/example:1;/wynton/group/sali/miha_rozic/Software/imp-develop/build/module_bin/foxs:1;/wynton/group/sali/miha_rozic/Software/imp-develop/build/module_bin/gsl:1;/wynton/group/sali/miha_rozic/Software/imp-develop/build/module_bin/integrative_docking:1;/wynton/group/sali/miha_rozic/Software/imp-develop/build/module_bin/isd:1;/wynton/group/sali/miha_rozic/Software/imp-develop/build/module_bin/kernel:1;/wynton/group/sali/miha_rozic/Software/imp-develop/build/module_bin/kinematics:1;/wynton/group/sali/miha_rozic/Software/imp-develop/build/module_bin/kmeans:1;/wynton/group/sali/miha_rozic/Software/imp-develop/build/module_bin/misc:1;/wynton/group/sali/miha_rozic/Software/imp-develop/build/module_bin/mmcif:1;/wynton/group/sali/miha_rozic/Software/imp-develop/build/module_bin/modeller:1;/wynton/group/sali/miha_rozic/Software/imp-develop/build/module_bin/mpi:1;/wynton/group/sali/miha_rozic/Software/imp-develop/build/module_bin/multi_state:1;/wynton/group/sali/miha_rozic/Software/imp-develop/build/module_bin/multifit:1;/wynton/group/sali/miha_rozic/Software/imp-develop/build/module_bin/npc:1;/wynton/group/sali/miha_rozic/Software/imp-develop/build/module_bin/npcassembly:1;/wynton/group/sali/miha_rozic/Software/imp-develop/build/module_bin/parallel:1;/wynton/group/sali/miha_rozic/Software/imp-develop/build/module_bin/pepdock:1;/wynton/group/sali/miha_rozic/Software/imp-develop/build/module_bin/pmi:1;/wynton/group/sali/miha_rozic/Software/imp-develop/build/module_bin/rmf:1;/wynton/group/sali/miha_rozic/Software/imp-develop/build/module_bin/rotamer:1;/wynton/group/sali/miha_rozic/Software/imp-develop/build/module_bin/saxs:1;/wynton/group/sali/miha_rozic/Software/imp-develop/build/module_bin/saxs_merge:1;/wynton/group/sali/miha_rozic/Software/imp-develop/build/module_bin/score_functor:1;/wynton/group/sali/miha_rozic/Software/imp-develop/build/module_bin/scratch:1;/wynton/group/sali/miha_rozic/Software/imp-develop/build/module_bin/spb:1;/wynton/group/sali/miha_rozic/Software/imp-develop/build/module_bin/statistics:1;/wynton/group/sali/miha_rozic/Software/imp-develop/build/module_bin/symmetry:1;/wynton/group/sali/miha_rozic/Software/imp-develop/build/module_bin/test:1;/opt/sge/bin:1;/opt/sge/bin/lx-amd64:1;/scratch/709048.1.member.q:1;/usr/local/bin:1;/bin:1;/usr/bin:1;/usr/local/sbin:1;/usr/sbin:1\', \'_ModuleTable002_\': \'fSwKc3RhY2tEZXB0aCA9IDEsCnN0YXR1cyA9ICJhY3RpdmUiLAp1c2VyTmFtZSA9ICJib29zdC8xLjczLjAiLAp3ViA9ICIwMDAwMDAwMDEuMDAwMDAwMDczLip6ZmluYWwiLAp9LApoZGY1ID0gewpmbiA9ICIvc2FsaWxhYi9kaXZhMS9ob21lL21vZHVsZXMvaGRmNS8xLjEwLjciLApmdWxsTmFtZSA9ICJoZGY1LzEuMTAuNyIsCmxvYWRPcmRlciA9IDUsCnByb3BUID0ge30sCnN0YWNrRGVwdGggPSAyLApzdGF0dXMgPSAiYWN0aXZlIiwKdXNlck5hbWUgPSAiaGRmNS8xLjEwLjciLAp3ViA9ICIwMDAwMDAwMDEuMDAwMDAwMDEwLjAwMDAwMDAwNy4qemZpbmFsIiwKfSwKaW1wID0gewpmbiA9ICIvc2FsaWxhYi9kaXZhMS9ob21lL21vZHVsZXMvaW1wLzIuMjEuMCIsCmZ1bGxO\', \'IMP_DIR\': \'/salilab/diva1/home/imp/main/20240607-af6f9d6a95/lib/release8/cmake/IMP\', \'QUEUE\': \'member.q\', \'GOTO_NUM_THREADS\': \'1\', \'MPI_PYTHON3_SITEARCH\': \'/usr/lib64/python3.6/site-packages/openmpi\', \'LANG\': \'en_US.UTF-8\', \'HISTCONTROL\': \'ignoredups\', \'_ModuleTable008_\': \'cyIsCmZ1bGxOYW1lID0gInNhbGktbGlicmFyaWVzIiwKbG9hZE9yZGVyID0gOCwKcHJvcFQgPSB7fSwKc3RhY2tEZXB0aCA9IDEsCnN0YXR1cyA9ICJhY3RpdmUiLAp1c2VyTmFtZSA9ICJzYWxpLWxpYnJhcmllcyIsCndWID0gIk0uKnpmaW5hbCIsCn0sCn0sCm1wYXRoQSA9IHsKIi9zYWxpbGFiL2RpdmExL2hvbWUvbW9kdWxlcyIsICIvZXRjL21vZHVsZWZpbGVzIiwgIi91c3Ivc2hhcmUvbW9kdWxlZmlsZXMiCiwgIi91c3Ivc2hhcmUvbW9kdWxlZmlsZXMvTGludXgiLCAiL3Vzci9zaGFyZS9tb2R1bGVmaWxlcy9Db3JlIiwgIi91c3Ivc2hhcmUvbG1vZC9sbW9kL21vZHVsZWZpbGVzL0NvcmUiLAp9LApzeXN0ZW1CYXNlTVBBVEggPSAiL2V0Yy9tb2R1bGVmaWxlczovdXNy\', \'SGE_O_HOST\': \'dev1\', \'HOSTNAME\': \'qb3-id345.wynton.ucsf.edu\', \'OPENBLAS_NUM_THREADS\': \'1\', \'__LMOD_REF_COUNT_CMAKE_INCLUDE_PATH\': \'/salilab/diva1/programs/x86_64linux/opencv-4.3.0/include/opencv4:1;/salilab/diva1/programs/x86_64linux/hdf5-1.10.7/include:1;/salilab/diva1/programs/x86_64linux/libtau-py27-1.0.1/include:1;/salilab/diva1/programs/x86_64linux/boost-1.73.0/include:1\', \'SGE_RSH_COMMAND\': \'builtin\', \'ENVIRONMENT\': \'BATCH\', \'IMP_DATA\': \'/wynton/group/sali/miha_rozic/Software/imp-develop/build/data\', \'REQUEST\': \'test1\', \'SGE_STDIN_PATH\': \'/dev/null\', \'SGE_CELL\': \'wynton\', \'_ModuleTable007_\': \'MjEuMyIsCndWID0gIjAwMDAwMDAwMC4wMDAwMDAwMjEuMDAwMDAwMDAzLip6ZmluYWwiLAp9LApbInB5dGhvbjMvc2NpcHkiXSA9IHsKZm4gPSAiL3NhbGlsYWIvZGl2YTEvaG9tZS9tb2R1bGVzL3B5dGhvbjMvc2NpcHkvMS4zLjIiLApmdWxsTmFtZSA9ICJweXRob24zL3NjaXB5LzEuMy4yIiwKbG9hZE9yZGVyID0gMTAsCnByb3BUID0ge30sCnN0YWNrRGVwdGggPSAxLApzdGF0dXMgPSAiYWN0aXZlIiwKdXNlck5hbWUgPSAicHl0aG9uMy9zY2lweS8xLjMuMiIsCndWID0gIjAwMDAwMDAwMS4wMDAwMDAwMDMuMDAwMDAwMDAyLip6ZmluYWwiLAp9LApbInNhbGktbGlicmFyaWVzIl0gPSB7CmZuID0gIi9zYWxpbGFiL2RpdmExL2hvbWUvbW9kdWxlcy9zYWxpLWxpYnJhcmll\', \'CMAKE_INCLUDE_PATH\': \'/salilab/diva1/programs/x86_64linux/opencv-4.3.0/include/opencv4:/salilab/diva1/programs/x86_64linux/hdf5-1.10.7/include:/salilab/diva1/programs/x86_64linux/libtau-py27-1.0.1/include:/salilab/diva1/programs/x86_64linux/boost-1.73.0/include\', \'__LMOD_REF_COUNT_LD_LIBRARY_PATH\': \'/salilab/diva1/programs/x86_64linux/numpy-py36-1.19.5/lib:1;/salilab/diva1/home/libs/x86_64/centos8:1;/salilab/diva1/home/libs/x86_64:1;/salilab/diva1/home/imp/main/20240607-af6f9d6a95/lib/release8:1;/salilab/diva1/programs/x86_64linux/opencv-4.3.0/lib64/rhel:1;/salilab/diva1/programs/x86_64linux/opencv-4.3.0/lib64:1;/salilab/diva1/programs/x86_64linux/hdf5-1.10.7/lib:1;/salilab/diva1/programs/x86_64linux/libtau-py27-1.0.1/lib64:1;/salilab/diva1/programs/x86_64linux/boost-1.73.0/lib64:1;/usr/lib64/openmpi/lib:1;/wynton/group/sali/miha_rozic/Software/imp-develop/build/lib:2;:1\', \'__LMOD_REF_COUNT_PKG_CONFIG_PATH\': \'/usr/lib64/openmpi/lib/pkgconfig:1\', \'_ModuleTable004_\': \'aGFyZS9tb2R1bGVmaWxlcy9tcGkvb3Blbm1waS14ODZfNjQiLApmdWxsTmFtZSA9ICJtcGkvb3Blbm1waS14ODZfNjQiLApsb2FkT3JkZXIgPSAyLApwcm9wVCA9IHt9LApzdGFja0RlcHRoID0gMCwKc3RhdHVzID0gImFjdGl2ZSIsCnVzZXJOYW1lID0gIm1waS9vcGVubXBpLXg4Nl82NCIsCndWID0gIipvcGVubXBpLip4LjAwMDAwMDA4Ni4qXy4wMDAwMDAwNjQuKnpmaW5hbCIsCn0sCm9wZW5jdiA9IHsKZm4gPSAiL3NhbGlsYWIvZGl2YTEvaG9tZS9tb2R1bGVzL29wZW5jdi80LjMuMCIsCmZ1bGxOYW1lID0gIm9wZW5jdi80LjMuMCIsCmxvYWRPcmRlciA9IDYsCnByb3BUID0ge30sCnN0YWNrRGVwdGggPSAxLApzdGF0dXMgPSAiYWN0aXZlIiwKdXNlck5hbWUgPSAib3Bl\', \'__LMOD_REF_COUNT_PYTHONPATH\': \'/salilab/diva1/programs/x86_64linux/scikit-py36-0.21.3/lib64/python3.6/site-packages:1;/salilab/diva1/programs/linux/joblib-0.17.0/lib/python3.6/site-packages:1;/salilab/diva1/programs/x86_64linux/scipy-py36-1.3.2/lib64/python3.6/site-packages:1;/salilab/diva1/programs/x86_64linux/numpy-py36-1.19.5/lib64/python3.6/site-packages:1;/salilab/diva1/home/imp/main/20240607-af6f9d6a95/lib/release8:1;/salilab/diva1/programs/x86_64linux/opencv-4.3.0/lib/python3.6/site-packages:1;/wynton/group/sali/miha_rozic/Software/imp-develop/build/lib:2;:1\', \'which_declare\': \'declare -f\', \'NHOSTS\': \'1\', \'SGE_O_WORKDIR\': \'/wynton/group/sali/miha_rozic/Input_information/SNAPSHOTS/central_directory/snapshot3_0min/run47\', \'USER\': \'rozicmiha\', \'SGE_TASK_ID\': \'undefined\', \'__LMOD_REF_COUNT_CMAKE_LIBRARY_PATH\': \'/salilab/diva1/programs/x86_64linux/opencv-4.3.0/lib64:1;/salilab/diva1/programs/x86_64linux/hdf5-1.10.7/lib:1;/salilab/diva1/programs/x86_64linux/libtau-py27-1.0.1/lib64:1;/salilab/diva1/programs/x86_64linux/boost-1.73.0/lib64:1\', \'SGE_TASK_FIRST\': \'undefined\', \'NSLOTS\': \'16\', \'__LMOD_REF_COUNT_MODULEPATH\': \'/salilab/diva1/home/modules:1;/etc/modulefiles:1;/usr/share/modulefiles:1;/usr/share/modulefiles/Linux:1;/usr/share/modulefiles/Core:1;/usr/share/lmod/lmod/modulefiles/Core:1\', \'PWD\': \'/wynton/group/sali/miha_rozic/Input_information/SNAPSHOTS/central_directory/snapshot3_0min/run47\', \'HOME\': \'/wynton/home/sali/rozicmiha\', \'NQUEUES\': \'1\', \'TMP\': \'/scratch/709048.1.member.q\', \'PE\': \'smp\', \'SGE_O_HOME\': \'/wynton/home/sali/rozicmiha\', \'LMOD_VERSION\': \'8.7.32\', \'JOB_NAME\': \'test1\', \'BASH_ENV\': \'/usr/share/lmod/lmod/init/bash\', \'MPI_FORTRAN_MOD_DIR\': \'/usr/lib64/gfortran/modules/openmpi\', \'SGE_TASK_LAST\': \'undefined\', \'MKL_NUM_THREADS\': \'1\', \'MPI_COMPILER\': \'openmpi-x86_64\', \'SGE_ACCOUNT\': \'sge\', \'SGE_ROOT\': \'/opt/sge\', \'MPI_SUFFIX\': \'_openmpi\', \'TMPDIR\': \'/scratch/709048.1.member.q\', \'RESTARTED\': \'0\', \'LMOD_sys\': \'Linux\', \'_ModuleTable001_\': \'X01vZHVsZVRhYmxlXyA9IHsKTVR2ZXJzaW9uID0gMywKY19yZWJ1aWxkVGltZSA9IGZhbHNlLApjX3Nob3J0VGltZSA9IGZhbHNlLApkZXB0aFQgPSB7fSwKZmFtaWx5ID0ge30sCm1UID0gewpTYWxpID0gewpmbiA9ICIvZXRjL21vZHVsZWZpbGVzL1NhbGkubHVhIiwKZnVsbE5hbWUgPSAiU2FsaSIsCmxvYWRPcmRlciA9IDEsCnByb3BUID0ge30sCnN0YWNrRGVwdGggPSAwLApzdGF0dXMgPSAiYWN0aXZlIiwKdXNlck5hbWUgPSAiU2FsaSIsCndWID0gIk0uKnpmaW5hbCIsCn0sCmJvb3N0ID0gewpmbiA9ICIvc2FsaWxhYi9kaXZhMS9ob21lL21vZHVsZXMvYm9vc3QvMS43My4wIiwKZnVsbE5hbWUgPSAiYm9vc3QvMS43My4wIiwKbG9hZE9yZGVyID0gMywKcHJvcFQgPSB7\', \'LOADEDMODULES\': \'Sali:mpi/openmpi-x86_64:boost/1.73.0:libtau/1.0.1:hdf5/1.10.7:opencv/4.3.0:imp/2.21.0:sali-libraries:python3/numpy/1.19.5:python3/scipy/1.3.2:python3/joblib/0.17.0:python3/scikit/0.21.3\', \'SGE_O_PATH\': \'/salilab/diva1/programs/x86_64linux/numpy-py36-1.19.5/bin:/salilab/diva1/home/imp/main/20240607-af6f9d6a95/bin/release8:/salilab/diva1/programs/x86_64linux/opencv-4.3.0/bin:/salilab/diva1/programs/x86_64linux/hdf5-1.10.7/bin:/wynton/home/sali/rozicmiha/.local/bin:/wynton/home/sali/rozicmiha/bin:/wynton/group/sali/miha_rozic/Software/imp-develop/build/bin:/wynton/group/sali/miha_rozic/Software/imp-develop/build/module_bin/EMageFit:/wynton/group/sali/miha_rozic/Software/imp-develop/build/module_bin/algebra:/wynton/group/sali/miha_rozic/Software/imp-develop/build/module_bin/atom:/wynton/group/sali/miha_rozic/Software/imp-develop/build/module_bin/benchmark:/wynton/group/sali/miha_rozic/Software/imp-develop/build/module_bin/cgal:/wynton/group/sali/miha_rozic/Software/imp-develop/build/module_bin/cnmultifit:/wynton/group/sali/miha_rozic/Software/imp-develop/build/module_bin/container:/wynton/group/sali/miha_rozic/Software/imp-develop/build/module_bin/core:/wynton/group/sali/miha_rozic/Software/imp-develop/build/module_bin/display:/wynton/group/sali/miha_rozic/Software/imp-develop/build/module_bin/domino:/wynton/group/sali/miha_rozic/Software/imp-develop/build/module_bin/em:/wynton/group/sali/miha_rozic/Software/imp-develop/build/module_bin/em2d:/wynton/group/sali/miha_rozic/Software/imp-develop/build/module_bin/example:/wynton/group/sali/miha_rozic/Software/imp-develop/build/module_bin/foxs:/wynton/group/sali/miha_rozic/Software/imp-develop/build/module_bin/gsl:/wynton/group/sali/miha_rozic/Software/imp-develop/build/module_bin/integrative_docking:/wynton/group/sali/miha_rozic/Software/imp-develop/build/module_bin/isd:/wynton/group/sali/miha_rozic/Software/imp-develop/build/module_bin/kernel:/wynton/group/sali/miha_rozic/Software/imp-develop/build/module_bin/kinematics:/wynton/group/sali/miha_rozic/Software/imp-develop/build/module_bin/kmeans:/wynton/group/sali/miha_rozic/Software/imp-develop/build/module_bin/misc:/wynton/group/sali/miha_rozic/Software/imp-develop/build/module_bin/mmcif:/wynton/group/sali/miha_rozic/Software/imp-develop/build/module_bin/modeller:/wynton/group/sali/miha_rozic/Software/imp-develop/build/module_bin/mpi:/wynton/group/sali/miha_rozic/Software/imp-develop/build/module_bin/multi_state:/wynton/group/sali/miha_rozic/Software/imp-develop/build/module_bin/multifit:/wynton/group/sali/miha_rozic/Software/imp-develop/build/module_bin/npc:/wynton/group/sali/miha_rozic/Software/imp-develop/build/module_bin/npcassembly:/wynton/group/sali/miha_rozic/Software/imp-develop/build/module_bin/parallel:/wynton/group/sali/miha_rozic/Software/imp-develop/build/module_bin/pepdock:/wynton/group/sali/miha_rozic/Software/imp-develop/build/module_bin/pmi:/wynton/group/sali/miha_rozic/Software/imp-develop/build/module_bin/rmf:/wynton/group/sali/miha_rozic/Software/imp-develop/build/module_bin/rotamer:/wynton/group/sali/miha_rozic/Software/imp-develop/build/module_bin/saxs:/wynton/group/sali/miha_rozic/Software/imp-develop/build/module_bin/saxs_merge:/wynton/group/sali/miha_rozic/Software/imp-develop/build/module_bin/score_functor:/wynton/group/sali/miha_rozic/Software/imp-develop/build/module_bin/scratch:/wynton/group/sali/miha_rozic/Software/imp-develop/build/module_bin/spb:/wynton/group/sali/miha_rozic/Software/imp-develop/build/module_bin/statistics:/wynton/group/sali/miha_rozic/Software/imp-develop/build/module_bin/symmetry:/wynton/group/sali/miha_rozic/Software/imp-develop/build/module_bin/test:/opt/sge/bin:/opt/sge/bin/lx-amd64:/usr/local/bin:/usr/bin:/usr/local/sbin:/usr/sbin\', \'SGE_O_SHELL\': \'/bin/bash\', \'_ModuleTable006_\': \'bWUgPSAicHl0aG9uMy9udW1weS8xLjE5LjUiLApsb2FkT3JkZXIgPSA5LApwcm9wVCA9IHt9LApzdGFja0RlcHRoID0gMiwKc3RhdHVzID0gImFjdGl2ZSIsCnVzZXJOYW1lID0gInB5dGhvbjMvbnVtcHkvMS4xOS41IiwKd1YgPSAiMDAwMDAwMDAxLjAwMDAwMDAxOS4wMDAwMDAwMDUuKnpmaW5hbCIsCn0sClsicHl0aG9uMy9zY2lraXQiXSA9IHsKZm4gPSAiL3NhbGlsYWIvZGl2YTEvaG9tZS9tb2R1bGVzL3B5dGhvbjMvc2Npa2l0LzAuMjEuMyIsCmZ1bGxOYW1lID0gInB5dGhvbjMvc2Npa2l0LzAuMjEuMyIsCmxvYWRPcmRlciA9IDEyLApwcm9wVCA9IHt9LApzdGFja0RlcHRoID0gMCwKc3RhdHVzID0gImFjdGl2ZSIsCnVzZXJOYW1lID0gInB5dGhvbjMvc2Npa2l0LzAu\', \'__LMOD_REF_COUNT_MANPATH\': \':2;/usr/share/man/openmpi-x86_64:1;/opt/sge/man:1;/usr/share/lmod/lmod/share/man:1\', \'MPI_INCLUDE\': \'/usr/include/openmpi-x86_64\', \'_ModuleTable003_\': \'YW1lID0gImltcC8yLjIxLjAiLApsb2FkT3JkZXIgPSA3LApwcm9wVCA9IHt9LApzdGFja0RlcHRoID0gMCwKc3RhdHVzID0gImFjdGl2ZSIsCnVzZXJOYW1lID0gImltcCIsCndWID0gIl4wMDAwMDAwMi4wMDAwMDAwMjEuKnpmaW5hbCIsCn0sCmxpYnRhdSA9IHsKZm4gPSAiL3NhbGlsYWIvZGl2YTEvaG9tZS9tb2R1bGVzL2xpYnRhdS8xLjAuMSIsCmZ1bGxOYW1lID0gImxpYnRhdS8xLjAuMSIsCmxvYWRPcmRlciA9IDQsCnByb3BUID0ge30sCnN0YWNrRGVwdGggPSAxLApzdGF0dXMgPSAiYWN0aXZlIiwKdXNlck5hbWUgPSAibGlidGF1LzEuMC4xIiwKd1YgPSAiMDAwMDAwMDAxLjAwMDAwMDAwMC4wMDAwMDAwMDEuKnpmaW5hbCIsCn0sCm1waSA9IHsKZm4gPSAiL3Vzci9z\', \'LMOD_ROOT\': \'/usr/share/lmod\', \'SYSTEMCTL_SKIP_REDIRECT\': \'\', \'MAIL\': \'/var/spool/mail/rozicmiha\', \'SGE_CWD_PATH\': \'/wynton/group/sali/miha_rozic/Input_information/SNAPSHOTS/central_directory/snapshot3_0min/run47\', \'MPI_HOME\': \'/usr/lib64/openmpi\', \'_ModuleTable009_\': \'L3NoYXJlL21vZHVsZWZpbGVzOi91c3Ivc2hhcmUvbW9kdWxlZmlsZXMvTGludXg6L3Vzci9zaGFyZS9tb2R1bGVmaWxlcy9Db3JlOi91c3Ivc2hhcmUvbG1vZC9sbW9kL21vZHVsZWZpbGVzL0NvcmUiLAp9Cg==\', \'SGE_TASK_STEPSIZE\': \'undefined\', \'SHELL\': \'/bin/bash\', \'TERM\': \'\', \'_ModuleTable_Sz_\': \'9\', \'SGE_JOB_SPOOL_DIR\': \'/var/spool/sge/wynton/qb3-id345/active_jobs/709048.1\', \'JOB_ID\': \'709048\', \'IMP_EXAMPLE_DATA\': \'/wynton/group/sali/miha_rozic/Software/imp-develop/build/doc/examples\', \'R_FUTURE_AVAILABLECORES_FALLBACK\': \'1\', \'JOB_SCRIPT\': \'/var/spool/sge/wynton/qb3-id345/job_scripts/709048\', \'SHLVL\': \'2\', \'SGE_O_LOGNAME\': \'rozicmiha\', \'SGE_O_MAIL\': \'/var/spool/mail/rozicmiha\', \'PYTHONPATH\': \'/salilab/diva1/programs/x86_64linux/scikit-py36-0.21.3/lib64/python3.6/site-packages:/salilab/diva1/programs/linux/joblib-0.17.0/lib/python3.6/site-packages:/salilab/diva1/programs/x86_64linux/scipy-py36-1.3.2/lib64/python3.6/site-packages:/salilab/diva1/programs/x86_64linux/numpy-py36-1.19.5/lib64/python3.6/site-packages:/salilab/diva1/home/imp/main/20240607-af6f9d6a95/lib/release8:/salilab/diva1/programs/x86_64linux/opencv-4.3.0/lib/python3.6/site-packages:/wynton/group/sali/miha_rozic/Software/imp-develop/build/lib::\', \'MANPATH\': \':/usr/share/man/openmpi-x86_64:/opt/sge/man:/usr/share/lmod/lmod/share/man\', \'MODULEPATH\': \'/salilab/diva1/home/modules:/etc/modulefiles:/usr/share/modulefiles:/usr/share/modulefiles/Linux:/usr/share/modulefiles/Core:/usr/share/lmod/lmod/modulefiles/Core\', \'MPI_SYSCONFIG\': \'/etc/openmpi-x86_64\', \'LOGNAME\': \'rozicmiha\', \'SYSTEMCTL_IGNORE_DEPENDENCIES\': \'\', \'MODULEPATH_ROOT\': \'/usr/share/modulefiles\', \'PATH\': \'/salilab/diva1/programs/x86_64linux/numpy-py36-1.19.5/bin:/salilab/diva1/home/imp/main/20240607-af6f9d6a95/bin/release8:/salilab/diva1/programs/x86_64linux/opencv-4.3.0/bin:/salilab/diva1/programs/x86_64linux/hdf5-1.10.7/bin:/usr/lib64/openmpi/bin:/wynton/home/sali/rozicmiha/.local/bin:/wynton/home/sali/rozicmiha/bin:/wynton/group/sali/miha_rozic/Software/imp-develop/build/bin:/wynton/group/sali/miha_rozic/Software/imp-develop/build/module_bin/EMageFit:/wynton/group/sali/miha_rozic/Software/imp-develop/build/module_bin/algebra:/wynton/group/sali/miha_rozic/Software/imp-develop/build/module_bin/atom:/wynton/group/sali/miha_rozic/Software/imp-develop/build/module_bin/benchmark:/wynton/group/sali/miha_rozic/Software/imp-develop/build/module_bin/cgal:/wynton/group/sali/miha_rozic/Software/imp-develop/build/module_bin/cnmultifit:/wynton/group/sali/miha_rozic/Software/imp-develop/build/module_bin/container:/wynton/group/sali/miha_rozic/Software/imp-develop/build/module_bin/core:/wynton/group/sali/miha_rozic/Software/imp-develop/build/module_bin/display:/wynton/group/sali/miha_rozic/Software/imp-develop/build/module_bin/domino:/wynton/group/sali/miha_rozic/Software/imp-develop/build/module_bin/em:/wynton/group/sali/miha_rozic/Software/imp-develop/build/module_bin/em2d:/wynton/group/sali/miha_rozic/Software/imp-develop/build/module_bin/example:/wynton/group/sali/miha_rozic/Software/imp-develop/build/module_bin/foxs:/wynton/group/sali/miha_rozic/Software/imp-develop/build/module_bin/gsl:/wynton/group/sali/miha_rozic/Software/imp-develop/build/module_bin/integrative_docking:/wynton/group/sali/miha_rozic/Software/imp-develop/build/module_bin/isd:/wynton/group/sali/miha_rozic/Software/imp-develop/build/module_bin/kernel:/wynton/group/sali/miha_rozic/Software/imp-develop/build/module_bin/kinematics:/wynton/group/sali/miha_rozic/Software/imp-develop/build/module_bin/kmeans:/wynton/group/sali/miha_rozic/Software/imp-develop/build/module_bin/misc:/wynton/group/sali/miha_rozic/Software/imp-develop/build/module_bin/mmcif:/wynton/group/sali/miha_rozic/Software/imp-develop/build/module_bin/modeller:/wynton/group/sali/miha_rozic/Software/imp-develop/build/module_bin/mpi:/wynton/group/sali/miha_rozic/Software/imp-develop/build/module_bin/multi_state:/wynton/group/sali/miha_rozic/Software/imp-develop/build/module_bin/multifit:/wynton/group/sali/miha_rozic/Software/imp-develop/build/module_bin/npc:/wynton/group/sali/miha_rozic/Software/imp-develop/build/module_bin/npcassembly:/wynton/group/sali/miha_rozic/Software/imp-develop/build/module_bin/parallel:/wynton/group/sali/miha_rozic/Software/imp-develop/build/module_bin/pepdock:/wynton/group/sali/miha_rozic/Software/imp-develop/build/module_bin/pmi:/wynton/group/sali/miha_rozic/Software/imp-develop/build/module_bin/rmf:/wynton/group/sali/miha_rozic/Software/imp-develop/build/module_bin/rotamer:/wynton/group/sali/miha_rozic/Software/imp-develop/build/module_bin/saxs:/wynton/group/sali/miha_rozic/Software/imp-develop/build/module_bin/saxs_merge:/wynton/group/sali/miha_rozic/Software/imp-develop/build/module_bin/score_functor:/wynton/group/sali/miha_rozic/Software/imp-develop/build/module_bin/scratch:/wynton/group/sali/miha_rozic/Software/imp-develop/build/module_bin/spb:/wynton/group/sali/miha_rozic/Software/imp-develop/build/module_bin/statistics:/wynton/group/sali/miha_rozic/Software/imp-develop/build/module_bin/symmetry:/wynton/group/sali/miha_rozic/Software/imp-develop/build/module_bin/test:/opt/sge/bin:/opt/sge/bin/lx-amd64:/scratch/709048.1.member.q:/usr/local/bin:/bin:/usr/bin:/usr/local/sbin:/usr/sbin\', \'MPI_BIN\': \'/usr/lib64/openmpi/bin\', \'SGE_STDERR_PATH\': \'/wynton/group/sali/miha_rozic/Input_information/SNAPSHOTS/central_directory/snapshot3_0min/run47/test1.o709048\', \'_LMFILES_\': \'/etc/modulefiles/Sali.lua:/usr/share/modulefiles/mpi/openmpi-x86_64:/salilab/diva1/home/modules/boost/1.73.0:/salilab/diva1/home/modules/libtau/1.0.1:/salilab/diva1/home/modules/hdf5/1.10.7:/salilab/diva1/home/modules/opencv/4.3.0:/salilab/diva1/home/modules/imp/2.21.0:/salilab/diva1/home/modules/sali-libraries:/salilab/diva1/home/modules/python3/numpy/1.19.5:/salilab/diva1/home/modules/python3/scipy/1.3.2:/salilab/diva1/home/modules/python3/joblib/0.17.0:/salilab/diva1/home/modules/python3/scikit/0.21.3\', \'DEBUGINFOD_URLS\': \'https://debuginfod.centos.org/ \', \'MODULESHOME\': \'/usr/share/lmod/lmod\', \'PKG_CONFIG_PATH\': \'/usr/lib64/openmpi/lib/pkgconfig\', \'LMOD_SETTARG_FULL_SUPPORT\': \'no\', \'HISTSIZE\': \'1000\', \'SGE_ARCH\': \'lx-amd64\', \'LMOD_PKG\': \'/usr/share/lmod/lmod\', \'CMAKE_LIBRARY_PATH\': \'/salilab/diva1/programs/x86_64linux/opencv-4.3.0/lib64:/salilab/diva1/programs/x86_64linux/hdf5-1.10.7/lib:/salilab/diva1/programs/x86_64linux/libtau-py27-1.0.1/lib64:/salilab/diva1/programs/x86_64linux/boost-1.73.0/lib64\', \'ARC\': \'lx-amd64\', \'MPI_LIB\': \'/usr/lib64/openmpi/lib\', \'SGE_BINARY_PATH\': \'/opt/sge/bin/lx-amd64\', \'SGE_STDOUT_PATH\': \'/wynton/group/sali/miha_rozic/Input_information/SNAPSHOTS/central_directory/snapshot3_0min/run47/test1.o709048\', \'_ModuleTable005_\': \'bmN2LzQuMy4wIiwKd1YgPSAiMDAwMDAwMDA0LjAwMDAwMDAwMy4qemZpbmFsIiwKfSwKWyJweXRob24zL2pvYmxpYiJdID0gewpmbiA9ICIvc2FsaWxhYi9kaXZhMS9ob21lL21vZHVsZXMvcHl0aG9uMy9qb2JsaWIvMC4xNy4wIiwKZnVsbE5hbWUgPSAicHl0aG9uMy9qb2JsaWIvMC4xNy4wIiwKbG9hZE9yZGVyID0gMTEsCnByb3BUID0ge30sCnN0YWNrRGVwdGggPSAxLApzdGF0dXMgPSAiYWN0aXZlIiwKdXNlck5hbWUgPSAicHl0aG9uMy9qb2JsaWIiLAp3ViA9ICIwMDAwMDAwMDAuMDAwMDAwMDE3Lip6ZmluYWwiLAp9LApbInB5dGhvbjMvbnVtcHkiXSA9IHsKZm4gPSAiL3NhbGlsYWIvZGl2YTEvaG9tZS9tb2R1bGVzL3B5dGhvbjMvbnVtcHkvMS4xOS41IiwKZnVsbE5h\', \'LMOD_CMD\': \'/usr/share/lmod/lmod/libexec/lmod\', \'REQNAME\': \'test1\', \'IMP_BIN_DIR\': \'/wynton/group/sali/miha_rozic/Software/imp-develop/build/bin\', \'MPI_MAN\': \'/usr/share/man/openmpi-x86_64\', \'LESSOPEN\': \'||/usr/bin/lesspipe.sh %s\', \'OMP_NUM_THREADS\': \'1\', \'SGE_CLUSTER_NAME\': \'wynton_cluster\', \'LMOD_DIR\': \'/usr/share/lmod/lmod/libexec\', \'BASH_FUNC_which%%\': \'() {  ( alias;\\n eval ${which_declare} ) | /usr/bin/which --tty-only --read-alias --read-functions --show-tilde --show-dot $@\\n}\', \'BASH_FUNC_module%%\': \'() {  if [ -z "${LMOD_SH_DBG_ON+x}" ]; then\\n case "$-" in \\n *v*x*)\\n __lmod_sh_dbg=\\\'vx\\\'\\n ;;\\n *v*)\\n __lmod_sh_dbg=\\\'v\\\'\\n ;;\\n *x*)\\n __lmod_sh_dbg=\\\'x\\\'\\n ;;\\n esac;\\n fi;\\n if [ -n "${__lmod_sh_dbg:-}" ]; then\\n set +$__lmod_sh_dbg;\\n echo "Shell debugging temporarily silenced: export LMOD_SH_DBG_ON=1 for Lmod\\\'s output" 1>&2;\\n fi;\\n eval "$($LMOD_CMD shell "$@")" && eval "$(${LMOD_SETTARG_CMD:-:} -s sh)";\\n __lmod_my_status=$?;\\n if [ -n "${__lmod_sh_dbg:-}" ]; then\\n echo "Shell debugging restarted" 1>&2;\\n set -$__lmod_sh_dbg;\\n fi;\\n unset __lmod_sh_dbg;\\n return $__lmod_my_status\\n}\', \'BASH_FUNC_ml%%\': \'() {  eval "$($LMOD_DIR/ml_cmd "$@")"\\n}\', \'_\': \'/usr/lib64/openmpi/bin/mpirun\', \'IPATH_NO_BACKTRACE\': \'1\', \'HFI_NO_BACKTRACE\': \'1\', \'OMPI_MCA_orte_local_daemon_uri\': \'1278935040.0;tcp://172.26.39.95:60489\', \'OMPI_MCA_orte_hnp_uri\': \'1278935040.0;tcp://172.26.39.95:60489\', \'OMPI_MCA_mpi_oversubscribe\': \'0\', \'OMPI_MCA_orte_app_num\': \'0\', \'OMPI_UNIVERSE_SIZE\': \'16\', \'OMPI_MCA_orte_num_nodes\': \'1\', \'OMPI_MCA_shmem_RUNTIME_QUERY_hint\': \'mmap\', \'OMPI_MCA_orte_bound_at_launch\': \'1\', \'OMPI_MCA_ess\': \'^singleton\', \'OMPI_MCA_orte_ess_num_procs\': \'16\', \'OMPI_COMM_WORLD_SIZE\': \'16\', \'OMPI_COMM_WORLD_LOCAL_SIZE\': \'16\', \'OMPI_MCA_orte_tmpdir_base\': \'/scratch/709048.1.member.q\', \'OMPI_MCA_orte_top_session_dir\': \'/scratch/709048.1.member.q/ompi.qb3-id345.11149\', \'OMPI_MCA_orte_jobfam_session_dir\': \'/scratch/709048.1.member.q/ompi.qb3-id345.11149/pid.1410952\', \'OMPI_NUM_APP_CTX\': \'1\', \'OMPI_FIRST_RANKS\': \'0\', \'OMPI_APP_CTX_NUM_PROCS\': \'16\', \'OMPI_MCA_initial_wdir\': \'/wynton/group/sali/miha_rozic/Input_information/SNAPSHOTS/central_directory/snapshot3_0min/run47\', \'OMPI_MCA_orte_launch\': \'1\', \'PMIX_NAMESPACE\': \'1278935041\', \'PMIX_RANK\': \'8\', \'PMIX_SERVER_URI2\': \'1278935040.0;tcp4://127.0.0.1:50197\', \'PMIX_SERVER_URI21\': \'1278935040.0;tcp4://127.0.0.1:50197\', \'PMIX_SECURITY_MODE\': \'native,none\', \'PMIX_PTL_MODULE\': \'tcp,usock\', \'PMIX_BFROP_BUFFER_TYPE\': \'PMIX_BFROP_BUFFER_NON_DESC\', \'PMIX_GDS_MODULE\': \'ds21,ds12,hash\', \'PMIX_SERVER_TMPDIR\': \'/scratch/709048.1.member.q/ompi.qb3-id345.11149/pid.1410952\', \'PMIX_SYSTEM_TMPDIR\': \'/scratch/709048.1.member.q\', \'PMIX_DSTORE_21_BASE_PATH\': \'/scratch/709048.1.member.q/ompi.qb3-id345.11149/pid.1410952/pmix_dstor_ds21_1410952\', \'PMIX_DSTORE_ESH_BASE_PATH\': \'/scratch/709048.1.member.q/ompi.qb3-id345.11149/pid.1410952/pmix_dstor_ds12_1410952\', \'OMPI_MCA_ess_base_jobid\': \'1278935041\', \'OMPI_MCA_ess_base_vpid\': \'8\', \'OMPI_COMM_WORLD_RANK\': \'8\', \'OMPI_COMM_WORLD_LOCAL_RANK\': \'8\', \'OMPI_COMM_WORLD_NODE_RANK\': \'8\', \'OMPI_MCA_orte_ess_node_rank\': \'8\', \'PMIX_ID\': \'1278935041.8\', \'OMPI_FILE_LOCATION\': \'/scratch/709048.1.member.q/ompi.qb3-id345.11149/pid.1410952/0/0\', \'KMP_DUPLICATE_LIB_OK\': \'True\', \'KMP_INIT_AT_FORK\': \'FALSE\'})', 'STAT2HEADER_IMP_VERSIONS': "{'IMP_VERSION': '2.21.0', 'PMI_VERSION': '2.21.0'}", 0: 'ReplicaExchange_SwapSuccessRatio', 1: 'ReplicaExchange_MinTempFrequency', 2: 'ReplicaExchange_MaxTempFrequency', 3: 'ReplicaExchange_CurrentTemp', 4: 'score'} 
{0: '0', 1: '0', 2: '0', 3: '1.6301766616608926', 4: inf} 
{0: '0.0', 1: '0.0', 2: '0.0', 3: '1.6301766616608926', 4: inf} 
{0: '0.0', 1: '0.0', 2: '0.0', 3: '1.6301766616608926', 4: inf} 
{0: '0.0', 1: '0.0', 2: '0.0', 3: '1.6301766616608926', 4: inf} 
{0: '0.0', 1: '0.0', 2: '0.0', 3: '1.6301766616608926', 4: inf} 
{0: '0.0', 1: '0.0', 2: '0.0', 3: '1.6301766616608926', 4: inf} 
{0: '0.0', 1: '0.0', 2: '0.0', 3: '1.6301766616608926', 4: inf} 
{0: '0.0', 1: '0.0', 2: '0.0', 3: '1.6301766616608926', 4: inf} 
{0: '0.0', 1: '0.0', 2: '0.0', 3: '1.6301766616608926', 4: inf} 
{0: '0.0', 1: '0.0', 2: '0.0', 3: '1.6301766616608926', 4: inf} 
{0: '0.0', 1: '0.0', 2: '0.0', 3: '1.6301766616608926', 4: inf} 
{0: '0.0', 1: '0.0', 2: '0.0', 3: '1.6301766616608926', 4: inf} 
{0: '0.0', 1: '0.0', 2: '0.0', 3: '1.6301766616608926', 4: inf} 
{0: '0.0', 1: '0.0', 2: '0.0', 3: '1.6301766616608926', 4: inf} 
{0: '0.0', 1: '0.0', 2: '0.0', 3: '1.6301766616608926', 4: inf} 
{0: '0.0', 1: '0.0', 2: '0.0', 3: '1.6301766616608926', 4: inf} 
{0: '0.0', 1: '0.0', 2: '0.0', 3: '1.6301766616608926', 4: inf} 
{0: '0.0', 1: '0.0', 2: '0.0', 3: '1.6301766616608926', 4: inf} 
{0: '0.0', 1: '0.0', 2: '0.0', 3: '1.6301766616608926', 4: inf} 
{0: '0.0', 1: '0.0', 2: '0.0', 3: '1.6301766616608926', 4: inf} 
{0: '0.0', 1: '0.0', 2: '0.0', 3: '1.6301766616608926', 4: inf} 
{0: '0.0', 1: '0.0', 2: '0.0', 3: '1.6301766616608926', 4: inf} 
{0: '0.0', 1: '0.0', 2: '0.0', 3: '1.6301766616608926', 4: inf} 
{0: '0.0', 1: '0.0', 2: '0.0', 3: '1.6301766616608926', 4: inf} 
{0: '0.0', 1: '0.0', 2: '0.0', 3: '1.6301766616608926', 4: inf} 
{0: '0.0', 1: '0.0', 2: '0.0', 3: '1.6301766616608926', 4: inf} 
{0: '0.0', 1: '0.0', 2: '0.0', 3: '1.6301766616608926', 4: inf} 
{0: '0.0', 1: '0.0', 2: '0.0', 3: '1.6301766616608926', 4: inf} 
{0: '0.0', 1: '0.0', 2: '0.0', 3: '1.6301766616608926', 4: inf} 
{0: '0.0', 1: '0.0', 2: '0.0', 3: '1.6301766616608926', 4: inf} 
{0: '0.0', 1: '0.0', 2: '0.0', 3: '1.6301766616608926', 4: inf} 
{0: '0.0', 1: '0.0', 2: '0.0', 3: '1.6301766616608926', 4: inf} 
{0: '0.0', 1: '0.0', 2: '0.0', 3: '1.6301766616608926', 4: inf} 
{0: '0.0', 1: '0.0', 2: '0.0', 3: '1.6301766616608926', 4: inf} 
{0: '0.0', 1: '0.0', 2: '0.0', 3: '1.6301766616608926', 4: inf} 
{0: '0.0', 1: '0.0', 2: '0.0', 3: '1.6301766616608926', 4: inf} 
{0: '0.0', 1: '0.0', 2: '0.0', 3: '1.6301766616608926', 4: 14460.834601470317} 
{0: '0.02702702702702703', 1: '0.0', 2: '0.0', 3: '1.7328621078878674', 4: 2672.4105413310995} 
{0: '0.05263157894736842', 1: '0.0', 2: '0.0', 3: '1.842015749320195', 4: 1548.657287511583} 
{0: '0.07692307692307693', 1: '0.0', 2: '0.0', 3: '1.958045020027179', 4: 648.7103394705106} 
{0: '0.1', 1: '0.0', 2: '0.0', 3: '2.081383018504685', 4: 488.11216959030094} 
{0: '0.12195121951219512', 1: '0.0', 2: '0.0', 3: '2.212490124287102', 4: 465.68214831638744} 
{0: '0.14285714285714285', 1: '0.0', 2: '0.0', 3: '2.351855716390306', 4: 456.10176570056143} 
{0: '0.13953488372093023', 1: '0.0', 2: '0.0', 3: '2.351855716390306', 4: 465.83155654338606} 
{0: '0.1590909090909091', 1: '0.0', 2: '0.0', 3: '2.212490124287102', 4: 409.6938543752091} 
{0: '0.17777777777777778', 1: '0.0', 2: '0.0', 3: '2.081383018504685', 4: 380.3430188855154} 
{0: '0.1956521739130435', 1: '0.0', 2: '0.0', 3: '1.958045020027179', 4: 365.55649362938567} 
{0: '0.2127659574468085', 1: '0.0', 2: '0.0', 3: '1.842015749320195', 4: 368.71670685968337} 
{0: '0.22916666666666666', 1: '0.0', 2: '0.0', 3: '1.7328621078878674', 4: 366.1266262994489} 
{0: '0.24489795918367346', 1: '0.0', 2: '0.0', 3: '1.6301766616608926', 4: 366.88856512804733} 
{0: '0.26', 1: '0.0', 2: '0.0', 3: '1.5335761201812925', 4: 357.86359276301823} 
{0: '0.27450980392156865', 1: '0.0', 2: '0.0', 3: '1.4426999059072143', 4: 361.15828259058344} 
{0: '0.28846153846153844', 1: '0.0', 2: '0.0', 3: '1.3572088082974538', 4: 359.1019683516827} 
{0: '0.3018867924528302', 1: '0.0', 2: '0.0', 3: '1.2767837176518553', 4: 349.09024461594726} 
{0: '0.3148148148148148', 1: '0.0', 2: '0.0', 3: '1.2011244339814315', 4: 351.49785684431845} 
{0: '0.32727272727272727', 1: '0.0', 2: '0.0', 3: '1.1299485464621188', 4: 359.73868436304696} 
{0: '0.32142857142857145', 1: '0.0', 2: '0.0', 3: '1.1299485464621188', 4: 355.98160963993126} 
{0: '0.3333333333333333', 1: '0.0', 2: '0.0', 3: '1.2011244339814315', 4: 354.7889456864839} 
{0: '0.3448275862068966', 1: '0.0', 2: '0.0', 3: '1.2767837176518553', 4: 352.2550010808482} 
{0: '0.3389830508474576', 1: '0.0', 2: '0.0', 3: '1.2767837176518553', 4: 351.8775152254947} 
{0: '0.35', 1: '0.0', 2: '0.0', 3: '1.2011244339814315', 4: 357.7685852887993} 
{0: '0.36065573770491804', 1: '0.0', 2: '0.0', 3: '1.1299485464621188', 4: 357.06339577704586} 
{0: '0.3548387096774194', 1: '0.0', 2: '0.0', 3: '1.1299485464621188', 4: 349.820876489735} 
{0: '0.36507936507936506', 1: '0.0', 2: '0.0', 3: '1.2011244339814315', 4: 362.22184177413413} 
{0: '0.375', 1: '0.0', 2: '0.0', 3: '1.2767837176518553', 4: 357.90863931336156} 
{0: '0.36923076923076925', 1: '0.0', 2: '0.0', 3: '1.2767837176518553', 4: 359.97091808174474} 
{0: '0.36363636363636365', 1: '0.0', 2: '0.0', 3: '1.2767837176518553', 4: 359.3230508162578} 
{0: '0.373134328358209', 1: '0.0', 2: '0.0', 3: '1.3572088082974538', 4: 363.7813607014934} 
{0: '0.38235294117647056', 1: '0.0', 2: '0.0', 3: '1.4426999059072143', 4: 363.12403477386914} 
{0: '0.37681159420289856', 1: '0.0', 2: '0.0', 3: '1.4426999059072143', 4: 359.4236401184976} 
{0: '0.38571428571428573', 1: '0.0', 2: '0.0', 3: '1.3572088082974538', 4: 354.89491695125804} 
{0: '0.39436619718309857', 1: '0.0', 2: '0.0', 3: '1.2767837176518553', 4: 352.81680548935356} 
{0: '0.4027777777777778', 1: '0.0', 2: '0.0', 3: '1.2011244339814315', 4: 355.56965469817754} 
{0: '0.3972602739726027', 1: '0.0', 2: '0.0', 3: '1.2011244339814315', 4: 361.29659816572223} 
{0: '0.40540540540540543', 1: '0.0', 2: '0.0', 3: '1.2767837176518553', 4: 367.93553712038573} 
{0: '0.4', 1: '0.0', 2: '0.0', 3: '1.2767837176518553', 4: 368.8621593913947} 
{0: '0.40789473684210525', 1: '0.0', 2: '0.0', 3: '1.2011244339814315', 4: 358.7389306984343} 
{0: '0.4155844155844156', 1: '0.0', 2: '0.0', 3: '1.1299485464621188', 4: 358.50391683903655} 
{0: '0.41025641025641024', 1: '0.0', 2: '0.0', 3: '1.1299485464621188', 4: 358.18504499525704} 
{0: '0.4177215189873418', 1: '0.0', 2: '0.0', 3: '1.2011244339814315', 4: 354.94385469641816} 
{0: '0.425', 1: '0.0', 2: '0.0', 3: '1.2767837176518553', 4: 356.3104239451103} 
{0: '0.41975308641975306', 1: '0.0', 2: '0.0', 3: '1.2767837176518553', 4: 357.42307706000116} 
{0: '0.4268292682926829', 1: '0.0', 2: '0.0', 3: '1.2011244339814315', 4: 361.1706116160319} 
{0: '0.43373493975903615', 1: '0.0', 2: '0.0', 3: '1.1299485464621188', 4: 358.8430477155998} 
{0: '0.42857142857142855', 1: '0.0', 2: '0.0', 3: '1.1299485464621188', 4: 356.06513115760487} 
{0: '0.4235294117647059', 1: '0.0', 2: '0.0', 3: '1.1299485464621188', 4: 357.5284384425245} 
{0: '0.43023255813953487', 1: '0.0', 2: '0.0', 3: '1.0629903792895394', 4: 359.0402735496785} 
{0: '0.42528735632183906', 1: '0.0', 2: '0.0', 3: '1.0629903792895394', 4: 366.0719000129539} 
{0: '0.4318181818181818', 1: '0.0', 2: '0.0', 3: '1.1299485464621188', 4: 355.07227285926984} 
{0: '0.42696629213483145', 1: '0.0', 2: '0.0', 3: '1.1299485464621188', 4: 360.2935352432172} 
{0: '0.4222222222222222', 1: '0.0', 2: '0.0', 3: '1.1299485464621188', 4: 357.59632596720064} 
{0: '0.42857142857142855', 1: '0.0', 2: '0.0', 3: '1.2011244339814315', 4: 368.32202983577906} 
{0: '0.43478260869565216', 1: '0.0', 2: '0.0', 3: '1.2767837176518553', 4: 359.0499768513977} 
{0: '0.43010752688172044', 1: '0.0', 2: '0.0', 3: '1.2767837176518553', 4: 361.1164044513051} 
{0: '0.43617021276595747', 1: '0.0', 2: '0.0', 3: '1.2011244339814315', 4: 357.1923195569294} 
{0: '0.43157894736842106', 1: '0.0', 2: '0.0', 3: '1.2011244339814315', 4: 354.3453219838165} 
{0: '0.4375', 1: '0.0', 2: '0.0', 3: '1.2767837176518553', 4: 359.1776702065095} 
{0: '0.4329896907216495', 1: '0.0', 2: '0.0', 3: '1.2767837176518553', 4: 360.1521408075341} 
{0: '0.4387755102040816', 1: '0.0', 2: '0.0', 3: '1.2011244339814315', 4: 351.8380994603467} 
{0: '0.4444444444444444', 1: '0.0', 2: '0.0', 3: '1.1299485464621188', 4: 370.7396546232212} 
{0: '0.44', 1: '0.0', 2: '0.0', 3: '1.1299485464621188', 4: 361.43442960941775} 
{0: '0.44554455445544555', 1: '0.0', 2: '0.0', 3: '1.2011244339814315', 4: 365.92040714280705} 
{0: '0.45098039215686275', 1: '0.0', 2: '0.0', 3: '1.2767837176518553', 4: 361.4116670979137} 
{0: '0.44660194174757284', 1: '0.0', 2: '0.0', 3: '1.2767837176518553', 4: 362.5427928851244} 
{0: '0.4423076923076923', 1: '0.0', 2: '0.0', 3: '1.2767837176518553', 4: 354.61002827537567} 
{0: '0.4380952380952381', 1: '0.0', 2: '0.0', 3: '1.2767837176518553', 4: 361.1202842592333} 
{0: '0.44339622641509435', 1: '0.0', 2: '0.0', 3: '1.2011244339814315', 4: 359.9282965072731} 
{0: '0.4392523364485981', 1: '0.0', 2: '0.0', 3: '1.2011244339814315', 4: 356.72635124844294} 
{0: '0.4351851851851852', 1: '0.0', 2: '0.0', 3: '1.2011244339814315', 4: 358.57309178607375} 
{0: '0.44036697247706424', 1: '0.0', 2: '0.0', 3: '1.1299485464621188', 4: 365.07969612668205} 
{0: '0.43636363636363634', 1: '0.0', 2: '0.0', 3: '1.1299485464621188', 4: 356.64077883949085} 
{0: '0.44144144144144143', 1: '0.0', 2: '0.0', 3: '1.2011244339814315', 4: 351.9642753049515} 
{0: '0.44642857142857145', 1: '0.0', 2: '0.0', 3: '1.2767837176518553', 4: 352.0683107529061} 
{0: '0.45132743362831856', 1: '0.0', 2: '0.0', 3: '1.3572088082974538', 4: 365.41680697436584} 
{0: '0.45614035087719296', 1: '0.0', 2: '0.0', 3: '1.4426999059072143', 4: 370.8286633895411} 
{0: '0.45217391304347826', 1: '0.0', 2: '0.0', 3: '1.4426999059072143', 4: 355.0440768059431} 
{0: '0.45689655172413796', 1: '0.0', 2: '0.0', 3: '1.3572088082974538', 4: 374.00595437939023} 
{0: '0.46153846153846156', 1: '0.0', 2: '0.0', 3: '1.2767837176518553', 4: 360.15269100977514} 
{0: '0.4661016949152542', 1: '0.0', 2: '0.0', 3: '1.2011244339814315', 4: 355.2489158982986} 
{0: '0.47058823529411764', 1: '0.0', 2: '0.0', 3: '1.1299485464621188', 4: 356.2664917823531} 
{0: '0.4666666666666667', 1: '0.0', 2: '0.0', 3: '1.1299485464621188', 4: 356.5517000074442} 
{0: '0.47107438016528924', 1: '0.0', 2: '0.0', 3: '1.2011244339814315', 4: 353.5235208588721} 
{0: '0.4672131147540984', 1: '0.0', 2: '0.0', 3: '1.2011244339814315', 4: 356.1918123249249} 
{0: '0.4634146341463415', 1: '0.0', 2: '0.0', 3: '1.2011244339814315', 4: 358.8425456091232} 
{0: '0.46774193548387094', 1: '0.0', 2: '0.0', 3: '1.2767837176518553', 4: 351.5821532997749} 
{0: '0.464', 1: '0.0', 2: '0.0', 3: '1.2767837176518553', 4: 353.84234195519724} 
{0: '0.46825396825396826', 1: '0.0', 2: '0.0', 3: '1.2011244339814315', 4: 357.67261648678993} 
{0: '0.47244094488188976', 1: '0.0', 2: '0.0', 3: '1.1299485464621188', 4: 360.79988578474564} 
{0: '0.4765625', 1: '0.0', 2: '0.0', 3: '1.0629903792895394', 4: 355.4402247702376} 
{0: '0.4728682170542636', 1: '0.0', 2: '0.0', 3: '1.0629903792895394', 4: 353.28477172971867} 
{0: '0.47692307692307695', 1: '0.0', 2: '0.0', 3: '1.1299485464621188', 4: 357.5873078074579} 
{0: '0.48091603053435117', 1: '0.0', 2: '0.0', 3: '1.2011244339814315', 4: 363.75960453405713} 
{0: '0.48484848484848486', 1: '0.0', 2: '0.0', 3: '1.2767837176518553', 4: 366.92115379294273} 
{0: '0.48872180451127817', 1: '0.0', 2: '0.0', 3: '1.3572088082974538', 4: 361.87973451756005} 
{0: '0.4925373134328358', 1: '0.0', 2: '0.0', 3: '1.4426999059072143', 4: 362.19285556934943} 
{0: '0.4888888888888889', 1: '0.0', 2: '0.0', 3: '1.4426999059072143', 4: 357.97738127987395} 
{0: '0.49264705882352944', 1: '0.0', 2: '0.0', 3: '1.3572088082974538', 4: 361.7184583062322} 
{0: '0.49635036496350365', 1: '0.0', 2: '0.0', 3: '1.2767837176518553', 4: 356.85476998056293} 
{0: '0.5', 1: '0.0', 2: '0.0', 3: '1.2011244339814315', 4: 355.916892247269} 
{0: '0.5035971223021583', 1: '0.0', 2: '0.0', 3: '1.1299485464621188', 4: 351.9172196381566} 
{0: '0.5071428571428571', 1: '0.0', 2: '0.0', 3: '1.0629903792895394', 4: 350.6103907147242} 
{0: '0.5035460992907801', 1: '0.0', 2: '0.0', 3: '1.0629903792895394', 4: 355.5376484911225} 
{0: '0.5070422535211268', 1: '0.0', 2: '0.0', 3: '1.1299485464621188', 4: 363.23814630016636} 
{0: '0.5104895104895105', 1: '0.0', 2: '0.0', 3: '1.2011244339814315', 4: 354.63237385118356} 
{0: '0.5138888888888888', 1: '0.0', 2: '0.0', 3: '1.2767837176518553', 4: 360.5496144075647} 
{0: '0.5103448275862069', 1: '0.0', 2: '0.0', 3: '1.2767837176518553', 4: 362.47830378229986} 
{0: '0.5136986301369864', 1: '0.0', 2: '0.0', 3: '1.2011244339814315', 4: 354.10719887259836} 
{0: '0.5170068027210885', 1: '0.0', 2: '0.0', 3: '1.1299485464621188', 4: 355.16026475521875} 
{0: '0.5135135135135135', 1: '0.0', 2: '0.0', 3: '1.1299485464621188', 4: 357.7989096613866} 
{0: '0.5100671140939598', 1: '0.0', 2: '0.0', 3: '1.1299485464621188', 4: 356.13205727324384} 
{0: '0.5066666666666667', 1: '0.0', 2: '0.0', 3: '1.1299485464621188', 4: 354.901583131301} 
{0: '0.5099337748344371', 1: '0.0', 2: '0.0', 3: '1.2011244339814315', 4: 361.64536607177376} 
{0: '0.5131578947368421', 1: '0.0', 2: '0.0', 3: '1.2767837176518553', 4: 353.64208881690826} 
{0: '0.5163398692810458', 1: '0.0', 2: '0.0', 3: '1.3572088082974538', 4: 364.30959076987324} 
{0: '0.5194805194805194', 1: '0.0', 2: '0.0', 3: '1.4426999059072143', 4: 360.1278628362712} 
{0: '0.5161290322580645', 1: '0.0', 2: '0.0', 3: '1.4426999059072143', 4: 368.5119686753704} 
{0: '0.5128205128205128', 1: '0.0', 2: '0.0', 3: '1.4426999059072143', 4: 357.65400990601} 
{0: '0.5095541401273885', 1: '0.0', 2: '0.0', 3: '1.4426999059072143', 4: 371.0430434859702} 
{0: '0.5126582278481012', 1: '0.0', 2: '0.0', 3: '1.3572088082974538', 4: 368.0448819708529} 
{0: '0.5157232704402516', 1: '0.0', 2: '0.0', 3: '1.2767837176518553', 4: 355.5477325442398} 
{0: '0.5125', 1: '0.0', 2: '0.0', 3: '1.2767837176518553', 4: 364.78719042504457} 
{0: '0.515527950310559', 1: '0.0', 2: '0.0', 3: '1.3572088082974538', 4: 362.18357491900684} 
{0: '0.5123456790123457', 1: '0.0', 2: '0.0', 3: '1.3572088082974538', 4: 365.3583004264684} 
{0: '0.50920245398773', 1: '0.0', 2: '0.0', 3: '1.3572088082974538', 4: 360.95935381406235} 
{0: '0.5060975609756098', 1: '0.0', 2: '0.0', 3: '1.3572088082974538', 4: 362.97376426955276} 
{0: '0.509090909090909', 1: '0.0', 2: '0.0', 3: '1.2767837176518553', 4: 362.9741748394306} 
{0: '0.5120481927710844', 1: '0.0', 2: '0.0', 3: '1.2011244339814315', 4: 354.35422810977656} 
{0: '0.5089820359281437', 1: '0.0', 2: '0.0', 3: '1.2011244339814315', 4: 352.4669622845205} 
{0: '0.5059523809523809', 1: '0.0', 2: '0.0', 3: '1.2011244339814315', 4: 367.38340974512516} 
{0: '0.5029585798816568', 1: '0.0', 2: '0.0', 3: '1.2011244339814315', 4: 357.73727321868097} 
{0: '0.5058823529411764', 1: '0.0', 2: '0.0', 3: '1.2767837176518553', 4: 359.6706286726986} 
{0: '0.5087719298245614', 1: '0.0', 2: '0.0', 3: '1.3572088082974538', 4: 361.5568268322392} 
{0: '0.5116279069767442', 1: '0.0', 2: '0.0', 3: '1.4426999059072143', 4: 365.17938783781926} 
{0: '0.5086705202312138', 1: '0.0', 2: '0.0', 3: '1.4426999059072143', 4: 361.93919415784745} 
{0: '0.5057471264367817', 1: '0.0', 2: '0.0', 3: '1.4426999059072143', 4: 355.34086486409194} 
{0: '0.5085714285714286', 1: '0.0', 2: '0.0', 3: '1.5335761201812925', 4: 358.77636482637934} 
{0: '0.5056818181818182', 1: '0.0', 2: '0.0', 3: '1.5335761201812925', 4: 364.1047898713537} 
{0: '0.5084745762711864', 1: '0.0', 2: '0.0', 3: '1.4426999059072143', 4: 354.3068853198973} 
{0: '0.5112359550561798', 1: '0.0', 2: '0.0', 3: '1.3572088082974538', 4: 355.1762808770766} 
{0: '0.5139664804469274', 1: '0.0', 2: '0.0', 3: '1.2767837176518553', 4: 363.89430620621084} 
{0: '0.5111111111111111', 1: '0.0', 2: '0.0', 3: '1.2767837176518553', 4: 377.29082584087973} 
{0: '0.5138121546961326', 1: '0.0', 2: '0.0', 3: '1.3572088082974538', 4: 365.12081272256324} 
{0: '0.5164835164835165', 1: '0.0', 2: '0.0', 3: '1.4426999059072143', 4: 357.9738267456308} 
{0: '0.5136612021857924', 1: '0.0', 2: '0.0', 3: '1.4426999059072143', 4: 360.95718247110574} 
{0: '0.5163043478260869', 1: '0.0', 2: '0.0', 3: '1.3572088082974538', 4: 356.9753711827516} 
{0: '0.518918918918919', 1: '0.0', 2: '0.0', 3: '1.2767837176518553', 4: 359.43816092808106} 
{0: '0.521505376344086', 1: '0.0', 2: '0.0', 3: '1.2011244339814315', 4: 358.8633855016723} 
{0: '0.5240641711229946', 1: '0.0', 2: '0.0', 3: '1.1299485464621188', 4: 359.2565926560577} 
{0: '0.5212765957446809', 1: '0.0', 2: '0.0', 3: '1.1299485464621188', 4: 359.5475720569431} 
{0: '0.5238095238095238', 1: '0.0', 2: '0.0', 3: '1.2011244339814315', 4: 359.0859031173561} 
{0: '0.5263157894736842', 1: '0.0', 2: '0.0', 3: '1.2767837176518553', 4: 360.5285823661006} 
{0: '0.5287958115183246', 1: '0.0', 2: '0.0', 3: '1.3572088082974538', 4: 361.94284821632795} 
{0: '0.53125', 1: '0.0', 2: '0.0', 3: '1.4426999059072143', 4: 357.6575446532283} 
{0: '0.5284974093264249', 1: '0.0', 2: '0.0', 3: '1.4426999059072143', 4: 370.5047004476913} 
{0: '0.5309278350515464', 1: '0.0', 2: '0.0', 3: '1.3572088082974538', 4: 364.21851648545584} 
{0: '0.5282051282051282', 1: '0.0', 2: '0.0', 3: '1.3572088082974538', 4: 357.3190440990482} 
{0: '0.5306122448979592', 1: '0.0', 2: '0.0', 3: '1.4426999059072143', 4: 357.249122866435} 
{0: '0.5279187817258884', 1: '0.0', 2: '0.0', 3: '1.4426999059072143', 4: 363.34576726730927} 
{0: '0.5303030303030303', 1: '0.0', 2: '0.0', 3: '1.3572088082974538', 4: 364.1990946384327} 
{0: '0.5326633165829145', 1: '0.0', 2: '0.0', 3: '1.2767837176518553', 4: 353.6401900222905} 
{0: '0.53', 1: '0.0', 2: '0.0', 3: '1.2767837176518553', 4: 357.28000667264047} 
{0: '0.5323383084577115', 1: '0.0', 2: '0.0', 3: '1.3572088082974538', 4: 364.1710544688972} 
{0: '0.5346534653465347', 1: '0.0', 2: '0.0', 3: '1.4426999059072143', 4: 356.91384396820763} 
{0: '0.5369458128078818', 1: '0.0', 2: '0.0', 3: '1.5335761201812925', 4: 356.6226230097521} 
{0: '0.5343137254901961', 1: '0.0', 2: '0.0', 3: '1.5335761201812925', 4: 353.45089580154354} 
{0: '0.5365853658536586', 1: '0.0', 2: '0.0', 3: '1.4426999059072143', 4: 361.5409319859204} 
{0: '0.5388349514563107', 1: '0.0', 2: '0.0', 3: '1.3572088082974538', 4: 360.4988861316357} 
{0: '0.5410628019323671', 1: '0.0', 2: '0.0', 3: '1.2767837176518553', 4: 359.0386665838984} 
{0: '0.5384615384615384', 1: '0.0', 2: '0.0', 3: '1.2767837176518553', 4: 352.6390044698406} 
{0: '0.5358851674641149', 1: '0.0', 2: '0.0', 3: '1.2767837176518553', 4: 358.1170337086635} 
{0: '0.5333333333333333', 1: '0.0', 2: '0.0', 3: '1.2767837176518553', 4: 362.45984625636254} 
{0: '0.5355450236966824', 1: '0.0', 2: '0.0', 3: '1.3572088082974538', 4: 353.984161055074} 
{0: '0.5377358490566038', 1: '0.0', 2: '0.0', 3: '1.4426999059072143', 4: 355.441709936911} 
{0: '0.5352112676056338', 1: '0.0', 2: '0.0', 3: '1.4426999059072143', 4: 358.69688984822386} 
{0: '0.5373831775700935', 1: '0.0', 2: '0.0', 3: '1.3572088082974538', 4: 353.35256804780187} 
{0: '0.5395348837209303', 1: '0.0', 2: '0.0', 3: '1.2767837176518553', 4: 360.14425436291395} 
{0: '0.5370370370370371', 1: '0.0', 2: '0.0', 3: '1.2767837176518553', 4: 361.45335711422024} 
{0: '0.5391705069124424', 1: '0.0', 2: '0.0', 3: '1.3572088082974538', 4: 354.96495070413744} 
{0: '0.5412844036697247', 1: '0.0', 2: '0.0', 3: '1.4426999059072143', 4: 361.38168985044854} 
{0: '0.5388127853881278', 1: '0.0', 2: '0.0', 3: '1.4426999059072143', 4: 366.6360192070622} 
{0: '0.5363636363636364', 1: '0.0', 2: '0.0', 3: '1.4426999059072143', 4: 362.51946468639255} 
{0: '0.5384615384615384', 1: '0.0', 2: '0.0', 3: '1.5335761201812925', 4: 362.9250856729739} 
{0: '0.536036036036036', 1: '0.0', 2: '0.0', 3: '1.5335761201812925', 4: 357.8626515525015} 
{0: '0.5381165919282511', 1: '0.0', 2: '0.0', 3: '1.4426999059072143', 4: 357.53995553921305} 
{0: '0.5357142857142857', 1: '0.0', 2: '0.0', 3: '1.4426999059072143', 4: 358.98449995815594} 
{0: '0.5377777777777778', 1: '0.0', 2: '0.0', 3: '1.5335761201812925', 4: 354.19201053995465} 
{0: '0.5353982300884956', 1: '0.0', 2: '0.0', 3: '1.5335761201812925', 4: 365.114415584642} 
{0: '0.5374449339207048', 1: '0.0', 2: '0.0', 3: '1.4426999059072143', 4: 358.85268953499445} 
{0: '0.5394736842105263', 1: '0.0', 2: '0.0', 3: '1.3572088082974538', 4: 361.91113917773345} 
{0: '0.5414847161572053', 1: '0.0', 2: '0.0', 3: '1.2767837176518553', 4: 361.61464151579486} 
{0: '0.5391304347826087', 1: '0.0', 2: '0.0', 3: '1.2767837176518553', 4: 361.2487789063292} 
{0: '0.5411255411255411', 1: '0.0', 2: '0.0', 3: '1.3572088082974538', 4: 361.8716100030802} 
{0: '0.5431034482758621', 1: '0.0', 2: '0.0', 3: '1.4426999059072143', 4: 363.93484683533165} 
{0: '0.5450643776824035', 1: '0.0', 2: '0.0', 3: '1.5335761201812925', 4: 360.98767410054774} 
{0: '0.5427350427350427', 1: '0.0', 2: '0.0', 3: '1.5335761201812925', 4: 362.6309964627728} 
{0: '0.5446808510638298', 1: '0.0', 2: '0.0', 3: '1.4426999059072143', 4: 355.3672811560152} 
{0: '0.5423728813559322', 1: '0.0', 2: '0.0', 3: '1.4426999059072143', 4: 355.7710428089809} 
{0: '0.540084388185654', 1: '0.0', 2: '0.0', 3: '1.4426999059072143', 4: 362.4448529693859} 
{0: '0.542016806722689', 1: '0.0', 2: '0.0', 3: '1.3572088082974538', 4: 355.03263620768064} 
{0: '0.5439330543933054', 1: '0.0', 2: '0.0', 3: '1.2767837176518553', 4: 359.65955110172604} 
{0: '0.5416666666666666', 1: '0.0', 2: '0.0', 3: '1.2767837176518553', 4: 363.870343527103} 
{0: '0.5435684647302904', 1: '0.0', 2: '0.0', 3: '1.3572088082974538', 4: 363.559597225969} 
{0: '0.5413223140495868', 1: '0.0', 2: '0.0', 3: '1.3572088082974538', 4: 365.5120285574299} 
{0: '0.5432098765432098', 1: '0.0', 2: '0.0', 3: '1.2767837176518553', 4: 362.89545439036914} 
{0: '0.5409836065573771', 1: '0.0', 2: '0.0', 3: '1.2767837176518553', 4: 361.820171042679} 
{0: '0.5428571428571428', 1: '0.0', 2: '0.0', 3: '1.3572088082974538', 4: 360.8311915801744} 
{0: '0.5447154471544715', 1: '0.0', 2: '0.0', 3: '1.4426999059072143', 4: 366.27045823394974} 
{0: '0.5465587044534413', 1: '0.0', 2: '0.0', 3: '1.5335761201812925', 4: 374.21302846531717} 
{0: '0.5483870967741935', 1: '0.0', 2: '0.0', 3: '1.6301766616608926', 4: 359.12586584975713} 
{0: '0.5502008032128514', 1: '0.0', 2: '0.0', 3: '1.7328621078878674', 4: 366.10872844097173} 
{0: '0.548', 1: '0.0', 2: '0.0', 3: '1.7328621078878674', 4: 363.5732991861529} 
{0: '0.549800796812749', 1: '0.0', 2: '0.0', 3: '1.6301766616608926', 4: 353.33677483339056} 
{0: '0.5515873015873016', 1: '0.0', 2: '0.0', 3: '1.5335761201812925', 4: 362.45330202306536} 
{0: '0.549407114624506', 1: '0.0', 2: '0.0', 3: '1.5335761201812925', 4: 354.6143785135964} 
{0: '0.547244094488189', 1: '0.0', 2: '0.0', 3: '1.5335761201812925', 4: 361.93133219515084} 
{0: '0.5490196078431373', 1: '0.0', 2: '0.0', 3: '1.4426999059072143', 4: 364.42811994927746} 
{0: '0.546875', 1: '0.0', 2: '0.0', 3: '1.4426999059072143', 4: 356.83612812804006} 
{0: '0.5486381322957199', 1: '0.0', 2: '0.0', 3: '1.5335761201812925', 4: 368.7441021801733} 
{0: '0.5503875968992248', 1: '0.0', 2: '0.0', 3: '1.6301766616608926', 4: 373.5088032571878} 
{0: '0.5521235521235521', 1: '0.0', 2: '0.0', 3: '1.7328621078878674', 4: 358.5369941744542} 
{0: '0.5538461538461539', 1: '0.0', 2: '0.0', 3: '1.842015749320195', 4: 366.08873235176105} 
{0: '0.5517241379310345', 1: '0.0', 2: '0.0', 3: '1.842015749320195', 4: 368.95845698811604} 
{0: '0.549618320610687', 1: '0.0', 2: '0.0', 3: '1.842015749320195', 4: 369.23892369056693} 
{0: '0.5475285171102662', 1: '0.0', 2: '0.0', 3: '1.842015749320195', 4: 382.0402048461536} 
{0: '0.5492424242424242', 1: '0.0', 2: '0.0', 3: '1.7328621078878674', 4: 359.4188488339488} 
{0: '0.5509433962264151', 1: '0.0', 2: '0.0', 3: '1.6301766616608926', 4: 365.47250815271644} 
{0: '0.5526315789473685', 1: '0.0', 2: '0.0', 3: '1.5335761201812925', 4: 371.5097761243693} 
{0: '0.5543071161048689', 1: '0.0', 2: '0.0', 3: '1.4426999059072143', 4: 360.24718109049496} 
{0: '0.5559701492537313', 1: '0.0', 2: '0.0', 3: '1.3572088082974538', 4: 362.29123764421604} 
{0: '0.5576208178438662', 1: '0.0', 2: '0.0', 3: '1.2767837176518553', 4: 356.47785993779894} 
{0: '0.5592592592592592', 1: '0.0', 2: '0.0', 3: '1.2011244339814315', 4: 353.2783328508076} 
{0: '0.5571955719557196', 1: '0.0', 2: '0.0', 3: '1.2011244339814315', 4: 357.9377822422334} 
{0: '0.5588235294117647', 1: '0.0', 2: '0.0', 3: '1.2767837176518553', 4: 355.03420432935866} 
{0: '0.5604395604395604', 1: '0.0', 2: '0.0', 3: '1.3572088082974538', 4: 359.4930550258732} 
{0: '0.5620437956204379', 1: '0.0', 2: '0.0', 3: '1.4426999059072143', 4: 361.68404849582294} 
{0: '0.5636363636363636', 1: '0.0', 2: '0.0', 3: '1.5335761201812925', 4: 363.64866117000867} 
{0: '0.5615942028985508', 1: '0.0', 2: '0.0', 3: '1.5335761201812925', 4: 370.5444904185975} 
{0: '0.5631768953068592', 1: '0.0', 2: '0.0', 3: '1.4426999059072143', 4: 363.81251436712097} 
{0: '0.564748201438849', 1: '0.0', 2: '0.0', 3: '1.3572088082974538', 4: 369.4078417049052} 
{0: '0.5663082437275986', 1: '0.0', 2: '0.0', 3: '1.2767837176518553', 4: 356.5193339639581} 
{0: '0.5642857142857143', 1: '0.0', 2: '0.0', 3: '1.2767837176518553', 4: 355.2541315450078} 
{0: '0.5658362989323843', 1: '0.0', 2: '0.0', 3: '1.3572088082974538', 4: 360.391729828961} 
{0: '0.5673758865248227', 1: '0.0', 2: '0.0', 3: '1.4426999059072143', 4: 357.405518372813} 
{0: '0.568904593639576', 1: '0.0', 2: '0.0', 3: '1.5335761201812925', 4: 363.89159109447206} 
{0: '0.5704225352112676', 1: '0.0', 2: '0.0', 3: '1.6301766616608926', 4: 363.49518183767157} 
{0: '0.5719298245614035', 1: '0.0', 2: '0.0', 3: '1.7328621078878674', 4: 365.54094314729247} 
{0: '0.5734265734265734', 1: '0.0', 2: '0.0', 3: '1.842015749320195', 4: 365.13399034688507} 
{0: '0.5714285714285714', 1: '0.0', 2: '0.0', 3: '1.842015749320195', 4: 370.5399921200031} 
{0: '0.5729166666666666', 1: '0.0', 2: '0.0', 3: '1.7328621078878674', 4: 375.6276539559073} 
{0: '0.5709342560553633', 1: '0.0', 2: '0.0', 3: '1.7328621078878674', 4: 375.72531894793457} 
{0: '0.5724137931034483', 1: '0.0', 2: '0.0', 3: '1.842015749320195', 4: 363.19929900525966} 
{0: '0.5738831615120275', 1: '0.0', 2: '0.0', 3: '1.958045020027179', 4: 371.3141814912444} 
{0: '0.5753424657534246', 1: '0.0', 2: '0.0', 3: '2.081383018504685', 4: 369.57758163852344} 
{0: '0.5733788395904437', 1: '0.0', 2: '0.0', 3: '2.081383018504685', 4: 358.860723889023} 
{0: '0.5748299319727891', 1: '0.0', 2: '0.0', 3: '1.958045020027179', 4: 358.773760354543} 
{0: '0.576271186440678', 1: '0.0', 2: '0.0', 3: '1.842015749320195', 4: 363.0745040025891} 
{0: '0.5777027027027027', 1: '0.0', 2: '0.0', 3: '1.7328621078878674', 4: 365.52949277669876} 
{0: '0.5791245791245792', 1: '0.0', 2: '0.0', 3: '1.6301766616608926', 4: 354.8203779432572} 
{0: '0.5805369127516778', 1: '0.0', 2: '0.0', 3: '1.5335761201812925', 4: 363.44356691409854} 
{0: '0.5819397993311036', 1: '0.0', 2: '0.0', 3: '1.4426999059072143', 4: 362.73198252982735} 
{0: '0.5833333333333334', 1: '0.0', 2: '0.0', 3: '1.3572088082974538', 4: 366.53552847539254} 
{0: '0.584717607973422', 1: '0.0', 2: '0.0', 3: '1.2767837176518553', 4: 367.2914213701452} 
{0: '0.5827814569536424', 1: '0.0', 2: '0.0', 3: '1.2767837176518553', 4: 360.4722776008998} 
{0: '0.5841584158415841', 1: '0.0', 2: '0.0', 3: '1.3572088082974538', 4: 358.3786886034068} 
{0: '0.5855263157894737', 1: '0.0', 2: '0.0', 3: '1.4426999059072143', 4: 379.02963441948873} 
{0: '0.5868852459016394', 1: '0.0', 2: '0.0', 3: '1.5335761201812925', 4: 351.75963731414583} 
{0: '0.5882352941176471', 1: '0.0', 2: '0.0', 3: '1.6301766616608926', 4: 370.1656824896112} 
{0: '0.5895765472312704', 1: '0.0', 2: '0.0', 3: '1.7328621078878674', 4: 377.9146630144956} 
{0: '0.5876623376623377', 1: '0.0', 2: '0.0', 3: '1.7328621078878674', 4: 361.89750965510206} 
{0: '0.5857605177993528', 1: '0.0', 2: '0.0', 3: '1.7328621078878674', 4: 364.3093156942655} 
{0: '0.5870967741935483', 1: '0.0', 2: '0.0', 3: '1.842015749320195', 4: 373.4556594824362} 
{0: '0.5852090032154341', 1: '0.0', 2: '0.0', 3: '1.842015749320195', 4: 370.5741653709773} 
{0: '0.5865384615384616', 1: '0.0', 2: '0.0', 3: '1.7328621078878674', 4: 371.965355429759} 
{0: '0.5878594249201278', 1: '0.0', 2: '0.0', 3: '1.6301766616608926', 4: 364.7548027616584} 
{0: '0.589171974522293', 1: '0.0', 2: '0.0', 3: '1.5335761201812925', 4: 362.71755477880015} 
{0: '0.5873015873015873', 1: '0.0', 2: '0.0', 3: '1.5335761201812925', 4: 373.5224768225225} 
{0: '0.5886075949367089', 1: '0.0', 2: '0.0', 3: '1.6301766616608926', 4: 374.31516945475437} 
{0: '0.5899053627760252', 1: '0.0', 2: '0.0', 3: '1.7328621078878674', 4: 358.27951833083534} 
{0: '0.5911949685534591', 1: '0.0', 2: '0.0', 3: '1.842015749320195', 4: 376.37417630267703} 
{0: '0.5924764890282131', 1: '0.0', 2: '0.0', 3: '1.958045020027179', 4: 359.80053445991734} 
{0: '0.590625', 1: '0.0', 2: '0.0', 3: '1.958045020027179', 4: 361.3474764984672} 
{0: '0.5919003115264797', 1: '0.0', 2: '0.0', 3: '1.842015749320195', 4: 368.33415262569923} 
{0: '0.593167701863354', 1: '0.0', 2: '0.0', 3: '1.7328621078878674', 4: 378.60601305140455} 
{0: '0.5944272445820433', 1: '0.0', 2: '0.0', 3: '1.6301766616608926', 4: 370.4299332939598} 
{0: '0.595679012345679', 1: '0.0', 2: '0.0', 3: '1.5335761201812925', 4: 360.9091596643641} 
{0: '0.5969230769230769', 1: '0.0', 2: '0.0', 3: '1.4426999059072143', 4: 363.67996828386026} 
{0: '0.5950920245398773', 1: '0.0', 2: '0.0', 3: '1.4426999059072143', 4: 355.8393349712994} 
{0: '0.5963302752293578', 1: '0.0', 2: '0.0', 3: '1.5335761201812925', 4: 356.65565827853703} 
{0: '0.5975609756097561', 1: '0.0', 2: '0.0', 3: '1.6301766616608926', 4: 368.9436487212489} 
{0: '0.5987841945288754', 1: '0.0', 2: '0.0', 3: '1.7328621078878674', 4: 372.30394215937315} 
{0: '0.5969696969696969', 1: '0.0', 2: '0.0', 3: '1.7328621078878674', 4: 372.4425809197329} 
{0: '0.5981873111782477', 1: '0.0', 2: '0.0', 3: '1.6301766616608926', 4: 371.6129210580274} 
{0: '0.5993975903614458', 1: '0.0', 2: '0.0', 3: '1.5335761201812925', 4: 353.1536613753244} 
{0: '0.6006006006006006', 1: '0.0', 2: '0.0', 3: '1.4426999059072143', 4: 357.4165359210498} 
{0: '0.6017964071856288', 1: '0.0', 2: '0.0', 3: '1.3572088082974538', 4: 366.2060715845869} 
{0: '0.6', 1: '0.0', 2: '0.0', 3: '1.3572088082974538', 4: 362.7129955835858} 
{0: '0.6011904761904762', 1: '0.0', 2: '0.0', 3: '1.4426999059072143', 4: 362.68541078119205} 
{0: '0.6023738872403561', 1: '0.0', 2: '0.0', 3: '1.5335761201812925', 4: 370.3863263210158} 
{0: '0.6035502958579881', 1: '0.0', 2: '0.0', 3: '1.6301766616608926', 4: 363.086113982382} 
{0: '0.6047197640117994', 1: '0.0', 2: '0.0', 3: '1.7328621078878674', 4: 361.4925381051196} 
{0: '0.6029411764705882', 1: '0.0', 2: '0.0', 3: '1.7328621078878674', 4: 360.17175267779174} 
{0: '0.6041055718475073', 1: '0.0', 2: '0.0', 3: '1.6301766616608926', 4: 365.2785052244095} 
{0: '0.6052631578947368', 1: '0.0', 2: '0.0', 3: '1.5335761201812925', 4: 365.8231579497633} 
{0: '0.6034985422740525', 1: '0.0', 2: '0.0', 3: '1.5335761201812925', 4: 362.37453139045755} 
{0: '0.6046511627906976', 1: '0.0', 2: '0.0', 3: '1.6301766616608926', 4: 378.75900390870675} 
{0: '0.6057971014492753', 1: '0.0', 2: '0.0', 3: '1.7328621078878674', 4: 363.96982970949216} 
{0: '0.6069364161849711', 1: '0.0', 2: '0.0', 3: '1.842015749320195', 4: 366.9263953432884} 
{0: '0.6080691642651297', 1: '0.0', 2: '0.0', 3: '1.958045020027179', 4: 371.09186739776055} 
{0: '0.6091954022988506', 1: '0.0', 2: '0.0', 3: '2.081383018504685', 4: 378.22878699737066} 
{0: '0.6103151862464183', 1: '0.0', 2: '0.0', 3: '2.212490124287102', 4: 367.952216040507} 
{0: '0.6114285714285714', 1: '0.0', 2: '0.0', 3: '2.351855716390306', 4: 369.5718224401827} 
{0: '0.6096866096866097', 1: '0.0', 2: '0.0', 3: '2.351855716390306', 4: 377.0071656712377} 
{0: '0.6107954545454546', 1: '0.0', 2: '0.0', 3: '2.212490124287102', 4: 373.04330548034744} 
{0: '0.6118980169971672', 1: '0.0', 2: '0.0', 3: '2.081383018504685', 4: 369.94590843499} 
{0: '0.6129943502824858', 1: '0.0', 2: '0.0', 3: '1.958045020027179', 4: 369.9685148012689} 
{0: '0.6140845070422535', 1: '0.0', 2: '0.0', 3: '1.842015749320195', 4: 361.21917209126724} 
{0: '0.6151685393258427', 1: '0.0', 2: '0.0', 3: '1.7328621078878674', 4: 355.4818120822527} 
{0: '0.6162464985994398', 1: '0.0', 2: '0.0', 3: '1.6301766616608926', 4: 361.39245358411284} 
{0: '0.61731843575419', 1: '0.0', 2: '0.0', 3: '1.5335761201812925', 4: 378.5598098173188} 
{0: '0.6155988857938719', 1: '0.0', 2: '0.0', 3: '1.5335761201812925', 4: 358.2504187854803} 
{0: '0.6166666666666667', 1: '0.0', 2: '0.0', 3: '1.6301766616608926', 4: 366.9690946817268} 
{0: '0.6177285318559557', 1: '0.0', 2: '0.0', 3: '1.7328621078878674', 4: 367.41424681772287} 
{0: '0.6160220994475138', 1: '0.0', 2: '0.0', 3: '1.7328621078878674', 4: 365.61771106567176} 
{0: '0.6170798898071626', 1: '0.0', 2: '0.0', 3: '1.6301766616608926', 4: 355.73351306942345} 
{0: '0.6181318681318682', 1: '0.0', 2: '0.0', 3: '1.5335761201812925', 4: 361.72942405323136} 
{0: '0.6191780821917808', 1: '0.0', 2: '0.0', 3: '1.4426999059072143', 4: 357.8999038776352} 
{0: '0.6202185792349727', 1: '0.0', 2: '0.0', 3: '1.3572088082974538', 4: 360.7434481495827} 
{0: '0.6212534059945504', 1: '0.0', 2: '0.0', 3: '1.2767837176518553', 4: 359.86566444075356} 
{0: '0.6222826086956522', 1: '0.0', 2: '0.0', 3: '1.2011244339814315', 4: 352.2651335778635} 
{0: '0.6205962059620597', 1: '0.0', 2: '0.0', 3: '1.2011244339814315', 4: 362.46280645586404} 
{0: '0.6216216216216216', 1: '0.0', 2: '0.0', 3: '1.2767837176518553', 4: 363.2860000837642} 
{0: '0.6226415094339622', 1: '0.0', 2: '0.0', 3: '1.3572088082974538', 4: 363.33807733388153} 
{0: '0.6236559139784946', 1: '0.0', 2: '0.0', 3: '1.4426999059072143', 4: 357.2595580208016} 
{0: '0.6246648793565683', 1: '0.0', 2: '0.0', 3: '1.5335761201812925', 4: 370.33376350544034} 
{0: '0.6256684491978609', 1: '0.0', 2: '0.0', 3: '1.6301766616608926', 4: 372.9910637686263} 
{0: '0.6266666666666667', 1: '0.0', 2: '0.0', 3: '1.7328621078878674', 4: 366.3432447233269} 
{0: '0.6276595744680851', 1: '0.0', 2: '0.0', 3: '1.842015749320195', 4: 374.7299184202502} 
{0: '0.6286472148541115', 1: '0.0', 2: '0.0', 3: '1.958045020027179', 4: 365.3976861021743} 
{0: '0.626984126984127', 1: '0.0', 2: '0.0', 3: '1.958045020027179', 4: 375.1605943325551} 
{0: '0.6279683377308707', 1: '0.0', 2: '0.0', 3: '1.842015749320195', 4: 363.80937637137913} 
{0: '0.6289473684210526', 1: '0.0', 2: '0.0', 3: '1.7328621078878674', 4: 361.2842642186757} 
{0: '0.6299212598425197', 1: '0.0', 2: '0.0', 3: '1.6301766616608926', 4: 370.0975605224027} 
{0: '0.6308900523560209', 1: '0.0', 2: '0.0', 3: '1.5335761201812925', 4: 371.47243031697906} 
{0: '0.6318537859007833', 1: '0.0', 2: '0.0', 3: '1.4426999059072143', 4: 356.07010036269827} 
{0: '0.6328125', 1: '0.0', 2: '0.0', 3: '1.3572088082974538', 4: 369.92829688691387} 
{0: '0.6337662337662338', 1: '0.0', 2: '0.0', 3: '1.2767837176518553', 4: 366.4224246534281} 
{0: '0.6321243523316062', 1: '0.0', 2: '0.0', 3: '1.2767837176518553', 4: 362.87399820663234} 
{0: '0.6330749354005168', 1: '0.0', 2: '0.0', 3: '1.3572088082974538', 4: 359.21971707718956} 
{0: '0.634020618556701', 1: '0.0', 2: '0.0', 3: '1.4426999059072143', 4: 361.19479704641645} 
{0: '0.6349614395886889', 1: '0.0', 2: '0.0', 3: '1.5335761201812925', 4: 360.52469330269156} 
{0: '0.6358974358974359', 1: '0.0', 2: '0.0', 3: '1.6301766616608926', 4: 369.23698324342683} 
{0: '0.6368286445012787', 1: '0.0', 2: '0.0', 3: '1.7328621078878674', 4: 364.5825916019312} 
{0: '0.6377551020408163', 1: '0.0', 2: '0.0', 3: '1.842015749320195', 4: 372.5728793825905} 
{0: '0.638676844783715', 1: '0.0', 2: '0.0', 3: '1.958045020027179', 4: 376.5163710474202} 
{0: '0.6395939086294417', 1: '0.0', 2: '0.0', 3: '2.081383018504685', 4: 363.0002471424823} 
{0: '0.6379746835443038', 1: '0.0', 2: '0.0', 3: '2.081383018504685', 4: 372.48716003609655} 
{0: '0.6388888888888888', 1: '0.0', 2: '0.0', 3: '1.958045020027179', 4: 379.4034556109631} 
{0: '0.6397984886649875', 1: '0.0', 2: '0.0', 3: '1.842015749320195', 4: 373.17131220214173} 
{0: '0.6407035175879398', 1: '0.0', 2: '0.0', 3: '1.7328621078878674', 4: 366.76121415547925} 
{0: '0.6416040100250626', 1: '0.0', 2: '0.0', 3: '1.6301766616608926', 4: 360.5734674978909} 
{0: '0.64', 1: '0.0', 2: '0.0', 3: '1.6301766616608926', 4: 370.32141324109483} 
{0: '0.6408977556109726', 1: '0.0', 2: '0.0', 3: '1.7328621078878674', 4: 375.02827047298683} 
{0: '0.6417910447761194', 1: '0.0', 2: '0.0', 3: '1.842015749320195', 4: 362.59130277442864} 
{0: '0.6426799007444168', 1: '0.0', 2: '0.0', 3: '1.958045020027179', 4: 367.65856727100316} 
{0: '0.6435643564356436', 1: '0.0', 2: '0.0', 3: '2.081383018504685', 4: 362.538725263777} 
{0: '0.6419753086419753', 1: '0.0', 2: '0.0', 3: '2.081383018504685', 4: 367.6825161938731} 
{0: '0.6428571428571429', 1: '0.0', 2: '0.0', 3: '1.958045020027179', 4: 367.45689542134573} 
{0: '0.6437346437346437', 1: '0.0', 2: '0.0', 3: '1.842015749320195', 4: 362.21140338445014} 
{0: '0.6446078431372549', 1: '0.0', 2: '0.0', 3: '1.7328621078878674', 4: 368.5611349561754} 
{0: '0.6454767726161369', 1: '0.0', 2: '0.0', 3: '1.6301766616608926', 4: 361.54905748350427} 
{0: '0.6463414634146342', 1: '0.0', 2: '0.0', 3: '1.5335761201812925', 4: 360.4892945940436} 
{0: '0.6472019464720195', 1: '0.0', 2: '0.0', 3: '1.4426999059072143', 4: 358.5519717673684} 
{0: '0.6480582524271845', 1: '0.0', 2: '0.0', 3: '1.3572088082974538', 4: 368.57508215984285} 
{0: '0.6464891041162227', 1: '0.0', 2: '0.0', 3: '1.3572088082974538', 4: 369.62147500247147} 
{0: '0.6473429951690821', 1: '0.0', 2: '0.0', 3: '1.4426999059072143', 4: 358.118328975924} 
{0: '0.6481927710843374', 1: '0.0', 2: '0.0', 3: '1.5335761201812925', 4: 368.6468973555757} 
{0: '0.6490384615384616', 1: '0.0', 2: '0.0', 3: '1.6301766616608926', 4: 362.86714996175414} 
{0: '0.6474820143884892', 1: '0.0', 2: '0.0', 3: '1.6301766616608926', 4: 364.4278334137319} 
{0: '0.645933014354067', 1: '0.0', 2: '0.0', 3: '1.6301766616608926', 4: 379.28464234330283} 
{0: '0.6467780429594272', 1: '0.0', 2: '0.0', 3: '1.7328621078878674', 4: 374.4980309613292} 
{0: '0.6476190476190476', 1: '0.0', 2: '0.0', 3: '1.842015749320195', 4: 367.43873046127663} 
{0: '0.6484560570071259', 1: '0.0', 2: '0.0', 3: '1.958045020027179', 4: 383.85548382996194} 
{0: '0.6492890995260664', 1: '0.0', 2: '0.0', 3: '2.081383018504685', 4: 379.7329068564179} 
{0: '0.6501182033096927', 1: '0.0', 2: '0.0', 3: '2.212490124287102', 4: 384.19834266787615} 
{0: '0.6509433962264151', 1: '0.0', 2: '0.0', 3: '2.351855716390306', 4: 376.19045275696675} 
{0: '0.6517647058823529', 1: '0.0', 2: '0.0', 3: '2.500000000000003', 4: 389.3486234953015} 
{0: '0.6502347417840375', 1: '0.0', 2: '0.0', 3: '2.500000000000003', 4: 371.59348462512656} 
{0: '0.6510538641686182', 1: '0.0', 2: '0.0', 3: '2.351855716390306', 4: 368.26565129622605} 
{0: '0.6518691588785047', 1: '0.0', 2: '0.0', 3: '2.212490124287102', 4: 370.57474513134855} 
{0: '0.6526806526806527', 1: '0.0', 2: '0.0', 3: '2.081383018504685', 4: 365.0202064800248} 
{0: '0.6534883720930232', 1: '0.0', 2: '0.0', 3: '1.958045020027179', 4: 363.8992312197639} 
{0: '0.654292343387471', 1: '0.0', 2: '0.0', 3: '1.842015749320195', 4: 368.2499712805383} 
{0: '0.6550925925925926', 1: '0.0', 2: '0.0', 3: '1.7328621078878674', 4: 368.09970065795477} 
{0: '0.6558891454965358', 1: '0.0', 2: '0.0', 3: '1.6301766616608926', 4: 370.2827307563528} 
{0: '0.6566820276497696', 1: '0.0', 2: '0.0', 3: '1.5335761201812925', 4: 363.6496400116821} 
{0: '0.6574712643678161', 1: '0.0', 2: '0.0', 3: '1.4426999059072143', 4: 356.6292454264527} 
{0: '0.658256880733945', 1: '0.0', 2: '0.0', 3: '1.3572088082974538', 4: 355.87810761448713} 
{0: '0.6590389016018307', 1: '0.0', 2: '0.0', 3: '1.2767837176518553', 4: 356.49161187244636} 
{0: '0.6575342465753424', 1: '0.0', 2: '0.0', 3: '1.2767837176518553', 4: 353.7073152989876} 
{0: '0.6583143507972665', 1: '0.0', 2: '0.0', 3: '1.3572088082974538', 4: 359.50104022221313} 
{0: '0.6590909090909091', 1: '0.0', 2: '0.0', 3: '1.4426999059072143', 4: 352.60103051146166} 
{0: '0.6598639455782312', 1: '0.0', 2: '0.0', 3: '1.5335761201812925', 4: 362.8078036051672} 
{0: '0.6606334841628959', 1: '0.0', 2: '0.0', 3: '1.6301766616608926', 4: 365.4618035577604} 
{0: '0.6613995485327314', 1: '0.0', 2: '0.0', 3: '1.7328621078878674', 4: 383.61523763392756} 
{0: '0.6621621621621622', 1: '0.0', 2: '0.0', 3: '1.842015749320195', 4: 358.51942894536063} 
{0: '0.6606741573033708', 1: '0.0', 2: '0.0', 3: '1.842015749320195', 4: 357.8256539458832} 
{0: '0.6614349775784754', 1: '0.0', 2: '0.0', 3: '1.7328621078878674', 4: 359.88377195914455} 
{0: '0.6621923937360179', 1: '0.0', 2: '0.0', 3: '1.6301766616608926', 4: 363.0339898323403} 
{0: '0.6629464285714286', 1: '0.0', 2: '0.0', 3: '1.5335761201812925', 4: 363.1398257632644} 
{0: '0.6636971046770601', 1: '0.0', 2: '0.0', 3: '1.4426999059072143', 4: 371.24058739313375} 
{0: '0.6622222222222223', 1: '0.0', 2: '0.0', 3: '1.4426999059072143', 4: 366.75858631430424} 
{0: '0.6629711751662971', 1: '0.0', 2: '0.0', 3: '1.5335761201812925', 4: 367.594532783463} 
{0: '0.6637168141592921', 1: '0.0', 2: '0.0', 3: '1.6301766616608926', 4: 361.54225524873493} 
{0: '0.6644591611479028', 1: '0.0', 2: '0.0', 3: '1.7328621078878674', 4: 365.4935409033216} 
{0: '0.6629955947136564', 1: '0.0', 2: '0.0', 3: '1.7328621078878674', 4: 374.0738811511612} 
{0: '0.6637362637362637', 1: '0.0', 2: '0.0', 3: '1.6301766616608926', 4: 377.8358455244993} 
{0: '0.6644736842105263', 1: '0.0', 2: '0.0', 3: '1.5335761201812925', 4: 362.47033603466315} 
{0: '0.6652078774617067', 1: '0.0', 2: '0.0', 3: '1.4426999059072143', 4: 362.07081119511565} 
{0: '0.6637554585152838', 1: '0.0', 2: '0.0', 3: '1.4426999059072143', 4: 368.78750072336896} 
{0: '0.664488017429194', 1: '0.0', 2: '0.0', 3: '1.5335761201812925', 4: 363.08193663235943} 
{0: '0.6652173913043479', 1: '0.0', 2: '0.0', 3: '1.6301766616608926', 4: 361.31771126270905} 
{0: '0.665943600867679', 1: '0.0', 2: '0.0', 3: '1.7328621078878674', 4: 368.2432966052849} 
{0: '0.6666666666666666', 1: '0.0', 2: '0.0', 3: '1.842015749320195', 4: 366.1404398184978} 
{0: '0.6652267818574514', 1: '0.0', 2: '0.0', 3: '1.842015749320195', 4: 362.13927131815393} 
{0: '0.665948275862069', 1: '0.0', 2: '0.0', 3: '1.7328621078878674', 4: 369.25515711981217} 
{0: '0.6666666666666666', 1: '0.0', 2: '0.0', 3: '1.6301766616608926', 4: 360.9281456711014} 
{0: '0.6673819742489271', 1: '0.0', 2: '0.0', 3: '1.5335761201812925', 4: 370.70240034512983} 
{0: '0.6680942184154176', 1: '0.0', 2: '0.0', 3: '1.4426999059072143', 4: 362.64403561403856} 
{0: '0.6688034188034188', 1: '0.0', 2: '0.0', 3: '1.3572088082974538', 4: 359.5509350150361} 
{0: '0.6673773987206824', 1: '0.0', 2: '0.0', 3: '1.3572088082974538', 4: 360.97222674292203} 
{0: '0.6680851063829787', 1: '0.0', 2: '0.0', 3: '1.4426999059072143', 4: 366.651801232067} 
{0: '0.6687898089171974', 1: '0.0', 2: '0.0', 3: '1.5335761201812925', 4: 362.08808891120503} 
{0: '0.6694915254237288', 1: '0.0', 2: '0.0', 3: '1.6301766616608926', 4: 368.8539091454405} 
{0: '0.6701902748414377', 1: '0.0', 2: '0.0', 3: '1.7328621078878674', 4: 366.4873043624925} 
{0: '0.6708860759493671', 1: '0.0', 2: '0.0', 3: '1.842015749320195', 4: 366.2805840434369} 
{0: '0.671578947368421', 1: '0.0', 2: '0.0', 3: '1.958045020027179', 4: 370.47816173593554} 
{0: '0.6701680672268907', 1: '0.0', 2: '0.0', 3: '1.958045020027179', 4: 358.31193792310665} 
{0: '0.6708595387840671', 1: '0.0', 2: '0.0', 3: '1.842015749320195', 4: 356.1693185385315} 
{0: '0.6715481171548117', 1: '0.0', 2: '0.0', 3: '1.7328621078878674', 4: 357.58133242023655} 
{0: '0.6722338204592901', 1: '0.0', 2: '0.0', 3: '1.6301766616608926', 4: 365.67220719346284} 
{0: '0.6729166666666667', 1: '0.0', 2: '0.0', 3: '1.5335761201812925', 4: 356.3913894778899} 
{0: '0.6735966735966736', 1: '0.0', 2: '0.0', 3: '1.4426999059072143', 4: 370.1228117616372} 
{0: '0.6721991701244814', 1: '0.0', 2: '0.0', 3: '1.4426999059072143', 4: 367.9822855067759} 
{0: '0.6728778467908902', 1: '0.0', 2: '0.0', 3: '1.5335761201812925', 4: 360.25358417685607} 
{0: '0.6735537190082644', 1: '0.0', 2: '0.0', 3: '1.6301766616608926', 4: 358.16595467839824} 
{0: '0.6742268041237114', 1: '0.0', 2: '0.0', 3: '1.7328621078878674', 4: 359.44460755487427} 
{0: '0.6728395061728395', 1: '0.0', 2: '0.0', 3: '1.7328621078878674', 4: 356.7901596154362} 
{0: '0.6735112936344969', 1: '0.0', 2: '0.0', 3: '1.6301766616608926', 4: 359.32461688413616} 
{0: '0.6741803278688525', 1: '0.0', 2: '0.0', 3: '1.5335761201812925', 4: 365.85653405568974} 
{0: '0.6748466257668712', 1: '0.0', 2: '0.0', 3: '1.4426999059072143', 4: 355.07972644911695} 
{0: '0.673469387755102', 1: '0.0', 2: '0.0', 3: '1.4426999059072143', 4: 357.301445586559} 
{0: '0.6741344195519349', 1: '0.0', 2: '0.0', 3: '1.5335761201812925', 4: 366.9978547853956} 
{0: '0.6747967479674797', 1: '0.0', 2: '0.0', 3: '1.6301766616608926', 4: 359.62004858352606} 
{0: '0.6754563894523327', 1: '0.0', 2: '0.0', 3: '1.7328621078878674', 4: 372.8304703259473} 
{0: '0.6761133603238867', 1: '0.0', 2: '0.0', 3: '1.842015749320195', 4: 360.26225003828813} 
{0: '0.6747474747474748', 1: '0.0', 2: '0.0', 3: '1.842015749320195', 4: 358.1145793642828} 
{0: '0.6754032258064516', 1: '0.0', 2: '0.0', 3: '1.7328621078878674', 4: 377.6209797012219} 
{0: '0.6740442655935613', 1: '0.0', 2: '0.0', 3: '1.7328621078878674', 4: 360.41064076744516} 
{0: '0.6746987951807228', 1: '0.0', 2: '0.0', 3: '1.842015749320195', 4: 380.8869678905558} 
{0: '0.6753507014028056', 1: '0.0', 2: '0.0', 3: '1.958045020027179', 4: 368.4647320884843} 
