{'STAT2HEADER': 'STAT2HEADER', 'STAT2HEADER_ENVIRON': 'environ({\'OMPI_MCA_pmix\': \'^s1,s2,cray,isolated\', \'PMIX_MCA_mca_base_component_show_load_errors\': \'1\', \'OMPI_COMMAND\': \'python3\', \'OMPI_ARGV\': \'static_snapshot.py 1 0min\', \'OMPI_MCA_orte_precondition_transports\': \'b41de9c3673a3e2f-f2c9c1e44981c783\', \'LD_LIBRARY_PATH\': \'/salilab/diva1/programs/x86_64linux/numpy-py36-1.19.5/lib:/salilab/diva1/home/libs/x86_64/centos8:/salilab/diva1/home/libs/x86_64:/salilab/diva1/home/imp/main/20240607-af6f9d6a95/lib/release8:/salilab/diva1/programs/x86_64linux/opencv-4.3.0/lib64/rhel:/salilab/diva1/programs/x86_64linux/opencv-4.3.0/lib64:/salilab/diva1/programs/x86_64linux/hdf5-1.10.7/lib:/salilab/diva1/programs/x86_64linux/libtau-py27-1.0.1/lib64:/salilab/diva1/programs/x86_64linux/boost-1.73.0/lib64:/usr/lib64/openmpi/lib:/wynton/group/sali/miha_rozic/Software/imp-develop/build/lib::\', \'IMP_TMP_DIR\': \'/wynton/group/sali/miha_rozic/Software/imp-develop/build/tmp\', \'PE_HOSTFILE\': \'/var/spool/sge/wynton/qb3-id243/active_jobs/707278.1/pe_hostfile\', \'__LMOD_REF_COUNT_PATH\': \'/salilab/diva1/programs/x86_64linux/numpy-py36-1.19.5/bin:1;/salilab/diva1/home/imp/main/20240607-af6f9d6a95/bin/release8:1;/salilab/diva1/programs/x86_64linux/opencv-4.3.0/bin:1;/salilab/diva1/programs/x86_64linux/hdf5-1.10.7/bin:1;/usr/lib64/openmpi/bin:1;/wynton/home/sali/rozicmiha/.local/bin:1;/wynton/home/sali/rozicmiha/bin:1;/wynton/group/sali/miha_rozic/Software/imp-develop/build/bin:1;/wynton/group/sali/miha_rozic/Software/imp-develop/build/module_bin/EMageFit:1;/wynton/group/sali/miha_rozic/Software/imp-develop/build/module_bin/algebra:1;/wynton/group/sali/miha_rozic/Software/imp-develop/build/module_bin/atom:1;/wynton/group/sali/miha_rozic/Software/imp-develop/build/module_bin/benchmark:1;/wynton/group/sali/miha_rozic/Software/imp-develop/build/module_bin/cgal:1;/wynton/group/sali/miha_rozic/Software/imp-develop/build/module_bin/cnmultifit:1;/wynton/group/sali/miha_rozic/Software/imp-develop/build/module_bin/container:1;/wynton/group/sali/miha_rozic/Software/imp-develop/build/module_bin/core:1;/wynton/group/sali/miha_rozic/Software/imp-develop/build/module_bin/display:1;/wynton/group/sali/miha_rozic/Software/imp-develop/build/module_bin/domino:1;/wynton/group/sali/miha_rozic/Software/imp-develop/build/module_bin/em:1;/wynton/group/sali/miha_rozic/Software/imp-develop/build/module_bin/em2d:1;/wynton/group/sali/miha_rozic/Software/imp-develop/build/module_bin/example:1;/wynton/group/sali/miha_rozic/Software/imp-develop/build/module_bin/foxs:1;/wynton/group/sali/miha_rozic/Software/imp-develop/build/module_bin/gsl:1;/wynton/group/sali/miha_rozic/Software/imp-develop/build/module_bin/integrative_docking:1;/wynton/group/sali/miha_rozic/Software/imp-develop/build/module_bin/isd:1;/wynton/group/sali/miha_rozic/Software/imp-develop/build/module_bin/kernel:1;/wynton/group/sali/miha_rozic/Software/imp-develop/build/module_bin/kinematics:1;/wynton/group/sali/miha_rozic/Software/imp-develop/build/module_bin/kmeans:1;/wynton/group/sali/miha_rozic/Software/imp-develop/build/module_bin/misc:1;/wynton/group/sali/miha_rozic/Software/imp-develop/build/module_bin/mmcif:1;/wynton/group/sali/miha_rozic/Software/imp-develop/build/module_bin/modeller:1;/wynton/group/sali/miha_rozic/Software/imp-develop/build/module_bin/mpi:1;/wynton/group/sali/miha_rozic/Software/imp-develop/build/module_bin/multi_state:1;/wynton/group/sali/miha_rozic/Software/imp-develop/build/module_bin/multifit:1;/wynton/group/sali/miha_rozic/Software/imp-develop/build/module_bin/npc:1;/wynton/group/sali/miha_rozic/Software/imp-develop/build/module_bin/npcassembly:1;/wynton/group/sali/miha_rozic/Software/imp-develop/build/module_bin/parallel:1;/wynton/group/sali/miha_rozic/Software/imp-develop/build/module_bin/pepdock:1;/wynton/group/sali/miha_rozic/Software/imp-develop/build/module_bin/pmi:1;/wynton/group/sali/miha_rozic/Software/imp-develop/build/module_bin/rmf:1;/wynton/group/sali/miha_rozic/Software/imp-develop/build/module_bin/rotamer:1;/wynton/group/sali/miha_rozic/Software/imp-develop/build/module_bin/saxs:1;/wynton/group/sali/miha_rozic/Software/imp-develop/build/module_bin/saxs_merge:1;/wynton/group/sali/miha_rozic/Software/imp-develop/build/module_bin/score_functor:1;/wynton/group/sali/miha_rozic/Software/imp-develop/build/module_bin/scratch:1;/wynton/group/sali/miha_rozic/Software/imp-develop/build/module_bin/spb:1;/wynton/group/sali/miha_rozic/Software/imp-develop/build/module_bin/statistics:1;/wynton/group/sali/miha_rozic/Software/imp-develop/build/module_bin/symmetry:1;/wynton/group/sali/miha_rozic/Software/imp-develop/build/module_bin/test:1;/opt/sge/bin:1;/opt/sge/bin/lx-amd64:1;/scratch/707278.1.member.q:1;/usr/local/bin:1;/bin:1;/usr/bin:1;/usr/local/sbin:1;/usr/sbin:1\', \'_ModuleTable002_\': \'fSwKc3RhY2tEZXB0aCA9IDEsCnN0YXR1cyA9ICJhY3RpdmUiLAp1c2VyTmFtZSA9ICJib29zdC8xLjczLjAiLAp3ViA9ICIwMDAwMDAwMDEuMDAwMDAwMDczLip6ZmluYWwiLAp9LApoZGY1ID0gewpmbiA9ICIvc2FsaWxhYi9kaXZhMS9ob21lL21vZHVsZXMvaGRmNS8xLjEwLjciLApmdWxsTmFtZSA9ICJoZGY1LzEuMTAuNyIsCmxvYWRPcmRlciA9IDUsCnByb3BUID0ge30sCnN0YWNrRGVwdGggPSAyLApzdGF0dXMgPSAiYWN0aXZlIiwKdXNlck5hbWUgPSAiaGRmNS8xLjEwLjciLAp3ViA9ICIwMDAwMDAwMDEuMDAwMDAwMDEwLjAwMDAwMDAwNy4qemZpbmFsIiwKfSwKaW1wID0gewpmbiA9ICIvc2FsaWxhYi9kaXZhMS9ob21lL21vZHVsZXMvaW1wLzIuMjEuMCIsCmZ1bGxO\', \'IMP_DIR\': \'/salilab/diva1/home/imp/main/20240607-af6f9d6a95/lib/release8/cmake/IMP\', \'QUEUE\': \'member.q\', \'GOTO_NUM_THREADS\': \'1\', \'MPI_PYTHON3_SITEARCH\': \'/usr/lib64/python3.6/site-packages/openmpi\', \'LANG\': \'en_US.UTF-8\', \'HISTCONTROL\': \'ignoredups\', \'_ModuleTable008_\': \'cyIsCmZ1bGxOYW1lID0gInNhbGktbGlicmFyaWVzIiwKbG9hZE9yZGVyID0gOCwKcHJvcFQgPSB7fSwKc3RhY2tEZXB0aCA9IDEsCnN0YXR1cyA9ICJhY3RpdmUiLAp1c2VyTmFtZSA9ICJzYWxpLWxpYnJhcmllcyIsCndWID0gIk0uKnpmaW5hbCIsCn0sCn0sCm1wYXRoQSA9IHsKIi9zYWxpbGFiL2RpdmExL2hvbWUvbW9kdWxlcyIsICIvZXRjL21vZHVsZWZpbGVzIiwgIi91c3Ivc2hhcmUvbW9kdWxlZmlsZXMiCiwgIi91c3Ivc2hhcmUvbW9kdWxlZmlsZXMvTGludXgiLCAiL3Vzci9zaGFyZS9tb2R1bGVmaWxlcy9Db3JlIiwgIi91c3Ivc2hhcmUvbG1vZC9sbW9kL21vZHVsZWZpbGVzL0NvcmUiLAp9LApzeXN0ZW1CYXNlTVBBVEggPSAiL2V0Yy9tb2R1bGVmaWxlczovdXNy\', \'SGE_O_HOST\': \'dev1\', \'HOSTNAME\': \'qb3-id243.wynton.ucsf.edu\', \'OPENBLAS_NUM_THREADS\': \'1\', \'__LMOD_REF_COUNT_CMAKE_INCLUDE_PATH\': \'/salilab/diva1/programs/x86_64linux/opencv-4.3.0/include/opencv4:1;/salilab/diva1/programs/x86_64linux/hdf5-1.10.7/include:1;/salilab/diva1/programs/x86_64linux/libtau-py27-1.0.1/include:1;/salilab/diva1/programs/x86_64linux/boost-1.73.0/include:1\', \'SGE_RSH_COMMAND\': \'builtin\', \'ENVIRONMENT\': \'BATCH\', \'IMP_DATA\': \'/wynton/group/sali/miha_rozic/Software/imp-develop/build/data\', \'REQUEST\': \'test1\', \'SGE_STDIN_PATH\': \'/dev/null\', \'SGE_CELL\': \'wynton\', \'_ModuleTable007_\': \'MjEuMyIsCndWID0gIjAwMDAwMDAwMC4wMDAwMDAwMjEuMDAwMDAwMDAzLip6ZmluYWwiLAp9LApbInB5dGhvbjMvc2NpcHkiXSA9IHsKZm4gPSAiL3NhbGlsYWIvZGl2YTEvaG9tZS9tb2R1bGVzL3B5dGhvbjMvc2NpcHkvMS4zLjIiLApmdWxsTmFtZSA9ICJweXRob24zL3NjaXB5LzEuMy4yIiwKbG9hZE9yZGVyID0gMTAsCnByb3BUID0ge30sCnN0YWNrRGVwdGggPSAxLApzdGF0dXMgPSAiYWN0aXZlIiwKdXNlck5hbWUgPSAicHl0aG9uMy9zY2lweS8xLjMuMiIsCndWID0gIjAwMDAwMDAwMS4wMDAwMDAwMDMuMDAwMDAwMDAyLip6ZmluYWwiLAp9LApbInNhbGktbGlicmFyaWVzIl0gPSB7CmZuID0gIi9zYWxpbGFiL2RpdmExL2hvbWUvbW9kdWxlcy9zYWxpLWxpYnJhcmll\', \'CMAKE_INCLUDE_PATH\': \'/salilab/diva1/programs/x86_64linux/opencv-4.3.0/include/opencv4:/salilab/diva1/programs/x86_64linux/hdf5-1.10.7/include:/salilab/diva1/programs/x86_64linux/libtau-py27-1.0.1/include:/salilab/diva1/programs/x86_64linux/boost-1.73.0/include\', \'__LMOD_REF_COUNT_LD_LIBRARY_PATH\': \'/salilab/diva1/programs/x86_64linux/numpy-py36-1.19.5/lib:1;/salilab/diva1/home/libs/x86_64/centos8:1;/salilab/diva1/home/libs/x86_64:1;/salilab/diva1/home/imp/main/20240607-af6f9d6a95/lib/release8:1;/salilab/diva1/programs/x86_64linux/opencv-4.3.0/lib64/rhel:1;/salilab/diva1/programs/x86_64linux/opencv-4.3.0/lib64:1;/salilab/diva1/programs/x86_64linux/hdf5-1.10.7/lib:1;/salilab/diva1/programs/x86_64linux/libtau-py27-1.0.1/lib64:1;/salilab/diva1/programs/x86_64linux/boost-1.73.0/lib64:1;/usr/lib64/openmpi/lib:1;/wynton/group/sali/miha_rozic/Software/imp-develop/build/lib:2;:1\', \'__LMOD_REF_COUNT_PKG_CONFIG_PATH\': \'/usr/lib64/openmpi/lib/pkgconfig:1\', \'_ModuleTable004_\': \'aGFyZS9tb2R1bGVmaWxlcy9tcGkvb3Blbm1waS14ODZfNjQiLApmdWxsTmFtZSA9ICJtcGkvb3Blbm1waS14ODZfNjQiLApsb2FkT3JkZXIgPSAyLApwcm9wVCA9IHt9LApzdGFja0RlcHRoID0gMCwKc3RhdHVzID0gImFjdGl2ZSIsCnVzZXJOYW1lID0gIm1waS9vcGVubXBpLXg4Nl82NCIsCndWID0gIipvcGVubXBpLip4LjAwMDAwMDA4Ni4qXy4wMDAwMDAwNjQuKnpmaW5hbCIsCn0sCm9wZW5jdiA9IHsKZm4gPSAiL3NhbGlsYWIvZGl2YTEvaG9tZS9tb2R1bGVzL29wZW5jdi80LjMuMCIsCmZ1bGxOYW1lID0gIm9wZW5jdi80LjMuMCIsCmxvYWRPcmRlciA9IDYsCnByb3BUID0ge30sCnN0YWNrRGVwdGggPSAxLApzdGF0dXMgPSAiYWN0aXZlIiwKdXNlck5hbWUgPSAib3Bl\', \'__LMOD_REF_COUNT_PYTHONPATH\': \'/salilab/diva1/programs/x86_64linux/scikit-py36-0.21.3/lib64/python3.6/site-packages:1;/salilab/diva1/programs/linux/joblib-0.17.0/lib/python3.6/site-packages:1;/salilab/diva1/programs/x86_64linux/scipy-py36-1.3.2/lib64/python3.6/site-packages:1;/salilab/diva1/programs/x86_64linux/numpy-py36-1.19.5/lib64/python3.6/site-packages:1;/salilab/diva1/home/imp/main/20240607-af6f9d6a95/lib/release8:1;/salilab/diva1/programs/x86_64linux/opencv-4.3.0/lib/python3.6/site-packages:1;/wynton/group/sali/miha_rozic/Software/imp-develop/build/lib:2;:1\', \'which_declare\': \'declare -f\', \'NHOSTS\': \'1\', \'SGE_O_WORKDIR\': \'/wynton/group/sali/miha_rozic/Input_information/SNAPSHOTS/central_directory/snapshot1_0min/run47\', \'USER\': \'rozicmiha\', \'SGE_TASK_ID\': \'undefined\', \'__LMOD_REF_COUNT_CMAKE_LIBRARY_PATH\': \'/salilab/diva1/programs/x86_64linux/opencv-4.3.0/lib64:1;/salilab/diva1/programs/x86_64linux/hdf5-1.10.7/lib:1;/salilab/diva1/programs/x86_64linux/libtau-py27-1.0.1/lib64:1;/salilab/diva1/programs/x86_64linux/boost-1.73.0/lib64:1\', \'SGE_TASK_FIRST\': \'undefined\', \'NSLOTS\': \'16\', \'__LMOD_REF_COUNT_MODULEPATH\': \'/salilab/diva1/home/modules:1;/etc/modulefiles:1;/usr/share/modulefiles:1;/usr/share/modulefiles/Linux:1;/usr/share/modulefiles/Core:1;/usr/share/lmod/lmod/modulefiles/Core:1\', \'PWD\': \'/wynton/group/sali/miha_rozic/Input_information/SNAPSHOTS/central_directory/snapshot1_0min/run47\', \'HOME\': \'/wynton/home/sali/rozicmiha\', \'NQUEUES\': \'1\', \'TMP\': \'/scratch/707278.1.member.q\', \'PE\': \'smp\', \'SGE_O_HOME\': \'/wynton/home/sali/rozicmiha\', \'LMOD_VERSION\': \'8.7.32\', \'JOB_NAME\': \'test1\', \'BASH_ENV\': \'/usr/share/lmod/lmod/init/bash\', \'MPI_FORTRAN_MOD_DIR\': \'/usr/lib64/gfortran/modules/openmpi\', \'SGE_TASK_LAST\': \'undefined\', \'MKL_NUM_THREADS\': \'1\', \'MPI_COMPILER\': \'openmpi-x86_64\', \'SGE_ACCOUNT\': \'sge\', \'SGE_ROOT\': \'/opt/sge\', \'MPI_SUFFIX\': \'_openmpi\', \'TMPDIR\': \'/scratch/707278.1.member.q\', \'RESTARTED\': \'0\', \'LMOD_sys\': \'Linux\', \'_ModuleTable001_\': \'X01vZHVsZVRhYmxlXyA9IHsKTVR2ZXJzaW9uID0gMywKY19yZWJ1aWxkVGltZSA9IGZhbHNlLApjX3Nob3J0VGltZSA9IGZhbHNlLApkZXB0aFQgPSB7fSwKZmFtaWx5ID0ge30sCm1UID0gewpTYWxpID0gewpmbiA9ICIvZXRjL21vZHVsZWZpbGVzL1NhbGkubHVhIiwKZnVsbE5hbWUgPSAiU2FsaSIsCmxvYWRPcmRlciA9IDEsCnByb3BUID0ge30sCnN0YWNrRGVwdGggPSAwLApzdGF0dXMgPSAiYWN0aXZlIiwKdXNlck5hbWUgPSAiU2FsaSIsCndWID0gIk0uKnpmaW5hbCIsCn0sCmJvb3N0ID0gewpmbiA9ICIvc2FsaWxhYi9kaXZhMS9ob21lL21vZHVsZXMvYm9vc3QvMS43My4wIiwKZnVsbE5hbWUgPSAiYm9vc3QvMS43My4wIiwKbG9hZE9yZGVyID0gMywKcHJvcFQgPSB7\', \'LOADEDMODULES\': \'Sali:mpi/openmpi-x86_64:boost/1.73.0:libtau/1.0.1:hdf5/1.10.7:opencv/4.3.0:imp/2.21.0:sali-libraries:python3/numpy/1.19.5:python3/scipy/1.3.2:python3/joblib/0.17.0:python3/scikit/0.21.3\', \'SGE_O_PATH\': \'/salilab/diva1/programs/x86_64linux/numpy-py36-1.19.5/bin:/salilab/diva1/home/imp/main/20240607-af6f9d6a95/bin/release8:/salilab/diva1/programs/x86_64linux/opencv-4.3.0/bin:/salilab/diva1/programs/x86_64linux/hdf5-1.10.7/bin:/wynton/home/sali/rozicmiha/.local/bin:/wynton/home/sali/rozicmiha/bin:/wynton/group/sali/miha_rozic/Software/imp-develop/build/bin:/wynton/group/sali/miha_rozic/Software/imp-develop/build/module_bin/EMageFit:/wynton/group/sali/miha_rozic/Software/imp-develop/build/module_bin/algebra:/wynton/group/sali/miha_rozic/Software/imp-develop/build/module_bin/atom:/wynton/group/sali/miha_rozic/Software/imp-develop/build/module_bin/benchmark:/wynton/group/sali/miha_rozic/Software/imp-develop/build/module_bin/cgal:/wynton/group/sali/miha_rozic/Software/imp-develop/build/module_bin/cnmultifit:/wynton/group/sali/miha_rozic/Software/imp-develop/build/module_bin/container:/wynton/group/sali/miha_rozic/Software/imp-develop/build/module_bin/core:/wynton/group/sali/miha_rozic/Software/imp-develop/build/module_bin/display:/wynton/group/sali/miha_rozic/Software/imp-develop/build/module_bin/domino:/wynton/group/sali/miha_rozic/Software/imp-develop/build/module_bin/em:/wynton/group/sali/miha_rozic/Software/imp-develop/build/module_bin/em2d:/wynton/group/sali/miha_rozic/Software/imp-develop/build/module_bin/example:/wynton/group/sali/miha_rozic/Software/imp-develop/build/module_bin/foxs:/wynton/group/sali/miha_rozic/Software/imp-develop/build/module_bin/gsl:/wynton/group/sali/miha_rozic/Software/imp-develop/build/module_bin/integrative_docking:/wynton/group/sali/miha_rozic/Software/imp-develop/build/module_bin/isd:/wynton/group/sali/miha_rozic/Software/imp-develop/build/module_bin/kernel:/wynton/group/sali/miha_rozic/Software/imp-develop/build/module_bin/kinematics:/wynton/group/sali/miha_rozic/Software/imp-develop/build/module_bin/kmeans:/wynton/group/sali/miha_rozic/Software/imp-develop/build/module_bin/misc:/wynton/group/sali/miha_rozic/Software/imp-develop/build/module_bin/mmcif:/wynton/group/sali/miha_rozic/Software/imp-develop/build/module_bin/modeller:/wynton/group/sali/miha_rozic/Software/imp-develop/build/module_bin/mpi:/wynton/group/sali/miha_rozic/Software/imp-develop/build/module_bin/multi_state:/wynton/group/sali/miha_rozic/Software/imp-develop/build/module_bin/multifit:/wynton/group/sali/miha_rozic/Software/imp-develop/build/module_bin/npc:/wynton/group/sali/miha_rozic/Software/imp-develop/build/module_bin/npcassembly:/wynton/group/sali/miha_rozic/Software/imp-develop/build/module_bin/parallel:/wynton/group/sali/miha_rozic/Software/imp-develop/build/module_bin/pepdock:/wynton/group/sali/miha_rozic/Software/imp-develop/build/module_bin/pmi:/wynton/group/sali/miha_rozic/Software/imp-develop/build/module_bin/rmf:/wynton/group/sali/miha_rozic/Software/imp-develop/build/module_bin/rotamer:/wynton/group/sali/miha_rozic/Software/imp-develop/build/module_bin/saxs:/wynton/group/sali/miha_rozic/Software/imp-develop/build/module_bin/saxs_merge:/wynton/group/sali/miha_rozic/Software/imp-develop/build/module_bin/score_functor:/wynton/group/sali/miha_rozic/Software/imp-develop/build/module_bin/scratch:/wynton/group/sali/miha_rozic/Software/imp-develop/build/module_bin/spb:/wynton/group/sali/miha_rozic/Software/imp-develop/build/module_bin/statistics:/wynton/group/sali/miha_rozic/Software/imp-develop/build/module_bin/symmetry:/wynton/group/sali/miha_rozic/Software/imp-develop/build/module_bin/test:/opt/sge/bin:/opt/sge/bin/lx-amd64:/usr/local/bin:/usr/bin:/usr/local/sbin:/usr/sbin\', \'SGE_O_SHELL\': \'/bin/bash\', \'_ModuleTable006_\': \'bWUgPSAicHl0aG9uMy9udW1weS8xLjE5LjUiLApsb2FkT3JkZXIgPSA5LApwcm9wVCA9IHt9LApzdGFja0RlcHRoID0gMiwKc3RhdHVzID0gImFjdGl2ZSIsCnVzZXJOYW1lID0gInB5dGhvbjMvbnVtcHkvMS4xOS41IiwKd1YgPSAiMDAwMDAwMDAxLjAwMDAwMDAxOS4wMDAwMDAwMDUuKnpmaW5hbCIsCn0sClsicHl0aG9uMy9zY2lraXQiXSA9IHsKZm4gPSAiL3NhbGlsYWIvZGl2YTEvaG9tZS9tb2R1bGVzL3B5dGhvbjMvc2Npa2l0LzAuMjEuMyIsCmZ1bGxOYW1lID0gInB5dGhvbjMvc2Npa2l0LzAuMjEuMyIsCmxvYWRPcmRlciA9IDEyLApwcm9wVCA9IHt9LApzdGFja0RlcHRoID0gMCwKc3RhdHVzID0gImFjdGl2ZSIsCnVzZXJOYW1lID0gInB5dGhvbjMvc2Npa2l0LzAu\', \'__LMOD_REF_COUNT_MANPATH\': \':2;/usr/share/man/openmpi-x86_64:1;/opt/sge/man:1;/usr/share/lmod/lmod/share/man:1\', \'MPI_INCLUDE\': \'/usr/include/openmpi-x86_64\', \'_ModuleTable003_\': \'YW1lID0gImltcC8yLjIxLjAiLApsb2FkT3JkZXIgPSA3LApwcm9wVCA9IHt9LApzdGFja0RlcHRoID0gMCwKc3RhdHVzID0gImFjdGl2ZSIsCnVzZXJOYW1lID0gImltcCIsCndWID0gIl4wMDAwMDAwMi4wMDAwMDAwMjEuKnpmaW5hbCIsCn0sCmxpYnRhdSA9IHsKZm4gPSAiL3NhbGlsYWIvZGl2YTEvaG9tZS9tb2R1bGVzL2xpYnRhdS8xLjAuMSIsCmZ1bGxOYW1lID0gImxpYnRhdS8xLjAuMSIsCmxvYWRPcmRlciA9IDQsCnByb3BUID0ge30sCnN0YWNrRGVwdGggPSAxLApzdGF0dXMgPSAiYWN0aXZlIiwKdXNlck5hbWUgPSAibGlidGF1LzEuMC4xIiwKd1YgPSAiMDAwMDAwMDAxLjAwMDAwMDAwMC4wMDAwMDAwMDEuKnpmaW5hbCIsCn0sCm1waSA9IHsKZm4gPSAiL3Vzci9z\', \'LMOD_ROOT\': \'/usr/share/lmod\', \'SYSTEMCTL_SKIP_REDIRECT\': \'\', \'MAIL\': \'/var/spool/mail/rozicmiha\', \'SGE_CWD_PATH\': \'/wynton/group/sali/miha_rozic/Input_information/SNAPSHOTS/central_directory/snapshot1_0min/run47\', \'MPI_HOME\': \'/usr/lib64/openmpi\', \'_ModuleTable009_\': \'L3NoYXJlL21vZHVsZWZpbGVzOi91c3Ivc2hhcmUvbW9kdWxlZmlsZXMvTGludXg6L3Vzci9zaGFyZS9tb2R1bGVmaWxlcy9Db3JlOi91c3Ivc2hhcmUvbG1vZC9sbW9kL21vZHVsZWZpbGVzL0NvcmUiLAp9Cg==\', \'SGE_TASK_STEPSIZE\': \'undefined\', \'SHELL\': \'/bin/bash\', \'TERM\': \'\', \'_ModuleTable_Sz_\': \'9\', \'SGE_JOB_SPOOL_DIR\': \'/var/spool/sge/wynton/qb3-id243/active_jobs/707278.1\', \'JOB_ID\': \'707278\', \'IMP_EXAMPLE_DATA\': \'/wynton/group/sali/miha_rozic/Software/imp-develop/build/doc/examples\', \'R_FUTURE_AVAILABLECORES_FALLBACK\': \'1\', \'JOB_SCRIPT\': \'/var/spool/sge/wynton/qb3-id243/job_scripts/707278\', \'SHLVL\': \'2\', \'SGE_O_LOGNAME\': \'rozicmiha\', \'SGE_O_MAIL\': \'/var/spool/mail/rozicmiha\', \'PYTHONPATH\': \'/salilab/diva1/programs/x86_64linux/scikit-py36-0.21.3/lib64/python3.6/site-packages:/salilab/diva1/programs/linux/joblib-0.17.0/lib/python3.6/site-packages:/salilab/diva1/programs/x86_64linux/scipy-py36-1.3.2/lib64/python3.6/site-packages:/salilab/diva1/programs/x86_64linux/numpy-py36-1.19.5/lib64/python3.6/site-packages:/salilab/diva1/home/imp/main/20240607-af6f9d6a95/lib/release8:/salilab/diva1/programs/x86_64linux/opencv-4.3.0/lib/python3.6/site-packages:/wynton/group/sali/miha_rozic/Software/imp-develop/build/lib::\', \'MANPATH\': \':/usr/share/man/openmpi-x86_64:/opt/sge/man:/usr/share/lmod/lmod/share/man\', \'MODULEPATH\': \'/salilab/diva1/home/modules:/etc/modulefiles:/usr/share/modulefiles:/usr/share/modulefiles/Linux:/usr/share/modulefiles/Core:/usr/share/lmod/lmod/modulefiles/Core\', \'MPI_SYSCONFIG\': \'/etc/openmpi-x86_64\', \'LOGNAME\': \'rozicmiha\', \'SYSTEMCTL_IGNORE_DEPENDENCIES\': \'\', \'MODULEPATH_ROOT\': \'/usr/share/modulefiles\', \'PATH\': \'/salilab/diva1/programs/x86_64linux/numpy-py36-1.19.5/bin:/salilab/diva1/home/imp/main/20240607-af6f9d6a95/bin/release8:/salilab/diva1/programs/x86_64linux/opencv-4.3.0/bin:/salilab/diva1/programs/x86_64linux/hdf5-1.10.7/bin:/usr/lib64/openmpi/bin:/wynton/home/sali/rozicmiha/.local/bin:/wynton/home/sali/rozicmiha/bin:/wynton/group/sali/miha_rozic/Software/imp-develop/build/bin:/wynton/group/sali/miha_rozic/Software/imp-develop/build/module_bin/EMageFit:/wynton/group/sali/miha_rozic/Software/imp-develop/build/module_bin/algebra:/wynton/group/sali/miha_rozic/Software/imp-develop/build/module_bin/atom:/wynton/group/sali/miha_rozic/Software/imp-develop/build/module_bin/benchmark:/wynton/group/sali/miha_rozic/Software/imp-develop/build/module_bin/cgal:/wynton/group/sali/miha_rozic/Software/imp-develop/build/module_bin/cnmultifit:/wynton/group/sali/miha_rozic/Software/imp-develop/build/module_bin/container:/wynton/group/sali/miha_rozic/Software/imp-develop/build/module_bin/core:/wynton/group/sali/miha_rozic/Software/imp-develop/build/module_bin/display:/wynton/group/sali/miha_rozic/Software/imp-develop/build/module_bin/domino:/wynton/group/sali/miha_rozic/Software/imp-develop/build/module_bin/em:/wynton/group/sali/miha_rozic/Software/imp-develop/build/module_bin/em2d:/wynton/group/sali/miha_rozic/Software/imp-develop/build/module_bin/example:/wynton/group/sali/miha_rozic/Software/imp-develop/build/module_bin/foxs:/wynton/group/sali/miha_rozic/Software/imp-develop/build/module_bin/gsl:/wynton/group/sali/miha_rozic/Software/imp-develop/build/module_bin/integrative_docking:/wynton/group/sali/miha_rozic/Software/imp-develop/build/module_bin/isd:/wynton/group/sali/miha_rozic/Software/imp-develop/build/module_bin/kernel:/wynton/group/sali/miha_rozic/Software/imp-develop/build/module_bin/kinematics:/wynton/group/sali/miha_rozic/Software/imp-develop/build/module_bin/kmeans:/wynton/group/sali/miha_rozic/Software/imp-develop/build/module_bin/misc:/wynton/group/sali/miha_rozic/Software/imp-develop/build/module_bin/mmcif:/wynton/group/sali/miha_rozic/Software/imp-develop/build/module_bin/modeller:/wynton/group/sali/miha_rozic/Software/imp-develop/build/module_bin/mpi:/wynton/group/sali/miha_rozic/Software/imp-develop/build/module_bin/multi_state:/wynton/group/sali/miha_rozic/Software/imp-develop/build/module_bin/multifit:/wynton/group/sali/miha_rozic/Software/imp-develop/build/module_bin/npc:/wynton/group/sali/miha_rozic/Software/imp-develop/build/module_bin/npcassembly:/wynton/group/sali/miha_rozic/Software/imp-develop/build/module_bin/parallel:/wynton/group/sali/miha_rozic/Software/imp-develop/build/module_bin/pepdock:/wynton/group/sali/miha_rozic/Software/imp-develop/build/module_bin/pmi:/wynton/group/sali/miha_rozic/Software/imp-develop/build/module_bin/rmf:/wynton/group/sali/miha_rozic/Software/imp-develop/build/module_bin/rotamer:/wynton/group/sali/miha_rozic/Software/imp-develop/build/module_bin/saxs:/wynton/group/sali/miha_rozic/Software/imp-develop/build/module_bin/saxs_merge:/wynton/group/sali/miha_rozic/Software/imp-develop/build/module_bin/score_functor:/wynton/group/sali/miha_rozic/Software/imp-develop/build/module_bin/scratch:/wynton/group/sali/miha_rozic/Software/imp-develop/build/module_bin/spb:/wynton/group/sali/miha_rozic/Software/imp-develop/build/module_bin/statistics:/wynton/group/sali/miha_rozic/Software/imp-develop/build/module_bin/symmetry:/wynton/group/sali/miha_rozic/Software/imp-develop/build/module_bin/test:/opt/sge/bin:/opt/sge/bin/lx-amd64:/scratch/707278.1.member.q:/usr/local/bin:/bin:/usr/bin:/usr/local/sbin:/usr/sbin\', \'MPI_BIN\': \'/usr/lib64/openmpi/bin\', \'SGE_STDERR_PATH\': \'/wynton/group/sali/miha_rozic/Input_information/SNAPSHOTS/central_directory/snapshot1_0min/run47/test1.o707278\', \'_LMFILES_\': \'/etc/modulefiles/Sali.lua:/usr/share/modulefiles/mpi/openmpi-x86_64:/salilab/diva1/home/modules/boost/1.73.0:/salilab/diva1/home/modules/libtau/1.0.1:/salilab/diva1/home/modules/hdf5/1.10.7:/salilab/diva1/home/modules/opencv/4.3.0:/salilab/diva1/home/modules/imp/2.21.0:/salilab/diva1/home/modules/sali-libraries:/salilab/diva1/home/modules/python3/numpy/1.19.5:/salilab/diva1/home/modules/python3/scipy/1.3.2:/salilab/diva1/home/modules/python3/joblib/0.17.0:/salilab/diva1/home/modules/python3/scikit/0.21.3\', \'DEBUGINFOD_URLS\': \'https://debuginfod.centos.org/ \', \'MODULESHOME\': \'/usr/share/lmod/lmod\', \'PKG_CONFIG_PATH\': \'/usr/lib64/openmpi/lib/pkgconfig\', \'LMOD_SETTARG_FULL_SUPPORT\': \'no\', \'HISTSIZE\': \'1000\', \'SGE_ARCH\': \'lx-amd64\', \'LMOD_PKG\': \'/usr/share/lmod/lmod\', \'CMAKE_LIBRARY_PATH\': \'/salilab/diva1/programs/x86_64linux/opencv-4.3.0/lib64:/salilab/diva1/programs/x86_64linux/hdf5-1.10.7/lib:/salilab/diva1/programs/x86_64linux/libtau-py27-1.0.1/lib64:/salilab/diva1/programs/x86_64linux/boost-1.73.0/lib64\', \'ARC\': \'lx-amd64\', \'MPI_LIB\': \'/usr/lib64/openmpi/lib\', \'SGE_BINARY_PATH\': \'/opt/sge/bin/lx-amd64\', \'SGE_STDOUT_PATH\': \'/wynton/group/sali/miha_rozic/Input_information/SNAPSHOTS/central_directory/snapshot1_0min/run47/test1.o707278\', \'_ModuleTable005_\': \'bmN2LzQuMy4wIiwKd1YgPSAiMDAwMDAwMDA0LjAwMDAwMDAwMy4qemZpbmFsIiwKfSwKWyJweXRob24zL2pvYmxpYiJdID0gewpmbiA9ICIvc2FsaWxhYi9kaXZhMS9ob21lL21vZHVsZXMvcHl0aG9uMy9qb2JsaWIvMC4xNy4wIiwKZnVsbE5hbWUgPSAicHl0aG9uMy9qb2JsaWIvMC4xNy4wIiwKbG9hZE9yZGVyID0gMTEsCnByb3BUID0ge30sCnN0YWNrRGVwdGggPSAxLApzdGF0dXMgPSAiYWN0aXZlIiwKdXNlck5hbWUgPSAicHl0aG9uMy9qb2JsaWIiLAp3ViA9ICIwMDAwMDAwMDAuMDAwMDAwMDE3Lip6ZmluYWwiLAp9LApbInB5dGhvbjMvbnVtcHkiXSA9IHsKZm4gPSAiL3NhbGlsYWIvZGl2YTEvaG9tZS9tb2R1bGVzL3B5dGhvbjMvbnVtcHkvMS4xOS41IiwKZnVsbE5h\', \'LMOD_CMD\': \'/usr/share/lmod/lmod/libexec/lmod\', \'REQNAME\': \'test1\', \'IMP_BIN_DIR\': \'/wynton/group/sali/miha_rozic/Software/imp-develop/build/bin\', \'MPI_MAN\': \'/usr/share/man/openmpi-x86_64\', \'LESSOPEN\': \'||/usr/bin/lesspipe.sh %s\', \'OMP_NUM_THREADS\': \'1\', \'SGE_CLUSTER_NAME\': \'wynton_cluster\', \'LMOD_DIR\': \'/usr/share/lmod/lmod/libexec\', \'BASH_FUNC_which%%\': \'() {  ( alias;\\n eval ${which_declare} ) | /usr/bin/which --tty-only --read-alias --read-functions --show-tilde --show-dot $@\\n}\', \'BASH_FUNC_module%%\': \'() {  if [ -z "${LMOD_SH_DBG_ON+x}" ]; then\\n case "$-" in \\n *v*x*)\\n __lmod_sh_dbg=\\\'vx\\\'\\n ;;\\n *v*)\\n __lmod_sh_dbg=\\\'v\\\'\\n ;;\\n *x*)\\n __lmod_sh_dbg=\\\'x\\\'\\n ;;\\n esac;\\n fi;\\n if [ -n "${__lmod_sh_dbg:-}" ]; then\\n set +$__lmod_sh_dbg;\\n echo "Shell debugging temporarily silenced: export LMOD_SH_DBG_ON=1 for Lmod\\\'s output" 1>&2;\\n fi;\\n eval "$($LMOD_CMD shell "$@")" && eval "$(${LMOD_SETTARG_CMD:-:} -s sh)";\\n __lmod_my_status=$?;\\n if [ -n "${__lmod_sh_dbg:-}" ]; then\\n echo "Shell debugging restarted" 1>&2;\\n set -$__lmod_sh_dbg;\\n fi;\\n unset __lmod_sh_dbg;\\n return $__lmod_my_status\\n}\', \'BASH_FUNC_ml%%\': \'() {  eval "$($LMOD_DIR/ml_cmd "$@")"\\n}\', \'_\': \'/usr/lib64/openmpi/bin/mpirun\', \'IPATH_NO_BACKTRACE\': \'1\', \'HFI_NO_BACKTRACE\': \'1\', \'OMPI_MCA_orte_local_daemon_uri\': \'2726625280.0;tcp://172.26.38.243:51033\', \'OMPI_MCA_orte_hnp_uri\': \'2726625280.0;tcp://172.26.38.243:51033\', \'OMPI_MCA_mpi_oversubscribe\': \'0\', \'OMPI_MCA_orte_app_num\': \'0\', \'OMPI_UNIVERSE_SIZE\': \'16\', \'OMPI_MCA_orte_num_nodes\': \'1\', \'OMPI_MCA_shmem_RUNTIME_QUERY_hint\': \'mmap\', \'OMPI_MCA_orte_bound_at_launch\': \'1\', \'OMPI_MCA_ess\': \'^singleton\', \'OMPI_MCA_orte_ess_num_procs\': \'16\', \'OMPI_COMM_WORLD_SIZE\': \'16\', \'OMPI_COMM_WORLD_LOCAL_SIZE\': \'16\', \'OMPI_MCA_orte_tmpdir_base\': \'/scratch/707278.1.member.q\', \'OMPI_MCA_orte_top_session_dir\': \'/scratch/707278.1.member.q/ompi.qb3-id243.11149\', \'OMPI_MCA_orte_jobfam_session_dir\': \'/scratch/707278.1.member.q/ompi.qb3-id243.11149/pid.2018975\', \'OMPI_NUM_APP_CTX\': \'1\', \'OMPI_FIRST_RANKS\': \'0\', \'OMPI_APP_CTX_NUM_PROCS\': \'16\', \'OMPI_MCA_initial_wdir\': \'/wynton/group/sali/miha_rozic/Input_information/SNAPSHOTS/central_directory/snapshot1_0min/run47\', \'OMPI_MCA_orte_launch\': \'1\', \'PMIX_NAMESPACE\': \'2726625281\', \'PMIX_RANK\': \'5\', \'PMIX_SERVER_URI2\': \'2726625280.0;tcp4://127.0.0.1:42095\', \'PMIX_SERVER_URI21\': \'2726625280.0;tcp4://127.0.0.1:42095\', \'PMIX_SECURITY_MODE\': \'native,none\', \'PMIX_PTL_MODULE\': \'tcp,usock\', \'PMIX_BFROP_BUFFER_TYPE\': \'PMIX_BFROP_BUFFER_NON_DESC\', \'PMIX_GDS_MODULE\': \'ds21,ds12,hash\', \'PMIX_SERVER_TMPDIR\': \'/scratch/707278.1.member.q/ompi.qb3-id243.11149/pid.2018975\', \'PMIX_SYSTEM_TMPDIR\': \'/scratch/707278.1.member.q\', \'PMIX_DSTORE_21_BASE_PATH\': \'/scratch/707278.1.member.q/ompi.qb3-id243.11149/pid.2018975/pmix_dstor_ds21_2018975\', \'PMIX_DSTORE_ESH_BASE_PATH\': \'/scratch/707278.1.member.q/ompi.qb3-id243.11149/pid.2018975/pmix_dstor_ds12_2018975\', \'OMPI_MCA_ess_base_jobid\': \'2726625281\', \'OMPI_MCA_ess_base_vpid\': \'5\', \'OMPI_COMM_WORLD_RANK\': \'5\', \'OMPI_COMM_WORLD_LOCAL_RANK\': \'5\', \'OMPI_COMM_WORLD_NODE_RANK\': \'5\', \'OMPI_MCA_orte_ess_node_rank\': \'5\', \'PMIX_ID\': \'2726625281.5\', \'OMPI_FILE_LOCATION\': \'/scratch/707278.1.member.q/ompi.qb3-id243.11149/pid.2018975/0/0\', \'KMP_DUPLICATE_LIB_OK\': \'True\', \'KMP_INIT_AT_FORK\': \'FALSE\'})', 'STAT2HEADER_IMP_VERSIONS': "{'IMP_VERSION': '2.21.0', 'PMI_VERSION': '2.21.0'}", 0: 'ReplicaExchange_SwapSuccessRatio', 1: 'ReplicaExchange_MinTempFrequency', 2: 'ReplicaExchange_MaxTempFrequency', 3: 'ReplicaExchange_CurrentTemp', 4: 'score'} 
{0: '0', 1: '0', 2: '0', 3: '1.3572088082974538', 4: inf} 
{0: '0.0', 1: '0.0', 2: '0.0', 3: '1.3572088082974538', 4: inf} 
{0: '0.0', 1: '0.0', 2: '0.0', 3: '1.3572088082974538', 4: inf} 
{0: '0.0', 1: '0.0', 2: '0.0', 3: '1.3572088082974538', 4: inf} 
{0: '0.0', 1: '0.0', 2: '0.0', 3: '1.3572088082974538', 4: inf} 
{0: '0.0', 1: '0.0', 2: '0.0', 3: '1.3572088082974538', 4: inf} 
{0: '0.0', 1: '0.0', 2: '0.0', 3: '1.3572088082974538', 4: inf} 
{0: '0.0', 1: '0.0', 2: '0.0', 3: '1.3572088082974538', 4: inf} 
{0: '0.0', 1: '0.0', 2: '0.0', 3: '1.3572088082974538', 4: inf} 
{0: '0.0', 1: '0.0', 2: '0.0', 3: '1.3572088082974538', 4: inf} 
{0: '0.0', 1: '0.0', 2: '0.0', 3: '1.3572088082974538', 4: inf} 
{0: '0.0', 1: '0.0', 2: '0.0', 3: '1.3572088082974538', 4: inf} 
{0: '0.0', 1: '0.0', 2: '0.0', 3: '1.3572088082974538', 4: inf} 
{0: '0.0', 1: '0.0', 2: '0.0', 3: '1.3572088082974538', 4: inf} 
{0: '0.0', 1: '0.0', 2: '0.0', 3: '1.3572088082974538', 4: inf} 
{0: '0.0', 1: '0.0', 2: '0.0', 3: '1.3572088082974538', 4: 1727.4453403706736} 
{0: '0.0625', 1: '0.0', 2: '0.0', 3: '1.4426999059072143', 4: 1537.6498820395207} 
{0: '0.11764705882352941', 1: '0.0', 2: '0.0', 3: '1.5335761201812925', 4: 1489.2238650323848} 
{0: '0.16666666666666666', 1: '0.0', 2: '0.0', 3: '1.6301766616608926', 4: 1001.2767918256163} 
{0: '0.21052631578947367', 1: '0.0', 2: '0.0', 3: '1.7328621078878674', 4: 542.2102234676169} 
{0: '0.25', 1: '0.0', 2: '0.0', 3: '1.842015749320195', 4: 396.50497309297975} 
{0: '0.2857142857142857', 1: '0.0', 2: '0.0', 3: '1.958045020027179', 4: 409.4442341878186} 
{0: '0.3181818181818182', 1: '0.0', 2: '0.0', 3: '2.081383018504685', 4: 376.69384017026897} 
{0: '0.34782608695652173', 1: '0.0', 2: '0.0', 3: '2.212490124287102', 4: 375.3379115091303} 
{0: '0.3333333333333333', 1: '0.0', 2: '0.0', 3: '2.212490124287102', 4: 393.9764246435554} 
{0: '0.36', 1: '0.0', 2: '0.0', 3: '2.081383018504685', 4: 387.59057852804006} 
{0: '0.38461538461538464', 1: '0.0', 2: '0.0', 3: '1.958045020027179', 4: 381.9095729974336} 
{0: '0.4074074074074074', 1: '0.0', 2: '0.0', 3: '1.842015749320195', 4: 376.7561654258295} 
{0: '0.42857142857142855', 1: '0.0', 2: '0.0', 3: '1.7328621078878674', 4: 374.91705332476744} 
{0: '0.4482758620689655', 1: '0.0', 2: '0.0', 3: '1.6301766616608926', 4: 369.55778283292386} 
{0: '0.4666666666666667', 1: '0.0', 2: '0.0', 3: '1.5335761201812925', 4: 370.33799025824544} 
{0: '0.4838709677419355', 1: '0.0', 2: '0.0', 3: '1.4426999059072143', 4: 378.0022961664431} 
{0: '0.46875', 1: '0.0', 2: '0.0', 3: '1.4426999059072143', 4: 372.71679132469217} 
{0: '0.48484848484848486', 1: '0.0', 2: '0.0', 3: '1.5335761201812925', 4: 373.357021925302} 
{0: '0.5', 1: '0.0', 2: '0.0', 3: '1.6301766616608926', 4: 375.84329183739834} 
{0: '0.5142857142857142', 1: '0.0', 2: '0.0', 3: '1.7328621078878674', 4: 383.53717186458704} 
{0: '0.5277777777777778', 1: '0.0', 2: '0.0', 3: '1.842015749320195', 4: 372.415538910814} 
{0: '0.5405405405405406', 1: '0.0', 2: '0.0', 3: '1.958045020027179', 4: 379.15270812080166} 
{0: '0.5526315789473685', 1: '0.0', 2: '0.0', 3: '2.081383018504685', 4: 384.58420657299797} 
{0: '0.5641025641025641', 1: '0.0', 2: '0.0', 3: '2.212490124287102', 4: 383.2242713065702} 
{0: '0.55', 1: '0.0', 2: '0.0', 3: '2.212490124287102', 4: 397.7428138050065} 
{0: '0.5609756097560976', 1: '0.0', 2: '0.0', 3: '2.081383018504685', 4: 372.4854340292459} 
{0: '0.5714285714285714', 1: '0.0', 2: '0.0', 3: '1.958045020027179', 4: 372.31515024219806} 
{0: '0.5813953488372093', 1: '0.0', 2: '0.0', 3: '1.842015749320195', 4: 377.20091770227606} 
{0: '0.5909090909090909', 1: '0.0', 2: '0.0', 3: '1.7328621078878674', 4: 374.47109169456434} 
{0: '0.6', 1: '0.0', 2: '0.0', 3: '1.6301766616608926', 4: 383.5899951194502} 
{0: '0.6086956521739131', 1: '0.0', 2: '0.0', 3: '1.5335761201812925', 4: 378.7255912365286} 
{0: '0.5957446808510638', 1: '0.0', 2: '0.0', 3: '1.5335761201812925', 4: 376.19049687297013} 
{0: '0.6041666666666666', 1: '0.0', 2: '0.0', 3: '1.6301766616608926', 4: 373.95667416246295} 
{0: '0.6122448979591837', 1: '0.0', 2: '0.0', 3: '1.7328621078878674', 4: 379.85863224148} 
{0: '0.62', 1: '0.0', 2: '0.0', 3: '1.842015749320195', 4: 380.23429138475296} 
{0: '0.6274509803921569', 1: '0.0', 2: '0.0', 3: '1.958045020027179', 4: 376.0113402438697} 
{0: '0.6346153846153846', 1: '0.0', 2: '0.0', 3: '2.081383018504685', 4: 396.70302786361145} 
{0: '0.6415094339622641', 1: '0.0', 2: '0.0', 3: '2.212490124287102', 4: 376.1177182574981} 
{0: '0.6481481481481481', 1: '0.0', 2: '0.0', 3: '2.351855716390306', 4: 379.51614933508193} 
{0: '0.6363636363636364', 1: '0.0', 2: '0.0', 3: '2.351855716390306', 4: 375.22242789103973} 
{0: '0.6428571428571429', 1: '0.0', 2: '0.0', 3: '2.212490124287102', 4: 376.9744282737525} 
{0: '0.6491228070175439', 1: '0.0', 2: '0.0', 3: '2.081383018504685', 4: 368.01466592346736} 
{0: '0.6551724137931034', 1: '0.0', 2: '0.0', 3: '1.958045020027179', 4: 376.0171144324744} 
{0: '0.6610169491525424', 1: '0.0', 2: '0.0', 3: '1.842015749320195', 4: 375.24021105999594} 
{0: '0.6666666666666666', 1: '0.0', 2: '0.0', 3: '1.7328621078878674', 4: 379.6298522189388} 
{0: '0.6721311475409836', 1: '0.0', 2: '0.0', 3: '1.6301766616608926', 4: 378.22216615684636} 
{0: '0.6612903225806451', 1: '0.0', 2: '0.0', 3: '1.6301766616608926', 4: 373.22216770494737} 
{0: '0.6666666666666666', 1: '0.0', 2: '0.0', 3: '1.7328621078878674', 4: 372.52974215864214} 
{0: '0.671875', 1: '0.0', 2: '0.0', 3: '1.842015749320195', 4: 377.17175576792783} 
{0: '0.676923076923077', 1: '0.0', 2: '0.0', 3: '1.958045020027179', 4: 374.64772378388625} 
{0: '0.6818181818181818', 1: '0.0', 2: '0.0', 3: '2.081383018504685', 4: 371.1578142434049} 
{0: '0.6865671641791045', 1: '0.0', 2: '0.0', 3: '2.212490124287102', 4: 373.2116970035946} 
{0: '0.6764705882352942', 1: '0.0', 2: '0.0', 3: '2.212490124287102', 4: 380.46117136387494} 
{0: '0.6811594202898551', 1: '0.0', 2: '0.0', 3: '2.081383018504685', 4: 377.02734941928895} 
{0: '0.6857142857142857', 1: '0.0', 2: '0.0', 3: '1.958045020027179', 4: 374.34457823580937} 
{0: '0.6901408450704225', 1: '0.0', 2: '0.0', 3: '1.842015749320195', 4: 383.88775101001596} 
{0: '0.6944444444444444', 1: '0.0', 2: '0.0', 3: '1.7328621078878674', 4: 370.6551587433777} 
{0: '0.6986301369863014', 1: '0.0', 2: '0.0', 3: '1.6301766616608926', 4: 374.62348766625513} 
{0: '0.7027027027027027', 1: '0.0', 2: '0.0', 3: '1.5335761201812925', 4: 373.8492613702322} 
{0: '0.6933333333333334', 1: '0.0', 2: '0.0', 3: '1.5335761201812925', 4: 371.0774654556452} 
{0: '0.6973684210526315', 1: '0.0', 2: '0.0', 3: '1.6301766616608926', 4: 376.9224794262469} 
{0: '0.6883116883116883', 1: '0.0', 2: '0.0', 3: '1.6301766616608926', 4: 378.5618388641076} 
{0: '0.6923076923076923', 1: '0.0', 2: '0.0', 3: '1.5335761201812925', 4: 374.11802455653435} 
{0: '0.6962025316455697', 1: '0.0', 2: '0.0', 3: '1.4426999059072143', 4: 379.02542039095067} 
{0: '0.6875', 1: '0.0', 2: '0.0', 3: '1.4426999059072143', 4: 370.17425063469824} 
{0: '0.691358024691358', 1: '0.0', 2: '0.0', 3: '1.5335761201812925', 4: 376.56537147279903} 
{0: '0.6951219512195121', 1: '0.0', 2: '0.0', 3: '1.6301766616608926', 4: 370.8113949688717} 
{0: '0.6987951807228916', 1: '0.0', 2: '0.0', 3: '1.7328621078878674', 4: 373.0888497209082} 
{0: '0.7023809523809523', 1: '0.0', 2: '0.0', 3: '1.842015749320195', 4: 374.37598662357004} 
{0: '0.7058823529411765', 1: '0.0', 2: '0.0', 3: '1.958045020027179', 4: 381.7879615057036} 
{0: '0.7093023255813954', 1: '0.0', 2: '0.0', 3: '2.081383018504685', 4: 383.46001512557126} 
{0: '0.7126436781609196', 1: '0.0', 2: '0.0', 3: '2.212490124287102', 4: 369.81165465542244} 
{0: '0.7045454545454546', 1: '0.0', 2: '0.0', 3: '2.212490124287102', 4: 370.50472081677935} 
{0: '0.7078651685393258', 1: '0.0', 2: '0.0', 3: '2.081383018504685', 4: 387.57706113459164} 
{0: '0.7111111111111111', 1: '0.0', 2: '0.0', 3: '1.958045020027179', 4: 386.03433595909615} 
{0: '0.7142857142857143', 1: '0.0', 2: '0.0', 3: '1.842015749320195', 4: 375.4248417107131} 
{0: '0.717391304347826', 1: '0.0', 2: '0.0', 3: '1.7328621078878674', 4: 372.4969529741312} 
{0: '0.7096774193548387', 1: '0.0', 2: '0.0', 3: '1.7328621078878674', 4: 374.49426273394175} 
{0: '0.7127659574468085', 1: '0.0', 2: '0.0', 3: '1.842015749320195', 4: 375.73339661738095} 
{0: '0.7157894736842105', 1: '0.0', 2: '0.0', 3: '1.958045020027179', 4: 379.7899556739619} 
{0: '0.71875', 1: '0.0', 2: '0.0', 3: '2.081383018504685', 4: 380.75793261864754} 
{0: '0.7216494845360825', 1: '0.0', 2: '0.0', 3: '2.212490124287102', 4: 378.18511277548674} 
{0: '0.7244897959183674', 1: '0.0', 2: '0.0', 3: '2.351855716390306', 4: 381.0696324746709} 
{0: '0.7171717171717171', 1: '0.0', 2: '0.0', 3: '2.351855716390306', 4: 378.3427309945103} 
{0: '0.72', 1: '0.0', 2: '0.0', 3: '2.212490124287102', 4: 391.47807894315827} 
{0: '0.7227722772277227', 1: '0.0', 2: '0.0', 3: '2.081383018504685', 4: 382.0649895821741} 
{0: '0.7254901960784313', 1: '0.0', 2: '0.0', 3: '1.958045020027179', 4: 378.0982124639272} 
{0: '0.7281553398058253', 1: '0.0', 2: '0.0', 3: '1.842015749320195', 4: 385.31935709432076} 
{0: '0.7211538461538461', 1: '0.0', 2: '0.0', 3: '1.842015749320195', 4: 373.8146594678563} 
{0: '0.7238095238095238', 1: '0.0', 2: '0.0', 3: '1.958045020027179', 4: 370.60547240713083} 
{0: '0.7169811320754716', 1: '0.0', 2: '0.0', 3: '1.958045020027179', 4: 375.4557131223805} 
{0: '0.719626168224299', 1: '0.0', 2: '0.0', 3: '1.842015749320195', 4: 373.55208497021295} 
{0: '0.7222222222222222', 1: '0.0', 2: '0.0', 3: '1.7328621078878674', 4: 379.4516093347735} 
{0: '0.7155963302752294', 1: '0.0', 2: '0.0', 3: '1.7328621078878674', 4: 389.4200988448671} 
{0: '0.7181818181818181', 1: '0.0', 2: '0.0', 3: '1.842015749320195', 4: 370.367885024281} 
{0: '0.7207207207207207', 1: '0.0', 2: '0.0', 3: '1.958045020027179', 4: 379.93750008449445} 
{0: '0.7232142857142857', 1: '0.0', 2: '0.0', 3: '2.081383018504685', 4: 373.00587725839483} 
{0: '0.7168141592920354', 1: '0.0', 2: '0.0', 3: '2.081383018504685', 4: 370.017828406695} 
{0: '0.7192982456140351', 1: '0.0', 2: '0.0', 3: '1.958045020027179', 4: 371.48823010366215} 
{0: '0.7130434782608696', 1: '0.0', 2: '0.0', 3: '1.958045020027179', 4: 372.2295616830871} 
{0: '0.7155172413793104', 1: '0.0', 2: '0.0', 3: '2.081383018504685', 4: 379.95714005895053} 
{0: '0.7094017094017094', 1: '0.0', 2: '0.0', 3: '2.081383018504685', 4: 371.3291507641392} 
{0: '0.711864406779661', 1: '0.0', 2: '0.0', 3: '1.958045020027179', 4: 377.2203968773423} 
{0: '0.7142857142857143', 1: '0.0', 2: '0.0', 3: '1.842015749320195', 4: 370.4242832201806} 
{0: '0.7166666666666667', 1: '0.0', 2: '0.0', 3: '1.7328621078878674', 4: 373.1061769032104} 
{0: '0.71900826446281', 1: '0.0', 2: '0.0', 3: '1.6301766616608926', 4: 368.33426105273} 
{0: '0.7131147540983607', 1: '0.0', 2: '0.0', 3: '1.6301766616608926', 4: 371.0756158067225} 
{0: '0.7154471544715447', 1: '0.0', 2: '0.0', 3: '1.7328621078878674', 4: 372.6048030294542} 
{0: '0.717741935483871', 1: '0.0', 2: '0.0', 3: '1.842015749320195', 4: 371.3960163416568} 
{0: '0.712', 1: '0.0', 2: '0.0', 3: '1.842015749320195', 4: 370.3880261554108} 
{0: '0.7142857142857143', 1: '0.0', 2: '0.0', 3: '1.7328621078878674', 4: 372.5651786905343} 
{0: '0.7086614173228346', 1: '0.0', 2: '0.0', 3: '1.7328621078878674', 4: 384.4375007114606} 
{0: '0.7109375', 1: '0.0', 2: '0.0', 3: '1.842015749320195', 4: 376.6762687966725} 
{0: '0.7131782945736435', 1: '0.0', 2: '0.0', 3: '1.958045020027179', 4: 376.3453641047025} 
{0: '0.7153846153846154', 1: '0.0', 2: '0.0', 3: '2.081383018504685', 4: 372.3181690047879} 
{0: '0.7175572519083969', 1: '0.0', 2: '0.0', 3: '2.212490124287102', 4: 379.56408961615955} 
{0: '0.7196969696969697', 1: '0.0', 2: '0.0', 3: '2.351855716390306', 4: 379.60728623916293} 
{0: '0.7218045112781954', 1: '0.0', 2: '0.0', 3: '2.500000000000003', 4: 376.7487754408705} 
{0: '0.7164179104477612', 1: '0.0', 2: '0.0', 3: '2.500000000000003', 4: 370.5324923238291} 
{0: '0.7185185185185186', 1: '0.0', 2: '0.0', 3: '2.351855716390306', 4: 373.03788548129086} 
{0: '0.7205882352941176', 1: '0.0', 2: '0.0', 3: '2.212490124287102', 4: 372.0111654115169} 
{0: '0.7226277372262774', 1: '0.0', 2: '0.0', 3: '2.081383018504685', 4: 379.68187058935314} 
{0: '0.7246376811594203', 1: '0.0', 2: '0.0', 3: '1.958045020027179', 4: 387.2705630850944} 
{0: '0.7266187050359713', 1: '0.0', 2: '0.0', 3: '1.842015749320195', 4: 370.1603672258823} 
{0: '0.7285714285714285', 1: '0.0', 2: '0.0', 3: '1.7328621078878674', 4: 370.94452829617353} 
{0: '0.723404255319149', 1: '0.0', 2: '0.0', 3: '1.7328621078878674', 4: 378.75123101472207} 
{0: '0.7253521126760564', 1: '0.0', 2: '0.0', 3: '1.842015749320195', 4: 375.8548308013369} 
{0: '0.7272727272727273', 1: '0.0', 2: '0.0', 3: '1.958045020027179', 4: 379.7186562921355} 
{0: '0.7222222222222222', 1: '0.0', 2: '0.0', 3: '1.958045020027179', 4: 380.2688748601784} 
{0: '0.7241379310344828', 1: '0.0', 2: '0.0', 3: '1.842015749320195', 4: 376.45696459290633} 
{0: '0.7191780821917808', 1: '0.0', 2: '0.0', 3: '1.842015749320195', 4: 375.10074977551085} 
{0: '0.7210884353741497', 1: '0.0', 2: '0.0', 3: '1.958045020027179', 4: 372.347869430864} 
{0: '0.722972972972973', 1: '0.0', 2: '0.0', 3: '2.081383018504685', 4: 381.17474975287115} 
{0: '0.7248322147651006', 1: '0.0', 2: '0.0', 3: '2.212490124287102', 4: 379.7686467906912} 
{0: '0.7266666666666667', 1: '0.0', 2: '0.0', 3: '2.351855716390306', 4: 382.2400888862865} 
{0: '0.7284768211920529', 1: '0.0', 2: '0.0', 3: '2.500000000000003', 4: 386.6753440326516} 
{0: '0.7236842105263158', 1: '0.0', 2: '0.0', 3: '2.500000000000003', 4: 385.14357161157295} 
{0: '0.7254901960784313', 1: '0.0', 2: '0.0', 3: '2.351855716390306', 4: 396.9967196620502} 
{0: '0.7272727272727273', 1: '0.0', 2: '0.0', 3: '2.212490124287102', 4: 384.34600365096713} 
{0: '0.7290322580645161', 1: '0.0', 2: '0.0', 3: '2.081383018504685', 4: 379.0131584015156} 
{0: '0.7307692307692307', 1: '0.0', 2: '0.0', 3: '1.958045020027179', 4: 379.5018600156881} 
{0: '0.732484076433121', 1: '0.0', 2: '0.0', 3: '1.842015749320195', 4: 381.541799737785} 
{0: '0.7341772151898734', 1: '0.0', 2: '0.0', 3: '1.7328621078878674', 4: 377.5764136504544} 
{0: '0.7358490566037735', 1: '0.0', 2: '0.0', 3: '1.6301766616608926', 4: 374.10599173303484} 
{0: '0.73125', 1: '0.0', 2: '0.0', 3: '1.6301766616608926', 4: 370.309293926731} 
{0: '0.7329192546583851', 1: '0.0', 2: '0.0', 3: '1.7328621078878674', 4: 367.9819420759291} 
{0: '0.7345679012345679', 1: '0.0', 2: '0.0', 3: '1.842015749320195', 4: 371.11661982480274} 
{0: '0.7361963190184049', 1: '0.0', 2: '0.0', 3: '1.958045020027179', 4: 370.77565847600374} 
{0: '0.7378048780487805', 1: '0.0', 2: '0.0', 3: '2.081383018504685', 4: 368.60213033364} 
{0: '0.7333333333333333', 1: '0.0', 2: '0.0', 3: '2.081383018504685', 4: 391.8046690652211} 
{0: '0.7289156626506024', 1: '0.0', 2: '0.0', 3: '2.081383018504685', 4: 374.7702029070601} 
{0: '0.7305389221556886', 1: '0.0', 2: '0.0', 3: '2.212490124287102', 4: 379.81051359864887} 
{0: '0.7321428571428571', 1: '0.0', 2: '0.0', 3: '2.351855716390306', 4: 371.3612415727265} 
{0: '0.7337278106508875', 1: '0.0', 2: '0.0', 3: '2.500000000000003', 4: 392.68099454981} 
{0: '0.7294117647058823', 1: '0.0', 2: '0.0', 3: '2.500000000000003', 4: 381.37757692897753} 
{0: '0.7309941520467836', 1: '0.0', 2: '0.0', 3: '2.351855716390306', 4: 381.9795693669491} 
{0: '0.7325581395348837', 1: '0.0', 2: '0.0', 3: '2.212490124287102', 4: 373.4302614652621} 
{0: '0.7341040462427746', 1: '0.0', 2: '0.0', 3: '2.081383018504685', 4: 375.15849873218923} 
{0: '0.735632183908046', 1: '0.0', 2: '0.0', 3: '1.958045020027179', 4: 377.712562959903} 
{0: '0.7371428571428571', 1: '0.0', 2: '0.0', 3: '1.842015749320195', 4: 375.1921300124249} 
{0: '0.7386363636363636', 1: '0.0', 2: '0.0', 3: '1.7328621078878674', 4: 373.89720532937554} 
{0: '0.7401129943502824', 1: '0.0', 2: '0.0', 3: '1.6301766616608926', 4: 378.3447728104207} 
{0: '0.7359550561797753', 1: '0.0', 2: '0.0', 3: '1.6301766616608926', 4: 380.433491736717} 
{0: '0.7374301675977654', 1: '0.0', 2: '0.0', 3: '1.7328621078878674', 4: 367.0745171144488} 
{0: '0.7388888888888889', 1: '0.0', 2: '0.0', 3: '1.842015749320195', 4: 373.2976633706578} 
{0: '0.7403314917127072', 1: '0.0', 2: '0.0', 3: '1.958045020027179', 4: 381.7534658200264} 
{0: '0.7417582417582418', 1: '0.0', 2: '0.0', 3: '2.081383018504685', 4: 375.033534332106} 
{0: '0.7431693989071039', 1: '0.0', 2: '0.0', 3: '2.212490124287102', 4: 370.51696947366565} 
{0: '0.7391304347826086', 1: '0.0', 2: '0.0', 3: '2.212490124287102', 4: 382.5735159041146} 
{0: '0.7405405405405405', 1: '0.0', 2: '0.0', 3: '2.081383018504685', 4: 384.0766295565962} 
{0: '0.7419354838709677', 1: '0.0', 2: '0.0', 3: '1.958045020027179', 4: 377.5832973760945} 
{0: '0.7433155080213903', 1: '0.0', 2: '0.0', 3: '1.842015749320195', 4: 373.6236781815014} 
{0: '0.7446808510638298', 1: '0.0', 2: '0.0', 3: '1.7328621078878674', 4: 371.65311864033674} 
{0: '0.746031746031746', 1: '0.0', 2: '0.0', 3: '1.6301766616608926', 4: 376.8519841960534} 
{0: '0.7421052631578947', 1: '0.0', 2: '0.0', 3: '1.6301766616608926', 4: 380.31724360342906} 
{0: '0.743455497382199', 1: '0.0', 2: '0.0', 3: '1.7328621078878674', 4: 372.48665647954533} 
{0: '0.7447916666666666', 1: '0.0', 2: '0.0', 3: '1.842015749320195', 4: 369.69788920855234} 
{0: '0.7461139896373057', 1: '0.0', 2: '0.0', 3: '1.958045020027179', 4: 375.4265842519047} 
{0: '0.7474226804123711', 1: '0.0', 2: '0.0', 3: '2.081383018504685', 4: 370.09786136054345} 
{0: '0.7487179487179487', 1: '0.0', 2: '0.0', 3: '2.212490124287102', 4: 376.54529348502973} 
{0: '0.75', 1: '0.0', 2: '0.0', 3: '2.351855716390306', 4: 384.7567667681616} 
{0: '0.751269035532995', 1: '0.0', 2: '0.0', 3: '2.500000000000003', 4: 382.8772961629891} 
{0: '0.7474747474747475', 1: '0.0', 2: '0.0', 3: '2.500000000000003', 4: 373.4191997662351} 
{0: '0.7487437185929648', 1: '0.0', 2: '0.0', 3: '2.351855716390306', 4: 374.4296514272597} 
{0: '0.75', 1: '0.0', 2: '0.0', 3: '2.212490124287102', 4: 379.5492756649969} 
{0: '0.7512437810945274', 1: '0.0', 2: '0.0', 3: '2.081383018504685', 4: 375.5904070582956} 
{0: '0.7524752475247525', 1: '0.0', 2: '0.0', 3: '1.958045020027179', 4: 374.6432144222986} 
{0: '0.7536945812807881', 1: '0.0', 2: '0.0', 3: '1.842015749320195', 4: 384.75636675807954} 
{0: '0.75', 1: '0.0', 2: '0.0', 3: '1.842015749320195', 4: 375.82748544286574} 
{0: '0.751219512195122', 1: '0.0', 2: '0.0', 3: '1.958045020027179', 4: 373.9370869634431} 
{0: '0.7524271844660194', 1: '0.0', 2: '0.0', 3: '2.081383018504685', 4: 385.87593760611645} 
{0: '0.7536231884057971', 1: '0.0', 2: '0.0', 3: '2.212490124287102', 4: 376.95825520910853} 
{0: '0.7548076923076923', 1: '0.0', 2: '0.0', 3: '2.351855716390306', 4: 377.13098751526275} 
{0: '0.7559808612440191', 1: '0.0', 2: '0.0', 3: '2.500000000000003', 4: 373.93847891079264} 
{0: '0.7523809523809524', 1: '0.0', 2: '0.0', 3: '2.500000000000003', 4: 382.9145016554328} 
{0: '0.7535545023696683', 1: '0.0', 2: '0.0', 3: '2.351855716390306', 4: 372.3964503557062} 
{0: '0.7547169811320755', 1: '0.0', 2: '0.0', 3: '2.212490124287102', 4: 375.71995470262993} 
{0: '0.755868544600939', 1: '0.0', 2: '0.0', 3: '2.081383018504685', 4: 376.77309518099577} 
{0: '0.7570093457943925', 1: '0.0', 2: '0.0', 3: '1.958045020027179', 4: 382.4867194637486} 
{0: '0.7581395348837209', 1: '0.0', 2: '0.0', 3: '1.842015749320195', 4: 371.68253089218643} 
{0: '0.7546296296296297', 1: '0.0', 2: '0.0', 3: '1.842015749320195', 4: 373.0802172029304} 
{0: '0.7557603686635944', 1: '0.0', 2: '0.0', 3: '1.958045020027179', 4: 385.4616308316475} 
{0: '0.7522935779816514', 1: '0.0', 2: '0.0', 3: '1.958045020027179', 4: 375.25210050610315} 
{0: '0.7534246575342466', 1: '0.0', 2: '0.0', 3: '1.842015749320195', 4: 369.7148953613169} 
{0: '0.75', 1: '0.0', 2: '0.0', 3: '1.842015749320195', 4: 372.674158580384} 
{0: '0.751131221719457', 1: '0.0', 2: '0.0', 3: '1.958045020027179', 4: 376.8030247458918} 
{0: '0.7522522522522522', 1: '0.0', 2: '0.0', 3: '2.081383018504685', 4: 371.18432896018516} 
{0: '0.7488789237668162', 1: '0.0', 2: '0.0', 3: '2.081383018504685', 4: 369.45925727378483} 
{0: '0.75', 1: '0.0', 2: '0.0', 3: '1.958045020027179', 4: 370.7041862680308} 
{0: '0.7466666666666667', 1: '0.0', 2: '0.0', 3: '1.958045020027179', 4: 376.0036308570098} 
{0: '0.7477876106194691', 1: '0.0', 2: '0.0', 3: '2.081383018504685', 4: 379.22176393885667} 
{0: '0.748898678414097', 1: '0.0', 2: '0.0', 3: '2.212490124287102', 4: 375.4991899543852} 
{0: '0.75', 1: '0.0', 2: '0.0', 3: '2.351855716390306', 4: 378.65023832325846} 
{0: '0.7510917030567685', 1: '0.0', 2: '0.0', 3: '2.500000000000003', 4: 383.62285700147874} 
{0: '0.7478260869565218', 1: '0.0', 2: '0.0', 3: '2.500000000000003', 4: 376.01305557851555} 
{0: '0.7489177489177489', 1: '0.0', 2: '0.0', 3: '2.351855716390306', 4: 373.9104832891035} 
{0: '0.75', 1: '0.0', 2: '0.0', 3: '2.212490124287102', 4: 380.78166003069833} 
{0: '0.7510729613733905', 1: '0.0', 2: '0.0', 3: '2.081383018504685', 4: 373.30875295138884} 
{0: '0.7521367521367521', 1: '0.0', 2: '0.0', 3: '1.958045020027179', 4: 370.25774830004895} 
{0: '0.7531914893617021', 1: '0.0', 2: '0.0', 3: '1.842015749320195', 4: 376.3965974078001} 
{0: '0.75', 1: '0.0', 2: '0.0', 3: '1.842015749320195', 4: 373.13733258614496} 
{0: '0.7468354430379747', 1: '0.0', 2: '0.0', 3: '1.842015749320195', 4: 376.2963503158487} 
{0: '0.7436974789915967', 1: '0.0', 2: '0.0', 3: '1.842015749320195', 4: 384.67239172469465} 
{0: '0.7447698744769874', 1: '0.0', 2: '0.0', 3: '1.958045020027179', 4: 380.49411650339306} 
{0: '0.7458333333333333', 1: '0.0', 2: '0.0', 3: '2.081383018504685', 4: 376.0913905506291} 
{0: '0.7468879668049793', 1: '0.0', 2: '0.0', 3: '2.212490124287102', 4: 376.47037490638746} 
{0: '0.7479338842975206', 1: '0.0', 2: '0.0', 3: '2.351855716390306', 4: 391.78188405856235} 
{0: '0.7489711934156379', 1: '0.0', 2: '0.0', 3: '2.500000000000003', 4: 376.3820259547635} 
{0: '0.7459016393442623', 1: '0.0', 2: '0.0', 3: '2.500000000000003', 4: 372.6166825254861} 
{0: '0.746938775510204', 1: '0.0', 2: '0.0', 3: '2.351855716390306', 4: 376.70486070474175} 
{0: '0.7479674796747967', 1: '0.0', 2: '0.0', 3: '2.212490124287102', 4: 380.70174960420314} 
{0: '0.7489878542510121', 1: '0.0', 2: '0.0', 3: '2.081383018504685', 4: 378.529797060392} 
{0: '0.75', 1: '0.0', 2: '0.0', 3: '1.958045020027179', 4: 376.84189483319585} 
{0: '0.7469879518072289', 1: '0.0', 2: '0.0', 3: '1.958045020027179', 4: 374.07155667350406} 
{0: '0.744', 1: '0.0', 2: '0.0', 3: '1.958045020027179', 4: 379.15472386942605} 
{0: '0.7450199203187251', 1: '0.0', 2: '0.0', 3: '1.842015749320195', 4: 386.2973735200898} 
{0: '0.7420634920634921', 1: '0.0', 2: '0.0', 3: '1.842015749320195', 4: 373.6952112353212} 
{0: '0.7391304347826086', 1: '0.0', 2: '0.0', 3: '1.842015749320195', 4: 380.3268077514491} 
{0: '0.7362204724409449', 1: '0.0', 2: '0.0', 3: '1.842015749320195', 4: 378.0876466522037} 
{0: '0.7333333333333333', 1: '0.0', 2: '0.0', 3: '1.842015749320195', 4: 370.75745281575126} 
{0: '0.73046875', 1: '0.0', 2: '0.0', 3: '1.842015749320195', 4: 385.08040834887515} 
{0: '0.7315175097276264', 1: '0.0', 2: '0.0', 3: '1.958045020027179', 4: 382.5152629930883} 
{0: '0.7325581395348837', 1: '0.0', 2: '0.0', 3: '2.081383018504685', 4: 374.56636873903255} 
{0: '0.7297297297297297', 1: '0.0', 2: '0.0', 3: '2.081383018504685', 4: 371.2108134091411} 
{0: '0.7307692307692307', 1: '0.0', 2: '0.0', 3: '1.958045020027179', 4: 381.2808015853014} 
{0: '0.7318007662835249', 1: '0.0', 2: '0.0', 3: '1.842015749320195', 4: 375.2595647578394} 
{0: '0.732824427480916', 1: '0.0', 2: '0.0', 3: '1.7328621078878674', 4: 372.94632549271836} 
{0: '0.7338403041825095', 1: '0.0', 2: '0.0', 3: '1.6301766616608926', 4: 373.73643012542976} 
{0: '0.7310606060606061', 1: '0.0', 2: '0.0', 3: '1.6301766616608926', 4: 376.89481301657094} 
{0: '0.7320754716981132', 1: '0.0', 2: '0.0', 3: '1.7328621078878674', 4: 377.59113958479327} 
{0: '0.7330827067669173', 1: '0.0', 2: '0.0', 3: '1.842015749320195', 4: 388.18930790957984} 
{0: '0.7340823970037453', 1: '0.0', 2: '0.0', 3: '1.958045020027179', 4: 379.30173460995786} 
{0: '0.7313432835820896', 1: '0.0', 2: '0.0', 3: '1.958045020027179', 4: 376.5473525787638} 
{0: '0.7323420074349443', 1: '0.0', 2: '0.0', 3: '1.842015749320195', 4: 371.60821433410484} 
{0: '0.7296296296296296', 1: '0.0', 2: '0.0', 3: '1.842015749320195', 4: 373.13247213197775} 
{0: '0.7269372693726938', 1: '0.0', 2: '0.0', 3: '1.842015749320195', 4: 369.238485709598} 
{0: '0.7279411764705882', 1: '0.0', 2: '0.0', 3: '1.7328621078878674', 4: 378.9698724557164} 
{0: '0.7252747252747253', 1: '0.0', 2: '0.0', 3: '1.7328621078878674', 4: 369.0114905127582} 
{0: '0.7262773722627737', 1: '0.0', 2: '0.0', 3: '1.842015749320195', 4: 372.8438143718014} 
{0: '0.7272727272727273', 1: '0.0', 2: '0.0', 3: '1.958045020027179', 4: 375.3820454020891} 
{0: '0.7246376811594203', 1: '0.0', 2: '0.0', 3: '1.958045020027179', 4: 376.47287773215527} 
{0: '0.7220216606498195', 1: '0.0', 2: '0.0', 3: '1.958045020027179', 4: 370.4471472748159} 
{0: '0.7194244604316546', 1: '0.0', 2: '0.0', 3: '1.958045020027179', 4: 376.5094510011895} 
{0: '0.7204301075268817', 1: '0.0', 2: '0.0', 3: '1.842015749320195', 4: 374.5984414206345} 
{0: '0.7214285714285714', 1: '0.0', 2: '0.0', 3: '1.7328621078878674', 4: 375.0699199709844} 
{0: '0.7188612099644128', 1: '0.0', 2: '0.0', 3: '1.7328621078878674', 4: 377.7217110835517} 
{0: '0.7198581560283688', 1: '0.0', 2: '0.0', 3: '1.842015749320195', 4: 374.9360870476121} 
{0: '0.7208480565371025', 1: '0.0', 2: '0.0', 3: '1.958045020027179', 4: 369.94101382051736} 
{0: '0.721830985915493', 1: '0.0', 2: '0.0', 3: '2.081383018504685', 4: 378.19277861819586} 
{0: '0.7228070175438597', 1: '0.0', 2: '0.0', 3: '2.212490124287102', 4: 376.89202690420416} 
{0: '0.7237762237762237', 1: '0.0', 2: '0.0', 3: '2.351855716390306', 4: 371.3732458002061} 
{0: '0.7247386759581882', 1: '0.0', 2: '0.0', 3: '2.500000000000003', 4: 394.2201761478286} 
{0: '0.7222222222222222', 1: '0.0', 2: '0.0', 3: '2.500000000000003', 4: 401.5553485613471} 
{0: '0.7197231833910035', 1: '0.0', 2: '0.0', 3: '2.500000000000003', 4: 387.4803948990556} 
{0: '0.7172413793103448', 1: '0.0', 2: '0.0', 3: '2.500000000000003', 4: 369.35401001289773} 
{0: '0.718213058419244', 1: '0.0', 2: '0.0', 3: '2.351855716390306', 4: 379.6948861572684} 
{0: '0.7191780821917808', 1: '0.0', 2: '0.0', 3: '2.212490124287102', 4: 380.91762279189453} 
{0: '0.7201365187713311', 1: '0.0', 2: '0.0', 3: '2.081383018504685', 4: 391.7546705782202} 
{0: '0.7210884353741497', 1: '0.0', 2: '0.0', 3: '1.958045020027179', 4: 388.30137466460593} 
{0: '0.7220338983050848', 1: '0.0', 2: '0.0', 3: '1.842015749320195', 4: 376.3967257373514} 
{0: '0.722972972972973', 1: '0.0', 2: '0.0', 3: '1.7328621078878674', 4: 387.2822818481269} 
{0: '0.7205387205387206', 1: '0.0', 2: '0.0', 3: '1.7328621078878674', 4: 371.6761410705475} 
{0: '0.7214765100671141', 1: '0.0', 2: '0.0', 3: '1.842015749320195', 4: 377.4921630881517} 
{0: '0.7224080267558528', 1: '0.0', 2: '0.0', 3: '1.958045020027179', 4: 385.8163293302435} 
{0: '0.7233333333333334', 1: '0.0', 2: '0.0', 3: '2.081383018504685', 4: 378.48611096590054} 
{0: '0.7242524916943521', 1: '0.0', 2: '0.0', 3: '2.212490124287102', 4: 381.5334796735863} 
{0: '0.7251655629139073', 1: '0.0', 2: '0.0', 3: '2.351855716390306', 4: 368.9122395153456} 
{0: '0.7227722772277227', 1: '0.0', 2: '0.0', 3: '2.351855716390306', 4: 390.5935522848024} 
{0: '0.7236842105263158', 1: '0.0', 2: '0.0', 3: '2.212490124287102', 4: 372.900352704406} 
{0: '0.7245901639344262', 1: '0.0', 2: '0.0', 3: '2.081383018504685', 4: 382.2203378001669} 
{0: '0.7222222222222222', 1: '0.0', 2: '0.0', 3: '2.081383018504685', 4: 378.21039447553903} 
{0: '0.7231270358306189', 1: '0.0', 2: '0.0', 3: '2.212490124287102', 4: 374.3357654758046} 
{0: '0.724025974025974', 1: '0.0', 2: '0.0', 3: '2.351855716390306', 4: 395.0178715060237} 
{0: '0.7249190938511327', 1: '0.0', 2: '0.0', 3: '2.500000000000003', 4: 377.73950166091373} 
{0: '0.7225806451612903', 1: '0.0', 2: '0.0', 3: '2.500000000000003', 4: 381.0222188532249} 
{0: '0.7234726688102894', 1: '0.0', 2: '0.0', 3: '2.351855716390306', 4: 376.2148863644066} 
{0: '0.7243589743589743', 1: '0.0', 2: '0.0', 3: '2.212490124287102', 4: 373.1705182765365} 
{0: '0.7252396166134185', 1: '0.0', 2: '0.0', 3: '2.081383018504685', 4: 379.9521284977392} 
{0: '0.7261146496815286', 1: '0.0', 2: '0.0', 3: '1.958045020027179', 4: 381.1466149954528} 
{0: '0.726984126984127', 1: '0.0', 2: '0.0', 3: '1.842015749320195', 4: 372.08985291857306} 
{0: '0.7278481012658228', 1: '0.0', 2: '0.0', 3: '1.7328621078878674', 4: 378.61777449575663} 
{0: '0.7287066246056783', 1: '0.0', 2: '0.0', 3: '1.6301766616608926', 4: 376.1566645301286} 
{0: '0.7264150943396226', 1: '0.0', 2: '0.0', 3: '1.6301766616608926', 4: 371.21637891711947} 
{0: '0.7272727272727273', 1: '0.0', 2: '0.0', 3: '1.7328621078878674', 4: 370.8079094754153} 
{0: '0.728125', 1: '0.0', 2: '0.0', 3: '1.842015749320195', 4: 369.52022567990434} 
{0: '0.7289719626168224', 1: '0.0', 2: '0.0', 3: '1.958045020027179', 4: 375.59346127816144} 
{0: '0.7298136645962733', 1: '0.0', 2: '0.0', 3: '2.081383018504685', 4: 369.86101188666873} 
{0: '0.7275541795665634', 1: '0.0', 2: '0.0', 3: '2.081383018504685', 4: 383.795735118936} 
{0: '0.7283950617283951', 1: '0.0', 2: '0.0', 3: '1.958045020027179', 4: 376.3503021697125} 
{0: '0.7261538461538461', 1: '0.0', 2: '0.0', 3: '1.958045020027179', 4: 377.3452763708787} 
{0: '0.7269938650306749', 1: '0.0', 2: '0.0', 3: '2.081383018504685', 4: 377.8134236086651} 
{0: '0.72782874617737', 1: '0.0', 2: '0.0', 3: '2.212490124287102', 4: 379.0536456080775} 
{0: '0.7286585365853658', 1: '0.0', 2: '0.0', 3: '2.351855716390306', 4: 380.26902629556184} 
{0: '0.7264437689969605', 1: '0.0', 2: '0.0', 3: '2.351855716390306', 4: 372.8179655831206} 
{0: '0.7272727272727273', 1: '0.0', 2: '0.0', 3: '2.212490124287102', 4: 374.5504523175303} 
{0: '0.7280966767371602', 1: '0.0', 2: '0.0', 3: '2.081383018504685', 4: 376.18183019011036} 
{0: '0.7259036144578314', 1: '0.0', 2: '0.0', 3: '2.081383018504685', 4: 378.3691106873149} 
{0: '0.7267267267267268', 1: '0.0', 2: '0.0', 3: '2.212490124287102', 4: 373.75548468631405} 
{0: '0.7275449101796407', 1: '0.0', 2: '0.0', 3: '2.351855716390306', 4: 376.1965828305155} 
{0: '0.7283582089552239', 1: '0.0', 2: '0.0', 3: '2.500000000000003', 4: 371.5360726169206} 
{0: '0.7261904761904762', 1: '0.0', 2: '0.0', 3: '2.500000000000003', 4: 391.97484712212827} 
{0: '0.7270029673590505', 1: '0.0', 2: '0.0', 3: '2.351855716390306', 4: 382.40399235531197} 
{0: '0.727810650887574', 1: '0.0', 2: '0.0', 3: '2.212490124287102', 4: 374.6663006491838} 
{0: '0.7286135693215339', 1: '0.0', 2: '0.0', 3: '2.081383018504685', 4: 383.0378368669249} 
{0: '0.7264705882352941', 1: '0.0', 2: '0.0', 3: '2.081383018504685', 4: 379.63532954928024} 
{0: '0.7243401759530792', 1: '0.0', 2: '0.0', 3: '2.081383018504685', 4: 375.2404150621357} 
{0: '0.7251461988304093', 1: '0.0', 2: '0.0', 3: '1.958045020027179', 4: 377.3363055566704} 
{0: '0.7259475218658892', 1: '0.0', 2: '0.0', 3: '1.842015749320195', 4: 378.419696940517} 
{0: '0.7267441860465116', 1: '0.0', 2: '0.0', 3: '1.7328621078878674', 4: 382.86974767569916} 
{0: '0.7275362318840579', 1: '0.0', 2: '0.0', 3: '1.6301766616608926', 4: 373.48092273016323} 
{0: '0.7254335260115607', 1: '0.0', 2: '0.0', 3: '1.6301766616608926', 4: 376.02254832381374} 
{0: '0.7262247838616714', 1: '0.0', 2: '0.0', 3: '1.7328621078878674', 4: 375.92928961308917} 
{0: '0.7270114942528736', 1: '0.0', 2: '0.0', 3: '1.842015749320195', 4: 372.33628953269374} 
{0: '0.7277936962750716', 1: '0.0', 2: '0.0', 3: '1.958045020027179', 4: 378.26488495235964} 
{0: '0.7285714285714285', 1: '0.0', 2: '0.0', 3: '2.081383018504685', 4: 370.39560523580343} 
{0: '0.7293447293447294', 1: '0.0', 2: '0.0', 3: '2.212490124287102', 4: 392.5034751088462} 
{0: '0.7301136363636364', 1: '0.0', 2: '0.0', 3: '2.351855716390306', 4: 373.85174437623175} 
{0: '0.7280453257790368', 1: '0.0', 2: '0.0', 3: '2.351855716390306', 4: 386.5923921902951} 
{0: '0.7288135593220338', 1: '0.0', 2: '0.0', 3: '2.212490124287102', 4: 374.72684013229167} 
{0: '0.7295774647887324', 1: '0.0', 2: '0.0', 3: '2.081383018504685', 4: 375.13908167590034} 
{0: '0.7303370786516854', 1: '0.0', 2: '0.0', 3: '1.958045020027179', 4: 369.9463050733081} 
{0: '0.7310924369747899', 1: '0.0', 2: '0.0', 3: '1.842015749320195', 4: 376.30908407531865} 
{0: '0.7318435754189944', 1: '0.0', 2: '0.0', 3: '1.7328621078878674', 4: 376.872416898912} 
{0: '0.7298050139275766', 1: '0.0', 2: '0.0', 3: '1.7328621078878674', 4: 380.7318511704317} 
{0: '0.7305555555555555', 1: '0.0', 2: '0.0', 3: '1.842015749320195', 4: 368.3860824508043} 
{0: '0.7285318559556787', 1: '0.0', 2: '0.0', 3: '1.842015749320195', 4: 377.57780839450106} 
{0: '0.7265193370165746', 1: '0.0', 2: '0.0', 3: '1.842015749320195', 4: 375.49943703560325} 
{0: '0.7272727272727273', 1: '0.0', 2: '0.0', 3: '1.958045020027179', 4: 374.4543130693511} 
{0: '0.7252747252747253', 1: '0.0', 2: '0.0', 3: '1.958045020027179', 4: 380.44921628716617} 
{0: '0.726027397260274', 1: '0.0', 2: '0.0', 3: '1.842015749320195', 4: 381.694098635015} 
{0: '0.7240437158469946', 1: '0.0', 2: '0.0', 3: '1.842015749320195', 4: 375.52412724159524} 
{0: '0.7220708446866485', 1: '0.0', 2: '0.0', 3: '1.842015749320195', 4: 385.5206538814641} 
{0: '0.720108695652174', 1: '0.0', 2: '0.0', 3: '1.842015749320195', 4: 374.0180788844492} 
{0: '0.7208672086720868', 1: '0.0', 2: '0.0', 3: '1.958045020027179', 4: 376.4444476124745} 
{0: '0.7216216216216216', 1: '0.0', 2: '0.0', 3: '2.081383018504685', 4: 375.52599547331016} 
{0: '0.7196765498652291', 1: '0.0', 2: '0.0', 3: '2.081383018504685', 4: 380.25925759520226} 
{0: '0.7204301075268817', 1: '0.0', 2: '0.0', 3: '1.958045020027179', 4: 372.29253769829825} 
{0: '0.7211796246648794', 1: '0.0', 2: '0.0', 3: '1.842015749320195', 4: 369.5812558883857} 
{0: '0.7192513368983957', 1: '0.0', 2: '0.0', 3: '1.842015749320195', 4: 379.3245362009337} 
{0: '0.72', 1: '0.0', 2: '0.0', 3: '1.958045020027179', 4: 367.9874279500588} 
{0: '0.7180851063829787', 1: '0.0', 2: '0.0', 3: '1.958045020027179', 4: 383.7977464722166} 
{0: '0.7188328912466844', 1: '0.0', 2: '0.0', 3: '1.842015749320195', 4: 371.04609793533444} 
{0: '0.716931216931217', 1: '0.0', 2: '0.0', 3: '1.842015749320195', 4: 369.99724576888536} 
{0: '0.7150395778364116', 1: '0.0', 2: '0.0', 3: '1.842015749320195', 4: 373.3857520644364} 
{0: '0.7157894736842105', 1: '0.0', 2: '0.0', 3: '1.7328621078878674', 4: 379.69903645339133} 
{0: '0.7139107611548556', 1: '0.0', 2: '0.0', 3: '1.7328621078878674', 4: 375.88185804175134} 
{0: '0.7146596858638743', 1: '0.0', 2: '0.0', 3: '1.842015749320195', 4: 370.58033478685684} 
{0: '0.7154046997389034', 1: '0.0', 2: '0.0', 3: '1.958045020027179', 4: 372.207929309015} 
{0: '0.7161458333333334', 1: '0.0', 2: '0.0', 3: '2.081383018504685', 4: 371.572331609514} 
{0: '0.7168831168831169', 1: '0.0', 2: '0.0', 3: '2.212490124287102', 4: 370.9918360371328} 
{0: '0.7176165803108808', 1: '0.0', 2: '0.0', 3: '2.351855716390306', 4: 375.23351537546506} 
{0: '0.7183462532299741', 1: '0.0', 2: '0.0', 3: '2.500000000000003', 4: 385.415270607454} 
{0: '0.7164948453608248', 1: '0.0', 2: '0.0', 3: '2.500000000000003', 4: 385.7212080775438} 
{0: '0.7172236503856041', 1: '0.0', 2: '0.0', 3: '2.351855716390306', 4: 376.29490745569075} 
{0: '0.717948717948718', 1: '0.0', 2: '0.0', 3: '2.212490124287102', 4: 374.4602734256782} 
{0: '0.7186700767263428', 1: '0.0', 2: '0.0', 3: '2.081383018504685', 4: 376.4530100312324} 
{0: '0.7193877551020408', 1: '0.0', 2: '0.0', 3: '1.958045020027179', 4: 376.4506965629222} 
{0: '0.7201017811704835', 1: '0.0', 2: '0.0', 3: '1.842015749320195', 4: 385.2335173585262} 
{0: '0.7182741116751269', 1: '0.0', 2: '0.0', 3: '1.842015749320195', 4: 376.0125523743279} 
{0: '0.7189873417721518', 1: '0.0', 2: '0.0', 3: '1.958045020027179', 4: 375.4557744815777} 
{0: '0.7196969696969697', 1: '0.0', 2: '0.0', 3: '2.081383018504685', 4: 379.67708729263995} 
{0: '0.7178841309823678', 1: '0.0', 2: '0.0', 3: '2.081383018504685', 4: 374.05058146838206} 
{0: '0.7185929648241206', 1: '0.0', 2: '0.0', 3: '1.958045020027179', 4: 373.5129163695257} 
{0: '0.7167919799498746', 1: '0.0', 2: '0.0', 3: '1.958045020027179', 4: 373.21815728667536} 
{0: '0.7175', 1: '0.0', 2: '0.0', 3: '2.081383018504685', 4: 379.0241213047225} 
{0: '0.7182044887780549', 1: '0.0', 2: '0.0', 3: '2.212490124287102', 4: 377.55396962413863} 
{0: '0.7164179104477612', 1: '0.0', 2: '0.0', 3: '2.212490124287102', 4: 388.594596804369} 
{0: '0.71712158808933', 1: '0.0', 2: '0.0', 3: '2.081383018504685', 4: 375.3977750214358} 
{0: '0.7153465346534653', 1: '0.0', 2: '0.0', 3: '2.081383018504685', 4: 375.76736559944374} 
{0: '0.7135802469135802', 1: '0.0', 2: '0.0', 3: '2.081383018504685', 4: 381.59582079118263} 
{0: '0.7142857142857143', 1: '0.0', 2: '0.0', 3: '1.958045020027179', 4: 372.2490516898514} 
{0: '0.714987714987715', 1: '0.0', 2: '0.0', 3: '1.842015749320195', 4: 377.8522902635303} 
{0: '0.7156862745098039', 1: '0.0', 2: '0.0', 3: '1.7328621078878674', 4: 372.44359633616597} 
{0: '0.7163814180929096', 1: '0.0', 2: '0.0', 3: '1.6301766616608926', 4: 372.35007837484676} 
{0: '0.7146341463414634', 1: '0.0', 2: '0.0', 3: '1.6301766616608926', 4: 371.2658794053887} 
{0: '0.7153284671532847', 1: '0.0', 2: '0.0', 3: '1.7328621078878674', 4: 374.3201912736672} 
{0: '0.7160194174757282', 1: '0.0', 2: '0.0', 3: '1.842015749320195', 4: 377.65757398590813} 
{0: '0.7167070217917676', 1: '0.0', 2: '0.0', 3: '1.958045020027179', 4: 377.50852019264045} 
{0: '0.717391304347826', 1: '0.0', 2: '0.0', 3: '2.081383018504685', 4: 382.3693762045468} 
{0: '0.7180722891566265', 1: '0.0', 2: '0.0', 3: '2.212490124287102', 4: 388.3056518800952} 
{0: '0.71875', 1: '0.0', 2: '0.0', 3: '2.351855716390306', 4: 379.79138939460756} 
{0: '0.7194244604316546', 1: '0.0', 2: '0.0', 3: '2.500000000000003', 4: 379.4515783817991} 
{0: '0.7177033492822966', 1: '0.0', 2: '0.0', 3: '2.500000000000003', 4: 379.7095067602957} 
{0: '0.7183770883054893', 1: '0.0', 2: '0.0', 3: '2.351855716390306', 4: 393.7774341445662} 
{0: '0.719047619047619', 1: '0.0', 2: '0.0', 3: '2.212490124287102', 4: 383.54597127829226} 
{0: '0.7197149643705463', 1: '0.0', 2: '0.0', 3: '2.081383018504685', 4: 382.7073588640908} 
{0: '0.7203791469194313', 1: '0.0', 2: '0.0', 3: '1.958045020027179', 4: 376.38539112126824} 
{0: '0.7210401891252955', 1: '0.0', 2: '0.0', 3: '1.842015749320195', 4: 373.87292238842105} 
{0: '0.7216981132075472', 1: '0.0', 2: '0.0', 3: '1.7328621078878674', 4: 370.7662042545978} 
{0: '0.7223529411764706', 1: '0.0', 2: '0.0', 3: '1.6301766616608926', 4: 371.9766795496088} 
{0: '0.7206572769953051', 1: '0.0', 2: '0.0', 3: '1.6301766616608926', 4: 373.18024044172057} 
{0: '0.7213114754098361', 1: '0.0', 2: '0.0', 3: '1.7328621078878674', 4: 376.5176538690566} 
{0: '0.7219626168224299', 1: '0.0', 2: '0.0', 3: '1.842015749320195', 4: 371.5754725441653} 
{0: '0.7226107226107226', 1: '0.0', 2: '0.0', 3: '1.958045020027179', 4: 377.93358580189266} 
{0: '0.7232558139534884', 1: '0.0', 2: '0.0', 3: '2.081383018504685', 4: 376.9854599175139} 
{0: '0.7238979118329466', 1: '0.0', 2: '0.0', 3: '2.212490124287102', 4: 376.02141455527743} 
{0: '0.7222222222222222', 1: '0.0', 2: '0.0', 3: '2.212490124287102', 4: 377.41043407669895} 
{0: '0.7228637413394919', 1: '0.0', 2: '0.0', 3: '2.081383018504685', 4: 375.91112671269923} 
{0: '0.7235023041474654', 1: '0.0', 2: '0.0', 3: '1.958045020027179', 4: 372.97286122521524} 
{0: '0.7241379310344828', 1: '0.0', 2: '0.0', 3: '1.842015749320195', 4: 381.48329251722714} 
{0: '0.7247706422018348', 1: '0.0', 2: '0.0', 3: '1.7328621078878674', 4: 374.3924412260973} 
{0: '0.7254004576659039', 1: '0.0', 2: '0.0', 3: '1.6301766616608926', 4: 374.0523736444697} 
{0: '0.723744292237443', 1: '0.0', 2: '0.0', 3: '1.6301766616608926', 4: 384.31356543892457} 
{0: '0.724373576309795', 1: '0.0', 2: '0.0', 3: '1.7328621078878674', 4: 372.4967152093237} 
{0: '0.725', 1: '0.0', 2: '0.0', 3: '1.842015749320195', 4: 383.2452577008319} 
{0: '0.7256235827664399', 1: '0.0', 2: '0.0', 3: '1.958045020027179', 4: 372.49488827432606} 
{0: '0.7262443438914027', 1: '0.0', 2: '0.0', 3: '2.081383018504685', 4: 388.2603152912978} 
{0: '0.7268623024830699', 1: '0.0', 2: '0.0', 3: '2.212490124287102', 4: 372.2021378999138} 
{0: '0.7252252252252253', 1: '0.0', 2: '0.0', 3: '2.212490124287102', 4: 376.39141509486365} 
{0: '0.7258426966292135', 1: '0.0', 2: '0.0', 3: '2.081383018504685', 4: 377.1004240753776} 
{0: '0.726457399103139', 1: '0.0', 2: '0.0', 3: '1.958045020027179', 4: 390.7189232084135} 
{0: '0.727069351230425', 1: '0.0', 2: '0.0', 3: '1.842015749320195', 4: 371.68699191500497} 
{0: '0.7254464285714286', 1: '0.0', 2: '0.0', 3: '1.842015749320195', 4: 374.313521088011} 
{0: '0.7260579064587973', 1: '0.0', 2: '0.0', 3: '1.958045020027179', 4: 375.7536253210087} 
{0: '0.7266666666666667', 1: '0.0', 2: '0.0', 3: '2.081383018504685', 4: 373.33336184917846} 
{0: '0.7272727272727273', 1: '0.0', 2: '0.0', 3: '2.212490124287102', 4: 369.02530957911887} 
{0: '0.7278761061946902', 1: '0.0', 2: '0.0', 3: '2.351855716390306', 4: 379.7435105349665} 
{0: '0.7262693156732892', 1: '0.0', 2: '0.0', 3: '2.351855716390306', 4: 374.28002585344154} 
{0: '0.7268722466960352', 1: '0.0', 2: '0.0', 3: '2.212490124287102', 4: 373.5986954629573} 
{0: '0.7274725274725274', 1: '0.0', 2: '0.0', 3: '2.081383018504685', 4: 380.3015399331352} 
{0: '0.7280701754385965', 1: '0.0', 2: '0.0', 3: '1.958045020027179', 4: 377.3020785162638} 
{0: '0.7286652078774617', 1: '0.0', 2: '0.0', 3: '1.842015749320195', 4: 367.87132528985376} 
{0: '0.7270742358078602', 1: '0.0', 2: '0.0', 3: '1.842015749320195', 4: 374.1988127479889} 
{0: '0.7254901960784313', 1: '0.0', 2: '0.0', 3: '1.842015749320195', 4: 377.36585501606015} 
{0: '0.7239130434782609', 1: '0.0', 2: '0.0', 3: '1.842015749320195', 4: 372.42647016015417} 
{0: '0.7245119305856833', 1: '0.0', 2: '0.0', 3: '1.958045020027179', 4: 371.18576702388646} 
{0: '0.7251082251082251', 1: '0.0', 2: '0.0', 3: '2.081383018504685', 4: 391.0077528288087} 
{0: '0.7257019438444925', 1: '0.0', 2: '0.0', 3: '2.212490124287102', 4: 393.79121546804356} 
{0: '0.7262931034482759', 1: '0.0', 2: '0.0', 3: '2.351855716390306', 4: 387.0035130347923} 
{0: '0.7268817204301076', 1: '0.0', 2: '0.0', 3: '2.500000000000003', 4: 381.96101891631855} 
{0: '0.7253218884120172', 1: '0.0', 2: '0.0', 3: '2.500000000000003', 4: 377.4381334773375} 
{0: '0.7259100642398287', 1: '0.0', 2: '0.0', 3: '2.351855716390306', 4: 385.46672684456036} 
{0: '0.7264957264957265', 1: '0.0', 2: '0.0', 3: '2.212490124287102', 4: 376.7864342567423} 
{0: '0.7270788912579957', 1: '0.0', 2: '0.0', 3: '2.081383018504685', 4: 376.3651077549688} 
{0: '0.7276595744680852', 1: '0.0', 2: '0.0', 3: '1.958045020027179', 4: 382.7648222356129} 
{0: '0.7282377919320594', 1: '0.0', 2: '0.0', 3: '1.842015749320195', 4: 389.6020975622286} 
{0: '0.7266949152542372', 1: '0.0', 2: '0.0', 3: '1.842015749320195', 4: 381.00761940246457} 
{0: '0.7251585623678647', 1: '0.0', 2: '0.0', 3: '1.842015749320195', 4: 373.84022521995615} 
{0: '0.7257383966244726', 1: '0.0', 2: '0.0', 3: '1.7328621078878674', 4: 377.25809827056986} 
{0: '0.7263157894736842', 1: '0.0', 2: '0.0', 3: '1.6301766616608926', 4: 371.0447197351706} 
{0: '0.7247899159663865', 1: '0.0', 2: '0.0', 3: '1.6301766616608926', 4: 375.0353284346848} 
{0: '0.7253668763102725', 1: '0.0', 2: '0.0', 3: '1.7328621078878674', 4: 374.8390274800309} 
{0: '0.7259414225941423', 1: '0.0', 2: '0.0', 3: '1.842015749320195', 4: 373.20554717653766} 
{0: '0.7244258872651357', 1: '0.0', 2: '0.0', 3: '1.842015749320195', 4: 394.3975360693338} 
{0: '0.7229166666666667', 1: '0.0', 2: '0.0', 3: '1.842015749320195', 4: 374.64675983589325} 
{0: '0.7234927234927235', 1: '0.0', 2: '0.0', 3: '1.958045020027179', 4: 374.3775178280018} 
{0: '0.7219917012448133', 1: '0.0', 2: '0.0', 3: '1.958045020027179', 4: 374.22575208786805} 
{0: '0.722567287784679', 1: '0.0', 2: '0.0', 3: '1.842015749320195', 4: 376.35212289582023} 
{0: '0.7231404958677686', 1: '0.0', 2: '0.0', 3: '1.7328621078878674', 4: 369.61029517710836} 
{0: '0.7237113402061855', 1: '0.0', 2: '0.0', 3: '1.6301766616608926', 4: 375.3930655611801} 
{0: '0.7222222222222222', 1: '0.0', 2: '0.0', 3: '1.6301766616608926', 4: 374.7634915310252} 
{0: '0.7227926078028748', 1: '0.0', 2: '0.0', 3: '1.7328621078878674', 4: 370.7580888022568} 
{0: '0.7233606557377049', 1: '0.0', 2: '0.0', 3: '1.842015749320195', 4: 371.02337370182545} 
{0: '0.7239263803680982', 1: '0.0', 2: '0.0', 3: '1.958045020027179', 4: 371.65227944161114} 
{0: '0.7244897959183674', 1: '0.0', 2: '0.0', 3: '2.081383018504685', 4: 374.2302955160146} 
{0: '0.7230142566191446', 1: '0.0', 2: '0.0', 3: '2.081383018504685', 4: 386.0500730467155} 
{0: '0.7235772357723578', 1: '0.0', 2: '0.0', 3: '1.958045020027179', 4: 371.12856376644794} 
{0: '0.7241379310344828', 1: '0.0', 2: '0.0', 3: '1.842015749320195', 4: 366.3632568491349} 
{0: '0.7226720647773279', 1: '0.0', 2: '0.0', 3: '1.842015749320195', 4: 374.1899771303605} 
{0: '0.7232323232323232', 1: '0.0', 2: '0.0', 3: '1.958045020027179', 4: 370.65040096999826} 
{0: '0.7237903225806451', 1: '0.0', 2: '0.0', 3: '2.081383018504685', 4: 372.2245553702754} 
{0: '0.7243460764587525', 1: '0.0', 2: '0.0', 3: '2.212490124287102', 4: 385.09735157852583} 
{0: '0.7248995983935743', 1: '0.0', 2: '0.0', 3: '2.351855716390306', 4: 382.039838310044} 
{0: '0.7254509018036072', 1: '0.0', 2: '0.0', 3: '2.500000000000003', 4: 386.2306289721515} 
