{'STAT2HEADER': 'STAT2HEADER', 'STAT2HEADER_ENVIRON': 'environ({\'OMPI_MCA_pmix\': \'^s1,s2,cray,isolated\', \'PMIX_MCA_mca_base_component_show_load_errors\': \'1\', \'OMPI_COMMAND\': \'python3\', \'OMPI_ARGV\': \'static_snapshot.py 2 1min\', \'OMPI_MCA_orte_precondition_transports\': \'0503477fe66e1709-58afa59b501c61e8\', \'LD_LIBRARY_PATH\': \'/salilab/diva1/programs/x86_64linux/numpy-py36-1.19.5/lib:/salilab/diva1/home/libs/x86_64/centos8:/salilab/diva1/home/libs/x86_64:/salilab/diva1/home/imp/main/20240607-af6f9d6a95/lib/release8:/salilab/diva1/programs/x86_64linux/opencv-4.3.0/lib64/rhel:/salilab/diva1/programs/x86_64linux/opencv-4.3.0/lib64:/salilab/diva1/programs/x86_64linux/hdf5-1.10.7/lib:/salilab/diva1/programs/x86_64linux/libtau-py27-1.0.1/lib64:/salilab/diva1/programs/x86_64linux/boost-1.73.0/lib64:/usr/lib64/openmpi/lib:/wynton/group/sali/miha_rozic/Software/imp-develop/build/lib::\', \'IMP_TMP_DIR\': \'/wynton/group/sali/miha_rozic/Software/imp-develop/build/tmp\', \'PE_HOSTFILE\': \'/var/spool/sge/wynton/qb3-id303/active_jobs/708598.1/pe_hostfile\', \'__LMOD_REF_COUNT_PATH\': \'/salilab/diva1/programs/x86_64linux/numpy-py36-1.19.5/bin:1;/salilab/diva1/home/imp/main/20240607-af6f9d6a95/bin/release8:1;/salilab/diva1/programs/x86_64linux/opencv-4.3.0/bin:1;/salilab/diva1/programs/x86_64linux/hdf5-1.10.7/bin:1;/usr/lib64/openmpi/bin:1;/wynton/home/sali/rozicmiha/.local/bin:1;/wynton/home/sali/rozicmiha/bin:1;/wynton/group/sali/miha_rozic/Software/imp-develop/build/bin:1;/wynton/group/sali/miha_rozic/Software/imp-develop/build/module_bin/EMageFit:1;/wynton/group/sali/miha_rozic/Software/imp-develop/build/module_bin/algebra:1;/wynton/group/sali/miha_rozic/Software/imp-develop/build/module_bin/atom:1;/wynton/group/sali/miha_rozic/Software/imp-develop/build/module_bin/benchmark:1;/wynton/group/sali/miha_rozic/Software/imp-develop/build/module_bin/cgal:1;/wynton/group/sali/miha_rozic/Software/imp-develop/build/module_bin/cnmultifit:1;/wynton/group/sali/miha_rozic/Software/imp-develop/build/module_bin/container:1;/wynton/group/sali/miha_rozic/Software/imp-develop/build/module_bin/core:1;/wynton/group/sali/miha_rozic/Software/imp-develop/build/module_bin/display:1;/wynton/group/sali/miha_rozic/Software/imp-develop/build/module_bin/domino:1;/wynton/group/sali/miha_rozic/Software/imp-develop/build/module_bin/em:1;/wynton/group/sali/miha_rozic/Software/imp-develop/build/module_bin/em2d:1;/wynton/group/sali/miha_rozic/Software/imp-develop/build/module_bin/example:1;/wynton/group/sali/miha_rozic/Software/imp-develop/build/module_bin/foxs:1;/wynton/group/sali/miha_rozic/Software/imp-develop/build/module_bin/gsl:1;/wynton/group/sali/miha_rozic/Software/imp-develop/build/module_bin/integrative_docking:1;/wynton/group/sali/miha_rozic/Software/imp-develop/build/module_bin/isd:1;/wynton/group/sali/miha_rozic/Software/imp-develop/build/module_bin/kernel:1;/wynton/group/sali/miha_rozic/Software/imp-develop/build/module_bin/kinematics:1;/wynton/group/sali/miha_rozic/Software/imp-develop/build/module_bin/kmeans:1;/wynton/group/sali/miha_rozic/Software/imp-develop/build/module_bin/misc:1;/wynton/group/sali/miha_rozic/Software/imp-develop/build/module_bin/mmcif:1;/wynton/group/sali/miha_rozic/Software/imp-develop/build/module_bin/modeller:1;/wynton/group/sali/miha_rozic/Software/imp-develop/build/module_bin/mpi:1;/wynton/group/sali/miha_rozic/Software/imp-develop/build/module_bin/multi_state:1;/wynton/group/sali/miha_rozic/Software/imp-develop/build/module_bin/multifit:1;/wynton/group/sali/miha_rozic/Software/imp-develop/build/module_bin/npc:1;/wynton/group/sali/miha_rozic/Software/imp-develop/build/module_bin/npcassembly:1;/wynton/group/sali/miha_rozic/Software/imp-develop/build/module_bin/parallel:1;/wynton/group/sali/miha_rozic/Software/imp-develop/build/module_bin/pepdock:1;/wynton/group/sali/miha_rozic/Software/imp-develop/build/module_bin/pmi:1;/wynton/group/sali/miha_rozic/Software/imp-develop/build/module_bin/rmf:1;/wynton/group/sali/miha_rozic/Software/imp-develop/build/module_bin/rotamer:1;/wynton/group/sali/miha_rozic/Software/imp-develop/build/module_bin/saxs:1;/wynton/group/sali/miha_rozic/Software/imp-develop/build/module_bin/saxs_merge:1;/wynton/group/sali/miha_rozic/Software/imp-develop/build/module_bin/score_functor:1;/wynton/group/sali/miha_rozic/Software/imp-develop/build/module_bin/scratch:1;/wynton/group/sali/miha_rozic/Software/imp-develop/build/module_bin/spb:1;/wynton/group/sali/miha_rozic/Software/imp-develop/build/module_bin/statistics:1;/wynton/group/sali/miha_rozic/Software/imp-develop/build/module_bin/symmetry:1;/wynton/group/sali/miha_rozic/Software/imp-develop/build/module_bin/test:1;/opt/sge/bin:1;/opt/sge/bin/lx-amd64:1;/scratch/708598.1.member.q:1;/usr/local/bin:1;/bin:1;/usr/bin:1;/usr/local/sbin:1;/usr/sbin:1\', \'_ModuleTable002_\': \'fSwKc3RhY2tEZXB0aCA9IDEsCnN0YXR1cyA9ICJhY3RpdmUiLAp1c2VyTmFtZSA9ICJib29zdC8xLjczLjAiLAp3ViA9ICIwMDAwMDAwMDEuMDAwMDAwMDczLip6ZmluYWwiLAp9LApoZGY1ID0gewpmbiA9ICIvc2FsaWxhYi9kaXZhMS9ob21lL21vZHVsZXMvaGRmNS8xLjEwLjciLApmdWxsTmFtZSA9ICJoZGY1LzEuMTAuNyIsCmxvYWRPcmRlciA9IDUsCnByb3BUID0ge30sCnN0YWNrRGVwdGggPSAyLApzdGF0dXMgPSAiYWN0aXZlIiwKdXNlck5hbWUgPSAiaGRmNS8xLjEwLjciLAp3ViA9ICIwMDAwMDAwMDEuMDAwMDAwMDEwLjAwMDAwMDAwNy4qemZpbmFsIiwKfSwKaW1wID0gewpmbiA9ICIvc2FsaWxhYi9kaXZhMS9ob21lL21vZHVsZXMvaW1wLzIuMjEuMCIsCmZ1bGxO\', \'IMP_DIR\': \'/salilab/diva1/home/imp/main/20240607-af6f9d6a95/lib/release8/cmake/IMP\', \'QUEUE\': \'member.q\', \'GOTO_NUM_THREADS\': \'1\', \'MPI_PYTHON3_SITEARCH\': \'/usr/lib64/python3.6/site-packages/openmpi\', \'LANG\': \'en_US.UTF-8\', \'HISTCONTROL\': \'ignoredups\', \'_ModuleTable008_\': \'cyIsCmZ1bGxOYW1lID0gInNhbGktbGlicmFyaWVzIiwKbG9hZE9yZGVyID0gOCwKcHJvcFQgPSB7fSwKc3RhY2tEZXB0aCA9IDEsCnN0YXR1cyA9ICJhY3RpdmUiLAp1c2VyTmFtZSA9ICJzYWxpLWxpYnJhcmllcyIsCndWID0gIk0uKnpmaW5hbCIsCn0sCn0sCm1wYXRoQSA9IHsKIi9zYWxpbGFiL2RpdmExL2hvbWUvbW9kdWxlcyIsICIvZXRjL21vZHVsZWZpbGVzIiwgIi91c3Ivc2hhcmUvbW9kdWxlZmlsZXMiCiwgIi91c3Ivc2hhcmUvbW9kdWxlZmlsZXMvTGludXgiLCAiL3Vzci9zaGFyZS9tb2R1bGVmaWxlcy9Db3JlIiwgIi91c3Ivc2hhcmUvbG1vZC9sbW9kL21vZHVsZWZpbGVzL0NvcmUiLAp9LApzeXN0ZW1CYXNlTVBBVEggPSAiL2V0Yy9tb2R1bGVmaWxlczovdXNy\', \'SGE_O_HOST\': \'dev1\', \'HOSTNAME\': \'qb3-id303.wynton.ucsf.edu\', \'OPENBLAS_NUM_THREADS\': \'1\', \'__LMOD_REF_COUNT_CMAKE_INCLUDE_PATH\': \'/salilab/diva1/programs/x86_64linux/opencv-4.3.0/include/opencv4:1;/salilab/diva1/programs/x86_64linux/hdf5-1.10.7/include:1;/salilab/diva1/programs/x86_64linux/libtau-py27-1.0.1/include:1;/salilab/diva1/programs/x86_64linux/boost-1.73.0/include:1\', \'SGE_RSH_COMMAND\': \'builtin\', \'ENVIRONMENT\': \'BATCH\', \'IMP_DATA\': \'/wynton/group/sali/miha_rozic/Software/imp-develop/build/data\', \'REQUEST\': \'test1\', \'SGE_STDIN_PATH\': \'/dev/null\', \'SGE_CELL\': \'wynton\', \'_ModuleTable007_\': \'MjEuMyIsCndWID0gIjAwMDAwMDAwMC4wMDAwMDAwMjEuMDAwMDAwMDAzLip6ZmluYWwiLAp9LApbInB5dGhvbjMvc2NpcHkiXSA9IHsKZm4gPSAiL3NhbGlsYWIvZGl2YTEvaG9tZS9tb2R1bGVzL3B5dGhvbjMvc2NpcHkvMS4zLjIiLApmdWxsTmFtZSA9ICJweXRob24zL3NjaXB5LzEuMy4yIiwKbG9hZE9yZGVyID0gMTAsCnByb3BUID0ge30sCnN0YWNrRGVwdGggPSAxLApzdGF0dXMgPSAiYWN0aXZlIiwKdXNlck5hbWUgPSAicHl0aG9uMy9zY2lweS8xLjMuMiIsCndWID0gIjAwMDAwMDAwMS4wMDAwMDAwMDMuMDAwMDAwMDAyLip6ZmluYWwiLAp9LApbInNhbGktbGlicmFyaWVzIl0gPSB7CmZuID0gIi9zYWxpbGFiL2RpdmExL2hvbWUvbW9kdWxlcy9zYWxpLWxpYnJhcmll\', \'CMAKE_INCLUDE_PATH\': \'/salilab/diva1/programs/x86_64linux/opencv-4.3.0/include/opencv4:/salilab/diva1/programs/x86_64linux/hdf5-1.10.7/include:/salilab/diva1/programs/x86_64linux/libtau-py27-1.0.1/include:/salilab/diva1/programs/x86_64linux/boost-1.73.0/include\', \'__LMOD_REF_COUNT_LD_LIBRARY_PATH\': \'/salilab/diva1/programs/x86_64linux/numpy-py36-1.19.5/lib:1;/salilab/diva1/home/libs/x86_64/centos8:1;/salilab/diva1/home/libs/x86_64:1;/salilab/diva1/home/imp/main/20240607-af6f9d6a95/lib/release8:1;/salilab/diva1/programs/x86_64linux/opencv-4.3.0/lib64/rhel:1;/salilab/diva1/programs/x86_64linux/opencv-4.3.0/lib64:1;/salilab/diva1/programs/x86_64linux/hdf5-1.10.7/lib:1;/salilab/diva1/programs/x86_64linux/libtau-py27-1.0.1/lib64:1;/salilab/diva1/programs/x86_64linux/boost-1.73.0/lib64:1;/usr/lib64/openmpi/lib:1;/wynton/group/sali/miha_rozic/Software/imp-develop/build/lib:2;:1\', \'__LMOD_REF_COUNT_PKG_CONFIG_PATH\': \'/usr/lib64/openmpi/lib/pkgconfig:1\', \'_ModuleTable004_\': \'aGFyZS9tb2R1bGVmaWxlcy9tcGkvb3Blbm1waS14ODZfNjQiLApmdWxsTmFtZSA9ICJtcGkvb3Blbm1waS14ODZfNjQiLApsb2FkT3JkZXIgPSAyLApwcm9wVCA9IHt9LApzdGFja0RlcHRoID0gMCwKc3RhdHVzID0gImFjdGl2ZSIsCnVzZXJOYW1lID0gIm1waS9vcGVubXBpLXg4Nl82NCIsCndWID0gIipvcGVubXBpLip4LjAwMDAwMDA4Ni4qXy4wMDAwMDAwNjQuKnpmaW5hbCIsCn0sCm9wZW5jdiA9IHsKZm4gPSAiL3NhbGlsYWIvZGl2YTEvaG9tZS9tb2R1bGVzL29wZW5jdi80LjMuMCIsCmZ1bGxOYW1lID0gIm9wZW5jdi80LjMuMCIsCmxvYWRPcmRlciA9IDYsCnByb3BUID0ge30sCnN0YWNrRGVwdGggPSAxLApzdGF0dXMgPSAiYWN0aXZlIiwKdXNlck5hbWUgPSAib3Bl\', \'__LMOD_REF_COUNT_PYTHONPATH\': \'/salilab/diva1/programs/x86_64linux/scikit-py36-0.21.3/lib64/python3.6/site-packages:1;/salilab/diva1/programs/linux/joblib-0.17.0/lib/python3.6/site-packages:1;/salilab/diva1/programs/x86_64linux/scipy-py36-1.3.2/lib64/python3.6/site-packages:1;/salilab/diva1/programs/x86_64linux/numpy-py36-1.19.5/lib64/python3.6/site-packages:1;/salilab/diva1/home/imp/main/20240607-af6f9d6a95/lib/release8:1;/salilab/diva1/programs/x86_64linux/opencv-4.3.0/lib/python3.6/site-packages:1;/wynton/group/sali/miha_rozic/Software/imp-develop/build/lib:2;:1\', \'which_declare\': \'declare -f\', \'NHOSTS\': \'1\', \'SGE_O_WORKDIR\': \'/wynton/group/sali/miha_rozic/Input_information/SNAPSHOTS/central_directory/snapshot2_1min/run29\', \'USER\': \'rozicmiha\', \'SGE_TASK_ID\': \'undefined\', \'__LMOD_REF_COUNT_CMAKE_LIBRARY_PATH\': \'/salilab/diva1/programs/x86_64linux/opencv-4.3.0/lib64:1;/salilab/diva1/programs/x86_64linux/hdf5-1.10.7/lib:1;/salilab/diva1/programs/x86_64linux/libtau-py27-1.0.1/lib64:1;/salilab/diva1/programs/x86_64linux/boost-1.73.0/lib64:1\', \'SGE_TASK_FIRST\': \'undefined\', \'NSLOTS\': \'16\', \'__LMOD_REF_COUNT_MODULEPATH\': \'/salilab/diva1/home/modules:1;/etc/modulefiles:1;/usr/share/modulefiles:1;/usr/share/modulefiles/Linux:1;/usr/share/modulefiles/Core:1;/usr/share/lmod/lmod/modulefiles/Core:1\', \'PWD\': \'/wynton/group/sali/miha_rozic/Input_information/SNAPSHOTS/central_directory/snapshot2_1min/run29\', \'HOME\': \'/wynton/home/sali/rozicmiha\', \'NQUEUES\': \'1\', \'TMP\': \'/scratch/708598.1.member.q\', \'PE\': \'smp\', \'SGE_O_HOME\': \'/wynton/home/sali/rozicmiha\', \'LMOD_VERSION\': \'8.7.32\', \'JOB_NAME\': \'test1\', \'BASH_ENV\': \'/usr/share/lmod/lmod/init/bash\', \'MPI_FORTRAN_MOD_DIR\': \'/usr/lib64/gfortran/modules/openmpi\', \'SGE_TASK_LAST\': \'undefined\', \'MKL_NUM_THREADS\': \'1\', \'MPI_COMPILER\': \'openmpi-x86_64\', \'SGE_ACCOUNT\': \'sge\', \'SGE_ROOT\': \'/opt/sge\', \'MPI_SUFFIX\': \'_openmpi\', \'TMPDIR\': \'/scratch/708598.1.member.q\', \'RESTARTED\': \'0\', \'LMOD_sys\': \'Linux\', \'_ModuleTable001_\': \'X01vZHVsZVRhYmxlXyA9IHsKTVR2ZXJzaW9uID0gMywKY19yZWJ1aWxkVGltZSA9IGZhbHNlLApjX3Nob3J0VGltZSA9IGZhbHNlLApkZXB0aFQgPSB7fSwKZmFtaWx5ID0ge30sCm1UID0gewpTYWxpID0gewpmbiA9ICIvZXRjL21vZHVsZWZpbGVzL1NhbGkubHVhIiwKZnVsbE5hbWUgPSAiU2FsaSIsCmxvYWRPcmRlciA9IDEsCnByb3BUID0ge30sCnN0YWNrRGVwdGggPSAwLApzdGF0dXMgPSAiYWN0aXZlIiwKdXNlck5hbWUgPSAiU2FsaSIsCndWID0gIk0uKnpmaW5hbCIsCn0sCmJvb3N0ID0gewpmbiA9ICIvc2FsaWxhYi9kaXZhMS9ob21lL21vZHVsZXMvYm9vc3QvMS43My4wIiwKZnVsbE5hbWUgPSAiYm9vc3QvMS43My4wIiwKbG9hZE9yZGVyID0gMywKcHJvcFQgPSB7\', \'LOADEDMODULES\': \'Sali:mpi/openmpi-x86_64:boost/1.73.0:libtau/1.0.1:hdf5/1.10.7:opencv/4.3.0:imp/2.21.0:sali-libraries:python3/numpy/1.19.5:python3/scipy/1.3.2:python3/joblib/0.17.0:python3/scikit/0.21.3\', \'SGE_O_PATH\': \'/salilab/diva1/programs/x86_64linux/numpy-py36-1.19.5/bin:/salilab/diva1/home/imp/main/20240607-af6f9d6a95/bin/release8:/salilab/diva1/programs/x86_64linux/opencv-4.3.0/bin:/salilab/diva1/programs/x86_64linux/hdf5-1.10.7/bin:/wynton/home/sali/rozicmiha/.local/bin:/wynton/home/sali/rozicmiha/bin:/wynton/group/sali/miha_rozic/Software/imp-develop/build/bin:/wynton/group/sali/miha_rozic/Software/imp-develop/build/module_bin/EMageFit:/wynton/group/sali/miha_rozic/Software/imp-develop/build/module_bin/algebra:/wynton/group/sali/miha_rozic/Software/imp-develop/build/module_bin/atom:/wynton/group/sali/miha_rozic/Software/imp-develop/build/module_bin/benchmark:/wynton/group/sali/miha_rozic/Software/imp-develop/build/module_bin/cgal:/wynton/group/sali/miha_rozic/Software/imp-develop/build/module_bin/cnmultifit:/wynton/group/sali/miha_rozic/Software/imp-develop/build/module_bin/container:/wynton/group/sali/miha_rozic/Software/imp-develop/build/module_bin/core:/wynton/group/sali/miha_rozic/Software/imp-develop/build/module_bin/display:/wynton/group/sali/miha_rozic/Software/imp-develop/build/module_bin/domino:/wynton/group/sali/miha_rozic/Software/imp-develop/build/module_bin/em:/wynton/group/sali/miha_rozic/Software/imp-develop/build/module_bin/em2d:/wynton/group/sali/miha_rozic/Software/imp-develop/build/module_bin/example:/wynton/group/sali/miha_rozic/Software/imp-develop/build/module_bin/foxs:/wynton/group/sali/miha_rozic/Software/imp-develop/build/module_bin/gsl:/wynton/group/sali/miha_rozic/Software/imp-develop/build/module_bin/integrative_docking:/wynton/group/sali/miha_rozic/Software/imp-develop/build/module_bin/isd:/wynton/group/sali/miha_rozic/Software/imp-develop/build/module_bin/kernel:/wynton/group/sali/miha_rozic/Software/imp-develop/build/module_bin/kinematics:/wynton/group/sali/miha_rozic/Software/imp-develop/build/module_bin/kmeans:/wynton/group/sali/miha_rozic/Software/imp-develop/build/module_bin/misc:/wynton/group/sali/miha_rozic/Software/imp-develop/build/module_bin/mmcif:/wynton/group/sali/miha_rozic/Software/imp-develop/build/module_bin/modeller:/wynton/group/sali/miha_rozic/Software/imp-develop/build/module_bin/mpi:/wynton/group/sali/miha_rozic/Software/imp-develop/build/module_bin/multi_state:/wynton/group/sali/miha_rozic/Software/imp-develop/build/module_bin/multifit:/wynton/group/sali/miha_rozic/Software/imp-develop/build/module_bin/npc:/wynton/group/sali/miha_rozic/Software/imp-develop/build/module_bin/npcassembly:/wynton/group/sali/miha_rozic/Software/imp-develop/build/module_bin/parallel:/wynton/group/sali/miha_rozic/Software/imp-develop/build/module_bin/pepdock:/wynton/group/sali/miha_rozic/Software/imp-develop/build/module_bin/pmi:/wynton/group/sali/miha_rozic/Software/imp-develop/build/module_bin/rmf:/wynton/group/sali/miha_rozic/Software/imp-develop/build/module_bin/rotamer:/wynton/group/sali/miha_rozic/Software/imp-develop/build/module_bin/saxs:/wynton/group/sali/miha_rozic/Software/imp-develop/build/module_bin/saxs_merge:/wynton/group/sali/miha_rozic/Software/imp-develop/build/module_bin/score_functor:/wynton/group/sali/miha_rozic/Software/imp-develop/build/module_bin/scratch:/wynton/group/sali/miha_rozic/Software/imp-develop/build/module_bin/spb:/wynton/group/sali/miha_rozic/Software/imp-develop/build/module_bin/statistics:/wynton/group/sali/miha_rozic/Software/imp-develop/build/module_bin/symmetry:/wynton/group/sali/miha_rozic/Software/imp-develop/build/module_bin/test:/opt/sge/bin:/opt/sge/bin/lx-amd64:/usr/local/bin:/usr/bin:/usr/local/sbin:/usr/sbin\', \'SGE_O_SHELL\': \'/bin/bash\', \'_ModuleTable006_\': \'bWUgPSAicHl0aG9uMy9udW1weS8xLjE5LjUiLApsb2FkT3JkZXIgPSA5LApwcm9wVCA9IHt9LApzdGFja0RlcHRoID0gMiwKc3RhdHVzID0gImFjdGl2ZSIsCnVzZXJOYW1lID0gInB5dGhvbjMvbnVtcHkvMS4xOS41IiwKd1YgPSAiMDAwMDAwMDAxLjAwMDAwMDAxOS4wMDAwMDAwMDUuKnpmaW5hbCIsCn0sClsicHl0aG9uMy9zY2lraXQiXSA9IHsKZm4gPSAiL3NhbGlsYWIvZGl2YTEvaG9tZS9tb2R1bGVzL3B5dGhvbjMvc2Npa2l0LzAuMjEuMyIsCmZ1bGxOYW1lID0gInB5dGhvbjMvc2Npa2l0LzAuMjEuMyIsCmxvYWRPcmRlciA9IDEyLApwcm9wVCA9IHt9LApzdGFja0RlcHRoID0gMCwKc3RhdHVzID0gImFjdGl2ZSIsCnVzZXJOYW1lID0gInB5dGhvbjMvc2Npa2l0LzAu\', \'__LMOD_REF_COUNT_MANPATH\': \':2;/usr/share/man/openmpi-x86_64:1;/opt/sge/man:1;/usr/share/lmod/lmod/share/man:1\', \'MPI_INCLUDE\': \'/usr/include/openmpi-x86_64\', \'_ModuleTable003_\': \'YW1lID0gImltcC8yLjIxLjAiLApsb2FkT3JkZXIgPSA3LApwcm9wVCA9IHt9LApzdGFja0RlcHRoID0gMCwKc3RhdHVzID0gImFjdGl2ZSIsCnVzZXJOYW1lID0gImltcCIsCndWID0gIl4wMDAwMDAwMi4wMDAwMDAwMjEuKnpmaW5hbCIsCn0sCmxpYnRhdSA9IHsKZm4gPSAiL3NhbGlsYWIvZGl2YTEvaG9tZS9tb2R1bGVzL2xpYnRhdS8xLjAuMSIsCmZ1bGxOYW1lID0gImxpYnRhdS8xLjAuMSIsCmxvYWRPcmRlciA9IDQsCnByb3BUID0ge30sCnN0YWNrRGVwdGggPSAxLApzdGF0dXMgPSAiYWN0aXZlIiwKdXNlck5hbWUgPSAibGlidGF1LzEuMC4xIiwKd1YgPSAiMDAwMDAwMDAxLjAwMDAwMDAwMC4wMDAwMDAwMDEuKnpmaW5hbCIsCn0sCm1waSA9IHsKZm4gPSAiL3Vzci9z\', \'LMOD_ROOT\': \'/usr/share/lmod\', \'SYSTEMCTL_SKIP_REDIRECT\': \'\', \'MAIL\': \'/var/spool/mail/rozicmiha\', \'SGE_CWD_PATH\': \'/wynton/group/sali/miha_rozic/Input_information/SNAPSHOTS/central_directory/snapshot2_1min/run29\', \'MPI_HOME\': \'/usr/lib64/openmpi\', \'_ModuleTable009_\': \'L3NoYXJlL21vZHVsZWZpbGVzOi91c3Ivc2hhcmUvbW9kdWxlZmlsZXMvTGludXg6L3Vzci9zaGFyZS9tb2R1bGVmaWxlcy9Db3JlOi91c3Ivc2hhcmUvbG1vZC9sbW9kL21vZHVsZWZpbGVzL0NvcmUiLAp9Cg==\', \'SGE_TASK_STEPSIZE\': \'undefined\', \'SHELL\': \'/bin/bash\', \'TERM\': \'\', \'_ModuleTable_Sz_\': \'9\', \'SGE_JOB_SPOOL_DIR\': \'/var/spool/sge/wynton/qb3-id303/active_jobs/708598.1\', \'JOB_ID\': \'708598\', \'IMP_EXAMPLE_DATA\': \'/wynton/group/sali/miha_rozic/Software/imp-develop/build/doc/examples\', \'R_FUTURE_AVAILABLECORES_FALLBACK\': \'1\', \'JOB_SCRIPT\': \'/var/spool/sge/wynton/qb3-id303/job_scripts/708598\', \'SHLVL\': \'2\', \'SGE_O_LOGNAME\': \'rozicmiha\', \'SGE_O_MAIL\': \'/var/spool/mail/rozicmiha\', \'PYTHONPATH\': \'/salilab/diva1/programs/x86_64linux/scikit-py36-0.21.3/lib64/python3.6/site-packages:/salilab/diva1/programs/linux/joblib-0.17.0/lib/python3.6/site-packages:/salilab/diva1/programs/x86_64linux/scipy-py36-1.3.2/lib64/python3.6/site-packages:/salilab/diva1/programs/x86_64linux/numpy-py36-1.19.5/lib64/python3.6/site-packages:/salilab/diva1/home/imp/main/20240607-af6f9d6a95/lib/release8:/salilab/diva1/programs/x86_64linux/opencv-4.3.0/lib/python3.6/site-packages:/wynton/group/sali/miha_rozic/Software/imp-develop/build/lib::\', \'MANPATH\': \':/usr/share/man/openmpi-x86_64:/opt/sge/man:/usr/share/lmod/lmod/share/man\', \'MODULEPATH\': \'/salilab/diva1/home/modules:/etc/modulefiles:/usr/share/modulefiles:/usr/share/modulefiles/Linux:/usr/share/modulefiles/Core:/usr/share/lmod/lmod/modulefiles/Core\', \'MPI_SYSCONFIG\': \'/etc/openmpi-x86_64\', \'LOGNAME\': \'rozicmiha\', \'SYSTEMCTL_IGNORE_DEPENDENCIES\': \'\', \'MODULEPATH_ROOT\': \'/usr/share/modulefiles\', \'PATH\': \'/salilab/diva1/programs/x86_64linux/numpy-py36-1.19.5/bin:/salilab/diva1/home/imp/main/20240607-af6f9d6a95/bin/release8:/salilab/diva1/programs/x86_64linux/opencv-4.3.0/bin:/salilab/diva1/programs/x86_64linux/hdf5-1.10.7/bin:/usr/lib64/openmpi/bin:/wynton/home/sali/rozicmiha/.local/bin:/wynton/home/sali/rozicmiha/bin:/wynton/group/sali/miha_rozic/Software/imp-develop/build/bin:/wynton/group/sali/miha_rozic/Software/imp-develop/build/module_bin/EMageFit:/wynton/group/sali/miha_rozic/Software/imp-develop/build/module_bin/algebra:/wynton/group/sali/miha_rozic/Software/imp-develop/build/module_bin/atom:/wynton/group/sali/miha_rozic/Software/imp-develop/build/module_bin/benchmark:/wynton/group/sali/miha_rozic/Software/imp-develop/build/module_bin/cgal:/wynton/group/sali/miha_rozic/Software/imp-develop/build/module_bin/cnmultifit:/wynton/group/sali/miha_rozic/Software/imp-develop/build/module_bin/container:/wynton/group/sali/miha_rozic/Software/imp-develop/build/module_bin/core:/wynton/group/sali/miha_rozic/Software/imp-develop/build/module_bin/display:/wynton/group/sali/miha_rozic/Software/imp-develop/build/module_bin/domino:/wynton/group/sali/miha_rozic/Software/imp-develop/build/module_bin/em:/wynton/group/sali/miha_rozic/Software/imp-develop/build/module_bin/em2d:/wynton/group/sali/miha_rozic/Software/imp-develop/build/module_bin/example:/wynton/group/sali/miha_rozic/Software/imp-develop/build/module_bin/foxs:/wynton/group/sali/miha_rozic/Software/imp-develop/build/module_bin/gsl:/wynton/group/sali/miha_rozic/Software/imp-develop/build/module_bin/integrative_docking:/wynton/group/sali/miha_rozic/Software/imp-develop/build/module_bin/isd:/wynton/group/sali/miha_rozic/Software/imp-develop/build/module_bin/kernel:/wynton/group/sali/miha_rozic/Software/imp-develop/build/module_bin/kinematics:/wynton/group/sali/miha_rozic/Software/imp-develop/build/module_bin/kmeans:/wynton/group/sali/miha_rozic/Software/imp-develop/build/module_bin/misc:/wynton/group/sali/miha_rozic/Software/imp-develop/build/module_bin/mmcif:/wynton/group/sali/miha_rozic/Software/imp-develop/build/module_bin/modeller:/wynton/group/sali/miha_rozic/Software/imp-develop/build/module_bin/mpi:/wynton/group/sali/miha_rozic/Software/imp-develop/build/module_bin/multi_state:/wynton/group/sali/miha_rozic/Software/imp-develop/build/module_bin/multifit:/wynton/group/sali/miha_rozic/Software/imp-develop/build/module_bin/npc:/wynton/group/sali/miha_rozic/Software/imp-develop/build/module_bin/npcassembly:/wynton/group/sali/miha_rozic/Software/imp-develop/build/module_bin/parallel:/wynton/group/sali/miha_rozic/Software/imp-develop/build/module_bin/pepdock:/wynton/group/sali/miha_rozic/Software/imp-develop/build/module_bin/pmi:/wynton/group/sali/miha_rozic/Software/imp-develop/build/module_bin/rmf:/wynton/group/sali/miha_rozic/Software/imp-develop/build/module_bin/rotamer:/wynton/group/sali/miha_rozic/Software/imp-develop/build/module_bin/saxs:/wynton/group/sali/miha_rozic/Software/imp-develop/build/module_bin/saxs_merge:/wynton/group/sali/miha_rozic/Software/imp-develop/build/module_bin/score_functor:/wynton/group/sali/miha_rozic/Software/imp-develop/build/module_bin/scratch:/wynton/group/sali/miha_rozic/Software/imp-develop/build/module_bin/spb:/wynton/group/sali/miha_rozic/Software/imp-develop/build/module_bin/statistics:/wynton/group/sali/miha_rozic/Software/imp-develop/build/module_bin/symmetry:/wynton/group/sali/miha_rozic/Software/imp-develop/build/module_bin/test:/opt/sge/bin:/opt/sge/bin/lx-amd64:/scratch/708598.1.member.q:/usr/local/bin:/bin:/usr/bin:/usr/local/sbin:/usr/sbin\', \'MPI_BIN\': \'/usr/lib64/openmpi/bin\', \'SGE_STDERR_PATH\': \'/wynton/group/sali/miha_rozic/Input_information/SNAPSHOTS/central_directory/snapshot2_1min/run29/test1.o708598\', \'_LMFILES_\': \'/etc/modulefiles/Sali.lua:/usr/share/modulefiles/mpi/openmpi-x86_64:/salilab/diva1/home/modules/boost/1.73.0:/salilab/diva1/home/modules/libtau/1.0.1:/salilab/diva1/home/modules/hdf5/1.10.7:/salilab/diva1/home/modules/opencv/4.3.0:/salilab/diva1/home/modules/imp/2.21.0:/salilab/diva1/home/modules/sali-libraries:/salilab/diva1/home/modules/python3/numpy/1.19.5:/salilab/diva1/home/modules/python3/scipy/1.3.2:/salilab/diva1/home/modules/python3/joblib/0.17.0:/salilab/diva1/home/modules/python3/scikit/0.21.3\', \'DEBUGINFOD_URLS\': \'https://debuginfod.centos.org/ \', \'MODULESHOME\': \'/usr/share/lmod/lmod\', \'PKG_CONFIG_PATH\': \'/usr/lib64/openmpi/lib/pkgconfig\', \'LMOD_SETTARG_FULL_SUPPORT\': \'no\', \'HISTSIZE\': \'1000\', \'SGE_ARCH\': \'lx-amd64\', \'LMOD_PKG\': \'/usr/share/lmod/lmod\', \'CMAKE_LIBRARY_PATH\': \'/salilab/diva1/programs/x86_64linux/opencv-4.3.0/lib64:/salilab/diva1/programs/x86_64linux/hdf5-1.10.7/lib:/salilab/diva1/programs/x86_64linux/libtau-py27-1.0.1/lib64:/salilab/diva1/programs/x86_64linux/boost-1.73.0/lib64\', \'ARC\': \'lx-amd64\', \'MPI_LIB\': \'/usr/lib64/openmpi/lib\', \'SGE_BINARY_PATH\': \'/opt/sge/bin/lx-amd64\', \'SGE_STDOUT_PATH\': \'/wynton/group/sali/miha_rozic/Input_information/SNAPSHOTS/central_directory/snapshot2_1min/run29/test1.o708598\', \'_ModuleTable005_\': \'bmN2LzQuMy4wIiwKd1YgPSAiMDAwMDAwMDA0LjAwMDAwMDAwMy4qemZpbmFsIiwKfSwKWyJweXRob24zL2pvYmxpYiJdID0gewpmbiA9ICIvc2FsaWxhYi9kaXZhMS9ob21lL21vZHVsZXMvcHl0aG9uMy9qb2JsaWIvMC4xNy4wIiwKZnVsbE5hbWUgPSAicHl0aG9uMy9qb2JsaWIvMC4xNy4wIiwKbG9hZE9yZGVyID0gMTEsCnByb3BUID0ge30sCnN0YWNrRGVwdGggPSAxLApzdGF0dXMgPSAiYWN0aXZlIiwKdXNlck5hbWUgPSAicHl0aG9uMy9qb2JsaWIiLAp3ViA9ICIwMDAwMDAwMDAuMDAwMDAwMDE3Lip6ZmluYWwiLAp9LApbInB5dGhvbjMvbnVtcHkiXSA9IHsKZm4gPSAiL3NhbGlsYWIvZGl2YTEvaG9tZS9tb2R1bGVzL3B5dGhvbjMvbnVtcHkvMS4xOS41IiwKZnVsbE5h\', \'LMOD_CMD\': \'/usr/share/lmod/lmod/libexec/lmod\', \'REQNAME\': \'test1\', \'IMP_BIN_DIR\': \'/wynton/group/sali/miha_rozic/Software/imp-develop/build/bin\', \'MPI_MAN\': \'/usr/share/man/openmpi-x86_64\', \'LESSOPEN\': \'||/usr/bin/lesspipe.sh %s\', \'OMP_NUM_THREADS\': \'1\', \'SGE_CLUSTER_NAME\': \'wynton_cluster\', \'LMOD_DIR\': \'/usr/share/lmod/lmod/libexec\', \'BASH_FUNC_which%%\': \'() {  ( alias;\\n eval ${which_declare} ) | /usr/bin/which --tty-only --read-alias --read-functions --show-tilde --show-dot $@\\n}\', \'BASH_FUNC_module%%\': \'() {  if [ -z "${LMOD_SH_DBG_ON+x}" ]; then\\n case "$-" in \\n *v*x*)\\n __lmod_sh_dbg=\\\'vx\\\'\\n ;;\\n *v*)\\n __lmod_sh_dbg=\\\'v\\\'\\n ;;\\n *x*)\\n __lmod_sh_dbg=\\\'x\\\'\\n ;;\\n esac;\\n fi;\\n if [ -n "${__lmod_sh_dbg:-}" ]; then\\n set +$__lmod_sh_dbg;\\n echo "Shell debugging temporarily silenced: export LMOD_SH_DBG_ON=1 for Lmod\\\'s output" 1>&2;\\n fi;\\n eval "$($LMOD_CMD shell "$@")" && eval "$(${LMOD_SETTARG_CMD:-:} -s sh)";\\n __lmod_my_status=$?;\\n if [ -n "${__lmod_sh_dbg:-}" ]; then\\n echo "Shell debugging restarted" 1>&2;\\n set -$__lmod_sh_dbg;\\n fi;\\n unset __lmod_sh_dbg;\\n return $__lmod_my_status\\n}\', \'BASH_FUNC_ml%%\': \'() {  eval "$($LMOD_DIR/ml_cmd "$@")"\\n}\', \'_\': \'/usr/lib64/openmpi/bin/mpirun\', \'IPATH_NO_BACKTRACE\': \'1\', \'HFI_NO_BACKTRACE\': \'1\', \'OMPI_MCA_orte_local_daemon_uri\': \'3233808384.0;tcp://172.26.39.53:57663\', \'OMPI_MCA_orte_hnp_uri\': \'3233808384.0;tcp://172.26.39.53:57663\', \'OMPI_MCA_mpi_oversubscribe\': \'0\', \'OMPI_MCA_orte_app_num\': \'0\', \'OMPI_UNIVERSE_SIZE\': \'16\', \'OMPI_MCA_orte_num_nodes\': \'1\', \'OMPI_MCA_shmem_RUNTIME_QUERY_hint\': \'mmap\', \'OMPI_MCA_orte_bound_at_launch\': \'1\', \'OMPI_MCA_ess\': \'^singleton\', \'OMPI_MCA_orte_ess_num_procs\': \'16\', \'OMPI_COMM_WORLD_SIZE\': \'16\', \'OMPI_COMM_WORLD_LOCAL_SIZE\': \'16\', \'OMPI_MCA_orte_tmpdir_base\': \'/scratch/708598.1.member.q\', \'OMPI_MCA_orte_top_session_dir\': \'/scratch/708598.1.member.q/ompi.qb3-id303.11149\', \'OMPI_MCA_orte_jobfam_session_dir\': \'/scratch/708598.1.member.q/ompi.qb3-id303.11149/pid.2107162\', \'OMPI_NUM_APP_CTX\': \'1\', \'OMPI_FIRST_RANKS\': \'0\', \'OMPI_APP_CTX_NUM_PROCS\': \'16\', \'OMPI_MCA_initial_wdir\': \'/wynton/group/sali/miha_rozic/Input_information/SNAPSHOTS/central_directory/snapshot2_1min/run29\', \'OMPI_MCA_orte_launch\': \'1\', \'PMIX_NAMESPACE\': \'3233808385\', \'PMIX_RANK\': \'5\', \'PMIX_SERVER_URI2\': \'3233808384.0;tcp4://127.0.0.1:38549\', \'PMIX_SERVER_URI21\': \'3233808384.0;tcp4://127.0.0.1:38549\', \'PMIX_SECURITY_MODE\': \'native,none\', \'PMIX_PTL_MODULE\': \'tcp,usock\', \'PMIX_BFROP_BUFFER_TYPE\': \'PMIX_BFROP_BUFFER_NON_DESC\', \'PMIX_GDS_MODULE\': \'ds21,ds12,hash\', \'PMIX_SERVER_TMPDIR\': \'/scratch/708598.1.member.q/ompi.qb3-id303.11149/pid.2107162\', \'PMIX_SYSTEM_TMPDIR\': \'/scratch/708598.1.member.q\', \'PMIX_DSTORE_21_BASE_PATH\': \'/scratch/708598.1.member.q/ompi.qb3-id303.11149/pid.2107162/pmix_dstor_ds21_2107162\', \'PMIX_DSTORE_ESH_BASE_PATH\': \'/scratch/708598.1.member.q/ompi.qb3-id303.11149/pid.2107162/pmix_dstor_ds12_2107162\', \'OMPI_MCA_ess_base_jobid\': \'3233808385\', \'OMPI_MCA_ess_base_vpid\': \'5\', \'OMPI_COMM_WORLD_RANK\': \'5\', \'OMPI_COMM_WORLD_LOCAL_RANK\': \'5\', \'OMPI_COMM_WORLD_NODE_RANK\': \'5\', \'OMPI_MCA_orte_ess_node_rank\': \'5\', \'PMIX_ID\': \'3233808385.5\', \'OMPI_FILE_LOCATION\': \'/scratch/708598.1.member.q/ompi.qb3-id303.11149/pid.2107162/0/0\', \'KMP_DUPLICATE_LIB_OK\': \'True\', \'KMP_INIT_AT_FORK\': \'FALSE\'})', 'STAT2HEADER_IMP_VERSIONS': "{'IMP_VERSION': '2.21.0', 'PMI_VERSION': '2.21.0'}", 0: 'ReplicaExchange_SwapSuccessRatio', 1: 'ReplicaExchange_MinTempFrequency', 2: 'ReplicaExchange_MaxTempFrequency', 3: 'ReplicaExchange_CurrentTemp', 4: 'score'} 
{0: '0', 1: '0', 2: '0', 3: '1.3572088082974538', 4: inf} 
{0: '0.0', 1: '0.0', 2: '0.0', 3: '1.3572088082974538', 4: inf} 
{0: '0.0', 1: '0.0', 2: '0.0', 3: '1.3572088082974538', 4: inf} 
{0: '0.0', 1: '0.0', 2: '0.0', 3: '1.3572088082974538', 4: inf} 
{0: '0.0', 1: '0.0', 2: '0.0', 3: '1.3572088082974538', 4: inf} 
{0: '0.0', 1: '0.0', 2: '0.0', 3: '1.3572088082974538', 4: inf} 
{0: '0.0', 1: '0.0', 2: '0.0', 3: '1.3572088082974538', 4: inf} 
{0: '0.0', 1: '0.0', 2: '0.0', 3: '1.3572088082974538', 4: inf} 
{0: '0.0', 1: '0.0', 2: '0.0', 3: '1.3572088082974538', 4: inf} 
{0: '0.0', 1: '0.0', 2: '0.0', 3: '1.3572088082974538', 4: inf} 
{0: '0.0', 1: '0.0', 2: '0.0', 3: '1.3572088082974538', 4: inf} 
{0: '0.0', 1: '0.0', 2: '0.0', 3: '1.3572088082974538', 4: inf} 
{0: '0.0', 1: '0.0', 2: '0.0', 3: '1.3572088082974538', 4: inf} 
{0: '0.0', 1: '0.0', 2: '0.0', 3: '1.3572088082974538', 4: inf} 
{0: '0.0', 1: '0.0', 2: '0.0', 3: '1.3572088082974538', 4: inf} 
{0: '0.0', 1: '0.0', 2: '0.0', 3: '1.3572088082974538', 4: inf} 
{0: '0.0', 1: '0.0', 2: '0.0', 3: '1.3572088082974538', 4: inf} 
{0: '0.0', 1: '0.0', 2: '0.0', 3: '1.3572088082974538', 4: inf} 
{0: '0.0', 1: '0.0', 2: '0.0', 3: '1.3572088082974538', 4: inf} 
{0: '0.0', 1: '0.0', 2: '0.0', 3: '1.3572088082974538', 4: inf} 
{0: '0.0', 1: '0.0', 2: '0.0', 3: '1.3572088082974538', 4: inf} 
{0: '0.0', 1: '0.0', 2: '0.0', 3: '1.3572088082974538', 4: inf} 
{0: '0.0', 1: '0.0', 2: '0.0', 3: '1.3572088082974538', 4: inf} 
{0: '0.0', 1: '0.0', 2: '0.0', 3: '1.3572088082974538', 4: inf} 
{0: '0.0', 1: '0.0', 2: '0.0', 3: '1.3572088082974538', 4: inf} 
{0: '0.0', 1: '0.0', 2: '0.0', 3: '1.3572088082974538', 4: inf} 
{0: '0.0', 1: '0.0', 2: '0.0', 3: '1.3572088082974538', 4: inf} 
{0: '0.0', 1: '0.0', 2: '0.0', 3: '1.3572088082974538', 4: inf} 
{0: '0.0', 1: '0.0', 2: '0.0', 3: '1.3572088082974538', 4: inf} 
{0: '0.0', 1: '0.0', 2: '0.0', 3: '1.3572088082974538', 4: inf} 
{0: '0.0', 1: '0.0', 2: '0.0', 3: '1.3572088082974538', 4: inf} 
{0: '0.0', 1: '0.0', 2: '0.0', 3: '1.3572088082974538', 4: inf} 
{0: '0.0', 1: '0.0', 2: '0.0', 3: '1.3572088082974538', 4: inf} 
{0: '0.0', 1: '0.0', 2: '0.0', 3: '1.3572088082974538', 4: inf} 
{0: '0.0', 1: '0.0', 2: '0.0', 3: '1.3572088082974538', 4: inf} 
{0: '0.0', 1: '0.0', 2: '0.0', 3: '1.3572088082974538', 4: inf} 
{0: '0.0', 1: '0.0', 2: '0.0', 3: '1.3572088082974538', 4: inf} 
{0: '0.0', 1: '0.0', 2: '0.0', 3: '1.3572088082974538', 4: inf} 
{0: '0.0', 1: '0.0', 2: '0.0', 3: '1.3572088082974538', 4: inf} 
{0: '0.0', 1: '0.0', 2: '0.0', 3: '1.3572088082974538', 4: inf} 
{0: '0.0', 1: '0.0', 2: '0.0', 3: '1.3572088082974538', 4: inf} 
{0: '0.0', 1: '0.0', 2: '0.0', 3: '1.3572088082974538', 4: inf} 
{0: '0.0', 1: '0.0', 2: '0.0', 3: '1.3572088082974538', 4: inf} 
{0: '0.0', 1: '0.0', 2: '0.0', 3: '1.3572088082974538', 4: inf} 
{0: '0.0', 1: '0.0', 2: '0.0', 3: '1.3572088082974538', 4: inf} 
{0: '0.0', 1: '0.0', 2: '0.0', 3: '1.3572088082974538', 4: inf} 
{0: '0.0', 1: '0.0', 2: '0.0', 3: '1.3572088082974538', 4: inf} 
{0: '0.0', 1: '0.0', 2: '0.0', 3: '1.3572088082974538', 4: inf} 
{0: '0.0', 1: '0.0', 2: '0.0', 3: '1.3572088082974538', 4: inf} 
{0: '0.0', 1: '0.0', 2: '0.0', 3: '1.3572088082974538', 4: inf} 
{0: '0.0', 1: '0.0', 2: '0.0', 3: '1.3572088082974538', 4: inf} 
{0: '0.0', 1: '0.0', 2: '0.0', 3: '1.3572088082974538', 4: inf} 
{0: '0.0', 1: '0.0', 2: '0.0', 3: '1.3572088082974538', 4: inf} 
{0: '0.0', 1: '0.0', 2: '0.0', 3: '1.3572088082974538', 4: inf} 
{0: '0.0', 1: '0.0', 2: '0.0', 3: '1.3572088082974538', 4: inf} 
{0: '0.0', 1: '0.0', 2: '0.0', 3: '1.3572088082974538', 4: inf} 
{0: '0.0', 1: '0.0', 2: '0.0', 3: '1.3572088082974538', 4: inf} 
{0: '0.0', 1: '0.0', 2: '0.0', 3: '1.3572088082974538', 4: inf} 
{0: '0.0', 1: '0.0', 2: '0.0', 3: '1.3572088082974538', 4: inf} 
{0: '0.0', 1: '0.0', 2: '0.0', 3: '1.3572088082974538', 4: inf} 
{0: '0.0', 1: '0.0', 2: '0.0', 3: '1.3572088082974538', 4: inf} 
{0: '0.0', 1: '0.0', 2: '0.0', 3: '1.3572088082974538', 4: inf} 
{0: '0.0', 1: '0.0', 2: '0.0', 3: '1.3572088082974538', 4: inf} 
{0: '0.0', 1: '0.0', 2: '0.0', 3: '1.3572088082974538', 4: inf} 
{0: '0.0', 1: '0.0', 2: '0.0', 3: '1.3572088082974538', 4: 4782.201699025514} 
{0: '0.0', 1: '0.0', 2: '0.0', 3: '1.3572088082974538', 4: 1941.5443939927868} 
{0: '0.015151515151515152', 1: '0.0', 2: '0.0', 3: '1.4426999059072143', 4: 1044.9771561492114} 
{0: '0.029850746268656716', 1: '0.0', 2: '0.0', 3: '1.5335761201812925', 4: 806.8176151542285} 
{0: '0.04411764705882353', 1: '0.0', 2: '0.0', 3: '1.6301766616608926', 4: 539.3239544195031} 
{0: '0.043478260869565216', 1: '0.0', 2: '0.0', 3: '1.6301766616608926', 4: 542.731012581817} 
{0: '0.05714285714285714', 1: '0.0', 2: '0.0', 3: '1.5335761201812925', 4: 526.5532382230084} 
{0: '0.07042253521126761', 1: '0.0', 2: '0.0', 3: '1.4426999059072143', 4: 530.0484106433654} 
{0: '0.08333333333333333', 1: '0.0', 2: '0.0', 3: '1.3572088082974538', 4: 519.8030119968458} 
{0: '0.0958904109589041', 1: '0.0', 2: '0.0', 3: '1.2767837176518553', 4: 522.3735765369956} 
{0: '0.10810810810810811', 1: '0.0', 2: '0.0', 3: '1.2011244339814315', 4: 522.870180243335} 
{0: '0.12', 1: '0.0', 2: '0.0', 3: '1.1299485464621188', 4: 527.2304736404881} 
{0: '0.13157894736842105', 1: '0.0', 2: '0.0', 3: '1.0629903792895394', 4: 526.4989594405782} 
{0: '0.14285714285714285', 1: '0.0', 2: '0.0', 3: '1.0', 4: 521.1245231743304} 
{0: '0.14102564102564102', 1: '0.01282051282051282', 2: '0.0', 3: '1.0', 4: 526.53933217792} 
{0: '0.1518987341772152', 1: '0.02531645569620253', 2: '0.0', 3: '1.0629903792895394', 4: 527.790166718232} 
{0: '0.15', 1: '0.025', 2: '0.0', 3: '1.0629903792895394', 4: 521.3359626135835} 
{0: '0.16049382716049382', 1: '0.024691358024691357', 2: '0.0', 3: '1.0', 4: 535.4058990883417} 
{0: '0.15853658536585366', 1: '0.036585365853658534', 2: '0.0', 3: '1.0', 4: 523.1879634651739} 
{0: '0.1686746987951807', 1: '0.04819277108433735', 2: '0.0', 3: '1.0629903792895394', 4: 522.1804366478624} 
{0: '0.16666666666666666', 1: '0.047619047619047616', 2: '0.0', 3: '1.0629903792895394', 4: 518.1704412174773} 
{0: '0.17647058823529413', 1: '0.047058823529411764', 2: '0.0', 3: '1.0', 4: 520.9971781870174} 
{0: '0.1744186046511628', 1: '0.05813953488372093', 2: '0.0', 3: '1.0', 4: 522.0394703285806} 
{0: '0.1724137931034483', 1: '0.06896551724137931', 2: '0.0', 3: '1.0', 4: 522.2954857824873} 
{0: '0.17045454545454544', 1: '0.07954545454545454', 2: '0.0', 3: '1.0', 4: 517.7442827018654} 
{0: '0.1797752808988764', 1: '0.0898876404494382', 2: '0.0', 3: '1.0629903792895394', 4: 519.9441778570251} 
{0: '0.17777777777777778', 1: '0.08888888888888889', 2: '0.0', 3: '1.0629903792895394', 4: 521.9070431244137} 
{0: '0.18681318681318682', 1: '0.08791208791208792', 2: '0.0', 3: '1.0', 4: 530.8657396861057} 
{0: '0.18478260869565216', 1: '0.09782608695652174', 2: '0.0', 3: '1.0', 4: 517.4820538252799} 
{0: '0.1827956989247312', 1: '0.10752688172043011', 2: '0.0', 3: '1.0', 4: 521.3248041346282} 
{0: '0.18085106382978725', 1: '0.11702127659574468', 2: '0.0', 3: '1.0', 4: 521.070032968845} 
{0: '0.17894736842105263', 1: '0.12631578947368421', 2: '0.0', 3: '1.0', 4: 529.287059995971} 
{0: '0.17708333333333334', 1: '0.13541666666666666', 2: '0.0', 3: '1.0', 4: 529.3558051122105} 
{0: '0.18556701030927836', 1: '0.14432989690721648', 2: '0.0', 3: '1.0629903792895394', 4: 526.5454473659124} 
{0: '0.19387755102040816', 1: '0.14285714285714285', 2: '0.0', 3: '1.1299485464621188', 4: 539.4363420435565} 
{0: '0.1919191919191919', 1: '0.1414141414141414', 2: '0.0', 3: '1.1299485464621188', 4: 538.44970421029} 
{0: '0.2', 1: '0.14', 2: '0.0', 3: '1.0629903792895394', 4: 534.5857113137449} 
{0: '0.19801980198019803', 1: '0.13861386138613863', 2: '0.0', 3: '1.0629903792895394', 4: 531.760290720483} 
{0: '0.19607843137254902', 1: '0.13725490196078433', 2: '0.0', 3: '1.0629903792895394', 4: 521.5550758529154} 
{0: '0.20388349514563106', 1: '0.13592233009708737', 2: '0.0', 3: '1.0', 4: 537.5423150219133} 
{0: '0.20192307692307693', 1: '0.14423076923076922', 2: '0.0', 3: '1.0', 4: 524.0280385814007} 
{0: '0.2', 1: '0.1523809523809524', 2: '0.0', 3: '1.0', 4: 522.6930658413896} 
{0: '0.19811320754716982', 1: '0.16037735849056603', 2: '0.0', 3: '1.0', 4: 517.8916781671111} 
{0: '0.19626168224299065', 1: '0.16822429906542055', 2: '0.0', 3: '1.0', 4: 527.6250853856003} 
{0: '0.19444444444444445', 1: '0.17592592592592593', 2: '0.0', 3: '1.0', 4: 532.3372450341794} 
{0: '0.1926605504587156', 1: '0.1834862385321101', 2: '0.0', 3: '1.0', 4: 525.767230082453} 
{0: '0.19090909090909092', 1: '0.19090909090909092', 2: '0.0', 3: '1.0', 4: 518.1204023976783} 
{0: '0.1981981981981982', 1: '0.1981981981981982', 2: '0.0', 3: '1.0629903792895394', 4: 530.760912699893} 
{0: '0.19642857142857142', 1: '0.19642857142857142', 2: '0.0', 3: '1.0629903792895394', 4: 519.8705683746894} 
{0: '0.20353982300884957', 1: '0.19469026548672566', 2: '0.0', 3: '1.0', 4: 524.2059111825118} 
{0: '0.20175438596491227', 1: '0.20175438596491227', 2: '0.0', 3: '1.0', 4: 535.9321303838511} 
{0: '0.20869565217391303', 1: '0.20869565217391303', 2: '0.0', 3: '1.0629903792895394', 4: 520.7037580803133} 
{0: '0.20689655172413793', 1: '0.20689655172413793', 2: '0.0', 3: '1.0629903792895394', 4: 517.0345911531289} 
{0: '0.21367521367521367', 1: '0.20512820512820512', 2: '0.0', 3: '1.0', 4: 518.4670016099192} 
{0: '0.211864406779661', 1: '0.211864406779661', 2: '0.0', 3: '1.0', 4: 518.7484637557911} 
{0: '0.21008403361344538', 1: '0.2184873949579832', 2: '0.0', 3: '1.0', 4: 521.0160379932075} 
{0: '0.20833333333333334', 1: '0.225', 2: '0.0', 3: '1.0', 4: 534.2753580589375} 
{0: '0.2066115702479339', 1: '0.23140495867768596', 2: '0.0', 3: '1.0', 4: 530.9658361808682} 
{0: '0.20491803278688525', 1: '0.23770491803278687', 2: '0.0', 3: '1.0', 4: 518.3183997176296} 
{0: '0.2032520325203252', 1: '0.24390243902439024', 2: '0.0', 3: '1.0', 4: 527.2422526836467} 
{0: '0.20161290322580644', 1: '0.25', 2: '0.0', 3: '1.0', 4: 525.9876594897692} 
{0: '0.208', 1: '0.256', 2: '0.0', 3: '1.0629903792895394', 4: 516.0558200436471} 
{0: '0.20634920634920634', 1: '0.25396825396825395', 2: '0.0', 3: '1.0629903792895394', 4: 534.7804598509038} 
{0: '0.2125984251968504', 1: '0.25196850393700787', 2: '0.0', 3: '1.0', 4: 535.3444893059157} 
{0: '0.2109375', 1: '0.2578125', 2: '0.0', 3: '1.0', 4: 537.5096943413597} 
{0: '0.21705426356589147', 1: '0.26356589147286824', 2: '0.0', 3: '1.0629903792895394', 4: 531.6443806697412} 
{0: '0.2153846153846154', 1: '0.26153846153846155', 2: '0.0', 3: '1.0629903792895394', 4: 520.4430858555354} 
{0: '0.22137404580152673', 1: '0.2595419847328244', 2: '0.0', 3: '1.0', 4: 518.350121784897} 
{0: '0.2196969696969697', 1: '0.26515151515151514', 2: '0.0', 3: '1.0', 4: 531.8773506620994} 
{0: '0.22556390977443608', 1: '0.2706766917293233', 2: '0.0', 3: '1.0629903792895394', 4: 519.6703400012101} 
{0: '0.22388059701492538', 1: '0.26865671641791045', 2: '0.0', 3: '1.0629903792895394', 4: 523.3285258690408} 
{0: '0.22962962962962963', 1: '0.26666666666666666', 2: '0.0', 3: '1.0', 4: 521.7914800354376} 
{0: '0.22794117647058823', 1: '0.27205882352941174', 2: '0.0', 3: '1.0', 4: 520.981641516777} 
{0: '0.23357664233576642', 1: '0.2773722627737226', 2: '0.0', 3: '1.0629903792895394', 4: 524.4280844529283} 
{0: '0.2318840579710145', 1: '0.2753623188405797', 2: '0.0', 3: '1.0629903792895394', 4: 525.3776844537616} 
{0: '0.23741007194244604', 1: '0.2733812949640288', 2: '0.0', 3: '1.0', 4: 520.4427346779618} 
{0: '0.2357142857142857', 1: '0.2785714285714286', 2: '0.0', 3: '1.0', 4: 521.642017972144} 
{0: '0.23404255319148937', 1: '0.28368794326241137', 2: '0.0', 3: '1.0', 4: 523.7928783653858} 
{0: '0.2323943661971831', 1: '0.2887323943661972', 2: '0.0', 3: '1.0', 4: 521.8624537567505} 
{0: '0.23776223776223776', 1: '0.2937062937062937', 2: '0.0', 3: '1.0629903792895394', 4: 525.7108088929367} 
{0: '0.2361111111111111', 1: '0.2916666666666667', 2: '0.0', 3: '1.0629903792895394', 4: 529.2311555280845} 
{0: '0.2413793103448276', 1: '0.2896551724137931', 2: '0.0', 3: '1.0', 4: 527.1064325583219} 
{0: '0.23972602739726026', 1: '0.2945205479452055', 2: '0.0', 3: '1.0', 4: 531.5464449273499} 
{0: '0.23809523809523808', 1: '0.29931972789115646', 2: '0.0', 3: '1.0', 4: 518.2483300944028} 
{0: '0.23648648648648649', 1: '0.30405405405405406', 2: '0.0', 3: '1.0', 4: 522.5127741216353} 
{0: '0.24161073825503357', 1: '0.3087248322147651', 2: '0.0', 3: '1.0629903792895394', 4: 519.3268316321429} 
{0: '0.24', 1: '0.30666666666666664', 2: '0.0', 3: '1.0629903792895394', 4: 532.3460941517268} 
{0: '0.23841059602649006', 1: '0.304635761589404', 2: '0.0', 3: '1.0629903792895394', 4: 531.6615030281657} 
{0: '0.23684210526315788', 1: '0.3026315789473684', 2: '0.0', 3: '1.0629903792895394', 4: 519.6708431631987} 
{0: '0.24183006535947713', 1: '0.3006535947712418', 2: '0.0', 3: '1.0', 4: 520.4856127420798} 
{0: '0.24025974025974026', 1: '0.3051948051948052', 2: '0.0', 3: '1.0', 4: 518.1541237253753} 
{0: '0.23870967741935484', 1: '0.3096774193548387', 2: '0.0', 3: '1.0', 4: 517.8812403006156} 
{0: '0.23717948717948717', 1: '0.3141025641025641', 2: '0.0', 3: '1.0', 4: 535.2062162933807} 
{0: '0.24203821656050956', 1: '0.3184713375796178', 2: '0.0', 3: '1.0629903792895394', 4: 532.6086894163401} 
{0: '0.24050632911392406', 1: '0.31645569620253167', 2: '0.0', 3: '1.0629903792895394', 4: 521.6261079948056} 
{0: '0.24528301886792453', 1: '0.31446540880503143', 2: '0.0', 3: '1.0', 4: 533.8250617977146} 
{0: '0.24375', 1: '0.31875', 2: '0.0', 3: '1.0', 4: 520.4879607686399} 
{0: '0.2484472049689441', 1: '0.32298136645962733', 2: '0.0', 3: '1.0629903792895394', 4: 527.7239515046208} 
{0: '0.24691358024691357', 1: '0.32098765432098764', 2: '0.0', 3: '1.0629903792895394', 4: 520.5154731904479} 
{0: '0.25153374233128833', 1: '0.31901840490797545', 2: '0.0', 3: '1.0', 4: 537.0127408999856} 
{0: '0.25', 1: '0.3231707317073171', 2: '0.0', 3: '1.0', 4: 518.9665179965725} 
{0: '0.2545454545454545', 1: '0.32727272727272727', 2: '0.0', 3: '1.0629903792895394', 4: 523.8211992314331} 
{0: '0.25301204819277107', 1: '0.3253012048192771', 2: '0.0', 3: '1.0629903792895394', 4: 528.1239029489021} 
{0: '0.25748502994011974', 1: '0.32335329341317365', 2: '0.0', 3: '1.0', 4: 523.1187737665946} 
{0: '0.25595238095238093', 1: '0.3273809523809524', 2: '0.0', 3: '1.0', 4: 519.9981814118986} 
{0: '0.25443786982248523', 1: '0.33136094674556216', 2: '0.0', 3: '1.0', 4: 531.6158780556907} 
{0: '0.2529411764705882', 1: '0.3352941176470588', 2: '0.0', 3: '1.0', 4: 533.5120225167001} 
{0: '0.2573099415204678', 1: '0.3391812865497076', 2: '0.0', 3: '1.0629903792895394', 4: 526.315785148088} 
{0: '0.2616279069767442', 1: '0.3372093023255814', 2: '0.0', 3: '1.1299485464621188', 4: 520.1950720833055} 
{0: '0.26011560693641617', 1: '0.3352601156069364', 2: '0.0', 3: '1.1299485464621188', 4: 521.8085986030219} 
{0: '0.26436781609195403', 1: '0.3333333333333333', 2: '0.0', 3: '1.0629903792895394', 4: 534.3135007488003} 
{0: '0.26857142857142857', 1: '0.3314285714285714', 2: '0.0', 3: '1.0', 4: 532.5820770246495} 
{0: '0.26704545454545453', 1: '0.3352272727272727', 2: '0.0', 3: '1.0', 4: 524.5588425097545} 
{0: '0.2711864406779661', 1: '0.3389830508474576', 2: '0.0', 3: '1.0629903792895394', 4: 525.5678461284355} 
{0: '0.2752808988764045', 1: '0.33707865168539325', 2: '0.0', 3: '1.1299485464621188', 4: 535.9850557196188} 
{0: '0.27932960893854747', 1: '0.33519553072625696', 2: '0.0', 3: '1.2011244339814315', 4: 523.1335540303728} 
{0: '0.2777777777777778', 1: '0.3333333333333333', 2: '0.0', 3: '1.2011244339814315', 4: 532.7152114698584} 
{0: '0.281767955801105', 1: '0.3314917127071823', 2: '0.0', 3: '1.1299485464621188', 4: 521.2038712206329} 
{0: '0.2857142857142857', 1: '0.32967032967032966', 2: '0.0', 3: '1.0629903792895394', 4: 537.0986505703764} 
{0: '0.2896174863387978', 1: '0.32786885245901637', 2: '0.0', 3: '1.0', 4: 518.5030425813976} 
{0: '0.28804347826086957', 1: '0.33152173913043476', 2: '0.0', 3: '1.0', 4: 528.8343091176224} 
{0: '0.2918918918918919', 1: '0.33513513513513515', 2: '0.0', 3: '1.0629903792895394', 4: 516.3151564910117} 
{0: '0.2956989247311828', 1: '0.3333333333333333', 2: '0.0', 3: '1.1299485464621188', 4: 522.2118455578672} 
{0: '0.29411764705882354', 1: '0.3315508021390374', 2: '0.0', 3: '1.1299485464621188', 4: 519.2686891531024} 
{0: '0.2978723404255319', 1: '0.32978723404255317', 2: '0.0', 3: '1.0629903792895394', 4: 519.9495888339505} 
{0: '0.30158730158730157', 1: '0.328042328042328', 2: '0.0', 3: '1.0', 4: 523.9918309137654} 
{0: '0.3', 1: '0.33157894736842103', 2: '0.0', 3: '1.0', 4: 528.4627618523983} 
{0: '0.3036649214659686', 1: '0.33507853403141363', 2: '0.0', 3: '1.0629903792895394', 4: 521.8555025043303} 
{0: '0.3020833333333333', 1: '0.3333333333333333', 2: '0.0', 3: '1.0629903792895394', 4: 532.3801030761931} 
{0: '0.3005181347150259', 1: '0.3316062176165803', 2: '0.0', 3: '1.0629903792895394', 4: 536.8479131590408} 
{0: '0.30412371134020616', 1: '0.32989690721649484', 2: '0.0', 3: '1.1299485464621188', 4: 521.538127637773} 
{0: '0.30256410256410254', 1: '0.3282051282051282', 2: '0.0', 3: '1.1299485464621188', 4: 521.1101297605975} 
{0: '0.30612244897959184', 1: '0.32653061224489793', 2: '0.0', 3: '1.0629903792895394', 4: 520.3428997213632} 
{0: '0.3096446700507614', 1: '0.3248730964467005', 2: '0.0', 3: '1.0', 4: 534.4688597796094} 
{0: '0.30808080808080807', 1: '0.3282828282828283', 2: '0.0', 3: '1.0', 4: 527.7956753213716} 
{0: '0.31155778894472363', 1: '0.3316582914572864', 2: '0.0', 3: '1.0629903792895394', 4: 530.7710655639738} 
{0: '0.315', 1: '0.33', 2: '0.0', 3: '1.1299485464621188', 4: 528.0883367949187} 
{0: '0.31343283582089554', 1: '0.3283582089552239', 2: '0.0', 3: '1.1299485464621188', 4: 533.2333048370633} 
{0: '0.31683168316831684', 1: '0.32673267326732675', 2: '0.0', 3: '1.0629903792895394', 4: 525.0606379947113} 
{0: '0.32019704433497537', 1: '0.3251231527093596', 2: '0.0', 3: '1.0', 4: 518.6429813615915} 
{0: '0.31862745098039214', 1: '0.3284313725490196', 2: '0.0', 3: '1.0', 4: 528.1300124607911} 
{0: '0.32195121951219513', 1: '0.33170731707317075', 2: '0.0', 3: '1.0629903792895394', 4: 530.6738690634681} 
{0: '0.32038834951456313', 1: '0.3300970873786408', 2: '0.0', 3: '1.0629903792895394', 4: 523.7416917963775} 
{0: '0.32367149758454106', 1: '0.3285024154589372', 2: '0.0', 3: '1.0', 4: 532.9257615882868} 
{0: '0.32211538461538464', 1: '0.3317307692307692', 2: '0.0', 3: '1.0', 4: 524.6939575467974} 
{0: '0.3253588516746411', 1: '0.3349282296650718', 2: '0.0', 3: '1.0629903792895394', 4: 521.3736509262311} 
{0: '0.32857142857142857', 1: '0.3333333333333333', 2: '0.0', 3: '1.1299485464621188', 4: 519.318560637168} 
{0: '0.32701421800947866', 1: '0.33175355450236965', 2: '0.0', 3: '1.1299485464621188', 4: 529.5317093414155} 
{0: '0.32547169811320753', 1: '0.330188679245283', 2: '0.0', 3: '1.1299485464621188', 4: 528.6680719348566} 
{0: '0.323943661971831', 1: '0.3286384976525822', 2: '0.0', 3: '1.1299485464621188', 4: 532.0222234753237} 
{0: '0.32710280373831774', 1: '0.32710280373831774', 2: '0.0', 3: '1.0629903792895394', 4: 527.7116136078826} 
{0: '0.3302325581395349', 1: '0.32558139534883723', 2: '0.0', 3: '1.0', 4: 522.4702636767939} 
{0: '0.3287037037037037', 1: '0.3287037037037037', 2: '0.0', 3: '1.0', 4: 531.4689379901522} 
{0: '0.3271889400921659', 1: '0.3317972350230415', 2: '0.0', 3: '1.0', 4: 533.9543394779769} 
{0: '0.3256880733944954', 1: '0.3348623853211009', 2: '0.0', 3: '1.0', 4: 526.9113812945643} 
{0: '0.3287671232876712', 1: '0.3378995433789954', 2: '0.0', 3: '1.0629903792895394', 4: 529.5717551445007} 
{0: '0.33181818181818185', 1: '0.33636363636363636', 2: '0.0', 3: '1.1299485464621188', 4: 520.7952514630365} 
{0: '0.33031674208144796', 1: '0.334841628959276', 2: '0.0', 3: '1.1299485464621188', 4: 529.3899157541427} 
{0: '0.3333333333333333', 1: '0.3333333333333333', 2: '0.0', 3: '1.0629903792895394', 4: 527.8713645845949} 
{0: '0.33183856502242154', 1: '0.33183856502242154', 2: '0.0', 3: '1.0629903792895394', 4: 527.385862240589} 
{0: '0.33482142857142855', 1: '0.33035714285714285', 2: '0.0', 3: '1.1299485464621188', 4: 525.2640910242055} 
{0: '0.3333333333333333', 1: '0.3288888888888889', 2: '0.0', 3: '1.1299485464621188', 4: 517.322656032687} 
{0: '0.336283185840708', 1: '0.3274336283185841', 2: '0.0', 3: '1.0629903792895394', 4: 533.3745351264253} 
{0: '0.33480176211453744', 1: '0.32599118942731276', 2: '0.0', 3: '1.0629903792895394', 4: 519.244468230043} 
{0: '0.3333333333333333', 1: '0.32456140350877194', 2: '0.0', 3: '1.0629903792895394', 4: 523.7176969140988} 
{0: '0.33624454148471616', 1: '0.3231441048034934', 2: '0.0', 3: '1.0', 4: 541.7980031501218} 
{0: '0.3347826086956522', 1: '0.32608695652173914', 2: '0.0', 3: '1.0', 4: 534.8114375987869} 
{0: '0.33766233766233766', 1: '0.329004329004329', 2: '0.0', 3: '1.0629903792895394', 4: 524.2720020272155} 
{0: '0.34051724137931033', 1: '0.3275862068965517', 2: '0.0', 3: '1.1299485464621188', 4: 526.222232425378} 
{0: '0.33905579399141633', 1: '0.3261802575107296', 2: '0.0', 3: '1.1299485464621188', 4: 540.4204437793113} 
{0: '0.33760683760683763', 1: '0.3247863247863248', 2: '0.0', 3: '1.1299485464621188', 4: 525.7698659548422} 
{0: '0.3404255319148936', 1: '0.32340425531914896', 2: '0.0', 3: '1.2011244339814315', 4: 535.2489505971961} 
{0: '0.3432203389830508', 1: '0.3220338983050847', 2: '0.0', 3: '1.2767837176518553', 4: 528.0403426720318} 
{0: '0.34177215189873417', 1: '0.3206751054852321', 2: '0.0', 3: '1.2767837176518553', 4: 537.4025726714834} 
{0: '0.3445378151260504', 1: '0.31932773109243695', 2: '0.0', 3: '1.2011244339814315', 4: 519.3402220875757} 
{0: '0.3472803347280335', 1: '0.3179916317991632', 2: '0.0', 3: '1.1299485464621188', 4: 526.5118700751248} 
{0: '0.35', 1: '0.31666666666666665', 2: '0.0', 3: '1.0629903792895394', 4: 528.6099942143771} 
{0: '0.34854771784232363', 1: '0.3153526970954357', 2: '0.0', 3: '1.0629903792895394', 4: 520.820255699761} 
{0: '0.3512396694214876', 1: '0.3140495867768595', 2: '0.0', 3: '1.1299485464621188', 4: 520.550094048089} 
{0: '0.3497942386831276', 1: '0.31275720164609055', 2: '0.0', 3: '1.1299485464621188', 4: 523.1001565933984} 
{0: '0.3524590163934426', 1: '0.3114754098360656', 2: '0.0', 3: '1.0629903792895394', 4: 535.8100195168926} 
{0: '0.3510204081632653', 1: '0.31020408163265306', 2: '0.0', 3: '1.0629903792895394', 4: 519.8408510089074} 
{0: '0.34959349593495936', 1: '0.3089430894308943', 2: '0.0', 3: '1.0629903792895394', 4: 532.0025400694152} 
{0: '0.3522267206477733', 1: '0.3076923076923077', 2: '0.0', 3: '1.0', 4: 518.7493206181796} 
{0: '0.35080645161290325', 1: '0.31048387096774194', 2: '0.0', 3: '1.0', 4: 534.817968273954} 
{0: '0.3534136546184739', 1: '0.3132530120481928', 2: '0.0', 3: '1.0629903792895394', 4: 535.1610523542637} 
{0: '0.356', 1: '0.312', 2: '0.0', 3: '1.1299485464621188', 4: 526.6863914691535} 
{0: '0.3545816733067729', 1: '0.3107569721115538', 2: '0.0', 3: '1.1299485464621188', 4: 533.5645018312523} 
{0: '0.35714285714285715', 1: '0.30952380952380953', 2: '0.0', 3: '1.0629903792895394', 4: 520.3199539489874} 
{0: '0.35968379446640314', 1: '0.308300395256917', 2: '0.0', 3: '1.0', 4: 533.115662541211} 
{0: '0.35826771653543305', 1: '0.3110236220472441', 2: '0.0', 3: '1.0', 4: 524.3130319531632} 
{0: '0.3568627450980392', 1: '0.3137254901960784', 2: '0.0', 3: '1.0', 4: 521.7109628654644} 
{0: '0.35546875', 1: '0.31640625', 2: '0.0', 3: '1.0', 4: 526.843546616045} 
{0: '0.3540856031128405', 1: '0.31906614785992216', 2: '0.0', 3: '1.0', 4: 522.9461571726464} 
{0: '0.35271317829457366', 1: '0.32170542635658916', 2: '0.0', 3: '1.0', 4: 521.1973838489716} 
{0: '0.3552123552123552', 1: '0.32432432432432434', 2: '0.0', 3: '1.0629903792895394', 4: 520.6325458305018} 
{0: '0.3576923076923077', 1: '0.3230769230769231', 2: '0.0', 3: '1.1299485464621188', 4: 526.7765084135808} 
{0: '0.3563218390804598', 1: '0.3218390804597701', 2: '0.0', 3: '1.1299485464621188', 4: 531.4882416119631} 
{0: '0.35877862595419846', 1: '0.32061068702290074', 2: '0.0', 3: '1.0629903792895394', 4: 518.2801973105185} 
{0: '0.3612167300380228', 1: '0.3193916349809886', 2: '0.0', 3: '1.0', 4: 529.6478466842099} 
{0: '0.35984848484848486', 1: '0.32196969696969696', 2: '0.0', 3: '1.0', 4: 517.2683243066449} 
{0: '0.3622641509433962', 1: '0.32452830188679244', 2: '0.0', 3: '1.0629903792895394', 4: 535.8316681096794} 
{0: '0.36466165413533835', 1: '0.3233082706766917', 2: '0.0', 3: '1.1299485464621188', 4: 522.1498286131662} 
{0: '0.36329588014981273', 1: '0.32209737827715357', 2: '0.0', 3: '1.1299485464621188', 4: 520.8607867559219} 
{0: '0.3656716417910448', 1: '0.3208955223880597', 2: '0.0', 3: '1.0629903792895394', 4: 520.208154753299} 
{0: '0.3680297397769517', 1: '0.31970260223048325', 2: '0.0', 3: '1.0', 4: 535.1981387274027} 
{0: '0.36666666666666664', 1: '0.32222222222222224', 2: '0.0', 3: '1.0', 4: 528.6258764787344} 
{0: '0.36900369003690037', 1: '0.3247232472324723', 2: '0.0', 3: '1.0629903792895394', 4: 524.1532818555322} 
{0: '0.3713235294117647', 1: '0.3235294117647059', 2: '0.0', 3: '1.1299485464621188', 4: 529.1006995900837} 
{0: '0.36996336996337', 1: '0.32234432234432236', 2: '0.0', 3: '1.1299485464621188', 4: 519.7733354382256} 
{0: '0.3722627737226277', 1: '0.32116788321167883', 2: '0.0', 3: '1.0629903792895394', 4: 535.6997062967953} 
{0: '0.37454545454545457', 1: '0.32', 2: '0.0', 3: '1.0', 4: 524.2446353752306} 
{0: '0.37318840579710144', 1: '0.322463768115942', 2: '0.0', 3: '1.0', 4: 538.4189872997144} 
{0: '0.37545126353790614', 1: '0.3249097472924188', 2: '0.0', 3: '1.0629903792895394', 4: 533.9810912181129} 
{0: '0.3776978417266187', 1: '0.3237410071942446', 2: '0.0', 3: '1.1299485464621188', 4: 539.643538516122} 
{0: '0.37992831541218636', 1: '0.3225806451612903', 2: '0.0', 3: '1.2011244339814315', 4: 533.436167868347} 
{0: '0.3821428571428571', 1: '0.32142857142857145', 2: '0.0', 3: '1.2767837176518553', 4: 526.8835402326613} 
{0: '0.3807829181494662', 1: '0.3202846975088968', 2: '0.0', 3: '1.2767837176518553', 4: 526.873120384724} 
{0: '0.3829787234042553', 1: '0.3191489361702128', 2: '0.0', 3: '1.2011244339814315', 4: 532.5160029685786} 
{0: '0.38515901060070673', 1: '0.31802120141342755', 2: '0.0', 3: '1.1299485464621188', 4: 518.7466538076951} 
{0: '0.3873239436619718', 1: '0.31690140845070425', 2: '0.0', 3: '1.0629903792895394', 4: 518.2479268426456} 
{0: '0.3894736842105263', 1: '0.3157894736842105', 2: '0.0', 3: '1.0', 4: 521.3466766037661} 
{0: '0.3881118881118881', 1: '0.3181818181818182', 2: '0.0', 3: '1.0', 4: 522.7125864725045} 
{0: '0.3902439024390244', 1: '0.3205574912891986', 2: '0.0', 3: '1.0629903792895394', 4: 523.3608809456517} 
{0: '0.3923611111111111', 1: '0.3194444444444444', 2: '0.0', 3: '1.1299485464621188', 4: 520.3750268519364} 
{0: '0.39100346020761245', 1: '0.31833910034602075', 2: '0.0', 3: '1.1299485464621188', 4: 519.8346241335266} 
{0: '0.3931034482758621', 1: '0.31724137931034485', 2: '0.0', 3: '1.0629903792895394', 4: 519.1873008743592} 
{0: '0.3951890034364261', 1: '0.3161512027491409', 2: '0.0', 3: '1.0', 4: 531.7412318087437} 
{0: '0.3938356164383562', 1: '0.3184931506849315', 2: '0.0', 3: '1.0', 4: 531.6532949013837} 
{0: '0.39590443686006827', 1: '0.32081911262798635', 2: '0.0', 3: '1.0629903792895394', 4: 519.3665459958917} 
{0: '0.3979591836734694', 1: '0.3197278911564626', 2: '0.0', 3: '1.1299485464621188', 4: 531.6403505490717} 
{0: '0.39661016949152544', 1: '0.31864406779661014', 2: '0.0', 3: '1.1299485464621188', 4: 523.412153572816} 
{0: '0.3952702702702703', 1: '0.31756756756756754', 2: '0.0', 3: '1.1299485464621188', 4: 532.1614438069646} 
{0: '0.39730639730639733', 1: '0.3164983164983165', 2: '0.0', 3: '1.2011244339814315', 4: 536.3484625673792} 
{0: '0.39932885906040266', 1: '0.31543624161073824', 2: '0.0', 3: '1.2767837176518553', 4: 524.4793546139103} 
{0: '0.3979933110367893', 1: '0.31438127090301005', 2: '0.0', 3: '1.2767837176518553', 4: 520.5693995954467} 
{0: '0.4', 1: '0.31333333333333335', 2: '0.0', 3: '1.2011244339814315', 4: 540.8667371630667} 
{0: '0.4019933554817276', 1: '0.3122923588039867', 2: '0.0', 3: '1.1299485464621188', 4: 535.6373644500279} 
{0: '0.40397350993377484', 1: '0.31125827814569534', 2: '0.0', 3: '1.0629903792895394', 4: 528.2180545105759} 
{0: '0.40594059405940597', 1: '0.3102310231023102', 2: '0.0', 3: '1.0', 4: 526.165606003693} 
{0: '0.40460526315789475', 1: '0.3125', 2: '0.0', 3: '1.0', 4: 519.6849240901515} 
{0: '0.4065573770491803', 1: '0.31475409836065577', 2: '0.0', 3: '1.0629903792895394', 4: 524.1404408572915} 
{0: '0.40522875816993464', 1: '0.3137254901960784', 2: '0.0', 3: '1.0629903792895394', 4: 522.6719967029268} 
{0: '0.40716612377850164', 1: '0.3127035830618892', 2: '0.0', 3: '1.0', 4: 519.0489417122735} 
{0: '0.40584415584415584', 1: '0.31493506493506496', 2: '0.0', 3: '1.0', 4: 519.9183641302021} 
{0: '0.4045307443365696', 1: '0.31715210355987056', 2: '0.0', 3: '1.0', 4: 519.5219253453266} 
{0: '0.4032258064516129', 1: '0.3193548387096774', 2: '0.0', 3: '1.0', 4: 520.7033788304942} 
{0: '0.40192926045016075', 1: '0.3215434083601286', 2: '0.0', 3: '1.0', 4: 534.7111586205956} 
{0: '0.40064102564102566', 1: '0.32371794871794873', 2: '0.0', 3: '1.0', 4: 519.9058503005297} 
{0: '0.402555910543131', 1: '0.3258785942492013', 2: '0.0', 3: '1.0629903792895394', 4: 523.0429364433759} 
{0: '0.40445859872611467', 1: '0.3248407643312102', 2: '0.0', 3: '1.1299485464621188', 4: 519.750399519833} 
{0: '0.40634920634920635', 1: '0.3238095238095238', 2: '0.0', 3: '1.2011244339814315', 4: 517.1156988056448} 
{0: '0.4050632911392405', 1: '0.3227848101265823', 2: '0.0', 3: '1.2011244339814315', 4: 520.6963168695218} 
{0: '0.4069400630914827', 1: '0.3217665615141956', 2: '0.0', 3: '1.1299485464621188', 4: 528.228347267675} 
{0: '0.4088050314465409', 1: '0.32075471698113206', 2: '0.0', 3: '1.0629903792895394', 4: 529.7960284475754} 
{0: '0.4106583072100313', 1: '0.31974921630094044', 2: '0.0', 3: '1.0', 4: 519.0013219273351} 
{0: '0.409375', 1: '0.321875', 2: '0.0', 3: '1.0', 4: 520.1536562596503} 
{0: '0.411214953271028', 1: '0.32398753894080995', 2: '0.0', 3: '1.0629903792895394', 4: 532.2007640299628} 
{0: '0.40993788819875776', 1: '0.32298136645962733', 2: '0.0', 3: '1.0629903792895394', 4: 529.216287525035} 
{0: '0.4117647058823529', 1: '0.3219814241486068', 2: '0.0', 3: '1.0', 4: 519.5787255518865} 
{0: '0.4104938271604938', 1: '0.32407407407407407', 2: '0.0', 3: '1.0', 4: 522.6242679576237} 
{0: '0.40923076923076923', 1: '0.3261538461538461', 2: '0.0', 3: '1.0', 4: 520.4836679930763} 
{0: '0.40797546012269936', 1: '0.3282208588957055', 2: '0.0', 3: '1.0', 4: 519.6085483998575} 
{0: '0.40672782874617736', 1: '0.3302752293577982', 2: '0.0', 3: '1.0', 4: 534.5457808542563} 
{0: '0.4054878048780488', 1: '0.3323170731707317', 2: '0.0', 3: '1.0', 4: 533.8148862836968} 
{0: '0.4072948328267477', 1: '0.3343465045592705', 2: '0.0', 3: '1.0629903792895394', 4: 518.56407452545} 
{0: '0.40606060606060607', 1: '0.3333333333333333', 2: '0.0', 3: '1.0629903792895394', 4: 519.077465859943} 
{0: '0.4078549848942598', 1: '0.3323262839879154', 2: '0.0', 3: '1.0', 4: 540.8969786369947} 
{0: '0.4066265060240964', 1: '0.33433734939759036', 2: '0.0', 3: '1.0', 4: 519.5528072176816} 
{0: '0.40540540540540543', 1: '0.33633633633633636', 2: '0.0', 3: '1.0', 4: 529.7967965274519} 
{0: '0.4041916167664671', 1: '0.3383233532934132', 2: '0.0', 3: '1.0', 4: 520.7794693818392} 
{0: '0.40298507462686567', 1: '0.3402985074626866', 2: '0.0', 3: '1.0', 4: 528.350783281173} 
{0: '0.4017857142857143', 1: '0.34226190476190477', 2: '0.0', 3: '1.0', 4: 524.9189053361998} 
{0: '0.40059347181008903', 1: '0.34421364985163205', 2: '0.0', 3: '1.0', 4: 528.7743242003552} 
{0: '0.3994082840236686', 1: '0.34615384615384615', 2: '0.0', 3: '1.0', 4: 523.2122586804978} 
{0: '0.40117994100294985', 1: '0.3480825958702065', 2: '0.0', 3: '1.0629903792895394', 4: 521.437596486275} 
{0: '0.40294117647058825', 1: '0.34705882352941175', 2: '0.0', 3: '1.1299485464621188', 4: 527.0411826760162} 
{0: '0.40175953079178883', 1: '0.3460410557184751', 2: '0.0', 3: '1.1299485464621188', 4: 535.0015785538538} 
{0: '0.40350877192982454', 1: '0.34502923976608185', 2: '0.0', 3: '1.0629903792895394', 4: 530.8922857990558} 
{0: '0.40233236151603496', 1: '0.34402332361516036', 2: '0.0', 3: '1.0629903792895394', 4: 534.6531292024885} 
{0: '0.40406976744186046', 1: '0.3430232558139535', 2: '0.0', 3: '1.1299485464621188', 4: 533.2528621466935} 
{0: '0.4057971014492754', 1: '0.34202898550724636', 2: '0.0', 3: '1.2011244339814315', 4: 529.2758388895207} 
{0: '0.4046242774566474', 1: '0.34104046242774566', 2: '0.0', 3: '1.2011244339814315', 4: 517.2832471701063} 
{0: '0.40634005763688763', 1: '0.3400576368876081', 2: '0.0', 3: '1.1299485464621188', 4: 535.0420473811391} 
{0: '0.40804597701149425', 1: '0.3390804597701149', 2: '0.0', 3: '1.0629903792895394', 4: 532.4871596824393} 
{0: '0.40974212034383956', 1: '0.33810888252148996', 2: '0.0', 3: '1.0', 4: 538.121037686131} 
{0: '0.4085714285714286', 1: '0.34', 2: '0.0', 3: '1.0', 4: 532.386138796213} 
{0: '0.41025641025641024', 1: '0.3418803418803419', 2: '0.0', 3: '1.0629903792895394', 4: 527.3538227461987} 
{0: '0.4090909090909091', 1: '0.3409090909090909', 2: '0.0', 3: '1.0629903792895394', 4: 530.6871554575871} 
{0: '0.41076487252124644', 1: '0.33994334277620397', 2: '0.0', 3: '1.0', 4: 519.4539114616973} 
{0: '0.4096045197740113', 1: '0.3418079096045198', 2: '0.0', 3: '1.0', 4: 519.8023239750456} 
{0: '0.4084507042253521', 1: '0.3436619718309859', 2: '0.0', 3: '1.0', 4: 521.4119672670961} 
{0: '0.40730337078651685', 1: '0.3455056179775281', 2: '0.0', 3: '1.0', 4: 527.9194650187155} 
{0: '0.40896358543417366', 1: '0.3473389355742297', 2: '0.0', 3: '1.0629903792895394', 4: 522.7898198348294} 
{0: '0.4106145251396648', 1: '0.3463687150837989', 2: '0.0', 3: '1.1299485464621188', 4: 531.5303670264519} 
{0: '0.40947075208913647', 1: '0.34540389972144847', 2: '0.0', 3: '1.1299485464621188', 4: 529.6583286628195} 
{0: '0.4111111111111111', 1: '0.34444444444444444', 2: '0.0', 3: '1.0629903792895394', 4: 532.0111796044943} 
{0: '0.41274238227146814', 1: '0.34349030470914127', 2: '0.0', 3: '1.0', 4: 523.7754856058752} 
{0: '0.4116022099447514', 1: '0.3453038674033149', 2: '0.0', 3: '1.0', 4: 523.1795667288452} 
{0: '0.4132231404958678', 1: '0.34710743801652894', 2: '0.0', 3: '1.0629903792895394', 4: 519.4228935323729} 
{0: '0.41483516483516486', 1: '0.34615384615384615', 2: '0.0', 3: '1.1299485464621188', 4: 537.6296333200268} 
{0: '0.4136986301369863', 1: '0.3452054794520548', 2: '0.0', 3: '1.1299485464621188', 4: 525.687972868875} 
{0: '0.41530054644808745', 1: '0.3442622950819672', 2: '0.0', 3: '1.0629903792895394', 4: 520.4775020744693} 
{0: '0.41689373297002724', 1: '0.34332425068119893', 2: '0.0', 3: '1.0', 4: 528.8392904889057} 
{0: '0.4157608695652174', 1: '0.3451086956521739', 2: '0.0', 3: '1.0', 4: 529.5752938905831} 
{0: '0.4173441734417344', 1: '0.34688346883468835', 2: '0.0', 3: '1.0629903792895394', 4: 525.4666951977173} 
{0: '0.4189189189189189', 1: '0.34594594594594597', 2: '0.0', 3: '1.1299485464621188', 4: 522.1423270236043} 
{0: '0.41778975741239893', 1: '0.3450134770889488', 2: '0.0', 3: '1.1299485464621188', 4: 535.1890025752965} 
{0: '0.4166666666666667', 1: '0.34408602150537637', 2: '0.0', 3: '1.1299485464621188', 4: 518.3178640684653} 
{0: '0.4155495978552279', 1: '0.34316353887399464', 2: '0.0', 3: '1.1299485464621188', 4: 518.105898002869} 
{0: '0.41711229946524064', 1: '0.3422459893048128', 2: '0.0', 3: '1.0629903792895394', 4: 528.2432312895155} 
{0: '0.416', 1: '0.3413333333333333', 2: '0.0', 3: '1.0629903792895394', 4: 519.1924889442241} 
{0: '0.4148936170212766', 1: '0.3404255319148936', 2: '0.0', 3: '1.0629903792895394', 4: 520.9991816043735} 
{0: '0.41644562334217505', 1: '0.3395225464190981', 2: '0.0', 3: '1.0', 4: 533.2517517307792} 
{0: '0.41534391534391535', 1: '0.3412698412698413', 2: '0.0', 3: '1.0', 4: 528.3081474592263} 
{0: '0.41688654353562005', 1: '0.34300791556728233', 2: '0.0', 3: '1.0629903792895394', 4: 542.5064774410703} 
{0: '0.41842105263157897', 1: '0.34210526315789475', 2: '0.0', 3: '1.1299485464621188', 4: 519.9452309324595} 
{0: '0.41732283464566927', 1: '0.34120734908136485', 2: '0.0', 3: '1.1299485464621188', 4: 531.8515428490954} 
{0: '0.418848167539267', 1: '0.3403141361256545', 2: '0.0', 3: '1.0629903792895394', 4: 524.1054724379436} 
{0: '0.42036553524804177', 1: '0.3394255874673629', 2: '0.0', 3: '1.0', 4: 530.514759905378} 
{0: '0.4192708333333333', 1: '0.3411458333333333', 2: '0.0', 3: '1.0', 4: 538.3916008010295} 
{0: '0.42077922077922075', 1: '0.34285714285714286', 2: '0.0', 3: '1.0629903792895394', 4: 534.3834248486728} 
{0: '0.422279792746114', 1: '0.34196891191709844', 2: '0.0', 3: '1.1299485464621188', 4: 522.9782723729986} 
{0: '0.42118863049095606', 1: '0.34108527131782945', 2: '0.0', 3: '1.1299485464621188', 4: 522.0044435316984} 
{0: '0.422680412371134', 1: '0.3402061855670103', 2: '0.0', 3: '1.0629903792895394', 4: 523.2003098506167} 
{0: '0.4241645244215938', 1: '0.3393316195372751', 2: '0.0', 3: '1.0', 4: 535.3231591755815} 
{0: '0.4230769230769231', 1: '0.34102564102564104', 2: '0.0', 3: '1.0', 4: 525.5501554751821} 
{0: '0.42455242966751916', 1: '0.34271099744245526', 2: '0.0', 3: '1.0629903792895394', 4: 524.1634625517815} 
{0: '0.4260204081632653', 1: '0.34183673469387754', 2: '0.0', 3: '1.1299485464621188', 4: 534.0932951865294} 
{0: '0.42748091603053434', 1: '0.34096692111959287', 2: '0.0', 3: '1.2011244339814315', 4: 529.0224007985345} 
{0: '0.4263959390862944', 1: '0.3401015228426396', 2: '0.0', 3: '1.2011244339814315', 4: 533.6325817007184} 
{0: '0.4253164556962025', 1: '0.3392405063291139', 2: '0.0', 3: '1.2011244339814315', 4: 534.3240149002564} 
{0: '0.42424242424242425', 1: '0.3383838383838384', 2: '0.0', 3: '1.2011244339814315', 4: 524.7015779306683} 
{0: '0.4256926952141058', 1: '0.33753148614609574', 2: '0.0', 3: '1.1299485464621188', 4: 520.5813258820381} 
{0: '0.4271356783919598', 1: '0.33668341708542715', 2: '0.0', 3: '1.0629903792895394', 4: 533.6739031513081} 
{0: '0.42606516290726815', 1: '0.3358395989974937', 2: '0.0', 3: '1.0629903792895394', 4: 536.4983526590921} 
{0: '0.4275', 1: '0.335', 2: '0.0', 3: '1.1299485464621188', 4: 524.4186514829022} 
{0: '0.42643391521197005', 1: '0.3341645885286783', 2: '0.0', 3: '1.1299485464621188', 4: 530.8981652790363} 
{0: '0.42786069651741293', 1: '0.3333333333333333', 2: '0.0', 3: '1.0629903792895394', 4: 542.1765594232176} 
{0: '0.4267990074441687', 1: '0.3325062034739454', 2: '0.0', 3: '1.0629903792895394', 4: 521.0572883060652} 
{0: '0.4282178217821782', 1: '0.3316831683168317', 2: '0.0', 3: '1.1299485464621188', 4: 521.5108253053055} 
{0: '0.4271604938271605', 1: '0.3308641975308642', 2: '0.0', 3: '1.1299485464621188', 4: 518.9022996820124} 
{0: '0.42857142857142855', 1: '0.33004926108374383', 2: '0.0', 3: '1.0629903792895394', 4: 518.4632005711584} 
{0: '0.42997542997543', 1: '0.32923832923832924', 2: '0.0', 3: '1.0', 4: 524.3745935300796} 
{0: '0.42892156862745096', 1: '0.33088235294117646', 2: '0.0', 3: '1.0', 4: 532.0047767519934} 
{0: '0.43031784841075793', 1: '0.33251833740831294', 2: '0.0', 3: '1.0629903792895394', 4: 527.612925268737} 
{0: '0.4292682926829268', 1: '0.33170731707317075', 2: '0.0', 3: '1.0629903792895394', 4: 526.108951724516} 
{0: '0.4306569343065693', 1: '0.3309002433090024', 2: '0.0', 3: '1.0', 4: 540.5684403022004} 
{0: '0.42961165048543687', 1: '0.3325242718446602', 2: '0.0', 3: '1.0', 4: 523.3758795642046} 
{0: '0.43099273607748184', 1: '0.3341404358353511', 2: '0.0', 3: '1.0629903792895394', 4: 539.8703584196893} 
{0: '0.4323671497584541', 1: '0.3333333333333333', 2: '0.0', 3: '1.1299485464621188', 4: 526.5958213672213} 
{0: '0.43132530120481927', 1: '0.3325301204819277', 2: '0.0', 3: '1.1299485464621188', 4: 525.7856192928839} 
{0: '0.4326923076923077', 1: '0.3317307692307692', 2: '0.0', 3: '1.0629903792895394', 4: 542.1161642609352} 
{0: '0.4316546762589928', 1: '0.33093525179856115', 2: '0.0', 3: '1.0629903792895394', 4: 518.1490240063179} 
{0: '0.430622009569378', 1: '0.33014354066985646', 2: '0.0', 3: '1.0629903792895394', 4: 529.2163784596833} 
{0: '0.431980906921241', 1: '0.32935560859188545', 2: '0.0', 3: '1.0', 4: 528.6616703918215} 
{0: '0.430952380952381', 1: '0.33095238095238094', 2: '0.0', 3: '1.0', 4: 529.6971407371681} 
{0: '0.4323040380047506', 1: '0.332541567695962', 2: '0.0', 3: '1.0629903792895394', 4: 532.4717959332783} 
{0: '0.43364928909952605', 1: '0.33175355450236965', 2: '0.0', 3: '1.1299485464621188', 4: 528.5694761134795} 
{0: '0.4326241134751773', 1: '0.3309692671394799', 2: '0.0', 3: '1.1299485464621188', 4: 525.5516095003941} 
{0: '0.4339622641509434', 1: '0.330188679245283', 2: '0.0', 3: '1.0629903792895394', 4: 524.0412253630599} 
{0: '0.43529411764705883', 1: '0.32941176470588235', 2: '0.0', 3: '1.0', 4: 517.2782224643398} 
{0: '0.43427230046948356', 1: '0.33098591549295775', 2: '0.0', 3: '1.0', 4: 527.4526544986342} 
{0: '0.43559718969555034', 1: '0.3325526932084309', 2: '0.0', 3: '1.0629903792895394', 4: 522.0850963859045} 
{0: '0.43457943925233644', 1: '0.3317757009345794', 2: '0.0', 3: '1.0629903792895394', 4: 520.6764101480946} 
{0: '0.4358974358974359', 1: '0.331002331002331', 2: '0.0', 3: '1.0', 4: 517.3842620425521} 
{0: '0.43488372093023253', 1: '0.3325581395348837', 2: '0.0', 3: '1.0', 4: 533.1853706228484} 
{0: '0.4361948955916473', 1: '0.33410672853828305', 2: '0.0', 3: '1.0629903792895394', 4: 537.1253446604376} 
{0: '0.4375', 1: '0.3333333333333333', 2: '0.0', 3: '1.1299485464621188', 4: 538.5816926424259} 
{0: '0.43648960739030024', 1: '0.3325635103926097', 2: '0.0', 3: '1.1299485464621188', 4: 520.3348315947892} 
{0: '0.4377880184331797', 1: '0.3317972350230415', 2: '0.0', 3: '1.0629903792895394', 4: 522.6947094997402} 
{0: '0.4367816091954023', 1: '0.3310344827586207', 2: '0.0', 3: '1.0629903792895394', 4: 519.49430625584} 
{0: '0.43577981651376146', 1: '0.3302752293577982', 2: '0.0', 3: '1.0629903792895394', 4: 529.7105306807522} 
{0: '0.43478260869565216', 1: '0.3295194508009153', 2: '0.0', 3: '1.0629903792895394', 4: 522.2442639299167} 
{0: '0.4337899543378995', 1: '0.3287671232876712', 2: '0.0', 3: '1.0629903792895394', 4: 532.7785086802495} 
{0: '0.43507972665148065', 1: '0.32801822323462415', 2: '0.0', 3: '1.0', 4: 522.7516523495898} 
{0: '0.4340909090909091', 1: '0.32954545454545453', 2: '0.0', 3: '1.0', 4: 518.4993970407686} 
{0: '0.43537414965986393', 1: '0.3310657596371882', 2: '0.0', 3: '1.0629903792895394', 4: 516.8760965735526} 
{0: '0.4343891402714932', 1: '0.33031674208144796', 2: '0.0', 3: '1.0629903792895394', 4: 525.6982169642688} 
{0: '0.435665914221219', 1: '0.3295711060948081', 2: '0.0', 3: '1.0', 4: 520.1708472391074} 
{0: '0.4346846846846847', 1: '0.3310810810810811', 2: '0.0', 3: '1.0', 4: 521.6956446065045} 
{0: '0.43595505617977526', 1: '0.3325842696629214', 2: '0.0', 3: '1.0629903792895394', 4: 537.0660765128258} 
{0: '0.4349775784753363', 1: '0.33183856502242154', 2: '0.0', 3: '1.0629903792895394', 4: 518.5308983749661} 
{0: '0.436241610738255', 1: '0.33109619686800895', 2: '0.0', 3: '1.0', 4: 520.5199480728951} 
{0: '0.43526785714285715', 1: '0.3325892857142857', 2: '0.0', 3: '1.0', 4: 535.0455837333847} 
{0: '0.4365256124721604', 1: '0.33407572383073497', 2: '0.0', 3: '1.0629903792895394', 4: 522.8681912844282} 
{0: '0.43555555555555553', 1: '0.3333333333333333', 2: '0.0', 3: '1.0629903792895394', 4: 525.7780462240346} 
{0: '0.43680709534368073', 1: '0.3325942350332594', 2: '0.0', 3: '1.0', 4: 522.7474779936285} 
{0: '0.4358407079646018', 1: '0.334070796460177', 2: '0.0', 3: '1.0', 4: 530.2076718404082} 
{0: '0.4370860927152318', 1: '0.3355408388520971', 2: '0.0', 3: '1.0629903792895394', 4: 541.4726843366695} 
{0: '0.43832599118942733', 1: '0.33480176211453744', 2: '0.0', 3: '1.1299485464621188', 4: 521.3013849587888} 
{0: '0.43736263736263736', 1: '0.33406593406593404', 2: '0.0', 3: '1.1299485464621188', 4: 518.3214810296325} 
{0: '0.43859649122807015', 1: '0.3333333333333333', 2: '0.0', 3: '1.0629903792895394', 4: 528.7788677311969} 
{0: '0.437636761487965', 1: '0.33260393873085337', 2: '0.0', 3: '1.0629903792895394', 4: 516.7203296372411} 
{0: '0.4388646288209607', 1: '0.3318777292576419', 2: '0.0', 3: '1.1299485464621188', 4: 520.4995535411764} 
{0: '0.43790849673202614', 1: '0.3311546840958606', 2: '0.0', 3: '1.1299485464621188', 4: 523.4388012930696} 
{0: '0.4391304347826087', 1: '0.33043478260869563', 2: '0.0', 3: '1.0629903792895394', 4: 519.4845595968263} 
{0: '0.4403470715835141', 1: '0.3297180043383948', 2: '0.0', 3: '1.0', 4: 523.6293661427601} 
{0: '0.4393939393939394', 1: '0.33116883116883117', 2: '0.0', 3: '1.0', 4: 524.7222024059834} 
{0: '0.43844492440604754', 1: '0.3326133909287257', 2: '0.0', 3: '1.0', 4: 520.5765054085833} 
{0: '0.4375', 1: '0.33405172413793105', 2: '0.0', 3: '1.0', 4: 535.2951948851411} 
{0: '0.43870967741935485', 1: '0.33548387096774196', 2: '0.0', 3: '1.0629903792895394', 4: 528.2310096212841} 
{0: '0.43776824034334766', 1: '0.33476394849785407', 2: '0.0', 3: '1.0629903792895394', 4: 529.3380134525786} 
{0: '0.43897216274089934', 1: '0.3340471092077088', 2: '0.0', 3: '1.0', 4: 523.2506125570786} 
{0: '0.43803418803418803', 1: '0.33547008547008544', 2: '0.0', 3: '1.0', 4: 525.4209492498612} 
{0: '0.43710021321961623', 1: '0.3368869936034115', 2: '0.0', 3: '1.0', 4: 524.6801961933777} 
{0: '0.43617021276595747', 1: '0.3382978723404255', 2: '0.0', 3: '1.0', 4: 522.1147030941612} 
{0: '0.43736730360934184', 1: '0.33970276008492567', 2: '0.0', 3: '1.0629903792895394', 4: 518.1897641296498} 
{0: '0.4364406779661017', 1: '0.3389830508474576', 2: '0.0', 3: '1.0629903792895394', 4: 520.584800289246} 
{0: '0.4376321353065539', 1: '0.3382663847780127', 2: '0.0', 3: '1.0', 4: 519.8122708362872} 
{0: '0.43670886075949367', 1: '0.339662447257384', 2: '0.0', 3: '1.0', 4: 525.2498266234429} 
{0: '0.4378947368421053', 1: '0.3410526315789474', 2: '0.0', 3: '1.0629903792895394', 4: 519.8101330038057} 
{0: '0.43907563025210083', 1: '0.3403361344537815', 2: '0.0', 3: '1.1299485464621188', 4: 525.9309008317293} 
{0: '0.4381551362683438', 1: '0.33962264150943394', 2: '0.0', 3: '1.1299485464621188', 4: 524.7547634631208} 
{0: '0.4393305439330544', 1: '0.3389121338912134', 2: '0.0', 3: '1.0629903792895394', 4: 521.7861579570775} 
{0: '0.4405010438413361', 1: '0.33820459290187893', 2: '0.0', 3: '1.0', 4: 520.9322956755204} 
{0: '0.4395833333333333', 1: '0.33958333333333335', 2: '0.0', 3: '1.0', 4: 533.0451714552376} 
{0: '0.4386694386694387', 1: '0.340956340956341', 2: '0.0', 3: '1.0', 4: 528.4841046973588} 
{0: '0.43775933609958506', 1: '0.34232365145228216', 2: '0.0', 3: '1.0', 4: 524.5181498244002} 
{0: '0.4389233954451346', 1: '0.34368530020703936', 2: '0.0', 3: '1.0629903792895394', 4: 525.4004331535984} 
{0: '0.44008264462809915', 1: '0.34297520661157027', 2: '0.0', 3: '1.1299485464621188', 4: 523.2061957446263} 
{0: '0.43917525773195876', 1: '0.3422680412371134', 2: '0.0', 3: '1.1299485464621188', 4: 520.404553026595} 
{0: '0.4403292181069959', 1: '0.34156378600823045', 2: '0.0', 3: '1.0629903792895394', 4: 533.6977560888181} 
{0: '0.4414784394250513', 1: '0.3408624229979466', 2: '0.0', 3: '1.0', 4: 520.3430291239346} 
{0: '0.4405737704918033', 1: '0.3422131147540984', 2: '0.0', 3: '1.0', 4: 517.8283790744696} 
{0: '0.4396728016359918', 1: '0.34355828220858897', 2: '0.0', 3: '1.0', 4: 521.062063986895} 
{0: '0.4387755102040816', 1: '0.3448979591836735', 2: '0.0', 3: '1.0', 4: 529.0984223063434} 
{0: '0.439918533604888', 1: '0.34623217922606925', 2: '0.0', 3: '1.0629903792895394', 4: 533.1654390610149} 
{0: '0.4410569105691057', 1: '0.34552845528455284', 2: '0.0', 3: '1.1299485464621188', 4: 534.9754773443381} 
{0: '0.44016227180527384', 1: '0.3448275862068966', 2: '0.0', 3: '1.1299485464621188', 4: 529.4715846148357} 
{0: '0.44129554655870445', 1: '0.3441295546558704', 2: '0.0', 3: '1.0629903792895394', 4: 532.5738021397449} 
{0: '0.44242424242424244', 1: '0.3434343434343434', 2: '0.0', 3: '1.0', 4: 524.5149145008368} 
{0: '0.4415322580645161', 1: '0.34475806451612906', 2: '0.0', 3: '1.0', 4: 518.49253029372} 
{0: '0.44064386317907445', 1: '0.3460764587525151', 2: '0.0', 3: '1.0', 4: 533.2593854174852} 
{0: '0.4397590361445783', 1: '0.3473895582329317', 2: '0.0', 3: '1.0', 4: 519.8113676851347} 
{0: '0.43887775551102204', 1: '0.3486973947895792', 2: '0.0', 3: '1.0', 4: 535.9847549921539} 
