{'STAT2HEADER': 'STAT2HEADER', 'STAT2HEADER_ENVIRON': 'environ({\'OMPI_MCA_pmix\': \'^s1,s2,cray,isolated\', \'PMIX_MCA_mca_base_component_show_load_errors\': \'1\', \'OMPI_COMMAND\': \'python3\', \'OMPI_ARGV\': \'static_snapshot.py 2 1min\', \'OMPI_MCA_orte_precondition_transports\': \'fd3a499911972a31-f18ef8449332daaa\', \'LD_LIBRARY_PATH\': \'/salilab/diva1/programs/x86_64linux/numpy-py36-1.19.5/lib:/salilab/diva1/home/libs/x86_64/centos8:/salilab/diva1/home/libs/x86_64:/salilab/diva1/home/imp/main/20240607-af6f9d6a95/lib/release8:/salilab/diva1/programs/x86_64linux/opencv-4.3.0/lib64/rhel:/salilab/diva1/programs/x86_64linux/opencv-4.3.0/lib64:/salilab/diva1/programs/x86_64linux/hdf5-1.10.7/lib:/salilab/diva1/programs/x86_64linux/libtau-py27-1.0.1/lib64:/salilab/diva1/programs/x86_64linux/boost-1.73.0/lib64:/usr/lib64/openmpi/lib:/wynton/group/sali/miha_rozic/Software/imp-develop/build/lib::\', \'IMP_TMP_DIR\': \'/wynton/group/sali/miha_rozic/Software/imp-develop/build/tmp\', \'PE_HOSTFILE\': \'/var/spool/sge/wynton/qb3-id141/active_jobs/708587.1/pe_hostfile\', \'__LMOD_REF_COUNT_PATH\': \'/salilab/diva1/programs/x86_64linux/numpy-py36-1.19.5/bin:1;/salilab/diva1/home/imp/main/20240607-af6f9d6a95/bin/release8:1;/salilab/diva1/programs/x86_64linux/opencv-4.3.0/bin:1;/salilab/diva1/programs/x86_64linux/hdf5-1.10.7/bin:1;/usr/lib64/openmpi/bin:1;/wynton/home/sali/rozicmiha/.local/bin:1;/wynton/home/sali/rozicmiha/bin:1;/wynton/group/sali/miha_rozic/Software/imp-develop/build/bin:1;/wynton/group/sali/miha_rozic/Software/imp-develop/build/module_bin/EMageFit:1;/wynton/group/sali/miha_rozic/Software/imp-develop/build/module_bin/algebra:1;/wynton/group/sali/miha_rozic/Software/imp-develop/build/module_bin/atom:1;/wynton/group/sali/miha_rozic/Software/imp-develop/build/module_bin/benchmark:1;/wynton/group/sali/miha_rozic/Software/imp-develop/build/module_bin/cgal:1;/wynton/group/sali/miha_rozic/Software/imp-develop/build/module_bin/cnmultifit:1;/wynton/group/sali/miha_rozic/Software/imp-develop/build/module_bin/container:1;/wynton/group/sali/miha_rozic/Software/imp-develop/build/module_bin/core:1;/wynton/group/sali/miha_rozic/Software/imp-develop/build/module_bin/display:1;/wynton/group/sali/miha_rozic/Software/imp-develop/build/module_bin/domino:1;/wynton/group/sali/miha_rozic/Software/imp-develop/build/module_bin/em:1;/wynton/group/sali/miha_rozic/Software/imp-develop/build/module_bin/em2d:1;/wynton/group/sali/miha_rozic/Software/imp-develop/build/module_bin/example:1;/wynton/group/sali/miha_rozic/Software/imp-develop/build/module_bin/foxs:1;/wynton/group/sali/miha_rozic/Software/imp-develop/build/module_bin/gsl:1;/wynton/group/sali/miha_rozic/Software/imp-develop/build/module_bin/integrative_docking:1;/wynton/group/sali/miha_rozic/Software/imp-develop/build/module_bin/isd:1;/wynton/group/sali/miha_rozic/Software/imp-develop/build/module_bin/kernel:1;/wynton/group/sali/miha_rozic/Software/imp-develop/build/module_bin/kinematics:1;/wynton/group/sali/miha_rozic/Software/imp-develop/build/module_bin/kmeans:1;/wynton/group/sali/miha_rozic/Software/imp-develop/build/module_bin/misc:1;/wynton/group/sali/miha_rozic/Software/imp-develop/build/module_bin/mmcif:1;/wynton/group/sali/miha_rozic/Software/imp-develop/build/module_bin/modeller:1;/wynton/group/sali/miha_rozic/Software/imp-develop/build/module_bin/mpi:1;/wynton/group/sali/miha_rozic/Software/imp-develop/build/module_bin/multi_state:1;/wynton/group/sali/miha_rozic/Software/imp-develop/build/module_bin/multifit:1;/wynton/group/sali/miha_rozic/Software/imp-develop/build/module_bin/npc:1;/wynton/group/sali/miha_rozic/Software/imp-develop/build/module_bin/npcassembly:1;/wynton/group/sali/miha_rozic/Software/imp-develop/build/module_bin/parallel:1;/wynton/group/sali/miha_rozic/Software/imp-develop/build/module_bin/pepdock:1;/wynton/group/sali/miha_rozic/Software/imp-develop/build/module_bin/pmi:1;/wynton/group/sali/miha_rozic/Software/imp-develop/build/module_bin/rmf:1;/wynton/group/sali/miha_rozic/Software/imp-develop/build/module_bin/rotamer:1;/wynton/group/sali/miha_rozic/Software/imp-develop/build/module_bin/saxs:1;/wynton/group/sali/miha_rozic/Software/imp-develop/build/module_bin/saxs_merge:1;/wynton/group/sali/miha_rozic/Software/imp-develop/build/module_bin/score_functor:1;/wynton/group/sali/miha_rozic/Software/imp-develop/build/module_bin/scratch:1;/wynton/group/sali/miha_rozic/Software/imp-develop/build/module_bin/spb:1;/wynton/group/sali/miha_rozic/Software/imp-develop/build/module_bin/statistics:1;/wynton/group/sali/miha_rozic/Software/imp-develop/build/module_bin/symmetry:1;/wynton/group/sali/miha_rozic/Software/imp-develop/build/module_bin/test:1;/opt/sge/bin:1;/opt/sge/bin/lx-amd64:1;/scratch/708587.1.member.q:1;/usr/local/bin:1;/bin:1;/usr/bin:1;/usr/local/sbin:1;/usr/sbin:1\', \'_ModuleTable002_\': \'fSwKc3RhY2tEZXB0aCA9IDEsCnN0YXR1cyA9ICJhY3RpdmUiLAp1c2VyTmFtZSA9ICJib29zdC8xLjczLjAiLAp3ViA9ICIwMDAwMDAwMDEuMDAwMDAwMDczLip6ZmluYWwiLAp9LApoZGY1ID0gewpmbiA9ICIvc2FsaWxhYi9kaXZhMS9ob21lL21vZHVsZXMvaGRmNS8xLjEwLjciLApmdWxsTmFtZSA9ICJoZGY1LzEuMTAuNyIsCmxvYWRPcmRlciA9IDUsCnByb3BUID0ge30sCnN0YWNrRGVwdGggPSAyLApzdGF0dXMgPSAiYWN0aXZlIiwKdXNlck5hbWUgPSAiaGRmNS8xLjEwLjciLAp3ViA9ICIwMDAwMDAwMDEuMDAwMDAwMDEwLjAwMDAwMDAwNy4qemZpbmFsIiwKfSwKaW1wID0gewpmbiA9ICIvc2FsaWxhYi9kaXZhMS9ob21lL21vZHVsZXMvaW1wLzIuMjEuMCIsCmZ1bGxO\', \'IMP_DIR\': \'/salilab/diva1/home/imp/main/20240607-af6f9d6a95/lib/release8/cmake/IMP\', \'QUEUE\': \'member.q\', \'GOTO_NUM_THREADS\': \'1\', \'MPI_PYTHON3_SITEARCH\': \'/usr/lib64/python3.6/site-packages/openmpi\', \'LANG\': \'en_US.UTF-8\', \'HISTCONTROL\': \'ignoredups\', \'_ModuleTable008_\': \'cyIsCmZ1bGxOYW1lID0gInNhbGktbGlicmFyaWVzIiwKbG9hZE9yZGVyID0gOCwKcHJvcFQgPSB7fSwKc3RhY2tEZXB0aCA9IDEsCnN0YXR1cyA9ICJhY3RpdmUiLAp1c2VyTmFtZSA9ICJzYWxpLWxpYnJhcmllcyIsCndWID0gIk0uKnpmaW5hbCIsCn0sCn0sCm1wYXRoQSA9IHsKIi9zYWxpbGFiL2RpdmExL2hvbWUvbW9kdWxlcyIsICIvZXRjL21vZHVsZWZpbGVzIiwgIi91c3Ivc2hhcmUvbW9kdWxlZmlsZXMiCiwgIi91c3Ivc2hhcmUvbW9kdWxlZmlsZXMvTGludXgiLCAiL3Vzci9zaGFyZS9tb2R1bGVmaWxlcy9Db3JlIiwgIi91c3Ivc2hhcmUvbG1vZC9sbW9kL21vZHVsZWZpbGVzL0NvcmUiLAp9LApzeXN0ZW1CYXNlTVBBVEggPSAiL2V0Yy9tb2R1bGVmaWxlczovdXNy\', \'SGE_O_HOST\': \'dev1\', \'HOSTNAME\': \'qb3-id141.wynton.ucsf.edu\', \'OPENBLAS_NUM_THREADS\': \'1\', \'__LMOD_REF_COUNT_CMAKE_INCLUDE_PATH\': \'/salilab/diva1/programs/x86_64linux/opencv-4.3.0/include/opencv4:1;/salilab/diva1/programs/x86_64linux/hdf5-1.10.7/include:1;/salilab/diva1/programs/x86_64linux/libtau-py27-1.0.1/include:1;/salilab/diva1/programs/x86_64linux/boost-1.73.0/include:1\', \'SGE_RSH_COMMAND\': \'builtin\', \'ENVIRONMENT\': \'BATCH\', \'IMP_DATA\': \'/wynton/group/sali/miha_rozic/Software/imp-develop/build/data\', \'REQUEST\': \'test1\', \'SGE_STDIN_PATH\': \'/dev/null\', \'SGE_CELL\': \'wynton\', \'_ModuleTable007_\': \'MjEuMyIsCndWID0gIjAwMDAwMDAwMC4wMDAwMDAwMjEuMDAwMDAwMDAzLip6ZmluYWwiLAp9LApbInB5dGhvbjMvc2NpcHkiXSA9IHsKZm4gPSAiL3NhbGlsYWIvZGl2YTEvaG9tZS9tb2R1bGVzL3B5dGhvbjMvc2NpcHkvMS4zLjIiLApmdWxsTmFtZSA9ICJweXRob24zL3NjaXB5LzEuMy4yIiwKbG9hZE9yZGVyID0gMTAsCnByb3BUID0ge30sCnN0YWNrRGVwdGggPSAxLApzdGF0dXMgPSAiYWN0aXZlIiwKdXNlck5hbWUgPSAicHl0aG9uMy9zY2lweS8xLjMuMiIsCndWID0gIjAwMDAwMDAwMS4wMDAwMDAwMDMuMDAwMDAwMDAyLip6ZmluYWwiLAp9LApbInNhbGktbGlicmFyaWVzIl0gPSB7CmZuID0gIi9zYWxpbGFiL2RpdmExL2hvbWUvbW9kdWxlcy9zYWxpLWxpYnJhcmll\', \'CMAKE_INCLUDE_PATH\': \'/salilab/diva1/programs/x86_64linux/opencv-4.3.0/include/opencv4:/salilab/diva1/programs/x86_64linux/hdf5-1.10.7/include:/salilab/diva1/programs/x86_64linux/libtau-py27-1.0.1/include:/salilab/diva1/programs/x86_64linux/boost-1.73.0/include\', \'__LMOD_REF_COUNT_LD_LIBRARY_PATH\': \'/salilab/diva1/programs/x86_64linux/numpy-py36-1.19.5/lib:1;/salilab/diva1/home/libs/x86_64/centos8:1;/salilab/diva1/home/libs/x86_64:1;/salilab/diva1/home/imp/main/20240607-af6f9d6a95/lib/release8:1;/salilab/diva1/programs/x86_64linux/opencv-4.3.0/lib64/rhel:1;/salilab/diva1/programs/x86_64linux/opencv-4.3.0/lib64:1;/salilab/diva1/programs/x86_64linux/hdf5-1.10.7/lib:1;/salilab/diva1/programs/x86_64linux/libtau-py27-1.0.1/lib64:1;/salilab/diva1/programs/x86_64linux/boost-1.73.0/lib64:1;/usr/lib64/openmpi/lib:1;/wynton/group/sali/miha_rozic/Software/imp-develop/build/lib:2;:1\', \'__LMOD_REF_COUNT_PKG_CONFIG_PATH\': \'/usr/lib64/openmpi/lib/pkgconfig:1\', \'_ModuleTable004_\': \'aGFyZS9tb2R1bGVmaWxlcy9tcGkvb3Blbm1waS14ODZfNjQiLApmdWxsTmFtZSA9ICJtcGkvb3Blbm1waS14ODZfNjQiLApsb2FkT3JkZXIgPSAyLApwcm9wVCA9IHt9LApzdGFja0RlcHRoID0gMCwKc3RhdHVzID0gImFjdGl2ZSIsCnVzZXJOYW1lID0gIm1waS9vcGVubXBpLXg4Nl82NCIsCndWID0gIipvcGVubXBpLip4LjAwMDAwMDA4Ni4qXy4wMDAwMDAwNjQuKnpmaW5hbCIsCn0sCm9wZW5jdiA9IHsKZm4gPSAiL3NhbGlsYWIvZGl2YTEvaG9tZS9tb2R1bGVzL29wZW5jdi80LjMuMCIsCmZ1bGxOYW1lID0gIm9wZW5jdi80LjMuMCIsCmxvYWRPcmRlciA9IDYsCnByb3BUID0ge30sCnN0YWNrRGVwdGggPSAxLApzdGF0dXMgPSAiYWN0aXZlIiwKdXNlck5hbWUgPSAib3Bl\', \'__LMOD_REF_COUNT_PYTHONPATH\': \'/salilab/diva1/programs/x86_64linux/scikit-py36-0.21.3/lib64/python3.6/site-packages:1;/salilab/diva1/programs/linux/joblib-0.17.0/lib/python3.6/site-packages:1;/salilab/diva1/programs/x86_64linux/scipy-py36-1.3.2/lib64/python3.6/site-packages:1;/salilab/diva1/programs/x86_64linux/numpy-py36-1.19.5/lib64/python3.6/site-packages:1;/salilab/diva1/home/imp/main/20240607-af6f9d6a95/lib/release8:1;/salilab/diva1/programs/x86_64linux/opencv-4.3.0/lib/python3.6/site-packages:1;/wynton/group/sali/miha_rozic/Software/imp-develop/build/lib:2;:1\', \'which_declare\': \'declare -f\', \'NHOSTS\': \'1\', \'SGE_O_WORKDIR\': \'/wynton/group/sali/miha_rozic/Input_information/SNAPSHOTS/central_directory/snapshot2_1min/run18\', \'USER\': \'rozicmiha\', \'SGE_TASK_ID\': \'undefined\', \'__LMOD_REF_COUNT_CMAKE_LIBRARY_PATH\': \'/salilab/diva1/programs/x86_64linux/opencv-4.3.0/lib64:1;/salilab/diva1/programs/x86_64linux/hdf5-1.10.7/lib:1;/salilab/diva1/programs/x86_64linux/libtau-py27-1.0.1/lib64:1;/salilab/diva1/programs/x86_64linux/boost-1.73.0/lib64:1\', \'SGE_TASK_FIRST\': \'undefined\', \'NSLOTS\': \'16\', \'__LMOD_REF_COUNT_MODULEPATH\': \'/salilab/diva1/home/modules:1;/etc/modulefiles:1;/usr/share/modulefiles:1;/usr/share/modulefiles/Linux:1;/usr/share/modulefiles/Core:1;/usr/share/lmod/lmod/modulefiles/Core:1\', \'PWD\': \'/wynton/group/sali/miha_rozic/Input_information/SNAPSHOTS/central_directory/snapshot2_1min/run18\', \'HOME\': \'/wynton/home/sali/rozicmiha\', \'NQUEUES\': \'1\', \'TMP\': \'/scratch/708587.1.member.q\', \'PE\': \'smp\', \'SGE_O_HOME\': \'/wynton/home/sali/rozicmiha\', \'LMOD_VERSION\': \'8.7.32\', \'JOB_NAME\': \'test1\', \'BASH_ENV\': \'/usr/share/lmod/lmod/init/bash\', \'MPI_FORTRAN_MOD_DIR\': \'/usr/lib64/gfortran/modules/openmpi\', \'SGE_TASK_LAST\': \'undefined\', \'MKL_NUM_THREADS\': \'1\', \'MPI_COMPILER\': \'openmpi-x86_64\', \'SGE_ACCOUNT\': \'sge\', \'SGE_ROOT\': \'/opt/sge\', \'MPI_SUFFIX\': \'_openmpi\', \'TMPDIR\': \'/scratch/708587.1.member.q\', \'RESTARTED\': \'0\', \'LMOD_sys\': \'Linux\', \'_ModuleTable001_\': \'X01vZHVsZVRhYmxlXyA9IHsKTVR2ZXJzaW9uID0gMywKY19yZWJ1aWxkVGltZSA9IGZhbHNlLApjX3Nob3J0VGltZSA9IGZhbHNlLApkZXB0aFQgPSB7fSwKZmFtaWx5ID0ge30sCm1UID0gewpTYWxpID0gewpmbiA9ICIvZXRjL21vZHVsZWZpbGVzL1NhbGkubHVhIiwKZnVsbE5hbWUgPSAiU2FsaSIsCmxvYWRPcmRlciA9IDEsCnByb3BUID0ge30sCnN0YWNrRGVwdGggPSAwLApzdGF0dXMgPSAiYWN0aXZlIiwKdXNlck5hbWUgPSAiU2FsaSIsCndWID0gIk0uKnpmaW5hbCIsCn0sCmJvb3N0ID0gewpmbiA9ICIvc2FsaWxhYi9kaXZhMS9ob21lL21vZHVsZXMvYm9vc3QvMS43My4wIiwKZnVsbE5hbWUgPSAiYm9vc3QvMS43My4wIiwKbG9hZE9yZGVyID0gMywKcHJvcFQgPSB7\', \'LOADEDMODULES\': \'Sali:mpi/openmpi-x86_64:boost/1.73.0:libtau/1.0.1:hdf5/1.10.7:opencv/4.3.0:imp/2.21.0:sali-libraries:python3/numpy/1.19.5:python3/scipy/1.3.2:python3/joblib/0.17.0:python3/scikit/0.21.3\', \'SGE_O_PATH\': \'/salilab/diva1/programs/x86_64linux/numpy-py36-1.19.5/bin:/salilab/diva1/home/imp/main/20240607-af6f9d6a95/bin/release8:/salilab/diva1/programs/x86_64linux/opencv-4.3.0/bin:/salilab/diva1/programs/x86_64linux/hdf5-1.10.7/bin:/wynton/home/sali/rozicmiha/.local/bin:/wynton/home/sali/rozicmiha/bin:/wynton/group/sali/miha_rozic/Software/imp-develop/build/bin:/wynton/group/sali/miha_rozic/Software/imp-develop/build/module_bin/EMageFit:/wynton/group/sali/miha_rozic/Software/imp-develop/build/module_bin/algebra:/wynton/group/sali/miha_rozic/Software/imp-develop/build/module_bin/atom:/wynton/group/sali/miha_rozic/Software/imp-develop/build/module_bin/benchmark:/wynton/group/sali/miha_rozic/Software/imp-develop/build/module_bin/cgal:/wynton/group/sali/miha_rozic/Software/imp-develop/build/module_bin/cnmultifit:/wynton/group/sali/miha_rozic/Software/imp-develop/build/module_bin/container:/wynton/group/sali/miha_rozic/Software/imp-develop/build/module_bin/core:/wynton/group/sali/miha_rozic/Software/imp-develop/build/module_bin/display:/wynton/group/sali/miha_rozic/Software/imp-develop/build/module_bin/domino:/wynton/group/sali/miha_rozic/Software/imp-develop/build/module_bin/em:/wynton/group/sali/miha_rozic/Software/imp-develop/build/module_bin/em2d:/wynton/group/sali/miha_rozic/Software/imp-develop/build/module_bin/example:/wynton/group/sali/miha_rozic/Software/imp-develop/build/module_bin/foxs:/wynton/group/sali/miha_rozic/Software/imp-develop/build/module_bin/gsl:/wynton/group/sali/miha_rozic/Software/imp-develop/build/module_bin/integrative_docking:/wynton/group/sali/miha_rozic/Software/imp-develop/build/module_bin/isd:/wynton/group/sali/miha_rozic/Software/imp-develop/build/module_bin/kernel:/wynton/group/sali/miha_rozic/Software/imp-develop/build/module_bin/kinematics:/wynton/group/sali/miha_rozic/Software/imp-develop/build/module_bin/kmeans:/wynton/group/sali/miha_rozic/Software/imp-develop/build/module_bin/misc:/wynton/group/sali/miha_rozic/Software/imp-develop/build/module_bin/mmcif:/wynton/group/sali/miha_rozic/Software/imp-develop/build/module_bin/modeller:/wynton/group/sali/miha_rozic/Software/imp-develop/build/module_bin/mpi:/wynton/group/sali/miha_rozic/Software/imp-develop/build/module_bin/multi_state:/wynton/group/sali/miha_rozic/Software/imp-develop/build/module_bin/multifit:/wynton/group/sali/miha_rozic/Software/imp-develop/build/module_bin/npc:/wynton/group/sali/miha_rozic/Software/imp-develop/build/module_bin/npcassembly:/wynton/group/sali/miha_rozic/Software/imp-develop/build/module_bin/parallel:/wynton/group/sali/miha_rozic/Software/imp-develop/build/module_bin/pepdock:/wynton/group/sali/miha_rozic/Software/imp-develop/build/module_bin/pmi:/wynton/group/sali/miha_rozic/Software/imp-develop/build/module_bin/rmf:/wynton/group/sali/miha_rozic/Software/imp-develop/build/module_bin/rotamer:/wynton/group/sali/miha_rozic/Software/imp-develop/build/module_bin/saxs:/wynton/group/sali/miha_rozic/Software/imp-develop/build/module_bin/saxs_merge:/wynton/group/sali/miha_rozic/Software/imp-develop/build/module_bin/score_functor:/wynton/group/sali/miha_rozic/Software/imp-develop/build/module_bin/scratch:/wynton/group/sali/miha_rozic/Software/imp-develop/build/module_bin/spb:/wynton/group/sali/miha_rozic/Software/imp-develop/build/module_bin/statistics:/wynton/group/sali/miha_rozic/Software/imp-develop/build/module_bin/symmetry:/wynton/group/sali/miha_rozic/Software/imp-develop/build/module_bin/test:/opt/sge/bin:/opt/sge/bin/lx-amd64:/usr/local/bin:/usr/bin:/usr/local/sbin:/usr/sbin\', \'SGE_O_SHELL\': \'/bin/bash\', \'_ModuleTable006_\': \'bWUgPSAicHl0aG9uMy9udW1weS8xLjE5LjUiLApsb2FkT3JkZXIgPSA5LApwcm9wVCA9IHt9LApzdGFja0RlcHRoID0gMiwKc3RhdHVzID0gImFjdGl2ZSIsCnVzZXJOYW1lID0gInB5dGhvbjMvbnVtcHkvMS4xOS41IiwKd1YgPSAiMDAwMDAwMDAxLjAwMDAwMDAxOS4wMDAwMDAwMDUuKnpmaW5hbCIsCn0sClsicHl0aG9uMy9zY2lraXQiXSA9IHsKZm4gPSAiL3NhbGlsYWIvZGl2YTEvaG9tZS9tb2R1bGVzL3B5dGhvbjMvc2Npa2l0LzAuMjEuMyIsCmZ1bGxOYW1lID0gInB5dGhvbjMvc2Npa2l0LzAuMjEuMyIsCmxvYWRPcmRlciA9IDEyLApwcm9wVCA9IHt9LApzdGFja0RlcHRoID0gMCwKc3RhdHVzID0gImFjdGl2ZSIsCnVzZXJOYW1lID0gInB5dGhvbjMvc2Npa2l0LzAu\', \'__LMOD_REF_COUNT_MANPATH\': \':2;/usr/share/man/openmpi-x86_64:1;/opt/sge/man:1;/usr/share/lmod/lmod/share/man:1\', \'MPI_INCLUDE\': \'/usr/include/openmpi-x86_64\', \'_ModuleTable003_\': \'YW1lID0gImltcC8yLjIxLjAiLApsb2FkT3JkZXIgPSA3LApwcm9wVCA9IHt9LApzdGFja0RlcHRoID0gMCwKc3RhdHVzID0gImFjdGl2ZSIsCnVzZXJOYW1lID0gImltcCIsCndWID0gIl4wMDAwMDAwMi4wMDAwMDAwMjEuKnpmaW5hbCIsCn0sCmxpYnRhdSA9IHsKZm4gPSAiL3NhbGlsYWIvZGl2YTEvaG9tZS9tb2R1bGVzL2xpYnRhdS8xLjAuMSIsCmZ1bGxOYW1lID0gImxpYnRhdS8xLjAuMSIsCmxvYWRPcmRlciA9IDQsCnByb3BUID0ge30sCnN0YWNrRGVwdGggPSAxLApzdGF0dXMgPSAiYWN0aXZlIiwKdXNlck5hbWUgPSAibGlidGF1LzEuMC4xIiwKd1YgPSAiMDAwMDAwMDAxLjAwMDAwMDAwMC4wMDAwMDAwMDEuKnpmaW5hbCIsCn0sCm1waSA9IHsKZm4gPSAiL3Vzci9z\', \'LMOD_ROOT\': \'/usr/share/lmod\', \'SYSTEMCTL_SKIP_REDIRECT\': \'\', \'MAIL\': \'/var/spool/mail/rozicmiha\', \'SGE_CWD_PATH\': \'/wynton/group/sali/miha_rozic/Input_information/SNAPSHOTS/central_directory/snapshot2_1min/run18\', \'MPI_HOME\': \'/usr/lib64/openmpi\', \'_ModuleTable009_\': \'L3NoYXJlL21vZHVsZWZpbGVzOi91c3Ivc2hhcmUvbW9kdWxlZmlsZXMvTGludXg6L3Vzci9zaGFyZS9tb2R1bGVmaWxlcy9Db3JlOi91c3Ivc2hhcmUvbG1vZC9sbW9kL21vZHVsZWZpbGVzL0NvcmUiLAp9Cg==\', \'SGE_TASK_STEPSIZE\': \'undefined\', \'SHELL\': \'/bin/bash\', \'TERM\': \'\', \'_ModuleTable_Sz_\': \'9\', \'SGE_JOB_SPOOL_DIR\': \'/var/spool/sge/wynton/qb3-id141/active_jobs/708587.1\', \'JOB_ID\': \'708587\', \'IMP_EXAMPLE_DATA\': \'/wynton/group/sali/miha_rozic/Software/imp-develop/build/doc/examples\', \'R_FUTURE_AVAILABLECORES_FALLBACK\': \'1\', \'JOB_SCRIPT\': \'/var/spool/sge/wynton/qb3-id141/job_scripts/708587\', \'SHLVL\': \'2\', \'SGE_O_LOGNAME\': \'rozicmiha\', \'SGE_O_MAIL\': \'/var/spool/mail/rozicmiha\', \'PYTHONPATH\': \'/salilab/diva1/programs/x86_64linux/scikit-py36-0.21.3/lib64/python3.6/site-packages:/salilab/diva1/programs/linux/joblib-0.17.0/lib/python3.6/site-packages:/salilab/diva1/programs/x86_64linux/scipy-py36-1.3.2/lib64/python3.6/site-packages:/salilab/diva1/programs/x86_64linux/numpy-py36-1.19.5/lib64/python3.6/site-packages:/salilab/diva1/home/imp/main/20240607-af6f9d6a95/lib/release8:/salilab/diva1/programs/x86_64linux/opencv-4.3.0/lib/python3.6/site-packages:/wynton/group/sali/miha_rozic/Software/imp-develop/build/lib::\', \'MANPATH\': \':/usr/share/man/openmpi-x86_64:/opt/sge/man:/usr/share/lmod/lmod/share/man\', \'MODULEPATH\': \'/salilab/diva1/home/modules:/etc/modulefiles:/usr/share/modulefiles:/usr/share/modulefiles/Linux:/usr/share/modulefiles/Core:/usr/share/lmod/lmod/modulefiles/Core\', \'MPI_SYSCONFIG\': \'/etc/openmpi-x86_64\', \'LOGNAME\': \'rozicmiha\', \'SYSTEMCTL_IGNORE_DEPENDENCIES\': \'\', \'MODULEPATH_ROOT\': \'/usr/share/modulefiles\', \'PATH\': \'/salilab/diva1/programs/x86_64linux/numpy-py36-1.19.5/bin:/salilab/diva1/home/imp/main/20240607-af6f9d6a95/bin/release8:/salilab/diva1/programs/x86_64linux/opencv-4.3.0/bin:/salilab/diva1/programs/x86_64linux/hdf5-1.10.7/bin:/usr/lib64/openmpi/bin:/wynton/home/sali/rozicmiha/.local/bin:/wynton/home/sali/rozicmiha/bin:/wynton/group/sali/miha_rozic/Software/imp-develop/build/bin:/wynton/group/sali/miha_rozic/Software/imp-develop/build/module_bin/EMageFit:/wynton/group/sali/miha_rozic/Software/imp-develop/build/module_bin/algebra:/wynton/group/sali/miha_rozic/Software/imp-develop/build/module_bin/atom:/wynton/group/sali/miha_rozic/Software/imp-develop/build/module_bin/benchmark:/wynton/group/sali/miha_rozic/Software/imp-develop/build/module_bin/cgal:/wynton/group/sali/miha_rozic/Software/imp-develop/build/module_bin/cnmultifit:/wynton/group/sali/miha_rozic/Software/imp-develop/build/module_bin/container:/wynton/group/sali/miha_rozic/Software/imp-develop/build/module_bin/core:/wynton/group/sali/miha_rozic/Software/imp-develop/build/module_bin/display:/wynton/group/sali/miha_rozic/Software/imp-develop/build/module_bin/domino:/wynton/group/sali/miha_rozic/Software/imp-develop/build/module_bin/em:/wynton/group/sali/miha_rozic/Software/imp-develop/build/module_bin/em2d:/wynton/group/sali/miha_rozic/Software/imp-develop/build/module_bin/example:/wynton/group/sali/miha_rozic/Software/imp-develop/build/module_bin/foxs:/wynton/group/sali/miha_rozic/Software/imp-develop/build/module_bin/gsl:/wynton/group/sali/miha_rozic/Software/imp-develop/build/module_bin/integrative_docking:/wynton/group/sali/miha_rozic/Software/imp-develop/build/module_bin/isd:/wynton/group/sali/miha_rozic/Software/imp-develop/build/module_bin/kernel:/wynton/group/sali/miha_rozic/Software/imp-develop/build/module_bin/kinematics:/wynton/group/sali/miha_rozic/Software/imp-develop/build/module_bin/kmeans:/wynton/group/sali/miha_rozic/Software/imp-develop/build/module_bin/misc:/wynton/group/sali/miha_rozic/Software/imp-develop/build/module_bin/mmcif:/wynton/group/sali/miha_rozic/Software/imp-develop/build/module_bin/modeller:/wynton/group/sali/miha_rozic/Software/imp-develop/build/module_bin/mpi:/wynton/group/sali/miha_rozic/Software/imp-develop/build/module_bin/multi_state:/wynton/group/sali/miha_rozic/Software/imp-develop/build/module_bin/multifit:/wynton/group/sali/miha_rozic/Software/imp-develop/build/module_bin/npc:/wynton/group/sali/miha_rozic/Software/imp-develop/build/module_bin/npcassembly:/wynton/group/sali/miha_rozic/Software/imp-develop/build/module_bin/parallel:/wynton/group/sali/miha_rozic/Software/imp-develop/build/module_bin/pepdock:/wynton/group/sali/miha_rozic/Software/imp-develop/build/module_bin/pmi:/wynton/group/sali/miha_rozic/Software/imp-develop/build/module_bin/rmf:/wynton/group/sali/miha_rozic/Software/imp-develop/build/module_bin/rotamer:/wynton/group/sali/miha_rozic/Software/imp-develop/build/module_bin/saxs:/wynton/group/sali/miha_rozic/Software/imp-develop/build/module_bin/saxs_merge:/wynton/group/sali/miha_rozic/Software/imp-develop/build/module_bin/score_functor:/wynton/group/sali/miha_rozic/Software/imp-develop/build/module_bin/scratch:/wynton/group/sali/miha_rozic/Software/imp-develop/build/module_bin/spb:/wynton/group/sali/miha_rozic/Software/imp-develop/build/module_bin/statistics:/wynton/group/sali/miha_rozic/Software/imp-develop/build/module_bin/symmetry:/wynton/group/sali/miha_rozic/Software/imp-develop/build/module_bin/test:/opt/sge/bin:/opt/sge/bin/lx-amd64:/scratch/708587.1.member.q:/usr/local/bin:/bin:/usr/bin:/usr/local/sbin:/usr/sbin\', \'MPI_BIN\': \'/usr/lib64/openmpi/bin\', \'SGE_STDERR_PATH\': \'/wynton/group/sali/miha_rozic/Input_information/SNAPSHOTS/central_directory/snapshot2_1min/run18/test1.o708587\', \'_LMFILES_\': \'/etc/modulefiles/Sali.lua:/usr/share/modulefiles/mpi/openmpi-x86_64:/salilab/diva1/home/modules/boost/1.73.0:/salilab/diva1/home/modules/libtau/1.0.1:/salilab/diva1/home/modules/hdf5/1.10.7:/salilab/diva1/home/modules/opencv/4.3.0:/salilab/diva1/home/modules/imp/2.21.0:/salilab/diva1/home/modules/sali-libraries:/salilab/diva1/home/modules/python3/numpy/1.19.5:/salilab/diva1/home/modules/python3/scipy/1.3.2:/salilab/diva1/home/modules/python3/joblib/0.17.0:/salilab/diva1/home/modules/python3/scikit/0.21.3\', \'DEBUGINFOD_URLS\': \'https://debuginfod.centos.org/ \', \'MODULESHOME\': \'/usr/share/lmod/lmod\', \'PKG_CONFIG_PATH\': \'/usr/lib64/openmpi/lib/pkgconfig\', \'LMOD_SETTARG_FULL_SUPPORT\': \'no\', \'HISTSIZE\': \'1000\', \'SGE_ARCH\': \'lx-amd64\', \'LMOD_PKG\': \'/usr/share/lmod/lmod\', \'CMAKE_LIBRARY_PATH\': \'/salilab/diva1/programs/x86_64linux/opencv-4.3.0/lib64:/salilab/diva1/programs/x86_64linux/hdf5-1.10.7/lib:/salilab/diva1/programs/x86_64linux/libtau-py27-1.0.1/lib64:/salilab/diva1/programs/x86_64linux/boost-1.73.0/lib64\', \'ARC\': \'lx-amd64\', \'MPI_LIB\': \'/usr/lib64/openmpi/lib\', \'SGE_BINARY_PATH\': \'/opt/sge/bin/lx-amd64\', \'SGE_STDOUT_PATH\': \'/wynton/group/sali/miha_rozic/Input_information/SNAPSHOTS/central_directory/snapshot2_1min/run18/test1.o708587\', \'_ModuleTable005_\': \'bmN2LzQuMy4wIiwKd1YgPSAiMDAwMDAwMDA0LjAwMDAwMDAwMy4qemZpbmFsIiwKfSwKWyJweXRob24zL2pvYmxpYiJdID0gewpmbiA9ICIvc2FsaWxhYi9kaXZhMS9ob21lL21vZHVsZXMvcHl0aG9uMy9qb2JsaWIvMC4xNy4wIiwKZnVsbE5hbWUgPSAicHl0aG9uMy9qb2JsaWIvMC4xNy4wIiwKbG9hZE9yZGVyID0gMTEsCnByb3BUID0ge30sCnN0YWNrRGVwdGggPSAxLApzdGF0dXMgPSAiYWN0aXZlIiwKdXNlck5hbWUgPSAicHl0aG9uMy9qb2JsaWIiLAp3ViA9ICIwMDAwMDAwMDAuMDAwMDAwMDE3Lip6ZmluYWwiLAp9LApbInB5dGhvbjMvbnVtcHkiXSA9IHsKZm4gPSAiL3NhbGlsYWIvZGl2YTEvaG9tZS9tb2R1bGVzL3B5dGhvbjMvbnVtcHkvMS4xOS41IiwKZnVsbE5h\', \'LMOD_CMD\': \'/usr/share/lmod/lmod/libexec/lmod\', \'REQNAME\': \'test1\', \'IMP_BIN_DIR\': \'/wynton/group/sali/miha_rozic/Software/imp-develop/build/bin\', \'MPI_MAN\': \'/usr/share/man/openmpi-x86_64\', \'LESSOPEN\': \'||/usr/bin/lesspipe.sh %s\', \'OMP_NUM_THREADS\': \'1\', \'SGE_CLUSTER_NAME\': \'wynton_cluster\', \'LMOD_DIR\': \'/usr/share/lmod/lmod/libexec\', \'BASH_FUNC_which%%\': \'() {  ( alias;\\n eval ${which_declare} ) | /usr/bin/which --tty-only --read-alias --read-functions --show-tilde --show-dot $@\\n}\', \'BASH_FUNC_module%%\': \'() {  if [ -z "${LMOD_SH_DBG_ON+x}" ]; then\\n case "$-" in \\n *v*x*)\\n __lmod_sh_dbg=\\\'vx\\\'\\n ;;\\n *v*)\\n __lmod_sh_dbg=\\\'v\\\'\\n ;;\\n *x*)\\n __lmod_sh_dbg=\\\'x\\\'\\n ;;\\n esac;\\n fi;\\n if [ -n "${__lmod_sh_dbg:-}" ]; then\\n set +$__lmod_sh_dbg;\\n echo "Shell debugging temporarily silenced: export LMOD_SH_DBG_ON=1 for Lmod\\\'s output" 1>&2;\\n fi;\\n eval "$($LMOD_CMD shell "$@")" && eval "$(${LMOD_SETTARG_CMD:-:} -s sh)";\\n __lmod_my_status=$?;\\n if [ -n "${__lmod_sh_dbg:-}" ]; then\\n echo "Shell debugging restarted" 1>&2;\\n set -$__lmod_sh_dbg;\\n fi;\\n unset __lmod_sh_dbg;\\n return $__lmod_my_status\\n}\', \'BASH_FUNC_ml%%\': \'() {  eval "$($LMOD_DIR/ml_cmd "$@")"\\n}\', \'_\': \'/usr/lib64/openmpi/bin/mpirun\', \'IPATH_NO_BACKTRACE\': \'1\', \'HFI_NO_BACKTRACE\': \'1\', \'OMPI_MCA_orte_local_daemon_uri\': \'2708537344.0;tcp://172.26.38.141:54101\', \'OMPI_MCA_orte_hnp_uri\': \'2708537344.0;tcp://172.26.38.141:54101\', \'OMPI_MCA_mpi_oversubscribe\': \'0\', \'OMPI_MCA_orte_app_num\': \'0\', \'OMPI_UNIVERSE_SIZE\': \'16\', \'OMPI_MCA_orte_num_nodes\': \'1\', \'OMPI_MCA_shmem_RUNTIME_QUERY_hint\': \'mmap\', \'OMPI_MCA_orte_bound_at_launch\': \'1\', \'OMPI_MCA_ess\': \'^singleton\', \'OMPI_MCA_orte_ess_num_procs\': \'16\', \'OMPI_COMM_WORLD_SIZE\': \'16\', \'OMPI_COMM_WORLD_LOCAL_SIZE\': \'16\', \'OMPI_MCA_orte_tmpdir_base\': \'/scratch/708587.1.member.q\', \'OMPI_MCA_orte_top_session_dir\': \'/scratch/708587.1.member.q/ompi.qb3-id141.11149\', \'OMPI_MCA_orte_jobfam_session_dir\': \'/scratch/708587.1.member.q/ompi.qb3-id141.11149/pid.3720342\', \'OMPI_NUM_APP_CTX\': \'1\', \'OMPI_FIRST_RANKS\': \'0\', \'OMPI_APP_CTX_NUM_PROCS\': \'16\', \'OMPI_MCA_initial_wdir\': \'/wynton/group/sali/miha_rozic/Input_information/SNAPSHOTS/central_directory/snapshot2_1min/run18\', \'OMPI_MCA_orte_launch\': \'1\', \'PMIX_NAMESPACE\': \'2708537345\', \'PMIX_RANK\': \'14\', \'PMIX_SERVER_URI2\': \'2708537344.0;tcp4://127.0.0.1:49283\', \'PMIX_SERVER_URI21\': \'2708537344.0;tcp4://127.0.0.1:49283\', \'PMIX_SECURITY_MODE\': \'native,none\', \'PMIX_PTL_MODULE\': \'tcp,usock\', \'PMIX_BFROP_BUFFER_TYPE\': \'PMIX_BFROP_BUFFER_NON_DESC\', \'PMIX_GDS_MODULE\': \'ds21,ds12,hash\', \'PMIX_SERVER_TMPDIR\': \'/scratch/708587.1.member.q/ompi.qb3-id141.11149/pid.3720342\', \'PMIX_SYSTEM_TMPDIR\': \'/scratch/708587.1.member.q\', \'PMIX_DSTORE_21_BASE_PATH\': \'/scratch/708587.1.member.q/ompi.qb3-id141.11149/pid.3720342/pmix_dstor_ds21_3720342\', \'PMIX_DSTORE_ESH_BASE_PATH\': \'/scratch/708587.1.member.q/ompi.qb3-id141.11149/pid.3720342/pmix_dstor_ds12_3720342\', \'OMPI_MCA_ess_base_jobid\': \'2708537345\', \'OMPI_MCA_ess_base_vpid\': \'14\', \'OMPI_COMM_WORLD_RANK\': \'14\', \'OMPI_COMM_WORLD_LOCAL_RANK\': \'14\', \'OMPI_COMM_WORLD_NODE_RANK\': \'14\', \'OMPI_MCA_orte_ess_node_rank\': \'14\', \'PMIX_ID\': \'2708537345.14\', \'OMPI_FILE_LOCATION\': \'/scratch/708587.1.member.q/ompi.qb3-id141.11149/pid.3720342/0/0\', \'KMP_DUPLICATE_LIB_OK\': \'True\', \'KMP_INIT_AT_FORK\': \'FALSE\'})', 'STAT2HEADER_IMP_VERSIONS': "{'IMP_VERSION': '2.21.0', 'PMI_VERSION': '2.21.0'}", 0: 'ReplicaExchange_SwapSuccessRatio', 1: 'ReplicaExchange_MinTempFrequency', 2: 'ReplicaExchange_MaxTempFrequency', 3: 'ReplicaExchange_CurrentTemp', 4: 'score'} 
{0: '0', 1: '0', 2: '0', 3: '2.351855716390306', 4: inf} 
{0: '0.0', 1: '0.0', 2: '0.0', 3: '2.351855716390306', 4: inf} 
{0: '0.0', 1: '0.0', 2: '0.0', 3: '2.351855716390306', 4: inf} 
{0: '0.0', 1: '0.0', 2: '0.0', 3: '2.351855716390306', 4: inf} 
{0: '0.0', 1: '0.0', 2: '0.0', 3: '2.351855716390306', 4: inf} 
{0: '0.0', 1: '0.0', 2: '0.0', 3: '2.351855716390306', 4: inf} 
{0: '0.0', 1: '0.0', 2: '0.0', 3: '2.351855716390306', 4: inf} 
{0: '0.0', 1: '0.0', 2: '0.0', 3: '2.351855716390306', 4: inf} 
{0: '0.0', 1: '0.0', 2: '0.0', 3: '2.351855716390306', 4: inf} 
{0: '0.0', 1: '0.0', 2: '0.0', 3: '2.351855716390306', 4: inf} 
{0: '0.0', 1: '0.0', 2: '0.0', 3: '2.351855716390306', 4: inf} 
{0: '0.0', 1: '0.0', 2: '0.0', 3: '2.351855716390306', 4: inf} 
{0: '0.0', 1: '0.0', 2: '0.0', 3: '2.351855716390306', 4: inf} 
{0: '0.0', 1: '0.0', 2: '0.0', 3: '2.351855716390306', 4: inf} 
{0: '0.0', 1: '0.0', 2: '0.0', 3: '2.351855716390306', 4: inf} 
{0: '0.0', 1: '0.0', 2: '0.0', 3: '2.351855716390306', 4: inf} 
{0: '0.0', 1: '0.0', 2: '0.0', 3: '2.351855716390306', 4: inf} 
{0: '0.0', 1: '0.0', 2: '0.0', 3: '2.351855716390306', 4: inf} 
{0: '0.0', 1: '0.0', 2: '0.0', 3: '2.351855716390306', 4: inf} 
{0: '0.0', 1: '0.0', 2: '0.0', 3: '2.351855716390306', 4: inf} 
{0: '0.0', 1: '0.0', 2: '0.0', 3: '2.351855716390306', 4: inf} 
{0: '0.0', 1: '0.0', 2: '0.0', 3: '2.351855716390306', 4: inf} 
{0: '0.0', 1: '0.0', 2: '0.0', 3: '2.351855716390306', 4: inf} 
{0: '0.0', 1: '0.0', 2: '0.0', 3: '2.351855716390306', 4: inf} 
{0: '0.0', 1: '0.0', 2: '0.0', 3: '2.351855716390306', 4: inf} 
{0: '0.0', 1: '0.0', 2: '0.0', 3: '2.351855716390306', 4: inf} 
{0: '0.0', 1: '0.0', 2: '0.0', 3: '2.351855716390306', 4: inf} 
{0: '0.0', 1: '0.0', 2: '0.0', 3: '2.351855716390306', 4: inf} 
{0: '0.0', 1: '0.0', 2: '0.0', 3: '2.351855716390306', 4: inf} 
{0: '0.0', 1: '0.0', 2: '0.0', 3: '2.351855716390306', 4: inf} 
{0: '0.0', 1: '0.0', 2: '0.0', 3: '2.351855716390306', 4: inf} 
{0: '0.0', 1: '0.0', 2: '0.0', 3: '2.351855716390306', 4: inf} 
{0: '0.0', 1: '0.0', 2: '0.0', 3: '2.351855716390306', 4: inf} 
{0: '0.0', 1: '0.0', 2: '0.0', 3: '2.351855716390306', 4: inf} 
{0: '0.0', 1: '0.0', 2: '0.0', 3: '2.351855716390306', 4: inf} 
{0: '0.0', 1: '0.0', 2: '0.0', 3: '2.351855716390306', 4: inf} 
{0: '0.0', 1: '0.0', 2: '0.0', 3: '2.351855716390306', 4: inf} 
{0: '0.0', 1: '0.0', 2: '0.0', 3: '2.351855716390306', 4: inf} 
{0: '0.0', 1: '0.0', 2: '0.0', 3: '2.351855716390306', 4: inf} 
{0: '0.0', 1: '0.0', 2: '0.0', 3: '2.351855716390306', 4: inf} 
{0: '0.0', 1: '0.0', 2: '0.0', 3: '2.351855716390306', 4: inf} 
{0: '0.0', 1: '0.0', 2: '0.0', 3: '2.351855716390306', 4: inf} 
{0: '0.0', 1: '0.0', 2: '0.0', 3: '2.351855716390306', 4: inf} 
{0: '0.0', 1: '0.0', 2: '0.0', 3: '2.351855716390306', 4: inf} 
{0: '0.0', 1: '0.0', 2: '0.0', 3: '2.351855716390306', 4: inf} 
{0: '0.0', 1: '0.0', 2: '0.0', 3: '2.351855716390306', 4: inf} 
{0: '0.0', 1: '0.0', 2: '0.0', 3: '2.351855716390306', 4: inf} 
{0: '0.0', 1: '0.0', 2: '0.0', 3: '2.351855716390306', 4: inf} 
{0: '0.0', 1: '0.0', 2: '0.0', 3: '2.351855716390306', 4: inf} 
{0: '0.0', 1: '0.0', 2: '0.0', 3: '2.351855716390306', 4: inf} 
{0: '0.0', 1: '0.0', 2: '0.0', 3: '2.351855716390306', 4: inf} 
{0: '0.0', 1: '0.0', 2: '0.0', 3: '2.351855716390306', 4: inf} 
{0: '0.0', 1: '0.0', 2: '0.0', 3: '2.351855716390306', 4: inf} 
{0: '0.0', 1: '0.0', 2: '0.0', 3: '2.351855716390306', 4: inf} 
{0: '0.0', 1: '0.0', 2: '0.0', 3: '2.351855716390306', 4: inf} 
{0: '0.0', 1: '0.0', 2: '0.0', 3: '2.351855716390306', 4: inf} 
{0: '0.0', 1: '0.0', 2: '0.0', 3: '2.351855716390306', 4: inf} 
{0: '0.0', 1: '0.0', 2: '0.0', 3: '2.351855716390306', 4: inf} 
{0: '0.0', 1: '0.0', 2: '0.0', 3: '2.351855716390306', 4: inf} 
{0: '0.0', 1: '0.0', 2: '0.0', 3: '2.351855716390306', 4: inf} 
{0: '0.0', 1: '0.0', 2: '0.0', 3: '2.351855716390306', 4: inf} 
{0: '0.0', 1: '0.0', 2: '0.0', 3: '2.351855716390306', 4: inf} 
{0: '0.0', 1: '0.0', 2: '0.0', 3: '2.351855716390306', 4: inf} 
{0: '0.0', 1: '0.0', 2: '0.0', 3: '2.351855716390306', 4: inf} 
{0: '0.0', 1: '0.0', 2: '0.0', 3: '2.351855716390306', 4: inf} 
{0: '0.0', 1: '0.0', 2: '0.0', 3: '2.351855716390306', 4: inf} 
{0: '0.0', 1: '0.0', 2: '0.0', 3: '2.351855716390306', 4: inf} 
{0: '0.0', 1: '0.0', 2: '0.0', 3: '2.351855716390306', 4: inf} 
{0: '0.0', 1: '0.0', 2: '0.0', 3: '2.351855716390306', 4: inf} 
{0: '0.0', 1: '0.0', 2: '0.0', 3: '2.351855716390306', 4: inf} 
{0: '0.0', 1: '0.0', 2: '0.0', 3: '2.351855716390306', 4: inf} 
{0: '0.0', 1: '0.0', 2: '0.0', 3: '2.351855716390306', 4: inf} 
{0: '0.0', 1: '0.0', 2: '0.0', 3: '2.351855716390306', 4: inf} 
{0: '0.0', 1: '0.0', 2: '0.0', 3: '2.351855716390306', 4: inf} 
{0: '0.0', 1: '0.0', 2: '0.0', 3: '2.351855716390306', 4: inf} 
{0: '0.0', 1: '0.0', 2: '0.0', 3: '2.351855716390306', 4: inf} 
{0: '0.0', 1: '0.0', 2: '0.0', 3: '2.351855716390306', 4: inf} 
{0: '0.0', 1: '0.0', 2: '0.0', 3: '2.351855716390306', 4: inf} 
{0: '0.0', 1: '0.0', 2: '0.0', 3: '2.351855716390306', 4: inf} 
{0: '0.0', 1: '0.0', 2: '0.0', 3: '2.351855716390306', 4: inf} 
{0: '0.0', 1: '0.0', 2: '0.0', 3: '2.351855716390306', 4: inf} 
{0: '0.0', 1: '0.0', 2: '0.0', 3: '2.351855716390306', 4: inf} 
{0: '0.0', 1: '0.0', 2: '0.0', 3: '2.351855716390306', 4: inf} 
{0: '0.0', 1: '0.0', 2: '0.0', 3: '2.351855716390306', 4: inf} 
{0: '0.0', 1: '0.0', 2: '0.0', 3: '2.351855716390306', 4: inf} 
{0: '0.0', 1: '0.0', 2: '0.0', 3: '2.351855716390306', 4: inf} 
{0: '0.0', 1: '0.0', 2: '0.0', 3: '2.351855716390306', 4: inf} 
{0: '0.0', 1: '0.0', 2: '0.0', 3: '2.351855716390306', 4: inf} 
{0: '0.0', 1: '0.0', 2: '0.0', 3: '2.351855716390306', 4: inf} 
{0: '0.0', 1: '0.0', 2: '0.0', 3: '2.351855716390306', 4: inf} 
{0: '0.0', 1: '0.0', 2: '0.0', 3: '2.351855716390306', 4: inf} 
{0: '0.0', 1: '0.0', 2: '0.0', 3: '2.351855716390306', 4: inf} 
{0: '0.0', 1: '0.0', 2: '0.0', 3: '2.351855716390306', 4: inf} 
{0: '0.0', 1: '0.0', 2: '0.0', 3: '2.351855716390306', 4: inf} 
{0: '0.0', 1: '0.0', 2: '0.0', 3: '2.351855716390306', 4: inf} 
{0: '0.0', 1: '0.0', 2: '0.0', 3: '2.351855716390306', 4: inf} 
{0: '0.0', 1: '0.0', 2: '0.0', 3: '2.351855716390306', 4: inf} 
{0: '0.0', 1: '0.0', 2: '0.0', 3: '2.351855716390306', 4: inf} 
{0: '0.0', 1: '0.0', 2: '0.0', 3: '2.351855716390306', 4: inf} 
{0: '0.0', 1: '0.0', 2: '0.0', 3: '2.351855716390306', 4: inf} 
{0: '0.0', 1: '0.0', 2: '0.0', 3: '2.351855716390306', 4: inf} 
{0: '0.0', 1: '0.0', 2: '0.0', 3: '2.351855716390306', 4: inf} 
{0: '0.0', 1: '0.0', 2: '0.0', 3: '2.351855716390306', 4: inf} 
{0: '0.0', 1: '0.0', 2: '0.0', 3: '2.351855716390306', 4: inf} 
{0: '0.0', 1: '0.0', 2: '0.0', 3: '2.351855716390306', 4: inf} 
{0: '0.0', 1: '0.0', 2: '0.0', 3: '2.351855716390306', 4: inf} 
{0: '0.0', 1: '0.0', 2: '0.0', 3: '2.351855716390306', 4: 13799.972401823048} 
{0: '0.009345794392523364', 1: '0.0', 2: '0.0', 3: '2.500000000000003', 4: 1985.7928997755473} 
{0: '0.009259259259259259', 1: '0.0', 2: '0.0', 3: '2.500000000000003', 4: 1025.2343386225496} 
{0: '0.009174311926605505', 1: '0.0', 2: '0.0', 3: '2.500000000000003', 4: 692.8819867960809} 
{0: '0.00909090909090909', 1: '0.0', 2: '0.0', 3: '2.500000000000003', 4: 643.3965850212271} 
{0: '0.018018018018018018', 1: '0.0', 2: '0.0', 3: '2.351855716390306', 4: 598.3058225961047} 
{0: '0.026785714285714284', 1: '0.0', 2: '0.0', 3: '2.212490124287102', 4: 590.5737780037394} 
{0: '0.035398230088495575', 1: '0.0', 2: '0.0', 3: '2.081383018504685', 4: 589.1653545629937} 
{0: '0.03508771929824561', 1: '0.0', 2: '0.0', 3: '2.081383018504685', 4: 588.0507424123157} 
{0: '0.043478260869565216', 1: '0.0', 2: '0.0', 3: '2.212490124287102', 4: 597.5023320707477} 
{0: '0.04310344827586207', 1: '0.0', 2: '0.0', 3: '2.212490124287102', 4: 594.8924894949809} 
{0: '0.05128205128205128', 1: '0.0', 2: '0.0', 3: '2.081383018504685', 4: 570.8543657001584} 
{0: '0.059322033898305086', 1: '0.0', 2: '0.0', 3: '1.958045020027179', 4: 576.9033594262704} 
{0: '0.06722689075630252', 1: '0.0', 2: '0.0', 3: '1.842015749320195', 4: 575.4872010160917} 
{0: '0.075', 1: '0.0', 2: '0.0', 3: '1.7328621078878674', 4: 572.6845448986784} 
{0: '0.08264462809917356', 1: '0.0', 2: '0.0', 3: '1.6301766616608926', 4: 574.9121741084805} 
{0: '0.09016393442622951', 1: '0.0', 2: '0.0', 3: '1.5335761201812925', 4: 577.5512689144342} 
{0: '0.0975609756097561', 1: '0.0', 2: '0.0', 3: '1.4426999059072143', 4: 572.9013076450867} 
{0: '0.0967741935483871', 1: '0.0', 2: '0.0', 3: '1.4426999059072143', 4: 570.851299260446} 
{0: '0.104', 1: '0.0', 2: '0.0', 3: '1.5335761201812925', 4: 568.5693690108577} 
{0: '0.1111111111111111', 1: '0.0', 2: '0.0', 3: '1.6301766616608926', 4: 575.9960478819063} 
{0: '0.11811023622047244', 1: '0.0', 2: '0.0', 3: '1.7328621078878674', 4: 585.3397899929549} 
{0: '0.125', 1: '0.0', 2: '0.0', 3: '1.842015749320195', 4: 566.3067216965114} 
{0: '0.12403100775193798', 1: '0.0', 2: '0.0', 3: '1.842015749320195', 4: 527.655074170755} 
{0: '0.13076923076923078', 1: '0.0', 2: '0.0', 3: '1.7328621078878674', 4: 531.0021711986643} 
{0: '0.13740458015267176', 1: '0.0', 2: '0.0', 3: '1.6301766616608926', 4: 526.2017513352517} 
{0: '0.14393939393939395', 1: '0.0', 2: '0.0', 3: '1.5335761201812925', 4: 519.9650591345717} 
{0: '0.15037593984962405', 1: '0.0', 2: '0.0', 3: '1.4426999059072143', 4: 528.2152764904224} 
{0: '0.15671641791044777', 1: '0.0', 2: '0.0', 3: '1.3572088082974538', 4: 519.5705699612932} 
{0: '0.16296296296296298', 1: '0.0', 2: '0.0', 3: '1.2767837176518553', 4: 532.1723294417864} 
{0: '0.16911764705882354', 1: '0.0', 2: '0.0', 3: '1.2011244339814315', 4: 537.9649519149337} 
{0: '0.17518248175182483', 1: '0.0', 2: '0.0', 3: '1.1299485464621188', 4: 541.5488574029067} 
{0: '0.17391304347826086', 1: '0.0', 2: '0.0', 3: '1.1299485464621188', 4: 529.9026407817641} 
{0: '0.17985611510791366', 1: '0.0', 2: '0.0', 3: '1.2011244339814315', 4: 524.6126063145808} 
{0: '0.17857142857142858', 1: '0.0', 2: '0.0', 3: '1.2011244339814315', 4: 531.6777160478237} 
{0: '0.18439716312056736', 1: '0.0', 2: '0.0', 3: '1.1299485464621188', 4: 531.9944866760922} 
{0: '0.19014084507042253', 1: '0.0', 2: '0.0', 3: '1.0629903792895394', 4: 523.9478706488765} 
{0: '0.1958041958041958', 1: '0.0', 2: '0.0', 3: '1.0', 4: 541.5259127137994} 
{0: '0.19444444444444445', 1: '0.006944444444444444', 2: '0.0', 3: '1.0', 4: 523.6671714489875} 
{0: '0.2', 1: '0.013793103448275862', 2: '0.0', 3: '1.0629903792895394', 4: 533.6010717853028} 
{0: '0.2054794520547945', 1: '0.0136986301369863', 2: '0.0', 3: '1.1299485464621188', 4: 513.2252580247846} 
{0: '0.2108843537414966', 1: '0.013605442176870748', 2: '0.0', 3: '1.2011244339814315', 4: 521.4428531935224} 
{0: '0.20945945945945946', 1: '0.013513513513513514', 2: '0.0', 3: '1.2011244339814315', 4: 517.3433951329037} 
{0: '0.21476510067114093', 1: '0.013422818791946308', 2: '0.0', 3: '1.1299485464621188', 4: 519.8995038572183} 
{0: '0.22', 1: '0.013333333333333334', 2: '0.0', 3: '1.0629903792895394', 4: 528.4543037658037} 
{0: '0.2251655629139073', 1: '0.013245033112582781', 2: '0.0', 3: '1.0', 4: 530.5714393881848} 
{0: '0.2236842105263158', 1: '0.019736842105263157', 2: '0.0', 3: '1.0', 4: 526.4220811382959} 
{0: '0.22875816993464052', 1: '0.026143790849673203', 2: '0.0', 3: '1.0629903792895394', 4: 516.9577809731303} 
{0: '0.22727272727272727', 1: '0.025974025974025976', 2: '0.0', 3: '1.0629903792895394', 4: 522.0707892354545} 
{0: '0.23225806451612904', 1: '0.025806451612903226', 2: '0.0', 3: '1.0', 4: 523.7647883436731} 
{0: '0.23076923076923078', 1: '0.03205128205128205', 2: '0.0', 3: '1.0', 4: 521.2914631956654} 
{0: '0.22929936305732485', 1: '0.03821656050955414', 2: '0.0', 3: '1.0', 4: 519.6773171987895} 
{0: '0.22784810126582278', 1: '0.04430379746835443', 2: '0.0', 3: '1.0', 4: 524.4845226471559} 
{0: '0.23270440251572327', 1: '0.050314465408805034', 2: '0.0', 3: '1.0629903792895394', 4: 531.42201255781} 
{0: '0.2375', 1: '0.05', 2: '0.0', 3: '1.1299485464621188', 4: 538.5814367161346} 
{0: '0.2360248447204969', 1: '0.049689440993788817', 2: '0.0', 3: '1.1299485464621188', 4: 516.7989725580311} 
{0: '0.24074074074074073', 1: '0.04938271604938271', 2: '0.0', 3: '1.0629903792895394', 4: 530.4583482514665} 
{0: '0.2392638036809816', 1: '0.049079754601226995', 2: '0.0', 3: '1.0629903792895394', 4: 512.8026391007788} 
{0: '0.24390243902439024', 1: '0.04878048780487805', 2: '0.0', 3: '1.1299485464621188', 4: 531.5444771331158} 
{0: '0.24242424242424243', 1: '0.048484848484848485', 2: '0.0', 3: '1.1299485464621188', 4: 515.5498693977305} 
{0: '0.2469879518072289', 1: '0.04819277108433735', 2: '0.0', 3: '1.0629903792895394', 4: 517.9313049635392} 
{0: '0.25149700598802394', 1: '0.04790419161676647', 2: '0.0', 3: '1.0', 4: 518.4217945200447} 
{0: '0.25', 1: '0.05357142857142857', 2: '0.0', 3: '1.0', 4: 532.9569165516535} 
{0: '0.25443786982248523', 1: '0.05917159763313609', 2: '0.0', 3: '1.0629903792895394', 4: 514.191961601341} 
{0: '0.25882352941176473', 1: '0.058823529411764705', 2: '0.0', 3: '1.1299485464621188', 4: 531.2044545439121} 
{0: '0.2573099415204678', 1: '0.05847953216374269', 2: '0.0', 3: '1.1299485464621188', 4: 535.3142197248286} 
{0: '0.2616279069767442', 1: '0.05813953488372093', 2: '0.0', 3: '1.0629903792895394', 4: 517.4802338276954} 
{0: '0.2658959537572254', 1: '0.057803468208092484', 2: '0.0', 3: '1.0', 4: 533.4932333924266} 
{0: '0.26436781609195403', 1: '0.06321839080459771', 2: '0.0', 3: '1.0', 4: 535.0692668603823} 
{0: '0.26857142857142857', 1: '0.06857142857142857', 2: '0.0', 3: '1.0629903792895394', 4: 539.8157733314647} 
{0: '0.2727272727272727', 1: '0.06818181818181818', 2: '0.0', 3: '1.1299485464621188', 4: 520.8800366737547} 
{0: '0.2711864406779661', 1: '0.06779661016949153', 2: '0.0', 3: '1.1299485464621188', 4: 527.5760430213564} 
{0: '0.2752808988764045', 1: '0.06741573033707865', 2: '0.0', 3: '1.0629903792895394', 4: 531.4026198173358} 
{0: '0.27932960893854747', 1: '0.0670391061452514', 2: '0.0', 3: '1.0', 4: 523.9729614747877} 
{0: '0.2777777777777778', 1: '0.07222222222222222', 2: '0.0', 3: '1.0', 4: 515.4936437085881} 
{0: '0.281767955801105', 1: '0.07734806629834254', 2: '0.0', 3: '1.0629903792895394', 4: 514.3290280465483} 
{0: '0.2857142857142857', 1: '0.07692307692307693', 2: '0.0', 3: '1.1299485464621188', 4: 520.3876539928716} 
{0: '0.28415300546448086', 1: '0.07650273224043716', 2: '0.0', 3: '1.1299485464621188', 4: 525.8187186131681} 
{0: '0.28804347826086957', 1: '0.07608695652173914', 2: '0.0', 3: '1.0629903792895394', 4: 526.5634392827766} 
{0: '0.2918918918918919', 1: '0.07567567567567568', 2: '0.0', 3: '1.0', 4: 514.2147254014758} 
{0: '0.2903225806451613', 1: '0.08064516129032258', 2: '0.0', 3: '1.0', 4: 522.7383935218375} 
{0: '0.2887700534759358', 1: '0.0855614973262032', 2: '0.0', 3: '1.0', 4: 522.1603552516476} 
{0: '0.2872340425531915', 1: '0.09042553191489362', 2: '0.0', 3: '1.0', 4: 515.2038407313989} 
{0: '0.2857142857142857', 1: '0.09523809523809523', 2: '0.0', 3: '1.0', 4: 525.6752254423831} 
{0: '0.28421052631578947', 1: '0.1', 2: '0.0', 3: '1.0', 4: 530.6718239507942} 
{0: '0.2879581151832461', 1: '0.10471204188481675', 2: '0.0', 3: '1.0629903792895394', 4: 527.2224702074493} 
{0: '0.2916666666666667', 1: '0.10416666666666667', 2: '0.0', 3: '1.1299485464621188', 4: 538.3070211311326} 
{0: '0.29533678756476683', 1: '0.10362694300518134', 2: '0.0', 3: '1.2011244339814315', 4: 521.1401526080418} 
{0: '0.29381443298969073', 1: '0.10309278350515463', 2: '0.0', 3: '1.2011244339814315', 4: 535.3270098635011} 
{0: '0.29743589743589743', 1: '0.10256410256410256', 2: '0.0', 3: '1.1299485464621188', 4: 520.8835209200928} 
{0: '0.3010204081632653', 1: '0.10204081632653061', 2: '0.0', 3: '1.0629903792895394', 4: 536.0471876832327} 
{0: '0.29949238578680204', 1: '0.10152284263959391', 2: '0.0', 3: '1.0629903792895394', 4: 532.8953343461131} 
{0: '0.30303030303030304', 1: '0.10101010101010101', 2: '0.0', 3: '1.1299485464621188', 4: 524.349687721826} 
{0: '0.3065326633165829', 1: '0.10050251256281408', 2: '0.0', 3: '1.2011244339814315', 4: 522.9157471498846} 
{0: '0.305', 1: '0.1', 2: '0.0', 3: '1.2011244339814315', 4: 524.3017240407826} 
{0: '0.30845771144278605', 1: '0.09950248756218906', 2: '0.0', 3: '1.1299485464621188', 4: 528.8825221185014} 
{0: '0.3118811881188119', 1: '0.09900990099009901', 2: '0.0', 3: '1.0629903792895394', 4: 515.0855520351115} 
{0: '0.31527093596059114', 1: '0.09852216748768473', 2: '0.0', 3: '1.0', 4: 520.999086155836} 
{0: '0.3137254901960784', 1: '0.10294117647058823', 2: '0.0', 3: '1.0', 4: 526.1832634808263} 
{0: '0.3121951219512195', 1: '0.1073170731707317', 2: '0.0', 3: '1.0', 4: 516.6645637461663} 
{0: '0.3106796116504854', 1: '0.11165048543689321', 2: '0.0', 3: '1.0', 4: 521.2320259196729} 
{0: '0.3140096618357488', 1: '0.11594202898550725', 2: '0.0', 3: '1.0629903792895394', 4: 522.4883394250364} 
{0: '0.3173076923076923', 1: '0.11538461538461539', 2: '0.0', 3: '1.1299485464621188', 4: 529.2941738231727} 
{0: '0.3157894736842105', 1: '0.11483253588516747', 2: '0.0', 3: '1.1299485464621188', 4: 525.3586416547475} 
{0: '0.319047619047619', 1: '0.11428571428571428', 2: '0.0', 3: '1.0629903792895394', 4: 521.8457905425928} 
{0: '0.3222748815165877', 1: '0.11374407582938388', 2: '0.0', 3: '1.0', 4: 533.4617192036222} 
{0: '0.32075471698113206', 1: '0.1179245283018868', 2: '0.0', 3: '1.0', 4: 535.8355335983541} 
{0: '0.323943661971831', 1: '0.12206572769953052', 2: '0.0', 3: '1.0629903792895394', 4: 536.3387630992928} 
{0: '0.32710280373831774', 1: '0.12149532710280374', 2: '0.0', 3: '1.1299485464621188', 4: 526.129415610786} 
{0: '0.32558139534883723', 1: '0.12093023255813953', 2: '0.0', 3: '1.1299485464621188', 4: 523.0618401387411} 
{0: '0.3287037037037037', 1: '0.12037037037037036', 2: '0.0', 3: '1.0629903792895394', 4: 519.8272637000982} 
{0: '0.3317972350230415', 1: '0.11981566820276497', 2: '0.0', 3: '1.0', 4: 530.8521376806185} 
{0: '0.3302752293577982', 1: '0.12385321100917432', 2: '0.0', 3: '1.0', 4: 529.2498461518156} 
{0: '0.3333333333333333', 1: '0.1278538812785388', 2: '0.0', 3: '1.0629903792895394', 4: 527.5026538306703} 
{0: '0.33181818181818185', 1: '0.12727272727272726', 2: '0.0', 3: '1.0629903792895394', 4: 527.6793380668018} 
{0: '0.334841628959276', 1: '0.12669683257918551', 2: '0.0', 3: '1.0', 4: 529.5956327237402} 
{0: '0.3333333333333333', 1: '0.13063063063063063', 2: '0.0', 3: '1.0', 4: 527.2698970682945} 
{0: '0.336322869955157', 1: '0.13452914798206278', 2: '0.0', 3: '1.0629903792895394', 4: 527.9308353390377} 
{0: '0.33482142857142855', 1: '0.13392857142857142', 2: '0.0', 3: '1.0629903792895394', 4: 518.3190350791784} 
{0: '0.3377777777777778', 1: '0.13333333333333333', 2: '0.0', 3: '1.0', 4: 519.7274011875628} 
{0: '0.336283185840708', 1: '0.13716814159292035', 2: '0.0', 3: '1.0', 4: 520.6968000369277} 
{0: '0.3392070484581498', 1: '0.14096916299559473', 2: '0.0', 3: '1.0629903792895394', 4: 522.9741865900673} 
{0: '0.34210526315789475', 1: '0.14035087719298245', 2: '0.0', 3: '1.1299485464621188', 4: 527.1979532117396} 
{0: '0.34497816593886466', 1: '0.13973799126637554', 2: '0.0', 3: '1.2011244339814315', 4: 513.8328499987199} 
{0: '0.34347826086956523', 1: '0.1391304347826087', 2: '0.0', 3: '1.2011244339814315', 4: 532.3028416249803} 
{0: '0.3463203463203463', 1: '0.13852813852813853', 2: '0.0', 3: '1.1299485464621188', 4: 517.4661670240449} 
{0: '0.34913793103448276', 1: '0.13793103448275862', 2: '0.0', 3: '1.0629903792895394', 4: 535.1062176290889} 
{0: '0.351931330472103', 1: '0.13733905579399142', 2: '0.0', 3: '1.0', 4: 535.0414664504441} 
{0: '0.3504273504273504', 1: '0.14102564102564102', 2: '0.0', 3: '1.0', 4: 513.4864862455681} 
{0: '0.34893617021276596', 1: '0.14468085106382977', 2: '0.0', 3: '1.0', 4: 518.9660570116549} 
{0: '0.3474576271186441', 1: '0.1483050847457627', 2: '0.0', 3: '1.0', 4: 524.4249500753925} 
{0: '0.350210970464135', 1: '0.1518987341772152', 2: '0.0', 3: '1.0629903792895394', 4: 523.8666491162253} 
{0: '0.3487394957983193', 1: '0.15126050420168066', 2: '0.0', 3: '1.0629903792895394', 4: 528.6818661374592} 
{0: '0.3514644351464435', 1: '0.1506276150627615', 2: '0.0', 3: '1.0', 4: 528.5683377680573} 
{0: '0.35', 1: '0.15416666666666667', 2: '0.0', 3: '1.0', 4: 539.8608603121379} 
{0: '0.34854771784232363', 1: '0.15767634854771784', 2: '0.0', 3: '1.0', 4: 536.6136461924074} 
{0: '0.34710743801652894', 1: '0.16115702479338842', 2: '0.0', 3: '1.0', 4: 533.6888137546314} 
{0: '0.3497942386831276', 1: '0.1646090534979424', 2: '0.0', 3: '1.0629903792895394', 4: 523.5518586229839} 
{0: '0.3483606557377049', 1: '0.16393442622950818', 2: '0.0', 3: '1.0629903792895394', 4: 532.1435696488335} 
{0: '0.3510204081632653', 1: '0.16326530612244897', 2: '0.0', 3: '1.0', 4: 534.2433704695112} 
{0: '0.34959349593495936', 1: '0.16666666666666666', 2: '0.0', 3: '1.0', 4: 520.7484458286675} 
{0: '0.3522267206477733', 1: '0.1700404858299595', 2: '0.0', 3: '1.0629903792895394', 4: 536.0869361960383} 
{0: '0.3548387096774194', 1: '0.1693548387096774', 2: '0.0', 3: '1.1299485464621188', 4: 538.1497079892946} 
{0: '0.3534136546184739', 1: '0.1686746987951807', 2: '0.0', 3: '1.1299485464621188', 4: 523.6650703403537} 
{0: '0.356', 1: '0.168', 2: '0.0', 3: '1.0629903792895394', 4: 523.1982900497027} 
{0: '0.35856573705179284', 1: '0.16733067729083664', 2: '0.0', 3: '1.0', 4: 518.5856033316087} 
{0: '0.35714285714285715', 1: '0.17063492063492064', 2: '0.0', 3: '1.0', 4: 543.3754898523194} 
{0: '0.35968379446640314', 1: '0.17391304347826086', 2: '0.0', 3: '1.0629903792895394', 4: 535.0616414265628} 
{0: '0.36220472440944884', 1: '0.1732283464566929', 2: '0.0', 3: '1.1299485464621188', 4: 522.9067083934349} 
{0: '0.3607843137254902', 1: '0.17254901960784313', 2: '0.0', 3: '1.1299485464621188', 4: 528.0846287676612} 
{0: '0.36328125', 1: '0.171875', 2: '0.0', 3: '1.0629903792895394', 4: 534.1262883258926} 
{0: '0.3657587548638132', 1: '0.17120622568093385', 2: '0.0', 3: '1.0', 4: 521.3873205695538} 
{0: '0.3643410852713178', 1: '0.1744186046511628', 2: '0.0', 3: '1.0', 4: 517.210909756345} 
{0: '0.36293436293436293', 1: '0.1776061776061776', 2: '0.0', 3: '1.0', 4: 528.919202160974} 
{0: '0.36153846153846153', 1: '0.18076923076923077', 2: '0.0', 3: '1.0', 4: 526.5428924047985} 
{0: '0.36398467432950193', 1: '0.1839080459770115', 2: '0.0', 3: '1.0629903792895394', 4: 540.4750738630131} 
{0: '0.366412213740458', 1: '0.183206106870229', 2: '0.0', 3: '1.1299485464621188', 4: 525.2731883134186} 
{0: '0.3688212927756654', 1: '0.18250950570342206', 2: '0.0', 3: '1.2011244339814315', 4: 520.0902531607419} 
{0: '0.36742424242424243', 1: '0.18181818181818182', 2: '0.0', 3: '1.2011244339814315', 4: 512.7176520366968} 
{0: '0.36981132075471695', 1: '0.1811320754716981', 2: '0.0', 3: '1.1299485464621188', 4: 526.2741777173535} 
{0: '0.37218045112781956', 1: '0.18045112781954886', 2: '0.0', 3: '1.0629903792895394', 4: 525.6587766952572} 
{0: '0.37453183520599254', 1: '0.1797752808988764', 2: '0.0', 3: '1.0', 4: 522.8347511963996} 
{0: '0.373134328358209', 1: '0.1828358208955224', 2: '0.0', 3: '1.0', 4: 514.4536492812794} 
{0: '0.37174721189591076', 1: '0.18587360594795538', 2: '0.0', 3: '1.0', 4: 535.0852133479464} 
{0: '0.37037037037037035', 1: '0.18888888888888888', 2: '0.0', 3: '1.0', 4: 533.9438077731384} 
{0: '0.3726937269372694', 1: '0.1918819188191882', 2: '0.0', 3: '1.0629903792895394', 4: 535.5479723111858} 
{0: '0.375', 1: '0.19117647058823528', 2: '0.0', 3: '1.1299485464621188', 4: 530.2323293710116} 
{0: '0.3772893772893773', 1: '0.19047619047619047', 2: '0.0', 3: '1.2011244339814315', 4: 526.5530392658483} 
{0: '0.3759124087591241', 1: '0.1897810218978102', 2: '0.0', 3: '1.2011244339814315', 4: 523.0566256797682} 
{0: '0.3781818181818182', 1: '0.1890909090909091', 2: '0.0', 3: '1.1299485464621188', 4: 534.6539107002999} 
{0: '0.3804347826086957', 1: '0.18840579710144928', 2: '0.0', 3: '1.0629903792895394', 4: 535.0492254821562} 
{0: '0.37906137184115524', 1: '0.18772563176895307', 2: '0.0', 3: '1.0629903792895394', 4: 533.9406466484855} 
{0: '0.381294964028777', 1: '0.18705035971223022', 2: '0.0', 3: '1.1299485464621188', 4: 521.0447242721181} 
{0: '0.37992831541218636', 1: '0.1863799283154122', 2: '0.0', 3: '1.1299485464621188', 4: 527.8714617533929} 
{0: '0.3821428571428571', 1: '0.18571428571428572', 2: '0.0', 3: '1.0629903792895394', 4: 520.1670683794714} 
{0: '0.38434163701067614', 1: '0.18505338078291814', 2: '0.0', 3: '1.0', 4: 523.4229825722664} 
{0: '0.3829787234042553', 1: '0.1879432624113475', 2: '0.0', 3: '1.0', 4: 523.43619660223} 
{0: '0.38515901060070673', 1: '0.19081272084805653', 2: '0.0', 3: '1.0629903792895394', 4: 519.1299287660487} 
{0: '0.3873239436619718', 1: '0.19014084507042253', 2: '0.0', 3: '1.1299485464621188', 4: 536.8913076823515} 
{0: '0.3894736842105263', 1: '0.18947368421052632', 2: '0.0', 3: '1.2011244339814315', 4: 529.5574003914128} 
{0: '0.3881118881118881', 1: '0.1888111888111888', 2: '0.0', 3: '1.2011244339814315', 4: 528.1433390579798} 
{0: '0.3902439024390244', 1: '0.18815331010452963', 2: '0.0', 3: '1.1299485464621188', 4: 531.5517080354615} 
{0: '0.3923611111111111', 1: '0.1875', 2: '0.0', 3: '1.0629903792895394', 4: 534.4409483912998} 
{0: '0.3944636678200692', 1: '0.18685121107266436', 2: '0.0', 3: '1.0', 4: 520.6690322090284} 
{0: '0.3931034482758621', 1: '0.1896551724137931', 2: '0.0', 3: '1.0', 4: 534.5444039445317} 
{0: '0.3951890034364261', 1: '0.19243986254295534', 2: '0.0', 3: '1.0629903792895394', 4: 532.3968628948245} 
{0: '0.3972602739726027', 1: '0.1917808219178082', 2: '0.0', 3: '1.1299485464621188', 4: 524.2279312483452} 
{0: '0.39590443686006827', 1: '0.19112627986348124', 2: '0.0', 3: '1.1299485464621188', 4: 513.6257594608223} 
{0: '0.3979591836734694', 1: '0.19047619047619047', 2: '0.0', 3: '1.0629903792895394', 4: 531.0490453042071} 
{0: '0.4', 1: '0.18983050847457628', 2: '0.0', 3: '1.0', 4: 516.3585883382201} 
{0: '0.39864864864864863', 1: '0.19256756756756757', 2: '0.0', 3: '1.0', 4: 519.7528027151164} 
{0: '0.4006734006734007', 1: '0.19528619528619529', 2: '0.0', 3: '1.0629903792895394', 4: 514.9313149720393} 
{0: '0.39932885906040266', 1: '0.19463087248322147', 2: '0.0', 3: '1.0629903792895394', 4: 521.890990113164} 
{0: '0.4013377926421405', 1: '0.1939799331103679', 2: '0.0', 3: '1.0', 4: 536.1774035624823} 
{0: '0.4', 1: '0.19666666666666666', 2: '0.0', 3: '1.0', 4: 533.5234604224038} 
{0: '0.4019933554817276', 1: '0.19933554817275748', 2: '0.0', 3: '1.0629903792895394', 4: 539.4478756891858} 
{0: '0.40397350993377484', 1: '0.1986754966887417', 2: '0.0', 3: '1.1299485464621188', 4: 515.0756059981032} 
{0: '0.40594059405940597', 1: '0.19801980198019803', 2: '0.0', 3: '1.2011244339814315', 4: 527.3650128635303} 
{0: '0.40460526315789475', 1: '0.19736842105263158', 2: '0.0', 3: '1.2011244339814315', 4: 531.0561703895795} 
{0: '0.4065573770491803', 1: '0.19672131147540983', 2: '0.0', 3: '1.1299485464621188', 4: 520.5486859179911} 
{0: '0.4084967320261438', 1: '0.19607843137254902', 2: '0.0', 3: '1.0629903792895394', 4: 520.6164815963742} 
{0: '0.41042345276872966', 1: '0.19543973941368079', 2: '0.0', 3: '1.0', 4: 514.8705343132796} 
{0: '0.4090909090909091', 1: '0.19805194805194806', 2: '0.0', 3: '1.0', 4: 522.5875939151441} 
{0: '0.4110032362459547', 1: '0.20064724919093851', 2: '0.0', 3: '1.0629903792895394', 4: 520.3244817804075} 
{0: '0.4096774193548387', 1: '0.2', 2: '0.0', 3: '1.0629903792895394', 4: 518.5935191482803} 
{0: '0.4115755627009646', 1: '0.19935691318327975', 2: '0.0', 3: '1.0', 4: 518.5385771512068} 
{0: '0.41025641025641024', 1: '0.20192307692307693', 2: '0.0', 3: '1.0', 4: 520.0633472962566} 
{0: '0.41214057507987223', 1: '0.20447284345047922', 2: '0.0', 3: '1.0629903792895394', 4: 518.8713457379207} 
{0: '0.410828025477707', 1: '0.20382165605095542', 2: '0.0', 3: '1.0629903792895394', 4: 524.2844536152801} 
{0: '0.4126984126984127', 1: '0.20317460317460317', 2: '0.0', 3: '1.0', 4: 522.3249771362614} 
{0: '0.41139240506329117', 1: '0.20569620253164558', 2: '0.0', 3: '1.0', 4: 525.8670289595273} 
{0: '0.41009463722397477', 1: '0.2082018927444795', 2: '0.0', 3: '1.0', 4: 517.4562897434329} 
{0: '0.4088050314465409', 1: '0.21069182389937108', 2: '0.0', 3: '1.0', 4: 522.1697709855337} 
{0: '0.4106583072100313', 1: '0.21316614420062696', 2: '0.0', 3: '1.0629903792895394', 4: 535.9283134749887} 
{0: '0.409375', 1: '0.2125', 2: '0.0', 3: '1.0629903792895394', 4: 519.953833869846} 
{0: '0.411214953271028', 1: '0.2118380062305296', 2: '0.0', 3: '1.0', 4: 517.0645384006896} 
{0: '0.40993788819875776', 1: '0.21428571428571427', 2: '0.0', 3: '1.0', 4: 517.0078494076147} 
{0: '0.4117647058823529', 1: '0.21671826625386997', 2: '0.0', 3: '1.0629903792895394', 4: 531.6595461235341} 
{0: '0.4104938271604938', 1: '0.21604938271604937', 2: '0.0', 3: '1.0629903792895394', 4: 515.2872370541625} 
{0: '0.4123076923076923', 1: '0.2153846153846154', 2: '0.0', 3: '1.0', 4: 513.6368482180841} 
{0: '0.4110429447852761', 1: '0.21779141104294478', 2: '0.0', 3: '1.0', 4: 513.4267178813805} 
{0: '0.40978593272171254', 1: '0.22018348623853212', 2: '0.0', 3: '1.0', 4: 518.8802449357734} 
{0: '0.40853658536585363', 1: '0.2225609756097561', 2: '0.0', 3: '1.0', 4: 519.2775726439143} 
{0: '0.41033434650455924', 1: '0.22492401215805471', 2: '0.0', 3: '1.0629903792895394', 4: 513.4437425714211} 
{0: '0.4090909090909091', 1: '0.22424242424242424', 2: '0.0', 3: '1.0629903792895394', 4: 529.2448404283957} 
{0: '0.4108761329305136', 1: '0.22356495468277945', 2: '0.0', 3: '1.0', 4: 538.8191971490439} 
{0: '0.40963855421686746', 1: '0.22590361445783133', 2: '0.0', 3: '1.0', 4: 539.7444583422891} 
{0: '0.4114114114114114', 1: '0.22822822822822822', 2: '0.0', 3: '1.0629903792895394', 4: 535.9009917193326} 
{0: '0.41317365269461076', 1: '0.2275449101796407', 2: '0.0', 3: '1.1299485464621188', 4: 526.7353270968312} 
{0: '0.41492537313432837', 1: '0.22686567164179106', 2: '0.0', 3: '1.2011244339814315', 4: 529.231466385241} 
{0: '0.41369047619047616', 1: '0.2261904761904762', 2: '0.0', 3: '1.2011244339814315', 4: 524.1658834892836} 
{0: '0.41543026706231456', 1: '0.22551928783382788', 2: '0.0', 3: '1.1299485464621188', 4: 526.0092256783856} 
{0: '0.4171597633136095', 1: '0.22485207100591717', 2: '0.0', 3: '1.0629903792895394', 4: 517.8845742666491} 
{0: '0.41887905604719766', 1: '0.22418879056047197', 2: '0.0', 3: '1.0', 4: 531.5886260286735} 
{0: '0.4176470588235294', 1: '0.22647058823529412', 2: '0.0', 3: '1.0', 4: 535.0737619469955} 
{0: '0.41935483870967744', 1: '0.2287390029325513', 2: '0.0', 3: '1.0629903792895394', 4: 524.8712764039504} 
{0: '0.41812865497076024', 1: '0.22807017543859648', 2: '0.0', 3: '1.0629903792895394', 4: 518.7446829906778} 
{0: '0.4198250728862974', 1: '0.22740524781341107', 2: '0.0', 3: '1.0', 4: 531.7649479248707} 
{0: '0.4186046511627907', 1: '0.22965116279069767', 2: '0.0', 3: '1.0', 4: 524.6021023496008} 
{0: '0.41739130434782606', 1: '0.2318840579710145', 2: '0.0', 3: '1.0', 4: 517.3354610131356} 
{0: '0.4161849710982659', 1: '0.23410404624277456', 2: '0.0', 3: '1.0', 4: 514.5275209970986} 
{0: '0.41786743515850144', 1: '0.23631123919308358', 2: '0.0', 3: '1.0629903792895394', 4: 541.351931450085} 
{0: '0.41954022988505746', 1: '0.23563218390804597', 2: '0.0', 3: '1.1299485464621188', 4: 519.0488715125778} 
{0: '0.4183381088825215', 1: '0.2349570200573066', 2: '0.0', 3: '1.1299485464621188', 4: 524.1194888782422} 
{0: '0.42', 1: '0.2342857142857143', 2: '0.0', 3: '1.0629903792895394', 4: 514.1590212586992} 
{0: '0.42165242165242167', 1: '0.2336182336182336', 2: '0.0', 3: '1.0', 4: 532.8780743906619} 
{0: '0.42045454545454547', 1: '0.23579545454545456', 2: '0.0', 3: '1.0', 4: 528.0339935272225} 
{0: '0.42209631728045327', 1: '0.23796033994334279', 2: '0.0', 3: '1.0629903792895394', 4: 522.9849915961947} 
{0: '0.4209039548022599', 1: '0.23728813559322035', 2: '0.0', 3: '1.0629903792895394', 4: 523.5943801819766} 
{0: '0.4225352112676056', 1: '0.23661971830985915', 2: '0.0', 3: '1.0', 4: 533.8797020155814} 
{0: '0.42134831460674155', 1: '0.23876404494382023', 2: '0.0', 3: '1.0', 4: 531.2681300436794} 
{0: '0.42296918767507', 1: '0.24089635854341737', 2: '0.0', 3: '1.0629903792895394', 4: 539.5860890211832} 
{0: '0.4245810055865922', 1: '0.24022346368715083', 2: '0.0', 3: '1.1299485464621188', 4: 521.5617478454245} 
{0: '0.42618384401114207', 1: '0.2395543175487465', 2: '0.0', 3: '1.2011244339814315', 4: 526.7569460724114} 
{0: '0.425', 1: '0.2388888888888889', 2: '0.0', 3: '1.2011244339814315', 4: 525.8261378566507} 
{0: '0.4265927977839335', 1: '0.23822714681440443', 2: '0.0', 3: '1.1299485464621188', 4: 529.0803720874636} 
{0: '0.4281767955801105', 1: '0.23756906077348067', 2: '0.0', 3: '1.0629903792895394', 4: 529.8656155792019} 
{0: '0.4297520661157025', 1: '0.2369146005509642', 2: '0.0', 3: '1.0', 4: 533.6047802176698} 
{0: '0.42857142857142855', 1: '0.23901098901098902', 2: '0.0', 3: '1.0', 4: 528.1174808164171} 
{0: '0.4301369863013699', 1: '0.2410958904109589', 2: '0.0', 3: '1.0629903792895394', 4: 531.7020665049864} 
{0: '0.43169398907103823', 1: '0.24043715846994534', 2: '0.0', 3: '1.1299485464621188', 4: 525.8325968379834} 
{0: '0.4332425068119891', 1: '0.23978201634877383', 2: '0.0', 3: '1.2011244339814315', 4: 525.4952433372772} 
{0: '0.4320652173913043', 1: '0.2391304347826087', 2: '0.0', 3: '1.2011244339814315', 4: 524.5696092268776} 
{0: '0.43360433604336046', 1: '0.23848238482384823', 2: '0.0', 3: '1.1299485464621188', 4: 523.2992531936076} 
{0: '0.43513513513513513', 1: '0.23783783783783785', 2: '0.0', 3: '1.0629903792895394', 4: 534.162956432646} 
{0: '0.4366576819407008', 1: '0.2371967654986523', 2: '0.0', 3: '1.0', 4: 517.0700672115776} 
{0: '0.43548387096774194', 1: '0.239247311827957', 2: '0.0', 3: '1.0', 4: 519.7040071525422} 
{0: '0.43699731903485256', 1: '0.24128686327077747', 2: '0.0', 3: '1.0629903792895394', 4: 521.5698540899601} 
{0: '0.4358288770053476', 1: '0.24064171122994651', 2: '0.0', 3: '1.0629903792895394', 4: 522.4133794577614} 
{0: '0.43733333333333335', 1: '0.24', 2: '0.0', 3: '1.0', 4: 518.8784359530351} 
{0: '0.43617021276595747', 1: '0.24202127659574468', 2: '0.0', 3: '1.0', 4: 528.5498712549199} 
{0: '0.4376657824933687', 1: '0.2440318302387268', 2: '0.0', 3: '1.0629903792895394', 4: 527.7112966104904} 
{0: '0.43915343915343913', 1: '0.24338624338624337', 2: '0.0', 3: '1.1299485464621188', 4: 534.038356908291} 
{0: '0.43799472295514513', 1: '0.24274406332453827', 2: '0.0', 3: '1.1299485464621188', 4: 522.7582058446093} 
{0: '0.4394736842105263', 1: '0.24210526315789474', 2: '0.0', 3: '1.0629903792895394', 4: 522.3047020011128} 
{0: '0.4409448818897638', 1: '0.24146981627296588', 2: '0.0', 3: '1.0', 4: 536.1553629317723} 
{0: '0.4397905759162304', 1: '0.24345549738219896', 2: '0.0', 3: '1.0', 4: 534.6378822407651} 
{0: '0.4386422976501306', 1: '0.2454308093994778', 2: '0.0', 3: '1.0', 4: 518.9110273074472} 
{0: '0.4375', 1: '0.24739583333333334', 2: '0.0', 3: '1.0', 4: 513.1676782723071} 
{0: '0.43636363636363634', 1: '0.24935064935064935', 2: '0.0', 3: '1.0', 4: 535.3073583698799} 
{0: '0.43523316062176165', 1: '0.25129533678756477', 2: '0.0', 3: '1.0', 4: 519.8111966076177} 
{0: '0.43410852713178294', 1: '0.2532299741602067', 2: '0.0', 3: '1.0', 4: 523.8079702893372} 
{0: '0.4329896907216495', 1: '0.2551546391752577', 2: '0.0', 3: '1.0', 4: 531.5878985121611} 
{0: '0.43444730077120824', 1: '0.2570694087403599', 2: '0.0', 3: '1.0629903792895394', 4: 521.272162859995} 
{0: '0.43333333333333335', 1: '0.2564102564102564', 2: '0.0', 3: '1.0629903792895394', 4: 521.8872881383627} 
{0: '0.43478260869565216', 1: '0.2557544757033248', 2: '0.0', 3: '1.0', 4: 528.8723709623429} 
{0: '0.4336734693877551', 1: '0.2576530612244898', 2: '0.0', 3: '1.0', 4: 527.0130583812044} 
{0: '0.4351145038167939', 1: '0.2595419847328244', 2: '0.0', 3: '1.0629903792895394', 4: 539.0815327773183} 
{0: '0.4365482233502538', 1: '0.25888324873096447', 2: '0.0', 3: '1.1299485464621188', 4: 535.8520825330964} 
{0: '0.4379746835443038', 1: '0.2582278481012658', 2: '0.0', 3: '1.2011244339814315', 4: 514.3933531374312} 
{0: '0.43686868686868685', 1: '0.25757575757575757', 2: '0.0', 3: '1.2011244339814315', 4: 527.7139655353595} 
{0: '0.43828715365239296', 1: '0.25692695214105793', 2: '0.0', 3: '1.1299485464621188', 4: 519.1027897346795} 
{0: '0.4396984924623116', 1: '0.2562814070351759', 2: '0.0', 3: '1.0629903792895394', 4: 528.3842411849522} 
{0: '0.44110275689223055', 1: '0.2556390977443609', 2: '0.0', 3: '1.0', 4: 536.345518173027} 
{0: '0.44', 1: '0.2575', 2: '0.0', 3: '1.0', 4: 521.2343129221443} 
{0: '0.4389027431421446', 1: '0.2593516209476309', 2: '0.0', 3: '1.0', 4: 525.1649589973413} 
{0: '0.43781094527363185', 1: '0.26119402985074625', 2: '0.0', 3: '1.0', 4: 519.4800926829602} 
{0: '0.4392059553349876', 1: '0.2630272952853598', 2: '0.0', 3: '1.0629903792895394', 4: 534.7824568630924} 
{0: '0.4405940594059406', 1: '0.2623762376237624', 2: '0.0', 3: '1.1299485464621188', 4: 529.5029659652688} 
{0: '0.4419753086419753', 1: '0.2617283950617284', 2: '0.0', 3: '1.2011244339814315', 4: 530.5409407751935} 
{0: '0.4408866995073892', 1: '0.26108374384236455', 2: '0.0', 3: '1.2011244339814315', 4: 535.1907388725336} 
{0: '0.44226044226044225', 1: '0.26044226044226043', 2: '0.0', 3: '1.1299485464621188', 4: 518.3054429949974} 
{0: '0.44362745098039214', 1: '0.25980392156862747', 2: '0.0', 3: '1.0629903792895394', 4: 534.7088462395858} 
{0: '0.4449877750611247', 1: '0.2591687041564792', 2: '0.0', 3: '1.0', 4: 531.600644745514} 
{0: '0.44390243902439025', 1: '0.26097560975609757', 2: '0.0', 3: '1.0', 4: 526.2777091459674} 
{0: '0.44525547445255476', 1: '0.26277372262773724', 2: '0.0', 3: '1.0629903792895394', 4: 515.1926687857967} 
{0: '0.4441747572815534', 1: '0.2621359223300971', 2: '0.0', 3: '1.0629903792895394', 4: 528.6608550711079} 
{0: '0.4430992736077482', 1: '0.26150121065375304', 2: '0.0', 3: '1.0629903792895394', 4: 533.5271583903078} 
{0: '0.4444444444444444', 1: '0.2608695652173913', 2: '0.0', 3: '1.1299485464621188', 4: 525.5436598283839} 
{0: '0.4433734939759036', 1: '0.26024096385542167', 2: '0.0', 3: '1.1299485464621188', 4: 518.5253003734018} 
{0: '0.44471153846153844', 1: '0.25961538461538464', 2: '0.0', 3: '1.0629903792895394', 4: 526.6172304806838} 
{0: '0.4460431654676259', 1: '0.2589928057553957', 2: '0.0', 3: '1.0', 4: 528.2586203948006} 
{0: '0.4449760765550239', 1: '0.2607655502392344', 2: '0.0', 3: '1.0', 4: 521.546651632286} 
{0: '0.4439140811455847', 1: '0.26252983293556087', 2: '0.0', 3: '1.0', 4: 513.8478586532802} 
{0: '0.44285714285714284', 1: '0.2642857142857143', 2: '0.0', 3: '1.0', 4: 533.6941981735546} 
{0: '0.44418052256532065', 1: '0.2660332541567696', 2: '0.0', 3: '1.0629903792895394', 4: 542.5774791107274} 
{0: '0.44549763033175355', 1: '0.26540284360189575', 2: '0.0', 3: '1.1299485464621188', 4: 536.1479880034469} 
{0: '0.4444444444444444', 1: '0.2647754137115839', 2: '0.0', 3: '1.1299485464621188', 4: 524.0404457907904} 
{0: '0.44575471698113206', 1: '0.2641509433962264', 2: '0.0', 3: '1.0629903792895394', 4: 524.7797384612963} 
{0: '0.4447058823529412', 1: '0.2635294117647059', 2: '0.0', 3: '1.0629903792895394', 4: 516.0553862515993} 
{0: '0.4460093896713615', 1: '0.26291079812206575', 2: '0.0', 3: '1.1299485464621188', 4: 524.3428820253835} 
{0: '0.4449648711943794', 1: '0.26229508196721313', 2: '0.0', 3: '1.1299485464621188', 4: 522.2734106701454} 
{0: '0.4462616822429907', 1: '0.2616822429906542', 2: '0.0', 3: '1.0629903792895394', 4: 530.5888552047978} 
{0: '0.44755244755244755', 1: '0.26107226107226106', 2: '0.0', 3: '1.0', 4: 521.7461428310918} 
{0: '0.44651162790697674', 1: '0.2627906976744186', 2: '0.0', 3: '1.0', 4: 512.5327855810643} 
{0: '0.44779582366589327', 1: '0.26450116009280744', 2: '0.0', 3: '1.0629903792895394', 4: 520.2195236667351} 
{0: '0.44675925925925924', 1: '0.2638888888888889', 2: '0.0', 3: '1.0629903792895394', 4: 511.4468969516396} 
{0: '0.44803695150115475', 1: '0.2632794457274827', 2: '0.0', 3: '1.0', 4: 511.1955944679706} 
{0: '0.4470046082949309', 1: '0.26497695852534564', 2: '0.0', 3: '1.0', 4: 534.9445453487871} 
{0: '0.4482758620689655', 1: '0.26666666666666666', 2: '0.0', 3: '1.0629903792895394', 4: 511.52783084237495} 
{0: '0.44724770642201833', 1: '0.26605504587155965', 2: '0.0', 3: '1.0629903792895394', 4: 532.2921823562065} 
{0: '0.448512585812357', 1: '0.2654462242562929', 2: '0.0', 3: '1.0', 4: 523.6433389764086} 
{0: '0.4474885844748858', 1: '0.2671232876712329', 2: '0.0', 3: '1.0', 4: 527.0844366057698} 
{0: '0.44874715261959', 1: '0.26879271070615035', 2: '0.0', 3: '1.0629903792895394', 4: 524.4099182201671} 
{0: '0.45', 1: '0.2681818181818182', 2: '0.0', 3: '1.1299485464621188', 4: 522.5144886403041} 
{0: '0.4512471655328798', 1: '0.2675736961451247', 2: '0.0', 3: '1.2011244339814315', 4: 522.6686012001413} 
{0: '0.45248868778280543', 1: '0.2669683257918552', 2: '0.0', 3: '1.2767837176518553', 4: 530.0692014639042} 
{0: '0.45146726862302483', 1: '0.26636568848758463', 2: '0.0', 3: '1.2767837176518553', 4: 522.9136175915379} 
{0: '0.4527027027027027', 1: '0.26576576576576577', 2: '0.0', 3: '1.2011244339814315', 4: 514.3244965932665} 
{0: '0.45393258426966293', 1: '0.2651685393258427', 2: '0.0', 3: '1.1299485464621188', 4: 530.474309540649} 
{0: '0.452914798206278', 1: '0.2645739910313901', 2: '0.0', 3: '1.1299485464621188', 4: 524.9327242279197} 
{0: '0.4519015659955257', 1: '0.2639821029082774', 2: '0.0', 3: '1.1299485464621188', 4: 522.6905028604713} 
{0: '0.453125', 1: '0.26339285714285715', 2: '0.0', 3: '1.0629903792895394', 4: 536.5441951159544} 
{0: '0.45434298440979953', 1: '0.26280623608017817', 2: '0.0', 3: '1.0', 4: 517.9406440703633} 
{0: '0.4533333333333333', 1: '0.2644444444444444', 2: '0.0', 3: '1.0', 4: 539.9359426878397} 
{0: '0.45454545454545453', 1: '0.2660753880266075', 2: '0.0', 3: '1.0629903792895394', 4: 523.701062073439} 
{0: '0.45353982300884954', 1: '0.26548672566371684', 2: '0.0', 3: '1.0629903792895394', 4: 539.0667325037458} 
{0: '0.45474613686534215', 1: '0.26490066225165565', 2: '0.0', 3: '1.0', 4: 525.9418141653097} 
{0: '0.45374449339207046', 1: '0.2665198237885463', 2: '0.0', 3: '1.0', 4: 531.5605861300788} 
{0: '0.45494505494505494', 1: '0.2681318681318681', 2: '0.0', 3: '1.0629903792895394', 4: 528.0143557324936} 
{0: '0.45614035087719296', 1: '0.2675438596491228', 2: '0.0', 3: '1.1299485464621188', 4: 524.6156563944958} 
{0: '0.4573304157549234', 1: '0.26695842450765866', 2: '0.0', 3: '1.2011244339814315', 4: 536.5266434141482} 
{0: '0.45633187772925765', 1: '0.2663755458515284', 2: '0.0', 3: '1.2011244339814315', 4: 527.6390496785359} 
{0: '0.45751633986928103', 1: '0.2657952069716776', 2: '0.0', 3: '1.1299485464621188', 4: 527.8858409189376} 
{0: '0.45869565217391306', 1: '0.26521739130434785', 2: '0.0', 3: '1.0629903792895394', 4: 539.0913151842931} 
{0: '0.4598698481561822', 1: '0.2646420824295011', 2: '0.0', 3: '1.0', 4: 522.7083354816339} 
{0: '0.4588744588744589', 1: '0.2662337662337662', 2: '0.0', 3: '1.0', 4: 538.4811967319968} 
{0: '0.46004319654427644', 1: '0.2678185745140389', 2: '0.0', 3: '1.0629903792895394', 4: 541.0969150308614} 
{0: '0.46120689655172414', 1: '0.2672413793103448', 2: '0.0', 3: '1.1299485464621188', 4: 525.6822245505334} 
{0: '0.46021505376344085', 1: '0.26666666666666666', 2: '0.0', 3: '1.1299485464621188', 4: 523.177932415018} 
{0: '0.4613733905579399', 1: '0.26609442060085836', 2: '0.0', 3: '1.0629903792895394', 4: 537.4648253746002} 
{0: '0.4625267665952891', 1: '0.26552462526766596', 2: '0.0', 3: '1.0', 4: 536.4402112086733} 
{0: '0.46153846153846156', 1: '0.2670940170940171', 2: '0.0', 3: '1.0', 4: 545.145396912594} 
{0: '0.4626865671641791', 1: '0.26865671641791045', 2: '0.0', 3: '1.0629903792895394', 4: 536.2552984720146} 
{0: '0.46382978723404256', 1: '0.2680851063829787', 2: '0.0', 3: '1.1299485464621188', 4: 533.5870850679663} 
{0: '0.46496815286624205', 1: '0.267515923566879', 2: '0.0', 3: '1.2011244339814315', 4: 520.1112487785562} 
{0: '0.4639830508474576', 1: '0.2669491525423729', 2: '0.0', 3: '1.2011244339814315', 4: 530.0827687763164} 
{0: '0.46511627906976744', 1: '0.266384778012685', 2: '0.0', 3: '1.1299485464621188', 4: 531.3696309319457} 
{0: '0.46624472573839665', 1: '0.26582278481012656', 2: '0.0', 3: '1.0629903792895394', 4: 525.2862420097214} 
{0: '0.4673684210526316', 1: '0.26526315789473687', 2: '0.0', 3: '1.0', 4: 536.2978250660819} 
{0: '0.46638655462184875', 1: '0.2668067226890756', 2: '0.0', 3: '1.0', 4: 526.2723427840801} 
{0: '0.46750524109014674', 1: '0.26834381551362685', 2: '0.0', 3: '1.0629903792895394', 4: 531.4649889854597} 
{0: '0.4686192468619247', 1: '0.26778242677824265', 2: '0.0', 3: '1.1299485464621188', 4: 536.0609435474736} 
{0: '0.46764091858037576', 1: '0.267223382045929', 2: '0.0', 3: '1.1299485464621188', 4: 529.5845703389425} 
{0: '0.46875', 1: '0.26666666666666666', 2: '0.0', 3: '1.0629903792895394', 4: 528.8556426256185} 
{0: '0.4698544698544699', 1: '0.2661122661122661', 2: '0.0', 3: '1.0', 4: 543.136857592742} 
{0: '0.46887966804979253', 1: '0.2676348547717842', 2: '0.0', 3: '1.0', 4: 532.0333169707654} 
{0: '0.4699792960662526', 1: '0.2691511387163561', 2: '0.0', 3: '1.0629903792895394', 4: 523.9573486103951} 
{0: '0.47107438016528924', 1: '0.26859504132231404', 2: '0.0', 3: '1.1299485464621188', 4: 536.7151682119032} 
{0: '0.47216494845360824', 1: '0.26804123711340205', 2: '0.0', 3: '1.2011244339814315', 4: 539.3380757937183} 
{0: '0.4711934156378601', 1: '0.2674897119341564', 2: '0.0', 3: '1.2011244339814315', 4: 535.0655512392589} 
{0: '0.4722792607802875', 1: '0.2669404517453799', 2: '0.0', 3: '1.1299485464621188', 4: 536.151213215051} 
{0: '0.4733606557377049', 1: '0.26639344262295084', 2: '0.0', 3: '1.0629903792895394', 4: 532.1042795776083} 
{0: '0.47443762781186094', 1: '0.2658486707566462', 2: '0.0', 3: '1.0', 4: 539.0995724827723} 
{0: '0.47346938775510206', 1: '0.2673469387755102', 2: '0.0', 3: '1.0', 4: 533.0188313902612} 
{0: '0.4745417515274949', 1: '0.26883910386965376', 2: '0.0', 3: '1.0629903792895394', 4: 527.6722264576117} 
{0: '0.47560975609756095', 1: '0.2682926829268293', 2: '0.0', 3: '1.1299485464621188', 4: 531.1267743778717} 
{0: '0.4746450304259635', 1: '0.26774847870182555', 2: '0.0', 3: '1.1299485464621188', 4: 530.5828337750883} 
{0: '0.4757085020242915', 1: '0.26720647773279355', 2: '0.0', 3: '1.0629903792895394', 4: 538.6705773450108} 
{0: '0.4767676767676768', 1: '0.26666666666666666', 2: '0.0', 3: '1.0', 4: 521.827139159819} 
{0: '0.47580645161290325', 1: '0.26814516129032256', 2: '0.0', 3: '1.0', 4: 531.8229137560788} 
{0: '0.4768611670020121', 1: '0.26961770623742454', 2: '0.0', 3: '1.0629903792895394', 4: 534.8761476033635} 
{0: '0.4779116465863454', 1: '0.26907630522088355', 2: '0.0', 3: '1.1299485464621188', 4: 520.1897159696085} 
{0: '0.4789579158316633', 1: '0.2685370741482966', 2: '0.0', 3: '1.2011244339814315', 4: 523.5183634609799} 
