{'STAT2HEADER': 'STAT2HEADER', 'STAT2HEADER_ENVIRON': 'environ({\'OMPI_MCA_pmix\': \'^s1,s2,cray,isolated\', \'PMIX_MCA_mca_base_component_show_load_errors\': \'1\', \'OMPI_COMMAND\': \'python3\', \'OMPI_ARGV\': \'static_snapshot.py 2 1min\', \'OMPI_MCA_orte_precondition_transports\': \'3af789aeab8e9cd2-8eb43edb58f30b41\', \'LD_LIBRARY_PATH\': \'/salilab/diva1/programs/x86_64linux/numpy-py36-1.19.5/lib:/salilab/diva1/home/libs/x86_64/centos8:/salilab/diva1/home/libs/x86_64:/salilab/diva1/home/imp/main/20240607-af6f9d6a95/lib/release8:/salilab/diva1/programs/x86_64linux/opencv-4.3.0/lib64/rhel:/salilab/diva1/programs/x86_64linux/opencv-4.3.0/lib64:/salilab/diva1/programs/x86_64linux/hdf5-1.10.7/lib:/salilab/diva1/programs/x86_64linux/libtau-py27-1.0.1/lib64:/salilab/diva1/programs/x86_64linux/boost-1.73.0/lib64:/usr/lib64/openmpi/lib:/wynton/group/sali/miha_rozic/Software/imp-develop/build/lib::\', \'IMP_TMP_DIR\': \'/wynton/group/sali/miha_rozic/Software/imp-develop/build/tmp\', \'PE_HOSTFILE\': \'/var/spool/sge/wynton/qb3-id220/active_jobs/708592.1/pe_hostfile\', \'__LMOD_REF_COUNT_PATH\': \'/salilab/diva1/programs/x86_64linux/numpy-py36-1.19.5/bin:1;/salilab/diva1/home/imp/main/20240607-af6f9d6a95/bin/release8:1;/salilab/diva1/programs/x86_64linux/opencv-4.3.0/bin:1;/salilab/diva1/programs/x86_64linux/hdf5-1.10.7/bin:1;/usr/lib64/openmpi/bin:1;/wynton/home/sali/rozicmiha/.local/bin:1;/wynton/home/sali/rozicmiha/bin:1;/wynton/group/sali/miha_rozic/Software/imp-develop/build/bin:1;/wynton/group/sali/miha_rozic/Software/imp-develop/build/module_bin/EMageFit:1;/wynton/group/sali/miha_rozic/Software/imp-develop/build/module_bin/algebra:1;/wynton/group/sali/miha_rozic/Software/imp-develop/build/module_bin/atom:1;/wynton/group/sali/miha_rozic/Software/imp-develop/build/module_bin/benchmark:1;/wynton/group/sali/miha_rozic/Software/imp-develop/build/module_bin/cgal:1;/wynton/group/sali/miha_rozic/Software/imp-develop/build/module_bin/cnmultifit:1;/wynton/group/sali/miha_rozic/Software/imp-develop/build/module_bin/container:1;/wynton/group/sali/miha_rozic/Software/imp-develop/build/module_bin/core:1;/wynton/group/sali/miha_rozic/Software/imp-develop/build/module_bin/display:1;/wynton/group/sali/miha_rozic/Software/imp-develop/build/module_bin/domino:1;/wynton/group/sali/miha_rozic/Software/imp-develop/build/module_bin/em:1;/wynton/group/sali/miha_rozic/Software/imp-develop/build/module_bin/em2d:1;/wynton/group/sali/miha_rozic/Software/imp-develop/build/module_bin/example:1;/wynton/group/sali/miha_rozic/Software/imp-develop/build/module_bin/foxs:1;/wynton/group/sali/miha_rozic/Software/imp-develop/build/module_bin/gsl:1;/wynton/group/sali/miha_rozic/Software/imp-develop/build/module_bin/integrative_docking:1;/wynton/group/sali/miha_rozic/Software/imp-develop/build/module_bin/isd:1;/wynton/group/sali/miha_rozic/Software/imp-develop/build/module_bin/kernel:1;/wynton/group/sali/miha_rozic/Software/imp-develop/build/module_bin/kinematics:1;/wynton/group/sali/miha_rozic/Software/imp-develop/build/module_bin/kmeans:1;/wynton/group/sali/miha_rozic/Software/imp-develop/build/module_bin/misc:1;/wynton/group/sali/miha_rozic/Software/imp-develop/build/module_bin/mmcif:1;/wynton/group/sali/miha_rozic/Software/imp-develop/build/module_bin/modeller:1;/wynton/group/sali/miha_rozic/Software/imp-develop/build/module_bin/mpi:1;/wynton/group/sali/miha_rozic/Software/imp-develop/build/module_bin/multi_state:1;/wynton/group/sali/miha_rozic/Software/imp-develop/build/module_bin/multifit:1;/wynton/group/sali/miha_rozic/Software/imp-develop/build/module_bin/npc:1;/wynton/group/sali/miha_rozic/Software/imp-develop/build/module_bin/npcassembly:1;/wynton/group/sali/miha_rozic/Software/imp-develop/build/module_bin/parallel:1;/wynton/group/sali/miha_rozic/Software/imp-develop/build/module_bin/pepdock:1;/wynton/group/sali/miha_rozic/Software/imp-develop/build/module_bin/pmi:1;/wynton/group/sali/miha_rozic/Software/imp-develop/build/module_bin/rmf:1;/wynton/group/sali/miha_rozic/Software/imp-develop/build/module_bin/rotamer:1;/wynton/group/sali/miha_rozic/Software/imp-develop/build/module_bin/saxs:1;/wynton/group/sali/miha_rozic/Software/imp-develop/build/module_bin/saxs_merge:1;/wynton/group/sali/miha_rozic/Software/imp-develop/build/module_bin/score_functor:1;/wynton/group/sali/miha_rozic/Software/imp-develop/build/module_bin/scratch:1;/wynton/group/sali/miha_rozic/Software/imp-develop/build/module_bin/spb:1;/wynton/group/sali/miha_rozic/Software/imp-develop/build/module_bin/statistics:1;/wynton/group/sali/miha_rozic/Software/imp-develop/build/module_bin/symmetry:1;/wynton/group/sali/miha_rozic/Software/imp-develop/build/module_bin/test:1;/opt/sge/bin:1;/opt/sge/bin/lx-amd64:1;/scratch/708592.1.long.q:1;/usr/local/bin:1;/bin:1;/usr/bin:1;/usr/local/sbin:1;/usr/sbin:1\', \'_ModuleTable002_\': \'fSwKc3RhY2tEZXB0aCA9IDEsCnN0YXR1cyA9ICJhY3RpdmUiLAp1c2VyTmFtZSA9ICJib29zdC8xLjczLjAiLAp3ViA9ICIwMDAwMDAwMDEuMDAwMDAwMDczLip6ZmluYWwiLAp9LApoZGY1ID0gewpmbiA9ICIvc2FsaWxhYi9kaXZhMS9ob21lL21vZHVsZXMvaGRmNS8xLjEwLjciLApmdWxsTmFtZSA9ICJoZGY1LzEuMTAuNyIsCmxvYWRPcmRlciA9IDUsCnByb3BUID0ge30sCnN0YWNrRGVwdGggPSAyLApzdGF0dXMgPSAiYWN0aXZlIiwKdXNlck5hbWUgPSAiaGRmNS8xLjEwLjciLAp3ViA9ICIwMDAwMDAwMDEuMDAwMDAwMDEwLjAwMDAwMDAwNy4qemZpbmFsIiwKfSwKaW1wID0gewpmbiA9ICIvc2FsaWxhYi9kaXZhMS9ob21lL21vZHVsZXMvaW1wLzIuMjEuMCIsCmZ1bGxO\', \'IMP_DIR\': \'/salilab/diva1/home/imp/main/20240607-af6f9d6a95/lib/release8/cmake/IMP\', \'QUEUE\': \'long.q\', \'GOTO_NUM_THREADS\': \'1\', \'MPI_PYTHON3_SITEARCH\': \'/usr/lib64/python3.6/site-packages/openmpi\', \'LANG\': \'en_US.UTF-8\', \'HISTCONTROL\': \'ignoredups\', \'_ModuleTable008_\': \'cyIsCmZ1bGxOYW1lID0gInNhbGktbGlicmFyaWVzIiwKbG9hZE9yZGVyID0gOCwKcHJvcFQgPSB7fSwKc3RhY2tEZXB0aCA9IDEsCnN0YXR1cyA9ICJhY3RpdmUiLAp1c2VyTmFtZSA9ICJzYWxpLWxpYnJhcmllcyIsCndWID0gIk0uKnpmaW5hbCIsCn0sCn0sCm1wYXRoQSA9IHsKIi9zYWxpbGFiL2RpdmExL2hvbWUvbW9kdWxlcyIsICIvZXRjL21vZHVsZWZpbGVzIiwgIi91c3Ivc2hhcmUvbW9kdWxlZmlsZXMiCiwgIi91c3Ivc2hhcmUvbW9kdWxlZmlsZXMvTGludXgiLCAiL3Vzci9zaGFyZS9tb2R1bGVmaWxlcy9Db3JlIiwgIi91c3Ivc2hhcmUvbG1vZC9sbW9kL21vZHVsZWZpbGVzL0NvcmUiLAp9LApzeXN0ZW1CYXNlTVBBVEggPSAiL2V0Yy9tb2R1bGVmaWxlczovdXNy\', \'SGE_O_HOST\': \'dev1\', \'HOSTNAME\': \'qb3-id220.wynton.ucsf.edu\', \'OPENBLAS_NUM_THREADS\': \'1\', \'__LMOD_REF_COUNT_CMAKE_INCLUDE_PATH\': \'/salilab/diva1/programs/x86_64linux/opencv-4.3.0/include/opencv4:1;/salilab/diva1/programs/x86_64linux/hdf5-1.10.7/include:1;/salilab/diva1/programs/x86_64linux/libtau-py27-1.0.1/include:1;/salilab/diva1/programs/x86_64linux/boost-1.73.0/include:1\', \'SGE_RSH_COMMAND\': \'builtin\', \'ENVIRONMENT\': \'BATCH\', \'IMP_DATA\': \'/wynton/group/sali/miha_rozic/Software/imp-develop/build/data\', \'REQUEST\': \'test1\', \'SGE_STDIN_PATH\': \'/dev/null\', \'SGE_CELL\': \'wynton\', \'_ModuleTable007_\': \'MjEuMyIsCndWID0gIjAwMDAwMDAwMC4wMDAwMDAwMjEuMDAwMDAwMDAzLip6ZmluYWwiLAp9LApbInB5dGhvbjMvc2NpcHkiXSA9IHsKZm4gPSAiL3NhbGlsYWIvZGl2YTEvaG9tZS9tb2R1bGVzL3B5dGhvbjMvc2NpcHkvMS4zLjIiLApmdWxsTmFtZSA9ICJweXRob24zL3NjaXB5LzEuMy4yIiwKbG9hZE9yZGVyID0gMTAsCnByb3BUID0ge30sCnN0YWNrRGVwdGggPSAxLApzdGF0dXMgPSAiYWN0aXZlIiwKdXNlck5hbWUgPSAicHl0aG9uMy9zY2lweS8xLjMuMiIsCndWID0gIjAwMDAwMDAwMS4wMDAwMDAwMDMuMDAwMDAwMDAyLip6ZmluYWwiLAp9LApbInNhbGktbGlicmFyaWVzIl0gPSB7CmZuID0gIi9zYWxpbGFiL2RpdmExL2hvbWUvbW9kdWxlcy9zYWxpLWxpYnJhcmll\', \'CMAKE_INCLUDE_PATH\': \'/salilab/diva1/programs/x86_64linux/opencv-4.3.0/include/opencv4:/salilab/diva1/programs/x86_64linux/hdf5-1.10.7/include:/salilab/diva1/programs/x86_64linux/libtau-py27-1.0.1/include:/salilab/diva1/programs/x86_64linux/boost-1.73.0/include\', \'__LMOD_REF_COUNT_LD_LIBRARY_PATH\': \'/salilab/diva1/programs/x86_64linux/numpy-py36-1.19.5/lib:1;/salilab/diva1/home/libs/x86_64/centos8:1;/salilab/diva1/home/libs/x86_64:1;/salilab/diva1/home/imp/main/20240607-af6f9d6a95/lib/release8:1;/salilab/diva1/programs/x86_64linux/opencv-4.3.0/lib64/rhel:1;/salilab/diva1/programs/x86_64linux/opencv-4.3.0/lib64:1;/salilab/diva1/programs/x86_64linux/hdf5-1.10.7/lib:1;/salilab/diva1/programs/x86_64linux/libtau-py27-1.0.1/lib64:1;/salilab/diva1/programs/x86_64linux/boost-1.73.0/lib64:1;/usr/lib64/openmpi/lib:1;/wynton/group/sali/miha_rozic/Software/imp-develop/build/lib:2;:1\', \'__LMOD_REF_COUNT_PKG_CONFIG_PATH\': \'/usr/lib64/openmpi/lib/pkgconfig:1\', \'_ModuleTable004_\': \'aGFyZS9tb2R1bGVmaWxlcy9tcGkvb3Blbm1waS14ODZfNjQiLApmdWxsTmFtZSA9ICJtcGkvb3Blbm1waS14ODZfNjQiLApsb2FkT3JkZXIgPSAyLApwcm9wVCA9IHt9LApzdGFja0RlcHRoID0gMCwKc3RhdHVzID0gImFjdGl2ZSIsCnVzZXJOYW1lID0gIm1waS9vcGVubXBpLXg4Nl82NCIsCndWID0gIipvcGVubXBpLip4LjAwMDAwMDA4Ni4qXy4wMDAwMDAwNjQuKnpmaW5hbCIsCn0sCm9wZW5jdiA9IHsKZm4gPSAiL3NhbGlsYWIvZGl2YTEvaG9tZS9tb2R1bGVzL29wZW5jdi80LjMuMCIsCmZ1bGxOYW1lID0gIm9wZW5jdi80LjMuMCIsCmxvYWRPcmRlciA9IDYsCnByb3BUID0ge30sCnN0YWNrRGVwdGggPSAxLApzdGF0dXMgPSAiYWN0aXZlIiwKdXNlck5hbWUgPSAib3Bl\', \'__LMOD_REF_COUNT_PYTHONPATH\': \'/salilab/diva1/programs/x86_64linux/scikit-py36-0.21.3/lib64/python3.6/site-packages:1;/salilab/diva1/programs/linux/joblib-0.17.0/lib/python3.6/site-packages:1;/salilab/diva1/programs/x86_64linux/scipy-py36-1.3.2/lib64/python3.6/site-packages:1;/salilab/diva1/programs/x86_64linux/numpy-py36-1.19.5/lib64/python3.6/site-packages:1;/salilab/diva1/home/imp/main/20240607-af6f9d6a95/lib/release8:1;/salilab/diva1/programs/x86_64linux/opencv-4.3.0/lib/python3.6/site-packages:1;/wynton/group/sali/miha_rozic/Software/imp-develop/build/lib:2;:1\', \'which_declare\': \'declare -f\', \'NHOSTS\': \'1\', \'SGE_O_WORKDIR\': \'/wynton/group/sali/miha_rozic/Input_information/SNAPSHOTS/central_directory/snapshot2_1min/run23\', \'USER\': \'rozicmiha\', \'SGE_TASK_ID\': \'undefined\', \'__LMOD_REF_COUNT_CMAKE_LIBRARY_PATH\': \'/salilab/diva1/programs/x86_64linux/opencv-4.3.0/lib64:1;/salilab/diva1/programs/x86_64linux/hdf5-1.10.7/lib:1;/salilab/diva1/programs/x86_64linux/libtau-py27-1.0.1/lib64:1;/salilab/diva1/programs/x86_64linux/boost-1.73.0/lib64:1\', \'SGE_TASK_FIRST\': \'undefined\', \'NSLOTS\': \'16\', \'__LMOD_REF_COUNT_MODULEPATH\': \'/salilab/diva1/home/modules:1;/etc/modulefiles:1;/usr/share/modulefiles:1;/usr/share/modulefiles/Linux:1;/usr/share/modulefiles/Core:1;/usr/share/lmod/lmod/modulefiles/Core:1\', \'PWD\': \'/wynton/group/sali/miha_rozic/Input_information/SNAPSHOTS/central_directory/snapshot2_1min/run23\', \'HOME\': \'/wynton/home/sali/rozicmiha\', \'NQUEUES\': \'2\', \'TMP\': \'/scratch/708592.1.long.q\', \'PE\': \'smp\', \'SGE_O_HOME\': \'/wynton/home/sali/rozicmiha\', \'LMOD_VERSION\': \'8.7.32\', \'JOB_NAME\': \'test1\', \'BASH_ENV\': \'/usr/share/lmod/lmod/init/bash\', \'MPI_FORTRAN_MOD_DIR\': \'/usr/lib64/gfortran/modules/openmpi\', \'SGE_TASK_LAST\': \'undefined\', \'MKL_NUM_THREADS\': \'1\', \'MPI_COMPILER\': \'openmpi-x86_64\', \'SGE_ACCOUNT\': \'sge\', \'SGE_ROOT\': \'/opt/sge\', \'MPI_SUFFIX\': \'_openmpi\', \'TMPDIR\': \'/scratch/708592.1.long.q\', \'RESTARTED\': \'0\', \'LMOD_sys\': \'Linux\', \'_ModuleTable001_\': \'X01vZHVsZVRhYmxlXyA9IHsKTVR2ZXJzaW9uID0gMywKY19yZWJ1aWxkVGltZSA9IGZhbHNlLApjX3Nob3J0VGltZSA9IGZhbHNlLApkZXB0aFQgPSB7fSwKZmFtaWx5ID0ge30sCm1UID0gewpTYWxpID0gewpmbiA9ICIvZXRjL21vZHVsZWZpbGVzL1NhbGkubHVhIiwKZnVsbE5hbWUgPSAiU2FsaSIsCmxvYWRPcmRlciA9IDEsCnByb3BUID0ge30sCnN0YWNrRGVwdGggPSAwLApzdGF0dXMgPSAiYWN0aXZlIiwKdXNlck5hbWUgPSAiU2FsaSIsCndWID0gIk0uKnpmaW5hbCIsCn0sCmJvb3N0ID0gewpmbiA9ICIvc2FsaWxhYi9kaXZhMS9ob21lL21vZHVsZXMvYm9vc3QvMS43My4wIiwKZnVsbE5hbWUgPSAiYm9vc3QvMS43My4wIiwKbG9hZE9yZGVyID0gMywKcHJvcFQgPSB7\', \'LOADEDMODULES\': \'Sali:mpi/openmpi-x86_64:boost/1.73.0:libtau/1.0.1:hdf5/1.10.7:opencv/4.3.0:imp/2.21.0:sali-libraries:python3/numpy/1.19.5:python3/scipy/1.3.2:python3/joblib/0.17.0:python3/scikit/0.21.3\', \'SGE_O_PATH\': \'/salilab/diva1/programs/x86_64linux/numpy-py36-1.19.5/bin:/salilab/diva1/home/imp/main/20240607-af6f9d6a95/bin/release8:/salilab/diva1/programs/x86_64linux/opencv-4.3.0/bin:/salilab/diva1/programs/x86_64linux/hdf5-1.10.7/bin:/wynton/home/sali/rozicmiha/.local/bin:/wynton/home/sali/rozicmiha/bin:/wynton/group/sali/miha_rozic/Software/imp-develop/build/bin:/wynton/group/sali/miha_rozic/Software/imp-develop/build/module_bin/EMageFit:/wynton/group/sali/miha_rozic/Software/imp-develop/build/module_bin/algebra:/wynton/group/sali/miha_rozic/Software/imp-develop/build/module_bin/atom:/wynton/group/sali/miha_rozic/Software/imp-develop/build/module_bin/benchmark:/wynton/group/sali/miha_rozic/Software/imp-develop/build/module_bin/cgal:/wynton/group/sali/miha_rozic/Software/imp-develop/build/module_bin/cnmultifit:/wynton/group/sali/miha_rozic/Software/imp-develop/build/module_bin/container:/wynton/group/sali/miha_rozic/Software/imp-develop/build/module_bin/core:/wynton/group/sali/miha_rozic/Software/imp-develop/build/module_bin/display:/wynton/group/sali/miha_rozic/Software/imp-develop/build/module_bin/domino:/wynton/group/sali/miha_rozic/Software/imp-develop/build/module_bin/em:/wynton/group/sali/miha_rozic/Software/imp-develop/build/module_bin/em2d:/wynton/group/sali/miha_rozic/Software/imp-develop/build/module_bin/example:/wynton/group/sali/miha_rozic/Software/imp-develop/build/module_bin/foxs:/wynton/group/sali/miha_rozic/Software/imp-develop/build/module_bin/gsl:/wynton/group/sali/miha_rozic/Software/imp-develop/build/module_bin/integrative_docking:/wynton/group/sali/miha_rozic/Software/imp-develop/build/module_bin/isd:/wynton/group/sali/miha_rozic/Software/imp-develop/build/module_bin/kernel:/wynton/group/sali/miha_rozic/Software/imp-develop/build/module_bin/kinematics:/wynton/group/sali/miha_rozic/Software/imp-develop/build/module_bin/kmeans:/wynton/group/sali/miha_rozic/Software/imp-develop/build/module_bin/misc:/wynton/group/sali/miha_rozic/Software/imp-develop/build/module_bin/mmcif:/wynton/group/sali/miha_rozic/Software/imp-develop/build/module_bin/modeller:/wynton/group/sali/miha_rozic/Software/imp-develop/build/module_bin/mpi:/wynton/group/sali/miha_rozic/Software/imp-develop/build/module_bin/multi_state:/wynton/group/sali/miha_rozic/Software/imp-develop/build/module_bin/multifit:/wynton/group/sali/miha_rozic/Software/imp-develop/build/module_bin/npc:/wynton/group/sali/miha_rozic/Software/imp-develop/build/module_bin/npcassembly:/wynton/group/sali/miha_rozic/Software/imp-develop/build/module_bin/parallel:/wynton/group/sali/miha_rozic/Software/imp-develop/build/module_bin/pepdock:/wynton/group/sali/miha_rozic/Software/imp-develop/build/module_bin/pmi:/wynton/group/sali/miha_rozic/Software/imp-develop/build/module_bin/rmf:/wynton/group/sali/miha_rozic/Software/imp-develop/build/module_bin/rotamer:/wynton/group/sali/miha_rozic/Software/imp-develop/build/module_bin/saxs:/wynton/group/sali/miha_rozic/Software/imp-develop/build/module_bin/saxs_merge:/wynton/group/sali/miha_rozic/Software/imp-develop/build/module_bin/score_functor:/wynton/group/sali/miha_rozic/Software/imp-develop/build/module_bin/scratch:/wynton/group/sali/miha_rozic/Software/imp-develop/build/module_bin/spb:/wynton/group/sali/miha_rozic/Software/imp-develop/build/module_bin/statistics:/wynton/group/sali/miha_rozic/Software/imp-develop/build/module_bin/symmetry:/wynton/group/sali/miha_rozic/Software/imp-develop/build/module_bin/test:/opt/sge/bin:/opt/sge/bin/lx-amd64:/usr/local/bin:/usr/bin:/usr/local/sbin:/usr/sbin\', \'SGE_O_SHELL\': \'/bin/bash\', \'_ModuleTable006_\': \'bWUgPSAicHl0aG9uMy9udW1weS8xLjE5LjUiLApsb2FkT3JkZXIgPSA5LApwcm9wVCA9IHt9LApzdGFja0RlcHRoID0gMiwKc3RhdHVzID0gImFjdGl2ZSIsCnVzZXJOYW1lID0gInB5dGhvbjMvbnVtcHkvMS4xOS41IiwKd1YgPSAiMDAwMDAwMDAxLjAwMDAwMDAxOS4wMDAwMDAwMDUuKnpmaW5hbCIsCn0sClsicHl0aG9uMy9zY2lraXQiXSA9IHsKZm4gPSAiL3NhbGlsYWIvZGl2YTEvaG9tZS9tb2R1bGVzL3B5dGhvbjMvc2Npa2l0LzAuMjEuMyIsCmZ1bGxOYW1lID0gInB5dGhvbjMvc2Npa2l0LzAuMjEuMyIsCmxvYWRPcmRlciA9IDEyLApwcm9wVCA9IHt9LApzdGFja0RlcHRoID0gMCwKc3RhdHVzID0gImFjdGl2ZSIsCnVzZXJOYW1lID0gInB5dGhvbjMvc2Npa2l0LzAu\', \'__LMOD_REF_COUNT_MANPATH\': \':2;/usr/share/man/openmpi-x86_64:1;/opt/sge/man:1;/usr/share/lmod/lmod/share/man:1\', \'MPI_INCLUDE\': \'/usr/include/openmpi-x86_64\', \'_ModuleTable003_\': \'YW1lID0gImltcC8yLjIxLjAiLApsb2FkT3JkZXIgPSA3LApwcm9wVCA9IHt9LApzdGFja0RlcHRoID0gMCwKc3RhdHVzID0gImFjdGl2ZSIsCnVzZXJOYW1lID0gImltcCIsCndWID0gIl4wMDAwMDAwMi4wMDAwMDAwMjEuKnpmaW5hbCIsCn0sCmxpYnRhdSA9IHsKZm4gPSAiL3NhbGlsYWIvZGl2YTEvaG9tZS9tb2R1bGVzL2xpYnRhdS8xLjAuMSIsCmZ1bGxOYW1lID0gImxpYnRhdS8xLjAuMSIsCmxvYWRPcmRlciA9IDQsCnByb3BUID0ge30sCnN0YWNrRGVwdGggPSAxLApzdGF0dXMgPSAiYWN0aXZlIiwKdXNlck5hbWUgPSAibGlidGF1LzEuMC4xIiwKd1YgPSAiMDAwMDAwMDAxLjAwMDAwMDAwMC4wMDAwMDAwMDEuKnpmaW5hbCIsCn0sCm1waSA9IHsKZm4gPSAiL3Vzci9z\', \'LMOD_ROOT\': \'/usr/share/lmod\', \'SYSTEMCTL_SKIP_REDIRECT\': \'\', \'MAIL\': \'/var/spool/mail/rozicmiha\', \'SGE_CWD_PATH\': \'/wynton/group/sali/miha_rozic/Input_information/SNAPSHOTS/central_directory/snapshot2_1min/run23\', \'MPI_HOME\': \'/usr/lib64/openmpi\', \'_ModuleTable009_\': \'L3NoYXJlL21vZHVsZWZpbGVzOi91c3Ivc2hhcmUvbW9kdWxlZmlsZXMvTGludXg6L3Vzci9zaGFyZS9tb2R1bGVmaWxlcy9Db3JlOi91c3Ivc2hhcmUvbG1vZC9sbW9kL21vZHVsZWZpbGVzL0NvcmUiLAp9Cg==\', \'SGE_TASK_STEPSIZE\': \'undefined\', \'SHELL\': \'/bin/bash\', \'TERM\': \'\', \'_ModuleTable_Sz_\': \'9\', \'SGE_JOB_SPOOL_DIR\': \'/var/spool/sge/wynton/qb3-id220/active_jobs/708592.1\', \'JOB_ID\': \'708592\', \'IMP_EXAMPLE_DATA\': \'/wynton/group/sali/miha_rozic/Software/imp-develop/build/doc/examples\', \'R_FUTURE_AVAILABLECORES_FALLBACK\': \'1\', \'JOB_SCRIPT\': \'/var/spool/sge/wynton/qb3-id220/job_scripts/708592\', \'SHLVL\': \'2\', \'SGE_O_LOGNAME\': \'rozicmiha\', \'SGE_O_MAIL\': \'/var/spool/mail/rozicmiha\', \'PYTHONPATH\': \'/salilab/diva1/programs/x86_64linux/scikit-py36-0.21.3/lib64/python3.6/site-packages:/salilab/diva1/programs/linux/joblib-0.17.0/lib/python3.6/site-packages:/salilab/diva1/programs/x86_64linux/scipy-py36-1.3.2/lib64/python3.6/site-packages:/salilab/diva1/programs/x86_64linux/numpy-py36-1.19.5/lib64/python3.6/site-packages:/salilab/diva1/home/imp/main/20240607-af6f9d6a95/lib/release8:/salilab/diva1/programs/x86_64linux/opencv-4.3.0/lib/python3.6/site-packages:/wynton/group/sali/miha_rozic/Software/imp-develop/build/lib::\', \'MANPATH\': \':/usr/share/man/openmpi-x86_64:/opt/sge/man:/usr/share/lmod/lmod/share/man\', \'MODULEPATH\': \'/salilab/diva1/home/modules:/etc/modulefiles:/usr/share/modulefiles:/usr/share/modulefiles/Linux:/usr/share/modulefiles/Core:/usr/share/lmod/lmod/modulefiles/Core\', \'MPI_SYSCONFIG\': \'/etc/openmpi-x86_64\', \'LOGNAME\': \'rozicmiha\', \'SYSTEMCTL_IGNORE_DEPENDENCIES\': \'\', \'MODULEPATH_ROOT\': \'/usr/share/modulefiles\', \'PATH\': \'/salilab/diva1/programs/x86_64linux/numpy-py36-1.19.5/bin:/salilab/diva1/home/imp/main/20240607-af6f9d6a95/bin/release8:/salilab/diva1/programs/x86_64linux/opencv-4.3.0/bin:/salilab/diva1/programs/x86_64linux/hdf5-1.10.7/bin:/usr/lib64/openmpi/bin:/wynton/home/sali/rozicmiha/.local/bin:/wynton/home/sali/rozicmiha/bin:/wynton/group/sali/miha_rozic/Software/imp-develop/build/bin:/wynton/group/sali/miha_rozic/Software/imp-develop/build/module_bin/EMageFit:/wynton/group/sali/miha_rozic/Software/imp-develop/build/module_bin/algebra:/wynton/group/sali/miha_rozic/Software/imp-develop/build/module_bin/atom:/wynton/group/sali/miha_rozic/Software/imp-develop/build/module_bin/benchmark:/wynton/group/sali/miha_rozic/Software/imp-develop/build/module_bin/cgal:/wynton/group/sali/miha_rozic/Software/imp-develop/build/module_bin/cnmultifit:/wynton/group/sali/miha_rozic/Software/imp-develop/build/module_bin/container:/wynton/group/sali/miha_rozic/Software/imp-develop/build/module_bin/core:/wynton/group/sali/miha_rozic/Software/imp-develop/build/module_bin/display:/wynton/group/sali/miha_rozic/Software/imp-develop/build/module_bin/domino:/wynton/group/sali/miha_rozic/Software/imp-develop/build/module_bin/em:/wynton/group/sali/miha_rozic/Software/imp-develop/build/module_bin/em2d:/wynton/group/sali/miha_rozic/Software/imp-develop/build/module_bin/example:/wynton/group/sali/miha_rozic/Software/imp-develop/build/module_bin/foxs:/wynton/group/sali/miha_rozic/Software/imp-develop/build/module_bin/gsl:/wynton/group/sali/miha_rozic/Software/imp-develop/build/module_bin/integrative_docking:/wynton/group/sali/miha_rozic/Software/imp-develop/build/module_bin/isd:/wynton/group/sali/miha_rozic/Software/imp-develop/build/module_bin/kernel:/wynton/group/sali/miha_rozic/Software/imp-develop/build/module_bin/kinematics:/wynton/group/sali/miha_rozic/Software/imp-develop/build/module_bin/kmeans:/wynton/group/sali/miha_rozic/Software/imp-develop/build/module_bin/misc:/wynton/group/sali/miha_rozic/Software/imp-develop/build/module_bin/mmcif:/wynton/group/sali/miha_rozic/Software/imp-develop/build/module_bin/modeller:/wynton/group/sali/miha_rozic/Software/imp-develop/build/module_bin/mpi:/wynton/group/sali/miha_rozic/Software/imp-develop/build/module_bin/multi_state:/wynton/group/sali/miha_rozic/Software/imp-develop/build/module_bin/multifit:/wynton/group/sali/miha_rozic/Software/imp-develop/build/module_bin/npc:/wynton/group/sali/miha_rozic/Software/imp-develop/build/module_bin/npcassembly:/wynton/group/sali/miha_rozic/Software/imp-develop/build/module_bin/parallel:/wynton/group/sali/miha_rozic/Software/imp-develop/build/module_bin/pepdock:/wynton/group/sali/miha_rozic/Software/imp-develop/build/module_bin/pmi:/wynton/group/sali/miha_rozic/Software/imp-develop/build/module_bin/rmf:/wynton/group/sali/miha_rozic/Software/imp-develop/build/module_bin/rotamer:/wynton/group/sali/miha_rozic/Software/imp-develop/build/module_bin/saxs:/wynton/group/sali/miha_rozic/Software/imp-develop/build/module_bin/saxs_merge:/wynton/group/sali/miha_rozic/Software/imp-develop/build/module_bin/score_functor:/wynton/group/sali/miha_rozic/Software/imp-develop/build/module_bin/scratch:/wynton/group/sali/miha_rozic/Software/imp-develop/build/module_bin/spb:/wynton/group/sali/miha_rozic/Software/imp-develop/build/module_bin/statistics:/wynton/group/sali/miha_rozic/Software/imp-develop/build/module_bin/symmetry:/wynton/group/sali/miha_rozic/Software/imp-develop/build/module_bin/test:/opt/sge/bin:/opt/sge/bin/lx-amd64:/scratch/708592.1.long.q:/usr/local/bin:/bin:/usr/bin:/usr/local/sbin:/usr/sbin\', \'MPI_BIN\': \'/usr/lib64/openmpi/bin\', \'SGE_STDERR_PATH\': \'/wynton/group/sali/miha_rozic/Input_information/SNAPSHOTS/central_directory/snapshot2_1min/run23/test1.o708592\', \'_LMFILES_\': \'/etc/modulefiles/Sali.lua:/usr/share/modulefiles/mpi/openmpi-x86_64:/salilab/diva1/home/modules/boost/1.73.0:/salilab/diva1/home/modules/libtau/1.0.1:/salilab/diva1/home/modules/hdf5/1.10.7:/salilab/diva1/home/modules/opencv/4.3.0:/salilab/diva1/home/modules/imp/2.21.0:/salilab/diva1/home/modules/sali-libraries:/salilab/diva1/home/modules/python3/numpy/1.19.5:/salilab/diva1/home/modules/python3/scipy/1.3.2:/salilab/diva1/home/modules/python3/joblib/0.17.0:/salilab/diva1/home/modules/python3/scikit/0.21.3\', \'DEBUGINFOD_URLS\': \'https://debuginfod.centos.org/ \', \'MODULESHOME\': \'/usr/share/lmod/lmod\', \'PKG_CONFIG_PATH\': \'/usr/lib64/openmpi/lib/pkgconfig\', \'LMOD_SETTARG_FULL_SUPPORT\': \'no\', \'HISTSIZE\': \'1000\', \'SGE_ARCH\': \'lx-amd64\', \'LMOD_PKG\': \'/usr/share/lmod/lmod\', \'CMAKE_LIBRARY_PATH\': \'/salilab/diva1/programs/x86_64linux/opencv-4.3.0/lib64:/salilab/diva1/programs/x86_64linux/hdf5-1.10.7/lib:/salilab/diva1/programs/x86_64linux/libtau-py27-1.0.1/lib64:/salilab/diva1/programs/x86_64linux/boost-1.73.0/lib64\', \'ARC\': \'lx-amd64\', \'MPI_LIB\': \'/usr/lib64/openmpi/lib\', \'SGE_BINARY_PATH\': \'/opt/sge/bin/lx-amd64\', \'SGE_STDOUT_PATH\': \'/wynton/group/sali/miha_rozic/Input_information/SNAPSHOTS/central_directory/snapshot2_1min/run23/test1.o708592\', \'_ModuleTable005_\': \'bmN2LzQuMy4wIiwKd1YgPSAiMDAwMDAwMDA0LjAwMDAwMDAwMy4qemZpbmFsIiwKfSwKWyJweXRob24zL2pvYmxpYiJdID0gewpmbiA9ICIvc2FsaWxhYi9kaXZhMS9ob21lL21vZHVsZXMvcHl0aG9uMy9qb2JsaWIvMC4xNy4wIiwKZnVsbE5hbWUgPSAicHl0aG9uMy9qb2JsaWIvMC4xNy4wIiwKbG9hZE9yZGVyID0gMTEsCnByb3BUID0ge30sCnN0YWNrRGVwdGggPSAxLApzdGF0dXMgPSAiYWN0aXZlIiwKdXNlck5hbWUgPSAicHl0aG9uMy9qb2JsaWIiLAp3ViA9ICIwMDAwMDAwMDAuMDAwMDAwMDE3Lip6ZmluYWwiLAp9LApbInB5dGhvbjMvbnVtcHkiXSA9IHsKZm4gPSAiL3NhbGlsYWIvZGl2YTEvaG9tZS9tb2R1bGVzL3B5dGhvbjMvbnVtcHkvMS4xOS41IiwKZnVsbE5h\', \'LMOD_CMD\': \'/usr/share/lmod/lmod/libexec/lmod\', \'REQNAME\': \'test1\', \'IMP_BIN_DIR\': \'/wynton/group/sali/miha_rozic/Software/imp-develop/build/bin\', \'MPI_MAN\': \'/usr/share/man/openmpi-x86_64\', \'LESSOPEN\': \'||/usr/bin/lesspipe.sh %s\', \'OMP_NUM_THREADS\': \'1\', \'SGE_CLUSTER_NAME\': \'wynton_cluster\', \'LMOD_DIR\': \'/usr/share/lmod/lmod/libexec\', \'BASH_FUNC_which%%\': \'() {  ( alias;\\n eval ${which_declare} ) | /usr/bin/which --tty-only --read-alias --read-functions --show-tilde --show-dot $@\\n}\', \'BASH_FUNC_module%%\': \'() {  if [ -z "${LMOD_SH_DBG_ON+x}" ]; then\\n case "$-" in \\n *v*x*)\\n __lmod_sh_dbg=\\\'vx\\\'\\n ;;\\n *v*)\\n __lmod_sh_dbg=\\\'v\\\'\\n ;;\\n *x*)\\n __lmod_sh_dbg=\\\'x\\\'\\n ;;\\n esac;\\n fi;\\n if [ -n "${__lmod_sh_dbg:-}" ]; then\\n set +$__lmod_sh_dbg;\\n echo "Shell debugging temporarily silenced: export LMOD_SH_DBG_ON=1 for Lmod\\\'s output" 1>&2;\\n fi;\\n eval "$($LMOD_CMD shell "$@")" && eval "$(${LMOD_SETTARG_CMD:-:} -s sh)";\\n __lmod_my_status=$?;\\n if [ -n "${__lmod_sh_dbg:-}" ]; then\\n echo "Shell debugging restarted" 1>&2;\\n set -$__lmod_sh_dbg;\\n fi;\\n unset __lmod_sh_dbg;\\n return $__lmod_my_status\\n}\', \'BASH_FUNC_ml%%\': \'() {  eval "$($LMOD_DIR/ml_cmd "$@")"\\n}\', \'_\': \'/usr/lib64/openmpi/bin/mpirun\', \'IPATH_NO_BACKTRACE\': \'1\', \'HFI_NO_BACKTRACE\': \'1\', \'OMPI_MCA_orte_local_daemon_uri\': \'3959554048.0;tcp://172.26.38.220:60749\', \'OMPI_MCA_orte_hnp_uri\': \'3959554048.0;tcp://172.26.38.220:60749\', \'OMPI_MCA_mpi_oversubscribe\': \'0\', \'OMPI_MCA_orte_app_num\': \'0\', \'OMPI_UNIVERSE_SIZE\': \'16\', \'OMPI_MCA_orte_num_nodes\': \'1\', \'OMPI_MCA_shmem_RUNTIME_QUERY_hint\': \'mmap\', \'OMPI_MCA_orte_bound_at_launch\': \'1\', \'OMPI_MCA_ess\': \'^singleton\', \'OMPI_MCA_orte_ess_num_procs\': \'16\', \'OMPI_COMM_WORLD_SIZE\': \'16\', \'OMPI_COMM_WORLD_LOCAL_SIZE\': \'16\', \'OMPI_MCA_orte_tmpdir_base\': \'/scratch/708592.1.long.q\', \'OMPI_MCA_orte_top_session_dir\': \'/scratch/708592.1.long.q/ompi.qb3-id220.11149\', \'OMPI_MCA_orte_jobfam_session_dir\': \'/scratch/708592.1.long.q/ompi.qb3-id220.11149/pid.2748609\', \'OMPI_NUM_APP_CTX\': \'1\', \'OMPI_FIRST_RANKS\': \'0\', \'OMPI_APP_CTX_NUM_PROCS\': \'16\', \'OMPI_MCA_initial_wdir\': \'/wynton/group/sali/miha_rozic/Input_information/SNAPSHOTS/central_directory/snapshot2_1min/run23\', \'OMPI_MCA_orte_launch\': \'1\', \'PMIX_NAMESPACE\': \'3959554049\', \'PMIX_RANK\': \'4\', \'PMIX_SERVER_URI2\': \'3959554048.0;tcp4://127.0.0.1:34683\', \'PMIX_SERVER_URI21\': \'3959554048.0;tcp4://127.0.0.1:34683\', \'PMIX_SECURITY_MODE\': \'native,none\', \'PMIX_PTL_MODULE\': \'tcp,usock\', \'PMIX_BFROP_BUFFER_TYPE\': \'PMIX_BFROP_BUFFER_NON_DESC\', \'PMIX_GDS_MODULE\': \'ds21,ds12,hash\', \'PMIX_SERVER_TMPDIR\': \'/scratch/708592.1.long.q/ompi.qb3-id220.11149/pid.2748609\', \'PMIX_SYSTEM_TMPDIR\': \'/scratch/708592.1.long.q\', \'PMIX_DSTORE_21_BASE_PATH\': \'/scratch/708592.1.long.q/ompi.qb3-id220.11149/pid.2748609/pmix_dstor_ds21_2748609\', \'PMIX_DSTORE_ESH_BASE_PATH\': \'/scratch/708592.1.long.q/ompi.qb3-id220.11149/pid.2748609/pmix_dstor_ds12_2748609\', \'OMPI_MCA_ess_base_jobid\': \'3959554049\', \'OMPI_MCA_ess_base_vpid\': \'4\', \'OMPI_COMM_WORLD_RANK\': \'4\', \'OMPI_COMM_WORLD_LOCAL_RANK\': \'4\', \'OMPI_COMM_WORLD_NODE_RANK\': \'4\', \'OMPI_MCA_orte_ess_node_rank\': \'4\', \'PMIX_ID\': \'3959554049.4\', \'OMPI_FILE_LOCATION\': \'/scratch/708592.1.long.q/ompi.qb3-id220.11149/pid.2748609/0/0\', \'KMP_DUPLICATE_LIB_OK\': \'True\', \'KMP_INIT_AT_FORK\': \'FALSE\'})', 'STAT2HEADER_IMP_VERSIONS': "{'IMP_VERSION': '2.21.0', 'PMI_VERSION': '2.21.0'}", 0: 'ReplicaExchange_SwapSuccessRatio', 1: 'ReplicaExchange_MinTempFrequency', 2: 'ReplicaExchange_MaxTempFrequency', 3: 'ReplicaExchange_CurrentTemp', 4: 'score'} 
{0: '0', 1: '0', 2: '0', 3: '1.2767837176518553', 4: inf} 
{0: '0.0', 1: '0.0', 2: '0.0', 3: '1.2767837176518553', 4: inf} 
{0: '0.0', 1: '0.0', 2: '0.0', 3: '1.2767837176518553', 4: inf} 
{0: '0.0', 1: '0.0', 2: '0.0', 3: '1.2767837176518553', 4: inf} 
{0: '0.0', 1: '0.0', 2: '0.0', 3: '1.2767837176518553', 4: inf} 
{0: '0.0', 1: '0.0', 2: '0.0', 3: '1.2767837176518553', 4: inf} 
{0: '0.0', 1: '0.0', 2: '0.0', 3: '1.2767837176518553', 4: inf} 
{0: '0.0', 1: '0.0', 2: '0.0', 3: '1.2767837176518553', 4: inf} 
{0: '0.0', 1: '0.0', 2: '0.0', 3: '1.2767837176518553', 4: 3583.8104145154293} 
{0: '0.1111111111111111', 1: '0.0', 2: '0.0', 3: '1.3572088082974538', 4: 1474.3504867979264} 
{0: '0.2', 1: '0.0', 2: '0.0', 3: '1.4426999059072143', 4: 947.9900887442416} 
{0: '0.18181818181818182', 1: '0.0', 2: '0.0', 3: '1.4426999059072143', 4: 625.7817362925163} 
{0: '0.25', 1: '0.0', 2: '0.0', 3: '1.3572088082974538', 4: 606.8528401806805} 
{0: '0.3076923076923077', 1: '0.0', 2: '0.0', 3: '1.2767837176518553', 4: 604.6726110774351} 
{0: '0.2857142857142857', 1: '0.0', 2: '0.0', 3: '1.2767837176518553', 4: 584.9423114099924} 
{0: '0.26666666666666666', 1: '0.0', 2: '0.0', 3: '1.2767837176518553', 4: 581.0455887930084} 
{0: '0.3125', 1: '0.0', 2: '0.0', 3: '1.2011244339814315', 4: 585.7145884829856} 
{0: '0.29411764705882354', 1: '0.0', 2: '0.0', 3: '1.2011244339814315', 4: 583.6775994487815} 
{0: '0.3333333333333333', 1: '0.0', 2: '0.0', 3: '1.2767837176518553', 4: 584.0119809811142} 
{0: '0.3157894736842105', 1: '0.0', 2: '0.0', 3: '1.2767837176518553', 4: 581.5959875933145} 
{0: '0.35', 1: '0.0', 2: '0.0', 3: '1.2011244339814315', 4: 581.260330031995} 
{0: '0.3333333333333333', 1: '0.0', 2: '0.0', 3: '1.2011244339814315', 4: 584.181819491122} 
{0: '0.36363636363636365', 1: '0.0', 2: '0.0', 3: '1.2767837176518553', 4: 588.4102461938741} 
{0: '0.34782608695652173', 1: '0.0', 2: '0.0', 3: '1.2767837176518553', 4: 590.0053449138808} 
{0: '0.3333333333333333', 1: '0.0', 2: '0.0', 3: '1.2767837176518553', 4: 588.1703437926095} 
{0: '0.32', 1: '0.0', 2: '0.0', 3: '1.2767837176518553', 4: 581.7378803400225} 
{0: '0.34615384615384615', 1: '0.0', 2: '0.0', 3: '1.2011244339814315', 4: 583.0395566630764} 
{0: '0.3333333333333333', 1: '0.0', 2: '0.0', 3: '1.2011244339814315', 4: 583.4098088035279} 
{0: '0.35714285714285715', 1: '0.0', 2: '0.0', 3: '1.2767837176518553', 4: 580.866953602882} 
{0: '0.3448275862068966', 1: '0.0', 2: '0.0', 3: '1.2767837176518553', 4: 583.4805478946229} 
{0: '0.36666666666666664', 1: '0.0', 2: '0.0', 3: '1.2011244339814315', 4: 582.2179747287016} 
{0: '0.3870967741935484', 1: '0.0', 2: '0.0', 3: '1.1299485464621188', 4: 582.0399993381695} 
{0: '0.375', 1: '0.0', 2: '0.0', 3: '1.1299485464621188', 4: 581.3939736950159} 
{0: '0.3939393939393939', 1: '0.0', 2: '0.0', 3: '1.2011244339814315', 4: 583.1239560000076} 
{0: '0.4117647058823529', 1: '0.0', 2: '0.0', 3: '1.2767837176518553', 4: 583.0697649783277} 
{0: '0.42857142857142855', 1: '0.0', 2: '0.0', 3: '1.3572088082974538', 4: 584.8089420322246} 
{0: '0.4166666666666667', 1: '0.0', 2: '0.0', 3: '1.3572088082974538', 4: 585.827755624558} 
{0: '0.43243243243243246', 1: '0.0', 2: '0.0', 3: '1.2767837176518553', 4: 588.9616481210336} 
{0: '0.4473684210526316', 1: '0.0', 2: '0.0', 3: '1.2011244339814315', 4: 587.9865574172037} 
{0: '0.4358974358974359', 1: '0.0', 2: '0.0', 3: '1.2011244339814315', 4: 585.477038074204} 
{0: '0.45', 1: '0.0', 2: '0.0', 3: '1.2767837176518553', 4: 588.6051197906978} 
{0: '0.4634146341463415', 1: '0.0', 2: '0.0', 3: '1.3572088082974538', 4: 582.417008139666} 
{0: '0.4523809523809524', 1: '0.0', 2: '0.0', 3: '1.3572088082974538', 4: 588.7154249535745} 
{0: '0.4418604651162791', 1: '0.0', 2: '0.0', 3: '1.3572088082974538', 4: 585.5691831003037} 
{0: '0.4318181818181818', 1: '0.0', 2: '0.0', 3: '1.3572088082974538', 4: 586.0368203710632} 
{0: '0.4444444444444444', 1: '0.0', 2: '0.0', 3: '1.2767837176518553', 4: 583.6937311463693} 
{0: '0.45652173913043476', 1: '0.0', 2: '0.0', 3: '1.2011244339814315', 4: 588.7616527443741} 
{0: '0.44680851063829785', 1: '0.0', 2: '0.0', 3: '1.2011244339814315', 4: 586.1663830329782} 
{0: '0.4583333333333333', 1: '0.0', 2: '0.0', 3: '1.2767837176518553', 4: 584.8214651392393} 
{0: '0.46938775510204084', 1: '0.0', 2: '0.0', 3: '1.3572088082974538', 4: 587.5779812004702} 
{0: '0.46', 1: '0.0', 2: '0.0', 3: '1.3572088082974538', 4: 585.4718201061487} 
{0: '0.47058823529411764', 1: '0.0', 2: '0.0', 3: '1.2767837176518553', 4: 580.2396771847891} 
{0: '0.4807692307692308', 1: '0.0', 2: '0.0', 3: '1.2011244339814315', 4: 585.6517587231469} 
{0: '0.49056603773584906', 1: '0.0', 2: '0.0', 3: '1.1299485464621188', 4: 584.8185014489342} 
{0: '0.48148148148148145', 1: '0.0', 2: '0.0', 3: '1.1299485464621188', 4: 582.3313319431369} 
{0: '0.4909090909090909', 1: '0.0', 2: '0.0', 3: '1.2011244339814315', 4: 588.2271915323727} 
{0: '0.5', 1: '0.0', 2: '0.0', 3: '1.2767837176518553', 4: 588.2123396543657} 
{0: '0.5087719298245614', 1: '0.0', 2: '0.0', 3: '1.3572088082974538', 4: 587.1390321562777} 
{0: '0.5', 1: '0.0', 2: '0.0', 3: '1.3572088082974538', 4: 584.5357331579224} 
{0: '0.5084745762711864', 1: '0.0', 2: '0.0', 3: '1.2767837176518553', 4: 611.2280448374759} 
{0: '0.5166666666666667', 1: '0.0', 2: '0.0', 3: '1.2011244339814315', 4: 586.7863457350066} 
{0: '0.5081967213114754', 1: '0.0', 2: '0.0', 3: '1.2011244339814315', 4: 581.5295325691079} 
{0: '0.5161290322580645', 1: '0.0', 2: '0.0', 3: '1.2767837176518553', 4: 587.6565098600588} 
{0: '0.5238095238095238', 1: '0.0', 2: '0.0', 3: '1.3572088082974538', 4: 584.6662500596378} 
{0: '0.515625', 1: '0.0', 2: '0.0', 3: '1.3572088082974538', 4: 585.2963880349636} 
{0: '0.5076923076923077', 1: '0.0', 2: '0.0', 3: '1.3572088082974538', 4: 586.0891660522508} 
{0: '0.5', 1: '0.0', 2: '0.0', 3: '1.3572088082974538', 4: 591.1237512997869} 
{0: '0.4925373134328358', 1: '0.0', 2: '0.0', 3: '1.3572088082974538', 4: 583.4205230414692} 
{0: '0.4852941176470588', 1: '0.0', 2: '0.0', 3: '1.3572088082974538', 4: 584.1136038646123} 
{0: '0.4927536231884058', 1: '0.0', 2: '0.0', 3: '1.2767837176518553', 4: 591.1895383478728} 
{0: '0.4857142857142857', 1: '0.0', 2: '0.0', 3: '1.2767837176518553', 4: 587.2142697381448} 
{0: '0.49295774647887325', 1: '0.0', 2: '0.0', 3: '1.3572088082974538', 4: 581.9571173474839} 
{0: '0.4861111111111111', 1: '0.0', 2: '0.0', 3: '1.3572088082974538', 4: 587.6407150072152} 
{0: '0.4931506849315068', 1: '0.0', 2: '0.0', 3: '1.2767837176518553', 4: 587.6884091545601} 
{0: '0.5', 1: '0.0', 2: '0.0', 3: '1.2011244339814315', 4: 584.7653096911162} 
{0: '0.49333333333333335', 1: '0.0', 2: '0.0', 3: '1.2011244339814315', 4: 586.6076901001409} 
{0: '0.5', 1: '0.0', 2: '0.0', 3: '1.2767837176518553', 4: 590.6643089402168} 
{0: '0.5064935064935064', 1: '0.0', 2: '0.0', 3: '1.3572088082974538', 4: 594.7143992636882} 
{0: '0.5', 1: '0.0', 2: '0.0', 3: '1.3572088082974538', 4: 594.0443156107283} 
{0: '0.5063291139240507', 1: '0.0', 2: '0.0', 3: '1.2767837176518553', 4: 586.9914368358549} 
{0: '0.5', 1: '0.0', 2: '0.0', 3: '1.2767837176518553', 4: 583.3196181349969} 
{0: '0.5061728395061729', 1: '0.0', 2: '0.0', 3: '1.3572088082974538', 4: 580.3027862339162} 
{0: '0.5', 1: '0.0', 2: '0.0', 3: '1.3572088082974538', 4: 588.0216454167819} 
{0: '0.5060240963855421', 1: '0.0', 2: '0.0', 3: '1.2767837176518553', 4: 590.9527837221806} 
{0: '0.5119047619047619', 1: '0.0', 2: '0.0', 3: '1.2011244339814315', 4: 586.2686262777835} 
{0: '0.5058823529411764', 1: '0.0', 2: '0.0', 3: '1.2011244339814315', 4: 584.2401806297432} 
{0: '0.5116279069767442', 1: '0.0', 2: '0.0', 3: '1.2767837176518553', 4: 582.1620899801405} 
{0: '0.5172413793103449', 1: '0.0', 2: '0.0', 3: '1.3572088082974538', 4: 582.4740002646263} 
{0: '0.5113636363636364', 1: '0.0', 2: '0.0', 3: '1.3572088082974538', 4: 589.2363623610518} 
{0: '0.5056179775280899', 1: '0.0', 2: '0.0', 3: '1.3572088082974538', 4: 588.3917223837567} 
{0: '0.5', 1: '0.0', 2: '0.0', 3: '1.3572088082974538', 4: 589.0890237941834} 
{0: '0.4945054945054945', 1: '0.0', 2: '0.0', 3: '1.3572088082974538', 4: 583.8096288158914} 
{0: '0.4891304347826087', 1: '0.0', 2: '0.0', 3: '1.3572088082974538', 4: 586.0969742662577} 
{0: '0.4946236559139785', 1: '0.0', 2: '0.0', 3: '1.2767837176518553', 4: 579.5417634919927} 
{0: '0.5', 1: '0.0', 2: '0.0', 3: '1.2011244339814315', 4: 582.9410172247452} 
{0: '0.5052631578947369', 1: '0.0', 2: '0.0', 3: '1.1299485464621188', 4: 583.8506346286233} 
{0: '0.5', 1: '0.0', 2: '0.0', 3: '1.1299485464621188', 4: 583.6662924530938} 
{0: '0.5051546391752577', 1: '0.0', 2: '0.0', 3: '1.2011244339814315', 4: 581.7177530743913} 
{0: '0.5102040816326531', 1: '0.0', 2: '0.0', 3: '1.2767837176518553', 4: 586.4641425540084} 
{0: '0.5151515151515151', 1: '0.0', 2: '0.0', 3: '1.3572088082974538', 4: 581.2050085840854} 
{0: '0.51', 1: '0.0', 2: '0.0', 3: '1.3572088082974538', 4: 581.5657709366982} 
{0: '0.5148514851485149', 1: '0.0', 2: '0.0', 3: '1.2767837176518553', 4: 583.3118817419092} 
{0: '0.5196078431372549', 1: '0.0', 2: '0.0', 3: '1.2011244339814315', 4: 592.089285187305} 
{0: '0.5145631067961165', 1: '0.0', 2: '0.0', 3: '1.2011244339814315', 4: 586.3348573654525} 
{0: '0.5192307692307693', 1: '0.0', 2: '0.0', 3: '1.2767837176518553', 4: 583.3772087823445} 
{0: '0.5238095238095238', 1: '0.0', 2: '0.0', 3: '1.3572088082974538', 4: 582.814972997541} 
{0: '0.5188679245283019', 1: '0.0', 2: '0.0', 3: '1.3572088082974538', 4: 593.3105847280365} 
{0: '0.5233644859813084', 1: '0.0', 2: '0.0', 3: '1.2767837176518553', 4: 583.3539548392067} 
{0: '0.5185185185185185', 1: '0.0', 2: '0.0', 3: '1.2767837176518553', 4: 585.8187117585506} 
{0: '0.5229357798165137', 1: '0.0', 2: '0.0', 3: '1.3572088082974538', 4: 586.3123592350947} 
{0: '0.5181818181818182', 1: '0.0', 2: '0.0', 3: '1.3572088082974538', 4: 586.9164383067248} 
{0: '0.5225225225225225', 1: '0.0', 2: '0.0', 3: '1.2767837176518553', 4: 588.8270367835883} 
{0: '0.5178571428571429', 1: '0.0', 2: '0.0', 3: '1.2767837176518553', 4: 585.401344969874} 
{0: '0.5221238938053098', 1: '0.0', 2: '0.0', 3: '1.3572088082974538', 4: 585.3441175059999} 
{0: '0.5175438596491229', 1: '0.0', 2: '0.0', 3: '1.3572088082974538', 4: 587.5376479960432} 
{0: '0.5130434782608696', 1: '0.0', 2: '0.0', 3: '1.3572088082974538', 4: 586.5255287301735} 
{0: '0.5086206896551724', 1: '0.0', 2: '0.0', 3: '1.3572088082974538', 4: 583.1232100562031} 
{0: '0.5128205128205128', 1: '0.0', 2: '0.0', 3: '1.2767837176518553', 4: 587.1629290053888} 
{0: '0.5084745762711864', 1: '0.0', 2: '0.0', 3: '1.2767837176518553', 4: 582.9192820255315} 
{0: '0.5126050420168067', 1: '0.0', 2: '0.0', 3: '1.3572088082974538', 4: 587.5465913155148} 
{0: '0.5083333333333333', 1: '0.0', 2: '0.0', 3: '1.3572088082974538', 4: 583.0216980360703} 
{0: '0.512396694214876', 1: '0.0', 2: '0.0', 3: '1.2767837176518553', 4: 579.7851535406755} 
{0: '0.5081967213114754', 1: '0.0', 2: '0.0', 3: '1.2767837176518553', 4: 585.9088169623768} 
{0: '0.5121951219512195', 1: '0.0', 2: '0.0', 3: '1.3572088082974538', 4: 585.1761792870266} 
{0: '0.5080645161290323', 1: '0.0', 2: '0.0', 3: '1.3572088082974538', 4: 582.70674729288} 
{0: '0.504', 1: '0.0', 2: '0.0', 3: '1.3572088082974538', 4: 583.4421328543739} 
{0: '0.5', 1: '0.0', 2: '0.0', 3: '1.3572088082974538', 4: 584.6670817319798} 
{0: '0.5039370078740157', 1: '0.0', 2: '0.0', 3: '1.2767837176518553', 4: 588.0064646032964} 
{0: '0.5', 1: '0.0', 2: '0.0', 3: '1.2767837176518553', 4: 581.8358333347186} 
{0: '0.5038759689922481', 1: '0.0', 2: '0.0', 3: '1.3572088082974538', 4: 589.8115713261733} 
{0: '0.5', 1: '0.0', 2: '0.0', 3: '1.3572088082974538', 4: 586.4870078592926} 
{0: '0.5038167938931297', 1: '0.0', 2: '0.0', 3: '1.2767837176518553', 4: 585.6455083065258} 
{0: '0.5075757575757576', 1: '0.0', 2: '0.0', 3: '1.2011244339814315', 4: 582.6506741208631} 
{0: '0.5037593984962406', 1: '0.0', 2: '0.0', 3: '1.2011244339814315', 4: 583.5528888431238} 
{0: '0.5074626865671642', 1: '0.0', 2: '0.0', 3: '1.2767837176518553', 4: 591.8959077463662} 
{0: '0.5111111111111111', 1: '0.0', 2: '0.0', 3: '1.3572088082974538', 4: 585.9841231079179} 
{0: '0.5147058823529411', 1: '0.0', 2: '0.0', 3: '1.4426999059072143', 4: 585.6628752312979} 
{0: '0.5109489051094891', 1: '0.0', 2: '0.0', 3: '1.4426999059072143', 4: 585.2174692035156} 
{0: '0.5144927536231884', 1: '0.0', 2: '0.0', 3: '1.3572088082974538', 4: 586.9108261864635} 
{0: '0.5107913669064749', 1: '0.0', 2: '0.0', 3: '1.3572088082974538', 4: 587.163390018085} 
{0: '0.5142857142857142', 1: '0.0', 2: '0.0', 3: '1.4426999059072143', 4: 590.3034247996601} 
{0: '0.5106382978723404', 1: '0.0', 2: '0.0', 3: '1.4426999059072143', 4: 584.314307584057} 
{0: '0.5070422535211268', 1: '0.0', 2: '0.0', 3: '1.4426999059072143', 4: 588.9167228185138} 
{0: '0.5034965034965035', 1: '0.0', 2: '0.0', 3: '1.4426999059072143', 4: 592.3066991796509} 
{0: '0.5069444444444444', 1: '0.0', 2: '0.0', 3: '1.3572088082974538', 4: 590.4719233858523} 
{0: '0.503448275862069', 1: '0.0', 2: '0.0', 3: '1.3572088082974538', 4: 583.314681005539} 
{0: '0.5068493150684932', 1: '0.0', 2: '0.0', 3: '1.4426999059072143', 4: 591.8353448408819} 
{0: '0.5034013605442177', 1: '0.0', 2: '0.0', 3: '1.4426999059072143', 4: 605.7214253579909} 
{0: '0.5', 1: '0.0', 2: '0.0', 3: '1.4426999059072143', 4: 583.8018272687449} 
{0: '0.4966442953020134', 1: '0.0', 2: '0.0', 3: '1.4426999059072143', 4: 588.4366606670387} 
{0: '0.5', 1: '0.0', 2: '0.0', 3: '1.3572088082974538', 4: 595.9254344840379} 
{0: '0.4966887417218543', 1: '0.0', 2: '0.0', 3: '1.3572088082974538', 4: 591.8172007124617} 
{0: '0.5', 1: '0.0', 2: '0.0', 3: '1.4426999059072143', 4: 591.9104400952035} 
{0: '0.49673202614379086', 1: '0.0', 2: '0.0', 3: '1.4426999059072143', 4: 584.5208291853414} 
{0: '0.5', 1: '0.0', 2: '0.0', 3: '1.3572088082974538', 4: 585.1155004093633} 
{0: '0.4967741935483871', 1: '0.0', 2: '0.0', 3: '1.3572088082974538', 4: 585.4121286771091} 
{0: '0.5', 1: '0.0', 2: '0.0', 3: '1.4426999059072143', 4: 603.2102129033958} 
{0: '0.4968152866242038', 1: '0.0', 2: '0.0', 3: '1.4426999059072143', 4: 582.8936591143045} 
{0: '0.5', 1: '0.0', 2: '0.0', 3: '1.3572088082974538', 4: 588.7095183411626} 
{0: '0.4968553459119497', 1: '0.0', 2: '0.0', 3: '1.3572088082974538', 4: 582.8453034236838} 
{0: '0.5', 1: '0.0', 2: '0.0', 3: '1.4426999059072143', 4: 587.2406896445514} 
{0: '0.4968944099378882', 1: '0.0', 2: '0.0', 3: '1.4426999059072143', 4: 582.7190306233334} 
{0: '0.49382716049382713', 1: '0.0', 2: '0.0', 3: '1.4426999059072143', 4: 600.8779466069977} 
{0: '0.49079754601226994', 1: '0.0', 2: '0.0', 3: '1.4426999059072143', 4: 588.569954923278} 
{0: '0.49390243902439024', 1: '0.0', 2: '0.0', 3: '1.3572088082974538', 4: 589.3016403666214} 
{0: '0.4909090909090909', 1: '0.0', 2: '0.0', 3: '1.3572088082974538', 4: 582.7053685146644} 
{0: '0.4939759036144578', 1: '0.0', 2: '0.0', 3: '1.4426999059072143', 4: 582.4125620069784} 
{0: '0.49101796407185627', 1: '0.0', 2: '0.0', 3: '1.4426999059072143', 4: 587.0281398073384} 
{0: '0.49404761904761907', 1: '0.0', 2: '0.0', 3: '1.3572088082974538', 4: 582.9136120333973} 
{0: '0.4970414201183432', 1: '0.0', 2: '0.0', 3: '1.2767837176518553', 4: 588.9627923956663} 
{0: '0.49411764705882355', 1: '0.0', 2: '0.0', 3: '1.2767837176518553', 4: 585.8942022147546} 
{0: '0.49707602339181284', 1: '0.0', 2: '0.0', 3: '1.3572088082974538', 4: 590.9189327458021} 
{0: '0.5', 1: '0.0', 2: '0.0', 3: '1.4426999059072143', 4: 583.2182979178954} 
{0: '0.49710982658959535', 1: '0.0', 2: '0.0', 3: '1.4426999059072143', 4: 583.428388901858} 
{0: '0.4942528735632184', 1: '0.0', 2: '0.0', 3: '1.4426999059072143', 4: 581.0034972689979} 
{0: '0.49142857142857144', 1: '0.0', 2: '0.0', 3: '1.4426999059072143', 4: 583.4625660778217} 
{0: '0.4943181818181818', 1: '0.0', 2: '0.0', 3: '1.3572088082974538', 4: 586.1659439791596} 
{0: '0.4915254237288136', 1: '0.0', 2: '0.0', 3: '1.3572088082974538', 4: 587.4854104067364} 
{0: '0.4943820224719101', 1: '0.0', 2: '0.0', 3: '1.4426999059072143', 4: 582.9971604976123} 
{0: '0.49162011173184356', 1: '0.0', 2: '0.0', 3: '1.4426999059072143', 4: 585.7705289149046} 
{0: '0.4888888888888889', 1: '0.0', 2: '0.0', 3: '1.4426999059072143', 4: 593.2538816656081} 
{0: '0.4861878453038674', 1: '0.0', 2: '0.0', 3: '1.4426999059072143', 4: 588.2436785409839} 
{0: '0.489010989010989', 1: '0.0', 2: '0.0', 3: '1.3572088082974538', 4: 586.5205706234352} 
{0: '0.48633879781420764', 1: '0.0', 2: '0.0', 3: '1.3572088082974538', 4: 583.1943084556324} 
{0: '0.4891304347826087', 1: '0.0', 2: '0.0', 3: '1.4426999059072143', 4: 584.5934637666105} 
{0: '0.4864864864864865', 1: '0.0', 2: '0.0', 3: '1.4426999059072143', 4: 584.994036821246} 
{0: '0.489247311827957', 1: '0.0', 2: '0.0', 3: '1.3572088082974538', 4: 609.9234729386272} 
{0: '0.48663101604278075', 1: '0.0', 2: '0.0', 3: '1.3572088082974538', 4: 585.8537381711835} 
{0: '0.48936170212765956', 1: '0.0', 2: '0.0', 3: '1.4426999059072143', 4: 581.1419632169548} 
{0: '0.48677248677248675', 1: '0.0', 2: '0.0', 3: '1.4426999059072143', 4: 584.1897024068096} 
{0: '0.4842105263157895', 1: '0.0', 2: '0.0', 3: '1.4426999059072143', 4: 586.5241536671904} 
{0: '0.4816753926701571', 1: '0.0', 2: '0.0', 3: '1.4426999059072143', 4: 589.004630924327} 
{0: '0.484375', 1: '0.0', 2: '0.0', 3: '1.3572088082974538', 4: 584.8436698183634} 
{0: '0.48186528497409326', 1: '0.0', 2: '0.0', 3: '1.3572088082974538', 4: 582.8451854399141} 
{0: '0.4845360824742268', 1: '0.0', 2: '0.0', 3: '1.4426999059072143', 4: 619.9072273146973} 
{0: '0.48205128205128206', 1: '0.0', 2: '0.0', 3: '1.4426999059072143', 4: 585.9586288983705} 
{0: '0.4846938775510204', 1: '0.0', 2: '0.0', 3: '1.3572088082974538', 4: 582.9009022327516} 
{0: '0.4873096446700508', 1: '0.0', 2: '0.0', 3: '1.2767837176518553', 4: 585.7286871998496} 
{0: '0.48484848484848486', 1: '0.0', 2: '0.0', 3: '1.2767837176518553', 4: 585.4752477627087} 
{0: '0.48743718592964824', 1: '0.0', 2: '0.0', 3: '1.3572088082974538', 4: 586.1036157382607} 
{0: '0.49', 1: '0.0', 2: '0.0', 3: '1.4426999059072143', 4: 588.4644913713383} 
{0: '0.48756218905472637', 1: '0.0', 2: '0.0', 3: '1.4426999059072143', 4: 583.8541612261372} 
{0: '0.4900990099009901', 1: '0.0', 2: '0.0', 3: '1.3572088082974538', 4: 586.6904052247106} 
{0: '0.49261083743842365', 1: '0.0', 2: '0.0', 3: '1.2767837176518553', 4: 583.1953215598377} 
{0: '0.49019607843137253', 1: '0.0', 2: '0.0', 3: '1.2767837176518553', 4: 585.9393979590403} 
{0: '0.4926829268292683', 1: '0.0', 2: '0.0', 3: '1.3572088082974538', 4: 583.6353760954848} 
{0: '0.49514563106796117', 1: '0.0', 2: '0.0', 3: '1.4426999059072143', 4: 585.4264740622732} 
{0: '0.4927536231884058', 1: '0.0', 2: '0.0', 3: '1.4426999059072143', 4: 587.089402156011} 
{0: '0.49038461538461536', 1: '0.0', 2: '0.0', 3: '1.4426999059072143', 4: 584.0710429944396} 
{0: '0.4880382775119617', 1: '0.0', 2: '0.0', 3: '1.4426999059072143', 4: 588.8324964006379} 
{0: '0.49047619047619045', 1: '0.0', 2: '0.0', 3: '1.3572088082974538', 4: 586.6334987251488} 
{0: '0.4881516587677725', 1: '0.0', 2: '0.0', 3: '1.3572088082974538', 4: 585.3059524497726} 
{0: '0.49056603773584906', 1: '0.0', 2: '0.0', 3: '1.4426999059072143', 4: 583.714656739415} 
{0: '0.48826291079812206', 1: '0.0', 2: '0.0', 3: '1.4426999059072143', 4: 584.2939152970927} 
{0: '0.48598130841121495', 1: '0.0', 2: '0.0', 3: '1.4426999059072143', 4: 582.1244481684232} 
{0: '0.48372093023255813', 1: '0.0', 2: '0.0', 3: '1.4426999059072143', 4: 590.1388951055468} 
{0: '0.48148148148148145', 1: '0.0', 2: '0.0', 3: '1.4426999059072143', 4: 588.7138057820763} 
{0: '0.4792626728110599', 1: '0.0', 2: '0.0', 3: '1.4426999059072143', 4: 586.0532781537513} 
{0: '0.481651376146789', 1: '0.0', 2: '0.0', 3: '1.3572088082974538', 4: 585.9231674352403} 
{0: '0.4794520547945205', 1: '0.0', 2: '0.0', 3: '1.3572088082974538', 4: 584.2189700967365} 
{0: '0.4818181818181818', 1: '0.0', 2: '0.0', 3: '1.4426999059072143', 4: 584.6780013042453} 
{0: '0.4796380090497738', 1: '0.0', 2: '0.0', 3: '1.4426999059072143', 4: 582.1076491451626} 
{0: '0.481981981981982', 1: '0.0', 2: '0.0', 3: '1.3572088082974538', 4: 587.1238959757312} 
{0: '0.4798206278026906', 1: '0.0', 2: '0.0', 3: '1.3572088082974538', 4: 587.4004780691473} 
{0: '0.48214285714285715', 1: '0.0', 2: '0.0', 3: '1.4426999059072143', 4: 589.1419064162051} 
{0: '0.48', 1: '0.0', 2: '0.0', 3: '1.4426999059072143', 4: 581.8431996235715} 
{0: '0.4778761061946903', 1: '0.0', 2: '0.0', 3: '1.4426999059072143', 4: 593.0626479078196} 
{0: '0.47577092511013214', 1: '0.0', 2: '0.0', 3: '1.4426999059072143', 4: 584.9089340483234} 
{0: '0.4780701754385965', 1: '0.0', 2: '0.0', 3: '1.3572088082974538', 4: 590.7929826922133} 
{0: '0.48034934497816595', 1: '0.0', 2: '0.0', 3: '1.2767837176518553', 4: 581.6921861676148} 
{0: '0.4782608695652174', 1: '0.0', 2: '0.0', 3: '1.2767837176518553', 4: 584.4436733036532} 
{0: '0.4805194805194805', 1: '0.0', 2: '0.0', 3: '1.3572088082974538', 4: 583.4516364911607} 
{0: '0.4827586206896552', 1: '0.0', 2: '0.0', 3: '1.4426999059072143', 4: 590.246737669642} 
{0: '0.48068669527896996', 1: '0.0', 2: '0.0', 3: '1.4426999059072143', 4: 584.604693009075} 
{0: '0.4829059829059829', 1: '0.0', 2: '0.0', 3: '1.3572088082974538', 4: 587.2848052274024} 
{0: '0.4851063829787234', 1: '0.0', 2: '0.0', 3: '1.2767837176518553', 4: 584.3179508810354} 
{0: '0.4830508474576271', 1: '0.0', 2: '0.0', 3: '1.2767837176518553', 4: 582.244206690868} 
{0: '0.48523206751054854', 1: '0.0', 2: '0.0', 3: '1.3572088082974538', 4: 592.6682349409265} 
{0: '0.48739495798319327', 1: '0.0', 2: '0.0', 3: '1.4426999059072143', 4: 592.5518087010722} 
{0: '0.48535564853556484', 1: '0.0', 2: '0.0', 3: '1.4426999059072143', 4: 592.9734331864331} 
{0: '0.48333333333333334', 1: '0.0', 2: '0.0', 3: '1.4426999059072143', 4: 583.0600488081643} 
{0: '0.48132780082987553', 1: '0.0', 2: '0.0', 3: '1.4426999059072143', 4: 587.0410874838287} 
{0: '0.4834710743801653', 1: '0.0', 2: '0.0', 3: '1.3572088082974538', 4: 585.37148599406} 
{0: '0.48148148148148145', 1: '0.0', 2: '0.0', 3: '1.3572088082974538', 4: 595.7288381913277} 
{0: '0.48360655737704916', 1: '0.0', 2: '0.0', 3: '1.4426999059072143', 4: 587.0300810097333} 
{0: '0.4816326530612245', 1: '0.0', 2: '0.0', 3: '1.4426999059072143', 4: 584.108077347011} 
{0: '0.483739837398374', 1: '0.0', 2: '0.0', 3: '1.3572088082974538', 4: 589.8222861697215} 
{0: '0.48582995951417', 1: '0.0', 2: '0.0', 3: '1.2767837176518553', 4: 584.073682207378} 
{0: '0.4879032258064516', 1: '0.0', 2: '0.0', 3: '1.2011244339814315', 4: 589.6565349207015} 
{0: '0.4859437751004016', 1: '0.0', 2: '0.0', 3: '1.2011244339814315', 4: 583.1679803433495} 
{0: '0.488', 1: '0.0', 2: '0.0', 3: '1.2767837176518553', 4: 586.6523658781905} 
{0: '0.4900398406374502', 1: '0.0', 2: '0.0', 3: '1.3572088082974538', 4: 596.269115373133} 
{0: '0.49206349206349204', 1: '0.0', 2: '0.0', 3: '1.4426999059072143', 4: 581.5172911422782} 
{0: '0.4901185770750988', 1: '0.0', 2: '0.0', 3: '1.4426999059072143', 4: 583.2805289278658} 
{0: '0.4921259842519685', 1: '0.0', 2: '0.0', 3: '1.3572088082974538', 4: 587.0757402300129} 
{0: '0.49411764705882355', 1: '0.0', 2: '0.0', 3: '1.2767837176518553', 4: 585.9256299392958} 
{0: '0.4921875', 1: '0.0', 2: '0.0', 3: '1.2767837176518553', 4: 587.61209418161} 
{0: '0.49416342412451364', 1: '0.0', 2: '0.0', 3: '1.3572088082974538', 4: 592.5894744554688} 
{0: '0.49612403100775193', 1: '0.0', 2: '0.0', 3: '1.4426999059072143', 4: 588.6039999759323} 
{0: '0.4942084942084942', 1: '0.0', 2: '0.0', 3: '1.4426999059072143', 4: 588.5814310242423} 
{0: '0.49615384615384617', 1: '0.0', 2: '0.0', 3: '1.3572088082974538', 4: 584.2742581014876} 
{0: '0.4942528735632184', 1: '0.0', 2: '0.0', 3: '1.3572088082974538', 4: 584.9145823383778} 
{0: '0.4961832061068702', 1: '0.0', 2: '0.0', 3: '1.4426999059072143', 4: 583.1127451513802} 
{0: '0.49429657794676807', 1: '0.0', 2: '0.0', 3: '1.4426999059072143', 4: 586.2755743224742} 
{0: '0.49242424242424243', 1: '0.0', 2: '0.0', 3: '1.4426999059072143', 4: 592.8496968751633} 
{0: '0.49056603773584906', 1: '0.0', 2: '0.0', 3: '1.4426999059072143', 4: 581.6639327129851} 
{0: '0.48872180451127817', 1: '0.0', 2: '0.0', 3: '1.4426999059072143', 4: 590.4871749028378} 
{0: '0.4868913857677903', 1: '0.0', 2: '0.0', 3: '1.4426999059072143', 4: 587.62738708068} 
{0: '0.48880597014925375', 1: '0.0', 2: '0.0', 3: '1.3572088082974538', 4: 583.9602067449736} 
{0: '0.48698884758364314', 1: '0.0', 2: '0.0', 3: '1.3572088082974538', 4: 583.2140482824582} 
{0: '0.4888888888888889', 1: '0.0', 2: '0.0', 3: '1.4426999059072143', 4: 590.9549709944516} 
{0: '0.4870848708487085', 1: '0.0', 2: '0.0', 3: '1.4426999059072143', 4: 592.4807718400431} 
{0: '0.4889705882352941', 1: '0.0', 2: '0.0', 3: '1.3572088082974538', 4: 586.9080012217532} 
{0: '0.48717948717948717', 1: '0.0', 2: '0.0', 3: '1.3572088082974538', 4: 589.8262951183342} 
{0: '0.48905109489051096', 1: '0.0', 2: '0.0', 3: '1.4426999059072143', 4: 615.350543396031} 
{0: '0.48727272727272725', 1: '0.0', 2: '0.0', 3: '1.4426999059072143', 4: 586.9187586541024} 
{0: '0.4891304347826087', 1: '0.0', 2: '0.0', 3: '1.3572088082974538', 4: 593.706948300385} 
{0: '0.49097472924187724', 1: '0.0', 2: '0.0', 3: '1.2767837176518553', 4: 590.5400979652602} 
{0: '0.4892086330935252', 1: '0.0', 2: '0.0', 3: '1.2767837176518553', 4: 582.901035078044} 
{0: '0.4910394265232975', 1: '0.0', 2: '0.0', 3: '1.3572088082974538', 4: 583.011899016439} 
{0: '0.4928571428571429', 1: '0.0', 2: '0.0', 3: '1.4426999059072143', 4: 580.9292571025665} 
{0: '0.49110320284697506', 1: '0.0', 2: '0.0', 3: '1.4426999059072143', 4: 592.1709184061546} 
{0: '0.48936170212765956', 1: '0.0', 2: '0.0', 3: '1.4426999059072143', 4: 589.9514830305241} 
{0: '0.4876325088339223', 1: '0.0', 2: '0.0', 3: '1.4426999059072143', 4: 586.4135512683554} 
{0: '0.4894366197183099', 1: '0.0', 2: '0.0', 3: '1.3572088082974538', 4: 592.5632105940696} 
{0: '0.48771929824561405', 1: '0.0', 2: '0.0', 3: '1.3572088082974538', 4: 581.0509893947076} 
{0: '0.48951048951048953', 1: '0.0', 2: '0.0', 3: '1.4426999059072143', 4: 581.1751780458342} 
{0: '0.4878048780487805', 1: '0.0', 2: '0.0', 3: '1.4426999059072143', 4: 586.2094925259878} 
{0: '0.4895833333333333', 1: '0.0', 2: '0.0', 3: '1.3572088082974538', 4: 580.9905364258333} 
{0: '0.4913494809688581', 1: '0.0', 2: '0.0', 3: '1.2767837176518553', 4: 584.3520660194936} 
{0: '0.49310344827586206', 1: '0.0', 2: '0.0', 3: '1.2011244339814315', 4: 583.4517828408258} 
{0: '0.49140893470790376', 1: '0.0', 2: '0.0', 3: '1.2011244339814315', 4: 590.1475068040141} 
{0: '0.4931506849315068', 1: '0.0', 2: '0.0', 3: '1.2767837176518553', 4: 582.8366556077727} 
{0: '0.4948805460750853', 1: '0.0', 2: '0.0', 3: '1.3572088082974538', 4: 582.7777183246424} 
{0: '0.4965986394557823', 1: '0.0', 2: '0.0', 3: '1.4426999059072143', 4: 588.0444196903151} 
{0: '0.49491525423728816', 1: '0.0', 2: '0.0', 3: '1.4426999059072143', 4: 585.8309795545443} 
{0: '0.4966216216216216', 1: '0.0', 2: '0.0', 3: '1.3572088082974538', 4: 589.772562020908} 
{0: '0.494949494949495', 1: '0.0', 2: '0.0', 3: '1.3572088082974538', 4: 587.7010771766446} 
{0: '0.4966442953020134', 1: '0.0', 2: '0.0', 3: '1.4426999059072143', 4: 584.517486184067} 
{0: '0.49498327759197325', 1: '0.0', 2: '0.0', 3: '1.4426999059072143', 4: 591.6180820174435} 
{0: '0.49333333333333335', 1: '0.0', 2: '0.0', 3: '1.4426999059072143', 4: 610.0265824992538} 
{0: '0.49169435215946844', 1: '0.0', 2: '0.0', 3: '1.4426999059072143', 4: 587.2975799796549} 
{0: '0.49337748344370863', 1: '0.0', 2: '0.0', 3: '1.3572088082974538', 4: 590.670396257163} 
{0: '0.49174917491749176', 1: '0.0', 2: '0.0', 3: '1.3572088082974538', 4: 582.628449692546} 
{0: '0.4934210526315789', 1: '0.0', 2: '0.0', 3: '1.4426999059072143', 4: 589.093919244317} 
{0: '0.4918032786885246', 1: '0.0', 2: '0.0', 3: '1.4426999059072143', 4: 583.2345461155356} 
{0: '0.49019607843137253', 1: '0.0', 2: '0.0', 3: '1.4426999059072143', 4: 589.7344210342173} 
{0: '0.48859934853420195', 1: '0.0', 2: '0.0', 3: '1.4426999059072143', 4: 590.4348431240302} 
{0: '0.4902597402597403', 1: '0.0', 2: '0.0', 3: '1.3572088082974538', 4: 591.0165847019989} 
{0: '0.4919093851132686', 1: '0.0', 2: '0.0', 3: '1.2767837176518553', 4: 590.8999168279923} 
{0: '0.4935483870967742', 1: '0.0', 2: '0.0', 3: '1.2011244339814315', 4: 586.8286942710398} 
{0: '0.4919614147909968', 1: '0.0', 2: '0.0', 3: '1.2011244339814315', 4: 585.5965627702949} 
{0: '0.4935897435897436', 1: '0.0', 2: '0.0', 3: '1.2767837176518553', 4: 587.8084817303978} 
{0: '0.4952076677316294', 1: '0.0', 2: '0.0', 3: '1.3572088082974538', 4: 585.8566203155048} 
{0: '0.4968152866242038', 1: '0.0', 2: '0.0', 3: '1.4426999059072143', 4: 582.2927233984094} 
{0: '0.49523809523809526', 1: '0.0', 2: '0.0', 3: '1.4426999059072143', 4: 580.9466276442873} 
{0: '0.49683544303797467', 1: '0.0', 2: '0.0', 3: '1.3572088082974538', 4: 583.8860260220263} 
{0: '0.49842271293375395', 1: '0.0', 2: '0.0', 3: '1.2767837176518553', 4: 582.673066701068} 
{0: '0.4968553459119497', 1: '0.0', 2: '0.0', 3: '1.2767837176518553', 4: 581.1294723864312} 
{0: '0.49843260188087773', 1: '0.0', 2: '0.0', 3: '1.3572088082974538', 4: 582.5608973734376} 
{0: '0.5', 1: '0.0', 2: '0.0', 3: '1.4426999059072143', 4: 585.416952287037} 
{0: '0.4984423676012461', 1: '0.0', 2: '0.0', 3: '1.4426999059072143', 4: 592.6232343234245} 
{0: '0.4968944099378882', 1: '0.0', 2: '0.0', 3: '1.4426999059072143', 4: 585.6914805709811} 
{0: '0.4953560371517028', 1: '0.0', 2: '0.0', 3: '1.4426999059072143', 4: 589.9229557026988} 
{0: '0.49382716049382713', 1: '0.0', 2: '0.0', 3: '1.4426999059072143', 4: 581.4324500687064} 
{0: '0.49230769230769234', 1: '0.0', 2: '0.0', 3: '1.4426999059072143', 4: 586.4685737084236} 
{0: '0.4938650306748466', 1: '0.0', 2: '0.0', 3: '1.3572088082974538', 4: 581.5478161961959} 
{0: '0.4954128440366973', 1: '0.0', 2: '0.0', 3: '1.2767837176518553', 4: 583.8386165932217} 
{0: '0.49390243902439024', 1: '0.0', 2: '0.0', 3: '1.2767837176518553', 4: 591.8816414030491} 
{0: '0.49544072948328266', 1: '0.0', 2: '0.0', 3: '1.3572088082974538', 4: 590.0573886146547} 
{0: '0.49696969696969695', 1: '0.0', 2: '0.0', 3: '1.4426999059072143', 4: 582.4389647487307} 
{0: '0.4954682779456193', 1: '0.0', 2: '0.0', 3: '1.4426999059072143', 4: 610.8616183689795} 
{0: '0.49698795180722893', 1: '0.0', 2: '0.0', 3: '1.3572088082974538', 4: 604.7156326029229} 
{0: '0.4954954954954955', 1: '0.0', 2: '0.0', 3: '1.3572088082974538', 4: 583.7262655218434} 
{0: '0.49700598802395207', 1: '0.0', 2: '0.0', 3: '1.4426999059072143', 4: 581.6648922445369} 
{0: '0.4955223880597015', 1: '0.0', 2: '0.0', 3: '1.4426999059072143', 4: 586.1743048307933} 
{0: '0.49702380952380953', 1: '0.0', 2: '0.0', 3: '1.3572088082974538', 4: 581.9832312988195} 
{0: '0.49851632047477745', 1: '0.0', 2: '0.0', 3: '1.2767837176518553', 4: 584.3782266137082} 
{0: '0.5', 1: '0.0', 2: '0.0', 3: '1.2011244339814315', 4: 583.7650915686124} 
{0: '0.5014749262536873', 1: '0.0', 2: '0.0', 3: '1.1299485464621188', 4: 589.6171797697301} 
{0: '0.5', 1: '0.0', 2: '0.0', 3: '1.1299485464621188', 4: 584.020991439352} 
{0: '0.501466275659824', 1: '0.0', 2: '0.0', 3: '1.2011244339814315', 4: 584.8263599019404} 
{0: '0.5029239766081871', 1: '0.0', 2: '0.0', 3: '1.2767837176518553', 4: 588.3940694405226} 
{0: '0.5043731778425656', 1: '0.0', 2: '0.0', 3: '1.3572088082974538', 4: 588.8904601654341} 
{0: '0.5058139534883721', 1: '0.0', 2: '0.0', 3: '1.4426999059072143', 4: 589.7105532802261} 
{0: '0.5043478260869565', 1: '0.0', 2: '0.0', 3: '1.4426999059072143', 4: 587.2418637823832} 
{0: '0.5057803468208093', 1: '0.0', 2: '0.0', 3: '1.3572088082974538', 4: 582.5477027543296} 
{0: '0.5072046109510087', 1: '0.0', 2: '0.0', 3: '1.2767837176518553', 4: 581.6065330801207} 
{0: '0.5086206896551724', 1: '0.0', 2: '0.0', 3: '1.2011244339814315', 4: 583.971263404366} 
{0: '0.5071633237822349', 1: '0.0', 2: '0.0', 3: '1.2011244339814315', 4: 587.0114144310411} 
{0: '0.5085714285714286', 1: '0.0', 2: '0.0', 3: '1.2767837176518553', 4: 584.0313898731391} 
{0: '0.50997150997151', 1: '0.0', 2: '0.0', 3: '1.3572088082974538', 4: 589.8303598061569} 
{0: '0.5113636363636364', 1: '0.0', 2: '0.0', 3: '1.4426999059072143', 4: 587.3366733081162} 
{0: '0.509915014164306', 1: '0.0', 2: '0.0', 3: '1.4426999059072143', 4: 583.4401061444065} 
{0: '0.5112994350282486', 1: '0.0', 2: '0.0', 3: '1.3572088082974538', 4: 586.234040466682} 
{0: '0.5098591549295775', 1: '0.0', 2: '0.0', 3: '1.3572088082974538', 4: 593.6712647974003} 
{0: '0.5112359550561798', 1: '0.0', 2: '0.0', 3: '1.4426999059072143', 4: 581.7294502108713} 
{0: '0.5098039215686274', 1: '0.0', 2: '0.0', 3: '1.4426999059072143', 4: 588.8089030385651} 
{0: '0.5111731843575419', 1: '0.0', 2: '0.0', 3: '1.3572088082974538', 4: 593.117046797359} 
{0: '0.5097493036211699', 1: '0.0', 2: '0.0', 3: '1.3572088082974538', 4: 586.4305820211657} 
{0: '0.5111111111111111', 1: '0.0', 2: '0.0', 3: '1.4426999059072143', 4: 586.3064855765945} 
{0: '0.5096952908587258', 1: '0.0', 2: '0.0', 3: '1.4426999059072143', 4: 582.8498473726792} 
{0: '0.5082872928176796', 1: '0.0', 2: '0.0', 3: '1.4426999059072143', 4: 594.8298995468473} 
{0: '0.5068870523415978', 1: '0.0', 2: '0.0', 3: '1.4426999059072143', 4: 579.8845158148043} 
{0: '0.5082417582417582', 1: '0.0', 2: '0.0', 3: '1.3572088082974538', 4: 588.5221860798832} 
{0: '0.5068493150684932', 1: '0.0', 2: '0.0', 3: '1.3572088082974538', 4: 584.8100178879046} 
{0: '0.5081967213114754', 1: '0.0', 2: '0.0', 3: '1.4426999059072143', 4: 594.1848276693656} 
{0: '0.5068119891008175', 1: '0.0', 2: '0.0', 3: '1.4426999059072143', 4: 584.5502566986248} 
{0: '0.5081521739130435', 1: '0.0', 2: '0.0', 3: '1.3572088082974538', 4: 583.5112168206243} 
{0: '0.5067750677506775', 1: '0.0', 2: '0.0', 3: '1.3572088082974538', 4: 586.081808919932} 
{0: '0.5081081081081081', 1: '0.0', 2: '0.0', 3: '1.4426999059072143', 4: 584.9451820302205} 
{0: '0.5067385444743935', 1: '0.0', 2: '0.0', 3: '1.4426999059072143', 4: 586.995374775285} 
{0: '0.5080645161290323', 1: '0.0', 2: '0.0', 3: '1.3572088082974538', 4: 582.3507191941658} 
{0: '0.5093833780160858', 1: '0.0', 2: '0.0', 3: '1.2767837176518553', 4: 586.2905111978171} 
{0: '0.5080213903743316', 1: '0.0', 2: '0.0', 3: '1.2767837176518553', 4: 583.4842207039526} 
{0: '0.5093333333333333', 1: '0.0', 2: '0.0', 3: '1.3572088082974538', 4: 581.9373573147137} 
{0: '0.5106382978723404', 1: '0.0', 2: '0.0', 3: '1.4426999059072143', 4: 584.7678514430239} 
{0: '0.5092838196286472', 1: '0.0', 2: '0.0', 3: '1.4426999059072143', 4: 586.5099040804232} 
{0: '0.5079365079365079', 1: '0.0', 2: '0.0', 3: '1.4426999059072143', 4: 585.4747588412371} 
{0: '0.5065963060686016', 1: '0.0', 2: '0.0', 3: '1.4426999059072143', 4: 586.0330668243921} 
{0: '0.5078947368421053', 1: '0.0', 2: '0.0', 3: '1.3572088082974538', 4: 585.2940288338966} 
{0: '0.5091863517060368', 1: '0.0', 2: '0.0', 3: '1.2767837176518553', 4: 584.9478223844465} 
{0: '0.5104712041884817', 1: '0.0', 2: '0.0', 3: '1.2011244339814315', 4: 582.1220855539586} 
{0: '0.5091383812010444', 1: '0.0', 2: '0.0', 3: '1.2011244339814315', 4: 585.4455717621668} 
{0: '0.5104166666666666', 1: '0.0', 2: '0.0', 3: '1.2767837176518553', 4: 584.9572800941979} 
{0: '0.5116883116883116', 1: '0.0', 2: '0.0', 3: '1.3572088082974538', 4: 587.478100584895} 
{0: '0.5129533678756477', 1: '0.0', 2: '0.0', 3: '1.4426999059072143', 4: 585.1856172585616} 
{0: '0.5116279069767442', 1: '0.0', 2: '0.0', 3: '1.4426999059072143', 4: 583.7014597499335} 
{0: '0.5103092783505154', 1: '0.0', 2: '0.0', 3: '1.4426999059072143', 4: 605.3460197759242} 
{0: '0.5089974293059126', 1: '0.0', 2: '0.0', 3: '1.4426999059072143', 4: 585.4946754534866} 
{0: '0.5076923076923077', 1: '0.0', 2: '0.0', 3: '1.4426999059072143', 4: 592.3047954320365} 
{0: '0.5063938618925832', 1: '0.0', 2: '0.0', 3: '1.4426999059072143', 4: 582.4344354504076} 
{0: '0.5076530612244898', 1: '0.0', 2: '0.0', 3: '1.3572088082974538', 4: 591.0629773219075} 
{0: '0.5089058524173028', 1: '0.0', 2: '0.0', 3: '1.2767837176518553', 4: 582.0785173762118} 
{0: '0.5076142131979695', 1: '0.0', 2: '0.0', 3: '1.2767837176518553', 4: 581.9131821855002} 
{0: '0.5088607594936709', 1: '0.0', 2: '0.0', 3: '1.3572088082974538', 4: 591.0739326906868} 
{0: '0.51010101010101', 1: '0.0', 2: '0.0', 3: '1.4426999059072143', 4: 583.3147849632935} 
{0: '0.5088161209068011', 1: '0.0', 2: '0.0', 3: '1.4426999059072143', 4: 584.711139005126} 
{0: '0.5100502512562815', 1: '0.0', 2: '0.0', 3: '1.3572088082974538', 4: 586.0591977986246} 
{0: '0.5087719298245614', 1: '0.0', 2: '0.0', 3: '1.3572088082974538', 4: 587.3855582313392} 
{0: '0.51', 1: '0.0', 2: '0.0', 3: '1.4426999059072143', 4: 582.1308663349537} 
{0: '0.5087281795511222', 1: '0.0', 2: '0.0', 3: '1.4426999059072143', 4: 592.2372889471161} 
{0: '0.5099502487562189', 1: '0.0', 2: '0.0', 3: '1.3572088082974538', 4: 581.4628370465299} 
{0: '0.511166253101737', 1: '0.0', 2: '0.0', 3: '1.2767837176518553', 4: 584.8818475338988} 
{0: '0.5123762376237624', 1: '0.0', 2: '0.0', 3: '1.2011244339814315', 4: 582.7227369683143} 
{0: '0.5135802469135803', 1: '0.0', 2: '0.0', 3: '1.1299485464621188', 4: 586.4291129628622} 
{0: '0.5123152709359606', 1: '0.0', 2: '0.0', 3: '1.1299485464621188', 4: 582.8858644524337} 
{0: '0.5135135135135135', 1: '0.0', 2: '0.0', 3: '1.2011244339814315', 4: 583.942590613682} 
{0: '0.5147058823529411', 1: '0.0', 2: '0.0', 3: '1.2767837176518553', 4: 581.6452567419824} 
{0: '0.5158924205378973', 1: '0.0', 2: '0.0', 3: '1.3572088082974538', 4: 594.5298376700426} 
{0: '0.5170731707317073', 1: '0.0', 2: '0.0', 3: '1.4426999059072143', 4: 582.4458186952712} 
{0: '0.5158150851581509', 1: '0.0', 2: '0.0', 3: '1.4426999059072143', 4: 587.2452690136984} 
{0: '0.5169902912621359', 1: '0.0', 2: '0.0', 3: '1.3572088082974538', 4: 588.7479544043055} 
{0: '0.5157384987893463', 1: '0.0', 2: '0.0', 3: '1.3572088082974538', 4: 583.3982454073075} 
{0: '0.5169082125603864', 1: '0.0', 2: '0.0', 3: '1.4426999059072143', 4: 591.3630078021091} 
{0: '0.5156626506024097', 1: '0.0', 2: '0.0', 3: '1.4426999059072143', 4: 585.954497691814} 
{0: '0.5144230769230769', 1: '0.0', 2: '0.0', 3: '1.4426999059072143', 4: 590.1771573036964} 
{0: '0.513189448441247', 1: '0.0', 2: '0.0', 3: '1.4426999059072143', 4: 584.6644159585827} 
{0: '0.5143540669856459', 1: '0.0', 2: '0.0', 3: '1.3572088082974538', 4: 585.52987307694} 
{0: '0.513126491646778', 1: '0.0', 2: '0.0', 3: '1.3572088082974538', 4: 581.9277248782206} 
{0: '0.5142857142857142', 1: '0.0', 2: '0.0', 3: '1.4426999059072143', 4: 587.7507585807505} 
{0: '0.5130641330166271', 1: '0.0', 2: '0.0', 3: '1.4426999059072143', 4: 583.3452607853322} 
{0: '0.5118483412322274', 1: '0.0', 2: '0.0', 3: '1.4426999059072143', 4: 587.7389466355776} 
{0: '0.5106382978723404', 1: '0.0', 2: '0.0', 3: '1.4426999059072143', 4: 584.6094066332971} 
{0: '0.5117924528301887', 1: '0.0', 2: '0.0', 3: '1.3572088082974538', 4: 582.6743246592291} 
{0: '0.5105882352941177', 1: '0.0', 2: '0.0', 3: '1.3572088082974538', 4: 584.4971048870173} 
{0: '0.5117370892018779', 1: '0.0', 2: '0.0', 3: '1.4426999059072143', 4: 585.5897902248238} 
{0: '0.5105386416861827', 1: '0.0', 2: '0.0', 3: '1.4426999059072143', 4: 582.2500973714559} 
{0: '0.5093457943925234', 1: '0.0', 2: '0.0', 3: '1.4426999059072143', 4: 582.6882220673002} 
{0: '0.5081585081585082', 1: '0.0', 2: '0.0', 3: '1.4426999059072143', 4: 583.2105176869377} 
{0: '0.5093023255813953', 1: '0.0', 2: '0.0', 3: '1.3572088082974538', 4: 585.8423751254733} 
{0: '0.5081206496519721', 1: '0.0', 2: '0.0', 3: '1.3572088082974538', 4: 586.3201821458078} 
{0: '0.5092592592592593', 1: '0.0', 2: '0.0', 3: '1.4426999059072143', 4: 580.565301311562} 
{0: '0.5080831408775982', 1: '0.0', 2: '0.0', 3: '1.4426999059072143', 4: 585.4152540229949} 
{0: '0.5092165898617511', 1: '0.0', 2: '0.0', 3: '1.3572088082974538', 4: 582.2844333193951} 
{0: '0.5103448275862069', 1: '0.0', 2: '0.0', 3: '1.2767837176518553', 4: 589.8650375671597} 
{0: '0.5091743119266054', 1: '0.0', 2: '0.0', 3: '1.2767837176518553', 4: 584.4798357713247} 
{0: '0.5102974828375286', 1: '0.0', 2: '0.0', 3: '1.3572088082974538', 4: 592.8247592323156} 
{0: '0.5114155251141552', 1: '0.0', 2: '0.0', 3: '1.4426999059072143', 4: 593.0248200916902} 
{0: '0.510250569476082', 1: '0.0', 2: '0.0', 3: '1.4426999059072143', 4: 587.9871461645731} 
{0: '0.509090909090909', 1: '0.0', 2: '0.0', 3: '1.4426999059072143', 4: 588.6990633686976} 
{0: '0.5079365079365079', 1: '0.0', 2: '0.0', 3: '1.4426999059072143', 4: 589.061310025609} 
{0: '0.5090497737556561', 1: '0.0', 2: '0.0', 3: '1.3572088082974538', 4: 592.0757451969965} 
{0: '0.5079006772009029', 1: '0.0', 2: '0.0', 3: '1.3572088082974538', 4: 585.8806993013303} 
{0: '0.509009009009009', 1: '0.0', 2: '0.0', 3: '1.4426999059072143', 4: 587.8007999900423} 
{0: '0.5078651685393258', 1: '0.0', 2: '0.0', 3: '1.4426999059072143', 4: 589.1177097728283} 
{0: '0.5067264573991032', 1: '0.0', 2: '0.0', 3: '1.4426999059072143', 4: 582.5873473133692} 
{0: '0.5055928411633109', 1: '0.0', 2: '0.0', 3: '1.4426999059072143', 4: 586.5877068919483} 
{0: '0.5066964285714286', 1: '0.0', 2: '0.0', 3: '1.3572088082974538', 4: 600.3125241635923} 
{0: '0.5055679287305123', 1: '0.0', 2: '0.0', 3: '1.3572088082974538', 4: 587.9556627298718} 
{0: '0.5066666666666667', 1: '0.0', 2: '0.0', 3: '1.4426999059072143', 4: 585.4600161034623} 
{0: '0.5055432372505543', 1: '0.0', 2: '0.0', 3: '1.4426999059072143', 4: 589.3290831856164} 
{0: '0.504424778761062', 1: '0.0', 2: '0.0', 3: '1.4426999059072143', 4: 583.5686324774778} 
{0: '0.5033112582781457', 1: '0.0', 2: '0.0', 3: '1.4426999059072143', 4: 582.1253427642831} 
{0: '0.5044052863436124', 1: '0.0', 2: '0.0', 3: '1.3572088082974538', 4: 585.4558595004187} 
{0: '0.5032967032967033', 1: '0.0', 2: '0.0', 3: '1.3572088082974538', 4: 585.0684087469255} 
{0: '0.5043859649122807', 1: '0.0', 2: '0.0', 3: '1.4426999059072143', 4: 583.9241564661592} 
{0: '0.5032822757111597', 1: '0.0', 2: '0.0', 3: '1.4426999059072143', 4: 586.5638967447882} 
{0: '0.5021834061135371', 1: '0.0', 2: '0.0', 3: '1.4426999059072143', 4: 582.4655955621154} 
{0: '0.5010893246187363', 1: '0.0', 2: '0.0', 3: '1.4426999059072143', 4: 586.3257006721495} 
{0: '0.5021739130434782', 1: '0.0', 2: '0.0', 3: '1.3572088082974538', 4: 584.4962805210589} 
{0: '0.5010845986984815', 1: '0.0', 2: '0.0', 3: '1.3572088082974538', 4: 589.3409556768129} 
{0: '0.5021645021645021', 1: '0.0', 2: '0.0', 3: '1.4426999059072143', 4: 587.8664764318465} 
{0: '0.5010799136069114', 1: '0.0', 2: '0.0', 3: '1.4426999059072143', 4: 586.8776729516761} 
{0: '0.5021551724137931', 1: '0.0', 2: '0.0', 3: '1.3572088082974538', 4: 585.3227816972936} 
{0: '0.5032258064516129', 1: '0.0', 2: '0.0', 3: '1.2767837176518553', 4: 584.3654145717823} 
{0: '0.5042918454935622', 1: '0.0', 2: '0.0', 3: '1.2011244339814315', 4: 583.7637167201568} 
{0: '0.5053533190578159', 1: '0.0', 2: '0.0', 3: '1.1299485464621188', 4: 581.7922588070508} 
{0: '0.5042735042735043', 1: '0.0', 2: '0.0', 3: '1.1299485464621188', 4: 582.6036943407659} 
{0: '0.5053304904051172', 1: '0.0', 2: '0.0', 3: '1.2011244339814315', 4: 587.1781172332154} 
{0: '0.5063829787234042', 1: '0.0', 2: '0.0', 3: '1.2767837176518553', 4: 589.6661989693971} 
{0: '0.5074309978768577', 1: '0.0', 2: '0.0', 3: '1.3572088082974538', 4: 588.997344454962} 
{0: '0.5084745762711864', 1: '0.0', 2: '0.0', 3: '1.4426999059072143', 4: 586.5430660559907} 
{0: '0.507399577167019', 1: '0.0', 2: '0.0', 3: '1.4426999059072143', 4: 590.9856925682197} 
{0: '0.5084388185654009', 1: '0.0', 2: '0.0', 3: '1.3572088082974538', 4: 586.5751460794103} 
{0: '0.5073684210526316', 1: '0.0', 2: '0.0', 3: '1.3572088082974538', 4: 586.8927160651501} 
{0: '0.5084033613445378', 1: '0.0', 2: '0.0', 3: '1.4426999059072143', 4: 582.4475712833588} 
{0: '0.5073375262054507', 1: '0.0', 2: '0.0', 3: '1.4426999059072143', 4: 586.9298943343579} 
{0: '0.5083682008368201', 1: '0.0', 2: '0.0', 3: '1.3572088082974538', 4: 587.6234501623362} 
{0: '0.5073068893528184', 1: '0.0', 2: '0.0', 3: '1.3572088082974538', 4: 583.1822491656352} 
{0: '0.5083333333333333', 1: '0.0', 2: '0.0', 3: '1.4426999059072143', 4: 591.4755411126944} 
{0: '0.5072765072765073', 1: '0.0', 2: '0.0', 3: '1.4426999059072143', 4: 585.3929497034468} 
{0: '0.508298755186722', 1: '0.0', 2: '0.0', 3: '1.3572088082974538', 4: 581.092968331422} 
{0: '0.5072463768115942', 1: '0.0', 2: '0.0', 3: '1.3572088082974538', 4: 586.7381729673247} 
{0: '0.5082644628099173', 1: '0.0', 2: '0.0', 3: '1.4426999059072143', 4: 588.8198702130903} 
{0: '0.5072164948453608', 1: '0.0', 2: '0.0', 3: '1.4426999059072143', 4: 585.705169919782} 
{0: '0.5082304526748971', 1: '0.0', 2: '0.0', 3: '1.3572088082974538', 4: 584.1000614380315} 
{0: '0.5092402464065708', 1: '0.0', 2: '0.0', 3: '1.2767837176518553', 4: 586.9583167939529} 
{0: '0.5081967213114754', 1: '0.0', 2: '0.0', 3: '1.2767837176518553', 4: 585.8771999869098} 
{0: '0.50920245398773', 1: '0.0', 2: '0.0', 3: '1.3572088082974538', 4: 591.154041281863} 
{0: '0.5102040816326531', 1: '0.0', 2: '0.0', 3: '1.4426999059072143', 4: 582.0780207136008} 
{0: '0.5091649694501018', 1: '0.0', 2: '0.0', 3: '1.4426999059072143', 4: 588.9091342726155} 
{0: '0.508130081300813', 1: '0.0', 2: '0.0', 3: '1.4426999059072143', 4: 585.0702265051185} 
{0: '0.5070993914807302', 1: '0.0', 2: '0.0', 3: '1.4426999059072143', 4: 591.1428708847568} 
{0: '0.5060728744939271', 1: '0.0', 2: '0.0', 3: '1.4426999059072143', 4: 600.1255756464805} 
{0: '0.5050505050505051', 1: '0.0', 2: '0.0', 3: '1.4426999059072143', 4: 588.2333835583532} 
{0: '0.5040322580645161', 1: '0.0', 2: '0.0', 3: '1.4426999059072143', 4: 587.3026613650727} 
{0: '0.5030181086519114', 1: '0.0', 2: '0.0', 3: '1.4426999059072143', 4: 583.2784925684724} 
{0: '0.5040160642570282', 1: '0.0', 2: '0.0', 3: '1.3572088082974538', 4: 585.1486782711954} 
{0: '0.503006012024048', 1: '0.0', 2: '0.0', 3: '1.3572088082974538', 4: 583.380265271279} 
