{'STAT2HEADER': 'STAT2HEADER', 'STAT2HEADER_ENVIRON': 'environ({\'OMPI_MCA_pmix\': \'^s1,s2,cray,isolated\', \'PMIX_MCA_mca_base_component_show_load_errors\': \'1\', \'OMPI_COMMAND\': \'python3\', \'OMPI_ARGV\': \'static_snapshot.py 2 1min\', \'OMPI_MCA_orte_precondition_transports\': \'3af789aeab8e9cd2-8eb43edb58f30b41\', \'LD_LIBRARY_PATH\': \'/salilab/diva1/programs/x86_64linux/numpy-py36-1.19.5/lib:/salilab/diva1/home/libs/x86_64/centos8:/salilab/diva1/home/libs/x86_64:/salilab/diva1/home/imp/main/20240607-af6f9d6a95/lib/release8:/salilab/diva1/programs/x86_64linux/opencv-4.3.0/lib64/rhel:/salilab/diva1/programs/x86_64linux/opencv-4.3.0/lib64:/salilab/diva1/programs/x86_64linux/hdf5-1.10.7/lib:/salilab/diva1/programs/x86_64linux/libtau-py27-1.0.1/lib64:/salilab/diva1/programs/x86_64linux/boost-1.73.0/lib64:/usr/lib64/openmpi/lib:/wynton/group/sali/miha_rozic/Software/imp-develop/build/lib::\', \'IMP_TMP_DIR\': \'/wynton/group/sali/miha_rozic/Software/imp-develop/build/tmp\', \'PE_HOSTFILE\': \'/var/spool/sge/wynton/qb3-id220/active_jobs/708592.1/pe_hostfile\', \'__LMOD_REF_COUNT_PATH\': \'/salilab/diva1/programs/x86_64linux/numpy-py36-1.19.5/bin:1;/salilab/diva1/home/imp/main/20240607-af6f9d6a95/bin/release8:1;/salilab/diva1/programs/x86_64linux/opencv-4.3.0/bin:1;/salilab/diva1/programs/x86_64linux/hdf5-1.10.7/bin:1;/usr/lib64/openmpi/bin:1;/wynton/home/sali/rozicmiha/.local/bin:1;/wynton/home/sali/rozicmiha/bin:1;/wynton/group/sali/miha_rozic/Software/imp-develop/build/bin:1;/wynton/group/sali/miha_rozic/Software/imp-develop/build/module_bin/EMageFit:1;/wynton/group/sali/miha_rozic/Software/imp-develop/build/module_bin/algebra:1;/wynton/group/sali/miha_rozic/Software/imp-develop/build/module_bin/atom:1;/wynton/group/sali/miha_rozic/Software/imp-develop/build/module_bin/benchmark:1;/wynton/group/sali/miha_rozic/Software/imp-develop/build/module_bin/cgal:1;/wynton/group/sali/miha_rozic/Software/imp-develop/build/module_bin/cnmultifit:1;/wynton/group/sali/miha_rozic/Software/imp-develop/build/module_bin/container:1;/wynton/group/sali/miha_rozic/Software/imp-develop/build/module_bin/core:1;/wynton/group/sali/miha_rozic/Software/imp-develop/build/module_bin/display:1;/wynton/group/sali/miha_rozic/Software/imp-develop/build/module_bin/domino:1;/wynton/group/sali/miha_rozic/Software/imp-develop/build/module_bin/em:1;/wynton/group/sali/miha_rozic/Software/imp-develop/build/module_bin/em2d:1;/wynton/group/sali/miha_rozic/Software/imp-develop/build/module_bin/example:1;/wynton/group/sali/miha_rozic/Software/imp-develop/build/module_bin/foxs:1;/wynton/group/sali/miha_rozic/Software/imp-develop/build/module_bin/gsl:1;/wynton/group/sali/miha_rozic/Software/imp-develop/build/module_bin/integrative_docking:1;/wynton/group/sali/miha_rozic/Software/imp-develop/build/module_bin/isd:1;/wynton/group/sali/miha_rozic/Software/imp-develop/build/module_bin/kernel:1;/wynton/group/sali/miha_rozic/Software/imp-develop/build/module_bin/kinematics:1;/wynton/group/sali/miha_rozic/Software/imp-develop/build/module_bin/kmeans:1;/wynton/group/sali/miha_rozic/Software/imp-develop/build/module_bin/misc:1;/wynton/group/sali/miha_rozic/Software/imp-develop/build/module_bin/mmcif:1;/wynton/group/sali/miha_rozic/Software/imp-develop/build/module_bin/modeller:1;/wynton/group/sali/miha_rozic/Software/imp-develop/build/module_bin/mpi:1;/wynton/group/sali/miha_rozic/Software/imp-develop/build/module_bin/multi_state:1;/wynton/group/sali/miha_rozic/Software/imp-develop/build/module_bin/multifit:1;/wynton/group/sali/miha_rozic/Software/imp-develop/build/module_bin/npc:1;/wynton/group/sali/miha_rozic/Software/imp-develop/build/module_bin/npcassembly:1;/wynton/group/sali/miha_rozic/Software/imp-develop/build/module_bin/parallel:1;/wynton/group/sali/miha_rozic/Software/imp-develop/build/module_bin/pepdock:1;/wynton/group/sali/miha_rozic/Software/imp-develop/build/module_bin/pmi:1;/wynton/group/sali/miha_rozic/Software/imp-develop/build/module_bin/rmf:1;/wynton/group/sali/miha_rozic/Software/imp-develop/build/module_bin/rotamer:1;/wynton/group/sali/miha_rozic/Software/imp-develop/build/module_bin/saxs:1;/wynton/group/sali/miha_rozic/Software/imp-develop/build/module_bin/saxs_merge:1;/wynton/group/sali/miha_rozic/Software/imp-develop/build/module_bin/score_functor:1;/wynton/group/sali/miha_rozic/Software/imp-develop/build/module_bin/scratch:1;/wynton/group/sali/miha_rozic/Software/imp-develop/build/module_bin/spb:1;/wynton/group/sali/miha_rozic/Software/imp-develop/build/module_bin/statistics:1;/wynton/group/sali/miha_rozic/Software/imp-develop/build/module_bin/symmetry:1;/wynton/group/sali/miha_rozic/Software/imp-develop/build/module_bin/test:1;/opt/sge/bin:1;/opt/sge/bin/lx-amd64:1;/scratch/708592.1.long.q:1;/usr/local/bin:1;/bin:1;/usr/bin:1;/usr/local/sbin:1;/usr/sbin:1\', \'_ModuleTable002_\': \'fSwKc3RhY2tEZXB0aCA9IDEsCnN0YXR1cyA9ICJhY3RpdmUiLAp1c2VyTmFtZSA9ICJib29zdC8xLjczLjAiLAp3ViA9ICIwMDAwMDAwMDEuMDAwMDAwMDczLip6ZmluYWwiLAp9LApoZGY1ID0gewpmbiA9ICIvc2FsaWxhYi9kaXZhMS9ob21lL21vZHVsZXMvaGRmNS8xLjEwLjciLApmdWxsTmFtZSA9ICJoZGY1LzEuMTAuNyIsCmxvYWRPcmRlciA9IDUsCnByb3BUID0ge30sCnN0YWNrRGVwdGggPSAyLApzdGF0dXMgPSAiYWN0aXZlIiwKdXNlck5hbWUgPSAiaGRmNS8xLjEwLjciLAp3ViA9ICIwMDAwMDAwMDEuMDAwMDAwMDEwLjAwMDAwMDAwNy4qemZpbmFsIiwKfSwKaW1wID0gewpmbiA9ICIvc2FsaWxhYi9kaXZhMS9ob21lL21vZHVsZXMvaW1wLzIuMjEuMCIsCmZ1bGxO\', \'IMP_DIR\': \'/salilab/diva1/home/imp/main/20240607-af6f9d6a95/lib/release8/cmake/IMP\', \'QUEUE\': \'long.q\', \'GOTO_NUM_THREADS\': \'1\', \'MPI_PYTHON3_SITEARCH\': \'/usr/lib64/python3.6/site-packages/openmpi\', \'LANG\': \'en_US.UTF-8\', \'HISTCONTROL\': \'ignoredups\', \'_ModuleTable008_\': \'cyIsCmZ1bGxOYW1lID0gInNhbGktbGlicmFyaWVzIiwKbG9hZE9yZGVyID0gOCwKcHJvcFQgPSB7fSwKc3RhY2tEZXB0aCA9IDEsCnN0YXR1cyA9ICJhY3RpdmUiLAp1c2VyTmFtZSA9ICJzYWxpLWxpYnJhcmllcyIsCndWID0gIk0uKnpmaW5hbCIsCn0sCn0sCm1wYXRoQSA9IHsKIi9zYWxpbGFiL2RpdmExL2hvbWUvbW9kdWxlcyIsICIvZXRjL21vZHVsZWZpbGVzIiwgIi91c3Ivc2hhcmUvbW9kdWxlZmlsZXMiCiwgIi91c3Ivc2hhcmUvbW9kdWxlZmlsZXMvTGludXgiLCAiL3Vzci9zaGFyZS9tb2R1bGVmaWxlcy9Db3JlIiwgIi91c3Ivc2hhcmUvbG1vZC9sbW9kL21vZHVsZWZpbGVzL0NvcmUiLAp9LApzeXN0ZW1CYXNlTVBBVEggPSAiL2V0Yy9tb2R1bGVmaWxlczovdXNy\', \'SGE_O_HOST\': \'dev1\', \'HOSTNAME\': \'qb3-id220.wynton.ucsf.edu\', \'OPENBLAS_NUM_THREADS\': \'1\', \'__LMOD_REF_COUNT_CMAKE_INCLUDE_PATH\': \'/salilab/diva1/programs/x86_64linux/opencv-4.3.0/include/opencv4:1;/salilab/diva1/programs/x86_64linux/hdf5-1.10.7/include:1;/salilab/diva1/programs/x86_64linux/libtau-py27-1.0.1/include:1;/salilab/diva1/programs/x86_64linux/boost-1.73.0/include:1\', \'SGE_RSH_COMMAND\': \'builtin\', \'ENVIRONMENT\': \'BATCH\', \'IMP_DATA\': \'/wynton/group/sali/miha_rozic/Software/imp-develop/build/data\', \'REQUEST\': \'test1\', \'SGE_STDIN_PATH\': \'/dev/null\', \'SGE_CELL\': \'wynton\', \'_ModuleTable007_\': \'MjEuMyIsCndWID0gIjAwMDAwMDAwMC4wMDAwMDAwMjEuMDAwMDAwMDAzLip6ZmluYWwiLAp9LApbInB5dGhvbjMvc2NpcHkiXSA9IHsKZm4gPSAiL3NhbGlsYWIvZGl2YTEvaG9tZS9tb2R1bGVzL3B5dGhvbjMvc2NpcHkvMS4zLjIiLApmdWxsTmFtZSA9ICJweXRob24zL3NjaXB5LzEuMy4yIiwKbG9hZE9yZGVyID0gMTAsCnByb3BUID0ge30sCnN0YWNrRGVwdGggPSAxLApzdGF0dXMgPSAiYWN0aXZlIiwKdXNlck5hbWUgPSAicHl0aG9uMy9zY2lweS8xLjMuMiIsCndWID0gIjAwMDAwMDAwMS4wMDAwMDAwMDMuMDAwMDAwMDAyLip6ZmluYWwiLAp9LApbInNhbGktbGlicmFyaWVzIl0gPSB7CmZuID0gIi9zYWxpbGFiL2RpdmExL2hvbWUvbW9kdWxlcy9zYWxpLWxpYnJhcmll\', \'CMAKE_INCLUDE_PATH\': \'/salilab/diva1/programs/x86_64linux/opencv-4.3.0/include/opencv4:/salilab/diva1/programs/x86_64linux/hdf5-1.10.7/include:/salilab/diva1/programs/x86_64linux/libtau-py27-1.0.1/include:/salilab/diva1/programs/x86_64linux/boost-1.73.0/include\', \'__LMOD_REF_COUNT_LD_LIBRARY_PATH\': \'/salilab/diva1/programs/x86_64linux/numpy-py36-1.19.5/lib:1;/salilab/diva1/home/libs/x86_64/centos8:1;/salilab/diva1/home/libs/x86_64:1;/salilab/diva1/home/imp/main/20240607-af6f9d6a95/lib/release8:1;/salilab/diva1/programs/x86_64linux/opencv-4.3.0/lib64/rhel:1;/salilab/diva1/programs/x86_64linux/opencv-4.3.0/lib64:1;/salilab/diva1/programs/x86_64linux/hdf5-1.10.7/lib:1;/salilab/diva1/programs/x86_64linux/libtau-py27-1.0.1/lib64:1;/salilab/diva1/programs/x86_64linux/boost-1.73.0/lib64:1;/usr/lib64/openmpi/lib:1;/wynton/group/sali/miha_rozic/Software/imp-develop/build/lib:2;:1\', \'__LMOD_REF_COUNT_PKG_CONFIG_PATH\': \'/usr/lib64/openmpi/lib/pkgconfig:1\', \'_ModuleTable004_\': \'aGFyZS9tb2R1bGVmaWxlcy9tcGkvb3Blbm1waS14ODZfNjQiLApmdWxsTmFtZSA9ICJtcGkvb3Blbm1waS14ODZfNjQiLApsb2FkT3JkZXIgPSAyLApwcm9wVCA9IHt9LApzdGFja0RlcHRoID0gMCwKc3RhdHVzID0gImFjdGl2ZSIsCnVzZXJOYW1lID0gIm1waS9vcGVubXBpLXg4Nl82NCIsCndWID0gIipvcGVubXBpLip4LjAwMDAwMDA4Ni4qXy4wMDAwMDAwNjQuKnpmaW5hbCIsCn0sCm9wZW5jdiA9IHsKZm4gPSAiL3NhbGlsYWIvZGl2YTEvaG9tZS9tb2R1bGVzL29wZW5jdi80LjMuMCIsCmZ1bGxOYW1lID0gIm9wZW5jdi80LjMuMCIsCmxvYWRPcmRlciA9IDYsCnByb3BUID0ge30sCnN0YWNrRGVwdGggPSAxLApzdGF0dXMgPSAiYWN0aXZlIiwKdXNlck5hbWUgPSAib3Bl\', \'__LMOD_REF_COUNT_PYTHONPATH\': \'/salilab/diva1/programs/x86_64linux/scikit-py36-0.21.3/lib64/python3.6/site-packages:1;/salilab/diva1/programs/linux/joblib-0.17.0/lib/python3.6/site-packages:1;/salilab/diva1/programs/x86_64linux/scipy-py36-1.3.2/lib64/python3.6/site-packages:1;/salilab/diva1/programs/x86_64linux/numpy-py36-1.19.5/lib64/python3.6/site-packages:1;/salilab/diva1/home/imp/main/20240607-af6f9d6a95/lib/release8:1;/salilab/diva1/programs/x86_64linux/opencv-4.3.0/lib/python3.6/site-packages:1;/wynton/group/sali/miha_rozic/Software/imp-develop/build/lib:2;:1\', \'which_declare\': \'declare -f\', \'NHOSTS\': \'1\', \'SGE_O_WORKDIR\': \'/wynton/group/sali/miha_rozic/Input_information/SNAPSHOTS/central_directory/snapshot2_1min/run23\', \'USER\': \'rozicmiha\', \'SGE_TASK_ID\': \'undefined\', \'__LMOD_REF_COUNT_CMAKE_LIBRARY_PATH\': \'/salilab/diva1/programs/x86_64linux/opencv-4.3.0/lib64:1;/salilab/diva1/programs/x86_64linux/hdf5-1.10.7/lib:1;/salilab/diva1/programs/x86_64linux/libtau-py27-1.0.1/lib64:1;/salilab/diva1/programs/x86_64linux/boost-1.73.0/lib64:1\', \'SGE_TASK_FIRST\': \'undefined\', \'NSLOTS\': \'16\', \'__LMOD_REF_COUNT_MODULEPATH\': \'/salilab/diva1/home/modules:1;/etc/modulefiles:1;/usr/share/modulefiles:1;/usr/share/modulefiles/Linux:1;/usr/share/modulefiles/Core:1;/usr/share/lmod/lmod/modulefiles/Core:1\', \'PWD\': \'/wynton/group/sali/miha_rozic/Input_information/SNAPSHOTS/central_directory/snapshot2_1min/run23\', \'HOME\': \'/wynton/home/sali/rozicmiha\', \'NQUEUES\': \'2\', \'TMP\': \'/scratch/708592.1.long.q\', \'PE\': \'smp\', \'SGE_O_HOME\': \'/wynton/home/sali/rozicmiha\', \'LMOD_VERSION\': \'8.7.32\', \'JOB_NAME\': \'test1\', \'BASH_ENV\': \'/usr/share/lmod/lmod/init/bash\', \'MPI_FORTRAN_MOD_DIR\': \'/usr/lib64/gfortran/modules/openmpi\', \'SGE_TASK_LAST\': \'undefined\', \'MKL_NUM_THREADS\': \'1\', \'MPI_COMPILER\': \'openmpi-x86_64\', \'SGE_ACCOUNT\': \'sge\', \'SGE_ROOT\': \'/opt/sge\', \'MPI_SUFFIX\': \'_openmpi\', \'TMPDIR\': \'/scratch/708592.1.long.q\', \'RESTARTED\': \'0\', \'LMOD_sys\': \'Linux\', \'_ModuleTable001_\': \'X01vZHVsZVRhYmxlXyA9IHsKTVR2ZXJzaW9uID0gMywKY19yZWJ1aWxkVGltZSA9IGZhbHNlLApjX3Nob3J0VGltZSA9IGZhbHNlLApkZXB0aFQgPSB7fSwKZmFtaWx5ID0ge30sCm1UID0gewpTYWxpID0gewpmbiA9ICIvZXRjL21vZHVsZWZpbGVzL1NhbGkubHVhIiwKZnVsbE5hbWUgPSAiU2FsaSIsCmxvYWRPcmRlciA9IDEsCnByb3BUID0ge30sCnN0YWNrRGVwdGggPSAwLApzdGF0dXMgPSAiYWN0aXZlIiwKdXNlck5hbWUgPSAiU2FsaSIsCndWID0gIk0uKnpmaW5hbCIsCn0sCmJvb3N0ID0gewpmbiA9ICIvc2FsaWxhYi9kaXZhMS9ob21lL21vZHVsZXMvYm9vc3QvMS43My4wIiwKZnVsbE5hbWUgPSAiYm9vc3QvMS43My4wIiwKbG9hZE9yZGVyID0gMywKcHJvcFQgPSB7\', \'LOADEDMODULES\': \'Sali:mpi/openmpi-x86_64:boost/1.73.0:libtau/1.0.1:hdf5/1.10.7:opencv/4.3.0:imp/2.21.0:sali-libraries:python3/numpy/1.19.5:python3/scipy/1.3.2:python3/joblib/0.17.0:python3/scikit/0.21.3\', \'SGE_O_PATH\': \'/salilab/diva1/programs/x86_64linux/numpy-py36-1.19.5/bin:/salilab/diva1/home/imp/main/20240607-af6f9d6a95/bin/release8:/salilab/diva1/programs/x86_64linux/opencv-4.3.0/bin:/salilab/diva1/programs/x86_64linux/hdf5-1.10.7/bin:/wynton/home/sali/rozicmiha/.local/bin:/wynton/home/sali/rozicmiha/bin:/wynton/group/sali/miha_rozic/Software/imp-develop/build/bin:/wynton/group/sali/miha_rozic/Software/imp-develop/build/module_bin/EMageFit:/wynton/group/sali/miha_rozic/Software/imp-develop/build/module_bin/algebra:/wynton/group/sali/miha_rozic/Software/imp-develop/build/module_bin/atom:/wynton/group/sali/miha_rozic/Software/imp-develop/build/module_bin/benchmark:/wynton/group/sali/miha_rozic/Software/imp-develop/build/module_bin/cgal:/wynton/group/sali/miha_rozic/Software/imp-develop/build/module_bin/cnmultifit:/wynton/group/sali/miha_rozic/Software/imp-develop/build/module_bin/container:/wynton/group/sali/miha_rozic/Software/imp-develop/build/module_bin/core:/wynton/group/sali/miha_rozic/Software/imp-develop/build/module_bin/display:/wynton/group/sali/miha_rozic/Software/imp-develop/build/module_bin/domino:/wynton/group/sali/miha_rozic/Software/imp-develop/build/module_bin/em:/wynton/group/sali/miha_rozic/Software/imp-develop/build/module_bin/em2d:/wynton/group/sali/miha_rozic/Software/imp-develop/build/module_bin/example:/wynton/group/sali/miha_rozic/Software/imp-develop/build/module_bin/foxs:/wynton/group/sali/miha_rozic/Software/imp-develop/build/module_bin/gsl:/wynton/group/sali/miha_rozic/Software/imp-develop/build/module_bin/integrative_docking:/wynton/group/sali/miha_rozic/Software/imp-develop/build/module_bin/isd:/wynton/group/sali/miha_rozic/Software/imp-develop/build/module_bin/kernel:/wynton/group/sali/miha_rozic/Software/imp-develop/build/module_bin/kinematics:/wynton/group/sali/miha_rozic/Software/imp-develop/build/module_bin/kmeans:/wynton/group/sali/miha_rozic/Software/imp-develop/build/module_bin/misc:/wynton/group/sali/miha_rozic/Software/imp-develop/build/module_bin/mmcif:/wynton/group/sali/miha_rozic/Software/imp-develop/build/module_bin/modeller:/wynton/group/sali/miha_rozic/Software/imp-develop/build/module_bin/mpi:/wynton/group/sali/miha_rozic/Software/imp-develop/build/module_bin/multi_state:/wynton/group/sali/miha_rozic/Software/imp-develop/build/module_bin/multifit:/wynton/group/sali/miha_rozic/Software/imp-develop/build/module_bin/npc:/wynton/group/sali/miha_rozic/Software/imp-develop/build/module_bin/npcassembly:/wynton/group/sali/miha_rozic/Software/imp-develop/build/module_bin/parallel:/wynton/group/sali/miha_rozic/Software/imp-develop/build/module_bin/pepdock:/wynton/group/sali/miha_rozic/Software/imp-develop/build/module_bin/pmi:/wynton/group/sali/miha_rozic/Software/imp-develop/build/module_bin/rmf:/wynton/group/sali/miha_rozic/Software/imp-develop/build/module_bin/rotamer:/wynton/group/sali/miha_rozic/Software/imp-develop/build/module_bin/saxs:/wynton/group/sali/miha_rozic/Software/imp-develop/build/module_bin/saxs_merge:/wynton/group/sali/miha_rozic/Software/imp-develop/build/module_bin/score_functor:/wynton/group/sali/miha_rozic/Software/imp-develop/build/module_bin/scratch:/wynton/group/sali/miha_rozic/Software/imp-develop/build/module_bin/spb:/wynton/group/sali/miha_rozic/Software/imp-develop/build/module_bin/statistics:/wynton/group/sali/miha_rozic/Software/imp-develop/build/module_bin/symmetry:/wynton/group/sali/miha_rozic/Software/imp-develop/build/module_bin/test:/opt/sge/bin:/opt/sge/bin/lx-amd64:/usr/local/bin:/usr/bin:/usr/local/sbin:/usr/sbin\', \'SGE_O_SHELL\': \'/bin/bash\', \'_ModuleTable006_\': \'bWUgPSAicHl0aG9uMy9udW1weS8xLjE5LjUiLApsb2FkT3JkZXIgPSA5LApwcm9wVCA9IHt9LApzdGFja0RlcHRoID0gMiwKc3RhdHVzID0gImFjdGl2ZSIsCnVzZXJOYW1lID0gInB5dGhvbjMvbnVtcHkvMS4xOS41IiwKd1YgPSAiMDAwMDAwMDAxLjAwMDAwMDAxOS4wMDAwMDAwMDUuKnpmaW5hbCIsCn0sClsicHl0aG9uMy9zY2lraXQiXSA9IHsKZm4gPSAiL3NhbGlsYWIvZGl2YTEvaG9tZS9tb2R1bGVzL3B5dGhvbjMvc2Npa2l0LzAuMjEuMyIsCmZ1bGxOYW1lID0gInB5dGhvbjMvc2Npa2l0LzAuMjEuMyIsCmxvYWRPcmRlciA9IDEyLApwcm9wVCA9IHt9LApzdGFja0RlcHRoID0gMCwKc3RhdHVzID0gImFjdGl2ZSIsCnVzZXJOYW1lID0gInB5dGhvbjMvc2Npa2l0LzAu\', \'__LMOD_REF_COUNT_MANPATH\': \':2;/usr/share/man/openmpi-x86_64:1;/opt/sge/man:1;/usr/share/lmod/lmod/share/man:1\', \'MPI_INCLUDE\': \'/usr/include/openmpi-x86_64\', \'_ModuleTable003_\': \'YW1lID0gImltcC8yLjIxLjAiLApsb2FkT3JkZXIgPSA3LApwcm9wVCA9IHt9LApzdGFja0RlcHRoID0gMCwKc3RhdHVzID0gImFjdGl2ZSIsCnVzZXJOYW1lID0gImltcCIsCndWID0gIl4wMDAwMDAwMi4wMDAwMDAwMjEuKnpmaW5hbCIsCn0sCmxpYnRhdSA9IHsKZm4gPSAiL3NhbGlsYWIvZGl2YTEvaG9tZS9tb2R1bGVzL2xpYnRhdS8xLjAuMSIsCmZ1bGxOYW1lID0gImxpYnRhdS8xLjAuMSIsCmxvYWRPcmRlciA9IDQsCnByb3BUID0ge30sCnN0YWNrRGVwdGggPSAxLApzdGF0dXMgPSAiYWN0aXZlIiwKdXNlck5hbWUgPSAibGlidGF1LzEuMC4xIiwKd1YgPSAiMDAwMDAwMDAxLjAwMDAwMDAwMC4wMDAwMDAwMDEuKnpmaW5hbCIsCn0sCm1waSA9IHsKZm4gPSAiL3Vzci9z\', \'LMOD_ROOT\': \'/usr/share/lmod\', \'SYSTEMCTL_SKIP_REDIRECT\': \'\', \'MAIL\': \'/var/spool/mail/rozicmiha\', \'SGE_CWD_PATH\': \'/wynton/group/sali/miha_rozic/Input_information/SNAPSHOTS/central_directory/snapshot2_1min/run23\', \'MPI_HOME\': \'/usr/lib64/openmpi\', \'_ModuleTable009_\': \'L3NoYXJlL21vZHVsZWZpbGVzOi91c3Ivc2hhcmUvbW9kdWxlZmlsZXMvTGludXg6L3Vzci9zaGFyZS9tb2R1bGVmaWxlcy9Db3JlOi91c3Ivc2hhcmUvbG1vZC9sbW9kL21vZHVsZWZpbGVzL0NvcmUiLAp9Cg==\', \'SGE_TASK_STEPSIZE\': \'undefined\', \'SHELL\': \'/bin/bash\', \'TERM\': \'\', \'_ModuleTable_Sz_\': \'9\', \'SGE_JOB_SPOOL_DIR\': \'/var/spool/sge/wynton/qb3-id220/active_jobs/708592.1\', \'JOB_ID\': \'708592\', \'IMP_EXAMPLE_DATA\': \'/wynton/group/sali/miha_rozic/Software/imp-develop/build/doc/examples\', \'R_FUTURE_AVAILABLECORES_FALLBACK\': \'1\', \'JOB_SCRIPT\': \'/var/spool/sge/wynton/qb3-id220/job_scripts/708592\', \'SHLVL\': \'2\', \'SGE_O_LOGNAME\': \'rozicmiha\', \'SGE_O_MAIL\': \'/var/spool/mail/rozicmiha\', \'PYTHONPATH\': \'/salilab/diva1/programs/x86_64linux/scikit-py36-0.21.3/lib64/python3.6/site-packages:/salilab/diva1/programs/linux/joblib-0.17.0/lib/python3.6/site-packages:/salilab/diva1/programs/x86_64linux/scipy-py36-1.3.2/lib64/python3.6/site-packages:/salilab/diva1/programs/x86_64linux/numpy-py36-1.19.5/lib64/python3.6/site-packages:/salilab/diva1/home/imp/main/20240607-af6f9d6a95/lib/release8:/salilab/diva1/programs/x86_64linux/opencv-4.3.0/lib/python3.6/site-packages:/wynton/group/sali/miha_rozic/Software/imp-develop/build/lib::\', \'MANPATH\': \':/usr/share/man/openmpi-x86_64:/opt/sge/man:/usr/share/lmod/lmod/share/man\', \'MODULEPATH\': \'/salilab/diva1/home/modules:/etc/modulefiles:/usr/share/modulefiles:/usr/share/modulefiles/Linux:/usr/share/modulefiles/Core:/usr/share/lmod/lmod/modulefiles/Core\', \'MPI_SYSCONFIG\': \'/etc/openmpi-x86_64\', \'LOGNAME\': \'rozicmiha\', \'SYSTEMCTL_IGNORE_DEPENDENCIES\': \'\', \'MODULEPATH_ROOT\': \'/usr/share/modulefiles\', \'PATH\': \'/salilab/diva1/programs/x86_64linux/numpy-py36-1.19.5/bin:/salilab/diva1/home/imp/main/20240607-af6f9d6a95/bin/release8:/salilab/diva1/programs/x86_64linux/opencv-4.3.0/bin:/salilab/diva1/programs/x86_64linux/hdf5-1.10.7/bin:/usr/lib64/openmpi/bin:/wynton/home/sali/rozicmiha/.local/bin:/wynton/home/sali/rozicmiha/bin:/wynton/group/sali/miha_rozic/Software/imp-develop/build/bin:/wynton/group/sali/miha_rozic/Software/imp-develop/build/module_bin/EMageFit:/wynton/group/sali/miha_rozic/Software/imp-develop/build/module_bin/algebra:/wynton/group/sali/miha_rozic/Software/imp-develop/build/module_bin/atom:/wynton/group/sali/miha_rozic/Software/imp-develop/build/module_bin/benchmark:/wynton/group/sali/miha_rozic/Software/imp-develop/build/module_bin/cgal:/wynton/group/sali/miha_rozic/Software/imp-develop/build/module_bin/cnmultifit:/wynton/group/sali/miha_rozic/Software/imp-develop/build/module_bin/container:/wynton/group/sali/miha_rozic/Software/imp-develop/build/module_bin/core:/wynton/group/sali/miha_rozic/Software/imp-develop/build/module_bin/display:/wynton/group/sali/miha_rozic/Software/imp-develop/build/module_bin/domino:/wynton/group/sali/miha_rozic/Software/imp-develop/build/module_bin/em:/wynton/group/sali/miha_rozic/Software/imp-develop/build/module_bin/em2d:/wynton/group/sali/miha_rozic/Software/imp-develop/build/module_bin/example:/wynton/group/sali/miha_rozic/Software/imp-develop/build/module_bin/foxs:/wynton/group/sali/miha_rozic/Software/imp-develop/build/module_bin/gsl:/wynton/group/sali/miha_rozic/Software/imp-develop/build/module_bin/integrative_docking:/wynton/group/sali/miha_rozic/Software/imp-develop/build/module_bin/isd:/wynton/group/sali/miha_rozic/Software/imp-develop/build/module_bin/kernel:/wynton/group/sali/miha_rozic/Software/imp-develop/build/module_bin/kinematics:/wynton/group/sali/miha_rozic/Software/imp-develop/build/module_bin/kmeans:/wynton/group/sali/miha_rozic/Software/imp-develop/build/module_bin/misc:/wynton/group/sali/miha_rozic/Software/imp-develop/build/module_bin/mmcif:/wynton/group/sali/miha_rozic/Software/imp-develop/build/module_bin/modeller:/wynton/group/sali/miha_rozic/Software/imp-develop/build/module_bin/mpi:/wynton/group/sali/miha_rozic/Software/imp-develop/build/module_bin/multi_state:/wynton/group/sali/miha_rozic/Software/imp-develop/build/module_bin/multifit:/wynton/group/sali/miha_rozic/Software/imp-develop/build/module_bin/npc:/wynton/group/sali/miha_rozic/Software/imp-develop/build/module_bin/npcassembly:/wynton/group/sali/miha_rozic/Software/imp-develop/build/module_bin/parallel:/wynton/group/sali/miha_rozic/Software/imp-develop/build/module_bin/pepdock:/wynton/group/sali/miha_rozic/Software/imp-develop/build/module_bin/pmi:/wynton/group/sali/miha_rozic/Software/imp-develop/build/module_bin/rmf:/wynton/group/sali/miha_rozic/Software/imp-develop/build/module_bin/rotamer:/wynton/group/sali/miha_rozic/Software/imp-develop/build/module_bin/saxs:/wynton/group/sali/miha_rozic/Software/imp-develop/build/module_bin/saxs_merge:/wynton/group/sali/miha_rozic/Software/imp-develop/build/module_bin/score_functor:/wynton/group/sali/miha_rozic/Software/imp-develop/build/module_bin/scratch:/wynton/group/sali/miha_rozic/Software/imp-develop/build/module_bin/spb:/wynton/group/sali/miha_rozic/Software/imp-develop/build/module_bin/statistics:/wynton/group/sali/miha_rozic/Software/imp-develop/build/module_bin/symmetry:/wynton/group/sali/miha_rozic/Software/imp-develop/build/module_bin/test:/opt/sge/bin:/opt/sge/bin/lx-amd64:/scratch/708592.1.long.q:/usr/local/bin:/bin:/usr/bin:/usr/local/sbin:/usr/sbin\', \'MPI_BIN\': \'/usr/lib64/openmpi/bin\', \'SGE_STDERR_PATH\': \'/wynton/group/sali/miha_rozic/Input_information/SNAPSHOTS/central_directory/snapshot2_1min/run23/test1.o708592\', \'_LMFILES_\': \'/etc/modulefiles/Sali.lua:/usr/share/modulefiles/mpi/openmpi-x86_64:/salilab/diva1/home/modules/boost/1.73.0:/salilab/diva1/home/modules/libtau/1.0.1:/salilab/diva1/home/modules/hdf5/1.10.7:/salilab/diva1/home/modules/opencv/4.3.0:/salilab/diva1/home/modules/imp/2.21.0:/salilab/diva1/home/modules/sali-libraries:/salilab/diva1/home/modules/python3/numpy/1.19.5:/salilab/diva1/home/modules/python3/scipy/1.3.2:/salilab/diva1/home/modules/python3/joblib/0.17.0:/salilab/diva1/home/modules/python3/scikit/0.21.3\', \'DEBUGINFOD_URLS\': \'https://debuginfod.centos.org/ \', \'MODULESHOME\': \'/usr/share/lmod/lmod\', \'PKG_CONFIG_PATH\': \'/usr/lib64/openmpi/lib/pkgconfig\', \'LMOD_SETTARG_FULL_SUPPORT\': \'no\', \'HISTSIZE\': \'1000\', \'SGE_ARCH\': \'lx-amd64\', \'LMOD_PKG\': \'/usr/share/lmod/lmod\', \'CMAKE_LIBRARY_PATH\': \'/salilab/diva1/programs/x86_64linux/opencv-4.3.0/lib64:/salilab/diva1/programs/x86_64linux/hdf5-1.10.7/lib:/salilab/diva1/programs/x86_64linux/libtau-py27-1.0.1/lib64:/salilab/diva1/programs/x86_64linux/boost-1.73.0/lib64\', \'ARC\': \'lx-amd64\', \'MPI_LIB\': \'/usr/lib64/openmpi/lib\', \'SGE_BINARY_PATH\': \'/opt/sge/bin/lx-amd64\', \'SGE_STDOUT_PATH\': \'/wynton/group/sali/miha_rozic/Input_information/SNAPSHOTS/central_directory/snapshot2_1min/run23/test1.o708592\', \'_ModuleTable005_\': \'bmN2LzQuMy4wIiwKd1YgPSAiMDAwMDAwMDA0LjAwMDAwMDAwMy4qemZpbmFsIiwKfSwKWyJweXRob24zL2pvYmxpYiJdID0gewpmbiA9ICIvc2FsaWxhYi9kaXZhMS9ob21lL21vZHVsZXMvcHl0aG9uMy9qb2JsaWIvMC4xNy4wIiwKZnVsbE5hbWUgPSAicHl0aG9uMy9qb2JsaWIvMC4xNy4wIiwKbG9hZE9yZGVyID0gMTEsCnByb3BUID0ge30sCnN0YWNrRGVwdGggPSAxLApzdGF0dXMgPSAiYWN0aXZlIiwKdXNlck5hbWUgPSAicHl0aG9uMy9qb2JsaWIiLAp3ViA9ICIwMDAwMDAwMDAuMDAwMDAwMDE3Lip6ZmluYWwiLAp9LApbInB5dGhvbjMvbnVtcHkiXSA9IHsKZm4gPSAiL3NhbGlsYWIvZGl2YTEvaG9tZS9tb2R1bGVzL3B5dGhvbjMvbnVtcHkvMS4xOS41IiwKZnVsbE5h\', \'LMOD_CMD\': \'/usr/share/lmod/lmod/libexec/lmod\', \'REQNAME\': \'test1\', \'IMP_BIN_DIR\': \'/wynton/group/sali/miha_rozic/Software/imp-develop/build/bin\', \'MPI_MAN\': \'/usr/share/man/openmpi-x86_64\', \'LESSOPEN\': \'||/usr/bin/lesspipe.sh %s\', \'OMP_NUM_THREADS\': \'1\', \'SGE_CLUSTER_NAME\': \'wynton_cluster\', \'LMOD_DIR\': \'/usr/share/lmod/lmod/libexec\', \'BASH_FUNC_which%%\': \'() {  ( alias;\\n eval ${which_declare} ) | /usr/bin/which --tty-only --read-alias --read-functions --show-tilde --show-dot $@\\n}\', \'BASH_FUNC_module%%\': \'() {  if [ -z "${LMOD_SH_DBG_ON+x}" ]; then\\n case "$-" in \\n *v*x*)\\n __lmod_sh_dbg=\\\'vx\\\'\\n ;;\\n *v*)\\n __lmod_sh_dbg=\\\'v\\\'\\n ;;\\n *x*)\\n __lmod_sh_dbg=\\\'x\\\'\\n ;;\\n esac;\\n fi;\\n if [ -n "${__lmod_sh_dbg:-}" ]; then\\n set +$__lmod_sh_dbg;\\n echo "Shell debugging temporarily silenced: export LMOD_SH_DBG_ON=1 for Lmod\\\'s output" 1>&2;\\n fi;\\n eval "$($LMOD_CMD shell "$@")" && eval "$(${LMOD_SETTARG_CMD:-:} -s sh)";\\n __lmod_my_status=$?;\\n if [ -n "${__lmod_sh_dbg:-}" ]; then\\n echo "Shell debugging restarted" 1>&2;\\n set -$__lmod_sh_dbg;\\n fi;\\n unset __lmod_sh_dbg;\\n return $__lmod_my_status\\n}\', \'BASH_FUNC_ml%%\': \'() {  eval "$($LMOD_DIR/ml_cmd "$@")"\\n}\', \'_\': \'/usr/lib64/openmpi/bin/mpirun\', \'IPATH_NO_BACKTRACE\': \'1\', \'HFI_NO_BACKTRACE\': \'1\', \'OMPI_MCA_orte_local_daemon_uri\': \'3959554048.0;tcp://172.26.38.220:60749\', \'OMPI_MCA_orte_hnp_uri\': \'3959554048.0;tcp://172.26.38.220:60749\', \'OMPI_MCA_mpi_oversubscribe\': \'0\', \'OMPI_MCA_orte_app_num\': \'0\', \'OMPI_UNIVERSE_SIZE\': \'16\', \'OMPI_MCA_orte_num_nodes\': \'1\', \'OMPI_MCA_shmem_RUNTIME_QUERY_hint\': \'mmap\', \'OMPI_MCA_orte_bound_at_launch\': \'1\', \'OMPI_MCA_ess\': \'^singleton\', \'OMPI_MCA_orte_ess_num_procs\': \'16\', \'OMPI_COMM_WORLD_SIZE\': \'16\', \'OMPI_COMM_WORLD_LOCAL_SIZE\': \'16\', \'OMPI_MCA_orte_tmpdir_base\': \'/scratch/708592.1.long.q\', \'OMPI_MCA_orte_top_session_dir\': \'/scratch/708592.1.long.q/ompi.qb3-id220.11149\', \'OMPI_MCA_orte_jobfam_session_dir\': \'/scratch/708592.1.long.q/ompi.qb3-id220.11149/pid.2748609\', \'OMPI_NUM_APP_CTX\': \'1\', \'OMPI_FIRST_RANKS\': \'0\', \'OMPI_APP_CTX_NUM_PROCS\': \'16\', \'OMPI_MCA_initial_wdir\': \'/wynton/group/sali/miha_rozic/Input_information/SNAPSHOTS/central_directory/snapshot2_1min/run23\', \'OMPI_MCA_orte_launch\': \'1\', \'PMIX_NAMESPACE\': \'3959554049\', \'PMIX_RANK\': \'14\', \'PMIX_SERVER_URI2\': \'3959554048.0;tcp4://127.0.0.1:34683\', \'PMIX_SERVER_URI21\': \'3959554048.0;tcp4://127.0.0.1:34683\', \'PMIX_SECURITY_MODE\': \'native,none\', \'PMIX_PTL_MODULE\': \'tcp,usock\', \'PMIX_BFROP_BUFFER_TYPE\': \'PMIX_BFROP_BUFFER_NON_DESC\', \'PMIX_GDS_MODULE\': \'ds21,ds12,hash\', \'PMIX_SERVER_TMPDIR\': \'/scratch/708592.1.long.q/ompi.qb3-id220.11149/pid.2748609\', \'PMIX_SYSTEM_TMPDIR\': \'/scratch/708592.1.long.q\', \'PMIX_DSTORE_21_BASE_PATH\': \'/scratch/708592.1.long.q/ompi.qb3-id220.11149/pid.2748609/pmix_dstor_ds21_2748609\', \'PMIX_DSTORE_ESH_BASE_PATH\': \'/scratch/708592.1.long.q/ompi.qb3-id220.11149/pid.2748609/pmix_dstor_ds12_2748609\', \'OMPI_MCA_ess_base_jobid\': \'3959554049\', \'OMPI_MCA_ess_base_vpid\': \'14\', \'OMPI_COMM_WORLD_RANK\': \'14\', \'OMPI_COMM_WORLD_LOCAL_RANK\': \'14\', \'OMPI_COMM_WORLD_NODE_RANK\': \'14\', \'OMPI_MCA_orte_ess_node_rank\': \'14\', \'PMIX_ID\': \'3959554049.14\', \'OMPI_FILE_LOCATION\': \'/scratch/708592.1.long.q/ompi.qb3-id220.11149/pid.2748609/0/0\', \'KMP_DUPLICATE_LIB_OK\': \'True\', \'KMP_INIT_AT_FORK\': \'FALSE\'})', 'STAT2HEADER_IMP_VERSIONS': "{'IMP_VERSION': '2.21.0', 'PMI_VERSION': '2.21.0'}", 0: 'ReplicaExchange_SwapSuccessRatio', 1: 'ReplicaExchange_MinTempFrequency', 2: 'ReplicaExchange_MaxTempFrequency', 3: 'ReplicaExchange_CurrentTemp', 4: 'score'} 
{0: '0', 1: '0', 2: '0', 3: '2.351855716390306', 4: inf} 
{0: '0.0', 1: '0.0', 2: '0.0', 3: '2.351855716390306', 4: inf} 
{0: '0.0', 1: '0.0', 2: '0.0', 3: '2.351855716390306', 4: 6008.878489957925} 
{0: '0.3333333333333333', 1: '0.0', 2: '0.0', 3: '2.500000000000003', 4: 1256.237238247239} 
{0: '0.25', 1: '0.0', 2: '0.0', 3: '2.500000000000003', 4: 894.7755813496694} 
{0: '0.4', 1: '0.0', 2: '0.0', 3: '2.351855716390306', 4: 678.0155464799631} 
{0: '0.3333333333333333', 1: '0.0', 2: '0.0', 3: '2.351855716390306', 4: 640.8339716615452} 
{0: '0.42857142857142855', 1: '0.0', 2: '0.0', 3: '2.500000000000003', 4: 644.4924007773113} 
{0: '0.375', 1: '0.0', 2: '0.0', 3: '2.500000000000003', 4: 589.2703894660604} 
{0: '0.4444444444444444', 1: '0.0', 2: '0.0', 3: '2.351855716390306', 4: 591.7812940264562} 
{0: '0.5', 1: '0.0', 2: '0.0', 3: '2.212490124287102', 4: 594.2959771764992} 
{0: '0.45454545454545453', 1: '0.0', 2: '0.0', 3: '2.212490124287102', 4: 561.7131213233473} 
{0: '0.5', 1: '0.0', 2: '0.0', 3: '2.351855716390306', 4: 586.3332295704516} 
{0: '0.5384615384615384', 1: '0.0', 2: '0.0', 3: '2.500000000000003', 4: 563.6774573611979} 
{0: '0.5', 1: '0.0', 2: '0.0', 3: '2.500000000000003', 4: 575.2957515318541} 
{0: '0.5333333333333333', 1: '0.0', 2: '0.0', 3: '2.351855716390306', 4: 576.0997735230017} 
{0: '0.5625', 1: '0.0', 2: '0.0', 3: '2.212490124287102', 4: 569.1794694310227} 
{0: '0.5882352941176471', 1: '0.0', 2: '0.0', 3: '2.081383018504685', 4: 569.4814895439703} 
{0: '0.6111111111111112', 1: '0.0', 2: '0.0', 3: '1.958045020027179', 4: 525.1400810911548} 
{0: '0.631578947368421', 1: '0.0', 2: '0.0', 3: '1.842015749320195', 4: 529.86564843453} 
{0: '0.65', 1: '0.0', 2: '0.0', 3: '1.7328621078878674', 4: 523.4882440465} 
{0: '0.6666666666666666', 1: '0.0', 2: '0.0', 3: '1.6301766616608926', 4: 520.3566072335553} 
{0: '0.6363636363636364', 1: '0.0', 2: '0.0', 3: '1.6301766616608926', 4: 547.483717432867} 
{0: '0.6521739130434783', 1: '0.0', 2: '0.0', 3: '1.7328621078878674', 4: 528.8500036229442} 
{0: '0.625', 1: '0.0', 2: '0.0', 3: '1.7328621078878674', 4: 528.6980430118522} 
{0: '0.64', 1: '0.0', 2: '0.0', 3: '1.6301766616608926', 4: 529.9722121775987} 
{0: '0.6153846153846154', 1: '0.0', 2: '0.0', 3: '1.6301766616608926', 4: 528.3898239939801} 
{0: '0.5925925925925926', 1: '0.0', 2: '0.0', 3: '1.6301766616608926', 4: 537.7475461628864} 
{0: '0.5714285714285714', 1: '0.0', 2: '0.0', 3: '1.6301766616608926', 4: 535.2003920615341} 
{0: '0.5862068965517241', 1: '0.0', 2: '0.0', 3: '1.7328621078878674', 4: 539.9249562435978} 
{0: '0.5666666666666667', 1: '0.0', 2: '0.0', 3: '1.7328621078878674', 4: 525.7298201631313} 
{0: '0.5806451612903226', 1: '0.0', 2: '0.0', 3: '1.6301766616608926', 4: 526.9213009489924} 
{0: '0.5625', 1: '0.0', 2: '0.0', 3: '1.6301766616608926', 4: 528.2703217726518} 
{0: '0.5757575757575758', 1: '0.0', 2: '0.0', 3: '1.7328621078878674', 4: 535.7060448119238} 
{0: '0.5588235294117647', 1: '0.0', 2: '0.0', 3: '1.7328621078878674', 4: 529.4751518598134} 
{0: '0.5714285714285714', 1: '0.0', 2: '0.0', 3: '1.6301766616608926', 4: 531.169091302751} 
{0: '0.5555555555555556', 1: '0.0', 2: '0.0', 3: '1.6301766616608926', 4: 527.0206829272194} 
{0: '0.5675675675675675', 1: '0.0', 2: '0.0', 3: '1.7328621078878674', 4: 530.2766059966526} 
{0: '0.5526315789473685', 1: '0.0', 2: '0.0', 3: '1.7328621078878674', 4: 521.574911314172} 
{0: '0.5641025641025641', 1: '0.0', 2: '0.0', 3: '1.6301766616608926', 4: 522.5660749980556} 
{0: '0.55', 1: '0.0', 2: '0.0', 3: '1.6301766616608926', 4: 534.4944394840213} 
{0: '0.5365853658536586', 1: '0.0', 2: '0.0', 3: '1.6301766616608926', 4: 525.7928845821958} 
{0: '0.5238095238095238', 1: '0.0', 2: '0.0', 3: '1.6301766616608926', 4: 525.1082325884} 
{0: '0.5116279069767442', 1: '0.0', 2: '0.0', 3: '1.6301766616608926', 4: 541.9265911501177} 
{0: '0.5', 1: '0.0', 2: '0.0', 3: '1.6301766616608926', 4: 529.9009555720172} 
{0: '0.4888888888888889', 1: '0.0', 2: '0.0', 3: '1.6301766616608926', 4: 544.0317421683658} 
{0: '0.4782608695652174', 1: '0.0', 2: '0.0', 3: '1.6301766616608926', 4: 526.0296557319824} 
{0: '0.46808510638297873', 1: '0.0', 2: '0.0', 3: '1.6301766616608926', 4: 530.4510541094918} 
{0: '0.4583333333333333', 1: '0.0', 2: '0.0', 3: '1.6301766616608926', 4: 529.1001464166403} 
{0: '0.46938775510204084', 1: '0.0', 2: '0.0', 3: '1.7328621078878674', 4: 536.7527781227307} 
{0: '0.46', 1: '0.0', 2: '0.0', 3: '1.7328621078878674', 4: 524.5374752156955} 
{0: '0.47058823529411764', 1: '0.0', 2: '0.0', 3: '1.6301766616608926', 4: 520.7654999909892} 
{0: '0.46153846153846156', 1: '0.0', 2: '0.0', 3: '1.6301766616608926', 4: 546.078351447057} 
{0: '0.4716981132075472', 1: '0.0', 2: '0.0', 3: '1.7328621078878674', 4: 534.7549844302868} 
{0: '0.46296296296296297', 1: '0.0', 2: '0.0', 3: '1.7328621078878674', 4: 527.2683001015116} 
{0: '0.4727272727272727', 1: '0.0', 2: '0.0', 3: '1.6301766616608926', 4: 533.386416343211} 
{0: '0.4642857142857143', 1: '0.0', 2: '0.0', 3: '1.6301766616608926', 4: 520.9677743335583} 
{0: '0.45614035087719296', 1: '0.0', 2: '0.0', 3: '1.6301766616608926', 4: 523.830617756405} 
{0: '0.4482758620689655', 1: '0.0', 2: '0.0', 3: '1.6301766616608926', 4: 531.1048075195743} 
{0: '0.4576271186440678', 1: '0.0', 2: '0.0', 3: '1.7328621078878674', 4: 534.4168010493396} 
{0: '0.4666666666666667', 1: '0.0', 2: '0.0', 3: '1.842015749320195', 4: 522.0369146939105} 
{0: '0.45901639344262296', 1: '0.0', 2: '0.0', 3: '1.842015749320195', 4: 523.3764513074694} 
{0: '0.46774193548387094', 1: '0.0', 2: '0.0', 3: '1.7328621078878674', 4: 523.8002426216893} 
{0: '0.47619047619047616', 1: '0.0', 2: '0.0', 3: '1.6301766616608926', 4: 523.4628805597164} 
{0: '0.46875', 1: '0.0', 2: '0.0', 3: '1.6301766616608926', 4: 533.0823535252076} 
{0: '0.47692307692307695', 1: '0.0', 2: '0.0', 3: '1.7328621078878674', 4: 524.8726817900772} 
{0: '0.4696969696969697', 1: '0.0', 2: '0.0', 3: '1.7328621078878674', 4: 525.9715472990453} 
{0: '0.47761194029850745', 1: '0.0', 2: '0.0', 3: '1.6301766616608926', 4: 533.4961633315692} 
{0: '0.47058823529411764', 1: '0.0', 2: '0.0', 3: '1.6301766616608926', 4: 534.4207081287013} 
{0: '0.4782608695652174', 1: '0.0', 2: '0.0', 3: '1.7328621078878674', 4: 526.3752066261803} 
{0: '0.4714285714285714', 1: '0.0', 2: '0.0', 3: '1.7328621078878674', 4: 524.0235888512367} 
{0: '0.4788732394366197', 1: '0.0', 2: '0.0', 3: '1.6301766616608926', 4: 525.9788037372791} 
{0: '0.4722222222222222', 1: '0.0', 2: '0.0', 3: '1.6301766616608926', 4: 527.7383223913068} 
{0: '0.4657534246575342', 1: '0.0', 2: '0.0', 3: '1.6301766616608926', 4: 544.2095110233445} 
{0: '0.4594594594594595', 1: '0.0', 2: '0.0', 3: '1.6301766616608926', 4: 544.1340384009752} 
{0: '0.4666666666666667', 1: '0.0', 2: '0.0', 3: '1.7328621078878674', 4: 525.4590986742895} 
{0: '0.47368421052631576', 1: '0.0', 2: '0.0', 3: '1.842015749320195', 4: 531.1789548958909} 
{0: '0.4805194805194805', 1: '0.0', 2: '0.0', 3: '1.958045020027179', 4: 522.9220250703562} 
{0: '0.47435897435897434', 1: '0.0', 2: '0.0', 3: '1.958045020027179', 4: 534.2003438186678} 
{0: '0.4810126582278481', 1: '0.0', 2: '0.0', 3: '1.842015749320195', 4: 522.638120273306} 
{0: '0.4875', 1: '0.0', 2: '0.0', 3: '1.7328621078878674', 4: 527.1925074370624} 
{0: '0.49382716049382713', 1: '0.0', 2: '0.0', 3: '1.6301766616608926', 4: 526.3649906440196} 
{0: '0.4878048780487805', 1: '0.0', 2: '0.0', 3: '1.6301766616608926', 4: 531.0699596439938} 
{0: '0.4939759036144578', 1: '0.0', 2: '0.0', 3: '1.7328621078878674', 4: 523.4427401138611} 
{0: '0.4880952380952381', 1: '0.0', 2: '0.0', 3: '1.7328621078878674', 4: 521.4060064315269} 
{0: '0.49411764705882355', 1: '0.0', 2: '0.0', 3: '1.6301766616608926', 4: 535.1019403158668} 
{0: '0.4883720930232558', 1: '0.0', 2: '0.0', 3: '1.6301766616608926', 4: 519.102160218818} 
{0: '0.4827586206896552', 1: '0.0', 2: '0.0', 3: '1.6301766616608926', 4: 529.8566379649377} 
{0: '0.4772727272727273', 1: '0.0', 2: '0.0', 3: '1.6301766616608926', 4: 536.7605796543407} 
{0: '0.48314606741573035', 1: '0.0', 2: '0.0', 3: '1.7328621078878674', 4: 521.4775517967529} 
{0: '0.4888888888888889', 1: '0.0', 2: '0.0', 3: '1.842015749320195', 4: 540.347573793778} 
{0: '0.4945054945054945', 1: '0.0', 2: '0.0', 3: '1.958045020027179', 4: 530.5693772220267} 
{0: '0.5', 1: '0.0', 2: '0.0', 3: '2.081383018504685', 4: 549.5610210071533} 
{0: '0.5053763440860215', 1: '0.0', 2: '0.0', 3: '2.212490124287102', 4: 531.6000254426216} 
{0: '0.5', 1: '0.0', 2: '0.0', 3: '2.212490124287102', 4: 537.90866483229} 
{0: '0.5052631578947369', 1: '0.0', 2: '0.0', 3: '2.081383018504685', 4: 530.5438485014524} 
{0: '0.5104166666666666', 1: '0.0', 2: '0.0', 3: '1.958045020027179', 4: 531.7057897159323} 
{0: '0.5154639175257731', 1: '0.0', 2: '0.0', 3: '1.842015749320195', 4: 529.5122045361468} 
{0: '0.5204081632653061', 1: '0.0', 2: '0.0', 3: '1.7328621078878674', 4: 529.5099017737547} 
{0: '0.5252525252525253', 1: '0.0', 2: '0.0', 3: '1.6301766616608926', 4: 537.2986091989876} 
{0: '0.52', 1: '0.0', 2: '0.0', 3: '1.6301766616608926', 4: 537.3771312741474} 
{0: '0.5148514851485149', 1: '0.0', 2: '0.0', 3: '1.6301766616608926', 4: 537.8496990059595} 
{0: '0.5098039215686274', 1: '0.0', 2: '0.0', 3: '1.6301766616608926', 4: 525.3992410860811} 
{0: '0.5145631067961165', 1: '0.0', 2: '0.0', 3: '1.7328621078878674', 4: 530.2306333048317} 
{0: '0.5096153846153846', 1: '0.0', 2: '0.0', 3: '1.7328621078878674', 4: 524.5096502679063} 
{0: '0.5142857142857142', 1: '0.0', 2: '0.0', 3: '1.6301766616608926', 4: 533.4887106107548} 
{0: '0.5094339622641509', 1: '0.0', 2: '0.0', 3: '1.6301766616608926', 4: 522.5211519423967} 
{0: '0.5046728971962616', 1: '0.0', 2: '0.0', 3: '1.6301766616608926', 4: 528.6584177736221} 
{0: '0.5', 1: '0.0', 2: '0.0', 3: '1.6301766616608926', 4: 526.3010849095391} 
{0: '0.4954128440366973', 1: '0.0', 2: '0.0', 3: '1.6301766616608926', 4: 522.553736785037} 
{0: '0.4909090909090909', 1: '0.0', 2: '0.0', 3: '1.6301766616608926', 4: 524.275012875645} 
{0: '0.4954954954954955', 1: '0.0', 2: '0.0', 3: '1.7328621078878674', 4: 519.7630493036299} 
{0: '0.49107142857142855', 1: '0.0', 2: '0.0', 3: '1.7328621078878674', 4: 522.9220706227258} 
{0: '0.49557522123893805', 1: '0.0', 2: '0.0', 3: '1.6301766616608926', 4: 524.0500643855602} 
{0: '0.49122807017543857', 1: '0.0', 2: '0.0', 3: '1.6301766616608926', 4: 521.9695719264881} 
{0: '0.4956521739130435', 1: '0.0', 2: '0.0', 3: '1.7328621078878674', 4: 525.7963003043767} 
{0: '0.49137931034482757', 1: '0.0', 2: '0.0', 3: '1.7328621078878674', 4: 551.3680123191357} 
{0: '0.49572649572649574', 1: '0.0', 2: '0.0', 3: '1.6301766616608926', 4: 524.2420927384412} 
{0: '0.4915254237288136', 1: '0.0', 2: '0.0', 3: '1.6301766616608926', 4: 522.7841027112319} 
{0: '0.48739495798319327', 1: '0.0', 2: '0.0', 3: '1.6301766616608926', 4: 522.3641687423519} 
{0: '0.48333333333333334', 1: '0.0', 2: '0.0', 3: '1.6301766616608926', 4: 526.4440359768789} 
{0: '0.48760330578512395', 1: '0.0', 2: '0.0', 3: '1.7328621078878674', 4: 527.4782487406112} 
{0: '0.4918032786885246', 1: '0.0', 2: '0.0', 3: '1.842015749320195', 4: 526.6187675827458} 
{0: '0.4878048780487805', 1: '0.0', 2: '0.0', 3: '1.842015749320195', 4: 532.7383597802351} 
{0: '0.49193548387096775', 1: '0.0', 2: '0.0', 3: '1.7328621078878674', 4: 524.3706034517463} 
{0: '0.496', 1: '0.0', 2: '0.0', 3: '1.6301766616608926', 4: 525.3025637434363} 
{0: '0.49206349206349204', 1: '0.0', 2: '0.0', 3: '1.6301766616608926', 4: 524.8684447834383} 
{0: '0.49606299212598426', 1: '0.0', 2: '0.0', 3: '1.7328621078878674', 4: 527.3203423872939} 
{0: '0.5', 1: '0.0', 2: '0.0', 3: '1.842015749320195', 4: 530.0643636175139} 
{0: '0.49612403100775193', 1: '0.0', 2: '0.0', 3: '1.842015749320195', 4: 539.5487420347646} 
{0: '0.5', 1: '0.0', 2: '0.0', 3: '1.7328621078878674', 4: 541.4841061938241} 
{0: '0.5038167938931297', 1: '0.0', 2: '0.0', 3: '1.6301766616608926', 4: 527.1310459087975} 
{0: '0.5', 1: '0.0', 2: '0.0', 3: '1.6301766616608926', 4: 557.1057886984589} 
{0: '0.5037593984962406', 1: '0.0', 2: '0.0', 3: '1.7328621078878674', 4: 546.2223716882233} 
{0: '0.5', 1: '0.0', 2: '0.0', 3: '1.7328621078878674', 4: 524.3527104329262} 
{0: '0.5037037037037037', 1: '0.0', 2: '0.0', 3: '1.6301766616608926', 4: 523.3067272749954} 
{0: '0.5', 1: '0.0', 2: '0.0', 3: '1.6301766616608926', 4: 524.8624462768239} 
{0: '0.49635036496350365', 1: '0.0', 2: '0.0', 3: '1.6301766616608926', 4: 538.7777524238817} 
{0: '0.4927536231884058', 1: '0.0', 2: '0.0', 3: '1.6301766616608926', 4: 528.4865280173875} 
{0: '0.49640287769784175', 1: '0.0', 2: '0.0', 3: '1.7328621078878674', 4: 536.3049892242485} 
{0: '0.4928571428571429', 1: '0.0', 2: '0.0', 3: '1.7328621078878674', 4: 528.3033980412177} 
{0: '0.49645390070921985', 1: '0.0', 2: '0.0', 3: '1.6301766616608926', 4: 525.4783469476453} 
{0: '0.49295774647887325', 1: '0.0', 2: '0.0', 3: '1.6301766616608926', 4: 546.8449041999654} 
{0: '0.4965034965034965', 1: '0.0', 2: '0.0', 3: '1.7328621078878674', 4: 529.8217666185708} 
{0: '0.5', 1: '0.0', 2: '0.0', 3: '1.842015749320195', 4: 524.2879549377507} 
{0: '0.496551724137931', 1: '0.0', 2: '0.0', 3: '1.842015749320195', 4: 555.5402148990671} 
{0: '0.5', 1: '0.0', 2: '0.0', 3: '1.7328621078878674', 4: 520.7241982936538} 
{0: '0.5034013605442177', 1: '0.0', 2: '0.0', 3: '1.6301766616608926', 4: 531.8868690581052} 
{0: '0.5', 1: '0.0', 2: '0.0', 3: '1.6301766616608926', 4: 527.4878983424288} 
{0: '0.4966442953020134', 1: '0.0', 2: '0.0', 3: '1.6301766616608926', 4: 524.6943434014606} 
{0: '0.49333333333333335', 1: '0.0', 2: '0.0', 3: '1.6301766616608926', 4: 519.6787016576915} 
{0: '0.4966887417218543', 1: '0.0', 2: '0.0', 3: '1.7328621078878674', 4: 525.7182484458008} 
{0: '0.5', 1: '0.0', 2: '0.0', 3: '1.842015749320195', 4: 534.2040994810876} 
{0: '0.5032679738562091', 1: '0.0', 2: '0.0', 3: '1.958045020027179', 4: 536.7240184330801} 
{0: '0.5', 1: '0.0', 2: '0.0', 3: '1.958045020027179', 4: 540.0896768165205} 
{0: '0.5032258064516129', 1: '0.0', 2: '0.0', 3: '1.842015749320195', 4: 532.8260398641621} 
{0: '0.5064102564102564', 1: '0.0', 2: '0.0', 3: '1.7328621078878674', 4: 521.8878448204428} 
{0: '0.5095541401273885', 1: '0.0', 2: '0.0', 3: '1.6301766616608926', 4: 521.396646796538} 
{0: '0.5063291139240507', 1: '0.0', 2: '0.0', 3: '1.6301766616608926', 4: 526.9230976648035} 
{0: '0.5031446540880503', 1: '0.0', 2: '0.0', 3: '1.6301766616608926', 4: 540.97308816404} 
{0: '0.5', 1: '0.0', 2: '0.0', 3: '1.6301766616608926', 4: 520.8617492401897} 
{0: '0.4968944099378882', 1: '0.0', 2: '0.0', 3: '1.6301766616608926', 4: 519.3236702749426} 
{0: '0.49382716049382713', 1: '0.0', 2: '0.0', 3: '1.6301766616608926', 4: 529.8399672726534} 
{0: '0.49693251533742333', 1: '0.0', 2: '0.0', 3: '1.7328621078878674', 4: 525.0008851450631} 
{0: '0.49390243902439024', 1: '0.0', 2: '0.0', 3: '1.7328621078878674', 4: 525.9502955196222} 
{0: '0.49696969696969695', 1: '0.0', 2: '0.0', 3: '1.6301766616608926', 4: 527.3387419117541} 
{0: '0.4939759036144578', 1: '0.0', 2: '0.0', 3: '1.6301766616608926', 4: 523.7740461837726} 
{0: '0.49101796407185627', 1: '0.0', 2: '0.0', 3: '1.6301766616608926', 4: 524.7430637356482} 
{0: '0.4880952380952381', 1: '0.0', 2: '0.0', 3: '1.6301766616608926', 4: 526.9212950640381} 
{0: '0.4911242603550296', 1: '0.0', 2: '0.0', 3: '1.7328621078878674', 4: 542.9032145595074} 
{0: '0.49411764705882355', 1: '0.0', 2: '0.0', 3: '1.842015749320195', 4: 526.3703957669452} 
{0: '0.49122807017543857', 1: '0.0', 2: '0.0', 3: '1.842015749320195', 4: 525.9611127223147} 
{0: '0.4941860465116279', 1: '0.0', 2: '0.0', 3: '1.7328621078878674', 4: 537.8338428159451} 
{0: '0.49710982658959535', 1: '0.0', 2: '0.0', 3: '1.6301766616608926', 4: 524.7443731752069} 
{0: '0.4942528735632184', 1: '0.0', 2: '0.0', 3: '1.6301766616608926', 4: 518.617679538863} 
{0: '0.49142857142857144', 1: '0.0', 2: '0.0', 3: '1.6301766616608926', 4: 523.4546811905614} 
{0: '0.48863636363636365', 1: '0.0', 2: '0.0', 3: '1.6301766616608926', 4: 522.8512624159778} 
{0: '0.4858757062146893', 1: '0.0', 2: '0.0', 3: '1.6301766616608926', 4: 531.674912421825} 
{0: '0.48314606741573035', 1: '0.0', 2: '0.0', 3: '1.6301766616608926', 4: 540.7709113601617} 
{0: '0.4860335195530726', 1: '0.0', 2: '0.0', 3: '1.7328621078878674', 4: 539.216022355437} 
{0: '0.4888888888888889', 1: '0.0', 2: '0.0', 3: '1.842015749320195', 4: 539.9306675674363} 
{0: '0.49171270718232046', 1: '0.0', 2: '0.0', 3: '1.958045020027179', 4: 535.6261339939788} 
{0: '0.489010989010989', 1: '0.0', 2: '0.0', 3: '1.958045020027179', 4: 532.526946210371} 
{0: '0.4918032786885246', 1: '0.0', 2: '0.0', 3: '1.842015749320195', 4: 536.7192931434051} 
{0: '0.4945652173913043', 1: '0.0', 2: '0.0', 3: '1.7328621078878674', 4: 524.9783756619346} 
{0: '0.4972972972972973', 1: '0.0', 2: '0.0', 3: '1.6301766616608926', 4: 525.1972303836159} 
{0: '0.4946236559139785', 1: '0.0', 2: '0.0', 3: '1.6301766616608926', 4: 537.2997670026409} 
{0: '0.49732620320855614', 1: '0.0', 2: '0.0', 3: '1.7328621078878674', 4: 554.0950851731536} 
{0: '0.5', 1: '0.0', 2: '0.0', 3: '1.842015749320195', 4: 539.3112799005012} 
{0: '0.5026455026455027', 1: '0.0', 2: '0.0', 3: '1.958045020027179', 4: 529.9254538761065} 
{0: '0.5052631578947369', 1: '0.0', 2: '0.0', 3: '2.081383018504685', 4: 528.6528116625168} 
{0: '0.5026178010471204', 1: '0.0', 2: '0.0', 3: '2.081383018504685', 4: 537.2324452253722} 
{0: '0.5052083333333334', 1: '0.0', 2: '0.0', 3: '1.958045020027179', 4: 526.1496197174691} 
{0: '0.5077720207253886', 1: '0.0', 2: '0.0', 3: '1.842015749320195', 4: 519.6732983149636} 
{0: '0.5103092783505154', 1: '0.0', 2: '0.0', 3: '1.7328621078878674', 4: 522.2630431874741} 
{0: '0.5128205128205128', 1: '0.0', 2: '0.0', 3: '1.6301766616608926', 4: 521.4385157089973} 
{0: '0.5102040816326531', 1: '0.0', 2: '0.0', 3: '1.6301766616608926', 4: 527.3691999785142} 
{0: '0.5126903553299492', 1: '0.0', 2: '0.0', 3: '1.7328621078878674', 4: 520.174543179596} 
{0: '0.51010101010101', 1: '0.0', 2: '0.0', 3: '1.7328621078878674', 4: 537.4702618581726} 
{0: '0.5125628140703518', 1: '0.0', 2: '0.0', 3: '1.6301766616608926', 4: 529.6227779721789} 
{0: '0.51', 1: '0.0', 2: '0.0', 3: '1.6301766616608926', 4: 537.9134868717907} 
{0: '0.5124378109452736', 1: '0.0', 2: '0.0', 3: '1.7328621078878674', 4: 523.5823062582953} 
{0: '0.5099009900990099', 1: '0.0', 2: '0.0', 3: '1.7328621078878674', 4: 523.6415621395718} 
{0: '0.5123152709359606', 1: '0.0', 2: '0.0', 3: '1.6301766616608926', 4: 531.4957133575739} 
{0: '0.5098039215686274', 1: '0.0', 2: '0.0', 3: '1.6301766616608926', 4: 527.3606857766883} 
{0: '0.5073170731707317', 1: '0.0', 2: '0.0', 3: '1.6301766616608926', 4: 529.8578641359678} 
{0: '0.5048543689320388', 1: '0.0', 2: '0.0', 3: '1.6301766616608926', 4: 519.13219911315} 
{0: '0.5024154589371981', 1: '0.0', 2: '0.0', 3: '1.6301766616608926', 4: 519.4261526913047} 
{0: '0.5', 1: '0.0', 2: '0.0', 3: '1.6301766616608926', 4: 519.5917945985531} 
{0: '0.5023923444976076', 1: '0.0', 2: '0.0', 3: '1.7328621078878674', 4: 521.7386650566906} 
{0: '0.5047619047619047', 1: '0.0', 2: '0.0', 3: '1.842015749320195', 4: 537.8993311418423} 
{0: '0.5071090047393365', 1: '0.0', 2: '0.0', 3: '1.958045020027179', 4: 544.5465944110807} 
{0: '0.5094339622641509', 1: '0.0', 2: '0.0', 3: '2.081383018504685', 4: 527.9648712500168} 
{0: '0.5070422535211268', 1: '0.0', 2: '0.0', 3: '2.081383018504685', 4: 521.7128997919463} 
{0: '0.5093457943925234', 1: '0.0', 2: '0.0', 3: '1.958045020027179', 4: 523.3797349062124} 
{0: '0.5116279069767442', 1: '0.0', 2: '0.0', 3: '1.842015749320195', 4: 521.5588197699691} 
{0: '0.5138888888888888', 1: '0.0', 2: '0.0', 3: '1.7328621078878674', 4: 539.189931280752} 
{0: '0.5161290322580645', 1: '0.0', 2: '0.0', 3: '1.6301766616608926', 4: 528.8663981053406} 
{0: '0.5137614678899083', 1: '0.0', 2: '0.0', 3: '1.6301766616608926', 4: 525.1555489229447} 
{0: '0.5114155251141552', 1: '0.0', 2: '0.0', 3: '1.6301766616608926', 4: 526.9641111776015} 
{0: '0.509090909090909', 1: '0.0', 2: '0.0', 3: '1.6301766616608926', 4: 519.7069139472364} 
{0: '0.5067873303167421', 1: '0.0', 2: '0.0', 3: '1.6301766616608926', 4: 521.8922325772809} 
{0: '0.5045045045045045', 1: '0.0', 2: '0.0', 3: '1.6301766616608926', 4: 521.9303379463396} 
{0: '0.5022421524663677', 1: '0.0', 2: '0.0', 3: '1.6301766616608926', 4: 528.9739617968457} 
{0: '0.5', 1: '0.0', 2: '0.0', 3: '1.6301766616608926', 4: 533.0626689270405} 
{0: '0.49777777777777776', 1: '0.0', 2: '0.0', 3: '1.6301766616608926', 4: 524.9198913591715} 
{0: '0.49557522123893805', 1: '0.0', 2: '0.0', 3: '1.6301766616608926', 4: 527.0478023875174} 
{0: '0.4977973568281938', 1: '0.0', 2: '0.0', 3: '1.7328621078878674', 4: 536.8539281806477} 
{0: '0.5', 1: '0.0', 2: '0.0', 3: '1.842015749320195', 4: 528.1208754348451} 
{0: '0.5021834061135371', 1: '0.0', 2: '0.0', 3: '1.958045020027179', 4: 528.1341499877137} 
{0: '0.5', 1: '0.0', 2: '0.0', 3: '1.958045020027179', 4: 539.6205329273171} 
{0: '0.5021645021645021', 1: '0.0', 2: '0.0', 3: '1.842015749320195', 4: 523.5825329514294} 
{0: '0.5043103448275862', 1: '0.0', 2: '0.0', 3: '1.7328621078878674', 4: 526.5272525873281} 
{0: '0.5064377682403434', 1: '0.0', 2: '0.0', 3: '1.6301766616608926', 4: 529.2911213332762} 
{0: '0.5042735042735043', 1: '0.0', 2: '0.0', 3: '1.6301766616608926', 4: 534.6198012070217} 
{0: '0.5063829787234042', 1: '0.0', 2: '0.0', 3: '1.7328621078878674', 4: 532.7633152283962} 
{0: '0.5042372881355932', 1: '0.0', 2: '0.0', 3: '1.7328621078878674', 4: 557.1431463483768} 
{0: '0.5063291139240507', 1: '0.0', 2: '0.0', 3: '1.6301766616608926', 4: 532.3139941352008} 
{0: '0.5042016806722689', 1: '0.0', 2: '0.0', 3: '1.6301766616608926', 4: 518.7892506324318} 
{0: '0.502092050209205', 1: '0.0', 2: '0.0', 3: '1.6301766616608926', 4: 531.3603432611989} 
{0: '0.5', 1: '0.0', 2: '0.0', 3: '1.6301766616608926', 4: 523.4041891119681} 
{0: '0.5020746887966805', 1: '0.0', 2: '0.0', 3: '1.7328621078878674', 4: 518.8759156729607} 
{0: '0.5', 1: '0.0', 2: '0.0', 3: '1.7328621078878674', 4: 541.234387652555} 
{0: '0.5020576131687243', 1: '0.0', 2: '0.0', 3: '1.6301766616608926', 4: 524.102118932812} 
{0: '0.5', 1: '0.0', 2: '0.0', 3: '1.6301766616608926', 4: 522.1210638346447} 
{0: '0.5020408163265306', 1: '0.0', 2: '0.0', 3: '1.7328621078878674', 4: 520.1237678453459} 
{0: '0.5040650406504065', 1: '0.0', 2: '0.0', 3: '1.842015749320195', 4: 523.739641908219} 
{0: '0.5020242914979757', 1: '0.0', 2: '0.0', 3: '1.842015749320195', 4: 542.3508461841822} 
{0: '0.5040322580645161', 1: '0.0', 2: '0.0', 3: '1.7328621078878674', 4: 522.0530025684612} 
{0: '0.5060240963855421', 1: '0.0', 2: '0.0', 3: '1.6301766616608926', 4: 547.6767980909425} 
{0: '0.504', 1: '0.0', 2: '0.0', 3: '1.6301766616608926', 4: 539.3482076619081} 
{0: '0.5059760956175299', 1: '0.0', 2: '0.0', 3: '1.7328621078878674', 4: 523.1228868698175} 
{0: '0.503968253968254', 1: '0.0', 2: '0.0', 3: '1.7328621078878674', 4: 520.1341292131423} 
{0: '0.5059288537549407', 1: '0.0', 2: '0.0', 3: '1.6301766616608926', 4: 524.8604022838986} 
{0: '0.5039370078740157', 1: '0.0', 2: '0.0', 3: '1.6301766616608926', 4: 532.0721303684612} 
{0: '0.5058823529411764', 1: '0.0', 2: '0.0', 3: '1.7328621078878674', 4: 544.4065217515111} 
{0: '0.5078125', 1: '0.0', 2: '0.0', 3: '1.842015749320195', 4: 524.202379421778} 
{0: '0.5097276264591439', 1: '0.0', 2: '0.0', 3: '1.958045020027179', 4: 549.2837412261383} 
{0: '0.5116279069767442', 1: '0.0', 2: '0.0', 3: '2.081383018504685', 4: 541.7239415258505} 
{0: '0.5096525096525096', 1: '0.0', 2: '0.0', 3: '2.081383018504685', 4: 531.0469383812076} 
{0: '0.5115384615384615', 1: '0.0', 2: '0.0', 3: '1.958045020027179', 4: 523.2553808954697} 
{0: '0.5134099616858238', 1: '0.0', 2: '0.0', 3: '1.842015749320195', 4: 533.3834423813906} 
{0: '0.5152671755725191', 1: '0.0', 2: '0.0', 3: '1.7328621078878674', 4: 525.7188927780398} 
{0: '0.5171102661596958', 1: '0.0', 2: '0.0', 3: '1.6301766616608926', 4: 530.5682235410565} 
{0: '0.5151515151515151', 1: '0.0', 2: '0.0', 3: '1.6301766616608926', 4: 534.1010792124724} 
{0: '0.5132075471698113', 1: '0.0', 2: '0.0', 3: '1.6301766616608926', 4: 527.3128607867445} 
{0: '0.5112781954887218', 1: '0.0', 2: '0.0', 3: '1.6301766616608926', 4: 526.4358586045133} 
{0: '0.5093632958801498', 1: '0.0', 2: '0.0', 3: '1.6301766616608926', 4: 524.3387256365004} 
{0: '0.5074626865671642', 1: '0.0', 2: '0.0', 3: '1.6301766616608926', 4: 533.0045753956962} 
{0: '0.5092936802973977', 1: '0.0', 2: '0.0', 3: '1.7328621078878674', 4: 524.6234716922861} 
{0: '0.5111111111111111', 1: '0.0', 2: '0.0', 3: '1.842015749320195', 4: 526.9635142521075} 
{0: '0.5129151291512916', 1: '0.0', 2: '0.0', 3: '1.958045020027179', 4: 537.2724272677814} 
{0: '0.5110294117647058', 1: '0.0', 2: '0.0', 3: '1.958045020027179', 4: 529.0578089317979} 
{0: '0.5091575091575091', 1: '0.0', 2: '0.0', 3: '1.958045020027179', 4: 521.1726041154337} 
{0: '0.5072992700729927', 1: '0.0', 2: '0.0', 3: '1.958045020027179', 4: 535.887203952109} 
{0: '0.509090909090909', 1: '0.0', 2: '0.0', 3: '1.842015749320195', 4: 535.0850824314471} 
{0: '0.5108695652173914', 1: '0.0', 2: '0.0', 3: '1.7328621078878674', 4: 520.7292718448368} 
{0: '0.5126353790613718', 1: '0.0', 2: '0.0', 3: '1.6301766616608926', 4: 527.9317858320948} 
{0: '0.5107913669064749', 1: '0.0', 2: '0.0', 3: '1.6301766616608926', 4: 535.8537792247098} 
{0: '0.5125448028673835', 1: '0.0', 2: '0.0', 3: '1.7328621078878674', 4: 525.7957257008453} 
{0: '0.5142857142857142', 1: '0.0', 2: '0.0', 3: '1.842015749320195', 4: 529.5612820935091} 
{0: '0.5160142348754448', 1: '0.0', 2: '0.0', 3: '1.958045020027179', 4: 529.948649069308} 
{0: '0.5141843971631206', 1: '0.0', 2: '0.0', 3: '1.958045020027179', 4: 525.9550653741283} 
{0: '0.5159010600706714', 1: '0.0', 2: '0.0', 3: '1.842015749320195', 4: 528.4567227963986} 
{0: '0.5176056338028169', 1: '0.0', 2: '0.0', 3: '1.7328621078878674', 4: 534.1308747128335} 
{0: '0.519298245614035', 1: '0.0', 2: '0.0', 3: '1.6301766616608926', 4: 530.3152800802739} 
{0: '0.5174825174825175', 1: '0.0', 2: '0.0', 3: '1.6301766616608926', 4: 537.8723910105819} 
{0: '0.519163763066202', 1: '0.0', 2: '0.0', 3: '1.7328621078878674', 4: 534.7994729734368} 
{0: '0.5208333333333334', 1: '0.0', 2: '0.0', 3: '1.842015749320195', 4: 528.044427638283} 
{0: '0.5224913494809689', 1: '0.0', 2: '0.0', 3: '1.958045020027179', 4: 530.833765319438} 
{0: '0.5241379310344828', 1: '0.0', 2: '0.0', 3: '2.081383018504685', 4: 526.0461639289879} 
{0: '0.5223367697594502', 1: '0.0', 2: '0.0', 3: '2.081383018504685', 4: 528.2116983971702} 
{0: '0.523972602739726', 1: '0.0', 2: '0.0', 3: '1.958045020027179', 4: 519.2957612452617} 
{0: '0.5255972696245734', 1: '0.0', 2: '0.0', 3: '1.842015749320195', 4: 523.612670047942} 
{0: '0.5272108843537415', 1: '0.0', 2: '0.0', 3: '1.7328621078878674', 4: 538.1998663639497} 
{0: '0.5288135593220339', 1: '0.0', 2: '0.0', 3: '1.6301766616608926', 4: 542.3494298329376} 
{0: '0.527027027027027', 1: '0.0', 2: '0.0', 3: '1.6301766616608926', 4: 526.3881506570473} 
{0: '0.5286195286195287', 1: '0.0', 2: '0.0', 3: '1.7328621078878674', 4: 529.8945316065223} 
{0: '0.5302013422818792', 1: '0.0', 2: '0.0', 3: '1.842015749320195', 4: 521.3260457847468} 
{0: '0.5317725752508361', 1: '0.0', 2: '0.0', 3: '1.958045020027179', 4: 535.2138391761465} 
{0: '0.53', 1: '0.0', 2: '0.0', 3: '1.958045020027179', 4: 526.0199032343301} 
{0: '0.53156146179402', 1: '0.0', 2: '0.0', 3: '1.842015749320195', 4: 524.9826202953446} 
{0: '0.5331125827814569', 1: '0.0', 2: '0.0', 3: '1.7328621078878674', 4: 524.4686366160151} 
{0: '0.5346534653465347', 1: '0.0', 2: '0.0', 3: '1.6301766616608926', 4: 526.5324260003104} 
{0: '0.5328947368421053', 1: '0.0', 2: '0.0', 3: '1.6301766616608926', 4: 527.858968179608} 
{0: '0.5344262295081967', 1: '0.0', 2: '0.0', 3: '1.7328621078878674', 4: 523.8337142007952} 
{0: '0.5326797385620915', 1: '0.0', 2: '0.0', 3: '1.7328621078878674', 4: 520.197820818862} 
{0: '0.5342019543973942', 1: '0.0', 2: '0.0', 3: '1.6301766616608926', 4: 526.1992478143585} 
{0: '0.5324675324675324', 1: '0.0', 2: '0.0', 3: '1.6301766616608926', 4: 521.8523236861046} 
{0: '0.5339805825242718', 1: '0.0', 2: '0.0', 3: '1.7328621078878674', 4: 527.2297895748547} 
{0: '0.532258064516129', 1: '0.0', 2: '0.0', 3: '1.7328621078878674', 4: 522.0493988135798} 
{0: '0.5337620578778135', 1: '0.0', 2: '0.0', 3: '1.6301766616608926', 4: 529.9461480963676} 
{0: '0.532051282051282', 1: '0.0', 2: '0.0', 3: '1.6301766616608926', 4: 532.8308314840151} 
{0: '0.5303514376996805', 1: '0.0', 2: '0.0', 3: '1.6301766616608926', 4: 526.0567631364959} 
{0: '0.5286624203821656', 1: '0.0', 2: '0.0', 3: '1.6301766616608926', 4: 520.7283841195839} 
{0: '0.526984126984127', 1: '0.0', 2: '0.0', 3: '1.6301766616608926', 4: 527.0111802866677} 
{0: '0.5253164556962026', 1: '0.0', 2: '0.0', 3: '1.6301766616608926', 4: 533.463215734812} 
{0: '0.526813880126183', 1: '0.0', 2: '0.0', 3: '1.7328621078878674', 4: 530.2795652429943} 
{0: '0.5283018867924528', 1: '0.0', 2: '0.0', 3: '1.842015749320195', 4: 530.9308498868521} 
{0: '0.5297805642633229', 1: '0.0', 2: '0.0', 3: '1.958045020027179', 4: 554.4187231482515} 
{0: '0.53125', 1: '0.0', 2: '0.0', 3: '2.081383018504685', 4: 527.0730803315488} 
{0: '0.5295950155763239', 1: '0.0', 2: '0.0', 3: '2.081383018504685', 4: 525.0186392981934} 
{0: '0.531055900621118', 1: '0.0', 2: '0.0', 3: '1.958045020027179', 4: 520.7466154352519} 
{0: '0.5325077399380805', 1: '0.0', 2: '0.0', 3: '1.842015749320195', 4: 537.5251880273188} 
{0: '0.5308641975308642', 1: '0.0', 2: '0.0', 3: '1.842015749320195', 4: 525.695408844409} 
{0: '0.5323076923076923', 1: '0.0', 2: '0.0', 3: '1.958045020027179', 4: 536.575369639963} 
{0: '0.5306748466257669', 1: '0.0', 2: '0.0', 3: '1.958045020027179', 4: 541.0502935020797} 
{0: '0.5321100917431193', 1: '0.0', 2: '0.0', 3: '1.842015749320195', 4: 523.008943037072} 
{0: '0.5335365853658537', 1: '0.0', 2: '0.0', 3: '1.7328621078878674', 4: 533.2976396465427} 
{0: '0.5349544072948328', 1: '0.0', 2: '0.0', 3: '1.6301766616608926', 4: 533.2601811655718} 
{0: '0.5333333333333333', 1: '0.0', 2: '0.0', 3: '1.6301766616608926', 4: 528.8979325730169} 
{0: '0.5317220543806647', 1: '0.0', 2: '0.0', 3: '1.6301766616608926', 4: 531.0286614444072} 
{0: '0.5301204819277109', 1: '0.0', 2: '0.0', 3: '1.6301766616608926', 4: 521.0764220127969} 
{0: '0.5315315315315315', 1: '0.0', 2: '0.0', 3: '1.7328621078878674', 4: 523.1869888922839} 
{0: '0.5299401197604791', 1: '0.0', 2: '0.0', 3: '1.7328621078878674', 4: 528.8517859593497} 
{0: '0.5313432835820896', 1: '0.0', 2: '0.0', 3: '1.6301766616608926', 4: 527.92108846487} 
{0: '0.5297619047619048', 1: '0.0', 2: '0.0', 3: '1.6301766616608926', 4: 525.9286189228274} 
{0: '0.5311572700296736', 1: '0.0', 2: '0.0', 3: '1.7328621078878674', 4: 533.5316188207025} 
{0: '0.5325443786982249', 1: '0.0', 2: '0.0', 3: '1.842015749320195', 4: 527.8721077662302} 
{0: '0.5309734513274337', 1: '0.0', 2: '0.0', 3: '1.842015749320195', 4: 522.5598707710639} 
{0: '0.5323529411764706', 1: '0.0', 2: '0.0', 3: '1.7328621078878674', 4: 527.1149795544425} 
{0: '0.533724340175953', 1: '0.0', 2: '0.0', 3: '1.6301766616608926', 4: 524.5868310339296} 
{0: '0.5321637426900585', 1: '0.0', 2: '0.0', 3: '1.6301766616608926', 4: 524.8711554483847} 
{0: '0.5335276967930029', 1: '0.0', 2: '0.0', 3: '1.7328621078878674', 4: 529.5073717530239} 
{0: '0.5348837209302325', 1: '0.0', 2: '0.0', 3: '1.842015749320195', 4: 522.0671750199856} 
{0: '0.5333333333333333', 1: '0.0', 2: '0.0', 3: '1.842015749320195', 4: 523.0584728745123} 
{0: '0.5346820809248555', 1: '0.0', 2: '0.0', 3: '1.7328621078878674', 4: 518.8636610773453} 
{0: '0.5360230547550432', 1: '0.0', 2: '0.0', 3: '1.6301766616608926', 4: 533.0727755755187} 
{0: '0.5344827586206896', 1: '0.0', 2: '0.0', 3: '1.6301766616608926', 4: 541.11924587408} 
{0: '0.5358166189111748', 1: '0.0', 2: '0.0', 3: '1.7328621078878674', 4: 527.6107542556131} 
{0: '0.5371428571428571', 1: '0.0', 2: '0.0', 3: '1.842015749320195', 4: 523.138351994025} 
{0: '0.5384615384615384', 1: '0.0', 2: '0.0', 3: '1.958045020027179', 4: 529.3856882249256} 
{0: '0.5369318181818182', 1: '0.0', 2: '0.0', 3: '1.958045020027179', 4: 539.2655796328262} 
{0: '0.5382436260623229', 1: '0.0', 2: '0.0', 3: '1.842015749320195', 4: 531.0502383414372} 
{0: '0.53954802259887', 1: '0.0', 2: '0.0', 3: '1.7328621078878674', 4: 525.9189774319813} 
{0: '0.5408450704225352', 1: '0.0', 2: '0.0', 3: '1.6301766616608926', 4: 531.4234983091235} 
{0: '0.5393258426966292', 1: '0.0', 2: '0.0', 3: '1.6301766616608926', 4: 532.2367685320013} 
{0: '0.5378151260504201', 1: '0.0', 2: '0.0', 3: '1.6301766616608926', 4: 531.1657828275683} 
{0: '0.5363128491620112', 1: '0.0', 2: '0.0', 3: '1.6301766616608926', 4: 530.3319147668752} 
{0: '0.5376044568245125', 1: '0.0', 2: '0.0', 3: '1.7328621078878674', 4: 530.5621299243403} 
{0: '0.5388888888888889', 1: '0.0', 2: '0.0', 3: '1.842015749320195', 4: 526.793532000413} 
{0: '0.5373961218836565', 1: '0.0', 2: '0.0', 3: '1.842015749320195', 4: 519.8519031558387} 
{0: '0.5386740331491713', 1: '0.0', 2: '0.0', 3: '1.7328621078878674', 4: 525.8725887788243} 
{0: '0.5399449035812672', 1: '0.0', 2: '0.0', 3: '1.6301766616608926', 4: 541.7983433666188} 
{0: '0.5384615384615384', 1: '0.0', 2: '0.0', 3: '1.6301766616608926', 4: 532.6167231694692} 
{0: '0.5397260273972603', 1: '0.0', 2: '0.0', 3: '1.7328621078878674', 4: 520.8051693923665} 
{0: '0.5409836065573771', 1: '0.0', 2: '0.0', 3: '1.842015749320195', 4: 529.9337155556132} 
{0: '0.5395095367847411', 1: '0.0', 2: '0.0', 3: '1.842015749320195', 4: 522.5142899853327} 
{0: '0.5407608695652174', 1: '0.0', 2: '0.0', 3: '1.7328621078878674', 4: 535.275285036894} 
{0: '0.5420054200542005', 1: '0.0', 2: '0.0', 3: '1.6301766616608926', 4: 525.6582911441348} 
{0: '0.5405405405405406', 1: '0.0', 2: '0.0', 3: '1.6301766616608926', 4: 534.1226993079295} 
{0: '0.5417789757412399', 1: '0.0', 2: '0.0', 3: '1.7328621078878674', 4: 529.3377884607473} 
{0: '0.5403225806451613', 1: '0.0', 2: '0.0', 3: '1.7328621078878674', 4: 534.939506452435} 
{0: '0.5415549597855228', 1: '0.0', 2: '0.0', 3: '1.6301766616608926', 4: 523.8863965523439} 
{0: '0.5401069518716578', 1: '0.0', 2: '0.0', 3: '1.6301766616608926', 4: 529.2514101315019} 
{0: '0.5413333333333333', 1: '0.0', 2: '0.0', 3: '1.7328621078878674', 4: 543.5875232559832} 
{0: '0.5425531914893617', 1: '0.0', 2: '0.0', 3: '1.842015749320195', 4: 541.2092348599306} 
{0: '0.5411140583554377', 1: '0.0', 2: '0.0', 3: '1.842015749320195', 4: 531.1612169081907} 
{0: '0.5423280423280423', 1: '0.0', 2: '0.0', 3: '1.7328621078878674', 4: 524.227384242635} 
{0: '0.5435356200527705', 1: '0.0', 2: '0.0', 3: '1.6301766616608926', 4: 529.7101456366845} 
{0: '0.5421052631578948', 1: '0.0', 2: '0.0', 3: '1.6301766616608926', 4: 525.0982065278076} 
{0: '0.5433070866141733', 1: '0.0', 2: '0.0', 3: '1.7328621078878674', 4: 528.6525218923704} 
{0: '0.5445026178010471', 1: '0.0', 2: '0.0', 3: '1.842015749320195', 4: 530.6708479458205} 
{0: '0.5456919060052219', 1: '0.0', 2: '0.0', 3: '1.958045020027179', 4: 527.3250713042416} 
{0: '0.546875', 1: '0.0', 2: '0.0', 3: '2.081383018504685', 4: 535.6372632098229} 
{0: '0.548051948051948', 1: '0.0', 2: '0.0', 3: '2.212490124287102', 4: 533.5631051968904} 
{0: '0.5492227979274611', 1: '0.0', 2: '0.0', 3: '2.351855716390306', 4: 532.565745746141} 
{0: '0.5478036175710594', 1: '0.0', 2: '0.0', 3: '2.351855716390306', 4: 524.4657656851124} 
{0: '0.5489690721649485', 1: '0.0', 2: '0.0', 3: '2.212490124287102', 4: 526.6735508686256} 
{0: '0.5501285347043702', 1: '0.0', 2: '0.0', 3: '2.081383018504685', 4: 537.9902040348177} 
{0: '0.5512820512820513', 1: '0.0', 2: '0.0', 3: '1.958045020027179', 4: 536.4427866130965} 
{0: '0.5524296675191815', 1: '0.0', 2: '0.0', 3: '1.842015749320195', 4: 526.2713042732717} 
{0: '0.5535714285714286', 1: '0.0', 2: '0.0', 3: '1.7328621078878674', 4: 534.3038197007509} 
{0: '0.55470737913486', 1: '0.0', 2: '0.0', 3: '1.6301766616608926', 4: 525.137158190283} 
{0: '0.5532994923857868', 1: '0.0', 2: '0.0', 3: '1.6301766616608926', 4: 530.6081367856889} 
{0: '0.5518987341772152', 1: '0.0', 2: '0.0', 3: '1.6301766616608926', 4: 527.5572071821175} 
{0: '0.5505050505050505', 1: '0.0', 2: '0.0', 3: '1.6301766616608926', 4: 530.7485921697396} 
{0: '0.5516372795969773', 1: '0.0', 2: '0.0', 3: '1.7328621078878674', 4: 533.2893935782944} 
{0: '0.5527638190954773', 1: '0.0', 2: '0.0', 3: '1.842015749320195', 4: 520.1591986734712} 
{0: '0.5513784461152882', 1: '0.0', 2: '0.0', 3: '1.842015749320195', 4: 522.6994213985342} 
{0: '0.5525', 1: '0.0', 2: '0.0', 3: '1.7328621078878674', 4: 532.2528962543558} 
{0: '0.5536159600997507', 1: '0.0', 2: '0.0', 3: '1.6301766616608926', 4: 527.0631614125421} 
{0: '0.5522388059701493', 1: '0.0', 2: '0.0', 3: '1.6301766616608926', 4: 530.6640231146934} 
{0: '0.5508684863523573', 1: '0.0', 2: '0.0', 3: '1.6301766616608926', 4: 543.018979708721} 
{0: '0.5495049504950495', 1: '0.0', 2: '0.0', 3: '1.6301766616608926', 4: 525.1085223126745} 
{0: '0.5506172839506173', 1: '0.0', 2: '0.0', 3: '1.7328621078878674', 4: 534.3402904994979} 
{0: '0.5517241379310345', 1: '0.0', 2: '0.0', 3: '1.842015749320195', 4: 519.38129591217} 
{0: '0.5503685503685504', 1: '0.0', 2: '0.0', 3: '1.842015749320195', 4: 540.26014204979} 
{0: '0.5514705882352942', 1: '0.0', 2: '0.0', 3: '1.7328621078878674', 4: 522.7736229656697} 
{0: '0.5525672371638142', 1: '0.0', 2: '0.0', 3: '1.6301766616608926', 4: 524.0444686181318} 
{0: '0.551219512195122', 1: '0.0', 2: '0.0', 3: '1.6301766616608926', 4: 523.7989104596771} 
{0: '0.5523114355231143', 1: '0.0', 2: '0.0', 3: '1.7328621078878674', 4: 532.8418919991229} 
{0: '0.5509708737864077', 1: '0.0', 2: '0.0', 3: '1.7328621078878674', 4: 528.3396494348023} 
{0: '0.5520581113801453', 1: '0.0', 2: '0.0', 3: '1.6301766616608926', 4: 523.628043200026} 
{0: '0.5507246376811594', 1: '0.0', 2: '0.0', 3: '1.6301766616608926', 4: 522.9501015950207} 
{0: '0.5493975903614458', 1: '0.0', 2: '0.0', 3: '1.6301766616608926', 4: 527.8203918987475} 
{0: '0.5480769230769231', 1: '0.0', 2: '0.0', 3: '1.6301766616608926', 4: 528.9443173484195} 
{0: '0.5491606714628298', 1: '0.0', 2: '0.0', 3: '1.7328621078878674', 4: 523.9793943820519} 
{0: '0.5478468899521531', 1: '0.0', 2: '0.0', 3: '1.7328621078878674', 4: 526.2142185261391} 
{0: '0.548926014319809', 1: '0.0', 2: '0.0', 3: '1.6301766616608926', 4: 530.7959186993575} 
{0: '0.5476190476190477', 1: '0.0', 2: '0.0', 3: '1.6301766616608926', 4: 526.1555961322997} 
{0: '0.5486935866983373', 1: '0.0', 2: '0.0', 3: '1.7328621078878674', 4: 527.997628780758} 
{0: '0.54739336492891', 1: '0.0', 2: '0.0', 3: '1.7328621078878674', 4: 530.5389602022587} 
{0: '0.5484633569739953', 1: '0.0', 2: '0.0', 3: '1.6301766616608926', 4: 532.1980093392106} 
{0: '0.5471698113207547', 1: '0.0', 2: '0.0', 3: '1.6301766616608926', 4: 531.790292892299} 
{0: '0.548235294117647', 1: '0.0', 2: '0.0', 3: '1.7328621078878674', 4: 521.1639535036521} 
{0: '0.5469483568075117', 1: '0.0', 2: '0.0', 3: '1.7328621078878674', 4: 531.311724750322} 
{0: '0.5480093676814989', 1: '0.0', 2: '0.0', 3: '1.6301766616608926', 4: 524.2595552887491} 
{0: '0.5467289719626168', 1: '0.0', 2: '0.0', 3: '1.6301766616608926', 4: 524.1630536743141} 
{0: '0.5477855477855478', 1: '0.0', 2: '0.0', 3: '1.7328621078878674', 4: 522.922540770393} 
{0: '0.5465116279069767', 1: '0.0', 2: '0.0', 3: '1.7328621078878674', 4: 527.2885303506367} 
{0: '0.5475638051044084', 1: '0.0', 2: '0.0', 3: '1.6301766616608926', 4: 528.9366185818996} 
{0: '0.5462962962962963', 1: '0.0', 2: '0.0', 3: '1.6301766616608926', 4: 542.5779092010135} 
{0: '0.5450346420323325', 1: '0.0', 2: '0.0', 3: '1.6301766616608926', 4: 520.1944267038624} 
{0: '0.543778801843318', 1: '0.0', 2: '0.0', 3: '1.6301766616608926', 4: 527.6447054412216} 
{0: '0.5448275862068965', 1: '0.0', 2: '0.0', 3: '1.7328621078878674', 4: 528.3177081245663} 
{0: '0.5435779816513762', 1: '0.0', 2: '0.0', 3: '1.7328621078878674', 4: 531.8976452702693} 
{0: '0.5446224256292906', 1: '0.0', 2: '0.0', 3: '1.6301766616608926', 4: 545.3868414931347} 
{0: '0.54337899543379', 1: '0.0', 2: '0.0', 3: '1.6301766616608926', 4: 525.2231464444714} 
{0: '0.5444191343963554', 1: '0.0', 2: '0.0', 3: '1.7328621078878674', 4: 542.8987094302137} 
{0: '0.5454545454545454', 1: '0.0', 2: '0.0', 3: '1.842015749320195', 4: 531.5254431581808} 
{0: '0.546485260770975', 1: '0.0', 2: '0.0', 3: '1.958045020027179', 4: 538.0046149339834} 
{0: '0.5452488687782805', 1: '0.0', 2: '0.0', 3: '1.958045020027179', 4: 528.4324391491822} 
{0: '0.54627539503386', 1: '0.0', 2: '0.0', 3: '1.842015749320195', 4: 527.2502756183711} 
{0: '0.5472972972972973', 1: '0.0', 2: '0.0', 3: '1.7328621078878674', 4: 532.454946203224} 
{0: '0.5460674157303371', 1: '0.0', 2: '0.0', 3: '1.7328621078878674', 4: 521.2696991463365} 
{0: '0.5448430493273543', 1: '0.0', 2: '0.0', 3: '1.7328621078878674', 4: 532.7220877724737} 
{0: '0.5458612975391499', 1: '0.0', 2: '0.0', 3: '1.6301766616608926', 4: 541.4245055853646} 
{0: '0.5446428571428571', 1: '0.0', 2: '0.0', 3: '1.6301766616608926', 4: 527.598660092158} 
{0: '0.5456570155902004', 1: '0.0', 2: '0.0', 3: '1.7328621078878674', 4: 521.3860153699753} 
{0: '0.5444444444444444', 1: '0.0', 2: '0.0', 3: '1.7328621078878674', 4: 522.0226683030935} 
{0: '0.5454545454545454', 1: '0.0', 2: '0.0', 3: '1.6301766616608926', 4: 533.4211986919629} 
{0: '0.5442477876106194', 1: '0.0', 2: '0.0', 3: '1.6301766616608926', 4: 535.5549184811651} 
{0: '0.5452538631346578', 1: '0.0', 2: '0.0', 3: '1.7328621078878674', 4: 530.9095988626333} 
{0: '0.5462555066079295', 1: '0.0', 2: '0.0', 3: '1.842015749320195', 4: 526.1608280357655} 
{0: '0.5472527472527473', 1: '0.0', 2: '0.0', 3: '1.958045020027179', 4: 528.8195585923481} 
{0: '0.5482456140350878', 1: '0.0', 2: '0.0', 3: '2.081383018504685', 4: 526.3378976272913} 
{0: '0.5470459518599562', 1: '0.0', 2: '0.0', 3: '2.081383018504685', 4: 530.3546900808079} 
{0: '0.5480349344978166', 1: '0.0', 2: '0.0', 3: '1.958045020027179', 4: 531.2920845418661} 
{0: '0.5490196078431373', 1: '0.0', 2: '0.0', 3: '1.842015749320195', 4: 527.4316679493007} 
{0: '0.55', 1: '0.0', 2: '0.0', 3: '1.7328621078878674', 4: 534.9289945679735} 
{0: '0.5509761388286334', 1: '0.0', 2: '0.0', 3: '1.6301766616608926', 4: 542.8230688645069} 
{0: '0.5497835497835498', 1: '0.0', 2: '0.0', 3: '1.6301766616608926', 4: 521.0175578632043} 
{0: '0.5485961123110151', 1: '0.0', 2: '0.0', 3: '1.6301766616608926', 4: 524.3203818809382} 
{0: '0.5474137931034483', 1: '0.0', 2: '0.0', 3: '1.6301766616608926', 4: 522.7754991489355} 
{0: '0.5483870967741935', 1: '0.0', 2: '0.0', 3: '1.7328621078878674', 4: 525.0474928212445} 
{0: '0.5472103004291845', 1: '0.0', 2: '0.0', 3: '1.7328621078878674', 4: 525.3838741966889} 
{0: '0.5481798715203426', 1: '0.0', 2: '0.0', 3: '1.6301766616608926', 4: 524.8583027844394} 
{0: '0.5470085470085471', 1: '0.0', 2: '0.0', 3: '1.6301766616608926', 4: 531.093569498749} 
{0: '0.5479744136460555', 1: '0.0', 2: '0.0', 3: '1.7328621078878674', 4: 530.1798806112256} 
{0: '0.5468085106382978', 1: '0.0', 2: '0.0', 3: '1.7328621078878674', 4: 523.7957862396394} 
{0: '0.5477707006369427', 1: '0.0', 2: '0.0', 3: '1.6301766616608926', 4: 527.8427193826865} 
{0: '0.5466101694915254', 1: '0.0', 2: '0.0', 3: '1.6301766616608926', 4: 531.2876611768002} 
{0: '0.547568710359408', 1: '0.0', 2: '0.0', 3: '1.7328621078878674', 4: 530.7749882548893} 
{0: '0.5464135021097046', 1: '0.0', 2: '0.0', 3: '1.7328621078878674', 4: 526.2539986896155} 
{0: '0.5473684210526316', 1: '0.0', 2: '0.0', 3: '1.6301766616608926', 4: 521.4839465868488} 
{0: '0.5462184873949579', 1: '0.0', 2: '0.0', 3: '1.6301766616608926', 4: 520.1686377718655} 
{0: '0.5450733752620545', 1: '0.0', 2: '0.0', 3: '1.6301766616608926', 4: 523.4718391005362} 
{0: '0.5439330543933054', 1: '0.0', 2: '0.0', 3: '1.6301766616608926', 4: 527.1952647167602} 
{0: '0.5448851774530271', 1: '0.0', 2: '0.0', 3: '1.7328621078878674', 4: 525.2591245889912} 
{0: '0.54375', 1: '0.0', 2: '0.0', 3: '1.7328621078878674', 4: 539.1436208066148} 
{0: '0.5446985446985447', 1: '0.0', 2: '0.0', 3: '1.6301766616608926', 4: 532.0075594311204} 
{0: '0.5435684647302904', 1: '0.0', 2: '0.0', 3: '1.6301766616608926', 4: 519.4160071940478} 
{0: '0.5445134575569358', 1: '0.0', 2: '0.0', 3: '1.7328621078878674', 4: 539.2629794875912} 
{0: '0.5454545454545454', 1: '0.0', 2: '0.0', 3: '1.842015749320195', 4: 532.0439402753574} 
{0: '0.5463917525773195', 1: '0.0', 2: '0.0', 3: '1.958045020027179', 4: 525.9296469429052} 
{0: '0.5452674897119342', 1: '0.0', 2: '0.0', 3: '1.958045020027179', 4: 521.5725543676976} 
{0: '0.5462012320328542', 1: '0.0', 2: '0.0', 3: '1.842015749320195', 4: 534.5282463889537} 
{0: '0.5471311475409836', 1: '0.0', 2: '0.0', 3: '1.7328621078878674', 4: 526.6610352001527} 
{0: '0.5480572597137015', 1: '0.0', 2: '0.0', 3: '1.6301766616608926', 4: 526.9307796799924} 
{0: '0.5469387755102041', 1: '0.0', 2: '0.0', 3: '1.6301766616608926', 4: 523.0154129732026} 
{0: '0.5478615071283096', 1: '0.0', 2: '0.0', 3: '1.7328621078878674', 4: 526.8152659122704} 
{0: '0.5487804878048781', 1: '0.0', 2: '0.0', 3: '1.842015749320195', 4: 529.2344102032225} 
{0: '0.5476673427991886', 1: '0.0', 2: '0.0', 3: '1.842015749320195', 4: 534.5356851258113} 
{0: '0.548582995951417', 1: '0.0', 2: '0.0', 3: '1.7328621078878674', 4: 544.2931234296952} 
{0: '0.5474747474747474', 1: '0.0', 2: '0.0', 3: '1.7328621078878674', 4: 520.5160532035158} 
{0: '0.5483870967741935', 1: '0.0', 2: '0.0', 3: '1.842015749320195', 4: 532.0812005024627} 
{0: '0.5472837022132797', 1: '0.0', 2: '0.0', 3: '1.842015749320195', 4: 530.9680676538325} 
{0: '0.5481927710843374', 1: '0.0', 2: '0.0', 3: '1.7328621078878674', 4: 523.1047506949391} 
{0: '0.5490981963927856', 1: '0.0', 2: '0.0', 3: '1.6301766616608926', 4: 523.0672592901102} 
