{'STAT2HEADER': 'STAT2HEADER', 'STAT2HEADER_ENVIRON': 'environ({\'OMPI_MCA_pmix\': \'^s1,s2,cray,isolated\', \'PMIX_MCA_mca_base_component_show_load_errors\': \'1\', \'OMPI_COMMAND\': \'python3\', \'OMPI_ARGV\': \'static_snapshot.py 2 1min\', \'OMPI_MCA_orte_precondition_transports\': \'7b49f96b65944e1f-3a531c70fd646982\', \'LD_LIBRARY_PATH\': \'/salilab/diva1/programs/x86_64linux/numpy-py36-1.19.5/lib:/salilab/diva1/home/libs/x86_64/centos8:/salilab/diva1/home/libs/x86_64:/salilab/diva1/home/imp/main/20240607-af6f9d6a95/lib/release8:/salilab/diva1/programs/x86_64linux/opencv-4.3.0/lib64/rhel:/salilab/diva1/programs/x86_64linux/opencv-4.3.0/lib64:/salilab/diva1/programs/x86_64linux/hdf5-1.10.7/lib:/salilab/diva1/programs/x86_64linux/libtau-py27-1.0.1/lib64:/salilab/diva1/programs/x86_64linux/boost-1.73.0/lib64:/usr/lib64/openmpi/lib:/wynton/group/sali/miha_rozic/Software/imp-develop/build/lib::\', \'IMP_TMP_DIR\': \'/wynton/group/sali/miha_rozic/Software/imp-develop/build/tmp\', \'PE_HOSTFILE\': \'/var/spool/sge/wynton/qb3-id345/active_jobs/708593.1/pe_hostfile\', \'__LMOD_REF_COUNT_PATH\': \'/salilab/diva1/programs/x86_64linux/numpy-py36-1.19.5/bin:1;/salilab/diva1/home/imp/main/20240607-af6f9d6a95/bin/release8:1;/salilab/diva1/programs/x86_64linux/opencv-4.3.0/bin:1;/salilab/diva1/programs/x86_64linux/hdf5-1.10.7/bin:1;/usr/lib64/openmpi/bin:1;/wynton/home/sali/rozicmiha/.local/bin:1;/wynton/home/sali/rozicmiha/bin:1;/wynton/group/sali/miha_rozic/Software/imp-develop/build/bin:1;/wynton/group/sali/miha_rozic/Software/imp-develop/build/module_bin/EMageFit:1;/wynton/group/sali/miha_rozic/Software/imp-develop/build/module_bin/algebra:1;/wynton/group/sali/miha_rozic/Software/imp-develop/build/module_bin/atom:1;/wynton/group/sali/miha_rozic/Software/imp-develop/build/module_bin/benchmark:1;/wynton/group/sali/miha_rozic/Software/imp-develop/build/module_bin/cgal:1;/wynton/group/sali/miha_rozic/Software/imp-develop/build/module_bin/cnmultifit:1;/wynton/group/sali/miha_rozic/Software/imp-develop/build/module_bin/container:1;/wynton/group/sali/miha_rozic/Software/imp-develop/build/module_bin/core:1;/wynton/group/sali/miha_rozic/Software/imp-develop/build/module_bin/display:1;/wynton/group/sali/miha_rozic/Software/imp-develop/build/module_bin/domino:1;/wynton/group/sali/miha_rozic/Software/imp-develop/build/module_bin/em:1;/wynton/group/sali/miha_rozic/Software/imp-develop/build/module_bin/em2d:1;/wynton/group/sali/miha_rozic/Software/imp-develop/build/module_bin/example:1;/wynton/group/sali/miha_rozic/Software/imp-develop/build/module_bin/foxs:1;/wynton/group/sali/miha_rozic/Software/imp-develop/build/module_bin/gsl:1;/wynton/group/sali/miha_rozic/Software/imp-develop/build/module_bin/integrative_docking:1;/wynton/group/sali/miha_rozic/Software/imp-develop/build/module_bin/isd:1;/wynton/group/sali/miha_rozic/Software/imp-develop/build/module_bin/kernel:1;/wynton/group/sali/miha_rozic/Software/imp-develop/build/module_bin/kinematics:1;/wynton/group/sali/miha_rozic/Software/imp-develop/build/module_bin/kmeans:1;/wynton/group/sali/miha_rozic/Software/imp-develop/build/module_bin/misc:1;/wynton/group/sali/miha_rozic/Software/imp-develop/build/module_bin/mmcif:1;/wynton/group/sali/miha_rozic/Software/imp-develop/build/module_bin/modeller:1;/wynton/group/sali/miha_rozic/Software/imp-develop/build/module_bin/mpi:1;/wynton/group/sali/miha_rozic/Software/imp-develop/build/module_bin/multi_state:1;/wynton/group/sali/miha_rozic/Software/imp-develop/build/module_bin/multifit:1;/wynton/group/sali/miha_rozic/Software/imp-develop/build/module_bin/npc:1;/wynton/group/sali/miha_rozic/Software/imp-develop/build/module_bin/npcassembly:1;/wynton/group/sali/miha_rozic/Software/imp-develop/build/module_bin/parallel:1;/wynton/group/sali/miha_rozic/Software/imp-develop/build/module_bin/pepdock:1;/wynton/group/sali/miha_rozic/Software/imp-develop/build/module_bin/pmi:1;/wynton/group/sali/miha_rozic/Software/imp-develop/build/module_bin/rmf:1;/wynton/group/sali/miha_rozic/Software/imp-develop/build/module_bin/rotamer:1;/wynton/group/sali/miha_rozic/Software/imp-develop/build/module_bin/saxs:1;/wynton/group/sali/miha_rozic/Software/imp-develop/build/module_bin/saxs_merge:1;/wynton/group/sali/miha_rozic/Software/imp-develop/build/module_bin/score_functor:1;/wynton/group/sali/miha_rozic/Software/imp-develop/build/module_bin/scratch:1;/wynton/group/sali/miha_rozic/Software/imp-develop/build/module_bin/spb:1;/wynton/group/sali/miha_rozic/Software/imp-develop/build/module_bin/statistics:1;/wynton/group/sali/miha_rozic/Software/imp-develop/build/module_bin/symmetry:1;/wynton/group/sali/miha_rozic/Software/imp-develop/build/module_bin/test:1;/opt/sge/bin:1;/opt/sge/bin/lx-amd64:1;/scratch/708593.1.member.q:1;/usr/local/bin:1;/bin:1;/usr/bin:1;/usr/local/sbin:1;/usr/sbin:1\', \'_ModuleTable002_\': \'fSwKc3RhY2tEZXB0aCA9IDEsCnN0YXR1cyA9ICJhY3RpdmUiLAp1c2VyTmFtZSA9ICJib29zdC8xLjczLjAiLAp3ViA9ICIwMDAwMDAwMDEuMDAwMDAwMDczLip6ZmluYWwiLAp9LApoZGY1ID0gewpmbiA9ICIvc2FsaWxhYi9kaXZhMS9ob21lL21vZHVsZXMvaGRmNS8xLjEwLjciLApmdWxsTmFtZSA9ICJoZGY1LzEuMTAuNyIsCmxvYWRPcmRlciA9IDUsCnByb3BUID0ge30sCnN0YWNrRGVwdGggPSAyLApzdGF0dXMgPSAiYWN0aXZlIiwKdXNlck5hbWUgPSAiaGRmNS8xLjEwLjciLAp3ViA9ICIwMDAwMDAwMDEuMDAwMDAwMDEwLjAwMDAwMDAwNy4qemZpbmFsIiwKfSwKaW1wID0gewpmbiA9ICIvc2FsaWxhYi9kaXZhMS9ob21lL21vZHVsZXMvaW1wLzIuMjEuMCIsCmZ1bGxO\', \'IMP_DIR\': \'/salilab/diva1/home/imp/main/20240607-af6f9d6a95/lib/release8/cmake/IMP\', \'QUEUE\': \'member.q\', \'GOTO_NUM_THREADS\': \'1\', \'MPI_PYTHON3_SITEARCH\': \'/usr/lib64/python3.6/site-packages/openmpi\', \'LANG\': \'en_US.UTF-8\', \'HISTCONTROL\': \'ignoredups\', \'_ModuleTable008_\': \'cyIsCmZ1bGxOYW1lID0gInNhbGktbGlicmFyaWVzIiwKbG9hZE9yZGVyID0gOCwKcHJvcFQgPSB7fSwKc3RhY2tEZXB0aCA9IDEsCnN0YXR1cyA9ICJhY3RpdmUiLAp1c2VyTmFtZSA9ICJzYWxpLWxpYnJhcmllcyIsCndWID0gIk0uKnpmaW5hbCIsCn0sCn0sCm1wYXRoQSA9IHsKIi9zYWxpbGFiL2RpdmExL2hvbWUvbW9kdWxlcyIsICIvZXRjL21vZHVsZWZpbGVzIiwgIi91c3Ivc2hhcmUvbW9kdWxlZmlsZXMiCiwgIi91c3Ivc2hhcmUvbW9kdWxlZmlsZXMvTGludXgiLCAiL3Vzci9zaGFyZS9tb2R1bGVmaWxlcy9Db3JlIiwgIi91c3Ivc2hhcmUvbG1vZC9sbW9kL21vZHVsZWZpbGVzL0NvcmUiLAp9LApzeXN0ZW1CYXNlTVBBVEggPSAiL2V0Yy9tb2R1bGVmaWxlczovdXNy\', \'SGE_O_HOST\': \'dev1\', \'HOSTNAME\': \'qb3-id345.wynton.ucsf.edu\', \'OPENBLAS_NUM_THREADS\': \'1\', \'__LMOD_REF_COUNT_CMAKE_INCLUDE_PATH\': \'/salilab/diva1/programs/x86_64linux/opencv-4.3.0/include/opencv4:1;/salilab/diva1/programs/x86_64linux/hdf5-1.10.7/include:1;/salilab/diva1/programs/x86_64linux/libtau-py27-1.0.1/include:1;/salilab/diva1/programs/x86_64linux/boost-1.73.0/include:1\', \'SGE_RSH_COMMAND\': \'builtin\', \'ENVIRONMENT\': \'BATCH\', \'IMP_DATA\': \'/wynton/group/sali/miha_rozic/Software/imp-develop/build/data\', \'REQUEST\': \'test1\', \'SGE_STDIN_PATH\': \'/dev/null\', \'SGE_CELL\': \'wynton\', \'_ModuleTable007_\': \'MjEuMyIsCndWID0gIjAwMDAwMDAwMC4wMDAwMDAwMjEuMDAwMDAwMDAzLip6ZmluYWwiLAp9LApbInB5dGhvbjMvc2NpcHkiXSA9IHsKZm4gPSAiL3NhbGlsYWIvZGl2YTEvaG9tZS9tb2R1bGVzL3B5dGhvbjMvc2NpcHkvMS4zLjIiLApmdWxsTmFtZSA9ICJweXRob24zL3NjaXB5LzEuMy4yIiwKbG9hZE9yZGVyID0gMTAsCnByb3BUID0ge30sCnN0YWNrRGVwdGggPSAxLApzdGF0dXMgPSAiYWN0aXZlIiwKdXNlck5hbWUgPSAicHl0aG9uMy9zY2lweS8xLjMuMiIsCndWID0gIjAwMDAwMDAwMS4wMDAwMDAwMDMuMDAwMDAwMDAyLip6ZmluYWwiLAp9LApbInNhbGktbGlicmFyaWVzIl0gPSB7CmZuID0gIi9zYWxpbGFiL2RpdmExL2hvbWUvbW9kdWxlcy9zYWxpLWxpYnJhcmll\', \'CMAKE_INCLUDE_PATH\': \'/salilab/diva1/programs/x86_64linux/opencv-4.3.0/include/opencv4:/salilab/diva1/programs/x86_64linux/hdf5-1.10.7/include:/salilab/diva1/programs/x86_64linux/libtau-py27-1.0.1/include:/salilab/diva1/programs/x86_64linux/boost-1.73.0/include\', \'__LMOD_REF_COUNT_LD_LIBRARY_PATH\': \'/salilab/diva1/programs/x86_64linux/numpy-py36-1.19.5/lib:1;/salilab/diva1/home/libs/x86_64/centos8:1;/salilab/diva1/home/libs/x86_64:1;/salilab/diva1/home/imp/main/20240607-af6f9d6a95/lib/release8:1;/salilab/diva1/programs/x86_64linux/opencv-4.3.0/lib64/rhel:1;/salilab/diva1/programs/x86_64linux/opencv-4.3.0/lib64:1;/salilab/diva1/programs/x86_64linux/hdf5-1.10.7/lib:1;/salilab/diva1/programs/x86_64linux/libtau-py27-1.0.1/lib64:1;/salilab/diva1/programs/x86_64linux/boost-1.73.0/lib64:1;/usr/lib64/openmpi/lib:1;/wynton/group/sali/miha_rozic/Software/imp-develop/build/lib:2;:1\', \'__LMOD_REF_COUNT_PKG_CONFIG_PATH\': \'/usr/lib64/openmpi/lib/pkgconfig:1\', \'_ModuleTable004_\': \'aGFyZS9tb2R1bGVmaWxlcy9tcGkvb3Blbm1waS14ODZfNjQiLApmdWxsTmFtZSA9ICJtcGkvb3Blbm1waS14ODZfNjQiLApsb2FkT3JkZXIgPSAyLApwcm9wVCA9IHt9LApzdGFja0RlcHRoID0gMCwKc3RhdHVzID0gImFjdGl2ZSIsCnVzZXJOYW1lID0gIm1waS9vcGVubXBpLXg4Nl82NCIsCndWID0gIipvcGVubXBpLip4LjAwMDAwMDA4Ni4qXy4wMDAwMDAwNjQuKnpmaW5hbCIsCn0sCm9wZW5jdiA9IHsKZm4gPSAiL3NhbGlsYWIvZGl2YTEvaG9tZS9tb2R1bGVzL29wZW5jdi80LjMuMCIsCmZ1bGxOYW1lID0gIm9wZW5jdi80LjMuMCIsCmxvYWRPcmRlciA9IDYsCnByb3BUID0ge30sCnN0YWNrRGVwdGggPSAxLApzdGF0dXMgPSAiYWN0aXZlIiwKdXNlck5hbWUgPSAib3Bl\', \'__LMOD_REF_COUNT_PYTHONPATH\': \'/salilab/diva1/programs/x86_64linux/scikit-py36-0.21.3/lib64/python3.6/site-packages:1;/salilab/diva1/programs/linux/joblib-0.17.0/lib/python3.6/site-packages:1;/salilab/diva1/programs/x86_64linux/scipy-py36-1.3.2/lib64/python3.6/site-packages:1;/salilab/diva1/programs/x86_64linux/numpy-py36-1.19.5/lib64/python3.6/site-packages:1;/salilab/diva1/home/imp/main/20240607-af6f9d6a95/lib/release8:1;/salilab/diva1/programs/x86_64linux/opencv-4.3.0/lib/python3.6/site-packages:1;/wynton/group/sali/miha_rozic/Software/imp-develop/build/lib:2;:1\', \'which_declare\': \'declare -f\', \'NHOSTS\': \'1\', \'SGE_O_WORKDIR\': \'/wynton/group/sali/miha_rozic/Input_information/SNAPSHOTS/central_directory/snapshot2_1min/run24\', \'USER\': \'rozicmiha\', \'SGE_TASK_ID\': \'undefined\', \'__LMOD_REF_COUNT_CMAKE_LIBRARY_PATH\': \'/salilab/diva1/programs/x86_64linux/opencv-4.3.0/lib64:1;/salilab/diva1/programs/x86_64linux/hdf5-1.10.7/lib:1;/salilab/diva1/programs/x86_64linux/libtau-py27-1.0.1/lib64:1;/salilab/diva1/programs/x86_64linux/boost-1.73.0/lib64:1\', \'SGE_TASK_FIRST\': \'undefined\', \'NSLOTS\': \'16\', \'__LMOD_REF_COUNT_MODULEPATH\': \'/salilab/diva1/home/modules:1;/etc/modulefiles:1;/usr/share/modulefiles:1;/usr/share/modulefiles/Linux:1;/usr/share/modulefiles/Core:1;/usr/share/lmod/lmod/modulefiles/Core:1\', \'PWD\': \'/wynton/group/sali/miha_rozic/Input_information/SNAPSHOTS/central_directory/snapshot2_1min/run24\', \'HOME\': \'/wynton/home/sali/rozicmiha\', \'NQUEUES\': \'1\', \'TMP\': \'/scratch/708593.1.member.q\', \'PE\': \'smp\', \'SGE_O_HOME\': \'/wynton/home/sali/rozicmiha\', \'LMOD_VERSION\': \'8.7.32\', \'JOB_NAME\': \'test1\', \'BASH_ENV\': \'/usr/share/lmod/lmod/init/bash\', \'MPI_FORTRAN_MOD_DIR\': \'/usr/lib64/gfortran/modules/openmpi\', \'SGE_TASK_LAST\': \'undefined\', \'MKL_NUM_THREADS\': \'1\', \'MPI_COMPILER\': \'openmpi-x86_64\', \'SGE_ACCOUNT\': \'sge\', \'SGE_ROOT\': \'/opt/sge\', \'MPI_SUFFIX\': \'_openmpi\', \'TMPDIR\': \'/scratch/708593.1.member.q\', \'RESTARTED\': \'0\', \'LMOD_sys\': \'Linux\', \'_ModuleTable001_\': \'X01vZHVsZVRhYmxlXyA9IHsKTVR2ZXJzaW9uID0gMywKY19yZWJ1aWxkVGltZSA9IGZhbHNlLApjX3Nob3J0VGltZSA9IGZhbHNlLApkZXB0aFQgPSB7fSwKZmFtaWx5ID0ge30sCm1UID0gewpTYWxpID0gewpmbiA9ICIvZXRjL21vZHVsZWZpbGVzL1NhbGkubHVhIiwKZnVsbE5hbWUgPSAiU2FsaSIsCmxvYWRPcmRlciA9IDEsCnByb3BUID0ge30sCnN0YWNrRGVwdGggPSAwLApzdGF0dXMgPSAiYWN0aXZlIiwKdXNlck5hbWUgPSAiU2FsaSIsCndWID0gIk0uKnpmaW5hbCIsCn0sCmJvb3N0ID0gewpmbiA9ICIvc2FsaWxhYi9kaXZhMS9ob21lL21vZHVsZXMvYm9vc3QvMS43My4wIiwKZnVsbE5hbWUgPSAiYm9vc3QvMS43My4wIiwKbG9hZE9yZGVyID0gMywKcHJvcFQgPSB7\', \'LOADEDMODULES\': \'Sali:mpi/openmpi-x86_64:boost/1.73.0:libtau/1.0.1:hdf5/1.10.7:opencv/4.3.0:imp/2.21.0:sali-libraries:python3/numpy/1.19.5:python3/scipy/1.3.2:python3/joblib/0.17.0:python3/scikit/0.21.3\', \'SGE_O_PATH\': \'/salilab/diva1/programs/x86_64linux/numpy-py36-1.19.5/bin:/salilab/diva1/home/imp/main/20240607-af6f9d6a95/bin/release8:/salilab/diva1/programs/x86_64linux/opencv-4.3.0/bin:/salilab/diva1/programs/x86_64linux/hdf5-1.10.7/bin:/wynton/home/sali/rozicmiha/.local/bin:/wynton/home/sali/rozicmiha/bin:/wynton/group/sali/miha_rozic/Software/imp-develop/build/bin:/wynton/group/sali/miha_rozic/Software/imp-develop/build/module_bin/EMageFit:/wynton/group/sali/miha_rozic/Software/imp-develop/build/module_bin/algebra:/wynton/group/sali/miha_rozic/Software/imp-develop/build/module_bin/atom:/wynton/group/sali/miha_rozic/Software/imp-develop/build/module_bin/benchmark:/wynton/group/sali/miha_rozic/Software/imp-develop/build/module_bin/cgal:/wynton/group/sali/miha_rozic/Software/imp-develop/build/module_bin/cnmultifit:/wynton/group/sali/miha_rozic/Software/imp-develop/build/module_bin/container:/wynton/group/sali/miha_rozic/Software/imp-develop/build/module_bin/core:/wynton/group/sali/miha_rozic/Software/imp-develop/build/module_bin/display:/wynton/group/sali/miha_rozic/Software/imp-develop/build/module_bin/domino:/wynton/group/sali/miha_rozic/Software/imp-develop/build/module_bin/em:/wynton/group/sali/miha_rozic/Software/imp-develop/build/module_bin/em2d:/wynton/group/sali/miha_rozic/Software/imp-develop/build/module_bin/example:/wynton/group/sali/miha_rozic/Software/imp-develop/build/module_bin/foxs:/wynton/group/sali/miha_rozic/Software/imp-develop/build/module_bin/gsl:/wynton/group/sali/miha_rozic/Software/imp-develop/build/module_bin/integrative_docking:/wynton/group/sali/miha_rozic/Software/imp-develop/build/module_bin/isd:/wynton/group/sali/miha_rozic/Software/imp-develop/build/module_bin/kernel:/wynton/group/sali/miha_rozic/Software/imp-develop/build/module_bin/kinematics:/wynton/group/sali/miha_rozic/Software/imp-develop/build/module_bin/kmeans:/wynton/group/sali/miha_rozic/Software/imp-develop/build/module_bin/misc:/wynton/group/sali/miha_rozic/Software/imp-develop/build/module_bin/mmcif:/wynton/group/sali/miha_rozic/Software/imp-develop/build/module_bin/modeller:/wynton/group/sali/miha_rozic/Software/imp-develop/build/module_bin/mpi:/wynton/group/sali/miha_rozic/Software/imp-develop/build/module_bin/multi_state:/wynton/group/sali/miha_rozic/Software/imp-develop/build/module_bin/multifit:/wynton/group/sali/miha_rozic/Software/imp-develop/build/module_bin/npc:/wynton/group/sali/miha_rozic/Software/imp-develop/build/module_bin/npcassembly:/wynton/group/sali/miha_rozic/Software/imp-develop/build/module_bin/parallel:/wynton/group/sali/miha_rozic/Software/imp-develop/build/module_bin/pepdock:/wynton/group/sali/miha_rozic/Software/imp-develop/build/module_bin/pmi:/wynton/group/sali/miha_rozic/Software/imp-develop/build/module_bin/rmf:/wynton/group/sali/miha_rozic/Software/imp-develop/build/module_bin/rotamer:/wynton/group/sali/miha_rozic/Software/imp-develop/build/module_bin/saxs:/wynton/group/sali/miha_rozic/Software/imp-develop/build/module_bin/saxs_merge:/wynton/group/sali/miha_rozic/Software/imp-develop/build/module_bin/score_functor:/wynton/group/sali/miha_rozic/Software/imp-develop/build/module_bin/scratch:/wynton/group/sali/miha_rozic/Software/imp-develop/build/module_bin/spb:/wynton/group/sali/miha_rozic/Software/imp-develop/build/module_bin/statistics:/wynton/group/sali/miha_rozic/Software/imp-develop/build/module_bin/symmetry:/wynton/group/sali/miha_rozic/Software/imp-develop/build/module_bin/test:/opt/sge/bin:/opt/sge/bin/lx-amd64:/usr/local/bin:/usr/bin:/usr/local/sbin:/usr/sbin\', \'SGE_O_SHELL\': \'/bin/bash\', \'_ModuleTable006_\': \'bWUgPSAicHl0aG9uMy9udW1weS8xLjE5LjUiLApsb2FkT3JkZXIgPSA5LApwcm9wVCA9IHt9LApzdGFja0RlcHRoID0gMiwKc3RhdHVzID0gImFjdGl2ZSIsCnVzZXJOYW1lID0gInB5dGhvbjMvbnVtcHkvMS4xOS41IiwKd1YgPSAiMDAwMDAwMDAxLjAwMDAwMDAxOS4wMDAwMDAwMDUuKnpmaW5hbCIsCn0sClsicHl0aG9uMy9zY2lraXQiXSA9IHsKZm4gPSAiL3NhbGlsYWIvZGl2YTEvaG9tZS9tb2R1bGVzL3B5dGhvbjMvc2Npa2l0LzAuMjEuMyIsCmZ1bGxOYW1lID0gInB5dGhvbjMvc2Npa2l0LzAuMjEuMyIsCmxvYWRPcmRlciA9IDEyLApwcm9wVCA9IHt9LApzdGFja0RlcHRoID0gMCwKc3RhdHVzID0gImFjdGl2ZSIsCnVzZXJOYW1lID0gInB5dGhvbjMvc2Npa2l0LzAu\', \'__LMOD_REF_COUNT_MANPATH\': \':2;/usr/share/man/openmpi-x86_64:1;/opt/sge/man:1;/usr/share/lmod/lmod/share/man:1\', \'MPI_INCLUDE\': \'/usr/include/openmpi-x86_64\', \'_ModuleTable003_\': \'YW1lID0gImltcC8yLjIxLjAiLApsb2FkT3JkZXIgPSA3LApwcm9wVCA9IHt9LApzdGFja0RlcHRoID0gMCwKc3RhdHVzID0gImFjdGl2ZSIsCnVzZXJOYW1lID0gImltcCIsCndWID0gIl4wMDAwMDAwMi4wMDAwMDAwMjEuKnpmaW5hbCIsCn0sCmxpYnRhdSA9IHsKZm4gPSAiL3NhbGlsYWIvZGl2YTEvaG9tZS9tb2R1bGVzL2xpYnRhdS8xLjAuMSIsCmZ1bGxOYW1lID0gImxpYnRhdS8xLjAuMSIsCmxvYWRPcmRlciA9IDQsCnByb3BUID0ge30sCnN0YWNrRGVwdGggPSAxLApzdGF0dXMgPSAiYWN0aXZlIiwKdXNlck5hbWUgPSAibGlidGF1LzEuMC4xIiwKd1YgPSAiMDAwMDAwMDAxLjAwMDAwMDAwMC4wMDAwMDAwMDEuKnpmaW5hbCIsCn0sCm1waSA9IHsKZm4gPSAiL3Vzci9z\', \'LMOD_ROOT\': \'/usr/share/lmod\', \'SYSTEMCTL_SKIP_REDIRECT\': \'\', \'MAIL\': \'/var/spool/mail/rozicmiha\', \'SGE_CWD_PATH\': \'/wynton/group/sali/miha_rozic/Input_information/SNAPSHOTS/central_directory/snapshot2_1min/run24\', \'MPI_HOME\': \'/usr/lib64/openmpi\', \'_ModuleTable009_\': \'L3NoYXJlL21vZHVsZWZpbGVzOi91c3Ivc2hhcmUvbW9kdWxlZmlsZXMvTGludXg6L3Vzci9zaGFyZS9tb2R1bGVmaWxlcy9Db3JlOi91c3Ivc2hhcmUvbG1vZC9sbW9kL21vZHVsZWZpbGVzL0NvcmUiLAp9Cg==\', \'SGE_TASK_STEPSIZE\': \'undefined\', \'SHELL\': \'/bin/bash\', \'TERM\': \'\', \'_ModuleTable_Sz_\': \'9\', \'SGE_JOB_SPOOL_DIR\': \'/var/spool/sge/wynton/qb3-id345/active_jobs/708593.1\', \'JOB_ID\': \'708593\', \'IMP_EXAMPLE_DATA\': \'/wynton/group/sali/miha_rozic/Software/imp-develop/build/doc/examples\', \'R_FUTURE_AVAILABLECORES_FALLBACK\': \'1\', \'JOB_SCRIPT\': \'/var/spool/sge/wynton/qb3-id345/job_scripts/708593\', \'SHLVL\': \'2\', \'SGE_O_LOGNAME\': \'rozicmiha\', \'SGE_O_MAIL\': \'/var/spool/mail/rozicmiha\', \'PYTHONPATH\': \'/salilab/diva1/programs/x86_64linux/scikit-py36-0.21.3/lib64/python3.6/site-packages:/salilab/diva1/programs/linux/joblib-0.17.0/lib/python3.6/site-packages:/salilab/diva1/programs/x86_64linux/scipy-py36-1.3.2/lib64/python3.6/site-packages:/salilab/diva1/programs/x86_64linux/numpy-py36-1.19.5/lib64/python3.6/site-packages:/salilab/diva1/home/imp/main/20240607-af6f9d6a95/lib/release8:/salilab/diva1/programs/x86_64linux/opencv-4.3.0/lib/python3.6/site-packages:/wynton/group/sali/miha_rozic/Software/imp-develop/build/lib::\', \'MANPATH\': \':/usr/share/man/openmpi-x86_64:/opt/sge/man:/usr/share/lmod/lmod/share/man\', \'MODULEPATH\': \'/salilab/diva1/home/modules:/etc/modulefiles:/usr/share/modulefiles:/usr/share/modulefiles/Linux:/usr/share/modulefiles/Core:/usr/share/lmod/lmod/modulefiles/Core\', \'MPI_SYSCONFIG\': \'/etc/openmpi-x86_64\', \'LOGNAME\': \'rozicmiha\', \'SYSTEMCTL_IGNORE_DEPENDENCIES\': \'\', \'MODULEPATH_ROOT\': \'/usr/share/modulefiles\', \'PATH\': \'/salilab/diva1/programs/x86_64linux/numpy-py36-1.19.5/bin:/salilab/diva1/home/imp/main/20240607-af6f9d6a95/bin/release8:/salilab/diva1/programs/x86_64linux/opencv-4.3.0/bin:/salilab/diva1/programs/x86_64linux/hdf5-1.10.7/bin:/usr/lib64/openmpi/bin:/wynton/home/sali/rozicmiha/.local/bin:/wynton/home/sali/rozicmiha/bin:/wynton/group/sali/miha_rozic/Software/imp-develop/build/bin:/wynton/group/sali/miha_rozic/Software/imp-develop/build/module_bin/EMageFit:/wynton/group/sali/miha_rozic/Software/imp-develop/build/module_bin/algebra:/wynton/group/sali/miha_rozic/Software/imp-develop/build/module_bin/atom:/wynton/group/sali/miha_rozic/Software/imp-develop/build/module_bin/benchmark:/wynton/group/sali/miha_rozic/Software/imp-develop/build/module_bin/cgal:/wynton/group/sali/miha_rozic/Software/imp-develop/build/module_bin/cnmultifit:/wynton/group/sali/miha_rozic/Software/imp-develop/build/module_bin/container:/wynton/group/sali/miha_rozic/Software/imp-develop/build/module_bin/core:/wynton/group/sali/miha_rozic/Software/imp-develop/build/module_bin/display:/wynton/group/sali/miha_rozic/Software/imp-develop/build/module_bin/domino:/wynton/group/sali/miha_rozic/Software/imp-develop/build/module_bin/em:/wynton/group/sali/miha_rozic/Software/imp-develop/build/module_bin/em2d:/wynton/group/sali/miha_rozic/Software/imp-develop/build/module_bin/example:/wynton/group/sali/miha_rozic/Software/imp-develop/build/module_bin/foxs:/wynton/group/sali/miha_rozic/Software/imp-develop/build/module_bin/gsl:/wynton/group/sali/miha_rozic/Software/imp-develop/build/module_bin/integrative_docking:/wynton/group/sali/miha_rozic/Software/imp-develop/build/module_bin/isd:/wynton/group/sali/miha_rozic/Software/imp-develop/build/module_bin/kernel:/wynton/group/sali/miha_rozic/Software/imp-develop/build/module_bin/kinematics:/wynton/group/sali/miha_rozic/Software/imp-develop/build/module_bin/kmeans:/wynton/group/sali/miha_rozic/Software/imp-develop/build/module_bin/misc:/wynton/group/sali/miha_rozic/Software/imp-develop/build/module_bin/mmcif:/wynton/group/sali/miha_rozic/Software/imp-develop/build/module_bin/modeller:/wynton/group/sali/miha_rozic/Software/imp-develop/build/module_bin/mpi:/wynton/group/sali/miha_rozic/Software/imp-develop/build/module_bin/multi_state:/wynton/group/sali/miha_rozic/Software/imp-develop/build/module_bin/multifit:/wynton/group/sali/miha_rozic/Software/imp-develop/build/module_bin/npc:/wynton/group/sali/miha_rozic/Software/imp-develop/build/module_bin/npcassembly:/wynton/group/sali/miha_rozic/Software/imp-develop/build/module_bin/parallel:/wynton/group/sali/miha_rozic/Software/imp-develop/build/module_bin/pepdock:/wynton/group/sali/miha_rozic/Software/imp-develop/build/module_bin/pmi:/wynton/group/sali/miha_rozic/Software/imp-develop/build/module_bin/rmf:/wynton/group/sali/miha_rozic/Software/imp-develop/build/module_bin/rotamer:/wynton/group/sali/miha_rozic/Software/imp-develop/build/module_bin/saxs:/wynton/group/sali/miha_rozic/Software/imp-develop/build/module_bin/saxs_merge:/wynton/group/sali/miha_rozic/Software/imp-develop/build/module_bin/score_functor:/wynton/group/sali/miha_rozic/Software/imp-develop/build/module_bin/scratch:/wynton/group/sali/miha_rozic/Software/imp-develop/build/module_bin/spb:/wynton/group/sali/miha_rozic/Software/imp-develop/build/module_bin/statistics:/wynton/group/sali/miha_rozic/Software/imp-develop/build/module_bin/symmetry:/wynton/group/sali/miha_rozic/Software/imp-develop/build/module_bin/test:/opt/sge/bin:/opt/sge/bin/lx-amd64:/scratch/708593.1.member.q:/usr/local/bin:/bin:/usr/bin:/usr/local/sbin:/usr/sbin\', \'MPI_BIN\': \'/usr/lib64/openmpi/bin\', \'SGE_STDERR_PATH\': \'/wynton/group/sali/miha_rozic/Input_information/SNAPSHOTS/central_directory/snapshot2_1min/run24/test1.o708593\', \'_LMFILES_\': \'/etc/modulefiles/Sali.lua:/usr/share/modulefiles/mpi/openmpi-x86_64:/salilab/diva1/home/modules/boost/1.73.0:/salilab/diva1/home/modules/libtau/1.0.1:/salilab/diva1/home/modules/hdf5/1.10.7:/salilab/diva1/home/modules/opencv/4.3.0:/salilab/diva1/home/modules/imp/2.21.0:/salilab/diva1/home/modules/sali-libraries:/salilab/diva1/home/modules/python3/numpy/1.19.5:/salilab/diva1/home/modules/python3/scipy/1.3.2:/salilab/diva1/home/modules/python3/joblib/0.17.0:/salilab/diva1/home/modules/python3/scikit/0.21.3\', \'DEBUGINFOD_URLS\': \'https://debuginfod.centos.org/ \', \'MODULESHOME\': \'/usr/share/lmod/lmod\', \'PKG_CONFIG_PATH\': \'/usr/lib64/openmpi/lib/pkgconfig\', \'LMOD_SETTARG_FULL_SUPPORT\': \'no\', \'HISTSIZE\': \'1000\', \'SGE_ARCH\': \'lx-amd64\', \'LMOD_PKG\': \'/usr/share/lmod/lmod\', \'CMAKE_LIBRARY_PATH\': \'/salilab/diva1/programs/x86_64linux/opencv-4.3.0/lib64:/salilab/diva1/programs/x86_64linux/hdf5-1.10.7/lib:/salilab/diva1/programs/x86_64linux/libtau-py27-1.0.1/lib64:/salilab/diva1/programs/x86_64linux/boost-1.73.0/lib64\', \'ARC\': \'lx-amd64\', \'MPI_LIB\': \'/usr/lib64/openmpi/lib\', \'SGE_BINARY_PATH\': \'/opt/sge/bin/lx-amd64\', \'SGE_STDOUT_PATH\': \'/wynton/group/sali/miha_rozic/Input_information/SNAPSHOTS/central_directory/snapshot2_1min/run24/test1.o708593\', \'_ModuleTable005_\': \'bmN2LzQuMy4wIiwKd1YgPSAiMDAwMDAwMDA0LjAwMDAwMDAwMy4qemZpbmFsIiwKfSwKWyJweXRob24zL2pvYmxpYiJdID0gewpmbiA9ICIvc2FsaWxhYi9kaXZhMS9ob21lL21vZHVsZXMvcHl0aG9uMy9qb2JsaWIvMC4xNy4wIiwKZnVsbE5hbWUgPSAicHl0aG9uMy9qb2JsaWIvMC4xNy4wIiwKbG9hZE9yZGVyID0gMTEsCnByb3BUID0ge30sCnN0YWNrRGVwdGggPSAxLApzdGF0dXMgPSAiYWN0aXZlIiwKdXNlck5hbWUgPSAicHl0aG9uMy9qb2JsaWIiLAp3ViA9ICIwMDAwMDAwMDAuMDAwMDAwMDE3Lip6ZmluYWwiLAp9LApbInB5dGhvbjMvbnVtcHkiXSA9IHsKZm4gPSAiL3NhbGlsYWIvZGl2YTEvaG9tZS9tb2R1bGVzL3B5dGhvbjMvbnVtcHkvMS4xOS41IiwKZnVsbE5h\', \'LMOD_CMD\': \'/usr/share/lmod/lmod/libexec/lmod\', \'REQNAME\': \'test1\', \'IMP_BIN_DIR\': \'/wynton/group/sali/miha_rozic/Software/imp-develop/build/bin\', \'MPI_MAN\': \'/usr/share/man/openmpi-x86_64\', \'LESSOPEN\': \'||/usr/bin/lesspipe.sh %s\', \'OMP_NUM_THREADS\': \'1\', \'SGE_CLUSTER_NAME\': \'wynton_cluster\', \'LMOD_DIR\': \'/usr/share/lmod/lmod/libexec\', \'BASH_FUNC_which%%\': \'() {  ( alias;\\n eval ${which_declare} ) | /usr/bin/which --tty-only --read-alias --read-functions --show-tilde --show-dot $@\\n}\', \'BASH_FUNC_module%%\': \'() {  if [ -z "${LMOD_SH_DBG_ON+x}" ]; then\\n case "$-" in \\n *v*x*)\\n __lmod_sh_dbg=\\\'vx\\\'\\n ;;\\n *v*)\\n __lmod_sh_dbg=\\\'v\\\'\\n ;;\\n *x*)\\n __lmod_sh_dbg=\\\'x\\\'\\n ;;\\n esac;\\n fi;\\n if [ -n "${__lmod_sh_dbg:-}" ]; then\\n set +$__lmod_sh_dbg;\\n echo "Shell debugging temporarily silenced: export LMOD_SH_DBG_ON=1 for Lmod\\\'s output" 1>&2;\\n fi;\\n eval "$($LMOD_CMD shell "$@")" && eval "$(${LMOD_SETTARG_CMD:-:} -s sh)";\\n __lmod_my_status=$?;\\n if [ -n "${__lmod_sh_dbg:-}" ]; then\\n echo "Shell debugging restarted" 1>&2;\\n set -$__lmod_sh_dbg;\\n fi;\\n unset __lmod_sh_dbg;\\n return $__lmod_my_status\\n}\', \'BASH_FUNC_ml%%\': \'() {  eval "$($LMOD_DIR/ml_cmd "$@")"\\n}\', \'_\': \'/usr/lib64/openmpi/bin/mpirun\', \'IPATH_NO_BACKTRACE\': \'1\', \'HFI_NO_BACKTRACE\': \'1\', \'OMPI_MCA_orte_local_daemon_uri\': \'3668312064.0;tcp://172.26.39.95:52825\', \'OMPI_MCA_orte_hnp_uri\': \'3668312064.0;tcp://172.26.39.95:52825\', \'OMPI_MCA_mpi_oversubscribe\': \'0\', \'OMPI_MCA_orte_app_num\': \'0\', \'OMPI_UNIVERSE_SIZE\': \'16\', \'OMPI_MCA_orte_num_nodes\': \'1\', \'OMPI_MCA_shmem_RUNTIME_QUERY_hint\': \'mmap\', \'OMPI_MCA_orte_bound_at_launch\': \'1\', \'OMPI_MCA_ess\': \'^singleton\', \'OMPI_MCA_orte_ess_num_procs\': \'16\', \'OMPI_COMM_WORLD_SIZE\': \'16\', \'OMPI_COMM_WORLD_LOCAL_SIZE\': \'16\', \'OMPI_MCA_orte_tmpdir_base\': \'/scratch/708593.1.member.q\', \'OMPI_MCA_orte_top_session_dir\': \'/scratch/708593.1.member.q/ompi.qb3-id345.11149\', \'OMPI_MCA_orte_jobfam_session_dir\': \'/scratch/708593.1.member.q/ompi.qb3-id345.11149/pid.1380629\', \'OMPI_NUM_APP_CTX\': \'1\', \'OMPI_FIRST_RANKS\': \'0\', \'OMPI_APP_CTX_NUM_PROCS\': \'16\', \'OMPI_MCA_initial_wdir\': \'/wynton/group/sali/miha_rozic/Input_information/SNAPSHOTS/central_directory/snapshot2_1min/run24\', \'OMPI_MCA_orte_launch\': \'1\', \'PMIX_NAMESPACE\': \'3668312065\', \'PMIX_RANK\': \'2\', \'PMIX_SERVER_URI2\': \'3668312064.0;tcp4://127.0.0.1:52051\', \'PMIX_SERVER_URI21\': \'3668312064.0;tcp4://127.0.0.1:52051\', \'PMIX_SECURITY_MODE\': \'native,none\', \'PMIX_PTL_MODULE\': \'tcp,usock\', \'PMIX_BFROP_BUFFER_TYPE\': \'PMIX_BFROP_BUFFER_NON_DESC\', \'PMIX_GDS_MODULE\': \'ds21,ds12,hash\', \'PMIX_SERVER_TMPDIR\': \'/scratch/708593.1.member.q/ompi.qb3-id345.11149/pid.1380629\', \'PMIX_SYSTEM_TMPDIR\': \'/scratch/708593.1.member.q\', \'PMIX_DSTORE_21_BASE_PATH\': \'/scratch/708593.1.member.q/ompi.qb3-id345.11149/pid.1380629/pmix_dstor_ds21_1380629\', \'PMIX_DSTORE_ESH_BASE_PATH\': \'/scratch/708593.1.member.q/ompi.qb3-id345.11149/pid.1380629/pmix_dstor_ds12_1380629\', \'OMPI_MCA_ess_base_jobid\': \'3668312065\', \'OMPI_MCA_ess_base_vpid\': \'2\', \'OMPI_COMM_WORLD_RANK\': \'2\', \'OMPI_COMM_WORLD_LOCAL_RANK\': \'2\', \'OMPI_COMM_WORLD_NODE_RANK\': \'2\', \'OMPI_MCA_orte_ess_node_rank\': \'2\', \'PMIX_ID\': \'3668312065.2\', \'OMPI_FILE_LOCATION\': \'/scratch/708593.1.member.q/ompi.qb3-id345.11149/pid.1380629/0/0\', \'KMP_DUPLICATE_LIB_OK\': \'True\', \'KMP_INIT_AT_FORK\': \'FALSE\'})', 'STAT2HEADER_IMP_VERSIONS': "{'IMP_VERSION': '2.21.0', 'PMI_VERSION': '2.21.0'}", 0: 'ReplicaExchange_SwapSuccessRatio', 1: 'ReplicaExchange_MinTempFrequency', 2: 'ReplicaExchange_MaxTempFrequency', 3: 'ReplicaExchange_CurrentTemp', 4: 'score'} 
{0: '0', 1: '0', 2: '0', 3: '1.1299485464621188', 4: inf} 
{0: '0.0', 1: '0.0', 2: '0.0', 3: '1.1299485464621188', 4: inf} 
{0: '0.0', 1: '0.0', 2: '0.0', 3: '1.1299485464621188', 4: inf} 
{0: '0.0', 1: '0.0', 2: '0.0', 3: '1.1299485464621188', 4: inf} 
{0: '0.0', 1: '0.0', 2: '0.0', 3: '1.1299485464621188', 4: inf} 
{0: '0.0', 1: '0.0', 2: '0.0', 3: '1.1299485464621188', 4: inf} 
{0: '0.0', 1: '0.0', 2: '0.0', 3: '1.1299485464621188', 4: inf} 
{0: '0.0', 1: '0.0', 2: '0.0', 3: '1.1299485464621188', 4: inf} 
{0: '0.0', 1: '0.0', 2: '0.0', 3: '1.1299485464621188', 4: inf} 
{0: '0.0', 1: '0.0', 2: '0.0', 3: '1.1299485464621188', 4: inf} 
{0: '0.0', 1: '0.0', 2: '0.0', 3: '1.1299485464621188', 4: inf} 
{0: '0.0', 1: '0.0', 2: '0.0', 3: '1.1299485464621188', 4: inf} 
{0: '0.0', 1: '0.0', 2: '0.0', 3: '1.1299485464621188', 4: inf} 
{0: '0.0', 1: '0.0', 2: '0.0', 3: '1.1299485464621188', 4: inf} 
{0: '0.0', 1: '0.0', 2: '0.0', 3: '1.1299485464621188', 4: inf} 
{0: '0.0', 1: '0.0', 2: '0.0', 3: '1.1299485464621188', 4: inf} 
{0: '0.0', 1: '0.0', 2: '0.0', 3: '1.1299485464621188', 4: inf} 
{0: '0.0', 1: '0.0', 2: '0.0', 3: '1.1299485464621188', 4: inf} 
{0: '0.0', 1: '0.0', 2: '0.0', 3: '1.1299485464621188', 4: inf} 
{0: '0.0', 1: '0.0', 2: '0.0', 3: '1.1299485464621188', 4: inf} 
{0: '0.0', 1: '0.0', 2: '0.0', 3: '1.1299485464621188', 4: inf} 
{0: '0.0', 1: '0.0', 2: '0.0', 3: '1.1299485464621188', 4: inf} 
{0: '0.0', 1: '0.0', 2: '0.0', 3: '1.1299485464621188', 4: inf} 
{0: '0.0', 1: '0.0', 2: '0.0', 3: '1.1299485464621188', 4: inf} 
{0: '0.0', 1: '0.0', 2: '0.0', 3: '1.1299485464621188', 4: inf} 
{0: '0.0', 1: '0.0', 2: '0.0', 3: '1.1299485464621188', 4: inf} 
{0: '0.0', 1: '0.0', 2: '0.0', 3: '1.1299485464621188', 4: inf} 
{0: '0.0', 1: '0.0', 2: '0.0', 3: '1.1299485464621188', 4: inf} 
{0: '0.0', 1: '0.0', 2: '0.0', 3: '1.1299485464621188', 4: inf} 
{0: '0.0', 1: '0.0', 2: '0.0', 3: '1.1299485464621188', 4: inf} 
{0: '0.0', 1: '0.0', 2: '0.0', 3: '1.1299485464621188', 4: inf} 
{0: '0.0', 1: '0.0', 2: '0.0', 3: '1.1299485464621188', 4: inf} 
{0: '0.0', 1: '0.0', 2: '0.0', 3: '1.1299485464621188', 4: inf} 
{0: '0.0', 1: '0.0', 2: '0.0', 3: '1.1299485464621188', 4: inf} 
{0: '0.0', 1: '0.0', 2: '0.0', 3: '1.1299485464621188', 4: inf} 
{0: '0.0', 1: '0.0', 2: '0.0', 3: '1.1299485464621188', 4: inf} 
{0: '0.0', 1: '0.0', 2: '0.0', 3: '1.1299485464621188', 4: inf} 
{0: '0.0', 1: '0.0', 2: '0.0', 3: '1.1299485464621188', 4: inf} 
{0: '0.0', 1: '0.0', 2: '0.0', 3: '1.1299485464621188', 4: inf} 
{0: '0.0', 1: '0.0', 2: '0.0', 3: '1.1299485464621188', 4: inf} 
{0: '0.0', 1: '0.0', 2: '0.0', 3: '1.1299485464621188', 4: inf} 
{0: '0.0', 1: '0.0', 2: '0.0', 3: '1.1299485464621188', 4: inf} 
{0: '0.0', 1: '0.0', 2: '0.0', 3: '1.1299485464621188', 4: inf} 
{0: '0.0', 1: '0.0', 2: '0.0', 3: '1.1299485464621188', 4: inf} 
{0: '0.0', 1: '0.0', 2: '0.0', 3: '1.1299485464621188', 4: inf} 
{0: '0.0', 1: '0.0', 2: '0.0', 3: '1.1299485464621188', 4: inf} 
{0: '0.0', 1: '0.0', 2: '0.0', 3: '1.1299485464621188', 4: inf} 
{0: '0.0', 1: '0.0', 2: '0.0', 3: '1.1299485464621188', 4: inf} 
{0: '0.0', 1: '0.0', 2: '0.0', 3: '1.1299485464621188', 4: inf} 
{0: '0.0', 1: '0.0', 2: '0.0', 3: '1.1299485464621188', 4: inf} 
{0: '0.0', 1: '0.0', 2: '0.0', 3: '1.1299485464621188', 4: inf} 
{0: '0.0', 1: '0.0', 2: '0.0', 3: '1.1299485464621188', 4: inf} 
{0: '0.0', 1: '0.0', 2: '0.0', 3: '1.1299485464621188', 4: inf} 
{0: '0.0', 1: '0.0', 2: '0.0', 3: '1.1299485464621188', 4: inf} 
{0: '0.0', 1: '0.0', 2: '0.0', 3: '1.1299485464621188', 4: inf} 
{0: '0.0', 1: '0.0', 2: '0.0', 3: '1.1299485464621188', 4: inf} 
{0: '0.0', 1: '0.0', 2: '0.0', 3: '1.1299485464621188', 4: inf} 
{0: '0.0', 1: '0.0', 2: '0.0', 3: '1.1299485464621188', 4: inf} 
{0: '0.0', 1: '0.0', 2: '0.0', 3: '1.1299485464621188', 4: inf} 
{0: '0.0', 1: '0.0', 2: '0.0', 3: '1.1299485464621188', 4: inf} 
{0: '0.0', 1: '0.0', 2: '0.0', 3: '1.1299485464621188', 4: inf} 
{0: '0.0', 1: '0.0', 2: '0.0', 3: '1.1299485464621188', 4: inf} 
{0: '0.0', 1: '0.0', 2: '0.0', 3: '1.1299485464621188', 4: inf} 
{0: '0.0', 1: '0.0', 2: '0.0', 3: '1.1299485464621188', 4: inf} 
{0: '0.0', 1: '0.0', 2: '0.0', 3: '1.1299485464621188', 4: inf} 
{0: '0.0', 1: '0.0', 2: '0.0', 3: '1.1299485464621188', 4: inf} 
{0: '0.0', 1: '0.0', 2: '0.0', 3: '1.1299485464621188', 4: inf} 
{0: '0.0', 1: '0.0', 2: '0.0', 3: '1.1299485464621188', 4: inf} 
{0: '0.0', 1: '0.0', 2: '0.0', 3: '1.1299485464621188', 4: inf} 
{0: '0.0', 1: '0.0', 2: '0.0', 3: '1.1299485464621188', 4: inf} 
{0: '0.0', 1: '0.0', 2: '0.0', 3: '1.1299485464621188', 4: inf} 
{0: '0.0', 1: '0.0', 2: '0.0', 3: '1.1299485464621188', 4: inf} 
{0: '0.0', 1: '0.0', 2: '0.0', 3: '1.1299485464621188', 4: inf} 
{0: '0.0', 1: '0.0', 2: '0.0', 3: '1.1299485464621188', 4: inf} 
{0: '0.0', 1: '0.0', 2: '0.0', 3: '1.1299485464621188', 4: inf} 
{0: '0.0', 1: '0.0', 2: '0.0', 3: '1.1299485464621188', 4: inf} 
{0: '0.0', 1: '0.0', 2: '0.0', 3: '1.1299485464621188', 4: inf} 
{0: '0.0', 1: '0.0', 2: '0.0', 3: '1.1299485464621188', 4: inf} 
{0: '0.0', 1: '0.0', 2: '0.0', 3: '1.1299485464621188', 4: inf} 
{0: '0.0', 1: '0.0', 2: '0.0', 3: '1.1299485464621188', 4: inf} 
{0: '0.0', 1: '0.0', 2: '0.0', 3: '1.1299485464621188', 4: inf} 
{0: '0.0', 1: '0.0', 2: '0.0', 3: '1.1299485464621188', 4: inf} 
{0: '0.0', 1: '0.0', 2: '0.0', 3: '1.1299485464621188', 4: inf} 
{0: '0.0', 1: '0.0', 2: '0.0', 3: '1.1299485464621188', 4: inf} 
{0: '0.0', 1: '0.0', 2: '0.0', 3: '1.1299485464621188', 4: inf} 
{0: '0.0', 1: '0.0', 2: '0.0', 3: '1.1299485464621188', 4: inf} 
{0: '0.0', 1: '0.0', 2: '0.0', 3: '1.1299485464621188', 4: inf} 
{0: '0.0', 1: '0.0', 2: '0.0', 3: '1.1299485464621188', 4: inf} 
{0: '0.0', 1: '0.0', 2: '0.0', 3: '1.1299485464621188', 4: inf} 
{0: '0.0', 1: '0.0', 2: '0.0', 3: '1.1299485464621188', 4: inf} 
{0: '0.0', 1: '0.0', 2: '0.0', 3: '1.1299485464621188', 4: inf} 
{0: '0.0', 1: '0.0', 2: '0.0', 3: '1.1299485464621188', 4: inf} 
{0: '0.0', 1: '0.0', 2: '0.0', 3: '1.1299485464621188', 4: inf} 
{0: '0.0', 1: '0.0', 2: '0.0', 3: '1.1299485464621188', 4: inf} 
{0: '0.0', 1: '0.0', 2: '0.0', 3: '1.1299485464621188', 4: inf} 
{0: '0.0', 1: '0.0', 2: '0.0', 3: '1.1299485464621188', 4: inf} 
{0: '0.0', 1: '0.0', 2: '0.0', 3: '1.1299485464621188', 4: inf} 
{0: '0.0', 1: '0.0', 2: '0.0', 3: '1.1299485464621188', 4: inf} 
{0: '0.0', 1: '0.0', 2: '0.0', 3: '1.1299485464621188', 4: inf} 
{0: '0.0', 1: '0.0', 2: '0.0', 3: '1.1299485464621188', 4: inf} 
{0: '0.0', 1: '0.0', 2: '0.0', 3: '1.1299485464621188', 4: 2598.4178010579276} 
{0: '0.009900990099009901', 1: '0.0', 2: '0.0', 3: '1.2011244339814315', 4: 1191.412346522866} 
{0: '0.0196078431372549', 1: '0.0', 2: '0.0', 3: '1.2767837176518553', 4: 827.6723025244015} 
{0: '0.02912621359223301', 1: '0.0', 2: '0.0', 3: '1.3572088082974538', 4: 648.8433184301742} 
{0: '0.038461538461538464', 1: '0.0', 2: '0.0', 3: '1.4426999059072143', 4: 655.6067319759674} 
{0: '0.047619047619047616', 1: '0.0', 2: '0.0', 3: '1.5335761201812925', 4: 637.3832152402689} 
{0: '0.04716981132075472', 1: '0.0', 2: '0.0', 3: '1.5335761201812925', 4: 647.8228320666276} 
{0: '0.04672897196261682', 1: '0.0', 2: '0.0', 3: '1.5335761201812925', 4: 633.7710416465898} 
{0: '0.046296296296296294', 1: '0.0', 2: '0.0', 3: '1.5335761201812925', 4: 635.549404717929} 
{0: '0.05504587155963303', 1: '0.0', 2: '0.0', 3: '1.4426999059072143', 4: 650.3684142424271} 
{0: '0.05454545454545454', 1: '0.0', 2: '0.0', 3: '1.4426999059072143', 4: 636.2555458276516} 
{0: '0.06306306306306306', 1: '0.0', 2: '0.0', 3: '1.5335761201812925', 4: 651.0070175355368} 
{0: '0.0625', 1: '0.0', 2: '0.0', 3: '1.5335761201812925', 4: 656.1910789044828} 
{0: '0.061946902654867256', 1: '0.0', 2: '0.0', 3: '1.5335761201812925', 4: 639.7571669011002} 
{0: '0.06140350877192982', 1: '0.0', 2: '0.0', 3: '1.5335761201812925', 4: 637.7615513266792} 
{0: '0.06086956521739131', 1: '0.0', 2: '0.0', 3: '1.5335761201812925', 4: 644.2837931543687} 
{0: '0.0603448275862069', 1: '0.0', 2: '0.0', 3: '1.5335761201812925', 4: 637.8857559524359} 
{0: '0.05982905982905983', 1: '0.0', 2: '0.0', 3: '1.5335761201812925', 4: 642.1057455870656} 
{0: '0.059322033898305086', 1: '0.0', 2: '0.0', 3: '1.5335761201812925', 4: 645.746762963195} 
{0: '0.06722689075630252', 1: '0.0', 2: '0.0', 3: '1.4426999059072143', 4: 639.1506953578486} 
{0: '0.06666666666666667', 1: '0.0', 2: '0.0', 3: '1.4426999059072143', 4: 643.4702324579525} 
{0: '0.0743801652892562', 1: '0.0', 2: '0.0', 3: '1.5335761201812925', 4: 653.3084734610331} 
{0: '0.07377049180327869', 1: '0.0', 2: '0.0', 3: '1.5335761201812925', 4: 649.5515508956447} 
{0: '0.07317073170731707', 1: '0.0', 2: '0.0', 3: '1.5335761201812925', 4: 651.0253405660177} 
{0: '0.07258064516129033', 1: '0.0', 2: '0.0', 3: '1.5335761201812925', 4: 635.4270992718481} 
{0: '0.072', 1: '0.0', 2: '0.0', 3: '1.5335761201812925', 4: 635.5189246272206} 
{0: '0.07142857142857142', 1: '0.0', 2: '0.0', 3: '1.5335761201812925', 4: 638.657296482645} 
{0: '0.07874015748031496', 1: '0.0', 2: '0.0', 3: '1.4426999059072143', 4: 635.690006984004} 
{0: '0.0859375', 1: '0.0', 2: '0.0', 3: '1.3572088082974538', 4: 646.1297890295788} 
{0: '0.08527131782945736', 1: '0.0', 2: '0.0', 3: '1.3572088082974538', 4: 642.7478803207628} 
{0: '0.09230769230769231', 1: '0.0', 2: '0.0', 3: '1.4426999059072143', 4: 647.3552664523937} 
{0: '0.09923664122137404', 1: '0.0', 2: '0.0', 3: '1.5335761201812925', 4: 646.2485615278836} 
{0: '0.09848484848484848', 1: '0.0', 2: '0.0', 3: '1.5335761201812925', 4: 638.1024351126913} 
{0: '0.09774436090225563', 1: '0.0', 2: '0.0', 3: '1.5335761201812925', 4: 638.392924291418} 
{0: '0.09701492537313433', 1: '0.0', 2: '0.0', 3: '1.5335761201812925', 4: 638.2922397885228} 
{0: '0.0962962962962963', 1: '0.0', 2: '0.0', 3: '1.5335761201812925', 4: 640.1329828235963} 
{0: '0.09558823529411764', 1: '0.0', 2: '0.0', 3: '1.5335761201812925', 4: 648.5221826251117} 
{0: '0.0948905109489051', 1: '0.0', 2: '0.0', 3: '1.5335761201812925', 4: 636.073491209397} 
{0: '0.09420289855072464', 1: '0.0', 2: '0.0', 3: '1.5335761201812925', 4: 638.0597382595732} 
{0: '0.09352517985611511', 1: '0.0', 2: '0.0', 3: '1.5335761201812925', 4: 637.4967858094444} 
{0: '0.09285714285714286', 1: '0.0', 2: '0.0', 3: '1.5335761201812925', 4: 648.3962060620546} 
{0: '0.09219858156028368', 1: '0.0', 2: '0.0', 3: '1.5335761201812925', 4: 648.2070924489634} 
{0: '0.09154929577464789', 1: '0.0', 2: '0.0', 3: '1.5335761201812925', 4: 651.7654546646229} 
{0: '0.09090909090909091', 1: '0.0', 2: '0.0', 3: '1.5335761201812925', 4: 649.5889046655525} 
{0: '0.09027777777777778', 1: '0.0', 2: '0.0', 3: '1.5335761201812925', 4: 635.1686184999362} 
{0: '0.0896551724137931', 1: '0.0', 2: '0.0', 3: '1.5335761201812925', 4: 644.9376787764309} 
{0: '0.08904109589041095', 1: '0.0', 2: '0.0', 3: '1.5335761201812925', 4: 639.0459806956137} 
{0: '0.08843537414965986', 1: '0.0', 2: '0.0', 3: '1.5335761201812925', 4: 658.0514949049679} 
{0: '0.08783783783783784', 1: '0.0', 2: '0.0', 3: '1.5335761201812925', 4: 641.5911491913093} 
{0: '0.087248322147651', 1: '0.0', 2: '0.0', 3: '1.5335761201812925', 4: 637.0890669732196} 
{0: '0.08666666666666667', 1: '0.0', 2: '0.0', 3: '1.5335761201812925', 4: 639.7581503956307} 
{0: '0.08609271523178808', 1: '0.0', 2: '0.0', 3: '1.5335761201812925', 4: 643.4700759601583} 
{0: '0.08552631578947369', 1: '0.0', 2: '0.0', 3: '1.5335761201812925', 4: 643.1504867165775} 
{0: '0.08496732026143791', 1: '0.0', 2: '0.0', 3: '1.5335761201812925', 4: 638.9655525448337} 
{0: '0.08441558441558442', 1: '0.0', 2: '0.0', 3: '1.5335761201812925', 4: 649.393940310752} 
{0: '0.09032258064516129', 1: '0.0', 2: '0.0', 3: '1.4426999059072143', 4: 658.9779387626663} 
{0: '0.08974358974358974', 1: '0.0', 2: '0.0', 3: '1.4426999059072143', 4: 652.3125601388149} 
{0: '0.09554140127388536', 1: '0.0', 2: '0.0', 3: '1.5335761201812925', 4: 633.0448626373991} 
{0: '0.0949367088607595', 1: '0.0', 2: '0.0', 3: '1.5335761201812925', 4: 643.4729050131302} 
{0: '0.09433962264150944', 1: '0.0', 2: '0.0', 3: '1.5335761201812925', 4: 650.3184603248205} 
{0: '0.09375', 1: '0.0', 2: '0.0', 3: '1.5335761201812925', 4: 665.0415316093772} 
{0: '0.09316770186335403', 1: '0.0', 2: '0.0', 3: '1.5335761201812925', 4: 643.1330156974706} 
{0: '0.09259259259259259', 1: '0.0', 2: '0.0', 3: '1.5335761201812925', 4: 676.5439130924866} 
{0: '0.09202453987730061', 1: '0.0', 2: '0.0', 3: '1.5335761201812925', 4: 639.1550781937442} 
{0: '0.09146341463414634', 1: '0.0', 2: '0.0', 3: '1.5335761201812925', 4: 634.1652170657903} 
{0: '0.09696969696969697', 1: '0.0', 2: '0.0', 3: '1.4426999059072143', 4: 634.4208237320007} 
{0: '0.0963855421686747', 1: '0.0', 2: '0.0', 3: '1.4426999059072143', 4: 636.2427008448159} 
{0: '0.10179640718562874', 1: '0.0', 2: '0.0', 3: '1.5335761201812925', 4: 642.1608738598082} 
{0: '0.10119047619047619', 1: '0.0', 2: '0.0', 3: '1.5335761201812925', 4: 635.7998811912321} 
{0: '0.10059171597633136', 1: '0.0', 2: '0.0', 3: '1.5335761201812925', 4: 632.1958034003687} 
{0: '0.1', 1: '0.0', 2: '0.0', 3: '1.5335761201812925', 4: 646.2618329302952} 
{0: '0.09941520467836257', 1: '0.0', 2: '0.0', 3: '1.5335761201812925', 4: 639.6292502065666} 
{0: '0.09883720930232558', 1: '0.0', 2: '0.0', 3: '1.5335761201812925', 4: 638.0325427477309} 
{0: '0.09826589595375723', 1: '0.0', 2: '0.0', 3: '1.5335761201812925', 4: 650.0117990704491} 
{0: '0.09770114942528736', 1: '0.0', 2: '0.0', 3: '1.5335761201812925', 4: 644.328690930356} 
{0: '0.09714285714285714', 1: '0.0', 2: '0.0', 3: '1.5335761201812925', 4: 648.4672817973174} 
{0: '0.09659090909090909', 1: '0.0', 2: '0.0', 3: '1.5335761201812925', 4: 639.2190837503545} 
{0: '0.096045197740113', 1: '0.0', 2: '0.0', 3: '1.5335761201812925', 4: 637.6609026921839} 
{0: '0.09550561797752809', 1: '0.0', 2: '0.0', 3: '1.5335761201812925', 4: 636.0475807830433} 
{0: '0.09497206703910614', 1: '0.0', 2: '0.0', 3: '1.5335761201812925', 4: 650.0742563659549} 
{0: '0.09444444444444444', 1: '0.0', 2: '0.0', 3: '1.5335761201812925', 4: 656.3174614937559} 
{0: '0.09392265193370165', 1: '0.0', 2: '0.0', 3: '1.5335761201812925', 4: 648.9120045967189} 
{0: '0.09340659340659341', 1: '0.0', 2: '0.0', 3: '1.5335761201812925', 4: 645.4303092650749} 
{0: '0.09836065573770492', 1: '0.0', 2: '0.0', 3: '1.4426999059072143', 4: 644.30810627723} 
{0: '0.09782608695652174', 1: '0.0', 2: '0.0', 3: '1.4426999059072143', 4: 641.129988731584} 
{0: '0.10270270270270271', 1: '0.0', 2: '0.0', 3: '1.5335761201812925', 4: 645.3902929211798} 
{0: '0.10215053763440861', 1: '0.0', 2: '0.0', 3: '1.5335761201812925', 4: 636.5747136043939} 
{0: '0.10160427807486631', 1: '0.0', 2: '0.0', 3: '1.5335761201812925', 4: 646.9660249596812} 
{0: '0.10106382978723404', 1: '0.0', 2: '0.0', 3: '1.5335761201812925', 4: 644.9849184305856} 
{0: '0.10052910052910052', 1: '0.0', 2: '0.0', 3: '1.5335761201812925', 4: 643.9368469900251} 
{0: '0.1', 1: '0.0', 2: '0.0', 3: '1.5335761201812925', 4: 639.4799748288003} 
{0: '0.09947643979057591', 1: '0.0', 2: '0.0', 3: '1.5335761201812925', 4: 647.3800838618214} 
{0: '0.09895833333333333', 1: '0.0', 2: '0.0', 3: '1.5335761201812925', 4: 660.5824486945259} 
{0: '0.10362694300518134', 1: '0.0', 2: '0.0', 3: '1.4426999059072143', 4: 642.7822128928923} 
{0: '0.10309278350515463', 1: '0.0', 2: '0.0', 3: '1.4426999059072143', 4: 657.2938301778362} 
{0: '0.1076923076923077', 1: '0.0', 2: '0.0', 3: '1.5335761201812925', 4: 641.0447028546017} 
{0: '0.10714285714285714', 1: '0.0', 2: '0.0', 3: '1.5335761201812925', 4: 635.1161046467975} 
{0: '0.1065989847715736', 1: '0.0', 2: '0.0', 3: '1.5335761201812925', 4: 645.8176186375898} 
{0: '0.10606060606060606', 1: '0.0', 2: '0.0', 3: '1.5335761201812925', 4: 642.6167708259395} 
{0: '0.10552763819095477', 1: '0.0', 2: '0.0', 3: '1.5335761201812925', 4: 651.6691148279921} 
{0: '0.105', 1: '0.0', 2: '0.0', 3: '1.5335761201812925', 4: 636.4905243435895} 
{0: '0.1044776119402985', 1: '0.0', 2: '0.0', 3: '1.5335761201812925', 4: 636.7879563421576} 
{0: '0.10396039603960396', 1: '0.0', 2: '0.0', 3: '1.5335761201812925', 4: 650.7260601048151} 
{0: '0.10344827586206896', 1: '0.0', 2: '0.0', 3: '1.5335761201812925', 4: 638.7643499868019} 
{0: '0.10294117647058823', 1: '0.0', 2: '0.0', 3: '1.5335761201812925', 4: 635.8746353480649} 
{0: '0.1024390243902439', 1: '0.0', 2: '0.0', 3: '1.5335761201812925', 4: 650.3545735922957} 
{0: '0.10194174757281553', 1: '0.0', 2: '0.0', 3: '1.5335761201812925', 4: 642.6130323457157} 
{0: '0.10144927536231885', 1: '0.0', 2: '0.0', 3: '1.5335761201812925', 4: 638.3411005023496} 
{0: '0.10096153846153846', 1: '0.0', 2: '0.0', 3: '1.5335761201812925', 4: 658.8343780750484} 
{0: '0.10047846889952153', 1: '0.0', 2: '0.0', 3: '1.5335761201812925', 4: 639.8589108897824} 
{0: '0.1', 1: '0.0', 2: '0.0', 3: '1.5335761201812925', 4: 654.9779396833704} 
{0: '0.0995260663507109', 1: '0.0', 2: '0.0', 3: '1.5335761201812925', 4: 641.3111369575231} 
{0: '0.09905660377358491', 1: '0.0', 2: '0.0', 3: '1.5335761201812925', 4: 647.8992290612654} 
{0: '0.09859154929577464', 1: '0.0', 2: '0.0', 3: '1.5335761201812925', 4: 641.1920989280776} 
{0: '0.09813084112149532', 1: '0.0', 2: '0.0', 3: '1.5335761201812925', 4: 640.3865756659444} 
{0: '0.09767441860465116', 1: '0.0', 2: '0.0', 3: '1.5335761201812925', 4: 652.3844909021858} 
{0: '0.09722222222222222', 1: '0.0', 2: '0.0', 3: '1.5335761201812925', 4: 638.4139474828615} 
{0: '0.0967741935483871', 1: '0.0', 2: '0.0', 3: '1.5335761201812925', 4: 659.3216839636299} 
{0: '0.0963302752293578', 1: '0.0', 2: '0.0', 3: '1.5335761201812925', 4: 635.7846657767757} 
{0: '0.0958904109589041', 1: '0.0', 2: '0.0', 3: '1.5335761201812925', 4: 647.0807383346164} 
{0: '0.09545454545454546', 1: '0.0', 2: '0.0', 3: '1.5335761201812925', 4: 646.0826189426217} 
{0: '0.09954751131221719', 1: '0.0', 2: '0.0', 3: '1.4426999059072143', 4: 667.4276945979963} 
{0: '0.0990990990990991', 1: '0.0', 2: '0.0', 3: '1.4426999059072143', 4: 649.9499541635653} 
{0: '0.1031390134529148', 1: '0.0', 2: '0.0', 3: '1.5335761201812925', 4: 645.9999305874845} 
{0: '0.10267857142857142', 1: '0.0', 2: '0.0', 3: '1.5335761201812925', 4: 641.4241682498391} 
{0: '0.10222222222222223', 1: '0.0', 2: '0.0', 3: '1.5335761201812925', 4: 643.2987756525913} 
{0: '0.10176991150442478', 1: '0.0', 2: '0.0', 3: '1.5335761201812925', 4: 651.9949486285957} 
{0: '0.1013215859030837', 1: '0.0', 2: '0.0', 3: '1.5335761201812925', 4: 645.9589073080996} 
{0: '0.10087719298245613', 1: '0.0', 2: '0.0', 3: '1.5335761201812925', 4: 648.7199462478277} 
{0: '0.10043668122270742', 1: '0.0', 2: '0.0', 3: '1.5335761201812925', 4: 640.723562959827} 
{0: '0.1', 1: '0.0', 2: '0.0', 3: '1.5335761201812925', 4: 633.3328141746387} 
{0: '0.09956709956709957', 1: '0.0', 2: '0.0', 3: '1.5335761201812925', 4: 645.6949957350477} 
{0: '0.09913793103448276', 1: '0.0', 2: '0.0', 3: '1.5335761201812925', 4: 649.5836650989952} 
{0: '0.09871244635193133', 1: '0.0', 2: '0.0', 3: '1.5335761201812925', 4: 655.8428880349427} 
{0: '0.09829059829059829', 1: '0.0', 2: '0.0', 3: '1.5335761201812925', 4: 663.9460882317204} 
{0: '0.09787234042553192', 1: '0.0', 2: '0.0', 3: '1.5335761201812925', 4: 643.7138663081145} 
{0: '0.09745762711864407', 1: '0.0', 2: '0.0', 3: '1.5335761201812925', 4: 642.4974790599043} 
{0: '0.0970464135021097', 1: '0.0', 2: '0.0', 3: '1.5335761201812925', 4: 662.3209077484597} 
{0: '0.09663865546218488', 1: '0.0', 2: '0.0', 3: '1.5335761201812925', 4: 659.4885874913799} 
{0: '0.09623430962343096', 1: '0.0', 2: '0.0', 3: '1.5335761201812925', 4: 634.3881221923004} 
{0: '0.09583333333333334', 1: '0.0', 2: '0.0', 3: '1.5335761201812925', 4: 650.5055457910969} 
{0: '0.0954356846473029', 1: '0.0', 2: '0.0', 3: '1.5335761201812925', 4: 636.7397734215295} 
{0: '0.09504132231404959', 1: '0.0', 2: '0.0', 3: '1.5335761201812925', 4: 636.7342917553594} 
{0: '0.09876543209876543', 1: '0.0', 2: '0.0', 3: '1.4426999059072143', 4: 649.8279729999128} 
{0: '0.09836065573770492', 1: '0.0', 2: '0.0', 3: '1.4426999059072143', 4: 640.8348376371601} 
{0: '0.10204081632653061', 1: '0.0', 2: '0.0', 3: '1.5335761201812925', 4: 644.224585877373} 
{0: '0.1016260162601626', 1: '0.0', 2: '0.0', 3: '1.5335761201812925', 4: 652.3368288041665} 
{0: '0.10121457489878542', 1: '0.0', 2: '0.0', 3: '1.5335761201812925', 4: 638.3308035223861} 
{0: '0.10080645161290322', 1: '0.0', 2: '0.0', 3: '1.5335761201812925', 4: 658.2896620785187} 
{0: '0.10040160642570281', 1: '0.0', 2: '0.0', 3: '1.5335761201812925', 4: 640.0112092138046} 
{0: '0.1', 1: '0.0', 2: '0.0', 3: '1.5335761201812925', 4: 643.0944516565453} 
{0: '0.10358565737051793', 1: '0.0', 2: '0.0', 3: '1.4426999059072143', 4: 657.1535841955217} 
{0: '0.10317460317460317', 1: '0.0', 2: '0.0', 3: '1.4426999059072143', 4: 651.2751058038102} 
{0: '0.1067193675889328', 1: '0.0', 2: '0.0', 3: '1.5335761201812925', 4: 645.1778590662587} 
{0: '0.1062992125984252', 1: '0.0', 2: '0.0', 3: '1.5335761201812925', 4: 643.6978933305958} 
{0: '0.10588235294117647', 1: '0.0', 2: '0.0', 3: '1.5335761201812925', 4: 642.7962332789067} 
{0: '0.10546875', 1: '0.0', 2: '0.0', 3: '1.5335761201812925', 4: 645.7549371449456} 
{0: '0.10505836575875487', 1: '0.0', 2: '0.0', 3: '1.5335761201812925', 4: 647.5034318957638} 
{0: '0.10465116279069768', 1: '0.0', 2: '0.0', 3: '1.5335761201812925', 4: 654.15781156274} 
{0: '0.10424710424710425', 1: '0.0', 2: '0.0', 3: '1.5335761201812925', 4: 635.7714028609327} 
{0: '0.10384615384615385', 1: '0.0', 2: '0.0', 3: '1.5335761201812925', 4: 639.0595215046105} 
{0: '0.10344827586206896', 1: '0.0', 2: '0.0', 3: '1.5335761201812925', 4: 642.5837728659077} 
{0: '0.10305343511450382', 1: '0.0', 2: '0.0', 3: '1.5335761201812925', 4: 637.1474539759322} 
{0: '0.10646387832699619', 1: '0.0', 2: '0.0', 3: '1.4426999059072143', 4: 643.1702144805488} 
{0: '0.10606060606060606', 1: '0.0', 2: '0.0', 3: '1.4426999059072143', 4: 641.4536229973642} 
{0: '0.10943396226415095', 1: '0.0', 2: '0.0', 3: '1.5335761201812925', 4: 639.3289239669192} 
{0: '0.10902255639097744', 1: '0.0', 2: '0.0', 3: '1.5335761201812925', 4: 643.5777681297814} 
{0: '0.10861423220973783', 1: '0.0', 2: '0.0', 3: '1.5335761201812925', 4: 638.6908943361657} 
{0: '0.10820895522388059', 1: '0.0', 2: '0.0', 3: '1.5335761201812925', 4: 648.9922513392603} 
{0: '0.11152416356877323', 1: '0.0', 2: '0.0', 3: '1.4426999059072143', 4: 640.9579608048138} 
{0: '0.1111111111111111', 1: '0.0', 2: '0.0', 3: '1.4426999059072143', 4: 635.60672618751} 
{0: '0.11439114391143912', 1: '0.0', 2: '0.0', 3: '1.5335761201812925', 4: 646.6131599311544} 
{0: '0.11397058823529412', 1: '0.0', 2: '0.0', 3: '1.5335761201812925', 4: 641.1274017119574} 
{0: '0.11355311355311355', 1: '0.0', 2: '0.0', 3: '1.5335761201812925', 4: 644.0806497129798} 
{0: '0.11313868613138686', 1: '0.0', 2: '0.0', 3: '1.5335761201812925', 4: 649.1889364385096} 
{0: '0.11272727272727273', 1: '0.0', 2: '0.0', 3: '1.5335761201812925', 4: 641.0389505125388} 
{0: '0.11231884057971014', 1: '0.0', 2: '0.0', 3: '1.5335761201812925', 4: 635.3992372209958} 
{0: '0.11191335740072202', 1: '0.0', 2: '0.0', 3: '1.5335761201812925', 4: 644.7415602064241} 
{0: '0.11151079136690648', 1: '0.0', 2: '0.0', 3: '1.5335761201812925', 4: 638.1772172730596} 
{0: '0.1111111111111111', 1: '0.0', 2: '0.0', 3: '1.5335761201812925', 4: 657.5706829522688} 
{0: '0.11071428571428571', 1: '0.0', 2: '0.0', 3: '1.5335761201812925', 4: 633.7067232168923} 
{0: '0.1103202846975089', 1: '0.0', 2: '0.0', 3: '1.5335761201812925', 4: 640.5835421974024} 
{0: '0.1099290780141844', 1: '0.0', 2: '0.0', 3: '1.5335761201812925', 4: 632.4837940743256} 
{0: '0.10954063604240283', 1: '0.0', 2: '0.0', 3: '1.5335761201812925', 4: 649.5117391398998} 
{0: '0.10915492957746478', 1: '0.0', 2: '0.0', 3: '1.5335761201812925', 4: 634.2170880092893} 
{0: '0.11228070175438597', 1: '0.0', 2: '0.0', 3: '1.4426999059072143', 4: 646.2271871147847} 
{0: '0.11188811188811189', 1: '0.0', 2: '0.0', 3: '1.4426999059072143', 4: 635.7618668066389} 
{0: '0.11498257839721254', 1: '0.0', 2: '0.0', 3: '1.5335761201812925', 4: 647.3912200390148} 
{0: '0.11458333333333333', 1: '0.0', 2: '0.0', 3: '1.5335761201812925', 4: 636.548260725067} 
{0: '0.11418685121107267', 1: '0.0', 2: '0.0', 3: '1.5335761201812925', 4: 631.5847812633104} 
{0: '0.11379310344827587', 1: '0.0', 2: '0.0', 3: '1.5335761201812925', 4: 635.3821186128322} 
{0: '0.1134020618556701', 1: '0.0', 2: '0.0', 3: '1.5335761201812925', 4: 642.9199977757524} 
{0: '0.11301369863013698', 1: '0.0', 2: '0.0', 3: '1.5335761201812925', 4: 651.0976773887667} 
{0: '0.11262798634812286', 1: '0.0', 2: '0.0', 3: '1.5335761201812925', 4: 650.1102903446406} 
{0: '0.11224489795918367', 1: '0.0', 2: '0.0', 3: '1.5335761201812925', 4: 634.5238850978978} 
{0: '0.11186440677966102', 1: '0.0', 2: '0.0', 3: '1.5335761201812925', 4: 632.5280429371368} 
{0: '0.11148648648648649', 1: '0.0', 2: '0.0', 3: '1.5335761201812925', 4: 644.3293461894458} 
{0: '0.1111111111111111', 1: '0.0', 2: '0.0', 3: '1.5335761201812925', 4: 643.7525356967849} 
{0: '0.11073825503355705', 1: '0.0', 2: '0.0', 3: '1.5335761201812925', 4: 644.6533276655643} 
{0: '0.11371237458193979', 1: '0.0', 2: '0.0', 3: '1.4426999059072143', 4: 646.3415305539309} 
{0: '0.11333333333333333', 1: '0.0', 2: '0.0', 3: '1.4426999059072143', 4: 636.9067870703049} 
{0: '0.11627906976744186', 1: '0.0', 2: '0.0', 3: '1.5335761201812925', 4: 636.3359577924928} 
{0: '0.11589403973509933', 1: '0.0', 2: '0.0', 3: '1.5335761201812925', 4: 649.3973853478491} 
{0: '0.11551155115511551', 1: '0.0', 2: '0.0', 3: '1.5335761201812925', 4: 638.7426258115512} 
{0: '0.11513157894736842', 1: '0.0', 2: '0.0', 3: '1.5335761201812925', 4: 633.9981882917017} 
{0: '0.11475409836065574', 1: '0.0', 2: '0.0', 3: '1.5335761201812925', 4: 641.1694764641853} 
{0: '0.11437908496732026', 1: '0.0', 2: '0.0', 3: '1.5335761201812925', 4: 641.3493834361366} 
{0: '0.11400651465798045', 1: '0.0', 2: '0.0', 3: '1.5335761201812925', 4: 636.9336209981544} 
{0: '0.11363636363636363', 1: '0.0', 2: '0.0', 3: '1.5335761201812925', 4: 641.0228551672415} 
{0: '0.11650485436893204', 1: '0.0', 2: '0.0', 3: '1.4426999059072143', 4: 657.027963734947} 
{0: '0.11612903225806452', 1: '0.0', 2: '0.0', 3: '1.4426999059072143', 4: 640.7478736561508} 
{0: '0.1189710610932476', 1: '0.0', 2: '0.0', 3: '1.5335761201812925', 4: 651.3134473450814} 
{0: '0.11858974358974358', 1: '0.0', 2: '0.0', 3: '1.5335761201812925', 4: 648.5962503904908} 
{0: '0.1182108626198083', 1: '0.0', 2: '0.0', 3: '1.5335761201812925', 4: 640.1430634203886} 
{0: '0.1178343949044586', 1: '0.0', 2: '0.0', 3: '1.5335761201812925', 4: 648.6338519654566} 
{0: '0.12063492063492064', 1: '0.0', 2: '0.0', 3: '1.4426999059072143', 4: 633.7564904763552} 
{0: '0.12025316455696203', 1: '0.0', 2: '0.0', 3: '1.4426999059072143', 4: 642.8658486420974} 
{0: '0.12302839116719243', 1: '0.0', 2: '0.0', 3: '1.5335761201812925', 4: 639.9719251113268} 
{0: '0.12264150943396226', 1: '0.0', 2: '0.0', 3: '1.5335761201812925', 4: 635.9625806598499} 
{0: '0.12225705329153605', 1: '0.0', 2: '0.0', 3: '1.5335761201812925', 4: 648.8221735965009} 
{0: '0.121875', 1: '0.0', 2: '0.0', 3: '1.5335761201812925', 4: 663.6555924341906} 
{0: '0.12149532710280374', 1: '0.0', 2: '0.0', 3: '1.5335761201812925', 4: 636.9579342513155} 
{0: '0.12111801242236025', 1: '0.0', 2: '0.0', 3: '1.5335761201812925', 4: 641.5927260363261} 
{0: '0.12074303405572756', 1: '0.0', 2: '0.0', 3: '1.5335761201812925', 4: 648.650109663357} 
{0: '0.12037037037037036', 1: '0.0', 2: '0.0', 3: '1.5335761201812925', 4: 639.3770800575328} 
{0: '0.12307692307692308', 1: '0.0', 2: '0.0', 3: '1.4426999059072143', 4: 640.7905056032195} 
{0: '0.12269938650306748', 1: '0.0', 2: '0.0', 3: '1.4426999059072143', 4: 637.5087750973852} 
{0: '0.12538226299694188', 1: '0.0', 2: '0.0', 3: '1.5335761201812925', 4: 648.6954308222776} 
{0: '0.125', 1: '0.0', 2: '0.0', 3: '1.5335761201812925', 4: 634.4076221247728} 
{0: '0.12462006079027356', 1: '0.0', 2: '0.0', 3: '1.5335761201812925', 4: 639.3323179473598} 
{0: '0.12424242424242424', 1: '0.0', 2: '0.0', 3: '1.5335761201812925', 4: 643.9602232325226} 
{0: '0.1268882175226586', 1: '0.0', 2: '0.0', 3: '1.4426999059072143', 4: 650.0097637404526} 
{0: '0.12951807228915663', 1: '0.0', 2: '0.0', 3: '1.3572088082974538', 4: 642.3788628763419} 
{0: '0.12912912912912913', 1: '0.0', 2: '0.0', 3: '1.3572088082974538', 4: 655.9146557688298} 
{0: '0.1317365269461078', 1: '0.0', 2: '0.0', 3: '1.4426999059072143', 4: 645.6824965735821} 
{0: '0.13432835820895522', 1: '0.0', 2: '0.0', 3: '1.5335761201812925', 4: 637.7995880039529} 
{0: '0.13392857142857142', 1: '0.0', 2: '0.0', 3: '1.5335761201812925', 4: 645.9311611289825} 
{0: '0.13353115727002968', 1: '0.0', 2: '0.0', 3: '1.5335761201812925', 4: 644.4665305061828} 
{0: '0.13313609467455623', 1: '0.0', 2: '0.0', 3: '1.5335761201812925', 4: 637.0688074844171} 
{0: '0.13274336283185842', 1: '0.0', 2: '0.0', 3: '1.5335761201812925', 4: 634.2499231857853} 
{0: '0.1323529411764706', 1: '0.0', 2: '0.0', 3: '1.5335761201812925', 4: 649.8481650500678} 
{0: '0.13196480938416422', 1: '0.0', 2: '0.0', 3: '1.5335761201812925', 4: 650.0959167144896} 
{0: '0.13157894736842105', 1: '0.0', 2: '0.0', 3: '1.5335761201812925', 4: 643.8810443324868} 
{0: '0.13119533527696792', 1: '0.0', 2: '0.0', 3: '1.5335761201812925', 4: 647.0212346856424} 
{0: '0.1308139534883721', 1: '0.0', 2: '0.0', 3: '1.5335761201812925', 4: 638.8532904802523} 
{0: '0.13333333333333333', 1: '0.0', 2: '0.0', 3: '1.4426999059072143', 4: 635.6029679035838} 
{0: '0.1329479768786127', 1: '0.0', 2: '0.0', 3: '1.4426999059072143', 4: 649.5642292048573} 
{0: '0.13544668587896252', 1: '0.0', 2: '0.0', 3: '1.5335761201812925', 4: 639.6129789060438} 
{0: '0.13505747126436782', 1: '0.0', 2: '0.0', 3: '1.5335761201812925', 4: 645.7012214905536} 
{0: '0.1346704871060172', 1: '0.0', 2: '0.0', 3: '1.5335761201812925', 4: 633.718256979459} 
{0: '0.13428571428571429', 1: '0.0', 2: '0.0', 3: '1.5335761201812925', 4: 643.0763481720752} 
{0: '0.1339031339031339', 1: '0.0', 2: '0.0', 3: '1.5335761201812925', 4: 649.7583815295998} 
{0: '0.13352272727272727', 1: '0.0', 2: '0.0', 3: '1.5335761201812925', 4: 659.1134460284754} 
{0: '0.13314447592067988', 1: '0.0', 2: '0.0', 3: '1.5335761201812925', 4: 652.4708694377068} 
{0: '0.1327683615819209', 1: '0.0', 2: '0.0', 3: '1.5335761201812925', 4: 633.2346660311874} 
{0: '0.1323943661971831', 1: '0.0', 2: '0.0', 3: '1.5335761201812925', 4: 634.080222636353} 
{0: '0.13202247191011235', 1: '0.0', 2: '0.0', 3: '1.5335761201812925', 4: 650.8959856336949} 
{0: '0.13445378151260504', 1: '0.0', 2: '0.0', 3: '1.4426999059072143', 4: 644.4370329558379} 
{0: '0.1340782122905028', 1: '0.0', 2: '0.0', 3: '1.4426999059072143', 4: 644.935991369571} 
{0: '0.13649025069637882', 1: '0.0', 2: '0.0', 3: '1.5335761201812925', 4: 646.7823383015543} 
{0: '0.1361111111111111', 1: '0.0', 2: '0.0', 3: '1.5335761201812925', 4: 654.5298879799693} 
{0: '0.13850415512465375', 1: '0.0', 2: '0.0', 3: '1.4426999059072143', 4: 645.8871388754823} 
{0: '0.13812154696132597', 1: '0.0', 2: '0.0', 3: '1.4426999059072143', 4: 641.6426350470165} 
{0: '0.14049586776859505', 1: '0.0', 2: '0.0', 3: '1.5335761201812925', 4: 642.802383008522} 
{0: '0.1401098901098901', 1: '0.0', 2: '0.0', 3: '1.5335761201812925', 4: 656.0471566655838} 
{0: '0.13972602739726028', 1: '0.0', 2: '0.0', 3: '1.5335761201812925', 4: 651.2879887855895} 
{0: '0.13934426229508196', 1: '0.0', 2: '0.0', 3: '1.5335761201812925', 4: 648.3850682064743} 
{0: '0.13896457765667575', 1: '0.0', 2: '0.0', 3: '1.5335761201812925', 4: 642.6438948255936} 
{0: '0.13858695652173914', 1: '0.0', 2: '0.0', 3: '1.5335761201812925', 4: 650.4626266535087} 
{0: '0.13821138211382114', 1: '0.0', 2: '0.0', 3: '1.5335761201812925', 4: 637.3529738458399} 
{0: '0.13783783783783785', 1: '0.0', 2: '0.0', 3: '1.5335761201812925', 4: 644.2001749738228} 
{0: '0.13746630727762804', 1: '0.0', 2: '0.0', 3: '1.5335761201812925', 4: 636.7939748126744} 
{0: '0.13709677419354838', 1: '0.0', 2: '0.0', 3: '1.5335761201812925', 4: 636.2488701502073} 
{0: '0.13672922252010725', 1: '0.0', 2: '0.0', 3: '1.5335761201812925', 4: 646.1505910875289} 
{0: '0.13636363636363635', 1: '0.0', 2: '0.0', 3: '1.5335761201812925', 4: 646.3310061050727} 
{0: '0.136', 1: '0.0', 2: '0.0', 3: '1.5335761201812925', 4: 639.0913500951831} 
{0: '0.1356382978723404', 1: '0.0', 2: '0.0', 3: '1.5335761201812925', 4: 643.9176308775094} 
{0: '0.13527851458885942', 1: '0.0', 2: '0.0', 3: '1.5335761201812925', 4: 638.4752060964347} 
{0: '0.1349206349206349', 1: '0.0', 2: '0.0', 3: '1.5335761201812925', 4: 642.0176666917301} 
{0: '0.13720316622691292', 1: '0.0', 2: '0.0', 3: '1.4426999059072143', 4: 651.321763217119} 
{0: '0.1368421052631579', 1: '0.0', 2: '0.0', 3: '1.4426999059072143', 4: 640.5937918935019} 
{0: '0.13910761154855644', 1: '0.0', 2: '0.0', 3: '1.5335761201812925', 4: 648.6852216682936} 
{0: '0.1387434554973822', 1: '0.0', 2: '0.0', 3: '1.5335761201812925', 4: 640.722107117744} 
{0: '0.13838120104438642', 1: '0.0', 2: '0.0', 3: '1.5335761201812925', 4: 641.0645713080507} 
{0: '0.13802083333333334', 1: '0.0', 2: '0.0', 3: '1.5335761201812925', 4: 638.1250504120013} 
{0: '0.13766233766233765', 1: '0.0', 2: '0.0', 3: '1.5335761201812925', 4: 644.3019615993708} 
{0: '0.13730569948186527', 1: '0.0', 2: '0.0', 3: '1.5335761201812925', 4: 631.8096635012998} 
{0: '0.13695090439276486', 1: '0.0', 2: '0.0', 3: '1.5335761201812925', 4: 592.8236231655678} 
{0: '0.13659793814432988', 1: '0.0', 2: '0.0', 3: '1.5335761201812925', 4: 583.3025559061397} 
{0: '0.13624678663239073', 1: '0.0', 2: '0.0', 3: '1.5335761201812925', 4: 581.5955279815953} 
{0: '0.1358974358974359', 1: '0.0', 2: '0.0', 3: '1.5335761201812925', 4: 584.7295497899512} 
{0: '0.13810741687979539', 1: '0.0', 2: '0.0', 3: '1.4426999059072143', 4: 585.7212511224776} 
{0: '0.14030612244897958', 1: '0.0', 2: '0.0', 3: '1.3572088082974538', 4: 586.3731861177092} 
{0: '0.13994910941475827', 1: '0.0', 2: '0.0', 3: '1.3572088082974538', 4: 581.6254896329773} 
{0: '0.14213197969543148', 1: '0.0', 2: '0.0', 3: '1.4426999059072143', 4: 588.3196947303892} 
{0: '0.14177215189873418', 1: '0.0', 2: '0.0', 3: '1.4426999059072143', 4: 579.4914856943974} 
{0: '0.1414141414141414', 1: '0.0', 2: '0.0', 3: '1.4426999059072143', 4: 586.7303438269998} 
{0: '0.14357682619647355', 1: '0.0', 2: '0.0', 3: '1.5335761201812925', 4: 584.9526195190632} 
{0: '0.14321608040201006', 1: '0.0', 2: '0.0', 3: '1.5335761201812925', 4: 588.3236438200419} 
{0: '0.14536340852130325', 1: '0.0', 2: '0.0', 3: '1.4426999059072143', 4: 580.5254466929043} 
{0: '0.1475', 1: '0.0', 2: '0.0', 3: '1.3572088082974538', 4: 580.530459509555} 
{0: '0.14962593516209477', 1: '0.0', 2: '0.0', 3: '1.2767837176518553', 4: 585.4787550970566} 
{0: '0.14925373134328357', 1: '0.0', 2: '0.0', 3: '1.2767837176518553', 4: 591.0617775951177} 
{0: '0.1513647642679901', 1: '0.0', 2: '0.0', 3: '1.3572088082974538', 4: 586.710384798477} 
{0: '0.15346534653465346', 1: '0.0', 2: '0.0', 3: '1.4426999059072143', 4: 580.1326992615451} 
{0: '0.15555555555555556', 1: '0.0', 2: '0.0', 3: '1.5335761201812925', 4: 580.222220969842} 
{0: '0.15517241379310345', 1: '0.0', 2: '0.0', 3: '1.5335761201812925', 4: 579.8278298324038} 
{0: '0.15724815724815724', 1: '0.0', 2: '0.0', 3: '1.4426999059072143', 4: 588.5340946427536} 
{0: '0.15931372549019607', 1: '0.0', 2: '0.0', 3: '1.3572088082974538', 4: 592.065332793393} 
{0: '0.15892420537897312', 1: '0.0', 2: '0.0', 3: '1.3572088082974538', 4: 579.8087908962299} 
{0: '0.16097560975609757', 1: '0.0', 2: '0.0', 3: '1.4426999059072143', 4: 588.0931706873121} 
{0: '0.1630170316301703', 1: '0.0', 2: '0.0', 3: '1.5335761201812925', 4: 588.0249152847559} 
{0: '0.16262135922330098', 1: '0.0', 2: '0.0', 3: '1.5335761201812925', 4: 586.0694426752987} 
{0: '0.16464891041162227', 1: '0.0', 2: '0.0', 3: '1.4426999059072143', 4: 585.9814431487353} 
{0: '0.16666666666666666', 1: '0.0', 2: '0.0', 3: '1.3572088082974538', 4: 579.9387608390754} 
{0: '0.16626506024096385', 1: '0.0', 2: '0.0', 3: '1.3572088082974538', 4: 588.3364744623086} 
{0: '0.16826923076923078', 1: '0.0', 2: '0.0', 3: '1.4426999059072143', 4: 589.474530860222} 
{0: '0.17026378896882494', 1: '0.0', 2: '0.0', 3: '1.5335761201812925', 4: 583.5846280482565} 
{0: '0.16985645933014354', 1: '0.0', 2: '0.0', 3: '1.5335761201812925', 4: 590.2325288150124} 
{0: '0.1718377088305489', 1: '0.0', 2: '0.0', 3: '1.4426999059072143', 4: 593.9821895099417} 
{0: '0.17142857142857143', 1: '0.0', 2: '0.0', 3: '1.4426999059072143', 4: 591.8177512653451} 
{0: '0.171021377672209', 1: '0.0', 2: '0.0', 3: '1.4426999059072143', 4: 595.0771269999926} 
{0: '0.17061611374407584', 1: '0.0', 2: '0.0', 3: '1.4426999059072143', 4: 600.4021591630718} 
{0: '0.17257683215130024', 1: '0.0', 2: '0.0', 3: '1.5335761201812925', 4: 585.0498710540767} 
{0: '0.1721698113207547', 1: '0.0', 2: '0.0', 3: '1.5335761201812925', 4: 580.9138747429615} 
{0: '0.17411764705882352', 1: '0.0', 2: '0.0', 3: '1.4426999059072143', 4: 582.7086946251219} 
{0: '0.176056338028169', 1: '0.0', 2: '0.0', 3: '1.3572088082974538', 4: 583.8149967021288} 
{0: '0.17798594847775176', 1: '0.0', 2: '0.0', 3: '1.2767837176518553', 4: 583.935073168951} 
{0: '0.17757009345794392', 1: '0.0', 2: '0.0', 3: '1.2767837176518553', 4: 587.4365135230431} 
{0: '0.1794871794871795', 1: '0.0', 2: '0.0', 3: '1.3572088082974538', 4: 580.966858091101} 
{0: '0.1813953488372093', 1: '0.0', 2: '0.0', 3: '1.4426999059072143', 4: 580.9487620700418} 
{0: '0.18329466357308585', 1: '0.0', 2: '0.0', 3: '1.5335761201812925', 4: 590.9270639875481} 
{0: '0.18287037037037038', 1: '0.0', 2: '0.0', 3: '1.5335761201812925', 4: 583.69176350207} 
{0: '0.18475750577367206', 1: '0.0', 2: '0.0', 3: '1.4426999059072143', 4: 585.0573108935952} 
{0: '0.18433179723502305', 1: '0.0', 2: '0.0', 3: '1.4426999059072143', 4: 588.1958207842771} 
{0: '0.18620689655172415', 1: '0.0', 2: '0.0', 3: '1.5335761201812925', 4: 587.8099814182204} 
{0: '0.18577981651376146', 1: '0.0', 2: '0.0', 3: '1.5335761201812925', 4: 585.3175666471735} 
{0: '0.1853546910755149', 1: '0.0', 2: '0.0', 3: '1.5335761201812925', 4: 589.5519410021068} 
{0: '0.18493150684931506', 1: '0.0', 2: '0.0', 3: '1.5335761201812925', 4: 604.1998347215786} 
{0: '0.1867881548974943', 1: '0.0', 2: '0.0', 3: '1.4426999059072143', 4: 578.390139707475} 
{0: '0.18863636363636363', 1: '0.0', 2: '0.0', 3: '1.3572088082974538', 4: 581.6341448587987} 
{0: '0.19047619047619047', 1: '0.0', 2: '0.0', 3: '1.2767837176518553', 4: 584.226317471532} 
{0: '0.19230769230769232', 1: '0.0', 2: '0.0', 3: '1.2011244339814315', 4: 587.0978743759035} 
{0: '0.19413092550790068', 1: '0.0', 2: '0.0', 3: '1.1299485464621188', 4: 580.2598915643728} 
{0: '0.19369369369369369', 1: '0.0', 2: '0.0', 3: '1.1299485464621188', 4: 580.7930003700146} 
{0: '0.19550561797752808', 1: '0.0', 2: '0.0', 3: '1.2011244339814315', 4: 580.3580575110354} 
{0: '0.19730941704035873', 1: '0.0', 2: '0.0', 3: '1.2767837176518553', 4: 582.7107291919998} 
{0: '0.19910514541387025', 1: '0.0', 2: '0.0', 3: '1.3572088082974538', 4: 584.4198744376558} 
{0: '0.19866071428571427', 1: '0.0', 2: '0.0', 3: '1.3572088082974538', 4: 584.1500585865513} 
{0: '0.19821826280623608', 1: '0.0', 2: '0.0', 3: '1.3572088082974538', 4: 590.898335784892} 
{0: '0.2', 1: '0.0', 2: '0.0', 3: '1.4426999059072143', 4: 584.1402383761557} 
{0: '0.2017738359201774', 1: '0.0', 2: '0.0', 3: '1.5335761201812925', 4: 586.4325037996097} 
{0: '0.2013274336283186', 1: '0.0', 2: '0.0', 3: '1.5335761201812925', 4: 594.2021649022125} 
{0: '0.20309050772626933', 1: '0.0', 2: '0.0', 3: '1.4426999059072143', 4: 589.0328782865494} 
{0: '0.20484581497797358', 1: '0.0', 2: '0.0', 3: '1.3572088082974538', 4: 586.7155478485676} 
{0: '0.20659340659340658', 1: '0.0', 2: '0.0', 3: '1.2767837176518553', 4: 583.8296331153821} 
{0: '0.20833333333333334', 1: '0.0', 2: '0.0', 3: '1.2011244339814315', 4: 580.3346041263063} 
{0: '0.20787746170678337', 1: '0.0', 2: '0.0', 3: '1.2011244339814315', 4: 581.3059173495348} 
{0: '0.2096069868995633', 1: '0.0', 2: '0.0', 3: '1.2767837176518553', 4: 591.9112528672689} 
{0: '0.2113289760348584', 1: '0.0', 2: '0.0', 3: '1.3572088082974538', 4: 581.0828013520671} 
{0: '0.21304347826086956', 1: '0.0', 2: '0.0', 3: '1.4426999059072143', 4: 586.5623093222539} 
{0: '0.21475054229934923', 1: '0.0', 2: '0.0', 3: '1.5335761201812925', 4: 582.805971944424} 
{0: '0.21428571428571427', 1: '0.0', 2: '0.0', 3: '1.5335761201812925', 4: 584.9901208218151} 
{0: '0.2159827213822894', 1: '0.0', 2: '0.0', 3: '1.4426999059072143', 4: 580.4360984900688} 
{0: '0.21551724137931033', 1: '0.0', 2: '0.0', 3: '1.4426999059072143', 4: 593.594403153934} 
{0: '0.2172043010752688', 1: '0.0', 2: '0.0', 3: '1.5335761201812925', 4: 589.8910067593303} 
{0: '0.2167381974248927', 1: '0.0', 2: '0.0', 3: '1.5335761201812925', 4: 590.233520747933} 
{0: '0.21841541755888652', 1: '0.0', 2: '0.0', 3: '1.4426999059072143', 4: 595.7394093699322} 
{0: '0.21794871794871795', 1: '0.0', 2: '0.0', 3: '1.4426999059072143', 4: 581.8473435182996} 
{0: '0.21748400852878466', 1: '0.0', 2: '0.0', 3: '1.4426999059072143', 4: 583.977543118395} 
{0: '0.2170212765957447', 1: '0.0', 2: '0.0', 3: '1.4426999059072143', 4: 598.3583005134427} 
{0: '0.21868365180467092', 1: '0.0', 2: '0.0', 3: '1.5335761201812925', 4: 581.3888684739227} 
{0: '0.21822033898305085', 1: '0.0', 2: '0.0', 3: '1.5335761201812925', 4: 579.0983684657289} 
{0: '0.21987315010570824', 1: '0.0', 2: '0.0', 3: '1.4426999059072143', 4: 583.7723938313038} 
{0: '0.22151898734177214', 1: '0.0', 2: '0.0', 3: '1.3572088082974538', 4: 583.510169578821} 
{0: '0.2231578947368421', 1: '0.0', 2: '0.0', 3: '1.2767837176518553', 4: 582.3613212098969} 
{0: '0.22268907563025211', 1: '0.0', 2: '0.0', 3: '1.2767837176518553', 4: 586.425144575569} 
{0: '0.22431865828092243', 1: '0.0', 2: '0.0', 3: '1.3572088082974538', 4: 595.1636833153397} 
{0: '0.22594142259414227', 1: '0.0', 2: '0.0', 3: '1.4426999059072143', 4: 588.8440400486384} 
{0: '0.2254697286012526', 1: '0.0', 2: '0.0', 3: '1.4426999059072143', 4: 585.4956914333987} 
{0: '0.22708333333333333', 1: '0.0', 2: '0.0', 3: '1.3572088082974538', 4: 579.4084498843914} 
{0: '0.2286902286902287', 1: '0.0', 2: '0.0', 3: '1.2767837176518553', 4: 593.0974299230286} 
{0: '0.23029045643153526', 1: '0.0', 2: '0.0', 3: '1.2011244339814315', 4: 600.6120425146755} 
{0: '0.22981366459627328', 1: '0.0', 2: '0.0', 3: '1.2011244339814315', 4: 579.6410525635749} 
{0: '0.23140495867768596', 1: '0.0', 2: '0.0', 3: '1.2767837176518553', 4: 583.018596638131} 
{0: '0.2329896907216495', 1: '0.0', 2: '0.0', 3: '1.3572088082974538', 4: 584.5224829401491} 
{0: '0.2345679012345679', 1: '0.0', 2: '0.0', 3: '1.4426999059072143', 4: 598.6036696092689} 
{0: '0.23613963039014374', 1: '0.0', 2: '0.0', 3: '1.5335761201812925', 4: 585.7002181769033} 
{0: '0.23565573770491804', 1: '0.0', 2: '0.0', 3: '1.5335761201812925', 4: 582.6375501134573} 
{0: '0.23517382413087934', 1: '0.0', 2: '0.0', 3: '1.5335761201812925', 4: 584.6363722396407} 
{0: '0.23469387755102042', 1: '0.0', 2: '0.0', 3: '1.5335761201812925', 4: 583.6054223491224} 
{0: '0.23421588594704684', 1: '0.0', 2: '0.0', 3: '1.5335761201812925', 4: 585.809102586679} 
{0: '0.23373983739837398', 1: '0.0', 2: '0.0', 3: '1.5335761201812925', 4: 591.890778012365} 
{0: '0.23529411764705882', 1: '0.0', 2: '0.0', 3: '1.4426999059072143', 4: 594.1228464322677} 
{0: '0.23481781376518218', 1: '0.0', 2: '0.0', 3: '1.4426999059072143', 4: 586.2903581993513} 
{0: '0.23434343434343435', 1: '0.0', 2: '0.0', 3: '1.4426999059072143', 4: 589.3281646265389} 
{0: '0.23588709677419356', 1: '0.0', 2: '0.0', 3: '1.3572088082974538', 4: 580.7283879506924} 
{0: '0.23541247484909456', 1: '0.0', 2: '0.0', 3: '1.3572088082974538', 4: 584.6711768957231} 
{0: '0.23694779116465864', 1: '0.0', 2: '0.0', 3: '1.4426999059072143', 4: 582.5197503659281} 
{0: '0.23847695390781562', 1: '0.0', 2: '0.0', 3: '1.5335761201812925', 4: 595.6221303677687} 
