{'STAT2HEADER': 'STAT2HEADER', 'STAT2HEADER_ENVIRON': 'environ({\'OMPI_MCA_pmix\': \'^s1,s2,cray,isolated\', \'PMIX_MCA_mca_base_component_show_load_errors\': \'1\', \'OMPI_COMMAND\': \'python3\', \'OMPI_ARGV\': \'static_snapshot.py 2 1min\', \'OMPI_MCA_orte_precondition_transports\': \'7b49f96b65944e1f-3a531c70fd646982\', \'LD_LIBRARY_PATH\': \'/salilab/diva1/programs/x86_64linux/numpy-py36-1.19.5/lib:/salilab/diva1/home/libs/x86_64/centos8:/salilab/diva1/home/libs/x86_64:/salilab/diva1/home/imp/main/20240607-af6f9d6a95/lib/release8:/salilab/diva1/programs/x86_64linux/opencv-4.3.0/lib64/rhel:/salilab/diva1/programs/x86_64linux/opencv-4.3.0/lib64:/salilab/diva1/programs/x86_64linux/hdf5-1.10.7/lib:/salilab/diva1/programs/x86_64linux/libtau-py27-1.0.1/lib64:/salilab/diva1/programs/x86_64linux/boost-1.73.0/lib64:/usr/lib64/openmpi/lib:/wynton/group/sali/miha_rozic/Software/imp-develop/build/lib::\', \'IMP_TMP_DIR\': \'/wynton/group/sali/miha_rozic/Software/imp-develop/build/tmp\', \'PE_HOSTFILE\': \'/var/spool/sge/wynton/qb3-id345/active_jobs/708593.1/pe_hostfile\', \'__LMOD_REF_COUNT_PATH\': \'/salilab/diva1/programs/x86_64linux/numpy-py36-1.19.5/bin:1;/salilab/diva1/home/imp/main/20240607-af6f9d6a95/bin/release8:1;/salilab/diva1/programs/x86_64linux/opencv-4.3.0/bin:1;/salilab/diva1/programs/x86_64linux/hdf5-1.10.7/bin:1;/usr/lib64/openmpi/bin:1;/wynton/home/sali/rozicmiha/.local/bin:1;/wynton/home/sali/rozicmiha/bin:1;/wynton/group/sali/miha_rozic/Software/imp-develop/build/bin:1;/wynton/group/sali/miha_rozic/Software/imp-develop/build/module_bin/EMageFit:1;/wynton/group/sali/miha_rozic/Software/imp-develop/build/module_bin/algebra:1;/wynton/group/sali/miha_rozic/Software/imp-develop/build/module_bin/atom:1;/wynton/group/sali/miha_rozic/Software/imp-develop/build/module_bin/benchmark:1;/wynton/group/sali/miha_rozic/Software/imp-develop/build/module_bin/cgal:1;/wynton/group/sali/miha_rozic/Software/imp-develop/build/module_bin/cnmultifit:1;/wynton/group/sali/miha_rozic/Software/imp-develop/build/module_bin/container:1;/wynton/group/sali/miha_rozic/Software/imp-develop/build/module_bin/core:1;/wynton/group/sali/miha_rozic/Software/imp-develop/build/module_bin/display:1;/wynton/group/sali/miha_rozic/Software/imp-develop/build/module_bin/domino:1;/wynton/group/sali/miha_rozic/Software/imp-develop/build/module_bin/em:1;/wynton/group/sali/miha_rozic/Software/imp-develop/build/module_bin/em2d:1;/wynton/group/sali/miha_rozic/Software/imp-develop/build/module_bin/example:1;/wynton/group/sali/miha_rozic/Software/imp-develop/build/module_bin/foxs:1;/wynton/group/sali/miha_rozic/Software/imp-develop/build/module_bin/gsl:1;/wynton/group/sali/miha_rozic/Software/imp-develop/build/module_bin/integrative_docking:1;/wynton/group/sali/miha_rozic/Software/imp-develop/build/module_bin/isd:1;/wynton/group/sali/miha_rozic/Software/imp-develop/build/module_bin/kernel:1;/wynton/group/sali/miha_rozic/Software/imp-develop/build/module_bin/kinematics:1;/wynton/group/sali/miha_rozic/Software/imp-develop/build/module_bin/kmeans:1;/wynton/group/sali/miha_rozic/Software/imp-develop/build/module_bin/misc:1;/wynton/group/sali/miha_rozic/Software/imp-develop/build/module_bin/mmcif:1;/wynton/group/sali/miha_rozic/Software/imp-develop/build/module_bin/modeller:1;/wynton/group/sali/miha_rozic/Software/imp-develop/build/module_bin/mpi:1;/wynton/group/sali/miha_rozic/Software/imp-develop/build/module_bin/multi_state:1;/wynton/group/sali/miha_rozic/Software/imp-develop/build/module_bin/multifit:1;/wynton/group/sali/miha_rozic/Software/imp-develop/build/module_bin/npc:1;/wynton/group/sali/miha_rozic/Software/imp-develop/build/module_bin/npcassembly:1;/wynton/group/sali/miha_rozic/Software/imp-develop/build/module_bin/parallel:1;/wynton/group/sali/miha_rozic/Software/imp-develop/build/module_bin/pepdock:1;/wynton/group/sali/miha_rozic/Software/imp-develop/build/module_bin/pmi:1;/wynton/group/sali/miha_rozic/Software/imp-develop/build/module_bin/rmf:1;/wynton/group/sali/miha_rozic/Software/imp-develop/build/module_bin/rotamer:1;/wynton/group/sali/miha_rozic/Software/imp-develop/build/module_bin/saxs:1;/wynton/group/sali/miha_rozic/Software/imp-develop/build/module_bin/saxs_merge:1;/wynton/group/sali/miha_rozic/Software/imp-develop/build/module_bin/score_functor:1;/wynton/group/sali/miha_rozic/Software/imp-develop/build/module_bin/scratch:1;/wynton/group/sali/miha_rozic/Software/imp-develop/build/module_bin/spb:1;/wynton/group/sali/miha_rozic/Software/imp-develop/build/module_bin/statistics:1;/wynton/group/sali/miha_rozic/Software/imp-develop/build/module_bin/symmetry:1;/wynton/group/sali/miha_rozic/Software/imp-develop/build/module_bin/test:1;/opt/sge/bin:1;/opt/sge/bin/lx-amd64:1;/scratch/708593.1.member.q:1;/usr/local/bin:1;/bin:1;/usr/bin:1;/usr/local/sbin:1;/usr/sbin:1\', \'_ModuleTable002_\': \'fSwKc3RhY2tEZXB0aCA9IDEsCnN0YXR1cyA9ICJhY3RpdmUiLAp1c2VyTmFtZSA9ICJib29zdC8xLjczLjAiLAp3ViA9ICIwMDAwMDAwMDEuMDAwMDAwMDczLip6ZmluYWwiLAp9LApoZGY1ID0gewpmbiA9ICIvc2FsaWxhYi9kaXZhMS9ob21lL21vZHVsZXMvaGRmNS8xLjEwLjciLApmdWxsTmFtZSA9ICJoZGY1LzEuMTAuNyIsCmxvYWRPcmRlciA9IDUsCnByb3BUID0ge30sCnN0YWNrRGVwdGggPSAyLApzdGF0dXMgPSAiYWN0aXZlIiwKdXNlck5hbWUgPSAiaGRmNS8xLjEwLjciLAp3ViA9ICIwMDAwMDAwMDEuMDAwMDAwMDEwLjAwMDAwMDAwNy4qemZpbmFsIiwKfSwKaW1wID0gewpmbiA9ICIvc2FsaWxhYi9kaXZhMS9ob21lL21vZHVsZXMvaW1wLzIuMjEuMCIsCmZ1bGxO\', \'IMP_DIR\': \'/salilab/diva1/home/imp/main/20240607-af6f9d6a95/lib/release8/cmake/IMP\', \'QUEUE\': \'member.q\', \'GOTO_NUM_THREADS\': \'1\', \'MPI_PYTHON3_SITEARCH\': \'/usr/lib64/python3.6/site-packages/openmpi\', \'LANG\': \'en_US.UTF-8\', \'HISTCONTROL\': \'ignoredups\', \'_ModuleTable008_\': \'cyIsCmZ1bGxOYW1lID0gInNhbGktbGlicmFyaWVzIiwKbG9hZE9yZGVyID0gOCwKcHJvcFQgPSB7fSwKc3RhY2tEZXB0aCA9IDEsCnN0YXR1cyA9ICJhY3RpdmUiLAp1c2VyTmFtZSA9ICJzYWxpLWxpYnJhcmllcyIsCndWID0gIk0uKnpmaW5hbCIsCn0sCn0sCm1wYXRoQSA9IHsKIi9zYWxpbGFiL2RpdmExL2hvbWUvbW9kdWxlcyIsICIvZXRjL21vZHVsZWZpbGVzIiwgIi91c3Ivc2hhcmUvbW9kdWxlZmlsZXMiCiwgIi91c3Ivc2hhcmUvbW9kdWxlZmlsZXMvTGludXgiLCAiL3Vzci9zaGFyZS9tb2R1bGVmaWxlcy9Db3JlIiwgIi91c3Ivc2hhcmUvbG1vZC9sbW9kL21vZHVsZWZpbGVzL0NvcmUiLAp9LApzeXN0ZW1CYXNlTVBBVEggPSAiL2V0Yy9tb2R1bGVmaWxlczovdXNy\', \'SGE_O_HOST\': \'dev1\', \'HOSTNAME\': \'qb3-id345.wynton.ucsf.edu\', \'OPENBLAS_NUM_THREADS\': \'1\', \'__LMOD_REF_COUNT_CMAKE_INCLUDE_PATH\': \'/salilab/diva1/programs/x86_64linux/opencv-4.3.0/include/opencv4:1;/salilab/diva1/programs/x86_64linux/hdf5-1.10.7/include:1;/salilab/diva1/programs/x86_64linux/libtau-py27-1.0.1/include:1;/salilab/diva1/programs/x86_64linux/boost-1.73.0/include:1\', \'SGE_RSH_COMMAND\': \'builtin\', \'ENVIRONMENT\': \'BATCH\', \'IMP_DATA\': \'/wynton/group/sali/miha_rozic/Software/imp-develop/build/data\', \'REQUEST\': \'test1\', \'SGE_STDIN_PATH\': \'/dev/null\', \'SGE_CELL\': \'wynton\', \'_ModuleTable007_\': \'MjEuMyIsCndWID0gIjAwMDAwMDAwMC4wMDAwMDAwMjEuMDAwMDAwMDAzLip6ZmluYWwiLAp9LApbInB5dGhvbjMvc2NpcHkiXSA9IHsKZm4gPSAiL3NhbGlsYWIvZGl2YTEvaG9tZS9tb2R1bGVzL3B5dGhvbjMvc2NpcHkvMS4zLjIiLApmdWxsTmFtZSA9ICJweXRob24zL3NjaXB5LzEuMy4yIiwKbG9hZE9yZGVyID0gMTAsCnByb3BUID0ge30sCnN0YWNrRGVwdGggPSAxLApzdGF0dXMgPSAiYWN0aXZlIiwKdXNlck5hbWUgPSAicHl0aG9uMy9zY2lweS8xLjMuMiIsCndWID0gIjAwMDAwMDAwMS4wMDAwMDAwMDMuMDAwMDAwMDAyLip6ZmluYWwiLAp9LApbInNhbGktbGlicmFyaWVzIl0gPSB7CmZuID0gIi9zYWxpbGFiL2RpdmExL2hvbWUvbW9kdWxlcy9zYWxpLWxpYnJhcmll\', \'CMAKE_INCLUDE_PATH\': \'/salilab/diva1/programs/x86_64linux/opencv-4.3.0/include/opencv4:/salilab/diva1/programs/x86_64linux/hdf5-1.10.7/include:/salilab/diva1/programs/x86_64linux/libtau-py27-1.0.1/include:/salilab/diva1/programs/x86_64linux/boost-1.73.0/include\', \'__LMOD_REF_COUNT_LD_LIBRARY_PATH\': \'/salilab/diva1/programs/x86_64linux/numpy-py36-1.19.5/lib:1;/salilab/diva1/home/libs/x86_64/centos8:1;/salilab/diva1/home/libs/x86_64:1;/salilab/diva1/home/imp/main/20240607-af6f9d6a95/lib/release8:1;/salilab/diva1/programs/x86_64linux/opencv-4.3.0/lib64/rhel:1;/salilab/diva1/programs/x86_64linux/opencv-4.3.0/lib64:1;/salilab/diva1/programs/x86_64linux/hdf5-1.10.7/lib:1;/salilab/diva1/programs/x86_64linux/libtau-py27-1.0.1/lib64:1;/salilab/diva1/programs/x86_64linux/boost-1.73.0/lib64:1;/usr/lib64/openmpi/lib:1;/wynton/group/sali/miha_rozic/Software/imp-develop/build/lib:2;:1\', \'__LMOD_REF_COUNT_PKG_CONFIG_PATH\': \'/usr/lib64/openmpi/lib/pkgconfig:1\', \'_ModuleTable004_\': \'aGFyZS9tb2R1bGVmaWxlcy9tcGkvb3Blbm1waS14ODZfNjQiLApmdWxsTmFtZSA9ICJtcGkvb3Blbm1waS14ODZfNjQiLApsb2FkT3JkZXIgPSAyLApwcm9wVCA9IHt9LApzdGFja0RlcHRoID0gMCwKc3RhdHVzID0gImFjdGl2ZSIsCnVzZXJOYW1lID0gIm1waS9vcGVubXBpLXg4Nl82NCIsCndWID0gIipvcGVubXBpLip4LjAwMDAwMDA4Ni4qXy4wMDAwMDAwNjQuKnpmaW5hbCIsCn0sCm9wZW5jdiA9IHsKZm4gPSAiL3NhbGlsYWIvZGl2YTEvaG9tZS9tb2R1bGVzL29wZW5jdi80LjMuMCIsCmZ1bGxOYW1lID0gIm9wZW5jdi80LjMuMCIsCmxvYWRPcmRlciA9IDYsCnByb3BUID0ge30sCnN0YWNrRGVwdGggPSAxLApzdGF0dXMgPSAiYWN0aXZlIiwKdXNlck5hbWUgPSAib3Bl\', \'__LMOD_REF_COUNT_PYTHONPATH\': \'/salilab/diva1/programs/x86_64linux/scikit-py36-0.21.3/lib64/python3.6/site-packages:1;/salilab/diva1/programs/linux/joblib-0.17.0/lib/python3.6/site-packages:1;/salilab/diva1/programs/x86_64linux/scipy-py36-1.3.2/lib64/python3.6/site-packages:1;/salilab/diva1/programs/x86_64linux/numpy-py36-1.19.5/lib64/python3.6/site-packages:1;/salilab/diva1/home/imp/main/20240607-af6f9d6a95/lib/release8:1;/salilab/diva1/programs/x86_64linux/opencv-4.3.0/lib/python3.6/site-packages:1;/wynton/group/sali/miha_rozic/Software/imp-develop/build/lib:2;:1\', \'which_declare\': \'declare -f\', \'NHOSTS\': \'1\', \'SGE_O_WORKDIR\': \'/wynton/group/sali/miha_rozic/Input_information/SNAPSHOTS/central_directory/snapshot2_1min/run24\', \'USER\': \'rozicmiha\', \'SGE_TASK_ID\': \'undefined\', \'__LMOD_REF_COUNT_CMAKE_LIBRARY_PATH\': \'/salilab/diva1/programs/x86_64linux/opencv-4.3.0/lib64:1;/salilab/diva1/programs/x86_64linux/hdf5-1.10.7/lib:1;/salilab/diva1/programs/x86_64linux/libtau-py27-1.0.1/lib64:1;/salilab/diva1/programs/x86_64linux/boost-1.73.0/lib64:1\', \'SGE_TASK_FIRST\': \'undefined\', \'NSLOTS\': \'16\', \'__LMOD_REF_COUNT_MODULEPATH\': \'/salilab/diva1/home/modules:1;/etc/modulefiles:1;/usr/share/modulefiles:1;/usr/share/modulefiles/Linux:1;/usr/share/modulefiles/Core:1;/usr/share/lmod/lmod/modulefiles/Core:1\', \'PWD\': \'/wynton/group/sali/miha_rozic/Input_information/SNAPSHOTS/central_directory/snapshot2_1min/run24\', \'HOME\': \'/wynton/home/sali/rozicmiha\', \'NQUEUES\': \'1\', \'TMP\': \'/scratch/708593.1.member.q\', \'PE\': \'smp\', \'SGE_O_HOME\': \'/wynton/home/sali/rozicmiha\', \'LMOD_VERSION\': \'8.7.32\', \'JOB_NAME\': \'test1\', \'BASH_ENV\': \'/usr/share/lmod/lmod/init/bash\', \'MPI_FORTRAN_MOD_DIR\': \'/usr/lib64/gfortran/modules/openmpi\', \'SGE_TASK_LAST\': \'undefined\', \'MKL_NUM_THREADS\': \'1\', \'MPI_COMPILER\': \'openmpi-x86_64\', \'SGE_ACCOUNT\': \'sge\', \'SGE_ROOT\': \'/opt/sge\', \'MPI_SUFFIX\': \'_openmpi\', \'TMPDIR\': \'/scratch/708593.1.member.q\', \'RESTARTED\': \'0\', \'LMOD_sys\': \'Linux\', \'_ModuleTable001_\': \'X01vZHVsZVRhYmxlXyA9IHsKTVR2ZXJzaW9uID0gMywKY19yZWJ1aWxkVGltZSA9IGZhbHNlLApjX3Nob3J0VGltZSA9IGZhbHNlLApkZXB0aFQgPSB7fSwKZmFtaWx5ID0ge30sCm1UID0gewpTYWxpID0gewpmbiA9ICIvZXRjL21vZHVsZWZpbGVzL1NhbGkubHVhIiwKZnVsbE5hbWUgPSAiU2FsaSIsCmxvYWRPcmRlciA9IDEsCnByb3BUID0ge30sCnN0YWNrRGVwdGggPSAwLApzdGF0dXMgPSAiYWN0aXZlIiwKdXNlck5hbWUgPSAiU2FsaSIsCndWID0gIk0uKnpmaW5hbCIsCn0sCmJvb3N0ID0gewpmbiA9ICIvc2FsaWxhYi9kaXZhMS9ob21lL21vZHVsZXMvYm9vc3QvMS43My4wIiwKZnVsbE5hbWUgPSAiYm9vc3QvMS43My4wIiwKbG9hZE9yZGVyID0gMywKcHJvcFQgPSB7\', \'LOADEDMODULES\': \'Sali:mpi/openmpi-x86_64:boost/1.73.0:libtau/1.0.1:hdf5/1.10.7:opencv/4.3.0:imp/2.21.0:sali-libraries:python3/numpy/1.19.5:python3/scipy/1.3.2:python3/joblib/0.17.0:python3/scikit/0.21.3\', \'SGE_O_PATH\': \'/salilab/diva1/programs/x86_64linux/numpy-py36-1.19.5/bin:/salilab/diva1/home/imp/main/20240607-af6f9d6a95/bin/release8:/salilab/diva1/programs/x86_64linux/opencv-4.3.0/bin:/salilab/diva1/programs/x86_64linux/hdf5-1.10.7/bin:/wynton/home/sali/rozicmiha/.local/bin:/wynton/home/sali/rozicmiha/bin:/wynton/group/sali/miha_rozic/Software/imp-develop/build/bin:/wynton/group/sali/miha_rozic/Software/imp-develop/build/module_bin/EMageFit:/wynton/group/sali/miha_rozic/Software/imp-develop/build/module_bin/algebra:/wynton/group/sali/miha_rozic/Software/imp-develop/build/module_bin/atom:/wynton/group/sali/miha_rozic/Software/imp-develop/build/module_bin/benchmark:/wynton/group/sali/miha_rozic/Software/imp-develop/build/module_bin/cgal:/wynton/group/sali/miha_rozic/Software/imp-develop/build/module_bin/cnmultifit:/wynton/group/sali/miha_rozic/Software/imp-develop/build/module_bin/container:/wynton/group/sali/miha_rozic/Software/imp-develop/build/module_bin/core:/wynton/group/sali/miha_rozic/Software/imp-develop/build/module_bin/display:/wynton/group/sali/miha_rozic/Software/imp-develop/build/module_bin/domino:/wynton/group/sali/miha_rozic/Software/imp-develop/build/module_bin/em:/wynton/group/sali/miha_rozic/Software/imp-develop/build/module_bin/em2d:/wynton/group/sali/miha_rozic/Software/imp-develop/build/module_bin/example:/wynton/group/sali/miha_rozic/Software/imp-develop/build/module_bin/foxs:/wynton/group/sali/miha_rozic/Software/imp-develop/build/module_bin/gsl:/wynton/group/sali/miha_rozic/Software/imp-develop/build/module_bin/integrative_docking:/wynton/group/sali/miha_rozic/Software/imp-develop/build/module_bin/isd:/wynton/group/sali/miha_rozic/Software/imp-develop/build/module_bin/kernel:/wynton/group/sali/miha_rozic/Software/imp-develop/build/module_bin/kinematics:/wynton/group/sali/miha_rozic/Software/imp-develop/build/module_bin/kmeans:/wynton/group/sali/miha_rozic/Software/imp-develop/build/module_bin/misc:/wynton/group/sali/miha_rozic/Software/imp-develop/build/module_bin/mmcif:/wynton/group/sali/miha_rozic/Software/imp-develop/build/module_bin/modeller:/wynton/group/sali/miha_rozic/Software/imp-develop/build/module_bin/mpi:/wynton/group/sali/miha_rozic/Software/imp-develop/build/module_bin/multi_state:/wynton/group/sali/miha_rozic/Software/imp-develop/build/module_bin/multifit:/wynton/group/sali/miha_rozic/Software/imp-develop/build/module_bin/npc:/wynton/group/sali/miha_rozic/Software/imp-develop/build/module_bin/npcassembly:/wynton/group/sali/miha_rozic/Software/imp-develop/build/module_bin/parallel:/wynton/group/sali/miha_rozic/Software/imp-develop/build/module_bin/pepdock:/wynton/group/sali/miha_rozic/Software/imp-develop/build/module_bin/pmi:/wynton/group/sali/miha_rozic/Software/imp-develop/build/module_bin/rmf:/wynton/group/sali/miha_rozic/Software/imp-develop/build/module_bin/rotamer:/wynton/group/sali/miha_rozic/Software/imp-develop/build/module_bin/saxs:/wynton/group/sali/miha_rozic/Software/imp-develop/build/module_bin/saxs_merge:/wynton/group/sali/miha_rozic/Software/imp-develop/build/module_bin/score_functor:/wynton/group/sali/miha_rozic/Software/imp-develop/build/module_bin/scratch:/wynton/group/sali/miha_rozic/Software/imp-develop/build/module_bin/spb:/wynton/group/sali/miha_rozic/Software/imp-develop/build/module_bin/statistics:/wynton/group/sali/miha_rozic/Software/imp-develop/build/module_bin/symmetry:/wynton/group/sali/miha_rozic/Software/imp-develop/build/module_bin/test:/opt/sge/bin:/opt/sge/bin/lx-amd64:/usr/local/bin:/usr/bin:/usr/local/sbin:/usr/sbin\', \'SGE_O_SHELL\': \'/bin/bash\', \'_ModuleTable006_\': \'bWUgPSAicHl0aG9uMy9udW1weS8xLjE5LjUiLApsb2FkT3JkZXIgPSA5LApwcm9wVCA9IHt9LApzdGFja0RlcHRoID0gMiwKc3RhdHVzID0gImFjdGl2ZSIsCnVzZXJOYW1lID0gInB5dGhvbjMvbnVtcHkvMS4xOS41IiwKd1YgPSAiMDAwMDAwMDAxLjAwMDAwMDAxOS4wMDAwMDAwMDUuKnpmaW5hbCIsCn0sClsicHl0aG9uMy9zY2lraXQiXSA9IHsKZm4gPSAiL3NhbGlsYWIvZGl2YTEvaG9tZS9tb2R1bGVzL3B5dGhvbjMvc2Npa2l0LzAuMjEuMyIsCmZ1bGxOYW1lID0gInB5dGhvbjMvc2Npa2l0LzAuMjEuMyIsCmxvYWRPcmRlciA9IDEyLApwcm9wVCA9IHt9LApzdGFja0RlcHRoID0gMCwKc3RhdHVzID0gImFjdGl2ZSIsCnVzZXJOYW1lID0gInB5dGhvbjMvc2Npa2l0LzAu\', \'__LMOD_REF_COUNT_MANPATH\': \':2;/usr/share/man/openmpi-x86_64:1;/opt/sge/man:1;/usr/share/lmod/lmod/share/man:1\', \'MPI_INCLUDE\': \'/usr/include/openmpi-x86_64\', \'_ModuleTable003_\': \'YW1lID0gImltcC8yLjIxLjAiLApsb2FkT3JkZXIgPSA3LApwcm9wVCA9IHt9LApzdGFja0RlcHRoID0gMCwKc3RhdHVzID0gImFjdGl2ZSIsCnVzZXJOYW1lID0gImltcCIsCndWID0gIl4wMDAwMDAwMi4wMDAwMDAwMjEuKnpmaW5hbCIsCn0sCmxpYnRhdSA9IHsKZm4gPSAiL3NhbGlsYWIvZGl2YTEvaG9tZS9tb2R1bGVzL2xpYnRhdS8xLjAuMSIsCmZ1bGxOYW1lID0gImxpYnRhdS8xLjAuMSIsCmxvYWRPcmRlciA9IDQsCnByb3BUID0ge30sCnN0YWNrRGVwdGggPSAxLApzdGF0dXMgPSAiYWN0aXZlIiwKdXNlck5hbWUgPSAibGlidGF1LzEuMC4xIiwKd1YgPSAiMDAwMDAwMDAxLjAwMDAwMDAwMC4wMDAwMDAwMDEuKnpmaW5hbCIsCn0sCm1waSA9IHsKZm4gPSAiL3Vzci9z\', \'LMOD_ROOT\': \'/usr/share/lmod\', \'SYSTEMCTL_SKIP_REDIRECT\': \'\', \'MAIL\': \'/var/spool/mail/rozicmiha\', \'SGE_CWD_PATH\': \'/wynton/group/sali/miha_rozic/Input_information/SNAPSHOTS/central_directory/snapshot2_1min/run24\', \'MPI_HOME\': \'/usr/lib64/openmpi\', \'_ModuleTable009_\': \'L3NoYXJlL21vZHVsZWZpbGVzOi91c3Ivc2hhcmUvbW9kdWxlZmlsZXMvTGludXg6L3Vzci9zaGFyZS9tb2R1bGVmaWxlcy9Db3JlOi91c3Ivc2hhcmUvbG1vZC9sbW9kL21vZHVsZWZpbGVzL0NvcmUiLAp9Cg==\', \'SGE_TASK_STEPSIZE\': \'undefined\', \'SHELL\': \'/bin/bash\', \'TERM\': \'\', \'_ModuleTable_Sz_\': \'9\', \'SGE_JOB_SPOOL_DIR\': \'/var/spool/sge/wynton/qb3-id345/active_jobs/708593.1\', \'JOB_ID\': \'708593\', \'IMP_EXAMPLE_DATA\': \'/wynton/group/sali/miha_rozic/Software/imp-develop/build/doc/examples\', \'R_FUTURE_AVAILABLECORES_FALLBACK\': \'1\', \'JOB_SCRIPT\': \'/var/spool/sge/wynton/qb3-id345/job_scripts/708593\', \'SHLVL\': \'2\', \'SGE_O_LOGNAME\': \'rozicmiha\', \'SGE_O_MAIL\': \'/var/spool/mail/rozicmiha\', \'PYTHONPATH\': \'/salilab/diva1/programs/x86_64linux/scikit-py36-0.21.3/lib64/python3.6/site-packages:/salilab/diva1/programs/linux/joblib-0.17.0/lib/python3.6/site-packages:/salilab/diva1/programs/x86_64linux/scipy-py36-1.3.2/lib64/python3.6/site-packages:/salilab/diva1/programs/x86_64linux/numpy-py36-1.19.5/lib64/python3.6/site-packages:/salilab/diva1/home/imp/main/20240607-af6f9d6a95/lib/release8:/salilab/diva1/programs/x86_64linux/opencv-4.3.0/lib/python3.6/site-packages:/wynton/group/sali/miha_rozic/Software/imp-develop/build/lib::\', \'MANPATH\': \':/usr/share/man/openmpi-x86_64:/opt/sge/man:/usr/share/lmod/lmod/share/man\', \'MODULEPATH\': \'/salilab/diva1/home/modules:/etc/modulefiles:/usr/share/modulefiles:/usr/share/modulefiles/Linux:/usr/share/modulefiles/Core:/usr/share/lmod/lmod/modulefiles/Core\', \'MPI_SYSCONFIG\': \'/etc/openmpi-x86_64\', \'LOGNAME\': \'rozicmiha\', \'SYSTEMCTL_IGNORE_DEPENDENCIES\': \'\', \'MODULEPATH_ROOT\': \'/usr/share/modulefiles\', \'PATH\': \'/salilab/diva1/programs/x86_64linux/numpy-py36-1.19.5/bin:/salilab/diva1/home/imp/main/20240607-af6f9d6a95/bin/release8:/salilab/diva1/programs/x86_64linux/opencv-4.3.0/bin:/salilab/diva1/programs/x86_64linux/hdf5-1.10.7/bin:/usr/lib64/openmpi/bin:/wynton/home/sali/rozicmiha/.local/bin:/wynton/home/sali/rozicmiha/bin:/wynton/group/sali/miha_rozic/Software/imp-develop/build/bin:/wynton/group/sali/miha_rozic/Software/imp-develop/build/module_bin/EMageFit:/wynton/group/sali/miha_rozic/Software/imp-develop/build/module_bin/algebra:/wynton/group/sali/miha_rozic/Software/imp-develop/build/module_bin/atom:/wynton/group/sali/miha_rozic/Software/imp-develop/build/module_bin/benchmark:/wynton/group/sali/miha_rozic/Software/imp-develop/build/module_bin/cgal:/wynton/group/sali/miha_rozic/Software/imp-develop/build/module_bin/cnmultifit:/wynton/group/sali/miha_rozic/Software/imp-develop/build/module_bin/container:/wynton/group/sali/miha_rozic/Software/imp-develop/build/module_bin/core:/wynton/group/sali/miha_rozic/Software/imp-develop/build/module_bin/display:/wynton/group/sali/miha_rozic/Software/imp-develop/build/module_bin/domino:/wynton/group/sali/miha_rozic/Software/imp-develop/build/module_bin/em:/wynton/group/sali/miha_rozic/Software/imp-develop/build/module_bin/em2d:/wynton/group/sali/miha_rozic/Software/imp-develop/build/module_bin/example:/wynton/group/sali/miha_rozic/Software/imp-develop/build/module_bin/foxs:/wynton/group/sali/miha_rozic/Software/imp-develop/build/module_bin/gsl:/wynton/group/sali/miha_rozic/Software/imp-develop/build/module_bin/integrative_docking:/wynton/group/sali/miha_rozic/Software/imp-develop/build/module_bin/isd:/wynton/group/sali/miha_rozic/Software/imp-develop/build/module_bin/kernel:/wynton/group/sali/miha_rozic/Software/imp-develop/build/module_bin/kinematics:/wynton/group/sali/miha_rozic/Software/imp-develop/build/module_bin/kmeans:/wynton/group/sali/miha_rozic/Software/imp-develop/build/module_bin/misc:/wynton/group/sali/miha_rozic/Software/imp-develop/build/module_bin/mmcif:/wynton/group/sali/miha_rozic/Software/imp-develop/build/module_bin/modeller:/wynton/group/sali/miha_rozic/Software/imp-develop/build/module_bin/mpi:/wynton/group/sali/miha_rozic/Software/imp-develop/build/module_bin/multi_state:/wynton/group/sali/miha_rozic/Software/imp-develop/build/module_bin/multifit:/wynton/group/sali/miha_rozic/Software/imp-develop/build/module_bin/npc:/wynton/group/sali/miha_rozic/Software/imp-develop/build/module_bin/npcassembly:/wynton/group/sali/miha_rozic/Software/imp-develop/build/module_bin/parallel:/wynton/group/sali/miha_rozic/Software/imp-develop/build/module_bin/pepdock:/wynton/group/sali/miha_rozic/Software/imp-develop/build/module_bin/pmi:/wynton/group/sali/miha_rozic/Software/imp-develop/build/module_bin/rmf:/wynton/group/sali/miha_rozic/Software/imp-develop/build/module_bin/rotamer:/wynton/group/sali/miha_rozic/Software/imp-develop/build/module_bin/saxs:/wynton/group/sali/miha_rozic/Software/imp-develop/build/module_bin/saxs_merge:/wynton/group/sali/miha_rozic/Software/imp-develop/build/module_bin/score_functor:/wynton/group/sali/miha_rozic/Software/imp-develop/build/module_bin/scratch:/wynton/group/sali/miha_rozic/Software/imp-develop/build/module_bin/spb:/wynton/group/sali/miha_rozic/Software/imp-develop/build/module_bin/statistics:/wynton/group/sali/miha_rozic/Software/imp-develop/build/module_bin/symmetry:/wynton/group/sali/miha_rozic/Software/imp-develop/build/module_bin/test:/opt/sge/bin:/opt/sge/bin/lx-amd64:/scratch/708593.1.member.q:/usr/local/bin:/bin:/usr/bin:/usr/local/sbin:/usr/sbin\', \'MPI_BIN\': \'/usr/lib64/openmpi/bin\', \'SGE_STDERR_PATH\': \'/wynton/group/sali/miha_rozic/Input_information/SNAPSHOTS/central_directory/snapshot2_1min/run24/test1.o708593\', \'_LMFILES_\': \'/etc/modulefiles/Sali.lua:/usr/share/modulefiles/mpi/openmpi-x86_64:/salilab/diva1/home/modules/boost/1.73.0:/salilab/diva1/home/modules/libtau/1.0.1:/salilab/diva1/home/modules/hdf5/1.10.7:/salilab/diva1/home/modules/opencv/4.3.0:/salilab/diva1/home/modules/imp/2.21.0:/salilab/diva1/home/modules/sali-libraries:/salilab/diva1/home/modules/python3/numpy/1.19.5:/salilab/diva1/home/modules/python3/scipy/1.3.2:/salilab/diva1/home/modules/python3/joblib/0.17.0:/salilab/diva1/home/modules/python3/scikit/0.21.3\', \'DEBUGINFOD_URLS\': \'https://debuginfod.centos.org/ \', \'MODULESHOME\': \'/usr/share/lmod/lmod\', \'PKG_CONFIG_PATH\': \'/usr/lib64/openmpi/lib/pkgconfig\', \'LMOD_SETTARG_FULL_SUPPORT\': \'no\', \'HISTSIZE\': \'1000\', \'SGE_ARCH\': \'lx-amd64\', \'LMOD_PKG\': \'/usr/share/lmod/lmod\', \'CMAKE_LIBRARY_PATH\': \'/salilab/diva1/programs/x86_64linux/opencv-4.3.0/lib64:/salilab/diva1/programs/x86_64linux/hdf5-1.10.7/lib:/salilab/diva1/programs/x86_64linux/libtau-py27-1.0.1/lib64:/salilab/diva1/programs/x86_64linux/boost-1.73.0/lib64\', \'ARC\': \'lx-amd64\', \'MPI_LIB\': \'/usr/lib64/openmpi/lib\', \'SGE_BINARY_PATH\': \'/opt/sge/bin/lx-amd64\', \'SGE_STDOUT_PATH\': \'/wynton/group/sali/miha_rozic/Input_information/SNAPSHOTS/central_directory/snapshot2_1min/run24/test1.o708593\', \'_ModuleTable005_\': \'bmN2LzQuMy4wIiwKd1YgPSAiMDAwMDAwMDA0LjAwMDAwMDAwMy4qemZpbmFsIiwKfSwKWyJweXRob24zL2pvYmxpYiJdID0gewpmbiA9ICIvc2FsaWxhYi9kaXZhMS9ob21lL21vZHVsZXMvcHl0aG9uMy9qb2JsaWIvMC4xNy4wIiwKZnVsbE5hbWUgPSAicHl0aG9uMy9qb2JsaWIvMC4xNy4wIiwKbG9hZE9yZGVyID0gMTEsCnByb3BUID0ge30sCnN0YWNrRGVwdGggPSAxLApzdGF0dXMgPSAiYWN0aXZlIiwKdXNlck5hbWUgPSAicHl0aG9uMy9qb2JsaWIiLAp3ViA9ICIwMDAwMDAwMDAuMDAwMDAwMDE3Lip6ZmluYWwiLAp9LApbInB5dGhvbjMvbnVtcHkiXSA9IHsKZm4gPSAiL3NhbGlsYWIvZGl2YTEvaG9tZS9tb2R1bGVzL3B5dGhvbjMvbnVtcHkvMS4xOS41IiwKZnVsbE5h\', \'LMOD_CMD\': \'/usr/share/lmod/lmod/libexec/lmod\', \'REQNAME\': \'test1\', \'IMP_BIN_DIR\': \'/wynton/group/sali/miha_rozic/Software/imp-develop/build/bin\', \'MPI_MAN\': \'/usr/share/man/openmpi-x86_64\', \'LESSOPEN\': \'||/usr/bin/lesspipe.sh %s\', \'OMP_NUM_THREADS\': \'1\', \'SGE_CLUSTER_NAME\': \'wynton_cluster\', \'LMOD_DIR\': \'/usr/share/lmod/lmod/libexec\', \'BASH_FUNC_which%%\': \'() {  ( alias;\\n eval ${which_declare} ) | /usr/bin/which --tty-only --read-alias --read-functions --show-tilde --show-dot $@\\n}\', \'BASH_FUNC_module%%\': \'() {  if [ -z "${LMOD_SH_DBG_ON+x}" ]; then\\n case "$-" in \\n *v*x*)\\n __lmod_sh_dbg=\\\'vx\\\'\\n ;;\\n *v*)\\n __lmod_sh_dbg=\\\'v\\\'\\n ;;\\n *x*)\\n __lmod_sh_dbg=\\\'x\\\'\\n ;;\\n esac;\\n fi;\\n if [ -n "${__lmod_sh_dbg:-}" ]; then\\n set +$__lmod_sh_dbg;\\n echo "Shell debugging temporarily silenced: export LMOD_SH_DBG_ON=1 for Lmod\\\'s output" 1>&2;\\n fi;\\n eval "$($LMOD_CMD shell "$@")" && eval "$(${LMOD_SETTARG_CMD:-:} -s sh)";\\n __lmod_my_status=$?;\\n if [ -n "${__lmod_sh_dbg:-}" ]; then\\n echo "Shell debugging restarted" 1>&2;\\n set -$__lmod_sh_dbg;\\n fi;\\n unset __lmod_sh_dbg;\\n return $__lmod_my_status\\n}\', \'BASH_FUNC_ml%%\': \'() {  eval "$($LMOD_DIR/ml_cmd "$@")"\\n}\', \'_\': \'/usr/lib64/openmpi/bin/mpirun\', \'IPATH_NO_BACKTRACE\': \'1\', \'HFI_NO_BACKTRACE\': \'1\', \'OMPI_MCA_orte_local_daemon_uri\': \'3668312064.0;tcp://172.26.39.95:52825\', \'OMPI_MCA_orte_hnp_uri\': \'3668312064.0;tcp://172.26.39.95:52825\', \'OMPI_MCA_mpi_oversubscribe\': \'0\', \'OMPI_MCA_orte_app_num\': \'0\', \'OMPI_UNIVERSE_SIZE\': \'16\', \'OMPI_MCA_orte_num_nodes\': \'1\', \'OMPI_MCA_shmem_RUNTIME_QUERY_hint\': \'mmap\', \'OMPI_MCA_orte_bound_at_launch\': \'1\', \'OMPI_MCA_ess\': \'^singleton\', \'OMPI_MCA_orte_ess_num_procs\': \'16\', \'OMPI_COMM_WORLD_SIZE\': \'16\', \'OMPI_COMM_WORLD_LOCAL_SIZE\': \'16\', \'OMPI_MCA_orte_tmpdir_base\': \'/scratch/708593.1.member.q\', \'OMPI_MCA_orte_top_session_dir\': \'/scratch/708593.1.member.q/ompi.qb3-id345.11149\', \'OMPI_MCA_orte_jobfam_session_dir\': \'/scratch/708593.1.member.q/ompi.qb3-id345.11149/pid.1380629\', \'OMPI_NUM_APP_CTX\': \'1\', \'OMPI_FIRST_RANKS\': \'0\', \'OMPI_APP_CTX_NUM_PROCS\': \'16\', \'OMPI_MCA_initial_wdir\': \'/wynton/group/sali/miha_rozic/Input_information/SNAPSHOTS/central_directory/snapshot2_1min/run24\', \'OMPI_MCA_orte_launch\': \'1\', \'PMIX_NAMESPACE\': \'3668312065\', \'PMIX_RANK\': \'10\', \'PMIX_SERVER_URI2\': \'3668312064.0;tcp4://127.0.0.1:52051\', \'PMIX_SERVER_URI21\': \'3668312064.0;tcp4://127.0.0.1:52051\', \'PMIX_SECURITY_MODE\': \'native,none\', \'PMIX_PTL_MODULE\': \'tcp,usock\', \'PMIX_BFROP_BUFFER_TYPE\': \'PMIX_BFROP_BUFFER_NON_DESC\', \'PMIX_GDS_MODULE\': \'ds21,ds12,hash\', \'PMIX_SERVER_TMPDIR\': \'/scratch/708593.1.member.q/ompi.qb3-id345.11149/pid.1380629\', \'PMIX_SYSTEM_TMPDIR\': \'/scratch/708593.1.member.q\', \'PMIX_DSTORE_21_BASE_PATH\': \'/scratch/708593.1.member.q/ompi.qb3-id345.11149/pid.1380629/pmix_dstor_ds21_1380629\', \'PMIX_DSTORE_ESH_BASE_PATH\': \'/scratch/708593.1.member.q/ompi.qb3-id345.11149/pid.1380629/pmix_dstor_ds12_1380629\', \'OMPI_MCA_ess_base_jobid\': \'3668312065\', \'OMPI_MCA_ess_base_vpid\': \'10\', \'OMPI_COMM_WORLD_RANK\': \'10\', \'OMPI_COMM_WORLD_LOCAL_RANK\': \'10\', \'OMPI_COMM_WORLD_NODE_RANK\': \'10\', \'OMPI_MCA_orte_ess_node_rank\': \'10\', \'PMIX_ID\': \'3668312065.10\', \'OMPI_FILE_LOCATION\': \'/scratch/708593.1.member.q/ompi.qb3-id345.11149/pid.1380629/0/0\', \'KMP_DUPLICATE_LIB_OK\': \'True\', \'KMP_INIT_AT_FORK\': \'FALSE\'})', 'STAT2HEADER_IMP_VERSIONS': "{'IMP_VERSION': '2.21.0', 'PMI_VERSION': '2.21.0'}", 0: 'ReplicaExchange_SwapSuccessRatio', 1: 'ReplicaExchange_MinTempFrequency', 2: 'ReplicaExchange_MaxTempFrequency', 3: 'ReplicaExchange_CurrentTemp', 4: 'score'} 
{0: '0', 1: '0', 2: '0', 3: '1.842015749320195', 4: inf} 
{0: '0.0', 1: '0.0', 2: '0.0', 3: '1.842015749320195', 4: inf} 
{0: '0.0', 1: '0.0', 2: '0.0', 3: '1.842015749320195', 4: inf} 
{0: '0.0', 1: '0.0', 2: '0.0', 3: '1.842015749320195', 4: inf} 
{0: '0.0', 1: '0.0', 2: '0.0', 3: '1.842015749320195', 4: inf} 
{0: '0.0', 1: '0.0', 2: '0.0', 3: '1.842015749320195', 4: 11676.187701662368} 
{0: '0.0', 1: '0.0', 2: '0.0', 3: '1.842015749320195', 4: 1204.7018009347105} 
{0: '0.14285714285714285', 1: '0.0', 2: '0.0', 3: '1.958045020027179', 4: 840.6465837033651} 
{0: '0.25', 1: '0.0', 2: '0.0', 3: '2.081383018504685', 4: 718.3733360281681} 
{0: '0.3333333333333333', 1: '0.0', 2: '0.0', 3: '2.212490124287102', 4: 710.6388967430287} 
{0: '0.4', 1: '0.0', 2: '0.0', 3: '2.351855716390306', 4: 708.3332549768575} 
{0: '0.45454545454545453', 1: '0.0', 2: '0.0', 3: '2.500000000000003', 4: 730.1283138021687} 
{0: '0.4166666666666667', 1: '0.0', 2: '0.0', 3: '2.500000000000003', 4: 689.4835287126363} 
{0: '0.38461538461538464', 1: '0.0', 2: '0.0', 3: '2.500000000000003', 4: 698.5536501281521} 
{0: '0.35714285714285715', 1: '0.0', 2: '0.0', 3: '2.500000000000003', 4: 685.0857835874006} 
{0: '0.4', 1: '0.0', 2: '0.0', 3: '2.351855716390306', 4: 668.2248486523097} 
{0: '0.4375', 1: '0.0', 2: '0.0', 3: '2.212490124287102', 4: 667.3001664026688} 
{0: '0.4117647058823529', 1: '0.0', 2: '0.0', 3: '2.212490124287102', 4: 653.6803128770551} 
{0: '0.4444444444444444', 1: '0.0', 2: '0.0', 3: '2.351855716390306', 4: 640.3647445673337} 
{0: '0.47368421052631576', 1: '0.0', 2: '0.0', 3: '2.500000000000003', 4: 637.2798076310783} 
{0: '0.45', 1: '0.0', 2: '0.0', 3: '2.500000000000003', 4: 667.8051298925029} 
{0: '0.42857142857142855', 1: '0.0', 2: '0.0', 3: '2.500000000000003', 4: 639.0698443646066} 
{0: '0.4090909090909091', 1: '0.0', 2: '0.0', 3: '2.500000000000003', 4: 640.3997078677246} 
{0: '0.391304347826087', 1: '0.0', 2: '0.0', 3: '2.500000000000003', 4: 639.8939487358231} 
{0: '0.375', 1: '0.0', 2: '0.0', 3: '2.500000000000003', 4: 644.1436579404293} 
{0: '0.4', 1: '0.0', 2: '0.0', 3: '2.351855716390306', 4: 656.9573044987995} 
{0: '0.4230769230769231', 1: '0.0', 2: '0.0', 3: '2.212490124287102', 4: 639.6891461541151} 
{0: '0.4074074074074074', 1: '0.0', 2: '0.0', 3: '2.212490124287102', 4: 653.852741793064} 
{0: '0.42857142857142855', 1: '0.0', 2: '0.0', 3: '2.351855716390306', 4: 665.4283367337482} 
{0: '0.4482758620689655', 1: '0.0', 2: '0.0', 3: '2.500000000000003', 4: 644.6843019550686} 
{0: '0.43333333333333335', 1: '0.0', 2: '0.0', 3: '2.500000000000003', 4: 653.2836886275637} 
{0: '0.41935483870967744', 1: '0.0', 2: '0.0', 3: '2.500000000000003', 4: 629.3883440474725} 
{0: '0.40625', 1: '0.0', 2: '0.0', 3: '2.500000000000003', 4: 659.7391085844062} 
{0: '0.3939393939393939', 1: '0.0', 2: '0.0', 3: '2.500000000000003', 4: 628.4580584764886} 
{0: '0.38235294117647056', 1: '0.0', 2: '0.0', 3: '2.500000000000003', 4: 640.4059019468083} 
{0: '0.37142857142857144', 1: '0.0', 2: '0.0', 3: '2.500000000000003', 4: 648.8293175485478} 
{0: '0.3611111111111111', 1: '0.0', 2: '0.0', 3: '2.500000000000003', 4: 651.8854192050444} 
{0: '0.3783783783783784', 1: '0.0', 2: '0.0', 3: '2.351855716390306', 4: 641.4978900157572} 
{0: '0.3684210526315789', 1: '0.0', 2: '0.0', 3: '2.351855716390306', 4: 644.6285172648342} 
{0: '0.38461538461538464', 1: '0.0', 2: '0.0', 3: '2.500000000000003', 4: 654.9324840461496} 
{0: '0.375', 1: '0.0', 2: '0.0', 3: '2.500000000000003', 4: 643.1979790164462} 
{0: '0.36585365853658536', 1: '0.0', 2: '0.0', 3: '2.500000000000003', 4: 651.0938079890178} 
{0: '0.35714285714285715', 1: '0.0', 2: '0.0', 3: '2.500000000000003', 4: 634.6141885551854} 
{0: '0.3488372093023256', 1: '0.0', 2: '0.0', 3: '2.500000000000003', 4: 670.9972650828187} 
{0: '0.3409090909090909', 1: '0.0', 2: '0.0', 3: '2.500000000000003', 4: 629.1376635019818} 
{0: '0.3333333333333333', 1: '0.0', 2: '0.0', 3: '2.500000000000003', 4: 634.8653416460479} 
{0: '0.32608695652173914', 1: '0.0', 2: '0.0', 3: '2.500000000000003', 4: 627.9541493298127} 
{0: '0.3404255319148936', 1: '0.0', 2: '0.0', 3: '2.351855716390306', 4: 636.3362477878952} 
{0: '0.3333333333333333', 1: '0.0', 2: '0.0', 3: '2.351855716390306', 4: 634.3479207380626} 
{0: '0.3469387755102041', 1: '0.0', 2: '0.0', 3: '2.500000000000003', 4: 633.4143312985447} 
{0: '0.34', 1: '0.0', 2: '0.0', 3: '2.500000000000003', 4: 650.732257969492} 
{0: '0.3333333333333333', 1: '0.0', 2: '0.0', 3: '2.500000000000003', 4: 645.1838277231458} 
{0: '0.3269230769230769', 1: '0.0', 2: '0.0', 3: '2.500000000000003', 4: 661.509614704398} 
{0: '0.32075471698113206', 1: '0.0', 2: '0.0', 3: '2.500000000000003', 4: 641.8256468447142} 
{0: '0.3148148148148148', 1: '0.0', 2: '0.0', 3: '2.500000000000003', 4: 676.0168585761729} 
{0: '0.3090909090909091', 1: '0.0', 2: '0.0', 3: '2.500000000000003', 4: 671.6052927698756} 
{0: '0.30357142857142855', 1: '0.0', 2: '0.0', 3: '2.500000000000003', 4: 647.3980227336154} 
{0: '0.2982456140350877', 1: '0.0', 2: '0.0', 3: '2.500000000000003', 4: 656.5534191373633} 
{0: '0.29310344827586204', 1: '0.0', 2: '0.0', 3: '2.500000000000003', 4: 636.8656885851923} 
{0: '0.3050847457627119', 1: '0.0', 2: '0.0', 3: '2.351855716390306', 4: 654.5344171452774} 
{0: '0.3', 1: '0.0', 2: '0.0', 3: '2.351855716390306', 4: 631.4346178403898} 
{0: '0.3114754098360656', 1: '0.0', 2: '0.0', 3: '2.500000000000003', 4: 644.0725462075515} 
{0: '0.3064516129032258', 1: '0.0', 2: '0.0', 3: '2.500000000000003', 4: 645.3075592242865} 
{0: '0.30158730158730157', 1: '0.0', 2: '0.0', 3: '2.500000000000003', 4: 640.6554800110417} 
{0: '0.296875', 1: '0.0', 2: '0.0', 3: '2.500000000000003', 4: 660.0545472380817} 
{0: '0.2923076923076923', 1: '0.0', 2: '0.0', 3: '2.500000000000003', 4: 645.6456314786491} 
{0: '0.2878787878787879', 1: '0.0', 2: '0.0', 3: '2.500000000000003', 4: 640.4641025720632} 
{0: '0.29850746268656714', 1: '0.0', 2: '0.0', 3: '2.351855716390306', 4: 636.7787561254124} 
{0: '0.29411764705882354', 1: '0.0', 2: '0.0', 3: '2.351855716390306', 4: 644.7497397741429} 
{0: '0.30434782608695654', 1: '0.0', 2: '0.0', 3: '2.500000000000003', 4: 641.6612540878826} 
{0: '0.3', 1: '0.0', 2: '0.0', 3: '2.500000000000003', 4: 632.029770640546} 
{0: '0.29577464788732394', 1: '0.0', 2: '0.0', 3: '2.500000000000003', 4: 650.2303761209347} 
{0: '0.2916666666666667', 1: '0.0', 2: '0.0', 3: '2.500000000000003', 4: 636.795211214711} 
{0: '0.2876712328767123', 1: '0.0', 2: '0.0', 3: '2.500000000000003', 4: 661.5799976245931} 
{0: '0.28378378378378377', 1: '0.0', 2: '0.0', 3: '2.500000000000003', 4: 632.7470183559976} 
{0: '0.28', 1: '0.0', 2: '0.0', 3: '2.500000000000003', 4: 650.5909129358779} 
{0: '0.27631578947368424', 1: '0.0', 2: '0.0', 3: '2.500000000000003', 4: 632.3965730501426} 
{0: '0.2727272727272727', 1: '0.0', 2: '0.0', 3: '2.500000000000003', 4: 633.1201420389577} 
{0: '0.2692307692307692', 1: '0.0', 2: '0.0', 3: '2.500000000000003', 4: 654.425959936321} 
{0: '0.26582278481012656', 1: '0.0', 2: '0.0', 3: '2.500000000000003', 4: 654.6875855628742} 
{0: '0.2625', 1: '0.0', 2: '0.0', 3: '2.500000000000003', 4: 642.0932010315875} 
{0: '0.25925925925925924', 1: '0.0', 2: '0.0', 3: '2.500000000000003', 4: 648.7257698187049} 
{0: '0.25609756097560976', 1: '0.0', 2: '0.0', 3: '2.500000000000003', 4: 666.9098088735949} 
{0: '0.25301204819277107', 1: '0.0', 2: '0.0', 3: '2.500000000000003', 4: 646.8983766882122} 
{0: '0.25', 1: '0.0', 2: '0.0', 3: '2.500000000000003', 4: 633.1107908516833} 
{0: '0.25882352941176473', 1: '0.0', 2: '0.0', 3: '2.351855716390306', 4: 657.2097446609441} 
{0: '0.2558139534883721', 1: '0.0', 2: '0.0', 3: '2.351855716390306', 4: 632.7101865043135} 
{0: '0.26436781609195403', 1: '0.0', 2: '0.0', 3: '2.500000000000003', 4: 652.5034404635929} 
{0: '0.26136363636363635', 1: '0.0', 2: '0.0', 3: '2.500000000000003', 4: 640.9895250768062} 
{0: '0.25842696629213485', 1: '0.0', 2: '0.0', 3: '2.500000000000003', 4: 635.8931933767664} 
{0: '0.25555555555555554', 1: '0.0', 2: '0.0', 3: '2.500000000000003', 4: 639.0008943927664} 
{0: '0.25274725274725274', 1: '0.0', 2: '0.0', 3: '2.500000000000003', 4: 639.056205044254} 
{0: '0.25', 1: '0.0', 2: '0.0', 3: '2.500000000000003', 4: 639.0022685711156} 
{0: '0.24731182795698925', 1: '0.0', 2: '0.0', 3: '2.500000000000003', 4: 655.9067240980876} 
{0: '0.24468085106382978', 1: '0.0', 2: '0.0', 3: '2.500000000000003', 4: 642.2507853431407} 
{0: '0.25263157894736843', 1: '0.0', 2: '0.0', 3: '2.351855716390306', 4: 638.7827588896498} 
{0: '0.25', 1: '0.0', 2: '0.0', 3: '2.351855716390306', 4: 641.0781852732541} 
{0: '0.25773195876288657', 1: '0.0', 2: '0.0', 3: '2.500000000000003', 4: 648.2490676919124} 
{0: '0.25510204081632654', 1: '0.0', 2: '0.0', 3: '2.500000000000003', 4: 664.905541999948} 
{0: '0.25252525252525254', 1: '0.0', 2: '0.0', 3: '2.500000000000003', 4: 628.6115358294692} 
{0: '0.25', 1: '0.0', 2: '0.0', 3: '2.500000000000003', 4: 632.7839707365648} 
{0: '0.24752475247524752', 1: '0.0', 2: '0.0', 3: '2.500000000000003', 4: 647.3177664265125} 
{0: '0.24509803921568626', 1: '0.0', 2: '0.0', 3: '2.500000000000003', 4: 625.1296260459619} 
{0: '0.2524271844660194', 1: '0.0', 2: '0.0', 3: '2.351855716390306', 4: 624.3482204620284} 
{0: '0.25961538461538464', 1: '0.0', 2: '0.0', 3: '2.212490124287102', 4: 633.1004907177987} 
{0: '0.2571428571428571', 1: '0.0', 2: '0.0', 3: '2.212490124287102', 4: 664.5140840027138} 
{0: '0.2641509433962264', 1: '0.0', 2: '0.0', 3: '2.351855716390306', 4: 658.6477967942594} 
{0: '0.27102803738317754', 1: '0.0', 2: '0.0', 3: '2.500000000000003', 4: 629.8400731225998} 
{0: '0.26851851851851855', 1: '0.0', 2: '0.0', 3: '2.500000000000003', 4: 648.946115301648} 
{0: '0.26605504587155965', 1: '0.0', 2: '0.0', 3: '2.500000000000003', 4: 639.4819080873818} 
{0: '0.2636363636363636', 1: '0.0', 2: '0.0', 3: '2.500000000000003', 4: 648.543250277313} 
{0: '0.26126126126126126', 1: '0.0', 2: '0.0', 3: '2.500000000000003', 4: 644.0466248624716} 
{0: '0.25892857142857145', 1: '0.0', 2: '0.0', 3: '2.500000000000003', 4: 637.4245675479875} 
{0: '0.25663716814159293', 1: '0.0', 2: '0.0', 3: '2.500000000000003', 4: 648.2122337703123} 
{0: '0.2543859649122807', 1: '0.0', 2: '0.0', 3: '2.500000000000003', 4: 653.1009478698501} 
{0: '0.25217391304347825', 1: '0.0', 2: '0.0', 3: '2.500000000000003', 4: 628.9954293942596} 
{0: '0.25', 1: '0.0', 2: '0.0', 3: '2.500000000000003', 4: 645.1720569997624} 
{0: '0.24786324786324787', 1: '0.0', 2: '0.0', 3: '2.500000000000003', 4: 655.4999041132519} 
{0: '0.2457627118644068', 1: '0.0', 2: '0.0', 3: '2.500000000000003', 4: 643.8928230556979} 
{0: '0.24369747899159663', 1: '0.0', 2: '0.0', 3: '2.500000000000003', 4: 619.9744032781743} 
{0: '0.24166666666666667', 1: '0.0', 2: '0.0', 3: '2.500000000000003', 4: 627.1528173301} 
{0: '0.2396694214876033', 1: '0.0', 2: '0.0', 3: '2.500000000000003', 4: 578.7858610729082} 
{0: '0.23770491803278687', 1: '0.0', 2: '0.0', 3: '2.500000000000003', 4: 555.6233146245239} 
{0: '0.24390243902439024', 1: '0.0', 2: '0.0', 3: '2.351855716390306', 4: 551.0433779130967} 
{0: '0.25', 1: '0.0', 2: '0.0', 3: '2.212490124287102', 4: 546.8011389580035} 
{0: '0.256', 1: '0.0', 2: '0.0', 3: '2.081383018504685', 4: 547.2492695119031} 
{0: '0.2619047619047619', 1: '0.0', 2: '0.0', 3: '1.958045020027179', 4: 546.5169657793648} 
{0: '0.2677165354330709', 1: '0.0', 2: '0.0', 3: '1.842015749320195', 4: 543.7418553636747} 
{0: '0.2734375', 1: '0.0', 2: '0.0', 3: '1.7328621078878674', 4: 546.5784997556196} 
{0: '0.2713178294573643', 1: '0.0', 2: '0.0', 3: '1.7328621078878674', 4: 552.3327482412736} 
{0: '0.27692307692307694', 1: '0.0', 2: '0.0', 3: '1.842015749320195', 4: 555.2262728340494} 
{0: '0.2824427480916031', 1: '0.0', 2: '0.0', 3: '1.958045020027179', 4: 551.2008445403429} 
{0: '0.2878787878787879', 1: '0.0', 2: '0.0', 3: '2.081383018504685', 4: 552.4134895665641} 
{0: '0.2932330827067669', 1: '0.0', 2: '0.0', 3: '2.212490124287102', 4: 549.5171448019938} 
{0: '0.291044776119403', 1: '0.0', 2: '0.0', 3: '2.212490124287102', 4: 547.3859355018607} 
{0: '0.2962962962962963', 1: '0.0', 2: '0.0', 3: '2.081383018504685', 4: 544.6108243858566} 
{0: '0.3014705882352941', 1: '0.0', 2: '0.0', 3: '1.958045020027179', 4: 542.9430249723366} 
{0: '0.30656934306569344', 1: '0.0', 2: '0.0', 3: '1.842015749320195', 4: 557.5824003200136} 
{0: '0.30434782608695654', 1: '0.0', 2: '0.0', 3: '1.842015749320195', 4: 555.9540013875195} 
{0: '0.30935251798561153', 1: '0.0', 2: '0.0', 3: '1.958045020027179', 4: 554.5873905107653} 
{0: '0.30714285714285716', 1: '0.0', 2: '0.0', 3: '1.958045020027179', 4: 554.847836385806} 
{0: '0.3049645390070922', 1: '0.0', 2: '0.0', 3: '1.958045020027179', 4: 548.2410284900155} 
{0: '0.30985915492957744', 1: '0.0', 2: '0.0', 3: '2.081383018504685', 4: 554.9932157651283} 
{0: '0.3146853146853147', 1: '0.0', 2: '0.0', 3: '2.212490124287102', 4: 554.4428669385871} 
{0: '0.3194444444444444', 1: '0.0', 2: '0.0', 3: '2.351855716390306', 4: 552.9675805112072} 
{0: '0.32413793103448274', 1: '0.0', 2: '0.0', 3: '2.500000000000003', 4: 553.1797204833268} 
{0: '0.3219178082191781', 1: '0.0', 2: '0.0', 3: '2.500000000000003', 4: 545.7037627867294} 
{0: '0.32653061224489793', 1: '0.0', 2: '0.0', 3: '2.351855716390306', 4: 551.9612036161284} 
{0: '0.3310810810810811', 1: '0.0', 2: '0.0', 3: '2.212490124287102', 4: 550.6940910172519} 
{0: '0.33557046979865773', 1: '0.0', 2: '0.0', 3: '2.081383018504685', 4: 559.8260956010406} 
{0: '0.3333333333333333', 1: '0.0', 2: '0.0', 3: '2.081383018504685', 4: 555.2239032689997} 
{0: '0.33112582781456956', 1: '0.0', 2: '0.0', 3: '2.081383018504685', 4: 568.1245060144726} 
{0: '0.3355263157894737', 1: '0.0', 2: '0.0', 3: '1.958045020027179', 4: 554.1808401386672} 
{0: '0.33986928104575165', 1: '0.0', 2: '0.0', 3: '1.842015749320195', 4: 554.8598151066201} 
{0: '0.34415584415584416', 1: '0.0', 2: '0.0', 3: '1.7328621078878674', 4: 568.3274247426076} 
{0: '0.3419354838709677', 1: '0.0', 2: '0.0', 3: '1.7328621078878674', 4: 562.2714341308249} 
{0: '0.34615384615384615', 1: '0.0', 2: '0.0', 3: '1.842015749320195', 4: 545.4498551572341} 
{0: '0.3503184713375796', 1: '0.0', 2: '0.0', 3: '1.958045020027179', 4: 550.1134289445782} 
{0: '0.34810126582278483', 1: '0.0', 2: '0.0', 3: '1.958045020027179', 4: 548.4009702584065} 
{0: '0.34591194968553457', 1: '0.0', 2: '0.0', 3: '1.958045020027179', 4: 551.6702340209185} 
{0: '0.34375', 1: '0.0', 2: '0.0', 3: '1.958045020027179', 4: 552.3302848095869} 
{0: '0.3416149068322981', 1: '0.0', 2: '0.0', 3: '1.958045020027179', 4: 554.8295598036387} 
{0: '0.345679012345679', 1: '0.0', 2: '0.0', 3: '2.081383018504685', 4: 552.7390340157943} 
{0: '0.34355828220858897', 1: '0.0', 2: '0.0', 3: '2.081383018504685', 4: 542.9548805828814} 
{0: '0.3475609756097561', 1: '0.0', 2: '0.0', 3: '1.958045020027179', 4: 557.9132877538798} 
{0: '0.34545454545454546', 1: '0.0', 2: '0.0', 3: '1.958045020027179', 4: 553.5050270148774} 
{0: '0.3493975903614458', 1: '0.0', 2: '0.0', 3: '2.081383018504685', 4: 548.1531028557145} 
{0: '0.3473053892215569', 1: '0.0', 2: '0.0', 3: '2.081383018504685', 4: 562.9671221056359} 
{0: '0.34523809523809523', 1: '0.0', 2: '0.0', 3: '2.081383018504685', 4: 548.0986736536529} 
{0: '0.3431952662721893', 1: '0.0', 2: '0.0', 3: '2.081383018504685', 4: 543.8459934230777} 
{0: '0.34705882352941175', 1: '0.0', 2: '0.0', 3: '1.958045020027179', 4: 547.6014566035306} 
{0: '0.34502923976608185', 1: '0.0', 2: '0.0', 3: '1.958045020027179', 4: 552.8180800391491} 
{0: '0.3430232558139535', 1: '0.0', 2: '0.0', 3: '1.958045020027179', 4: 553.7767340077623} 
{0: '0.3468208092485549', 1: '0.0', 2: '0.0', 3: '1.842015749320195', 4: 546.0067286117683} 
{0: '0.3448275862068966', 1: '0.0', 2: '0.0', 3: '1.842015749320195', 4: 548.7412430686963} 
{0: '0.3485714285714286', 1: '0.0', 2: '0.0', 3: '1.958045020027179', 4: 552.0417226059816} 
{0: '0.3522727272727273', 1: '0.0', 2: '0.0', 3: '2.081383018504685', 4: 565.7229546482387} 
{0: '0.3502824858757062', 1: '0.0', 2: '0.0', 3: '2.081383018504685', 4: 553.7458499886791} 
{0: '0.3539325842696629', 1: '0.0', 2: '0.0', 3: '1.958045020027179', 4: 548.898184123244} 
{0: '0.3575418994413408', 1: '0.0', 2: '0.0', 3: '1.842015749320195', 4: 558.1756456491809} 
{0: '0.35555555555555557', 1: '0.0', 2: '0.0', 3: '1.842015749320195', 4: 549.1770137443743} 
{0: '0.35911602209944754', 1: '0.0', 2: '0.0', 3: '1.958045020027179', 4: 563.7330624750931} 
{0: '0.3626373626373626', 1: '0.0', 2: '0.0', 3: '2.081383018504685', 4: 552.4312014023611} 
{0: '0.366120218579235', 1: '0.0', 2: '0.0', 3: '2.212490124287102', 4: 557.6075914285317} 
{0: '0.3695652173913043', 1: '0.0', 2: '0.0', 3: '2.351855716390306', 4: 560.9446382362976} 
{0: '0.3675675675675676', 1: '0.0', 2: '0.0', 3: '2.351855716390306', 4: 547.1227536457333} 
{0: '0.3709677419354839', 1: '0.0', 2: '0.0', 3: '2.212490124287102', 4: 542.9946452982739} 
{0: '0.37433155080213903', 1: '0.0', 2: '0.0', 3: '2.081383018504685', 4: 553.038301095275} 
{0: '0.3776595744680851', 1: '0.0', 2: '0.0', 3: '1.958045020027179', 4: 549.080409515234} 
{0: '0.38095238095238093', 1: '0.0', 2: '0.0', 3: '1.842015749320195', 4: 551.295357832247} 
{0: '0.37894736842105264', 1: '0.0', 2: '0.0', 3: '1.842015749320195', 4: 555.9154794590467} 
{0: '0.38219895287958117', 1: '0.0', 2: '0.0', 3: '1.958045020027179', 4: 555.3620990929396} 
{0: '0.3854166666666667', 1: '0.0', 2: '0.0', 3: '2.081383018504685', 4: 553.2119425473062} 
{0: '0.38341968911917096', 1: '0.0', 2: '0.0', 3: '2.081383018504685', 4: 559.7847472758972} 
{0: '0.3865979381443299', 1: '0.0', 2: '0.0', 3: '1.958045020027179', 4: 552.2205220144314} 
{0: '0.38461538461538464', 1: '0.0', 2: '0.0', 3: '1.958045020027179', 4: 546.5420978944113} 
{0: '0.3877551020408163', 1: '0.0', 2: '0.0', 3: '2.081383018504685', 4: 556.9855376626373} 
{0: '0.39086294416243655', 1: '0.0', 2: '0.0', 3: '2.212490124287102', 4: 557.3807821750652} 
{0: '0.3939393939393939', 1: '0.0', 2: '0.0', 3: '2.351855716390306', 4: 551.4680787659466} 
{0: '0.3969849246231156', 1: '0.0', 2: '0.0', 3: '2.500000000000003', 4: 542.9160438271603} 
{0: '0.395', 1: '0.0', 2: '0.0', 3: '2.500000000000003', 4: 559.2012073392465} 
{0: '0.39800995024875624', 1: '0.0', 2: '0.0', 3: '2.351855716390306', 4: 552.8601965105673} 
{0: '0.400990099009901', 1: '0.0', 2: '0.0', 3: '2.212490124287102', 4: 553.384454288207} 
{0: '0.4039408866995074', 1: '0.0', 2: '0.0', 3: '2.081383018504685', 4: 559.3792505133148} 
{0: '0.4068627450980392', 1: '0.0', 2: '0.0', 3: '1.958045020027179', 4: 548.5311474830305} 
{0: '0.40487804878048783', 1: '0.0', 2: '0.0', 3: '1.958045020027179', 4: 555.742762918569} 
{0: '0.4029126213592233', 1: '0.0', 2: '0.0', 3: '1.958045020027179', 4: 546.9311624530459} 
{0: '0.4057971014492754', 1: '0.0', 2: '0.0', 3: '1.842015749320195', 4: 556.5985456578886} 
{0: '0.40384615384615385', 1: '0.0', 2: '0.0', 3: '1.842015749320195', 4: 549.8136353309197} 
{0: '0.40669856459330145', 1: '0.0', 2: '0.0', 3: '1.958045020027179', 4: 552.2972617813238} 
{0: '0.4095238095238095', 1: '0.0', 2: '0.0', 3: '2.081383018504685', 4: 554.9081954605645} 
{0: '0.41232227488151657', 1: '0.0', 2: '0.0', 3: '2.212490124287102', 4: 553.3013267911484} 
{0: '0.41037735849056606', 1: '0.0', 2: '0.0', 3: '2.212490124287102', 4: 549.5429351404736} 
{0: '0.4131455399061033', 1: '0.0', 2: '0.0', 3: '2.081383018504685', 4: 548.5635596078617} 
{0: '0.4158878504672897', 1: '0.0', 2: '0.0', 3: '1.958045020027179', 4: 539.9088579106065} 
{0: '0.413953488372093', 1: '0.0', 2: '0.0', 3: '1.958045020027179', 4: 554.5485966740055} 
{0: '0.41203703703703703', 1: '0.0', 2: '0.0', 3: '1.958045020027179', 4: 551.8152172697911} 
{0: '0.41013824884792627', 1: '0.0', 2: '0.0', 3: '1.958045020027179', 4: 555.8319529720575} 
{0: '0.41284403669724773', 1: '0.0', 2: '0.0', 3: '2.081383018504685', 4: 551.798115680737} 
{0: '0.4155251141552511', 1: '0.0', 2: '0.0', 3: '2.212490124287102', 4: 550.1353708464961} 
{0: '0.41818181818181815', 1: '0.0', 2: '0.0', 3: '2.351855716390306', 4: 556.2088038838733} 
{0: '0.416289592760181', 1: '0.0', 2: '0.0', 3: '2.351855716390306', 4: 552.9320965482478} 
{0: '0.4189189189189189', 1: '0.0', 2: '0.0', 3: '2.212490124287102', 4: 553.8518173311719} 
{0: '0.42152466367713004', 1: '0.0', 2: '0.0', 3: '2.081383018504685', 4: 549.2480734824854} 
{0: '0.42410714285714285', 1: '0.0', 2: '0.0', 3: '1.958045020027179', 4: 554.3309095360653} 
{0: '0.4222222222222222', 1: '0.0', 2: '0.0', 3: '1.958045020027179', 4: 550.1237077922597} 
{0: '0.42035398230088494', 1: '0.0', 2: '0.0', 3: '1.958045020027179', 4: 556.157525433818} 
{0: '0.4185022026431718', 1: '0.0', 2: '0.0', 3: '1.958045020027179', 4: 550.2304454753954} 
{0: '0.4166666666666667', 1: '0.0', 2: '0.0', 3: '1.958045020027179', 4: 542.8442976574337} 
{0: '0.4148471615720524', 1: '0.0', 2: '0.0', 3: '1.958045020027179', 4: 542.9377191714757} 
{0: '0.41304347826086957', 1: '0.0', 2: '0.0', 3: '1.958045020027179', 4: 550.6576509703277} 
{0: '0.4155844155844156', 1: '0.0', 2: '0.0', 3: '1.842015749320195', 4: 552.061406785482} 
{0: '0.41379310344827586', 1: '0.0', 2: '0.0', 3: '1.842015749320195', 4: 545.8878852150716} 
{0: '0.41630901287553645', 1: '0.0', 2: '0.0', 3: '1.958045020027179', 4: 549.648045174174} 
{0: '0.41452991452991456', 1: '0.0', 2: '0.0', 3: '1.958045020027179', 4: 552.2751177133815} 
{0: '0.4127659574468085', 1: '0.0', 2: '0.0', 3: '1.958045020027179', 4: 546.7752665448801} 
{0: '0.4152542372881356', 1: '0.0', 2: '0.0', 3: '2.081383018504685', 4: 543.8750678034103} 
{0: '0.41350210970464135', 1: '0.0', 2: '0.0', 3: '2.081383018504685', 4: 554.7284074914509} 
{0: '0.41596638655462187', 1: '0.0', 2: '0.0', 3: '1.958045020027179', 4: 559.9147241084313} 
{0: '0.41422594142259417', 1: '0.0', 2: '0.0', 3: '1.958045020027179', 4: 552.4643839681971} 
{0: '0.4166666666666667', 1: '0.0', 2: '0.0', 3: '2.081383018504685', 4: 543.4839537272428} 
{0: '0.4149377593360996', 1: '0.0', 2: '0.0', 3: '2.081383018504685', 4: 550.367455318237} 
{0: '0.41735537190082644', 1: '0.0', 2: '0.0', 3: '1.958045020027179', 4: 542.0832808830987} 
{0: '0.4156378600823045', 1: '0.0', 2: '0.0', 3: '1.958045020027179', 4: 548.739370841768} 
{0: '0.4139344262295082', 1: '0.0', 2: '0.0', 3: '1.958045020027179', 4: 552.3723393436804} 
{0: '0.4122448979591837', 1: '0.0', 2: '0.0', 3: '1.958045020027179', 4: 549.2410774273993} 
{0: '0.4146341463414634', 1: '0.0', 2: '0.0', 3: '2.081383018504685', 4: 546.9473475340814} 
{0: '0.41295546558704455', 1: '0.0', 2: '0.0', 3: '2.081383018504685', 4: 556.5597631412458} 
{0: '0.4153225806451613', 1: '0.0', 2: '0.0', 3: '1.958045020027179', 4: 554.779149398708} 
{0: '0.41365461847389556', 1: '0.0', 2: '0.0', 3: '1.958045020027179', 4: 546.6296869093869} 
{0: '0.416', 1: '0.0', 2: '0.0', 3: '2.081383018504685', 4: 542.4241182496888} 
{0: '0.41434262948207173', 1: '0.0', 2: '0.0', 3: '2.081383018504685', 4: 551.6229989648504} 
{0: '0.4166666666666667', 1: '0.0', 2: '0.0', 3: '1.958045020027179', 4: 550.4048142928187} 
{0: '0.4150197628458498', 1: '0.0', 2: '0.0', 3: '1.958045020027179', 4: 548.5599330799926} 
{0: '0.41732283464566927', 1: '0.0', 2: '0.0', 3: '2.081383018504685', 4: 560.1109460793596} 
{0: '0.41568627450980394', 1: '0.0', 2: '0.0', 3: '2.081383018504685', 4: 549.9189862849287} 
{0: '0.41796875', 1: '0.0', 2: '0.0', 3: '1.958045020027179', 4: 558.3413006633888} 
{0: '0.42023346303501946', 1: '0.0', 2: '0.0', 3: '1.842015749320195', 4: 548.1226068702564} 
{0: '0.42248062015503873', 1: '0.0', 2: '0.0', 3: '1.7328621078878674', 4: 544.2601623341073} 
{0: '0.42084942084942084', 1: '0.0', 2: '0.0', 3: '1.7328621078878674', 4: 548.908215360518} 
{0: '0.4230769230769231', 1: '0.0', 2: '0.0', 3: '1.842015749320195', 4: 555.0795773147231} 
{0: '0.42528735632183906', 1: '0.0', 2: '0.0', 3: '1.958045020027179', 4: 547.1976105714439} 
{0: '0.42748091603053434', 1: '0.0', 2: '0.0', 3: '2.081383018504685', 4: 550.0860912674412} 
{0: '0.42585551330798477', 1: '0.0', 2: '0.0', 3: '2.081383018504685', 4: 550.886862417409} 
{0: '0.42803030303030304', 1: '0.0', 2: '0.0', 3: '1.958045020027179', 4: 559.8390932622491} 
{0: '0.42641509433962266', 1: '0.0', 2: '0.0', 3: '1.958045020027179', 4: 550.9071637293771} 
{0: '0.42857142857142855', 1: '0.0', 2: '0.0', 3: '2.081383018504685', 4: 540.4332049200051} 
{0: '0.42696629213483145', 1: '0.0', 2: '0.0', 3: '2.081383018504685', 4: 562.5915666089716} 
{0: '0.4253731343283582', 1: '0.0', 2: '0.0', 3: '2.081383018504685', 4: 551.7491210847126} 
{0: '0.4275092936802974', 1: '0.0', 2: '0.0', 3: '2.212490124287102', 4: 548.3231486061895} 
{0: '0.42592592592592593', 1: '0.0', 2: '0.0', 3: '2.212490124287102', 4: 553.8271375329833} 
{0: '0.4280442804428044', 1: '0.0', 2: '0.0', 3: '2.081383018504685', 4: 544.9290631450611} 
{0: '0.43014705882352944', 1: '0.0', 2: '0.0', 3: '1.958045020027179', 4: 556.1463050299028} 
{0: '0.42857142857142855', 1: '0.0', 2: '0.0', 3: '1.958045020027179', 4: 560.0923540130397} 
{0: '0.4306569343065693', 1: '0.0', 2: '0.0', 3: '2.081383018504685', 4: 556.7989700777159} 
{0: '0.43272727272727274', 1: '0.0', 2: '0.0', 3: '2.212490124287102', 4: 551.3525126990033} 
{0: '0.4311594202898551', 1: '0.0', 2: '0.0', 3: '2.212490124287102', 4: 547.8272753863366} 
{0: '0.4332129963898917', 1: '0.0', 2: '0.0', 3: '2.081383018504685', 4: 557.5500186610238} 
{0: '0.4352517985611511', 1: '0.0', 2: '0.0', 3: '1.958045020027179', 4: 553.1923989315268} 
{0: '0.4336917562724014', 1: '0.0', 2: '0.0', 3: '1.958045020027179', 4: 556.9120716251721} 
{0: '0.4357142857142857', 1: '0.0', 2: '0.0', 3: '2.081383018504685', 4: 555.8708891594728} 
{0: '0.43416370106761565', 1: '0.0', 2: '0.0', 3: '2.081383018504685', 4: 550.1176714512483} 
{0: '0.43617021276595747', 1: '0.0', 2: '0.0', 3: '1.958045020027179', 4: 547.74145332444} 
{0: '0.4381625441696113', 1: '0.0', 2: '0.0', 3: '1.842015749320195', 4: 553.4827594808846} 
{0: '0.44014084507042256', 1: '0.0', 2: '0.0', 3: '1.7328621078878674', 4: 548.2536531324716} 
{0: '0.43859649122807015', 1: '0.0', 2: '0.0', 3: '1.7328621078878674', 4: 554.5234221982143} 
{0: '0.4405594405594406', 1: '0.0', 2: '0.0', 3: '1.842015749320195', 4: 549.1628349967714} 
{0: '0.4425087108013937', 1: '0.0', 2: '0.0', 3: '1.958045020027179', 4: 557.3911596538939} 
{0: '0.4444444444444444', 1: '0.0', 2: '0.0', 3: '2.081383018504685', 4: 555.9572687084512} 
{0: '0.4463667820069204', 1: '0.0', 2: '0.0', 3: '2.212490124287102', 4: 558.2894547164167} 
{0: '0.44482758620689655', 1: '0.0', 2: '0.0', 3: '2.212490124287102', 4: 556.7175903503145} 
{0: '0.44329896907216493', 1: '0.0', 2: '0.0', 3: '2.212490124287102', 4: 544.7486642735691} 
{0: '0.4452054794520548', 1: '0.0', 2: '0.0', 3: '2.351855716390306', 4: 558.905351014193} 
{0: '0.447098976109215', 1: '0.0', 2: '0.0', 3: '2.500000000000003', 4: 571.7550107083789} 
{0: '0.445578231292517', 1: '0.0', 2: '0.0', 3: '2.500000000000003', 4: 561.2316148942373} 
{0: '0.44745762711864406', 1: '0.0', 2: '0.0', 3: '2.351855716390306', 4: 564.9384356316729} 
{0: '0.44932432432432434', 1: '0.0', 2: '0.0', 3: '2.212490124287102', 4: 561.3464208532636} 
{0: '0.4478114478114478', 1: '0.0', 2: '0.0', 3: '2.212490124287102', 4: 560.4678467310977} 
{0: '0.4463087248322148', 1: '0.0', 2: '0.0', 3: '2.212490124287102', 4: 547.4070354511214} 
{0: '0.44481605351170567', 1: '0.0', 2: '0.0', 3: '2.212490124287102', 4: 556.5346416314061} 
{0: '0.44333333333333336', 1: '0.0', 2: '0.0', 3: '2.212490124287102', 4: 560.0738118287893} 
{0: '0.44518272425249167', 1: '0.0', 2: '0.0', 3: '2.081383018504685', 4: 541.6306523862514} 
{0: '0.4470198675496689', 1: '0.0', 2: '0.0', 3: '1.958045020027179', 4: 548.3650803378446} 
{0: '0.44884488448844884', 1: '0.0', 2: '0.0', 3: '1.842015749320195', 4: 548.3255293656104} 
{0: '0.4506578947368421', 1: '0.0', 2: '0.0', 3: '1.7328621078878674', 4: 547.5387243073902} 
{0: '0.4491803278688525', 1: '0.0', 2: '0.0', 3: '1.7328621078878674', 4: 552.5848923476611} 
{0: '0.45098039215686275', 1: '0.0', 2: '0.0', 3: '1.842015749320195', 4: 553.073587781355} 
{0: '0.4527687296416938', 1: '0.0', 2: '0.0', 3: '1.958045020027179', 4: 543.5447817612759} 
{0: '0.45454545454545453', 1: '0.0', 2: '0.0', 3: '2.081383018504685', 4: 546.3628811300781} 
{0: '0.4563106796116505', 1: '0.0', 2: '0.0', 3: '2.212490124287102', 4: 570.6299659569075} 
{0: '0.45806451612903226', 1: '0.0', 2: '0.0', 3: '2.351855716390306', 4: 551.458505460159} 
{0: '0.45980707395498394', 1: '0.0', 2: '0.0', 3: '2.500000000000003', 4: 546.7374195548663} 
{0: '0.4583333333333333', 1: '0.0', 2: '0.0', 3: '2.500000000000003', 4: 549.2286212456065} 
{0: '0.46006389776357826', 1: '0.0', 2: '0.0', 3: '2.351855716390306', 4: 550.2473321966745} 
{0: '0.46178343949044587', 1: '0.0', 2: '0.0', 3: '2.212490124287102', 4: 539.9998230434497} 
{0: '0.4634920634920635', 1: '0.0', 2: '0.0', 3: '2.081383018504685', 4: 556.6544523027677} 
{0: '0.4651898734177215', 1: '0.0', 2: '0.0', 3: '1.958045020027179', 4: 557.8524923836884} 
{0: '0.4637223974763407', 1: '0.0', 2: '0.0', 3: '1.958045020027179', 4: 549.8159931881927} 
{0: '0.46540880503144655', 1: '0.0', 2: '0.0', 3: '2.081383018504685', 4: 545.9744127668101} 
{0: '0.4670846394984326', 1: '0.0', 2: '0.0', 3: '2.212490124287102', 4: 544.9683410593697} 
{0: '0.465625', 1: '0.0', 2: '0.0', 3: '2.212490124287102', 4: 553.1357242299727} 
{0: '0.4672897196261682', 1: '0.0', 2: '0.0', 3: '2.081383018504685', 4: 554.6078795374635} 
{0: '0.468944099378882', 1: '0.0', 2: '0.0', 3: '1.958045020027179', 4: 543.1694433444125} 
{0: '0.47058823529411764', 1: '0.0', 2: '0.0', 3: '1.842015749320195', 4: 551.6447106250693} 
{0: '0.4722222222222222', 1: '0.0', 2: '0.0', 3: '1.7328621078878674', 4: 548.3300411168211} 
{0: '0.4707692307692308', 1: '0.0', 2: '0.0', 3: '1.7328621078878674', 4: 553.4055100364269} 
{0: '0.4723926380368098', 1: '0.0', 2: '0.0', 3: '1.842015749320195', 4: 561.3479448304245} 
{0: '0.4740061162079511', 1: '0.0', 2: '0.0', 3: '1.958045020027179', 4: 543.6361415601649} 
{0: '0.47560975609756095', 1: '0.0', 2: '0.0', 3: '2.081383018504685', 4: 547.5228428788248} 
{0: '0.47720364741641336', 1: '0.0', 2: '0.0', 3: '2.212490124287102', 4: 550.4444672016867} 
{0: '0.47575757575757577', 1: '0.0', 2: '0.0', 3: '2.212490124287102', 4: 553.5282044741601} 
{0: '0.4743202416918429', 1: '0.0', 2: '0.0', 3: '2.212490124287102', 4: 554.8249424503408} 
{0: '0.47289156626506024', 1: '0.0', 2: '0.0', 3: '2.212490124287102', 4: 553.6711518161904} 
{0: '0.4744744744744745', 1: '0.0', 2: '0.0', 3: '2.081383018504685', 4: 560.9894823758145} 
{0: '0.47604790419161674', 1: '0.0', 2: '0.0', 3: '1.958045020027179', 4: 553.798436404965} 
{0: '0.4746268656716418', 1: '0.0', 2: '0.0', 3: '1.958045020027179', 4: 542.2949167183248} 
{0: '0.47619047619047616', 1: '0.0', 2: '0.0', 3: '2.081383018504685', 4: 549.2625262106098} 
{0: '0.47774480712166173', 1: '0.0', 2: '0.0', 3: '2.212490124287102', 4: 557.2540439577311} 
{0: '0.47633136094674555', 1: '0.0', 2: '0.0', 3: '2.212490124287102', 4: 551.0016589485267} 
{0: '0.4778761061946903', 1: '0.0', 2: '0.0', 3: '2.081383018504685', 4: 552.3150302686151} 
{0: '0.47941176470588237', 1: '0.0', 2: '0.0', 3: '1.958045020027179', 4: 558.6107468550407} 
{0: '0.4809384164222874', 1: '0.0', 2: '0.0', 3: '1.842015749320195', 4: 548.954771786134} 
{0: '0.4824561403508772', 1: '0.0', 2: '0.0', 3: '1.7328621078878674', 4: 549.9401779720646} 
{0: '0.48104956268221577', 1: '0.0', 2: '0.0', 3: '1.7328621078878674', 4: 542.5719084146992} 
{0: '0.48255813953488375', 1: '0.0', 2: '0.0', 3: '1.842015749320195', 4: 540.4436037944087} 
{0: '0.48405797101449277', 1: '0.0', 2: '0.0', 3: '1.958045020027179', 4: 548.0153620995025} 
{0: '0.48554913294797686', 1: '0.0', 2: '0.0', 3: '2.081383018504685', 4: 552.6912941784955} 
{0: '0.48703170028818443', 1: '0.0', 2: '0.0', 3: '2.212490124287102', 4: 555.9817477063222} 
{0: '0.4885057471264368', 1: '0.0', 2: '0.0', 3: '2.351855716390306', 4: 550.571507110869} 
{0: '0.4871060171919771', 1: '0.0', 2: '0.0', 3: '2.351855716390306', 4: 556.1698937189768} 
{0: '0.48857142857142855', 1: '0.0', 2: '0.0', 3: '2.212490124287102', 4: 549.470830218821} 
{0: '0.49002849002849', 1: '0.0', 2: '0.0', 3: '2.081383018504685', 4: 554.9216364135012} 
{0: '0.4914772727272727', 1: '0.0', 2: '0.0', 3: '1.958045020027179', 4: 551.6382415084653} 
{0: '0.49008498583569404', 1: '0.0', 2: '0.0', 3: '1.958045020027179', 4: 552.0588862563997} 
{0: '0.4915254237288136', 1: '0.0', 2: '0.0', 3: '2.081383018504685', 4: 550.146697753445} 
{0: '0.49295774647887325', 1: '0.0', 2: '0.0', 3: '2.212490124287102', 4: 556.9272825273667} 
{0: '0.4943820224719101', 1: '0.0', 2: '0.0', 3: '2.351855716390306', 4: 556.3196290248967} 
{0: '0.49299719887955185', 1: '0.0', 2: '0.0', 3: '2.351855716390306', 4: 545.8765625141853} 
{0: '0.49441340782122906', 1: '0.0', 2: '0.0', 3: '2.212490124287102', 4: 557.9656062392651} 
{0: '0.4958217270194986', 1: '0.0', 2: '0.0', 3: '2.081383018504685', 4: 547.1177445034748} 
{0: '0.49722222222222223', 1: '0.0', 2: '0.0', 3: '1.958045020027179', 4: 543.9457469702334} 
{0: '0.4986149584487535', 1: '0.0', 2: '0.0', 3: '1.842015749320195', 4: 548.9543002653777} 
{0: '0.5', 1: '0.0', 2: '0.0', 3: '1.7328621078878674', 4: 546.0342369941513} 
{0: '0.4986225895316804', 1: '0.0', 2: '0.0', 3: '1.7328621078878674', 4: 545.3891688899326} 
{0: '0.5', 1: '0.0', 2: '0.0', 3: '1.842015749320195', 4: 552.8360779679762} 
{0: '0.4986301369863014', 1: '0.0', 2: '0.0', 3: '1.842015749320195', 4: 559.6407085487298} 
{0: '0.5', 1: '0.0', 2: '0.0', 3: '1.7328621078878674', 4: 554.0931716249194} 
{0: '0.4986376021798365', 1: '0.0', 2: '0.0', 3: '1.7328621078878674', 4: 550.0046583077177} 
{0: '0.5', 1: '0.0', 2: '0.0', 3: '1.842015749320195', 4: 556.1378448979452} 
{0: '0.5013550135501355', 1: '0.0', 2: '0.0', 3: '1.958045020027179', 4: 545.7934492764778} 
{0: '0.5027027027027027', 1: '0.0', 2: '0.0', 3: '2.081383018504685', 4: 548.4940864006664} 
{0: '0.5013477088948787', 1: '0.0', 2: '0.0', 3: '2.081383018504685', 4: 548.8526086587468} 
{0: '0.5', 1: '0.0', 2: '0.0', 3: '2.081383018504685', 4: 554.4519441026922} 
{0: '0.5013404825737265', 1: '0.0', 2: '0.0', 3: '2.212490124287102', 4: 555.0836204386895} 
{0: '0.5026737967914439', 1: '0.0', 2: '0.0', 3: '2.351855716390306', 4: 547.0439297539571} 
{0: '0.5013333333333333', 1: '0.0', 2: '0.0', 3: '2.351855716390306', 4: 551.4147384740518} 
{0: '0.5026595744680851', 1: '0.0', 2: '0.0', 3: '2.212490124287102', 4: 552.9477630335351} 
{0: '0.5039787798408488', 1: '0.0', 2: '0.0', 3: '2.081383018504685', 4: 554.9111958633804} 
{0: '0.5026455026455027', 1: '0.0', 2: '0.0', 3: '2.081383018504685', 4: 549.8871709774697} 
{0: '0.503957783641161', 1: '0.0', 2: '0.0', 3: '2.212490124287102', 4: 557.5605988063752} 
{0: '0.5026315789473684', 1: '0.0', 2: '0.0', 3: '2.212490124287102', 4: 548.6854386071865} 
{0: '0.5039370078740157', 1: '0.0', 2: '0.0', 3: '2.081383018504685', 4: 554.9422607391655} 
{0: '0.5052356020942408', 1: '0.0', 2: '0.0', 3: '1.958045020027179', 4: 555.9321316901545} 
{0: '0.5039164490861618', 1: '0.0', 2: '0.0', 3: '1.958045020027179', 4: 548.4677194686066} 
{0: '0.5052083333333334', 1: '0.0', 2: '0.0', 3: '2.081383018504685', 4: 550.4231616811909} 
{0: '0.5064935064935064', 1: '0.0', 2: '0.0', 3: '2.212490124287102', 4: 550.7799470776238} 
{0: '0.5051813471502591', 1: '0.0', 2: '0.0', 3: '2.212490124287102', 4: 552.183862793229} 
{0: '0.5064599483204134', 1: '0.0', 2: '0.0', 3: '2.081383018504685', 4: 541.2269797226238} 
{0: '0.5051546391752577', 1: '0.0', 2: '0.0', 3: '2.081383018504685', 4: 549.710980439524} 
{0: '0.506426735218509', 1: '0.0', 2: '0.0', 3: '2.212490124287102', 4: 547.4427185671839} 
{0: '0.5051282051282051', 1: '0.0', 2: '0.0', 3: '2.212490124287102', 4: 555.4415489377939} 
{0: '0.5063938618925832', 1: '0.0', 2: '0.0', 3: '2.081383018504685', 4: 543.6138682943352} 
{0: '0.5076530612244898', 1: '0.0', 2: '0.0', 3: '1.958045020027179', 4: 557.4888669643997} 
{0: '0.5063613231552163', 1: '0.0', 2: '0.0', 3: '1.958045020027179', 4: 544.6671235617553} 
{0: '0.5076142131979695', 1: '0.0', 2: '0.0', 3: '2.081383018504685', 4: 543.9460334250099} 
{0: '0.5088607594936709', 1: '0.0', 2: '0.0', 3: '2.212490124287102', 4: 562.338463128008} 
{0: '0.51010101010101', 1: '0.0', 2: '0.0', 3: '2.351855716390306', 4: 554.8626888026104} 
{0: '0.5113350125944585', 1: '0.0', 2: '0.0', 3: '2.500000000000003', 4: 561.3047464927006} 
{0: '0.5100502512562815', 1: '0.0', 2: '0.0', 3: '2.500000000000003', 4: 559.5611601497781} 
{0: '0.5112781954887218', 1: '0.0', 2: '0.0', 3: '2.351855716390306', 4: 555.3025074447642} 
{0: '0.5125', 1: '0.0', 2: '0.0', 3: '2.212490124287102', 4: 545.319044056163} 
{0: '0.5112219451371571', 1: '0.0', 2: '0.0', 3: '2.212490124287102', 4: 548.7860853293508} 
{0: '0.5099502487562189', 1: '0.0', 2: '0.0', 3: '2.212490124287102', 4: 552.3391729691383} 
{0: '0.511166253101737', 1: '0.0', 2: '0.0', 3: '2.081383018504685', 4: 560.3421708455784} 
{0: '0.5123762376237624', 1: '0.0', 2: '0.0', 3: '1.958045020027179', 4: 560.969433510444} 
{0: '0.5135802469135803', 1: '0.0', 2: '0.0', 3: '1.842015749320195', 4: 551.5505356458104} 
{0: '0.5147783251231527', 1: '0.0', 2: '0.0', 3: '1.7328621078878674', 4: 555.0184528606419} 
{0: '0.5135135135135135', 1: '0.0', 2: '0.0', 3: '1.7328621078878674', 4: 556.9294110683148} 
{0: '0.5147058823529411', 1: '0.0', 2: '0.0', 3: '1.842015749320195', 4: 540.4451555659494} 
{0: '0.5158924205378973', 1: '0.0', 2: '0.0', 3: '1.958045020027179', 4: 551.0741754558933} 
{0: '0.5170731707317073', 1: '0.0', 2: '0.0', 3: '2.081383018504685', 4: 545.2695847686666} 
{0: '0.5182481751824818', 1: '0.0', 2: '0.0', 3: '2.212490124287102', 4: 556.8479987774324} 
{0: '0.5169902912621359', 1: '0.0', 2: '0.0', 3: '2.212490124287102', 4: 558.8942731795248} 
{0: '0.5181598062953995', 1: '0.0', 2: '0.0', 3: '2.081383018504685', 4: 548.4534702243094} 
{0: '0.5169082125603864', 1: '0.0', 2: '0.0', 3: '2.081383018504685', 4: 547.1542198061816} 
{0: '0.5180722891566265', 1: '0.0', 2: '0.0', 3: '2.212490124287102', 4: 554.040560403476} 
{0: '0.5192307692307693', 1: '0.0', 2: '0.0', 3: '2.351855716390306', 4: 551.6652671945909} 
{0: '0.5203836930455635', 1: '0.0', 2: '0.0', 3: '2.500000000000003', 4: 558.8189215916167} 
{0: '0.5191387559808612', 1: '0.0', 2: '0.0', 3: '2.500000000000003', 4: 557.6054145382127} 
{0: '0.5202863961813843', 1: '0.0', 2: '0.0', 3: '2.351855716390306', 4: 545.9603859690201} 
{0: '0.5214285714285715', 1: '0.0', 2: '0.0', 3: '2.212490124287102', 4: 560.8235938652238} 
{0: '0.5225653206650831', 1: '0.0', 2: '0.0', 3: '2.081383018504685', 4: 555.0578649741751} 
{0: '0.523696682464455', 1: '0.0', 2: '0.0', 3: '1.958045020027179', 4: 545.4519397380832} 
{0: '0.524822695035461', 1: '0.0', 2: '0.0', 3: '1.842015749320195', 4: 549.9717034671698} 
{0: '0.5235849056603774', 1: '0.0', 2: '0.0', 3: '1.842015749320195', 4: 542.2063802455543} 
{0: '0.5247058823529411', 1: '0.0', 2: '0.0', 3: '1.958045020027179', 4: 550.071141975362} 
{0: '0.5258215962441315', 1: '0.0', 2: '0.0', 3: '2.081383018504685', 4: 556.3105134186998} 
{0: '0.5269320843091335', 1: '0.0', 2: '0.0', 3: '2.212490124287102', 4: 554.9671845860033} 
{0: '0.5257009345794392', 1: '0.0', 2: '0.0', 3: '2.212490124287102', 4: 551.6520633930544} 
{0: '0.5244755244755245', 1: '0.0', 2: '0.0', 3: '2.212490124287102', 4: 555.6472711008385} 
{0: '0.5232558139534884', 1: '0.0', 2: '0.0', 3: '2.212490124287102', 4: 549.1450401019861} 
{0: '0.5243619489559165', 1: '0.0', 2: '0.0', 3: '2.081383018504685', 4: 543.1419680588172} 
{0: '0.5254629629629629', 1: '0.0', 2: '0.0', 3: '1.958045020027179', 4: 559.617184448657} 
{0: '0.5242494226327945', 1: '0.0', 2: '0.0', 3: '1.958045020027179', 4: 546.8284884011177} 
{0: '0.5253456221198156', 1: '0.0', 2: '0.0', 3: '2.081383018504685', 4: 545.063232996027} 
{0: '0.5241379310344828', 1: '0.0', 2: '0.0', 3: '2.081383018504685', 4: 550.8217290490253} 
{0: '0.5252293577981652', 1: '0.0', 2: '0.0', 3: '1.958045020027179', 4: 548.7708611058401} 
{0: '0.5263157894736842', 1: '0.0', 2: '0.0', 3: '1.842015749320195', 4: 549.0761812919679} 
{0: '0.5251141552511416', 1: '0.0', 2: '0.0', 3: '1.842015749320195', 4: 561.3019323837194} 
{0: '0.5261958997722096', 1: '0.0', 2: '0.0', 3: '1.958045020027179', 4: 561.0298667027109} 
{0: '0.5272727272727272', 1: '0.0', 2: '0.0', 3: '2.081383018504685', 4: 562.0400097083456} 
{0: '0.528344671201814', 1: '0.0', 2: '0.0', 3: '2.212490124287102', 4: 556.6721906509141} 
{0: '0.5294117647058824', 1: '0.0', 2: '0.0', 3: '2.351855716390306', 4: 557.5033473961621} 
{0: '0.5282167042889391', 1: '0.0', 2: '0.0', 3: '2.351855716390306', 4: 554.6501040309751} 
{0: '0.5292792792792793', 1: '0.0', 2: '0.0', 3: '2.212490124287102', 4: 543.9484626107777} 
{0: '0.5303370786516854', 1: '0.0', 2: '0.0', 3: '2.081383018504685', 4: 545.4452667997996} 
{0: '0.5291479820627802', 1: '0.0', 2: '0.0', 3: '2.081383018504685', 4: 554.0781895253127} 
{0: '0.5302013422818792', 1: '0.0', 2: '0.0', 3: '2.212490124287102', 4: 549.7377291276491} 
{0: '0.53125', 1: '0.0', 2: '0.0', 3: '2.351855716390306', 4: 560.4846051082249} 
{0: '0.5300668151447662', 1: '0.0', 2: '0.0', 3: '2.351855716390306', 4: 571.2759874660609} 
{0: '0.5311111111111111', 1: '0.0', 2: '0.0', 3: '2.212490124287102', 4: 560.1723542999504} 
{0: '0.532150776053215', 1: '0.0', 2: '0.0', 3: '2.081383018504685', 4: 549.5393035747828} 
{0: '0.5309734513274337', 1: '0.0', 2: '0.0', 3: '2.081383018504685', 4: 551.0653927201438} 
{0: '0.5320088300220751', 1: '0.0', 2: '0.0', 3: '2.212490124287102', 4: 554.6276748863319} 
{0: '0.5330396475770925', 1: '0.0', 2: '0.0', 3: '2.351855716390306', 4: 556.3466402363829} 
{0: '0.5340659340659341', 1: '0.0', 2: '0.0', 3: '2.500000000000003', 4: 544.9622837462997} 
{0: '0.5328947368421053', 1: '0.0', 2: '0.0', 3: '2.500000000000003', 4: 557.6769293376313} 
{0: '0.5339168490153173', 1: '0.0', 2: '0.0', 3: '2.351855716390306', 4: 551.308205173421} 
{0: '0.5349344978165939', 1: '0.0', 2: '0.0', 3: '2.212490124287102', 4: 553.4675415502369} 
{0: '0.5337690631808278', 1: '0.0', 2: '0.0', 3: '2.212490124287102', 4: 555.4359168163312} 
{0: '0.5347826086956522', 1: '0.0', 2: '0.0', 3: '2.351855716390306', 4: 552.2013919234888} 
{0: '0.5336225596529284', 1: '0.0', 2: '0.0', 3: '2.351855716390306', 4: 562.0729748553448} 
{0: '0.5346320346320347', 1: '0.0', 2: '0.0', 3: '2.212490124287102', 4: 565.4520858759012} 
{0: '0.5356371490280778', 1: '0.0', 2: '0.0', 3: '2.081383018504685', 4: 571.5802232208586} 
{0: '0.5366379310344828', 1: '0.0', 2: '0.0', 3: '1.958045020027179', 4: 551.4506173071633} 
{0: '0.535483870967742', 1: '0.0', 2: '0.0', 3: '1.958045020027179', 4: 553.9123919938204} 
{0: '0.5364806866952789', 1: '0.0', 2: '0.0', 3: '2.081383018504685', 4: 550.3570986564843} 
{0: '0.5353319057815846', 1: '0.0', 2: '0.0', 3: '2.081383018504685', 4: 547.65673350027} 
{0: '0.5363247863247863', 1: '0.0', 2: '0.0', 3: '1.958045020027179', 4: 554.1259863015971} 
{0: '0.5373134328358209', 1: '0.0', 2: '0.0', 3: '1.842015749320195', 4: 547.9174605491048} 
{0: '0.5382978723404256', 1: '0.0', 2: '0.0', 3: '1.7328621078878674', 4: 549.6188690476515} 
{0: '0.5371549893842887', 1: '0.0', 2: '0.0', 3: '1.7328621078878674', 4: 544.0948972450427} 
{0: '0.538135593220339', 1: '0.0', 2: '0.0', 3: '1.842015749320195', 4: 547.0877452707897} 
{0: '0.5391120507399577', 1: '0.0', 2: '0.0', 3: '1.958045020027179', 4: 549.0884256601167} 
{0: '0.540084388185654', 1: '0.0', 2: '0.0', 3: '2.081383018504685', 4: 545.7640759547934} 
{0: '0.5410526315789473', 1: '0.0', 2: '0.0', 3: '2.212490124287102', 4: 558.2323491680922} 
{0: '0.542016806722689', 1: '0.0', 2: '0.0', 3: '2.351855716390306', 4: 562.0554823628573} 
{0: '0.5408805031446541', 1: '0.0', 2: '0.0', 3: '2.351855716390306', 4: 545.167225134975} 
{0: '0.5418410041841004', 1: '0.0', 2: '0.0', 3: '2.212490124287102', 4: 549.9145117448942} 
{0: '0.5407098121085595', 1: '0.0', 2: '0.0', 3: '2.212490124287102', 4: 559.5340030460079} 
{0: '0.5395833333333333', 1: '0.0', 2: '0.0', 3: '2.212490124287102', 4: 559.5687341015997} 
{0: '0.5384615384615384', 1: '0.0', 2: '0.0', 3: '2.212490124287102', 4: 549.4159506776699} 
{0: '0.5394190871369294', 1: '0.0', 2: '0.0', 3: '2.351855716390306', 4: 565.1415051654413} 
{0: '0.5403726708074534', 1: '0.0', 2: '0.0', 3: '2.500000000000003', 4: 563.3019150216325} 
{0: '0.5392561983471075', 1: '0.0', 2: '0.0', 3: '2.500000000000003', 4: 546.9057793838824} 
{0: '0.5402061855670103', 1: '0.0', 2: '0.0', 3: '2.351855716390306', 4: 559.0842829888528} 
{0: '0.5411522633744856', 1: '0.0', 2: '0.0', 3: '2.212490124287102', 4: 555.0616669667464} 
{0: '0.5420944558521561', 1: '0.0', 2: '0.0', 3: '2.081383018504685', 4: 559.8593897590698} 
{0: '0.5430327868852459', 1: '0.0', 2: '0.0', 3: '1.958045020027179', 4: 550.6255809739389} 
{0: '0.5439672801635992', 1: '0.0', 2: '0.0', 3: '1.842015749320195', 4: 555.538739662889} 
{0: '0.5448979591836735', 1: '0.0', 2: '0.0', 3: '1.7328621078878674', 4: 549.9889673285479} 
{0: '0.5437881873727087', 1: '0.0', 2: '0.0', 3: '1.7328621078878674', 4: 555.0782718022982} 
{0: '0.5447154471544715', 1: '0.0', 2: '0.0', 3: '1.842015749320195', 4: 549.166511479538} 
{0: '0.5456389452332657', 1: '0.0', 2: '0.0', 3: '1.958045020027179', 4: 555.3704546583693} 
{0: '0.5465587044534413', 1: '0.0', 2: '0.0', 3: '2.081383018504685', 4: 551.2914171823516} 
{0: '0.5474747474747474', 1: '0.0', 2: '0.0', 3: '2.212490124287102', 4: 559.581188087236} 
{0: '0.5483870967741935', 1: '0.0', 2: '0.0', 3: '2.351855716390306', 4: 553.8833196434755} 
{0: '0.5492957746478874', 1: '0.0', 2: '0.0', 3: '2.500000000000003', 4: 568.8776318740953} 
{0: '0.5481927710843374', 1: '0.0', 2: '0.0', 3: '2.500000000000003', 4: 568.188489678969} 
{0: '0.5490981963927856', 1: '0.0', 2: '0.0', 3: '2.351855716390306', 4: 560.3865100256633} 
