{'STAT2HEADER': 'STAT2HEADER', 'STAT2HEADER_ENVIRON': 'environ({\'OMPI_MCA_pmix\': \'^s1,s2,cray,isolated\', \'PMIX_MCA_mca_base_component_show_load_errors\': \'1\', \'OMPI_COMMAND\': \'python3\', \'OMPI_ARGV\': \'static_snapshot.py 1 0min\', \'OMPI_MCA_orte_precondition_transports\': \'28da874007905a36-6d342a4c16e95811\', \'LD_LIBRARY_PATH\': \'/salilab/diva1/programs/x86_64linux/numpy-py36-1.19.5/lib:/salilab/diva1/home/libs/x86_64/centos8:/salilab/diva1/home/libs/x86_64:/salilab/diva1/home/imp/main/20240607-af6f9d6a95/lib/release8:/salilab/diva1/programs/x86_64linux/opencv-4.3.0/lib64/rhel:/salilab/diva1/programs/x86_64linux/opencv-4.3.0/lib64:/salilab/diva1/programs/x86_64linux/hdf5-1.10.7/lib:/salilab/diva1/programs/x86_64linux/libtau-py27-1.0.1/lib64:/salilab/diva1/programs/x86_64linux/boost-1.73.0/lib64:/usr/lib64/openmpi/lib:/wynton/group/sali/miha_rozic/Software/imp-develop/build/lib::\', \'IMP_TMP_DIR\': \'/wynton/group/sali/miha_rozic/Software/imp-develop/build/tmp\', \'PE_HOSTFILE\': \'/var/spool/sge/wynton/qb3-id137/active_jobs/707258.1/pe_hostfile\', \'__LMOD_REF_COUNT_PATH\': \'/salilab/diva1/programs/x86_64linux/numpy-py36-1.19.5/bin:1;/salilab/diva1/home/imp/main/20240607-af6f9d6a95/bin/release8:1;/salilab/diva1/programs/x86_64linux/opencv-4.3.0/bin:1;/salilab/diva1/programs/x86_64linux/hdf5-1.10.7/bin:1;/usr/lib64/openmpi/bin:1;/wynton/home/sali/rozicmiha/.local/bin:1;/wynton/home/sali/rozicmiha/bin:1;/wynton/group/sali/miha_rozic/Software/imp-develop/build/bin:1;/wynton/group/sali/miha_rozic/Software/imp-develop/build/module_bin/EMageFit:1;/wynton/group/sali/miha_rozic/Software/imp-develop/build/module_bin/algebra:1;/wynton/group/sali/miha_rozic/Software/imp-develop/build/module_bin/atom:1;/wynton/group/sali/miha_rozic/Software/imp-develop/build/module_bin/benchmark:1;/wynton/group/sali/miha_rozic/Software/imp-develop/build/module_bin/cgal:1;/wynton/group/sali/miha_rozic/Software/imp-develop/build/module_bin/cnmultifit:1;/wynton/group/sali/miha_rozic/Software/imp-develop/build/module_bin/container:1;/wynton/group/sali/miha_rozic/Software/imp-develop/build/module_bin/core:1;/wynton/group/sali/miha_rozic/Software/imp-develop/build/module_bin/display:1;/wynton/group/sali/miha_rozic/Software/imp-develop/build/module_bin/domino:1;/wynton/group/sali/miha_rozic/Software/imp-develop/build/module_bin/em:1;/wynton/group/sali/miha_rozic/Software/imp-develop/build/module_bin/em2d:1;/wynton/group/sali/miha_rozic/Software/imp-develop/build/module_bin/example:1;/wynton/group/sali/miha_rozic/Software/imp-develop/build/module_bin/foxs:1;/wynton/group/sali/miha_rozic/Software/imp-develop/build/module_bin/gsl:1;/wynton/group/sali/miha_rozic/Software/imp-develop/build/module_bin/integrative_docking:1;/wynton/group/sali/miha_rozic/Software/imp-develop/build/module_bin/isd:1;/wynton/group/sali/miha_rozic/Software/imp-develop/build/module_bin/kernel:1;/wynton/group/sali/miha_rozic/Software/imp-develop/build/module_bin/kinematics:1;/wynton/group/sali/miha_rozic/Software/imp-develop/build/module_bin/kmeans:1;/wynton/group/sali/miha_rozic/Software/imp-develop/build/module_bin/misc:1;/wynton/group/sali/miha_rozic/Software/imp-develop/build/module_bin/mmcif:1;/wynton/group/sali/miha_rozic/Software/imp-develop/build/module_bin/modeller:1;/wynton/group/sali/miha_rozic/Software/imp-develop/build/module_bin/mpi:1;/wynton/group/sali/miha_rozic/Software/imp-develop/build/module_bin/multi_state:1;/wynton/group/sali/miha_rozic/Software/imp-develop/build/module_bin/multifit:1;/wynton/group/sali/miha_rozic/Software/imp-develop/build/module_bin/npc:1;/wynton/group/sali/miha_rozic/Software/imp-develop/build/module_bin/npcassembly:1;/wynton/group/sali/miha_rozic/Software/imp-develop/build/module_bin/parallel:1;/wynton/group/sali/miha_rozic/Software/imp-develop/build/module_bin/pepdock:1;/wynton/group/sali/miha_rozic/Software/imp-develop/build/module_bin/pmi:1;/wynton/group/sali/miha_rozic/Software/imp-develop/build/module_bin/rmf:1;/wynton/group/sali/miha_rozic/Software/imp-develop/build/module_bin/rotamer:1;/wynton/group/sali/miha_rozic/Software/imp-develop/build/module_bin/saxs:1;/wynton/group/sali/miha_rozic/Software/imp-develop/build/module_bin/saxs_merge:1;/wynton/group/sali/miha_rozic/Software/imp-develop/build/module_bin/score_functor:1;/wynton/group/sali/miha_rozic/Software/imp-develop/build/module_bin/scratch:1;/wynton/group/sali/miha_rozic/Software/imp-develop/build/module_bin/spb:1;/wynton/group/sali/miha_rozic/Software/imp-develop/build/module_bin/statistics:1;/wynton/group/sali/miha_rozic/Software/imp-develop/build/module_bin/symmetry:1;/wynton/group/sali/miha_rozic/Software/imp-develop/build/module_bin/test:1;/opt/sge/bin:1;/opt/sge/bin/lx-amd64:1;/scratch/707258.1.member.q:1;/usr/local/bin:1;/bin:1;/usr/bin:1;/usr/local/sbin:1;/usr/sbin:1\', \'_ModuleTable002_\': \'fSwKc3RhY2tEZXB0aCA9IDEsCnN0YXR1cyA9ICJhY3RpdmUiLAp1c2VyTmFtZSA9ICJib29zdC8xLjczLjAiLAp3ViA9ICIwMDAwMDAwMDEuMDAwMDAwMDczLip6ZmluYWwiLAp9LApoZGY1ID0gewpmbiA9ICIvc2FsaWxhYi9kaXZhMS9ob21lL21vZHVsZXMvaGRmNS8xLjEwLjciLApmdWxsTmFtZSA9ICJoZGY1LzEuMTAuNyIsCmxvYWRPcmRlciA9IDUsCnByb3BUID0ge30sCnN0YWNrRGVwdGggPSAyLApzdGF0dXMgPSAiYWN0aXZlIiwKdXNlck5hbWUgPSAiaGRmNS8xLjEwLjciLAp3ViA9ICIwMDAwMDAwMDEuMDAwMDAwMDEwLjAwMDAwMDAwNy4qemZpbmFsIiwKfSwKaW1wID0gewpmbiA9ICIvc2FsaWxhYi9kaXZhMS9ob21lL21vZHVsZXMvaW1wLzIuMjEuMCIsCmZ1bGxO\', \'IMP_DIR\': \'/salilab/diva1/home/imp/main/20240607-af6f9d6a95/lib/release8/cmake/IMP\', \'QUEUE\': \'member.q\', \'GOTO_NUM_THREADS\': \'1\', \'MPI_PYTHON3_SITEARCH\': \'/usr/lib64/python3.6/site-packages/openmpi\', \'LANG\': \'en_US.UTF-8\', \'HISTCONTROL\': \'ignoredups\', \'_ModuleTable008_\': \'cyIsCmZ1bGxOYW1lID0gInNhbGktbGlicmFyaWVzIiwKbG9hZE9yZGVyID0gOCwKcHJvcFQgPSB7fSwKc3RhY2tEZXB0aCA9IDEsCnN0YXR1cyA9ICJhY3RpdmUiLAp1c2VyTmFtZSA9ICJzYWxpLWxpYnJhcmllcyIsCndWID0gIk0uKnpmaW5hbCIsCn0sCn0sCm1wYXRoQSA9IHsKIi9zYWxpbGFiL2RpdmExL2hvbWUvbW9kdWxlcyIsICIvZXRjL21vZHVsZWZpbGVzIiwgIi91c3Ivc2hhcmUvbW9kdWxlZmlsZXMiCiwgIi91c3Ivc2hhcmUvbW9kdWxlZmlsZXMvTGludXgiLCAiL3Vzci9zaGFyZS9tb2R1bGVmaWxlcy9Db3JlIiwgIi91c3Ivc2hhcmUvbG1vZC9sbW9kL21vZHVsZWZpbGVzL0NvcmUiLAp9LApzeXN0ZW1CYXNlTVBBVEggPSAiL2V0Yy9tb2R1bGVmaWxlczovdXNy\', \'SGE_O_HOST\': \'dev1\', \'HOSTNAME\': \'qb3-id137.wynton.ucsf.edu\', \'OPENBLAS_NUM_THREADS\': \'1\', \'__LMOD_REF_COUNT_CMAKE_INCLUDE_PATH\': \'/salilab/diva1/programs/x86_64linux/opencv-4.3.0/include/opencv4:1;/salilab/diva1/programs/x86_64linux/hdf5-1.10.7/include:1;/salilab/diva1/programs/x86_64linux/libtau-py27-1.0.1/include:1;/salilab/diva1/programs/x86_64linux/boost-1.73.0/include:1\', \'SGE_RSH_COMMAND\': \'builtin\', \'ENVIRONMENT\': \'BATCH\', \'IMP_DATA\': \'/wynton/group/sali/miha_rozic/Software/imp-develop/build/data\', \'REQUEST\': \'test1\', \'SGE_STDIN_PATH\': \'/dev/null\', \'SGE_CELL\': \'wynton\', \'_ModuleTable007_\': \'MjEuMyIsCndWID0gIjAwMDAwMDAwMC4wMDAwMDAwMjEuMDAwMDAwMDAzLip6ZmluYWwiLAp9LApbInB5dGhvbjMvc2NpcHkiXSA9IHsKZm4gPSAiL3NhbGlsYWIvZGl2YTEvaG9tZS9tb2R1bGVzL3B5dGhvbjMvc2NpcHkvMS4zLjIiLApmdWxsTmFtZSA9ICJweXRob24zL3NjaXB5LzEuMy4yIiwKbG9hZE9yZGVyID0gMTAsCnByb3BUID0ge30sCnN0YWNrRGVwdGggPSAxLApzdGF0dXMgPSAiYWN0aXZlIiwKdXNlck5hbWUgPSAicHl0aG9uMy9zY2lweS8xLjMuMiIsCndWID0gIjAwMDAwMDAwMS4wMDAwMDAwMDMuMDAwMDAwMDAyLip6ZmluYWwiLAp9LApbInNhbGktbGlicmFyaWVzIl0gPSB7CmZuID0gIi9zYWxpbGFiL2RpdmExL2hvbWUvbW9kdWxlcy9zYWxpLWxpYnJhcmll\', \'CMAKE_INCLUDE_PATH\': \'/salilab/diva1/programs/x86_64linux/opencv-4.3.0/include/opencv4:/salilab/diva1/programs/x86_64linux/hdf5-1.10.7/include:/salilab/diva1/programs/x86_64linux/libtau-py27-1.0.1/include:/salilab/diva1/programs/x86_64linux/boost-1.73.0/include\', \'__LMOD_REF_COUNT_LD_LIBRARY_PATH\': \'/salilab/diva1/programs/x86_64linux/numpy-py36-1.19.5/lib:1;/salilab/diva1/home/libs/x86_64/centos8:1;/salilab/diva1/home/libs/x86_64:1;/salilab/diva1/home/imp/main/20240607-af6f9d6a95/lib/release8:1;/salilab/diva1/programs/x86_64linux/opencv-4.3.0/lib64/rhel:1;/salilab/diva1/programs/x86_64linux/opencv-4.3.0/lib64:1;/salilab/diva1/programs/x86_64linux/hdf5-1.10.7/lib:1;/salilab/diva1/programs/x86_64linux/libtau-py27-1.0.1/lib64:1;/salilab/diva1/programs/x86_64linux/boost-1.73.0/lib64:1;/usr/lib64/openmpi/lib:1;/wynton/group/sali/miha_rozic/Software/imp-develop/build/lib:2;:1\', \'__LMOD_REF_COUNT_PKG_CONFIG_PATH\': \'/usr/lib64/openmpi/lib/pkgconfig:1\', \'_ModuleTable004_\': \'aGFyZS9tb2R1bGVmaWxlcy9tcGkvb3Blbm1waS14ODZfNjQiLApmdWxsTmFtZSA9ICJtcGkvb3Blbm1waS14ODZfNjQiLApsb2FkT3JkZXIgPSAyLApwcm9wVCA9IHt9LApzdGFja0RlcHRoID0gMCwKc3RhdHVzID0gImFjdGl2ZSIsCnVzZXJOYW1lID0gIm1waS9vcGVubXBpLXg4Nl82NCIsCndWID0gIipvcGVubXBpLip4LjAwMDAwMDA4Ni4qXy4wMDAwMDAwNjQuKnpmaW5hbCIsCn0sCm9wZW5jdiA9IHsKZm4gPSAiL3NhbGlsYWIvZGl2YTEvaG9tZS9tb2R1bGVzL29wZW5jdi80LjMuMCIsCmZ1bGxOYW1lID0gIm9wZW5jdi80LjMuMCIsCmxvYWRPcmRlciA9IDYsCnByb3BUID0ge30sCnN0YWNrRGVwdGggPSAxLApzdGF0dXMgPSAiYWN0aXZlIiwKdXNlck5hbWUgPSAib3Bl\', \'__LMOD_REF_COUNT_PYTHONPATH\': \'/salilab/diva1/programs/x86_64linux/scikit-py36-0.21.3/lib64/python3.6/site-packages:1;/salilab/diva1/programs/linux/joblib-0.17.0/lib/python3.6/site-packages:1;/salilab/diva1/programs/x86_64linux/scipy-py36-1.3.2/lib64/python3.6/site-packages:1;/salilab/diva1/programs/x86_64linux/numpy-py36-1.19.5/lib64/python3.6/site-packages:1;/salilab/diva1/home/imp/main/20240607-af6f9d6a95/lib/release8:1;/salilab/diva1/programs/x86_64linux/opencv-4.3.0/lib/python3.6/site-packages:1;/wynton/group/sali/miha_rozic/Software/imp-develop/build/lib:2;:1\', \'which_declare\': \'declare -f\', \'NHOSTS\': \'1\', \'SGE_O_WORKDIR\': \'/wynton/group/sali/miha_rozic/Input_information/SNAPSHOTS/central_directory/snapshot1_0min/run27\', \'USER\': \'rozicmiha\', \'SGE_TASK_ID\': \'undefined\', \'__LMOD_REF_COUNT_CMAKE_LIBRARY_PATH\': \'/salilab/diva1/programs/x86_64linux/opencv-4.3.0/lib64:1;/salilab/diva1/programs/x86_64linux/hdf5-1.10.7/lib:1;/salilab/diva1/programs/x86_64linux/libtau-py27-1.0.1/lib64:1;/salilab/diva1/programs/x86_64linux/boost-1.73.0/lib64:1\', \'SGE_TASK_FIRST\': \'undefined\', \'NSLOTS\': \'16\', \'__LMOD_REF_COUNT_MODULEPATH\': \'/salilab/diva1/home/modules:1;/etc/modulefiles:1;/usr/share/modulefiles:1;/usr/share/modulefiles/Linux:1;/usr/share/modulefiles/Core:1;/usr/share/lmod/lmod/modulefiles/Core:1\', \'PWD\': \'/wynton/group/sali/miha_rozic/Input_information/SNAPSHOTS/central_directory/snapshot1_0min/run27\', \'HOME\': \'/wynton/home/sali/rozicmiha\', \'NQUEUES\': \'1\', \'TMP\': \'/scratch/707258.1.member.q\', \'PE\': \'smp\', \'SGE_O_HOME\': \'/wynton/home/sali/rozicmiha\', \'LMOD_VERSION\': \'8.7.32\', \'JOB_NAME\': \'test1\', \'BASH_ENV\': \'/usr/share/lmod/lmod/init/bash\', \'MPI_FORTRAN_MOD_DIR\': \'/usr/lib64/gfortran/modules/openmpi\', \'SGE_TASK_LAST\': \'undefined\', \'MKL_NUM_THREADS\': \'1\', \'MPI_COMPILER\': \'openmpi-x86_64\', \'SGE_ACCOUNT\': \'sge\', \'SGE_ROOT\': \'/opt/sge\', \'MPI_SUFFIX\': \'_openmpi\', \'TMPDIR\': \'/scratch/707258.1.member.q\', \'RESTARTED\': \'0\', \'LMOD_sys\': \'Linux\', \'_ModuleTable001_\': \'X01vZHVsZVRhYmxlXyA9IHsKTVR2ZXJzaW9uID0gMywKY19yZWJ1aWxkVGltZSA9IGZhbHNlLApjX3Nob3J0VGltZSA9IGZhbHNlLApkZXB0aFQgPSB7fSwKZmFtaWx5ID0ge30sCm1UID0gewpTYWxpID0gewpmbiA9ICIvZXRjL21vZHVsZWZpbGVzL1NhbGkubHVhIiwKZnVsbE5hbWUgPSAiU2FsaSIsCmxvYWRPcmRlciA9IDEsCnByb3BUID0ge30sCnN0YWNrRGVwdGggPSAwLApzdGF0dXMgPSAiYWN0aXZlIiwKdXNlck5hbWUgPSAiU2FsaSIsCndWID0gIk0uKnpmaW5hbCIsCn0sCmJvb3N0ID0gewpmbiA9ICIvc2FsaWxhYi9kaXZhMS9ob21lL21vZHVsZXMvYm9vc3QvMS43My4wIiwKZnVsbE5hbWUgPSAiYm9vc3QvMS43My4wIiwKbG9hZE9yZGVyID0gMywKcHJvcFQgPSB7\', \'LOADEDMODULES\': \'Sali:mpi/openmpi-x86_64:boost/1.73.0:libtau/1.0.1:hdf5/1.10.7:opencv/4.3.0:imp/2.21.0:sali-libraries:python3/numpy/1.19.5:python3/scipy/1.3.2:python3/joblib/0.17.0:python3/scikit/0.21.3\', \'SGE_O_PATH\': \'/salilab/diva1/programs/x86_64linux/numpy-py36-1.19.5/bin:/salilab/diva1/home/imp/main/20240607-af6f9d6a95/bin/release8:/salilab/diva1/programs/x86_64linux/opencv-4.3.0/bin:/salilab/diva1/programs/x86_64linux/hdf5-1.10.7/bin:/wynton/home/sali/rozicmiha/.local/bin:/wynton/home/sali/rozicmiha/bin:/wynton/group/sali/miha_rozic/Software/imp-develop/build/bin:/wynton/group/sali/miha_rozic/Software/imp-develop/build/module_bin/EMageFit:/wynton/group/sali/miha_rozic/Software/imp-develop/build/module_bin/algebra:/wynton/group/sali/miha_rozic/Software/imp-develop/build/module_bin/atom:/wynton/group/sali/miha_rozic/Software/imp-develop/build/module_bin/benchmark:/wynton/group/sali/miha_rozic/Software/imp-develop/build/module_bin/cgal:/wynton/group/sali/miha_rozic/Software/imp-develop/build/module_bin/cnmultifit:/wynton/group/sali/miha_rozic/Software/imp-develop/build/module_bin/container:/wynton/group/sali/miha_rozic/Software/imp-develop/build/module_bin/core:/wynton/group/sali/miha_rozic/Software/imp-develop/build/module_bin/display:/wynton/group/sali/miha_rozic/Software/imp-develop/build/module_bin/domino:/wynton/group/sali/miha_rozic/Software/imp-develop/build/module_bin/em:/wynton/group/sali/miha_rozic/Software/imp-develop/build/module_bin/em2d:/wynton/group/sali/miha_rozic/Software/imp-develop/build/module_bin/example:/wynton/group/sali/miha_rozic/Software/imp-develop/build/module_bin/foxs:/wynton/group/sali/miha_rozic/Software/imp-develop/build/module_bin/gsl:/wynton/group/sali/miha_rozic/Software/imp-develop/build/module_bin/integrative_docking:/wynton/group/sali/miha_rozic/Software/imp-develop/build/module_bin/isd:/wynton/group/sali/miha_rozic/Software/imp-develop/build/module_bin/kernel:/wynton/group/sali/miha_rozic/Software/imp-develop/build/module_bin/kinematics:/wynton/group/sali/miha_rozic/Software/imp-develop/build/module_bin/kmeans:/wynton/group/sali/miha_rozic/Software/imp-develop/build/module_bin/misc:/wynton/group/sali/miha_rozic/Software/imp-develop/build/module_bin/mmcif:/wynton/group/sali/miha_rozic/Software/imp-develop/build/module_bin/modeller:/wynton/group/sali/miha_rozic/Software/imp-develop/build/module_bin/mpi:/wynton/group/sali/miha_rozic/Software/imp-develop/build/module_bin/multi_state:/wynton/group/sali/miha_rozic/Software/imp-develop/build/module_bin/multifit:/wynton/group/sali/miha_rozic/Software/imp-develop/build/module_bin/npc:/wynton/group/sali/miha_rozic/Software/imp-develop/build/module_bin/npcassembly:/wynton/group/sali/miha_rozic/Software/imp-develop/build/module_bin/parallel:/wynton/group/sali/miha_rozic/Software/imp-develop/build/module_bin/pepdock:/wynton/group/sali/miha_rozic/Software/imp-develop/build/module_bin/pmi:/wynton/group/sali/miha_rozic/Software/imp-develop/build/module_bin/rmf:/wynton/group/sali/miha_rozic/Software/imp-develop/build/module_bin/rotamer:/wynton/group/sali/miha_rozic/Software/imp-develop/build/module_bin/saxs:/wynton/group/sali/miha_rozic/Software/imp-develop/build/module_bin/saxs_merge:/wynton/group/sali/miha_rozic/Software/imp-develop/build/module_bin/score_functor:/wynton/group/sali/miha_rozic/Software/imp-develop/build/module_bin/scratch:/wynton/group/sali/miha_rozic/Software/imp-develop/build/module_bin/spb:/wynton/group/sali/miha_rozic/Software/imp-develop/build/module_bin/statistics:/wynton/group/sali/miha_rozic/Software/imp-develop/build/module_bin/symmetry:/wynton/group/sali/miha_rozic/Software/imp-develop/build/module_bin/test:/opt/sge/bin:/opt/sge/bin/lx-amd64:/usr/local/bin:/usr/bin:/usr/local/sbin:/usr/sbin\', \'SGE_O_SHELL\': \'/bin/bash\', \'_ModuleTable006_\': \'bWUgPSAicHl0aG9uMy9udW1weS8xLjE5LjUiLApsb2FkT3JkZXIgPSA5LApwcm9wVCA9IHt9LApzdGFja0RlcHRoID0gMiwKc3RhdHVzID0gImFjdGl2ZSIsCnVzZXJOYW1lID0gInB5dGhvbjMvbnVtcHkvMS4xOS41IiwKd1YgPSAiMDAwMDAwMDAxLjAwMDAwMDAxOS4wMDAwMDAwMDUuKnpmaW5hbCIsCn0sClsicHl0aG9uMy9zY2lraXQiXSA9IHsKZm4gPSAiL3NhbGlsYWIvZGl2YTEvaG9tZS9tb2R1bGVzL3B5dGhvbjMvc2Npa2l0LzAuMjEuMyIsCmZ1bGxOYW1lID0gInB5dGhvbjMvc2Npa2l0LzAuMjEuMyIsCmxvYWRPcmRlciA9IDEyLApwcm9wVCA9IHt9LApzdGFja0RlcHRoID0gMCwKc3RhdHVzID0gImFjdGl2ZSIsCnVzZXJOYW1lID0gInB5dGhvbjMvc2Npa2l0LzAu\', \'__LMOD_REF_COUNT_MANPATH\': \':2;/usr/share/man/openmpi-x86_64:1;/opt/sge/man:1;/usr/share/lmod/lmod/share/man:1\', \'MPI_INCLUDE\': \'/usr/include/openmpi-x86_64\', \'_ModuleTable003_\': \'YW1lID0gImltcC8yLjIxLjAiLApsb2FkT3JkZXIgPSA3LApwcm9wVCA9IHt9LApzdGFja0RlcHRoID0gMCwKc3RhdHVzID0gImFjdGl2ZSIsCnVzZXJOYW1lID0gImltcCIsCndWID0gIl4wMDAwMDAwMi4wMDAwMDAwMjEuKnpmaW5hbCIsCn0sCmxpYnRhdSA9IHsKZm4gPSAiL3NhbGlsYWIvZGl2YTEvaG9tZS9tb2R1bGVzL2xpYnRhdS8xLjAuMSIsCmZ1bGxOYW1lID0gImxpYnRhdS8xLjAuMSIsCmxvYWRPcmRlciA9IDQsCnByb3BUID0ge30sCnN0YWNrRGVwdGggPSAxLApzdGF0dXMgPSAiYWN0aXZlIiwKdXNlck5hbWUgPSAibGlidGF1LzEuMC4xIiwKd1YgPSAiMDAwMDAwMDAxLjAwMDAwMDAwMC4wMDAwMDAwMDEuKnpmaW5hbCIsCn0sCm1waSA9IHsKZm4gPSAiL3Vzci9z\', \'LMOD_ROOT\': \'/usr/share/lmod\', \'SYSTEMCTL_SKIP_REDIRECT\': \'\', \'MAIL\': \'/var/spool/mail/rozicmiha\', \'SGE_CWD_PATH\': \'/wynton/group/sali/miha_rozic/Input_information/SNAPSHOTS/central_directory/snapshot1_0min/run27\', \'MPI_HOME\': \'/usr/lib64/openmpi\', \'_ModuleTable009_\': \'L3NoYXJlL21vZHVsZWZpbGVzOi91c3Ivc2hhcmUvbW9kdWxlZmlsZXMvTGludXg6L3Vzci9zaGFyZS9tb2R1bGVmaWxlcy9Db3JlOi91c3Ivc2hhcmUvbG1vZC9sbW9kL21vZHVsZWZpbGVzL0NvcmUiLAp9Cg==\', \'SGE_TASK_STEPSIZE\': \'undefined\', \'SHELL\': \'/bin/bash\', \'TERM\': \'\', \'_ModuleTable_Sz_\': \'9\', \'SGE_JOB_SPOOL_DIR\': \'/var/spool/sge/wynton/qb3-id137/active_jobs/707258.1\', \'JOB_ID\': \'707258\', \'IMP_EXAMPLE_DATA\': \'/wynton/group/sali/miha_rozic/Software/imp-develop/build/doc/examples\', \'R_FUTURE_AVAILABLECORES_FALLBACK\': \'1\', \'JOB_SCRIPT\': \'/var/spool/sge/wynton/qb3-id137/job_scripts/707258\', \'SHLVL\': \'2\', \'SGE_O_LOGNAME\': \'rozicmiha\', \'SGE_O_MAIL\': \'/var/spool/mail/rozicmiha\', \'PYTHONPATH\': \'/salilab/diva1/programs/x86_64linux/scikit-py36-0.21.3/lib64/python3.6/site-packages:/salilab/diva1/programs/linux/joblib-0.17.0/lib/python3.6/site-packages:/salilab/diva1/programs/x86_64linux/scipy-py36-1.3.2/lib64/python3.6/site-packages:/salilab/diva1/programs/x86_64linux/numpy-py36-1.19.5/lib64/python3.6/site-packages:/salilab/diva1/home/imp/main/20240607-af6f9d6a95/lib/release8:/salilab/diva1/programs/x86_64linux/opencv-4.3.0/lib/python3.6/site-packages:/wynton/group/sali/miha_rozic/Software/imp-develop/build/lib::\', \'MANPATH\': \':/usr/share/man/openmpi-x86_64:/opt/sge/man:/usr/share/lmod/lmod/share/man\', \'MODULEPATH\': \'/salilab/diva1/home/modules:/etc/modulefiles:/usr/share/modulefiles:/usr/share/modulefiles/Linux:/usr/share/modulefiles/Core:/usr/share/lmod/lmod/modulefiles/Core\', \'MPI_SYSCONFIG\': \'/etc/openmpi-x86_64\', \'LOGNAME\': \'rozicmiha\', \'SYSTEMCTL_IGNORE_DEPENDENCIES\': \'\', \'MODULEPATH_ROOT\': \'/usr/share/modulefiles\', \'PATH\': \'/salilab/diva1/programs/x86_64linux/numpy-py36-1.19.5/bin:/salilab/diva1/home/imp/main/20240607-af6f9d6a95/bin/release8:/salilab/diva1/programs/x86_64linux/opencv-4.3.0/bin:/salilab/diva1/programs/x86_64linux/hdf5-1.10.7/bin:/usr/lib64/openmpi/bin:/wynton/home/sali/rozicmiha/.local/bin:/wynton/home/sali/rozicmiha/bin:/wynton/group/sali/miha_rozic/Software/imp-develop/build/bin:/wynton/group/sali/miha_rozic/Software/imp-develop/build/module_bin/EMageFit:/wynton/group/sali/miha_rozic/Software/imp-develop/build/module_bin/algebra:/wynton/group/sali/miha_rozic/Software/imp-develop/build/module_bin/atom:/wynton/group/sali/miha_rozic/Software/imp-develop/build/module_bin/benchmark:/wynton/group/sali/miha_rozic/Software/imp-develop/build/module_bin/cgal:/wynton/group/sali/miha_rozic/Software/imp-develop/build/module_bin/cnmultifit:/wynton/group/sali/miha_rozic/Software/imp-develop/build/module_bin/container:/wynton/group/sali/miha_rozic/Software/imp-develop/build/module_bin/core:/wynton/group/sali/miha_rozic/Software/imp-develop/build/module_bin/display:/wynton/group/sali/miha_rozic/Software/imp-develop/build/module_bin/domino:/wynton/group/sali/miha_rozic/Software/imp-develop/build/module_bin/em:/wynton/group/sali/miha_rozic/Software/imp-develop/build/module_bin/em2d:/wynton/group/sali/miha_rozic/Software/imp-develop/build/module_bin/example:/wynton/group/sali/miha_rozic/Software/imp-develop/build/module_bin/foxs:/wynton/group/sali/miha_rozic/Software/imp-develop/build/module_bin/gsl:/wynton/group/sali/miha_rozic/Software/imp-develop/build/module_bin/integrative_docking:/wynton/group/sali/miha_rozic/Software/imp-develop/build/module_bin/isd:/wynton/group/sali/miha_rozic/Software/imp-develop/build/module_bin/kernel:/wynton/group/sali/miha_rozic/Software/imp-develop/build/module_bin/kinematics:/wynton/group/sali/miha_rozic/Software/imp-develop/build/module_bin/kmeans:/wynton/group/sali/miha_rozic/Software/imp-develop/build/module_bin/misc:/wynton/group/sali/miha_rozic/Software/imp-develop/build/module_bin/mmcif:/wynton/group/sali/miha_rozic/Software/imp-develop/build/module_bin/modeller:/wynton/group/sali/miha_rozic/Software/imp-develop/build/module_bin/mpi:/wynton/group/sali/miha_rozic/Software/imp-develop/build/module_bin/multi_state:/wynton/group/sali/miha_rozic/Software/imp-develop/build/module_bin/multifit:/wynton/group/sali/miha_rozic/Software/imp-develop/build/module_bin/npc:/wynton/group/sali/miha_rozic/Software/imp-develop/build/module_bin/npcassembly:/wynton/group/sali/miha_rozic/Software/imp-develop/build/module_bin/parallel:/wynton/group/sali/miha_rozic/Software/imp-develop/build/module_bin/pepdock:/wynton/group/sali/miha_rozic/Software/imp-develop/build/module_bin/pmi:/wynton/group/sali/miha_rozic/Software/imp-develop/build/module_bin/rmf:/wynton/group/sali/miha_rozic/Software/imp-develop/build/module_bin/rotamer:/wynton/group/sali/miha_rozic/Software/imp-develop/build/module_bin/saxs:/wynton/group/sali/miha_rozic/Software/imp-develop/build/module_bin/saxs_merge:/wynton/group/sali/miha_rozic/Software/imp-develop/build/module_bin/score_functor:/wynton/group/sali/miha_rozic/Software/imp-develop/build/module_bin/scratch:/wynton/group/sali/miha_rozic/Software/imp-develop/build/module_bin/spb:/wynton/group/sali/miha_rozic/Software/imp-develop/build/module_bin/statistics:/wynton/group/sali/miha_rozic/Software/imp-develop/build/module_bin/symmetry:/wynton/group/sali/miha_rozic/Software/imp-develop/build/module_bin/test:/opt/sge/bin:/opt/sge/bin/lx-amd64:/scratch/707258.1.member.q:/usr/local/bin:/bin:/usr/bin:/usr/local/sbin:/usr/sbin\', \'MPI_BIN\': \'/usr/lib64/openmpi/bin\', \'SGE_STDERR_PATH\': \'/wynton/group/sali/miha_rozic/Input_information/SNAPSHOTS/central_directory/snapshot1_0min/run27/test1.o707258\', \'_LMFILES_\': \'/etc/modulefiles/Sali.lua:/usr/share/modulefiles/mpi/openmpi-x86_64:/salilab/diva1/home/modules/boost/1.73.0:/salilab/diva1/home/modules/libtau/1.0.1:/salilab/diva1/home/modules/hdf5/1.10.7:/salilab/diva1/home/modules/opencv/4.3.0:/salilab/diva1/home/modules/imp/2.21.0:/salilab/diva1/home/modules/sali-libraries:/salilab/diva1/home/modules/python3/numpy/1.19.5:/salilab/diva1/home/modules/python3/scipy/1.3.2:/salilab/diva1/home/modules/python3/joblib/0.17.0:/salilab/diva1/home/modules/python3/scikit/0.21.3\', \'DEBUGINFOD_URLS\': \'https://debuginfod.centos.org/ \', \'MODULESHOME\': \'/usr/share/lmod/lmod\', \'PKG_CONFIG_PATH\': \'/usr/lib64/openmpi/lib/pkgconfig\', \'LMOD_SETTARG_FULL_SUPPORT\': \'no\', \'HISTSIZE\': \'1000\', \'SGE_ARCH\': \'lx-amd64\', \'LMOD_PKG\': \'/usr/share/lmod/lmod\', \'CMAKE_LIBRARY_PATH\': \'/salilab/diva1/programs/x86_64linux/opencv-4.3.0/lib64:/salilab/diva1/programs/x86_64linux/hdf5-1.10.7/lib:/salilab/diva1/programs/x86_64linux/libtau-py27-1.0.1/lib64:/salilab/diva1/programs/x86_64linux/boost-1.73.0/lib64\', \'ARC\': \'lx-amd64\', \'MPI_LIB\': \'/usr/lib64/openmpi/lib\', \'SGE_BINARY_PATH\': \'/opt/sge/bin/lx-amd64\', \'SGE_STDOUT_PATH\': \'/wynton/group/sali/miha_rozic/Input_information/SNAPSHOTS/central_directory/snapshot1_0min/run27/test1.o707258\', \'_ModuleTable005_\': \'bmN2LzQuMy4wIiwKd1YgPSAiMDAwMDAwMDA0LjAwMDAwMDAwMy4qemZpbmFsIiwKfSwKWyJweXRob24zL2pvYmxpYiJdID0gewpmbiA9ICIvc2FsaWxhYi9kaXZhMS9ob21lL21vZHVsZXMvcHl0aG9uMy9qb2JsaWIvMC4xNy4wIiwKZnVsbE5hbWUgPSAicHl0aG9uMy9qb2JsaWIvMC4xNy4wIiwKbG9hZE9yZGVyID0gMTEsCnByb3BUID0ge30sCnN0YWNrRGVwdGggPSAxLApzdGF0dXMgPSAiYWN0aXZlIiwKdXNlck5hbWUgPSAicHl0aG9uMy9qb2JsaWIiLAp3ViA9ICIwMDAwMDAwMDAuMDAwMDAwMDE3Lip6ZmluYWwiLAp9LApbInB5dGhvbjMvbnVtcHkiXSA9IHsKZm4gPSAiL3NhbGlsYWIvZGl2YTEvaG9tZS9tb2R1bGVzL3B5dGhvbjMvbnVtcHkvMS4xOS41IiwKZnVsbE5h\', \'LMOD_CMD\': \'/usr/share/lmod/lmod/libexec/lmod\', \'REQNAME\': \'test1\', \'IMP_BIN_DIR\': \'/wynton/group/sali/miha_rozic/Software/imp-develop/build/bin\', \'MPI_MAN\': \'/usr/share/man/openmpi-x86_64\', \'LESSOPEN\': \'||/usr/bin/lesspipe.sh %s\', \'OMP_NUM_THREADS\': \'1\', \'SGE_CLUSTER_NAME\': \'wynton_cluster\', \'LMOD_DIR\': \'/usr/share/lmod/lmod/libexec\', \'BASH_FUNC_which%%\': \'() {  ( alias;\\n eval ${which_declare} ) | /usr/bin/which --tty-only --read-alias --read-functions --show-tilde --show-dot $@\\n}\', \'BASH_FUNC_module%%\': \'() {  if [ -z "${LMOD_SH_DBG_ON+x}" ]; then\\n case "$-" in \\n *v*x*)\\n __lmod_sh_dbg=\\\'vx\\\'\\n ;;\\n *v*)\\n __lmod_sh_dbg=\\\'v\\\'\\n ;;\\n *x*)\\n __lmod_sh_dbg=\\\'x\\\'\\n ;;\\n esac;\\n fi;\\n if [ -n "${__lmod_sh_dbg:-}" ]; then\\n set +$__lmod_sh_dbg;\\n echo "Shell debugging temporarily silenced: export LMOD_SH_DBG_ON=1 for Lmod\\\'s output" 1>&2;\\n fi;\\n eval "$($LMOD_CMD shell "$@")" && eval "$(${LMOD_SETTARG_CMD:-:} -s sh)";\\n __lmod_my_status=$?;\\n if [ -n "${__lmod_sh_dbg:-}" ]; then\\n echo "Shell debugging restarted" 1>&2;\\n set -$__lmod_sh_dbg;\\n fi;\\n unset __lmod_sh_dbg;\\n return $__lmod_my_status\\n}\', \'BASH_FUNC_ml%%\': \'() {  eval "$($LMOD_DIR/ml_cmd "$@")"\\n}\', \'_\': \'/usr/lib64/openmpi/bin/mpirun\', \'IPATH_NO_BACKTRACE\': \'1\', \'HFI_NO_BACKTRACE\': \'1\', \'OMPI_MCA_orte_local_daemon_uri\': \'980484096.0;tcp://172.26.38.137:56345\', \'OMPI_MCA_orte_hnp_uri\': \'980484096.0;tcp://172.26.38.137:56345\', \'OMPI_MCA_mpi_oversubscribe\': \'0\', \'OMPI_MCA_orte_app_num\': \'0\', \'OMPI_UNIVERSE_SIZE\': \'16\', \'OMPI_MCA_orte_num_nodes\': \'1\', \'OMPI_MCA_shmem_RUNTIME_QUERY_hint\': \'mmap\', \'OMPI_MCA_orte_bound_at_launch\': \'1\', \'OMPI_MCA_ess\': \'^singleton\', \'OMPI_MCA_orte_ess_num_procs\': \'16\', \'OMPI_COMM_WORLD_SIZE\': \'16\', \'OMPI_COMM_WORLD_LOCAL_SIZE\': \'16\', \'OMPI_MCA_orte_tmpdir_base\': \'/scratch/707258.1.member.q\', \'OMPI_MCA_orte_top_session_dir\': \'/scratch/707258.1.member.q/ompi.qb3-id137.11149\', \'OMPI_MCA_orte_jobfam_session_dir\': \'/scratch/707258.1.member.q/ompi.qb3-id137.11149/pid.1669161\', \'OMPI_NUM_APP_CTX\': \'1\', \'OMPI_FIRST_RANKS\': \'0\', \'OMPI_APP_CTX_NUM_PROCS\': \'16\', \'OMPI_MCA_initial_wdir\': \'/wynton/group/sali/miha_rozic/Input_information/SNAPSHOTS/central_directory/snapshot1_0min/run27\', \'OMPI_MCA_orte_launch\': \'1\', \'PMIX_NAMESPACE\': \'980484097\', \'PMIX_RANK\': \'11\', \'PMIX_SERVER_URI2\': \'980484096.0;tcp4://127.0.0.1:48237\', \'PMIX_SERVER_URI21\': \'980484096.0;tcp4://127.0.0.1:48237\', \'PMIX_SECURITY_MODE\': \'native,none\', \'PMIX_PTL_MODULE\': \'tcp,usock\', \'PMIX_BFROP_BUFFER_TYPE\': \'PMIX_BFROP_BUFFER_NON_DESC\', \'PMIX_GDS_MODULE\': \'ds21,ds12,hash\', \'PMIX_SERVER_TMPDIR\': \'/scratch/707258.1.member.q/ompi.qb3-id137.11149/pid.1669161\', \'PMIX_SYSTEM_TMPDIR\': \'/scratch/707258.1.member.q\', \'PMIX_DSTORE_21_BASE_PATH\': \'/scratch/707258.1.member.q/ompi.qb3-id137.11149/pid.1669161/pmix_dstor_ds21_1669161\', \'PMIX_DSTORE_ESH_BASE_PATH\': \'/scratch/707258.1.member.q/ompi.qb3-id137.11149/pid.1669161/pmix_dstor_ds12_1669161\', \'OMPI_MCA_ess_base_jobid\': \'980484097\', \'OMPI_MCA_ess_base_vpid\': \'11\', \'OMPI_COMM_WORLD_RANK\': \'11\', \'OMPI_COMM_WORLD_LOCAL_RANK\': \'11\', \'OMPI_COMM_WORLD_NODE_RANK\': \'11\', \'OMPI_MCA_orte_ess_node_rank\': \'11\', \'PMIX_ID\': \'980484097.11\', \'OMPI_FILE_LOCATION\': \'/scratch/707258.1.member.q/ompi.qb3-id137.11149/pid.1669161/0/0\', \'KMP_DUPLICATE_LIB_OK\': \'True\', \'KMP_INIT_AT_FORK\': \'FALSE\'})', 'STAT2HEADER_IMP_VERSIONS': "{'IMP_VERSION': '2.21.0', 'PMI_VERSION': '2.21.0'}", 0: 'ReplicaExchange_SwapSuccessRatio', 1: 'ReplicaExchange_MinTempFrequency', 2: 'ReplicaExchange_MaxTempFrequency', 3: 'ReplicaExchange_CurrentTemp', 4: 'score'} 
{0: '0', 1: '0', 2: '0', 3: '1.958045020027179', 4: inf} 
{0: '0.0', 1: '0.0', 2: '0.0', 3: '1.958045020027179', 4: inf} 
{0: '0.0', 1: '0.0', 2: '0.0', 3: '1.958045020027179', 4: inf} 
{0: '0.0', 1: '0.0', 2: '0.0', 3: '1.958045020027179', 4: inf} 
{0: '0.0', 1: '0.0', 2: '0.0', 3: '1.958045020027179', 4: inf} 
{0: '0.0', 1: '0.0', 2: '0.0', 3: '1.958045020027179', 4: inf} 
{0: '0.0', 1: '0.0', 2: '0.0', 3: '1.958045020027179', 4: inf} 
{0: '0.0', 1: '0.0', 2: '0.0', 3: '1.958045020027179', 4: inf} 
{0: '0.0', 1: '0.0', 2: '0.0', 3: '1.958045020027179', 4: inf} 
{0: '0.0', 1: '0.0', 2: '0.0', 3: '1.958045020027179', 4: inf} 
{0: '0.0', 1: '0.0', 2: '0.0', 3: '1.958045020027179', 4: inf} 
{0: '0.0', 1: '0.0', 2: '0.0', 3: '1.958045020027179', 4: inf} 
{0: '0.0', 1: '0.0', 2: '0.0', 3: '1.958045020027179', 4: inf} 
{0: '0.0', 1: '0.0', 2: '0.0', 3: '1.958045020027179', 4: inf} 
{0: '0.0', 1: '0.0', 2: '0.0', 3: '1.958045020027179', 4: inf} 
{0: '0.0', 1: '0.0', 2: '0.0', 3: '1.958045020027179', 4: inf} 
{0: '0.0', 1: '0.0', 2: '0.0', 3: '1.958045020027179', 4: inf} 
{0: '0.0', 1: '0.0', 2: '0.0', 3: '1.958045020027179', 4: inf} 
{0: '0.0', 1: '0.0', 2: '0.0', 3: '1.958045020027179', 4: inf} 
{0: '0.0', 1: '0.0', 2: '0.0', 3: '1.958045020027179', 4: inf} 
{0: '0.0', 1: '0.0', 2: '0.0', 3: '1.958045020027179', 4: inf} 
{0: '0.0', 1: '0.0', 2: '0.0', 3: '1.958045020027179', 4: inf} 
{0: '0.0', 1: '0.0', 2: '0.0', 3: '1.958045020027179', 4: inf} 
{0: '0.0', 1: '0.0', 2: '0.0', 3: '1.958045020027179', 4: inf} 
{0: '0.0', 1: '0.0', 2: '0.0', 3: '1.958045020027179', 4: inf} 
{0: '0.0', 1: '0.0', 2: '0.0', 3: '1.958045020027179', 4: inf} 
{0: '0.0', 1: '0.0', 2: '0.0', 3: '1.958045020027179', 4: inf} 
{0: '0.0', 1: '0.0', 2: '0.0', 3: '1.958045020027179', 4: inf} 
{0: '0.0', 1: '0.0', 2: '0.0', 3: '1.958045020027179', 4: inf} 
{0: '0.0', 1: '0.0', 2: '0.0', 3: '1.958045020027179', 4: inf} 
{0: '0.0', 1: '0.0', 2: '0.0', 3: '1.958045020027179', 4: inf} 
{0: '0.0', 1: '0.0', 2: '0.0', 3: '1.958045020027179', 4: inf} 
{0: '0.0', 1: '0.0', 2: '0.0', 3: '1.958045020027179', 4: inf} 
{0: '0.0', 1: '0.0', 2: '0.0', 3: '1.958045020027179', 4: inf} 
{0: '0.0', 1: '0.0', 2: '0.0', 3: '1.958045020027179', 4: inf} 
{0: '0.0', 1: '0.0', 2: '0.0', 3: '1.958045020027179', 4: inf} 
{0: '0.0', 1: '0.0', 2: '0.0', 3: '1.958045020027179', 4: inf} 
{0: '0.0', 1: '0.0', 2: '0.0', 3: '1.958045020027179', 4: inf} 
{0: '0.0', 1: '0.0', 2: '0.0', 3: '1.958045020027179', 4: inf} 
{0: '0.0', 1: '0.0', 2: '0.0', 3: '1.958045020027179', 4: inf} 
{0: '0.0', 1: '0.0', 2: '0.0', 3: '1.958045020027179', 4: inf} 
{0: '0.0', 1: '0.0', 2: '0.0', 3: '1.958045020027179', 4: inf} 
{0: '0.0', 1: '0.0', 2: '0.0', 3: '1.958045020027179', 4: 2533.069652958091} 
{0: '0.0', 1: '0.0', 2: '0.0', 3: '1.958045020027179', 4: 1488.5908337026851} 
{0: '0.022727272727272728', 1: '0.0', 2: '0.0', 3: '2.081383018504685', 4: 746.9071380385495} 
{0: '0.044444444444444446', 1: '0.0', 2: '0.0', 3: '2.212490124287102', 4: 459.61039723565875} 
{0: '0.06521739130434782', 1: '0.0', 2: '0.0', 3: '2.351855716390306', 4: 373.13800779016594} 
{0: '0.06382978723404255', 1: '0.0', 2: '0.0', 3: '2.351855716390306', 4: 377.8539600020398} 
{0: '0.08333333333333333', 1: '0.0', 2: '0.0', 3: '2.212490124287102', 4: 378.2028622190972} 
{0: '0.10204081632653061', 1: '0.0', 2: '0.0', 3: '2.081383018504685', 4: 393.7945142586812} 
{0: '0.1', 1: '0.0', 2: '0.0', 3: '2.081383018504685', 4: 377.1184808015072} 
{0: '0.09803921568627451', 1: '0.0', 2: '0.0', 3: '2.081383018504685', 4: 377.34750745277603} 
{0: '0.11538461538461539', 1: '0.0', 2: '0.0', 3: '1.958045020027179', 4: 379.00452416076587} 
{0: '0.11320754716981132', 1: '0.0', 2: '0.0', 3: '1.958045020027179', 4: 379.6544643732951} 
{0: '0.1111111111111111', 1: '0.0', 2: '0.0', 3: '1.958045020027179', 4: 373.9603490028019} 
{0: '0.12727272727272726', 1: '0.0', 2: '0.0', 3: '1.842015749320195', 4: 376.48998609253573} 
{0: '0.14285714285714285', 1: '0.0', 2: '0.0', 3: '1.7328621078878674', 4: 375.85011409948265} 
{0: '0.14035087719298245', 1: '0.0', 2: '0.0', 3: '1.7328621078878674', 4: 373.4939219413895} 
{0: '0.15517241379310345', 1: '0.0', 2: '0.0', 3: '1.842015749320195', 4: 373.17522796899897} 
{0: '0.1694915254237288', 1: '0.0', 2: '0.0', 3: '1.958045020027179', 4: 390.23678906478864} 
{0: '0.18333333333333332', 1: '0.0', 2: '0.0', 3: '2.081383018504685', 4: 379.3263603719736} 
{0: '0.19672131147540983', 1: '0.0', 2: '0.0', 3: '2.212490124287102', 4: 383.352275671599} 
{0: '0.1935483870967742', 1: '0.0', 2: '0.0', 3: '2.212490124287102', 4: 379.062242290549} 
{0: '0.20634920634920634', 1: '0.0', 2: '0.0', 3: '2.081383018504685', 4: 388.03581935709207} 
{0: '0.203125', 1: '0.0', 2: '0.0', 3: '2.081383018504685', 4: 375.9175815824264} 
{0: '0.2', 1: '0.0', 2: '0.0', 3: '2.081383018504685', 4: 371.91258910110315} 
{0: '0.21212121212121213', 1: '0.0', 2: '0.0', 3: '1.958045020027179', 4: 376.5722360026762} 
{0: '0.22388059701492538', 1: '0.0', 2: '0.0', 3: '1.842015749320195', 4: 378.41742415794494} 
{0: '0.22058823529411764', 1: '0.0', 2: '0.0', 3: '1.842015749320195', 4: 371.3747156849846} 
{0: '0.21739130434782608', 1: '0.0', 2: '0.0', 3: '1.842015749320195', 4: 368.8799454093375} 
{0: '0.21428571428571427', 1: '0.0', 2: '0.0', 3: '1.842015749320195', 4: 370.87836232809843} 
{0: '0.22535211267605634', 1: '0.0', 2: '0.0', 3: '1.958045020027179', 4: 374.8254323198759} 
{0: '0.2361111111111111', 1: '0.0', 2: '0.0', 3: '2.081383018504685', 4: 390.04793939046243} 
{0: '0.2465753424657534', 1: '0.0', 2: '0.0', 3: '2.212490124287102', 4: 370.2899519751053} 
{0: '0.24324324324324326', 1: '0.0', 2: '0.0', 3: '2.212490124287102', 4: 376.3135208888471} 
{0: '0.25333333333333335', 1: '0.0', 2: '0.0', 3: '2.081383018504685', 4: 375.3190643007965} 
{0: '0.2631578947368421', 1: '0.0', 2: '0.0', 3: '1.958045020027179', 4: 370.73648285911594} 
{0: '0.2727272727272727', 1: '0.0', 2: '0.0', 3: '1.842015749320195', 4: 374.0782685750884} 
{0: '0.28205128205128205', 1: '0.0', 2: '0.0', 3: '1.7328621078878674', 4: 368.2832292793893} 
{0: '0.27848101265822783', 1: '0.0', 2: '0.0', 3: '1.7328621078878674', 4: 381.0010687661683} 
{0: '0.2875', 1: '0.0', 2: '0.0', 3: '1.842015749320195', 4: 369.33178994922565} 
{0: '0.2962962962962963', 1: '0.0', 2: '0.0', 3: '1.958045020027179', 4: 374.24535539023213} 
{0: '0.3048780487804878', 1: '0.0', 2: '0.0', 3: '2.081383018504685', 4: 381.034450118529} 
{0: '0.30120481927710846', 1: '0.0', 2: '0.0', 3: '2.081383018504685', 4: 370.7968612636249} 
{0: '0.30952380952380953', 1: '0.0', 2: '0.0', 3: '1.958045020027179', 4: 373.36450523337936} 
{0: '0.3176470588235294', 1: '0.0', 2: '0.0', 3: '1.842015749320195', 4: 372.6487543591991} 
{0: '0.313953488372093', 1: '0.0', 2: '0.0', 3: '1.842015749320195', 4: 372.52816702788647} 
{0: '0.3218390804597701', 1: '0.0', 2: '0.0', 3: '1.958045020027179', 4: 380.09482557374577} 
{0: '0.32954545454545453', 1: '0.0', 2: '0.0', 3: '2.081383018504685', 4: 378.3790287607928} 
{0: '0.33707865168539325', 1: '0.0', 2: '0.0', 3: '2.212490124287102', 4: 376.93789767309323} 
{0: '0.3333333333333333', 1: '0.0', 2: '0.0', 3: '2.212490124287102', 4: 384.9774703861588} 
{0: '0.34065934065934067', 1: '0.0', 2: '0.0', 3: '2.081383018504685', 4: 394.6437682835955} 
{0: '0.34782608695652173', 1: '0.0', 2: '0.0', 3: '1.958045020027179', 4: 370.3431082858537} 
{0: '0.3548387096774194', 1: '0.0', 2: '0.0', 3: '1.842015749320195', 4: 371.80436303702743} 
{0: '0.35106382978723405', 1: '0.0', 2: '0.0', 3: '1.842015749320195', 4: 376.2869733900155} 
{0: '0.35789473684210527', 1: '0.0', 2: '0.0', 3: '1.958045020027179', 4: 379.0740470581827} 
{0: '0.3645833333333333', 1: '0.0', 2: '0.0', 3: '2.081383018504685', 4: 375.1655252472901} 
{0: '0.3711340206185567', 1: '0.0', 2: '0.0', 3: '2.212490124287102', 4: 378.7940179061271} 
{0: '0.3673469387755102', 1: '0.0', 2: '0.0', 3: '2.212490124287102', 4: 375.820087009462} 
{0: '0.37373737373737376', 1: '0.0', 2: '0.0', 3: '2.081383018504685', 4: 376.6699061588751} 
{0: '0.37', 1: '0.0', 2: '0.0', 3: '2.081383018504685', 4: 378.1385147410637} 
{0: '0.37623762376237624', 1: '0.0', 2: '0.0', 3: '2.212490124287102', 4: 383.9091318613993} 
{0: '0.38235294117647056', 1: '0.0', 2: '0.0', 3: '2.351855716390306', 4: 382.30958124052086} 
{0: '0.3786407766990291', 1: '0.0', 2: '0.0', 3: '2.351855716390306', 4: 374.20621672557587} 
{0: '0.38461538461538464', 1: '0.0', 2: '0.0', 3: '2.212490124287102', 4: 385.9656332959623} 
{0: '0.3904761904761905', 1: '0.0', 2: '0.0', 3: '2.081383018504685', 4: 390.71960662691237} 
{0: '0.39622641509433965', 1: '0.0', 2: '0.0', 3: '1.958045020027179', 4: 372.087753033993} 
{0: '0.3925233644859813', 1: '0.0', 2: '0.0', 3: '1.958045020027179', 4: 372.7772477133185} 
{0: '0.39814814814814814', 1: '0.0', 2: '0.0', 3: '2.081383018504685', 4: 375.33836384053865} 
{0: '0.4036697247706422', 1: '0.0', 2: '0.0', 3: '2.212490124287102', 4: 368.60163711968255} 
{0: '0.4', 1: '0.0', 2: '0.0', 3: '2.212490124287102', 4: 376.7189800248742} 
{0: '0.3963963963963964', 1: '0.0', 2: '0.0', 3: '2.212490124287102', 4: 376.594161744854} 
{0: '0.39285714285714285', 1: '0.0', 2: '0.0', 3: '2.212490124287102', 4: 375.7953575924178} 
{0: '0.3893805309734513', 1: '0.0', 2: '0.0', 3: '2.212490124287102', 4: 379.55857476489984} 
{0: '0.39473684210526316', 1: '0.0', 2: '0.0', 3: '2.351855716390306', 4: 385.3834960757875} 
{0: '0.391304347826087', 1: '0.0', 2: '0.0', 3: '2.351855716390306', 4: 375.4670185873641} 
{0: '0.39655172413793105', 1: '0.0', 2: '0.0', 3: '2.212490124287102', 4: 378.8749937032404} 
{0: '0.4017094017094017', 1: '0.0', 2: '0.0', 3: '2.081383018504685', 4: 375.87528642975036} 
{0: '0.3983050847457627', 1: '0.0', 2: '0.0', 3: '2.081383018504685', 4: 375.8073565763444} 
{0: '0.40336134453781514', 1: '0.0', 2: '0.0', 3: '2.212490124287102', 4: 370.8149371120488} 
{0: '0.4', 1: '0.0', 2: '0.0', 3: '2.212490124287102', 4: 374.5883408855543} 
{0: '0.4049586776859504', 1: '0.0', 2: '0.0', 3: '2.081383018504685', 4: 378.77182158891657} 
{0: '0.4098360655737705', 1: '0.0', 2: '0.0', 3: '1.958045020027179', 4: 377.0489722449889} 
{0: '0.4065040650406504', 1: '0.0', 2: '0.0', 3: '1.958045020027179', 4: 383.82417094550306} 
{0: '0.4112903225806452', 1: '0.0', 2: '0.0', 3: '2.081383018504685', 4: 383.3451024046806} 
{0: '0.416', 1: '0.0', 2: '0.0', 3: '2.212490124287102', 4: 376.0821776779953} 
{0: '0.42063492063492064', 1: '0.0', 2: '0.0', 3: '2.351855716390306', 4: 382.94361561929367} 
{0: '0.41732283464566927', 1: '0.0', 2: '0.0', 3: '2.351855716390306', 4: 371.1821520852693} 
{0: '0.421875', 1: '0.0', 2: '0.0', 3: '2.212490124287102', 4: 376.49413986260976} 
{0: '0.4263565891472868', 1: '0.0', 2: '0.0', 3: '2.081383018504685', 4: 377.419019742172} 
{0: '0.4307692307692308', 1: '0.0', 2: '0.0', 3: '1.958045020027179', 4: 375.19359526661566} 
{0: '0.42748091603053434', 1: '0.0', 2: '0.0', 3: '1.958045020027179', 4: 377.8091991195525} 
{0: '0.4318181818181818', 1: '0.0', 2: '0.0', 3: '2.081383018504685', 4: 375.01706654301364} 
{0: '0.43609022556390975', 1: '0.0', 2: '0.0', 3: '2.212490124287102', 4: 370.8994804735755} 
{0: '0.44029850746268656', 1: '0.0', 2: '0.0', 3: '2.351855716390306', 4: 377.88811812165676} 
{0: '0.43703703703703706', 1: '0.0', 2: '0.0', 3: '2.351855716390306', 4: 381.92713424995156} 
{0: '0.4411764705882353', 1: '0.0', 2: '0.0', 3: '2.212490124287102', 4: 383.23423745852915} 
{0: '0.44525547445255476', 1: '0.0', 2: '0.0', 3: '2.081383018504685', 4: 369.80414231874846} 
{0: '0.4492753623188406', 1: '0.0', 2: '0.0', 3: '1.958045020027179', 4: 376.0051816615925} 
{0: '0.45323741007194246', 1: '0.0', 2: '0.0', 3: '1.842015749320195', 4: 376.47679780319146} 
{0: '0.45', 1: '0.0', 2: '0.0', 3: '1.842015749320195', 4: 372.06198612672574} 
{0: '0.45390070921985815', 1: '0.0', 2: '0.0', 3: '1.958045020027179', 4: 369.0121925174544} 
{0: '0.45774647887323944', 1: '0.0', 2: '0.0', 3: '2.081383018504685', 4: 374.7160880006708} 
{0: '0.46153846153846156', 1: '0.0', 2: '0.0', 3: '2.212490124287102', 4: 372.07796847974726} 
{0: '0.4652777777777778', 1: '0.0', 2: '0.0', 3: '2.351855716390306', 4: 370.6694014431913} 
{0: '0.46206896551724136', 1: '0.0', 2: '0.0', 3: '2.351855716390306', 4: 380.3843807662429} 
{0: '0.4657534246575342', 1: '0.0', 2: '0.0', 3: '2.212490124287102', 4: 374.62561901733096} 
{0: '0.46938775510204084', 1: '0.0', 2: '0.0', 3: '2.081383018504685', 4: 382.59156076770194} 
{0: '0.46621621621621623', 1: '0.0', 2: '0.0', 3: '2.081383018504685', 4: 384.19746442874765} 
{0: '0.4697986577181208', 1: '0.0', 2: '0.0', 3: '2.212490124287102', 4: 375.18225559381705} 
{0: '0.47333333333333333', 1: '0.0', 2: '0.0', 3: '2.351855716390306', 4: 378.02553045283247} 
{0: '0.47019867549668876', 1: '0.0', 2: '0.0', 3: '2.351855716390306', 4: 379.36341184587997} 
{0: '0.46710526315789475', 1: '0.0', 2: '0.0', 3: '2.351855716390306', 4: 381.70835927491197} 
{0: '0.46405228758169936', 1: '0.0', 2: '0.0', 3: '2.351855716390306', 4: 378.05437955672096} 
{0: '0.4675324675324675', 1: '0.0', 2: '0.0', 3: '2.212490124287102', 4: 387.8382991098863} 
{0: '0.4645161290322581', 1: '0.0', 2: '0.0', 3: '2.212490124287102', 4: 382.4754642937076} 
{0: '0.46794871794871795', 1: '0.0', 2: '0.0', 3: '2.351855716390306', 4: 373.05558464226795} 
{0: '0.46496815286624205', 1: '0.0', 2: '0.0', 3: '2.351855716390306', 4: 373.50003984968384} 
{0: '0.46835443037974683', 1: '0.0', 2: '0.0', 3: '2.212490124287102', 4: 377.7910059733515} 
{0: '0.4716981132075472', 1: '0.0', 2: '0.0', 3: '2.081383018504685', 4: 376.4556110667324} 
{0: '0.475', 1: '0.0', 2: '0.0', 3: '1.958045020027179', 4: 373.35080371033075} 
{0: '0.4782608695652174', 1: '0.0', 2: '0.0', 3: '1.842015749320195', 4: 380.7548944822234} 
{0: '0.47530864197530864', 1: '0.0', 2: '0.0', 3: '1.842015749320195', 4: 378.6628297307904} 
{0: '0.4785276073619632', 1: '0.0', 2: '0.0', 3: '1.958045020027179', 4: 388.639815662209} 
{0: '0.4817073170731707', 1: '0.0', 2: '0.0', 3: '2.081383018504685', 4: 376.64888514027797} 
{0: '0.48484848484848486', 1: '0.0', 2: '0.0', 3: '2.212490124287102', 4: 369.6237949122422} 
{0: '0.4879518072289157', 1: '0.0', 2: '0.0', 3: '2.351855716390306', 4: 378.06790593194165} 
{0: '0.48502994011976047', 1: '0.0', 2: '0.0', 3: '2.351855716390306', 4: 376.8479506407637} 
{0: '0.4880952380952381', 1: '0.0', 2: '0.0', 3: '2.212490124287102', 4: 372.4017884181037} 
{0: '0.4911242603550296', 1: '0.0', 2: '0.0', 3: '2.081383018504685', 4: 371.08764647841804} 
{0: '0.48823529411764705', 1: '0.0', 2: '0.0', 3: '2.081383018504685', 4: 380.0322930004416} 
{0: '0.49122807017543857', 1: '0.0', 2: '0.0', 3: '2.212490124287102', 4: 390.82593384851816} 
{0: '0.4883720930232558', 1: '0.0', 2: '0.0', 3: '2.212490124287102', 4: 370.4672434867486} 
{0: '0.4913294797687861', 1: '0.0', 2: '0.0', 3: '2.081383018504685', 4: 382.66047701047825} 
{0: '0.4942528735632184', 1: '0.0', 2: '0.0', 3: '1.958045020027179', 4: 381.5013301615536} 
{0: '0.49714285714285716', 1: '0.0', 2: '0.0', 3: '1.842015749320195', 4: 379.78195278800484} 
{0: '0.5', 1: '0.0', 2: '0.0', 3: '1.7328621078878674', 4: 374.9771503740394} 
{0: '0.4971751412429379', 1: '0.0', 2: '0.0', 3: '1.7328621078878674', 4: 382.3546075500739} 
{0: '0.5', 1: '0.0', 2: '0.0', 3: '1.842015749320195', 4: 378.5435384127323} 
{0: '0.5027932960893855', 1: '0.0', 2: '0.0', 3: '1.958045020027179', 4: 377.65826282763345} 
{0: '0.5055555555555555', 1: '0.0', 2: '0.0', 3: '2.081383018504685', 4: 367.1910074869041} 
{0: '0.5027624309392266', 1: '0.0', 2: '0.0', 3: '2.081383018504685', 4: 370.86518870567375} 
{0: '0.5054945054945055', 1: '0.0', 2: '0.0', 3: '1.958045020027179', 4: 374.7531623996066} 
{0: '0.5081967213114754', 1: '0.0', 2: '0.0', 3: '1.842015749320195', 4: 380.1042713041349} 
{0: '0.5054347826086957', 1: '0.0', 2: '0.0', 3: '1.842015749320195', 4: 377.1739331296057} 
{0: '0.5081081081081081', 1: '0.0', 2: '0.0', 3: '1.958045020027179', 4: 372.5323632166286} 
{0: '0.510752688172043', 1: '0.0', 2: '0.0', 3: '2.081383018504685', 4: 378.7880502243893} 
{0: '0.5133689839572193', 1: '0.0', 2: '0.0', 3: '2.212490124287102', 4: 368.5070300334676} 
{0: '0.5106382978723404', 1: '0.0', 2: '0.0', 3: '2.212490124287102', 4: 375.31167402107025} 
{0: '0.5132275132275133', 1: '0.0', 2: '0.0', 3: '2.081383018504685', 4: 381.65774731561925} 
{0: '0.5157894736842106', 1: '0.0', 2: '0.0', 3: '1.958045020027179', 4: 377.44910320129253} 
{0: '0.518324607329843', 1: '0.0', 2: '0.0', 3: '1.842015749320195', 4: 378.1747260482606} 
{0: '0.515625', 1: '0.0', 2: '0.0', 3: '1.842015749320195', 4: 374.4954545538682} 
{0: '0.5181347150259067', 1: '0.0', 2: '0.0', 3: '1.958045020027179', 4: 386.48464092327106} 
{0: '0.520618556701031', 1: '0.0', 2: '0.0', 3: '2.081383018504685', 4: 390.26084610717334} 
{0: '0.5230769230769231', 1: '0.0', 2: '0.0', 3: '2.212490124287102', 4: 373.66361117624075} 
{0: '0.5255102040816326', 1: '0.0', 2: '0.0', 3: '2.351855716390306', 4: 377.24978393204856} 
{0: '0.5228426395939086', 1: '0.0', 2: '0.0', 3: '2.351855716390306', 4: 377.55109110024034} 
{0: '0.5252525252525253', 1: '0.0', 2: '0.0', 3: '2.212490124287102', 4: 374.24761074878245} 
{0: '0.5226130653266332', 1: '0.0', 2: '0.0', 3: '2.212490124287102', 4: 391.53295329400464} 
{0: '0.525', 1: '0.0', 2: '0.0', 3: '2.351855716390306', 4: 382.99500663797915} 
{0: '0.527363184079602', 1: '0.0', 2: '0.0', 3: '2.500000000000003', 4: 385.25369732219457} 
{0: '0.5247524752475248', 1: '0.0', 2: '0.0', 3: '2.500000000000003', 4: 394.0356366122638} 
{0: '0.5270935960591133', 1: '0.0', 2: '0.0', 3: '2.351855716390306', 4: 374.7783298455889} 
{0: '0.5294117647058824', 1: '0.0', 2: '0.0', 3: '2.212490124287102', 4: 378.6639731083281} 
{0: '0.5317073170731708', 1: '0.0', 2: '0.0', 3: '2.081383018504685', 4: 372.5550274299541} 
{0: '0.5339805825242718', 1: '0.0', 2: '0.0', 3: '1.958045020027179', 4: 373.8018525147873} 
{0: '0.5314009661835749', 1: '0.0', 2: '0.0', 3: '1.958045020027179', 4: 384.2283330322475} 
{0: '0.5336538461538461', 1: '0.0', 2: '0.0', 3: '2.081383018504685', 4: 379.81368872702933} 
{0: '0.5358851674641149', 1: '0.0', 2: '0.0', 3: '2.212490124287102', 4: 371.7368035705179} 
{0: '0.5380952380952381', 1: '0.0', 2: '0.0', 3: '2.351855716390306', 4: 374.7020884343575} 
{0: '0.5355450236966824', 1: '0.0', 2: '0.0', 3: '2.351855716390306', 4: 379.2114929518958} 
{0: '0.5377358490566038', 1: '0.0', 2: '0.0', 3: '2.212490124287102', 4: 375.74289563530795} 
{0: '0.539906103286385', 1: '0.0', 2: '0.0', 3: '2.081383018504685', 4: 372.117307031503} 
{0: '0.5420560747663551', 1: '0.0', 2: '0.0', 3: '1.958045020027179', 4: 378.87424623007865} 
{0: '0.5395348837209303', 1: '0.0', 2: '0.0', 3: '1.958045020027179', 4: 376.4423767463673} 
{0: '0.5416666666666666', 1: '0.0', 2: '0.0', 3: '2.081383018504685', 4: 367.63042068351984} 
{0: '0.543778801843318', 1: '0.0', 2: '0.0', 3: '2.212490124287102', 4: 372.1879677973603} 
{0: '0.5412844036697247', 1: '0.0', 2: '0.0', 3: '2.212490124287102', 4: 380.54025021051996} 
{0: '0.54337899543379', 1: '0.0', 2: '0.0', 3: '2.081383018504685', 4: 380.5586693729104} 
{0: '0.5409090909090909', 1: '0.0', 2: '0.0', 3: '2.081383018504685', 4: 380.10473576188144} 
{0: '0.5429864253393665', 1: '0.0', 2: '0.0', 3: '2.212490124287102', 4: 379.20931300082054} 
{0: '0.5405405405405406', 1: '0.0', 2: '0.0', 3: '2.212490124287102', 4: 372.94240134962473} 
{0: '0.5426008968609866', 1: '0.0', 2: '0.0', 3: '2.081383018504685', 4: 374.219570327746} 
{0: '0.5446428571428571', 1: '0.0', 2: '0.0', 3: '1.958045020027179', 4: 370.7307317129892} 
{0: '0.5466666666666666', 1: '0.0', 2: '0.0', 3: '1.842015749320195', 4: 376.93120971239006} 
{0: '0.5442477876106194', 1: '0.0', 2: '0.0', 3: '1.842015749320195', 4: 378.71826400369935} 
{0: '0.5462555066079295', 1: '0.0', 2: '0.0', 3: '1.958045020027179', 4: 378.89916871585154} 
{0: '0.5482456140350878', 1: '0.0', 2: '0.0', 3: '2.081383018504685', 4: 382.8750129070425} 
{0: '0.5502183406113537', 1: '0.0', 2: '0.0', 3: '2.212490124287102', 4: 376.9367074375465} 
{0: '0.5478260869565217', 1: '0.0', 2: '0.0', 3: '2.212490124287102', 4: 373.69383058911006} 
{0: '0.5497835497835498', 1: '0.0', 2: '0.0', 3: '2.081383018504685', 4: 376.4628251908316} 
{0: '0.5474137931034483', 1: '0.0', 2: '0.0', 3: '2.081383018504685', 4: 382.9129991934009} 
{0: '0.5493562231759657', 1: '0.0', 2: '0.0', 3: '2.212490124287102', 4: 379.7173329967942} 
{0: '0.5512820512820513', 1: '0.0', 2: '0.0', 3: '2.351855716390306', 4: 377.5952927113119} 
{0: '0.5531914893617021', 1: '0.0', 2: '0.0', 3: '2.500000000000003', 4: 390.5570072380512} 
{0: '0.5508474576271186', 1: '0.0', 2: '0.0', 3: '2.500000000000003', 4: 386.0511947189251} 
{0: '0.5527426160337553', 1: '0.0', 2: '0.0', 3: '2.351855716390306', 4: 387.1787630218792} 
{0: '0.5546218487394958', 1: '0.0', 2: '0.0', 3: '2.212490124287102', 4: 388.3976629786122} 
{0: '0.5564853556485355', 1: '0.0', 2: '0.0', 3: '2.081383018504685', 4: 385.55639191237} 
{0: '0.5541666666666667', 1: '0.0', 2: '0.0', 3: '2.081383018504685', 4: 376.6621062761607} 
{0: '0.5560165975103735', 1: '0.0', 2: '0.0', 3: '2.212490124287102', 4: 380.0317590510059} 
{0: '0.5537190082644629', 1: '0.0', 2: '0.0', 3: '2.212490124287102', 4: 380.06178154754286} 
{0: '0.5555555555555556', 1: '0.0', 2: '0.0', 3: '2.081383018504685', 4: 383.2503432673799} 
{0: '0.5573770491803278', 1: '0.0', 2: '0.0', 3: '1.958045020027179', 4: 370.82961918761964} 
{0: '0.5591836734693878', 1: '0.0', 2: '0.0', 3: '1.842015749320195', 4: 376.43505814536593} 
{0: '0.5609756097560976', 1: '0.0', 2: '0.0', 3: '1.7328621078878674', 4: 377.78044119104277} 
{0: '0.5587044534412956', 1: '0.0', 2: '0.0', 3: '1.7328621078878674', 4: 372.2925938645623} 
{0: '0.5604838709677419', 1: '0.0', 2: '0.0', 3: '1.842015749320195', 4: 371.9902088704117} 
{0: '0.5622489959839357', 1: '0.0', 2: '0.0', 3: '1.958045020027179', 4: 376.5654544155271} 
{0: '0.564', 1: '0.0', 2: '0.0', 3: '2.081383018504685', 4: 383.8660462770354} 
{0: '0.5657370517928287', 1: '0.0', 2: '0.0', 3: '2.212490124287102', 4: 379.58094966491984} 
{0: '0.5634920634920635', 1: '0.0', 2: '0.0', 3: '2.212490124287102', 4: 389.9950607134001} 
{0: '0.5612648221343873', 1: '0.0', 2: '0.0', 3: '2.212490124287102', 4: 373.14737384399353} 
{0: '0.562992125984252', 1: '0.0', 2: '0.0', 3: '2.351855716390306', 4: 373.13642236692} 
{0: '0.5647058823529412', 1: '0.0', 2: '0.0', 3: '2.500000000000003', 4: 375.2563941957282} 
{0: '0.5625', 1: '0.0', 2: '0.0', 3: '2.500000000000003', 4: 376.8510100287448} 
{0: '0.5642023346303502', 1: '0.0', 2: '0.0', 3: '2.351855716390306', 4: 372.9602760232373} 
{0: '0.5658914728682171', 1: '0.0', 2: '0.0', 3: '2.212490124287102', 4: 375.3136006464878} 
{0: '0.5675675675675675', 1: '0.0', 2: '0.0', 3: '2.081383018504685', 4: 381.7226346555341} 
{0: '0.5692307692307692', 1: '0.0', 2: '0.0', 3: '1.958045020027179', 4: 375.8765963685492} 
{0: '0.5670498084291188', 1: '0.0', 2: '0.0', 3: '1.958045020027179', 4: 375.7947457027613} 
{0: '0.5687022900763359', 1: '0.0', 2: '0.0', 3: '2.081383018504685', 4: 379.79268278300185} 
{0: '0.5703422053231939', 1: '0.0', 2: '0.0', 3: '2.212490124287102', 4: 383.7898462299323} 
{0: '0.5681818181818182', 1: '0.0', 2: '0.0', 3: '2.212490124287102', 4: 379.5601463721535} 
{0: '0.569811320754717', 1: '0.0', 2: '0.0', 3: '2.081383018504685', 4: 376.9388848498859} 
{0: '0.5714285714285714', 1: '0.0', 2: '0.0', 3: '1.958045020027179', 4: 378.3142437381763} 
{0: '0.5692883895131086', 1: '0.0', 2: '0.0', 3: '1.958045020027179', 4: 373.02938611314164} 
{0: '0.5708955223880597', 1: '0.0', 2: '0.0', 3: '2.081383018504685', 4: 374.1596038379698} 
{0: '0.5724907063197026', 1: '0.0', 2: '0.0', 3: '2.212490124287102', 4: 368.55166630213756} 
{0: '0.5740740740740741', 1: '0.0', 2: '0.0', 3: '2.351855716390306', 4: 376.84203010754555} 
{0: '0.5719557195571956', 1: '0.0', 2: '0.0', 3: '2.351855716390306', 4: 370.8531526990988} 
{0: '0.5735294117647058', 1: '0.0', 2: '0.0', 3: '2.212490124287102', 4: 379.02707682472914} 
{0: '0.575091575091575', 1: '0.0', 2: '0.0', 3: '2.081383018504685', 4: 374.2659449092469} 
{0: '0.5766423357664233', 1: '0.0', 2: '0.0', 3: '1.958045020027179', 4: 378.70012309059285} 
{0: '0.5745454545454546', 1: '0.0', 2: '0.0', 3: '1.958045020027179', 4: 379.8584421345192} 
{0: '0.5760869565217391', 1: '0.0', 2: '0.0', 3: '2.081383018504685', 4: 370.624817141514} 
{0: '0.5776173285198556', 1: '0.0', 2: '0.0', 3: '2.212490124287102', 4: 379.4064477494684} 
{0: '0.579136690647482', 1: '0.0', 2: '0.0', 3: '2.351855716390306', 4: 376.229709028143} 
{0: '0.5770609318996416', 1: '0.0', 2: '0.0', 3: '2.351855716390306', 4: 388.85029484933585} 
{0: '0.5785714285714286', 1: '0.0', 2: '0.0', 3: '2.212490124287102', 4: 382.3235789605355} 
{0: '0.5800711743772242', 1: '0.0', 2: '0.0', 3: '2.081383018504685', 4: 374.3181149116233} 
{0: '0.5815602836879432', 1: '0.0', 2: '0.0', 3: '1.958045020027179', 4: 372.7581710271168} 
{0: '0.5830388692579506', 1: '0.0', 2: '0.0', 3: '1.842015749320195', 4: 385.81290397906025} 
{0: '0.5809859154929577', 1: '0.0', 2: '0.0', 3: '1.842015749320195', 4: 372.122693225087} 
{0: '0.5824561403508772', 1: '0.0', 2: '0.0', 3: '1.958045020027179', 4: 372.5335202627274} 
{0: '0.583916083916084', 1: '0.0', 2: '0.0', 3: '2.081383018504685', 4: 381.566765924671} 
{0: '0.5853658536585366', 1: '0.0', 2: '0.0', 3: '2.212490124287102', 4: 381.9396505854545} 
{0: '0.5833333333333334', 1: '0.0', 2: '0.0', 3: '2.212490124287102', 4: 377.6763159642406} 
{0: '0.5847750865051903', 1: '0.0', 2: '0.0', 3: '2.081383018504685', 4: 383.3922774225508} 
{0: '0.5862068965517241', 1: '0.0', 2: '0.0', 3: '1.958045020027179', 4: 383.8609962739587} 
{0: '0.584192439862543', 1: '0.0', 2: '0.0', 3: '1.958045020027179', 4: 376.57502173192535} 
{0: '0.5856164383561644', 1: '0.0', 2: '0.0', 3: '2.081383018504685', 4: 388.146476114897} 
{0: '0.5870307167235495', 1: '0.0', 2: '0.0', 3: '2.212490124287102', 4: 377.5267352001373} 
{0: '0.5884353741496599', 1: '0.0', 2: '0.0', 3: '2.351855716390306', 4: 379.6009520153739} 
{0: '0.5864406779661017', 1: '0.0', 2: '0.0', 3: '2.351855716390306', 4: 374.4743446553622} 
{0: '0.5878378378378378', 1: '0.0', 2: '0.0', 3: '2.212490124287102', 4: 373.6282604650836} 
{0: '0.5858585858585859', 1: '0.0', 2: '0.0', 3: '2.212490124287102', 4: 377.3537347139958} 
{0: '0.587248322147651', 1: '0.0', 2: '0.0', 3: '2.351855716390306', 4: 376.561280958528} 
{0: '0.5852842809364549', 1: '0.0', 2: '0.0', 3: '2.351855716390306', 4: 376.3920857602293} 
{0: '0.5866666666666667', 1: '0.0', 2: '0.0', 3: '2.212490124287102', 4: 379.8394653594851} 
{0: '0.5880398671096345', 1: '0.0', 2: '0.0', 3: '2.081383018504685', 4: 378.4109159484331} 
{0: '0.5894039735099338', 1: '0.0', 2: '0.0', 3: '1.958045020027179', 4: 376.64291693577434} 
{0: '0.5874587458745875', 1: '0.0', 2: '0.0', 3: '1.958045020027179', 4: 380.74777348195664} 
{0: '0.5855263157894737', 1: '0.0', 2: '0.0', 3: '1.958045020027179', 4: 374.4197466038786} 
{0: '0.5868852459016394', 1: '0.0', 2: '0.0', 3: '1.842015749320195', 4: 374.9758471659873} 
{0: '0.5849673202614379', 1: '0.0', 2: '0.0', 3: '1.842015749320195', 4: 374.5876272945546} 
{0: '0.5863192182410424', 1: '0.0', 2: '0.0', 3: '1.958045020027179', 4: 381.6080726630484} 
{0: '0.5876623376623377', 1: '0.0', 2: '0.0', 3: '2.081383018504685', 4: 372.71162304527826} 
{0: '0.5889967637540453', 1: '0.0', 2: '0.0', 3: '2.212490124287102', 4: 372.41963982419367} 
{0: '0.5903225806451613', 1: '0.0', 2: '0.0', 3: '2.351855716390306', 4: 378.2565737732271} 
{0: '0.5884244372990354', 1: '0.0', 2: '0.0', 3: '2.351855716390306', 4: 382.85556125649043} 
{0: '0.5897435897435898', 1: '0.0', 2: '0.0', 3: '2.212490124287102', 4: 379.975514800463} 
{0: '0.5878594249201278', 1: '0.0', 2: '0.0', 3: '2.212490124287102', 4: 384.8293529617932} 
{0: '0.589171974522293', 1: '0.0', 2: '0.0', 3: '2.351855716390306', 4: 376.1587476288857} 
{0: '0.5873015873015873', 1: '0.0', 2: '0.0', 3: '2.351855716390306', 4: 381.76317914859476} 
{0: '0.5886075949367089', 1: '0.0', 2: '0.0', 3: '2.212490124287102', 4: 378.5791693766127} 
{0: '0.5899053627760252', 1: '0.0', 2: '0.0', 3: '2.081383018504685', 4: 377.54829224728604} 
{0: '0.5911949685534591', 1: '0.0', 2: '0.0', 3: '1.958045020027179', 4: 375.0464928284297} 
{0: '0.5893416927899686', 1: '0.0', 2: '0.0', 3: '1.958045020027179', 4: 383.3061475424013} 
{0: '0.590625', 1: '0.0', 2: '0.0', 3: '2.081383018504685', 4: 373.98888184654624} 
{0: '0.5919003115264797', 1: '0.0', 2: '0.0', 3: '2.212490124287102', 4: 378.5227237657351} 
{0: '0.5900621118012422', 1: '0.0', 2: '0.0', 3: '2.212490124287102', 4: 373.12343689174975} 
{0: '0.5913312693498453', 1: '0.0', 2: '0.0', 3: '2.081383018504685', 4: 378.4141751606942} 
{0: '0.5925925925925926', 1: '0.0', 2: '0.0', 3: '1.958045020027179', 4: 379.0025315394006} 
{0: '0.5938461538461538', 1: '0.0', 2: '0.0', 3: '1.842015749320195', 4: 374.8991658830324} 
{0: '0.5920245398773006', 1: '0.0', 2: '0.0', 3: '1.842015749320195', 4: 372.65408611537697} 
{0: '0.5932721712538226', 1: '0.0', 2: '0.0', 3: '1.958045020027179', 4: 387.3105198337565} 
{0: '0.5945121951219512', 1: '0.0', 2: '0.0', 3: '2.081383018504685', 4: 376.02310337599573} 
{0: '0.5927051671732523', 1: '0.0', 2: '0.0', 3: '2.081383018504685', 4: 376.17025103840297} 
{0: '0.5909090909090909', 1: '0.0', 2: '0.0', 3: '2.081383018504685', 4: 389.81112335644116} 
{0: '0.5921450151057401', 1: '0.0', 2: '0.0', 3: '2.212490124287102', 4: 378.16150837748125} 
{0: '0.5933734939759037', 1: '0.0', 2: '0.0', 3: '2.351855716390306', 4: 382.1748880011848} 
{0: '0.5915915915915916', 1: '0.0', 2: '0.0', 3: '2.351855716390306', 4: 382.9150368153756} 
{0: '0.592814371257485', 1: '0.0', 2: '0.0', 3: '2.212490124287102', 4: 378.7418583139757} 
{0: '0.5940298507462687', 1: '0.0', 2: '0.0', 3: '2.081383018504685', 4: 372.7473328771111} 
{0: '0.5922619047619048', 1: '0.0', 2: '0.0', 3: '2.081383018504685', 4: 377.0644513708784} 
{0: '0.5934718100890207', 1: '0.0', 2: '0.0', 3: '2.212490124287102', 4: 398.67953605512486} 
{0: '0.5946745562130178', 1: '0.0', 2: '0.0', 3: '2.351855716390306', 4: 372.6218691151843} 
{0: '0.5929203539823009', 1: '0.0', 2: '0.0', 3: '2.351855716390306', 4: 381.95026221265226} 
{0: '0.5941176470588235', 1: '0.0', 2: '0.0', 3: '2.212490124287102', 4: 380.2813909940789} 
{0: '0.5953079178885631', 1: '0.0', 2: '0.0', 3: '2.081383018504685', 4: 369.6027650144588} 
{0: '0.5964912280701754', 1: '0.0', 2: '0.0', 3: '1.958045020027179', 4: 379.20097355974383} 
{0: '0.5947521865889213', 1: '0.0', 2: '0.0', 3: '1.958045020027179', 4: 381.924212184986} 
{0: '0.5959302325581395', 1: '0.0', 2: '0.0', 3: '2.081383018504685', 4: 388.90278478303924} 
{0: '0.5971014492753624', 1: '0.0', 2: '0.0', 3: '2.212490124287102', 4: 381.5557762416694} 
{0: '0.5982658959537572', 1: '0.0', 2: '0.0', 3: '2.351855716390306', 4: 386.8669443234083} 
{0: '0.5994236311239193', 1: '0.0', 2: '0.0', 3: '2.500000000000003', 4: 386.5862161572179} 
{0: '0.5977011494252874', 1: '0.0', 2: '0.0', 3: '2.500000000000003', 4: 378.6312894021672} 
{0: '0.5988538681948424', 1: '0.0', 2: '0.0', 3: '2.351855716390306', 4: 378.31118419240306} 
{0: '0.6', 1: '0.0', 2: '0.0', 3: '2.212490124287102', 4: 386.78443936387174} 
{0: '0.6011396011396012', 1: '0.0', 2: '0.0', 3: '2.081383018504685', 4: 379.5699666499829} 
{0: '0.6022727272727273', 1: '0.0', 2: '0.0', 3: '1.958045020027179', 4: 378.282115495381} 
{0: '0.6005665722379604', 1: '0.0', 2: '0.0', 3: '1.958045020027179', 4: 377.4278024809042} 
{0: '0.6016949152542372', 1: '0.0', 2: '0.0', 3: '2.081383018504685', 4: 375.4177422195213} 
{0: '0.6028169014084507', 1: '0.0', 2: '0.0', 3: '2.212490124287102', 4: 378.00437422070553} 
{0: '0.6039325842696629', 1: '0.0', 2: '0.0', 3: '2.351855716390306', 4: 373.61147114036794} 
{0: '0.6022408963585434', 1: '0.0', 2: '0.0', 3: '2.351855716390306', 4: 379.69059902907094} 
{0: '0.6033519553072626', 1: '0.0', 2: '0.0', 3: '2.212490124287102', 4: 372.2759903817736} 
{0: '0.6016713091922006', 1: '0.0', 2: '0.0', 3: '2.212490124287102', 4: 379.8271545340833} 
{0: '0.6027777777777777', 1: '0.0', 2: '0.0', 3: '2.351855716390306', 4: 380.49612971350956} 
{0: '0.6038781163434903', 1: '0.0', 2: '0.0', 3: '2.500000000000003', 4: 373.1414968851067} 
{0: '0.6022099447513812', 1: '0.0', 2: '0.0', 3: '2.500000000000003', 4: 382.63166087913186} 
{0: '0.6033057851239669', 1: '0.0', 2: '0.0', 3: '2.351855716390306', 4: 387.8655287123619} 
{0: '0.6043956043956044', 1: '0.0', 2: '0.0', 3: '2.212490124287102', 4: 374.72504079387807} 
{0: '0.6054794520547945', 1: '0.0', 2: '0.0', 3: '2.081383018504685', 4: 377.75603821627897} 
{0: '0.6038251366120219', 1: '0.0', 2: '0.0', 3: '2.081383018504685', 4: 383.2070382456542} 
{0: '0.6049046321525886', 1: '0.0', 2: '0.0', 3: '2.212490124287102', 4: 374.5856861082223} 
{0: '0.6032608695652174', 1: '0.0', 2: '0.0', 3: '2.212490124287102', 4: 376.04502849127505} 
{0: '0.6043360433604336', 1: '0.0', 2: '0.0', 3: '2.081383018504685', 4: 387.00036354868445} 
{0: '0.6027027027027027', 1: '0.0', 2: '0.0', 3: '2.081383018504685', 4: 383.5441164410593} 
{0: '0.6037735849056604', 1: '0.0', 2: '0.0', 3: '2.212490124287102', 4: 382.7329369111776} 
{0: '0.6021505376344086', 1: '0.0', 2: '0.0', 3: '2.212490124287102', 4: 374.49779984731987} 
{0: '0.6032171581769437', 1: '0.0', 2: '0.0', 3: '2.081383018504685', 4: 372.9907383521324} 
{0: '0.6042780748663101', 1: '0.0', 2: '0.0', 3: '1.958045020027179', 4: 373.3651004947999} 
{0: '0.6026666666666667', 1: '0.0', 2: '0.0', 3: '1.958045020027179', 4: 370.3158004110843} 
{0: '0.6037234042553191', 1: '0.0', 2: '0.0', 3: '2.081383018504685', 4: 376.23023583452147} 
{0: '0.6047745358090185', 1: '0.0', 2: '0.0', 3: '2.212490124287102', 4: 373.7419012208325} 
{0: '0.6058201058201058', 1: '0.0', 2: '0.0', 3: '2.351855716390306', 4: 383.6224484983267} 
{0: '0.604221635883905', 1: '0.0', 2: '0.0', 3: '2.351855716390306', 4: 394.24050904844347} 
{0: '0.6052631578947368', 1: '0.0', 2: '0.0', 3: '2.212490124287102', 4: 379.3403340718585} 
{0: '0.6062992125984252', 1: '0.0', 2: '0.0', 3: '2.081383018504685', 4: 386.5475153206989} 
{0: '0.6073298429319371', 1: '0.0', 2: '0.0', 3: '1.958045020027179', 4: 382.7819073462003} 
{0: '0.6057441253263708', 1: '0.0', 2: '0.0', 3: '1.958045020027179', 4: 375.0637585505878} 
{0: '0.6067708333333334', 1: '0.0', 2: '0.0', 3: '2.081383018504685', 4: 380.5082917447282} 
{0: '0.6077922077922078', 1: '0.0', 2: '0.0', 3: '2.212490124287102', 4: 380.089271892996} 
{0: '0.6088082901554405', 1: '0.0', 2: '0.0', 3: '2.351855716390306', 4: 388.45753523744725} 
{0: '0.6072351421188631', 1: '0.0', 2: '0.0', 3: '2.351855716390306', 4: 379.8059910011043} 
{0: '0.6082474226804123', 1: '0.0', 2: '0.0', 3: '2.212490124287102', 4: 389.6831292648185} 
{0: '0.609254498714653', 1: '0.0', 2: '0.0', 3: '2.081383018504685', 4: 375.37770012808033} 
{0: '0.6102564102564103', 1: '0.0', 2: '0.0', 3: '1.958045020027179', 4: 386.4477854874985} 
{0: '0.6112531969309463', 1: '0.0', 2: '0.0', 3: '1.842015749320195', 4: 375.4447377472029} 
{0: '0.6096938775510204', 1: '0.0', 2: '0.0', 3: '1.842015749320195', 4: 388.6213377930155} 
{0: '0.6106870229007634', 1: '0.0', 2: '0.0', 3: '1.958045020027179', 4: 373.91758495216243} 
{0: '0.6116751269035533', 1: '0.0', 2: '0.0', 3: '2.081383018504685', 4: 371.7088362758763} 
{0: '0.6126582278481013', 1: '0.0', 2: '0.0', 3: '2.212490124287102', 4: 371.5468203041287} 
{0: '0.6111111111111112', 1: '0.0', 2: '0.0', 3: '2.212490124287102', 4: 382.5714026367958} 
{0: '0.6095717884130982', 1: '0.0', 2: '0.0', 3: '2.212490124287102', 4: 384.53687915555713} 
{0: '0.6080402010050251', 1: '0.0', 2: '0.0', 3: '2.212490124287102', 4: 375.48841021399573} 
{0: '0.606516290726817', 1: '0.0', 2: '0.0', 3: '2.212490124287102', 4: 376.9567733146144} 
{0: '0.6075', 1: '0.0', 2: '0.0', 3: '2.351855716390306', 4: 374.18256705665266} 
{0: '0.6059850374064838', 1: '0.0', 2: '0.0', 3: '2.351855716390306', 4: 401.205689105801} 
{0: '0.6069651741293532', 1: '0.0', 2: '0.0', 3: '2.212490124287102', 4: 379.6297536172044} 
{0: '0.6054590570719603', 1: '0.0', 2: '0.0', 3: '2.212490124287102', 4: 380.5928447909143} 
{0: '0.6064356435643564', 1: '0.0', 2: '0.0', 3: '2.351855716390306', 4: 374.88172141805177} 
{0: '0.6049382716049383', 1: '0.0', 2: '0.0', 3: '2.351855716390306', 4: 371.91890252494886} 
{0: '0.6059113300492611', 1: '0.0', 2: '0.0', 3: '2.212490124287102', 4: 388.3012641429436} 
{0: '0.6044226044226044', 1: '0.0', 2: '0.0', 3: '2.212490124287102', 4: 380.6654962384557} 
{0: '0.6053921568627451', 1: '0.0', 2: '0.0', 3: '2.351855716390306', 4: 392.48438881546343} 
{0: '0.6039119804400978', 1: '0.0', 2: '0.0', 3: '2.351855716390306', 4: 373.7691506019401} 
{0: '0.6048780487804878', 1: '0.0', 2: '0.0', 3: '2.212490124287102', 4: 370.9867831972468} 
{0: '0.6058394160583942', 1: '0.0', 2: '0.0', 3: '2.081383018504685', 4: 369.0183394517183} 
{0: '0.6067961165048543', 1: '0.0', 2: '0.0', 3: '1.958045020027179', 4: 373.78254265442257} 
{0: '0.6077481840193705', 1: '0.0', 2: '0.0', 3: '1.842015749320195', 4: 379.6069286707574} 
{0: '0.606280193236715', 1: '0.0', 2: '0.0', 3: '1.842015749320195', 4: 376.05562120235703} 
{0: '0.6072289156626506', 1: '0.0', 2: '0.0', 3: '1.958045020027179', 4: 372.97827566965134} 
{0: '0.6081730769230769', 1: '0.0', 2: '0.0', 3: '2.081383018504685', 4: 374.38812498877127} 
{0: '0.6091127098321343', 1: '0.0', 2: '0.0', 3: '2.212490124287102', 4: 372.34033919016787} 
{0: '0.6076555023923444', 1: '0.0', 2: '0.0', 3: '2.212490124287102', 4: 374.8334129131078} 
{0: '0.6062052505966588', 1: '0.0', 2: '0.0', 3: '2.212490124287102', 4: 377.6751559787624} 
{0: '0.6047619047619047', 1: '0.0', 2: '0.0', 3: '2.212490124287102', 4: 382.32490222533005} 
{0: '0.6033254156769596', 1: '0.0', 2: '0.0', 3: '2.212490124287102', 4: 368.45382877325295} 
{0: '0.6042654028436019', 1: '0.0', 2: '0.0', 3: '2.351855716390306', 4: 381.25691583258276} 
{0: '0.6028368794326241', 1: '0.0', 2: '0.0', 3: '2.351855716390306', 4: 379.9341642445338} 
{0: '0.6037735849056604', 1: '0.0', 2: '0.0', 3: '2.212490124287102', 4: 377.9801586414068} 
{0: '0.6047058823529412', 1: '0.0', 2: '0.0', 3: '2.081383018504685', 4: 370.3885612613804} 
{0: '0.6056338028169014', 1: '0.0', 2: '0.0', 3: '1.958045020027179', 4: 373.49794091555907} 
{0: '0.6065573770491803', 1: '0.0', 2: '0.0', 3: '1.842015749320195', 4: 366.71641071332385} 
{0: '0.6074766355140186', 1: '0.0', 2: '0.0', 3: '1.7328621078878674', 4: 373.6928374972979} 
{0: '0.6060606060606061', 1: '0.0', 2: '0.0', 3: '1.7328621078878674', 4: 373.7639030848651} 
{0: '0.6069767441860465', 1: '0.0', 2: '0.0', 3: '1.842015749320195', 4: 376.0274610589533} 
{0: '0.6078886310904872', 1: '0.0', 2: '0.0', 3: '1.958045020027179', 4: 376.2205132207586} 
{0: '0.6087962962962963', 1: '0.0', 2: '0.0', 3: '2.081383018504685', 4: 376.46039131059894} 
{0: '0.6096997690531177', 1: '0.0', 2: '0.0', 3: '2.212490124287102', 4: 378.22323702666665} 
{0: '0.6105990783410138', 1: '0.0', 2: '0.0', 3: '2.351855716390306', 4: 380.30649072445624} 
{0: '0.6091954022988506', 1: '0.0', 2: '0.0', 3: '2.351855716390306', 4: 379.2135572704773} 
{0: '0.6100917431192661', 1: '0.0', 2: '0.0', 3: '2.212490124287102', 4: 378.723088092113} 
{0: '0.6086956521739131', 1: '0.0', 2: '0.0', 3: '2.212490124287102', 4: 374.51779368323105} 
{0: '0.6073059360730594', 1: '0.0', 2: '0.0', 3: '2.212490124287102', 4: 380.21895417594834} 
{0: '0.6059225512528473', 1: '0.0', 2: '0.0', 3: '2.212490124287102', 4: 391.0652639178728} 
{0: '0.6068181818181818', 1: '0.0', 2: '0.0', 3: '2.351855716390306', 4: 376.89274235609906} 
{0: '0.6054421768707483', 1: '0.0', 2: '0.0', 3: '2.351855716390306', 4: 373.25599721929177} 
{0: '0.6063348416289592', 1: '0.0', 2: '0.0', 3: '2.212490124287102', 4: 371.2982503889662} 
{0: '0.6072234762979684', 1: '0.0', 2: '0.0', 3: '2.081383018504685', 4: 375.1313641505945} 
{0: '0.6058558558558559', 1: '0.0', 2: '0.0', 3: '2.081383018504685', 4: 375.353402693305} 
{0: '0.6067415730337079', 1: '0.0', 2: '0.0', 3: '2.212490124287102', 4: 369.9007348452584} 
{0: '0.6053811659192825', 1: '0.0', 2: '0.0', 3: '2.212490124287102', 4: 371.3162406478807} 
{0: '0.6062639821029083', 1: '0.0', 2: '0.0', 3: '2.081383018504685', 4: 384.03916696841554} 
{0: '0.6071428571428571', 1: '0.0', 2: '0.0', 3: '1.958045020027179', 4: 372.52272077657125} 
{0: '0.6057906458797327', 1: '0.0', 2: '0.0', 3: '1.958045020027179', 4: 379.1147239676417} 
{0: '0.6066666666666667', 1: '0.0', 2: '0.0', 3: '2.081383018504685', 4: 373.6277475934311} 
{0: '0.6075388026607539', 1: '0.0', 2: '0.0', 3: '2.212490124287102', 4: 379.48714395717104} 
{0: '0.6061946902654868', 1: '0.0', 2: '0.0', 3: '2.212490124287102', 4: 371.14099349835334} 
{0: '0.6070640176600441', 1: '0.0', 2: '0.0', 3: '2.081383018504685', 4: 389.08803204938806} 
{0: '0.6057268722466961', 1: '0.0', 2: '0.0', 3: '2.081383018504685', 4: 371.7388220082751} 
{0: '0.6043956043956044', 1: '0.0', 2: '0.0', 3: '2.081383018504685', 4: 374.57169114947504} 
{0: '0.6052631578947368', 1: '0.0', 2: '0.0', 3: '1.958045020027179', 4: 385.9218883187012} 
{0: '0.6039387308533917', 1: '0.0', 2: '0.0', 3: '1.958045020027179', 4: 383.8416463315692} 
{0: '0.6048034934497817', 1: '0.0', 2: '0.0', 3: '2.081383018504685', 4: 375.56113716136343} 
{0: '0.6056644880174292', 1: '0.0', 2: '0.0', 3: '2.212490124287102', 4: 377.6796767097268} 
{0: '0.6065217391304348', 1: '0.0', 2: '0.0', 3: '2.351855716390306', 4: 381.21073398778793} 
{0: '0.6052060737527115', 1: '0.0', 2: '0.0', 3: '2.351855716390306', 4: 383.2747447408763} 
{0: '0.6060606060606061', 1: '0.0', 2: '0.0', 3: '2.212490124287102', 4: 374.95794598290877} 
{0: '0.6047516198704104', 1: '0.0', 2: '0.0', 3: '2.212490124287102', 4: 373.5912081982766} 
{0: '0.603448275862069', 1: '0.0', 2: '0.0', 3: '2.212490124287102', 4: 383.218358327563} 
{0: '0.6043010752688172', 1: '0.0', 2: '0.0', 3: '2.081383018504685', 4: 384.55751670119366} 
{0: '0.6051502145922747', 1: '0.0', 2: '0.0', 3: '1.958045020027179', 4: 376.2306993782102} 
{0: '0.6059957173447538', 1: '0.0', 2: '0.0', 3: '1.842015749320195', 4: 380.06978963022925} 
{0: '0.6047008547008547', 1: '0.0', 2: '0.0', 3: '1.842015749320195', 4: 368.26089070561943} 
{0: '0.603411513859275', 1: '0.0', 2: '0.0', 3: '1.842015749320195', 4: 377.0013726873283} 
{0: '0.6021276595744681', 1: '0.0', 2: '0.0', 3: '1.842015749320195', 4: 371.44619712586535} 
{0: '0.6029723991507431', 1: '0.0', 2: '0.0', 3: '1.958045020027179', 4: 376.23459232082166} 
{0: '0.6038135593220338', 1: '0.0', 2: '0.0', 3: '2.081383018504685', 4: 381.8114886147718} 
{0: '0.6046511627906976', 1: '0.0', 2: '0.0', 3: '2.212490124287102', 4: 377.35099806660753} 
{0: '0.6054852320675106', 1: '0.0', 2: '0.0', 3: '2.351855716390306', 4: 374.91854958483356} 
{0: '0.6042105263157894', 1: '0.0', 2: '0.0', 3: '2.351855716390306', 4: 378.52430695896754} 
{0: '0.6050420168067226', 1: '0.0', 2: '0.0', 3: '2.212490124287102', 4: 375.76902282859334} 
{0: '0.6058700209643606', 1: '0.0', 2: '0.0', 3: '2.081383018504685', 4: 379.9623154659433} 
{0: '0.604602510460251', 1: '0.0', 2: '0.0', 3: '2.081383018504685', 4: 376.35423939093636} 
{0: '0.605427974947808', 1: '0.0', 2: '0.0', 3: '2.212490124287102', 4: 375.16981360137646} 
{0: '0.60625', 1: '0.0', 2: '0.0', 3: '2.351855716390306', 4: 383.0480917977126} 
{0: '0.604989604989605', 1: '0.0', 2: '0.0', 3: '2.351855716390306', 4: 374.0819757829699} 
{0: '0.6037344398340249', 1: '0.0', 2: '0.0', 3: '2.351855716390306', 4: 373.981140371745} 
{0: '0.6024844720496895', 1: '0.0', 2: '0.0', 3: '2.351855716390306', 4: 376.4642211098001} 
{0: '0.6033057851239669', 1: '0.0', 2: '0.0', 3: '2.212490124287102', 4: 378.81525238129103} 
{0: '0.6041237113402061', 1: '0.0', 2: '0.0', 3: '2.081383018504685', 4: 385.33848589679326} 
{0: '0.6049382716049383', 1: '0.0', 2: '0.0', 3: '1.958045020027179', 4: 378.268846368077} 
{0: '0.6036960985626283', 1: '0.0', 2: '0.0', 3: '1.958045020027179', 4: 383.5124910940111} 
{0: '0.6045081967213115', 1: '0.0', 2: '0.0', 3: '2.081383018504685', 4: 373.71023977984817} 
{0: '0.6053169734151329', 1: '0.0', 2: '0.0', 3: '2.212490124287102', 4: 375.87117739607703} 
{0: '0.6040816326530613', 1: '0.0', 2: '0.0', 3: '2.212490124287102', 4: 381.76316554493235} 
{0: '0.6028513238289206', 1: '0.0', 2: '0.0', 3: '2.212490124287102', 4: 376.987970441036} 
{0: '0.6016260162601627', 1: '0.0', 2: '0.0', 3: '2.212490124287102', 4: 384.75284556074985} 
{0: '0.6004056795131846', 1: '0.0', 2: '0.0', 3: '2.212490124287102', 4: 391.64555059310663} 
{0: '0.6012145748987854', 1: '0.0', 2: '0.0', 3: '2.351855716390306', 4: 373.2690194985504} 
{0: '0.6', 1: '0.0', 2: '0.0', 3: '2.351855716390306', 4: 376.2917188392099} 
{0: '0.6008064516129032', 1: '0.0', 2: '0.0', 3: '2.212490124287102', 4: 376.9090307160244} 
{0: '0.6016096579476862', 1: '0.0', 2: '0.0', 3: '2.081383018504685', 4: 373.7681769847368} 
{0: '0.6024096385542169', 1: '0.0', 2: '0.0', 3: '1.958045020027179', 4: 380.9692390084858} 
{0: '0.6032064128256514', 1: '0.0', 2: '0.0', 3: '1.842015749320195', 4: 376.71046429128023} 
