{'STAT2HEADER': 'STAT2HEADER', 'STAT2HEADER_ENVIRON': 'environ({\'OMPI_MCA_pmix\': \'^s1,s2,cray,isolated\', \'PMIX_MCA_mca_base_component_show_load_errors\': \'1\', \'OMPI_COMMAND\': \'python3\', \'OMPI_ARGV\': \'static_snapshot.py 1 0min\', \'OMPI_MCA_orte_precondition_transports\': \'28da874007905a36-6d342a4c16e95811\', \'LD_LIBRARY_PATH\': \'/salilab/diva1/programs/x86_64linux/numpy-py36-1.19.5/lib:/salilab/diva1/home/libs/x86_64/centos8:/salilab/diva1/home/libs/x86_64:/salilab/diva1/home/imp/main/20240607-af6f9d6a95/lib/release8:/salilab/diva1/programs/x86_64linux/opencv-4.3.0/lib64/rhel:/salilab/diva1/programs/x86_64linux/opencv-4.3.0/lib64:/salilab/diva1/programs/x86_64linux/hdf5-1.10.7/lib:/salilab/diva1/programs/x86_64linux/libtau-py27-1.0.1/lib64:/salilab/diva1/programs/x86_64linux/boost-1.73.0/lib64:/usr/lib64/openmpi/lib:/wynton/group/sali/miha_rozic/Software/imp-develop/build/lib::\', \'IMP_TMP_DIR\': \'/wynton/group/sali/miha_rozic/Software/imp-develop/build/tmp\', \'PE_HOSTFILE\': \'/var/spool/sge/wynton/qb3-id137/active_jobs/707258.1/pe_hostfile\', \'__LMOD_REF_COUNT_PATH\': \'/salilab/diva1/programs/x86_64linux/numpy-py36-1.19.5/bin:1;/salilab/diva1/home/imp/main/20240607-af6f9d6a95/bin/release8:1;/salilab/diva1/programs/x86_64linux/opencv-4.3.0/bin:1;/salilab/diva1/programs/x86_64linux/hdf5-1.10.7/bin:1;/usr/lib64/openmpi/bin:1;/wynton/home/sali/rozicmiha/.local/bin:1;/wynton/home/sali/rozicmiha/bin:1;/wynton/group/sali/miha_rozic/Software/imp-develop/build/bin:1;/wynton/group/sali/miha_rozic/Software/imp-develop/build/module_bin/EMageFit:1;/wynton/group/sali/miha_rozic/Software/imp-develop/build/module_bin/algebra:1;/wynton/group/sali/miha_rozic/Software/imp-develop/build/module_bin/atom:1;/wynton/group/sali/miha_rozic/Software/imp-develop/build/module_bin/benchmark:1;/wynton/group/sali/miha_rozic/Software/imp-develop/build/module_bin/cgal:1;/wynton/group/sali/miha_rozic/Software/imp-develop/build/module_bin/cnmultifit:1;/wynton/group/sali/miha_rozic/Software/imp-develop/build/module_bin/container:1;/wynton/group/sali/miha_rozic/Software/imp-develop/build/module_bin/core:1;/wynton/group/sali/miha_rozic/Software/imp-develop/build/module_bin/display:1;/wynton/group/sali/miha_rozic/Software/imp-develop/build/module_bin/domino:1;/wynton/group/sali/miha_rozic/Software/imp-develop/build/module_bin/em:1;/wynton/group/sali/miha_rozic/Software/imp-develop/build/module_bin/em2d:1;/wynton/group/sali/miha_rozic/Software/imp-develop/build/module_bin/example:1;/wynton/group/sali/miha_rozic/Software/imp-develop/build/module_bin/foxs:1;/wynton/group/sali/miha_rozic/Software/imp-develop/build/module_bin/gsl:1;/wynton/group/sali/miha_rozic/Software/imp-develop/build/module_bin/integrative_docking:1;/wynton/group/sali/miha_rozic/Software/imp-develop/build/module_bin/isd:1;/wynton/group/sali/miha_rozic/Software/imp-develop/build/module_bin/kernel:1;/wynton/group/sali/miha_rozic/Software/imp-develop/build/module_bin/kinematics:1;/wynton/group/sali/miha_rozic/Software/imp-develop/build/module_bin/kmeans:1;/wynton/group/sali/miha_rozic/Software/imp-develop/build/module_bin/misc:1;/wynton/group/sali/miha_rozic/Software/imp-develop/build/module_bin/mmcif:1;/wynton/group/sali/miha_rozic/Software/imp-develop/build/module_bin/modeller:1;/wynton/group/sali/miha_rozic/Software/imp-develop/build/module_bin/mpi:1;/wynton/group/sali/miha_rozic/Software/imp-develop/build/module_bin/multi_state:1;/wynton/group/sali/miha_rozic/Software/imp-develop/build/module_bin/multifit:1;/wynton/group/sali/miha_rozic/Software/imp-develop/build/module_bin/npc:1;/wynton/group/sali/miha_rozic/Software/imp-develop/build/module_bin/npcassembly:1;/wynton/group/sali/miha_rozic/Software/imp-develop/build/module_bin/parallel:1;/wynton/group/sali/miha_rozic/Software/imp-develop/build/module_bin/pepdock:1;/wynton/group/sali/miha_rozic/Software/imp-develop/build/module_bin/pmi:1;/wynton/group/sali/miha_rozic/Software/imp-develop/build/module_bin/rmf:1;/wynton/group/sali/miha_rozic/Software/imp-develop/build/module_bin/rotamer:1;/wynton/group/sali/miha_rozic/Software/imp-develop/build/module_bin/saxs:1;/wynton/group/sali/miha_rozic/Software/imp-develop/build/module_bin/saxs_merge:1;/wynton/group/sali/miha_rozic/Software/imp-develop/build/module_bin/score_functor:1;/wynton/group/sali/miha_rozic/Software/imp-develop/build/module_bin/scratch:1;/wynton/group/sali/miha_rozic/Software/imp-develop/build/module_bin/spb:1;/wynton/group/sali/miha_rozic/Software/imp-develop/build/module_bin/statistics:1;/wynton/group/sali/miha_rozic/Software/imp-develop/build/module_bin/symmetry:1;/wynton/group/sali/miha_rozic/Software/imp-develop/build/module_bin/test:1;/opt/sge/bin:1;/opt/sge/bin/lx-amd64:1;/scratch/707258.1.member.q:1;/usr/local/bin:1;/bin:1;/usr/bin:1;/usr/local/sbin:1;/usr/sbin:1\', \'_ModuleTable002_\': \'fSwKc3RhY2tEZXB0aCA9IDEsCnN0YXR1cyA9ICJhY3RpdmUiLAp1c2VyTmFtZSA9ICJib29zdC8xLjczLjAiLAp3ViA9ICIwMDAwMDAwMDEuMDAwMDAwMDczLip6ZmluYWwiLAp9LApoZGY1ID0gewpmbiA9ICIvc2FsaWxhYi9kaXZhMS9ob21lL21vZHVsZXMvaGRmNS8xLjEwLjciLApmdWxsTmFtZSA9ICJoZGY1LzEuMTAuNyIsCmxvYWRPcmRlciA9IDUsCnByb3BUID0ge30sCnN0YWNrRGVwdGggPSAyLApzdGF0dXMgPSAiYWN0aXZlIiwKdXNlck5hbWUgPSAiaGRmNS8xLjEwLjciLAp3ViA9ICIwMDAwMDAwMDEuMDAwMDAwMDEwLjAwMDAwMDAwNy4qemZpbmFsIiwKfSwKaW1wID0gewpmbiA9ICIvc2FsaWxhYi9kaXZhMS9ob21lL21vZHVsZXMvaW1wLzIuMjEuMCIsCmZ1bGxO\', \'IMP_DIR\': \'/salilab/diva1/home/imp/main/20240607-af6f9d6a95/lib/release8/cmake/IMP\', \'QUEUE\': \'member.q\', \'GOTO_NUM_THREADS\': \'1\', \'MPI_PYTHON3_SITEARCH\': \'/usr/lib64/python3.6/site-packages/openmpi\', \'LANG\': \'en_US.UTF-8\', \'HISTCONTROL\': \'ignoredups\', \'_ModuleTable008_\': \'cyIsCmZ1bGxOYW1lID0gInNhbGktbGlicmFyaWVzIiwKbG9hZE9yZGVyID0gOCwKcHJvcFQgPSB7fSwKc3RhY2tEZXB0aCA9IDEsCnN0YXR1cyA9ICJhY3RpdmUiLAp1c2VyTmFtZSA9ICJzYWxpLWxpYnJhcmllcyIsCndWID0gIk0uKnpmaW5hbCIsCn0sCn0sCm1wYXRoQSA9IHsKIi9zYWxpbGFiL2RpdmExL2hvbWUvbW9kdWxlcyIsICIvZXRjL21vZHVsZWZpbGVzIiwgIi91c3Ivc2hhcmUvbW9kdWxlZmlsZXMiCiwgIi91c3Ivc2hhcmUvbW9kdWxlZmlsZXMvTGludXgiLCAiL3Vzci9zaGFyZS9tb2R1bGVmaWxlcy9Db3JlIiwgIi91c3Ivc2hhcmUvbG1vZC9sbW9kL21vZHVsZWZpbGVzL0NvcmUiLAp9LApzeXN0ZW1CYXNlTVBBVEggPSAiL2V0Yy9tb2R1bGVmaWxlczovdXNy\', \'SGE_O_HOST\': \'dev1\', \'HOSTNAME\': \'qb3-id137.wynton.ucsf.edu\', \'OPENBLAS_NUM_THREADS\': \'1\', \'__LMOD_REF_COUNT_CMAKE_INCLUDE_PATH\': \'/salilab/diva1/programs/x86_64linux/opencv-4.3.0/include/opencv4:1;/salilab/diva1/programs/x86_64linux/hdf5-1.10.7/include:1;/salilab/diva1/programs/x86_64linux/libtau-py27-1.0.1/include:1;/salilab/diva1/programs/x86_64linux/boost-1.73.0/include:1\', \'SGE_RSH_COMMAND\': \'builtin\', \'ENVIRONMENT\': \'BATCH\', \'IMP_DATA\': \'/wynton/group/sali/miha_rozic/Software/imp-develop/build/data\', \'REQUEST\': \'test1\', \'SGE_STDIN_PATH\': \'/dev/null\', \'SGE_CELL\': \'wynton\', \'_ModuleTable007_\': \'MjEuMyIsCndWID0gIjAwMDAwMDAwMC4wMDAwMDAwMjEuMDAwMDAwMDAzLip6ZmluYWwiLAp9LApbInB5dGhvbjMvc2NpcHkiXSA9IHsKZm4gPSAiL3NhbGlsYWIvZGl2YTEvaG9tZS9tb2R1bGVzL3B5dGhvbjMvc2NpcHkvMS4zLjIiLApmdWxsTmFtZSA9ICJweXRob24zL3NjaXB5LzEuMy4yIiwKbG9hZE9yZGVyID0gMTAsCnByb3BUID0ge30sCnN0YWNrRGVwdGggPSAxLApzdGF0dXMgPSAiYWN0aXZlIiwKdXNlck5hbWUgPSAicHl0aG9uMy9zY2lweS8xLjMuMiIsCndWID0gIjAwMDAwMDAwMS4wMDAwMDAwMDMuMDAwMDAwMDAyLip6ZmluYWwiLAp9LApbInNhbGktbGlicmFyaWVzIl0gPSB7CmZuID0gIi9zYWxpbGFiL2RpdmExL2hvbWUvbW9kdWxlcy9zYWxpLWxpYnJhcmll\', \'CMAKE_INCLUDE_PATH\': \'/salilab/diva1/programs/x86_64linux/opencv-4.3.0/include/opencv4:/salilab/diva1/programs/x86_64linux/hdf5-1.10.7/include:/salilab/diva1/programs/x86_64linux/libtau-py27-1.0.1/include:/salilab/diva1/programs/x86_64linux/boost-1.73.0/include\', \'__LMOD_REF_COUNT_LD_LIBRARY_PATH\': \'/salilab/diva1/programs/x86_64linux/numpy-py36-1.19.5/lib:1;/salilab/diva1/home/libs/x86_64/centos8:1;/salilab/diva1/home/libs/x86_64:1;/salilab/diva1/home/imp/main/20240607-af6f9d6a95/lib/release8:1;/salilab/diva1/programs/x86_64linux/opencv-4.3.0/lib64/rhel:1;/salilab/diva1/programs/x86_64linux/opencv-4.3.0/lib64:1;/salilab/diva1/programs/x86_64linux/hdf5-1.10.7/lib:1;/salilab/diva1/programs/x86_64linux/libtau-py27-1.0.1/lib64:1;/salilab/diva1/programs/x86_64linux/boost-1.73.0/lib64:1;/usr/lib64/openmpi/lib:1;/wynton/group/sali/miha_rozic/Software/imp-develop/build/lib:2;:1\', \'__LMOD_REF_COUNT_PKG_CONFIG_PATH\': \'/usr/lib64/openmpi/lib/pkgconfig:1\', \'_ModuleTable004_\': \'aGFyZS9tb2R1bGVmaWxlcy9tcGkvb3Blbm1waS14ODZfNjQiLApmdWxsTmFtZSA9ICJtcGkvb3Blbm1waS14ODZfNjQiLApsb2FkT3JkZXIgPSAyLApwcm9wVCA9IHt9LApzdGFja0RlcHRoID0gMCwKc3RhdHVzID0gImFjdGl2ZSIsCnVzZXJOYW1lID0gIm1waS9vcGVubXBpLXg4Nl82NCIsCndWID0gIipvcGVubXBpLip4LjAwMDAwMDA4Ni4qXy4wMDAwMDAwNjQuKnpmaW5hbCIsCn0sCm9wZW5jdiA9IHsKZm4gPSAiL3NhbGlsYWIvZGl2YTEvaG9tZS9tb2R1bGVzL29wZW5jdi80LjMuMCIsCmZ1bGxOYW1lID0gIm9wZW5jdi80LjMuMCIsCmxvYWRPcmRlciA9IDYsCnByb3BUID0ge30sCnN0YWNrRGVwdGggPSAxLApzdGF0dXMgPSAiYWN0aXZlIiwKdXNlck5hbWUgPSAib3Bl\', \'__LMOD_REF_COUNT_PYTHONPATH\': \'/salilab/diva1/programs/x86_64linux/scikit-py36-0.21.3/lib64/python3.6/site-packages:1;/salilab/diva1/programs/linux/joblib-0.17.0/lib/python3.6/site-packages:1;/salilab/diva1/programs/x86_64linux/scipy-py36-1.3.2/lib64/python3.6/site-packages:1;/salilab/diva1/programs/x86_64linux/numpy-py36-1.19.5/lib64/python3.6/site-packages:1;/salilab/diva1/home/imp/main/20240607-af6f9d6a95/lib/release8:1;/salilab/diva1/programs/x86_64linux/opencv-4.3.0/lib/python3.6/site-packages:1;/wynton/group/sali/miha_rozic/Software/imp-develop/build/lib:2;:1\', \'which_declare\': \'declare -f\', \'NHOSTS\': \'1\', \'SGE_O_WORKDIR\': \'/wynton/group/sali/miha_rozic/Input_information/SNAPSHOTS/central_directory/snapshot1_0min/run27\', \'USER\': \'rozicmiha\', \'SGE_TASK_ID\': \'undefined\', \'__LMOD_REF_COUNT_CMAKE_LIBRARY_PATH\': \'/salilab/diva1/programs/x86_64linux/opencv-4.3.0/lib64:1;/salilab/diva1/programs/x86_64linux/hdf5-1.10.7/lib:1;/salilab/diva1/programs/x86_64linux/libtau-py27-1.0.1/lib64:1;/salilab/diva1/programs/x86_64linux/boost-1.73.0/lib64:1\', \'SGE_TASK_FIRST\': \'undefined\', \'NSLOTS\': \'16\', \'__LMOD_REF_COUNT_MODULEPATH\': \'/salilab/diva1/home/modules:1;/etc/modulefiles:1;/usr/share/modulefiles:1;/usr/share/modulefiles/Linux:1;/usr/share/modulefiles/Core:1;/usr/share/lmod/lmod/modulefiles/Core:1\', \'PWD\': \'/wynton/group/sali/miha_rozic/Input_information/SNAPSHOTS/central_directory/snapshot1_0min/run27\', \'HOME\': \'/wynton/home/sali/rozicmiha\', \'NQUEUES\': \'1\', \'TMP\': \'/scratch/707258.1.member.q\', \'PE\': \'smp\', \'SGE_O_HOME\': \'/wynton/home/sali/rozicmiha\', \'LMOD_VERSION\': \'8.7.32\', \'JOB_NAME\': \'test1\', \'BASH_ENV\': \'/usr/share/lmod/lmod/init/bash\', \'MPI_FORTRAN_MOD_DIR\': \'/usr/lib64/gfortran/modules/openmpi\', \'SGE_TASK_LAST\': \'undefined\', \'MKL_NUM_THREADS\': \'1\', \'MPI_COMPILER\': \'openmpi-x86_64\', \'SGE_ACCOUNT\': \'sge\', \'SGE_ROOT\': \'/opt/sge\', \'MPI_SUFFIX\': \'_openmpi\', \'TMPDIR\': \'/scratch/707258.1.member.q\', \'RESTARTED\': \'0\', \'LMOD_sys\': \'Linux\', \'_ModuleTable001_\': \'X01vZHVsZVRhYmxlXyA9IHsKTVR2ZXJzaW9uID0gMywKY19yZWJ1aWxkVGltZSA9IGZhbHNlLApjX3Nob3J0VGltZSA9IGZhbHNlLApkZXB0aFQgPSB7fSwKZmFtaWx5ID0ge30sCm1UID0gewpTYWxpID0gewpmbiA9ICIvZXRjL21vZHVsZWZpbGVzL1NhbGkubHVhIiwKZnVsbE5hbWUgPSAiU2FsaSIsCmxvYWRPcmRlciA9IDEsCnByb3BUID0ge30sCnN0YWNrRGVwdGggPSAwLApzdGF0dXMgPSAiYWN0aXZlIiwKdXNlck5hbWUgPSAiU2FsaSIsCndWID0gIk0uKnpmaW5hbCIsCn0sCmJvb3N0ID0gewpmbiA9ICIvc2FsaWxhYi9kaXZhMS9ob21lL21vZHVsZXMvYm9vc3QvMS43My4wIiwKZnVsbE5hbWUgPSAiYm9vc3QvMS43My4wIiwKbG9hZE9yZGVyID0gMywKcHJvcFQgPSB7\', \'LOADEDMODULES\': \'Sali:mpi/openmpi-x86_64:boost/1.73.0:libtau/1.0.1:hdf5/1.10.7:opencv/4.3.0:imp/2.21.0:sali-libraries:python3/numpy/1.19.5:python3/scipy/1.3.2:python3/joblib/0.17.0:python3/scikit/0.21.3\', \'SGE_O_PATH\': \'/salilab/diva1/programs/x86_64linux/numpy-py36-1.19.5/bin:/salilab/diva1/home/imp/main/20240607-af6f9d6a95/bin/release8:/salilab/diva1/programs/x86_64linux/opencv-4.3.0/bin:/salilab/diva1/programs/x86_64linux/hdf5-1.10.7/bin:/wynton/home/sali/rozicmiha/.local/bin:/wynton/home/sali/rozicmiha/bin:/wynton/group/sali/miha_rozic/Software/imp-develop/build/bin:/wynton/group/sali/miha_rozic/Software/imp-develop/build/module_bin/EMageFit:/wynton/group/sali/miha_rozic/Software/imp-develop/build/module_bin/algebra:/wynton/group/sali/miha_rozic/Software/imp-develop/build/module_bin/atom:/wynton/group/sali/miha_rozic/Software/imp-develop/build/module_bin/benchmark:/wynton/group/sali/miha_rozic/Software/imp-develop/build/module_bin/cgal:/wynton/group/sali/miha_rozic/Software/imp-develop/build/module_bin/cnmultifit:/wynton/group/sali/miha_rozic/Software/imp-develop/build/module_bin/container:/wynton/group/sali/miha_rozic/Software/imp-develop/build/module_bin/core:/wynton/group/sali/miha_rozic/Software/imp-develop/build/module_bin/display:/wynton/group/sali/miha_rozic/Software/imp-develop/build/module_bin/domino:/wynton/group/sali/miha_rozic/Software/imp-develop/build/module_bin/em:/wynton/group/sali/miha_rozic/Software/imp-develop/build/module_bin/em2d:/wynton/group/sali/miha_rozic/Software/imp-develop/build/module_bin/example:/wynton/group/sali/miha_rozic/Software/imp-develop/build/module_bin/foxs:/wynton/group/sali/miha_rozic/Software/imp-develop/build/module_bin/gsl:/wynton/group/sali/miha_rozic/Software/imp-develop/build/module_bin/integrative_docking:/wynton/group/sali/miha_rozic/Software/imp-develop/build/module_bin/isd:/wynton/group/sali/miha_rozic/Software/imp-develop/build/module_bin/kernel:/wynton/group/sali/miha_rozic/Software/imp-develop/build/module_bin/kinematics:/wynton/group/sali/miha_rozic/Software/imp-develop/build/module_bin/kmeans:/wynton/group/sali/miha_rozic/Software/imp-develop/build/module_bin/misc:/wynton/group/sali/miha_rozic/Software/imp-develop/build/module_bin/mmcif:/wynton/group/sali/miha_rozic/Software/imp-develop/build/module_bin/modeller:/wynton/group/sali/miha_rozic/Software/imp-develop/build/module_bin/mpi:/wynton/group/sali/miha_rozic/Software/imp-develop/build/module_bin/multi_state:/wynton/group/sali/miha_rozic/Software/imp-develop/build/module_bin/multifit:/wynton/group/sali/miha_rozic/Software/imp-develop/build/module_bin/npc:/wynton/group/sali/miha_rozic/Software/imp-develop/build/module_bin/npcassembly:/wynton/group/sali/miha_rozic/Software/imp-develop/build/module_bin/parallel:/wynton/group/sali/miha_rozic/Software/imp-develop/build/module_bin/pepdock:/wynton/group/sali/miha_rozic/Software/imp-develop/build/module_bin/pmi:/wynton/group/sali/miha_rozic/Software/imp-develop/build/module_bin/rmf:/wynton/group/sali/miha_rozic/Software/imp-develop/build/module_bin/rotamer:/wynton/group/sali/miha_rozic/Software/imp-develop/build/module_bin/saxs:/wynton/group/sali/miha_rozic/Software/imp-develop/build/module_bin/saxs_merge:/wynton/group/sali/miha_rozic/Software/imp-develop/build/module_bin/score_functor:/wynton/group/sali/miha_rozic/Software/imp-develop/build/module_bin/scratch:/wynton/group/sali/miha_rozic/Software/imp-develop/build/module_bin/spb:/wynton/group/sali/miha_rozic/Software/imp-develop/build/module_bin/statistics:/wynton/group/sali/miha_rozic/Software/imp-develop/build/module_bin/symmetry:/wynton/group/sali/miha_rozic/Software/imp-develop/build/module_bin/test:/opt/sge/bin:/opt/sge/bin/lx-amd64:/usr/local/bin:/usr/bin:/usr/local/sbin:/usr/sbin\', \'SGE_O_SHELL\': \'/bin/bash\', \'_ModuleTable006_\': \'bWUgPSAicHl0aG9uMy9udW1weS8xLjE5LjUiLApsb2FkT3JkZXIgPSA5LApwcm9wVCA9IHt9LApzdGFja0RlcHRoID0gMiwKc3RhdHVzID0gImFjdGl2ZSIsCnVzZXJOYW1lID0gInB5dGhvbjMvbnVtcHkvMS4xOS41IiwKd1YgPSAiMDAwMDAwMDAxLjAwMDAwMDAxOS4wMDAwMDAwMDUuKnpmaW5hbCIsCn0sClsicHl0aG9uMy9zY2lraXQiXSA9IHsKZm4gPSAiL3NhbGlsYWIvZGl2YTEvaG9tZS9tb2R1bGVzL3B5dGhvbjMvc2Npa2l0LzAuMjEuMyIsCmZ1bGxOYW1lID0gInB5dGhvbjMvc2Npa2l0LzAuMjEuMyIsCmxvYWRPcmRlciA9IDEyLApwcm9wVCA9IHt9LApzdGFja0RlcHRoID0gMCwKc3RhdHVzID0gImFjdGl2ZSIsCnVzZXJOYW1lID0gInB5dGhvbjMvc2Npa2l0LzAu\', \'__LMOD_REF_COUNT_MANPATH\': \':2;/usr/share/man/openmpi-x86_64:1;/opt/sge/man:1;/usr/share/lmod/lmod/share/man:1\', \'MPI_INCLUDE\': \'/usr/include/openmpi-x86_64\', \'_ModuleTable003_\': \'YW1lID0gImltcC8yLjIxLjAiLApsb2FkT3JkZXIgPSA3LApwcm9wVCA9IHt9LApzdGFja0RlcHRoID0gMCwKc3RhdHVzID0gImFjdGl2ZSIsCnVzZXJOYW1lID0gImltcCIsCndWID0gIl4wMDAwMDAwMi4wMDAwMDAwMjEuKnpmaW5hbCIsCn0sCmxpYnRhdSA9IHsKZm4gPSAiL3NhbGlsYWIvZGl2YTEvaG9tZS9tb2R1bGVzL2xpYnRhdS8xLjAuMSIsCmZ1bGxOYW1lID0gImxpYnRhdS8xLjAuMSIsCmxvYWRPcmRlciA9IDQsCnByb3BUID0ge30sCnN0YWNrRGVwdGggPSAxLApzdGF0dXMgPSAiYWN0aXZlIiwKdXNlck5hbWUgPSAibGlidGF1LzEuMC4xIiwKd1YgPSAiMDAwMDAwMDAxLjAwMDAwMDAwMC4wMDAwMDAwMDEuKnpmaW5hbCIsCn0sCm1waSA9IHsKZm4gPSAiL3Vzci9z\', \'LMOD_ROOT\': \'/usr/share/lmod\', \'SYSTEMCTL_SKIP_REDIRECT\': \'\', \'MAIL\': \'/var/spool/mail/rozicmiha\', \'SGE_CWD_PATH\': \'/wynton/group/sali/miha_rozic/Input_information/SNAPSHOTS/central_directory/snapshot1_0min/run27\', \'MPI_HOME\': \'/usr/lib64/openmpi\', \'_ModuleTable009_\': \'L3NoYXJlL21vZHVsZWZpbGVzOi91c3Ivc2hhcmUvbW9kdWxlZmlsZXMvTGludXg6L3Vzci9zaGFyZS9tb2R1bGVmaWxlcy9Db3JlOi91c3Ivc2hhcmUvbG1vZC9sbW9kL21vZHVsZWZpbGVzL0NvcmUiLAp9Cg==\', \'SGE_TASK_STEPSIZE\': \'undefined\', \'SHELL\': \'/bin/bash\', \'TERM\': \'\', \'_ModuleTable_Sz_\': \'9\', \'SGE_JOB_SPOOL_DIR\': \'/var/spool/sge/wynton/qb3-id137/active_jobs/707258.1\', \'JOB_ID\': \'707258\', \'IMP_EXAMPLE_DATA\': \'/wynton/group/sali/miha_rozic/Software/imp-develop/build/doc/examples\', \'R_FUTURE_AVAILABLECORES_FALLBACK\': \'1\', \'JOB_SCRIPT\': \'/var/spool/sge/wynton/qb3-id137/job_scripts/707258\', \'SHLVL\': \'2\', \'SGE_O_LOGNAME\': \'rozicmiha\', \'SGE_O_MAIL\': \'/var/spool/mail/rozicmiha\', \'PYTHONPATH\': \'/salilab/diva1/programs/x86_64linux/scikit-py36-0.21.3/lib64/python3.6/site-packages:/salilab/diva1/programs/linux/joblib-0.17.0/lib/python3.6/site-packages:/salilab/diva1/programs/x86_64linux/scipy-py36-1.3.2/lib64/python3.6/site-packages:/salilab/diva1/programs/x86_64linux/numpy-py36-1.19.5/lib64/python3.6/site-packages:/salilab/diva1/home/imp/main/20240607-af6f9d6a95/lib/release8:/salilab/diva1/programs/x86_64linux/opencv-4.3.0/lib/python3.6/site-packages:/wynton/group/sali/miha_rozic/Software/imp-develop/build/lib::\', \'MANPATH\': \':/usr/share/man/openmpi-x86_64:/opt/sge/man:/usr/share/lmod/lmod/share/man\', \'MODULEPATH\': \'/salilab/diva1/home/modules:/etc/modulefiles:/usr/share/modulefiles:/usr/share/modulefiles/Linux:/usr/share/modulefiles/Core:/usr/share/lmod/lmod/modulefiles/Core\', \'MPI_SYSCONFIG\': \'/etc/openmpi-x86_64\', \'LOGNAME\': \'rozicmiha\', \'SYSTEMCTL_IGNORE_DEPENDENCIES\': \'\', \'MODULEPATH_ROOT\': \'/usr/share/modulefiles\', \'PATH\': \'/salilab/diva1/programs/x86_64linux/numpy-py36-1.19.5/bin:/salilab/diva1/home/imp/main/20240607-af6f9d6a95/bin/release8:/salilab/diva1/programs/x86_64linux/opencv-4.3.0/bin:/salilab/diva1/programs/x86_64linux/hdf5-1.10.7/bin:/usr/lib64/openmpi/bin:/wynton/home/sali/rozicmiha/.local/bin:/wynton/home/sali/rozicmiha/bin:/wynton/group/sali/miha_rozic/Software/imp-develop/build/bin:/wynton/group/sali/miha_rozic/Software/imp-develop/build/module_bin/EMageFit:/wynton/group/sali/miha_rozic/Software/imp-develop/build/module_bin/algebra:/wynton/group/sali/miha_rozic/Software/imp-develop/build/module_bin/atom:/wynton/group/sali/miha_rozic/Software/imp-develop/build/module_bin/benchmark:/wynton/group/sali/miha_rozic/Software/imp-develop/build/module_bin/cgal:/wynton/group/sali/miha_rozic/Software/imp-develop/build/module_bin/cnmultifit:/wynton/group/sali/miha_rozic/Software/imp-develop/build/module_bin/container:/wynton/group/sali/miha_rozic/Software/imp-develop/build/module_bin/core:/wynton/group/sali/miha_rozic/Software/imp-develop/build/module_bin/display:/wynton/group/sali/miha_rozic/Software/imp-develop/build/module_bin/domino:/wynton/group/sali/miha_rozic/Software/imp-develop/build/module_bin/em:/wynton/group/sali/miha_rozic/Software/imp-develop/build/module_bin/em2d:/wynton/group/sali/miha_rozic/Software/imp-develop/build/module_bin/example:/wynton/group/sali/miha_rozic/Software/imp-develop/build/module_bin/foxs:/wynton/group/sali/miha_rozic/Software/imp-develop/build/module_bin/gsl:/wynton/group/sali/miha_rozic/Software/imp-develop/build/module_bin/integrative_docking:/wynton/group/sali/miha_rozic/Software/imp-develop/build/module_bin/isd:/wynton/group/sali/miha_rozic/Software/imp-develop/build/module_bin/kernel:/wynton/group/sali/miha_rozic/Software/imp-develop/build/module_bin/kinematics:/wynton/group/sali/miha_rozic/Software/imp-develop/build/module_bin/kmeans:/wynton/group/sali/miha_rozic/Software/imp-develop/build/module_bin/misc:/wynton/group/sali/miha_rozic/Software/imp-develop/build/module_bin/mmcif:/wynton/group/sali/miha_rozic/Software/imp-develop/build/module_bin/modeller:/wynton/group/sali/miha_rozic/Software/imp-develop/build/module_bin/mpi:/wynton/group/sali/miha_rozic/Software/imp-develop/build/module_bin/multi_state:/wynton/group/sali/miha_rozic/Software/imp-develop/build/module_bin/multifit:/wynton/group/sali/miha_rozic/Software/imp-develop/build/module_bin/npc:/wynton/group/sali/miha_rozic/Software/imp-develop/build/module_bin/npcassembly:/wynton/group/sali/miha_rozic/Software/imp-develop/build/module_bin/parallel:/wynton/group/sali/miha_rozic/Software/imp-develop/build/module_bin/pepdock:/wynton/group/sali/miha_rozic/Software/imp-develop/build/module_bin/pmi:/wynton/group/sali/miha_rozic/Software/imp-develop/build/module_bin/rmf:/wynton/group/sali/miha_rozic/Software/imp-develop/build/module_bin/rotamer:/wynton/group/sali/miha_rozic/Software/imp-develop/build/module_bin/saxs:/wynton/group/sali/miha_rozic/Software/imp-develop/build/module_bin/saxs_merge:/wynton/group/sali/miha_rozic/Software/imp-develop/build/module_bin/score_functor:/wynton/group/sali/miha_rozic/Software/imp-develop/build/module_bin/scratch:/wynton/group/sali/miha_rozic/Software/imp-develop/build/module_bin/spb:/wynton/group/sali/miha_rozic/Software/imp-develop/build/module_bin/statistics:/wynton/group/sali/miha_rozic/Software/imp-develop/build/module_bin/symmetry:/wynton/group/sali/miha_rozic/Software/imp-develop/build/module_bin/test:/opt/sge/bin:/opt/sge/bin/lx-amd64:/scratch/707258.1.member.q:/usr/local/bin:/bin:/usr/bin:/usr/local/sbin:/usr/sbin\', \'MPI_BIN\': \'/usr/lib64/openmpi/bin\', \'SGE_STDERR_PATH\': \'/wynton/group/sali/miha_rozic/Input_information/SNAPSHOTS/central_directory/snapshot1_0min/run27/test1.o707258\', \'_LMFILES_\': \'/etc/modulefiles/Sali.lua:/usr/share/modulefiles/mpi/openmpi-x86_64:/salilab/diva1/home/modules/boost/1.73.0:/salilab/diva1/home/modules/libtau/1.0.1:/salilab/diva1/home/modules/hdf5/1.10.7:/salilab/diva1/home/modules/opencv/4.3.0:/salilab/diva1/home/modules/imp/2.21.0:/salilab/diva1/home/modules/sali-libraries:/salilab/diva1/home/modules/python3/numpy/1.19.5:/salilab/diva1/home/modules/python3/scipy/1.3.2:/salilab/diva1/home/modules/python3/joblib/0.17.0:/salilab/diva1/home/modules/python3/scikit/0.21.3\', \'DEBUGINFOD_URLS\': \'https://debuginfod.centos.org/ \', \'MODULESHOME\': \'/usr/share/lmod/lmod\', \'PKG_CONFIG_PATH\': \'/usr/lib64/openmpi/lib/pkgconfig\', \'LMOD_SETTARG_FULL_SUPPORT\': \'no\', \'HISTSIZE\': \'1000\', \'SGE_ARCH\': \'lx-amd64\', \'LMOD_PKG\': \'/usr/share/lmod/lmod\', \'CMAKE_LIBRARY_PATH\': \'/salilab/diva1/programs/x86_64linux/opencv-4.3.0/lib64:/salilab/diva1/programs/x86_64linux/hdf5-1.10.7/lib:/salilab/diva1/programs/x86_64linux/libtau-py27-1.0.1/lib64:/salilab/diva1/programs/x86_64linux/boost-1.73.0/lib64\', \'ARC\': \'lx-amd64\', \'MPI_LIB\': \'/usr/lib64/openmpi/lib\', \'SGE_BINARY_PATH\': \'/opt/sge/bin/lx-amd64\', \'SGE_STDOUT_PATH\': \'/wynton/group/sali/miha_rozic/Input_information/SNAPSHOTS/central_directory/snapshot1_0min/run27/test1.o707258\', \'_ModuleTable005_\': \'bmN2LzQuMy4wIiwKd1YgPSAiMDAwMDAwMDA0LjAwMDAwMDAwMy4qemZpbmFsIiwKfSwKWyJweXRob24zL2pvYmxpYiJdID0gewpmbiA9ICIvc2FsaWxhYi9kaXZhMS9ob21lL21vZHVsZXMvcHl0aG9uMy9qb2JsaWIvMC4xNy4wIiwKZnVsbE5hbWUgPSAicHl0aG9uMy9qb2JsaWIvMC4xNy4wIiwKbG9hZE9yZGVyID0gMTEsCnByb3BUID0ge30sCnN0YWNrRGVwdGggPSAxLApzdGF0dXMgPSAiYWN0aXZlIiwKdXNlck5hbWUgPSAicHl0aG9uMy9qb2JsaWIiLAp3ViA9ICIwMDAwMDAwMDAuMDAwMDAwMDE3Lip6ZmluYWwiLAp9LApbInB5dGhvbjMvbnVtcHkiXSA9IHsKZm4gPSAiL3NhbGlsYWIvZGl2YTEvaG9tZS9tb2R1bGVzL3B5dGhvbjMvbnVtcHkvMS4xOS41IiwKZnVsbE5h\', \'LMOD_CMD\': \'/usr/share/lmod/lmod/libexec/lmod\', \'REQNAME\': \'test1\', \'IMP_BIN_DIR\': \'/wynton/group/sali/miha_rozic/Software/imp-develop/build/bin\', \'MPI_MAN\': \'/usr/share/man/openmpi-x86_64\', \'LESSOPEN\': \'||/usr/bin/lesspipe.sh %s\', \'OMP_NUM_THREADS\': \'1\', \'SGE_CLUSTER_NAME\': \'wynton_cluster\', \'LMOD_DIR\': \'/usr/share/lmod/lmod/libexec\', \'BASH_FUNC_which%%\': \'() {  ( alias;\\n eval ${which_declare} ) | /usr/bin/which --tty-only --read-alias --read-functions --show-tilde --show-dot $@\\n}\', \'BASH_FUNC_module%%\': \'() {  if [ -z "${LMOD_SH_DBG_ON+x}" ]; then\\n case "$-" in \\n *v*x*)\\n __lmod_sh_dbg=\\\'vx\\\'\\n ;;\\n *v*)\\n __lmod_sh_dbg=\\\'v\\\'\\n ;;\\n *x*)\\n __lmod_sh_dbg=\\\'x\\\'\\n ;;\\n esac;\\n fi;\\n if [ -n "${__lmod_sh_dbg:-}" ]; then\\n set +$__lmod_sh_dbg;\\n echo "Shell debugging temporarily silenced: export LMOD_SH_DBG_ON=1 for Lmod\\\'s output" 1>&2;\\n fi;\\n eval "$($LMOD_CMD shell "$@")" && eval "$(${LMOD_SETTARG_CMD:-:} -s sh)";\\n __lmod_my_status=$?;\\n if [ -n "${__lmod_sh_dbg:-}" ]; then\\n echo "Shell debugging restarted" 1>&2;\\n set -$__lmod_sh_dbg;\\n fi;\\n unset __lmod_sh_dbg;\\n return $__lmod_my_status\\n}\', \'BASH_FUNC_ml%%\': \'() {  eval "$($LMOD_DIR/ml_cmd "$@")"\\n}\', \'_\': \'/usr/lib64/openmpi/bin/mpirun\', \'IPATH_NO_BACKTRACE\': \'1\', \'HFI_NO_BACKTRACE\': \'1\', \'OMPI_MCA_orte_local_daemon_uri\': \'980484096.0;tcp://172.26.38.137:56345\', \'OMPI_MCA_orte_hnp_uri\': \'980484096.0;tcp://172.26.38.137:56345\', \'OMPI_MCA_mpi_oversubscribe\': \'0\', \'OMPI_MCA_orte_app_num\': \'0\', \'OMPI_UNIVERSE_SIZE\': \'16\', \'OMPI_MCA_orte_num_nodes\': \'1\', \'OMPI_MCA_shmem_RUNTIME_QUERY_hint\': \'mmap\', \'OMPI_MCA_orte_bound_at_launch\': \'1\', \'OMPI_MCA_ess\': \'^singleton\', \'OMPI_MCA_orte_ess_num_procs\': \'16\', \'OMPI_COMM_WORLD_SIZE\': \'16\', \'OMPI_COMM_WORLD_LOCAL_SIZE\': \'16\', \'OMPI_MCA_orte_tmpdir_base\': \'/scratch/707258.1.member.q\', \'OMPI_MCA_orte_top_session_dir\': \'/scratch/707258.1.member.q/ompi.qb3-id137.11149\', \'OMPI_MCA_orte_jobfam_session_dir\': \'/scratch/707258.1.member.q/ompi.qb3-id137.11149/pid.1669161\', \'OMPI_NUM_APP_CTX\': \'1\', \'OMPI_FIRST_RANKS\': \'0\', \'OMPI_APP_CTX_NUM_PROCS\': \'16\', \'OMPI_MCA_initial_wdir\': \'/wynton/group/sali/miha_rozic/Input_information/SNAPSHOTS/central_directory/snapshot1_0min/run27\', \'OMPI_MCA_orte_launch\': \'1\', \'PMIX_NAMESPACE\': \'980484097\', \'PMIX_RANK\': \'7\', \'PMIX_SERVER_URI2\': \'980484096.0;tcp4://127.0.0.1:48237\', \'PMIX_SERVER_URI21\': \'980484096.0;tcp4://127.0.0.1:48237\', \'PMIX_SECURITY_MODE\': \'native,none\', \'PMIX_PTL_MODULE\': \'tcp,usock\', \'PMIX_BFROP_BUFFER_TYPE\': \'PMIX_BFROP_BUFFER_NON_DESC\', \'PMIX_GDS_MODULE\': \'ds21,ds12,hash\', \'PMIX_SERVER_TMPDIR\': \'/scratch/707258.1.member.q/ompi.qb3-id137.11149/pid.1669161\', \'PMIX_SYSTEM_TMPDIR\': \'/scratch/707258.1.member.q\', \'PMIX_DSTORE_21_BASE_PATH\': \'/scratch/707258.1.member.q/ompi.qb3-id137.11149/pid.1669161/pmix_dstor_ds21_1669161\', \'PMIX_DSTORE_ESH_BASE_PATH\': \'/scratch/707258.1.member.q/ompi.qb3-id137.11149/pid.1669161/pmix_dstor_ds12_1669161\', \'OMPI_MCA_ess_base_jobid\': \'980484097\', \'OMPI_MCA_ess_base_vpid\': \'7\', \'OMPI_COMM_WORLD_RANK\': \'7\', \'OMPI_COMM_WORLD_LOCAL_RANK\': \'7\', \'OMPI_COMM_WORLD_NODE_RANK\': \'7\', \'OMPI_MCA_orte_ess_node_rank\': \'7\', \'PMIX_ID\': \'980484097.7\', \'OMPI_FILE_LOCATION\': \'/scratch/707258.1.member.q/ompi.qb3-id137.11149/pid.1669161/0/0\', \'KMP_DUPLICATE_LIB_OK\': \'True\', \'KMP_INIT_AT_FORK\': \'FALSE\'})', 'STAT2HEADER_IMP_VERSIONS': "{'IMP_VERSION': '2.21.0', 'PMI_VERSION': '2.21.0'}", 0: 'ReplicaExchange_SwapSuccessRatio', 1: 'ReplicaExchange_MinTempFrequency', 2: 'ReplicaExchange_MaxTempFrequency', 3: 'ReplicaExchange_CurrentTemp', 4: 'score'} 
{0: '0', 1: '0', 2: '0', 3: '1.5335761201812925', 4: inf} 
{0: '0.0', 1: '0.0', 2: '0.0', 3: '1.5335761201812925', 4: inf} 
{0: '0.0', 1: '0.0', 2: '0.0', 3: '1.5335761201812925', 4: inf} 
{0: '0.0', 1: '0.0', 2: '0.0', 3: '1.5335761201812925', 4: inf} 
{0: '0.0', 1: '0.0', 2: '0.0', 3: '1.5335761201812925', 4: inf} 
{0: '0.0', 1: '0.0', 2: '0.0', 3: '1.5335761201812925', 4: inf} 
{0: '0.0', 1: '0.0', 2: '0.0', 3: '1.5335761201812925', 4: inf} 
{0: '0.0', 1: '0.0', 2: '0.0', 3: '1.5335761201812925', 4: inf} 
{0: '0.0', 1: '0.0', 2: '0.0', 3: '1.5335761201812925', 4: inf} 
{0: '0.0', 1: '0.0', 2: '0.0', 3: '1.5335761201812925', 4: inf} 
{0: '0.0', 1: '0.0', 2: '0.0', 3: '1.5335761201812925', 4: inf} 
{0: '0.0', 1: '0.0', 2: '0.0', 3: '1.5335761201812925', 4: inf} 
{0: '0.0', 1: '0.0', 2: '0.0', 3: '1.5335761201812925', 4: inf} 
{0: '0.0', 1: '0.0', 2: '0.0', 3: '1.5335761201812925', 4: inf} 
{0: '0.0', 1: '0.0', 2: '0.0', 3: '1.5335761201812925', 4: 4058.936945676198} 
{0: '0.0', 1: '0.0', 2: '0.0', 3: '1.5335761201812925', 4: 3776.2804081897534} 
{0: '0.0625', 1: '0.0', 2: '0.0', 3: '1.6301766616608926', 4: 3777.0430729294535} 
{0: '0.11764705882352941', 1: '0.0', 2: '0.0', 3: '1.7328621078878674', 4: 3774.8613550570235} 
{0: '0.16666666666666666', 1: '0.0', 2: '0.0', 3: '1.842015749320195', 4: 3773.656257667661} 
{0: '0.15789473684210525', 1: '0.0', 2: '0.0', 3: '1.842015749320195', 4: 3769.209963584753} 
{0: '0.15', 1: '0.0', 2: '0.0', 3: '1.842015749320195', 4: 3775.025362296888} 
{0: '0.14285714285714285', 1: '0.0', 2: '0.0', 3: '1.842015749320195', 4: 3770.5614415507443} 
{0: '0.13636363636363635', 1: '0.0', 2: '0.0', 3: '1.842015749320195', 4: 3773.2815863568862} 
{0: '0.13043478260869565', 1: '0.0', 2: '0.0', 3: '1.842015749320195', 4: 3761.9018914168055} 
{0: '0.125', 1: '0.0', 2: '0.0', 3: '1.842015749320195', 4: 3751.641987794297} 
{0: '0.12', 1: '0.0', 2: '0.0', 3: '1.842015749320195', 4: 3737.627475991664} 
{0: '0.11538461538461539', 1: '0.0', 2: '0.0', 3: '1.842015749320195', 4: 2010.458024393863} 
{0: '0.1111111111111111', 1: '0.0', 2: '0.0', 3: '1.842015749320195', 4: 1069.6062315493768} 
{0: '0.10714285714285714', 1: '0.0', 2: '0.0', 3: '1.842015749320195', 4: 424.46648147784026} 
{0: '0.10344827586206896', 1: '0.0', 2: '0.0', 3: '1.842015749320195', 4: 426.05816636034956} 
{0: '0.13333333333333333', 1: '0.0', 2: '0.0', 3: '1.7328621078878674', 4: 416.41643890068315} 
{0: '0.16129032258064516', 1: '0.0', 2: '0.0', 3: '1.6301766616608926', 4: 415.0850857405631} 
{0: '0.15625', 1: '0.0', 2: '0.0', 3: '1.6301766616608926', 4: 405.6535609599054} 
{0: '0.15151515151515152', 1: '0.0', 2: '0.0', 3: '1.6301766616608926', 4: 410.3066374936652} 
{0: '0.14705882352941177', 1: '0.0', 2: '0.0', 3: '1.6301766616608926', 4: 402.3125390276527} 
{0: '0.17142857142857143', 1: '0.0', 2: '0.0', 3: '1.7328621078878674', 4: 393.33857910047607} 
{0: '0.16666666666666666', 1: '0.0', 2: '0.0', 3: '1.7328621078878674', 4: 402.9777108778756} 
{0: '0.1891891891891892', 1: '0.0', 2: '0.0', 3: '1.6301766616608926', 4: 402.1886016696721} 
{0: '0.18421052631578946', 1: '0.0', 2: '0.0', 3: '1.6301766616608926', 4: 400.6362568134296} 
{0: '0.20512820512820512', 1: '0.0', 2: '0.0', 3: '1.7328621078878674', 4: 392.9157350801983} 
{0: '0.2', 1: '0.0', 2: '0.0', 3: '1.7328621078878674', 4: 398.427229564263} 
{0: '0.1951219512195122', 1: '0.0', 2: '0.0', 3: '1.7328621078878674', 4: 390.5194060303636} 
{0: '0.21428571428571427', 1: '0.0', 2: '0.0', 3: '1.842015749320195', 4: 389.74930792770834} 
{0: '0.20930232558139536', 1: '0.0', 2: '0.0', 3: '1.842015749320195', 4: 393.8571553085347} 
{0: '0.22727272727272727', 1: '0.0', 2: '0.0', 3: '1.7328621078878674', 4: 396.00260427143036} 
{0: '0.2222222222222222', 1: '0.0', 2: '0.0', 3: '1.7328621078878674', 4: 397.66029486976987} 
{0: '0.2391304347826087', 1: '0.0', 2: '0.0', 3: '1.842015749320195', 4: 403.92939580633686} 
{0: '0.2553191489361702', 1: '0.0', 2: '0.0', 3: '1.958045020027179', 4: 400.82857296841155} 
{0: '0.2708333333333333', 1: '0.0', 2: '0.0', 3: '2.081383018504685', 4: 393.69176684348787} 
{0: '0.2857142857142857', 1: '0.0', 2: '0.0', 3: '2.212490124287102', 4: 391.49619233007877} 
{0: '0.28', 1: '0.0', 2: '0.0', 3: '2.212490124287102', 4: 393.76916160285015} 
{0: '0.27450980392156865', 1: '0.0', 2: '0.0', 3: '2.212490124287102', 4: 405.73252024037885} 
{0: '0.28846153846153844', 1: '0.0', 2: '0.0', 3: '2.351855716390306', 4: 401.50454302874596} 
{0: '0.2830188679245283', 1: '0.0', 2: '0.0', 3: '2.351855716390306', 4: 393.5214623410777} 
{0: '0.2962962962962963', 1: '0.0', 2: '0.0', 3: '2.212490124287102', 4: 406.9872302276084} 
{0: '0.3090909090909091', 1: '0.0', 2: '0.0', 3: '2.081383018504685', 4: 401.54884504265203} 
{0: '0.32142857142857145', 1: '0.0', 2: '0.0', 3: '1.958045020027179', 4: 391.94466881817965} 
{0: '0.3333333333333333', 1: '0.0', 2: '0.0', 3: '1.842015749320195', 4: 385.780167871347} 
{0: '0.3448275862068966', 1: '0.0', 2: '0.0', 3: '1.7328621078878674', 4: 400.7880288738984} 
{0: '0.3389830508474576', 1: '0.0', 2: '0.0', 3: '1.7328621078878674', 4: 394.2063938329967} 
{0: '0.35', 1: '0.0', 2: '0.0', 3: '1.842015749320195', 4: 385.8418815923847} 
{0: '0.36065573770491804', 1: '0.0', 2: '0.0', 3: '1.958045020027179', 4: 399.08462608860117} 
{0: '0.3709677419354839', 1: '0.0', 2: '0.0', 3: '2.081383018504685', 4: 400.91222424601176} 
{0: '0.38095238095238093', 1: '0.0', 2: '0.0', 3: '2.212490124287102', 4: 386.13177974284207} 
{0: '0.390625', 1: '0.0', 2: '0.0', 3: '2.351855716390306', 4: 394.6454279100203} 
{0: '0.38461538461538464', 1: '0.0', 2: '0.0', 3: '2.351855716390306', 4: 396.7494563174725} 
{0: '0.3939393939393939', 1: '0.0', 2: '0.0', 3: '2.212490124287102', 4: 396.51661289097416} 
{0: '0.40298507462686567', 1: '0.0', 2: '0.0', 3: '2.081383018504685', 4: 386.83512459492727} 
{0: '0.4117647058823529', 1: '0.0', 2: '0.0', 3: '1.958045020027179', 4: 395.0467143176608} 
{0: '0.4057971014492754', 1: '0.0', 2: '0.0', 3: '1.958045020027179', 4: 397.1388164414698} 
{0: '0.4142857142857143', 1: '0.0', 2: '0.0', 3: '2.081383018504685', 4: 394.2012597438808} 
{0: '0.4225352112676056', 1: '0.0', 2: '0.0', 3: '2.212490124287102', 4: 405.05066153481016} 
{0: '0.4305555555555556', 1: '0.0', 2: '0.0', 3: '2.351855716390306', 4: 402.90416124901213} 
{0: '0.4383561643835616', 1: '0.0', 2: '0.0', 3: '2.500000000000003', 4: 396.56533383983907} 
{0: '0.43243243243243246', 1: '0.0', 2: '0.0', 3: '2.500000000000003', 4: 390.7337728357819} 
{0: '0.44', 1: '0.0', 2: '0.0', 3: '2.351855716390306', 4: 397.44096454952296} 
{0: '0.4473684210526316', 1: '0.0', 2: '0.0', 3: '2.212490124287102', 4: 387.91018381056364} 
{0: '0.45454545454545453', 1: '0.0', 2: '0.0', 3: '2.081383018504685', 4: 384.0470134535389} 
{0: '0.46153846153846156', 1: '0.0', 2: '0.0', 3: '1.958045020027179', 4: 398.1010748752226} 
{0: '0.45569620253164556', 1: '0.0', 2: '0.0', 3: '1.958045020027179', 4: 406.4017036071374} 
{0: '0.4625', 1: '0.0', 2: '0.0', 3: '2.081383018504685', 4: 414.97088922917123} 
{0: '0.4691358024691358', 1: '0.0', 2: '0.0', 3: '2.212490124287102', 4: 399.6359403825987} 
{0: '0.47560975609756095', 1: '0.0', 2: '0.0', 3: '2.351855716390306', 4: 400.78135063205855} 
{0: '0.46987951807228917', 1: '0.0', 2: '0.0', 3: '2.351855716390306', 4: 406.29848588900205} 
{0: '0.47619047619047616', 1: '0.0', 2: '0.0', 3: '2.212490124287102', 4: 402.17426584728713} 
{0: '0.4823529411764706', 1: '0.0', 2: '0.0', 3: '2.081383018504685', 4: 399.5493885531907} 
{0: '0.47674418604651164', 1: '0.0', 2: '0.0', 3: '2.081383018504685', 4: 388.6271261678295} 
{0: '0.47126436781609193', 1: '0.0', 2: '0.0', 3: '2.081383018504685', 4: 394.7424852048148} 
{0: '0.4772727272727273', 1: '0.0', 2: '0.0', 3: '1.958045020027179', 4: 401.9072840140515} 
{0: '0.47191011235955055', 1: '0.0', 2: '0.0', 3: '1.958045020027179', 4: 386.4819933203346} 
{0: '0.4777777777777778', 1: '0.0', 2: '0.0', 3: '2.081383018504685', 4: 401.4256153776909} 
{0: '0.4835164835164835', 1: '0.0', 2: '0.0', 3: '2.212490124287102', 4: 391.77964209966757} 
{0: '0.4782608695652174', 1: '0.0', 2: '0.0', 3: '2.212490124287102', 4: 395.9238067977993} 
{0: '0.4731182795698925', 1: '0.0', 2: '0.0', 3: '2.212490124287102', 4: 392.7452601061073} 
{0: '0.46808510638297873', 1: '0.0', 2: '0.0', 3: '2.212490124287102', 4: 397.2810442798577} 
{0: '0.47368421052631576', 1: '0.0', 2: '0.0', 3: '2.081383018504685', 4: 401.82473890954213} 
{0: '0.4791666666666667', 1: '0.0', 2: '0.0', 3: '1.958045020027179', 4: 406.1952313490424} 
{0: '0.4742268041237113', 1: '0.0', 2: '0.0', 3: '1.958045020027179', 4: 388.9139449997324} 
{0: '0.47959183673469385', 1: '0.0', 2: '0.0', 3: '2.081383018504685', 4: 400.04188830976966} 
{0: '0.48484848484848486', 1: '0.0', 2: '0.0', 3: '2.212490124287102', 4: 388.9369470278585} 
{0: '0.49', 1: '0.0', 2: '0.0', 3: '2.351855716390306', 4: 390.146415297729} 
{0: '0.48514851485148514', 1: '0.0', 2: '0.0', 3: '2.351855716390306', 4: 383.59901720992804} 
{0: '0.49019607843137253', 1: '0.0', 2: '0.0', 3: '2.212490124287102', 4: 397.150918551934} 
{0: '0.49514563106796117', 1: '0.0', 2: '0.0', 3: '2.081383018504685', 4: 402.59918255147227} 
{0: '0.49038461538461536', 1: '0.0', 2: '0.0', 3: '2.081383018504685', 4: 415.8477858824741} 
{0: '0.49523809523809526', 1: '0.0', 2: '0.0', 3: '2.212490124287102', 4: 389.1494926308072} 
{0: '0.5', 1: '0.0', 2: '0.0', 3: '2.351855716390306', 4: 393.6787613798751} 
{0: '0.4953271028037383', 1: '0.0', 2: '0.0', 3: '2.351855716390306', 4: 388.09409989269005} 
{0: '0.49074074074074076', 1: '0.0', 2: '0.0', 3: '2.351855716390306', 4: 392.07331082312203} 
{0: '0.48623853211009177', 1: '0.0', 2: '0.0', 3: '2.351855716390306', 4: 395.823554214275} 
{0: '0.4818181818181818', 1: '0.0', 2: '0.0', 3: '2.351855716390306', 4: 384.9106715846762} 
{0: '0.4774774774774775', 1: '0.0', 2: '0.0', 3: '2.351855716390306', 4: 396.1110220888561} 
{0: '0.4732142857142857', 1: '0.0', 2: '0.0', 3: '2.351855716390306', 4: 397.2844433149138} 
{0: '0.4690265486725664', 1: '0.0', 2: '0.0', 3: '2.351855716390306', 4: 397.4246301298243} 
{0: '0.47368421052631576', 1: '0.0', 2: '0.0', 3: '2.212490124287102', 4: 401.0800016982523} 
{0: '0.46956521739130436', 1: '0.0', 2: '0.0', 3: '2.212490124287102', 4: 400.1055429407546} 
{0: '0.47413793103448276', 1: '0.0', 2: '0.0', 3: '2.351855716390306', 4: 397.5062610667255} 
{0: '0.4700854700854701', 1: '0.0', 2: '0.0', 3: '2.351855716390306', 4: 392.98528482424626} 
{0: '0.4661016949152542', 1: '0.0', 2: '0.0', 3: '2.351855716390306', 4: 406.53675419953595} 
{0: '0.46218487394957986', 1: '0.0', 2: '0.0', 3: '2.351855716390306', 4: 402.85409790584225} 
{0: '0.4583333333333333', 1: '0.0', 2: '0.0', 3: '2.351855716390306', 4: 394.21671372735204} 
{0: '0.45454545454545453', 1: '0.0', 2: '0.0', 3: '2.351855716390306', 4: 399.6471001224019} 
{0: '0.45081967213114754', 1: '0.0', 2: '0.0', 3: '2.351855716390306', 4: 395.87452868989095} 
{0: '0.44715447154471544', 1: '0.0', 2: '0.0', 3: '2.351855716390306', 4: 401.3817655102368} 
{0: '0.4435483870967742', 1: '0.0', 2: '0.0', 3: '2.351855716390306', 4: 402.73974929011763} 
{0: '0.448', 1: '0.0', 2: '0.0', 3: '2.500000000000003', 4: 401.9688880311063} 
{0: '0.4444444444444444', 1: '0.0', 2: '0.0', 3: '2.500000000000003', 4: 394.9002480034129} 
{0: '0.4409448818897638', 1: '0.0', 2: '0.0', 3: '2.500000000000003', 4: 405.1398522162866} 
{0: '0.4375', 1: '0.0', 2: '0.0', 3: '2.500000000000003', 4: 416.3362145847074} 
{0: '0.4418604651162791', 1: '0.0', 2: '0.0', 3: '2.351855716390306', 4: 397.49894327842986} 
{0: '0.43846153846153846', 1: '0.0', 2: '0.0', 3: '2.351855716390306', 4: 406.0464421400633} 
{0: '0.4351145038167939', 1: '0.0', 2: '0.0', 3: '2.351855716390306', 4: 402.61934053717135} 
{0: '0.4393939393939394', 1: '0.0', 2: '0.0', 3: '2.212490124287102', 4: 395.37928614749654} 
{0: '0.44360902255639095', 1: '0.0', 2: '0.0', 3: '2.081383018504685', 4: 401.304980357852} 
{0: '0.44029850746268656', 1: '0.0', 2: '0.0', 3: '2.081383018504685', 4: 393.6316203066134} 
{0: '0.4444444444444444', 1: '0.0', 2: '0.0', 3: '2.212490124287102', 4: 385.31747807579006} 
{0: '0.4485294117647059', 1: '0.0', 2: '0.0', 3: '2.351855716390306', 4: 398.3959243957025} 
{0: '0.44525547445255476', 1: '0.0', 2: '0.0', 3: '2.351855716390306', 4: 404.79779390707523} 
{0: '0.4420289855072464', 1: '0.0', 2: '0.0', 3: '2.351855716390306', 4: 397.52390456861474} 
{0: '0.4460431654676259', 1: '0.0', 2: '0.0', 3: '2.500000000000003', 4: 404.0396781684619} 
{0: '0.44285714285714284', 1: '0.0', 2: '0.0', 3: '2.500000000000003', 4: 404.695264120654} 
{0: '0.44680851063829785', 1: '0.0', 2: '0.0', 3: '2.351855716390306', 4: 389.67484375517535} 
{0: '0.4507042253521127', 1: '0.0', 2: '0.0', 3: '2.212490124287102', 4: 398.6246653263535} 
{0: '0.45454545454545453', 1: '0.0', 2: '0.0', 3: '2.081383018504685', 4: 389.1480937935615} 
{0: '0.4513888888888889', 1: '0.0', 2: '0.0', 3: '2.081383018504685', 4: 388.5884569234642} 
{0: '0.45517241379310347', 1: '0.0', 2: '0.0', 3: '2.212490124287102', 4: 388.4428928814483} 
{0: '0.4589041095890411', 1: '0.0', 2: '0.0', 3: '2.351855716390306', 4: 385.4837010973059} 
{0: '0.4557823129251701', 1: '0.0', 2: '0.0', 3: '2.351855716390306', 4: 401.0887906951567} 
{0: '0.4594594594594595', 1: '0.0', 2: '0.0', 3: '2.212490124287102', 4: 392.80934091545004} 
{0: '0.46308724832214765', 1: '0.0', 2: '0.0', 3: '2.081383018504685', 4: 390.0351943275198} 
{0: '0.4666666666666667', 1: '0.0', 2: '0.0', 3: '1.958045020027179', 4: 398.239323116927} 
{0: '0.46357615894039733', 1: '0.0', 2: '0.0', 3: '1.958045020027179', 4: 394.3572011490232} 
{0: '0.46710526315789475', 1: '0.0', 2: '0.0', 3: '2.081383018504685', 4: 390.3156402656989} 
{0: '0.47058823529411764', 1: '0.0', 2: '0.0', 3: '2.212490124287102', 4: 392.65771189168413} 
{0: '0.474025974025974', 1: '0.0', 2: '0.0', 3: '2.351855716390306', 4: 402.4786503322631} 
{0: '0.47096774193548385', 1: '0.0', 2: '0.0', 3: '2.351855716390306', 4: 406.82454737379965} 
{0: '0.47435897435897434', 1: '0.0', 2: '0.0', 3: '2.212490124287102', 4: 391.356055895754} 
{0: '0.4713375796178344', 1: '0.0', 2: '0.0', 3: '2.212490124287102', 4: 383.6549096970712} 
{0: '0.47468354430379744', 1: '0.0', 2: '0.0', 3: '2.351855716390306', 4: 409.471906691024} 
{0: '0.4716981132075472', 1: '0.0', 2: '0.0', 3: '2.351855716390306', 4: 404.45928232953116} 
{0: '0.46875', 1: '0.0', 2: '0.0', 3: '2.351855716390306', 4: 403.92403938959603} 
{0: '0.4658385093167702', 1: '0.0', 2: '0.0', 3: '2.351855716390306', 4: 386.89713326826575} 
{0: '0.4691358024691358', 1: '0.0', 2: '0.0', 3: '2.212490124287102', 4: 404.2764924093023} 
{0: '0.4662576687116564', 1: '0.0', 2: '0.0', 3: '2.212490124287102', 4: 381.9699106475079} 
{0: '0.4695121951219512', 1: '0.0', 2: '0.0', 3: '2.351855716390306', 4: 401.43284658853895} 
{0: '0.4666666666666667', 1: '0.0', 2: '0.0', 3: '2.351855716390306', 4: 403.11883358093473} 
{0: '0.46987951807228917', 1: '0.0', 2: '0.0', 3: '2.212490124287102', 4: 391.5306916489586} 
{0: '0.46706586826347307', 1: '0.0', 2: '0.0', 3: '2.212490124287102', 4: 407.57430740690984} 
{0: '0.47023809523809523', 1: '0.0', 2: '0.0', 3: '2.351855716390306', 4: 396.5324025771375} 
{0: '0.46745562130177515', 1: '0.0', 2: '0.0', 3: '2.351855716390306', 4: 402.61992793913606} 
{0: '0.4647058823529412', 1: '0.0', 2: '0.0', 3: '2.351855716390306', 4: 407.29343129122225} 
{0: '0.4678362573099415', 1: '0.0', 2: '0.0', 3: '2.500000000000003', 4: 397.9924657185828} 
{0: '0.46511627906976744', 1: '0.0', 2: '0.0', 3: '2.500000000000003', 4: 394.49300376449764} 
{0: '0.4682080924855491', 1: '0.0', 2: '0.0', 3: '2.351855716390306', 4: 401.31084537006416} 
{0: '0.46551724137931033', 1: '0.0', 2: '0.0', 3: '2.351855716390306', 4: 393.31282245919255} 
{0: '0.46285714285714286', 1: '0.0', 2: '0.0', 3: '2.351855716390306', 4: 391.6025996592333} 
{0: '0.4659090909090909', 1: '0.0', 2: '0.0', 3: '2.212490124287102', 4: 402.12795483070084} 
{0: '0.4632768361581921', 1: '0.0', 2: '0.0', 3: '2.212490124287102', 4: 414.77885984469094} 
{0: '0.46629213483146065', 1: '0.0', 2: '0.0', 3: '2.351855716390306', 4: 394.2598841911752} 
{0: '0.4692737430167598', 1: '0.0', 2: '0.0', 3: '2.500000000000003', 4: 390.841714862932} 
{0: '0.4666666666666667', 1: '0.0', 2: '0.0', 3: '2.500000000000003', 4: 405.0014953312417} 
{0: '0.4696132596685083', 1: '0.0', 2: '0.0', 3: '2.351855716390306', 4: 398.2475391796635} 
{0: '0.4725274725274725', 1: '0.0', 2: '0.0', 3: '2.212490124287102', 4: 412.0309388584336} 
{0: '0.46994535519125685', 1: '0.0', 2: '0.0', 3: '2.212490124287102', 4: 405.54818958287564} 
{0: '0.47282608695652173', 1: '0.0', 2: '0.0', 3: '2.351855716390306', 4: 397.30055827544624} 
{0: '0.4702702702702703', 1: '0.0', 2: '0.0', 3: '2.351855716390306', 4: 401.0867062562219} 
{0: '0.46774193548387094', 1: '0.0', 2: '0.0', 3: '2.351855716390306', 4: 396.0751925128547} 
{0: '0.46524064171123', 1: '0.0', 2: '0.0', 3: '2.351855716390306', 4: 390.72283554685976} 
{0: '0.4627659574468085', 1: '0.0', 2: '0.0', 3: '2.351855716390306', 4: 391.4467194977196} 
{0: '0.4603174603174603', 1: '0.0', 2: '0.0', 3: '2.351855716390306', 4: 405.1668547884854} 
{0: '0.45789473684210524', 1: '0.0', 2: '0.0', 3: '2.351855716390306', 4: 396.6878761448093} 
{0: '0.45549738219895286', 1: '0.0', 2: '0.0', 3: '2.351855716390306', 4: 398.18561527036593} 
{0: '0.4583333333333333', 1: '0.0', 2: '0.0', 3: '2.212490124287102', 4: 396.20500979982535} 
{0: '0.46113989637305697', 1: '0.0', 2: '0.0', 3: '2.081383018504685', 4: 392.2913021311526} 
{0: '0.4639175257731959', 1: '0.0', 2: '0.0', 3: '1.958045020027179', 4: 409.5362992170139} 
{0: '0.46153846153846156', 1: '0.0', 2: '0.0', 3: '1.958045020027179', 4: 395.6263068692798} 
{0: '0.4642857142857143', 1: '0.0', 2: '0.0', 3: '2.081383018504685', 4: 388.1020699933743} 
{0: '0.467005076142132', 1: '0.0', 2: '0.0', 3: '2.212490124287102', 4: 402.7592329999928} 
{0: '0.4696969696969697', 1: '0.0', 2: '0.0', 3: '2.351855716390306', 4: 390.6377020079154} 
{0: '0.46733668341708545', 1: '0.0', 2: '0.0', 3: '2.351855716390306', 4: 397.746006886069} 
{0: '0.47', 1: '0.0', 2: '0.0', 3: '2.212490124287102', 4: 383.47489370730364} 
{0: '0.46766169154228854', 1: '0.0', 2: '0.0', 3: '2.212490124287102', 4: 404.1569455510866} 
{0: '0.46534653465346537', 1: '0.0', 2: '0.0', 3: '2.212490124287102', 4: 390.8349491198527} 
{0: '0.4630541871921182', 1: '0.0', 2: '0.0', 3: '2.212490124287102', 4: 393.9456556451007} 
{0: '0.46568627450980393', 1: '0.0', 2: '0.0', 3: '2.351855716390306', 4: 417.89206918430773} 
{0: '0.4634146341463415', 1: '0.0', 2: '0.0', 3: '2.351855716390306', 4: 391.431178155631} 
{0: '0.46116504854368934', 1: '0.0', 2: '0.0', 3: '2.351855716390306', 4: 395.77552830978857} 
{0: '0.45893719806763283', 1: '0.0', 2: '0.0', 3: '2.351855716390306', 4: 397.20600892788} 
{0: '0.46153846153846156', 1: '0.0', 2: '0.0', 3: '2.212490124287102', 4: 391.4163100008565} 
{0: '0.46411483253588515', 1: '0.0', 2: '0.0', 3: '2.081383018504685', 4: 392.385522198412} 
{0: '0.4666666666666667', 1: '0.0', 2: '0.0', 3: '1.958045020027179', 4: 401.93820112650957} 
{0: '0.46445497630331756', 1: '0.0', 2: '0.0', 3: '1.958045020027179', 4: 405.7165315200744} 
{0: '0.4669811320754717', 1: '0.0', 2: '0.0', 3: '2.081383018504685', 4: 386.60632388872256} 
{0: '0.4694835680751174', 1: '0.0', 2: '0.0', 3: '2.212490124287102', 4: 402.0428056737875} 
{0: '0.4719626168224299', 1: '0.0', 2: '0.0', 3: '2.351855716390306', 4: 401.75670223300574} 
{0: '0.4697674418604651', 1: '0.0', 2: '0.0', 3: '2.351855716390306', 4: 399.1652816956599} 
{0: '0.4675925925925926', 1: '0.0', 2: '0.0', 3: '2.351855716390306', 4: 403.5764592757745} 
{0: '0.46543778801843316', 1: '0.0', 2: '0.0', 3: '2.351855716390306', 4: 390.5915270951387} 
{0: '0.463302752293578', 1: '0.0', 2: '0.0', 3: '2.351855716390306', 4: 394.5973288592792} 
{0: '0.4611872146118721', 1: '0.0', 2: '0.0', 3: '2.351855716390306', 4: 387.3555495967051} 
{0: '0.4590909090909091', 1: '0.0', 2: '0.0', 3: '2.351855716390306', 4: 396.0126621867171} 
{0: '0.45701357466063347', 1: '0.0', 2: '0.0', 3: '2.351855716390306', 4: 393.0075642454437} 
{0: '0.45495495495495497', 1: '0.0', 2: '0.0', 3: '2.351855716390306', 4: 390.2921519168416} 
{0: '0.452914798206278', 1: '0.0', 2: '0.0', 3: '2.351855716390306', 4: 393.21981372424597} 
{0: '0.45535714285714285', 1: '0.0', 2: '0.0', 3: '2.212490124287102', 4: 398.7658879340357} 
{0: '0.4533333333333333', 1: '0.0', 2: '0.0', 3: '2.212490124287102', 4: 396.14998633921505} 
{0: '0.4557522123893805', 1: '0.0', 2: '0.0', 3: '2.351855716390306', 4: 393.4727150665856} 
{0: '0.4581497797356828', 1: '0.0', 2: '0.0', 3: '2.500000000000003', 4: 396.9157466372059} 
{0: '0.45614035087719296', 1: '0.0', 2: '0.0', 3: '2.500000000000003', 4: 392.52458187919086} 
{0: '0.4585152838427948', 1: '0.0', 2: '0.0', 3: '2.351855716390306', 4: 391.4494780884353} 
{0: '0.45652173913043476', 1: '0.0', 2: '0.0', 3: '2.351855716390306', 4: 387.84977002604165} 
{0: '0.45454545454545453', 1: '0.0', 2: '0.0', 3: '2.351855716390306', 4: 400.4430893587316} 
{0: '0.4525862068965517', 1: '0.0', 2: '0.0', 3: '2.351855716390306', 4: 403.2512996418073} 
{0: '0.45064377682403434', 1: '0.0', 2: '0.0', 3: '2.351855716390306', 4: 386.4092248019866} 
{0: '0.452991452991453', 1: '0.0', 2: '0.0', 3: '2.212490124287102', 4: 406.1004028247976} 
{0: '0.451063829787234', 1: '0.0', 2: '0.0', 3: '2.212490124287102', 4: 396.24539489814356} 
{0: '0.4533898305084746', 1: '0.0', 2: '0.0', 3: '2.351855716390306', 4: 387.97030194010847} 
{0: '0.45569620253164556', 1: '0.0', 2: '0.0', 3: '2.500000000000003', 4: 395.33286514342836} 
{0: '0.453781512605042', 1: '0.0', 2: '0.0', 3: '2.500000000000003', 4: 395.8764280931721} 
{0: '0.4560669456066946', 1: '0.0', 2: '0.0', 3: '2.351855716390306', 4: 385.0527677077007} 
{0: '0.45416666666666666', 1: '0.0', 2: '0.0', 3: '2.351855716390306', 4: 395.2466939961723} 
{0: '0.45643153526970953', 1: '0.0', 2: '0.0', 3: '2.500000000000003', 4: 393.6518545715885} 
{0: '0.45454545454545453', 1: '0.0', 2: '0.0', 3: '2.500000000000003', 4: 408.37016718188534} 
{0: '0.4567901234567901', 1: '0.0', 2: '0.0', 3: '2.351855716390306', 4: 400.0732770559227} 
{0: '0.45491803278688525', 1: '0.0', 2: '0.0', 3: '2.351855716390306', 4: 423.05324181495405} 
{0: '0.4530612244897959', 1: '0.0', 2: '0.0', 3: '2.351855716390306', 4: 410.4174120035444} 
{0: '0.45121951219512196', 1: '0.0', 2: '0.0', 3: '2.351855716390306', 4: 398.1171195142116} 
{0: '0.4493927125506073', 1: '0.0', 2: '0.0', 3: '2.351855716390306', 4: 392.8540179091628} 
{0: '0.4475806451612903', 1: '0.0', 2: '0.0', 3: '2.351855716390306', 4: 399.47304865022613} 
{0: '0.4457831325301205', 1: '0.0', 2: '0.0', 3: '2.351855716390306', 4: 396.99958696869453} 
{0: '0.444', 1: '0.0', 2: '0.0', 3: '2.351855716390306', 4: 404.89601520329506} 
{0: '0.44223107569721115', 1: '0.0', 2: '0.0', 3: '2.351855716390306', 4: 387.1583874934624} 
{0: '0.44047619047619047', 1: '0.0', 2: '0.0', 3: '2.351855716390306', 4: 410.2772175763656} 
{0: '0.4426877470355731', 1: '0.0', 2: '0.0', 3: '2.500000000000003', 4: 385.9753313874474} 
{0: '0.4409448818897638', 1: '0.0', 2: '0.0', 3: '2.500000000000003', 4: 422.71789232064384} 
{0: '0.44313725490196076', 1: '0.0', 2: '0.0', 3: '2.351855716390306', 4: 394.2817361113022} 
{0: '0.4453125', 1: '0.0', 2: '0.0', 3: '2.212490124287102', 4: 399.94465566043965} 
{0: '0.4474708171206226', 1: '0.0', 2: '0.0', 3: '2.081383018504685', 4: 402.01638830843416} 
{0: '0.44573643410852715', 1: '0.0', 2: '0.0', 3: '2.081383018504685', 4: 404.2300521769109} 
{0: '0.44787644787644787', 1: '0.0', 2: '0.0', 3: '2.212490124287102', 4: 396.7455870336963} 
{0: '0.45', 1: '0.0', 2: '0.0', 3: '2.351855716390306', 4: 390.30988922687334} 
{0: '0.4521072796934866', 1: '0.0', 2: '0.0', 3: '2.500000000000003', 4: 395.3025558798335} 
{0: '0.45038167938931295', 1: '0.0', 2: '0.0', 3: '2.500000000000003', 4: 392.2074373141214} 
{0: '0.4524714828897338', 1: '0.0', 2: '0.0', 3: '2.351855716390306', 4: 395.40006829941234} 
{0: '0.45075757575757575', 1: '0.0', 2: '0.0', 3: '2.351855716390306', 4: 399.798191843437} 
{0: '0.4490566037735849', 1: '0.0', 2: '0.0', 3: '2.351855716390306', 4: 401.96573334758716} 
{0: '0.4473684210526316', 1: '0.0', 2: '0.0', 3: '2.351855716390306', 4: 392.35636391839085} 
{0: '0.44569288389513106', 1: '0.0', 2: '0.0', 3: '2.351855716390306', 4: 399.3471038258889} 
{0: '0.44402985074626866', 1: '0.0', 2: '0.0', 3: '2.351855716390306', 4: 410.71717313966207} 
{0: '0.4423791821561338', 1: '0.0', 2: '0.0', 3: '2.351855716390306', 4: 406.15329503499487} 
{0: '0.4444444444444444', 1: '0.0', 2: '0.0', 3: '2.212490124287102', 4: 404.6407856505702} 
{0: '0.44280442804428044', 1: '0.0', 2: '0.0', 3: '2.212490124287102', 4: 394.5567873489076} 
{0: '0.44485294117647056', 1: '0.0', 2: '0.0', 3: '2.351855716390306', 4: 396.8190627755422} 
{0: '0.4432234432234432', 1: '0.0', 2: '0.0', 3: '2.351855716390306', 4: 410.0418532914287} 
{0: '0.4416058394160584', 1: '0.0', 2: '0.0', 3: '2.351855716390306', 4: 397.03312981654005} 
{0: '0.44', 1: '0.0', 2: '0.0', 3: '2.351855716390306', 4: 414.02846356369537} 
{0: '0.4384057971014493', 1: '0.0', 2: '0.0', 3: '2.351855716390306', 4: 411.3434193340642} 
{0: '0.4368231046931408', 1: '0.0', 2: '0.0', 3: '2.351855716390306', 4: 399.1889468453344} 
{0: '0.43884892086330934', 1: '0.0', 2: '0.0', 3: '2.212490124287102', 4: 391.71348822830606} 
{0: '0.44086021505376344', 1: '0.0', 2: '0.0', 3: '2.081383018504685', 4: 404.85389228792997} 
{0: '0.4392857142857143', 1: '0.0', 2: '0.0', 3: '2.081383018504685', 4: 406.8181069478114} 
{0: '0.4412811387900356', 1: '0.0', 2: '0.0', 3: '2.212490124287102', 4: 388.1337627065609} 
{0: '0.4432624113475177', 1: '0.0', 2: '0.0', 3: '2.351855716390306', 4: 391.20541440218346} 
{0: '0.4416961130742049', 1: '0.0', 2: '0.0', 3: '2.351855716390306', 4: 388.73905068138606} 
{0: '0.44366197183098594', 1: '0.0', 2: '0.0', 3: '2.212490124287102', 4: 388.595457027167} 
{0: '0.4421052631578947', 1: '0.0', 2: '0.0', 3: '2.212490124287102', 4: 392.1087616914268} 
{0: '0.44405594405594406', 1: '0.0', 2: '0.0', 3: '2.351855716390306', 4: 396.0467063872773} 
{0: '0.445993031358885', 1: '0.0', 2: '0.0', 3: '2.500000000000003', 4: 387.69320976606645} 
{0: '0.4444444444444444', 1: '0.0', 2: '0.0', 3: '2.500000000000003', 4: 396.7148024907452} 
{0: '0.4463667820069204', 1: '0.0', 2: '0.0', 3: '2.351855716390306', 4: 413.2488656851773} 
{0: '0.4482758620689655', 1: '0.0', 2: '0.0', 3: '2.212490124287102', 4: 399.82431194691674} 
{0: '0.45017182130584193', 1: '0.0', 2: '0.0', 3: '2.081383018504685', 4: 392.0558688301721} 
{0: '0.4520547945205479', 1: '0.0', 2: '0.0', 3: '1.958045020027179', 4: 402.6561115818168} 
{0: '0.45051194539249145', 1: '0.0', 2: '0.0', 3: '1.958045020027179', 4: 392.22555194333086} 
{0: '0.4523809523809524', 1: '0.0', 2: '0.0', 3: '2.081383018504685', 4: 396.6722452750874} 
{0: '0.4542372881355932', 1: '0.0', 2: '0.0', 3: '2.212490124287102', 4: 389.21629682258697} 
{0: '0.4560810810810811', 1: '0.0', 2: '0.0', 3: '2.351855716390306', 4: 400.622577700335} 
{0: '0.45454545454545453', 1: '0.0', 2: '0.0', 3: '2.351855716390306', 4: 394.9990915820718} 
{0: '0.4563758389261745', 1: '0.0', 2: '0.0', 3: '2.212490124287102', 4: 410.33661093586494} 
{0: '0.45484949832775917', 1: '0.0', 2: '0.0', 3: '2.212490124287102', 4: 397.69627260873324} 
{0: '0.45666666666666667', 1: '0.0', 2: '0.0', 3: '2.351855716390306', 4: 390.4862816082166} 
{0: '0.45514950166112955', 1: '0.0', 2: '0.0', 3: '2.351855716390306', 4: 389.3029940320961} 
{0: '0.45695364238410596', 1: '0.0', 2: '0.0', 3: '2.212490124287102', 4: 395.2087691502156} 
{0: '0.45874587458745875', 1: '0.0', 2: '0.0', 3: '2.081383018504685', 4: 408.9225420571843} 
{0: '0.45723684210526316', 1: '0.0', 2: '0.0', 3: '2.081383018504685', 4: 396.7568868319758} 
{0: '0.45901639344262296', 1: '0.0', 2: '0.0', 3: '2.212490124287102', 4: 399.9961322185221} 
{0: '0.46078431372549017', 1: '0.0', 2: '0.0', 3: '2.351855716390306', 4: 393.6662822524106} 
{0: '0.4592833876221498', 1: '0.0', 2: '0.0', 3: '2.351855716390306', 4: 397.2062853816867} 
{0: '0.4577922077922078', 1: '0.0', 2: '0.0', 3: '2.351855716390306', 4: 401.47616781959397} 
{0: '0.4563106796116505', 1: '0.0', 2: '0.0', 3: '2.351855716390306', 4: 385.01895233001744} 
{0: '0.45806451612903226', 1: '0.0', 2: '0.0', 3: '2.212490124287102', 4: 404.761646353102} 
{0: '0.4565916398713826', 1: '0.0', 2: '0.0', 3: '2.212490124287102', 4: 395.23588770680703} 
{0: '0.4583333333333333', 1: '0.0', 2: '0.0', 3: '2.351855716390306', 4: 396.1794870606678} 
{0: '0.45686900958466453', 1: '0.0', 2: '0.0', 3: '2.351855716390306', 4: 391.03750818692663} 
{0: '0.4585987261146497', 1: '0.0', 2: '0.0', 3: '2.212490124287102', 4: 401.59310462577514} 
{0: '0.45714285714285713', 1: '0.0', 2: '0.0', 3: '2.212490124287102', 4: 406.0072413599957} 
{0: '0.4588607594936709', 1: '0.0', 2: '0.0', 3: '2.351855716390306', 4: 409.59335224770194} 
{0: '0.45741324921135645', 1: '0.0', 2: '0.0', 3: '2.351855716390306', 4: 414.028330857517} 
{0: '0.4559748427672956', 1: '0.0', 2: '0.0', 3: '2.351855716390306', 4: 408.32555311830174} 
{0: '0.45768025078369906', 1: '0.0', 2: '0.0', 3: '2.500000000000003', 4: 418.5129389749835} 
{0: '0.45625', 1: '0.0', 2: '0.0', 3: '2.500000000000003', 4: 431.532134371503} 
{0: '0.45794392523364486', 1: '0.0', 2: '0.0', 3: '2.351855716390306', 4: 430.79001543027863} 
{0: '0.45652173913043476', 1: '0.0', 2: '0.0', 3: '2.351855716390306', 4: 417.533003638955} 
{0: '0.4551083591331269', 1: '0.0', 2: '0.0', 3: '2.351855716390306', 4: 427.6383149795272} 
{0: '0.4537037037037037', 1: '0.0', 2: '0.0', 3: '2.351855716390306', 4: 414.437265573212} 
{0: '0.4523076923076923', 1: '0.0', 2: '0.0', 3: '2.351855716390306', 4: 408.2090910759476} 
{0: '0.450920245398773', 1: '0.0', 2: '0.0', 3: '2.351855716390306', 4: 388.1515386931988} 
{0: '0.4525993883792049', 1: '0.0', 2: '0.0', 3: '2.500000000000003', 4: 393.98653382510787} 
{0: '0.45121951219512196', 1: '0.0', 2: '0.0', 3: '2.500000000000003', 4: 411.20449084689153} 
{0: '0.45288753799392095', 1: '0.0', 2: '0.0', 3: '2.351855716390306', 4: 402.7140298391452} 
{0: '0.45454545454545453', 1: '0.0', 2: '0.0', 3: '2.212490124287102', 4: 392.7382436095261} 
{0: '0.4561933534743202', 1: '0.0', 2: '0.0', 3: '2.081383018504685', 4: 386.8225356549034} 
{0: '0.45481927710843373', 1: '0.0', 2: '0.0', 3: '2.081383018504685', 4: 398.4919655088489} 
{0: '0.45645645645645644', 1: '0.0', 2: '0.0', 3: '2.212490124287102', 4: 398.51374892342244} 
{0: '0.45808383233532934', 1: '0.0', 2: '0.0', 3: '2.351855716390306', 4: 397.07012288348074} 
{0: '0.4597014925373134', 1: '0.0', 2: '0.0', 3: '2.500000000000003', 4: 398.9123411751869} 
{0: '0.4583333333333333', 1: '0.0', 2: '0.0', 3: '2.500000000000003', 4: 422.8914824984455} 
{0: '0.4599406528189911', 1: '0.0', 2: '0.0', 3: '2.351855716390306', 4: 395.4279430902121} 
{0: '0.46153846153846156', 1: '0.0', 2: '0.0', 3: '2.212490124287102', 4: 397.27491628143196} 
{0: '0.46017699115044247', 1: '0.0', 2: '0.0', 3: '2.212490124287102', 4: 386.01777455365317} 
{0: '0.46176470588235297', 1: '0.0', 2: '0.0', 3: '2.351855716390306', 4: 403.53466507042174} 
{0: '0.4633431085043988', 1: '0.0', 2: '0.0', 3: '2.500000000000003', 4: 397.74886604732177} 
{0: '0.4619883040935672', 1: '0.0', 2: '0.0', 3: '2.500000000000003', 4: 393.5842790225139} 
{0: '0.4606413994169096', 1: '0.0', 2: '0.0', 3: '2.500000000000003', 4: 418.97876198465514} 
{0: '0.45930232558139533', 1: '0.0', 2: '0.0', 3: '2.500000000000003', 4: 396.83338048829404} 
{0: '0.4608695652173913', 1: '0.0', 2: '0.0', 3: '2.351855716390306', 4: 405.761733718681} 
{0: '0.4624277456647399', 1: '0.0', 2: '0.0', 3: '2.212490124287102', 4: 394.7563221580214} 
{0: '0.46397694524495675', 1: '0.0', 2: '0.0', 3: '2.081383018504685', 4: 395.91659488196785} 
{0: '0.46264367816091956', 1: '0.0', 2: '0.0', 3: '2.081383018504685', 4: 394.358408558637} 
{0: '0.46418338108882523', 1: '0.0', 2: '0.0', 3: '2.212490124287102', 4: 396.48168088571566} 
{0: '0.4657142857142857', 1: '0.0', 2: '0.0', 3: '2.351855716390306', 4: 399.39217110196387} 
{0: '0.46438746438746437', 1: '0.0', 2: '0.0', 3: '2.351855716390306', 4: 407.62282586678884} 
{0: '0.4630681818181818', 1: '0.0', 2: '0.0', 3: '2.351855716390306', 4: 395.13832765513916} 
{0: '0.46458923512747874', 1: '0.0', 2: '0.0', 3: '2.500000000000003', 4: 397.1705178711139} 
{0: '0.4632768361581921', 1: '0.0', 2: '0.0', 3: '2.500000000000003', 4: 403.80284972543626} 
{0: '0.4647887323943662', 1: '0.0', 2: '0.0', 3: '2.351855716390306', 4: 394.2489727107116} 
{0: '0.46629213483146065', 1: '0.0', 2: '0.0', 3: '2.212490124287102', 4: 399.01230742639024} 
{0: '0.4649859943977591', 1: '0.0', 2: '0.0', 3: '2.212490124287102', 4: 412.54139777391293} 
{0: '0.4664804469273743', 1: '0.0', 2: '0.0', 3: '2.351855716390306', 4: 392.94842901440444} 
{0: '0.46518105849582175', 1: '0.0', 2: '0.0', 3: '2.351855716390306', 4: 401.0344338768386} 
{0: '0.4666666666666667', 1: '0.0', 2: '0.0', 3: '2.212490124287102', 4: 404.62922872248737} 
{0: '0.46537396121883656', 1: '0.0', 2: '0.0', 3: '2.212490124287102', 4: 396.6234319134517} 
{0: '0.46408839779005523', 1: '0.0', 2: '0.0', 3: '2.212490124287102', 4: 393.0903901284537} 
{0: '0.465564738292011', 1: '0.0', 2: '0.0', 3: '2.081383018504685', 4: 394.0344501882023} 
{0: '0.4642857142857143', 1: '0.0', 2: '0.0', 3: '2.081383018504685', 4: 394.3386495073069} 
{0: '0.4657534246575342', 1: '0.0', 2: '0.0', 3: '2.212490124287102', 4: 391.09154908959323} 
{0: '0.4672131147540984', 1: '0.0', 2: '0.0', 3: '2.351855716390306', 4: 401.0862115540802} 
{0: '0.46866485013623976', 1: '0.0', 2: '0.0', 3: '2.500000000000003', 4: 386.95929416577115} 
{0: '0.4673913043478261', 1: '0.0', 2: '0.0', 3: '2.500000000000003', 4: 401.94843486273106} 
{0: '0.46883468834688347', 1: '0.0', 2: '0.0', 3: '2.351855716390306', 4: 407.32103816670144} 
{0: '0.46756756756756757', 1: '0.0', 2: '0.0', 3: '2.351855716390306', 4: 398.5038718066119} 
{0: '0.46630727762803237', 1: '0.0', 2: '0.0', 3: '2.351855716390306', 4: 389.8493525339547} 
{0: '0.4650537634408602', 1: '0.0', 2: '0.0', 3: '2.351855716390306', 4: 397.9689630723717} 
{0: '0.46380697050938335', 1: '0.0', 2: '0.0', 3: '2.351855716390306', 4: 391.8139470039998} 
{0: '0.4625668449197861', 1: '0.0', 2: '0.0', 3: '2.351855716390306', 4: 393.3658071869183} 
{0: '0.4613333333333333', 1: '0.0', 2: '0.0', 3: '2.351855716390306', 4: 391.5705779102529} 
{0: '0.4627659574468085', 1: '0.0', 2: '0.0', 3: '2.212490124287102', 4: 397.350288095575} 
{0: '0.46419098143236076', 1: '0.0', 2: '0.0', 3: '2.081383018504685', 4: 385.6155097020396} 
{0: '0.4656084656084656', 1: '0.0', 2: '0.0', 3: '1.958045020027179', 4: 392.3987806112593} 
{0: '0.46701846965699206', 1: '0.0', 2: '0.0', 3: '1.842015749320195', 4: 405.08944376900274} 
{0: '0.46578947368421053', 1: '0.0', 2: '0.0', 3: '1.842015749320195', 4: 401.28033297965095} 
{0: '0.4671916010498688', 1: '0.0', 2: '0.0', 3: '1.958045020027179', 4: 398.43892053944074} 
{0: '0.468586387434555', 1: '0.0', 2: '0.0', 3: '2.081383018504685', 4: 390.5531715995535} 
{0: '0.4699738903394256', 1: '0.0', 2: '0.0', 3: '2.212490124287102', 4: 386.0859258578336} 
{0: '0.4713541666666667', 1: '0.0', 2: '0.0', 3: '2.351855716390306', 4: 404.31678857472093} 
{0: '0.4701298701298701', 1: '0.0', 2: '0.0', 3: '2.351855716390306', 4: 393.29656325447763} 
{0: '0.47150259067357514', 1: '0.0', 2: '0.0', 3: '2.212490124287102', 4: 388.76422537241734} 
{0: '0.4702842377260982', 1: '0.0', 2: '0.0', 3: '2.212490124287102', 4: 399.28883174963323} 
{0: '0.47164948453608246', 1: '0.0', 2: '0.0', 3: '2.351855716390306', 4: 390.5271205437171} 
{0: '0.4704370179948586', 1: '0.0', 2: '0.0', 3: '2.351855716390306', 4: 403.0047289701963} 
{0: '0.4717948717948718', 1: '0.0', 2: '0.0', 3: '2.212490124287102', 4: 391.724934700201} 
{0: '0.47058823529411764', 1: '0.0', 2: '0.0', 3: '2.212490124287102', 4: 394.9756783959918} 
{0: '0.46938775510204084', 1: '0.0', 2: '0.0', 3: '2.212490124287102', 4: 399.61590615370267} 
{0: '0.4681933842239186', 1: '0.0', 2: '0.0', 3: '2.212490124287102', 4: 411.9543717471652} 
{0: '0.46954314720812185', 1: '0.0', 2: '0.0', 3: '2.351855716390306', 4: 410.4995652469232} 
{0: '0.46835443037974683', 1: '0.0', 2: '0.0', 3: '2.351855716390306', 4: 392.8099197220379} 
{0: '0.4671717171717172', 1: '0.0', 2: '0.0', 3: '2.351855716390306', 4: 393.4610268930968} 
{0: '0.4659949622166247', 1: '0.0', 2: '0.0', 3: '2.351855716390306', 4: 396.90064194851067} 
{0: '0.4648241206030151', 1: '0.0', 2: '0.0', 3: '2.351855716390306', 4: 394.3716686364431} 
{0: '0.46365914786967416', 1: '0.0', 2: '0.0', 3: '2.351855716390306', 4: 385.5161867735985} 
{0: '0.465', 1: '0.0', 2: '0.0', 3: '2.212490124287102', 4: 395.9151088404794} 
{0: '0.46633416458852867', 1: '0.0', 2: '0.0', 3: '2.081383018504685', 4: 395.79246925026087} 
{0: '0.46766169154228854', 1: '0.0', 2: '0.0', 3: '1.958045020027179', 4: 390.0273992350911} 
{0: '0.4665012406947891', 1: '0.0', 2: '0.0', 3: '1.958045020027179', 4: 395.915585286319} 
{0: '0.46782178217821785', 1: '0.0', 2: '0.0', 3: '2.081383018504685', 4: 408.8672099749244} 
{0: '0.4691358024691358', 1: '0.0', 2: '0.0', 3: '2.212490124287102', 4: 383.3646593855402} 
{0: '0.47044334975369456', 1: '0.0', 2: '0.0', 3: '2.351855716390306', 4: 398.03912819948033} 
{0: '0.4692874692874693', 1: '0.0', 2: '0.0', 3: '2.351855716390306', 4: 396.43728078703646} 
{0: '0.47058823529411764', 1: '0.0', 2: '0.0', 3: '2.212490124287102', 4: 393.15899118743005} 
{0: '0.46943765281173594', 1: '0.0', 2: '0.0', 3: '2.212490124287102', 4: 388.8720936742555} 
{0: '0.47073170731707314', 1: '0.0', 2: '0.0', 3: '2.351855716390306', 4: 390.02750802793315} 
{0: '0.4720194647201946', 1: '0.0', 2: '0.0', 3: '2.500000000000003', 4: 400.25932846057987} 
{0: '0.470873786407767', 1: '0.0', 2: '0.0', 3: '2.500000000000003', 4: 392.5284862040882} 
{0: '0.4721549636803874', 1: '0.0', 2: '0.0', 3: '2.351855716390306', 4: 412.44906115384185} 
{0: '0.47101449275362317', 1: '0.0', 2: '0.0', 3: '2.351855716390306', 4: 390.85309767534267} 
{0: '0.46987951807228917', 1: '0.0', 2: '0.0', 3: '2.351855716390306', 4: 394.4583182255467} 
{0: '0.46875', 1: '0.0', 2: '0.0', 3: '2.351855716390306', 4: 392.3368586935097} 
{0: '0.4676258992805755', 1: '0.0', 2: '0.0', 3: '2.351855716390306', 4: 393.93768570213234} 
{0: '0.4665071770334928', 1: '0.0', 2: '0.0', 3: '2.351855716390306', 4: 400.4780522970115} 
{0: '0.46539379474940334', 1: '0.0', 2: '0.0', 3: '2.351855716390306', 4: 392.84703657934375} 
{0: '0.4642857142857143', 1: '0.0', 2: '0.0', 3: '2.351855716390306', 4: 390.09261275851384} 
{0: '0.46318289786223277', 1: '0.0', 2: '0.0', 3: '2.351855716390306', 4: 393.5601000294337} 
{0: '0.46445497630331756', 1: '0.0', 2: '0.0', 3: '2.212490124287102', 4: 401.50661115347185} 
{0: '0.46335697399527187', 1: '0.0', 2: '0.0', 3: '2.212490124287102', 4: 405.46948605684787} 
{0: '0.46462264150943394', 1: '0.0', 2: '0.0', 3: '2.351855716390306', 4: 409.27101116249014} 
{0: '0.46588235294117647', 1: '0.0', 2: '0.0', 3: '2.500000000000003', 4: 403.03686166724043} 
{0: '0.4647887323943662', 1: '0.0', 2: '0.0', 3: '2.500000000000003', 4: 394.9210068613727} 
{0: '0.46604215456674475', 1: '0.0', 2: '0.0', 3: '2.351855716390306', 4: 396.3320875738572} 
{0: '0.4649532710280374', 1: '0.0', 2: '0.0', 3: '2.351855716390306', 4: 395.68377481296346} 
{0: '0.46386946386946387', 1: '0.0', 2: '0.0', 3: '2.351855716390306', 4: 403.32378506848534} 
{0: '0.4627906976744186', 1: '0.0', 2: '0.0', 3: '2.351855716390306', 4: 396.19219062030743} 
{0: '0.4617169373549884', 1: '0.0', 2: '0.0', 3: '2.351855716390306', 4: 399.39874731954905} 
{0: '0.46064814814814814', 1: '0.0', 2: '0.0', 3: '2.351855716390306', 4: 393.0938996570138} 
{0: '0.45958429561200925', 1: '0.0', 2: '0.0', 3: '2.351855716390306', 4: 391.6940121153096} 
{0: '0.4608294930875576', 1: '0.0', 2: '0.0', 3: '2.212490124287102', 4: 398.11380938381086} 
{0: '0.45977011494252873', 1: '0.0', 2: '0.0', 3: '2.212490124287102', 4: 393.682557793571} 
{0: '0.4610091743119266', 1: '0.0', 2: '0.0', 3: '2.351855716390306', 4: 405.60787490358825} 
{0: '0.4622425629290618', 1: '0.0', 2: '0.0', 3: '2.500000000000003', 4: 401.1392109081932} 
{0: '0.4611872146118721', 1: '0.0', 2: '0.0', 3: '2.500000000000003', 4: 388.3279654933985} 
{0: '0.4624145785876993', 1: '0.0', 2: '0.0', 3: '2.351855716390306', 4: 394.1534527926903} 
{0: '0.4636363636363636', 1: '0.0', 2: '0.0', 3: '2.212490124287102', 4: 389.95468552432334} 
{0: '0.46258503401360546', 1: '0.0', 2: '0.0', 3: '2.212490124287102', 4: 391.7100280480675} 
{0: '0.4638009049773756', 1: '0.0', 2: '0.0', 3: '2.351855716390306', 4: 394.52755206825753} 
{0: '0.46275395033860045', 1: '0.0', 2: '0.0', 3: '2.351855716390306', 4: 404.3113330894836} 
{0: '0.4617117117117117', 1: '0.0', 2: '0.0', 3: '2.351855716390306', 4: 395.04763266756197} 
{0: '0.4606741573033708', 1: '0.0', 2: '0.0', 3: '2.351855716390306', 4: 404.7265381488774} 
{0: '0.45964125560538116', 1: '0.0', 2: '0.0', 3: '2.351855716390306', 4: 403.36678923448187} 
{0: '0.4608501118568233', 1: '0.0', 2: '0.0', 3: '2.500000000000003', 4: 388.70034339439803} 
{0: '0.45982142857142855', 1: '0.0', 2: '0.0', 3: '2.500000000000003', 4: 385.9390821246559} 
{0: '0.4610244988864143', 1: '0.0', 2: '0.0', 3: '2.351855716390306', 4: 417.38397808715604} 
{0: '0.46', 1: '0.0', 2: '0.0', 3: '2.351855716390306', 4: 402.32656358062786} 
{0: '0.458980044345898', 1: '0.0', 2: '0.0', 3: '2.351855716390306', 4: 403.7085283395154} 
{0: '0.4579646017699115', 1: '0.0', 2: '0.0', 3: '2.351855716390306', 4: 395.3729374140376} 
{0: '0.45695364238410596', 1: '0.0', 2: '0.0', 3: '2.351855716390306', 4: 400.95310077849035} 
{0: '0.4581497797356828', 1: '0.0', 2: '0.0', 3: '2.212490124287102', 4: 399.35891720628945} 
{0: '0.45714285714285713', 1: '0.0', 2: '0.0', 3: '2.212490124287102', 4: 399.9453377418526} 
{0: '0.4583333333333333', 1: '0.0', 2: '0.0', 3: '2.351855716390306', 4: 384.74406039104315} 
{0: '0.45951859956236324', 1: '0.0', 2: '0.0', 3: '2.500000000000003', 4: 392.84380467991883} 
{0: '0.4585152838427948', 1: '0.0', 2: '0.0', 3: '2.500000000000003', 4: 400.0520533023114} 
{0: '0.4596949891067538', 1: '0.0', 2: '0.0', 3: '2.351855716390306', 4: 395.27564339817786} 
{0: '0.4608695652173913', 1: '0.0', 2: '0.0', 3: '2.212490124287102', 4: 409.4118774597701} 
{0: '0.4598698481561822', 1: '0.0', 2: '0.0', 3: '2.212490124287102', 4: 400.8126582342431} 
{0: '0.461038961038961', 1: '0.0', 2: '0.0', 3: '2.351855716390306', 4: 387.33837520408036} 
{0: '0.46004319654427644', 1: '0.0', 2: '0.0', 3: '2.351855716390306', 4: 415.7037656522271} 
{0: '0.45905172413793105', 1: '0.0', 2: '0.0', 3: '2.351855716390306', 4: 396.18752298288115} 
{0: '0.45806451612903226', 1: '0.0', 2: '0.0', 3: '2.351855716390306', 4: 404.1996516314886} 
{0: '0.4592274678111588', 1: '0.0', 2: '0.0', 3: '2.212490124287102', 4: 393.3347711425087} 
{0: '0.4603854389721627', 1: '0.0', 2: '0.0', 3: '2.081383018504685', 4: 398.3909480561912} 
{0: '0.46153846153846156', 1: '0.0', 2: '0.0', 3: '1.958045020027179', 4: 411.2886734447719} 
{0: '0.4605543710021322', 1: '0.0', 2: '0.0', 3: '1.958045020027179', 4: 392.9187526906402} 
{0: '0.46170212765957447', 1: '0.0', 2: '0.0', 3: '2.081383018504685', 4: 392.2487833044862} 
{0: '0.46284501061571126', 1: '0.0', 2: '0.0', 3: '2.212490124287102', 4: 404.4817958329645} 
{0: '0.4639830508474576', 1: '0.0', 2: '0.0', 3: '2.351855716390306', 4: 399.91485352783155} 
{0: '0.4630021141649049', 1: '0.0', 2: '0.0', 3: '2.351855716390306', 4: 395.6008874822519} 
{0: '0.4641350210970464', 1: '0.0', 2: '0.0', 3: '2.212490124287102', 4: 392.55557028918577} 
{0: '0.4631578947368421', 1: '0.0', 2: '0.0', 3: '2.212490124287102', 4: 405.37849282328557} 
{0: '0.4642857142857143', 1: '0.0', 2: '0.0', 3: '2.351855716390306', 4: 397.9006557236548} 
{0: '0.46540880503144655', 1: '0.0', 2: '0.0', 3: '2.500000000000003', 4: 403.0029119915336} 
{0: '0.46443514644351463', 1: '0.0', 2: '0.0', 3: '2.500000000000003', 4: 393.4525650438143} 
{0: '0.46555323590814196', 1: '0.0', 2: '0.0', 3: '2.351855716390306', 4: 394.78470649726006} 
{0: '0.4666666666666667', 1: '0.0', 2: '0.0', 3: '2.212490124287102', 4: 376.95444317194904} 
{0: '0.4677754677754678', 1: '0.0', 2: '0.0', 3: '2.081383018504685', 4: 398.5151816632351} 
{0: '0.46680497925311204', 1: '0.0', 2: '0.0', 3: '2.081383018504685', 4: 402.2747587346355} 
{0: '0.46790890269151136', 1: '0.0', 2: '0.0', 3: '2.212490124287102', 4: 389.28867213606117} 
{0: '0.4690082644628099', 1: '0.0', 2: '0.0', 3: '2.351855716390306', 4: 409.394083597613} 
{0: '0.47010309278350515', 1: '0.0', 2: '0.0', 3: '2.500000000000003', 4: 385.7468938038218} 
{0: '0.4691358024691358', 1: '0.0', 2: '0.0', 3: '2.500000000000003', 4: 403.1488874599997} 
{0: '0.4702258726899384', 1: '0.0', 2: '0.0', 3: '2.351855716390306', 4: 404.32297315597776} 
{0: '0.4692622950819672', 1: '0.0', 2: '0.0', 3: '2.351855716390306', 4: 406.85898215937834} 
{0: '0.4703476482617587', 1: '0.0', 2: '0.0', 3: '2.500000000000003', 4: 402.36863443067807} 
{0: '0.46938775510204084', 1: '0.0', 2: '0.0', 3: '2.500000000000003', 4: 406.81020206801264} 
{0: '0.47046843177189407', 1: '0.0', 2: '0.0', 3: '2.351855716390306', 4: 409.0406880981676} 
{0: '0.4695121951219512', 1: '0.0', 2: '0.0', 3: '2.351855716390306', 4: 388.4502778663129} 
{0: '0.4685598377281947', 1: '0.0', 2: '0.0', 3: '2.351855716390306', 4: 396.56921035538454} 
{0: '0.46963562753036436', 1: '0.0', 2: '0.0', 3: '2.212490124287102', 4: 412.51892422239746} 
{0: '0.4707070707070707', 1: '0.0', 2: '0.0', 3: '2.081383018504685', 4: 400.8784030423809} 
{0: '0.46975806451612906', 1: '0.0', 2: '0.0', 3: '2.081383018504685', 4: 393.21303444089904} 
{0: '0.4708249496981891', 1: '0.0', 2: '0.0', 3: '2.212490124287102', 4: 405.4166591883145} 
{0: '0.46987951807228917', 1: '0.0', 2: '0.0', 3: '2.212490124287102', 4: 391.21325703613985} 
{0: '0.46893787575150303', 1: '0.0', 2: '0.0', 3: '2.212490124287102', 4: 401.29397314605285} 
