{'STAT2HEADER': 'STAT2HEADER', 'STAT2HEADER_ENVIRON': 'environ({\'OMPI_MCA_pmix\': \'^s1,s2,cray,isolated\', \'PMIX_MCA_mca_base_component_show_load_errors\': \'1\', \'OMPI_COMMAND\': \'python3\', \'OMPI_ARGV\': \'static_snapshot.py 3 0min\', \'OMPI_MCA_orte_precondition_transports\': \'f92a0b197d33f26a-4742682915e31899\', \'LD_LIBRARY_PATH\': \'/salilab/diva1/programs/x86_64linux/numpy-py36-1.19.5/lib:/salilab/diva1/home/libs/x86_64/centos8:/salilab/diva1/home/libs/x86_64:/salilab/diva1/home/imp/main/20240607-af6f9d6a95/lib/release8:/salilab/diva1/programs/x86_64linux/opencv-4.3.0/lib64/rhel:/salilab/diva1/programs/x86_64linux/opencv-4.3.0/lib64:/salilab/diva1/programs/x86_64linux/hdf5-1.10.7/lib:/salilab/diva1/programs/x86_64linux/libtau-py27-1.0.1/lib64:/salilab/diva1/programs/x86_64linux/boost-1.73.0/lib64:/usr/lib64/openmpi/lib:/wynton/group/sali/miha_rozic/Software/imp-develop/build/lib::\', \'IMP_TMP_DIR\': \'/wynton/group/sali/miha_rozic/Software/imp-develop/build/tmp\', \'PE_HOSTFILE\': \'/var/spool/sge/wynton/qb3-id335/active_jobs/709049.1/pe_hostfile\', \'__LMOD_REF_COUNT_PATH\': \'/salilab/diva1/programs/x86_64linux/numpy-py36-1.19.5/bin:1;/salilab/diva1/home/imp/main/20240607-af6f9d6a95/bin/release8:1;/salilab/diva1/programs/x86_64linux/opencv-4.3.0/bin:1;/salilab/diva1/programs/x86_64linux/hdf5-1.10.7/bin:1;/usr/lib64/openmpi/bin:1;/wynton/home/sali/rozicmiha/.local/bin:1;/wynton/home/sali/rozicmiha/bin:1;/wynton/group/sali/miha_rozic/Software/imp-develop/build/bin:1;/wynton/group/sali/miha_rozic/Software/imp-develop/build/module_bin/EMageFit:1;/wynton/group/sali/miha_rozic/Software/imp-develop/build/module_bin/algebra:1;/wynton/group/sali/miha_rozic/Software/imp-develop/build/module_bin/atom:1;/wynton/group/sali/miha_rozic/Software/imp-develop/build/module_bin/benchmark:1;/wynton/group/sali/miha_rozic/Software/imp-develop/build/module_bin/cgal:1;/wynton/group/sali/miha_rozic/Software/imp-develop/build/module_bin/cnmultifit:1;/wynton/group/sali/miha_rozic/Software/imp-develop/build/module_bin/container:1;/wynton/group/sali/miha_rozic/Software/imp-develop/build/module_bin/core:1;/wynton/group/sali/miha_rozic/Software/imp-develop/build/module_bin/display:1;/wynton/group/sali/miha_rozic/Software/imp-develop/build/module_bin/domino:1;/wynton/group/sali/miha_rozic/Software/imp-develop/build/module_bin/em:1;/wynton/group/sali/miha_rozic/Software/imp-develop/build/module_bin/em2d:1;/wynton/group/sali/miha_rozic/Software/imp-develop/build/module_bin/example:1;/wynton/group/sali/miha_rozic/Software/imp-develop/build/module_bin/foxs:1;/wynton/group/sali/miha_rozic/Software/imp-develop/build/module_bin/gsl:1;/wynton/group/sali/miha_rozic/Software/imp-develop/build/module_bin/integrative_docking:1;/wynton/group/sali/miha_rozic/Software/imp-develop/build/module_bin/isd:1;/wynton/group/sali/miha_rozic/Software/imp-develop/build/module_bin/kernel:1;/wynton/group/sali/miha_rozic/Software/imp-develop/build/module_bin/kinematics:1;/wynton/group/sali/miha_rozic/Software/imp-develop/build/module_bin/kmeans:1;/wynton/group/sali/miha_rozic/Software/imp-develop/build/module_bin/misc:1;/wynton/group/sali/miha_rozic/Software/imp-develop/build/module_bin/mmcif:1;/wynton/group/sali/miha_rozic/Software/imp-develop/build/module_bin/modeller:1;/wynton/group/sali/miha_rozic/Software/imp-develop/build/module_bin/mpi:1;/wynton/group/sali/miha_rozic/Software/imp-develop/build/module_bin/multi_state:1;/wynton/group/sali/miha_rozic/Software/imp-develop/build/module_bin/multifit:1;/wynton/group/sali/miha_rozic/Software/imp-develop/build/module_bin/npc:1;/wynton/group/sali/miha_rozic/Software/imp-develop/build/module_bin/npcassembly:1;/wynton/group/sali/miha_rozic/Software/imp-develop/build/module_bin/parallel:1;/wynton/group/sali/miha_rozic/Software/imp-develop/build/module_bin/pepdock:1;/wynton/group/sali/miha_rozic/Software/imp-develop/build/module_bin/pmi:1;/wynton/group/sali/miha_rozic/Software/imp-develop/build/module_bin/rmf:1;/wynton/group/sali/miha_rozic/Software/imp-develop/build/module_bin/rotamer:1;/wynton/group/sali/miha_rozic/Software/imp-develop/build/module_bin/saxs:1;/wynton/group/sali/miha_rozic/Software/imp-develop/build/module_bin/saxs_merge:1;/wynton/group/sali/miha_rozic/Software/imp-develop/build/module_bin/score_functor:1;/wynton/group/sali/miha_rozic/Software/imp-develop/build/module_bin/scratch:1;/wynton/group/sali/miha_rozic/Software/imp-develop/build/module_bin/spb:1;/wynton/group/sali/miha_rozic/Software/imp-develop/build/module_bin/statistics:1;/wynton/group/sali/miha_rozic/Software/imp-develop/build/module_bin/symmetry:1;/wynton/group/sali/miha_rozic/Software/imp-develop/build/module_bin/test:1;/opt/sge/bin:1;/opt/sge/bin/lx-amd64:1;/scratch/709049.1.member.q:1;/usr/local/bin:1;/bin:1;/usr/bin:1;/usr/local/sbin:1;/usr/sbin:1\', \'_ModuleTable002_\': \'fSwKc3RhY2tEZXB0aCA9IDEsCnN0YXR1cyA9ICJhY3RpdmUiLAp1c2VyTmFtZSA9ICJib29zdC8xLjczLjAiLAp3ViA9ICIwMDAwMDAwMDEuMDAwMDAwMDczLip6ZmluYWwiLAp9LApoZGY1ID0gewpmbiA9ICIvc2FsaWxhYi9kaXZhMS9ob21lL21vZHVsZXMvaGRmNS8xLjEwLjciLApmdWxsTmFtZSA9ICJoZGY1LzEuMTAuNyIsCmxvYWRPcmRlciA9IDUsCnByb3BUID0ge30sCnN0YWNrRGVwdGggPSAyLApzdGF0dXMgPSAiYWN0aXZlIiwKdXNlck5hbWUgPSAiaGRmNS8xLjEwLjciLAp3ViA9ICIwMDAwMDAwMDEuMDAwMDAwMDEwLjAwMDAwMDAwNy4qemZpbmFsIiwKfSwKaW1wID0gewpmbiA9ICIvc2FsaWxhYi9kaXZhMS9ob21lL21vZHVsZXMvaW1wLzIuMjEuMCIsCmZ1bGxO\', \'IMP_DIR\': \'/salilab/diva1/home/imp/main/20240607-af6f9d6a95/lib/release8/cmake/IMP\', \'QUEUE\': \'member.q\', \'GOTO_NUM_THREADS\': \'1\', \'MPI_PYTHON3_SITEARCH\': \'/usr/lib64/python3.6/site-packages/openmpi\', \'LANG\': \'en_US.UTF-8\', \'HISTCONTROL\': \'ignoredups\', \'_ModuleTable008_\': \'cyIsCmZ1bGxOYW1lID0gInNhbGktbGlicmFyaWVzIiwKbG9hZE9yZGVyID0gOCwKcHJvcFQgPSB7fSwKc3RhY2tEZXB0aCA9IDEsCnN0YXR1cyA9ICJhY3RpdmUiLAp1c2VyTmFtZSA9ICJzYWxpLWxpYnJhcmllcyIsCndWID0gIk0uKnpmaW5hbCIsCn0sCn0sCm1wYXRoQSA9IHsKIi9zYWxpbGFiL2RpdmExL2hvbWUvbW9kdWxlcyIsICIvZXRjL21vZHVsZWZpbGVzIiwgIi91c3Ivc2hhcmUvbW9kdWxlZmlsZXMiCiwgIi91c3Ivc2hhcmUvbW9kdWxlZmlsZXMvTGludXgiLCAiL3Vzci9zaGFyZS9tb2R1bGVmaWxlcy9Db3JlIiwgIi91c3Ivc2hhcmUvbG1vZC9sbW9kL21vZHVsZWZpbGVzL0NvcmUiLAp9LApzeXN0ZW1CYXNlTVBBVEggPSAiL2V0Yy9tb2R1bGVmaWxlczovdXNy\', \'SGE_O_HOST\': \'dev1\', \'HOSTNAME\': \'qb3-id335.wynton.ucsf.edu\', \'OPENBLAS_NUM_THREADS\': \'1\', \'__LMOD_REF_COUNT_CMAKE_INCLUDE_PATH\': \'/salilab/diva1/programs/x86_64linux/opencv-4.3.0/include/opencv4:1;/salilab/diva1/programs/x86_64linux/hdf5-1.10.7/include:1;/salilab/diva1/programs/x86_64linux/libtau-py27-1.0.1/include:1;/salilab/diva1/programs/x86_64linux/boost-1.73.0/include:1\', \'SGE_RSH_COMMAND\': \'builtin\', \'ENVIRONMENT\': \'BATCH\', \'IMP_DATA\': \'/wynton/group/sali/miha_rozic/Software/imp-develop/build/data\', \'REQUEST\': \'test1\', \'SGE_STDIN_PATH\': \'/dev/null\', \'SGE_CELL\': \'wynton\', \'_ModuleTable007_\': \'MjEuMyIsCndWID0gIjAwMDAwMDAwMC4wMDAwMDAwMjEuMDAwMDAwMDAzLip6ZmluYWwiLAp9LApbInB5dGhvbjMvc2NpcHkiXSA9IHsKZm4gPSAiL3NhbGlsYWIvZGl2YTEvaG9tZS9tb2R1bGVzL3B5dGhvbjMvc2NpcHkvMS4zLjIiLApmdWxsTmFtZSA9ICJweXRob24zL3NjaXB5LzEuMy4yIiwKbG9hZE9yZGVyID0gMTAsCnByb3BUID0ge30sCnN0YWNrRGVwdGggPSAxLApzdGF0dXMgPSAiYWN0aXZlIiwKdXNlck5hbWUgPSAicHl0aG9uMy9zY2lweS8xLjMuMiIsCndWID0gIjAwMDAwMDAwMS4wMDAwMDAwMDMuMDAwMDAwMDAyLip6ZmluYWwiLAp9LApbInNhbGktbGlicmFyaWVzIl0gPSB7CmZuID0gIi9zYWxpbGFiL2RpdmExL2hvbWUvbW9kdWxlcy9zYWxpLWxpYnJhcmll\', \'CMAKE_INCLUDE_PATH\': \'/salilab/diva1/programs/x86_64linux/opencv-4.3.0/include/opencv4:/salilab/diva1/programs/x86_64linux/hdf5-1.10.7/include:/salilab/diva1/programs/x86_64linux/libtau-py27-1.0.1/include:/salilab/diva1/programs/x86_64linux/boost-1.73.0/include\', \'__LMOD_REF_COUNT_LD_LIBRARY_PATH\': \'/salilab/diva1/programs/x86_64linux/numpy-py36-1.19.5/lib:1;/salilab/diva1/home/libs/x86_64/centos8:1;/salilab/diva1/home/libs/x86_64:1;/salilab/diva1/home/imp/main/20240607-af6f9d6a95/lib/release8:1;/salilab/diva1/programs/x86_64linux/opencv-4.3.0/lib64/rhel:1;/salilab/diva1/programs/x86_64linux/opencv-4.3.0/lib64:1;/salilab/diva1/programs/x86_64linux/hdf5-1.10.7/lib:1;/salilab/diva1/programs/x86_64linux/libtau-py27-1.0.1/lib64:1;/salilab/diva1/programs/x86_64linux/boost-1.73.0/lib64:1;/usr/lib64/openmpi/lib:1;/wynton/group/sali/miha_rozic/Software/imp-develop/build/lib:2;:1\', \'__LMOD_REF_COUNT_PKG_CONFIG_PATH\': \'/usr/lib64/openmpi/lib/pkgconfig:1\', \'_ModuleTable004_\': \'aGFyZS9tb2R1bGVmaWxlcy9tcGkvb3Blbm1waS14ODZfNjQiLApmdWxsTmFtZSA9ICJtcGkvb3Blbm1waS14ODZfNjQiLApsb2FkT3JkZXIgPSAyLApwcm9wVCA9IHt9LApzdGFja0RlcHRoID0gMCwKc3RhdHVzID0gImFjdGl2ZSIsCnVzZXJOYW1lID0gIm1waS9vcGVubXBpLXg4Nl82NCIsCndWID0gIipvcGVubXBpLip4LjAwMDAwMDA4Ni4qXy4wMDAwMDAwNjQuKnpmaW5hbCIsCn0sCm9wZW5jdiA9IHsKZm4gPSAiL3NhbGlsYWIvZGl2YTEvaG9tZS9tb2R1bGVzL29wZW5jdi80LjMuMCIsCmZ1bGxOYW1lID0gIm9wZW5jdi80LjMuMCIsCmxvYWRPcmRlciA9IDYsCnByb3BUID0ge30sCnN0YWNrRGVwdGggPSAxLApzdGF0dXMgPSAiYWN0aXZlIiwKdXNlck5hbWUgPSAib3Bl\', \'__LMOD_REF_COUNT_PYTHONPATH\': \'/salilab/diva1/programs/x86_64linux/scikit-py36-0.21.3/lib64/python3.6/site-packages:1;/salilab/diva1/programs/linux/joblib-0.17.0/lib/python3.6/site-packages:1;/salilab/diva1/programs/x86_64linux/scipy-py36-1.3.2/lib64/python3.6/site-packages:1;/salilab/diva1/programs/x86_64linux/numpy-py36-1.19.5/lib64/python3.6/site-packages:1;/salilab/diva1/home/imp/main/20240607-af6f9d6a95/lib/release8:1;/salilab/diva1/programs/x86_64linux/opencv-4.3.0/lib/python3.6/site-packages:1;/wynton/group/sali/miha_rozic/Software/imp-develop/build/lib:2;:1\', \'which_declare\': \'declare -f\', \'NHOSTS\': \'1\', \'SGE_O_WORKDIR\': \'/wynton/group/sali/miha_rozic/Input_information/SNAPSHOTS/central_directory/snapshot3_0min/run48\', \'USER\': \'rozicmiha\', \'SGE_TASK_ID\': \'undefined\', \'__LMOD_REF_COUNT_CMAKE_LIBRARY_PATH\': \'/salilab/diva1/programs/x86_64linux/opencv-4.3.0/lib64:1;/salilab/diva1/programs/x86_64linux/hdf5-1.10.7/lib:1;/salilab/diva1/programs/x86_64linux/libtau-py27-1.0.1/lib64:1;/salilab/diva1/programs/x86_64linux/boost-1.73.0/lib64:1\', \'SGE_TASK_FIRST\': \'undefined\', \'NSLOTS\': \'16\', \'__LMOD_REF_COUNT_MODULEPATH\': \'/salilab/diva1/home/modules:1;/etc/modulefiles:1;/usr/share/modulefiles:1;/usr/share/modulefiles/Linux:1;/usr/share/modulefiles/Core:1;/usr/share/lmod/lmod/modulefiles/Core:1\', \'PWD\': \'/wynton/group/sali/miha_rozic/Input_information/SNAPSHOTS/central_directory/snapshot3_0min/run48\', \'HOME\': \'/wynton/home/sali/rozicmiha\', \'NQUEUES\': \'1\', \'TMP\': \'/scratch/709049.1.member.q\', \'PE\': \'smp\', \'SGE_O_HOME\': \'/wynton/home/sali/rozicmiha\', \'LMOD_VERSION\': \'8.7.32\', \'JOB_NAME\': \'test1\', \'BASH_ENV\': \'/usr/share/lmod/lmod/init/bash\', \'MPI_FORTRAN_MOD_DIR\': \'/usr/lib64/gfortran/modules/openmpi\', \'SGE_TASK_LAST\': \'undefined\', \'MKL_NUM_THREADS\': \'1\', \'MPI_COMPILER\': \'openmpi-x86_64\', \'SGE_ACCOUNT\': \'sge\', \'SGE_ROOT\': \'/opt/sge\', \'MPI_SUFFIX\': \'_openmpi\', \'TMPDIR\': \'/scratch/709049.1.member.q\', \'RESTARTED\': \'0\', \'LMOD_sys\': \'Linux\', \'_ModuleTable001_\': \'X01vZHVsZVRhYmxlXyA9IHsKTVR2ZXJzaW9uID0gMywKY19yZWJ1aWxkVGltZSA9IGZhbHNlLApjX3Nob3J0VGltZSA9IGZhbHNlLApkZXB0aFQgPSB7fSwKZmFtaWx5ID0ge30sCm1UID0gewpTYWxpID0gewpmbiA9ICIvZXRjL21vZHVsZWZpbGVzL1NhbGkubHVhIiwKZnVsbE5hbWUgPSAiU2FsaSIsCmxvYWRPcmRlciA9IDEsCnByb3BUID0ge30sCnN0YWNrRGVwdGggPSAwLApzdGF0dXMgPSAiYWN0aXZlIiwKdXNlck5hbWUgPSAiU2FsaSIsCndWID0gIk0uKnpmaW5hbCIsCn0sCmJvb3N0ID0gewpmbiA9ICIvc2FsaWxhYi9kaXZhMS9ob21lL21vZHVsZXMvYm9vc3QvMS43My4wIiwKZnVsbE5hbWUgPSAiYm9vc3QvMS43My4wIiwKbG9hZE9yZGVyID0gMywKcHJvcFQgPSB7\', \'LOADEDMODULES\': \'Sali:mpi/openmpi-x86_64:boost/1.73.0:libtau/1.0.1:hdf5/1.10.7:opencv/4.3.0:imp/2.21.0:sali-libraries:python3/numpy/1.19.5:python3/scipy/1.3.2:python3/joblib/0.17.0:python3/scikit/0.21.3\', \'SGE_O_PATH\': \'/salilab/diva1/programs/x86_64linux/numpy-py36-1.19.5/bin:/salilab/diva1/home/imp/main/20240607-af6f9d6a95/bin/release8:/salilab/diva1/programs/x86_64linux/opencv-4.3.0/bin:/salilab/diva1/programs/x86_64linux/hdf5-1.10.7/bin:/wynton/home/sali/rozicmiha/.local/bin:/wynton/home/sali/rozicmiha/bin:/wynton/group/sali/miha_rozic/Software/imp-develop/build/bin:/wynton/group/sali/miha_rozic/Software/imp-develop/build/module_bin/EMageFit:/wynton/group/sali/miha_rozic/Software/imp-develop/build/module_bin/algebra:/wynton/group/sali/miha_rozic/Software/imp-develop/build/module_bin/atom:/wynton/group/sali/miha_rozic/Software/imp-develop/build/module_bin/benchmark:/wynton/group/sali/miha_rozic/Software/imp-develop/build/module_bin/cgal:/wynton/group/sali/miha_rozic/Software/imp-develop/build/module_bin/cnmultifit:/wynton/group/sali/miha_rozic/Software/imp-develop/build/module_bin/container:/wynton/group/sali/miha_rozic/Software/imp-develop/build/module_bin/core:/wynton/group/sali/miha_rozic/Software/imp-develop/build/module_bin/display:/wynton/group/sali/miha_rozic/Software/imp-develop/build/module_bin/domino:/wynton/group/sali/miha_rozic/Software/imp-develop/build/module_bin/em:/wynton/group/sali/miha_rozic/Software/imp-develop/build/module_bin/em2d:/wynton/group/sali/miha_rozic/Software/imp-develop/build/module_bin/example:/wynton/group/sali/miha_rozic/Software/imp-develop/build/module_bin/foxs:/wynton/group/sali/miha_rozic/Software/imp-develop/build/module_bin/gsl:/wynton/group/sali/miha_rozic/Software/imp-develop/build/module_bin/integrative_docking:/wynton/group/sali/miha_rozic/Software/imp-develop/build/module_bin/isd:/wynton/group/sali/miha_rozic/Software/imp-develop/build/module_bin/kernel:/wynton/group/sali/miha_rozic/Software/imp-develop/build/module_bin/kinematics:/wynton/group/sali/miha_rozic/Software/imp-develop/build/module_bin/kmeans:/wynton/group/sali/miha_rozic/Software/imp-develop/build/module_bin/misc:/wynton/group/sali/miha_rozic/Software/imp-develop/build/module_bin/mmcif:/wynton/group/sali/miha_rozic/Software/imp-develop/build/module_bin/modeller:/wynton/group/sali/miha_rozic/Software/imp-develop/build/module_bin/mpi:/wynton/group/sali/miha_rozic/Software/imp-develop/build/module_bin/multi_state:/wynton/group/sali/miha_rozic/Software/imp-develop/build/module_bin/multifit:/wynton/group/sali/miha_rozic/Software/imp-develop/build/module_bin/npc:/wynton/group/sali/miha_rozic/Software/imp-develop/build/module_bin/npcassembly:/wynton/group/sali/miha_rozic/Software/imp-develop/build/module_bin/parallel:/wynton/group/sali/miha_rozic/Software/imp-develop/build/module_bin/pepdock:/wynton/group/sali/miha_rozic/Software/imp-develop/build/module_bin/pmi:/wynton/group/sali/miha_rozic/Software/imp-develop/build/module_bin/rmf:/wynton/group/sali/miha_rozic/Software/imp-develop/build/module_bin/rotamer:/wynton/group/sali/miha_rozic/Software/imp-develop/build/module_bin/saxs:/wynton/group/sali/miha_rozic/Software/imp-develop/build/module_bin/saxs_merge:/wynton/group/sali/miha_rozic/Software/imp-develop/build/module_bin/score_functor:/wynton/group/sali/miha_rozic/Software/imp-develop/build/module_bin/scratch:/wynton/group/sali/miha_rozic/Software/imp-develop/build/module_bin/spb:/wynton/group/sali/miha_rozic/Software/imp-develop/build/module_bin/statistics:/wynton/group/sali/miha_rozic/Software/imp-develop/build/module_bin/symmetry:/wynton/group/sali/miha_rozic/Software/imp-develop/build/module_bin/test:/opt/sge/bin:/opt/sge/bin/lx-amd64:/usr/local/bin:/usr/bin:/usr/local/sbin:/usr/sbin\', \'SGE_O_SHELL\': \'/bin/bash\', \'_ModuleTable006_\': \'bWUgPSAicHl0aG9uMy9udW1weS8xLjE5LjUiLApsb2FkT3JkZXIgPSA5LApwcm9wVCA9IHt9LApzdGFja0RlcHRoID0gMiwKc3RhdHVzID0gImFjdGl2ZSIsCnVzZXJOYW1lID0gInB5dGhvbjMvbnVtcHkvMS4xOS41IiwKd1YgPSAiMDAwMDAwMDAxLjAwMDAwMDAxOS4wMDAwMDAwMDUuKnpmaW5hbCIsCn0sClsicHl0aG9uMy9zY2lraXQiXSA9IHsKZm4gPSAiL3NhbGlsYWIvZGl2YTEvaG9tZS9tb2R1bGVzL3B5dGhvbjMvc2Npa2l0LzAuMjEuMyIsCmZ1bGxOYW1lID0gInB5dGhvbjMvc2Npa2l0LzAuMjEuMyIsCmxvYWRPcmRlciA9IDEyLApwcm9wVCA9IHt9LApzdGFja0RlcHRoID0gMCwKc3RhdHVzID0gImFjdGl2ZSIsCnVzZXJOYW1lID0gInB5dGhvbjMvc2Npa2l0LzAu\', \'__LMOD_REF_COUNT_MANPATH\': \':2;/usr/share/man/openmpi-x86_64:1;/opt/sge/man:1;/usr/share/lmod/lmod/share/man:1\', \'MPI_INCLUDE\': \'/usr/include/openmpi-x86_64\', \'_ModuleTable003_\': \'YW1lID0gImltcC8yLjIxLjAiLApsb2FkT3JkZXIgPSA3LApwcm9wVCA9IHt9LApzdGFja0RlcHRoID0gMCwKc3RhdHVzID0gImFjdGl2ZSIsCnVzZXJOYW1lID0gImltcCIsCndWID0gIl4wMDAwMDAwMi4wMDAwMDAwMjEuKnpmaW5hbCIsCn0sCmxpYnRhdSA9IHsKZm4gPSAiL3NhbGlsYWIvZGl2YTEvaG9tZS9tb2R1bGVzL2xpYnRhdS8xLjAuMSIsCmZ1bGxOYW1lID0gImxpYnRhdS8xLjAuMSIsCmxvYWRPcmRlciA9IDQsCnByb3BUID0ge30sCnN0YWNrRGVwdGggPSAxLApzdGF0dXMgPSAiYWN0aXZlIiwKdXNlck5hbWUgPSAibGlidGF1LzEuMC4xIiwKd1YgPSAiMDAwMDAwMDAxLjAwMDAwMDAwMC4wMDAwMDAwMDEuKnpmaW5hbCIsCn0sCm1waSA9IHsKZm4gPSAiL3Vzci9z\', \'LMOD_ROOT\': \'/usr/share/lmod\', \'SYSTEMCTL_SKIP_REDIRECT\': \'\', \'MAIL\': \'/var/spool/mail/rozicmiha\', \'SGE_CWD_PATH\': \'/wynton/group/sali/miha_rozic/Input_information/SNAPSHOTS/central_directory/snapshot3_0min/run48\', \'MPI_HOME\': \'/usr/lib64/openmpi\', \'_ModuleTable009_\': \'L3NoYXJlL21vZHVsZWZpbGVzOi91c3Ivc2hhcmUvbW9kdWxlZmlsZXMvTGludXg6L3Vzci9zaGFyZS9tb2R1bGVmaWxlcy9Db3JlOi91c3Ivc2hhcmUvbG1vZC9sbW9kL21vZHVsZWZpbGVzL0NvcmUiLAp9Cg==\', \'SGE_TASK_STEPSIZE\': \'undefined\', \'SHELL\': \'/bin/bash\', \'TERM\': \'\', \'_ModuleTable_Sz_\': \'9\', \'SGE_JOB_SPOOL_DIR\': \'/var/spool/sge/wynton/qb3-id335/active_jobs/709049.1\', \'JOB_ID\': \'709049\', \'IMP_EXAMPLE_DATA\': \'/wynton/group/sali/miha_rozic/Software/imp-develop/build/doc/examples\', \'R_FUTURE_AVAILABLECORES_FALLBACK\': \'1\', \'JOB_SCRIPT\': \'/var/spool/sge/wynton/qb3-id335/job_scripts/709049\', \'SHLVL\': \'2\', \'SGE_O_LOGNAME\': \'rozicmiha\', \'SGE_O_MAIL\': \'/var/spool/mail/rozicmiha\', \'PYTHONPATH\': \'/salilab/diva1/programs/x86_64linux/scikit-py36-0.21.3/lib64/python3.6/site-packages:/salilab/diva1/programs/linux/joblib-0.17.0/lib/python3.6/site-packages:/salilab/diva1/programs/x86_64linux/scipy-py36-1.3.2/lib64/python3.6/site-packages:/salilab/diva1/programs/x86_64linux/numpy-py36-1.19.5/lib64/python3.6/site-packages:/salilab/diva1/home/imp/main/20240607-af6f9d6a95/lib/release8:/salilab/diva1/programs/x86_64linux/opencv-4.3.0/lib/python3.6/site-packages:/wynton/group/sali/miha_rozic/Software/imp-develop/build/lib::\', \'MANPATH\': \':/usr/share/man/openmpi-x86_64:/opt/sge/man:/usr/share/lmod/lmod/share/man\', \'MODULEPATH\': \'/salilab/diva1/home/modules:/etc/modulefiles:/usr/share/modulefiles:/usr/share/modulefiles/Linux:/usr/share/modulefiles/Core:/usr/share/lmod/lmod/modulefiles/Core\', \'MPI_SYSCONFIG\': \'/etc/openmpi-x86_64\', \'LOGNAME\': \'rozicmiha\', \'SYSTEMCTL_IGNORE_DEPENDENCIES\': \'\', \'MODULEPATH_ROOT\': \'/usr/share/modulefiles\', \'PATH\': \'/salilab/diva1/programs/x86_64linux/numpy-py36-1.19.5/bin:/salilab/diva1/home/imp/main/20240607-af6f9d6a95/bin/release8:/salilab/diva1/programs/x86_64linux/opencv-4.3.0/bin:/salilab/diva1/programs/x86_64linux/hdf5-1.10.7/bin:/usr/lib64/openmpi/bin:/wynton/home/sali/rozicmiha/.local/bin:/wynton/home/sali/rozicmiha/bin:/wynton/group/sali/miha_rozic/Software/imp-develop/build/bin:/wynton/group/sali/miha_rozic/Software/imp-develop/build/module_bin/EMageFit:/wynton/group/sali/miha_rozic/Software/imp-develop/build/module_bin/algebra:/wynton/group/sali/miha_rozic/Software/imp-develop/build/module_bin/atom:/wynton/group/sali/miha_rozic/Software/imp-develop/build/module_bin/benchmark:/wynton/group/sali/miha_rozic/Software/imp-develop/build/module_bin/cgal:/wynton/group/sali/miha_rozic/Software/imp-develop/build/module_bin/cnmultifit:/wynton/group/sali/miha_rozic/Software/imp-develop/build/module_bin/container:/wynton/group/sali/miha_rozic/Software/imp-develop/build/module_bin/core:/wynton/group/sali/miha_rozic/Software/imp-develop/build/module_bin/display:/wynton/group/sali/miha_rozic/Software/imp-develop/build/module_bin/domino:/wynton/group/sali/miha_rozic/Software/imp-develop/build/module_bin/em:/wynton/group/sali/miha_rozic/Software/imp-develop/build/module_bin/em2d:/wynton/group/sali/miha_rozic/Software/imp-develop/build/module_bin/example:/wynton/group/sali/miha_rozic/Software/imp-develop/build/module_bin/foxs:/wynton/group/sali/miha_rozic/Software/imp-develop/build/module_bin/gsl:/wynton/group/sali/miha_rozic/Software/imp-develop/build/module_bin/integrative_docking:/wynton/group/sali/miha_rozic/Software/imp-develop/build/module_bin/isd:/wynton/group/sali/miha_rozic/Software/imp-develop/build/module_bin/kernel:/wynton/group/sali/miha_rozic/Software/imp-develop/build/module_bin/kinematics:/wynton/group/sali/miha_rozic/Software/imp-develop/build/module_bin/kmeans:/wynton/group/sali/miha_rozic/Software/imp-develop/build/module_bin/misc:/wynton/group/sali/miha_rozic/Software/imp-develop/build/module_bin/mmcif:/wynton/group/sali/miha_rozic/Software/imp-develop/build/module_bin/modeller:/wynton/group/sali/miha_rozic/Software/imp-develop/build/module_bin/mpi:/wynton/group/sali/miha_rozic/Software/imp-develop/build/module_bin/multi_state:/wynton/group/sali/miha_rozic/Software/imp-develop/build/module_bin/multifit:/wynton/group/sali/miha_rozic/Software/imp-develop/build/module_bin/npc:/wynton/group/sali/miha_rozic/Software/imp-develop/build/module_bin/npcassembly:/wynton/group/sali/miha_rozic/Software/imp-develop/build/module_bin/parallel:/wynton/group/sali/miha_rozic/Software/imp-develop/build/module_bin/pepdock:/wynton/group/sali/miha_rozic/Software/imp-develop/build/module_bin/pmi:/wynton/group/sali/miha_rozic/Software/imp-develop/build/module_bin/rmf:/wynton/group/sali/miha_rozic/Software/imp-develop/build/module_bin/rotamer:/wynton/group/sali/miha_rozic/Software/imp-develop/build/module_bin/saxs:/wynton/group/sali/miha_rozic/Software/imp-develop/build/module_bin/saxs_merge:/wynton/group/sali/miha_rozic/Software/imp-develop/build/module_bin/score_functor:/wynton/group/sali/miha_rozic/Software/imp-develop/build/module_bin/scratch:/wynton/group/sali/miha_rozic/Software/imp-develop/build/module_bin/spb:/wynton/group/sali/miha_rozic/Software/imp-develop/build/module_bin/statistics:/wynton/group/sali/miha_rozic/Software/imp-develop/build/module_bin/symmetry:/wynton/group/sali/miha_rozic/Software/imp-develop/build/module_bin/test:/opt/sge/bin:/opt/sge/bin/lx-amd64:/scratch/709049.1.member.q:/usr/local/bin:/bin:/usr/bin:/usr/local/sbin:/usr/sbin\', \'MPI_BIN\': \'/usr/lib64/openmpi/bin\', \'SGE_STDERR_PATH\': \'/wynton/group/sali/miha_rozic/Input_information/SNAPSHOTS/central_directory/snapshot3_0min/run48/test1.o709049\', \'_LMFILES_\': \'/etc/modulefiles/Sali.lua:/usr/share/modulefiles/mpi/openmpi-x86_64:/salilab/diva1/home/modules/boost/1.73.0:/salilab/diva1/home/modules/libtau/1.0.1:/salilab/diva1/home/modules/hdf5/1.10.7:/salilab/diva1/home/modules/opencv/4.3.0:/salilab/diva1/home/modules/imp/2.21.0:/salilab/diva1/home/modules/sali-libraries:/salilab/diva1/home/modules/python3/numpy/1.19.5:/salilab/diva1/home/modules/python3/scipy/1.3.2:/salilab/diva1/home/modules/python3/joblib/0.17.0:/salilab/diva1/home/modules/python3/scikit/0.21.3\', \'DEBUGINFOD_URLS\': \'https://debuginfod.centos.org/ \', \'MODULESHOME\': \'/usr/share/lmod/lmod\', \'PKG_CONFIG_PATH\': \'/usr/lib64/openmpi/lib/pkgconfig\', \'LMOD_SETTARG_FULL_SUPPORT\': \'no\', \'HISTSIZE\': \'1000\', \'SGE_ARCH\': \'lx-amd64\', \'LMOD_PKG\': \'/usr/share/lmod/lmod\', \'CMAKE_LIBRARY_PATH\': \'/salilab/diva1/programs/x86_64linux/opencv-4.3.0/lib64:/salilab/diva1/programs/x86_64linux/hdf5-1.10.7/lib:/salilab/diva1/programs/x86_64linux/libtau-py27-1.0.1/lib64:/salilab/diva1/programs/x86_64linux/boost-1.73.0/lib64\', \'ARC\': \'lx-amd64\', \'MPI_LIB\': \'/usr/lib64/openmpi/lib\', \'SGE_BINARY_PATH\': \'/opt/sge/bin/lx-amd64\', \'SGE_STDOUT_PATH\': \'/wynton/group/sali/miha_rozic/Input_information/SNAPSHOTS/central_directory/snapshot3_0min/run48/test1.o709049\', \'_ModuleTable005_\': \'bmN2LzQuMy4wIiwKd1YgPSAiMDAwMDAwMDA0LjAwMDAwMDAwMy4qemZpbmFsIiwKfSwKWyJweXRob24zL2pvYmxpYiJdID0gewpmbiA9ICIvc2FsaWxhYi9kaXZhMS9ob21lL21vZHVsZXMvcHl0aG9uMy9qb2JsaWIvMC4xNy4wIiwKZnVsbE5hbWUgPSAicHl0aG9uMy9qb2JsaWIvMC4xNy4wIiwKbG9hZE9yZGVyID0gMTEsCnByb3BUID0ge30sCnN0YWNrRGVwdGggPSAxLApzdGF0dXMgPSAiYWN0aXZlIiwKdXNlck5hbWUgPSAicHl0aG9uMy9qb2JsaWIiLAp3ViA9ICIwMDAwMDAwMDAuMDAwMDAwMDE3Lip6ZmluYWwiLAp9LApbInB5dGhvbjMvbnVtcHkiXSA9IHsKZm4gPSAiL3NhbGlsYWIvZGl2YTEvaG9tZS9tb2R1bGVzL3B5dGhvbjMvbnVtcHkvMS4xOS41IiwKZnVsbE5h\', \'LMOD_CMD\': \'/usr/share/lmod/lmod/libexec/lmod\', \'REQNAME\': \'test1\', \'IMP_BIN_DIR\': \'/wynton/group/sali/miha_rozic/Software/imp-develop/build/bin\', \'MPI_MAN\': \'/usr/share/man/openmpi-x86_64\', \'LESSOPEN\': \'||/usr/bin/lesspipe.sh %s\', \'OMP_NUM_THREADS\': \'1\', \'SGE_CLUSTER_NAME\': \'wynton_cluster\', \'LMOD_DIR\': \'/usr/share/lmod/lmod/libexec\', \'BASH_FUNC_which%%\': \'() {  ( alias;\\n eval ${which_declare} ) | /usr/bin/which --tty-only --read-alias --read-functions --show-tilde --show-dot $@\\n}\', \'BASH_FUNC_module%%\': \'() {  if [ -z "${LMOD_SH_DBG_ON+x}" ]; then\\n case "$-" in \\n *v*x*)\\n __lmod_sh_dbg=\\\'vx\\\'\\n ;;\\n *v*)\\n __lmod_sh_dbg=\\\'v\\\'\\n ;;\\n *x*)\\n __lmod_sh_dbg=\\\'x\\\'\\n ;;\\n esac;\\n fi;\\n if [ -n "${__lmod_sh_dbg:-}" ]; then\\n set +$__lmod_sh_dbg;\\n echo "Shell debugging temporarily silenced: export LMOD_SH_DBG_ON=1 for Lmod\\\'s output" 1>&2;\\n fi;\\n eval "$($LMOD_CMD shell "$@")" && eval "$(${LMOD_SETTARG_CMD:-:} -s sh)";\\n __lmod_my_status=$?;\\n if [ -n "${__lmod_sh_dbg:-}" ]; then\\n echo "Shell debugging restarted" 1>&2;\\n set -$__lmod_sh_dbg;\\n fi;\\n unset __lmod_sh_dbg;\\n return $__lmod_my_status\\n}\', \'BASH_FUNC_ml%%\': \'() {  eval "$($LMOD_DIR/ml_cmd "$@")"\\n}\', \'_\': \'/usr/lib64/openmpi/bin/mpirun\', \'IPATH_NO_BACKTRACE\': \'1\', \'HFI_NO_BACKTRACE\': \'1\', \'OMPI_MCA_orte_local_daemon_uri\': \'2195652608.0;tcp://172.26.39.85:54101\', \'OMPI_MCA_orte_hnp_uri\': \'2195652608.0;tcp://172.26.39.85:54101\', \'OMPI_MCA_mpi_oversubscribe\': \'0\', \'OMPI_MCA_orte_app_num\': \'0\', \'OMPI_UNIVERSE_SIZE\': \'16\', \'OMPI_MCA_orte_num_nodes\': \'1\', \'OMPI_MCA_shmem_RUNTIME_QUERY_hint\': \'mmap\', \'OMPI_MCA_orte_bound_at_launch\': \'1\', \'OMPI_MCA_ess\': \'^singleton\', \'OMPI_MCA_orte_ess_num_procs\': \'16\', \'OMPI_COMM_WORLD_SIZE\': \'16\', \'OMPI_COMM_WORLD_LOCAL_SIZE\': \'16\', \'OMPI_MCA_orte_tmpdir_base\': \'/scratch/709049.1.member.q\', \'OMPI_MCA_orte_top_session_dir\': \'/scratch/709049.1.member.q/ompi.qb3-id335.11149\', \'OMPI_MCA_orte_jobfam_session_dir\': \'/scratch/709049.1.member.q/ompi.qb3-id335.11149/pid.2665711\', \'OMPI_NUM_APP_CTX\': \'1\', \'OMPI_FIRST_RANKS\': \'0\', \'OMPI_APP_CTX_NUM_PROCS\': \'16\', \'OMPI_MCA_initial_wdir\': \'/wynton/group/sali/miha_rozic/Input_information/SNAPSHOTS/central_directory/snapshot3_0min/run48\', \'OMPI_MCA_orte_launch\': \'1\', \'PMIX_NAMESPACE\': \'2195652609\', \'PMIX_RANK\': \'15\', \'PMIX_SERVER_URI2\': \'2195652608.0;tcp4://127.0.0.1:46433\', \'PMIX_SERVER_URI21\': \'2195652608.0;tcp4://127.0.0.1:46433\', \'PMIX_SECURITY_MODE\': \'native,none\', \'PMIX_PTL_MODULE\': \'tcp,usock\', \'PMIX_BFROP_BUFFER_TYPE\': \'PMIX_BFROP_BUFFER_NON_DESC\', \'PMIX_GDS_MODULE\': \'ds21,ds12,hash\', \'PMIX_SERVER_TMPDIR\': \'/scratch/709049.1.member.q/ompi.qb3-id335.11149/pid.2665711\', \'PMIX_SYSTEM_TMPDIR\': \'/scratch/709049.1.member.q\', \'PMIX_DSTORE_21_BASE_PATH\': \'/scratch/709049.1.member.q/ompi.qb3-id335.11149/pid.2665711/pmix_dstor_ds21_2665711\', \'PMIX_DSTORE_ESH_BASE_PATH\': \'/scratch/709049.1.member.q/ompi.qb3-id335.11149/pid.2665711/pmix_dstor_ds12_2665711\', \'OMPI_MCA_ess_base_jobid\': \'2195652609\', \'OMPI_MCA_ess_base_vpid\': \'15\', \'OMPI_COMM_WORLD_RANK\': \'15\', \'OMPI_COMM_WORLD_LOCAL_RANK\': \'15\', \'OMPI_COMM_WORLD_NODE_RANK\': \'15\', \'OMPI_MCA_orte_ess_node_rank\': \'15\', \'PMIX_ID\': \'2195652609.15\', \'OMPI_FILE_LOCATION\': \'/scratch/709049.1.member.q/ompi.qb3-id335.11149/pid.2665711/0/0\', \'KMP_DUPLICATE_LIB_OK\': \'True\', \'KMP_INIT_AT_FORK\': \'FALSE\'})', 'STAT2HEADER_IMP_VERSIONS': "{'IMP_VERSION': '2.21.0', 'PMI_VERSION': '2.21.0'}", 0: 'ReplicaExchange_SwapSuccessRatio', 1: 'ReplicaExchange_MinTempFrequency', 2: 'ReplicaExchange_MaxTempFrequency', 3: 'ReplicaExchange_CurrentTemp', 4: 'score'} 
{0: '0', 1: '0', 2: '0', 3: '2.500000000000003', 4: inf} 
{0: '0.0', 1: '0.0', 2: '0.0', 3: '2.500000000000003', 4: inf} 
{0: '0.0', 1: '0.0', 2: '0.0', 3: '2.500000000000003', 4: inf} 
{0: '0.0', 1: '0.0', 2: '0.0', 3: '2.500000000000003', 4: inf} 
{0: '0.0', 1: '0.0', 2: '0.0', 3: '2.500000000000003', 4: inf} 
{0: '0.0', 1: '0.0', 2: '0.0', 3: '2.500000000000003', 4: inf} 
{0: '0.0', 1: '0.0', 2: '0.0', 3: '2.500000000000003', 4: inf} 
{0: '0.0', 1: '0.0', 2: '0.0', 3: '2.500000000000003', 4: inf} 
{0: '0.0', 1: '0.0', 2: '0.0', 3: '2.500000000000003', 4: inf} 
{0: '0.0', 1: '0.0', 2: '0.0', 3: '2.500000000000003', 4: inf} 
{0: '0.0', 1: '0.0', 2: '0.0', 3: '2.500000000000003', 4: inf} 
{0: '0.0', 1: '0.0', 2: '0.0', 3: '2.500000000000003', 4: inf} 
{0: '0.0', 1: '0.0', 2: '0.0', 3: '2.500000000000003', 4: inf} 
{0: '0.0', 1: '0.0', 2: '0.0', 3: '2.500000000000003', 4: inf} 
{0: '0.0', 1: '0.0', 2: '0.0', 3: '2.500000000000003', 4: inf} 
{0: '0.0', 1: '0.0', 2: '0.0', 3: '2.500000000000003', 4: inf} 
{0: '0.0', 1: '0.0', 2: '0.0', 3: '2.500000000000003', 4: inf} 
{0: '0.0', 1: '0.0', 2: '0.0', 3: '2.500000000000003', 4: inf} 
{0: '0.0', 1: '0.0', 2: '0.0', 3: '2.500000000000003', 4: inf} 
{0: '0.0', 1: '0.0', 2: '0.0', 3: '2.500000000000003', 4: inf} 
{0: '0.0', 1: '0.0', 2: '0.0', 3: '2.500000000000003', 4: inf} 
{0: '0.0', 1: '0.0', 2: '0.0', 3: '2.500000000000003', 4: inf} 
{0: '0.0', 1: '0.0', 2: '0.0', 3: '2.500000000000003', 4: inf} 
{0: '0.0', 1: '0.0', 2: '0.0', 3: '2.500000000000003', 4: inf} 
{0: '0.0', 1: '0.0', 2: '0.0', 3: '2.500000000000003', 4: inf} 
{0: '0.0', 1: '0.0', 2: '0.0', 3: '2.500000000000003', 4: inf} 
{0: '0.0', 1: '0.0', 2: '0.0', 3: '2.500000000000003', 4: inf} 
{0: '0.0', 1: '0.0', 2: '0.0', 3: '2.500000000000003', 4: inf} 
{0: '0.0', 1: '0.0', 2: '0.0', 3: '2.500000000000003', 4: inf} 
{0: '0.0', 1: '0.0', 2: '0.0', 3: '2.500000000000003', 4: inf} 
{0: '0.0', 1: '0.0', 2: '0.0', 3: '2.500000000000003', 4: inf} 
{0: '0.0', 1: '0.0', 2: '0.0', 3: '2.500000000000003', 4: inf} 
{0: '0.0', 1: '0.0', 2: '0.0', 3: '2.500000000000003', 4: inf} 
{0: '0.0', 1: '0.0', 2: '0.0', 3: '2.500000000000003', 4: inf} 
{0: '0.0', 1: '0.0', 2: '0.0', 3: '2.500000000000003', 4: inf} 
{0: '0.0', 1: '0.0', 2: '0.0', 3: '2.500000000000003', 4: inf} 
{0: '0.0', 1: '0.0', 2: '0.0', 3: '2.500000000000003', 4: inf} 
{0: '0.0', 1: '0.0', 2: '0.0', 3: '2.500000000000003', 4: inf} 
{0: '0.0', 1: '0.0', 2: '0.0', 3: '2.500000000000003', 4: inf} 
{0: '0.0', 1: '0.0', 2: '0.0', 3: '2.500000000000003', 4: inf} 
{0: '0.0', 1: '0.0', 2: '0.0', 3: '2.500000000000003', 4: inf} 
{0: '0.0', 1: '0.0', 2: '0.0', 3: '2.500000000000003', 4: inf} 
{0: '0.0', 1: '0.0', 2: '0.0', 3: '2.500000000000003', 4: inf} 
{0: '0.0', 1: '0.0', 2: '0.0', 3: '2.500000000000003', 4: inf} 
{0: '0.0', 1: '0.0', 2: '0.0', 3: '2.500000000000003', 4: inf} 
{0: '0.0', 1: '0.0', 2: '0.0', 3: '2.500000000000003', 4: inf} 
{0: '0.0', 1: '0.0', 2: '0.0', 3: '2.500000000000003', 4: inf} 
{0: '0.0', 1: '0.0', 2: '0.0', 3: '2.500000000000003', 4: inf} 
{0: '0.0', 1: '0.0', 2: '0.0', 3: '2.500000000000003', 4: inf} 
{0: '0.0', 1: '0.0', 2: '0.0', 3: '2.500000000000003', 4: inf} 
{0: '0.0', 1: '0.0', 2: '0.0', 3: '2.500000000000003', 4: inf} 
{0: '0.0', 1: '0.0', 2: '0.0', 3: '2.500000000000003', 4: inf} 
{0: '0.0', 1: '0.0', 2: '0.0', 3: '2.500000000000003', 4: inf} 
{0: '0.0', 1: '0.0', 2: '0.0', 3: '2.500000000000003', 4: inf} 
{0: '0.0', 1: '0.0', 2: '0.0', 3: '2.500000000000003', 4: inf} 
{0: '0.0', 1: '0.0', 2: '0.0', 3: '2.500000000000003', 4: inf} 
{0: '0.0', 1: '0.0', 2: '0.0', 3: '2.500000000000003', 4: inf} 
{0: '0.0', 1: '0.0', 2: '0.0', 3: '2.500000000000003', 4: inf} 
{0: '0.0', 1: '0.0', 2: '0.0', 3: '2.500000000000003', 4: inf} 
{0: '0.0', 1: '0.0', 2: '0.0', 3: '2.500000000000003', 4: inf} 
{0: '0.0', 1: '0.0', 2: '0.0', 3: '2.500000000000003', 4: inf} 
{0: '0.0', 1: '0.0', 2: '0.0', 3: '2.500000000000003', 4: inf} 
{0: '0.0', 1: '0.0', 2: '0.0', 3: '2.500000000000003', 4: inf} 
{0: '0.0', 1: '0.0', 2: '0.0', 3: '2.500000000000003', 4: inf} 
{0: '0.0', 1: '0.0', 2: '0.0', 3: '2.500000000000003', 4: inf} 
{0: '0.0', 1: '0.0', 2: '0.0', 3: '2.500000000000003', 4: inf} 
{0: '0.0', 1: '0.0', 2: '0.0', 3: '2.500000000000003', 4: inf} 
{0: '0.0', 1: '0.0', 2: '0.0', 3: '2.500000000000003', 4: inf} 
{0: '0.0', 1: '0.0', 2: '0.0', 3: '2.500000000000003', 4: inf} 
{0: '0.0', 1: '0.0', 2: '0.0', 3: '2.500000000000003', 4: inf} 
{0: '0.0', 1: '0.0', 2: '0.0', 3: '2.500000000000003', 4: inf} 
{0: '0.0', 1: '0.0', 2: '0.0', 3: '2.500000000000003', 4: inf} 
{0: '0.0', 1: '0.0', 2: '0.0', 3: '2.500000000000003', 4: inf} 
{0: '0.0', 1: '0.0', 2: '0.0', 3: '2.500000000000003', 4: inf} 
{0: '0.0', 1: '0.0', 2: '0.0', 3: '2.500000000000003', 4: inf} 
{0: '0.0', 1: '0.0', 2: '0.0', 3: '2.500000000000003', 4: inf} 
{0: '0.0', 1: '0.0', 2: '0.0', 3: '2.500000000000003', 4: inf} 
{0: '0.0', 1: '0.0', 2: '0.0', 3: '2.500000000000003', 4: inf} 
{0: '0.0', 1: '0.0', 2: '0.0', 3: '2.500000000000003', 4: inf} 
{0: '0.0', 1: '0.0', 2: '0.0', 3: '2.500000000000003', 4: inf} 
{0: '0.0', 1: '0.0', 2: '0.0', 3: '2.500000000000003', 4: inf} 
{0: '0.0', 1: '0.0', 2: '0.0', 3: '2.500000000000003', 4: inf} 
{0: '0.0', 1: '0.0', 2: '0.0', 3: '2.500000000000003', 4: inf} 
{0: '0.0', 1: '0.0', 2: '0.0', 3: '2.500000000000003', 4: inf} 
{0: '0.0', 1: '0.0', 2: '0.0', 3: '2.500000000000003', 4: inf} 
{0: '0.0', 1: '0.0', 2: '0.0', 3: '2.500000000000003', 4: inf} 
{0: '0.0', 1: '0.0', 2: '0.0', 3: '2.500000000000003', 4: inf} 
{0: '0.0', 1: '0.0', 2: '0.0', 3: '2.500000000000003', 4: inf} 
{0: '0.0', 1: '0.0', 2: '0.0', 3: '2.500000000000003', 4: inf} 
{0: '0.0', 1: '0.0', 2: '0.0', 3: '2.500000000000003', 4: inf} 
{0: '0.0', 1: '0.0', 2: '0.0', 3: '2.500000000000003', 4: inf} 
{0: '0.0', 1: '0.0', 2: '0.0', 3: '2.500000000000003', 4: inf} 
{0: '0.0', 1: '0.0', 2: '0.0', 3: '2.500000000000003', 4: inf} 
{0: '0.0', 1: '0.0', 2: '0.0', 3: '2.500000000000003', 4: inf} 
{0: '0.0', 1: '0.0', 2: '0.0', 3: '2.500000000000003', 4: inf} 
{0: '0.0', 1: '0.0', 2: '0.0', 3: '2.500000000000003', 4: inf} 
{0: '0.0', 1: '0.0', 2: '0.0', 3: '2.500000000000003', 4: inf} 
{0: '0.0', 1: '0.0', 2: '0.0', 3: '2.500000000000003', 4: inf} 
{0: '0.0', 1: '0.0', 2: '0.0', 3: '2.500000000000003', 4: inf} 
{0: '0.0', 1: '0.0', 2: '0.0', 3: '2.500000000000003', 4: inf} 
{0: '0.0', 1: '0.0', 2: '0.0', 3: '2.500000000000003', 4: inf} 
{0: '0.0', 1: '0.0', 2: '0.0', 3: '2.500000000000003', 4: inf} 
{0: '0.0', 1: '0.0', 2: '0.0', 3: '2.500000000000003', 4: inf} 
{0: '0.0', 1: '0.0', 2: '0.0', 3: '2.500000000000003', 4: inf} 
{0: '0.0', 1: '0.0', 2: '0.0', 3: '2.500000000000003', 4: inf} 
{0: '0.0', 1: '0.0', 2: '0.0', 3: '2.500000000000003', 4: inf} 
{0: '0.0', 1: '0.0', 2: '0.0', 3: '2.500000000000003', 4: inf} 
{0: '0.0', 1: '0.0', 2: '0.0', 3: '2.500000000000003', 4: inf} 
{0: '0.0', 1: '0.0', 2: '0.0', 3: '2.500000000000003', 4: inf} 
{0: '0.0', 1: '0.0', 2: '0.0', 3: '2.500000000000003', 4: inf} 
{0: '0.0', 1: '0.0', 2: '0.0', 3: '2.500000000000003', 4: inf} 
{0: '0.0', 1: '0.0', 2: '0.0', 3: '2.500000000000003', 4: inf} 
{0: '0.0', 1: '0.0', 2: '0.0', 3: '2.500000000000003', 4: inf} 
{0: '0.0', 1: '0.0', 2: '0.0', 3: '2.500000000000003', 4: inf} 
{0: '0.0', 1: '0.0', 2: '0.0', 3: '2.500000000000003', 4: inf} 
{0: '0.0', 1: '0.0', 2: '0.0', 3: '2.500000000000003', 4: inf} 
{0: '0.0', 1: '0.0', 2: '0.0', 3: '2.500000000000003', 4: inf} 
{0: '0.0', 1: '0.0', 2: '0.0', 3: '2.500000000000003', 4: inf} 
{0: '0.0', 1: '0.0', 2: '0.0', 3: '2.500000000000003', 4: inf} 
{0: '0.0', 1: '0.0', 2: '0.0', 3: '2.500000000000003', 4: inf} 
{0: '0.0', 1: '0.0', 2: '0.0', 3: '2.500000000000003', 4: inf} 
{0: '0.0', 1: '0.0', 2: '0.0', 3: '2.500000000000003', 4: inf} 
{0: '0.0', 1: '0.0', 2: '0.0', 3: '2.500000000000003', 4: inf} 
{0: '0.0', 1: '0.0', 2: '0.0', 3: '2.500000000000003', 4: inf} 
{0: '0.0', 1: '0.0', 2: '0.0', 3: '2.500000000000003', 4: inf} 
{0: '0.0', 1: '0.0', 2: '0.0', 3: '2.500000000000003', 4: inf} 
{0: '0.0', 1: '0.0', 2: '0.0', 3: '2.500000000000003', 4: inf} 
{0: '0.0', 1: '0.0', 2: '0.0', 3: '2.500000000000003', 4: inf} 
{0: '0.0', 1: '0.0', 2: '0.0', 3: '2.500000000000003', 4: inf} 
{0: '0.0', 1: '0.0', 2: '0.0', 3: '2.500000000000003', 4: inf} 
{0: '0.0', 1: '0.0', 2: '0.0', 3: '2.500000000000003', 4: inf} 
{0: '0.0', 1: '0.0', 2: '0.0', 3: '2.500000000000003', 4: inf} 
{0: '0.0', 1: '0.0', 2: '0.0', 3: '2.500000000000003', 4: inf} 
{0: '0.0', 1: '0.0', 2: '0.0', 3: '2.500000000000003', 4: inf} 
{0: '0.0', 1: '0.0', 2: '0.0', 3: '2.500000000000003', 4: inf} 
{0: '0.0', 1: '0.0', 2: '0.0', 3: '2.500000000000003', 4: inf} 
{0: '0.0', 1: '0.0', 2: '0.0', 3: '2.500000000000003', 4: inf} 
{0: '0.0', 1: '0.0', 2: '0.0', 3: '2.500000000000003', 4: inf} 
{0: '0.0', 1: '0.0', 2: '0.0', 3: '2.500000000000003', 4: inf} 
{0: '0.0', 1: '0.0', 2: '0.0', 3: '2.500000000000003', 4: inf} 
{0: '0.0', 1: '0.0', 2: '0.0', 3: '2.500000000000003', 4: inf} 
{0: '0.0', 1: '0.0', 2: '0.0', 3: '2.500000000000003', 4: inf} 
{0: '0.0', 1: '0.0', 2: '0.0', 3: '2.500000000000003', 4: 14365.815812581972} 
{0: '0.0', 1: '0.0', 2: '0.0', 3: '2.500000000000003', 4: 3468.189840863676} 
{0: '0.0', 1: '0.0', 2: '0.0', 3: '2.500000000000003', 4: 2252.2232175083172} 
{0: '0.0', 1: '0.0', 2: '0.0', 3: '2.500000000000003', 4: 764.6570607211248} 
{0: '0.0', 1: '0.0', 2: '0.0', 3: '2.500000000000003', 4: 590.5257284169654} 
{0: '0.0', 1: '0.0', 2: '0.0', 3: '2.500000000000003', 4: 564.3335915934225} 
{0: '0.0', 1: '0.0', 2: '0.0', 3: '2.500000000000003', 4: 553.1229540439111} 
{0: '0.0', 1: '0.0', 2: '0.0', 3: '2.500000000000003', 4: 537.916579297732} 
{0: '0.0', 1: '0.0', 2: '0.0', 3: '2.500000000000003', 4: 536.2993404809981} 
{0: '0.0', 1: '0.0', 2: '0.0', 3: '2.500000000000003', 4: 454.7738639844952} 
{0: '0.0', 1: '0.0', 2: '0.0', 3: '2.500000000000003', 4: 416.93412577299733} 
{0: '0.006535947712418301', 1: '0.0', 2: '0.0', 3: '2.351855716390306', 4: 416.9267401690929} 
{0: '0.012987012987012988', 1: '0.0', 2: '0.0', 3: '2.212490124287102', 4: 407.9533653756819} 
{0: '0.01935483870967742', 1: '0.0', 2: '0.0', 3: '2.081383018504685', 4: 407.1104529067692} 
{0: '0.02564102564102564', 1: '0.0', 2: '0.0', 3: '1.958045020027179', 4: 410.85950088587265} 
{0: '0.025477707006369428', 1: '0.0', 2: '0.0', 3: '1.958045020027179', 4: 399.1341963578968} 
{0: '0.03164556962025317', 1: '0.0', 2: '0.0', 3: '2.081383018504685', 4: 399.90025096974296} 
{0: '0.03773584905660377', 1: '0.0', 2: '0.0', 3: '2.212490124287102', 4: 400.8835446726532} 
{0: '0.04375', 1: '0.0', 2: '0.0', 3: '2.351855716390306', 4: 415.2558154012223} 
{0: '0.049689440993788817', 1: '0.0', 2: '0.0', 3: '2.500000000000003', 4: 434.1092992313533} 
{0: '0.04938271604938271', 1: '0.0', 2: '0.0', 3: '2.500000000000003', 4: 403.48013429035456} 
{0: '0.049079754601226995', 1: '0.0', 2: '0.0', 3: '2.500000000000003', 4: 409.94598992919043} 
{0: '0.04878048780487805', 1: '0.0', 2: '0.0', 3: '2.500000000000003', 4: 421.13911479027087} 
{0: '0.05454545454545454', 1: '0.0', 2: '0.0', 3: '2.351855716390306', 4: 409.4177699655201} 
{0: '0.060240963855421686', 1: '0.0', 2: '0.0', 3: '2.212490124287102', 4: 405.5167560320013} 
{0: '0.0658682634730539', 1: '0.0', 2: '0.0', 3: '2.081383018504685', 4: 407.3976074753566} 
{0: '0.07142857142857142', 1: '0.0', 2: '0.0', 3: '1.958045020027179', 4: 406.69549607945544} 
{0: '0.07692307692307693', 1: '0.0', 2: '0.0', 3: '1.842015749320195', 4: 396.7253109291071} 
{0: '0.07647058823529412', 1: '0.0', 2: '0.0', 3: '1.842015749320195', 4: 413.3657944124709} 
{0: '0.08187134502923976', 1: '0.0', 2: '0.0', 3: '1.958045020027179', 4: 427.26614173218434} 
{0: '0.0872093023255814', 1: '0.0', 2: '0.0', 3: '2.081383018504685', 4: 418.3547117608444} 
{0: '0.09248554913294797', 1: '0.0', 2: '0.0', 3: '2.212490124287102', 4: 392.3504864162715} 
{0: '0.09770114942528736', 1: '0.0', 2: '0.0', 3: '2.351855716390306', 4: 418.1840928247981} 
{0: '0.10285714285714286', 1: '0.0', 2: '0.0', 3: '2.500000000000003', 4: 399.96372618264616} 
{0: '0.10227272727272728', 1: '0.0', 2: '0.0', 3: '2.500000000000003', 4: 412.77396885616884} 
{0: '0.10734463276836158', 1: '0.0', 2: '0.0', 3: '2.351855716390306', 4: 397.8752997347223} 
{0: '0.11235955056179775', 1: '0.0', 2: '0.0', 3: '2.212490124287102', 4: 399.1343590072886} 
{0: '0.11731843575418995', 1: '0.0', 2: '0.0', 3: '2.081383018504685', 4: 402.1903695719436} 
{0: '0.11666666666666667', 1: '0.0', 2: '0.0', 3: '2.081383018504685', 4: 418.9334137886849} 
{0: '0.12154696132596685', 1: '0.0', 2: '0.0', 3: '2.212490124287102', 4: 403.79361453681247} 
{0: '0.12637362637362637', 1: '0.0', 2: '0.0', 3: '2.351855716390306', 4: 422.1374181166162} 
{0: '0.13114754098360656', 1: '0.0', 2: '0.0', 3: '2.500000000000003', 4: 433.93520148452814} 
{0: '0.13043478260869565', 1: '0.0', 2: '0.0', 3: '2.500000000000003', 4: 412.50353936587464} 
{0: '0.12972972972972974', 1: '0.0', 2: '0.0', 3: '2.500000000000003', 4: 400.5068141689569} 
{0: '0.12903225806451613', 1: '0.0', 2: '0.0', 3: '2.500000000000003', 4: 404.1502230953446} 
{0: '0.13368983957219252', 1: '0.0', 2: '0.0', 3: '2.351855716390306', 4: 403.9895988681241} 
{0: '0.13829787234042554', 1: '0.0', 2: '0.0', 3: '2.212490124287102', 4: 382.8740103310883} 
{0: '0.14285714285714285', 1: '0.0', 2: '0.0', 3: '2.081383018504685', 4: 402.08447150999297} 
{0: '0.14210526315789473', 1: '0.0', 2: '0.0', 3: '2.081383018504685', 4: 398.7052592385345} 
{0: '0.14659685863874344', 1: '0.0', 2: '0.0', 3: '2.212490124287102', 4: 393.7862168401807} 
{0: '0.15104166666666666', 1: '0.0', 2: '0.0', 3: '2.351855716390306', 4: 406.71440382647273} 
{0: '0.15544041450777202', 1: '0.0', 2: '0.0', 3: '2.500000000000003', 4: 400.2146224318395} 
{0: '0.15463917525773196', 1: '0.0', 2: '0.0', 3: '2.500000000000003', 4: 409.7737534308508} 
{0: '0.15897435897435896', 1: '0.0', 2: '0.0', 3: '2.351855716390306', 4: 401.97830191510764} 
{0: '0.16326530612244897', 1: '0.0', 2: '0.0', 3: '2.212490124287102', 4: 393.1727243676806} 
{0: '0.16751269035532995', 1: '0.0', 2: '0.0', 3: '2.081383018504685', 4: 395.5695714803933} 
{0: '0.1717171717171717', 1: '0.0', 2: '0.0', 3: '1.958045020027179', 4: 388.54840126518127} 
{0: '0.17587939698492464', 1: '0.0', 2: '0.0', 3: '1.842015749320195', 4: 380.64338959044466} 
{0: '0.175', 1: '0.0', 2: '0.0', 3: '1.842015749320195', 4: 390.2201132505199} 
{0: '0.1791044776119403', 1: '0.0', 2: '0.0', 3: '1.958045020027179', 4: 395.82456228526223} 
{0: '0.18316831683168316', 1: '0.0', 2: '0.0', 3: '2.081383018504685', 4: 392.1643203247541} 
{0: '0.18719211822660098', 1: '0.0', 2: '0.0', 3: '2.212490124287102', 4: 394.31800651001726} 
{0: '0.19117647058823528', 1: '0.0', 2: '0.0', 3: '2.351855716390306', 4: 403.50134432760393} 
{0: '0.1951219512195122', 1: '0.0', 2: '0.0', 3: '2.500000000000003', 4: 395.17461150962237} 
{0: '0.1941747572815534', 1: '0.0', 2: '0.0', 3: '2.500000000000003', 4: 390.7682170341223} 
{0: '0.19806763285024154', 1: '0.0', 2: '0.0', 3: '2.351855716390306', 4: 405.15289157094514} 
{0: '0.1971153846153846', 1: '0.0', 2: '0.0', 3: '2.351855716390306', 4: 386.7397109310632} 
{0: '0.19617224880382775', 1: '0.0', 2: '0.0', 3: '2.351855716390306', 4: 397.51099309627534} 
{0: '0.2', 1: '0.0', 2: '0.0', 3: '2.212490124287102', 4: 385.55112699645514} 
{0: '0.2037914691943128', 1: '0.0', 2: '0.0', 3: '2.081383018504685', 4: 387.28663777592527} 
{0: '0.20754716981132076', 1: '0.0', 2: '0.0', 3: '1.958045020027179', 4: 398.3478190919136} 
{0: '0.20657276995305165', 1: '0.0', 2: '0.0', 3: '1.958045020027179', 4: 384.32784989564493} 
{0: '0.205607476635514', 1: '0.0', 2: '0.0', 3: '1.958045020027179', 4: 387.8725655314813} 
{0: '0.20930232558139536', 1: '0.0', 2: '0.0', 3: '1.842015749320195', 4: 398.10839819290175} 
{0: '0.20833333333333334', 1: '0.0', 2: '0.0', 3: '1.842015749320195', 4: 391.71142264796964} 
{0: '0.2119815668202765', 1: '0.0', 2: '0.0', 3: '1.958045020027179', 4: 381.3922579602863} 
{0: '0.21559633027522937', 1: '0.0', 2: '0.0', 3: '2.081383018504685', 4: 388.3665854531007} 
{0: '0.2191780821917808', 1: '0.0', 2: '0.0', 3: '2.212490124287102', 4: 408.43302442764286} 
{0: '0.22272727272727272', 1: '0.0', 2: '0.0', 3: '2.351855716390306', 4: 385.848649152539} 
{0: '0.22624434389140272', 1: '0.0', 2: '0.0', 3: '2.500000000000003', 4: 389.58007011982295} 
{0: '0.22522522522522523', 1: '0.0', 2: '0.0', 3: '2.500000000000003', 4: 391.3006608870619} 
{0: '0.22869955156950672', 1: '0.0', 2: '0.0', 3: '2.351855716390306', 4: 394.2367458205} 
{0: '0.23214285714285715', 1: '0.0', 2: '0.0', 3: '2.212490124287102', 4: 391.49774213280864} 
{0: '0.23555555555555555', 1: '0.0', 2: '0.0', 3: '2.081383018504685', 4: 388.5264522832413} 
{0: '0.23893805309734514', 1: '0.0', 2: '0.0', 3: '1.958045020027179', 4: 394.9237977667513} 
{0: '0.2422907488986784', 1: '0.0', 2: '0.0', 3: '1.842015749320195', 4: 385.16245326994465} 
{0: '0.24561403508771928', 1: '0.0', 2: '0.0', 3: '1.7328621078878674', 4: 384.94905835286863} 
{0: '0.24890829694323144', 1: '0.0', 2: '0.0', 3: '1.6301766616608926', 4: 390.76152261068967} 
{0: '0.24782608695652175', 1: '0.0', 2: '0.0', 3: '1.6301766616608926', 4: 390.52023231121603} 
{0: '0.2510822510822511', 1: '0.0', 2: '0.0', 3: '1.7328621078878674', 4: 389.98547756224445} 
{0: '0.2543103448275862', 1: '0.0', 2: '0.0', 3: '1.842015749320195', 4: 380.88852003903105} 
{0: '0.2575107296137339', 1: '0.0', 2: '0.0', 3: '1.958045020027179', 4: 411.28285430775276} 
{0: '0.2606837606837607', 1: '0.0', 2: '0.0', 3: '2.081383018504685', 4: 401.75104084097285} 
{0: '0.26382978723404255', 1: '0.0', 2: '0.0', 3: '2.212490124287102', 4: 400.50497315514446} 
{0: '0.2669491525423729', 1: '0.0', 2: '0.0', 3: '2.351855716390306', 4: 394.97962554378654} 
{0: '0.270042194092827', 1: '0.0', 2: '0.0', 3: '2.500000000000003', 4: 400.4773529363441} 
{0: '0.2689075630252101', 1: '0.0', 2: '0.0', 3: '2.500000000000003', 4: 416.75776077437376} 
{0: '0.2719665271966527', 1: '0.0', 2: '0.0', 3: '2.351855716390306', 4: 391.8384887768189} 
{0: '0.275', 1: '0.0', 2: '0.0', 3: '2.212490124287102', 4: 416.7004409030089} 
{0: '0.27385892116182575', 1: '0.0', 2: '0.0', 3: '2.212490124287102', 4: 401.31521356592236} 
{0: '0.2768595041322314', 1: '0.0', 2: '0.0', 3: '2.351855716390306', 4: 413.66803102338775} 
{0: '0.27983539094650206', 1: '0.0', 2: '0.0', 3: '2.500000000000003', 4: 409.5169351019665} 
{0: '0.2786885245901639', 1: '0.0', 2: '0.0', 3: '2.500000000000003', 4: 398.9428172047353} 
{0: '0.2816326530612245', 1: '0.0', 2: '0.0', 3: '2.351855716390306', 4: 403.76885515196693} 
{0: '0.2845528455284553', 1: '0.0', 2: '0.0', 3: '2.212490124287102', 4: 385.4777622914395} 
{0: '0.2874493927125506', 1: '0.0', 2: '0.0', 3: '2.081383018504685', 4: 382.051741294673} 
{0: '0.2903225806451613', 1: '0.0', 2: '0.0', 3: '1.958045020027179', 4: 380.47484596848153} 
{0: '0.2931726907630522', 1: '0.0', 2: '0.0', 3: '1.842015749320195', 4: 397.85254893697436} 
{0: '0.292', 1: '0.0', 2: '0.0', 3: '1.842015749320195', 4: 390.8783546242991} 
{0: '0.2948207171314741', 1: '0.0', 2: '0.0', 3: '1.958045020027179', 4: 391.1563001478256} 
{0: '0.2976190476190476', 1: '0.0', 2: '0.0', 3: '2.081383018504685', 4: 395.31751605192466} 
{0: '0.2964426877470356', 1: '0.0', 2: '0.0', 3: '2.081383018504685', 4: 409.7902416775243} 
{0: '0.2952755905511811', 1: '0.0', 2: '0.0', 3: '2.081383018504685', 4: 395.1662967409277} 
{0: '0.2980392156862745', 1: '0.0', 2: '0.0', 3: '2.212490124287102', 4: 413.5025382890253} 
{0: '0.30078125', 1: '0.0', 2: '0.0', 3: '2.351855716390306', 4: 386.24984437911894} 
{0: '0.29961089494163423', 1: '0.0', 2: '0.0', 3: '2.351855716390306', 4: 403.2585576632629} 
{0: '0.3023255813953488', 1: '0.0', 2: '0.0', 3: '2.212490124287102', 4: 381.6973695870601} 
{0: '0.305019305019305', 1: '0.0', 2: '0.0', 3: '2.081383018504685', 4: 392.3878491059734} 
{0: '0.3076923076923077', 1: '0.0', 2: '0.0', 3: '1.958045020027179', 4: 398.63611487534666} 
{0: '0.3103448275862069', 1: '0.0', 2: '0.0', 3: '1.842015749320195', 4: 391.8999359729137} 
{0: '0.31297709923664124', 1: '0.0', 2: '0.0', 3: '1.7328621078878674', 4: 388.6587086030008} 
{0: '0.3155893536121673', 1: '0.0', 2: '0.0', 3: '1.6301766616608926', 4: 386.109542472307} 
{0: '0.3181818181818182', 1: '0.0', 2: '0.0', 3: '1.5335761201812925', 4: 400.3780695013963} 
{0: '0.3169811320754717', 1: '0.0', 2: '0.0', 3: '1.5335761201812925', 4: 397.7083441633475} 
{0: '0.31954887218045114', 1: '0.0', 2: '0.0', 3: '1.6301766616608926', 4: 391.99996925057224} 
{0: '0.32209737827715357', 1: '0.0', 2: '0.0', 3: '1.7328621078878674', 4: 391.3729856119089} 
{0: '0.3246268656716418', 1: '0.0', 2: '0.0', 3: '1.842015749320195', 4: 394.5936236533166} 
{0: '0.3271375464684015', 1: '0.0', 2: '0.0', 3: '1.958045020027179', 4: 380.1430383468201} 
{0: '0.32592592592592595', 1: '0.0', 2: '0.0', 3: '1.958045020027179', 4: 388.4885712098556} 
{0: '0.3284132841328413', 1: '0.0', 2: '0.0', 3: '1.842015749320195', 4: 387.52972463990506} 
{0: '0.3272058823529412', 1: '0.0', 2: '0.0', 3: '1.842015749320195', 4: 392.8755721616344} 
{0: '0.326007326007326', 1: '0.0', 2: '0.0', 3: '1.842015749320195', 4: 385.77284667318014} 
{0: '0.3284671532846715', 1: '0.0', 2: '0.0', 3: '1.7328621078878674', 4: 391.70177844373734} 
{0: '0.33090909090909093', 1: '0.0', 2: '0.0', 3: '1.6301766616608926', 4: 390.77048843557805} 
{0: '0.3333333333333333', 1: '0.0', 2: '0.0', 3: '1.5335761201812925', 4: 385.57748658748517} 
{0: '0.33212996389891697', 1: '0.0', 2: '0.0', 3: '1.5335761201812925', 4: 381.314731826005} 
{0: '0.3345323741007194', 1: '0.0', 2: '0.0', 3: '1.6301766616608926', 4: 378.70238779994463} 
{0: '0.33691756272401435', 1: '0.0', 2: '0.0', 3: '1.7328621078878674', 4: 391.09238687678857} 
{0: '0.3392857142857143', 1: '0.0', 2: '0.0', 3: '1.842015749320195', 4: 385.333463658957} 
{0: '0.3416370106761566', 1: '0.0', 2: '0.0', 3: '1.958045020027179', 4: 396.5650425719379} 
{0: '0.34397163120567376', 1: '0.0', 2: '0.0', 3: '2.081383018504685', 4: 391.55671247872306} 
{0: '0.3462897526501767', 1: '0.0', 2: '0.0', 3: '2.212490124287102', 4: 405.0397331676209} 
{0: '0.3485915492957746', 1: '0.0', 2: '0.0', 3: '2.351855716390306', 4: 395.13453595129374} 
{0: '0.3473684210526316', 1: '0.0', 2: '0.0', 3: '2.351855716390306', 4: 404.4810674278245} 
{0: '0.34615384615384615', 1: '0.0', 2: '0.0', 3: '2.351855716390306', 4: 401.59201407391555} 
{0: '0.34494773519163763', 1: '0.0', 2: '0.0', 3: '2.351855716390306', 4: 390.8622012546014} 
{0: '0.3472222222222222', 1: '0.0', 2: '0.0', 3: '2.212490124287102', 4: 404.37348753001487} 
{0: '0.3494809688581315', 1: '0.0', 2: '0.0', 3: '2.081383018504685', 4: 389.3560888371941} 
{0: '0.35172413793103446', 1: '0.0', 2: '0.0', 3: '1.958045020027179', 4: 406.8547438049591} 
{0: '0.3539518900343643', 1: '0.0', 2: '0.0', 3: '1.842015749320195', 4: 393.70910574257175} 
{0: '0.3561643835616438', 1: '0.0', 2: '0.0', 3: '1.7328621078878674', 4: 383.20911230996853} 
{0: '0.3583617747440273', 1: '0.0', 2: '0.0', 3: '1.6301766616608926', 4: 391.38499393341465} 
{0: '0.36054421768707484', 1: '0.0', 2: '0.0', 3: '1.5335761201812925', 4: 393.3816116971374} 
{0: '0.3593220338983051', 1: '0.0', 2: '0.0', 3: '1.5335761201812925', 4: 393.6287735224287} 
{0: '0.3614864864864865', 1: '0.0', 2: '0.0', 3: '1.6301766616608926', 4: 381.9725454948151} 
{0: '0.36363636363636365', 1: '0.0', 2: '0.0', 3: '1.7328621078878674', 4: 388.18179280090715} 
{0: '0.36577181208053694', 1: '0.0', 2: '0.0', 3: '1.842015749320195', 4: 398.21005167234694} 
{0: '0.36789297658862874', 1: '0.0', 2: '0.0', 3: '1.958045020027179', 4: 390.1353766039134} 
{0: '0.37', 1: '0.0', 2: '0.0', 3: '2.081383018504685', 4: 397.77501628219954} 
{0: '0.37209302325581395', 1: '0.0', 2: '0.0', 3: '2.212490124287102', 4: 409.478885135534} 
{0: '0.3741721854304636', 1: '0.0', 2: '0.0', 3: '2.351855716390306', 4: 387.64655823124036} 
{0: '0.37293729372937295', 1: '0.0', 2: '0.0', 3: '2.351855716390306', 4: 390.50448368089565} 
{0: '0.375', 1: '0.0', 2: '0.0', 3: '2.212490124287102', 4: 385.3074469604316} 
{0: '0.3770491803278688', 1: '0.0', 2: '0.0', 3: '2.081383018504685', 4: 390.41188325566515} 
{0: '0.3790849673202614', 1: '0.0', 2: '0.0', 3: '1.958045020027179', 4: 393.67476592020273} 
{0: '0.3778501628664495', 1: '0.0', 2: '0.0', 3: '1.958045020027179', 4: 398.38401996838627} 
{0: '0.37987012987012986', 1: '0.0', 2: '0.0', 3: '2.081383018504685', 4: 391.8902147480286} 
{0: '0.3818770226537217', 1: '0.0', 2: '0.0', 3: '2.212490124287102', 4: 394.95645308442573} 
{0: '0.38064516129032255', 1: '0.0', 2: '0.0', 3: '2.212490124287102', 4: 395.37468480819166} 
{0: '0.38263665594855306', 1: '0.0', 2: '0.0', 3: '2.081383018504685', 4: 380.18945322740115} 
{0: '0.3814102564102564', 1: '0.0', 2: '0.0', 3: '2.081383018504685', 4: 387.6257575223451} 
{0: '0.38338658146964855', 1: '0.0', 2: '0.0', 3: '2.212490124287102', 4: 376.6567530494204} 
{0: '0.3821656050955414', 1: '0.0', 2: '0.0', 3: '2.212490124287102', 4: 413.43461745152223} 
{0: '0.38412698412698415', 1: '0.0', 2: '0.0', 3: '2.081383018504685', 4: 390.13667089943795} 
{0: '0.3829113924050633', 1: '0.0', 2: '0.0', 3: '2.081383018504685', 4: 394.1130560159597} 
{0: '0.38485804416403785', 1: '0.0', 2: '0.0', 3: '2.212490124287102', 4: 384.7537537717836} 
{0: '0.3836477987421384', 1: '0.0', 2: '0.0', 3: '2.212490124287102', 4: 395.4366915610715} 
{0: '0.3824451410658307', 1: '0.0', 2: '0.0', 3: '2.212490124287102', 4: 386.82777255414976} 
{0: '0.384375', 1: '0.0', 2: '0.0', 3: '2.351855716390306', 4: 385.7059897357437} 
{0: '0.38317757009345793', 1: '0.0', 2: '0.0', 3: '2.351855716390306', 4: 398.56138087910637} 
{0: '0.38198757763975155', 1: '0.0', 2: '0.0', 3: '2.351855716390306', 4: 398.16220344343697} 
{0: '0.38390092879256965', 1: '0.0', 2: '0.0', 3: '2.500000000000003', 4: 387.5909118992072} 
{0: '0.38271604938271603', 1: '0.0', 2: '0.0', 3: '2.500000000000003', 4: 405.10373989395936} 
{0: '0.38461538461538464', 1: '0.0', 2: '0.0', 3: '2.351855716390306', 4: 388.3131650161912} 
{0: '0.38650306748466257', 1: '0.0', 2: '0.0', 3: '2.212490124287102', 4: 388.2905866107482} 
{0: '0.38837920489296635', 1: '0.0', 2: '0.0', 3: '2.081383018504685', 4: 383.3098284781732} 
{0: '0.3902439024390244', 1: '0.0', 2: '0.0', 3: '1.958045020027179', 4: 390.147272116734} 
{0: '0.39209726443769', 1: '0.0', 2: '0.0', 3: '1.842015749320195', 4: 393.8875649364312} 
{0: '0.39090909090909093', 1: '0.0', 2: '0.0', 3: '1.842015749320195', 4: 390.8718389672433} 
{0: '0.39274924471299094', 1: '0.0', 2: '0.0', 3: '1.958045020027179', 4: 372.2690522975629} 
{0: '0.39156626506024095', 1: '0.0', 2: '0.0', 3: '1.958045020027179', 4: 392.7640963884312} 
{0: '0.39039039039039036', 1: '0.0', 2: '0.0', 3: '1.958045020027179', 4: 395.823462128644} 
{0: '0.39221556886227543', 1: '0.0', 2: '0.0', 3: '2.081383018504685', 4: 413.1010087807644} 
{0: '0.3940298507462687', 1: '0.0', 2: '0.0', 3: '2.212490124287102', 4: 394.6079747664919} 
{0: '0.3958333333333333', 1: '0.0', 2: '0.0', 3: '2.351855716390306', 4: 404.0424018774543} 
{0: '0.39762611275964393', 1: '0.0', 2: '0.0', 3: '2.500000000000003', 4: 401.72462930230506} 
{0: '0.39644970414201186', 1: '0.0', 2: '0.0', 3: '2.500000000000003', 4: 405.03134380166375} 
{0: '0.39823008849557523', 1: '0.0', 2: '0.0', 3: '2.351855716390306', 4: 411.3847075601743} 
{0: '0.4', 1: '0.0', 2: '0.0', 3: '2.212490124287102', 4: 395.9509373497363} 
{0: '0.40175953079178883', 1: '0.0', 2: '0.0', 3: '2.081383018504685', 4: 403.02621745573344} 
{0: '0.40350877192982454', 1: '0.0', 2: '0.0', 3: '1.958045020027179', 4: 389.46488409776777} 
{0: '0.40524781341107874', 1: '0.0', 2: '0.0', 3: '1.842015749320195', 4: 383.26232150933447} 
{0: '0.4069767441860465', 1: '0.0', 2: '0.0', 3: '1.7328621078878674', 4: 379.5254724700678} 
{0: '0.40869565217391307', 1: '0.0', 2: '0.0', 3: '1.6301766616608926', 4: 381.59966457832303} 
{0: '0.407514450867052', 1: '0.0', 2: '0.0', 3: '1.6301766616608926', 4: 381.20490877730515} 
{0: '0.4092219020172911', 1: '0.0', 2: '0.0', 3: '1.7328621078878674', 4: 382.75507873016915} 
{0: '0.4109195402298851', 1: '0.0', 2: '0.0', 3: '1.842015749320195', 4: 382.61739637725384} 
{0: '0.41260744985673353', 1: '0.0', 2: '0.0', 3: '1.958045020027179', 4: 393.6151836616834} 
{0: '0.4142857142857143', 1: '0.0', 2: '0.0', 3: '2.081383018504685', 4: 395.7126976264668} 
{0: '0.4131054131054131', 1: '0.0', 2: '0.0', 3: '2.081383018504685', 4: 386.33328160101246} 
{0: '0.4147727272727273', 1: '0.0', 2: '0.0', 3: '1.958045020027179', 4: 378.84598676385843} 
{0: '0.4164305949008499', 1: '0.0', 2: '0.0', 3: '1.842015749320195', 4: 396.8090320647002} 
{0: '0.4180790960451977', 1: '0.0', 2: '0.0', 3: '1.7328621078878674', 4: 385.1832145149066} 
{0: '0.4197183098591549', 1: '0.0', 2: '0.0', 3: '1.6301766616608926', 4: 377.9057641766791} 
{0: '0.42134831460674155', 1: '0.0', 2: '0.0', 3: '1.5335761201812925', 4: 389.0971674828485} 
{0: '0.42016806722689076', 1: '0.0', 2: '0.0', 3: '1.5335761201812925', 4: 379.4733287625534} 
{0: '0.42178770949720673', 1: '0.0', 2: '0.0', 3: '1.6301766616608926', 4: 383.2761938284652} 
{0: '0.4233983286908078', 1: '0.0', 2: '0.0', 3: '1.7328621078878674', 4: 383.23369798030177} 
{0: '0.425', 1: '0.0', 2: '0.0', 3: '1.842015749320195', 4: 387.2635357895477} 
{0: '0.4265927977839335', 1: '0.0', 2: '0.0', 3: '1.958045020027179', 4: 386.01136859517453} 
{0: '0.4281767955801105', 1: '0.0', 2: '0.0', 3: '2.081383018504685', 4: 390.5109663732086} 
{0: '0.4297520661157025', 1: '0.0', 2: '0.0', 3: '2.212490124287102', 4: 385.19048148398326} 
{0: '0.42857142857142855', 1: '0.0', 2: '0.0', 3: '2.212490124287102', 4: 389.9658108908169} 
{0: '0.4301369863013699', 1: '0.0', 2: '0.0', 3: '2.081383018504685', 4: 390.6471513786437} 
{0: '0.43169398907103823', 1: '0.0', 2: '0.0', 3: '1.958045020027179', 4: 397.10787805511944} 
{0: '0.4332425068119891', 1: '0.0', 2: '0.0', 3: '1.842015749320195', 4: 400.15874526620325} 
{0: '0.4320652173913043', 1: '0.0', 2: '0.0', 3: '1.842015749320195', 4: 383.0469490469205} 
{0: '0.43360433604336046', 1: '0.0', 2: '0.0', 3: '1.958045020027179', 4: 387.7582853843038} 
{0: '0.43513513513513513', 1: '0.0', 2: '0.0', 3: '2.081383018504685', 4: 381.3707347910243} 
{0: '0.4366576819407008', 1: '0.0', 2: '0.0', 3: '2.212490124287102', 4: 409.7995848183269} 
{0: '0.4381720430107527', 1: '0.0', 2: '0.0', 3: '2.351855716390306', 4: 394.80245689660353} 
{0: '0.43699731903485256', 1: '0.0', 2: '0.0', 3: '2.351855716390306', 4: 391.37704554035673} 
{0: '0.4385026737967914', 1: '0.0', 2: '0.0', 3: '2.212490124287102', 4: 387.7694433164744} 
{0: '0.44', 1: '0.0', 2: '0.0', 3: '2.081383018504685', 4: 389.0575808083005} 
{0: '0.44148936170212766', 1: '0.0', 2: '0.0', 3: '1.958045020027179', 4: 390.7407385535729} 
{0: '0.44297082228116713', 1: '0.0', 2: '0.0', 3: '1.842015749320195', 4: 403.14654095301375} 
{0: '0.4444444444444444', 1: '0.0', 2: '0.0', 3: '1.7328621078878674', 4: 398.6734074448432} 
{0: '0.44591029023746703', 1: '0.0', 2: '0.0', 3: '1.6301766616608926', 4: 385.1133467393289} 
{0: '0.4473684210526316', 1: '0.0', 2: '0.0', 3: '1.5335761201812925', 4: 386.1656439050778} 
{0: '0.4461942257217848', 1: '0.0', 2: '0.0', 3: '1.5335761201812925', 4: 393.1254673433932} 
{0: '0.4476439790575916', 1: '0.0', 2: '0.0', 3: '1.6301766616608926', 4: 394.1980322693983} 
{0: '0.4464751958224543', 1: '0.0', 2: '0.0', 3: '1.6301766616608926', 4: 393.1502246742476} 
{0: '0.4479166666666667', 1: '0.0', 2: '0.0', 3: '1.5335761201812925', 4: 391.45859981104024} 
{0: '0.44675324675324674', 1: '0.0', 2: '0.0', 3: '1.5335761201812925', 4: 385.98032146883884} 
{0: '0.4481865284974093', 1: '0.0', 2: '0.0', 3: '1.6301766616608926', 4: 388.3689457799055} 
{0: '0.4496124031007752', 1: '0.0', 2: '0.0', 3: '1.7328621078878674', 4: 393.1010538009285} 
{0: '0.45103092783505155', 1: '0.0', 2: '0.0', 3: '1.842015749320195', 4: 390.1610465743211} 
{0: '0.4524421593830334', 1: '0.0', 2: '0.0', 3: '1.958045020027179', 4: 398.93792844950303} 
{0: '0.45384615384615384', 1: '0.0', 2: '0.0', 3: '2.081383018504685', 4: 392.09917817666343} 
{0: '0.45268542199488493', 1: '0.0', 2: '0.0', 3: '2.081383018504685', 4: 412.59405184407274} 
{0: '0.45408163265306123', 1: '0.0', 2: '0.0', 3: '1.958045020027179', 4: 393.6846892482851} 
{0: '0.455470737913486', 1: '0.0', 2: '0.0', 3: '1.842015749320195', 4: 389.81947304766237} 
{0: '0.45685279187817257', 1: '0.0', 2: '0.0', 3: '1.7328621078878674', 4: 385.43235168698925} 
{0: '0.45569620253164556', 1: '0.0', 2: '0.0', 3: '1.7328621078878674', 4: 386.3270327779983} 
{0: '0.45707070707070707', 1: '0.0', 2: '0.0', 3: '1.842015749320195', 4: 387.25911964621673} 
{0: '0.45843828715365237', 1: '0.0', 2: '0.0', 3: '1.958045020027179', 4: 396.873242392392} 
{0: '0.45979899497487436', 1: '0.0', 2: '0.0', 3: '2.081383018504685', 4: 393.7798632408729} 
{0: '0.46115288220551376', 1: '0.0', 2: '0.0', 3: '2.212490124287102', 4: 398.7846641312303} 
{0: '0.4625', 1: '0.0', 2: '0.0', 3: '2.351855716390306', 4: 391.68725485204374} 
{0: '0.46384039900249374', 1: '0.0', 2: '0.0', 3: '2.500000000000003', 4: 393.9456792557031} 
{0: '0.4626865671641791', 1: '0.0', 2: '0.0', 3: '2.500000000000003', 4: 397.1058373765295} 
{0: '0.4640198511166253', 1: '0.0', 2: '0.0', 3: '2.351855716390306', 4: 389.76896423192755} 
{0: '0.46534653465346537', 1: '0.0', 2: '0.0', 3: '2.212490124287102', 4: 392.0425195720372} 
{0: '0.4666666666666667', 1: '0.0', 2: '0.0', 3: '2.081383018504685', 4: 410.7697382394645} 
{0: '0.46551724137931033', 1: '0.0', 2: '0.0', 3: '2.081383018504685', 4: 391.5421538007341} 
{0: '0.4668304668304668', 1: '0.0', 2: '0.0', 3: '2.212490124287102', 4: 402.0982699054284} 
{0: '0.4681372549019608', 1: '0.0', 2: '0.0', 3: '2.351855716390306', 4: 407.87370979278063} 
{0: '0.46943765281173594', 1: '0.0', 2: '0.0', 3: '2.500000000000003', 4: 405.9409449032711} 
{0: '0.4682926829268293', 1: '0.0', 2: '0.0', 3: '2.500000000000003', 4: 407.2600311061722} 
{0: '0.46958637469586373', 1: '0.0', 2: '0.0', 3: '2.351855716390306', 4: 399.7112066843357} 
{0: '0.470873786407767', 1: '0.0', 2: '0.0', 3: '2.212490124287102', 4: 397.68353081787507} 
{0: '0.46973365617433416', 1: '0.0', 2: '0.0', 3: '2.212490124287102', 4: 380.17877647752493} 
{0: '0.47101449275362317', 1: '0.0', 2: '0.0', 3: '2.351855716390306', 4: 386.04084508347665} 
{0: '0.46987951807228917', 1: '0.0', 2: '0.0', 3: '2.351855716390306', 4: 386.3955959728139} 
{0: '0.47115384615384615', 1: '0.0', 2: '0.0', 3: '2.212490124287102', 4: 407.6722718766682} 
{0: '0.4724220623501199', 1: '0.0', 2: '0.0', 3: '2.081383018504685', 4: 408.003528344671} 
{0: '0.47368421052631576', 1: '0.0', 2: '0.0', 3: '1.958045020027179', 4: 404.0621142557538} 
{0: '0.47494033412887826', 1: '0.0', 2: '0.0', 3: '1.842015749320195', 4: 374.5654793190598} 
{0: '0.47619047619047616', 1: '0.0', 2: '0.0', 3: '1.7328621078878674', 4: 384.883021165679} 
{0: '0.4750593824228028', 1: '0.0', 2: '0.0', 3: '1.7328621078878674', 4: 393.71904382613013} 
{0: '0.476303317535545', 1: '0.0', 2: '0.0', 3: '1.842015749320195', 4: 405.4253158267563} 
{0: '0.47754137115839246', 1: '0.0', 2: '0.0', 3: '1.958045020027179', 4: 398.8491826352301} 
{0: '0.47877358490566035', 1: '0.0', 2: '0.0', 3: '2.081383018504685', 4: 398.4054770209412} 
{0: '0.4776470588235294', 1: '0.0', 2: '0.0', 3: '2.081383018504685', 4: 389.3586064612209} 
{0: '0.4788732394366197', 1: '0.0', 2: '0.0', 3: '1.958045020027179', 4: 398.6926959328188} 
{0: '0.48009367681498827', 1: '0.0', 2: '0.0', 3: '1.842015749320195', 4: 399.29524744168623} 
{0: '0.47897196261682246', 1: '0.0', 2: '0.0', 3: '1.842015749320195', 4: 387.7816935657354} 
{0: '0.4801864801864802', 1: '0.0', 2: '0.0', 3: '1.958045020027179', 4: 377.6728749260996} 
{0: '0.4813953488372093', 1: '0.0', 2: '0.0', 3: '2.081383018504685', 4: 382.2797371709506} 
{0: '0.48259860788863107', 1: '0.0', 2: '0.0', 3: '2.212490124287102', 4: 394.7928265110721} 
{0: '0.4837962962962963', 1: '0.0', 2: '0.0', 3: '2.351855716390306', 4: 393.01273904736604} 
{0: '0.48498845265588914', 1: '0.0', 2: '0.0', 3: '2.500000000000003', 4: 398.0914857622388} 
{0: '0.4838709677419355', 1: '0.0', 2: '0.0', 3: '2.500000000000003', 4: 395.8744668775406} 
{0: '0.4850574712643678', 1: '0.0', 2: '0.0', 3: '2.351855716390306', 4: 402.8010928069048} 
{0: '0.48623853211009177', 1: '0.0', 2: '0.0', 3: '2.212490124287102', 4: 382.03636818061045} 
{0: '0.4874141876430206', 1: '0.0', 2: '0.0', 3: '2.081383018504685', 4: 393.2359596549592} 
{0: '0.4885844748858447', 1: '0.0', 2: '0.0', 3: '1.958045020027179', 4: 389.00749149862975} 
{0: '0.489749430523918', 1: '0.0', 2: '0.0', 3: '1.842015749320195', 4: 391.0277532366763} 
{0: '0.48863636363636365', 1: '0.0', 2: '0.0', 3: '1.842015749320195', 4: 387.97602961163227} 
{0: '0.4897959183673469', 1: '0.0', 2: '0.0', 3: '1.958045020027179', 4: 378.2178310309976} 
{0: '0.49095022624434387', 1: '0.0', 2: '0.0', 3: '2.081383018504685', 4: 393.7066082433322} 
{0: '0.49209932279909707', 1: '0.0', 2: '0.0', 3: '2.212490124287102', 4: 396.6852397504734} 
{0: '0.49324324324324326', 1: '0.0', 2: '0.0', 3: '2.351855716390306', 4: 397.84274483114405} 
{0: '0.49213483146067416', 1: '0.0', 2: '0.0', 3: '2.351855716390306', 4: 388.9860166637527} 
{0: '0.49327354260089684', 1: '0.0', 2: '0.0', 3: '2.212490124287102', 4: 389.5941109245947} 
{0: '0.49440715883668906', 1: '0.0', 2: '0.0', 3: '2.081383018504685', 4: 386.1105103766288} 
{0: '0.4955357142857143', 1: '0.0', 2: '0.0', 3: '1.958045020027179', 4: 375.4438487916678} 
{0: '0.49665924276169265', 1: '0.0', 2: '0.0', 3: '1.842015749320195', 4: 392.18998408338814} 
{0: '0.4955555555555556', 1: '0.0', 2: '0.0', 3: '1.842015749320195', 4: 388.77794745727584} 
{0: '0.49667405764966743', 1: '0.0', 2: '0.0', 3: '1.958045020027179', 4: 405.0334729799856} 
{0: '0.497787610619469', 1: '0.0', 2: '0.0', 3: '2.081383018504685', 4: 384.31430588786066} 
{0: '0.4988962472406181', 1: '0.0', 2: '0.0', 3: '2.212490124287102', 4: 390.4889124571499} 
{0: '0.5', 1: '0.0', 2: '0.0', 3: '2.351855716390306', 4: 386.44785102661433} 
{0: '0.4989010989010989', 1: '0.0', 2: '0.0', 3: '2.351855716390306', 4: 396.53490480866833} 
{0: '0.5', 1: '0.0', 2: '0.0', 3: '2.212490124287102', 4: 407.0811848252822} 
{0: '0.4989059080962801', 1: '0.0', 2: '0.0', 3: '2.212490124287102', 4: 393.8077166282229} 
{0: '0.5', 1: '0.0', 2: '0.0', 3: '2.351855716390306', 4: 414.59166650095517} 
{0: '0.5010893246187363', 1: '0.0', 2: '0.0', 3: '2.500000000000003', 4: 399.0796359009633} 
{0: '0.5', 1: '0.0', 2: '0.0', 3: '2.500000000000003', 4: 397.58434129958994} 
{0: '0.5010845986984815', 1: '0.0', 2: '0.0', 3: '2.351855716390306', 4: 410.52243515052146} 
{0: '0.5021645021645021', 1: '0.0', 2: '0.0', 3: '2.212490124287102', 4: 399.9646714883279} 
{0: '0.5032397408207343', 1: '0.0', 2: '0.0', 3: '2.081383018504685', 4: 410.6036732656507} 
{0: '0.5021551724137931', 1: '0.0', 2: '0.0', 3: '2.081383018504685', 4: 379.8738161208062} 
{0: '0.5010752688172043', 1: '0.0', 2: '0.0', 3: '2.081383018504685', 4: 382.7708415411626} 
{0: '0.5', 1: '0.0', 2: '0.0', 3: '2.081383018504685', 4: 391.70770770217746} 
{0: '0.5010706638115632', 1: '0.0', 2: '0.0', 3: '2.212490124287102', 4: 386.31347641128247} 
{0: '0.5021367521367521', 1: '0.0', 2: '0.0', 3: '2.351855716390306', 4: 396.9877147442827} 
{0: '0.5010660980810234', 1: '0.0', 2: '0.0', 3: '2.351855716390306', 4: 393.107481373361} 
{0: '0.502127659574468', 1: '0.0', 2: '0.0', 3: '2.212490124287102', 4: 391.36901305836005} 
{0: '0.5031847133757962', 1: '0.0', 2: '0.0', 3: '2.081383018504685', 4: 393.4933452293716} 
{0: '0.5042372881355932', 1: '0.0', 2: '0.0', 3: '1.958045020027179', 4: 387.71147891644614} 
{0: '0.5052854122621564', 1: '0.0', 2: '0.0', 3: '1.842015749320195', 4: 389.2666701014479} 
{0: '0.5063291139240507', 1: '0.0', 2: '0.0', 3: '1.7328621078878674', 4: 396.2288624341143} 
{0: '0.5073684210526316', 1: '0.0', 2: '0.0', 3: '1.6301766616608926', 4: 390.16466706992014} 
{0: '0.5063025210084033', 1: '0.0', 2: '0.0', 3: '1.6301766616608926', 4: 391.5281095794641} 
{0: '0.5073375262054507', 1: '0.0', 2: '0.0', 3: '1.7328621078878674', 4: 394.78320800088636} 
{0: '0.5083682008368201', 1: '0.0', 2: '0.0', 3: '1.842015749320195', 4: 394.04134731697445} 
{0: '0.5093945720250522', 1: '0.0', 2: '0.0', 3: '1.958045020027179', 4: 383.3309258657522} 
{0: '0.5104166666666666', 1: '0.0', 2: '0.0', 3: '2.081383018504685', 4: 382.426690873691} 
{0: '0.5093555093555093', 1: '0.0', 2: '0.0', 3: '2.081383018504685', 4: 406.8074980403813} 
{0: '0.5103734439834025', 1: '0.0', 2: '0.0', 3: '1.958045020027179', 4: 398.1823966477115} 
{0: '0.5113871635610766', 1: '0.0', 2: '0.0', 3: '1.842015749320195', 4: 384.49481599450394} 
{0: '0.5103305785123967', 1: '0.0', 2: '0.0', 3: '1.842015749320195', 4: 397.25021013748824} 
{0: '0.511340206185567', 1: '0.0', 2: '0.0', 3: '1.958045020027179', 4: 395.02782722346274} 
{0: '0.5123456790123457', 1: '0.0', 2: '0.0', 3: '2.081383018504685', 4: 390.9818893586406} 
{0: '0.5133470225872689', 1: '0.0', 2: '0.0', 3: '2.212490124287102', 4: 378.69471963828283} 
{0: '0.514344262295082', 1: '0.0', 2: '0.0', 3: '2.351855716390306', 4: 386.50174993341716} 
{0: '0.5132924335378323', 1: '0.0', 2: '0.0', 3: '2.351855716390306', 4: 414.32909250962024} 
{0: '0.5142857142857142', 1: '0.0', 2: '0.0', 3: '2.212490124287102', 4: 387.81119832469494} 
{0: '0.515274949083503', 1: '0.0', 2: '0.0', 3: '2.081383018504685', 4: 397.8305367049324} 
{0: '0.516260162601626', 1: '0.0', 2: '0.0', 3: '1.958045020027179', 4: 375.2061985226648} 
{0: '0.5172413793103449', 1: '0.0', 2: '0.0', 3: '1.842015749320195', 4: 382.0066555235444} 
{0: '0.5182186234817814', 1: '0.0', 2: '0.0', 3: '1.7328621078878674', 4: 386.5813710051613} 
{0: '0.5171717171717172', 1: '0.0', 2: '0.0', 3: '1.7328621078878674', 4: 398.27985364443646} 
{0: '0.5181451612903226', 1: '0.0', 2: '0.0', 3: '1.842015749320195', 4: 382.5062346163603} 
{0: '0.5191146881287726', 1: '0.0', 2: '0.0', 3: '1.958045020027179', 4: 389.5726929839268} 
{0: '0.5200803212851406', 1: '0.0', 2: '0.0', 3: '2.081383018504685', 4: 394.5857954203841} 
{0: '0.5210420841683366', 1: '0.0', 2: '0.0', 3: '2.212490124287102', 4: 385.07535900530644} 
