{'STAT2HEADER': 'STAT2HEADER', 'STAT2HEADER_ENVIRON': 'environ({\'OMPI_MCA_pmix\': \'^s1,s2,cray,isolated\', \'PMIX_MCA_mca_base_component_show_load_errors\': \'1\', \'OMPI_COMMAND\': \'python3\', \'OMPI_ARGV\': \'static_snapshot.py 2 1min\', \'OMPI_MCA_orte_precondition_transports\': \'347528d12057c09f-fb9c6d50a68aa4e9\', \'LD_LIBRARY_PATH\': \'/salilab/diva1/programs/x86_64linux/numpy-py36-1.19.5/lib:/salilab/diva1/home/libs/x86_64/centos8:/salilab/diva1/home/libs/x86_64:/salilab/diva1/home/imp/main/20240607-af6f9d6a95/lib/release8:/salilab/diva1/programs/x86_64linux/opencv-4.3.0/lib64/rhel:/salilab/diva1/programs/x86_64linux/opencv-4.3.0/lib64:/salilab/diva1/programs/x86_64linux/hdf5-1.10.7/lib:/salilab/diva1/programs/x86_64linux/libtau-py27-1.0.1/lib64:/salilab/diva1/programs/x86_64linux/boost-1.73.0/lib64:/usr/lib64/openmpi/lib:/wynton/group/sali/miha_rozic/Software/imp-develop/build/lib::\', \'IMP_TMP_DIR\': \'/wynton/group/sali/miha_rozic/Software/imp-develop/build/tmp\', \'PE_HOSTFILE\': \'/var/spool/sge/wynton/qb3-id143/active_jobs/708605.1/pe_hostfile\', \'__LMOD_REF_COUNT_PATH\': \'/salilab/diva1/programs/x86_64linux/numpy-py36-1.19.5/bin:1;/salilab/diva1/home/imp/main/20240607-af6f9d6a95/bin/release8:1;/salilab/diva1/programs/x86_64linux/opencv-4.3.0/bin:1;/salilab/diva1/programs/x86_64linux/hdf5-1.10.7/bin:1;/usr/lib64/openmpi/bin:1;/wynton/home/sali/rozicmiha/.local/bin:1;/wynton/home/sali/rozicmiha/bin:1;/wynton/group/sali/miha_rozic/Software/imp-develop/build/bin:1;/wynton/group/sali/miha_rozic/Software/imp-develop/build/module_bin/EMageFit:1;/wynton/group/sali/miha_rozic/Software/imp-develop/build/module_bin/algebra:1;/wynton/group/sali/miha_rozic/Software/imp-develop/build/module_bin/atom:1;/wynton/group/sali/miha_rozic/Software/imp-develop/build/module_bin/benchmark:1;/wynton/group/sali/miha_rozic/Software/imp-develop/build/module_bin/cgal:1;/wynton/group/sali/miha_rozic/Software/imp-develop/build/module_bin/cnmultifit:1;/wynton/group/sali/miha_rozic/Software/imp-develop/build/module_bin/container:1;/wynton/group/sali/miha_rozic/Software/imp-develop/build/module_bin/core:1;/wynton/group/sali/miha_rozic/Software/imp-develop/build/module_bin/display:1;/wynton/group/sali/miha_rozic/Software/imp-develop/build/module_bin/domino:1;/wynton/group/sali/miha_rozic/Software/imp-develop/build/module_bin/em:1;/wynton/group/sali/miha_rozic/Software/imp-develop/build/module_bin/em2d:1;/wynton/group/sali/miha_rozic/Software/imp-develop/build/module_bin/example:1;/wynton/group/sali/miha_rozic/Software/imp-develop/build/module_bin/foxs:1;/wynton/group/sali/miha_rozic/Software/imp-develop/build/module_bin/gsl:1;/wynton/group/sali/miha_rozic/Software/imp-develop/build/module_bin/integrative_docking:1;/wynton/group/sali/miha_rozic/Software/imp-develop/build/module_bin/isd:1;/wynton/group/sali/miha_rozic/Software/imp-develop/build/module_bin/kernel:1;/wynton/group/sali/miha_rozic/Software/imp-develop/build/module_bin/kinematics:1;/wynton/group/sali/miha_rozic/Software/imp-develop/build/module_bin/kmeans:1;/wynton/group/sali/miha_rozic/Software/imp-develop/build/module_bin/misc:1;/wynton/group/sali/miha_rozic/Software/imp-develop/build/module_bin/mmcif:1;/wynton/group/sali/miha_rozic/Software/imp-develop/build/module_bin/modeller:1;/wynton/group/sali/miha_rozic/Software/imp-develop/build/module_bin/mpi:1;/wynton/group/sali/miha_rozic/Software/imp-develop/build/module_bin/multi_state:1;/wynton/group/sali/miha_rozic/Software/imp-develop/build/module_bin/multifit:1;/wynton/group/sali/miha_rozic/Software/imp-develop/build/module_bin/npc:1;/wynton/group/sali/miha_rozic/Software/imp-develop/build/module_bin/npcassembly:1;/wynton/group/sali/miha_rozic/Software/imp-develop/build/module_bin/parallel:1;/wynton/group/sali/miha_rozic/Software/imp-develop/build/module_bin/pepdock:1;/wynton/group/sali/miha_rozic/Software/imp-develop/build/module_bin/pmi:1;/wynton/group/sali/miha_rozic/Software/imp-develop/build/module_bin/rmf:1;/wynton/group/sali/miha_rozic/Software/imp-develop/build/module_bin/rotamer:1;/wynton/group/sali/miha_rozic/Software/imp-develop/build/module_bin/saxs:1;/wynton/group/sali/miha_rozic/Software/imp-develop/build/module_bin/saxs_merge:1;/wynton/group/sali/miha_rozic/Software/imp-develop/build/module_bin/score_functor:1;/wynton/group/sali/miha_rozic/Software/imp-develop/build/module_bin/scratch:1;/wynton/group/sali/miha_rozic/Software/imp-develop/build/module_bin/spb:1;/wynton/group/sali/miha_rozic/Software/imp-develop/build/module_bin/statistics:1;/wynton/group/sali/miha_rozic/Software/imp-develop/build/module_bin/symmetry:1;/wynton/group/sali/miha_rozic/Software/imp-develop/build/module_bin/test:1;/opt/sge/bin:1;/opt/sge/bin/lx-amd64:1;/scratch/708605.1.member.q:1;/usr/local/bin:1;/bin:1;/usr/bin:1;/usr/local/sbin:1;/usr/sbin:1\', \'_ModuleTable002_\': \'fSwKc3RhY2tEZXB0aCA9IDEsCnN0YXR1cyA9ICJhY3RpdmUiLAp1c2VyTmFtZSA9ICJib29zdC8xLjczLjAiLAp3ViA9ICIwMDAwMDAwMDEuMDAwMDAwMDczLip6ZmluYWwiLAp9LApoZGY1ID0gewpmbiA9ICIvc2FsaWxhYi9kaXZhMS9ob21lL21vZHVsZXMvaGRmNS8xLjEwLjciLApmdWxsTmFtZSA9ICJoZGY1LzEuMTAuNyIsCmxvYWRPcmRlciA9IDUsCnByb3BUID0ge30sCnN0YWNrRGVwdGggPSAyLApzdGF0dXMgPSAiYWN0aXZlIiwKdXNlck5hbWUgPSAiaGRmNS8xLjEwLjciLAp3ViA9ICIwMDAwMDAwMDEuMDAwMDAwMDEwLjAwMDAwMDAwNy4qemZpbmFsIiwKfSwKaW1wID0gewpmbiA9ICIvc2FsaWxhYi9kaXZhMS9ob21lL21vZHVsZXMvaW1wLzIuMjEuMCIsCmZ1bGxO\', \'IMP_DIR\': \'/salilab/diva1/home/imp/main/20240607-af6f9d6a95/lib/release8/cmake/IMP\', \'QUEUE\': \'member.q\', \'GOTO_NUM_THREADS\': \'1\', \'MPI_PYTHON3_SITEARCH\': \'/usr/lib64/python3.6/site-packages/openmpi\', \'LANG\': \'en_US.UTF-8\', \'HISTCONTROL\': \'ignoredups\', \'_ModuleTable008_\': \'cyIsCmZ1bGxOYW1lID0gInNhbGktbGlicmFyaWVzIiwKbG9hZE9yZGVyID0gOCwKcHJvcFQgPSB7fSwKc3RhY2tEZXB0aCA9IDEsCnN0YXR1cyA9ICJhY3RpdmUiLAp1c2VyTmFtZSA9ICJzYWxpLWxpYnJhcmllcyIsCndWID0gIk0uKnpmaW5hbCIsCn0sCn0sCm1wYXRoQSA9IHsKIi9zYWxpbGFiL2RpdmExL2hvbWUvbW9kdWxlcyIsICIvZXRjL21vZHVsZWZpbGVzIiwgIi91c3Ivc2hhcmUvbW9kdWxlZmlsZXMiCiwgIi91c3Ivc2hhcmUvbW9kdWxlZmlsZXMvTGludXgiLCAiL3Vzci9zaGFyZS9tb2R1bGVmaWxlcy9Db3JlIiwgIi91c3Ivc2hhcmUvbG1vZC9sbW9kL21vZHVsZWZpbGVzL0NvcmUiLAp9LApzeXN0ZW1CYXNlTVBBVEggPSAiL2V0Yy9tb2R1bGVmaWxlczovdXNy\', \'SGE_O_HOST\': \'dev1\', \'HOSTNAME\': \'qb3-id143.wynton.ucsf.edu\', \'OPENBLAS_NUM_THREADS\': \'1\', \'__LMOD_REF_COUNT_CMAKE_INCLUDE_PATH\': \'/salilab/diva1/programs/x86_64linux/opencv-4.3.0/include/opencv4:1;/salilab/diva1/programs/x86_64linux/hdf5-1.10.7/include:1;/salilab/diva1/programs/x86_64linux/libtau-py27-1.0.1/include:1;/salilab/diva1/programs/x86_64linux/boost-1.73.0/include:1\', \'SGE_RSH_COMMAND\': \'builtin\', \'ENVIRONMENT\': \'BATCH\', \'IMP_DATA\': \'/wynton/group/sali/miha_rozic/Software/imp-develop/build/data\', \'REQUEST\': \'test1\', \'SGE_STDIN_PATH\': \'/dev/null\', \'SGE_CELL\': \'wynton\', \'_ModuleTable007_\': \'MjEuMyIsCndWID0gIjAwMDAwMDAwMC4wMDAwMDAwMjEuMDAwMDAwMDAzLip6ZmluYWwiLAp9LApbInB5dGhvbjMvc2NpcHkiXSA9IHsKZm4gPSAiL3NhbGlsYWIvZGl2YTEvaG9tZS9tb2R1bGVzL3B5dGhvbjMvc2NpcHkvMS4zLjIiLApmdWxsTmFtZSA9ICJweXRob24zL3NjaXB5LzEuMy4yIiwKbG9hZE9yZGVyID0gMTAsCnByb3BUID0ge30sCnN0YWNrRGVwdGggPSAxLApzdGF0dXMgPSAiYWN0aXZlIiwKdXNlck5hbWUgPSAicHl0aG9uMy9zY2lweS8xLjMuMiIsCndWID0gIjAwMDAwMDAwMS4wMDAwMDAwMDMuMDAwMDAwMDAyLip6ZmluYWwiLAp9LApbInNhbGktbGlicmFyaWVzIl0gPSB7CmZuID0gIi9zYWxpbGFiL2RpdmExL2hvbWUvbW9kdWxlcy9zYWxpLWxpYnJhcmll\', \'CMAKE_INCLUDE_PATH\': \'/salilab/diva1/programs/x86_64linux/opencv-4.3.0/include/opencv4:/salilab/diva1/programs/x86_64linux/hdf5-1.10.7/include:/salilab/diva1/programs/x86_64linux/libtau-py27-1.0.1/include:/salilab/diva1/programs/x86_64linux/boost-1.73.0/include\', \'__LMOD_REF_COUNT_LD_LIBRARY_PATH\': \'/salilab/diva1/programs/x86_64linux/numpy-py36-1.19.5/lib:1;/salilab/diva1/home/libs/x86_64/centos8:1;/salilab/diva1/home/libs/x86_64:1;/salilab/diva1/home/imp/main/20240607-af6f9d6a95/lib/release8:1;/salilab/diva1/programs/x86_64linux/opencv-4.3.0/lib64/rhel:1;/salilab/diva1/programs/x86_64linux/opencv-4.3.0/lib64:1;/salilab/diva1/programs/x86_64linux/hdf5-1.10.7/lib:1;/salilab/diva1/programs/x86_64linux/libtau-py27-1.0.1/lib64:1;/salilab/diva1/programs/x86_64linux/boost-1.73.0/lib64:1;/usr/lib64/openmpi/lib:1;/wynton/group/sali/miha_rozic/Software/imp-develop/build/lib:2;:1\', \'__LMOD_REF_COUNT_PKG_CONFIG_PATH\': \'/usr/lib64/openmpi/lib/pkgconfig:1\', \'_ModuleTable004_\': \'aGFyZS9tb2R1bGVmaWxlcy9tcGkvb3Blbm1waS14ODZfNjQiLApmdWxsTmFtZSA9ICJtcGkvb3Blbm1waS14ODZfNjQiLApsb2FkT3JkZXIgPSAyLApwcm9wVCA9IHt9LApzdGFja0RlcHRoID0gMCwKc3RhdHVzID0gImFjdGl2ZSIsCnVzZXJOYW1lID0gIm1waS9vcGVubXBpLXg4Nl82NCIsCndWID0gIipvcGVubXBpLip4LjAwMDAwMDA4Ni4qXy4wMDAwMDAwNjQuKnpmaW5hbCIsCn0sCm9wZW5jdiA9IHsKZm4gPSAiL3NhbGlsYWIvZGl2YTEvaG9tZS9tb2R1bGVzL29wZW5jdi80LjMuMCIsCmZ1bGxOYW1lID0gIm9wZW5jdi80LjMuMCIsCmxvYWRPcmRlciA9IDYsCnByb3BUID0ge30sCnN0YWNrRGVwdGggPSAxLApzdGF0dXMgPSAiYWN0aXZlIiwKdXNlck5hbWUgPSAib3Bl\', \'__LMOD_REF_COUNT_PYTHONPATH\': \'/salilab/diva1/programs/x86_64linux/scikit-py36-0.21.3/lib64/python3.6/site-packages:1;/salilab/diva1/programs/linux/joblib-0.17.0/lib/python3.6/site-packages:1;/salilab/diva1/programs/x86_64linux/scipy-py36-1.3.2/lib64/python3.6/site-packages:1;/salilab/diva1/programs/x86_64linux/numpy-py36-1.19.5/lib64/python3.6/site-packages:1;/salilab/diva1/home/imp/main/20240607-af6f9d6a95/lib/release8:1;/salilab/diva1/programs/x86_64linux/opencv-4.3.0/lib/python3.6/site-packages:1;/wynton/group/sali/miha_rozic/Software/imp-develop/build/lib:2;:1\', \'which_declare\': \'declare -f\', \'NHOSTS\': \'1\', \'SGE_O_WORKDIR\': \'/wynton/group/sali/miha_rozic/Input_information/SNAPSHOTS/central_directory/snapshot2_1min/run36\', \'USER\': \'rozicmiha\', \'SGE_TASK_ID\': \'undefined\', \'__LMOD_REF_COUNT_CMAKE_LIBRARY_PATH\': \'/salilab/diva1/programs/x86_64linux/opencv-4.3.0/lib64:1;/salilab/diva1/programs/x86_64linux/hdf5-1.10.7/lib:1;/salilab/diva1/programs/x86_64linux/libtau-py27-1.0.1/lib64:1;/salilab/diva1/programs/x86_64linux/boost-1.73.0/lib64:1\', \'SGE_TASK_FIRST\': \'undefined\', \'NSLOTS\': \'16\', \'__LMOD_REF_COUNT_MODULEPATH\': \'/salilab/diva1/home/modules:1;/etc/modulefiles:1;/usr/share/modulefiles:1;/usr/share/modulefiles/Linux:1;/usr/share/modulefiles/Core:1;/usr/share/lmod/lmod/modulefiles/Core:1\', \'PWD\': \'/wynton/group/sali/miha_rozic/Input_information/SNAPSHOTS/central_directory/snapshot2_1min/run36\', \'HOME\': \'/wynton/home/sali/rozicmiha\', \'NQUEUES\': \'1\', \'TMP\': \'/scratch/708605.1.member.q\', \'PE\': \'smp\', \'SGE_O_HOME\': \'/wynton/home/sali/rozicmiha\', \'LMOD_VERSION\': \'8.7.32\', \'JOB_NAME\': \'test1\', \'BASH_ENV\': \'/usr/share/lmod/lmod/init/bash\', \'MPI_FORTRAN_MOD_DIR\': \'/usr/lib64/gfortran/modules/openmpi\', \'SGE_TASK_LAST\': \'undefined\', \'MKL_NUM_THREADS\': \'1\', \'MPI_COMPILER\': \'openmpi-x86_64\', \'SGE_ACCOUNT\': \'sge\', \'SGE_ROOT\': \'/opt/sge\', \'MPI_SUFFIX\': \'_openmpi\', \'TMPDIR\': \'/scratch/708605.1.member.q\', \'RESTARTED\': \'0\', \'LMOD_sys\': \'Linux\', \'_ModuleTable001_\': \'X01vZHVsZVRhYmxlXyA9IHsKTVR2ZXJzaW9uID0gMywKY19yZWJ1aWxkVGltZSA9IGZhbHNlLApjX3Nob3J0VGltZSA9IGZhbHNlLApkZXB0aFQgPSB7fSwKZmFtaWx5ID0ge30sCm1UID0gewpTYWxpID0gewpmbiA9ICIvZXRjL21vZHVsZWZpbGVzL1NhbGkubHVhIiwKZnVsbE5hbWUgPSAiU2FsaSIsCmxvYWRPcmRlciA9IDEsCnByb3BUID0ge30sCnN0YWNrRGVwdGggPSAwLApzdGF0dXMgPSAiYWN0aXZlIiwKdXNlck5hbWUgPSAiU2FsaSIsCndWID0gIk0uKnpmaW5hbCIsCn0sCmJvb3N0ID0gewpmbiA9ICIvc2FsaWxhYi9kaXZhMS9ob21lL21vZHVsZXMvYm9vc3QvMS43My4wIiwKZnVsbE5hbWUgPSAiYm9vc3QvMS43My4wIiwKbG9hZE9yZGVyID0gMywKcHJvcFQgPSB7\', \'LOADEDMODULES\': \'Sali:mpi/openmpi-x86_64:boost/1.73.0:libtau/1.0.1:hdf5/1.10.7:opencv/4.3.0:imp/2.21.0:sali-libraries:python3/numpy/1.19.5:python3/scipy/1.3.2:python3/joblib/0.17.0:python3/scikit/0.21.3\', \'SGE_O_PATH\': \'/salilab/diva1/programs/x86_64linux/numpy-py36-1.19.5/bin:/salilab/diva1/home/imp/main/20240607-af6f9d6a95/bin/release8:/salilab/diva1/programs/x86_64linux/opencv-4.3.0/bin:/salilab/diva1/programs/x86_64linux/hdf5-1.10.7/bin:/wynton/home/sali/rozicmiha/.local/bin:/wynton/home/sali/rozicmiha/bin:/wynton/group/sali/miha_rozic/Software/imp-develop/build/bin:/wynton/group/sali/miha_rozic/Software/imp-develop/build/module_bin/EMageFit:/wynton/group/sali/miha_rozic/Software/imp-develop/build/module_bin/algebra:/wynton/group/sali/miha_rozic/Software/imp-develop/build/module_bin/atom:/wynton/group/sali/miha_rozic/Software/imp-develop/build/module_bin/benchmark:/wynton/group/sali/miha_rozic/Software/imp-develop/build/module_bin/cgal:/wynton/group/sali/miha_rozic/Software/imp-develop/build/module_bin/cnmultifit:/wynton/group/sali/miha_rozic/Software/imp-develop/build/module_bin/container:/wynton/group/sali/miha_rozic/Software/imp-develop/build/module_bin/core:/wynton/group/sali/miha_rozic/Software/imp-develop/build/module_bin/display:/wynton/group/sali/miha_rozic/Software/imp-develop/build/module_bin/domino:/wynton/group/sali/miha_rozic/Software/imp-develop/build/module_bin/em:/wynton/group/sali/miha_rozic/Software/imp-develop/build/module_bin/em2d:/wynton/group/sali/miha_rozic/Software/imp-develop/build/module_bin/example:/wynton/group/sali/miha_rozic/Software/imp-develop/build/module_bin/foxs:/wynton/group/sali/miha_rozic/Software/imp-develop/build/module_bin/gsl:/wynton/group/sali/miha_rozic/Software/imp-develop/build/module_bin/integrative_docking:/wynton/group/sali/miha_rozic/Software/imp-develop/build/module_bin/isd:/wynton/group/sali/miha_rozic/Software/imp-develop/build/module_bin/kernel:/wynton/group/sali/miha_rozic/Software/imp-develop/build/module_bin/kinematics:/wynton/group/sali/miha_rozic/Software/imp-develop/build/module_bin/kmeans:/wynton/group/sali/miha_rozic/Software/imp-develop/build/module_bin/misc:/wynton/group/sali/miha_rozic/Software/imp-develop/build/module_bin/mmcif:/wynton/group/sali/miha_rozic/Software/imp-develop/build/module_bin/modeller:/wynton/group/sali/miha_rozic/Software/imp-develop/build/module_bin/mpi:/wynton/group/sali/miha_rozic/Software/imp-develop/build/module_bin/multi_state:/wynton/group/sali/miha_rozic/Software/imp-develop/build/module_bin/multifit:/wynton/group/sali/miha_rozic/Software/imp-develop/build/module_bin/npc:/wynton/group/sali/miha_rozic/Software/imp-develop/build/module_bin/npcassembly:/wynton/group/sali/miha_rozic/Software/imp-develop/build/module_bin/parallel:/wynton/group/sali/miha_rozic/Software/imp-develop/build/module_bin/pepdock:/wynton/group/sali/miha_rozic/Software/imp-develop/build/module_bin/pmi:/wynton/group/sali/miha_rozic/Software/imp-develop/build/module_bin/rmf:/wynton/group/sali/miha_rozic/Software/imp-develop/build/module_bin/rotamer:/wynton/group/sali/miha_rozic/Software/imp-develop/build/module_bin/saxs:/wynton/group/sali/miha_rozic/Software/imp-develop/build/module_bin/saxs_merge:/wynton/group/sali/miha_rozic/Software/imp-develop/build/module_bin/score_functor:/wynton/group/sali/miha_rozic/Software/imp-develop/build/module_bin/scratch:/wynton/group/sali/miha_rozic/Software/imp-develop/build/module_bin/spb:/wynton/group/sali/miha_rozic/Software/imp-develop/build/module_bin/statistics:/wynton/group/sali/miha_rozic/Software/imp-develop/build/module_bin/symmetry:/wynton/group/sali/miha_rozic/Software/imp-develop/build/module_bin/test:/opt/sge/bin:/opt/sge/bin/lx-amd64:/usr/local/bin:/usr/bin:/usr/local/sbin:/usr/sbin\', \'SGE_O_SHELL\': \'/bin/bash\', \'_ModuleTable006_\': \'bWUgPSAicHl0aG9uMy9udW1weS8xLjE5LjUiLApsb2FkT3JkZXIgPSA5LApwcm9wVCA9IHt9LApzdGFja0RlcHRoID0gMiwKc3RhdHVzID0gImFjdGl2ZSIsCnVzZXJOYW1lID0gInB5dGhvbjMvbnVtcHkvMS4xOS41IiwKd1YgPSAiMDAwMDAwMDAxLjAwMDAwMDAxOS4wMDAwMDAwMDUuKnpmaW5hbCIsCn0sClsicHl0aG9uMy9zY2lraXQiXSA9IHsKZm4gPSAiL3NhbGlsYWIvZGl2YTEvaG9tZS9tb2R1bGVzL3B5dGhvbjMvc2Npa2l0LzAuMjEuMyIsCmZ1bGxOYW1lID0gInB5dGhvbjMvc2Npa2l0LzAuMjEuMyIsCmxvYWRPcmRlciA9IDEyLApwcm9wVCA9IHt9LApzdGFja0RlcHRoID0gMCwKc3RhdHVzID0gImFjdGl2ZSIsCnVzZXJOYW1lID0gInB5dGhvbjMvc2Npa2l0LzAu\', \'__LMOD_REF_COUNT_MANPATH\': \':2;/usr/share/man/openmpi-x86_64:1;/opt/sge/man:1;/usr/share/lmod/lmod/share/man:1\', \'MPI_INCLUDE\': \'/usr/include/openmpi-x86_64\', \'_ModuleTable003_\': \'YW1lID0gImltcC8yLjIxLjAiLApsb2FkT3JkZXIgPSA3LApwcm9wVCA9IHt9LApzdGFja0RlcHRoID0gMCwKc3RhdHVzID0gImFjdGl2ZSIsCnVzZXJOYW1lID0gImltcCIsCndWID0gIl4wMDAwMDAwMi4wMDAwMDAwMjEuKnpmaW5hbCIsCn0sCmxpYnRhdSA9IHsKZm4gPSAiL3NhbGlsYWIvZGl2YTEvaG9tZS9tb2R1bGVzL2xpYnRhdS8xLjAuMSIsCmZ1bGxOYW1lID0gImxpYnRhdS8xLjAuMSIsCmxvYWRPcmRlciA9IDQsCnByb3BUID0ge30sCnN0YWNrRGVwdGggPSAxLApzdGF0dXMgPSAiYWN0aXZlIiwKdXNlck5hbWUgPSAibGlidGF1LzEuMC4xIiwKd1YgPSAiMDAwMDAwMDAxLjAwMDAwMDAwMC4wMDAwMDAwMDEuKnpmaW5hbCIsCn0sCm1waSA9IHsKZm4gPSAiL3Vzci9z\', \'LMOD_ROOT\': \'/usr/share/lmod\', \'SYSTEMCTL_SKIP_REDIRECT\': \'\', \'MAIL\': \'/var/spool/mail/rozicmiha\', \'SGE_CWD_PATH\': \'/wynton/group/sali/miha_rozic/Input_information/SNAPSHOTS/central_directory/snapshot2_1min/run36\', \'MPI_HOME\': \'/usr/lib64/openmpi\', \'_ModuleTable009_\': \'L3NoYXJlL21vZHVsZWZpbGVzOi91c3Ivc2hhcmUvbW9kdWxlZmlsZXMvTGludXg6L3Vzci9zaGFyZS9tb2R1bGVmaWxlcy9Db3JlOi91c3Ivc2hhcmUvbG1vZC9sbW9kL21vZHVsZWZpbGVzL0NvcmUiLAp9Cg==\', \'SGE_TASK_STEPSIZE\': \'undefined\', \'SHELL\': \'/bin/bash\', \'TERM\': \'\', \'_ModuleTable_Sz_\': \'9\', \'SGE_JOB_SPOOL_DIR\': \'/var/spool/sge/wynton/qb3-id143/active_jobs/708605.1\', \'JOB_ID\': \'708605\', \'IMP_EXAMPLE_DATA\': \'/wynton/group/sali/miha_rozic/Software/imp-develop/build/doc/examples\', \'R_FUTURE_AVAILABLECORES_FALLBACK\': \'1\', \'JOB_SCRIPT\': \'/var/spool/sge/wynton/qb3-id143/job_scripts/708605\', \'SHLVL\': \'2\', \'SGE_O_LOGNAME\': \'rozicmiha\', \'SGE_O_MAIL\': \'/var/spool/mail/rozicmiha\', \'PYTHONPATH\': \'/salilab/diva1/programs/x86_64linux/scikit-py36-0.21.3/lib64/python3.6/site-packages:/salilab/diva1/programs/linux/joblib-0.17.0/lib/python3.6/site-packages:/salilab/diva1/programs/x86_64linux/scipy-py36-1.3.2/lib64/python3.6/site-packages:/salilab/diva1/programs/x86_64linux/numpy-py36-1.19.5/lib64/python3.6/site-packages:/salilab/diva1/home/imp/main/20240607-af6f9d6a95/lib/release8:/salilab/diva1/programs/x86_64linux/opencv-4.3.0/lib/python3.6/site-packages:/wynton/group/sali/miha_rozic/Software/imp-develop/build/lib::\', \'MANPATH\': \':/usr/share/man/openmpi-x86_64:/opt/sge/man:/usr/share/lmod/lmod/share/man\', \'MODULEPATH\': \'/salilab/diva1/home/modules:/etc/modulefiles:/usr/share/modulefiles:/usr/share/modulefiles/Linux:/usr/share/modulefiles/Core:/usr/share/lmod/lmod/modulefiles/Core\', \'MPI_SYSCONFIG\': \'/etc/openmpi-x86_64\', \'LOGNAME\': \'rozicmiha\', \'SYSTEMCTL_IGNORE_DEPENDENCIES\': \'\', \'MODULEPATH_ROOT\': \'/usr/share/modulefiles\', \'PATH\': \'/salilab/diva1/programs/x86_64linux/numpy-py36-1.19.5/bin:/salilab/diva1/home/imp/main/20240607-af6f9d6a95/bin/release8:/salilab/diva1/programs/x86_64linux/opencv-4.3.0/bin:/salilab/diva1/programs/x86_64linux/hdf5-1.10.7/bin:/usr/lib64/openmpi/bin:/wynton/home/sali/rozicmiha/.local/bin:/wynton/home/sali/rozicmiha/bin:/wynton/group/sali/miha_rozic/Software/imp-develop/build/bin:/wynton/group/sali/miha_rozic/Software/imp-develop/build/module_bin/EMageFit:/wynton/group/sali/miha_rozic/Software/imp-develop/build/module_bin/algebra:/wynton/group/sali/miha_rozic/Software/imp-develop/build/module_bin/atom:/wynton/group/sali/miha_rozic/Software/imp-develop/build/module_bin/benchmark:/wynton/group/sali/miha_rozic/Software/imp-develop/build/module_bin/cgal:/wynton/group/sali/miha_rozic/Software/imp-develop/build/module_bin/cnmultifit:/wynton/group/sali/miha_rozic/Software/imp-develop/build/module_bin/container:/wynton/group/sali/miha_rozic/Software/imp-develop/build/module_bin/core:/wynton/group/sali/miha_rozic/Software/imp-develop/build/module_bin/display:/wynton/group/sali/miha_rozic/Software/imp-develop/build/module_bin/domino:/wynton/group/sali/miha_rozic/Software/imp-develop/build/module_bin/em:/wynton/group/sali/miha_rozic/Software/imp-develop/build/module_bin/em2d:/wynton/group/sali/miha_rozic/Software/imp-develop/build/module_bin/example:/wynton/group/sali/miha_rozic/Software/imp-develop/build/module_bin/foxs:/wynton/group/sali/miha_rozic/Software/imp-develop/build/module_bin/gsl:/wynton/group/sali/miha_rozic/Software/imp-develop/build/module_bin/integrative_docking:/wynton/group/sali/miha_rozic/Software/imp-develop/build/module_bin/isd:/wynton/group/sali/miha_rozic/Software/imp-develop/build/module_bin/kernel:/wynton/group/sali/miha_rozic/Software/imp-develop/build/module_bin/kinematics:/wynton/group/sali/miha_rozic/Software/imp-develop/build/module_bin/kmeans:/wynton/group/sali/miha_rozic/Software/imp-develop/build/module_bin/misc:/wynton/group/sali/miha_rozic/Software/imp-develop/build/module_bin/mmcif:/wynton/group/sali/miha_rozic/Software/imp-develop/build/module_bin/modeller:/wynton/group/sali/miha_rozic/Software/imp-develop/build/module_bin/mpi:/wynton/group/sali/miha_rozic/Software/imp-develop/build/module_bin/multi_state:/wynton/group/sali/miha_rozic/Software/imp-develop/build/module_bin/multifit:/wynton/group/sali/miha_rozic/Software/imp-develop/build/module_bin/npc:/wynton/group/sali/miha_rozic/Software/imp-develop/build/module_bin/npcassembly:/wynton/group/sali/miha_rozic/Software/imp-develop/build/module_bin/parallel:/wynton/group/sali/miha_rozic/Software/imp-develop/build/module_bin/pepdock:/wynton/group/sali/miha_rozic/Software/imp-develop/build/module_bin/pmi:/wynton/group/sali/miha_rozic/Software/imp-develop/build/module_bin/rmf:/wynton/group/sali/miha_rozic/Software/imp-develop/build/module_bin/rotamer:/wynton/group/sali/miha_rozic/Software/imp-develop/build/module_bin/saxs:/wynton/group/sali/miha_rozic/Software/imp-develop/build/module_bin/saxs_merge:/wynton/group/sali/miha_rozic/Software/imp-develop/build/module_bin/score_functor:/wynton/group/sali/miha_rozic/Software/imp-develop/build/module_bin/scratch:/wynton/group/sali/miha_rozic/Software/imp-develop/build/module_bin/spb:/wynton/group/sali/miha_rozic/Software/imp-develop/build/module_bin/statistics:/wynton/group/sali/miha_rozic/Software/imp-develop/build/module_bin/symmetry:/wynton/group/sali/miha_rozic/Software/imp-develop/build/module_bin/test:/opt/sge/bin:/opt/sge/bin/lx-amd64:/scratch/708605.1.member.q:/usr/local/bin:/bin:/usr/bin:/usr/local/sbin:/usr/sbin\', \'MPI_BIN\': \'/usr/lib64/openmpi/bin\', \'SGE_STDERR_PATH\': \'/wynton/group/sali/miha_rozic/Input_information/SNAPSHOTS/central_directory/snapshot2_1min/run36/test1.o708605\', \'_LMFILES_\': \'/etc/modulefiles/Sali.lua:/usr/share/modulefiles/mpi/openmpi-x86_64:/salilab/diva1/home/modules/boost/1.73.0:/salilab/diva1/home/modules/libtau/1.0.1:/salilab/diva1/home/modules/hdf5/1.10.7:/salilab/diva1/home/modules/opencv/4.3.0:/salilab/diva1/home/modules/imp/2.21.0:/salilab/diva1/home/modules/sali-libraries:/salilab/diva1/home/modules/python3/numpy/1.19.5:/salilab/diva1/home/modules/python3/scipy/1.3.2:/salilab/diva1/home/modules/python3/joblib/0.17.0:/salilab/diva1/home/modules/python3/scikit/0.21.3\', \'DEBUGINFOD_URLS\': \'https://debuginfod.centos.org/ \', \'MODULESHOME\': \'/usr/share/lmod/lmod\', \'PKG_CONFIG_PATH\': \'/usr/lib64/openmpi/lib/pkgconfig\', \'LMOD_SETTARG_FULL_SUPPORT\': \'no\', \'HISTSIZE\': \'1000\', \'SGE_ARCH\': \'lx-amd64\', \'LMOD_PKG\': \'/usr/share/lmod/lmod\', \'CMAKE_LIBRARY_PATH\': \'/salilab/diva1/programs/x86_64linux/opencv-4.3.0/lib64:/salilab/diva1/programs/x86_64linux/hdf5-1.10.7/lib:/salilab/diva1/programs/x86_64linux/libtau-py27-1.0.1/lib64:/salilab/diva1/programs/x86_64linux/boost-1.73.0/lib64\', \'ARC\': \'lx-amd64\', \'MPI_LIB\': \'/usr/lib64/openmpi/lib\', \'SGE_BINARY_PATH\': \'/opt/sge/bin/lx-amd64\', \'SGE_STDOUT_PATH\': \'/wynton/group/sali/miha_rozic/Input_information/SNAPSHOTS/central_directory/snapshot2_1min/run36/test1.o708605\', \'_ModuleTable005_\': \'bmN2LzQuMy4wIiwKd1YgPSAiMDAwMDAwMDA0LjAwMDAwMDAwMy4qemZpbmFsIiwKfSwKWyJweXRob24zL2pvYmxpYiJdID0gewpmbiA9ICIvc2FsaWxhYi9kaXZhMS9ob21lL21vZHVsZXMvcHl0aG9uMy9qb2JsaWIvMC4xNy4wIiwKZnVsbE5hbWUgPSAicHl0aG9uMy9qb2JsaWIvMC4xNy4wIiwKbG9hZE9yZGVyID0gMTEsCnByb3BUID0ge30sCnN0YWNrRGVwdGggPSAxLApzdGF0dXMgPSAiYWN0aXZlIiwKdXNlck5hbWUgPSAicHl0aG9uMy9qb2JsaWIiLAp3ViA9ICIwMDAwMDAwMDAuMDAwMDAwMDE3Lip6ZmluYWwiLAp9LApbInB5dGhvbjMvbnVtcHkiXSA9IHsKZm4gPSAiL3NhbGlsYWIvZGl2YTEvaG9tZS9tb2R1bGVzL3B5dGhvbjMvbnVtcHkvMS4xOS41IiwKZnVsbE5h\', \'LMOD_CMD\': \'/usr/share/lmod/lmod/libexec/lmod\', \'REQNAME\': \'test1\', \'IMP_BIN_DIR\': \'/wynton/group/sali/miha_rozic/Software/imp-develop/build/bin\', \'MPI_MAN\': \'/usr/share/man/openmpi-x86_64\', \'LESSOPEN\': \'||/usr/bin/lesspipe.sh %s\', \'OMP_NUM_THREADS\': \'1\', \'SGE_CLUSTER_NAME\': \'wynton_cluster\', \'LMOD_DIR\': \'/usr/share/lmod/lmod/libexec\', \'BASH_FUNC_which%%\': \'() {  ( alias;\\n eval ${which_declare} ) | /usr/bin/which --tty-only --read-alias --read-functions --show-tilde --show-dot $@\\n}\', \'BASH_FUNC_module%%\': \'() {  if [ -z "${LMOD_SH_DBG_ON+x}" ]; then\\n case "$-" in \\n *v*x*)\\n __lmod_sh_dbg=\\\'vx\\\'\\n ;;\\n *v*)\\n __lmod_sh_dbg=\\\'v\\\'\\n ;;\\n *x*)\\n __lmod_sh_dbg=\\\'x\\\'\\n ;;\\n esac;\\n fi;\\n if [ -n "${__lmod_sh_dbg:-}" ]; then\\n set +$__lmod_sh_dbg;\\n echo "Shell debugging temporarily silenced: export LMOD_SH_DBG_ON=1 for Lmod\\\'s output" 1>&2;\\n fi;\\n eval "$($LMOD_CMD shell "$@")" && eval "$(${LMOD_SETTARG_CMD:-:} -s sh)";\\n __lmod_my_status=$?;\\n if [ -n "${__lmod_sh_dbg:-}" ]; then\\n echo "Shell debugging restarted" 1>&2;\\n set -$__lmod_sh_dbg;\\n fi;\\n unset __lmod_sh_dbg;\\n return $__lmod_my_status\\n}\', \'BASH_FUNC_ml%%\': \'() {  eval "$($LMOD_DIR/ml_cmd "$@")"\\n}\', \'_\': \'/usr/lib64/openmpi/bin/mpirun\', \'IPATH_NO_BACKTRACE\': \'1\', \'HFI_NO_BACKTRACE\': \'1\', \'OMPI_MCA_orte_local_daemon_uri\': \'2942304256.0;tcp://172.26.38.143:39631\', \'OMPI_MCA_orte_hnp_uri\': \'2942304256.0;tcp://172.26.38.143:39631\', \'OMPI_MCA_mpi_oversubscribe\': \'0\', \'OMPI_MCA_orte_app_num\': \'0\', \'OMPI_UNIVERSE_SIZE\': \'16\', \'OMPI_MCA_orte_num_nodes\': \'1\', \'OMPI_MCA_shmem_RUNTIME_QUERY_hint\': \'mmap\', \'OMPI_MCA_orte_bound_at_launch\': \'1\', \'OMPI_MCA_ess\': \'^singleton\', \'OMPI_MCA_orte_ess_num_procs\': \'16\', \'OMPI_COMM_WORLD_SIZE\': \'16\', \'OMPI_COMM_WORLD_LOCAL_SIZE\': \'16\', \'OMPI_MCA_orte_tmpdir_base\': \'/scratch/708605.1.member.q\', \'OMPI_MCA_orte_top_session_dir\': \'/scratch/708605.1.member.q/ompi.qb3-id143.11149\', \'OMPI_MCA_orte_jobfam_session_dir\': \'/scratch/708605.1.member.q/ompi.qb3-id143.11149/pid.1626667\', \'OMPI_NUM_APP_CTX\': \'1\', \'OMPI_FIRST_RANKS\': \'0\', \'OMPI_APP_CTX_NUM_PROCS\': \'16\', \'OMPI_MCA_initial_wdir\': \'/wynton/group/sali/miha_rozic/Input_information/SNAPSHOTS/central_directory/snapshot2_1min/run36\', \'OMPI_MCA_orte_launch\': \'1\', \'PMIX_NAMESPACE\': \'2942304257\', \'PMIX_RANK\': \'7\', \'PMIX_SERVER_URI2\': \'2942304256.0;tcp4://127.0.0.1:42767\', \'PMIX_SERVER_URI21\': \'2942304256.0;tcp4://127.0.0.1:42767\', \'PMIX_SECURITY_MODE\': \'native,none\', \'PMIX_PTL_MODULE\': \'tcp,usock\', \'PMIX_BFROP_BUFFER_TYPE\': \'PMIX_BFROP_BUFFER_NON_DESC\', \'PMIX_GDS_MODULE\': \'ds21,ds12,hash\', \'PMIX_SERVER_TMPDIR\': \'/scratch/708605.1.member.q/ompi.qb3-id143.11149/pid.1626667\', \'PMIX_SYSTEM_TMPDIR\': \'/scratch/708605.1.member.q\', \'PMIX_DSTORE_21_BASE_PATH\': \'/scratch/708605.1.member.q/ompi.qb3-id143.11149/pid.1626667/pmix_dstor_ds21_1626667\', \'PMIX_DSTORE_ESH_BASE_PATH\': \'/scratch/708605.1.member.q/ompi.qb3-id143.11149/pid.1626667/pmix_dstor_ds12_1626667\', \'OMPI_MCA_ess_base_jobid\': \'2942304257\', \'OMPI_MCA_ess_base_vpid\': \'7\', \'OMPI_COMM_WORLD_RANK\': \'7\', \'OMPI_COMM_WORLD_LOCAL_RANK\': \'7\', \'OMPI_COMM_WORLD_NODE_RANK\': \'7\', \'OMPI_MCA_orte_ess_node_rank\': \'7\', \'PMIX_ID\': \'2942304257.7\', \'OMPI_FILE_LOCATION\': \'/scratch/708605.1.member.q/ompi.qb3-id143.11149/pid.1626667/0/0\', \'KMP_DUPLICATE_LIB_OK\': \'True\', \'KMP_INIT_AT_FORK\': \'FALSE\'})', 'STAT2HEADER_IMP_VERSIONS': "{'IMP_VERSION': '2.21.0', 'PMI_VERSION': '2.21.0'}", 0: 'ReplicaExchange_SwapSuccessRatio', 1: 'ReplicaExchange_MinTempFrequency', 2: 'ReplicaExchange_MaxTempFrequency', 3: 'ReplicaExchange_CurrentTemp', 4: 'score'} 
{0: '0', 1: '0', 2: '0', 3: '1.5335761201812925', 4: inf} 
{0: '0.0', 1: '0.0', 2: '0.0', 3: '1.5335761201812925', 4: inf} 
{0: '0.0', 1: '0.0', 2: '0.0', 3: '1.5335761201812925', 4: 4866.200629589288} 
{0: '0.0', 1: '0.0', 2: '0.0', 3: '1.5335761201812925', 4: 1216.4256830528395} 
{0: '0.25', 1: '0.0', 2: '0.0', 3: '1.6301766616608926', 4: 824.2377350964432} 
{0: '0.4', 1: '0.0', 2: '0.0', 3: '1.7328621078878674', 4: 669.1250250938432} 
{0: '0.5', 1: '0.0', 2: '0.0', 3: '1.842015749320195', 4: 666.2707591192086} 
{0: '0.5714285714285714', 1: '0.0', 2: '0.0', 3: '1.958045020027179', 4: 622.7117944796187} 
{0: '0.625', 1: '0.0', 2: '0.0', 3: '2.081383018504685', 4: 632.5956650102491} 
{0: '0.6666666666666666', 1: '0.0', 2: '0.0', 3: '2.212490124287102', 4: 665.8685039001411} 
{0: '0.7', 1: '0.0', 2: '0.0', 3: '2.351855716390306', 4: 583.0018068022708} 
{0: '0.7272727272727273', 1: '0.0', 2: '0.0', 3: '2.500000000000003', 4: 582.3604692591055} 
{0: '0.6666666666666666', 1: '0.0', 2: '0.0', 3: '2.500000000000003', 4: 572.4578563030893} 
{0: '0.6923076923076923', 1: '0.0', 2: '0.0', 3: '2.351855716390306', 4: 569.782074606848} 
{0: '0.7142857142857143', 1: '0.0', 2: '0.0', 3: '2.212490124287102', 4: 550.6370264981759} 
{0: '0.7333333333333333', 1: '0.0', 2: '0.0', 3: '2.081383018504685', 4: 552.1670375003553} 
{0: '0.75', 1: '0.0', 2: '0.0', 3: '1.958045020027179', 4: 553.0944033051753} 
{0: '0.7647058823529411', 1: '0.0', 2: '0.0', 3: '1.842015749320195', 4: 549.721919968027} 
{0: '0.7777777777777778', 1: '0.0', 2: '0.0', 3: '1.7328621078878674', 4: 548.3200255447592} 
{0: '0.7894736842105263', 1: '0.0', 2: '0.0', 3: '1.6301766616608926', 4: 549.0894133103551} 
{0: '0.8', 1: '0.0', 2: '0.0', 3: '1.5335761201812925', 4: 546.8154051383274} 
{0: '0.8095238095238095', 1: '0.0', 2: '0.0', 3: '1.4426999059072143', 4: 552.7769238120085} 
{0: '0.7727272727272727', 1: '0.0', 2: '0.0', 3: '1.4426999059072143', 4: 542.8900391227098} 
{0: '0.782608695652174', 1: '0.0', 2: '0.0', 3: '1.5335761201812925', 4: 551.4373859690661} 
{0: '0.7916666666666666', 1: '0.0', 2: '0.0', 3: '1.6301766616608926', 4: 547.5396963387765} 
{0: '0.8', 1: '0.0', 2: '0.0', 3: '1.7328621078878674', 4: 547.4266620580706} 
{0: '0.7692307692307693', 1: '0.0', 2: '0.0', 3: '1.7328621078878674', 4: 554.1364258328048} 
{0: '0.7777777777777778', 1: '0.0', 2: '0.0', 3: '1.6301766616608926', 4: 543.1102957210802} 
{0: '0.7857142857142857', 1: '0.0', 2: '0.0', 3: '1.5335761201812925', 4: 550.9863585968715} 
{0: '0.7586206896551724', 1: '0.0', 2: '0.0', 3: '1.5335761201812925', 4: 539.9562983388544} 
{0: '0.7666666666666667', 1: '0.0', 2: '0.0', 3: '1.6301766616608926', 4: 546.9549485540134} 
{0: '0.7741935483870968', 1: '0.0', 2: '0.0', 3: '1.7328621078878674', 4: 546.6471844162368} 
{0: '0.78125', 1: '0.0', 2: '0.0', 3: '1.842015749320195', 4: 557.1017869653547} 
{0: '0.7878787878787878', 1: '0.0', 2: '0.0', 3: '1.958045020027179', 4: 551.3760230654988} 
{0: '0.7941176470588235', 1: '0.0', 2: '0.0', 3: '2.081383018504685', 4: 556.4614050823767} 
{0: '0.8', 1: '0.0', 2: '0.0', 3: '2.212490124287102', 4: 553.8490699126439} 
{0: '0.7777777777777778', 1: '0.0', 2: '0.0', 3: '2.212490124287102', 4: 550.0606594390665} 
{0: '0.7837837837837838', 1: '0.0', 2: '0.0', 3: '2.081383018504685', 4: 561.0413494769191} 
{0: '0.7894736842105263', 1: '0.0', 2: '0.0', 3: '1.958045020027179', 4: 540.8231706965727} 
{0: '0.7948717948717948', 1: '0.0', 2: '0.0', 3: '1.842015749320195', 4: 543.6077710220302} 
{0: '0.8', 1: '0.0', 2: '0.0', 3: '1.7328621078878674', 4: 542.4120800834852} 
{0: '0.8048780487804879', 1: '0.0', 2: '0.0', 3: '1.6301766616608926', 4: 545.0545362377253} 
{0: '0.8095238095238095', 1: '0.0', 2: '0.0', 3: '1.5335761201812925', 4: 541.0347698438521} 
{0: '0.813953488372093', 1: '0.0', 2: '0.0', 3: '1.4426999059072143', 4: 539.0838215329202} 
{0: '0.7954545454545454', 1: '0.0', 2: '0.0', 3: '1.4426999059072143', 4: 542.2741571161088} 
{0: '0.7777777777777778', 1: '0.0', 2: '0.0', 3: '1.4426999059072143', 4: 544.15653355835} 
{0: '0.7608695652173914', 1: '0.0', 2: '0.0', 3: '1.4426999059072143', 4: 546.29845640404} 
{0: '0.7659574468085106', 1: '0.0', 2: '0.0', 3: '1.5335761201812925', 4: 547.862415071222} 
{0: '0.7708333333333334', 1: '0.0', 2: '0.0', 3: '1.6301766616608926', 4: 544.380840354514} 
{0: '0.7755102040816326', 1: '0.0', 2: '0.0', 3: '1.7328621078878674', 4: 551.5906646428485} 
{0: '0.78', 1: '0.0', 2: '0.0', 3: '1.842015749320195', 4: 547.2882558686844} 
{0: '0.7843137254901961', 1: '0.0', 2: '0.0', 3: '1.958045020027179', 4: 547.0398647153743} 
{0: '0.7692307692307693', 1: '0.0', 2: '0.0', 3: '1.958045020027179', 4: 546.8693793837126} 
{0: '0.7735849056603774', 1: '0.0', 2: '0.0', 3: '1.842015749320195', 4: 563.5523336862285} 
{0: '0.7777777777777778', 1: '0.0', 2: '0.0', 3: '1.7328621078878674', 4: 555.1740565152702} 
{0: '0.7818181818181819', 1: '0.0', 2: '0.0', 3: '1.6301766616608926', 4: 543.778860241755} 
{0: '0.7857142857142857', 1: '0.0', 2: '0.0', 3: '1.5335761201812925', 4: 546.1585051933461} 
{0: '0.7894736842105263', 1: '0.0', 2: '0.0', 3: '1.4426999059072143', 4: 549.7483264601865} 
{0: '0.7758620689655172', 1: '0.0', 2: '0.0', 3: '1.4426999059072143', 4: 553.9705976080149} 
{0: '0.7796610169491526', 1: '0.0', 2: '0.0', 3: '1.5335761201812925', 4: 556.9515972893603} 
{0: '0.7833333333333333', 1: '0.0', 2: '0.0', 3: '1.6301766616608926', 4: 555.1232517798027} 
{0: '0.7868852459016393', 1: '0.0', 2: '0.0', 3: '1.7328621078878674', 4: 558.2963812506379} 
{0: '0.7903225806451613', 1: '0.0', 2: '0.0', 3: '1.842015749320195', 4: 548.6650696011541} 
{0: '0.7777777777777778', 1: '0.0', 2: '0.0', 3: '1.842015749320195', 4: 545.3686729600669} 
{0: '0.78125', 1: '0.0', 2: '0.0', 3: '1.7328621078878674', 4: 555.559567466227} 
{0: '0.7846153846153846', 1: '0.0', 2: '0.0', 3: '1.6301766616608926', 4: 551.4789670090897} 
{0: '0.7878787878787878', 1: '0.0', 2: '0.0', 3: '1.5335761201812925', 4: 544.3713106662339} 
{0: '0.7910447761194029', 1: '0.0', 2: '0.0', 3: '1.4426999059072143', 4: 546.6861484105833} 
{0: '0.7794117647058824', 1: '0.0', 2: '0.0', 3: '1.4426999059072143', 4: 550.6747063048258} 
{0: '0.782608695652174', 1: '0.0', 2: '0.0', 3: '1.5335761201812925', 4: 554.6026266310099} 
{0: '0.7857142857142857', 1: '0.0', 2: '0.0', 3: '1.6301766616608926', 4: 550.909739975179} 
{0: '0.7887323943661971', 1: '0.0', 2: '0.0', 3: '1.7328621078878674', 4: 547.331087854034} 
{0: '0.7916666666666666', 1: '0.0', 2: '0.0', 3: '1.842015749320195', 4: 545.9033937024017} 
{0: '0.7808219178082192', 1: '0.0', 2: '0.0', 3: '1.842015749320195', 4: 544.1227175521075} 
{0: '0.7837837837837838', 1: '0.0', 2: '0.0', 3: '1.7328621078878674', 4: 555.6031508283411} 
{0: '0.7733333333333333', 1: '0.0', 2: '0.0', 3: '1.7328621078878674', 4: 552.4412679203783} 
{0: '0.7763157894736842', 1: '0.0', 2: '0.0', 3: '1.842015749320195', 4: 541.0882968513495} 
{0: '0.7792207792207793', 1: '0.0', 2: '0.0', 3: '1.958045020027179', 4: 559.3552630732473} 
{0: '0.782051282051282', 1: '0.0', 2: '0.0', 3: '2.081383018504685', 4: 563.7456437959864} 
{0: '0.7848101265822784', 1: '0.0', 2: '0.0', 3: '2.212490124287102', 4: 551.7061124346227} 
{0: '0.7875', 1: '0.0', 2: '0.0', 3: '2.351855716390306', 4: 560.6013151139257} 
{0: '0.7901234567901234', 1: '0.0', 2: '0.0', 3: '2.500000000000003', 4: 555.1989891954516} 
{0: '0.7804878048780488', 1: '0.0', 2: '0.0', 3: '2.500000000000003', 4: 565.7474335216386} 
{0: '0.7831325301204819', 1: '0.0', 2: '0.0', 3: '2.351855716390306', 4: 557.5256955538367} 
{0: '0.7857142857142857', 1: '0.0', 2: '0.0', 3: '2.212490124287102', 4: 548.8042665825031} 
{0: '0.788235294117647', 1: '0.0', 2: '0.0', 3: '2.081383018504685', 4: 548.324291603927} 
{0: '0.7906976744186046', 1: '0.0', 2: '0.0', 3: '1.958045020027179', 4: 550.4068004858262} 
{0: '0.7931034482758621', 1: '0.0', 2: '0.0', 3: '1.842015749320195', 4: 553.1265420869403} 
{0: '0.7954545454545454', 1: '0.0', 2: '0.0', 3: '1.7328621078878674', 4: 548.4767281561556} 
{0: '0.797752808988764', 1: '0.0', 2: '0.0', 3: '1.6301766616608926', 4: 556.3661993030202} 
{0: '0.8', 1: '0.0', 2: '0.0', 3: '1.5335761201812925', 4: 553.1089110616978} 
{0: '0.8021978021978022', 1: '0.0', 2: '0.0', 3: '1.4426999059072143', 4: 539.776931398829} 
{0: '0.7934782608695652', 1: '0.0', 2: '0.0', 3: '1.4426999059072143', 4: 541.0318717533959} 
{0: '0.7956989247311828', 1: '0.0', 2: '0.0', 3: '1.5335761201812925', 4: 541.0785410926773} 
{0: '0.7872340425531915', 1: '0.0', 2: '0.0', 3: '1.5335761201812925', 4: 549.2767789234489} 
{0: '0.7894736842105263', 1: '0.0', 2: '0.0', 3: '1.4426999059072143', 4: 542.0742963213468} 
{0: '0.78125', 1: '0.0', 2: '0.0', 3: '1.4426999059072143', 4: 548.0664562316598} 
{0: '0.7835051546391752', 1: '0.0', 2: '0.0', 3: '1.5335761201812925', 4: 542.7571222753413} 
{0: '0.7857142857142857', 1: '0.0', 2: '0.0', 3: '1.6301766616608926', 4: 550.2180771551467} 
{0: '0.7777777777777778', 1: '0.0', 2: '0.0', 3: '1.6301766616608926', 4: 546.0387676130056} 
{0: '0.78', 1: '0.0', 2: '0.0', 3: '1.5335761201812925', 4: 550.7832362281325} 
{0: '0.7821782178217822', 1: '0.0', 2: '0.0', 3: '1.4426999059072143', 4: 547.851387821815} 
{0: '0.7745098039215687', 1: '0.0', 2: '0.0', 3: '1.4426999059072143', 4: 541.3224796596127} 
{0: '0.7766990291262136', 1: '0.0', 2: '0.0', 3: '1.5335761201812925', 4: 550.8969209548379} 
{0: '0.7692307692307693', 1: '0.0', 2: '0.0', 3: '1.5335761201812925', 4: 552.6036848136839} 
{0: '0.7619047619047619', 1: '0.0', 2: '0.0', 3: '1.5335761201812925', 4: 546.5982966482958} 
{0: '0.7547169811320755', 1: '0.0', 2: '0.0', 3: '1.5335761201812925', 4: 539.9983171291758} 
{0: '0.7570093457943925', 1: '0.0', 2: '0.0', 3: '1.4426999059072143', 4: 547.2224957112691} 
{0: '0.75', 1: '0.0', 2: '0.0', 3: '1.4426999059072143', 4: 542.3413881688886} 
{0: '0.7522935779816514', 1: '0.0', 2: '0.0', 3: '1.5335761201812925', 4: 551.1265120570364} 
{0: '0.7545454545454545', 1: '0.0', 2: '0.0', 3: '1.6301766616608926', 4: 552.1200351134725} 
{0: '0.7567567567567568', 1: '0.0', 2: '0.0', 3: '1.7328621078878674', 4: 549.2851484636674} 
{0: '0.75', 1: '0.0', 2: '0.0', 3: '1.7328621078878674', 4: 548.8024958672856} 
{0: '0.7522123893805309', 1: '0.0', 2: '0.0', 3: '1.6301766616608926', 4: 555.7736299057877} 
{0: '0.7543859649122807', 1: '0.0', 2: '0.0', 3: '1.5335761201812925', 4: 549.3134019266096} 
{0: '0.7565217391304347', 1: '0.0', 2: '0.0', 3: '1.4426999059072143', 4: 545.1369486561907} 
{0: '0.75', 1: '0.0', 2: '0.0', 3: '1.4426999059072143', 4: 546.8346807634081} 
{0: '0.7521367521367521', 1: '0.0', 2: '0.0', 3: '1.5335761201812925', 4: 545.7871722699094} 
{0: '0.7542372881355932', 1: '0.0', 2: '0.0', 3: '1.6301766616608926', 4: 551.8515554641208} 
{0: '0.7478991596638656', 1: '0.0', 2: '0.0', 3: '1.6301766616608926', 4: 550.6442670262963} 
{0: '0.75', 1: '0.0', 2: '0.0', 3: '1.5335761201812925', 4: 545.705069938611} 
{0: '0.7520661157024794', 1: '0.0', 2: '0.0', 3: '1.4426999059072143', 4: 542.1799063692642} 
{0: '0.7459016393442623', 1: '0.0', 2: '0.0', 3: '1.4426999059072143', 4: 557.3017041481029} 
{0: '0.7479674796747967', 1: '0.0', 2: '0.0', 3: '1.5335761201812925', 4: 545.9594007853486} 
{0: '0.75', 1: '0.0', 2: '0.0', 3: '1.6301766616608926', 4: 542.3367006177496} 
{0: '0.752', 1: '0.0', 2: '0.0', 3: '1.7328621078878674', 4: 553.1116827456024} 
{0: '0.753968253968254', 1: '0.0', 2: '0.0', 3: '1.842015749320195', 4: 548.6718265485466} 
{0: '0.7559055118110236', 1: '0.0', 2: '0.0', 3: '1.958045020027179', 4: 552.6541293184617} 
{0: '0.7578125', 1: '0.0', 2: '0.0', 3: '2.081383018504685', 4: 549.3400473900223} 
{0: '0.7596899224806202', 1: '0.0', 2: '0.0', 3: '2.212490124287102', 4: 560.4086498001487} 
{0: '0.7615384615384615', 1: '0.0', 2: '0.0', 3: '2.351855716390306', 4: 560.472946964439} 
{0: '0.7633587786259542', 1: '0.0', 2: '0.0', 3: '2.500000000000003', 4: 546.968416366864} 
{0: '0.7575757575757576', 1: '0.0', 2: '0.0', 3: '2.500000000000003', 4: 553.6202407193986} 
{0: '0.7593984962406015', 1: '0.0', 2: '0.0', 3: '2.351855716390306', 4: 559.3714850560175} 
{0: '0.7611940298507462', 1: '0.0', 2: '0.0', 3: '2.212490124287102', 4: 551.2305026665409} 
{0: '0.762962962962963', 1: '0.0', 2: '0.0', 3: '2.081383018504685', 4: 549.0481880282795} 
{0: '0.7647058823529411', 1: '0.0', 2: '0.0', 3: '1.958045020027179', 4: 555.8904909011405} 
{0: '0.7664233576642335', 1: '0.0', 2: '0.0', 3: '1.842015749320195', 4: 548.0029094354912} 
{0: '0.7681159420289855', 1: '0.0', 2: '0.0', 3: '1.7328621078878674', 4: 546.855317570063} 
{0: '0.7697841726618705', 1: '0.0', 2: '0.0', 3: '1.6301766616608926', 4: 548.531063808762} 
{0: '0.7642857142857142', 1: '0.0', 2: '0.0', 3: '1.6301766616608926', 4: 544.8934566705512} 
{0: '0.7659574468085106', 1: '0.0', 2: '0.0', 3: '1.7328621078878674', 4: 554.0574087362997} 
{0: '0.7676056338028169', 1: '0.0', 2: '0.0', 3: '1.842015749320195', 4: 545.9547666085912} 
{0: '0.7692307692307693', 1: '0.0', 2: '0.0', 3: '1.958045020027179', 4: 557.3970563249735} 
{0: '0.7708333333333334', 1: '0.0', 2: '0.0', 3: '2.081383018504685', 4: 553.2937290269148} 
{0: '0.7724137931034483', 1: '0.0', 2: '0.0', 3: '2.212490124287102', 4: 554.6516320895627} 
{0: '0.773972602739726', 1: '0.0', 2: '0.0', 3: '2.351855716390306', 4: 551.1598596231227} 
{0: '0.7755102040816326', 1: '0.0', 2: '0.0', 3: '2.500000000000003', 4: 548.3353151470054} 
{0: '0.7702702702702703', 1: '0.0', 2: '0.0', 3: '2.500000000000003', 4: 549.9276939040332} 
{0: '0.7718120805369127', 1: '0.0', 2: '0.0', 3: '2.351855716390306', 4: 558.5003065014156} 
{0: '0.7733333333333333', 1: '0.0', 2: '0.0', 3: '2.212490124287102', 4: 553.6130063442455} 
{0: '0.7748344370860927', 1: '0.0', 2: '0.0', 3: '2.081383018504685', 4: 548.537825534641} 
{0: '0.7763157894736842', 1: '0.0', 2: '0.0', 3: '1.958045020027179', 4: 553.8643052742633} 
{0: '0.7777777777777778', 1: '0.0', 2: '0.0', 3: '1.842015749320195', 4: 551.0997840140068} 
{0: '0.7792207792207793', 1: '0.0', 2: '0.0', 3: '1.7328621078878674', 4: 543.4706167911266} 
{0: '0.7806451612903226', 1: '0.0', 2: '0.0', 3: '1.6301766616608926', 4: 550.9038650823338} 
{0: '0.7756410256410257', 1: '0.0', 2: '0.0', 3: '1.6301766616608926', 4: 549.6228784103579} 
{0: '0.7770700636942676', 1: '0.0', 2: '0.0', 3: '1.7328621078878674', 4: 543.8812080597377} 
{0: '0.7784810126582279', 1: '0.0', 2: '0.0', 3: '1.842015749320195', 4: 554.7626096326092} 
{0: '0.7735849056603774', 1: '0.0', 2: '0.0', 3: '1.842015749320195', 4: 550.8694387487474} 
{0: '0.775', 1: '0.0', 2: '0.0', 3: '1.7328621078878674', 4: 548.7980777334877} 
{0: '0.7763975155279503', 1: '0.0', 2: '0.0', 3: '1.6301766616608926', 4: 544.8889455122239} 
{0: '0.7777777777777778', 1: '0.0', 2: '0.0', 3: '1.5335761201812925', 4: 543.3379567015947} 
{0: '0.7791411042944786', 1: '0.0', 2: '0.0', 3: '1.4426999059072143', 4: 541.4889608501013} 
{0: '0.774390243902439', 1: '0.0', 2: '0.0', 3: '1.4426999059072143', 4: 557.8381286864003} 
{0: '0.7757575757575758', 1: '0.0', 2: '0.0', 3: '1.5335761201812925', 4: 552.3880519887014} 
{0: '0.7771084337349398', 1: '0.0', 2: '0.0', 3: '1.6301766616608926', 4: 541.8189058549839} 
{0: '0.7784431137724551', 1: '0.0', 2: '0.0', 3: '1.7328621078878674', 4: 553.4967640639965} 
{0: '0.7797619047619048', 1: '0.0', 2: '0.0', 3: '1.842015749320195', 4: 555.9263467091215} 
{0: '0.7810650887573964', 1: '0.0', 2: '0.0', 3: '1.958045020027179', 4: 560.1143699480549} 
{0: '0.7823529411764706', 1: '0.0', 2: '0.0', 3: '2.081383018504685', 4: 547.5226798611166} 
{0: '0.7777777777777778', 1: '0.0', 2: '0.0', 3: '2.081383018504685', 4: 547.6697966557424} 
{0: '0.7790697674418605', 1: '0.0', 2: '0.0', 3: '1.958045020027179', 4: 545.6085466956671} 
{0: '0.7803468208092486', 1: '0.0', 2: '0.0', 3: '1.842015749320195', 4: 547.2285482726169} 
{0: '0.7816091954022989', 1: '0.0', 2: '0.0', 3: '1.7328621078878674', 4: 548.4312804293147} 
{0: '0.7771428571428571', 1: '0.0', 2: '0.0', 3: '1.7328621078878674', 4: 549.5733264927019} 
{0: '0.7727272727272727', 1: '0.0', 2: '0.0', 3: '1.7328621078878674', 4: 555.5557037816641} 
{0: '0.7740112994350282', 1: '0.0', 2: '0.0', 3: '1.6301766616608926', 4: 548.6762093740026} 
{0: '0.7752808988764045', 1: '0.0', 2: '0.0', 3: '1.5335761201812925', 4: 555.8318620724204} 
{0: '0.776536312849162', 1: '0.0', 2: '0.0', 3: '1.4426999059072143', 4: 549.8068578166577} 
{0: '0.7722222222222223', 1: '0.0', 2: '0.0', 3: '1.4426999059072143', 4: 544.6540501229223} 
{0: '0.7734806629834254', 1: '0.0', 2: '0.0', 3: '1.5335761201812925', 4: 553.896635873597} 
{0: '0.7747252747252747', 1: '0.0', 2: '0.0', 3: '1.6301766616608926', 4: 548.773952759617} 
{0: '0.7704918032786885', 1: '0.0', 2: '0.0', 3: '1.6301766616608926', 4: 546.7318431334228} 
{0: '0.7663043478260869', 1: '0.0', 2: '0.0', 3: '1.6301766616608926', 4: 546.6508764573573} 
{0: '0.7675675675675676', 1: '0.0', 2: '0.0', 3: '1.7328621078878674', 4: 558.0728503784525} 
{0: '0.7688172043010753', 1: '0.0', 2: '0.0', 3: '1.842015749320195', 4: 555.4401574313848} 
{0: '0.7647058823529411', 1: '0.0', 2: '0.0', 3: '1.842015749320195', 4: 548.6012196945858} 
{0: '0.7606382978723404', 1: '0.0', 2: '0.0', 3: '1.842015749320195', 4: 545.0980562668107} 
{0: '0.7619047619047619', 1: '0.0', 2: '0.0', 3: '1.958045020027179', 4: 562.6474832593624} 
{0: '0.7631578947368421', 1: '0.0', 2: '0.0', 3: '2.081383018504685', 4: 554.8822812458914} 
{0: '0.7643979057591623', 1: '0.0', 2: '0.0', 3: '2.212490124287102', 4: 550.020549086582} 
{0: '0.7604166666666666', 1: '0.0', 2: '0.0', 3: '2.212490124287102', 4: 546.6243736823316} 
{0: '0.7616580310880829', 1: '0.0', 2: '0.0', 3: '2.081383018504685', 4: 556.490185090386} 
{0: '0.7628865979381443', 1: '0.0', 2: '0.0', 3: '1.958045020027179', 4: 547.5116359694548} 
{0: '0.764102564102564', 1: '0.0', 2: '0.0', 3: '1.842015749320195', 4: 550.2544316695048} 
{0: '0.7653061224489796', 1: '0.0', 2: '0.0', 3: '1.7328621078878674', 4: 550.4869239763846} 
{0: '0.766497461928934', 1: '0.0', 2: '0.0', 3: '1.6301766616608926', 4: 548.2822897105927} 
{0: '0.7676767676767676', 1: '0.0', 2: '0.0', 3: '1.5335761201812925', 4: 545.9380965030076} 
{0: '0.7638190954773869', 1: '0.0', 2: '0.0', 3: '1.5335761201812925', 4: 546.9095445603261} 
{0: '0.76', 1: '0.0', 2: '0.0', 3: '1.5335761201812925', 4: 542.147677806419} 
{0: '0.7562189054726368', 1: '0.0', 2: '0.0', 3: '1.5335761201812925', 4: 545.9639970357377} 
{0: '0.7574257425742574', 1: '0.0', 2: '0.0', 3: '1.6301766616608926', 4: 551.5462916385336} 
{0: '0.7586206896551724', 1: '0.0', 2: '0.0', 3: '1.7328621078878674', 4: 538.9716738244465} 
{0: '0.7549019607843137', 1: '0.0', 2: '0.0', 3: '1.7328621078878674', 4: 548.8541109126405} 
{0: '0.751219512195122', 1: '0.0', 2: '0.0', 3: '1.7328621078878674', 4: 556.1078681501162} 
{0: '0.7524271844660194', 1: '0.0', 2: '0.0', 3: '1.842015749320195', 4: 551.0415285909983} 
{0: '0.748792270531401', 1: '0.0', 2: '0.0', 3: '1.842015749320195', 4: 545.1829031321907} 
{0: '0.75', 1: '0.0', 2: '0.0', 3: '1.7328621078878674', 4: 551.1170942995974} 
{0: '0.7511961722488039', 1: '0.0', 2: '0.0', 3: '1.6301766616608926', 4: 556.3100984772208} 
{0: '0.7523809523809524', 1: '0.0', 2: '0.0', 3: '1.5335761201812925', 4: 545.7950484718884} 
{0: '0.7535545023696683', 1: '0.0', 2: '0.0', 3: '1.4426999059072143', 4: 544.0925231568559} 
{0: '0.75', 1: '0.0', 2: '0.0', 3: '1.4426999059072143', 4: 547.4486460546437} 
{0: '0.7511737089201878', 1: '0.0', 2: '0.0', 3: '1.5335761201812925', 4: 543.4517137898208} 
{0: '0.7523364485981309', 1: '0.0', 2: '0.0', 3: '1.6301766616608926', 4: 551.524576148392} 
{0: '0.7534883720930232', 1: '0.0', 2: '0.0', 3: '1.7328621078878674', 4: 549.8325856351912} 
{0: '0.7546296296296297', 1: '0.0', 2: '0.0', 3: '1.842015749320195', 4: 546.0100263382075} 
{0: '0.7511520737327189', 1: '0.0', 2: '0.0', 3: '1.842015749320195', 4: 548.2704172753239} 
{0: '0.7522935779816514', 1: '0.0', 2: '0.0', 3: '1.7328621078878674', 4: 545.6546051007005} 
{0: '0.7534246575342466', 1: '0.0', 2: '0.0', 3: '1.6301766616608926', 4: 544.9819125346675} 
{0: '0.7545454545454545', 1: '0.0', 2: '0.0', 3: '1.5335761201812925', 4: 545.5667529578102} 
{0: '0.755656108597285', 1: '0.0', 2: '0.0', 3: '1.4426999059072143', 4: 546.9409325856625} 
{0: '0.7522522522522522', 1: '0.0', 2: '0.0', 3: '1.4426999059072143', 4: 550.1418719196738} 
{0: '0.7533632286995515', 1: '0.0', 2: '0.0', 3: '1.5335761201812925', 4: 547.3003799470818} 
{0: '0.7544642857142857', 1: '0.0', 2: '0.0', 3: '1.6301766616608926', 4: 548.4305501815383} 
{0: '0.7511111111111111', 1: '0.0', 2: '0.0', 3: '1.6301766616608926', 4: 551.6039613535994} 
{0: '0.7522123893805309', 1: '0.0', 2: '0.0', 3: '1.5335761201812925', 4: 550.777011661632} 
{0: '0.7533039647577092', 1: '0.0', 2: '0.0', 3: '1.4426999059072143', 4: 549.3734789081799} 
{0: '0.75', 1: '0.0', 2: '0.0', 3: '1.4426999059072143', 4: 554.9914463941685} 
{0: '0.7510917030567685', 1: '0.0', 2: '0.0', 3: '1.5335761201812925', 4: 544.9576318574435} 
{0: '0.7521739130434782', 1: '0.0', 2: '0.0', 3: '1.6301766616608926', 4: 547.2878435729452} 
{0: '0.7532467532467533', 1: '0.0', 2: '0.0', 3: '1.7328621078878674', 4: 545.1429247613067} 
{0: '0.75', 1: '0.0', 2: '0.0', 3: '1.7328621078878674', 4: 541.0876364410494} 
{0: '0.7510729613733905', 1: '0.0', 2: '0.0', 3: '1.6301766616608926', 4: 547.8371008059406} 
{0: '0.7521367521367521', 1: '0.0', 2: '0.0', 3: '1.5335761201812925', 4: 553.1722965108443} 
{0: '0.7531914893617021', 1: '0.0', 2: '0.0', 3: '1.4426999059072143', 4: 547.344036041118} 
{0: '0.75', 1: '0.0', 2: '0.0', 3: '1.4426999059072143', 4: 549.8608092480479} 
{0: '0.7510548523206751', 1: '0.0', 2: '0.0', 3: '1.5335761201812925', 4: 552.5364914546} 
{0: '0.7521008403361344', 1: '0.0', 2: '0.0', 3: '1.6301766616608926', 4: 539.4311093582586} 
{0: '0.7531380753138075', 1: '0.0', 2: '0.0', 3: '1.7328621078878674', 4: 543.4819182943464} 
{0: '0.75', 1: '0.0', 2: '0.0', 3: '1.7328621078878674', 4: 547.1535318605765} 
{0: '0.7510373443983402', 1: '0.0', 2: '0.0', 3: '1.6301766616608926', 4: 549.1045437293229} 
{0: '0.7479338842975206', 1: '0.0', 2: '0.0', 3: '1.6301766616608926', 4: 552.3003643286784} 
{0: '0.7489711934156379', 1: '0.0', 2: '0.0', 3: '1.7328621078878674', 4: 545.6279995270841} 
{0: '0.75', 1: '0.0', 2: '0.0', 3: '1.842015749320195', 4: 546.6763384072381} 
{0: '0.746938775510204', 1: '0.0', 2: '0.0', 3: '1.842015749320195', 4: 553.6818806623155} 
{0: '0.7479674796747967', 1: '0.0', 2: '0.0', 3: '1.7328621078878674', 4: 558.1076528827683} 
{0: '0.7489878542510121', 1: '0.0', 2: '0.0', 3: '1.6301766616608926', 4: 558.525191839791} 
{0: '0.75', 1: '0.0', 2: '0.0', 3: '1.5335761201812925', 4: 547.8833603781453} 
{0: '0.751004016064257', 1: '0.0', 2: '0.0', 3: '1.4426999059072143', 4: 549.9807218947143} 
{0: '0.748', 1: '0.0', 2: '0.0', 3: '1.4426999059072143', 4: 552.9613267287694} 
{0: '0.749003984063745', 1: '0.0', 2: '0.0', 3: '1.5335761201812925', 4: 542.3837376334973} 
{0: '0.75', 1: '0.0', 2: '0.0', 3: '1.6301766616608926', 4: 551.4245803656686} 
{0: '0.7509881422924901', 1: '0.0', 2: '0.0', 3: '1.7328621078878674', 4: 551.2761130020269} 
{0: '0.7519685039370079', 1: '0.0', 2: '0.0', 3: '1.842015749320195', 4: 552.1912207964668} 
{0: '0.7490196078431373', 1: '0.0', 2: '0.0', 3: '1.842015749320195', 4: 547.3508857524209} 
{0: '0.75', 1: '0.0', 2: '0.0', 3: '1.7328621078878674', 4: 544.3761028688474} 
{0: '0.7509727626459144', 1: '0.0', 2: '0.0', 3: '1.6301766616608926', 4: 549.5818896953016} 
{0: '0.751937984496124', 1: '0.0', 2: '0.0', 3: '1.5335761201812925', 4: 542.4632381348067} 
{0: '0.752895752895753', 1: '0.0', 2: '0.0', 3: '1.4426999059072143', 4: 543.4100011855272} 
{0: '0.75', 1: '0.0', 2: '0.0', 3: '1.4426999059072143', 4: 547.0480003542784} 
{0: '0.7471264367816092', 1: '0.0', 2: '0.0', 3: '1.4426999059072143', 4: 546.7408815727091} 
{0: '0.7442748091603053', 1: '0.0', 2: '0.0', 3: '1.4426999059072143', 4: 556.6947570611027} 
{0: '0.7452471482889734', 1: '0.0', 2: '0.0', 3: '1.5335761201812925', 4: 548.3087133741011} 
{0: '0.7462121212121212', 1: '0.0', 2: '0.0', 3: '1.6301766616608926', 4: 546.8576095903267} 
{0: '0.7433962264150943', 1: '0.0', 2: '0.0', 3: '1.6301766616608926', 4: 547.2851360378853} 
{0: '0.7443609022556391', 1: '0.0', 2: '0.0', 3: '1.5335761201812925', 4: 544.9391762604298} 
{0: '0.7453183520599251', 1: '0.0', 2: '0.0', 3: '1.4426999059072143', 4: 556.7622996440699} 
{0: '0.7425373134328358', 1: '0.0', 2: '0.0', 3: '1.4426999059072143', 4: 549.1089489104396} 
{0: '0.7397769516728625', 1: '0.0', 2: '0.0', 3: '1.4426999059072143', 4: 551.443280085082} 
{0: '0.737037037037037', 1: '0.0', 2: '0.0', 3: '1.4426999059072143', 4: 545.0617912431226} 
{0: '0.7380073800738007', 1: '0.0', 2: '0.0', 3: '1.5335761201812925', 4: 550.4351032310615} 
{0: '0.7389705882352942', 1: '0.0', 2: '0.0', 3: '1.6301766616608926', 4: 542.9753461126095} 
{0: '0.73992673992674', 1: '0.0', 2: '0.0', 3: '1.7328621078878674', 4: 548.4624888378954} 
{0: '0.7408759124087592', 1: '0.0', 2: '0.0', 3: '1.842015749320195', 4: 548.9986463171343} 
{0: '0.7418181818181818', 1: '0.0', 2: '0.0', 3: '1.958045020027179', 4: 547.4249873030186} 
{0: '0.7427536231884058', 1: '0.0', 2: '0.0', 3: '2.081383018504685', 4: 547.1856829718392} 
{0: '0.740072202166065', 1: '0.0', 2: '0.0', 3: '2.081383018504685', 4: 553.8496524932862} 
{0: '0.7410071942446043', 1: '0.0', 2: '0.0', 3: '1.958045020027179', 4: 545.8091380738779} 
{0: '0.7419354838709677', 1: '0.0', 2: '0.0', 3: '1.842015749320195', 4: 549.4200040185115} 
{0: '0.7428571428571429', 1: '0.0', 2: '0.0', 3: '1.7328621078878674', 4: 544.4400195912873} 
{0: '0.7437722419928826', 1: '0.0', 2: '0.0', 3: '1.6301766616608926', 4: 546.753801740823} 
{0: '0.7446808510638298', 1: '0.0', 2: '0.0', 3: '1.5335761201812925', 4: 542.812544406781} 
{0: '0.7455830388692579', 1: '0.0', 2: '0.0', 3: '1.4426999059072143', 4: 542.9588647835732} 
{0: '0.7429577464788732', 1: '0.0', 2: '0.0', 3: '1.4426999059072143', 4: 543.1930808733907} 
{0: '0.743859649122807', 1: '0.0', 2: '0.0', 3: '1.5335761201812925', 4: 547.2922763168901} 
{0: '0.7412587412587412', 1: '0.0', 2: '0.0', 3: '1.5335761201812925', 4: 552.098455683275} 
{0: '0.7386759581881533', 1: '0.0', 2: '0.0', 3: '1.5335761201812925', 4: 547.9411000689194} 
{0: '0.7395833333333334', 1: '0.0', 2: '0.0', 3: '1.6301766616608926', 4: 544.4533775585032} 
{0: '0.740484429065744', 1: '0.0', 2: '0.0', 3: '1.7328621078878674', 4: 554.165630187705} 
{0: '0.7413793103448276', 1: '0.0', 2: '0.0', 3: '1.842015749320195', 4: 554.8505061135694} 
{0: '0.7422680412371134', 1: '0.0', 2: '0.0', 3: '1.958045020027179', 4: 548.3457768334927} 
{0: '0.7431506849315068', 1: '0.0', 2: '0.0', 3: '2.081383018504685', 4: 560.8143748730146} 
{0: '0.7440273037542662', 1: '0.0', 2: '0.0', 3: '2.212490124287102', 4: 554.0062988948738} 
{0: '0.7414965986394558', 1: '0.0', 2: '0.0', 3: '2.212490124287102', 4: 551.4950752948182} 
{0: '0.7423728813559322', 1: '0.0', 2: '0.0', 3: '2.081383018504685', 4: 544.1399793219337} 
{0: '0.7432432432432432', 1: '0.0', 2: '0.0', 3: '1.958045020027179', 4: 550.2151320907997} 
{0: '0.7441077441077442', 1: '0.0', 2: '0.0', 3: '1.842015749320195', 4: 546.6484896768161} 
{0: '0.7416107382550335', 1: '0.0', 2: '0.0', 3: '1.842015749320195', 4: 543.3103756881658} 
{0: '0.7424749163879598', 1: '0.0', 2: '0.0', 3: '1.958045020027179', 4: 552.0244886960962} 
{0: '0.7433333333333333', 1: '0.0', 2: '0.0', 3: '2.081383018504685', 4: 558.3582019828515} 
{0: '0.7408637873754153', 1: '0.0', 2: '0.0', 3: '2.081383018504685', 4: 546.2926712172085} 
{0: '0.7417218543046358', 1: '0.0', 2: '0.0', 3: '1.958045020027179', 4: 550.1990248710264} 
{0: '0.7425742574257426', 1: '0.0', 2: '0.0', 3: '1.842015749320195', 4: 550.9355225040457} 
{0: '0.743421052631579', 1: '0.0', 2: '0.0', 3: '1.7328621078878674', 4: 554.1169853870639} 
{0: '0.740983606557377', 1: '0.0', 2: '0.0', 3: '1.7328621078878674', 4: 545.811958035793} 
{0: '0.7418300653594772', 1: '0.0', 2: '0.0', 3: '1.842015749320195', 4: 543.1199444929164} 
{0: '0.739413680781759', 1: '0.0', 2: '0.0', 3: '1.842015749320195', 4: 551.5040729736288} 
{0: '0.7402597402597403', 1: '0.0', 2: '0.0', 3: '1.7328621078878674', 4: 550.2745431725085} 
{0: '0.7411003236245954', 1: '0.0', 2: '0.0', 3: '1.6301766616608926', 4: 546.6611823988449} 
{0: '0.7419354838709677', 1: '0.0', 2: '0.0', 3: '1.5335761201812925', 4: 545.3558100945205} 
{0: '0.7395498392282959', 1: '0.0', 2: '0.0', 3: '1.5335761201812925', 4: 545.3648959082686} 
{0: '0.7371794871794872', 1: '0.0', 2: '0.0', 3: '1.5335761201812925', 4: 546.6491625269077} 
{0: '0.7348242811501597', 1: '0.0', 2: '0.0', 3: '1.5335761201812925', 4: 546.3978332189394} 
{0: '0.732484076433121', 1: '0.0', 2: '0.0', 3: '1.5335761201812925', 4: 552.3298465179804} 
{0: '0.7333333333333333', 1: '0.0', 2: '0.0', 3: '1.4426999059072143', 4: 544.9943750146455} 
{0: '0.7310126582278481', 1: '0.0', 2: '0.0', 3: '1.4426999059072143', 4: 547.5412253777074} 
{0: '0.7287066246056783', 1: '0.0', 2: '0.0', 3: '1.4426999059072143', 4: 539.7254078546678} 
{0: '0.7264150943396226', 1: '0.0', 2: '0.0', 3: '1.4426999059072143', 4: 544.352406380843} 
{0: '0.7272727272727273', 1: '0.0', 2: '0.0', 3: '1.5335761201812925', 4: 552.7754174747242} 
{0: '0.725', 1: '0.0', 2: '0.0', 3: '1.5335761201812925', 4: 541.314034993578} 
{0: '0.7258566978193146', 1: '0.0', 2: '0.0', 3: '1.4426999059072143', 4: 547.6745736195753} 
{0: '0.7236024844720497', 1: '0.0', 2: '0.0', 3: '1.4426999059072143', 4: 547.3322020622592} 
{0: '0.7244582043343654', 1: '0.0', 2: '0.0', 3: '1.5335761201812925', 4: 549.1545054164667} 
{0: '0.7253086419753086', 1: '0.0', 2: '0.0', 3: '1.6301766616608926', 4: 548.7157137015876} 
{0: '0.7261538461538461', 1: '0.0', 2: '0.0', 3: '1.7328621078878674', 4: 543.9628578821971} 
{0: '0.7239263803680982', 1: '0.0', 2: '0.0', 3: '1.7328621078878674', 4: 554.9499926166507} 
{0: '0.7247706422018348', 1: '0.0', 2: '0.0', 3: '1.6301766616608926', 4: 552.4091679084496} 
{0: '0.725609756097561', 1: '0.0', 2: '0.0', 3: '1.5335761201812925', 4: 543.1914744803004} 
{0: '0.7264437689969605', 1: '0.0', 2: '0.0', 3: '1.4426999059072143', 4: 546.5069413998341} 
{0: '0.7242424242424242', 1: '0.0', 2: '0.0', 3: '1.4426999059072143', 4: 549.1354460164637} 
{0: '0.7250755287009063', 1: '0.0', 2: '0.0', 3: '1.5335761201812925', 4: 548.222349634463} 
{0: '0.7228915662650602', 1: '0.0', 2: '0.0', 3: '1.5335761201812925', 4: 543.1838250100132} 
{0: '0.7237237237237237', 1: '0.0', 2: '0.0', 3: '1.4426999059072143', 4: 543.6740829811718} 
{0: '0.7215568862275449', 1: '0.0', 2: '0.0', 3: '1.4426999059072143', 4: 544.8986570952046} 
{0: '0.7223880597014926', 1: '0.0', 2: '0.0', 3: '1.5335761201812925', 4: 541.3530811032009} 
{0: '0.7202380952380952', 1: '0.0', 2: '0.0', 3: '1.5335761201812925', 4: 542.2295505311971} 
{0: '0.7210682492581603', 1: '0.0', 2: '0.0', 3: '1.4426999059072143', 4: 546.2680629848919} 
{0: '0.7189349112426036', 1: '0.0', 2: '0.0', 3: '1.4426999059072143', 4: 549.6759121618474} 
{0: '0.7197640117994101', 1: '0.0', 2: '0.0', 3: '1.5335761201812925', 4: 547.1587851192207} 
{0: '0.7205882352941176', 1: '0.0', 2: '0.0', 3: '1.6301766616608926', 4: 552.165319826494} 
{0: '0.7214076246334311', 1: '0.0', 2: '0.0', 3: '1.7328621078878674', 4: 549.063009861881} 
{0: '0.7192982456140351', 1: '0.0', 2: '0.0', 3: '1.7328621078878674', 4: 547.6989456432608} 
{0: '0.7201166180758017', 1: '0.0', 2: '0.0', 3: '1.6301766616608926', 4: 544.2696131468867} 
{0: '0.7209302325581395', 1: '0.0', 2: '0.0', 3: '1.5335761201812925', 4: 547.0050346167297} 
{0: '0.7188405797101449', 1: '0.0', 2: '0.0', 3: '1.5335761201812925', 4: 545.6650579502314} 
{0: '0.7196531791907514', 1: '0.0', 2: '0.0', 3: '1.6301766616608926', 4: 551.4738096906107} 
{0: '0.7204610951008645', 1: '0.0', 2: '0.0', 3: '1.7328621078878674', 4: 546.5667769532344} 
{0: '0.7212643678160919', 1: '0.0', 2: '0.0', 3: '1.842015749320195', 4: 548.0792399875625} 
{0: '0.7220630372492837', 1: '0.0', 2: '0.0', 3: '1.958045020027179', 4: 553.8337207226855} 
{0: '0.72', 1: '0.0', 2: '0.0', 3: '1.958045020027179', 4: 543.7286066579261} 
{0: '0.7207977207977208', 1: '0.0', 2: '0.0', 3: '1.842015749320195', 4: 545.331766971508} 
{0: '0.7215909090909091', 1: '0.0', 2: '0.0', 3: '1.7328621078878674', 4: 546.3882509979064} 
{0: '0.7223796033994334', 1: '0.0', 2: '0.0', 3: '1.6301766616608926', 4: 548.559916941212} 
{0: '0.7231638418079096', 1: '0.0', 2: '0.0', 3: '1.5335761201812925', 4: 544.6866154489571} 
{0: '0.723943661971831', 1: '0.0', 2: '0.0', 3: '1.4426999059072143', 4: 543.4484982151863} 
{0: '0.7219101123595506', 1: '0.0', 2: '0.0', 3: '1.4426999059072143', 4: 551.2758109438705} 
{0: '0.7226890756302521', 1: '0.0', 2: '0.0', 3: '1.5335761201812925', 4: 556.1628092463576} 
{0: '0.723463687150838', 1: '0.0', 2: '0.0', 3: '1.6301766616608926', 4: 544.9178183091252} 
{0: '0.7214484679665738', 1: '0.0', 2: '0.0', 3: '1.6301766616608926', 4: 546.235940074849} 
{0: '0.7222222222222222', 1: '0.0', 2: '0.0', 3: '1.5335761201812925', 4: 548.9611066330416} 
{0: '0.7202216066481995', 1: '0.0', 2: '0.0', 3: '1.5335761201812925', 4: 556.6593981805058} 
{0: '0.7209944751381215', 1: '0.0', 2: '0.0', 3: '1.6301766616608926', 4: 547.9449392299836} 
{0: '0.721763085399449', 1: '0.0', 2: '0.0', 3: '1.7328621078878674', 4: 543.1927249776912} 
{0: '0.7225274725274725', 1: '0.0', 2: '0.0', 3: '1.842015749320195', 4: 550.4959381671281} 
{0: '0.7232876712328767', 1: '0.0', 2: '0.0', 3: '1.958045020027179', 4: 553.4609097960681} 
{0: '0.7240437158469946', 1: '0.0', 2: '0.0', 3: '2.081383018504685', 4: 549.867744331006} 
{0: '0.7220708446866485', 1: '0.0', 2: '0.0', 3: '2.081383018504685', 4: 547.2755493830656} 
{0: '0.7228260869565217', 1: '0.0', 2: '0.0', 3: '1.958045020027179', 4: 548.8898818306407} 
{0: '0.7235772357723578', 1: '0.0', 2: '0.0', 3: '1.842015749320195', 4: 551.1409803726059} 
{0: '0.7243243243243244', 1: '0.0', 2: '0.0', 3: '1.7328621078878674', 4: 550.6720865519246} 
{0: '0.7250673854447439', 1: '0.0', 2: '0.0', 3: '1.6301766616608926', 4: 552.0401150207357} 
{0: '0.7258064516129032', 1: '0.0', 2: '0.0', 3: '1.5335761201812925', 4: 546.6655582469522} 
{0: '0.7238605898123325', 1: '0.0', 2: '0.0', 3: '1.5335761201812925', 4: 545.3389717225394} 
{0: '0.7245989304812834', 1: '0.0', 2: '0.0', 3: '1.6301766616608926', 4: 542.3680488231477} 
{0: '0.7253333333333334', 1: '0.0', 2: '0.0', 3: '1.7328621078878674', 4: 553.7207269077494} 
{0: '0.726063829787234', 1: '0.0', 2: '0.0', 3: '1.842015749320195', 4: 547.6884540140181} 
{0: '0.7241379310344828', 1: '0.0', 2: '0.0', 3: '1.842015749320195', 4: 554.7359707441412} 
{0: '0.7248677248677249', 1: '0.0', 2: '0.0', 3: '1.7328621078878674', 4: 546.0706142074572} 
{0: '0.7255936675461742', 1: '0.0', 2: '0.0', 3: '1.6301766616608926', 4: 550.8793430243395} 
{0: '0.7263157894736842', 1: '0.0', 2: '0.0', 3: '1.5335761201812925', 4: 544.786353776268} 
{0: '0.7244094488188977', 1: '0.0', 2: '0.0', 3: '1.5335761201812925', 4: 543.9797932772145} 
{0: '0.725130890052356', 1: '0.0', 2: '0.0', 3: '1.6301766616608926', 4: 553.5823378037685} 
{0: '0.7258485639686684', 1: '0.0', 2: '0.0', 3: '1.7328621078878674', 4: 554.6399677213223} 
{0: '0.7265625', 1: '0.0', 2: '0.0', 3: '1.842015749320195', 4: 553.0765702107522} 
{0: '0.7272727272727273', 1: '0.0', 2: '0.0', 3: '1.958045020027179', 4: 550.0984921539946} 
{0: '0.727979274611399', 1: '0.0', 2: '0.0', 3: '2.081383018504685', 4: 545.5088610068125} 
{0: '0.7286821705426356', 1: '0.0', 2: '0.0', 3: '2.212490124287102', 4: 550.8803149162479} 
{0: '0.7268041237113402', 1: '0.0', 2: '0.0', 3: '2.212490124287102', 4: 552.0359253857445} 
{0: '0.7275064267352185', 1: '0.0', 2: '0.0', 3: '2.081383018504685', 4: 551.6742657423871} 
{0: '0.7282051282051282', 1: '0.0', 2: '0.0', 3: '1.958045020027179', 4: 554.4259102272442} 
{0: '0.7289002557544757', 1: '0.0', 2: '0.0', 3: '1.842015749320195', 4: 548.9182325140558} 
{0: '0.7295918367346939', 1: '0.0', 2: '0.0', 3: '1.7328621078878674', 4: 551.2780033232442} 
{0: '0.7302798982188295', 1: '0.0', 2: '0.0', 3: '1.6301766616608926', 4: 544.4355898279259} 
{0: '0.7309644670050761', 1: '0.0', 2: '0.0', 3: '1.5335761201812925', 4: 548.3850220051874} 
{0: '0.7291139240506329', 1: '0.0', 2: '0.0', 3: '1.5335761201812925', 4: 544.9963191573268} 
{0: '0.7272727272727273', 1: '0.0', 2: '0.0', 3: '1.5335761201812925', 4: 543.591845324528} 
{0: '0.72544080604534', 1: '0.0', 2: '0.0', 3: '1.5335761201812925', 4: 546.6911974663755} 
{0: '0.7261306532663316', 1: '0.0', 2: '0.0', 3: '1.6301766616608926', 4: 544.8913345037251} 
{0: '0.7243107769423559', 1: '0.0', 2: '0.0', 3: '1.6301766616608926', 4: 547.1244446175182} 
{0: '0.725', 1: '0.0', 2: '0.0', 3: '1.5335761201812925', 4: 545.61668383301} 
{0: '0.7231920199501247', 1: '0.0', 2: '0.0', 3: '1.5335761201812925', 4: 546.8071309702223} 
{0: '0.7238805970149254', 1: '0.0', 2: '0.0', 3: '1.6301766616608926', 4: 543.1060431069295} 
{0: '0.7245657568238213', 1: '0.0', 2: '0.0', 3: '1.7328621078878674', 4: 540.6997104222141} 
{0: '0.7252475247524752', 1: '0.0', 2: '0.0', 3: '1.842015749320195', 4: 545.2334451405143} 
{0: '0.7234567901234568', 1: '0.0', 2: '0.0', 3: '1.842015749320195', 4: 550.0508102914418} 
{0: '0.7241379310344828', 1: '0.0', 2: '0.0', 3: '1.7328621078878674', 4: 549.8998655411635} 
{0: '0.7248157248157249', 1: '0.0', 2: '0.0', 3: '1.6301766616608926', 4: 552.2259380769465} 
{0: '0.7230392156862745', 1: '0.0', 2: '0.0', 3: '1.6301766616608926', 4: 542.1812373635751} 
{0: '0.7212713936430318', 1: '0.0', 2: '0.0', 3: '1.6301766616608926', 4: 547.65573545412} 
{0: '0.7219512195121951', 1: '0.0', 2: '0.0', 3: '1.5335761201812925', 4: 554.5382675654781} 
{0: '0.7201946472019465', 1: '0.0', 2: '0.0', 3: '1.5335761201812925', 4: 549.7545863587062} 
{0: '0.720873786407767', 1: '0.0', 2: '0.0', 3: '1.6301766616608926', 4: 553.099310495066} 
{0: '0.7215496368038741', 1: '0.0', 2: '0.0', 3: '1.7328621078878674', 4: 546.4932376894819} 
{0: '0.7198067632850241', 1: '0.0', 2: '0.0', 3: '1.7328621078878674', 4: 551.2294513680246} 
{0: '0.7204819277108434', 1: '0.0', 2: '0.0', 3: '1.6301766616608926', 4: 548.288635293619} 
{0: '0.7211538461538461', 1: '0.0', 2: '0.0', 3: '1.5335761201812925', 4: 555.4639489163811} 
{0: '0.7218225419664268', 1: '0.0', 2: '0.0', 3: '1.4426999059072143', 4: 545.7446999071656} 
{0: '0.7200956937799043', 1: '0.0', 2: '0.0', 3: '1.4426999059072143', 4: 548.6030197329148} 
{0: '0.720763723150358', 1: '0.0', 2: '0.0', 3: '1.5335761201812925', 4: 551.8544414774989} 
{0: '0.7214285714285714', 1: '0.0', 2: '0.0', 3: '1.6301766616608926', 4: 543.0037886471101} 
{0: '0.7220902612826603', 1: '0.0', 2: '0.0', 3: '1.7328621078878674', 4: 562.1235825846715} 
{0: '0.7227488151658767', 1: '0.0', 2: '0.0', 3: '1.842015749320195', 4: 546.3509412729127} 
{0: '0.723404255319149', 1: '0.0', 2: '0.0', 3: '1.958045020027179', 4: 553.4936620536336} 
{0: '0.7216981132075472', 1: '0.0', 2: '0.0', 3: '1.958045020027179', 4: 553.1636093585528} 
{0: '0.7223529411764706', 1: '0.0', 2: '0.0', 3: '1.842015749320195', 4: 546.8189290022897} 
{0: '0.7230046948356808', 1: '0.0', 2: '0.0', 3: '1.7328621078878674', 4: 557.2351629148465} 
{0: '0.7213114754098361', 1: '0.0', 2: '0.0', 3: '1.7328621078878674', 4: 548.6362381009626} 
{0: '0.719626168224299', 1: '0.0', 2: '0.0', 3: '1.7328621078878674', 4: 559.5091090162811} 
{0: '0.7202797202797203', 1: '0.0', 2: '0.0', 3: '1.6301766616608926', 4: 553.7741381330585} 
{0: '0.7209302325581395', 1: '0.0', 2: '0.0', 3: '1.5335761201812925', 4: 553.0157698496032} 
{0: '0.7192575406032483', 1: '0.0', 2: '0.0', 3: '1.5335761201812925', 4: 553.586006581014} 
{0: '0.7199074074074074', 1: '0.0', 2: '0.0', 3: '1.6301766616608926', 4: 549.5842799937969} 
{0: '0.7182448036951501', 1: '0.0', 2: '0.0', 3: '1.6301766616608926', 4: 540.7674367036626} 
{0: '0.716589861751152', 1: '0.0', 2: '0.0', 3: '1.6301766616608926', 4: 549.5890839040131} 
{0: '0.7149425287356321', 1: '0.0', 2: '0.0', 3: '1.6301766616608926', 4: 549.2759278249093} 
{0: '0.7155963302752294', 1: '0.0', 2: '0.0', 3: '1.5335761201812925', 4: 543.3986504105881} 
{0: '0.7162471395881007', 1: '0.0', 2: '0.0', 3: '1.4426999059072143', 4: 546.1693125894511} 
{0: '0.7146118721461188', 1: '0.0', 2: '0.0', 3: '1.4426999059072143', 4: 549.1311960900258} 
{0: '0.715261958997722', 1: '0.0', 2: '0.0', 3: '1.5335761201812925', 4: 546.3590521175394} 
{0: '0.7159090909090909', 1: '0.0', 2: '0.0', 3: '1.6301766616608926', 4: 547.4635445544801} 
{0: '0.7165532879818595', 1: '0.0', 2: '0.0', 3: '1.7328621078878674', 4: 561.0299166546002} 
{0: '0.7171945701357466', 1: '0.0', 2: '0.0', 3: '1.842015749320195', 4: 550.8508355812156} 
{0: '0.7155756207674944', 1: '0.0', 2: '0.0', 3: '1.842015749320195', 4: 551.4259089055477} 
{0: '0.7162162162162162', 1: '0.0', 2: '0.0', 3: '1.7328621078878674', 4: 544.184186909535} 
{0: '0.7168539325842697', 1: '0.0', 2: '0.0', 3: '1.6301766616608926', 4: 551.9995949434325} 
{0: '0.7152466367713004', 1: '0.0', 2: '0.0', 3: '1.6301766616608926', 4: 550.91201360647} 
{0: '0.7158836689038032', 1: '0.0', 2: '0.0', 3: '1.7328621078878674', 4: 546.8600517315334} 
{0: '0.7165178571428571', 1: '0.0', 2: '0.0', 3: '1.842015749320195', 4: 548.5776805708894} 
{0: '0.7149220489977728', 1: '0.0', 2: '0.0', 3: '1.842015749320195', 4: 551.6616930521208} 
{0: '0.7155555555555555', 1: '0.0', 2: '0.0', 3: '1.7328621078878674', 4: 549.7329942780514} 
{0: '0.7161862527716186', 1: '0.0', 2: '0.0', 3: '1.6301766616608926', 4: 546.5094632998045} 
{0: '0.7168141592920354', 1: '0.0', 2: '0.0', 3: '1.5335761201812925', 4: 549.4282906266906} 
{0: '0.7152317880794702', 1: '0.0', 2: '0.0', 3: '1.5335761201812925', 4: 540.3632404864379} 
{0: '0.7136563876651982', 1: '0.0', 2: '0.0', 3: '1.5335761201812925', 4: 550.5293238749276} 
{0: '0.7120879120879121', 1: '0.0', 2: '0.0', 3: '1.5335761201812925', 4: 547.078575341692} 
{0: '0.7127192982456141', 1: '0.0', 2: '0.0', 3: '1.6301766616608926', 4: 553.7577334731307} 
{0: '0.7133479212253829', 1: '0.0', 2: '0.0', 3: '1.7328621078878674', 4: 551.4361859574452} 
{0: '0.7139737991266376', 1: '0.0', 2: '0.0', 3: '1.842015749320195', 4: 546.8925705923189} 
{0: '0.7124183006535948', 1: '0.0', 2: '0.0', 3: '1.842015749320195', 4: 547.7206224253185} 
{0: '0.7130434782608696', 1: '0.0', 2: '0.0', 3: '1.7328621078878674', 4: 548.4933109067366} 
{0: '0.7136659436008677', 1: '0.0', 2: '0.0', 3: '1.6301766616608926', 4: 546.419528668644} 
{0: '0.7121212121212122', 1: '0.0', 2: '0.0', 3: '1.6301766616608926', 4: 551.3831018036557} 
{0: '0.7105831533477321', 1: '0.0', 2: '0.0', 3: '1.6301766616608926', 4: 547.4825980805339} 
{0: '0.7112068965517241', 1: '0.0', 2: '0.0', 3: '1.5335761201812925', 4: 539.6633210686447} 
{0: '0.7118279569892473', 1: '0.0', 2: '0.0', 3: '1.4426999059072143', 4: 541.60826429811} 
{0: '0.7103004291845494', 1: '0.0', 2: '0.0', 3: '1.4426999059072143', 4: 550.4272178852453} 
{0: '0.7109207708779444', 1: '0.0', 2: '0.0', 3: '1.5335761201812925', 4: 543.5863194664726} 
{0: '0.7094017094017094', 1: '0.0', 2: '0.0', 3: '1.5335761201812925', 4: 540.5134600304698} 
{0: '0.7100213219616205', 1: '0.0', 2: '0.0', 3: '1.4426999059072143', 4: 539.2062313416698} 
{0: '0.7085106382978723', 1: '0.0', 2: '0.0', 3: '1.4426999059072143', 4: 551.3179375591492} 
{0: '0.7091295116772823', 1: '0.0', 2: '0.0', 3: '1.5335761201812925', 4: 542.2674193578014} 
{0: '0.7097457627118644', 1: '0.0', 2: '0.0', 3: '1.6301766616608926', 4: 550.3433698088357} 
{0: '0.7103594080338267', 1: '0.0', 2: '0.0', 3: '1.7328621078878674', 4: 551.8394093097128} 
{0: '0.7088607594936709', 1: '0.0', 2: '0.0', 3: '1.7328621078878674', 4: 546.8267881308337} 
{0: '0.7094736842105264', 1: '0.0', 2: '0.0', 3: '1.6301766616608926', 4: 550.7838991606748} 
{0: '0.7100840336134454', 1: '0.0', 2: '0.0', 3: '1.5335761201812925', 4: 546.5996224659576} 
{0: '0.710691823899371', 1: '0.0', 2: '0.0', 3: '1.4426999059072143', 4: 549.9904131550364} 
{0: '0.7092050209205021', 1: '0.0', 2: '0.0', 3: '1.4426999059072143', 4: 555.3432043926747} 
{0: '0.7098121085594989', 1: '0.0', 2: '0.0', 3: '1.5335761201812925', 4: 554.0465586868039} 
{0: '0.7104166666666667', 1: '0.0', 2: '0.0', 3: '1.6301766616608926', 4: 550.3230396564816} 
{0: '0.7110187110187111', 1: '0.0', 2: '0.0', 3: '1.7328621078878674', 4: 546.9816456274756} 
{0: '0.7095435684647303', 1: '0.0', 2: '0.0', 3: '1.7328621078878674', 4: 545.4992743744191} 
{0: '0.7101449275362319', 1: '0.0', 2: '0.0', 3: '1.6301766616608926', 4: 553.0925282847866} 
{0: '0.7086776859504132', 1: '0.0', 2: '0.0', 3: '1.6301766616608926', 4: 545.8861542304163} 
{0: '0.709278350515464', 1: '0.0', 2: '0.0', 3: '1.7328621078878674', 4: 544.0777785088052} 
{0: '0.7098765432098766', 1: '0.0', 2: '0.0', 3: '1.842015749320195', 4: 553.7785730633999} 
{0: '0.7104722792607803', 1: '0.0', 2: '0.0', 3: '1.958045020027179', 4: 551.0877423920276} 
{0: '0.7110655737704918', 1: '0.0', 2: '0.0', 3: '2.081383018504685', 4: 548.4356955435106} 
{0: '0.7096114519427403', 1: '0.0', 2: '0.0', 3: '2.081383018504685', 4: 553.1969303835451} 
{0: '0.710204081632653', 1: '0.0', 2: '0.0', 3: '1.958045020027179', 4: 551.2070898506247} 
{0: '0.7107942973523421', 1: '0.0', 2: '0.0', 3: '1.842015749320195', 4: 550.9886229436144} 
{0: '0.709349593495935', 1: '0.0', 2: '0.0', 3: '1.842015749320195', 4: 556.17939963666} 
{0: '0.7099391480730223', 1: '0.0', 2: '0.0', 3: '1.958045020027179', 4: 550.7852931232333} 
{0: '0.708502024291498', 1: '0.0', 2: '0.0', 3: '1.958045020027179', 4: 550.7181748807225} 
{0: '0.7090909090909091', 1: '0.0', 2: '0.0', 3: '1.842015749320195', 4: 560.3049449141986} 
{0: '0.7096774193548387', 1: '0.0', 2: '0.0', 3: '1.7328621078878674', 4: 552.4120748176516} 
{0: '0.710261569416499', 1: '0.0', 2: '0.0', 3: '1.6301766616608926', 4: 553.425780486066} 
{0: '0.7108433734939759', 1: '0.0', 2: '0.0', 3: '1.5335761201812925', 4: 548.3150231950382} 
{0: '0.7114228456913828', 1: '0.0', 2: '0.0', 3: '1.4426999059072143', 4: 544.3841538254777} 
