{'STAT2HEADER': 'STAT2HEADER', 'STAT2HEADER_ENVIRON': 'environ({\'OMPI_MCA_pmix\': \'^s1,s2,cray,isolated\', \'PMIX_MCA_mca_base_component_show_load_errors\': \'1\', \'OMPI_COMMAND\': \'python3\', \'OMPI_ARGV\': \'static_snapshot.py 2 1min\', \'OMPI_MCA_orte_precondition_transports\': \'a2351fee01c00c49-70ec2f818dbedb6c\', \'LD_LIBRARY_PATH\': \'/salilab/diva1/programs/x86_64linux/numpy-py36-1.19.5/lib:/salilab/diva1/home/libs/x86_64/centos8:/salilab/diva1/home/libs/x86_64:/salilab/diva1/home/imp/main/20240607-af6f9d6a95/lib/release8:/salilab/diva1/programs/x86_64linux/opencv-4.3.0/lib64/rhel:/salilab/diva1/programs/x86_64linux/opencv-4.3.0/lib64:/salilab/diva1/programs/x86_64linux/hdf5-1.10.7/lib:/salilab/diva1/programs/x86_64linux/libtau-py27-1.0.1/lib64:/salilab/diva1/programs/x86_64linux/boost-1.73.0/lib64:/usr/lib64/openmpi/lib:/wynton/group/sali/miha_rozic/Software/imp-develop/build/lib::\', \'IMP_TMP_DIR\': \'/wynton/group/sali/miha_rozic/Software/imp-develop/build/tmp\', \'PE_HOSTFILE\': \'/var/spool/sge/wynton/qb3-id183/active_jobs/708615.1/pe_hostfile\', \'__LMOD_REF_COUNT_PATH\': \'/salilab/diva1/programs/x86_64linux/numpy-py36-1.19.5/bin:1;/salilab/diva1/home/imp/main/20240607-af6f9d6a95/bin/release8:1;/salilab/diva1/programs/x86_64linux/opencv-4.3.0/bin:1;/salilab/diva1/programs/x86_64linux/hdf5-1.10.7/bin:1;/usr/lib64/openmpi/bin:1;/wynton/home/sali/rozicmiha/.local/bin:1;/wynton/home/sali/rozicmiha/bin:1;/wynton/group/sali/miha_rozic/Software/imp-develop/build/bin:1;/wynton/group/sali/miha_rozic/Software/imp-develop/build/module_bin/EMageFit:1;/wynton/group/sali/miha_rozic/Software/imp-develop/build/module_bin/algebra:1;/wynton/group/sali/miha_rozic/Software/imp-develop/build/module_bin/atom:1;/wynton/group/sali/miha_rozic/Software/imp-develop/build/module_bin/benchmark:1;/wynton/group/sali/miha_rozic/Software/imp-develop/build/module_bin/cgal:1;/wynton/group/sali/miha_rozic/Software/imp-develop/build/module_bin/cnmultifit:1;/wynton/group/sali/miha_rozic/Software/imp-develop/build/module_bin/container:1;/wynton/group/sali/miha_rozic/Software/imp-develop/build/module_bin/core:1;/wynton/group/sali/miha_rozic/Software/imp-develop/build/module_bin/display:1;/wynton/group/sali/miha_rozic/Software/imp-develop/build/module_bin/domino:1;/wynton/group/sali/miha_rozic/Software/imp-develop/build/module_bin/em:1;/wynton/group/sali/miha_rozic/Software/imp-develop/build/module_bin/em2d:1;/wynton/group/sali/miha_rozic/Software/imp-develop/build/module_bin/example:1;/wynton/group/sali/miha_rozic/Software/imp-develop/build/module_bin/foxs:1;/wynton/group/sali/miha_rozic/Software/imp-develop/build/module_bin/gsl:1;/wynton/group/sali/miha_rozic/Software/imp-develop/build/module_bin/integrative_docking:1;/wynton/group/sali/miha_rozic/Software/imp-develop/build/module_bin/isd:1;/wynton/group/sali/miha_rozic/Software/imp-develop/build/module_bin/kernel:1;/wynton/group/sali/miha_rozic/Software/imp-develop/build/module_bin/kinematics:1;/wynton/group/sali/miha_rozic/Software/imp-develop/build/module_bin/kmeans:1;/wynton/group/sali/miha_rozic/Software/imp-develop/build/module_bin/misc:1;/wynton/group/sali/miha_rozic/Software/imp-develop/build/module_bin/mmcif:1;/wynton/group/sali/miha_rozic/Software/imp-develop/build/module_bin/modeller:1;/wynton/group/sali/miha_rozic/Software/imp-develop/build/module_bin/mpi:1;/wynton/group/sali/miha_rozic/Software/imp-develop/build/module_bin/multi_state:1;/wynton/group/sali/miha_rozic/Software/imp-develop/build/module_bin/multifit:1;/wynton/group/sali/miha_rozic/Software/imp-develop/build/module_bin/npc:1;/wynton/group/sali/miha_rozic/Software/imp-develop/build/module_bin/npcassembly:1;/wynton/group/sali/miha_rozic/Software/imp-develop/build/module_bin/parallel:1;/wynton/group/sali/miha_rozic/Software/imp-develop/build/module_bin/pepdock:1;/wynton/group/sali/miha_rozic/Software/imp-develop/build/module_bin/pmi:1;/wynton/group/sali/miha_rozic/Software/imp-develop/build/module_bin/rmf:1;/wynton/group/sali/miha_rozic/Software/imp-develop/build/module_bin/rotamer:1;/wynton/group/sali/miha_rozic/Software/imp-develop/build/module_bin/saxs:1;/wynton/group/sali/miha_rozic/Software/imp-develop/build/module_bin/saxs_merge:1;/wynton/group/sali/miha_rozic/Software/imp-develop/build/module_bin/score_functor:1;/wynton/group/sali/miha_rozic/Software/imp-develop/build/module_bin/scratch:1;/wynton/group/sali/miha_rozic/Software/imp-develop/build/module_bin/spb:1;/wynton/group/sali/miha_rozic/Software/imp-develop/build/module_bin/statistics:1;/wynton/group/sali/miha_rozic/Software/imp-develop/build/module_bin/symmetry:1;/wynton/group/sali/miha_rozic/Software/imp-develop/build/module_bin/test:1;/opt/sge/bin:1;/opt/sge/bin/lx-amd64:1;/scratch/708615.1.member.q:1;/usr/local/bin:1;/bin:1;/usr/bin:1;/usr/local/sbin:1;/usr/sbin:1\', \'_ModuleTable002_\': \'fSwKc3RhY2tEZXB0aCA9IDEsCnN0YXR1cyA9ICJhY3RpdmUiLAp1c2VyTmFtZSA9ICJib29zdC8xLjczLjAiLAp3ViA9ICIwMDAwMDAwMDEuMDAwMDAwMDczLip6ZmluYWwiLAp9LApoZGY1ID0gewpmbiA9ICIvc2FsaWxhYi9kaXZhMS9ob21lL21vZHVsZXMvaGRmNS8xLjEwLjciLApmdWxsTmFtZSA9ICJoZGY1LzEuMTAuNyIsCmxvYWRPcmRlciA9IDUsCnByb3BUID0ge30sCnN0YWNrRGVwdGggPSAyLApzdGF0dXMgPSAiYWN0aXZlIiwKdXNlck5hbWUgPSAiaGRmNS8xLjEwLjciLAp3ViA9ICIwMDAwMDAwMDEuMDAwMDAwMDEwLjAwMDAwMDAwNy4qemZpbmFsIiwKfSwKaW1wID0gewpmbiA9ICIvc2FsaWxhYi9kaXZhMS9ob21lL21vZHVsZXMvaW1wLzIuMjEuMCIsCmZ1bGxO\', \'IMP_DIR\': \'/salilab/diva1/home/imp/main/20240607-af6f9d6a95/lib/release8/cmake/IMP\', \'QUEUE\': \'member.q\', \'GOTO_NUM_THREADS\': \'1\', \'MPI_PYTHON3_SITEARCH\': \'/usr/lib64/python3.6/site-packages/openmpi\', \'LANG\': \'en_US.UTF-8\', \'HISTCONTROL\': \'ignoredups\', \'_ModuleTable008_\': \'cyIsCmZ1bGxOYW1lID0gInNhbGktbGlicmFyaWVzIiwKbG9hZE9yZGVyID0gOCwKcHJvcFQgPSB7fSwKc3RhY2tEZXB0aCA9IDEsCnN0YXR1cyA9ICJhY3RpdmUiLAp1c2VyTmFtZSA9ICJzYWxpLWxpYnJhcmllcyIsCndWID0gIk0uKnpmaW5hbCIsCn0sCn0sCm1wYXRoQSA9IHsKIi9zYWxpbGFiL2RpdmExL2hvbWUvbW9kdWxlcyIsICIvZXRjL21vZHVsZWZpbGVzIiwgIi91c3Ivc2hhcmUvbW9kdWxlZmlsZXMiCiwgIi91c3Ivc2hhcmUvbW9kdWxlZmlsZXMvTGludXgiLCAiL3Vzci9zaGFyZS9tb2R1bGVmaWxlcy9Db3JlIiwgIi91c3Ivc2hhcmUvbG1vZC9sbW9kL21vZHVsZWZpbGVzL0NvcmUiLAp9LApzeXN0ZW1CYXNlTVBBVEggPSAiL2V0Yy9tb2R1bGVmaWxlczovdXNy\', \'SGE_O_HOST\': \'dev1\', \'HOSTNAME\': \'qb3-id183.wynton.ucsf.edu\', \'OPENBLAS_NUM_THREADS\': \'1\', \'__LMOD_REF_COUNT_CMAKE_INCLUDE_PATH\': \'/salilab/diva1/programs/x86_64linux/opencv-4.3.0/include/opencv4:1;/salilab/diva1/programs/x86_64linux/hdf5-1.10.7/include:1;/salilab/diva1/programs/x86_64linux/libtau-py27-1.0.1/include:1;/salilab/diva1/programs/x86_64linux/boost-1.73.0/include:1\', \'SGE_RSH_COMMAND\': \'builtin\', \'ENVIRONMENT\': \'BATCH\', \'IMP_DATA\': \'/wynton/group/sali/miha_rozic/Software/imp-develop/build/data\', \'REQUEST\': \'test1\', \'SGE_STDIN_PATH\': \'/dev/null\', \'SGE_CELL\': \'wynton\', \'_ModuleTable007_\': \'MjEuMyIsCndWID0gIjAwMDAwMDAwMC4wMDAwMDAwMjEuMDAwMDAwMDAzLip6ZmluYWwiLAp9LApbInB5dGhvbjMvc2NpcHkiXSA9IHsKZm4gPSAiL3NhbGlsYWIvZGl2YTEvaG9tZS9tb2R1bGVzL3B5dGhvbjMvc2NpcHkvMS4zLjIiLApmdWxsTmFtZSA9ICJweXRob24zL3NjaXB5LzEuMy4yIiwKbG9hZE9yZGVyID0gMTAsCnByb3BUID0ge30sCnN0YWNrRGVwdGggPSAxLApzdGF0dXMgPSAiYWN0aXZlIiwKdXNlck5hbWUgPSAicHl0aG9uMy9zY2lweS8xLjMuMiIsCndWID0gIjAwMDAwMDAwMS4wMDAwMDAwMDMuMDAwMDAwMDAyLip6ZmluYWwiLAp9LApbInNhbGktbGlicmFyaWVzIl0gPSB7CmZuID0gIi9zYWxpbGFiL2RpdmExL2hvbWUvbW9kdWxlcy9zYWxpLWxpYnJhcmll\', \'CMAKE_INCLUDE_PATH\': \'/salilab/diva1/programs/x86_64linux/opencv-4.3.0/include/opencv4:/salilab/diva1/programs/x86_64linux/hdf5-1.10.7/include:/salilab/diva1/programs/x86_64linux/libtau-py27-1.0.1/include:/salilab/diva1/programs/x86_64linux/boost-1.73.0/include\', \'__LMOD_REF_COUNT_LD_LIBRARY_PATH\': \'/salilab/diva1/programs/x86_64linux/numpy-py36-1.19.5/lib:1;/salilab/diva1/home/libs/x86_64/centos8:1;/salilab/diva1/home/libs/x86_64:1;/salilab/diva1/home/imp/main/20240607-af6f9d6a95/lib/release8:1;/salilab/diva1/programs/x86_64linux/opencv-4.3.0/lib64/rhel:1;/salilab/diva1/programs/x86_64linux/opencv-4.3.0/lib64:1;/salilab/diva1/programs/x86_64linux/hdf5-1.10.7/lib:1;/salilab/diva1/programs/x86_64linux/libtau-py27-1.0.1/lib64:1;/salilab/diva1/programs/x86_64linux/boost-1.73.0/lib64:1;/usr/lib64/openmpi/lib:1;/wynton/group/sali/miha_rozic/Software/imp-develop/build/lib:2;:1\', \'__LMOD_REF_COUNT_PKG_CONFIG_PATH\': \'/usr/lib64/openmpi/lib/pkgconfig:1\', \'_ModuleTable004_\': \'aGFyZS9tb2R1bGVmaWxlcy9tcGkvb3Blbm1waS14ODZfNjQiLApmdWxsTmFtZSA9ICJtcGkvb3Blbm1waS14ODZfNjQiLApsb2FkT3JkZXIgPSAyLApwcm9wVCA9IHt9LApzdGFja0RlcHRoID0gMCwKc3RhdHVzID0gImFjdGl2ZSIsCnVzZXJOYW1lID0gIm1waS9vcGVubXBpLXg4Nl82NCIsCndWID0gIipvcGVubXBpLip4LjAwMDAwMDA4Ni4qXy4wMDAwMDAwNjQuKnpmaW5hbCIsCn0sCm9wZW5jdiA9IHsKZm4gPSAiL3NhbGlsYWIvZGl2YTEvaG9tZS9tb2R1bGVzL29wZW5jdi80LjMuMCIsCmZ1bGxOYW1lID0gIm9wZW5jdi80LjMuMCIsCmxvYWRPcmRlciA9IDYsCnByb3BUID0ge30sCnN0YWNrRGVwdGggPSAxLApzdGF0dXMgPSAiYWN0aXZlIiwKdXNlck5hbWUgPSAib3Bl\', \'__LMOD_REF_COUNT_PYTHONPATH\': \'/salilab/diva1/programs/x86_64linux/scikit-py36-0.21.3/lib64/python3.6/site-packages:1;/salilab/diva1/programs/linux/joblib-0.17.0/lib/python3.6/site-packages:1;/salilab/diva1/programs/x86_64linux/scipy-py36-1.3.2/lib64/python3.6/site-packages:1;/salilab/diva1/programs/x86_64linux/numpy-py36-1.19.5/lib64/python3.6/site-packages:1;/salilab/diva1/home/imp/main/20240607-af6f9d6a95/lib/release8:1;/salilab/diva1/programs/x86_64linux/opencv-4.3.0/lib/python3.6/site-packages:1;/wynton/group/sali/miha_rozic/Software/imp-develop/build/lib:2;:1\', \'which_declare\': \'declare -f\', \'NHOSTS\': \'1\', \'SGE_O_WORKDIR\': \'/wynton/group/sali/miha_rozic/Input_information/SNAPSHOTS/central_directory/snapshot2_1min/run46\', \'USER\': \'rozicmiha\', \'SGE_TASK_ID\': \'undefined\', \'__LMOD_REF_COUNT_CMAKE_LIBRARY_PATH\': \'/salilab/diva1/programs/x86_64linux/opencv-4.3.0/lib64:1;/salilab/diva1/programs/x86_64linux/hdf5-1.10.7/lib:1;/salilab/diva1/programs/x86_64linux/libtau-py27-1.0.1/lib64:1;/salilab/diva1/programs/x86_64linux/boost-1.73.0/lib64:1\', \'SGE_TASK_FIRST\': \'undefined\', \'NSLOTS\': \'16\', \'__LMOD_REF_COUNT_MODULEPATH\': \'/salilab/diva1/home/modules:1;/etc/modulefiles:1;/usr/share/modulefiles:1;/usr/share/modulefiles/Linux:1;/usr/share/modulefiles/Core:1;/usr/share/lmod/lmod/modulefiles/Core:1\', \'PWD\': \'/wynton/group/sali/miha_rozic/Input_information/SNAPSHOTS/central_directory/snapshot2_1min/run46\', \'HOME\': \'/wynton/home/sali/rozicmiha\', \'NQUEUES\': \'1\', \'TMP\': \'/scratch/708615.1.member.q\', \'PE\': \'smp\', \'SGE_O_HOME\': \'/wynton/home/sali/rozicmiha\', \'LMOD_VERSION\': \'8.7.32\', \'JOB_NAME\': \'test1\', \'BASH_ENV\': \'/usr/share/lmod/lmod/init/bash\', \'MPI_FORTRAN_MOD_DIR\': \'/usr/lib64/gfortran/modules/openmpi\', \'SGE_TASK_LAST\': \'undefined\', \'MKL_NUM_THREADS\': \'1\', \'MPI_COMPILER\': \'openmpi-x86_64\', \'SGE_ACCOUNT\': \'sge\', \'SGE_ROOT\': \'/opt/sge\', \'MPI_SUFFIX\': \'_openmpi\', \'TMPDIR\': \'/scratch/708615.1.member.q\', \'RESTARTED\': \'0\', \'LMOD_sys\': \'Linux\', \'_ModuleTable001_\': \'X01vZHVsZVRhYmxlXyA9IHsKTVR2ZXJzaW9uID0gMywKY19yZWJ1aWxkVGltZSA9IGZhbHNlLApjX3Nob3J0VGltZSA9IGZhbHNlLApkZXB0aFQgPSB7fSwKZmFtaWx5ID0ge30sCm1UID0gewpTYWxpID0gewpmbiA9ICIvZXRjL21vZHVsZWZpbGVzL1NhbGkubHVhIiwKZnVsbE5hbWUgPSAiU2FsaSIsCmxvYWRPcmRlciA9IDEsCnByb3BUID0ge30sCnN0YWNrRGVwdGggPSAwLApzdGF0dXMgPSAiYWN0aXZlIiwKdXNlck5hbWUgPSAiU2FsaSIsCndWID0gIk0uKnpmaW5hbCIsCn0sCmJvb3N0ID0gewpmbiA9ICIvc2FsaWxhYi9kaXZhMS9ob21lL21vZHVsZXMvYm9vc3QvMS43My4wIiwKZnVsbE5hbWUgPSAiYm9vc3QvMS43My4wIiwKbG9hZE9yZGVyID0gMywKcHJvcFQgPSB7\', \'LOADEDMODULES\': \'Sali:mpi/openmpi-x86_64:boost/1.73.0:libtau/1.0.1:hdf5/1.10.7:opencv/4.3.0:imp/2.21.0:sali-libraries:python3/numpy/1.19.5:python3/scipy/1.3.2:python3/joblib/0.17.0:python3/scikit/0.21.3\', \'SGE_O_PATH\': \'/salilab/diva1/programs/x86_64linux/numpy-py36-1.19.5/bin:/salilab/diva1/home/imp/main/20240607-af6f9d6a95/bin/release8:/salilab/diva1/programs/x86_64linux/opencv-4.3.0/bin:/salilab/diva1/programs/x86_64linux/hdf5-1.10.7/bin:/wynton/home/sali/rozicmiha/.local/bin:/wynton/home/sali/rozicmiha/bin:/wynton/group/sali/miha_rozic/Software/imp-develop/build/bin:/wynton/group/sali/miha_rozic/Software/imp-develop/build/module_bin/EMageFit:/wynton/group/sali/miha_rozic/Software/imp-develop/build/module_bin/algebra:/wynton/group/sali/miha_rozic/Software/imp-develop/build/module_bin/atom:/wynton/group/sali/miha_rozic/Software/imp-develop/build/module_bin/benchmark:/wynton/group/sali/miha_rozic/Software/imp-develop/build/module_bin/cgal:/wynton/group/sali/miha_rozic/Software/imp-develop/build/module_bin/cnmultifit:/wynton/group/sali/miha_rozic/Software/imp-develop/build/module_bin/container:/wynton/group/sali/miha_rozic/Software/imp-develop/build/module_bin/core:/wynton/group/sali/miha_rozic/Software/imp-develop/build/module_bin/display:/wynton/group/sali/miha_rozic/Software/imp-develop/build/module_bin/domino:/wynton/group/sali/miha_rozic/Software/imp-develop/build/module_bin/em:/wynton/group/sali/miha_rozic/Software/imp-develop/build/module_bin/em2d:/wynton/group/sali/miha_rozic/Software/imp-develop/build/module_bin/example:/wynton/group/sali/miha_rozic/Software/imp-develop/build/module_bin/foxs:/wynton/group/sali/miha_rozic/Software/imp-develop/build/module_bin/gsl:/wynton/group/sali/miha_rozic/Software/imp-develop/build/module_bin/integrative_docking:/wynton/group/sali/miha_rozic/Software/imp-develop/build/module_bin/isd:/wynton/group/sali/miha_rozic/Software/imp-develop/build/module_bin/kernel:/wynton/group/sali/miha_rozic/Software/imp-develop/build/module_bin/kinematics:/wynton/group/sali/miha_rozic/Software/imp-develop/build/module_bin/kmeans:/wynton/group/sali/miha_rozic/Software/imp-develop/build/module_bin/misc:/wynton/group/sali/miha_rozic/Software/imp-develop/build/module_bin/mmcif:/wynton/group/sali/miha_rozic/Software/imp-develop/build/module_bin/modeller:/wynton/group/sali/miha_rozic/Software/imp-develop/build/module_bin/mpi:/wynton/group/sali/miha_rozic/Software/imp-develop/build/module_bin/multi_state:/wynton/group/sali/miha_rozic/Software/imp-develop/build/module_bin/multifit:/wynton/group/sali/miha_rozic/Software/imp-develop/build/module_bin/npc:/wynton/group/sali/miha_rozic/Software/imp-develop/build/module_bin/npcassembly:/wynton/group/sali/miha_rozic/Software/imp-develop/build/module_bin/parallel:/wynton/group/sali/miha_rozic/Software/imp-develop/build/module_bin/pepdock:/wynton/group/sali/miha_rozic/Software/imp-develop/build/module_bin/pmi:/wynton/group/sali/miha_rozic/Software/imp-develop/build/module_bin/rmf:/wynton/group/sali/miha_rozic/Software/imp-develop/build/module_bin/rotamer:/wynton/group/sali/miha_rozic/Software/imp-develop/build/module_bin/saxs:/wynton/group/sali/miha_rozic/Software/imp-develop/build/module_bin/saxs_merge:/wynton/group/sali/miha_rozic/Software/imp-develop/build/module_bin/score_functor:/wynton/group/sali/miha_rozic/Software/imp-develop/build/module_bin/scratch:/wynton/group/sali/miha_rozic/Software/imp-develop/build/module_bin/spb:/wynton/group/sali/miha_rozic/Software/imp-develop/build/module_bin/statistics:/wynton/group/sali/miha_rozic/Software/imp-develop/build/module_bin/symmetry:/wynton/group/sali/miha_rozic/Software/imp-develop/build/module_bin/test:/opt/sge/bin:/opt/sge/bin/lx-amd64:/usr/local/bin:/usr/bin:/usr/local/sbin:/usr/sbin\', \'SGE_O_SHELL\': \'/bin/bash\', \'_ModuleTable006_\': \'bWUgPSAicHl0aG9uMy9udW1weS8xLjE5LjUiLApsb2FkT3JkZXIgPSA5LApwcm9wVCA9IHt9LApzdGFja0RlcHRoID0gMiwKc3RhdHVzID0gImFjdGl2ZSIsCnVzZXJOYW1lID0gInB5dGhvbjMvbnVtcHkvMS4xOS41IiwKd1YgPSAiMDAwMDAwMDAxLjAwMDAwMDAxOS4wMDAwMDAwMDUuKnpmaW5hbCIsCn0sClsicHl0aG9uMy9zY2lraXQiXSA9IHsKZm4gPSAiL3NhbGlsYWIvZGl2YTEvaG9tZS9tb2R1bGVzL3B5dGhvbjMvc2Npa2l0LzAuMjEuMyIsCmZ1bGxOYW1lID0gInB5dGhvbjMvc2Npa2l0LzAuMjEuMyIsCmxvYWRPcmRlciA9IDEyLApwcm9wVCA9IHt9LApzdGFja0RlcHRoID0gMCwKc3RhdHVzID0gImFjdGl2ZSIsCnVzZXJOYW1lID0gInB5dGhvbjMvc2Npa2l0LzAu\', \'__LMOD_REF_COUNT_MANPATH\': \':2;/usr/share/man/openmpi-x86_64:1;/opt/sge/man:1;/usr/share/lmod/lmod/share/man:1\', \'MPI_INCLUDE\': \'/usr/include/openmpi-x86_64\', \'_ModuleTable003_\': \'YW1lID0gImltcC8yLjIxLjAiLApsb2FkT3JkZXIgPSA3LApwcm9wVCA9IHt9LApzdGFja0RlcHRoID0gMCwKc3RhdHVzID0gImFjdGl2ZSIsCnVzZXJOYW1lID0gImltcCIsCndWID0gIl4wMDAwMDAwMi4wMDAwMDAwMjEuKnpmaW5hbCIsCn0sCmxpYnRhdSA9IHsKZm4gPSAiL3NhbGlsYWIvZGl2YTEvaG9tZS9tb2R1bGVzL2xpYnRhdS8xLjAuMSIsCmZ1bGxOYW1lID0gImxpYnRhdS8xLjAuMSIsCmxvYWRPcmRlciA9IDQsCnByb3BUID0ge30sCnN0YWNrRGVwdGggPSAxLApzdGF0dXMgPSAiYWN0aXZlIiwKdXNlck5hbWUgPSAibGlidGF1LzEuMC4xIiwKd1YgPSAiMDAwMDAwMDAxLjAwMDAwMDAwMC4wMDAwMDAwMDEuKnpmaW5hbCIsCn0sCm1waSA9IHsKZm4gPSAiL3Vzci9z\', \'LMOD_ROOT\': \'/usr/share/lmod\', \'SYSTEMCTL_SKIP_REDIRECT\': \'\', \'MAIL\': \'/var/spool/mail/rozicmiha\', \'SGE_CWD_PATH\': \'/wynton/group/sali/miha_rozic/Input_information/SNAPSHOTS/central_directory/snapshot2_1min/run46\', \'MPI_HOME\': \'/usr/lib64/openmpi\', \'_ModuleTable009_\': \'L3NoYXJlL21vZHVsZWZpbGVzOi91c3Ivc2hhcmUvbW9kdWxlZmlsZXMvTGludXg6L3Vzci9zaGFyZS9tb2R1bGVmaWxlcy9Db3JlOi91c3Ivc2hhcmUvbG1vZC9sbW9kL21vZHVsZWZpbGVzL0NvcmUiLAp9Cg==\', \'SGE_TASK_STEPSIZE\': \'undefined\', \'SHELL\': \'/bin/bash\', \'TERM\': \'\', \'_ModuleTable_Sz_\': \'9\', \'SGE_JOB_SPOOL_DIR\': \'/var/spool/sge/wynton/qb3-id183/active_jobs/708615.1\', \'JOB_ID\': \'708615\', \'IMP_EXAMPLE_DATA\': \'/wynton/group/sali/miha_rozic/Software/imp-develop/build/doc/examples\', \'R_FUTURE_AVAILABLECORES_FALLBACK\': \'1\', \'JOB_SCRIPT\': \'/var/spool/sge/wynton/qb3-id183/job_scripts/708615\', \'SHLVL\': \'2\', \'SGE_O_LOGNAME\': \'rozicmiha\', \'SGE_O_MAIL\': \'/var/spool/mail/rozicmiha\', \'PYTHONPATH\': \'/salilab/diva1/programs/x86_64linux/scikit-py36-0.21.3/lib64/python3.6/site-packages:/salilab/diva1/programs/linux/joblib-0.17.0/lib/python3.6/site-packages:/salilab/diva1/programs/x86_64linux/scipy-py36-1.3.2/lib64/python3.6/site-packages:/salilab/diva1/programs/x86_64linux/numpy-py36-1.19.5/lib64/python3.6/site-packages:/salilab/diva1/home/imp/main/20240607-af6f9d6a95/lib/release8:/salilab/diva1/programs/x86_64linux/opencv-4.3.0/lib/python3.6/site-packages:/wynton/group/sali/miha_rozic/Software/imp-develop/build/lib::\', \'MANPATH\': \':/usr/share/man/openmpi-x86_64:/opt/sge/man:/usr/share/lmod/lmod/share/man\', \'MODULEPATH\': \'/salilab/diva1/home/modules:/etc/modulefiles:/usr/share/modulefiles:/usr/share/modulefiles/Linux:/usr/share/modulefiles/Core:/usr/share/lmod/lmod/modulefiles/Core\', \'MPI_SYSCONFIG\': \'/etc/openmpi-x86_64\', \'LOGNAME\': \'rozicmiha\', \'SYSTEMCTL_IGNORE_DEPENDENCIES\': \'\', \'MODULEPATH_ROOT\': \'/usr/share/modulefiles\', \'PATH\': \'/salilab/diva1/programs/x86_64linux/numpy-py36-1.19.5/bin:/salilab/diva1/home/imp/main/20240607-af6f9d6a95/bin/release8:/salilab/diva1/programs/x86_64linux/opencv-4.3.0/bin:/salilab/diva1/programs/x86_64linux/hdf5-1.10.7/bin:/usr/lib64/openmpi/bin:/wynton/home/sali/rozicmiha/.local/bin:/wynton/home/sali/rozicmiha/bin:/wynton/group/sali/miha_rozic/Software/imp-develop/build/bin:/wynton/group/sali/miha_rozic/Software/imp-develop/build/module_bin/EMageFit:/wynton/group/sali/miha_rozic/Software/imp-develop/build/module_bin/algebra:/wynton/group/sali/miha_rozic/Software/imp-develop/build/module_bin/atom:/wynton/group/sali/miha_rozic/Software/imp-develop/build/module_bin/benchmark:/wynton/group/sali/miha_rozic/Software/imp-develop/build/module_bin/cgal:/wynton/group/sali/miha_rozic/Software/imp-develop/build/module_bin/cnmultifit:/wynton/group/sali/miha_rozic/Software/imp-develop/build/module_bin/container:/wynton/group/sali/miha_rozic/Software/imp-develop/build/module_bin/core:/wynton/group/sali/miha_rozic/Software/imp-develop/build/module_bin/display:/wynton/group/sali/miha_rozic/Software/imp-develop/build/module_bin/domino:/wynton/group/sali/miha_rozic/Software/imp-develop/build/module_bin/em:/wynton/group/sali/miha_rozic/Software/imp-develop/build/module_bin/em2d:/wynton/group/sali/miha_rozic/Software/imp-develop/build/module_bin/example:/wynton/group/sali/miha_rozic/Software/imp-develop/build/module_bin/foxs:/wynton/group/sali/miha_rozic/Software/imp-develop/build/module_bin/gsl:/wynton/group/sali/miha_rozic/Software/imp-develop/build/module_bin/integrative_docking:/wynton/group/sali/miha_rozic/Software/imp-develop/build/module_bin/isd:/wynton/group/sali/miha_rozic/Software/imp-develop/build/module_bin/kernel:/wynton/group/sali/miha_rozic/Software/imp-develop/build/module_bin/kinematics:/wynton/group/sali/miha_rozic/Software/imp-develop/build/module_bin/kmeans:/wynton/group/sali/miha_rozic/Software/imp-develop/build/module_bin/misc:/wynton/group/sali/miha_rozic/Software/imp-develop/build/module_bin/mmcif:/wynton/group/sali/miha_rozic/Software/imp-develop/build/module_bin/modeller:/wynton/group/sali/miha_rozic/Software/imp-develop/build/module_bin/mpi:/wynton/group/sali/miha_rozic/Software/imp-develop/build/module_bin/multi_state:/wynton/group/sali/miha_rozic/Software/imp-develop/build/module_bin/multifit:/wynton/group/sali/miha_rozic/Software/imp-develop/build/module_bin/npc:/wynton/group/sali/miha_rozic/Software/imp-develop/build/module_bin/npcassembly:/wynton/group/sali/miha_rozic/Software/imp-develop/build/module_bin/parallel:/wynton/group/sali/miha_rozic/Software/imp-develop/build/module_bin/pepdock:/wynton/group/sali/miha_rozic/Software/imp-develop/build/module_bin/pmi:/wynton/group/sali/miha_rozic/Software/imp-develop/build/module_bin/rmf:/wynton/group/sali/miha_rozic/Software/imp-develop/build/module_bin/rotamer:/wynton/group/sali/miha_rozic/Software/imp-develop/build/module_bin/saxs:/wynton/group/sali/miha_rozic/Software/imp-develop/build/module_bin/saxs_merge:/wynton/group/sali/miha_rozic/Software/imp-develop/build/module_bin/score_functor:/wynton/group/sali/miha_rozic/Software/imp-develop/build/module_bin/scratch:/wynton/group/sali/miha_rozic/Software/imp-develop/build/module_bin/spb:/wynton/group/sali/miha_rozic/Software/imp-develop/build/module_bin/statistics:/wynton/group/sali/miha_rozic/Software/imp-develop/build/module_bin/symmetry:/wynton/group/sali/miha_rozic/Software/imp-develop/build/module_bin/test:/opt/sge/bin:/opt/sge/bin/lx-amd64:/scratch/708615.1.member.q:/usr/local/bin:/bin:/usr/bin:/usr/local/sbin:/usr/sbin\', \'MPI_BIN\': \'/usr/lib64/openmpi/bin\', \'SGE_STDERR_PATH\': \'/wynton/group/sali/miha_rozic/Input_information/SNAPSHOTS/central_directory/snapshot2_1min/run46/test1.o708615\', \'_LMFILES_\': \'/etc/modulefiles/Sali.lua:/usr/share/modulefiles/mpi/openmpi-x86_64:/salilab/diva1/home/modules/boost/1.73.0:/salilab/diva1/home/modules/libtau/1.0.1:/salilab/diva1/home/modules/hdf5/1.10.7:/salilab/diva1/home/modules/opencv/4.3.0:/salilab/diva1/home/modules/imp/2.21.0:/salilab/diva1/home/modules/sali-libraries:/salilab/diva1/home/modules/python3/numpy/1.19.5:/salilab/diva1/home/modules/python3/scipy/1.3.2:/salilab/diva1/home/modules/python3/joblib/0.17.0:/salilab/diva1/home/modules/python3/scikit/0.21.3\', \'DEBUGINFOD_URLS\': \'https://debuginfod.centos.org/ \', \'MODULESHOME\': \'/usr/share/lmod/lmod\', \'PKG_CONFIG_PATH\': \'/usr/lib64/openmpi/lib/pkgconfig\', \'LMOD_SETTARG_FULL_SUPPORT\': \'no\', \'HISTSIZE\': \'1000\', \'SGE_ARCH\': \'lx-amd64\', \'LMOD_PKG\': \'/usr/share/lmod/lmod\', \'CMAKE_LIBRARY_PATH\': \'/salilab/diva1/programs/x86_64linux/opencv-4.3.0/lib64:/salilab/diva1/programs/x86_64linux/hdf5-1.10.7/lib:/salilab/diva1/programs/x86_64linux/libtau-py27-1.0.1/lib64:/salilab/diva1/programs/x86_64linux/boost-1.73.0/lib64\', \'ARC\': \'lx-amd64\', \'MPI_LIB\': \'/usr/lib64/openmpi/lib\', \'SGE_BINARY_PATH\': \'/opt/sge/bin/lx-amd64\', \'SGE_STDOUT_PATH\': \'/wynton/group/sali/miha_rozic/Input_information/SNAPSHOTS/central_directory/snapshot2_1min/run46/test1.o708615\', \'_ModuleTable005_\': \'bmN2LzQuMy4wIiwKd1YgPSAiMDAwMDAwMDA0LjAwMDAwMDAwMy4qemZpbmFsIiwKfSwKWyJweXRob24zL2pvYmxpYiJdID0gewpmbiA9ICIvc2FsaWxhYi9kaXZhMS9ob21lL21vZHVsZXMvcHl0aG9uMy9qb2JsaWIvMC4xNy4wIiwKZnVsbE5hbWUgPSAicHl0aG9uMy9qb2JsaWIvMC4xNy4wIiwKbG9hZE9yZGVyID0gMTEsCnByb3BUID0ge30sCnN0YWNrRGVwdGggPSAxLApzdGF0dXMgPSAiYWN0aXZlIiwKdXNlck5hbWUgPSAicHl0aG9uMy9qb2JsaWIiLAp3ViA9ICIwMDAwMDAwMDAuMDAwMDAwMDE3Lip6ZmluYWwiLAp9LApbInB5dGhvbjMvbnVtcHkiXSA9IHsKZm4gPSAiL3NhbGlsYWIvZGl2YTEvaG9tZS9tb2R1bGVzL3B5dGhvbjMvbnVtcHkvMS4xOS41IiwKZnVsbE5h\', \'LMOD_CMD\': \'/usr/share/lmod/lmod/libexec/lmod\', \'REQNAME\': \'test1\', \'IMP_BIN_DIR\': \'/wynton/group/sali/miha_rozic/Software/imp-develop/build/bin\', \'MPI_MAN\': \'/usr/share/man/openmpi-x86_64\', \'LESSOPEN\': \'||/usr/bin/lesspipe.sh %s\', \'OMP_NUM_THREADS\': \'1\', \'SGE_CLUSTER_NAME\': \'wynton_cluster\', \'LMOD_DIR\': \'/usr/share/lmod/lmod/libexec\', \'BASH_FUNC_which%%\': \'() {  ( alias;\\n eval ${which_declare} ) | /usr/bin/which --tty-only --read-alias --read-functions --show-tilde --show-dot $@\\n}\', \'BASH_FUNC_module%%\': \'() {  if [ -z "${LMOD_SH_DBG_ON+x}" ]; then\\n case "$-" in \\n *v*x*)\\n __lmod_sh_dbg=\\\'vx\\\'\\n ;;\\n *v*)\\n __lmod_sh_dbg=\\\'v\\\'\\n ;;\\n *x*)\\n __lmod_sh_dbg=\\\'x\\\'\\n ;;\\n esac;\\n fi;\\n if [ -n "${__lmod_sh_dbg:-}" ]; then\\n set +$__lmod_sh_dbg;\\n echo "Shell debugging temporarily silenced: export LMOD_SH_DBG_ON=1 for Lmod\\\'s output" 1>&2;\\n fi;\\n eval "$($LMOD_CMD shell "$@")" && eval "$(${LMOD_SETTARG_CMD:-:} -s sh)";\\n __lmod_my_status=$?;\\n if [ -n "${__lmod_sh_dbg:-}" ]; then\\n echo "Shell debugging restarted" 1>&2;\\n set -$__lmod_sh_dbg;\\n fi;\\n unset __lmod_sh_dbg;\\n return $__lmod_my_status\\n}\', \'BASH_FUNC_ml%%\': \'() {  eval "$($LMOD_DIR/ml_cmd "$@")"\\n}\', \'_\': \'/usr/lib64/openmpi/bin/mpirun\', \'IPATH_NO_BACKTRACE\': \'1\', \'HFI_NO_BACKTRACE\': \'1\', \'OMPI_MCA_orte_local_daemon_uri\': \'4134666240.0;tcp://172.26.38.183:56119\', \'OMPI_MCA_orte_hnp_uri\': \'4134666240.0;tcp://172.26.38.183:56119\', \'OMPI_MCA_mpi_oversubscribe\': \'0\', \'OMPI_MCA_orte_app_num\': \'0\', \'OMPI_UNIVERSE_SIZE\': \'16\', \'OMPI_MCA_orte_num_nodes\': \'1\', \'OMPI_MCA_shmem_RUNTIME_QUERY_hint\': \'mmap\', \'OMPI_MCA_orte_bound_at_launch\': \'1\', \'OMPI_MCA_ess\': \'^singleton\', \'OMPI_MCA_orte_ess_num_procs\': \'16\', \'OMPI_COMM_WORLD_SIZE\': \'16\', \'OMPI_COMM_WORLD_LOCAL_SIZE\': \'16\', \'OMPI_MCA_orte_tmpdir_base\': \'/scratch/708615.1.member.q\', \'OMPI_MCA_orte_top_session_dir\': \'/scratch/708615.1.member.q/ompi.qb3-id183.11149\', \'OMPI_MCA_orte_jobfam_session_dir\': \'/scratch/708615.1.member.q/ompi.qb3-id183.11149/pid.3258797\', \'OMPI_NUM_APP_CTX\': \'1\', \'OMPI_FIRST_RANKS\': \'0\', \'OMPI_APP_CTX_NUM_PROCS\': \'16\', \'OMPI_MCA_initial_wdir\': \'/wynton/group/sali/miha_rozic/Input_information/SNAPSHOTS/central_directory/snapshot2_1min/run46\', \'OMPI_MCA_orte_launch\': \'1\', \'PMIX_NAMESPACE\': \'4134666241\', \'PMIX_RANK\': \'13\', \'PMIX_SERVER_URI2\': \'4134666240.0;tcp4://127.0.0.1:44809\', \'PMIX_SERVER_URI21\': \'4134666240.0;tcp4://127.0.0.1:44809\', \'PMIX_SECURITY_MODE\': \'native,none\', \'PMIX_PTL_MODULE\': \'tcp,usock\', \'PMIX_BFROP_BUFFER_TYPE\': \'PMIX_BFROP_BUFFER_NON_DESC\', \'PMIX_GDS_MODULE\': \'ds21,ds12,hash\', \'PMIX_SERVER_TMPDIR\': \'/scratch/708615.1.member.q/ompi.qb3-id183.11149/pid.3258797\', \'PMIX_SYSTEM_TMPDIR\': \'/scratch/708615.1.member.q\', \'PMIX_DSTORE_21_BASE_PATH\': \'/scratch/708615.1.member.q/ompi.qb3-id183.11149/pid.3258797/pmix_dstor_ds21_3258797\', \'PMIX_DSTORE_ESH_BASE_PATH\': \'/scratch/708615.1.member.q/ompi.qb3-id183.11149/pid.3258797/pmix_dstor_ds12_3258797\', \'OMPI_MCA_ess_base_jobid\': \'4134666241\', \'OMPI_MCA_ess_base_vpid\': \'13\', \'OMPI_COMM_WORLD_RANK\': \'13\', \'OMPI_COMM_WORLD_LOCAL_RANK\': \'13\', \'OMPI_COMM_WORLD_NODE_RANK\': \'13\', \'OMPI_MCA_orte_ess_node_rank\': \'13\', \'PMIX_ID\': \'4134666241.13\', \'OMPI_FILE_LOCATION\': \'/scratch/708615.1.member.q/ompi.qb3-id183.11149/pid.3258797/0/0\', \'KMP_DUPLICATE_LIB_OK\': \'True\', \'KMP_INIT_AT_FORK\': \'FALSE\'})', 'STAT2HEADER_IMP_VERSIONS': "{'IMP_VERSION': '2.21.0', 'PMI_VERSION': '2.21.0'}", 0: 'ReplicaExchange_SwapSuccessRatio', 1: 'ReplicaExchange_MinTempFrequency', 2: 'ReplicaExchange_MaxTempFrequency', 3: 'ReplicaExchange_CurrentTemp', 4: 'score'} 
{0: '0', 1: '0', 2: '0', 3: '2.212490124287102', 4: inf} 
{0: '0.0', 1: '0.0', 2: '0.0', 3: '2.212490124287102', 4: inf} 
{0: '0.0', 1: '0.0', 2: '0.0', 3: '2.212490124287102', 4: inf} 
{0: '0.0', 1: '0.0', 2: '0.0', 3: '2.212490124287102', 4: inf} 
{0: '0.0', 1: '0.0', 2: '0.0', 3: '2.212490124287102', 4: inf} 
{0: '0.0', 1: '0.0', 2: '0.0', 3: '2.212490124287102', 4: inf} 
{0: '0.0', 1: '0.0', 2: '0.0', 3: '2.212490124287102', 4: inf} 
{0: '0.0', 1: '0.0', 2: '0.0', 3: '2.212490124287102', 4: inf} 
{0: '0.0', 1: '0.0', 2: '0.0', 3: '2.212490124287102', 4: 5684.55420917567} 
{0: '0.0', 1: '0.0', 2: '0.0', 3: '2.212490124287102', 4: 1347.0286950446045} 
{0: '0.1', 1: '0.0', 2: '0.0', 3: '2.351855716390306', 4: 806.0647243676091} 
{0: '0.18181818181818182', 1: '0.0', 2: '0.0', 3: '2.500000000000003', 4: 630.1035581794887} 
{0: '0.16666666666666666', 1: '0.0', 2: '0.0', 3: '2.500000000000003', 4: 594.6605324640728} 
{0: '0.23076923076923078', 1: '0.0', 2: '0.0', 3: '2.351855716390306', 4: 590.3075037358155} 
{0: '0.2857142857142857', 1: '0.0', 2: '0.0', 3: '2.212490124287102', 4: 590.9618339327305} 
{0: '0.3333333333333333', 1: '0.0', 2: '0.0', 3: '2.081383018504685', 4: 588.4902478610171} 
{0: '0.375', 1: '0.0', 2: '0.0', 3: '1.958045020027179', 4: 606.1729866062999} 
{0: '0.4117647058823529', 1: '0.0', 2: '0.0', 3: '1.842015749320195', 4: 591.0831735828566} 
{0: '0.4444444444444444', 1: '0.0', 2: '0.0', 3: '1.7328621078878674', 4: 589.5315768243605} 
{0: '0.47368421052631576', 1: '0.0', 2: '0.0', 3: '1.6301766616608926', 4: 590.9324863824245} 
{0: '0.5', 1: '0.0', 2: '0.0', 3: '1.5335761201812925', 4: 584.6744696946392} 
{0: '0.5238095238095238', 1: '0.0', 2: '0.0', 3: '1.4426999059072143', 4: 588.2595819208334} 
{0: '0.5454545454545454', 1: '0.0', 2: '0.0', 3: '1.3572088082974538', 4: 612.2368782944229} 
{0: '0.5217391304347826', 1: '0.0', 2: '0.0', 3: '1.3572088082974538', 4: 613.0555526843486} 
{0: '0.5416666666666666', 1: '0.0', 2: '0.0', 3: '1.4426999059072143', 4: 585.7477604842679} 
{0: '0.56', 1: '0.0', 2: '0.0', 3: '1.5335761201812925', 4: 590.3718527895503} 
{0: '0.5769230769230769', 1: '0.0', 2: '0.0', 3: '1.6301766616608926', 4: 590.9543824541261} 
{0: '0.5925925925925926', 1: '0.0', 2: '0.0', 3: '1.7328621078878674', 4: 592.2969684591291} 
{0: '0.6071428571428571', 1: '0.0', 2: '0.0', 3: '1.842015749320195', 4: 602.1435623640825} 
{0: '0.6206896551724138', 1: '0.0', 2: '0.0', 3: '1.958045020027179', 4: 587.6817255800712} 
{0: '0.6', 1: '0.0', 2: '0.0', 3: '1.958045020027179', 4: 615.2780128909842} 
{0: '0.5806451612903226', 1: '0.0', 2: '0.0', 3: '1.958045020027179', 4: 592.1987295766214} 
{0: '0.59375', 1: '0.0', 2: '0.0', 3: '2.081383018504685', 4: 597.956217785901} 
{0: '0.6060606060606061', 1: '0.0', 2: '0.0', 3: '2.212490124287102', 4: 590.0787171127783} 
{0: '0.5882352941176471', 1: '0.0', 2: '0.0', 3: '2.212490124287102', 4: 591.3568944343931} 
{0: '0.6', 1: '0.0', 2: '0.0', 3: '2.081383018504685', 4: 583.4741472503763} 
{0: '0.5833333333333334', 1: '0.0', 2: '0.0', 3: '2.081383018504685', 4: 590.2592491642331} 
{0: '0.5945945945945946', 1: '0.0', 2: '0.0', 3: '2.212490124287102', 4: 603.6322964507264} 
{0: '0.5789473684210527', 1: '0.0', 2: '0.0', 3: '2.212490124287102', 4: 589.0241547650597} 
{0: '0.5897435897435898', 1: '0.0', 2: '0.0', 3: '2.081383018504685', 4: 586.619794436118} 
{0: '0.6', 1: '0.0', 2: '0.0', 3: '1.958045020027179', 4: 592.7549392193803} 
{0: '0.6097560975609756', 1: '0.0', 2: '0.0', 3: '1.842015749320195', 4: 611.2484752966362} 
{0: '0.6190476190476191', 1: '0.0', 2: '0.0', 3: '1.7328621078878674', 4: 585.7386256463373} 
{0: '0.627906976744186', 1: '0.0', 2: '0.0', 3: '1.6301766616608926', 4: 586.0425592452225} 
{0: '0.6363636363636364', 1: '0.0', 2: '0.0', 3: '1.5335761201812925', 4: 592.6002588869083} 
{0: '0.6222222222222222', 1: '0.0', 2: '0.0', 3: '1.5335761201812925', 4: 589.6098088471247} 
{0: '0.6304347826086957', 1: '0.0', 2: '0.0', 3: '1.6301766616608926', 4: 582.9678542620737} 
{0: '0.6382978723404256', 1: '0.0', 2: '0.0', 3: '1.7328621078878674', 4: 604.1161411974142} 
{0: '0.6458333333333334', 1: '0.0', 2: '0.0', 3: '1.842015749320195', 4: 595.9073044639591} 
{0: '0.6530612244897959', 1: '0.0', 2: '0.0', 3: '1.958045020027179', 4: 588.4827022554535} 
{0: '0.66', 1: '0.0', 2: '0.0', 3: '2.081383018504685', 4: 593.4951626738731} 
{0: '0.6666666666666666', 1: '0.0', 2: '0.0', 3: '2.212490124287102', 4: 614.8334472522318} 
{0: '0.6730769230769231', 1: '0.0', 2: '0.0', 3: '2.351855716390306', 4: 592.5588073076757} 
{0: '0.6792452830188679', 1: '0.0', 2: '0.0', 3: '2.500000000000003', 4: 584.0454939528928} 
{0: '0.6666666666666666', 1: '0.0', 2: '0.0', 3: '2.500000000000003', 4: 588.1321192642281} 
{0: '0.6727272727272727', 1: '0.0', 2: '0.0', 3: '2.351855716390306', 4: 584.2640804227656} 
{0: '0.6785714285714286', 1: '0.0', 2: '0.0', 3: '2.212490124287102', 4: 599.7395154696493} 
{0: '0.6842105263157895', 1: '0.0', 2: '0.0', 3: '2.081383018504685', 4: 589.6059253362556} 
{0: '0.6724137931034483', 1: '0.0', 2: '0.0', 3: '2.081383018504685', 4: 601.2659285963903} 
{0: '0.6779661016949152', 1: '0.0', 2: '0.0', 3: '2.212490124287102', 4: 609.3569516790649} 
{0: '0.6833333333333333', 1: '0.0', 2: '0.0', 3: '2.351855716390306', 4: 586.4463076219126} 
{0: '0.6885245901639344', 1: '0.0', 2: '0.0', 3: '2.500000000000003', 4: 593.9517383630093} 
{0: '0.6774193548387096', 1: '0.0', 2: '0.0', 3: '2.500000000000003', 4: 599.6650385618436} 
{0: '0.6825396825396826', 1: '0.0', 2: '0.0', 3: '2.351855716390306', 4: 587.3223865691244} 
{0: '0.6875', 1: '0.0', 2: '0.0', 3: '2.212490124287102', 4: 604.8688165373537} 
{0: '0.676923076923077', 1: '0.0', 2: '0.0', 3: '2.212490124287102', 4: 591.6664046959432} 
{0: '0.6818181818181818', 1: '0.0', 2: '0.0', 3: '2.351855716390306', 4: 622.0559386727765} 
{0: '0.6865671641791045', 1: '0.0', 2: '0.0', 3: '2.500000000000003', 4: 592.342286318666} 
{0: '0.6764705882352942', 1: '0.0', 2: '0.0', 3: '2.500000000000003', 4: 609.5947366662876} 
{0: '0.6811594202898551', 1: '0.0', 2: '0.0', 3: '2.351855716390306', 4: 592.9641368304104} 
{0: '0.6857142857142857', 1: '0.0', 2: '0.0', 3: '2.212490124287102', 4: 592.8642004052772} 
{0: '0.6901408450704225', 1: '0.0', 2: '0.0', 3: '2.081383018504685', 4: 593.2925439630918} 
{0: '0.6944444444444444', 1: '0.0', 2: '0.0', 3: '1.958045020027179', 4: 579.9628935038442} 
{0: '0.6986301369863014', 1: '0.0', 2: '0.0', 3: '1.842015749320195', 4: 595.8796267969943} 
{0: '0.7027027027027027', 1: '0.0', 2: '0.0', 3: '1.7328621078878674', 4: 595.495367610422} 
{0: '0.6933333333333334', 1: '0.0', 2: '0.0', 3: '1.7328621078878674', 4: 587.7171839867174} 
{0: '0.6973684210526315', 1: '0.0', 2: '0.0', 3: '1.842015749320195', 4: 584.6852389419885} 
{0: '0.7012987012987013', 1: '0.0', 2: '0.0', 3: '1.958045020027179', 4: 592.0624874831047} 
{0: '0.7051282051282052', 1: '0.0', 2: '0.0', 3: '2.081383018504685', 4: 590.6381023928678} 
{0: '0.7088607594936709', 1: '0.0', 2: '0.0', 3: '2.212490124287102', 4: 590.9580074144484} 
{0: '0.7', 1: '0.0', 2: '0.0', 3: '2.212490124287102', 4: 606.3507069970286} 
{0: '0.691358024691358', 1: '0.0', 2: '0.0', 3: '2.212490124287102', 4: 590.0464105737957} 
{0: '0.6951219512195121', 1: '0.0', 2: '0.0', 3: '2.351855716390306', 4: 590.2822639655861} 
{0: '0.6867469879518072', 1: '0.0', 2: '0.0', 3: '2.351855716390306', 4: 600.2603028084333} 
{0: '0.6785714285714286', 1: '0.0', 2: '0.0', 3: '2.351855716390306', 4: 585.9687126664716} 
{0: '0.6705882352941176', 1: '0.0', 2: '0.0', 3: '2.351855716390306', 4: 587.7610478132484} 
{0: '0.6744186046511628', 1: '0.0', 2: '0.0', 3: '2.212490124287102', 4: 590.5067413275235} 
{0: '0.6781609195402298', 1: '0.0', 2: '0.0', 3: '2.081383018504685', 4: 582.1902972782595} 
{0: '0.6818181818181818', 1: '0.0', 2: '0.0', 3: '1.958045020027179', 4: 581.5300971527749} 
{0: '0.6741573033707865', 1: '0.0', 2: '0.0', 3: '1.958045020027179', 4: 588.1834081370339} 
{0: '0.6777777777777778', 1: '0.0', 2: '0.0', 3: '2.081383018504685', 4: 616.0548834617223} 
{0: '0.6813186813186813', 1: '0.0', 2: '0.0', 3: '2.212490124287102', 4: 597.9120488303466} 
{0: '0.6847826086956522', 1: '0.0', 2: '0.0', 3: '2.351855716390306', 4: 598.8267609955267} 
{0: '0.6881720430107527', 1: '0.0', 2: '0.0', 3: '2.500000000000003', 4: 586.9588850278424} 
{0: '0.6808510638297872', 1: '0.0', 2: '0.0', 3: '2.500000000000003', 4: 621.5591470064278} 
{0: '0.6842105263157895', 1: '0.0', 2: '0.0', 3: '2.351855716390306', 4: 586.9928469275981} 
{0: '0.6875', 1: '0.0', 2: '0.0', 3: '2.212490124287102', 4: 592.1759956937276} 
{0: '0.6907216494845361', 1: '0.0', 2: '0.0', 3: '2.081383018504685', 4: 598.0833561436242} 
{0: '0.6836734693877551', 1: '0.0', 2: '0.0', 3: '2.081383018504685', 4: 585.8776659556065} 
{0: '0.6868686868686869', 1: '0.0', 2: '0.0', 3: '2.212490124287102', 4: 591.1663713493407} 
{0: '0.69', 1: '0.0', 2: '0.0', 3: '2.351855716390306', 4: 598.6611208367547} 
{0: '0.6831683168316832', 1: '0.0', 2: '0.0', 3: '2.351855716390306', 4: 584.5543089497968} 
{0: '0.6862745098039216', 1: '0.0', 2: '0.0', 3: '2.212490124287102', 4: 587.517877512019} 
{0: '0.6893203883495146', 1: '0.0', 2: '0.0', 3: '2.081383018504685', 4: 594.3250302109078} 
{0: '0.6923076923076923', 1: '0.0', 2: '0.0', 3: '1.958045020027179', 4: 595.9545074849896} 
{0: '0.6857142857142857', 1: '0.0', 2: '0.0', 3: '1.958045020027179', 4: 586.862096068312} 
{0: '0.6886792452830188', 1: '0.0', 2: '0.0', 3: '2.081383018504685', 4: 583.9169345649102} 
{0: '0.6822429906542056', 1: '0.0', 2: '0.0', 3: '2.081383018504685', 4: 594.6042786782707} 
{0: '0.6851851851851852', 1: '0.0', 2: '0.0', 3: '1.958045020027179', 4: 584.4519501426336} 
{0: '0.6788990825688074', 1: '0.0', 2: '0.0', 3: '1.958045020027179', 4: 582.1944393830197} 
{0: '0.6818181818181818', 1: '0.0', 2: '0.0', 3: '2.081383018504685', 4: 590.1531713875785} 
{0: '0.6846846846846847', 1: '0.0', 2: '0.0', 3: '2.212490124287102', 4: 620.1808464447366} 
{0: '0.6875', 1: '0.0', 2: '0.0', 3: '2.351855716390306', 4: 592.6020759173189} 
{0: '0.6814159292035398', 1: '0.0', 2: '0.0', 3: '2.351855716390306', 4: 586.699343169872} 
{0: '0.6842105263157895', 1: '0.0', 2: '0.0', 3: '2.212490124287102', 4: 595.3752367471756} 
{0: '0.6869565217391305', 1: '0.0', 2: '0.0', 3: '2.081383018504685', 4: 583.9336811158676} 
{0: '0.6896551724137931', 1: '0.0', 2: '0.0', 3: '1.958045020027179', 4: 617.5883347923773} 
{0: '0.6837606837606838', 1: '0.0', 2: '0.0', 3: '1.958045020027179', 4: 587.8293545659873} 
{0: '0.6864406779661016', 1: '0.0', 2: '0.0', 3: '2.081383018504685', 4: 594.9722054458064} 
{0: '0.6890756302521008', 1: '0.0', 2: '0.0', 3: '2.212490124287102', 4: 586.4386155909485} 
{0: '0.6916666666666667', 1: '0.0', 2: '0.0', 3: '2.351855716390306', 4: 590.7885351315622} 
{0: '0.6942148760330579', 1: '0.0', 2: '0.0', 3: '2.500000000000003', 4: 595.0480825730156} 
{0: '0.6885245901639344', 1: '0.0', 2: '0.0', 3: '2.500000000000003', 4: 616.7091526105713} 
{0: '0.6910569105691057', 1: '0.0', 2: '0.0', 3: '2.351855716390306', 4: 597.8144692304426} 
{0: '0.6935483870967742', 1: '0.0', 2: '0.0', 3: '2.212490124287102', 4: 591.9408991038792} 
{0: '0.696', 1: '0.0', 2: '0.0', 3: '2.081383018504685', 4: 585.8199682219597} 
{0: '0.6984126984126984', 1: '0.0', 2: '0.0', 3: '1.958045020027179', 4: 590.2402388643043} 
{0: '0.7007874015748031', 1: '0.0', 2: '0.0', 3: '1.842015749320195', 4: 588.0097039744713} 
{0: '0.703125', 1: '0.0', 2: '0.0', 3: '1.7328621078878674', 4: 584.5575995727347} 
{0: '0.6976744186046512', 1: '0.0', 2: '0.0', 3: '1.7328621078878674', 4: 589.1695577234004} 
{0: '0.7', 1: '0.0', 2: '0.0', 3: '1.842015749320195', 4: 599.2200637763245} 
{0: '0.7022900763358778', 1: '0.0', 2: '0.0', 3: '1.958045020027179', 4: 593.9084209974638} 
{0: '0.7045454545454546', 1: '0.0', 2: '0.0', 3: '2.081383018504685', 4: 592.2831114938716} 
{0: '0.706766917293233', 1: '0.0', 2: '0.0', 3: '2.212490124287102', 4: 586.6981808614236} 
{0: '0.7089552238805971', 1: '0.0', 2: '0.0', 3: '2.351855716390306', 4: 593.6508386364948} 
{0: '0.7037037037037037', 1: '0.0', 2: '0.0', 3: '2.351855716390306', 4: 619.2524849411276} 
{0: '0.6985294117647058', 1: '0.0', 2: '0.0', 3: '2.351855716390306', 4: 601.088792550479} 
{0: '0.6934306569343066', 1: '0.0', 2: '0.0', 3: '2.351855716390306', 4: 593.8296215909168} 
{0: '0.6884057971014492', 1: '0.0', 2: '0.0', 3: '2.351855716390306', 4: 584.4748698444888} 
{0: '0.6834532374100719', 1: '0.0', 2: '0.0', 3: '2.351855716390306', 4: 581.7552744456382} 
{0: '0.6857142857142857', 1: '0.0', 2: '0.0', 3: '2.212490124287102', 4: 592.8486266318026} 
{0: '0.6808510638297872', 1: '0.0', 2: '0.0', 3: '2.212490124287102', 4: 592.6748437401211} 
{0: '0.6830985915492958', 1: '0.0', 2: '0.0', 3: '2.351855716390306', 4: 607.8551881025561} 
{0: '0.6853146853146853', 1: '0.0', 2: '0.0', 3: '2.500000000000003', 4: 586.2638582493745} 
{0: '0.6805555555555556', 1: '0.0', 2: '0.0', 3: '2.500000000000003', 4: 633.4481716224524} 
{0: '0.6827586206896552', 1: '0.0', 2: '0.0', 3: '2.351855716390306', 4: 598.1011109147009} 
{0: '0.684931506849315', 1: '0.0', 2: '0.0', 3: '2.212490124287102', 4: 592.636172958588} 
{0: '0.6870748299319728', 1: '0.0', 2: '0.0', 3: '2.081383018504685', 4: 585.7974057133487} 
{0: '0.6824324324324325', 1: '0.0', 2: '0.0', 3: '2.081383018504685', 4: 589.428931962829} 
{0: '0.6845637583892618', 1: '0.0', 2: '0.0', 3: '2.212490124287102', 4: 588.477737674677} 
{0: '0.6866666666666666', 1: '0.0', 2: '0.0', 3: '2.351855716390306', 4: 585.5005039504621} 
{0: '0.6887417218543046', 1: '0.0', 2: '0.0', 3: '2.500000000000003', 4: 588.9057522948599} 
{0: '0.6842105263157895', 1: '0.0', 2: '0.0', 3: '2.500000000000003', 4: 601.3978147473252} 
{0: '0.6797385620915033', 1: '0.0', 2: '0.0', 3: '2.500000000000003', 4: 598.484775466964} 
{0: '0.6753246753246753', 1: '0.0', 2: '0.0', 3: '2.500000000000003', 4: 624.9699793254746} 
{0: '0.6709677419354839', 1: '0.0', 2: '0.0', 3: '2.500000000000003', 4: 585.901929922284} 
{0: '0.6666666666666666', 1: '0.0', 2: '0.0', 3: '2.500000000000003', 4: 613.9588787706087} 
{0: '0.6624203821656051', 1: '0.0', 2: '0.0', 3: '2.500000000000003', 4: 596.9971816059566} 
{0: '0.6582278481012658', 1: '0.0', 2: '0.0', 3: '2.500000000000003', 4: 587.6037415885534} 
{0: '0.6540880503144654', 1: '0.0', 2: '0.0', 3: '2.500000000000003', 4: 593.2376822875414} 
{0: '0.65', 1: '0.0', 2: '0.0', 3: '2.500000000000003', 4: 597.7759913898842} 
{0: '0.6459627329192547', 1: '0.0', 2: '0.0', 3: '2.500000000000003', 4: 593.8732888627194} 
{0: '0.6419753086419753', 1: '0.0', 2: '0.0', 3: '2.500000000000003', 4: 609.6966328145155} 
{0: '0.6441717791411042', 1: '0.0', 2: '0.0', 3: '2.351855716390306', 4: 592.6801457934068} 
{0: '0.6463414634146342', 1: '0.0', 2: '0.0', 3: '2.212490124287102', 4: 592.0844742511189} 
{0: '0.6424242424242425', 1: '0.0', 2: '0.0', 3: '2.212490124287102', 4: 589.7822299378308} 
{0: '0.6445783132530121', 1: '0.0', 2: '0.0', 3: '2.351855716390306', 4: 593.2683657663454} 
{0: '0.6467065868263473', 1: '0.0', 2: '0.0', 3: '2.500000000000003', 4: 628.5265306136372} 
{0: '0.6428571428571429', 1: '0.0', 2: '0.0', 3: '2.500000000000003', 4: 594.1549533134698} 
{0: '0.6390532544378699', 1: '0.0', 2: '0.0', 3: '2.500000000000003', 4: 597.1997665239852} 
{0: '0.6352941176470588', 1: '0.0', 2: '0.0', 3: '2.500000000000003', 4: 604.5462878043056} 
{0: '0.6374269005847953', 1: '0.0', 2: '0.0', 3: '2.351855716390306', 4: 596.6150375520253} 
{0: '0.6395348837209303', 1: '0.0', 2: '0.0', 3: '2.212490124287102', 4: 593.8835463496771} 
{0: '0.6358381502890174', 1: '0.0', 2: '0.0', 3: '2.212490124287102', 4: 591.7255086371006} 
{0: '0.6379310344827587', 1: '0.0', 2: '0.0', 3: '2.351855716390306', 4: 622.9240949907336} 
{0: '0.64', 1: '0.0', 2: '0.0', 3: '2.500000000000003', 4: 592.4906029278167} 
{0: '0.6363636363636364', 1: '0.0', 2: '0.0', 3: '2.500000000000003', 4: 598.6465996798007} 
{0: '0.6384180790960452', 1: '0.0', 2: '0.0', 3: '2.351855716390306', 4: 587.77967232919} 
{0: '0.6404494382022472', 1: '0.0', 2: '0.0', 3: '2.212490124287102', 4: 610.0528961375966} 
{0: '0.6368715083798883', 1: '0.0', 2: '0.0', 3: '2.212490124287102', 4: 595.6295313454392} 
{0: '0.6388888888888888', 1: '0.0', 2: '0.0', 3: '2.351855716390306', 4: 584.3555577693716} 
{0: '0.6408839779005525', 1: '0.0', 2: '0.0', 3: '2.500000000000003', 4: 617.948907488203} 
{0: '0.6373626373626373', 1: '0.0', 2: '0.0', 3: '2.500000000000003', 4: 589.4544409338185} 
{0: '0.6338797814207651', 1: '0.0', 2: '0.0', 3: '2.500000000000003', 4: 611.7934780995807} 
{0: '0.6304347826086957', 1: '0.0', 2: '0.0', 3: '2.500000000000003', 4: 597.7964910440537} 
{0: '0.6270270270270271', 1: '0.0', 2: '0.0', 3: '2.500000000000003', 4: 588.5870764172037} 
{0: '0.6236559139784946', 1: '0.0', 2: '0.0', 3: '2.500000000000003', 4: 612.1948369221412} 
{0: '0.6203208556149733', 1: '0.0', 2: '0.0', 3: '2.500000000000003', 4: 607.0649451698953} 
{0: '0.6170212765957447', 1: '0.0', 2: '0.0', 3: '2.500000000000003', 4: 606.2567656333899} 
{0: '0.6190476190476191', 1: '0.0', 2: '0.0', 3: '2.351855716390306', 4: 618.6554228698102} 
{0: '0.6157894736842106', 1: '0.0', 2: '0.0', 3: '2.351855716390306', 4: 618.7727392959114} 
{0: '0.6178010471204188', 1: '0.0', 2: '0.0', 3: '2.500000000000003', 4: 615.0402451027808} 
{0: '0.6145833333333334', 1: '0.0', 2: '0.0', 3: '2.500000000000003', 4: 585.9584698542352} 
{0: '0.6113989637305699', 1: '0.0', 2: '0.0', 3: '2.500000000000003', 4: 628.4414499701913} 
{0: '0.6082474226804123', 1: '0.0', 2: '0.0', 3: '2.500000000000003', 4: 589.7938328460125} 
{0: '0.6102564102564103', 1: '0.0', 2: '0.0', 3: '2.351855716390306', 4: 592.1541950845008} 
{0: '0.6122448979591837', 1: '0.0', 2: '0.0', 3: '2.212490124287102', 4: 611.5787092481684} 
{0: '0.6091370558375635', 1: '0.0', 2: '0.0', 3: '2.212490124287102', 4: 615.02320894089} 
{0: '0.6111111111111112', 1: '0.0', 2: '0.0', 3: '2.351855716390306', 4: 601.9327775524032} 
{0: '0.6130653266331658', 1: '0.0', 2: '0.0', 3: '2.500000000000003', 4: 595.1194007276002} 
{0: '0.61', 1: '0.0', 2: '0.0', 3: '2.500000000000003', 4: 589.9902024779881} 
{0: '0.6119402985074627', 1: '0.0', 2: '0.0', 3: '2.351855716390306', 4: 606.716680341141} 
{0: '0.6138613861386139', 1: '0.0', 2: '0.0', 3: '2.212490124287102', 4: 592.8021474957384} 
{0: '0.6157635467980296', 1: '0.0', 2: '0.0', 3: '2.081383018504685', 4: 589.6873156117845} 
{0: '0.6176470588235294', 1: '0.0', 2: '0.0', 3: '1.958045020027179', 4: 593.5618257136193} 
{0: '0.6195121951219512', 1: '0.0', 2: '0.0', 3: '1.842015749320195', 4: 593.4033890244547} 
{0: '0.616504854368932', 1: '0.0', 2: '0.0', 3: '1.842015749320195', 4: 591.618031291566} 
{0: '0.6183574879227053', 1: '0.0', 2: '0.0', 3: '1.958045020027179', 4: 593.8567348775798} 
{0: '0.6201923076923077', 1: '0.0', 2: '0.0', 3: '2.081383018504685', 4: 595.6776754726359} 
{0: '0.6220095693779905', 1: '0.0', 2: '0.0', 3: '2.212490124287102', 4: 614.5468491167043} 
{0: '0.6238095238095238', 1: '0.0', 2: '0.0', 3: '2.351855716390306', 4: 601.5311051342729} 
{0: '0.6255924170616114', 1: '0.0', 2: '0.0', 3: '2.500000000000003', 4: 589.4523313772623} 
{0: '0.6226415094339622', 1: '0.0', 2: '0.0', 3: '2.500000000000003', 4: 590.263284975126} 
{0: '0.6244131455399061', 1: '0.0', 2: '0.0', 3: '2.351855716390306', 4: 582.4051937928996} 
{0: '0.6261682242990654', 1: '0.0', 2: '0.0', 3: '2.212490124287102', 4: 579.7236279253182} 
{0: '0.6232558139534884', 1: '0.0', 2: '0.0', 3: '2.212490124287102', 4: 573.9031032241996} 
{0: '0.625', 1: '0.0', 2: '0.0', 3: '2.351855716390306', 4: 572.639900991069} 
{0: '0.6267281105990783', 1: '0.0', 2: '0.0', 3: '2.500000000000003', 4: 578.9852720301178} 
{0: '0.6238532110091743', 1: '0.0', 2: '0.0', 3: '2.500000000000003', 4: 537.0957700767491} 
{0: '0.6255707762557078', 1: '0.0', 2: '0.0', 3: '2.351855716390306', 4: 523.8217481345476} 
{0: '0.6272727272727273', 1: '0.0', 2: '0.0', 3: '2.212490124287102', 4: 528.9192984224499} 
{0: '0.6289592760180995', 1: '0.0', 2: '0.0', 3: '2.081383018504685', 4: 519.1863030802766} 
{0: '0.6306306306306306', 1: '0.0', 2: '0.0', 3: '1.958045020027179', 4: 517.1926314543138} 
{0: '0.6322869955156951', 1: '0.0', 2: '0.0', 3: '1.842015749320195', 4: 521.0590428894834} 
{0: '0.6339285714285714', 1: '0.0', 2: '0.0', 3: '1.7328621078878674', 4: 520.7500061520393} 
{0: '0.6355555555555555', 1: '0.0', 2: '0.0', 3: '1.6301766616608926', 4: 517.9767122191556} 
{0: '0.6371681415929203', 1: '0.0', 2: '0.0', 3: '1.5335761201812925', 4: 518.3583837108591} 
{0: '0.6387665198237885', 1: '0.0', 2: '0.0', 3: '1.4426999059072143', 4: 522.3728513430029} 
{0: '0.6403508771929824', 1: '0.0', 2: '0.0', 3: '1.3572088082974538', 4: 513.2803134751786} 
{0: '0.6419213973799127', 1: '0.0', 2: '0.0', 3: '1.2767837176518553', 4: 513.7244859581601} 
{0: '0.6434782608695652', 1: '0.0', 2: '0.0', 3: '1.2011244339814315', 4: 512.842856341633} 
{0: '0.645021645021645', 1: '0.0', 2: '0.0', 3: '1.1299485464621188', 4: 517.5400372245243} 
{0: '0.6422413793103449', 1: '0.0', 2: '0.0', 3: '1.1299485464621188', 4: 510.28487752875594} 
{0: '0.6437768240343348', 1: '0.0', 2: '0.0', 3: '1.2011244339814315', 4: 515.8496534184352} 
{0: '0.6410256410256411', 1: '0.0', 2: '0.0', 3: '1.2011244339814315', 4: 513.9369214951836} 
{0: '0.6425531914893617', 1: '0.0', 2: '0.0', 3: '1.1299485464621188', 4: 512.1243577018927} 
{0: '0.6440677966101694', 1: '0.0', 2: '0.0', 3: '1.0629903792895394', 4: 512.2145670465438} 
{0: '0.6455696202531646', 1: '0.0', 2: '0.0', 3: '1.0', 4: 512.3375993029074} 
{0: '0.6428571428571429', 1: '0.004201680672268907', 2: '0.0', 3: '1.0', 4: 515.0581805348015} 
{0: '0.6401673640167364', 1: '0.008368200836820083', 2: '0.0', 3: '1.0', 4: 517.8322791971846} 
{0: '0.6375', 1: '0.0125', 2: '0.0', 3: '1.0', 4: 512.2610126404512} 
{0: '0.6390041493775933', 1: '0.016597510373443983', 2: '0.0', 3: '1.0629903792895394', 4: 515.2197737264437} 
{0: '0.640495867768595', 1: '0.01652892561983471', 2: '0.0', 3: '1.1299485464621188', 4: 522.7455848651559} 
{0: '0.6419753086419753', 1: '0.01646090534979424', 2: '0.0', 3: '1.2011244339814315', 4: 528.7348455115314} 
{0: '0.6434426229508197', 1: '0.01639344262295082', 2: '0.0', 3: '1.2767837176518553', 4: 518.2231636936726} 
{0: '0.6408163265306123', 1: '0.0163265306122449', 2: '0.0', 3: '1.2767837176518553', 4: 517.0780621971813} 
{0: '0.6422764227642277', 1: '0.016260162601626018', 2: '0.0', 3: '1.2011244339814315', 4: 513.0378519869143} 
{0: '0.6437246963562753', 1: '0.016194331983805668', 2: '0.0', 3: '1.1299485464621188', 4: 515.1021200785959} 
{0: '0.6451612903225806', 1: '0.016129032258064516', 2: '0.0', 3: '1.0629903792895394', 4: 513.1649612547873} 
{0: '0.6465863453815262', 1: '0.01606425702811245', 2: '0.0', 3: '1.0', 4: 511.47995901136363} 
{0: '0.644', 1: '0.02', 2: '0.0', 3: '1.0', 4: 520.0053617328228} 
{0: '0.6454183266932271', 1: '0.02390438247011952', 2: '0.0', 3: '1.0629903792895394', 4: 518.5720573679755} 
{0: '0.6468253968253969', 1: '0.023809523809523808', 2: '0.0', 3: '1.1299485464621188', 4: 513.8605689137408} 
{0: '0.6482213438735178', 1: '0.023715415019762844', 2: '0.0', 3: '1.2011244339814315', 4: 513.8924517870566} 
{0: '0.6456692913385826', 1: '0.023622047244094488', 2: '0.0', 3: '1.2011244339814315', 4: 512.8724716237498} 
{0: '0.6470588235294118', 1: '0.023529411764705882', 2: '0.0', 3: '1.1299485464621188', 4: 515.9692119789338} 
{0: '0.6484375', 1: '0.0234375', 2: '0.0', 3: '1.0629903792895394', 4: 512.7132849478497} 
{0: '0.6498054474708171', 1: '0.023346303501945526', 2: '0.0', 3: '1.0', 4: 512.8591224414064} 
{0: '0.6472868217054264', 1: '0.027131782945736434', 2: '0.0', 3: '1.0', 4: 512.5907141508505} 
{0: '0.6486486486486487', 1: '0.03088803088803089', 2: '0.0', 3: '1.0629903792895394', 4: 514.9755079924175} 
{0: '0.6461538461538462', 1: '0.03076923076923077', 2: '0.0', 3: '1.0629903792895394', 4: 513.904500354983} 
{0: '0.6475095785440613', 1: '0.03065134099616858', 2: '0.0', 3: '1.0', 4: 511.50149573437983} 
{0: '0.6450381679389313', 1: '0.03435114503816794', 2: '0.0', 3: '1.0', 4: 513.0556806229065} 
{0: '0.6463878326996197', 1: '0.03802281368821293', 2: '0.0', 3: '1.0629903792895394', 4: 520.6465520312872} 
{0: '0.6477272727272727', 1: '0.03787878787878788', 2: '0.0', 3: '1.1299485464621188', 4: 517.3066105840333} 
{0: '0.6452830188679245', 1: '0.03773584905660377', 2: '0.0', 3: '1.1299485464621188', 4: 513.5497652766745} 
{0: '0.6466165413533834', 1: '0.03759398496240601', 2: '0.0', 3: '1.0629903792895394', 4: 513.6089715532615} 
{0: '0.6479400749063671', 1: '0.03745318352059925', 2: '0.0', 3: '1.0', 4: 511.06832528029054} 
{0: '0.6455223880597015', 1: '0.041044776119402986', 2: '0.0', 3: '1.0', 4: 512.8206189734926} 
{0: '0.6468401486988847', 1: '0.04460966542750929', 2: '0.0', 3: '1.0629903792895394', 4: 512.4749345647956} 
{0: '0.6481481481481481', 1: '0.044444444444444446', 2: '0.0', 3: '1.1299485464621188', 4: 519.6549131804317} 
{0: '0.6457564575645757', 1: '0.04428044280442804', 2: '0.0', 3: '1.1299485464621188', 4: 513.9513471288537} 
{0: '0.6470588235294118', 1: '0.04411764705882353', 2: '0.0', 3: '1.0629903792895394', 4: 516.5804264189624} 
{0: '0.6483516483516484', 1: '0.04395604395604396', 2: '0.0', 3: '1.0', 4: 511.2012159760451} 
{0: '0.6459854014598541', 1: '0.04744525547445255', 2: '0.0', 3: '1.0', 4: 515.5021590595449} 
{0: '0.6436363636363637', 1: '0.05090909090909091', 2: '0.0', 3: '1.0', 4: 514.0518391093296} 
{0: '0.6413043478260869', 1: '0.05434782608695652', 2: '0.0', 3: '1.0', 4: 510.7132839704983} 
{0: '0.6425992779783394', 1: '0.05776173285198556', 2: '0.0', 3: '1.0629903792895394', 4: 512.053239266515} 
{0: '0.6402877697841727', 1: '0.05755395683453238', 2: '0.0', 3: '1.0629903792895394', 4: 511.44479173115747} 
{0: '0.6415770609318996', 1: '0.05734767025089606', 2: '0.0', 3: '1.0', 4: 514.6006628307175} 
{0: '0.6392857142857142', 1: '0.060714285714285714', 2: '0.0', 3: '1.0', 4: 512.0917392700011} 
{0: '0.6370106761565836', 1: '0.06405693950177936', 2: '0.0', 3: '1.0', 4: 518.0148001122132} 
{0: '0.6347517730496454', 1: '0.0673758865248227', 2: '0.0', 3: '1.0', 4: 510.30063046532393} 
{0: '0.6360424028268551', 1: '0.0706713780918728', 2: '0.0', 3: '1.0629903792895394', 4: 514.1169621347126} 
{0: '0.6338028169014085', 1: '0.07042253521126761', 2: '0.0', 3: '1.0629903792895394', 4: 513.1804101497637} 
{0: '0.6350877192982456', 1: '0.07017543859649122', 2: '0.0', 3: '1.0', 4: 511.2746701782721} 
{0: '0.6328671328671329', 1: '0.07342657342657342', 2: '0.0', 3: '1.0', 4: 516.6549848508604} 
{0: '0.6341463414634146', 1: '0.07665505226480836', 2: '0.0', 3: '1.0629903792895394', 4: 516.3749006454964} 
{0: '0.6319444444444444', 1: '0.0763888888888889', 2: '0.0', 3: '1.0629903792895394', 4: 514.5019284929488} 
{0: '0.6332179930795848', 1: '0.07612456747404844', 2: '0.0', 3: '1.0', 4: 516.1104053647601} 
{0: '0.6310344827586207', 1: '0.07931034482758621', 2: '0.0', 3: '1.0', 4: 513.9117054198518} 
{0: '0.6323024054982818', 1: '0.08247422680412371', 2: '0.0', 3: '1.0629903792895394', 4: 515.6889879756253} 
{0: '0.6301369863013698', 1: '0.0821917808219178', 2: '0.0', 3: '1.0629903792895394', 4: 511.13071876268185} 
{0: '0.6313993174061433', 1: '0.08191126279863481', 2: '0.0', 3: '1.0', 4: 510.93481035432364} 
{0: '0.6292517006802721', 1: '0.08503401360544217', 2: '0.0', 3: '1.0', 4: 512.6279903770479} 
{0: '0.6305084745762712', 1: '0.08813559322033898', 2: '0.0', 3: '1.0629903792895394', 4: 513.1073012572612} 
{0: '0.6317567567567568', 1: '0.08783783783783784', 2: '0.0', 3: '1.1299485464621188', 4: 514.8566046058619} 
{0: '0.632996632996633', 1: '0.08754208754208755', 2: '0.0', 3: '1.2011244339814315', 4: 511.8706428468928} 
{0: '0.6308724832214765', 1: '0.087248322147651', 2: '0.0', 3: '1.2011244339814315', 4: 521.2451117684444} 
{0: '0.6321070234113713', 1: '0.08695652173913043', 2: '0.0', 3: '1.1299485464621188', 4: 515.354176796879} 
{0: '0.6333333333333333', 1: '0.08666666666666667', 2: '0.0', 3: '1.0629903792895394', 4: 515.7341624070656} 
{0: '0.6345514950166113', 1: '0.08637873754152824', 2: '0.0', 3: '1.0', 4: 510.92072067915865} 
{0: '0.6324503311258278', 1: '0.08940397350993377', 2: '0.0', 3: '1.0', 4: 511.842877340741} 
{0: '0.6336633663366337', 1: '0.0924092409240924', 2: '0.0', 3: '1.0629903792895394', 4: 512.725653123808} 
{0: '0.631578947368421', 1: '0.09210526315789473', 2: '0.0', 3: '1.0629903792895394', 4: 514.5031264604493} 
{0: '0.6327868852459017', 1: '0.09180327868852459', 2: '0.0', 3: '1.0', 4: 513.1691076883258} 
{0: '0.630718954248366', 1: '0.09477124183006536', 2: '0.0', 3: '1.0', 4: 514.7719713880036} 
{0: '0.6286644951140065', 1: '0.09771986970684039', 2: '0.0', 3: '1.0', 4: 515.7680576396558} 
{0: '0.6266233766233766', 1: '0.10064935064935066', 2: '0.0', 3: '1.0', 4: 511.92952151832884} 
{0: '0.627831715210356', 1: '0.10355987055016182', 2: '0.0', 3: '1.0629903792895394', 4: 513.4515714590481} 
{0: '0.6258064516129033', 1: '0.1032258064516129', 2: '0.0', 3: '1.0629903792895394', 4: 521.0428520661761} 
{0: '0.6270096463022508', 1: '0.10289389067524116', 2: '0.0', 3: '1.0', 4: 515.9845851317973} 
{0: '0.625', 1: '0.10576923076923077', 2: '0.0', 3: '1.0', 4: 512.7886432449781} 
{0: '0.6261980830670927', 1: '0.10862619808306709', 2: '0.0', 3: '1.0629903792895394', 4: 515.7876716402116} 
{0: '0.6273885350318471', 1: '0.10828025477707007', 2: '0.0', 3: '1.1299485464621188', 4: 514.7404830296198} 
{0: '0.6285714285714286', 1: '0.10793650793650794', 2: '0.0', 3: '1.2011244339814315', 4: 512.8278001561672} 
{0: '0.6265822784810127', 1: '0.10759493670886076', 2: '0.0', 3: '1.2011244339814315', 4: 511.4804507117724} 
{0: '0.6277602523659306', 1: '0.10725552050473186', 2: '0.0', 3: '1.1299485464621188', 4: 512.7304209716905} 
{0: '0.6289308176100629', 1: '0.1069182389937107', 2: '0.0', 3: '1.0629903792895394', 4: 511.8287431428268} 
{0: '0.6300940438871473', 1: '0.10658307210031348', 2: '0.0', 3: '1.0', 4: 515.6163895812663} 
{0: '0.628125', 1: '0.109375', 2: '0.0', 3: '1.0', 4: 517.6761404798381} 
{0: '0.6292834890965732', 1: '0.11214953271028037', 2: '0.0', 3: '1.0629903792895394', 4: 512.8191607600044} 
{0: '0.6304347826086957', 1: '0.11180124223602485', 2: '0.0', 3: '1.1299485464621188', 4: 520.7118127333782} 
{0: '0.628482972136223', 1: '0.11145510835913312', 2: '0.0', 3: '1.1299485464621188', 4: 519.10621850295} 
{0: '0.6265432098765432', 1: '0.1111111111111111', 2: '0.0', 3: '1.1299485464621188', 4: 517.6404801294799} 
{0: '0.6276923076923077', 1: '0.11076923076923077', 2: '0.0', 3: '1.2011244339814315', 4: 511.22061984492814} 
{0: '0.6288343558282209', 1: '0.11042944785276074', 2: '0.0', 3: '1.2767837176518553', 4: 516.6228663759813} 
{0: '0.6269113149847095', 1: '0.11009174311926606', 2: '0.0', 3: '1.2767837176518553', 4: 516.9112069996746} 
{0: '0.6280487804878049', 1: '0.10975609756097561', 2: '0.0', 3: '1.2011244339814315', 4: 520.4457400574565} 
{0: '0.6291793313069909', 1: '0.1094224924012158', 2: '0.0', 3: '1.1299485464621188', 4: 515.691498139867} 
{0: '0.6303030303030303', 1: '0.10909090909090909', 2: '0.0', 3: '1.0629903792895394', 4: 518.9057750946815} 
{0: '0.6314199395770392', 1: '0.10876132930513595', 2: '0.0', 3: '1.0', 4: 511.4946082140902} 
{0: '0.6295180722891566', 1: '0.11144578313253012', 2: '0.0', 3: '1.0', 4: 511.89710862931287} 
{0: '0.6306306306306306', 1: '0.11411411411411411', 2: '0.0', 3: '1.0629903792895394', 4: 518.5716069758802} 
{0: '0.6317365269461078', 1: '0.11377245508982035', 2: '0.0', 3: '1.1299485464621188', 4: 511.6231597195105} 
{0: '0.6328358208955224', 1: '0.11343283582089553', 2: '0.0', 3: '1.2011244339814315', 4: 524.2873284623529} 
{0: '0.6309523809523809', 1: '0.1130952380952381', 2: '0.0', 3: '1.2011244339814315', 4: 518.1143149078142} 
{0: '0.6320474777448071', 1: '0.11275964391691394', 2: '0.0', 3: '1.1299485464621188', 4: 515.0849175476267} 
{0: '0.6331360946745562', 1: '0.11242603550295859', 2: '0.0', 3: '1.0629903792895394', 4: 513.8240391317138} 
{0: '0.6342182890855457', 1: '0.11209439528023599', 2: '0.0', 3: '1.0', 4: 512.1978795367436} 
{0: '0.6323529411764706', 1: '0.11470588235294117', 2: '0.0', 3: '1.0', 4: 513.7572723424977} 
{0: '0.6334310850439883', 1: '0.11730205278592376', 2: '0.0', 3: '1.0629903792895394', 4: 511.88830897944825} 
{0: '0.6345029239766082', 1: '0.11695906432748537', 2: '0.0', 3: '1.1299485464621188', 4: 512.6796520109754} 
{0: '0.6326530612244898', 1: '0.11661807580174927', 2: '0.0', 3: '1.1299485464621188', 4: 517.903825838131} 
{0: '0.6337209302325582', 1: '0.11627906976744186', 2: '0.0', 3: '1.0629903792895394', 4: 511.7346215989353} 
{0: '0.6347826086956522', 1: '0.11594202898550725', 2: '0.0', 3: '1.0', 4: 515.5296101441079} 
{0: '0.6329479768786127', 1: '0.11849710982658959', 2: '0.0', 3: '1.0', 4: 511.8000592967496} 
{0: '0.6340057636887608', 1: '0.12103746397694524', 2: '0.0', 3: '1.0629903792895394', 4: 514.0214513407283} 
{0: '0.6350574712643678', 1: '0.1206896551724138', 2: '0.0', 3: '1.1299485464621188', 4: 512.5070118708593} 
{0: '0.6361031518624641', 1: '0.12034383954154727', 2: '0.0', 3: '1.2011244339814315', 4: 513.9279459901824} 
{0: '0.6342857142857142', 1: '0.12', 2: '0.0', 3: '1.2011244339814315', 4: 514.0817335717651} 
{0: '0.6353276353276354', 1: '0.11965811965811966', 2: '0.0', 3: '1.1299485464621188', 4: 514.9153287701571} 
{0: '0.6363636363636364', 1: '0.11931818181818182', 2: '0.0', 3: '1.0629903792895394', 4: 516.0181189932271} 
{0: '0.6373937677053825', 1: '0.11898016997167139', 2: '0.0', 3: '1.0', 4: 515.9312937069035} 
{0: '0.635593220338983', 1: '0.12146892655367232', 2: '0.0', 3: '1.0', 4: 512.4375698723222} 
{0: '0.6366197183098592', 1: '0.12394366197183099', 2: '0.0', 3: '1.0629903792895394', 4: 516.4134807570877} 
{0: '0.6348314606741573', 1: '0.12359550561797752', 2: '0.0', 3: '1.0629903792895394', 4: 511.56885846852464} 
{0: '0.6358543417366946', 1: '0.12324929971988796', 2: '0.0', 3: '1.0', 4: 513.0828236017893} 
{0: '0.6340782122905028', 1: '0.12569832402234637', 2: '0.0', 3: '1.0', 4: 515.9202982627469} 
{0: '0.6350974930362117', 1: '0.12813370473537605', 2: '0.0', 3: '1.0629903792895394', 4: 512.925603027302} 
{0: '0.6361111111111111', 1: '0.12777777777777777', 2: '0.0', 3: '1.1299485464621188', 4: 518.7737086721335} 
{0: '0.6371191135734072', 1: '0.12742382271468145', 2: '0.0', 3: '1.2011244339814315', 4: 514.1917403373205} 
{0: '0.6353591160220995', 1: '0.1270718232044199', 2: '0.0', 3: '1.2011244339814315', 4: 510.6887514837956} 
{0: '0.6363636363636364', 1: '0.12672176308539945', 2: '0.0', 3: '1.1299485464621188', 4: 511.7653999286086} 
{0: '0.6373626373626373', 1: '0.12637362637362637', 2: '0.0', 3: '1.0629903792895394', 4: 512.2380800997784} 
{0: '0.6383561643835617', 1: '0.12602739726027398', 2: '0.0', 3: '1.0', 4: 513.5809543165356} 
{0: '0.6366120218579235', 1: '0.1284153005464481', 2: '0.0', 3: '1.0', 4: 511.7071428200329} 
{0: '0.6376021798365122', 1: '0.1307901907356948', 2: '0.0', 3: '1.0629903792895394', 4: 510.37545242918065} 
{0: '0.6358695652173914', 1: '0.13043478260869565', 2: '0.0', 3: '1.0629903792895394', 4: 520.418998644191} 
{0: '0.6341463414634146', 1: '0.13008130081300814', 2: '0.0', 3: '1.0629903792895394', 4: 513.7556600091943} 
{0: '0.6324324324324324', 1: '0.12972972972972974', 2: '0.0', 3: '1.0629903792895394', 4: 513.0559960524681} 
{0: '0.633423180592992', 1: '0.1293800539083558', 2: '0.0', 3: '1.0', 4: 513.9206604321746} 
{0: '0.6317204301075269', 1: '0.13172043010752688', 2: '0.0', 3: '1.0', 4: 516.5407642653656} 
{0: '0.6327077747989276', 1: '0.13404825737265416', 2: '0.0', 3: '1.0629903792895394', 4: 515.9824554596041} 
{0: '0.6336898395721925', 1: '0.13368983957219252', 2: '0.0', 3: '1.1299485464621188', 4: 515.679453386942} 
{0: '0.632', 1: '0.13333333333333333', 2: '0.0', 3: '1.1299485464621188', 4: 515.6158522327703} 
{0: '0.6329787234042553', 1: '0.13297872340425532', 2: '0.0', 3: '1.0629903792895394', 4: 515.0355786073499} 
{0: '0.6339522546419099', 1: '0.13262599469496023', 2: '0.0', 3: '1.0', 4: 514.81502114821} 
{0: '0.6322751322751323', 1: '0.1349206349206349', 2: '0.0', 3: '1.0', 4: 517.684990417788} 
{0: '0.633245382585752', 1: '0.13720316622691292', 2: '0.0', 3: '1.0629903792895394', 4: 515.1868429870412} 
{0: '0.631578947368421', 1: '0.1368421052631579', 2: '0.0', 3: '1.0629903792895394', 4: 514.6242873644087} 
{0: '0.6325459317585301', 1: '0.13648293963254593', 2: '0.0', 3: '1.0', 4: 515.1151757806854} 
{0: '0.6308900523560209', 1: '0.1387434554973822', 2: '0.0', 3: '1.0', 4: 517.6441303930053} 
{0: '0.6292428198433421', 1: '0.1409921671018277', 2: '0.0', 3: '1.0', 4: 513.2562224909336} 
{0: '0.6276041666666666', 1: '0.14322916666666666', 2: '0.0', 3: '1.0', 4: 516.2586949492683} 
{0: '0.6285714285714286', 1: '0.14545454545454545', 2: '0.0', 3: '1.0629903792895394', 4: 513.1760259297233} 
{0: '0.6269430051813472', 1: '0.14507772020725387', 2: '0.0', 3: '1.0629903792895394', 4: 511.75099489043777} 
{0: '0.627906976744186', 1: '0.14470284237726097', 2: '0.0', 3: '1.0', 4: 517.3017614173798} 
{0: '0.6262886597938144', 1: '0.14690721649484537', 2: '0.0', 3: '1.0', 4: 512.8118713420164} 
{0: '0.6272493573264781', 1: '0.14910025706940874', 2: '0.0', 3: '1.0629903792895394', 4: 512.7207222409436} 
{0: '0.6282051282051282', 1: '0.14871794871794872', 2: '0.0', 3: '1.1299485464621188', 4: 517.8963595750148} 
{0: '0.6265984654731458', 1: '0.1483375959079284', 2: '0.0', 3: '1.1299485464621188', 4: 512.6315230457768} 
{0: '0.6275510204081632', 1: '0.14795918367346939', 2: '0.0', 3: '1.0629903792895394', 4: 513.4161669510487} 
{0: '0.628498727735369', 1: '0.1475826972010178', 2: '0.0', 3: '1.0', 4: 513.8579048719156} 
{0: '0.6269035532994924', 1: '0.14974619289340102', 2: '0.0', 3: '1.0', 4: 513.6241622386241} 
{0: '0.6253164556962025', 1: '0.1518987341772152', 2: '0.0', 3: '1.0', 4: 511.23780889296665} 
{0: '0.6237373737373737', 1: '0.15404040404040403', 2: '0.0', 3: '1.0', 4: 514.1123925812923} 
{0: '0.6246851385390428', 1: '0.1561712846347607', 2: '0.0', 3: '1.0629903792895394', 4: 516.9870869791945} 
{0: '0.6231155778894473', 1: '0.15577889447236182', 2: '0.0', 3: '1.0629903792895394', 4: 512.7049969477952} 
{0: '0.6240601503759399', 1: '0.15538847117794485', 2: '0.0', 3: '1.0', 4: 511.0435338863566} 
{0: '0.6225', 1: '0.1575', 2: '0.0', 3: '1.0', 4: 515.2329723546737} 
{0: '0.6234413965087282', 1: '0.1596009975062344', 2: '0.0', 3: '1.0629903792895394', 4: 516.000177526322} 
{0: '0.6218905472636815', 1: '0.15920398009950248', 2: '0.0', 3: '1.0629903792895394', 4: 515.1000369371891} 
{0: '0.6228287841191067', 1: '0.1588089330024814', 2: '0.0', 3: '1.0', 4: 515.0692847983051} 
{0: '0.6212871287128713', 1: '0.1608910891089109', 2: '0.0', 3: '1.0', 4: 514.058733251899} 
{0: '0.6222222222222222', 1: '0.16296296296296298', 2: '0.0', 3: '1.0629903792895394', 4: 512.6502312129085} 
{0: '0.6231527093596059', 1: '0.1625615763546798', 2: '0.0', 3: '1.1299485464621188', 4: 513.8037621082814} 
{0: '0.6216216216216216', 1: '0.16216216216216217', 2: '0.0', 3: '1.1299485464621188', 4: 516.3884136493758} 
{0: '0.6225490196078431', 1: '0.16176470588235295', 2: '0.0', 3: '1.0629903792895394', 4: 513.463199596999} 
{0: '0.6234718826405868', 1: '0.16136919315403422', 2: '0.0', 3: '1.0', 4: 514.6212818957665} 
{0: '0.6219512195121951', 1: '0.16341463414634147', 2: '0.0', 3: '1.0', 4: 513.5319703845734} 
{0: '0.6228710462287105', 1: '0.1654501216545012', 2: '0.0', 3: '1.0629903792895394', 4: 512.0679706281135} 
{0: '0.6237864077669902', 1: '0.1650485436893204', 2: '0.0', 3: '1.1299485464621188', 4: 515.8379771319898} 
{0: '0.6222760290556901', 1: '0.16464891041162227', 2: '0.0', 3: '1.1299485464621188', 4: 518.3516765679777} 
{0: '0.6231884057971014', 1: '0.1642512077294686', 2: '0.0', 3: '1.0629903792895394', 4: 514.5192367773817} 
{0: '0.6240963855421687', 1: '0.163855421686747', 2: '0.0', 3: '1.0', 4: 512.2475776378319} 
{0: '0.6225961538461539', 1: '0.1658653846153846', 2: '0.0', 3: '1.0', 4: 512.3095388817536} 
{0: '0.6235011990407674', 1: '0.16786570743405277', 2: '0.0', 3: '1.0629903792895394', 4: 512.5879639705087} 
{0: '0.6244019138755981', 1: '0.1674641148325359', 2: '0.0', 3: '1.1299485464621188', 4: 511.78436499231833} 
{0: '0.6252983293556086', 1: '0.16706443914081145', 2: '0.0', 3: '1.2011244339814315', 4: 515.1592638082909} 
{0: '0.6238095238095238', 1: '0.16666666666666666', 2: '0.0', 3: '1.2011244339814315', 4: 515.7935211309527} 
{0: '0.6247030878859857', 1: '0.166270783847981', 2: '0.0', 3: '1.1299485464621188', 4: 516.874740607047} 
{0: '0.6255924170616114', 1: '0.16587677725118483', 2: '0.0', 3: '1.0629903792895394', 4: 513.6079738924498} 
{0: '0.6264775413711584', 1: '0.16548463356973994', 2: '0.0', 3: '1.0', 4: 513.8516083001131} 
{0: '0.625', 1: '0.16745283018867924', 2: '0.0', 3: '1.0', 4: 515.4127883032295} 
{0: '0.6258823529411764', 1: '0.16941176470588235', 2: '0.0', 3: '1.0629903792895394', 4: 524.655797414632} 
{0: '0.6267605633802817', 1: '0.16901408450704225', 2: '0.0', 3: '1.1299485464621188', 4: 519.0255192740357} 
{0: '0.6252927400468384', 1: '0.1686182669789227', 2: '0.0', 3: '1.1299485464621188', 4: 512.9386932809385} 
{0: '0.6261682242990654', 1: '0.16822429906542055', 2: '0.0', 3: '1.0629903792895394', 4: 513.2596719050258} 
{0: '0.627039627039627', 1: '0.16783216783216784', 2: '0.0', 3: '1.0', 4: 512.1386437145815} 
{0: '0.6255813953488372', 1: '0.1697674418604651', 2: '0.0', 3: '1.0', 4: 517.8628512727513} 
{0: '0.6264501160092807', 1: '0.1716937354988399', 2: '0.0', 3: '1.0629903792895394', 4: 518.1741335221374} 
{0: '0.6273148148148148', 1: '0.1712962962962963', 2: '0.0', 3: '1.1299485464621188', 4: 516.6324143426305} 
{0: '0.628175519630485', 1: '0.17090069284064666', 2: '0.0', 3: '1.2011244339814315', 4: 513.7197832766827} 
{0: '0.6290322580645161', 1: '0.17050691244239632', 2: '0.0', 3: '1.2767837176518553', 4: 516.249587017027} 
{0: '0.6275862068965518', 1: '0.17011494252873563', 2: '0.0', 3: '1.2767837176518553', 4: 513.983479731565} 
{0: '0.6284403669724771', 1: '0.16972477064220184', 2: '0.0', 3: '1.2011244339814315', 4: 511.68346165363374} 
{0: '0.6292906178489702', 1: '0.16933638443935928', 2: '0.0', 3: '1.1299485464621188', 4: 519.316205702284} 
{0: '0.6301369863013698', 1: '0.1689497716894977', 2: '0.0', 3: '1.0629903792895394', 4: 516.6668825505607} 
{0: '0.6309794988610479', 1: '0.16856492027334852', 2: '0.0', 3: '1.0', 4: 520.5779036708207} 
{0: '0.6295454545454545', 1: '0.17045454545454544', 2: '0.0', 3: '1.0', 4: 512.8371111776294} 
{0: '0.6303854875283447', 1: '0.17233560090702948', 2: '0.0', 3: '1.0629903792895394', 4: 512.8528943539575} 
{0: '0.6312217194570136', 1: '0.17194570135746606', 2: '0.0', 3: '1.1299485464621188', 4: 516.2975600415385} 
{0: '0.6297968397291196', 1: '0.17155756207674944', 2: '0.0', 3: '1.1299485464621188', 4: 512.1774156288031} 
{0: '0.6306306306306306', 1: '0.17117117117117117', 2: '0.0', 3: '1.0629903792895394', 4: 512.4490536546091} 
{0: '0.6314606741573033', 1: '0.1707865168539326', 2: '0.0', 3: '1.0', 4: 512.3242562641384} 
{0: '0.6300448430493274', 1: '0.1726457399103139', 2: '0.0', 3: '1.0', 4: 516.4118219388014} 
{0: '0.6308724832214765', 1: '0.174496644295302', 2: '0.0', 3: '1.0629903792895394', 4: 521.0090008396777} 
{0: '0.6316964285714286', 1: '0.17410714285714285', 2: '0.0', 3: '1.1299485464621188', 4: 516.1065968293113} 
{0: '0.6325167037861915', 1: '0.17371937639198218', 2: '0.0', 3: '1.2011244339814315', 4: 511.25165727132696} 
{0: '0.6333333333333333', 1: '0.17333333333333334', 2: '0.0', 3: '1.2767837176518553', 4: 519.2230221735966} 
{0: '0.6319290465631929', 1: '0.1729490022172949', 2: '0.0', 3: '1.2767837176518553', 4: 512.5247261472185} 
{0: '0.6327433628318584', 1: '0.17256637168141592', 2: '0.0', 3: '1.2011244339814315', 4: 516.7766733086371} 
{0: '0.6335540838852097', 1: '0.17218543046357615', 2: '0.0', 3: '1.1299485464621188', 4: 511.2037056528131} 
{0: '0.6343612334801763', 1: '0.17180616740088106', 2: '0.0', 3: '1.0629903792895394', 4: 517.0741469179088} 
{0: '0.6351648351648351', 1: '0.17142857142857143', 2: '0.0', 3: '1.0', 4: 512.7214594161785} 
{0: '0.6337719298245614', 1: '0.17324561403508773', 2: '0.0', 3: '1.0', 4: 524.3906730806772} 
{0: '0.6345733041575492', 1: '0.175054704595186', 2: '0.0', 3: '1.0629903792895394', 4: 516.1080466605513} 
{0: '0.6353711790393013', 1: '0.17467248908296942', 2: '0.0', 3: '1.1299485464621188', 4: 512.4774956263121} 
{0: '0.6339869281045751', 1: '0.17429193899782136', 2: '0.0', 3: '1.1299485464621188', 4: 512.9350530269377} 
{0: '0.6347826086956522', 1: '0.17391304347826086', 2: '0.0', 3: '1.0629903792895394', 4: 514.0014141303454} 
{0: '0.6355748373101953', 1: '0.1735357917570499', 2: '0.0', 3: '1.0', 4: 512.8316256715906} 
{0: '0.6341991341991342', 1: '0.17532467532467533', 2: '0.0', 3: '1.0', 4: 514.5566123877782} 
{0: '0.6349892008639308', 1: '0.1771058315334773', 2: '0.0', 3: '1.0629903792895394', 4: 514.007498876785} 
{0: '0.6357758620689655', 1: '0.17672413793103448', 2: '0.0', 3: '1.1299485464621188', 4: 512.2454342696892} 
{0: '0.6365591397849463', 1: '0.17634408602150536', 2: '0.0', 3: '1.2011244339814315', 4: 513.7562890282087} 
{0: '0.6351931330472103', 1: '0.1759656652360515', 2: '0.0', 3: '1.2011244339814315', 4: 516.078674956578} 
{0: '0.6359743040685225', 1: '0.17558886509635974', 2: '0.0', 3: '1.1299485464621188', 4: 512.4095171604281} 
{0: '0.6367521367521367', 1: '0.1752136752136752', 2: '0.0', 3: '1.0629903792895394', 4: 511.386999084125} 
{0: '0.6375266524520256', 1: '0.17484008528784648', 2: '0.0', 3: '1.0', 4: 512.7472516453411} 
{0: '0.6361702127659574', 1: '0.17659574468085107', 2: '0.0', 3: '1.0', 4: 512.8922885861924} 
{0: '0.6369426751592356', 1: '0.17834394904458598', 2: '0.0', 3: '1.0629903792895394', 4: 514.1125505414894} 
{0: '0.635593220338983', 1: '0.17796610169491525', 2: '0.0', 3: '1.0629903792895394', 4: 514.3084812243326} 
{0: '0.6363636363636364', 1: '0.17758985200845667', 2: '0.0', 3: '1.0', 4: 512.0355126583067} 
{0: '0.6350210970464135', 1: '0.17932489451476794', 2: '0.0', 3: '1.0', 4: 512.1333582607808} 
{0: '0.6357894736842106', 1: '0.18105263157894738', 2: '0.0', 3: '1.0629903792895394', 4: 512.7373913140216} 
{0: '0.634453781512605', 1: '0.18067226890756302', 2: '0.0', 3: '1.0629903792895394', 4: 511.9076145972327} 
{0: '0.6352201257861635', 1: '0.18029350104821804', 2: '0.0', 3: '1.0', 4: 514.5647752788694} 
{0: '0.6338912133891214', 1: '0.18200836820083682', 2: '0.0', 3: '1.0', 4: 516.1161760617324} 
{0: '0.6346555323590815', 1: '0.1837160751565762', 2: '0.0', 3: '1.0629903792895394', 4: 510.99406280871614} 
{0: '0.6354166666666666', 1: '0.18333333333333332', 2: '0.0', 3: '1.1299485464621188', 4: 515.5321800699221} 
{0: '0.6340956340956341', 1: '0.18295218295218296', 2: '0.0', 3: '1.1299485464621188', 4: 511.5485774045483} 
{0: '0.6348547717842323', 1: '0.1825726141078838', 2: '0.0', 3: '1.0629903792895394', 4: 512.7474398832514} 
{0: '0.6356107660455487', 1: '0.18219461697722567', 2: '0.0', 3: '1.0', 4: 513.884825484532} 
{0: '0.6342975206611571', 1: '0.18388429752066116', 2: '0.0', 3: '1.0', 4: 511.7467390076566} 
{0: '0.6350515463917525', 1: '0.18556701030927836', 2: '0.0', 3: '1.0629903792895394', 4: 512.0518642262386} 
{0: '0.6358024691358025', 1: '0.18518518518518517', 2: '0.0', 3: '1.1299485464621188', 4: 512.1655541335631} 
{0: '0.6344969199178645', 1: '0.18480492813141683', 2: '0.0', 3: '1.1299485464621188', 4: 515.2485902513286} 
{0: '0.6352459016393442', 1: '0.18442622950819673', 2: '0.0', 3: '1.0629903792895394', 4: 509.88906761143846} 
{0: '0.6359918200408998', 1: '0.18404907975460122', 2: '0.0', 3: '1.0', 4: 517.0020816333391} 
{0: '0.6346938775510204', 1: '0.18571428571428572', 2: '0.0', 3: '1.0', 4: 513.2912137711025} 
{0: '0.6354378818737271', 1: '0.18737270875763748', 2: '0.0', 3: '1.0629903792895394', 4: 513.4636003101803} 
{0: '0.6361788617886179', 1: '0.18699186991869918', 2: '0.0', 3: '1.1299485464621188', 4: 513.2376215502441} 
{0: '0.6348884381338742', 1: '0.18661257606490872', 2: '0.0', 3: '1.1299485464621188', 4: 514.8608773542924} 
{0: '0.6356275303643725', 1: '0.1862348178137652', 2: '0.0', 3: '1.0629903792895394', 4: 514.9544241256777} 
{0: '0.6363636363636364', 1: '0.18585858585858586', 2: '0.0', 3: '1.0', 4: 516.4823130828327} 
{0: '0.6350806451612904', 1: '0.1875', 2: '0.0', 3: '1.0', 4: 514.3102536478792} 
{0: '0.6338028169014085', 1: '0.1891348088531187', 2: '0.0', 3: '1.0', 4: 515.8189243826331} 
{0: '0.6325301204819277', 1: '0.19076305220883535', 2: '0.0', 3: '1.0', 4: 515.8165053542236} 
{0: '0.6312625250501002', 1: '0.19238476953907815', 2: '0.0', 3: '1.0', 4: 515.7102559272553} 
