{'STAT2HEADER': 'STAT2HEADER', 'STAT2HEADER_ENVIRON': 'environ({\'OMPI_MCA_pmix\': \'^s1,s2,cray,isolated\', \'PMIX_MCA_mca_base_component_show_load_errors\': \'1\', \'OMPI_COMMAND\': \'python3\', \'OMPI_ARGV\': \'static_snapshot.py 1 0min\', \'OMPI_MCA_orte_precondition_transports\': \'7b8e027bd22c92cc-8371e39dc7c2fec3\', \'LD_LIBRARY_PATH\': \'/salilab/diva1/programs/x86_64linux/numpy-py36-1.19.5/lib:/salilab/diva1/home/libs/x86_64/centos8:/salilab/diva1/home/libs/x86_64:/salilab/diva1/home/imp/main/20240607-af6f9d6a95/lib/release8:/salilab/diva1/programs/x86_64linux/opencv-4.3.0/lib64/rhel:/salilab/diva1/programs/x86_64linux/opencv-4.3.0/lib64:/salilab/diva1/programs/x86_64linux/hdf5-1.10.7/lib:/salilab/diva1/programs/x86_64linux/libtau-py27-1.0.1/lib64:/salilab/diva1/programs/x86_64linux/boost-1.73.0/lib64:/usr/lib64/openmpi/lib:/wynton/group/sali/miha_rozic/Software/imp-develop/build/lib::\', \'IMP_TMP_DIR\': \'/wynton/group/sali/miha_rozic/Software/imp-develop/build/tmp\', \'PE_HOSTFILE\': \'/var/spool/sge/wynton/qb3-id157/active_jobs/707243.1/pe_hostfile\', \'__LMOD_REF_COUNT_PATH\': \'/salilab/diva1/programs/x86_64linux/numpy-py36-1.19.5/bin:1;/salilab/diva1/home/imp/main/20240607-af6f9d6a95/bin/release8:1;/salilab/diva1/programs/x86_64linux/opencv-4.3.0/bin:1;/salilab/diva1/programs/x86_64linux/hdf5-1.10.7/bin:1;/usr/lib64/openmpi/bin:1;/wynton/home/sali/rozicmiha/.local/bin:1;/wynton/home/sali/rozicmiha/bin:1;/wynton/group/sali/miha_rozic/Software/imp-develop/build/bin:1;/wynton/group/sali/miha_rozic/Software/imp-develop/build/module_bin/EMageFit:1;/wynton/group/sali/miha_rozic/Software/imp-develop/build/module_bin/algebra:1;/wynton/group/sali/miha_rozic/Software/imp-develop/build/module_bin/atom:1;/wynton/group/sali/miha_rozic/Software/imp-develop/build/module_bin/benchmark:1;/wynton/group/sali/miha_rozic/Software/imp-develop/build/module_bin/cgal:1;/wynton/group/sali/miha_rozic/Software/imp-develop/build/module_bin/cnmultifit:1;/wynton/group/sali/miha_rozic/Software/imp-develop/build/module_bin/container:1;/wynton/group/sali/miha_rozic/Software/imp-develop/build/module_bin/core:1;/wynton/group/sali/miha_rozic/Software/imp-develop/build/module_bin/display:1;/wynton/group/sali/miha_rozic/Software/imp-develop/build/module_bin/domino:1;/wynton/group/sali/miha_rozic/Software/imp-develop/build/module_bin/em:1;/wynton/group/sali/miha_rozic/Software/imp-develop/build/module_bin/em2d:1;/wynton/group/sali/miha_rozic/Software/imp-develop/build/module_bin/example:1;/wynton/group/sali/miha_rozic/Software/imp-develop/build/module_bin/foxs:1;/wynton/group/sali/miha_rozic/Software/imp-develop/build/module_bin/gsl:1;/wynton/group/sali/miha_rozic/Software/imp-develop/build/module_bin/integrative_docking:1;/wynton/group/sali/miha_rozic/Software/imp-develop/build/module_bin/isd:1;/wynton/group/sali/miha_rozic/Software/imp-develop/build/module_bin/kernel:1;/wynton/group/sali/miha_rozic/Software/imp-develop/build/module_bin/kinematics:1;/wynton/group/sali/miha_rozic/Software/imp-develop/build/module_bin/kmeans:1;/wynton/group/sali/miha_rozic/Software/imp-develop/build/module_bin/misc:1;/wynton/group/sali/miha_rozic/Software/imp-develop/build/module_bin/mmcif:1;/wynton/group/sali/miha_rozic/Software/imp-develop/build/module_bin/modeller:1;/wynton/group/sali/miha_rozic/Software/imp-develop/build/module_bin/mpi:1;/wynton/group/sali/miha_rozic/Software/imp-develop/build/module_bin/multi_state:1;/wynton/group/sali/miha_rozic/Software/imp-develop/build/module_bin/multifit:1;/wynton/group/sali/miha_rozic/Software/imp-develop/build/module_bin/npc:1;/wynton/group/sali/miha_rozic/Software/imp-develop/build/module_bin/npcassembly:1;/wynton/group/sali/miha_rozic/Software/imp-develop/build/module_bin/parallel:1;/wynton/group/sali/miha_rozic/Software/imp-develop/build/module_bin/pepdock:1;/wynton/group/sali/miha_rozic/Software/imp-develop/build/module_bin/pmi:1;/wynton/group/sali/miha_rozic/Software/imp-develop/build/module_bin/rmf:1;/wynton/group/sali/miha_rozic/Software/imp-develop/build/module_bin/rotamer:1;/wynton/group/sali/miha_rozic/Software/imp-develop/build/module_bin/saxs:1;/wynton/group/sali/miha_rozic/Software/imp-develop/build/module_bin/saxs_merge:1;/wynton/group/sali/miha_rozic/Software/imp-develop/build/module_bin/score_functor:1;/wynton/group/sali/miha_rozic/Software/imp-develop/build/module_bin/scratch:1;/wynton/group/sali/miha_rozic/Software/imp-develop/build/module_bin/spb:1;/wynton/group/sali/miha_rozic/Software/imp-develop/build/module_bin/statistics:1;/wynton/group/sali/miha_rozic/Software/imp-develop/build/module_bin/symmetry:1;/wynton/group/sali/miha_rozic/Software/imp-develop/build/module_bin/test:1;/opt/sge/bin:1;/opt/sge/bin/lx-amd64:1;/scratch/707243.1.member.q:1;/usr/local/bin:1;/bin:1;/usr/bin:1;/usr/local/sbin:1;/usr/sbin:1\', \'_ModuleTable002_\': \'fSwKc3RhY2tEZXB0aCA9IDEsCnN0YXR1cyA9ICJhY3RpdmUiLAp1c2VyTmFtZSA9ICJib29zdC8xLjczLjAiLAp3ViA9ICIwMDAwMDAwMDEuMDAwMDAwMDczLip6ZmluYWwiLAp9LApoZGY1ID0gewpmbiA9ICIvc2FsaWxhYi9kaXZhMS9ob21lL21vZHVsZXMvaGRmNS8xLjEwLjciLApmdWxsTmFtZSA9ICJoZGY1LzEuMTAuNyIsCmxvYWRPcmRlciA9IDUsCnByb3BUID0ge30sCnN0YWNrRGVwdGggPSAyLApzdGF0dXMgPSAiYWN0aXZlIiwKdXNlck5hbWUgPSAiaGRmNS8xLjEwLjciLAp3ViA9ICIwMDAwMDAwMDEuMDAwMDAwMDEwLjAwMDAwMDAwNy4qemZpbmFsIiwKfSwKaW1wID0gewpmbiA9ICIvc2FsaWxhYi9kaXZhMS9ob21lL21vZHVsZXMvaW1wLzIuMjEuMCIsCmZ1bGxO\', \'IMP_DIR\': \'/salilab/diva1/home/imp/main/20240607-af6f9d6a95/lib/release8/cmake/IMP\', \'QUEUE\': \'member.q\', \'GOTO_NUM_THREADS\': \'1\', \'MPI_PYTHON3_SITEARCH\': \'/usr/lib64/python3.6/site-packages/openmpi\', \'LANG\': \'en_US.UTF-8\', \'HISTCONTROL\': \'ignoredups\', \'_ModuleTable008_\': \'cyIsCmZ1bGxOYW1lID0gInNhbGktbGlicmFyaWVzIiwKbG9hZE9yZGVyID0gOCwKcHJvcFQgPSB7fSwKc3RhY2tEZXB0aCA9IDEsCnN0YXR1cyA9ICJhY3RpdmUiLAp1c2VyTmFtZSA9ICJzYWxpLWxpYnJhcmllcyIsCndWID0gIk0uKnpmaW5hbCIsCn0sCn0sCm1wYXRoQSA9IHsKIi9zYWxpbGFiL2RpdmExL2hvbWUvbW9kdWxlcyIsICIvZXRjL21vZHVsZWZpbGVzIiwgIi91c3Ivc2hhcmUvbW9kdWxlZmlsZXMiCiwgIi91c3Ivc2hhcmUvbW9kdWxlZmlsZXMvTGludXgiLCAiL3Vzci9zaGFyZS9tb2R1bGVmaWxlcy9Db3JlIiwgIi91c3Ivc2hhcmUvbG1vZC9sbW9kL21vZHVsZWZpbGVzL0NvcmUiLAp9LApzeXN0ZW1CYXNlTVBBVEggPSAiL2V0Yy9tb2R1bGVmaWxlczovdXNy\', \'SGE_O_HOST\': \'dev1\', \'HOSTNAME\': \'qb3-id157.wynton.ucsf.edu\', \'OPENBLAS_NUM_THREADS\': \'1\', \'__LMOD_REF_COUNT_CMAKE_INCLUDE_PATH\': \'/salilab/diva1/programs/x86_64linux/opencv-4.3.0/include/opencv4:1;/salilab/diva1/programs/x86_64linux/hdf5-1.10.7/include:1;/salilab/diva1/programs/x86_64linux/libtau-py27-1.0.1/include:1;/salilab/diva1/programs/x86_64linux/boost-1.73.0/include:1\', \'SGE_RSH_COMMAND\': \'builtin\', \'ENVIRONMENT\': \'BATCH\', \'IMP_DATA\': \'/wynton/group/sali/miha_rozic/Software/imp-develop/build/data\', \'REQUEST\': \'test1\', \'SGE_STDIN_PATH\': \'/dev/null\', \'SGE_CELL\': \'wynton\', \'_ModuleTable007_\': \'MjEuMyIsCndWID0gIjAwMDAwMDAwMC4wMDAwMDAwMjEuMDAwMDAwMDAzLip6ZmluYWwiLAp9LApbInB5dGhvbjMvc2NpcHkiXSA9IHsKZm4gPSAiL3NhbGlsYWIvZGl2YTEvaG9tZS9tb2R1bGVzL3B5dGhvbjMvc2NpcHkvMS4zLjIiLApmdWxsTmFtZSA9ICJweXRob24zL3NjaXB5LzEuMy4yIiwKbG9hZE9yZGVyID0gMTAsCnByb3BUID0ge30sCnN0YWNrRGVwdGggPSAxLApzdGF0dXMgPSAiYWN0aXZlIiwKdXNlck5hbWUgPSAicHl0aG9uMy9zY2lweS8xLjMuMiIsCndWID0gIjAwMDAwMDAwMS4wMDAwMDAwMDMuMDAwMDAwMDAyLip6ZmluYWwiLAp9LApbInNhbGktbGlicmFyaWVzIl0gPSB7CmZuID0gIi9zYWxpbGFiL2RpdmExL2hvbWUvbW9kdWxlcy9zYWxpLWxpYnJhcmll\', \'CMAKE_INCLUDE_PATH\': \'/salilab/diva1/programs/x86_64linux/opencv-4.3.0/include/opencv4:/salilab/diva1/programs/x86_64linux/hdf5-1.10.7/include:/salilab/diva1/programs/x86_64linux/libtau-py27-1.0.1/include:/salilab/diva1/programs/x86_64linux/boost-1.73.0/include\', \'__LMOD_REF_COUNT_LD_LIBRARY_PATH\': \'/salilab/diva1/programs/x86_64linux/numpy-py36-1.19.5/lib:1;/salilab/diva1/home/libs/x86_64/centos8:1;/salilab/diva1/home/libs/x86_64:1;/salilab/diva1/home/imp/main/20240607-af6f9d6a95/lib/release8:1;/salilab/diva1/programs/x86_64linux/opencv-4.3.0/lib64/rhel:1;/salilab/diva1/programs/x86_64linux/opencv-4.3.0/lib64:1;/salilab/diva1/programs/x86_64linux/hdf5-1.10.7/lib:1;/salilab/diva1/programs/x86_64linux/libtau-py27-1.0.1/lib64:1;/salilab/diva1/programs/x86_64linux/boost-1.73.0/lib64:1;/usr/lib64/openmpi/lib:1;/wynton/group/sali/miha_rozic/Software/imp-develop/build/lib:2;:1\', \'__LMOD_REF_COUNT_PKG_CONFIG_PATH\': \'/usr/lib64/openmpi/lib/pkgconfig:1\', \'_ModuleTable004_\': \'aGFyZS9tb2R1bGVmaWxlcy9tcGkvb3Blbm1waS14ODZfNjQiLApmdWxsTmFtZSA9ICJtcGkvb3Blbm1waS14ODZfNjQiLApsb2FkT3JkZXIgPSAyLApwcm9wVCA9IHt9LApzdGFja0RlcHRoID0gMCwKc3RhdHVzID0gImFjdGl2ZSIsCnVzZXJOYW1lID0gIm1waS9vcGVubXBpLXg4Nl82NCIsCndWID0gIipvcGVubXBpLip4LjAwMDAwMDA4Ni4qXy4wMDAwMDAwNjQuKnpmaW5hbCIsCn0sCm9wZW5jdiA9IHsKZm4gPSAiL3NhbGlsYWIvZGl2YTEvaG9tZS9tb2R1bGVzL29wZW5jdi80LjMuMCIsCmZ1bGxOYW1lID0gIm9wZW5jdi80LjMuMCIsCmxvYWRPcmRlciA9IDYsCnByb3BUID0ge30sCnN0YWNrRGVwdGggPSAxLApzdGF0dXMgPSAiYWN0aXZlIiwKdXNlck5hbWUgPSAib3Bl\', \'__LMOD_REF_COUNT_PYTHONPATH\': \'/salilab/diva1/programs/x86_64linux/scikit-py36-0.21.3/lib64/python3.6/site-packages:1;/salilab/diva1/programs/linux/joblib-0.17.0/lib/python3.6/site-packages:1;/salilab/diva1/programs/x86_64linux/scipy-py36-1.3.2/lib64/python3.6/site-packages:1;/salilab/diva1/programs/x86_64linux/numpy-py36-1.19.5/lib64/python3.6/site-packages:1;/salilab/diva1/home/imp/main/20240607-af6f9d6a95/lib/release8:1;/salilab/diva1/programs/x86_64linux/opencv-4.3.0/lib/python3.6/site-packages:1;/wynton/group/sali/miha_rozic/Software/imp-develop/build/lib:2;:1\', \'which_declare\': \'declare -f\', \'NHOSTS\': \'1\', \'SGE_O_WORKDIR\': \'/wynton/group/sali/miha_rozic/Input_information/SNAPSHOTS/central_directory/snapshot1_0min/run15\', \'USER\': \'rozicmiha\', \'SGE_TASK_ID\': \'undefined\', \'__LMOD_REF_COUNT_CMAKE_LIBRARY_PATH\': \'/salilab/diva1/programs/x86_64linux/opencv-4.3.0/lib64:1;/salilab/diva1/programs/x86_64linux/hdf5-1.10.7/lib:1;/salilab/diva1/programs/x86_64linux/libtau-py27-1.0.1/lib64:1;/salilab/diva1/programs/x86_64linux/boost-1.73.0/lib64:1\', \'SGE_TASK_FIRST\': \'undefined\', \'NSLOTS\': \'16\', \'__LMOD_REF_COUNT_MODULEPATH\': \'/salilab/diva1/home/modules:1;/etc/modulefiles:1;/usr/share/modulefiles:1;/usr/share/modulefiles/Linux:1;/usr/share/modulefiles/Core:1;/usr/share/lmod/lmod/modulefiles/Core:1\', \'PWD\': \'/wynton/group/sali/miha_rozic/Input_information/SNAPSHOTS/central_directory/snapshot1_0min/run15\', \'HOME\': \'/wynton/home/sali/rozicmiha\', \'NQUEUES\': \'1\', \'TMP\': \'/scratch/707243.1.member.q\', \'PE\': \'smp\', \'SGE_O_HOME\': \'/wynton/home/sali/rozicmiha\', \'LMOD_VERSION\': \'8.7.32\', \'JOB_NAME\': \'test1\', \'BASH_ENV\': \'/usr/share/lmod/lmod/init/bash\', \'MPI_FORTRAN_MOD_DIR\': \'/usr/lib64/gfortran/modules/openmpi\', \'SGE_TASK_LAST\': \'undefined\', \'MKL_NUM_THREADS\': \'1\', \'MPI_COMPILER\': \'openmpi-x86_64\', \'SGE_ACCOUNT\': \'sge\', \'SGE_ROOT\': \'/opt/sge\', \'MPI_SUFFIX\': \'_openmpi\', \'TMPDIR\': \'/scratch/707243.1.member.q\', \'RESTARTED\': \'0\', \'LMOD_sys\': \'Linux\', \'_ModuleTable001_\': \'X01vZHVsZVRhYmxlXyA9IHsKTVR2ZXJzaW9uID0gMywKY19yZWJ1aWxkVGltZSA9IGZhbHNlLApjX3Nob3J0VGltZSA9IGZhbHNlLApkZXB0aFQgPSB7fSwKZmFtaWx5ID0ge30sCm1UID0gewpTYWxpID0gewpmbiA9ICIvZXRjL21vZHVsZWZpbGVzL1NhbGkubHVhIiwKZnVsbE5hbWUgPSAiU2FsaSIsCmxvYWRPcmRlciA9IDEsCnByb3BUID0ge30sCnN0YWNrRGVwdGggPSAwLApzdGF0dXMgPSAiYWN0aXZlIiwKdXNlck5hbWUgPSAiU2FsaSIsCndWID0gIk0uKnpmaW5hbCIsCn0sCmJvb3N0ID0gewpmbiA9ICIvc2FsaWxhYi9kaXZhMS9ob21lL21vZHVsZXMvYm9vc3QvMS43My4wIiwKZnVsbE5hbWUgPSAiYm9vc3QvMS43My4wIiwKbG9hZE9yZGVyID0gMywKcHJvcFQgPSB7\', \'LOADEDMODULES\': \'Sali:mpi/openmpi-x86_64:boost/1.73.0:libtau/1.0.1:hdf5/1.10.7:opencv/4.3.0:imp/2.21.0:sali-libraries:python3/numpy/1.19.5:python3/scipy/1.3.2:python3/joblib/0.17.0:python3/scikit/0.21.3\', \'SGE_O_PATH\': \'/salilab/diva1/programs/x86_64linux/numpy-py36-1.19.5/bin:/salilab/diva1/home/imp/main/20240607-af6f9d6a95/bin/release8:/salilab/diva1/programs/x86_64linux/opencv-4.3.0/bin:/salilab/diva1/programs/x86_64linux/hdf5-1.10.7/bin:/wynton/home/sali/rozicmiha/.local/bin:/wynton/home/sali/rozicmiha/bin:/wynton/group/sali/miha_rozic/Software/imp-develop/build/bin:/wynton/group/sali/miha_rozic/Software/imp-develop/build/module_bin/EMageFit:/wynton/group/sali/miha_rozic/Software/imp-develop/build/module_bin/algebra:/wynton/group/sali/miha_rozic/Software/imp-develop/build/module_bin/atom:/wynton/group/sali/miha_rozic/Software/imp-develop/build/module_bin/benchmark:/wynton/group/sali/miha_rozic/Software/imp-develop/build/module_bin/cgal:/wynton/group/sali/miha_rozic/Software/imp-develop/build/module_bin/cnmultifit:/wynton/group/sali/miha_rozic/Software/imp-develop/build/module_bin/container:/wynton/group/sali/miha_rozic/Software/imp-develop/build/module_bin/core:/wynton/group/sali/miha_rozic/Software/imp-develop/build/module_bin/display:/wynton/group/sali/miha_rozic/Software/imp-develop/build/module_bin/domino:/wynton/group/sali/miha_rozic/Software/imp-develop/build/module_bin/em:/wynton/group/sali/miha_rozic/Software/imp-develop/build/module_bin/em2d:/wynton/group/sali/miha_rozic/Software/imp-develop/build/module_bin/example:/wynton/group/sali/miha_rozic/Software/imp-develop/build/module_bin/foxs:/wynton/group/sali/miha_rozic/Software/imp-develop/build/module_bin/gsl:/wynton/group/sali/miha_rozic/Software/imp-develop/build/module_bin/integrative_docking:/wynton/group/sali/miha_rozic/Software/imp-develop/build/module_bin/isd:/wynton/group/sali/miha_rozic/Software/imp-develop/build/module_bin/kernel:/wynton/group/sali/miha_rozic/Software/imp-develop/build/module_bin/kinematics:/wynton/group/sali/miha_rozic/Software/imp-develop/build/module_bin/kmeans:/wynton/group/sali/miha_rozic/Software/imp-develop/build/module_bin/misc:/wynton/group/sali/miha_rozic/Software/imp-develop/build/module_bin/mmcif:/wynton/group/sali/miha_rozic/Software/imp-develop/build/module_bin/modeller:/wynton/group/sali/miha_rozic/Software/imp-develop/build/module_bin/mpi:/wynton/group/sali/miha_rozic/Software/imp-develop/build/module_bin/multi_state:/wynton/group/sali/miha_rozic/Software/imp-develop/build/module_bin/multifit:/wynton/group/sali/miha_rozic/Software/imp-develop/build/module_bin/npc:/wynton/group/sali/miha_rozic/Software/imp-develop/build/module_bin/npcassembly:/wynton/group/sali/miha_rozic/Software/imp-develop/build/module_bin/parallel:/wynton/group/sali/miha_rozic/Software/imp-develop/build/module_bin/pepdock:/wynton/group/sali/miha_rozic/Software/imp-develop/build/module_bin/pmi:/wynton/group/sali/miha_rozic/Software/imp-develop/build/module_bin/rmf:/wynton/group/sali/miha_rozic/Software/imp-develop/build/module_bin/rotamer:/wynton/group/sali/miha_rozic/Software/imp-develop/build/module_bin/saxs:/wynton/group/sali/miha_rozic/Software/imp-develop/build/module_bin/saxs_merge:/wynton/group/sali/miha_rozic/Software/imp-develop/build/module_bin/score_functor:/wynton/group/sali/miha_rozic/Software/imp-develop/build/module_bin/scratch:/wynton/group/sali/miha_rozic/Software/imp-develop/build/module_bin/spb:/wynton/group/sali/miha_rozic/Software/imp-develop/build/module_bin/statistics:/wynton/group/sali/miha_rozic/Software/imp-develop/build/module_bin/symmetry:/wynton/group/sali/miha_rozic/Software/imp-develop/build/module_bin/test:/opt/sge/bin:/opt/sge/bin/lx-amd64:/usr/local/bin:/usr/bin:/usr/local/sbin:/usr/sbin\', \'SGE_O_SHELL\': \'/bin/bash\', \'_ModuleTable006_\': \'bWUgPSAicHl0aG9uMy9udW1weS8xLjE5LjUiLApsb2FkT3JkZXIgPSA5LApwcm9wVCA9IHt9LApzdGFja0RlcHRoID0gMiwKc3RhdHVzID0gImFjdGl2ZSIsCnVzZXJOYW1lID0gInB5dGhvbjMvbnVtcHkvMS4xOS41IiwKd1YgPSAiMDAwMDAwMDAxLjAwMDAwMDAxOS4wMDAwMDAwMDUuKnpmaW5hbCIsCn0sClsicHl0aG9uMy9zY2lraXQiXSA9IHsKZm4gPSAiL3NhbGlsYWIvZGl2YTEvaG9tZS9tb2R1bGVzL3B5dGhvbjMvc2Npa2l0LzAuMjEuMyIsCmZ1bGxOYW1lID0gInB5dGhvbjMvc2Npa2l0LzAuMjEuMyIsCmxvYWRPcmRlciA9IDEyLApwcm9wVCA9IHt9LApzdGFja0RlcHRoID0gMCwKc3RhdHVzID0gImFjdGl2ZSIsCnVzZXJOYW1lID0gInB5dGhvbjMvc2Npa2l0LzAu\', \'__LMOD_REF_COUNT_MANPATH\': \':2;/usr/share/man/openmpi-x86_64:1;/opt/sge/man:1;/usr/share/lmod/lmod/share/man:1\', \'MPI_INCLUDE\': \'/usr/include/openmpi-x86_64\', \'_ModuleTable003_\': \'YW1lID0gImltcC8yLjIxLjAiLApsb2FkT3JkZXIgPSA3LApwcm9wVCA9IHt9LApzdGFja0RlcHRoID0gMCwKc3RhdHVzID0gImFjdGl2ZSIsCnVzZXJOYW1lID0gImltcCIsCndWID0gIl4wMDAwMDAwMi4wMDAwMDAwMjEuKnpmaW5hbCIsCn0sCmxpYnRhdSA9IHsKZm4gPSAiL3NhbGlsYWIvZGl2YTEvaG9tZS9tb2R1bGVzL2xpYnRhdS8xLjAuMSIsCmZ1bGxOYW1lID0gImxpYnRhdS8xLjAuMSIsCmxvYWRPcmRlciA9IDQsCnByb3BUID0ge30sCnN0YWNrRGVwdGggPSAxLApzdGF0dXMgPSAiYWN0aXZlIiwKdXNlck5hbWUgPSAibGlidGF1LzEuMC4xIiwKd1YgPSAiMDAwMDAwMDAxLjAwMDAwMDAwMC4wMDAwMDAwMDEuKnpmaW5hbCIsCn0sCm1waSA9IHsKZm4gPSAiL3Vzci9z\', \'LMOD_ROOT\': \'/usr/share/lmod\', \'SYSTEMCTL_SKIP_REDIRECT\': \'\', \'MAIL\': \'/var/spool/mail/rozicmiha\', \'SGE_CWD_PATH\': \'/wynton/group/sali/miha_rozic/Input_information/SNAPSHOTS/central_directory/snapshot1_0min/run15\', \'MPI_HOME\': \'/usr/lib64/openmpi\', \'_ModuleTable009_\': \'L3NoYXJlL21vZHVsZWZpbGVzOi91c3Ivc2hhcmUvbW9kdWxlZmlsZXMvTGludXg6L3Vzci9zaGFyZS9tb2R1bGVmaWxlcy9Db3JlOi91c3Ivc2hhcmUvbG1vZC9sbW9kL21vZHVsZWZpbGVzL0NvcmUiLAp9Cg==\', \'SGE_TASK_STEPSIZE\': \'undefined\', \'SHELL\': \'/bin/bash\', \'TERM\': \'\', \'_ModuleTable_Sz_\': \'9\', \'SGE_JOB_SPOOL_DIR\': \'/var/spool/sge/wynton/qb3-id157/active_jobs/707243.1\', \'JOB_ID\': \'707243\', \'IMP_EXAMPLE_DATA\': \'/wynton/group/sali/miha_rozic/Software/imp-develop/build/doc/examples\', \'R_FUTURE_AVAILABLECORES_FALLBACK\': \'1\', \'JOB_SCRIPT\': \'/var/spool/sge/wynton/qb3-id157/job_scripts/707243\', \'SHLVL\': \'2\', \'SGE_O_LOGNAME\': \'rozicmiha\', \'SGE_O_MAIL\': \'/var/spool/mail/rozicmiha\', \'PYTHONPATH\': \'/salilab/diva1/programs/x86_64linux/scikit-py36-0.21.3/lib64/python3.6/site-packages:/salilab/diva1/programs/linux/joblib-0.17.0/lib/python3.6/site-packages:/salilab/diva1/programs/x86_64linux/scipy-py36-1.3.2/lib64/python3.6/site-packages:/salilab/diva1/programs/x86_64linux/numpy-py36-1.19.5/lib64/python3.6/site-packages:/salilab/diva1/home/imp/main/20240607-af6f9d6a95/lib/release8:/salilab/diva1/programs/x86_64linux/opencv-4.3.0/lib/python3.6/site-packages:/wynton/group/sali/miha_rozic/Software/imp-develop/build/lib::\', \'MANPATH\': \':/usr/share/man/openmpi-x86_64:/opt/sge/man:/usr/share/lmod/lmod/share/man\', \'MODULEPATH\': \'/salilab/diva1/home/modules:/etc/modulefiles:/usr/share/modulefiles:/usr/share/modulefiles/Linux:/usr/share/modulefiles/Core:/usr/share/lmod/lmod/modulefiles/Core\', \'MPI_SYSCONFIG\': \'/etc/openmpi-x86_64\', \'LOGNAME\': \'rozicmiha\', \'SYSTEMCTL_IGNORE_DEPENDENCIES\': \'\', \'MODULEPATH_ROOT\': \'/usr/share/modulefiles\', \'PATH\': \'/salilab/diva1/programs/x86_64linux/numpy-py36-1.19.5/bin:/salilab/diva1/home/imp/main/20240607-af6f9d6a95/bin/release8:/salilab/diva1/programs/x86_64linux/opencv-4.3.0/bin:/salilab/diva1/programs/x86_64linux/hdf5-1.10.7/bin:/usr/lib64/openmpi/bin:/wynton/home/sali/rozicmiha/.local/bin:/wynton/home/sali/rozicmiha/bin:/wynton/group/sali/miha_rozic/Software/imp-develop/build/bin:/wynton/group/sali/miha_rozic/Software/imp-develop/build/module_bin/EMageFit:/wynton/group/sali/miha_rozic/Software/imp-develop/build/module_bin/algebra:/wynton/group/sali/miha_rozic/Software/imp-develop/build/module_bin/atom:/wynton/group/sali/miha_rozic/Software/imp-develop/build/module_bin/benchmark:/wynton/group/sali/miha_rozic/Software/imp-develop/build/module_bin/cgal:/wynton/group/sali/miha_rozic/Software/imp-develop/build/module_bin/cnmultifit:/wynton/group/sali/miha_rozic/Software/imp-develop/build/module_bin/container:/wynton/group/sali/miha_rozic/Software/imp-develop/build/module_bin/core:/wynton/group/sali/miha_rozic/Software/imp-develop/build/module_bin/display:/wynton/group/sali/miha_rozic/Software/imp-develop/build/module_bin/domino:/wynton/group/sali/miha_rozic/Software/imp-develop/build/module_bin/em:/wynton/group/sali/miha_rozic/Software/imp-develop/build/module_bin/em2d:/wynton/group/sali/miha_rozic/Software/imp-develop/build/module_bin/example:/wynton/group/sali/miha_rozic/Software/imp-develop/build/module_bin/foxs:/wynton/group/sali/miha_rozic/Software/imp-develop/build/module_bin/gsl:/wynton/group/sali/miha_rozic/Software/imp-develop/build/module_bin/integrative_docking:/wynton/group/sali/miha_rozic/Software/imp-develop/build/module_bin/isd:/wynton/group/sali/miha_rozic/Software/imp-develop/build/module_bin/kernel:/wynton/group/sali/miha_rozic/Software/imp-develop/build/module_bin/kinematics:/wynton/group/sali/miha_rozic/Software/imp-develop/build/module_bin/kmeans:/wynton/group/sali/miha_rozic/Software/imp-develop/build/module_bin/misc:/wynton/group/sali/miha_rozic/Software/imp-develop/build/module_bin/mmcif:/wynton/group/sali/miha_rozic/Software/imp-develop/build/module_bin/modeller:/wynton/group/sali/miha_rozic/Software/imp-develop/build/module_bin/mpi:/wynton/group/sali/miha_rozic/Software/imp-develop/build/module_bin/multi_state:/wynton/group/sali/miha_rozic/Software/imp-develop/build/module_bin/multifit:/wynton/group/sali/miha_rozic/Software/imp-develop/build/module_bin/npc:/wynton/group/sali/miha_rozic/Software/imp-develop/build/module_bin/npcassembly:/wynton/group/sali/miha_rozic/Software/imp-develop/build/module_bin/parallel:/wynton/group/sali/miha_rozic/Software/imp-develop/build/module_bin/pepdock:/wynton/group/sali/miha_rozic/Software/imp-develop/build/module_bin/pmi:/wynton/group/sali/miha_rozic/Software/imp-develop/build/module_bin/rmf:/wynton/group/sali/miha_rozic/Software/imp-develop/build/module_bin/rotamer:/wynton/group/sali/miha_rozic/Software/imp-develop/build/module_bin/saxs:/wynton/group/sali/miha_rozic/Software/imp-develop/build/module_bin/saxs_merge:/wynton/group/sali/miha_rozic/Software/imp-develop/build/module_bin/score_functor:/wynton/group/sali/miha_rozic/Software/imp-develop/build/module_bin/scratch:/wynton/group/sali/miha_rozic/Software/imp-develop/build/module_bin/spb:/wynton/group/sali/miha_rozic/Software/imp-develop/build/module_bin/statistics:/wynton/group/sali/miha_rozic/Software/imp-develop/build/module_bin/symmetry:/wynton/group/sali/miha_rozic/Software/imp-develop/build/module_bin/test:/opt/sge/bin:/opt/sge/bin/lx-amd64:/scratch/707243.1.member.q:/usr/local/bin:/bin:/usr/bin:/usr/local/sbin:/usr/sbin\', \'MPI_BIN\': \'/usr/lib64/openmpi/bin\', \'SGE_STDERR_PATH\': \'/wynton/group/sali/miha_rozic/Input_information/SNAPSHOTS/central_directory/snapshot1_0min/run15/test1.o707243\', \'_LMFILES_\': \'/etc/modulefiles/Sali.lua:/usr/share/modulefiles/mpi/openmpi-x86_64:/salilab/diva1/home/modules/boost/1.73.0:/salilab/diva1/home/modules/libtau/1.0.1:/salilab/diva1/home/modules/hdf5/1.10.7:/salilab/diva1/home/modules/opencv/4.3.0:/salilab/diva1/home/modules/imp/2.21.0:/salilab/diva1/home/modules/sali-libraries:/salilab/diva1/home/modules/python3/numpy/1.19.5:/salilab/diva1/home/modules/python3/scipy/1.3.2:/salilab/diva1/home/modules/python3/joblib/0.17.0:/salilab/diva1/home/modules/python3/scikit/0.21.3\', \'DEBUGINFOD_URLS\': \'https://debuginfod.centos.org/ \', \'MODULESHOME\': \'/usr/share/lmod/lmod\', \'PKG_CONFIG_PATH\': \'/usr/lib64/openmpi/lib/pkgconfig\', \'LMOD_SETTARG_FULL_SUPPORT\': \'no\', \'HISTSIZE\': \'1000\', \'SGE_ARCH\': \'lx-amd64\', \'LMOD_PKG\': \'/usr/share/lmod/lmod\', \'CMAKE_LIBRARY_PATH\': \'/salilab/diva1/programs/x86_64linux/opencv-4.3.0/lib64:/salilab/diva1/programs/x86_64linux/hdf5-1.10.7/lib:/salilab/diva1/programs/x86_64linux/libtau-py27-1.0.1/lib64:/salilab/diva1/programs/x86_64linux/boost-1.73.0/lib64\', \'ARC\': \'lx-amd64\', \'MPI_LIB\': \'/usr/lib64/openmpi/lib\', \'SGE_BINARY_PATH\': \'/opt/sge/bin/lx-amd64\', \'SGE_STDOUT_PATH\': \'/wynton/group/sali/miha_rozic/Input_information/SNAPSHOTS/central_directory/snapshot1_0min/run15/test1.o707243\', \'_ModuleTable005_\': \'bmN2LzQuMy4wIiwKd1YgPSAiMDAwMDAwMDA0LjAwMDAwMDAwMy4qemZpbmFsIiwKfSwKWyJweXRob24zL2pvYmxpYiJdID0gewpmbiA9ICIvc2FsaWxhYi9kaXZhMS9ob21lL21vZHVsZXMvcHl0aG9uMy9qb2JsaWIvMC4xNy4wIiwKZnVsbE5hbWUgPSAicHl0aG9uMy9qb2JsaWIvMC4xNy4wIiwKbG9hZE9yZGVyID0gMTEsCnByb3BUID0ge30sCnN0YWNrRGVwdGggPSAxLApzdGF0dXMgPSAiYWN0aXZlIiwKdXNlck5hbWUgPSAicHl0aG9uMy9qb2JsaWIiLAp3ViA9ICIwMDAwMDAwMDAuMDAwMDAwMDE3Lip6ZmluYWwiLAp9LApbInB5dGhvbjMvbnVtcHkiXSA9IHsKZm4gPSAiL3NhbGlsYWIvZGl2YTEvaG9tZS9tb2R1bGVzL3B5dGhvbjMvbnVtcHkvMS4xOS41IiwKZnVsbE5h\', \'LMOD_CMD\': \'/usr/share/lmod/lmod/libexec/lmod\', \'REQNAME\': \'test1\', \'IMP_BIN_DIR\': \'/wynton/group/sali/miha_rozic/Software/imp-develop/build/bin\', \'MPI_MAN\': \'/usr/share/man/openmpi-x86_64\', \'LESSOPEN\': \'||/usr/bin/lesspipe.sh %s\', \'OMP_NUM_THREADS\': \'1\', \'SGE_CLUSTER_NAME\': \'wynton_cluster\', \'LMOD_DIR\': \'/usr/share/lmod/lmod/libexec\', \'BASH_FUNC_which%%\': \'() {  ( alias;\\n eval ${which_declare} ) | /usr/bin/which --tty-only --read-alias --read-functions --show-tilde --show-dot $@\\n}\', \'BASH_FUNC_module%%\': \'() {  if [ -z "${LMOD_SH_DBG_ON+x}" ]; then\\n case "$-" in \\n *v*x*)\\n __lmod_sh_dbg=\\\'vx\\\'\\n ;;\\n *v*)\\n __lmod_sh_dbg=\\\'v\\\'\\n ;;\\n *x*)\\n __lmod_sh_dbg=\\\'x\\\'\\n ;;\\n esac;\\n fi;\\n if [ -n "${__lmod_sh_dbg:-}" ]; then\\n set +$__lmod_sh_dbg;\\n echo "Shell debugging temporarily silenced: export LMOD_SH_DBG_ON=1 for Lmod\\\'s output" 1>&2;\\n fi;\\n eval "$($LMOD_CMD shell "$@")" && eval "$(${LMOD_SETTARG_CMD:-:} -s sh)";\\n __lmod_my_status=$?;\\n if [ -n "${__lmod_sh_dbg:-}" ]; then\\n echo "Shell debugging restarted" 1>&2;\\n set -$__lmod_sh_dbg;\\n fi;\\n unset __lmod_sh_dbg;\\n return $__lmod_my_status\\n}\', \'BASH_FUNC_ml%%\': \'() {  eval "$($LMOD_DIR/ml_cmd "$@")"\\n}\', \'_\': \'/usr/lib64/openmpi/bin/mpirun\', \'IPATH_NO_BACKTRACE\': \'1\', \'HFI_NO_BACKTRACE\': \'1\', \'OMPI_MCA_orte_local_daemon_uri\': \'3803250688.0;tcp://172.26.38.157:52693\', \'OMPI_MCA_orte_hnp_uri\': \'3803250688.0;tcp://172.26.38.157:52693\', \'OMPI_MCA_mpi_oversubscribe\': \'0\', \'OMPI_MCA_orte_app_num\': \'0\', \'OMPI_UNIVERSE_SIZE\': \'16\', \'OMPI_MCA_orte_num_nodes\': \'1\', \'OMPI_MCA_shmem_RUNTIME_QUERY_hint\': \'mmap\', \'OMPI_MCA_orte_bound_at_launch\': \'1\', \'OMPI_MCA_ess\': \'^singleton\', \'OMPI_MCA_orte_ess_num_procs\': \'16\', \'OMPI_COMM_WORLD_SIZE\': \'16\', \'OMPI_COMM_WORLD_LOCAL_SIZE\': \'16\', \'OMPI_MCA_orte_tmpdir_base\': \'/scratch/707243.1.member.q\', \'OMPI_MCA_orte_top_session_dir\': \'/scratch/707243.1.member.q/ompi.qb3-id157.11149\', \'OMPI_MCA_orte_jobfam_session_dir\': \'/scratch/707243.1.member.q/ompi.qb3-id157.11149/pid.3058347\', \'OMPI_NUM_APP_CTX\': \'1\', \'OMPI_FIRST_RANKS\': \'0\', \'OMPI_APP_CTX_NUM_PROCS\': \'16\', \'OMPI_MCA_initial_wdir\': \'/wynton/group/sali/miha_rozic/Input_information/SNAPSHOTS/central_directory/snapshot1_0min/run15\', \'OMPI_MCA_orte_launch\': \'1\', \'PMIX_NAMESPACE\': \'3803250689\', \'PMIX_RANK\': \'9\', \'PMIX_SERVER_URI2\': \'3803250688.0;tcp4://127.0.0.1:51881\', \'PMIX_SERVER_URI21\': \'3803250688.0;tcp4://127.0.0.1:51881\', \'PMIX_SECURITY_MODE\': \'native,none\', \'PMIX_PTL_MODULE\': \'tcp,usock\', \'PMIX_BFROP_BUFFER_TYPE\': \'PMIX_BFROP_BUFFER_NON_DESC\', \'PMIX_GDS_MODULE\': \'ds21,ds12,hash\', \'PMIX_SERVER_TMPDIR\': \'/scratch/707243.1.member.q/ompi.qb3-id157.11149/pid.3058347\', \'PMIX_SYSTEM_TMPDIR\': \'/scratch/707243.1.member.q\', \'PMIX_DSTORE_21_BASE_PATH\': \'/scratch/707243.1.member.q/ompi.qb3-id157.11149/pid.3058347/pmix_dstor_ds21_3058347\', \'PMIX_DSTORE_ESH_BASE_PATH\': \'/scratch/707243.1.member.q/ompi.qb3-id157.11149/pid.3058347/pmix_dstor_ds12_3058347\', \'OMPI_MCA_ess_base_jobid\': \'3803250689\', \'OMPI_MCA_ess_base_vpid\': \'9\', \'OMPI_COMM_WORLD_RANK\': \'9\', \'OMPI_COMM_WORLD_LOCAL_RANK\': \'9\', \'OMPI_COMM_WORLD_NODE_RANK\': \'9\', \'OMPI_MCA_orte_ess_node_rank\': \'9\', \'PMIX_ID\': \'3803250689.9\', \'OMPI_FILE_LOCATION\': \'/scratch/707243.1.member.q/ompi.qb3-id157.11149/pid.3058347/0/0\', \'KMP_DUPLICATE_LIB_OK\': \'True\', \'KMP_INIT_AT_FORK\': \'FALSE\'})', 'STAT2HEADER_IMP_VERSIONS': "{'IMP_VERSION': '2.21.0', 'PMI_VERSION': '2.21.0'}", 0: 'ReplicaExchange_SwapSuccessRatio', 1: 'ReplicaExchange_MinTempFrequency', 2: 'ReplicaExchange_MaxTempFrequency', 3: 'ReplicaExchange_CurrentTemp', 4: 'score'} 
{0: '0', 1: '0', 2: '0', 3: '1.7328621078878674', 4: inf} 
{0: '0.0', 1: '0.0', 2: '0.0', 3: '1.7328621078878674', 4: inf} 
{0: '0.0', 1: '0.0', 2: '0.0', 3: '1.7328621078878674', 4: inf} 
{0: '0.0', 1: '0.0', 2: '0.0', 3: '1.7328621078878674', 4: inf} 
{0: '0.0', 1: '0.0', 2: '0.0', 3: '1.7328621078878674', 4: inf} 
{0: '0.0', 1: '0.0', 2: '0.0', 3: '1.7328621078878674', 4: inf} 
{0: '0.0', 1: '0.0', 2: '0.0', 3: '1.7328621078878674', 4: inf} 
{0: '0.0', 1: '0.0', 2: '0.0', 3: '1.7328621078878674', 4: inf} 
{0: '0.0', 1: '0.0', 2: '0.0', 3: '1.7328621078878674', 4: inf} 
{0: '0.0', 1: '0.0', 2: '0.0', 3: '1.7328621078878674', 4: inf} 
{0: '0.0', 1: '0.0', 2: '0.0', 3: '1.7328621078878674', 4: inf} 
{0: '0.0', 1: '0.0', 2: '0.0', 3: '1.7328621078878674', 4: inf} 
{0: '0.0', 1: '0.0', 2: '0.0', 3: '1.7328621078878674', 4: inf} 
{0: '0.0', 1: '0.0', 2: '0.0', 3: '1.7328621078878674', 4: inf} 
{0: '0.0', 1: '0.0', 2: '0.0', 3: '1.7328621078878674', 4: inf} 
{0: '0.0', 1: '0.0', 2: '0.0', 3: '1.7328621078878674', 4: inf} 
{0: '0.0', 1: '0.0', 2: '0.0', 3: '1.7328621078878674', 4: inf} 
{0: '0.0', 1: '0.0', 2: '0.0', 3: '1.7328621078878674', 4: inf} 
{0: '0.0', 1: '0.0', 2: '0.0', 3: '1.7328621078878674', 4: inf} 
{0: '0.0', 1: '0.0', 2: '0.0', 3: '1.7328621078878674', 4: inf} 
{0: '0.0', 1: '0.0', 2: '0.0', 3: '1.7328621078878674', 4: inf} 
{0: '0.0', 1: '0.0', 2: '0.0', 3: '1.7328621078878674', 4: inf} 
{0: '0.0', 1: '0.0', 2: '0.0', 3: '1.7328621078878674', 4: inf} 
{0: '0.0', 1: '0.0', 2: '0.0', 3: '1.7328621078878674', 4: inf} 
{0: '0.0', 1: '0.0', 2: '0.0', 3: '1.7328621078878674', 4: 5363.274111054357} 
{0: '0.0', 1: '0.0', 2: '0.0', 3: '1.7328621078878674', 4: 752.0398112947837} 
{0: '0.038461538461538464', 1: '0.0', 2: '0.0', 3: '1.842015749320195', 4: 471.5528620038469} 
{0: '0.07407407407407407', 1: '0.0', 2: '0.0', 3: '1.958045020027179', 4: 345.91182718144444} 
{0: '0.07142857142857142', 1: '0.0', 2: '0.0', 3: '1.958045020027179', 4: 303.9827867309384} 
{0: '0.10344827586206896', 1: '0.0', 2: '0.0', 3: '1.842015749320195', 4: 233.68328065623706} 
{0: '0.13333333333333333', 1: '0.0', 2: '0.0', 3: '1.7328621078878674', 4: 235.3671652253756} 
{0: '0.16129032258064516', 1: '0.0', 2: '0.0', 3: '1.6301766616608926', 4: 247.21589949621443} 
{0: '0.1875', 1: '0.0', 2: '0.0', 3: '1.5335761201812925', 4: 236.53273648965776} 
{0: '0.21212121212121213', 1: '0.0', 2: '0.0', 3: '1.4426999059072143', 4: 234.354961717942} 
{0: '0.23529411764705882', 1: '0.0', 2: '0.0', 3: '1.3572088082974538', 4: 229.79703476423003} 
{0: '0.2571428571428571', 1: '0.0', 2: '0.0', 3: '1.2767837176518553', 4: 234.3663416929034} 
{0: '0.2777777777777778', 1: '0.0', 2: '0.0', 3: '1.2011244339814315', 4: 228.97046586295957} 
{0: '0.2972972972972973', 1: '0.0', 2: '0.0', 3: '1.1299485464621188', 4: 229.10932127427304} 
{0: '0.3157894736842105', 1: '0.0', 2: '0.0', 3: '1.0629903792895394', 4: 228.32407123449488} 
{0: '0.3333333333333333', 1: '0.0', 2: '0.0', 3: '1.0', 4: 233.80425977812484} 
{0: '0.325', 1: '0.025', 2: '0.0', 3: '1.0', 4: 233.24099748883575} 
{0: '0.3170731707317073', 1: '0.04878048780487805', 2: '0.0', 3: '1.0', 4: 232.81412583230852} 
{0: '0.30952380952380953', 1: '0.07142857142857142', 2: '0.0', 3: '1.0', 4: 228.9026407657129} 
{0: '0.3023255813953488', 1: '0.09302325581395349', 2: '0.0', 3: '1.0', 4: 229.59637995992495} 
{0: '0.29545454545454547', 1: '0.11363636363636363', 2: '0.0', 3: '1.0', 4: 227.71045758147204} 
{0: '0.28888888888888886', 1: '0.13333333333333333', 2: '0.0', 3: '1.0', 4: 232.71205777298468} 
{0: '0.2826086956521739', 1: '0.15217391304347827', 2: '0.0', 3: '1.0', 4: 229.89971336570886} 
{0: '0.2765957446808511', 1: '0.1702127659574468', 2: '0.0', 3: '1.0', 4: 232.5505978148216} 
{0: '0.2708333333333333', 1: '0.1875', 2: '0.0', 3: '1.0', 4: 229.0827435087768} 
{0: '0.2653061224489796', 1: '0.20408163265306123', 2: '0.0', 3: '1.0', 4: 231.5866399819656} 
{0: '0.26', 1: '0.22', 2: '0.0', 3: '1.0', 4: 236.73100757614375} 
{0: '0.2549019607843137', 1: '0.23529411764705882', 2: '0.0', 3: '1.0', 4: 233.9088698576148} 
{0: '0.25', 1: '0.25', 2: '0.0', 3: '1.0', 4: 228.7246798032874} 
{0: '0.24528301886792453', 1: '0.2641509433962264', 2: '0.0', 3: '1.0', 4: 232.03255401624867} 
{0: '0.24074074074074073', 1: '0.2777777777777778', 2: '0.0', 3: '1.0', 4: 229.65576089076387} 
{0: '0.23636363636363636', 1: '0.2909090909090909', 2: '0.0', 3: '1.0', 4: 230.8052678831009} 
{0: '0.23214285714285715', 1: '0.30357142857142855', 2: '0.0', 3: '1.0', 4: 229.57785441229942} 
{0: '0.22807017543859648', 1: '0.3157894736842105', 2: '0.0', 3: '1.0', 4: 229.58704349774504} 
{0: '0.22413793103448276', 1: '0.3275862068965517', 2: '0.0', 3: '1.0', 4: 229.5679797022534} 
{0: '0.22033898305084745', 1: '0.3389830508474576', 2: '0.0', 3: '1.0', 4: 232.40951520126546} 
{0: '0.21666666666666667', 1: '0.35', 2: '0.0', 3: '1.0', 4: 229.09511970570932} 
{0: '0.21311475409836064', 1: '0.36065573770491804', 2: '0.0', 3: '1.0', 4: 229.02397659761832} 
{0: '0.20967741935483872', 1: '0.3709677419354839', 2: '0.0', 3: '1.0', 4: 226.53728491335067} 
{0: '0.20634920634920634', 1: '0.38095238095238093', 2: '0.0', 3: '1.0', 4: 230.3525350334653} 
{0: '0.203125', 1: '0.390625', 2: '0.0', 3: '1.0', 4: 231.499440227056} 
{0: '0.2', 1: '0.4', 2: '0.0', 3: '1.0', 4: 228.87147897041282} 
{0: '0.19696969696969696', 1: '0.4090909090909091', 2: '0.0', 3: '1.0', 4: 230.0495390381265} 
{0: '0.19402985074626866', 1: '0.417910447761194', 2: '0.0', 3: '1.0', 4: 227.624929789103} 
{0: '0.19117647058823528', 1: '0.4264705882352941', 2: '0.0', 3: '1.0', 4: 226.93385124032758} 
{0: '0.18840579710144928', 1: '0.43478260869565216', 2: '0.0', 3: '1.0', 4: 230.26407553755675} 
{0: '0.18571428571428572', 1: '0.44285714285714284', 2: '0.0', 3: '1.0', 4: 227.90371698813595} 
{0: '0.18309859154929578', 1: '0.4507042253521127', 2: '0.0', 3: '1.0', 4: 236.74041182059707} 
{0: '0.18055555555555555', 1: '0.4583333333333333', 2: '0.0', 3: '1.0', 4: 228.3612291425549} 
{0: '0.1780821917808219', 1: '0.4657534246575342', 2: '0.0', 3: '1.0', 4: 226.92300953476888} 
{0: '0.17567567567567569', 1: '0.47297297297297297', 2: '0.0', 3: '1.0', 4: 229.2111767151716} 
{0: '0.17333333333333334', 1: '0.48', 2: '0.0', 3: '1.0', 4: 227.91269117752228} 
{0: '0.17105263157894737', 1: '0.4868421052631579', 2: '0.0', 3: '1.0', 4: 230.86640828642635} 
{0: '0.16883116883116883', 1: '0.4935064935064935', 2: '0.0', 3: '1.0', 4: 231.44523322948885} 
{0: '0.16666666666666666', 1: '0.5', 2: '0.0', 3: '1.0', 4: 228.6096524187222} 
{0: '0.16455696202531644', 1: '0.5063291139240507', 2: '0.0', 3: '1.0', 4: 230.3765691405912} 
{0: '0.1625', 1: '0.5125', 2: '0.0', 3: '1.0', 4: 230.62187846081287} 
{0: '0.16049382716049382', 1: '0.5185185185185185', 2: '0.0', 3: '1.0', 4: 228.13510551753467} 
{0: '0.15853658536585366', 1: '0.524390243902439', 2: '0.0', 3: '1.0', 4: 229.96167392659856} 
{0: '0.1566265060240964', 1: '0.5301204819277109', 2: '0.0', 3: '1.0', 4: 228.85924710658676} 
{0: '0.15476190476190477', 1: '0.5357142857142857', 2: '0.0', 3: '1.0', 4: 230.499350079029} 
{0: '0.15294117647058825', 1: '0.5411764705882353', 2: '0.0', 3: '1.0', 4: 229.24372088984666} 
{0: '0.1511627906976744', 1: '0.5465116279069767', 2: '0.0', 3: '1.0', 4: 229.05825114379454} 
{0: '0.14942528735632185', 1: '0.5517241379310345', 2: '0.0', 3: '1.0', 4: 228.61609368342107} 
{0: '0.14772727272727273', 1: '0.5568181818181818', 2: '0.0', 3: '1.0', 4: 229.01663842621298} 
{0: '0.14606741573033707', 1: '0.5617977528089888', 2: '0.0', 3: '1.0', 4: 234.29842949200372} 
{0: '0.14444444444444443', 1: '0.5666666666666667', 2: '0.0', 3: '1.0', 4: 235.20218110145407} 
{0: '0.14285714285714285', 1: '0.5714285714285714', 2: '0.0', 3: '1.0', 4: 230.89907593183258} 
{0: '0.14130434782608695', 1: '0.5760869565217391', 2: '0.0', 3: '1.0', 4: 225.9388078983627} 
{0: '0.13978494623655913', 1: '0.5806451612903226', 2: '0.0', 3: '1.0', 4: 224.8079548937096} 
{0: '0.13829787234042554', 1: '0.5851063829787234', 2: '0.0', 3: '1.0', 4: 228.9424406026848} 
{0: '0.1368421052631579', 1: '0.5894736842105263', 2: '0.0', 3: '1.0', 4: 230.71702467939468} 
{0: '0.13541666666666666', 1: '0.59375', 2: '0.0', 3: '1.0', 4: 232.74557465324543} 
{0: '0.13402061855670103', 1: '0.5979381443298969', 2: '0.0', 3: '1.0', 4: 228.9398605658908} 
{0: '0.1326530612244898', 1: '0.6020408163265306', 2: '0.0', 3: '1.0', 4: 228.14347620540337} 
{0: '0.13131313131313133', 1: '0.6060606060606061', 2: '0.0', 3: '1.0', 4: 231.33209561913927} 
{0: '0.13', 1: '0.61', 2: '0.0', 3: '1.0', 4: 233.81390167555517} 
{0: '0.12871287128712872', 1: '0.6138613861386139', 2: '0.0', 3: '1.0', 4: 230.9270193370315} 
{0: '0.12745098039215685', 1: '0.6176470588235294', 2: '0.0', 3: '1.0', 4: 229.44294783094372} 
{0: '0.1262135922330097', 1: '0.6213592233009708', 2: '0.0', 3: '1.0', 4: 230.6813397508655} 
{0: '0.125', 1: '0.625', 2: '0.0', 3: '1.0', 4: 231.57799019122078} 
{0: '0.12380952380952381', 1: '0.6285714285714286', 2: '0.0', 3: '1.0', 4: 232.27528354655132} 
{0: '0.12264150943396226', 1: '0.6320754716981132', 2: '0.0', 3: '1.0', 4: 229.36155878808827} 
{0: '0.12149532710280374', 1: '0.6355140186915887', 2: '0.0', 3: '1.0', 4: 229.2250909503843} 
{0: '0.12037037037037036', 1: '0.6388888888888888', 2: '0.0', 3: '1.0', 4: 230.47599166122967} 
{0: '0.12844036697247707', 1: '0.6422018348623854', 2: '0.0', 3: '1.0629903792895394', 4: 228.12344185665793} 
{0: '0.12727272727272726', 1: '0.6363636363636364', 2: '0.0', 3: '1.0629903792895394', 4: 231.3111572256712} 
{0: '0.12612612612612611', 1: '0.6306306306306306', 2: '0.0', 3: '1.0629903792895394', 4: 233.08135215195003} 
{0: '0.125', 1: '0.625', 2: '0.0', 3: '1.0629903792895394', 4: 231.5427048171837} 
{0: '0.13274336283185842', 1: '0.6194690265486725', 2: '0.0', 3: '1.0', 4: 227.11633740979065} 
{0: '0.13157894736842105', 1: '0.6228070175438597', 2: '0.0', 3: '1.0', 4: 236.0306926593721} 
{0: '0.1391304347826087', 1: '0.6260869565217392', 2: '0.0', 3: '1.0629903792895394', 4: 232.11650731383548} 
{0: '0.13793103448275862', 1: '0.6206896551724138', 2: '0.0', 3: '1.0629903792895394', 4: 229.39399171352082} 
{0: '0.1452991452991453', 1: '0.6153846153846154', 2: '0.0', 3: '1.0', 4: 228.7749252406336} 
{0: '0.1440677966101695', 1: '0.6186440677966102', 2: '0.0', 3: '1.0', 4: 230.94979024690804} 
{0: '0.15126050420168066', 1: '0.6218487394957983', 2: '0.0', 3: '1.0629903792895394', 4: 227.26373723373857} 
{0: '0.15', 1: '0.6166666666666667', 2: '0.0', 3: '1.0629903792895394', 4: 225.82109288796056} 
{0: '0.15702479338842976', 1: '0.6115702479338843', 2: '0.0', 3: '1.0', 4: 230.86771390749027} 
{0: '0.1557377049180328', 1: '0.6147540983606558', 2: '0.0', 3: '1.0', 4: 226.93561858998004} 
{0: '0.15447154471544716', 1: '0.6178861788617886', 2: '0.0', 3: '1.0', 4: 227.73360145492452} 
{0: '0.1532258064516129', 1: '0.6209677419354839', 2: '0.0', 3: '1.0', 4: 228.56127293608816} 
{0: '0.16', 1: '0.624', 2: '0.0', 3: '1.0629903792895394', 4: 229.82725953330268} 
{0: '0.15873015873015872', 1: '0.6190476190476191', 2: '0.0', 3: '1.0629903792895394', 4: 229.68875250425415} 
{0: '0.16535433070866143', 1: '0.6141732283464567', 2: '0.0', 3: '1.0', 4: 230.24606763468117} 
{0: '0.1640625', 1: '0.6171875', 2: '0.0', 3: '1.0', 4: 227.97142989357212} 
{0: '0.17054263565891473', 1: '0.6201550387596899', 2: '0.0', 3: '1.0629903792895394', 4: 234.35365924830475} 
{0: '0.16923076923076924', 1: '0.6153846153846154', 2: '0.0', 3: '1.0629903792895394', 4: 231.1220832467497} 
{0: '0.17557251908396945', 1: '0.6106870229007634', 2: '0.0', 3: '1.0', 4: 234.40436641409354} 
{0: '0.17424242424242425', 1: '0.6136363636363636', 2: '0.0', 3: '1.0', 4: 230.6300996454927} 
{0: '0.18045112781954886', 1: '0.6165413533834586', 2: '0.0', 3: '1.0629903792895394', 4: 229.60598093845024} 
{0: '0.1791044776119403', 1: '0.6119402985074627', 2: '0.0', 3: '1.0629903792895394', 4: 229.5227625074987} 
{0: '0.18518518518518517', 1: '0.6074074074074074', 2: '0.0', 3: '1.0', 4: 234.3055363423054} 
{0: '0.18382352941176472', 1: '0.6102941176470589', 2: '0.0', 3: '1.0', 4: 234.1690299791958} 
{0: '0.1897810218978102', 1: '0.6131386861313869', 2: '0.0', 3: '1.0629903792895394', 4: 229.19561525563475} 
{0: '0.18840579710144928', 1: '0.6086956521739131', 2: '0.0', 3: '1.0629903792895394', 4: 229.01526568602884} 
{0: '0.19424460431654678', 1: '0.60431654676259', 2: '0.0', 3: '1.0', 4: 232.25380284830388} 
{0: '0.19285714285714287', 1: '0.6071428571428571', 2: '0.0', 3: '1.0', 4: 229.61531073507035} 
{0: '0.19858156028368795', 1: '0.6099290780141844', 2: '0.0', 3: '1.0629903792895394', 4: 229.0232194944902} 
{0: '0.19718309859154928', 1: '0.6056338028169014', 2: '0.0', 3: '1.0629903792895394', 4: 230.55274419299442} 
{0: '0.20279720279720279', 1: '0.6013986013986014', 2: '0.0', 3: '1.0', 4: 230.39249785951364} 
{0: '0.2013888888888889', 1: '0.6041666666666666', 2: '0.0', 3: '1.0', 4: 228.06954200318228} 
{0: '0.20689655172413793', 1: '0.6068965517241379', 2: '0.0', 3: '1.0629903792895394', 4: 231.12984817827737} 
{0: '0.2054794520547945', 1: '0.6027397260273972', 2: '0.0', 3: '1.0629903792895394', 4: 228.30887661341092} 
{0: '0.2108843537414966', 1: '0.5986394557823129', 2: '0.0', 3: '1.0', 4: 229.78137701151294} 
{0: '0.20945945945945946', 1: '0.6013513513513513', 2: '0.0', 3: '1.0', 4: 230.64277137281593} 
{0: '0.21476510067114093', 1: '0.6040268456375839', 2: '0.0', 3: '1.0629903792895394', 4: 236.59100544277902} 
{0: '0.21333333333333335', 1: '0.6', 2: '0.0', 3: '1.0629903792895394', 4: 230.51218260514733} 
{0: '0.2119205298013245', 1: '0.5960264900662252', 2: '0.0', 3: '1.0629903792895394', 4: 226.67676424668295} 
{0: '0.21052631578947367', 1: '0.5921052631578947', 2: '0.0', 3: '1.0629903792895394', 4: 226.26700674015623} 
{0: '0.21568627450980393', 1: '0.5882352941176471', 2: '0.0', 3: '1.0', 4: 227.19937533057896} 
{0: '0.21428571428571427', 1: '0.5909090909090909', 2: '0.0', 3: '1.0', 4: 227.49499367783548} 
{0: '0.21935483870967742', 1: '0.5935483870967742', 2: '0.0', 3: '1.0629903792895394', 4: 226.78856914045508} 
{0: '0.21794871794871795', 1: '0.5897435897435898', 2: '0.0', 3: '1.0629903792895394', 4: 232.9912061018975} 
{0: '0.2229299363057325', 1: '0.5859872611464968', 2: '0.0', 3: '1.0', 4: 226.6301179416419} 
{0: '0.22151898734177214', 1: '0.5886075949367089', 2: '0.0', 3: '1.0', 4: 229.14075981765515} 
{0: '0.22641509433962265', 1: '0.5911949685534591', 2: '0.0', 3: '1.0629903792895394', 4: 235.15616209362366} 
{0: '0.225', 1: '0.5875', 2: '0.0', 3: '1.0629903792895394', 4: 229.72659392270108} 
{0: '0.22981366459627328', 1: '0.5838509316770186', 2: '0.0', 3: '1.0', 4: 230.091985436498} 
{0: '0.22839506172839505', 1: '0.5864197530864198', 2: '0.0', 3: '1.0', 4: 230.57777904469765} 
{0: '0.2331288343558282', 1: '0.588957055214724', 2: '0.0', 3: '1.0629903792895394', 4: 232.50596175594606} 
{0: '0.23170731707317074', 1: '0.5853658536585366', 2: '0.0', 3: '1.0629903792895394', 4: 231.97923300338022} 
{0: '0.23636363636363636', 1: '0.5818181818181818', 2: '0.0', 3: '1.0', 4: 229.69248416417602} 
{0: '0.23493975903614459', 1: '0.5843373493975904', 2: '0.0', 3: '1.0', 4: 230.16272868238718} 
{0: '0.23353293413173654', 1: '0.5868263473053892', 2: '0.0', 3: '1.0', 4: 229.90937008874064} 
{0: '0.23214285714285715', 1: '0.5892857142857143', 2: '0.0', 3: '1.0', 4: 230.93390554636593} 
{0: '0.23668639053254437', 1: '0.591715976331361', 2: '0.0', 3: '1.0629903792895394', 4: 235.2899768545153} 
{0: '0.23529411764705882', 1: '0.5882352941176471', 2: '0.0', 3: '1.0629903792895394', 4: 236.1878372550055} 
{0: '0.23976608187134502', 1: '0.5847953216374269', 2: '0.0', 3: '1.0', 4: 234.02004992816214} 
{0: '0.23837209302325582', 1: '0.5872093023255814', 2: '0.0', 3: '1.0', 4: 230.67481237755362} 
{0: '0.24277456647398843', 1: '0.5895953757225434', 2: '0.0', 3: '1.0629903792895394', 4: 230.2142370908899} 
{0: '0.2413793103448276', 1: '0.5862068965517241', 2: '0.0', 3: '1.0629903792895394', 4: 227.6583672431293} 
{0: '0.24571428571428572', 1: '0.5828571428571429', 2: '0.0', 3: '1.0', 4: 229.83723216061136} 
{0: '0.24431818181818182', 1: '0.5852272727272727', 2: '0.0', 3: '1.0', 4: 230.39286367308992} 
{0: '0.24858757062146894', 1: '0.5875706214689266', 2: '0.0', 3: '1.0629903792895394', 4: 230.3022175221041} 
{0: '0.24719101123595505', 1: '0.5842696629213483', 2: '0.0', 3: '1.0629903792895394', 4: 230.78309030079095} 
{0: '0.25139664804469275', 1: '0.5810055865921788', 2: '0.0', 3: '1.0', 4: 229.54217422929042} 
{0: '0.25', 1: '0.5833333333333334', 2: '0.0', 3: '1.0', 4: 232.66453818041373} 
{0: '0.2541436464088398', 1: '0.585635359116022', 2: '0.0', 3: '1.0629903792895394', 4: 231.8483166624273} 
{0: '0.25274725274725274', 1: '0.5824175824175825', 2: '0.0', 3: '1.0629903792895394', 4: 230.22043244982365} 
{0: '0.2568306010928962', 1: '0.5792349726775956', 2: '0.0', 3: '1.0', 4: 229.14651209938495} 
{0: '0.2554347826086957', 1: '0.5815217391304348', 2: '0.0', 3: '1.0', 4: 226.61078901953297} 
{0: '0.2594594594594595', 1: '0.5837837837837838', 2: '0.0', 3: '1.0629903792895394', 4: 226.76177811912575} 
{0: '0.25806451612903225', 1: '0.5806451612903226', 2: '0.0', 3: '1.0629903792895394', 4: 227.17888614078817} 
{0: '0.2620320855614973', 1: '0.5775401069518716', 2: '0.0', 3: '1.0', 4: 225.8547652656872} 
{0: '0.26063829787234044', 1: '0.5797872340425532', 2: '0.0', 3: '1.0', 4: 233.08211009032541} 
{0: '0.26455026455026454', 1: '0.582010582010582', 2: '0.0', 3: '1.0629903792895394', 4: 232.30978061607942} 
{0: '0.2631578947368421', 1: '0.5789473684210527', 2: '0.0', 3: '1.0629903792895394', 4: 233.9735847403576} 
{0: '0.2670157068062827', 1: '0.5759162303664922', 2: '0.0', 3: '1.0', 4: 232.90597591340716} 
{0: '0.265625', 1: '0.578125', 2: '0.0', 3: '1.0', 4: 229.9728614547552} 
{0: '0.2694300518134715', 1: '0.5803108808290155', 2: '0.0', 3: '1.0629903792895394', 4: 229.73153130039992} 
{0: '0.26804123711340205', 1: '0.5773195876288659', 2: '0.0', 3: '1.0629903792895394', 4: 233.69060202441133} 
{0: '0.2717948717948718', 1: '0.5743589743589743', 2: '0.0', 3: '1.0', 4: 230.80337354065725} 
{0: '0.27040816326530615', 1: '0.576530612244898', 2: '0.0', 3: '1.0', 4: 231.28822105939227} 
{0: '0.27411167512690354', 1: '0.5786802030456852', 2: '0.0', 3: '1.0629903792895394', 4: 230.1186422793335} 
{0: '0.2727272727272727', 1: '0.5757575757575758', 2: '0.0', 3: '1.0629903792895394', 4: 230.7255746217725} 
{0: '0.27638190954773867', 1: '0.5728643216080402', 2: '0.0', 3: '1.0', 4: 226.20818433777768} 
{0: '0.275', 1: '0.575', 2: '0.0', 3: '1.0', 4: 232.84691339748525} 
{0: '0.27860696517412936', 1: '0.5771144278606966', 2: '0.0', 3: '1.0629903792895394', 4: 232.91897780244443} 
{0: '0.27722772277227725', 1: '0.5742574257425742', 2: '0.0', 3: '1.0629903792895394', 4: 229.28176580453487} 
{0: '0.28078817733990147', 1: '0.5714285714285714', 2: '0.0', 3: '1.0', 4: 226.1878330263167} 
{0: '0.27941176470588236', 1: '0.5735294117647058', 2: '0.0', 3: '1.0', 4: 235.12156046148968} 
{0: '0.28292682926829266', 1: '0.5756097560975609', 2: '0.0', 3: '1.0629903792895394', 4: 230.3148157947224} 
{0: '0.2815533980582524', 1: '0.5728155339805825', 2: '0.0', 3: '1.0629903792895394', 4: 229.7807485827901} 
{0: '0.28502415458937197', 1: '0.5700483091787439', 2: '0.0', 3: '1.0', 4: 230.13594559453506} 
{0: '0.28365384615384615', 1: '0.5721153846153846', 2: '0.0', 3: '1.0', 4: 229.69937761686256} 
{0: '0.28708133971291866', 1: '0.5741626794258373', 2: '0.0', 3: '1.0629903792895394', 4: 228.13002474555734} 
{0: '0.2857142857142857', 1: '0.5714285714285714', 2: '0.0', 3: '1.0629903792895394', 4: 228.9989933167614} 
{0: '0.2890995260663507', 1: '0.5687203791469194', 2: '0.0', 3: '1.0', 4: 230.03524962222437} 
{0: '0.28773584905660377', 1: '0.5707547169811321', 2: '0.0', 3: '1.0', 4: 229.964486750502} 
{0: '0.29107981220657275', 1: '0.5727699530516432', 2: '0.0', 3: '1.0629903792895394', 4: 229.03580383387583} 
{0: '0.2897196261682243', 1: '0.5700934579439252', 2: '0.0', 3: '1.0629903792895394', 4: 229.15515846885273} 
{0: '0.2930232558139535', 1: '0.5674418604651162', 2: '0.0', 3: '1.0', 4: 232.79364637302416} 
{0: '0.2916666666666667', 1: '0.5694444444444444', 2: '0.0', 3: '1.0', 4: 231.65854001128363} 
{0: '0.29493087557603687', 1: '0.5714285714285714', 2: '0.0', 3: '1.0629903792895394', 4: 230.48655489290923} 
{0: '0.29357798165137616', 1: '0.5688073394495413', 2: '0.0', 3: '1.0629903792895394', 4: 232.95777592979542} 
{0: '0.2968036529680365', 1: '0.5662100456621004', 2: '0.0', 3: '1.0', 4: 228.0247707696932} 
{0: '0.29545454545454547', 1: '0.5681818181818182', 2: '0.0', 3: '1.0', 4: 230.58105125189883} 
{0: '0.2986425339366516', 1: '0.5701357466063348', 2: '0.0', 3: '1.0629903792895394', 4: 230.00656807423096} 
{0: '0.2972972972972973', 1: '0.5675675675675675', 2: '0.0', 3: '1.0629903792895394', 4: 233.4685401739066} 
{0: '0.29596412556053814', 1: '0.5650224215246636', 2: '0.0', 3: '1.0629903792895394', 4: 234.18998744911516} 
{0: '0.29464285714285715', 1: '0.5625', 2: '0.0', 3: '1.0629903792895394', 4: 231.12032531620233} 
{0: '0.29777777777777775', 1: '0.56', 2: '0.0', 3: '1.0', 4: 229.26484456051864} 
{0: '0.29646017699115046', 1: '0.5619469026548672', 2: '0.0', 3: '1.0', 4: 228.41457464732517} 
{0: '0.29955947136563876', 1: '0.5638766519823789', 2: '0.0', 3: '1.0629903792895394', 4: 226.64607721222825} 
{0: '0.2982456140350877', 1: '0.5614035087719298', 2: '0.0', 3: '1.0629903792895394', 4: 232.79840082392153} 
{0: '0.30131004366812225', 1: '0.5589519650655022', 2: '0.0', 3: '1.0', 4: 226.44254160812775} 
{0: '0.3', 1: '0.5608695652173913', 2: '0.0', 3: '1.0', 4: 233.08168620785682} 
{0: '0.30303030303030304', 1: '0.5627705627705628', 2: '0.0', 3: '1.0629903792895394', 4: 228.98413235259778} 
{0: '0.3017241379310345', 1: '0.5603448275862069', 2: '0.0', 3: '1.0629903792895394', 4: 228.29159573537368} 
{0: '0.30472103004291845', 1: '0.5579399141630901', 2: '0.0', 3: '1.0', 4: 231.83266401988837} 
{0: '0.3034188034188034', 1: '0.5598290598290598', 2: '0.0', 3: '1.0', 4: 232.05096761219156} 
{0: '0.30638297872340425', 1: '0.5617021276595745', 2: '0.0', 3: '1.0629903792895394', 4: 226.53353848121932} 
{0: '0.3050847457627119', 1: '0.559322033898305', 2: '0.0', 3: '1.0629903792895394', 4: 227.67061582200128} 
{0: '0.3080168776371308', 1: '0.5569620253164557', 2: '0.0', 3: '1.0', 4: 226.4341340713179} 
{0: '0.3067226890756303', 1: '0.5588235294117647', 2: '0.0', 3: '1.0', 4: 229.0889373339473} 
{0: '0.30962343096234307', 1: '0.5606694560669456', 2: '0.0', 3: '1.0629903792895394', 4: 230.9528952183888} 
{0: '0.30833333333333335', 1: '0.5583333333333333', 2: '0.0', 3: '1.0629903792895394', 4: 228.6386270246311} 
{0: '0.3112033195020747', 1: '0.5560165975103735', 2: '0.0', 3: '1.0', 4: 233.43881621764473} 
{0: '0.30991735537190085', 1: '0.5578512396694215', 2: '0.0', 3: '1.0', 4: 230.745712139341} 
{0: '0.31275720164609055', 1: '0.5596707818930041', 2: '0.0', 3: '1.0629903792895394', 4: 231.57078044285862} 
{0: '0.3155737704918033', 1: '0.5573770491803278', 2: '0.0', 3: '1.1299485464621188', 4: 228.7203097672159} 
{0: '0.3142857142857143', 1: '0.5551020408163265', 2: '0.0', 3: '1.1299485464621188', 4: 240.89250171271183} 
{0: '0.3170731707317073', 1: '0.5528455284552846', 2: '0.0', 3: '1.0629903792895394', 4: 236.33881589392533} 
{0: '0.31983805668016196', 1: '0.5506072874493927', 2: '0.0', 3: '1.0', 4: 229.52656601162127} 
{0: '0.3185483870967742', 1: '0.5524193548387096', 2: '0.0', 3: '1.0', 4: 228.28780652025796} 
{0: '0.321285140562249', 1: '0.5542168674698795', 2: '0.0', 3: '1.0629903792895394', 4: 228.58910088167715} 
{0: '0.32', 1: '0.552', 2: '0.0', 3: '1.0629903792895394', 4: 228.4691828782895} 
{0: '0.32270916334661354', 1: '0.549800796812749', 2: '0.0', 3: '1.0', 4: 229.2862919666417} 
{0: '0.32142857142857145', 1: '0.5515873015873016', 2: '0.0', 3: '1.0', 4: 228.75357610641976} 
{0: '0.3241106719367589', 1: '0.5533596837944664', 2: '0.0', 3: '1.0629903792895394', 4: 229.14990839411752} 
{0: '0.3228346456692913', 1: '0.5511811023622047', 2: '0.0', 3: '1.0629903792895394', 4: 231.7664584679338} 
{0: '0.3215686274509804', 1: '0.5490196078431373', 2: '0.0', 3: '1.0629903792895394', 4: 236.08288208936042} 
{0: '0.3203125', 1: '0.546875', 2: '0.0', 3: '1.0629903792895394', 4: 230.26413142700218} 
{0: '0.3229571984435798', 1: '0.5447470817120622', 2: '0.0', 3: '1.0', 4: 227.14261610782796} 
{0: '0.32170542635658916', 1: '0.5465116279069767', 2: '0.0', 3: '1.0', 4: 234.65255518396157} 
{0: '0.32432432432432434', 1: '0.5482625482625483', 2: '0.0', 3: '1.0629903792895394', 4: 229.70044956420665} 
{0: '0.3230769230769231', 1: '0.5461538461538461', 2: '0.0', 3: '1.0629903792895394', 4: 232.07781386122704} 
{0: '0.32567049808429116', 1: '0.5440613026819924', 2: '0.0', 3: '1.0', 4: 235.8471027514922} 
{0: '0.3244274809160305', 1: '0.5458015267175572', 2: '0.0', 3: '1.0', 4: 230.699635607447} 
{0: '0.3269961977186312', 1: '0.5475285171102662', 2: '0.0', 3: '1.0629903792895394', 4: 226.98819360403206} 
{0: '0.32575757575757575', 1: '0.5454545454545454', 2: '0.0', 3: '1.0629903792895394', 4: 228.52931640088443} 
{0: '0.3283018867924528', 1: '0.5433962264150943', 2: '0.0', 3: '1.0', 4: 227.55136228122274} 
{0: '0.32706766917293234', 1: '0.5451127819548872', 2: '0.0', 3: '1.0', 4: 227.24738894078246} 
{0: '0.3295880149812734', 1: '0.5468164794007491', 2: '0.0', 3: '1.0629903792895394', 4: 230.40871991731152} 
{0: '0.3283582089552239', 1: '0.5447761194029851', 2: '0.0', 3: '1.0629903792895394', 4: 229.87540402343208} 
{0: '0.3308550185873606', 1: '0.5427509293680297', 2: '0.0', 3: '1.0', 4: 228.937634007383} 
{0: '0.3296296296296296', 1: '0.5444444444444444', 2: '0.0', 3: '1.0', 4: 230.44394520222872} 
{0: '0.33210332103321033', 1: '0.5461254612546126', 2: '0.0', 3: '1.0629903792895394', 4: 234.0721637525594} 
{0: '0.33088235294117646', 1: '0.5441176470588235', 2: '0.0', 3: '1.0629903792895394', 4: 227.92831597970334} 
{0: '0.3333333333333333', 1: '0.5421245421245421', 2: '0.0', 3: '1.0', 4: 230.35409991264476} 
{0: '0.33211678832116787', 1: '0.5437956204379562', 2: '0.0', 3: '1.0', 4: 227.66658330064672} 
{0: '0.33454545454545453', 1: '0.5454545454545454', 2: '0.0', 3: '1.0629903792895394', 4: 230.91753728299204} 
{0: '0.3333333333333333', 1: '0.5434782608695652', 2: '0.0', 3: '1.0629903792895394', 4: 232.53060119840444} 
{0: '0.33574007220216606', 1: '0.5415162454873647', 2: '0.0', 3: '1.0', 4: 230.97889124595622} 
{0: '0.3345323741007194', 1: '0.5431654676258992', 2: '0.0', 3: '1.0', 4: 232.74718916184855} 
{0: '0.33691756272401435', 1: '0.5448028673835126', 2: '0.0', 3: '1.0629903792895394', 4: 229.54108139924594} 
{0: '0.3357142857142857', 1: '0.5428571428571428', 2: '0.0', 3: '1.0629903792895394', 4: 230.4143786457474} 
{0: '0.33807829181494664', 1: '0.5409252669039146', 2: '0.0', 3: '1.0', 4: 231.50121991166193} 
{0: '0.33687943262411346', 1: '0.5425531914893617', 2: '0.0', 3: '1.0', 4: 227.01120779928877} 
{0: '0.3392226148409894', 1: '0.5441696113074205', 2: '0.0', 3: '1.0629903792895394', 4: 232.01657313146887} 
{0: '0.3380281690140845', 1: '0.5422535211267606', 2: '0.0', 3: '1.0629903792895394', 4: 228.79730662151158} 
{0: '0.34035087719298246', 1: '0.5403508771929825', 2: '0.0', 3: '1.0', 4: 227.78646834801054} 
{0: '0.33916083916083917', 1: '0.541958041958042', 2: '0.0', 3: '1.0', 4: 226.70611664565823} 
{0: '0.33797909407665505', 1: '0.5435540069686411', 2: '0.0', 3: '1.0', 4: 226.03119822338945} 
{0: '0.3368055555555556', 1: '0.5451388888888888', 2: '0.0', 3: '1.0', 4: 230.07060550766315} 
{0: '0.3391003460207612', 1: '0.5467128027681661', 2: '0.0', 3: '1.0629903792895394', 4: 231.50630827353285} 
{0: '0.33793103448275863', 1: '0.5448275862068965', 2: '0.0', 3: '1.0629903792895394', 4: 230.51976175674483} 
{0: '0.3402061855670103', 1: '0.5429553264604811', 2: '0.0', 3: '1.0', 4: 228.5802004342043} 
{0: '0.339041095890411', 1: '0.5445205479452054', 2: '0.0', 3: '1.0', 4: 233.02783029249645} 
{0: '0.3412969283276451', 1: '0.5460750853242321', 2: '0.0', 3: '1.0629903792895394', 4: 229.0554518911595} 
{0: '0.3401360544217687', 1: '0.54421768707483', 2: '0.0', 3: '1.0629903792895394', 4: 234.2291299702052} 
{0: '0.3423728813559322', 1: '0.5423728813559322', 2: '0.0', 3: '1.0', 4: 227.5250187943179} 
{0: '0.34121621621621623', 1: '0.543918918918919', 2: '0.0', 3: '1.0', 4: 232.58276015467118} 
{0: '0.3400673400673401', 1: '0.5454545454545454', 2: '0.0', 3: '1.0', 4: 230.5226733863707} 
{0: '0.3389261744966443', 1: '0.5469798657718121', 2: '0.0', 3: '1.0', 4: 230.84985241109376} 
{0: '0.3411371237458194', 1: '0.5484949832775919', 2: '0.0', 3: '1.0629903792895394', 4: 228.864438127953} 
{0: '0.34', 1: '0.5466666666666666', 2: '0.0', 3: '1.0629903792895394', 4: 229.50831644724565} 
{0: '0.34219269102990035', 1: '0.5448504983388704', 2: '0.0', 3: '1.0', 4: 229.8363684335269} 
{0: '0.34105960264900664', 1: '0.5463576158940397', 2: '0.0', 3: '1.0', 4: 228.26256954114314} 
{0: '0.3432343234323432', 1: '0.5478547854785478', 2: '0.0', 3: '1.0629903792895394', 4: 226.4275891182475} 
{0: '0.34210526315789475', 1: '0.5460526315789473', 2: '0.0', 3: '1.0629903792895394', 4: 234.71992196574558} 
{0: '0.3442622950819672', 1: '0.5442622950819672', 2: '0.0', 3: '1.0', 4: 229.45104405470806} 
{0: '0.3431372549019608', 1: '0.545751633986928', 2: '0.0', 3: '1.0', 4: 230.04971093716128} 
{0: '0.34527687296416937', 1: '0.5472312703583062', 2: '0.0', 3: '1.0629903792895394', 4: 233.16317713854477} 
{0: '0.34415584415584416', 1: '0.5454545454545454', 2: '0.0', 3: '1.0629903792895394', 4: 228.5630471746052} 
{0: '0.34627831715210355', 1: '0.5436893203883495', 2: '0.0', 3: '1.0', 4: 231.444985168428} 
{0: '0.34516129032258064', 1: '0.5451612903225806', 2: '0.0', 3: '1.0', 4: 230.5107717037663} 
{0: '0.34726688102893893', 1: '0.5466237942122186', 2: '0.0', 3: '1.0629903792895394', 4: 227.08842711880078} 
{0: '0.34615384615384615', 1: '0.5448717948717948', 2: '0.0', 3: '1.0629903792895394', 4: 227.46126516135817} 
{0: '0.34824281150159747', 1: '0.5431309904153354', 2: '0.0', 3: '1.0', 4: 228.13377351879248} 
{0: '0.3471337579617834', 1: '0.5445859872611465', 2: '0.0', 3: '1.0', 4: 230.4126252158316} 
{0: '0.3492063492063492', 1: '0.546031746031746', 2: '0.0', 3: '1.0629903792895394', 4: 229.53844583635762} 
{0: '0.34810126582278483', 1: '0.5443037974683544', 2: '0.0', 3: '1.0629903792895394', 4: 229.95408934376454} 
{0: '0.3501577287066246', 1: '0.5425867507886435', 2: '0.0', 3: '1.0', 4: 231.8217051038795} 
{0: '0.3490566037735849', 1: '0.5440251572327044', 2: '0.0', 3: '1.0', 4: 226.59599471545127} 
{0: '0.3510971786833856', 1: '0.5454545454545454', 2: '0.0', 3: '1.0629903792895394', 4: 232.64737470087104} 
{0: '0.35', 1: '0.54375', 2: '0.0', 3: '1.0629903792895394', 4: 229.64891502768762} 
{0: '0.35202492211838005', 1: '0.5420560747663551', 2: '0.0', 3: '1.0', 4: 229.83164295806947} 
{0: '0.35093167701863354', 1: '0.5434782608695652', 2: '0.0', 3: '1.0', 4: 231.18952654603305} 
{0: '0.35294117647058826', 1: '0.544891640866873', 2: '0.0', 3: '1.0629903792895394', 4: 230.10840031575742} 
{0: '0.35185185185185186', 1: '0.5432098765432098', 2: '0.0', 3: '1.0629903792895394', 4: 229.2716514467049} 
{0: '0.35384615384615387', 1: '0.5415384615384615', 2: '0.0', 3: '1.0', 4: 230.811511350473} 
{0: '0.35276073619631904', 1: '0.5429447852760736', 2: '0.0', 3: '1.0', 4: 228.01601703896662} 
{0: '0.3547400611620795', 1: '0.5443425076452599', 2: '0.0', 3: '1.0629903792895394', 4: 236.519943139337} 
{0: '0.35365853658536583', 1: '0.5426829268292683', 2: '0.0', 3: '1.0629903792895394', 4: 235.5607776513019} 
{0: '0.3525835866261398', 1: '0.541033434650456', 2: '0.0', 3: '1.0629903792895394', 4: 231.52510786325888} 
{0: '0.3515151515151515', 1: '0.5393939393939394', 2: '0.0', 3: '1.0629903792895394', 4: 231.82354516523364} 
{0: '0.35347432024169184', 1: '0.5377643504531722', 2: '0.0', 3: '1.0', 4: 231.24443044023704} 
{0: '0.35240963855421686', 1: '0.5391566265060241', 2: '0.0', 3: '1.0', 4: 231.75123282786885} 
{0: '0.35435435435435436', 1: '0.5405405405405406', 2: '0.0', 3: '1.0629903792895394', 4: 235.60347651109436} 
{0: '0.3532934131736527', 1: '0.5389221556886228', 2: '0.0', 3: '1.0629903792895394', 4: 231.13049988329018} 
{0: '0.3522388059701492', 1: '0.5373134328358209', 2: '0.0', 3: '1.0629903792895394', 4: 228.18348573161072} 
{0: '0.35119047619047616', 1: '0.5357142857142857', 2: '0.0', 3: '1.0629903792895394', 4: 238.78991632015715} 
{0: '0.35311572700296734', 1: '0.5341246290801187', 2: '0.0', 3: '1.0', 4: 232.20872222108525} 
{0: '0.3520710059171598', 1: '0.5355029585798816', 2: '0.0', 3: '1.0', 4: 231.70432742813733} 
{0: '0.35398230088495575', 1: '0.5368731563421829', 2: '0.0', 3: '1.0629903792895394', 4: 228.27093072201419} 
{0: '0.35294117647058826', 1: '0.5352941176470588', 2: '0.0', 3: '1.0629903792895394', 4: 234.12493338329438} 
{0: '0.3519061583577713', 1: '0.533724340175953', 2: '0.0', 3: '1.0629903792895394', 4: 228.43779284901018} 
{0: '0.3508771929824561', 1: '0.5321637426900585', 2: '0.0', 3: '1.0629903792895394', 4: 229.74560180515715} 
{0: '0.35276967930029157', 1: '0.5306122448979592', 2: '0.0', 3: '1.0', 4: 235.51597358385933} 
{0: '0.35174418604651164', 1: '0.5319767441860465', 2: '0.0', 3: '1.0', 4: 232.83659389503853} 
{0: '0.3536231884057971', 1: '0.5333333333333333', 2: '0.0', 3: '1.0629903792895394', 4: 231.00043122774545} 
{0: '0.35260115606936415', 1: '0.5317919075144508', 2: '0.0', 3: '1.0629903792895394', 4: 232.89048239253967} 
{0: '0.35446685878962536', 1: '0.5302593659942363', 2: '0.0', 3: '1.0', 4: 232.03463079204374} 
{0: '0.35344827586206895', 1: '0.5316091954022989', 2: '0.0', 3: '1.0', 4: 230.7153482393619} 
{0: '0.3553008595988539', 1: '0.5329512893982808', 2: '0.0', 3: '1.0629903792895394', 4: 230.82916770535437} 
{0: '0.35428571428571426', 1: '0.5314285714285715', 2: '0.0', 3: '1.0629903792895394', 4: 229.59337770499386} 
{0: '0.3561253561253561', 1: '0.5299145299145299', 2: '0.0', 3: '1.0', 4: 227.54402270060342} 
{0: '0.35511363636363635', 1: '0.53125', 2: '0.0', 3: '1.0', 4: 230.54644070972552} 
{0: '0.35694050991501414', 1: '0.5325779036827195', 2: '0.0', 3: '1.0629903792895394', 4: 229.87200573497924} 
{0: '0.3559322033898305', 1: '0.5310734463276836', 2: '0.0', 3: '1.0629903792895394', 4: 229.35754966269687} 
{0: '0.35774647887323946', 1: '0.5295774647887324', 2: '0.0', 3: '1.0', 4: 229.2351790883648} 
{0: '0.35674157303370785', 1: '0.5308988764044944', 2: '0.0', 3: '1.0', 4: 230.00549813678182} 
{0: '0.3585434173669468', 1: '0.5322128851540616', 2: '0.0', 3: '1.0629903792895394', 4: 230.68003752020869} 
{0: '0.3575418994413408', 1: '0.5307262569832403', 2: '0.0', 3: '1.0629903792895394', 4: 230.22719853085442} 
{0: '0.3593314763231198', 1: '0.5292479108635098', 2: '0.0', 3: '1.0', 4: 233.88937983659275} 
{0: '0.35833333333333334', 1: '0.5305555555555556', 2: '0.0', 3: '1.0', 4: 229.96112500809676} 
{0: '0.3601108033240997', 1: '0.5318559556786704', 2: '0.0', 3: '1.0629903792895394', 4: 228.35806550595507} 
{0: '0.35911602209944754', 1: '0.5303867403314917', 2: '0.0', 3: '1.0629903792895394', 4: 232.75007997994302} 
{0: '0.3608815426997245', 1: '0.5289256198347108', 2: '0.0', 3: '1.0', 4: 227.992712738015} 
{0: '0.3598901098901099', 1: '0.5302197802197802', 2: '0.0', 3: '1.0', 4: 228.45344469111595} 
{0: '0.36164383561643837', 1: '0.5315068493150685', 2: '0.0', 3: '1.0629903792895394', 4: 227.96384452040243} 
{0: '0.36065573770491804', 1: '0.5300546448087432', 2: '0.0', 3: '1.0629903792895394', 4: 227.83960844879994} 
{0: '0.36239782016348776', 1: '0.5286103542234333', 2: '0.0', 3: '1.0', 4: 231.6763931659013} 
{0: '0.36141304347826086', 1: '0.529891304347826', 2: '0.0', 3: '1.0', 4: 228.42914070974064} 
{0: '0.36314363143631434', 1: '0.5311653116531165', 2: '0.0', 3: '1.0629903792895394', 4: 228.0302140624753} 
{0: '0.3621621621621622', 1: '0.5297297297297298', 2: '0.0', 3: '1.0629903792895394', 4: 229.4726672885646} 
{0: '0.3638814016172507', 1: '0.5283018867924528', 2: '0.0', 3: '1.0', 4: 230.0980763343912} 
{0: '0.3629032258064516', 1: '0.5295698924731183', 2: '0.0', 3: '1.0', 4: 231.3420203865176} 
{0: '0.3646112600536193', 1: '0.5308310991957105', 2: '0.0', 3: '1.0629903792895394', 4: 229.1444875546238} 
{0: '0.36363636363636365', 1: '0.5294117647058824', 2: '0.0', 3: '1.0629903792895394', 4: 233.40330042172283} 
{0: '0.36533333333333334', 1: '0.528', 2: '0.0', 3: '1.0', 4: 225.82783253878745} 
{0: '0.36436170212765956', 1: '0.5292553191489362', 2: '0.0', 3: '1.0', 4: 231.75696535164425} 
{0: '0.3660477453580902', 1: '0.5305039787798409', 2: '0.0', 3: '1.0629903792895394', 4: 229.93170089802524} 
{0: '0.36507936507936506', 1: '0.5291005291005291', 2: '0.0', 3: '1.0629903792895394', 4: 227.94659113839379} 
{0: '0.36675461741424803', 1: '0.5277044854881267', 2: '0.0', 3: '1.0', 4: 230.05928112626958} 
{0: '0.36578947368421055', 1: '0.5289473684210526', 2: '0.0', 3: '1.0', 4: 231.5223247236626} 
{0: '0.3674540682414698', 1: '0.5301837270341208', 2: '0.0', 3: '1.0629903792895394', 4: 228.78236806521093} 
{0: '0.36649214659685864', 1: '0.5287958115183246', 2: '0.0', 3: '1.0629903792895394', 4: 231.71457385298035} 
{0: '0.3681462140992167', 1: '0.5274151436031331', 2: '0.0', 3: '1.0', 4: 227.95045539135228} 
{0: '0.3671875', 1: '0.5286458333333334', 2: '0.0', 3: '1.0', 4: 228.726214993144} 
{0: '0.36883116883116884', 1: '0.5298701298701298', 2: '0.0', 3: '1.0629903792895394', 4: 230.4030363244713} 
{0: '0.36787564766839376', 1: '0.5284974093264249', 2: '0.0', 3: '1.0629903792895394', 4: 231.38486062588558} 
{0: '0.3695090439276486', 1: '0.5271317829457365', 2: '0.0', 3: '1.0', 4: 229.59457652537972} 
{0: '0.36855670103092786', 1: '0.5283505154639175', 2: '0.0', 3: '1.0', 4: 227.53411575996722} 
{0: '0.37017994858611825', 1: '0.5295629820051414', 2: '0.0', 3: '1.0629903792895394', 4: 229.11493526386278} 
{0: '0.36923076923076925', 1: '0.5282051282051282', 2: '0.0', 3: '1.0629903792895394', 4: 228.43352181623723} 
{0: '0.37084398976982097', 1: '0.5268542199488491', 2: '0.0', 3: '1.0', 4: 229.3399405740552} 
{0: '0.36989795918367346', 1: '0.5280612244897959', 2: '0.0', 3: '1.0', 4: 230.87127073411787} 
{0: '0.37150127226463103', 1: '0.5292620865139949', 2: '0.0', 3: '1.0629903792895394', 4: 235.04707876725007} 
{0: '0.37055837563451777', 1: '0.5279187817258884', 2: '0.0', 3: '1.0629903792895394', 4: 231.8798040392745} 
{0: '0.3721518987341772', 1: '0.5265822784810127', 2: '0.0', 3: '1.0', 4: 231.69334779969404} 
{0: '0.3712121212121212', 1: '0.5277777777777778', 2: '0.0', 3: '1.0', 4: 232.36289856396658} 
{0: '0.37279596977329976', 1: '0.5289672544080605', 2: '0.0', 3: '1.0629903792895394', 4: 230.44600562181898} 
{0: '0.37185929648241206', 1: '0.5276381909547738', 2: '0.0', 3: '1.0629903792895394', 4: 229.36540561106222} 
{0: '0.37343358395989973', 1: '0.5263157894736842', 2: '0.0', 3: '1.0', 4: 229.3402367372043} 
{0: '0.3725', 1: '0.5275', 2: '0.0', 3: '1.0', 4: 231.6794162365061} 
{0: '0.3740648379052369', 1: '0.5286783042394015', 2: '0.0', 3: '1.0629903792895394', 4: 230.50143800425698} 
{0: '0.373134328358209', 1: '0.527363184079602', 2: '0.0', 3: '1.0629903792895394', 4: 230.84260148963963} 
{0: '0.3746898263027295', 1: '0.5260545905707196', 2: '0.0', 3: '1.0', 4: 228.11230320513275} 
{0: '0.37376237623762376', 1: '0.5272277227722773', 2: '0.0', 3: '1.0', 4: 229.02974122468902} 
{0: '0.37530864197530867', 1: '0.528395061728395', 2: '0.0', 3: '1.0629903792895394', 4: 231.35863426907213} 
{0: '0.37438423645320196', 1: '0.5270935960591133', 2: '0.0', 3: '1.0629903792895394', 4: 233.65394346432214} 
{0: '0.3759213759213759', 1: '0.5257985257985258', 2: '0.0', 3: '1.0', 4: 227.26776890389868} 
{0: '0.375', 1: '0.5269607843137255', 2: '0.0', 3: '1.0', 4: 228.2818573935974} 
{0: '0.3740831295843521', 1: '0.5281173594132029', 2: '0.0', 3: '1.0', 4: 234.3820639088255} 
{0: '0.37317073170731707', 1: '0.5292682926829269', 2: '0.0', 3: '1.0', 4: 230.44221048475504} 
{0: '0.3746958637469586', 1: '0.5304136253041363', 2: '0.0', 3: '1.0629903792895394', 4: 228.6011480035043} 
{0: '0.3737864077669903', 1: '0.529126213592233', 2: '0.0', 3: '1.0629903792895394', 4: 238.58346575412006} 
{0: '0.3728813559322034', 1: '0.5278450363196125', 2: '0.0', 3: '1.0629903792895394', 4: 238.08484774431972} 
{0: '0.3719806763285024', 1: '0.5265700483091788', 2: '0.0', 3: '1.0629903792895394', 4: 233.5004923497148} 
{0: '0.3710843373493976', 1: '0.5253012048192771', 2: '0.0', 3: '1.0629903792895394', 4: 227.69780979574736} 
{0: '0.3701923076923077', 1: '0.5240384615384616', 2: '0.0', 3: '1.0629903792895394', 4: 226.37699309897673} 
{0: '0.37170263788968827', 1: '0.5227817745803357', 2: '0.0', 3: '1.0', 4: 230.13789650655048} 
{0: '0.3708133971291866', 1: '0.5239234449760766', 2: '0.0', 3: '1.0', 4: 229.0317597877803} 
{0: '0.3723150357995227', 1: '0.5250596658711217', 2: '0.0', 3: '1.0629903792895394', 4: 226.57317488619782} 
{0: '0.37142857142857144', 1: '0.5238095238095238', 2: '0.0', 3: '1.0629903792895394', 4: 226.48922996028531} 
{0: '0.37292161520190026', 1: '0.5225653206650831', 2: '0.0', 3: '1.0', 4: 230.43311196307587} 
{0: '0.37203791469194314', 1: '0.523696682464455', 2: '0.0', 3: '1.0', 4: 233.2728441632538} 
{0: '0.3735224586288416', 1: '0.524822695035461', 2: '0.0', 3: '1.0629903792895394', 4: 228.2055826984094} 
{0: '0.37264150943396224', 1: '0.5235849056603774', 2: '0.0', 3: '1.0629903792895394', 4: 233.64320938728346} 
{0: '0.37411764705882355', 1: '0.5223529411764706', 2: '0.0', 3: '1.0', 4: 232.13785382963965} 
{0: '0.3732394366197183', 1: '0.5234741784037559', 2: '0.0', 3: '1.0', 4: 231.72352993745923} 
{0: '0.3747072599531616', 1: '0.5245901639344263', 2: '0.0', 3: '1.0629903792895394', 4: 230.66091783795898} 
{0: '0.37383177570093457', 1: '0.5233644859813084', 2: '0.0', 3: '1.0629903792895394', 4: 229.8361476763443} 
{0: '0.3752913752913753', 1: '0.5221445221445221', 2: '0.0', 3: '1.0', 4: 230.58825336893548} 
{0: '0.3744186046511628', 1: '0.5232558139534884', 2: '0.0', 3: '1.0', 4: 231.56603744214434} 
{0: '0.37587006960556846', 1: '0.5243619489559165', 2: '0.0', 3: '1.0629903792895394', 4: 234.0135443451188} 
{0: '0.375', 1: '0.5231481481481481', 2: '0.0', 3: '1.0629903792895394', 4: 229.58597403295772} 
{0: '0.37644341801385683', 1: '0.5219399538106235', 2: '0.0', 3: '1.0', 4: 228.77826608585312} 
{0: '0.37557603686635943', 1: '0.5230414746543779', 2: '0.0', 3: '1.0', 4: 233.24150649600597} 
{0: '0.37701149425287356', 1: '0.5241379310344828', 2: '0.0', 3: '1.0629903792895394', 4: 233.55772479248253} 
{0: '0.3761467889908257', 1: '0.5229357798165137', 2: '0.0', 3: '1.0629903792895394', 4: 231.1789916529063} 
{0: '0.37757437070938216', 1: '0.5217391304347826', 2: '0.0', 3: '1.0', 4: 231.56540502583434} 
{0: '0.3767123287671233', 1: '0.5228310502283106', 2: '0.0', 3: '1.0', 4: 227.47356527252737} 
{0: '0.37813211845102507', 1: '0.5239179954441914', 2: '0.0', 3: '1.0629903792895394', 4: 230.0967054031006} 
{0: '0.37727272727272726', 1: '0.5227272727272727', 2: '0.0', 3: '1.0629903792895394', 4: 230.23740829475398} 
{0: '0.3786848072562358', 1: '0.5215419501133787', 2: '0.0', 3: '1.0', 4: 234.1077920977152} 
{0: '0.3778280542986425', 1: '0.5226244343891403', 2: '0.0', 3: '1.0', 4: 229.05806475065506} 
{0: '0.3792325056433409', 1: '0.5237020316027088', 2: '0.0', 3: '1.0629903792895394', 4: 227.82545875980148} 
{0: '0.3783783783783784', 1: '0.5225225225225225', 2: '0.0', 3: '1.0629903792895394', 4: 231.99039799651} 
{0: '0.3797752808988764', 1: '0.5213483146067416', 2: '0.0', 3: '1.0', 4: 226.45947622861402} 
{0: '0.3789237668161435', 1: '0.5224215246636771', 2: '0.0', 3: '1.0', 4: 225.87377808064815} 
{0: '0.38031319910514544', 1: '0.5234899328859061', 2: '0.0', 3: '1.0629903792895394', 4: 233.0223620555632} 
{0: '0.3794642857142857', 1: '0.5223214285714286', 2: '0.0', 3: '1.0629903792895394', 4: 231.45019594655267} 
{0: '0.38084632516703787', 1: '0.5211581291759465', 2: '0.0', 3: '1.0', 4: 234.38302134935873} 
{0: '0.38', 1: '0.5222222222222223', 2: '0.0', 3: '1.0', 4: 227.39144656074453} 
{0: '0.37915742793791574', 1: '0.5232815964523282', 2: '0.0', 3: '1.0', 4: 227.42233635876306} 
{0: '0.37831858407079644', 1: '0.5243362831858407', 2: '0.0', 3: '1.0', 4: 235.3419782202415} 
{0: '0.37969094922737306', 1: '0.5253863134657837', 2: '0.0', 3: '1.0629903792895394', 4: 228.29074808799712} 
{0: '0.3788546255506608', 1: '0.5242290748898678', 2: '0.0', 3: '1.0629903792895394', 4: 226.18144485727487} 
{0: '0.3802197802197802', 1: '0.5230769230769231', 2: '0.0', 3: '1.0', 4: 225.5300671046054} 
{0: '0.3793859649122807', 1: '0.5241228070175439', 2: '0.0', 3: '1.0', 4: 231.81995935306972} 
{0: '0.38074398249452956', 1: '0.5251641137855579', 2: '0.0', 3: '1.0629903792895394', 4: 235.12155085901867} 
{0: '0.3799126637554585', 1: '0.5240174672489083', 2: '0.0', 3: '1.0629903792895394', 4: 233.37835362412866} 
{0: '0.3812636165577342', 1: '0.5228758169934641', 2: '0.0', 3: '1.0', 4: 230.24961387656577} 
{0: '0.3804347826086957', 1: '0.5239130434782608', 2: '0.0', 3: '1.0', 4: 229.68149528689028} 
{0: '0.38177874186550975', 1: '0.5249457700650759', 2: '0.0', 3: '1.0629903792895394', 4: 231.86021876799913} 
{0: '0.38095238095238093', 1: '0.5238095238095238', 2: '0.0', 3: '1.0629903792895394', 4: 226.55434469560996} 
{0: '0.38228941684665224', 1: '0.5226781857451404', 2: '0.0', 3: '1.0', 4: 234.22053403917053} 
{0: '0.38146551724137934', 1: '0.5237068965517241', 2: '0.0', 3: '1.0', 4: 231.08820929479472} 
{0: '0.38064516129032255', 1: '0.524731182795699', 2: '0.0', 3: '1.0', 4: 232.01375365475928} 
{0: '0.3798283261802575', 1: '0.5257510729613734', 2: '0.0', 3: '1.0', 4: 233.24949789221196} 
{0: '0.3811563169164882', 1: '0.5267665952890792', 2: '0.0', 3: '1.0629903792895394', 4: 228.86864983040425} 
{0: '0.3803418803418803', 1: '0.5256410256410257', 2: '0.0', 3: '1.0629903792895394', 4: 228.4843917815594} 
{0: '0.3816631130063966', 1: '0.5245202558635395', 2: '0.0', 3: '1.0', 4: 232.26517605840996} 
{0: '0.38085106382978723', 1: '0.5255319148936171', 2: '0.0', 3: '1.0', 4: 229.09415704746073} 
{0: '0.3821656050955414', 1: '0.5265392781316348', 2: '0.0', 3: '1.0629903792895394', 4: 232.83633432078688} 
{0: '0.3813559322033898', 1: '0.5254237288135594', 2: '0.0', 3: '1.0629903792895394', 4: 230.50990810846812} 
{0: '0.38266384778012685', 1: '0.5243128964059197', 2: '0.0', 3: '1.0', 4: 228.43296012696908} 
{0: '0.3818565400843882', 1: '0.5253164556962026', 2: '0.0', 3: '1.0', 4: 230.17229417633416} 
{0: '0.3831578947368421', 1: '0.5263157894736842', 2: '0.0', 3: '1.0629903792895394', 4: 230.97351246773928} 
{0: '0.38235294117647056', 1: '0.5252100840336135', 2: '0.0', 3: '1.0629903792895394', 4: 233.86076074852232} 
{0: '0.3836477987421384', 1: '0.5241090146750524', 2: '0.0', 3: '1.0', 4: 231.6924868695389} 
{0: '0.38284518828451886', 1: '0.5251046025104602', 2: '0.0', 3: '1.0', 4: 227.11934531441688} 
{0: '0.38413361169102295', 1: '0.5260960334029228', 2: '0.0', 3: '1.0629903792895394', 4: 228.26667598372634} 
{0: '0.38333333333333336', 1: '0.525', 2: '0.0', 3: '1.0629903792895394', 4: 229.91891282949103} 
{0: '0.38461538461538464', 1: '0.5239085239085239', 2: '0.0', 3: '1.0', 4: 230.29027921508901} 
{0: '0.38381742738589214', 1: '0.524896265560166', 2: '0.0', 3: '1.0', 4: 232.15802688410747} 
{0: '0.38509316770186336', 1: '0.525879917184265', 2: '0.0', 3: '1.0629903792895394', 4: 232.5315656526205} 
{0: '0.384297520661157', 1: '0.5247933884297521', 2: '0.0', 3: '1.0629903792895394', 4: 231.66700850739574} 
{0: '0.38556701030927837', 1: '0.5237113402061856', 2: '0.0', 3: '1.0', 4: 229.8000090665957} 
{0: '0.38477366255144035', 1: '0.5246913580246914', 2: '0.0', 3: '1.0', 4: 229.9751935552385} 
{0: '0.3860369609856263', 1: '0.5256673511293635', 2: '0.0', 3: '1.0629903792895394', 4: 227.1418624799369} 
{0: '0.38524590163934425', 1: '0.5245901639344263', 2: '0.0', 3: '1.0629903792895394', 4: 228.11427792904834} 
{0: '0.38650306748466257', 1: '0.523517382413088', 2: '0.0', 3: '1.0', 4: 228.42392438077417} 
{0: '0.38571428571428573', 1: '0.5244897959183673', 2: '0.0', 3: '1.0', 4: 230.95284567091397} 
{0: '0.3869653767820774', 1: '0.5254582484725051', 2: '0.0', 3: '1.0629903792895394', 4: 233.86385352413748} 
{0: '0.3861788617886179', 1: '0.524390243902439', 2: '0.0', 3: '1.0629903792895394', 4: 229.73510223856707} 
{0: '0.38742393509127787', 1: '0.5233265720081136', 2: '0.0', 3: '1.0', 4: 226.01898072833492} 
{0: '0.3866396761133603', 1: '0.5242914979757085', 2: '0.0', 3: '1.0', 4: 227.42653450020728} 
{0: '0.3878787878787879', 1: '0.5252525252525253', 2: '0.0', 3: '1.0629903792895394', 4: 231.37337294245398} 
{0: '0.3870967741935484', 1: '0.5241935483870968', 2: '0.0', 3: '1.0629903792895394', 4: 229.49499769784666} 
{0: '0.38832997987927564', 1: '0.5231388329979879', 2: '0.0', 3: '1.0', 4: 232.17972894628863} 
{0: '0.38755020080321284', 1: '0.5240963855421686', 2: '0.0', 3: '1.0', 4: 231.4426431837284} 
{0: '0.38877755511022044', 1: '0.5250501002004008', 2: '0.0', 3: '1.0629903792895394', 4: 227.8985347331148} 
