{'STAT2HEADER': 'STAT2HEADER', 'STAT2HEADER_ENVIRON': 'environ({\'OMPI_MCA_pmix\': \'^s1,s2,cray,isolated\', \'PMIX_MCA_mca_base_component_show_load_errors\': \'1\', \'OMPI_COMMAND\': \'python3\', \'OMPI_ARGV\': \'static_snapshot.py 3 0min\', \'OMPI_MCA_orte_precondition_transports\': \'48e53c76f12cbf31-93ae547df6550f42\', \'LD_LIBRARY_PATH\': \'/salilab/diva1/programs/x86_64linux/numpy-py36-1.19.5/lib:/salilab/diva1/home/libs/x86_64/centos8:/salilab/diva1/home/libs/x86_64:/salilab/diva1/home/imp/main/20240607-af6f9d6a95/lib/release8:/salilab/diva1/programs/x86_64linux/opencv-4.3.0/lib64/rhel:/salilab/diva1/programs/x86_64linux/opencv-4.3.0/lib64:/salilab/diva1/programs/x86_64linux/hdf5-1.10.7/lib:/salilab/diva1/programs/x86_64linux/libtau-py27-1.0.1/lib64:/salilab/diva1/programs/x86_64linux/boost-1.73.0/lib64:/usr/lib64/openmpi/lib:/wynton/group/sali/miha_rozic/Software/imp-develop/build/lib::\', \'IMP_TMP_DIR\': \'/wynton/group/sali/miha_rozic/Software/imp-develop/build/tmp\', \'PE_HOSTFILE\': \'/var/spool/sge/wynton/qb3-id158/active_jobs/709038.1/pe_hostfile\', \'__LMOD_REF_COUNT_PATH\': \'/salilab/diva1/programs/x86_64linux/numpy-py36-1.19.5/bin:1;/salilab/diva1/home/imp/main/20240607-af6f9d6a95/bin/release8:1;/salilab/diva1/programs/x86_64linux/opencv-4.3.0/bin:1;/salilab/diva1/programs/x86_64linux/hdf5-1.10.7/bin:1;/usr/lib64/openmpi/bin:1;/wynton/home/sali/rozicmiha/.local/bin:1;/wynton/home/sali/rozicmiha/bin:1;/wynton/group/sali/miha_rozic/Software/imp-develop/build/bin:1;/wynton/group/sali/miha_rozic/Software/imp-develop/build/module_bin/EMageFit:1;/wynton/group/sali/miha_rozic/Software/imp-develop/build/module_bin/algebra:1;/wynton/group/sali/miha_rozic/Software/imp-develop/build/module_bin/atom:1;/wynton/group/sali/miha_rozic/Software/imp-develop/build/module_bin/benchmark:1;/wynton/group/sali/miha_rozic/Software/imp-develop/build/module_bin/cgal:1;/wynton/group/sali/miha_rozic/Software/imp-develop/build/module_bin/cnmultifit:1;/wynton/group/sali/miha_rozic/Software/imp-develop/build/module_bin/container:1;/wynton/group/sali/miha_rozic/Software/imp-develop/build/module_bin/core:1;/wynton/group/sali/miha_rozic/Software/imp-develop/build/module_bin/display:1;/wynton/group/sali/miha_rozic/Software/imp-develop/build/module_bin/domino:1;/wynton/group/sali/miha_rozic/Software/imp-develop/build/module_bin/em:1;/wynton/group/sali/miha_rozic/Software/imp-develop/build/module_bin/em2d:1;/wynton/group/sali/miha_rozic/Software/imp-develop/build/module_bin/example:1;/wynton/group/sali/miha_rozic/Software/imp-develop/build/module_bin/foxs:1;/wynton/group/sali/miha_rozic/Software/imp-develop/build/module_bin/gsl:1;/wynton/group/sali/miha_rozic/Software/imp-develop/build/module_bin/integrative_docking:1;/wynton/group/sali/miha_rozic/Software/imp-develop/build/module_bin/isd:1;/wynton/group/sali/miha_rozic/Software/imp-develop/build/module_bin/kernel:1;/wynton/group/sali/miha_rozic/Software/imp-develop/build/module_bin/kinematics:1;/wynton/group/sali/miha_rozic/Software/imp-develop/build/module_bin/kmeans:1;/wynton/group/sali/miha_rozic/Software/imp-develop/build/module_bin/misc:1;/wynton/group/sali/miha_rozic/Software/imp-develop/build/module_bin/mmcif:1;/wynton/group/sali/miha_rozic/Software/imp-develop/build/module_bin/modeller:1;/wynton/group/sali/miha_rozic/Software/imp-develop/build/module_bin/mpi:1;/wynton/group/sali/miha_rozic/Software/imp-develop/build/module_bin/multi_state:1;/wynton/group/sali/miha_rozic/Software/imp-develop/build/module_bin/multifit:1;/wynton/group/sali/miha_rozic/Software/imp-develop/build/module_bin/npc:1;/wynton/group/sali/miha_rozic/Software/imp-develop/build/module_bin/npcassembly:1;/wynton/group/sali/miha_rozic/Software/imp-develop/build/module_bin/parallel:1;/wynton/group/sali/miha_rozic/Software/imp-develop/build/module_bin/pepdock:1;/wynton/group/sali/miha_rozic/Software/imp-develop/build/module_bin/pmi:1;/wynton/group/sali/miha_rozic/Software/imp-develop/build/module_bin/rmf:1;/wynton/group/sali/miha_rozic/Software/imp-develop/build/module_bin/rotamer:1;/wynton/group/sali/miha_rozic/Software/imp-develop/build/module_bin/saxs:1;/wynton/group/sali/miha_rozic/Software/imp-develop/build/module_bin/saxs_merge:1;/wynton/group/sali/miha_rozic/Software/imp-develop/build/module_bin/score_functor:1;/wynton/group/sali/miha_rozic/Software/imp-develop/build/module_bin/scratch:1;/wynton/group/sali/miha_rozic/Software/imp-develop/build/module_bin/spb:1;/wynton/group/sali/miha_rozic/Software/imp-develop/build/module_bin/statistics:1;/wynton/group/sali/miha_rozic/Software/imp-develop/build/module_bin/symmetry:1;/wynton/group/sali/miha_rozic/Software/imp-develop/build/module_bin/test:1;/opt/sge/bin:1;/opt/sge/bin/lx-amd64:1;/scratch/709038.1.member.q:1;/usr/local/bin:1;/bin:1;/usr/bin:1;/usr/local/sbin:1;/usr/sbin:1\', \'_ModuleTable002_\': \'fSwKc3RhY2tEZXB0aCA9IDEsCnN0YXR1cyA9ICJhY3RpdmUiLAp1c2VyTmFtZSA9ICJib29zdC8xLjczLjAiLAp3ViA9ICIwMDAwMDAwMDEuMDAwMDAwMDczLip6ZmluYWwiLAp9LApoZGY1ID0gewpmbiA9ICIvc2FsaWxhYi9kaXZhMS9ob21lL21vZHVsZXMvaGRmNS8xLjEwLjciLApmdWxsTmFtZSA9ICJoZGY1LzEuMTAuNyIsCmxvYWRPcmRlciA9IDUsCnByb3BUID0ge30sCnN0YWNrRGVwdGggPSAyLApzdGF0dXMgPSAiYWN0aXZlIiwKdXNlck5hbWUgPSAiaGRmNS8xLjEwLjciLAp3ViA9ICIwMDAwMDAwMDEuMDAwMDAwMDEwLjAwMDAwMDAwNy4qemZpbmFsIiwKfSwKaW1wID0gewpmbiA9ICIvc2FsaWxhYi9kaXZhMS9ob21lL21vZHVsZXMvaW1wLzIuMjEuMCIsCmZ1bGxO\', \'IMP_DIR\': \'/salilab/diva1/home/imp/main/20240607-af6f9d6a95/lib/release8/cmake/IMP\', \'QUEUE\': \'member.q\', \'GOTO_NUM_THREADS\': \'1\', \'MPI_PYTHON3_SITEARCH\': \'/usr/lib64/python3.6/site-packages/openmpi\', \'LANG\': \'en_US.UTF-8\', \'HISTCONTROL\': \'ignoredups\', \'_ModuleTable008_\': \'cyIsCmZ1bGxOYW1lID0gInNhbGktbGlicmFyaWVzIiwKbG9hZE9yZGVyID0gOCwKcHJvcFQgPSB7fSwKc3RhY2tEZXB0aCA9IDEsCnN0YXR1cyA9ICJhY3RpdmUiLAp1c2VyTmFtZSA9ICJzYWxpLWxpYnJhcmllcyIsCndWID0gIk0uKnpmaW5hbCIsCn0sCn0sCm1wYXRoQSA9IHsKIi9zYWxpbGFiL2RpdmExL2hvbWUvbW9kdWxlcyIsICIvZXRjL21vZHVsZWZpbGVzIiwgIi91c3Ivc2hhcmUvbW9kdWxlZmlsZXMiCiwgIi91c3Ivc2hhcmUvbW9kdWxlZmlsZXMvTGludXgiLCAiL3Vzci9zaGFyZS9tb2R1bGVmaWxlcy9Db3JlIiwgIi91c3Ivc2hhcmUvbG1vZC9sbW9kL21vZHVsZWZpbGVzL0NvcmUiLAp9LApzeXN0ZW1CYXNlTVBBVEggPSAiL2V0Yy9tb2R1bGVmaWxlczovdXNy\', \'SGE_O_HOST\': \'dev1\', \'HOSTNAME\': \'qb3-id158.wynton.ucsf.edu\', \'OPENBLAS_NUM_THREADS\': \'1\', \'__LMOD_REF_COUNT_CMAKE_INCLUDE_PATH\': \'/salilab/diva1/programs/x86_64linux/opencv-4.3.0/include/opencv4:1;/salilab/diva1/programs/x86_64linux/hdf5-1.10.7/include:1;/salilab/diva1/programs/x86_64linux/libtau-py27-1.0.1/include:1;/salilab/diva1/programs/x86_64linux/boost-1.73.0/include:1\', \'SGE_RSH_COMMAND\': \'builtin\', \'ENVIRONMENT\': \'BATCH\', \'IMP_DATA\': \'/wynton/group/sali/miha_rozic/Software/imp-develop/build/data\', \'REQUEST\': \'test1\', \'SGE_STDIN_PATH\': \'/dev/null\', \'SGE_CELL\': \'wynton\', \'_ModuleTable007_\': \'MjEuMyIsCndWID0gIjAwMDAwMDAwMC4wMDAwMDAwMjEuMDAwMDAwMDAzLip6ZmluYWwiLAp9LApbInB5dGhvbjMvc2NpcHkiXSA9IHsKZm4gPSAiL3NhbGlsYWIvZGl2YTEvaG9tZS9tb2R1bGVzL3B5dGhvbjMvc2NpcHkvMS4zLjIiLApmdWxsTmFtZSA9ICJweXRob24zL3NjaXB5LzEuMy4yIiwKbG9hZE9yZGVyID0gMTAsCnByb3BUID0ge30sCnN0YWNrRGVwdGggPSAxLApzdGF0dXMgPSAiYWN0aXZlIiwKdXNlck5hbWUgPSAicHl0aG9uMy9zY2lweS8xLjMuMiIsCndWID0gIjAwMDAwMDAwMS4wMDAwMDAwMDMuMDAwMDAwMDAyLip6ZmluYWwiLAp9LApbInNhbGktbGlicmFyaWVzIl0gPSB7CmZuID0gIi9zYWxpbGFiL2RpdmExL2hvbWUvbW9kdWxlcy9zYWxpLWxpYnJhcmll\', \'CMAKE_INCLUDE_PATH\': \'/salilab/diva1/programs/x86_64linux/opencv-4.3.0/include/opencv4:/salilab/diva1/programs/x86_64linux/hdf5-1.10.7/include:/salilab/diva1/programs/x86_64linux/libtau-py27-1.0.1/include:/salilab/diva1/programs/x86_64linux/boost-1.73.0/include\', \'__LMOD_REF_COUNT_LD_LIBRARY_PATH\': \'/salilab/diva1/programs/x86_64linux/numpy-py36-1.19.5/lib:1;/salilab/diva1/home/libs/x86_64/centos8:1;/salilab/diva1/home/libs/x86_64:1;/salilab/diva1/home/imp/main/20240607-af6f9d6a95/lib/release8:1;/salilab/diva1/programs/x86_64linux/opencv-4.3.0/lib64/rhel:1;/salilab/diva1/programs/x86_64linux/opencv-4.3.0/lib64:1;/salilab/diva1/programs/x86_64linux/hdf5-1.10.7/lib:1;/salilab/diva1/programs/x86_64linux/libtau-py27-1.0.1/lib64:1;/salilab/diva1/programs/x86_64linux/boost-1.73.0/lib64:1;/usr/lib64/openmpi/lib:1;/wynton/group/sali/miha_rozic/Software/imp-develop/build/lib:2;:1\', \'__LMOD_REF_COUNT_PKG_CONFIG_PATH\': \'/usr/lib64/openmpi/lib/pkgconfig:1\', \'_ModuleTable004_\': \'aGFyZS9tb2R1bGVmaWxlcy9tcGkvb3Blbm1waS14ODZfNjQiLApmdWxsTmFtZSA9ICJtcGkvb3Blbm1waS14ODZfNjQiLApsb2FkT3JkZXIgPSAyLApwcm9wVCA9IHt9LApzdGFja0RlcHRoID0gMCwKc3RhdHVzID0gImFjdGl2ZSIsCnVzZXJOYW1lID0gIm1waS9vcGVubXBpLXg4Nl82NCIsCndWID0gIipvcGVubXBpLip4LjAwMDAwMDA4Ni4qXy4wMDAwMDAwNjQuKnpmaW5hbCIsCn0sCm9wZW5jdiA9IHsKZm4gPSAiL3NhbGlsYWIvZGl2YTEvaG9tZS9tb2R1bGVzL29wZW5jdi80LjMuMCIsCmZ1bGxOYW1lID0gIm9wZW5jdi80LjMuMCIsCmxvYWRPcmRlciA9IDYsCnByb3BUID0ge30sCnN0YWNrRGVwdGggPSAxLApzdGF0dXMgPSAiYWN0aXZlIiwKdXNlck5hbWUgPSAib3Bl\', \'__LMOD_REF_COUNT_PYTHONPATH\': \'/salilab/diva1/programs/x86_64linux/scikit-py36-0.21.3/lib64/python3.6/site-packages:1;/salilab/diva1/programs/linux/joblib-0.17.0/lib/python3.6/site-packages:1;/salilab/diva1/programs/x86_64linux/scipy-py36-1.3.2/lib64/python3.6/site-packages:1;/salilab/diva1/programs/x86_64linux/numpy-py36-1.19.5/lib64/python3.6/site-packages:1;/salilab/diva1/home/imp/main/20240607-af6f9d6a95/lib/release8:1;/salilab/diva1/programs/x86_64linux/opencv-4.3.0/lib/python3.6/site-packages:1;/wynton/group/sali/miha_rozic/Software/imp-develop/build/lib:2;:1\', \'which_declare\': \'declare -f\', \'NHOSTS\': \'1\', \'SGE_O_WORKDIR\': \'/wynton/group/sali/miha_rozic/Input_information/SNAPSHOTS/central_directory/snapshot3_0min/run37\', \'USER\': \'rozicmiha\', \'SGE_TASK_ID\': \'undefined\', \'__LMOD_REF_COUNT_CMAKE_LIBRARY_PATH\': \'/salilab/diva1/programs/x86_64linux/opencv-4.3.0/lib64:1;/salilab/diva1/programs/x86_64linux/hdf5-1.10.7/lib:1;/salilab/diva1/programs/x86_64linux/libtau-py27-1.0.1/lib64:1;/salilab/diva1/programs/x86_64linux/boost-1.73.0/lib64:1\', \'SGE_TASK_FIRST\': \'undefined\', \'NSLOTS\': \'16\', \'__LMOD_REF_COUNT_MODULEPATH\': \'/salilab/diva1/home/modules:1;/etc/modulefiles:1;/usr/share/modulefiles:1;/usr/share/modulefiles/Linux:1;/usr/share/modulefiles/Core:1;/usr/share/lmod/lmod/modulefiles/Core:1\', \'PWD\': \'/wynton/group/sali/miha_rozic/Input_information/SNAPSHOTS/central_directory/snapshot3_0min/run37\', \'HOME\': \'/wynton/home/sali/rozicmiha\', \'NQUEUES\': \'1\', \'TMP\': \'/scratch/709038.1.member.q\', \'PE\': \'smp\', \'SGE_O_HOME\': \'/wynton/home/sali/rozicmiha\', \'LMOD_VERSION\': \'8.7.32\', \'JOB_NAME\': \'test1\', \'BASH_ENV\': \'/usr/share/lmod/lmod/init/bash\', \'MPI_FORTRAN_MOD_DIR\': \'/usr/lib64/gfortran/modules/openmpi\', \'SGE_TASK_LAST\': \'undefined\', \'MKL_NUM_THREADS\': \'1\', \'MPI_COMPILER\': \'openmpi-x86_64\', \'SGE_ACCOUNT\': \'sge\', \'SGE_ROOT\': \'/opt/sge\', \'MPI_SUFFIX\': \'_openmpi\', \'TMPDIR\': \'/scratch/709038.1.member.q\', \'RESTARTED\': \'0\', \'LMOD_sys\': \'Linux\', \'_ModuleTable001_\': \'X01vZHVsZVRhYmxlXyA9IHsKTVR2ZXJzaW9uID0gMywKY19yZWJ1aWxkVGltZSA9IGZhbHNlLApjX3Nob3J0VGltZSA9IGZhbHNlLApkZXB0aFQgPSB7fSwKZmFtaWx5ID0ge30sCm1UID0gewpTYWxpID0gewpmbiA9ICIvZXRjL21vZHVsZWZpbGVzL1NhbGkubHVhIiwKZnVsbE5hbWUgPSAiU2FsaSIsCmxvYWRPcmRlciA9IDEsCnByb3BUID0ge30sCnN0YWNrRGVwdGggPSAwLApzdGF0dXMgPSAiYWN0aXZlIiwKdXNlck5hbWUgPSAiU2FsaSIsCndWID0gIk0uKnpmaW5hbCIsCn0sCmJvb3N0ID0gewpmbiA9ICIvc2FsaWxhYi9kaXZhMS9ob21lL21vZHVsZXMvYm9vc3QvMS43My4wIiwKZnVsbE5hbWUgPSAiYm9vc3QvMS43My4wIiwKbG9hZE9yZGVyID0gMywKcHJvcFQgPSB7\', \'LOADEDMODULES\': \'Sali:mpi/openmpi-x86_64:boost/1.73.0:libtau/1.0.1:hdf5/1.10.7:opencv/4.3.0:imp/2.21.0:sali-libraries:python3/numpy/1.19.5:python3/scipy/1.3.2:python3/joblib/0.17.0:python3/scikit/0.21.3\', \'SGE_O_PATH\': \'/salilab/diva1/programs/x86_64linux/numpy-py36-1.19.5/bin:/salilab/diva1/home/imp/main/20240607-af6f9d6a95/bin/release8:/salilab/diva1/programs/x86_64linux/opencv-4.3.0/bin:/salilab/diva1/programs/x86_64linux/hdf5-1.10.7/bin:/wynton/home/sali/rozicmiha/.local/bin:/wynton/home/sali/rozicmiha/bin:/wynton/group/sali/miha_rozic/Software/imp-develop/build/bin:/wynton/group/sali/miha_rozic/Software/imp-develop/build/module_bin/EMageFit:/wynton/group/sali/miha_rozic/Software/imp-develop/build/module_bin/algebra:/wynton/group/sali/miha_rozic/Software/imp-develop/build/module_bin/atom:/wynton/group/sali/miha_rozic/Software/imp-develop/build/module_bin/benchmark:/wynton/group/sali/miha_rozic/Software/imp-develop/build/module_bin/cgal:/wynton/group/sali/miha_rozic/Software/imp-develop/build/module_bin/cnmultifit:/wynton/group/sali/miha_rozic/Software/imp-develop/build/module_bin/container:/wynton/group/sali/miha_rozic/Software/imp-develop/build/module_bin/core:/wynton/group/sali/miha_rozic/Software/imp-develop/build/module_bin/display:/wynton/group/sali/miha_rozic/Software/imp-develop/build/module_bin/domino:/wynton/group/sali/miha_rozic/Software/imp-develop/build/module_bin/em:/wynton/group/sali/miha_rozic/Software/imp-develop/build/module_bin/em2d:/wynton/group/sali/miha_rozic/Software/imp-develop/build/module_bin/example:/wynton/group/sali/miha_rozic/Software/imp-develop/build/module_bin/foxs:/wynton/group/sali/miha_rozic/Software/imp-develop/build/module_bin/gsl:/wynton/group/sali/miha_rozic/Software/imp-develop/build/module_bin/integrative_docking:/wynton/group/sali/miha_rozic/Software/imp-develop/build/module_bin/isd:/wynton/group/sali/miha_rozic/Software/imp-develop/build/module_bin/kernel:/wynton/group/sali/miha_rozic/Software/imp-develop/build/module_bin/kinematics:/wynton/group/sali/miha_rozic/Software/imp-develop/build/module_bin/kmeans:/wynton/group/sali/miha_rozic/Software/imp-develop/build/module_bin/misc:/wynton/group/sali/miha_rozic/Software/imp-develop/build/module_bin/mmcif:/wynton/group/sali/miha_rozic/Software/imp-develop/build/module_bin/modeller:/wynton/group/sali/miha_rozic/Software/imp-develop/build/module_bin/mpi:/wynton/group/sali/miha_rozic/Software/imp-develop/build/module_bin/multi_state:/wynton/group/sali/miha_rozic/Software/imp-develop/build/module_bin/multifit:/wynton/group/sali/miha_rozic/Software/imp-develop/build/module_bin/npc:/wynton/group/sali/miha_rozic/Software/imp-develop/build/module_bin/npcassembly:/wynton/group/sali/miha_rozic/Software/imp-develop/build/module_bin/parallel:/wynton/group/sali/miha_rozic/Software/imp-develop/build/module_bin/pepdock:/wynton/group/sali/miha_rozic/Software/imp-develop/build/module_bin/pmi:/wynton/group/sali/miha_rozic/Software/imp-develop/build/module_bin/rmf:/wynton/group/sali/miha_rozic/Software/imp-develop/build/module_bin/rotamer:/wynton/group/sali/miha_rozic/Software/imp-develop/build/module_bin/saxs:/wynton/group/sali/miha_rozic/Software/imp-develop/build/module_bin/saxs_merge:/wynton/group/sali/miha_rozic/Software/imp-develop/build/module_bin/score_functor:/wynton/group/sali/miha_rozic/Software/imp-develop/build/module_bin/scratch:/wynton/group/sali/miha_rozic/Software/imp-develop/build/module_bin/spb:/wynton/group/sali/miha_rozic/Software/imp-develop/build/module_bin/statistics:/wynton/group/sali/miha_rozic/Software/imp-develop/build/module_bin/symmetry:/wynton/group/sali/miha_rozic/Software/imp-develop/build/module_bin/test:/opt/sge/bin:/opt/sge/bin/lx-amd64:/usr/local/bin:/usr/bin:/usr/local/sbin:/usr/sbin\', \'SGE_O_SHELL\': \'/bin/bash\', \'_ModuleTable006_\': \'bWUgPSAicHl0aG9uMy9udW1weS8xLjE5LjUiLApsb2FkT3JkZXIgPSA5LApwcm9wVCA9IHt9LApzdGFja0RlcHRoID0gMiwKc3RhdHVzID0gImFjdGl2ZSIsCnVzZXJOYW1lID0gInB5dGhvbjMvbnVtcHkvMS4xOS41IiwKd1YgPSAiMDAwMDAwMDAxLjAwMDAwMDAxOS4wMDAwMDAwMDUuKnpmaW5hbCIsCn0sClsicHl0aG9uMy9zY2lraXQiXSA9IHsKZm4gPSAiL3NhbGlsYWIvZGl2YTEvaG9tZS9tb2R1bGVzL3B5dGhvbjMvc2Npa2l0LzAuMjEuMyIsCmZ1bGxOYW1lID0gInB5dGhvbjMvc2Npa2l0LzAuMjEuMyIsCmxvYWRPcmRlciA9IDEyLApwcm9wVCA9IHt9LApzdGFja0RlcHRoID0gMCwKc3RhdHVzID0gImFjdGl2ZSIsCnVzZXJOYW1lID0gInB5dGhvbjMvc2Npa2l0LzAu\', \'__LMOD_REF_COUNT_MANPATH\': \':2;/usr/share/man/openmpi-x86_64:1;/opt/sge/man:1;/usr/share/lmod/lmod/share/man:1\', \'MPI_INCLUDE\': \'/usr/include/openmpi-x86_64\', \'_ModuleTable003_\': \'YW1lID0gImltcC8yLjIxLjAiLApsb2FkT3JkZXIgPSA3LApwcm9wVCA9IHt9LApzdGFja0RlcHRoID0gMCwKc3RhdHVzID0gImFjdGl2ZSIsCnVzZXJOYW1lID0gImltcCIsCndWID0gIl4wMDAwMDAwMi4wMDAwMDAwMjEuKnpmaW5hbCIsCn0sCmxpYnRhdSA9IHsKZm4gPSAiL3NhbGlsYWIvZGl2YTEvaG9tZS9tb2R1bGVzL2xpYnRhdS8xLjAuMSIsCmZ1bGxOYW1lID0gImxpYnRhdS8xLjAuMSIsCmxvYWRPcmRlciA9IDQsCnByb3BUID0ge30sCnN0YWNrRGVwdGggPSAxLApzdGF0dXMgPSAiYWN0aXZlIiwKdXNlck5hbWUgPSAibGlidGF1LzEuMC4xIiwKd1YgPSAiMDAwMDAwMDAxLjAwMDAwMDAwMC4wMDAwMDAwMDEuKnpmaW5hbCIsCn0sCm1waSA9IHsKZm4gPSAiL3Vzci9z\', \'LMOD_ROOT\': \'/usr/share/lmod\', \'SYSTEMCTL_SKIP_REDIRECT\': \'\', \'MAIL\': \'/var/spool/mail/rozicmiha\', \'SGE_CWD_PATH\': \'/wynton/group/sali/miha_rozic/Input_information/SNAPSHOTS/central_directory/snapshot3_0min/run37\', \'MPI_HOME\': \'/usr/lib64/openmpi\', \'_ModuleTable009_\': \'L3NoYXJlL21vZHVsZWZpbGVzOi91c3Ivc2hhcmUvbW9kdWxlZmlsZXMvTGludXg6L3Vzci9zaGFyZS9tb2R1bGVmaWxlcy9Db3JlOi91c3Ivc2hhcmUvbG1vZC9sbW9kL21vZHVsZWZpbGVzL0NvcmUiLAp9Cg==\', \'SGE_TASK_STEPSIZE\': \'undefined\', \'SHELL\': \'/bin/bash\', \'TERM\': \'\', \'_ModuleTable_Sz_\': \'9\', \'SGE_JOB_SPOOL_DIR\': \'/var/spool/sge/wynton/qb3-id158/active_jobs/709038.1\', \'JOB_ID\': \'709038\', \'IMP_EXAMPLE_DATA\': \'/wynton/group/sali/miha_rozic/Software/imp-develop/build/doc/examples\', \'R_FUTURE_AVAILABLECORES_FALLBACK\': \'1\', \'JOB_SCRIPT\': \'/var/spool/sge/wynton/qb3-id158/job_scripts/709038\', \'SHLVL\': \'2\', \'SGE_O_LOGNAME\': \'rozicmiha\', \'SGE_O_MAIL\': \'/var/spool/mail/rozicmiha\', \'PYTHONPATH\': \'/salilab/diva1/programs/x86_64linux/scikit-py36-0.21.3/lib64/python3.6/site-packages:/salilab/diva1/programs/linux/joblib-0.17.0/lib/python3.6/site-packages:/salilab/diva1/programs/x86_64linux/scipy-py36-1.3.2/lib64/python3.6/site-packages:/salilab/diva1/programs/x86_64linux/numpy-py36-1.19.5/lib64/python3.6/site-packages:/salilab/diva1/home/imp/main/20240607-af6f9d6a95/lib/release8:/salilab/diva1/programs/x86_64linux/opencv-4.3.0/lib/python3.6/site-packages:/wynton/group/sali/miha_rozic/Software/imp-develop/build/lib::\', \'MANPATH\': \':/usr/share/man/openmpi-x86_64:/opt/sge/man:/usr/share/lmod/lmod/share/man\', \'MODULEPATH\': \'/salilab/diva1/home/modules:/etc/modulefiles:/usr/share/modulefiles:/usr/share/modulefiles/Linux:/usr/share/modulefiles/Core:/usr/share/lmod/lmod/modulefiles/Core\', \'MPI_SYSCONFIG\': \'/etc/openmpi-x86_64\', \'LOGNAME\': \'rozicmiha\', \'SYSTEMCTL_IGNORE_DEPENDENCIES\': \'\', \'MODULEPATH_ROOT\': \'/usr/share/modulefiles\', \'PATH\': \'/salilab/diva1/programs/x86_64linux/numpy-py36-1.19.5/bin:/salilab/diva1/home/imp/main/20240607-af6f9d6a95/bin/release8:/salilab/diva1/programs/x86_64linux/opencv-4.3.0/bin:/salilab/diva1/programs/x86_64linux/hdf5-1.10.7/bin:/usr/lib64/openmpi/bin:/wynton/home/sali/rozicmiha/.local/bin:/wynton/home/sali/rozicmiha/bin:/wynton/group/sali/miha_rozic/Software/imp-develop/build/bin:/wynton/group/sali/miha_rozic/Software/imp-develop/build/module_bin/EMageFit:/wynton/group/sali/miha_rozic/Software/imp-develop/build/module_bin/algebra:/wynton/group/sali/miha_rozic/Software/imp-develop/build/module_bin/atom:/wynton/group/sali/miha_rozic/Software/imp-develop/build/module_bin/benchmark:/wynton/group/sali/miha_rozic/Software/imp-develop/build/module_bin/cgal:/wynton/group/sali/miha_rozic/Software/imp-develop/build/module_bin/cnmultifit:/wynton/group/sali/miha_rozic/Software/imp-develop/build/module_bin/container:/wynton/group/sali/miha_rozic/Software/imp-develop/build/module_bin/core:/wynton/group/sali/miha_rozic/Software/imp-develop/build/module_bin/display:/wynton/group/sali/miha_rozic/Software/imp-develop/build/module_bin/domino:/wynton/group/sali/miha_rozic/Software/imp-develop/build/module_bin/em:/wynton/group/sali/miha_rozic/Software/imp-develop/build/module_bin/em2d:/wynton/group/sali/miha_rozic/Software/imp-develop/build/module_bin/example:/wynton/group/sali/miha_rozic/Software/imp-develop/build/module_bin/foxs:/wynton/group/sali/miha_rozic/Software/imp-develop/build/module_bin/gsl:/wynton/group/sali/miha_rozic/Software/imp-develop/build/module_bin/integrative_docking:/wynton/group/sali/miha_rozic/Software/imp-develop/build/module_bin/isd:/wynton/group/sali/miha_rozic/Software/imp-develop/build/module_bin/kernel:/wynton/group/sali/miha_rozic/Software/imp-develop/build/module_bin/kinematics:/wynton/group/sali/miha_rozic/Software/imp-develop/build/module_bin/kmeans:/wynton/group/sali/miha_rozic/Software/imp-develop/build/module_bin/misc:/wynton/group/sali/miha_rozic/Software/imp-develop/build/module_bin/mmcif:/wynton/group/sali/miha_rozic/Software/imp-develop/build/module_bin/modeller:/wynton/group/sali/miha_rozic/Software/imp-develop/build/module_bin/mpi:/wynton/group/sali/miha_rozic/Software/imp-develop/build/module_bin/multi_state:/wynton/group/sali/miha_rozic/Software/imp-develop/build/module_bin/multifit:/wynton/group/sali/miha_rozic/Software/imp-develop/build/module_bin/npc:/wynton/group/sali/miha_rozic/Software/imp-develop/build/module_bin/npcassembly:/wynton/group/sali/miha_rozic/Software/imp-develop/build/module_bin/parallel:/wynton/group/sali/miha_rozic/Software/imp-develop/build/module_bin/pepdock:/wynton/group/sali/miha_rozic/Software/imp-develop/build/module_bin/pmi:/wynton/group/sali/miha_rozic/Software/imp-develop/build/module_bin/rmf:/wynton/group/sali/miha_rozic/Software/imp-develop/build/module_bin/rotamer:/wynton/group/sali/miha_rozic/Software/imp-develop/build/module_bin/saxs:/wynton/group/sali/miha_rozic/Software/imp-develop/build/module_bin/saxs_merge:/wynton/group/sali/miha_rozic/Software/imp-develop/build/module_bin/score_functor:/wynton/group/sali/miha_rozic/Software/imp-develop/build/module_bin/scratch:/wynton/group/sali/miha_rozic/Software/imp-develop/build/module_bin/spb:/wynton/group/sali/miha_rozic/Software/imp-develop/build/module_bin/statistics:/wynton/group/sali/miha_rozic/Software/imp-develop/build/module_bin/symmetry:/wynton/group/sali/miha_rozic/Software/imp-develop/build/module_bin/test:/opt/sge/bin:/opt/sge/bin/lx-amd64:/scratch/709038.1.member.q:/usr/local/bin:/bin:/usr/bin:/usr/local/sbin:/usr/sbin\', \'MPI_BIN\': \'/usr/lib64/openmpi/bin\', \'SGE_STDERR_PATH\': \'/wynton/group/sali/miha_rozic/Input_information/SNAPSHOTS/central_directory/snapshot3_0min/run37/test1.o709038\', \'_LMFILES_\': \'/etc/modulefiles/Sali.lua:/usr/share/modulefiles/mpi/openmpi-x86_64:/salilab/diva1/home/modules/boost/1.73.0:/salilab/diva1/home/modules/libtau/1.0.1:/salilab/diva1/home/modules/hdf5/1.10.7:/salilab/diva1/home/modules/opencv/4.3.0:/salilab/diva1/home/modules/imp/2.21.0:/salilab/diva1/home/modules/sali-libraries:/salilab/diva1/home/modules/python3/numpy/1.19.5:/salilab/diva1/home/modules/python3/scipy/1.3.2:/salilab/diva1/home/modules/python3/joblib/0.17.0:/salilab/diva1/home/modules/python3/scikit/0.21.3\', \'DEBUGINFOD_URLS\': \'https://debuginfod.centos.org/ \', \'MODULESHOME\': \'/usr/share/lmod/lmod\', \'PKG_CONFIG_PATH\': \'/usr/lib64/openmpi/lib/pkgconfig\', \'LMOD_SETTARG_FULL_SUPPORT\': \'no\', \'HISTSIZE\': \'1000\', \'SGE_ARCH\': \'lx-amd64\', \'LMOD_PKG\': \'/usr/share/lmod/lmod\', \'CMAKE_LIBRARY_PATH\': \'/salilab/diva1/programs/x86_64linux/opencv-4.3.0/lib64:/salilab/diva1/programs/x86_64linux/hdf5-1.10.7/lib:/salilab/diva1/programs/x86_64linux/libtau-py27-1.0.1/lib64:/salilab/diva1/programs/x86_64linux/boost-1.73.0/lib64\', \'ARC\': \'lx-amd64\', \'MPI_LIB\': \'/usr/lib64/openmpi/lib\', \'SGE_BINARY_PATH\': \'/opt/sge/bin/lx-amd64\', \'SGE_STDOUT_PATH\': \'/wynton/group/sali/miha_rozic/Input_information/SNAPSHOTS/central_directory/snapshot3_0min/run37/test1.o709038\', \'_ModuleTable005_\': \'bmN2LzQuMy4wIiwKd1YgPSAiMDAwMDAwMDA0LjAwMDAwMDAwMy4qemZpbmFsIiwKfSwKWyJweXRob24zL2pvYmxpYiJdID0gewpmbiA9ICIvc2FsaWxhYi9kaXZhMS9ob21lL21vZHVsZXMvcHl0aG9uMy9qb2JsaWIvMC4xNy4wIiwKZnVsbE5hbWUgPSAicHl0aG9uMy9qb2JsaWIvMC4xNy4wIiwKbG9hZE9yZGVyID0gMTEsCnByb3BUID0ge30sCnN0YWNrRGVwdGggPSAxLApzdGF0dXMgPSAiYWN0aXZlIiwKdXNlck5hbWUgPSAicHl0aG9uMy9qb2JsaWIiLAp3ViA9ICIwMDAwMDAwMDAuMDAwMDAwMDE3Lip6ZmluYWwiLAp9LApbInB5dGhvbjMvbnVtcHkiXSA9IHsKZm4gPSAiL3NhbGlsYWIvZGl2YTEvaG9tZS9tb2R1bGVzL3B5dGhvbjMvbnVtcHkvMS4xOS41IiwKZnVsbE5h\', \'LMOD_CMD\': \'/usr/share/lmod/lmod/libexec/lmod\', \'REQNAME\': \'test1\', \'IMP_BIN_DIR\': \'/wynton/group/sali/miha_rozic/Software/imp-develop/build/bin\', \'MPI_MAN\': \'/usr/share/man/openmpi-x86_64\', \'LESSOPEN\': \'||/usr/bin/lesspipe.sh %s\', \'OMP_NUM_THREADS\': \'1\', \'SGE_CLUSTER_NAME\': \'wynton_cluster\', \'LMOD_DIR\': \'/usr/share/lmod/lmod/libexec\', \'BASH_FUNC_which%%\': \'() {  ( alias;\\n eval ${which_declare} ) | /usr/bin/which --tty-only --read-alias --read-functions --show-tilde --show-dot $@\\n}\', \'BASH_FUNC_module%%\': \'() {  if [ -z "${LMOD_SH_DBG_ON+x}" ]; then\\n case "$-" in \\n *v*x*)\\n __lmod_sh_dbg=\\\'vx\\\'\\n ;;\\n *v*)\\n __lmod_sh_dbg=\\\'v\\\'\\n ;;\\n *x*)\\n __lmod_sh_dbg=\\\'x\\\'\\n ;;\\n esac;\\n fi;\\n if [ -n "${__lmod_sh_dbg:-}" ]; then\\n set +$__lmod_sh_dbg;\\n echo "Shell debugging temporarily silenced: export LMOD_SH_DBG_ON=1 for Lmod\\\'s output" 1>&2;\\n fi;\\n eval "$($LMOD_CMD shell "$@")" && eval "$(${LMOD_SETTARG_CMD:-:} -s sh)";\\n __lmod_my_status=$?;\\n if [ -n "${__lmod_sh_dbg:-}" ]; then\\n echo "Shell debugging restarted" 1>&2;\\n set -$__lmod_sh_dbg;\\n fi;\\n unset __lmod_sh_dbg;\\n return $__lmod_my_status\\n}\', \'BASH_FUNC_ml%%\': \'() {  eval "$($LMOD_DIR/ml_cmd "$@")"\\n}\', \'_\': \'/usr/lib64/openmpi/bin/mpirun\', \'IPATH_NO_BACKTRACE\': \'1\', \'HFI_NO_BACKTRACE\': \'1\', \'OMPI_MCA_orte_local_daemon_uri\': \'1943011328.0;tcp://172.26.38.158:36311\', \'OMPI_MCA_orte_hnp_uri\': \'1943011328.0;tcp://172.26.38.158:36311\', \'OMPI_MCA_mpi_oversubscribe\': \'0\', \'OMPI_MCA_orte_app_num\': \'0\', \'OMPI_UNIVERSE_SIZE\': \'16\', \'OMPI_MCA_orte_num_nodes\': \'1\', \'OMPI_MCA_shmem_RUNTIME_QUERY_hint\': \'mmap\', \'OMPI_MCA_orte_bound_at_launch\': \'1\', \'OMPI_MCA_ess\': \'^singleton\', \'OMPI_MCA_orte_ess_num_procs\': \'16\', \'OMPI_COMM_WORLD_SIZE\': \'16\', \'OMPI_COMM_WORLD_LOCAL_SIZE\': \'16\', \'OMPI_MCA_orte_tmpdir_base\': \'/scratch/709038.1.member.q\', \'OMPI_MCA_orte_top_session_dir\': \'/scratch/709038.1.member.q/ompi.qb3-id158.11149\', \'OMPI_MCA_orte_jobfam_session_dir\': \'/scratch/709038.1.member.q/ompi.qb3-id158.11149/pid.911846\', \'OMPI_NUM_APP_CTX\': \'1\', \'OMPI_FIRST_RANKS\': \'0\', \'OMPI_APP_CTX_NUM_PROCS\': \'16\', \'OMPI_MCA_initial_wdir\': \'/wynton/group/sali/miha_rozic/Input_information/SNAPSHOTS/central_directory/snapshot3_0min/run37\', \'OMPI_MCA_orte_launch\': \'1\', \'PMIX_NAMESPACE\': \'1943011329\', \'PMIX_RANK\': \'11\', \'PMIX_SERVER_URI2\': \'1943011328.0;tcp4://127.0.0.1:59203\', \'PMIX_SERVER_URI21\': \'1943011328.0;tcp4://127.0.0.1:59203\', \'PMIX_SECURITY_MODE\': \'native,none\', \'PMIX_PTL_MODULE\': \'tcp,usock\', \'PMIX_BFROP_BUFFER_TYPE\': \'PMIX_BFROP_BUFFER_NON_DESC\', \'PMIX_GDS_MODULE\': \'ds21,ds12,hash\', \'PMIX_SERVER_TMPDIR\': \'/scratch/709038.1.member.q/ompi.qb3-id158.11149/pid.911846\', \'PMIX_SYSTEM_TMPDIR\': \'/scratch/709038.1.member.q\', \'PMIX_DSTORE_21_BASE_PATH\': \'/scratch/709038.1.member.q/ompi.qb3-id158.11149/pid.911846/pmix_dstor_ds21_911846\', \'PMIX_DSTORE_ESH_BASE_PATH\': \'/scratch/709038.1.member.q/ompi.qb3-id158.11149/pid.911846/pmix_dstor_ds12_911846\', \'OMPI_MCA_ess_base_jobid\': \'1943011329\', \'OMPI_MCA_ess_base_vpid\': \'11\', \'OMPI_COMM_WORLD_RANK\': \'11\', \'OMPI_COMM_WORLD_LOCAL_RANK\': \'11\', \'OMPI_COMM_WORLD_NODE_RANK\': \'11\', \'OMPI_MCA_orte_ess_node_rank\': \'11\', \'PMIX_ID\': \'1943011329.11\', \'OMPI_FILE_LOCATION\': \'/scratch/709038.1.member.q/ompi.qb3-id158.11149/pid.911846/0/0\', \'KMP_DUPLICATE_LIB_OK\': \'True\', \'KMP_INIT_AT_FORK\': \'FALSE\'})', 'STAT2HEADER_IMP_VERSIONS': "{'IMP_VERSION': '2.21.0', 'PMI_VERSION': '2.21.0'}", 0: 'ReplicaExchange_SwapSuccessRatio', 1: 'ReplicaExchange_MinTempFrequency', 2: 'ReplicaExchange_MaxTempFrequency', 3: 'ReplicaExchange_CurrentTemp', 4: 'score'} 
{0: '0', 1: '0', 2: '0', 3: '1.958045020027179', 4: inf} 
{0: '0.0', 1: '0.0', 2: '0.0', 3: '1.958045020027179', 4: inf} 
{0: '0.0', 1: '0.0', 2: '0.0', 3: '1.958045020027179', 4: inf} 
{0: '0.0', 1: '0.0', 2: '0.0', 3: '1.958045020027179', 4: inf} 
{0: '0.0', 1: '0.0', 2: '0.0', 3: '1.958045020027179', 4: inf} 
{0: '0.0', 1: '0.0', 2: '0.0', 3: '1.958045020027179', 4: inf} 
{0: '0.0', 1: '0.0', 2: '0.0', 3: '1.958045020027179', 4: inf} 
{0: '0.0', 1: '0.0', 2: '0.0', 3: '1.958045020027179', 4: inf} 
{0: '0.0', 1: '0.0', 2: '0.0', 3: '1.958045020027179', 4: inf} 
{0: '0.0', 1: '0.0', 2: '0.0', 3: '1.958045020027179', 4: inf} 
{0: '0.0', 1: '0.0', 2: '0.0', 3: '1.958045020027179', 4: inf} 
{0: '0.0', 1: '0.0', 2: '0.0', 3: '1.958045020027179', 4: inf} 
{0: '0.0', 1: '0.0', 2: '0.0', 3: '1.958045020027179', 4: inf} 
{0: '0.0', 1: '0.0', 2: '0.0', 3: '1.958045020027179', 4: inf} 
{0: '0.0', 1: '0.0', 2: '0.0', 3: '1.958045020027179', 4: inf} 
{0: '0.0', 1: '0.0', 2: '0.0', 3: '1.958045020027179', 4: inf} 
{0: '0.0', 1: '0.0', 2: '0.0', 3: '1.958045020027179', 4: inf} 
{0: '0.0', 1: '0.0', 2: '0.0', 3: '1.958045020027179', 4: inf} 
{0: '0.0', 1: '0.0', 2: '0.0', 3: '1.958045020027179', 4: inf} 
{0: '0.0', 1: '0.0', 2: '0.0', 3: '1.958045020027179', 4: inf} 
{0: '0.0', 1: '0.0', 2: '0.0', 3: '1.958045020027179', 4: inf} 
{0: '0.0', 1: '0.0', 2: '0.0', 3: '1.958045020027179', 4: 4377.689314209862} 
{0: '0.045454545454545456', 1: '0.0', 2: '0.0', 3: '2.081383018504685', 4: 872.1460452397564} 
{0: '0.08695652173913043', 1: '0.0', 2: '0.0', 3: '2.212490124287102', 4: 736.1289422867414} 
{0: '0.08333333333333333', 1: '0.0', 2: '0.0', 3: '2.212490124287102', 4: 637.6220315855195} 
{0: '0.08', 1: '0.0', 2: '0.0', 3: '2.212490124287102', 4: 500.79772889217855} 
{0: '0.07692307692307693', 1: '0.0', 2: '0.0', 3: '2.212490124287102', 4: 442.3569778266558} 
{0: '0.1111111111111111', 1: '0.0', 2: '0.0', 3: '2.081383018504685', 4: 436.951807507084} 
{0: '0.14285714285714285', 1: '0.0', 2: '0.0', 3: '1.958045020027179', 4: 441.0445060498436} 
{0: '0.1724137931034483', 1: '0.0', 2: '0.0', 3: '1.842015749320195', 4: 441.9458809547711} 
{0: '0.16666666666666666', 1: '0.0', 2: '0.0', 3: '1.842015749320195', 4: 426.78793151720924} 
{0: '0.16129032258064516', 1: '0.0', 2: '0.0', 3: '1.842015749320195', 4: 412.9167678677558} 
{0: '0.1875', 1: '0.0', 2: '0.0', 3: '1.7328621078878674', 4: 400.1288974329343} 
{0: '0.21212121212121213', 1: '0.0', 2: '0.0', 3: '1.6301766616608926', 4: 403.06887665675094} 
{0: '0.23529411764705882', 1: '0.0', 2: '0.0', 3: '1.5335761201812925', 4: 391.5527820951918} 
{0: '0.2571428571428571', 1: '0.0', 2: '0.0', 3: '1.4426999059072143', 4: 390.46825744845785} 
{0: '0.2777777777777778', 1: '0.0', 2: '0.0', 3: '1.3572088082974538', 4: 392.40771259919984} 
{0: '0.2702702702702703', 1: '0.0', 2: '0.0', 3: '1.3572088082974538', 4: 398.9758605308754} 
{0: '0.2631578947368421', 1: '0.0', 2: '0.0', 3: '1.3572088082974538', 4: 394.92086241580097} 
{0: '0.2564102564102564', 1: '0.0', 2: '0.0', 3: '1.3572088082974538', 4: 394.7925224060986} 
{0: '0.25', 1: '0.0', 2: '0.0', 3: '1.3572088082974538', 4: 398.92336927422673} 
{0: '0.24390243902439024', 1: '0.0', 2: '0.0', 3: '1.3572088082974538', 4: 392.5448404853467} 
{0: '0.23809523809523808', 1: '0.0', 2: '0.0', 3: '1.3572088082974538', 4: 397.64537546198017} 
{0: '0.23255813953488372', 1: '0.0', 2: '0.0', 3: '1.3572088082974538', 4: 394.61949139837105} 
{0: '0.25', 1: '0.0', 2: '0.0', 3: '1.4426999059072143', 4: 396.6988854826566} 
{0: '0.26666666666666666', 1: '0.0', 2: '0.0', 3: '1.5335761201812925', 4: 395.56749186027537} 
{0: '0.2826086956521739', 1: '0.0', 2: '0.0', 3: '1.6301766616608926', 4: 404.62261693248655} 
{0: '0.2765957446808511', 1: '0.0', 2: '0.0', 3: '1.6301766616608926', 4: 393.7719152197872} 
{0: '0.2916666666666667', 1: '0.0', 2: '0.0', 3: '1.5335761201812925', 4: 395.5616398619249} 
{0: '0.30612244897959184', 1: '0.0', 2: '0.0', 3: '1.4426999059072143', 4: 389.0632180398342} 
{0: '0.3', 1: '0.0', 2: '0.0', 3: '1.4426999059072143', 4: 393.14038333129463} 
{0: '0.3137254901960784', 1: '0.0', 2: '0.0', 3: '1.5335761201812925', 4: 391.72491703979426} 
{0: '0.3076923076923077', 1: '0.0', 2: '0.0', 3: '1.5335761201812925', 4: 400.32621478138435} 
{0: '0.3018867924528302', 1: '0.0', 2: '0.0', 3: '1.5335761201812925', 4: 389.8447551376827} 
{0: '0.2962962962962963', 1: '0.0', 2: '0.0', 3: '1.5335761201812925', 4: 394.61621777543706} 
{0: '0.2909090909090909', 1: '0.0', 2: '0.0', 3: '1.5335761201812925', 4: 395.07416997717144} 
{0: '0.30357142857142855', 1: '0.0', 2: '0.0', 3: '1.6301766616608926', 4: 396.3654540844148} 
{0: '0.3157894736842105', 1: '0.0', 2: '0.0', 3: '1.7328621078878674', 4: 403.85354339842706} 
{0: '0.3103448275862069', 1: '0.0', 2: '0.0', 3: '1.7328621078878674', 4: 406.1025156855101} 
{0: '0.3220338983050847', 1: '0.0', 2: '0.0', 3: '1.6301766616608926', 4: 412.3777216824669} 
{0: '0.31666666666666665', 1: '0.0', 2: '0.0', 3: '1.6301766616608926', 4: 402.7606225242938} 
{0: '0.32786885245901637', 1: '0.0', 2: '0.0', 3: '1.7328621078878674', 4: 399.0736087144796} 
{0: '0.3387096774193548', 1: '0.0', 2: '0.0', 3: '1.842015749320195', 4: 400.54864801715513} 
{0: '0.3492063492063492', 1: '0.0', 2: '0.0', 3: '1.958045020027179', 4: 416.67047205705774} 
{0: '0.34375', 1: '0.0', 2: '0.0', 3: '1.958045020027179', 4: 409.4091270242486} 
{0: '0.35384615384615387', 1: '0.0', 2: '0.0', 3: '1.842015749320195', 4: 401.12797646150085} 
{0: '0.36363636363636365', 1: '0.0', 2: '0.0', 3: '1.7328621078878674', 4: 407.9727337170457} 
{0: '0.373134328358209', 1: '0.0', 2: '0.0', 3: '1.6301766616608926', 4: 403.40790901031176} 
{0: '0.36764705882352944', 1: '0.0', 2: '0.0', 3: '1.6301766616608926', 4: 396.47973412906265} 
{0: '0.36231884057971014', 1: '0.0', 2: '0.0', 3: '1.6301766616608926', 4: 412.8475593400419} 
{0: '0.35714285714285715', 1: '0.0', 2: '0.0', 3: '1.6301766616608926', 4: 414.34249184996764} 
{0: '0.36619718309859156', 1: '0.0', 2: '0.0', 3: '1.7328621078878674', 4: 410.52525157298146} 
{0: '0.375', 1: '0.0', 2: '0.0', 3: '1.842015749320195', 4: 409.6460810854528} 
{0: '0.3698630136986301', 1: '0.0', 2: '0.0', 3: '1.842015749320195', 4: 408.5871577232523} 
{0: '0.3783783783783784', 1: '0.0', 2: '0.0', 3: '1.7328621078878674', 4: 418.87824497001156} 
{0: '0.38666666666666666', 1: '0.0', 2: '0.0', 3: '1.6301766616608926', 4: 417.29925550855336} 
{0: '0.39473684210526316', 1: '0.0', 2: '0.0', 3: '1.5335761201812925', 4: 406.55653622402775} 
{0: '0.38961038961038963', 1: '0.0', 2: '0.0', 3: '1.5335761201812925', 4: 412.23886232170577} 
{0: '0.3974358974358974', 1: '0.0', 2: '0.0', 3: '1.6301766616608926', 4: 405.1749086916491} 
{0: '0.3924050632911392', 1: '0.0', 2: '0.0', 3: '1.6301766616608926', 4: 419.277347787132} 
{0: '0.3875', 1: '0.0', 2: '0.0', 3: '1.6301766616608926', 4: 403.043863951937} 
{0: '0.38271604938271603', 1: '0.0', 2: '0.0', 3: '1.6301766616608926', 4: 403.87153917313776} 
{0: '0.3902439024390244', 1: '0.0', 2: '0.0', 3: '1.5335761201812925', 4: 398.24660925639074} 
{0: '0.39759036144578314', 1: '0.0', 2: '0.0', 3: '1.4426999059072143', 4: 396.9720677497595} 
{0: '0.40476190476190477', 1: '0.0', 2: '0.0', 3: '1.3572088082974538', 4: 399.7709701090251} 
{0: '0.4', 1: '0.0', 2: '0.0', 3: '1.3572088082974538', 4: 392.16430319754124} 
{0: '0.4069767441860465', 1: '0.0', 2: '0.0', 3: '1.4426999059072143', 4: 398.4652844228537} 
{0: '0.41379310344827586', 1: '0.0', 2: '0.0', 3: '1.5335761201812925', 4: 404.9489252403708} 
{0: '0.42045454545454547', 1: '0.0', 2: '0.0', 3: '1.6301766616608926', 4: 407.5812673999142} 
{0: '0.42696629213483145', 1: '0.0', 2: '0.0', 3: '1.7328621078878674', 4: 403.52339715913223} 
{0: '0.4222222222222222', 1: '0.0', 2: '0.0', 3: '1.7328621078878674', 4: 393.52950959990966} 
{0: '0.42857142857142855', 1: '0.0', 2: '0.0', 3: '1.6301766616608926', 4: 394.17530657452585} 
{0: '0.42391304347826086', 1: '0.0', 2: '0.0', 3: '1.6301766616608926', 4: 397.7428395444524} 
{0: '0.43010752688172044', 1: '0.0', 2: '0.0', 3: '1.7328621078878674', 4: 407.0006752964414} 
{0: '0.425531914893617', 1: '0.0', 2: '0.0', 3: '1.7328621078878674', 4: 392.5747317904605} 
{0: '0.43157894736842106', 1: '0.0', 2: '0.0', 3: '1.6301766616608926', 4: 396.3568308922038} 
{0: '0.4375', 1: '0.0', 2: '0.0', 3: '1.5335761201812925', 4: 401.0383859687545} 
{0: '0.4329896907216495', 1: '0.0', 2: '0.0', 3: '1.5335761201812925', 4: 387.2030372514712} 
{0: '0.42857142857142855', 1: '0.0', 2: '0.0', 3: '1.5335761201812925', 4: 399.9928917223767} 
{0: '0.42424242424242425', 1: '0.0', 2: '0.0', 3: '1.5335761201812925', 4: 397.5341112170061} 
{0: '0.43', 1: '0.0', 2: '0.0', 3: '1.6301766616608926', 4: 402.1496077468354} 
{0: '0.43564356435643564', 1: '0.0', 2: '0.0', 3: '1.7328621078878674', 4: 397.12625463116} 
{0: '0.4411764705882353', 1: '0.0', 2: '0.0', 3: '1.842015749320195', 4: 403.56117886282556} 
{0: '0.44660194174757284', 1: '0.0', 2: '0.0', 3: '1.958045020027179', 4: 398.32330696428124} 
{0: '0.4423076923076923', 1: '0.0', 2: '0.0', 3: '1.958045020027179', 4: 402.5254434744314} 
{0: '0.44761904761904764', 1: '0.0', 2: '0.0', 3: '1.842015749320195', 4: 407.0548848037976} 
{0: '0.4528301886792453', 1: '0.0', 2: '0.0', 3: '1.7328621078878674', 4: 398.17318200072657} 
{0: '0.45794392523364486', 1: '0.0', 2: '0.0', 3: '1.6301766616608926', 4: 405.2319419452171} 
{0: '0.4537037037037037', 1: '0.0', 2: '0.0', 3: '1.6301766616608926', 4: 398.7105346195041} 
{0: '0.44954128440366975', 1: '0.0', 2: '0.0', 3: '1.6301766616608926', 4: 405.6065528975285} 
{0: '0.45454545454545453', 1: '0.0', 2: '0.0', 3: '1.5335761201812925', 4: 401.6441609371742} 
{0: '0.45045045045045046', 1: '0.0', 2: '0.0', 3: '1.5335761201812925', 4: 400.0387115882517} 
{0: '0.45535714285714285', 1: '0.0', 2: '0.0', 3: '1.6301766616608926', 4: 414.75454765143246} 
{0: '0.46017699115044247', 1: '0.0', 2: '0.0', 3: '1.7328621078878674', 4: 406.86292805697485} 
{0: '0.45614035087719296', 1: '0.0', 2: '0.0', 3: '1.7328621078878674', 4: 407.46325594934984} 
{0: '0.45217391304347826', 1: '0.0', 2: '0.0', 3: '1.7328621078878674', 4: 403.9354928027824} 
{0: '0.45689655172413796', 1: '0.0', 2: '0.0', 3: '1.842015749320195', 4: 403.31460858371474} 
{0: '0.46153846153846156', 1: '0.0', 2: '0.0', 3: '1.958045020027179', 4: 417.85226547072756} 
{0: '0.4576271186440678', 1: '0.0', 2: '0.0', 3: '1.958045020027179', 4: 409.02565919800674} 
{0: '0.46218487394957986', 1: '0.0', 2: '0.0', 3: '1.842015749320195', 4: 406.91027119755796} 
{0: '0.4583333333333333', 1: '0.0', 2: '0.0', 3: '1.842015749320195', 4: 401.44476672032926} 
{0: '0.4628099173553719', 1: '0.0', 2: '0.0', 3: '1.958045020027179', 4: 397.8662562999392} 
{0: '0.45901639344262296', 1: '0.0', 2: '0.0', 3: '1.958045020027179', 4: 406.15375270133865} 
{0: '0.4634146341463415', 1: '0.0', 2: '0.0', 3: '1.842015749320195', 4: 413.91313986670843} 
{0: '0.46774193548387094', 1: '0.0', 2: '0.0', 3: '1.7328621078878674', 4: 415.60286308949213} 
{0: '0.472', 1: '0.0', 2: '0.0', 3: '1.6301766616608926', 4: 407.7631211869701} 
{0: '0.47619047619047616', 1: '0.0', 2: '0.0', 3: '1.5335761201812925', 4: 395.56699567017} 
{0: '0.47244094488188976', 1: '0.0', 2: '0.0', 3: '1.5335761201812925', 4: 421.6912779088834} 
{0: '0.4765625', 1: '0.0', 2: '0.0', 3: '1.6301766616608926', 4: 401.2988609492001} 
{0: '0.4806201550387597', 1: '0.0', 2: '0.0', 3: '1.7328621078878674', 4: 400.19181144711894} 
{0: '0.47692307692307695', 1: '0.0', 2: '0.0', 3: '1.7328621078878674', 4: 396.65832332159385} 
{0: '0.48091603053435117', 1: '0.0', 2: '0.0', 3: '1.6301766616608926', 4: 403.0149370423859} 
{0: '0.4772727272727273', 1: '0.0', 2: '0.0', 3: '1.6301766616608926', 4: 398.60230862201684} 
{0: '0.48120300751879697', 1: '0.0', 2: '0.0', 3: '1.7328621078878674', 4: 392.37200429842824} 
{0: '0.47761194029850745', 1: '0.0', 2: '0.0', 3: '1.7328621078878674', 4: 403.200967991146} 
{0: '0.4740740740740741', 1: '0.0', 2: '0.0', 3: '1.7328621078878674', 4: 404.83336699084913} 
{0: '0.47794117647058826', 1: '0.0', 2: '0.0', 3: '1.842015749320195', 4: 405.37545101250146} 
{0: '0.4744525547445255', 1: '0.0', 2: '0.0', 3: '1.842015749320195', 4: 401.17317228289085} 
{0: '0.4782608695652174', 1: '0.0', 2: '0.0', 3: '1.7328621078878674', 4: 390.6401044516068} 
{0: '0.48201438848920863', 1: '0.0', 2: '0.0', 3: '1.6301766616608926', 4: 399.48842573702996} 
{0: '0.4857142857142857', 1: '0.0', 2: '0.0', 3: '1.5335761201812925', 4: 399.93871319866986} 
{0: '0.48226950354609927', 1: '0.0', 2: '0.0', 3: '1.5335761201812925', 4: 390.0046850029803} 
{0: '0.4859154929577465', 1: '0.0', 2: '0.0', 3: '1.6301766616608926', 4: 399.06579587932333} 
{0: '0.48951048951048953', 1: '0.0', 2: '0.0', 3: '1.7328621078878674', 4: 396.5912158377288} 
{0: '0.4861111111111111', 1: '0.0', 2: '0.0', 3: '1.7328621078878674', 4: 396.48854488972927} 
{0: '0.4896551724137931', 1: '0.0', 2: '0.0', 3: '1.6301766616608926', 4: 397.07308447700075} 
{0: '0.4863013698630137', 1: '0.0', 2: '0.0', 3: '1.6301766616608926', 4: 408.61887495616094} 
{0: '0.4897959183673469', 1: '0.0', 2: '0.0', 3: '1.7328621078878674', 4: 416.19418887341084} 
{0: '0.49324324324324326', 1: '0.0', 2: '0.0', 3: '1.842015749320195', 4: 404.08137358105404} 
{0: '0.4899328859060403', 1: '0.0', 2: '0.0', 3: '1.842015749320195', 4: 422.1471080142395} 
{0: '0.4866666666666667', 1: '0.0', 2: '0.0', 3: '1.842015749320195', 4: 403.9375249127846} 
{0: '0.48344370860927155', 1: '0.0', 2: '0.0', 3: '1.842015749320195', 4: 401.27278690061354} 
{0: '0.48026315789473684', 1: '0.0', 2: '0.0', 3: '1.842015749320195', 4: 402.1378358198308} 
{0: '0.477124183006536', 1: '0.0', 2: '0.0', 3: '1.842015749320195', 4: 387.5261810327908} 
{0: '0.4805194805194805', 1: '0.0', 2: '0.0', 3: '1.7328621078878674', 4: 389.805937631703} 
{0: '0.4838709677419355', 1: '0.0', 2: '0.0', 3: '1.6301766616608926', 4: 390.58879249013086} 
{0: '0.4807692307692308', 1: '0.0', 2: '0.0', 3: '1.6301766616608926', 4: 398.52778952413433} 
{0: '0.47770700636942676', 1: '0.0', 2: '0.0', 3: '1.6301766616608926', 4: 401.10572514265306} 
{0: '0.47468354430379744', 1: '0.0', 2: '0.0', 3: '1.6301766616608926', 4: 405.4798184345118} 
{0: '0.4779874213836478', 1: '0.0', 2: '0.0', 3: '1.7328621078878674', 4: 399.69630843946135} 
{0: '0.48125', 1: '0.0', 2: '0.0', 3: '1.842015749320195', 4: 398.46658288475123} 
{0: '0.484472049689441', 1: '0.0', 2: '0.0', 3: '1.958045020027179', 4: 398.35264430976116} 
{0: '0.4876543209876543', 1: '0.0', 2: '0.0', 3: '2.081383018504685', 4: 420.97311280531835} 
{0: '0.48466257668711654', 1: '0.0', 2: '0.0', 3: '2.081383018504685', 4: 406.6240097272313} 
{0: '0.4878048780487805', 1: '0.0', 2: '0.0', 3: '1.958045020027179', 4: 408.3360504068499} 
{0: '0.4909090909090909', 1: '0.0', 2: '0.0', 3: '1.842015749320195', 4: 412.112754895691} 
{0: '0.4939759036144578', 1: '0.0', 2: '0.0', 3: '1.7328621078878674', 4: 405.59253813093125} 
{0: '0.49700598802395207', 1: '0.0', 2: '0.0', 3: '1.6301766616608926', 4: 401.1216955346523} 
{0: '0.49404761904761907', 1: '0.0', 2: '0.0', 3: '1.6301766616608926', 4: 398.1578342807059} 
{0: '0.4970414201183432', 1: '0.0', 2: '0.0', 3: '1.7328621078878674', 4: 402.94854553625584} 
{0: '0.5', 1: '0.0', 2: '0.0', 3: '1.842015749320195', 4: 400.2126343706099} 
{0: '0.49707602339181284', 1: '0.0', 2: '0.0', 3: '1.842015749320195', 4: 400.5866396598703} 
{0: '0.5', 1: '0.0', 2: '0.0', 3: '1.7328621078878674', 4: 396.3369711740299} 
{0: '0.5028901734104047', 1: '0.0', 2: '0.0', 3: '1.6301766616608926', 4: 409.56603975164126} 
{0: '0.5', 1: '0.0', 2: '0.0', 3: '1.6301766616608926', 4: 394.0284475023281} 
{0: '0.49714285714285716', 1: '0.0', 2: '0.0', 3: '1.6301766616608926', 4: 398.47237117997537} 
{0: '0.4943181818181818', 1: '0.0', 2: '0.0', 3: '1.6301766616608926', 4: 396.2570184664018} 
{0: '0.4971751412429379', 1: '0.0', 2: '0.0', 3: '1.7328621078878674', 4: 402.2622982995981} 
{0: '0.5', 1: '0.0', 2: '0.0', 3: '1.842015749320195', 4: 407.7744056875076} 
{0: '0.4972067039106145', 1: '0.0', 2: '0.0', 3: '1.842015749320195', 4: 408.29465058331397} 
{0: '0.5', 1: '0.0', 2: '0.0', 3: '1.7328621078878674', 4: 395.3596285465043} 
{0: '0.5027624309392266', 1: '0.0', 2: '0.0', 3: '1.6301766616608926', 4: 405.5112704562234} 
{0: '0.5', 1: '0.0', 2: '0.0', 3: '1.6301766616608926', 4: 407.24913701926334} 
{0: '0.5027322404371585', 1: '0.0', 2: '0.0', 3: '1.7328621078878674', 4: 403.5698850824688} 
{0: '0.5054347826086957', 1: '0.0', 2: '0.0', 3: '1.842015749320195', 4: 400.3644390824273} 
{0: '0.5027027027027027', 1: '0.0', 2: '0.0', 3: '1.842015749320195', 4: 399.1164038749817} 
{0: '0.5053763440860215', 1: '0.0', 2: '0.0', 3: '1.7328621078878674', 4: 406.28809701687095} 
{0: '0.5026737967914439', 1: '0.0', 2: '0.0', 3: '1.7328621078878674', 4: 393.31297483569483} 
{0: '0.5053191489361702', 1: '0.0', 2: '0.0', 3: '1.842015749320195', 4: 397.55332474737} 
{0: '0.5026455026455027', 1: '0.0', 2: '0.0', 3: '1.842015749320195', 4: 412.869817759998} 
{0: '0.5052631578947369', 1: '0.0', 2: '0.0', 3: '1.7328621078878674', 4: 394.39538157767674} 
{0: '0.5026178010471204', 1: '0.0', 2: '0.0', 3: '1.7328621078878674', 4: 402.72604941036116} 
{0: '0.5052083333333334', 1: '0.0', 2: '0.0', 3: '1.842015749320195', 4: 402.39844191753} 
{0: '0.5025906735751295', 1: '0.0', 2: '0.0', 3: '1.842015749320195', 4: 404.16975143584375} 
{0: '0.5051546391752577', 1: '0.0', 2: '0.0', 3: '1.7328621078878674', 4: 392.8065415555663} 
{0: '0.5025641025641026', 1: '0.0', 2: '0.0', 3: '1.7328621078878674', 4: 402.2121875696403} 
{0: '0.5', 1: '0.0', 2: '0.0', 3: '1.7328621078878674', 4: 401.0121567271674} 
{0: '0.49746192893401014', 1: '0.0', 2: '0.0', 3: '1.7328621078878674', 4: 403.4634648268842} 
{0: '0.5', 1: '0.0', 2: '0.0', 3: '1.842015749320195', 4: 414.6378852451289} 
{0: '0.49748743718592964', 1: '0.0', 2: '0.0', 3: '1.842015749320195', 4: 411.74790556341674} 
{0: '0.495', 1: '0.0', 2: '0.0', 3: '1.842015749320195', 4: 408.8638353670346} 
{0: '0.4925373134328358', 1: '0.0', 2: '0.0', 3: '1.842015749320195', 4: 407.9825794134052} 
{0: '0.4900990099009901', 1: '0.0', 2: '0.0', 3: '1.842015749320195', 4: 400.0247733563949} 
{0: '0.4876847290640394', 1: '0.0', 2: '0.0', 3: '1.842015749320195', 4: 395.51097594272045} 
{0: '0.4852941176470588', 1: '0.0', 2: '0.0', 3: '1.842015749320195', 4: 397.6784401213475} 
{0: '0.48292682926829267', 1: '0.0', 2: '0.0', 3: '1.842015749320195', 4: 394.70174181812763} 
{0: '0.4854368932038835', 1: '0.0', 2: '0.0', 3: '1.7328621078878674', 4: 398.34284697328945} 
{0: '0.48792270531400966', 1: '0.0', 2: '0.0', 3: '1.6301766616608926', 4: 396.80117619424215} 
{0: '0.4855769230769231', 1: '0.0', 2: '0.0', 3: '1.6301766616608926', 4: 402.1556076011111} 
{0: '0.4880382775119617', 1: '0.0', 2: '0.0', 3: '1.7328621078878674', 4: 401.32051131139457} 
{0: '0.49047619047619045', 1: '0.0', 2: '0.0', 3: '1.842015749320195', 4: 413.76093150343206} 
{0: '0.4928909952606635', 1: '0.0', 2: '0.0', 3: '1.958045020027179', 4: 403.3970846230735} 
{0: '0.49056603773584906', 1: '0.0', 2: '0.0', 3: '1.958045020027179', 4: 414.6091256437298} 
{0: '0.49295774647887325', 1: '0.0', 2: '0.0', 3: '1.842015749320195', 4: 407.65881446133955} 
{0: '0.4953271028037383', 1: '0.0', 2: '0.0', 3: '1.7328621078878674', 4: 410.2696341583793} 
{0: '0.49767441860465117', 1: '0.0', 2: '0.0', 3: '1.6301766616608926', 4: 402.97840351054737} 
{0: '0.49537037037037035', 1: '0.0', 2: '0.0', 3: '1.6301766616608926', 4: 413.0792931597876} 
{0: '0.4976958525345622', 1: '0.0', 2: '0.0', 3: '1.7328621078878674', 4: 399.73526581463767} 
{0: '0.5', 1: '0.0', 2: '0.0', 3: '1.842015749320195', 4: 402.6029225930876} 
{0: '0.502283105022831', 1: '0.0', 2: '0.0', 3: '1.958045020027179', 4: 415.3024079900779} 
{0: '0.5', 1: '0.0', 2: '0.0', 3: '1.958045020027179', 4: 416.3679166441384} 
{0: '0.502262443438914', 1: '0.0', 2: '0.0', 3: '1.842015749320195', 4: 413.30958356643333} 
{0: '0.5', 1: '0.0', 2: '0.0', 3: '1.842015749320195', 4: 409.6860771080785} 
{0: '0.4977578475336323', 1: '0.0', 2: '0.0', 3: '1.842015749320195', 4: 407.39315610045867} 
{0: '0.4955357142857143', 1: '0.0', 2: '0.0', 3: '1.842015749320195', 4: 418.36093111132493} 
{0: '0.49333333333333335', 1: '0.0', 2: '0.0', 3: '1.842015749320195', 4: 407.2470971769459} 
{0: '0.49557522123893805', 1: '0.0', 2: '0.0', 3: '1.7328621078878674', 4: 401.5994744525808} 
{0: '0.4977973568281938', 1: '0.0', 2: '0.0', 3: '1.6301766616608926', 4: 391.5548468427282} 
{0: '0.5', 1: '0.0', 2: '0.0', 3: '1.5335761201812925', 4: 401.59484459936846} 
{0: '0.5021834061135371', 1: '0.0', 2: '0.0', 3: '1.4426999059072143', 4: 403.2289754074644} 
{0: '0.5', 1: '0.0', 2: '0.0', 3: '1.4426999059072143', 4: 397.70198638614994} 
{0: '0.5021645021645021', 1: '0.0', 2: '0.0', 3: '1.5335761201812925', 4: 403.58696736780274} 
{0: '0.5043103448275862', 1: '0.0', 2: '0.0', 3: '1.6301766616608926', 4: 398.3440421902065} 
{0: '0.5064377682403434', 1: '0.0', 2: '0.0', 3: '1.7328621078878674', 4: 411.9376811339796} 
{0: '0.5085470085470085', 1: '0.0', 2: '0.0', 3: '1.842015749320195', 4: 393.88261188335844} 
{0: '0.5063829787234042', 1: '0.0', 2: '0.0', 3: '1.842015749320195', 4: 399.34148961641506} 
{0: '0.5084745762711864', 1: '0.0', 2: '0.0', 3: '1.7328621078878674', 4: 401.8086256698857} 
{0: '0.5063291139240507', 1: '0.0', 2: '0.0', 3: '1.7328621078878674', 4: 404.239382201594} 
{0: '0.5042016806722689', 1: '0.0', 2: '0.0', 3: '1.7328621078878674', 4: 399.87975554734385} 
{0: '0.5062761506276151', 1: '0.0', 2: '0.0', 3: '1.6301766616608926', 4: 398.3878075855464} 
{0: '0.5083333333333333', 1: '0.0', 2: '0.0', 3: '1.5335761201812925', 4: 393.2959555357316} 
{0: '0.5062240663900415', 1: '0.0', 2: '0.0', 3: '1.5335761201812925', 4: 394.3667231718093} 
{0: '0.5082644628099173', 1: '0.0', 2: '0.0', 3: '1.6301766616608926', 4: 410.8352769075276} 
{0: '0.5102880658436214', 1: '0.0', 2: '0.0', 3: '1.7328621078878674', 4: 397.18076131547286} 
{0: '0.5122950819672131', 1: '0.0', 2: '0.0', 3: '1.842015749320195', 4: 399.5849581762466} 
{0: '0.5102040816326531', 1: '0.0', 2: '0.0', 3: '1.842015749320195', 4: 429.63285552253336} 
{0: '0.508130081300813', 1: '0.0', 2: '0.0', 3: '1.842015749320195', 4: 418.85771930946476} 
{0: '0.5060728744939271', 1: '0.0', 2: '0.0', 3: '1.842015749320195', 4: 403.2808694048689} 
{0: '0.5040322580645161', 1: '0.0', 2: '0.0', 3: '1.842015749320195', 4: 404.7242883808847} 
{0: '0.5020080321285141', 1: '0.0', 2: '0.0', 3: '1.842015749320195', 4: 422.86221248291434} 
{0: '0.5', 1: '0.0', 2: '0.0', 3: '1.842015749320195', 4: 406.8441366927063} 
{0: '0.49800796812749004', 1: '0.0', 2: '0.0', 3: '1.842015749320195', 4: 410.60942861866306} 
{0: '0.5', 1: '0.0', 2: '0.0', 3: '1.7328621078878674', 4: 409.307074447447} 
{0: '0.5019762845849802', 1: '0.0', 2: '0.0', 3: '1.6301766616608926', 4: 415.0549896207596} 
{0: '0.5', 1: '0.0', 2: '0.0', 3: '1.6301766616608926', 4: 407.45080198173713} 
{0: '0.5019607843137255', 1: '0.0', 2: '0.0', 3: '1.7328621078878674', 4: 418.31331615501153} 
{0: '0.50390625', 1: '0.0', 2: '0.0', 3: '1.842015749320195', 4: 397.52117742710885} 
{0: '0.5019455252918288', 1: '0.0', 2: '0.0', 3: '1.842015749320195', 4: 391.3447991020914} 
{0: '0.5038759689922481', 1: '0.0', 2: '0.0', 3: '1.7328621078878674', 4: 404.4478781993105} 
{0: '0.5019305019305019', 1: '0.0', 2: '0.0', 3: '1.7328621078878674', 4: 408.6711156495801} 
{0: '0.5038461538461538', 1: '0.0', 2: '0.0', 3: '1.842015749320195', 4: 408.59849328176864} 
{0: '0.5057471264367817', 1: '0.0', 2: '0.0', 3: '1.958045020027179', 4: 397.6657203392674} 
{0: '0.5038167938931297', 1: '0.0', 2: '0.0', 3: '1.958045020027179', 4: 405.8404296976199} 
{0: '0.5057034220532319', 1: '0.0', 2: '0.0', 3: '1.842015749320195', 4: 406.5053918574165} 
{0: '0.5075757575757576', 1: '0.0', 2: '0.0', 3: '1.7328621078878674', 4: 405.31983761349505} 
{0: '0.5094339622641509', 1: '0.0', 2: '0.0', 3: '1.6301766616608926', 4: 395.5490100939454} 
{0: '0.5112781954887218', 1: '0.0', 2: '0.0', 3: '1.5335761201812925', 4: 395.68714531720696} 
{0: '0.5093632958801498', 1: '0.0', 2: '0.0', 3: '1.5335761201812925', 4: 364.65365343289} 
{0: '0.5111940298507462', 1: '0.0', 2: '0.0', 3: '1.6301766616608926', 4: 371.3369139263056} 
{0: '0.5092936802973977', 1: '0.0', 2: '0.0', 3: '1.6301766616608926', 4: 383.1550446003246} 
{0: '0.5111111111111111', 1: '0.0', 2: '0.0', 3: '1.5335761201812925', 4: 378.54703992526294} 
{0: '0.5092250922509225', 1: '0.0', 2: '0.0', 3: '1.5335761201812925', 4: 371.1866071187478} 
{0: '0.5110294117647058', 1: '0.0', 2: '0.0', 3: '1.6301766616608926', 4: 372.76926362364} 
{0: '0.5091575091575091', 1: '0.0', 2: '0.0', 3: '1.6301766616608926', 4: 384.17586170258204} 
{0: '0.5109489051094891', 1: '0.0', 2: '0.0', 3: '1.5335761201812925', 4: 369.0482167343099} 
{0: '0.5127272727272727', 1: '0.0', 2: '0.0', 3: '1.4426999059072143', 4: 368.15552314355364} 
{0: '0.5144927536231884', 1: '0.0', 2: '0.0', 3: '1.3572088082974538', 4: 371.4788369981181} 
{0: '0.516245487364621', 1: '0.0', 2: '0.0', 3: '1.2767837176518553', 4: 373.4338221629491} 
{0: '0.5143884892086331', 1: '0.0', 2: '0.0', 3: '1.2767837176518553', 4: 367.12582504989757} 
{0: '0.5161290322580645', 1: '0.0', 2: '0.0', 3: '1.3572088082974538', 4: 372.22691038751987} 
{0: '0.5178571428571429', 1: '0.0', 2: '0.0', 3: '1.4426999059072143', 4: 374.08225058205323} 
{0: '0.5195729537366548', 1: '0.0', 2: '0.0', 3: '1.5335761201812925', 4: 368.4283081696138} 
{0: '0.5212765957446809', 1: '0.0', 2: '0.0', 3: '1.6301766616608926', 4: 367.14714134206383} 
{0: '0.519434628975265', 1: '0.0', 2: '0.0', 3: '1.6301766616608926', 4: 376.61978340492226} 
{0: '0.5211267605633803', 1: '0.0', 2: '0.0', 3: '1.5335761201812925', 4: 363.45774417035005} 
{0: '0.5228070175438596', 1: '0.0', 2: '0.0', 3: '1.4426999059072143', 4: 364.9224726294367} 
{0: '0.5244755244755245', 1: '0.0', 2: '0.0', 3: '1.3572088082974538', 4: 367.97263295239935} 
{0: '0.5226480836236934', 1: '0.0', 2: '0.0', 3: '1.3572088082974538', 4: 372.5297569612709} 
{0: '0.5243055555555556', 1: '0.0', 2: '0.0', 3: '1.4426999059072143', 4: 369.0656132658212} 
{0: '0.5224913494809689', 1: '0.0', 2: '0.0', 3: '1.4426999059072143', 4: 363.35463333893256} 
{0: '0.5241379310344828', 1: '0.0', 2: '0.0', 3: '1.3572088082974538', 4: 379.91780644384704} 
{0: '0.5223367697594502', 1: '0.0', 2: '0.0', 3: '1.3572088082974538', 4: 368.49733453304714} 
{0: '0.523972602739726', 1: '0.0', 2: '0.0', 3: '1.4426999059072143', 4: 374.6180199283243} 
{0: '0.5255972696245734', 1: '0.0', 2: '0.0', 3: '1.5335761201812925', 4: 369.2302537597743} 
{0: '0.5272108843537415', 1: '0.0', 2: '0.0', 3: '1.6301766616608926', 4: 379.47304456752687} 
{0: '0.5288135593220339', 1: '0.0', 2: '0.0', 3: '1.7328621078878674', 4: 380.01702710031344} 
{0: '0.5304054054054054', 1: '0.0', 2: '0.0', 3: '1.842015749320195', 4: 369.92811709645093} 
{0: '0.5286195286195287', 1: '0.0', 2: '0.0', 3: '1.842015749320195', 4: 372.5510951310015} 
{0: '0.5302013422818792', 1: '0.0', 2: '0.0', 3: '1.7328621078878674', 4: 372.5057661895331} 
{0: '0.5317725752508361', 1: '0.0', 2: '0.0', 3: '1.6301766616608926', 4: 374.63394237425416} 
{0: '0.5333333333333333', 1: '0.0', 2: '0.0', 3: '1.5335761201812925', 4: 378.9527986402293} 
{0: '0.5348837209302325', 1: '0.0', 2: '0.0', 3: '1.4426999059072143', 4: 367.0619999327341} 
{0: '0.5331125827814569', 1: '0.0', 2: '0.0', 3: '1.4426999059072143', 4: 349.32225714340285} 
{0: '0.5313531353135313', 1: '0.0', 2: '0.0', 3: '1.4426999059072143', 4: 342.90281412416147} 
{0: '0.5328947368421053', 1: '0.0', 2: '0.0', 3: '1.3572088082974538', 4: 344.1004447109106} 
{0: '0.5344262295081967', 1: '0.0', 2: '0.0', 3: '1.2767837176518553', 4: 341.4777294366325} 
{0: '0.5359477124183006', 1: '0.0', 2: '0.0', 3: '1.2011244339814315', 4: 343.23071441902965} 
{0: '0.5374592833876222', 1: '0.0', 2: '0.0', 3: '1.1299485464621188', 4: 340.6723749290557} 
{0: '0.538961038961039', 1: '0.0', 2: '0.0', 3: '1.0629903792895394', 4: 333.4621544645944} 
{0: '0.5372168284789643', 1: '0.0', 2: '0.0', 3: '1.0629903792895394', 4: 339.58120846437316} 
{0: '0.5387096774193548', 1: '0.0', 2: '0.0', 3: '1.1299485464621188', 4: 342.71008986085565} 
{0: '0.5401929260450161', 1: '0.0', 2: '0.0', 3: '1.2011244339814315', 4: 341.9590991690925} 
{0: '0.5416666666666666', 1: '0.0', 2: '0.0', 3: '1.2767837176518553', 4: 333.0600595142006} 
{0: '0.5431309904153354', 1: '0.0', 2: '0.0', 3: '1.3572088082974538', 4: 339.7056220035712} 
{0: '0.5445859872611465', 1: '0.0', 2: '0.0', 3: '1.4426999059072143', 4: 336.25153096961327} 
{0: '0.5428571428571428', 1: '0.0', 2: '0.0', 3: '1.4426999059072143', 4: 343.4161945808273} 
{0: '0.5443037974683544', 1: '0.0', 2: '0.0', 3: '1.3572088082974538', 4: 343.8231050027973} 
{0: '0.5457413249211357', 1: '0.0', 2: '0.0', 3: '1.2767837176518553', 4: 333.0435088060664} 
{0: '0.5471698113207547', 1: '0.0', 2: '0.0', 3: '1.2011244339814315', 4: 348.586746548153} 
{0: '0.54858934169279', 1: '0.0', 2: '0.0', 3: '1.1299485464621188', 4: 337.47595386317016} 
{0: '0.55', 1: '0.0', 2: '0.0', 3: '1.0629903792895394', 4: 331.6073714138853} 
{0: '0.5482866043613707', 1: '0.0', 2: '0.0', 3: '1.0629903792895394', 4: 334.59084881806524} 
{0: '0.546583850931677', 1: '0.0', 2: '0.0', 3: '1.0629903792895394', 4: 335.0663471912971} 
{0: '0.544891640866873', 1: '0.0', 2: '0.0', 3: '1.0629903792895394', 4: 335.7923852588183} 
{0: '0.5462962962962963', 1: '0.0', 2: '0.0', 3: '1.1299485464621188', 4: 341.2492381582242} 
{0: '0.5476923076923077', 1: '0.0', 2: '0.0', 3: '1.2011244339814315', 4: 339.0816291437511} 
{0: '0.549079754601227', 1: '0.0', 2: '0.0', 3: '1.2767837176518553', 4: 346.25487846902655} 
{0: '0.5504587155963303', 1: '0.0', 2: '0.0', 3: '1.3572088082974538', 4: 341.0343870317858} 
{0: '0.551829268292683', 1: '0.0', 2: '0.0', 3: '1.4426999059072143', 4: 340.37867476015435} 
{0: '0.5501519756838906', 1: '0.0', 2: '0.0', 3: '1.4426999059072143', 4: 348.38463618715264} 
{0: '0.5515151515151515', 1: '0.0', 2: '0.0', 3: '1.3572088082974538', 4: 338.6069255714116} 
{0: '0.552870090634441', 1: '0.0', 2: '0.0', 3: '1.2767837176518553', 4: 349.6204557203112} 
{0: '0.5542168674698795', 1: '0.0', 2: '0.0', 3: '1.2011244339814315', 4: 328.7910447896564} 
{0: '0.5555555555555556', 1: '0.0', 2: '0.0', 3: '1.1299485464621188', 4: 338.0921304909448} 
{0: '0.5568862275449101', 1: '0.0', 2: '0.0', 3: '1.0629903792895394', 4: 342.51343053084975} 
{0: '0.5552238805970149', 1: '0.0', 2: '0.0', 3: '1.0629903792895394', 4: 332.66398670858393} 
{0: '0.5535714285714286', 1: '0.0', 2: '0.0', 3: '1.0629903792895394', 4: 338.9615831260611} 
{0: '0.5548961424332344', 1: '0.0', 2: '0.0', 3: '1.0', 4: 342.27964831754315} 
{0: '0.5532544378698225', 1: '0.0029585798816568047', 2: '0.0', 3: '1.0', 4: 341.5244076264647} 
{0: '0.5545722713864307', 1: '0.0058997050147492625', 2: '0.0', 3: '1.0629903792895394', 4: 334.135256065009} 
{0: '0.5558823529411765', 1: '0.0058823529411764705', 2: '0.0', 3: '1.1299485464621188', 4: 337.96392632887364} 
{0: '0.5571847507331378', 1: '0.005865102639296188', 2: '0.0', 3: '1.2011244339814315', 4: 336.2878292205124} 
{0: '0.5584795321637427', 1: '0.005847953216374269', 2: '0.0', 3: '1.2767837176518553', 4: 346.27932968452586} 
{0: '0.5597667638483965', 1: '0.0058309037900874635', 2: '0.0', 3: '1.3572088082974538', 4: 339.5067840452016} 
{0: '0.5581395348837209', 1: '0.005813953488372093', 2: '0.0', 3: '1.3572088082974538', 4: 350.7315530414441} 
{0: '0.5594202898550724', 1: '0.005797101449275362', 2: '0.0', 3: '1.2767837176518553', 4: 346.69868194223517} 
{0: '0.5606936416184971', 1: '0.005780346820809248', 2: '0.0', 3: '1.2011244339814315', 4: 348.93132621665364} 
{0: '0.5619596541786743', 1: '0.005763688760806916', 2: '0.0', 3: '1.1299485464621188', 4: 349.6254167246287} 
{0: '0.5632183908045977', 1: '0.005747126436781609', 2: '0.0', 3: '1.0629903792895394', 4: 348.4262873178611} 
{0: '0.5616045845272206', 1: '0.0057306590257879654', 2: '0.0', 3: '1.0629903792895394', 4: 338.8355075156789} 
{0: '0.5628571428571428', 1: '0.005714285714285714', 2: '0.0', 3: '1.1299485464621188', 4: 334.1636980755618} 
{0: '0.5641025641025641', 1: '0.005698005698005698', 2: '0.0', 3: '1.2011244339814315', 4: 332.0110363185607} 
{0: '0.5653409090909091', 1: '0.005681818181818182', 2: '0.0', 3: '1.2767837176518553', 4: 338.5407549541386} 
{0: '0.56657223796034', 1: '0.0056657223796034', 2: '0.0', 3: '1.3572088082974538', 4: 345.46105824060896} 
{0: '0.5649717514124294', 1: '0.005649717514124294', 2: '0.0', 3: '1.3572088082974538', 4: 337.9259655628585} 
{0: '0.5661971830985916', 1: '0.005633802816901409', 2: '0.0', 3: '1.2767837176518553', 4: 338.0428981536408} 
{0: '0.5674157303370787', 1: '0.0056179775280898875', 2: '0.0', 3: '1.2011244339814315', 4: 344.8005117936403} 
{0: '0.5658263305322129', 1: '0.0056022408963585435', 2: '0.0', 3: '1.2011244339814315', 4: 337.65709960053687} 
{0: '0.5642458100558659', 1: '0.00558659217877095', 2: '0.0', 3: '1.2011244339814315', 4: 334.8539673951956} 
{0: '0.5654596100278552', 1: '0.005571030640668524', 2: '0.0', 3: '1.1299485464621188', 4: 336.6860785913513} 
{0: '0.5638888888888889', 1: '0.005555555555555556', 2: '0.0', 3: '1.1299485464621188', 4: 332.06180012332055} 
{0: '0.5650969529085873', 1: '0.00554016620498615', 2: '0.0', 3: '1.2011244339814315', 4: 339.62351277591904} 
{0: '0.5662983425414365', 1: '0.0055248618784530384', 2: '0.0', 3: '1.2767837176518553', 4: 337.1141209242724} 
{0: '0.5674931129476584', 1: '0.005509641873278237', 2: '0.0', 3: '1.3572088082974538', 4: 334.221996421839} 
{0: '0.5686813186813187', 1: '0.005494505494505495', 2: '0.0', 3: '1.4426999059072143', 4: 336.26139551827924} 
{0: '0.5671232876712329', 1: '0.005479452054794521', 2: '0.0', 3: '1.4426999059072143', 4: 345.3429200272536} 
{0: '0.5683060109289617', 1: '0.00546448087431694', 2: '0.0', 3: '1.3572088082974538', 4: 342.3061910521777} 
{0: '0.5694822888283378', 1: '0.005449591280653951', 2: '0.0', 3: '1.2767837176518553', 4: 339.1848010120555} 
{0: '0.5706521739130435', 1: '0.005434782608695652', 2: '0.0', 3: '1.2011244339814315', 4: 343.9430228611031} 
{0: '0.5718157181571816', 1: '0.005420054200542005', 2: '0.0', 3: '1.1299485464621188', 4: 343.2974400278072} 
{0: '0.572972972972973', 1: '0.005405405405405406', 2: '0.0', 3: '1.0629903792895394', 4: 337.96983435846073} 
{0: '0.5714285714285714', 1: '0.005390835579514825', 2: '0.0', 3: '1.0629903792895394', 4: 333.1001841006185} 
{0: '0.5725806451612904', 1: '0.005376344086021506', 2: '0.0', 3: '1.1299485464621188', 4: 333.85809134376575} 
{0: '0.5737265415549598', 1: '0.005361930294906166', 2: '0.0', 3: '1.2011244339814315', 4: 335.23897864955205} 
{0: '0.5721925133689839', 1: '0.0053475935828877', 2: '0.0', 3: '1.2011244339814315', 4: 340.02054705838333} 
{0: '0.5706666666666667', 1: '0.005333333333333333', 2: '0.0', 3: '1.2011244339814315', 4: 345.87023137822246} 
{0: '0.5691489361702128', 1: '0.005319148936170213', 2: '0.0', 3: '1.2011244339814315', 4: 338.60690741882564} 
{0: '0.5702917771883289', 1: '0.005305039787798408', 2: '0.0', 3: '1.1299485464621188', 4: 337.265247854876} 
{0: '0.5687830687830688', 1: '0.005291005291005291', 2: '0.0', 3: '1.1299485464621188', 4: 337.79558466176843} 
{0: '0.5672823218997362', 1: '0.005277044854881266', 2: '0.0', 3: '1.1299485464621188', 4: 335.12246843671744} 
{0: '0.5657894736842105', 1: '0.005263157894736842', 2: '0.0', 3: '1.1299485464621188', 4: 332.39554019991226} 
{0: '0.5669291338582677', 1: '0.005249343832020997', 2: '0.0', 3: '1.2011244339814315', 4: 330.743108708879} 
{0: '0.5654450261780105', 1: '0.005235602094240838', 2: '0.0', 3: '1.2011244339814315', 4: 351.2659072130631} 
{0: '0.5639686684073107', 1: '0.005221932114882507', 2: '0.0', 3: '1.2011244339814315', 4: 343.6509161265697} 
{0: '0.5651041666666666', 1: '0.005208333333333333', 2: '0.0', 3: '1.2767837176518553', 4: 340.13430345402236} 
{0: '0.5662337662337662', 1: '0.005194805194805195', 2: '0.0', 3: '1.3572088082974538', 4: 339.472964894897} 
{0: '0.5647668393782384', 1: '0.0051813471502590676', 2: '0.0', 3: '1.3572088082974538', 4: 344.7183748295648} 
{0: '0.5658914728682171', 1: '0.00516795865633075', 2: '0.0', 3: '1.2767837176518553', 4: 342.7912701949552} 
{0: '0.5670103092783505', 1: '0.005154639175257732', 2: '0.0', 3: '1.2011244339814315', 4: 336.68751335218917} 
{0: '0.5681233933161953', 1: '0.005141388174807198', 2: '0.0', 3: '1.1299485464621188', 4: 338.88010932777667} 
{0: '0.5666666666666667', 1: '0.005128205128205128', 2: '0.0', 3: '1.1299485464621188', 4: 332.63486521424875} 
{0: '0.5677749360613811', 1: '0.005115089514066497', 2: '0.0', 3: '1.2011244339814315', 4: 332.6437406132684} 
{0: '0.5688775510204082', 1: '0.00510204081632653', 2: '0.0', 3: '1.2767837176518553', 4: 340.7159801818153} 
{0: '0.5674300254452926', 1: '0.005089058524173028', 2: '0.0', 3: '1.2767837176518553', 4: 341.32382478343345} 
{0: '0.565989847715736', 1: '0.005076142131979695', 2: '0.0', 3: '1.2767837176518553', 4: 338.3446014454693} 
{0: '0.5670886075949367', 1: '0.005063291139240506', 2: '0.0', 3: '1.3572088082974538', 4: 349.7446640859052} 
{0: '0.5656565656565656', 1: '0.005050505050505051', 2: '0.0', 3: '1.3572088082974538', 4: 339.53189156732225} 
{0: '0.5667506297229219', 1: '0.005037783375314861', 2: '0.0', 3: '1.2767837176518553', 4: 339.1833906446232} 
{0: '0.5678391959798995', 1: '0.005025125628140704', 2: '0.0', 3: '1.2011244339814315', 4: 340.20190021737983} 
{0: '0.568922305764411', 1: '0.005012531328320802', 2: '0.0', 3: '1.1299485464621188', 4: 334.6914237677856} 
{0: '0.5675', 1: '0.005', 2: '0.0', 3: '1.1299485464621188', 4: 340.1378857079553} 
{0: '0.5685785536159601', 1: '0.004987531172069825', 2: '0.0', 3: '1.2011244339814315', 4: 339.3107259196325} 
{0: '0.5671641791044776', 1: '0.004975124378109453', 2: '0.0', 3: '1.2011244339814315', 4: 338.2721981761176} 
{0: '0.5682382133995038', 1: '0.004962779156327543', 2: '0.0', 3: '1.1299485464621188', 4: 340.7869083061061} 
{0: '0.5693069306930693', 1: '0.0049504950495049506', 2: '0.0', 3: '1.0629903792895394', 4: 329.70461061962055} 
{0: '0.5679012345679012', 1: '0.0049382716049382715', 2: '0.0', 3: '1.0629903792895394', 4: 334.89947254135666} 
{0: '0.5689655172413793', 1: '0.0049261083743842365', 2: '0.0', 3: '1.1299485464621188', 4: 341.6532385014384} 
{0: '0.5700245700245701', 1: '0.004914004914004914', 2: '0.0', 3: '1.2011244339814315', 4: 339.0804937417073} 
{0: '0.571078431372549', 1: '0.004901960784313725', 2: '0.0', 3: '1.2767837176518553', 4: 336.00773730031824} 
{0: '0.5721271393643031', 1: '0.004889975550122249', 2: '0.0', 3: '1.3572088082974538', 4: 345.3528179412721} 
{0: '0.573170731707317', 1: '0.004878048780487805', 2: '0.0', 3: '1.4426999059072143', 4: 347.9153531176887} 
{0: '0.5742092457420924', 1: '0.004866180048661801', 2: '0.0', 3: '1.5335761201812925', 4: 345.4895723490498} 
{0: '0.5752427184466019', 1: '0.0048543689320388345', 2: '0.0', 3: '1.6301766616608926', 4: 349.74583478803714} 
{0: '0.5738498789346247', 1: '0.004842615012106538', 2: '0.0', 3: '1.6301766616608926', 4: 344.39005664422325} 
{0: '0.5748792270531401', 1: '0.004830917874396135', 2: '0.0', 3: '1.5335761201812925', 4: 340.17106309454516} 
{0: '0.5759036144578313', 1: '0.004819277108433735', 2: '0.0', 3: '1.4426999059072143', 4: 341.7778767558247} 
{0: '0.5769230769230769', 1: '0.004807692307692308', 2: '0.0', 3: '1.3572088082974538', 4: 339.58197017017767} 
{0: '0.5779376498800959', 1: '0.004796163069544364', 2: '0.0', 3: '1.2767837176518553', 4: 344.5598124026709} 
{0: '0.5789473684210527', 1: '0.004784688995215311', 2: '0.0', 3: '1.2011244339814315', 4: 336.7434148806287} 
{0: '0.5799522673031027', 1: '0.00477326968973747', 2: '0.0', 3: '1.1299485464621188', 4: 335.041900180172} 
{0: '0.5785714285714286', 1: '0.004761904761904762', 2: '0.0', 3: '1.1299485464621188', 4: 334.0098737668636} 
{0: '0.5795724465558195', 1: '0.004750593824228029', 2: '0.0', 3: '1.2011244339814315', 4: 343.90285116991646} 
{0: '0.5781990521327014', 1: '0.004739336492890996', 2: '0.0', 3: '1.2011244339814315', 4: 340.79922234200575} 
{0: '0.5791962174940898', 1: '0.004728132387706856', 2: '0.0', 3: '1.1299485464621188', 4: 330.14599874731766} 
{0: '0.5801886792452831', 1: '0.0047169811320754715', 2: '0.0', 3: '1.0629903792895394', 4: 342.2353147588939} 
{0: '0.5788235294117647', 1: '0.004705882352941176', 2: '0.0', 3: '1.0629903792895394', 4: 343.8593566166152} 
{0: '0.57981220657277', 1: '0.004694835680751174', 2: '0.0', 3: '1.1299485464621188', 4: 337.4422943026607} 
{0: '0.5807962529274004', 1: '0.00468384074941452', 2: '0.0', 3: '1.2011244339814315', 4: 343.1698589751951} 
{0: '0.5817757009345794', 1: '0.004672897196261682', 2: '0.0', 3: '1.2767837176518553', 4: 338.0618991692171} 
{0: '0.5827505827505828', 1: '0.004662004662004662', 2: '0.0', 3: '1.3572088082974538', 4: 340.356432383968} 
{0: '0.5813953488372093', 1: '0.004651162790697674', 2: '0.0', 3: '1.3572088082974538', 4: 340.06342655320054} 
{0: '0.5823665893271461', 1: '0.004640371229698376', 2: '0.0', 3: '1.2767837176518553', 4: 343.3246308457295} 
{0: '0.5833333333333334', 1: '0.004629629629629629', 2: '0.0', 3: '1.2011244339814315', 4: 349.03946963604676} 
{0: '0.5842956120092379', 1: '0.004618937644341801', 2: '0.0', 3: '1.1299485464621188', 4: 343.82144857266593} 
{0: '0.5829493087557603', 1: '0.004608294930875576', 2: '0.0', 3: '1.1299485464621188', 4: 338.5251447825584} 
{0: '0.5839080459770115', 1: '0.004597701149425287', 2: '0.0', 3: '1.2011244339814315', 4: 337.4405921520082} 
{0: '0.5848623853211009', 1: '0.0045871559633027525', 2: '0.0', 3: '1.2767837176518553', 4: 339.1370219038038} 
{0: '0.585812356979405', 1: '0.004576659038901602', 2: '0.0', 3: '1.3572088082974538', 4: 346.37921884526094} 
{0: '0.58675799086758', 1: '0.0045662100456621', 2: '0.0', 3: '1.4426999059072143', 4: 344.268463491284} 
{0: '0.5876993166287016', 1: '0.004555808656036446', 2: '0.0', 3: '1.5335761201812925', 4: 342.4077399475741} 
{0: '0.5863636363636363', 1: '0.004545454545454545', 2: '0.0', 3: '1.5335761201812925', 4: 338.04837948989234} 
{0: '0.5873015873015873', 1: '0.0045351473922902496', 2: '0.0', 3: '1.4426999059072143', 4: 345.6748219973012} 
{0: '0.5882352941176471', 1: '0.004524886877828055', 2: '0.0', 3: '1.3572088082974538', 4: 346.7588223788773} 
{0: '0.5891647855530474', 1: '0.004514672686230248', 2: '0.0', 3: '1.2767837176518553', 4: 334.8156361790442} 
{0: '0.5900900900900901', 1: '0.0045045045045045045', 2: '0.0', 3: '1.2011244339814315', 4: 338.4698283659065} 
{0: '0.5910112359550562', 1: '0.0044943820224719105', 2: '0.0', 3: '1.1299485464621188', 4: 338.88522764555063} 
{0: '0.5896860986547086', 1: '0.004484304932735426', 2: '0.0', 3: '1.1299485464621188', 4: 340.09448938901284} 
{0: '0.5906040268456376', 1: '0.0044742729306487695', 2: '0.0', 3: '1.2011244339814315', 4: 342.23820389971047} 
{0: '0.5915178571428571', 1: '0.004464285714285714', 2: '0.0', 3: '1.2767837176518553', 4: 341.2515175705691} 
{0: '0.5902004454342984', 1: '0.004454342984409799', 2: '0.0', 3: '1.2767837176518553', 4: 337.27908201006505} 
{0: '0.5911111111111111', 1: '0.0044444444444444444', 2: '0.0', 3: '1.2011244339814315', 4: 336.0503916443502} 
{0: '0.5920177383592018', 1: '0.004434589800443459', 2: '0.0', 3: '1.1299485464621188', 4: 335.1950339492482} 
{0: '0.5907079646017699', 1: '0.004424778761061947', 2: '0.0', 3: '1.1299485464621188', 4: 332.09340084738614} 
{0: '0.5916114790286976', 1: '0.004415011037527594', 2: '0.0', 3: '1.2011244339814315', 4: 336.3163732923862} 
{0: '0.5925110132158591', 1: '0.004405286343612335', 2: '0.0', 3: '1.2767837176518553', 4: 332.5924434539447} 
{0: '0.5934065934065934', 1: '0.004395604395604396', 2: '0.0', 3: '1.3572088082974538', 4: 340.18757738327747} 
{0: '0.5942982456140351', 1: '0.0043859649122807015', 2: '0.0', 3: '1.4426999059072143', 4: 349.4373031775807} 
{0: '0.5951859956236324', 1: '0.00437636761487965', 2: '0.0', 3: '1.5335761201812925', 4: 335.38403169261943} 
{0: '0.5938864628820961', 1: '0.004366812227074236', 2: '0.0', 3: '1.5335761201812925', 4: 346.12500038851704} 
{0: '0.5947712418300654', 1: '0.004357298474945534', 2: '0.0', 3: '1.4426999059072143', 4: 341.0032472646284} 
{0: '0.5956521739130435', 1: '0.004347826086956522', 2: '0.0', 3: '1.3572088082974538', 4: 339.3104941800365} 
{0: '0.596529284164859', 1: '0.004338394793926247', 2: '0.0', 3: '1.2767837176518553', 4: 334.0950252863775} 
{0: '0.5974025974025974', 1: '0.004329004329004329', 2: '0.0', 3: '1.2011244339814315', 4: 337.48259534263923} 
{0: '0.5982721382289417', 1: '0.004319654427645789', 2: '0.0', 3: '1.1299485464621188', 4: 340.03956555419563} 
{0: '0.5969827586206896', 1: '0.004310344827586207', 2: '0.0', 3: '1.1299485464621188', 4: 340.84974418952504} 
{0: '0.5978494623655914', 1: '0.004301075268817204', 2: '0.0', 3: '1.2011244339814315', 4: 334.41128697439916} 
{0: '0.5987124463519313', 1: '0.004291845493562232', 2: '0.0', 3: '1.2767837176518553', 4: 332.3772838645214} 
{0: '0.5974304068522484', 1: '0.004282655246252677', 2: '0.0', 3: '1.2767837176518553', 4: 340.6198747253724} 
{0: '0.5961538461538461', 1: '0.004273504273504274', 2: '0.0', 3: '1.2767837176518553', 4: 337.1797494268407} 
{0: '0.5970149253731343', 1: '0.0042643923240938165', 2: '0.0', 3: '1.3572088082974538', 4: 338.51751114680525} 
{0: '0.597872340425532', 1: '0.00425531914893617', 2: '0.0', 3: '1.4426999059072143', 4: 345.96971925167674} 
{0: '0.5987261146496815', 1: '0.004246284501061571', 2: '0.0', 3: '1.5335761201812925', 4: 342.99388687037924} 
{0: '0.597457627118644', 1: '0.00423728813559322', 2: '0.0', 3: '1.5335761201812925', 4: 338.9617500272847} 
{0: '0.5983086680761099', 1: '0.004228329809725159', 2: '0.0', 3: '1.4426999059072143', 4: 348.2880328889822} 
{0: '0.5991561181434599', 1: '0.004219409282700422', 2: '0.0', 3: '1.3572088082974538', 4: 348.5912520681869} 
{0: '0.6', 1: '0.004210526315789474', 2: '0.0', 3: '1.2767837176518553', 4: 345.14673699596204} 
{0: '0.6008403361344538', 1: '0.004201680672268907', 2: '0.0', 3: '1.2011244339814315', 4: 346.35532285144586} 
{0: '0.59958071278826', 1: '0.0041928721174004195', 2: '0.0', 3: '1.2011244339814315', 4: 345.7801741852816} 
{0: '0.600418410041841', 1: '0.0041841004184100415', 2: '0.0', 3: '1.2767837176518553', 4: 334.1559866555385} 
{0: '0.5991649269311065', 1: '0.0041753653444676405', 2: '0.0', 3: '1.2767837176518553', 4: 351.79665650281163} 
{0: '0.6', 1: '0.004166666666666667', 2: '0.0', 3: '1.2011244339814315', 4: 340.66513506198726} 
{0: '0.6008316008316008', 1: '0.004158004158004158', 2: '0.0', 3: '1.1299485464621188', 4: 343.7301737142964} 
{0: '0.5995850622406639', 1: '0.004149377593360996', 2: '0.0', 3: '1.1299485464621188', 4: 342.0830903142569} 
{0: '0.6004140786749482', 1: '0.004140786749482402', 2: '0.0', 3: '1.2011244339814315', 4: 346.78120184171826} 
{0: '0.6012396694214877', 1: '0.004132231404958678', 2: '0.0', 3: '1.2767837176518553', 4: 343.60311404944434} 
{0: '0.6', 1: '0.004123711340206186', 2: '0.0', 3: '1.2767837176518553', 4: 344.420453378342} 
{0: '0.5987654320987654', 1: '0.00411522633744856', 2: '0.0', 3: '1.2767837176518553', 4: 346.65621121803866} 
{0: '0.5995893223819302', 1: '0.004106776180698152', 2: '0.0', 3: '1.3572088082974538', 4: 340.4942366586784} 
{0: '0.5983606557377049', 1: '0.004098360655737705', 2: '0.0', 3: '1.3572088082974538', 4: 332.9811732712952} 
{0: '0.5991820040899796', 1: '0.00408997955010225', 2: '0.0', 3: '1.2767837176518553', 4: 335.8990221475958} 
{0: '0.6', 1: '0.004081632653061225', 2: '0.0', 3: '1.2011244339814315', 4: 346.3519384509907} 
{0: '0.5987780040733197', 1: '0.004073319755600814', 2: '0.0', 3: '1.2011244339814315', 4: 340.4833010668936} 
{0: '0.5995934959349594', 1: '0.0040650406504065045', 2: '0.0', 3: '1.2767837176518553', 4: 340.9830484858788} 
{0: '0.6004056795131846', 1: '0.004056795131845842', 2: '0.0', 3: '1.3572088082974538', 4: 336.4756628110035} 
{0: '0.6012145748987854', 1: '0.004048582995951417', 2: '0.0', 3: '1.4426999059072143', 4: 349.312772525109} 
{0: '0.602020202020202', 1: '0.00404040404040404', 2: '0.0', 3: '1.5335761201812925', 4: 357.91141336894844} 
{0: '0.6028225806451613', 1: '0.004032258064516129', 2: '0.0', 3: '1.6301766616608926', 4: 348.7660376222842} 
{0: '0.6016096579476862', 1: '0.004024144869215292', 2: '0.0', 3: '1.6301766616608926', 4: 346.17961297272836} 
{0: '0.6024096385542169', 1: '0.004016064257028112', 2: '0.0', 3: '1.5335761201812925', 4: 340.88091965368693} 
{0: '0.6032064128256514', 1: '0.004008016032064128', 2: '0.0', 3: '1.4426999059072143', 4: 334.9245697703142} 
