{'STAT2HEADER': 'STAT2HEADER', 'STAT2HEADER_ENVIRON': 'environ({\'OMPI_MCA_pmix\': \'^s1,s2,cray,isolated\', \'PMIX_MCA_mca_base_component_show_load_errors\': \'1\', \'OMPI_COMMAND\': \'python3\', \'OMPI_ARGV\': \'static_snapshot.py 3 0min\', \'OMPI_MCA_orte_precondition_transports\': \'5859fe6127c5a3fb-5669126e366696ff\', \'LD_LIBRARY_PATH\': \'/salilab/diva1/programs/x86_64linux/numpy-py36-1.19.5/lib:/salilab/diva1/home/libs/x86_64/centos8:/salilab/diva1/home/libs/x86_64:/salilab/diva1/home/imp/main/20240607-af6f9d6a95/lib/release8:/salilab/diva1/programs/x86_64linux/opencv-4.3.0/lib64/rhel:/salilab/diva1/programs/x86_64linux/opencv-4.3.0/lib64:/salilab/diva1/programs/x86_64linux/hdf5-1.10.7/lib:/salilab/diva1/programs/x86_64linux/libtau-py27-1.0.1/lib64:/salilab/diva1/programs/x86_64linux/boost-1.73.0/lib64:/usr/lib64/openmpi/lib:/wynton/group/sali/miha_rozic/Software/imp-develop/build/lib::\', \'IMP_TMP_DIR\': \'/wynton/group/sali/miha_rozic/Software/imp-develop/build/tmp\', \'PE_HOSTFILE\': \'/var/spool/sge/wynton/qb3-id315/active_jobs/709027.1/pe_hostfile\', \'__LMOD_REF_COUNT_PATH\': \'/salilab/diva1/programs/x86_64linux/numpy-py36-1.19.5/bin:1;/salilab/diva1/home/imp/main/20240607-af6f9d6a95/bin/release8:1;/salilab/diva1/programs/x86_64linux/opencv-4.3.0/bin:1;/salilab/diva1/programs/x86_64linux/hdf5-1.10.7/bin:1;/usr/lib64/openmpi/bin:1;/wynton/home/sali/rozicmiha/.local/bin:1;/wynton/home/sali/rozicmiha/bin:1;/wynton/group/sali/miha_rozic/Software/imp-develop/build/bin:1;/wynton/group/sali/miha_rozic/Software/imp-develop/build/module_bin/EMageFit:1;/wynton/group/sali/miha_rozic/Software/imp-develop/build/module_bin/algebra:1;/wynton/group/sali/miha_rozic/Software/imp-develop/build/module_bin/atom:1;/wynton/group/sali/miha_rozic/Software/imp-develop/build/module_bin/benchmark:1;/wynton/group/sali/miha_rozic/Software/imp-develop/build/module_bin/cgal:1;/wynton/group/sali/miha_rozic/Software/imp-develop/build/module_bin/cnmultifit:1;/wynton/group/sali/miha_rozic/Software/imp-develop/build/module_bin/container:1;/wynton/group/sali/miha_rozic/Software/imp-develop/build/module_bin/core:1;/wynton/group/sali/miha_rozic/Software/imp-develop/build/module_bin/display:1;/wynton/group/sali/miha_rozic/Software/imp-develop/build/module_bin/domino:1;/wynton/group/sali/miha_rozic/Software/imp-develop/build/module_bin/em:1;/wynton/group/sali/miha_rozic/Software/imp-develop/build/module_bin/em2d:1;/wynton/group/sali/miha_rozic/Software/imp-develop/build/module_bin/example:1;/wynton/group/sali/miha_rozic/Software/imp-develop/build/module_bin/foxs:1;/wynton/group/sali/miha_rozic/Software/imp-develop/build/module_bin/gsl:1;/wynton/group/sali/miha_rozic/Software/imp-develop/build/module_bin/integrative_docking:1;/wynton/group/sali/miha_rozic/Software/imp-develop/build/module_bin/isd:1;/wynton/group/sali/miha_rozic/Software/imp-develop/build/module_bin/kernel:1;/wynton/group/sali/miha_rozic/Software/imp-develop/build/module_bin/kinematics:1;/wynton/group/sali/miha_rozic/Software/imp-develop/build/module_bin/kmeans:1;/wynton/group/sali/miha_rozic/Software/imp-develop/build/module_bin/misc:1;/wynton/group/sali/miha_rozic/Software/imp-develop/build/module_bin/mmcif:1;/wynton/group/sali/miha_rozic/Software/imp-develop/build/module_bin/modeller:1;/wynton/group/sali/miha_rozic/Software/imp-develop/build/module_bin/mpi:1;/wynton/group/sali/miha_rozic/Software/imp-develop/build/module_bin/multi_state:1;/wynton/group/sali/miha_rozic/Software/imp-develop/build/module_bin/multifit:1;/wynton/group/sali/miha_rozic/Software/imp-develop/build/module_bin/npc:1;/wynton/group/sali/miha_rozic/Software/imp-develop/build/module_bin/npcassembly:1;/wynton/group/sali/miha_rozic/Software/imp-develop/build/module_bin/parallel:1;/wynton/group/sali/miha_rozic/Software/imp-develop/build/module_bin/pepdock:1;/wynton/group/sali/miha_rozic/Software/imp-develop/build/module_bin/pmi:1;/wynton/group/sali/miha_rozic/Software/imp-develop/build/module_bin/rmf:1;/wynton/group/sali/miha_rozic/Software/imp-develop/build/module_bin/rotamer:1;/wynton/group/sali/miha_rozic/Software/imp-develop/build/module_bin/saxs:1;/wynton/group/sali/miha_rozic/Software/imp-develop/build/module_bin/saxs_merge:1;/wynton/group/sali/miha_rozic/Software/imp-develop/build/module_bin/score_functor:1;/wynton/group/sali/miha_rozic/Software/imp-develop/build/module_bin/scratch:1;/wynton/group/sali/miha_rozic/Software/imp-develop/build/module_bin/spb:1;/wynton/group/sali/miha_rozic/Software/imp-develop/build/module_bin/statistics:1;/wynton/group/sali/miha_rozic/Software/imp-develop/build/module_bin/symmetry:1;/wynton/group/sali/miha_rozic/Software/imp-develop/build/module_bin/test:1;/opt/sge/bin:1;/opt/sge/bin/lx-amd64:1;/scratch/709027.1.member.q:1;/usr/local/bin:1;/bin:1;/usr/bin:1;/usr/local/sbin:1;/usr/sbin:1\', \'_ModuleTable002_\': \'fSwKc3RhY2tEZXB0aCA9IDEsCnN0YXR1cyA9ICJhY3RpdmUiLAp1c2VyTmFtZSA9ICJib29zdC8xLjczLjAiLAp3ViA9ICIwMDAwMDAwMDEuMDAwMDAwMDczLip6ZmluYWwiLAp9LApoZGY1ID0gewpmbiA9ICIvc2FsaWxhYi9kaXZhMS9ob21lL21vZHVsZXMvaGRmNS8xLjEwLjciLApmdWxsTmFtZSA9ICJoZGY1LzEuMTAuNyIsCmxvYWRPcmRlciA9IDUsCnByb3BUID0ge30sCnN0YWNrRGVwdGggPSAyLApzdGF0dXMgPSAiYWN0aXZlIiwKdXNlck5hbWUgPSAiaGRmNS8xLjEwLjciLAp3ViA9ICIwMDAwMDAwMDEuMDAwMDAwMDEwLjAwMDAwMDAwNy4qemZpbmFsIiwKfSwKaW1wID0gewpmbiA9ICIvc2FsaWxhYi9kaXZhMS9ob21lL21vZHVsZXMvaW1wLzIuMjEuMCIsCmZ1bGxO\', \'IMP_DIR\': \'/salilab/diva1/home/imp/main/20240607-af6f9d6a95/lib/release8/cmake/IMP\', \'QUEUE\': \'member.q\', \'GOTO_NUM_THREADS\': \'1\', \'MPI_PYTHON3_SITEARCH\': \'/usr/lib64/python3.6/site-packages/openmpi\', \'LANG\': \'en_US.UTF-8\', \'HISTCONTROL\': \'ignoredups\', \'_ModuleTable008_\': \'cyIsCmZ1bGxOYW1lID0gInNhbGktbGlicmFyaWVzIiwKbG9hZE9yZGVyID0gOCwKcHJvcFQgPSB7fSwKc3RhY2tEZXB0aCA9IDEsCnN0YXR1cyA9ICJhY3RpdmUiLAp1c2VyTmFtZSA9ICJzYWxpLWxpYnJhcmllcyIsCndWID0gIk0uKnpmaW5hbCIsCn0sCn0sCm1wYXRoQSA9IHsKIi9zYWxpbGFiL2RpdmExL2hvbWUvbW9kdWxlcyIsICIvZXRjL21vZHVsZWZpbGVzIiwgIi91c3Ivc2hhcmUvbW9kdWxlZmlsZXMiCiwgIi91c3Ivc2hhcmUvbW9kdWxlZmlsZXMvTGludXgiLCAiL3Vzci9zaGFyZS9tb2R1bGVmaWxlcy9Db3JlIiwgIi91c3Ivc2hhcmUvbG1vZC9sbW9kL21vZHVsZWZpbGVzL0NvcmUiLAp9LApzeXN0ZW1CYXNlTVBBVEggPSAiL2V0Yy9tb2R1bGVmaWxlczovdXNy\', \'SGE_O_HOST\': \'dev1\', \'HOSTNAME\': \'qb3-id315.wynton.ucsf.edu\', \'OPENBLAS_NUM_THREADS\': \'1\', \'__LMOD_REF_COUNT_CMAKE_INCLUDE_PATH\': \'/salilab/diva1/programs/x86_64linux/opencv-4.3.0/include/opencv4:1;/salilab/diva1/programs/x86_64linux/hdf5-1.10.7/include:1;/salilab/diva1/programs/x86_64linux/libtau-py27-1.0.1/include:1;/salilab/diva1/programs/x86_64linux/boost-1.73.0/include:1\', \'SGE_RSH_COMMAND\': \'builtin\', \'ENVIRONMENT\': \'BATCH\', \'IMP_DATA\': \'/wynton/group/sali/miha_rozic/Software/imp-develop/build/data\', \'REQUEST\': \'test1\', \'SGE_STDIN_PATH\': \'/dev/null\', \'SGE_CELL\': \'wynton\', \'_ModuleTable007_\': \'MjEuMyIsCndWID0gIjAwMDAwMDAwMC4wMDAwMDAwMjEuMDAwMDAwMDAzLip6ZmluYWwiLAp9LApbInB5dGhvbjMvc2NpcHkiXSA9IHsKZm4gPSAiL3NhbGlsYWIvZGl2YTEvaG9tZS9tb2R1bGVzL3B5dGhvbjMvc2NpcHkvMS4zLjIiLApmdWxsTmFtZSA9ICJweXRob24zL3NjaXB5LzEuMy4yIiwKbG9hZE9yZGVyID0gMTAsCnByb3BUID0ge30sCnN0YWNrRGVwdGggPSAxLApzdGF0dXMgPSAiYWN0aXZlIiwKdXNlck5hbWUgPSAicHl0aG9uMy9zY2lweS8xLjMuMiIsCndWID0gIjAwMDAwMDAwMS4wMDAwMDAwMDMuMDAwMDAwMDAyLip6ZmluYWwiLAp9LApbInNhbGktbGlicmFyaWVzIl0gPSB7CmZuID0gIi9zYWxpbGFiL2RpdmExL2hvbWUvbW9kdWxlcy9zYWxpLWxpYnJhcmll\', \'CMAKE_INCLUDE_PATH\': \'/salilab/diva1/programs/x86_64linux/opencv-4.3.0/include/opencv4:/salilab/diva1/programs/x86_64linux/hdf5-1.10.7/include:/salilab/diva1/programs/x86_64linux/libtau-py27-1.0.1/include:/salilab/diva1/programs/x86_64linux/boost-1.73.0/include\', \'__LMOD_REF_COUNT_LD_LIBRARY_PATH\': \'/salilab/diva1/programs/x86_64linux/numpy-py36-1.19.5/lib:1;/salilab/diva1/home/libs/x86_64/centos8:1;/salilab/diva1/home/libs/x86_64:1;/salilab/diva1/home/imp/main/20240607-af6f9d6a95/lib/release8:1;/salilab/diva1/programs/x86_64linux/opencv-4.3.0/lib64/rhel:1;/salilab/diva1/programs/x86_64linux/opencv-4.3.0/lib64:1;/salilab/diva1/programs/x86_64linux/hdf5-1.10.7/lib:1;/salilab/diva1/programs/x86_64linux/libtau-py27-1.0.1/lib64:1;/salilab/diva1/programs/x86_64linux/boost-1.73.0/lib64:1;/usr/lib64/openmpi/lib:1;/wynton/group/sali/miha_rozic/Software/imp-develop/build/lib:2;:1\', \'__LMOD_REF_COUNT_PKG_CONFIG_PATH\': \'/usr/lib64/openmpi/lib/pkgconfig:1\', \'_ModuleTable004_\': \'aGFyZS9tb2R1bGVmaWxlcy9tcGkvb3Blbm1waS14ODZfNjQiLApmdWxsTmFtZSA9ICJtcGkvb3Blbm1waS14ODZfNjQiLApsb2FkT3JkZXIgPSAyLApwcm9wVCA9IHt9LApzdGFja0RlcHRoID0gMCwKc3RhdHVzID0gImFjdGl2ZSIsCnVzZXJOYW1lID0gIm1waS9vcGVubXBpLXg4Nl82NCIsCndWID0gIipvcGVubXBpLip4LjAwMDAwMDA4Ni4qXy4wMDAwMDAwNjQuKnpmaW5hbCIsCn0sCm9wZW5jdiA9IHsKZm4gPSAiL3NhbGlsYWIvZGl2YTEvaG9tZS9tb2R1bGVzL29wZW5jdi80LjMuMCIsCmZ1bGxOYW1lID0gIm9wZW5jdi80LjMuMCIsCmxvYWRPcmRlciA9IDYsCnByb3BUID0ge30sCnN0YWNrRGVwdGggPSAxLApzdGF0dXMgPSAiYWN0aXZlIiwKdXNlck5hbWUgPSAib3Bl\', \'__LMOD_REF_COUNT_PYTHONPATH\': \'/salilab/diva1/programs/x86_64linux/scikit-py36-0.21.3/lib64/python3.6/site-packages:1;/salilab/diva1/programs/linux/joblib-0.17.0/lib/python3.6/site-packages:1;/salilab/diva1/programs/x86_64linux/scipy-py36-1.3.2/lib64/python3.6/site-packages:1;/salilab/diva1/programs/x86_64linux/numpy-py36-1.19.5/lib64/python3.6/site-packages:1;/salilab/diva1/home/imp/main/20240607-af6f9d6a95/lib/release8:1;/salilab/diva1/programs/x86_64linux/opencv-4.3.0/lib/python3.6/site-packages:1;/wynton/group/sali/miha_rozic/Software/imp-develop/build/lib:2;:1\', \'which_declare\': \'declare -f\', \'NHOSTS\': \'1\', \'SGE_O_WORKDIR\': \'/wynton/group/sali/miha_rozic/Input_information/SNAPSHOTS/central_directory/snapshot3_0min/run26\', \'USER\': \'rozicmiha\', \'SGE_TASK_ID\': \'undefined\', \'__LMOD_REF_COUNT_CMAKE_LIBRARY_PATH\': \'/salilab/diva1/programs/x86_64linux/opencv-4.3.0/lib64:1;/salilab/diva1/programs/x86_64linux/hdf5-1.10.7/lib:1;/salilab/diva1/programs/x86_64linux/libtau-py27-1.0.1/lib64:1;/salilab/diva1/programs/x86_64linux/boost-1.73.0/lib64:1\', \'SGE_TASK_FIRST\': \'undefined\', \'NSLOTS\': \'16\', \'__LMOD_REF_COUNT_MODULEPATH\': \'/salilab/diva1/home/modules:1;/etc/modulefiles:1;/usr/share/modulefiles:1;/usr/share/modulefiles/Linux:1;/usr/share/modulefiles/Core:1;/usr/share/lmod/lmod/modulefiles/Core:1\', \'PWD\': \'/wynton/group/sali/miha_rozic/Input_information/SNAPSHOTS/central_directory/snapshot3_0min/run26\', \'HOME\': \'/wynton/home/sali/rozicmiha\', \'NQUEUES\': \'1\', \'TMP\': \'/scratch/709027.1.member.q\', \'PE\': \'smp\', \'SGE_O_HOME\': \'/wynton/home/sali/rozicmiha\', \'LMOD_VERSION\': \'8.7.32\', \'JOB_NAME\': \'test1\', \'BASH_ENV\': \'/usr/share/lmod/lmod/init/bash\', \'MPI_FORTRAN_MOD_DIR\': \'/usr/lib64/gfortran/modules/openmpi\', \'SGE_TASK_LAST\': \'undefined\', \'MKL_NUM_THREADS\': \'1\', \'MPI_COMPILER\': \'openmpi-x86_64\', \'SGE_ACCOUNT\': \'sge\', \'SGE_ROOT\': \'/opt/sge\', \'MPI_SUFFIX\': \'_openmpi\', \'TMPDIR\': \'/scratch/709027.1.member.q\', \'RESTARTED\': \'0\', \'LMOD_sys\': \'Linux\', \'_ModuleTable001_\': \'X01vZHVsZVRhYmxlXyA9IHsKTVR2ZXJzaW9uID0gMywKY19yZWJ1aWxkVGltZSA9IGZhbHNlLApjX3Nob3J0VGltZSA9IGZhbHNlLApkZXB0aFQgPSB7fSwKZmFtaWx5ID0ge30sCm1UID0gewpTYWxpID0gewpmbiA9ICIvZXRjL21vZHVsZWZpbGVzL1NhbGkubHVhIiwKZnVsbE5hbWUgPSAiU2FsaSIsCmxvYWRPcmRlciA9IDEsCnByb3BUID0ge30sCnN0YWNrRGVwdGggPSAwLApzdGF0dXMgPSAiYWN0aXZlIiwKdXNlck5hbWUgPSAiU2FsaSIsCndWID0gIk0uKnpmaW5hbCIsCn0sCmJvb3N0ID0gewpmbiA9ICIvc2FsaWxhYi9kaXZhMS9ob21lL21vZHVsZXMvYm9vc3QvMS43My4wIiwKZnVsbE5hbWUgPSAiYm9vc3QvMS43My4wIiwKbG9hZE9yZGVyID0gMywKcHJvcFQgPSB7\', \'LOADEDMODULES\': \'Sali:mpi/openmpi-x86_64:boost/1.73.0:libtau/1.0.1:hdf5/1.10.7:opencv/4.3.0:imp/2.21.0:sali-libraries:python3/numpy/1.19.5:python3/scipy/1.3.2:python3/joblib/0.17.0:python3/scikit/0.21.3\', \'SGE_O_PATH\': \'/salilab/diva1/programs/x86_64linux/numpy-py36-1.19.5/bin:/salilab/diva1/home/imp/main/20240607-af6f9d6a95/bin/release8:/salilab/diva1/programs/x86_64linux/opencv-4.3.0/bin:/salilab/diva1/programs/x86_64linux/hdf5-1.10.7/bin:/wynton/home/sali/rozicmiha/.local/bin:/wynton/home/sali/rozicmiha/bin:/wynton/group/sali/miha_rozic/Software/imp-develop/build/bin:/wynton/group/sali/miha_rozic/Software/imp-develop/build/module_bin/EMageFit:/wynton/group/sali/miha_rozic/Software/imp-develop/build/module_bin/algebra:/wynton/group/sali/miha_rozic/Software/imp-develop/build/module_bin/atom:/wynton/group/sali/miha_rozic/Software/imp-develop/build/module_bin/benchmark:/wynton/group/sali/miha_rozic/Software/imp-develop/build/module_bin/cgal:/wynton/group/sali/miha_rozic/Software/imp-develop/build/module_bin/cnmultifit:/wynton/group/sali/miha_rozic/Software/imp-develop/build/module_bin/container:/wynton/group/sali/miha_rozic/Software/imp-develop/build/module_bin/core:/wynton/group/sali/miha_rozic/Software/imp-develop/build/module_bin/display:/wynton/group/sali/miha_rozic/Software/imp-develop/build/module_bin/domino:/wynton/group/sali/miha_rozic/Software/imp-develop/build/module_bin/em:/wynton/group/sali/miha_rozic/Software/imp-develop/build/module_bin/em2d:/wynton/group/sali/miha_rozic/Software/imp-develop/build/module_bin/example:/wynton/group/sali/miha_rozic/Software/imp-develop/build/module_bin/foxs:/wynton/group/sali/miha_rozic/Software/imp-develop/build/module_bin/gsl:/wynton/group/sali/miha_rozic/Software/imp-develop/build/module_bin/integrative_docking:/wynton/group/sali/miha_rozic/Software/imp-develop/build/module_bin/isd:/wynton/group/sali/miha_rozic/Software/imp-develop/build/module_bin/kernel:/wynton/group/sali/miha_rozic/Software/imp-develop/build/module_bin/kinematics:/wynton/group/sali/miha_rozic/Software/imp-develop/build/module_bin/kmeans:/wynton/group/sali/miha_rozic/Software/imp-develop/build/module_bin/misc:/wynton/group/sali/miha_rozic/Software/imp-develop/build/module_bin/mmcif:/wynton/group/sali/miha_rozic/Software/imp-develop/build/module_bin/modeller:/wynton/group/sali/miha_rozic/Software/imp-develop/build/module_bin/mpi:/wynton/group/sali/miha_rozic/Software/imp-develop/build/module_bin/multi_state:/wynton/group/sali/miha_rozic/Software/imp-develop/build/module_bin/multifit:/wynton/group/sali/miha_rozic/Software/imp-develop/build/module_bin/npc:/wynton/group/sali/miha_rozic/Software/imp-develop/build/module_bin/npcassembly:/wynton/group/sali/miha_rozic/Software/imp-develop/build/module_bin/parallel:/wynton/group/sali/miha_rozic/Software/imp-develop/build/module_bin/pepdock:/wynton/group/sali/miha_rozic/Software/imp-develop/build/module_bin/pmi:/wynton/group/sali/miha_rozic/Software/imp-develop/build/module_bin/rmf:/wynton/group/sali/miha_rozic/Software/imp-develop/build/module_bin/rotamer:/wynton/group/sali/miha_rozic/Software/imp-develop/build/module_bin/saxs:/wynton/group/sali/miha_rozic/Software/imp-develop/build/module_bin/saxs_merge:/wynton/group/sali/miha_rozic/Software/imp-develop/build/module_bin/score_functor:/wynton/group/sali/miha_rozic/Software/imp-develop/build/module_bin/scratch:/wynton/group/sali/miha_rozic/Software/imp-develop/build/module_bin/spb:/wynton/group/sali/miha_rozic/Software/imp-develop/build/module_bin/statistics:/wynton/group/sali/miha_rozic/Software/imp-develop/build/module_bin/symmetry:/wynton/group/sali/miha_rozic/Software/imp-develop/build/module_bin/test:/opt/sge/bin:/opt/sge/bin/lx-amd64:/usr/local/bin:/usr/bin:/usr/local/sbin:/usr/sbin\', \'SGE_O_SHELL\': \'/bin/bash\', \'_ModuleTable006_\': \'bWUgPSAicHl0aG9uMy9udW1weS8xLjE5LjUiLApsb2FkT3JkZXIgPSA5LApwcm9wVCA9IHt9LApzdGFja0RlcHRoID0gMiwKc3RhdHVzID0gImFjdGl2ZSIsCnVzZXJOYW1lID0gInB5dGhvbjMvbnVtcHkvMS4xOS41IiwKd1YgPSAiMDAwMDAwMDAxLjAwMDAwMDAxOS4wMDAwMDAwMDUuKnpmaW5hbCIsCn0sClsicHl0aG9uMy9zY2lraXQiXSA9IHsKZm4gPSAiL3NhbGlsYWIvZGl2YTEvaG9tZS9tb2R1bGVzL3B5dGhvbjMvc2Npa2l0LzAuMjEuMyIsCmZ1bGxOYW1lID0gInB5dGhvbjMvc2Npa2l0LzAuMjEuMyIsCmxvYWRPcmRlciA9IDEyLApwcm9wVCA9IHt9LApzdGFja0RlcHRoID0gMCwKc3RhdHVzID0gImFjdGl2ZSIsCnVzZXJOYW1lID0gInB5dGhvbjMvc2Npa2l0LzAu\', \'__LMOD_REF_COUNT_MANPATH\': \':2;/usr/share/man/openmpi-x86_64:1;/opt/sge/man:1;/usr/share/lmod/lmod/share/man:1\', \'MPI_INCLUDE\': \'/usr/include/openmpi-x86_64\', \'_ModuleTable003_\': \'YW1lID0gImltcC8yLjIxLjAiLApsb2FkT3JkZXIgPSA3LApwcm9wVCA9IHt9LApzdGFja0RlcHRoID0gMCwKc3RhdHVzID0gImFjdGl2ZSIsCnVzZXJOYW1lID0gImltcCIsCndWID0gIl4wMDAwMDAwMi4wMDAwMDAwMjEuKnpmaW5hbCIsCn0sCmxpYnRhdSA9IHsKZm4gPSAiL3NhbGlsYWIvZGl2YTEvaG9tZS9tb2R1bGVzL2xpYnRhdS8xLjAuMSIsCmZ1bGxOYW1lID0gImxpYnRhdS8xLjAuMSIsCmxvYWRPcmRlciA9IDQsCnByb3BUID0ge30sCnN0YWNrRGVwdGggPSAxLApzdGF0dXMgPSAiYWN0aXZlIiwKdXNlck5hbWUgPSAibGlidGF1LzEuMC4xIiwKd1YgPSAiMDAwMDAwMDAxLjAwMDAwMDAwMC4wMDAwMDAwMDEuKnpmaW5hbCIsCn0sCm1waSA9IHsKZm4gPSAiL3Vzci9z\', \'LMOD_ROOT\': \'/usr/share/lmod\', \'SYSTEMCTL_SKIP_REDIRECT\': \'\', \'MAIL\': \'/var/spool/mail/rozicmiha\', \'SGE_CWD_PATH\': \'/wynton/group/sali/miha_rozic/Input_information/SNAPSHOTS/central_directory/snapshot3_0min/run26\', \'MPI_HOME\': \'/usr/lib64/openmpi\', \'_ModuleTable009_\': \'L3NoYXJlL21vZHVsZWZpbGVzOi91c3Ivc2hhcmUvbW9kdWxlZmlsZXMvTGludXg6L3Vzci9zaGFyZS9tb2R1bGVmaWxlcy9Db3JlOi91c3Ivc2hhcmUvbG1vZC9sbW9kL21vZHVsZWZpbGVzL0NvcmUiLAp9Cg==\', \'SGE_TASK_STEPSIZE\': \'undefined\', \'SHELL\': \'/bin/bash\', \'TERM\': \'\', \'_ModuleTable_Sz_\': \'9\', \'SGE_JOB_SPOOL_DIR\': \'/var/spool/sge/wynton/qb3-id315/active_jobs/709027.1\', \'JOB_ID\': \'709027\', \'IMP_EXAMPLE_DATA\': \'/wynton/group/sali/miha_rozic/Software/imp-develop/build/doc/examples\', \'R_FUTURE_AVAILABLECORES_FALLBACK\': \'1\', \'JOB_SCRIPT\': \'/var/spool/sge/wynton/qb3-id315/job_scripts/709027\', \'SHLVL\': \'2\', \'SGE_O_LOGNAME\': \'rozicmiha\', \'SGE_O_MAIL\': \'/var/spool/mail/rozicmiha\', \'PYTHONPATH\': \'/salilab/diva1/programs/x86_64linux/scikit-py36-0.21.3/lib64/python3.6/site-packages:/salilab/diva1/programs/linux/joblib-0.17.0/lib/python3.6/site-packages:/salilab/diva1/programs/x86_64linux/scipy-py36-1.3.2/lib64/python3.6/site-packages:/salilab/diva1/programs/x86_64linux/numpy-py36-1.19.5/lib64/python3.6/site-packages:/salilab/diva1/home/imp/main/20240607-af6f9d6a95/lib/release8:/salilab/diva1/programs/x86_64linux/opencv-4.3.0/lib/python3.6/site-packages:/wynton/group/sali/miha_rozic/Software/imp-develop/build/lib::\', \'MANPATH\': \':/usr/share/man/openmpi-x86_64:/opt/sge/man:/usr/share/lmod/lmod/share/man\', \'MODULEPATH\': \'/salilab/diva1/home/modules:/etc/modulefiles:/usr/share/modulefiles:/usr/share/modulefiles/Linux:/usr/share/modulefiles/Core:/usr/share/lmod/lmod/modulefiles/Core\', \'MPI_SYSCONFIG\': \'/etc/openmpi-x86_64\', \'LOGNAME\': \'rozicmiha\', \'SYSTEMCTL_IGNORE_DEPENDENCIES\': \'\', \'MODULEPATH_ROOT\': \'/usr/share/modulefiles\', \'PATH\': \'/salilab/diva1/programs/x86_64linux/numpy-py36-1.19.5/bin:/salilab/diva1/home/imp/main/20240607-af6f9d6a95/bin/release8:/salilab/diva1/programs/x86_64linux/opencv-4.3.0/bin:/salilab/diva1/programs/x86_64linux/hdf5-1.10.7/bin:/usr/lib64/openmpi/bin:/wynton/home/sali/rozicmiha/.local/bin:/wynton/home/sali/rozicmiha/bin:/wynton/group/sali/miha_rozic/Software/imp-develop/build/bin:/wynton/group/sali/miha_rozic/Software/imp-develop/build/module_bin/EMageFit:/wynton/group/sali/miha_rozic/Software/imp-develop/build/module_bin/algebra:/wynton/group/sali/miha_rozic/Software/imp-develop/build/module_bin/atom:/wynton/group/sali/miha_rozic/Software/imp-develop/build/module_bin/benchmark:/wynton/group/sali/miha_rozic/Software/imp-develop/build/module_bin/cgal:/wynton/group/sali/miha_rozic/Software/imp-develop/build/module_bin/cnmultifit:/wynton/group/sali/miha_rozic/Software/imp-develop/build/module_bin/container:/wynton/group/sali/miha_rozic/Software/imp-develop/build/module_bin/core:/wynton/group/sali/miha_rozic/Software/imp-develop/build/module_bin/display:/wynton/group/sali/miha_rozic/Software/imp-develop/build/module_bin/domino:/wynton/group/sali/miha_rozic/Software/imp-develop/build/module_bin/em:/wynton/group/sali/miha_rozic/Software/imp-develop/build/module_bin/em2d:/wynton/group/sali/miha_rozic/Software/imp-develop/build/module_bin/example:/wynton/group/sali/miha_rozic/Software/imp-develop/build/module_bin/foxs:/wynton/group/sali/miha_rozic/Software/imp-develop/build/module_bin/gsl:/wynton/group/sali/miha_rozic/Software/imp-develop/build/module_bin/integrative_docking:/wynton/group/sali/miha_rozic/Software/imp-develop/build/module_bin/isd:/wynton/group/sali/miha_rozic/Software/imp-develop/build/module_bin/kernel:/wynton/group/sali/miha_rozic/Software/imp-develop/build/module_bin/kinematics:/wynton/group/sali/miha_rozic/Software/imp-develop/build/module_bin/kmeans:/wynton/group/sali/miha_rozic/Software/imp-develop/build/module_bin/misc:/wynton/group/sali/miha_rozic/Software/imp-develop/build/module_bin/mmcif:/wynton/group/sali/miha_rozic/Software/imp-develop/build/module_bin/modeller:/wynton/group/sali/miha_rozic/Software/imp-develop/build/module_bin/mpi:/wynton/group/sali/miha_rozic/Software/imp-develop/build/module_bin/multi_state:/wynton/group/sali/miha_rozic/Software/imp-develop/build/module_bin/multifit:/wynton/group/sali/miha_rozic/Software/imp-develop/build/module_bin/npc:/wynton/group/sali/miha_rozic/Software/imp-develop/build/module_bin/npcassembly:/wynton/group/sali/miha_rozic/Software/imp-develop/build/module_bin/parallel:/wynton/group/sali/miha_rozic/Software/imp-develop/build/module_bin/pepdock:/wynton/group/sali/miha_rozic/Software/imp-develop/build/module_bin/pmi:/wynton/group/sali/miha_rozic/Software/imp-develop/build/module_bin/rmf:/wynton/group/sali/miha_rozic/Software/imp-develop/build/module_bin/rotamer:/wynton/group/sali/miha_rozic/Software/imp-develop/build/module_bin/saxs:/wynton/group/sali/miha_rozic/Software/imp-develop/build/module_bin/saxs_merge:/wynton/group/sali/miha_rozic/Software/imp-develop/build/module_bin/score_functor:/wynton/group/sali/miha_rozic/Software/imp-develop/build/module_bin/scratch:/wynton/group/sali/miha_rozic/Software/imp-develop/build/module_bin/spb:/wynton/group/sali/miha_rozic/Software/imp-develop/build/module_bin/statistics:/wynton/group/sali/miha_rozic/Software/imp-develop/build/module_bin/symmetry:/wynton/group/sali/miha_rozic/Software/imp-develop/build/module_bin/test:/opt/sge/bin:/opt/sge/bin/lx-amd64:/scratch/709027.1.member.q:/usr/local/bin:/bin:/usr/bin:/usr/local/sbin:/usr/sbin\', \'MPI_BIN\': \'/usr/lib64/openmpi/bin\', \'SGE_STDERR_PATH\': \'/wynton/group/sali/miha_rozic/Input_information/SNAPSHOTS/central_directory/snapshot3_0min/run26/test1.o709027\', \'_LMFILES_\': \'/etc/modulefiles/Sali.lua:/usr/share/modulefiles/mpi/openmpi-x86_64:/salilab/diva1/home/modules/boost/1.73.0:/salilab/diva1/home/modules/libtau/1.0.1:/salilab/diva1/home/modules/hdf5/1.10.7:/salilab/diva1/home/modules/opencv/4.3.0:/salilab/diva1/home/modules/imp/2.21.0:/salilab/diva1/home/modules/sali-libraries:/salilab/diva1/home/modules/python3/numpy/1.19.5:/salilab/diva1/home/modules/python3/scipy/1.3.2:/salilab/diva1/home/modules/python3/joblib/0.17.0:/salilab/diva1/home/modules/python3/scikit/0.21.3\', \'DEBUGINFOD_URLS\': \'https://debuginfod.centos.org/ \', \'MODULESHOME\': \'/usr/share/lmod/lmod\', \'PKG_CONFIG_PATH\': \'/usr/lib64/openmpi/lib/pkgconfig\', \'LMOD_SETTARG_FULL_SUPPORT\': \'no\', \'HISTSIZE\': \'1000\', \'SGE_ARCH\': \'lx-amd64\', \'LMOD_PKG\': \'/usr/share/lmod/lmod\', \'CMAKE_LIBRARY_PATH\': \'/salilab/diva1/programs/x86_64linux/opencv-4.3.0/lib64:/salilab/diva1/programs/x86_64linux/hdf5-1.10.7/lib:/salilab/diva1/programs/x86_64linux/libtau-py27-1.0.1/lib64:/salilab/diva1/programs/x86_64linux/boost-1.73.0/lib64\', \'ARC\': \'lx-amd64\', \'MPI_LIB\': \'/usr/lib64/openmpi/lib\', \'SGE_BINARY_PATH\': \'/opt/sge/bin/lx-amd64\', \'SGE_STDOUT_PATH\': \'/wynton/group/sali/miha_rozic/Input_information/SNAPSHOTS/central_directory/snapshot3_0min/run26/test1.o709027\', \'_ModuleTable005_\': \'bmN2LzQuMy4wIiwKd1YgPSAiMDAwMDAwMDA0LjAwMDAwMDAwMy4qemZpbmFsIiwKfSwKWyJweXRob24zL2pvYmxpYiJdID0gewpmbiA9ICIvc2FsaWxhYi9kaXZhMS9ob21lL21vZHVsZXMvcHl0aG9uMy9qb2JsaWIvMC4xNy4wIiwKZnVsbE5hbWUgPSAicHl0aG9uMy9qb2JsaWIvMC4xNy4wIiwKbG9hZE9yZGVyID0gMTEsCnByb3BUID0ge30sCnN0YWNrRGVwdGggPSAxLApzdGF0dXMgPSAiYWN0aXZlIiwKdXNlck5hbWUgPSAicHl0aG9uMy9qb2JsaWIiLAp3ViA9ICIwMDAwMDAwMDAuMDAwMDAwMDE3Lip6ZmluYWwiLAp9LApbInB5dGhvbjMvbnVtcHkiXSA9IHsKZm4gPSAiL3NhbGlsYWIvZGl2YTEvaG9tZS9tb2R1bGVzL3B5dGhvbjMvbnVtcHkvMS4xOS41IiwKZnVsbE5h\', \'LMOD_CMD\': \'/usr/share/lmod/lmod/libexec/lmod\', \'REQNAME\': \'test1\', \'IMP_BIN_DIR\': \'/wynton/group/sali/miha_rozic/Software/imp-develop/build/bin\', \'MPI_MAN\': \'/usr/share/man/openmpi-x86_64\', \'LESSOPEN\': \'||/usr/bin/lesspipe.sh %s\', \'OMP_NUM_THREADS\': \'1\', \'SGE_CLUSTER_NAME\': \'wynton_cluster\', \'LMOD_DIR\': \'/usr/share/lmod/lmod/libexec\', \'BASH_FUNC_which%%\': \'() {  ( alias;\\n eval ${which_declare} ) | /usr/bin/which --tty-only --read-alias --read-functions --show-tilde --show-dot $@\\n}\', \'BASH_FUNC_module%%\': \'() {  if [ -z "${LMOD_SH_DBG_ON+x}" ]; then\\n case "$-" in \\n *v*x*)\\n __lmod_sh_dbg=\\\'vx\\\'\\n ;;\\n *v*)\\n __lmod_sh_dbg=\\\'v\\\'\\n ;;\\n *x*)\\n __lmod_sh_dbg=\\\'x\\\'\\n ;;\\n esac;\\n fi;\\n if [ -n "${__lmod_sh_dbg:-}" ]; then\\n set +$__lmod_sh_dbg;\\n echo "Shell debugging temporarily silenced: export LMOD_SH_DBG_ON=1 for Lmod\\\'s output" 1>&2;\\n fi;\\n eval "$($LMOD_CMD shell "$@")" && eval "$(${LMOD_SETTARG_CMD:-:} -s sh)";\\n __lmod_my_status=$?;\\n if [ -n "${__lmod_sh_dbg:-}" ]; then\\n echo "Shell debugging restarted" 1>&2;\\n set -$__lmod_sh_dbg;\\n fi;\\n unset __lmod_sh_dbg;\\n return $__lmod_my_status\\n}\', \'BASH_FUNC_ml%%\': \'() {  eval "$($LMOD_DIR/ml_cmd "$@")"\\n}\', \'_\': \'/usr/lib64/openmpi/bin/mpirun\', \'IPATH_NO_BACKTRACE\': \'1\', \'HFI_NO_BACKTRACE\': \'1\', \'OMPI_MCA_orte_local_daemon_uri\': \'1664155648.0;tcp://172.26.39.65:52813\', \'OMPI_MCA_orte_hnp_uri\': \'1664155648.0;tcp://172.26.39.65:52813\', \'OMPI_MCA_mpi_oversubscribe\': \'0\', \'OMPI_MCA_orte_app_num\': \'0\', \'OMPI_UNIVERSE_SIZE\': \'16\', \'OMPI_MCA_orte_num_nodes\': \'1\', \'OMPI_MCA_shmem_RUNTIME_QUERY_hint\': \'mmap\', \'OMPI_MCA_orte_bound_at_launch\': \'1\', \'OMPI_MCA_ess\': \'^singleton\', \'OMPI_MCA_orte_ess_num_procs\': \'16\', \'OMPI_COMM_WORLD_SIZE\': \'16\', \'OMPI_COMM_WORLD_LOCAL_SIZE\': \'16\', \'OMPI_MCA_orte_tmpdir_base\': \'/scratch/709027.1.member.q\', \'OMPI_MCA_orte_top_session_dir\': \'/scratch/709027.1.member.q/ompi.qb3-id315.11149\', \'OMPI_MCA_orte_jobfam_session_dir\': \'/scratch/709027.1.member.q/ompi.qb3-id315.11149/pid.4108999\', \'OMPI_NUM_APP_CTX\': \'1\', \'OMPI_FIRST_RANKS\': \'0\', \'OMPI_APP_CTX_NUM_PROCS\': \'16\', \'OMPI_MCA_initial_wdir\': \'/wynton/group/sali/miha_rozic/Input_information/SNAPSHOTS/central_directory/snapshot3_0min/run26\', \'OMPI_MCA_orte_launch\': \'1\', \'PMIX_NAMESPACE\': \'1664155649\', \'PMIX_RANK\': \'1\', \'PMIX_SERVER_URI2\': \'1664155648.0;tcp4://127.0.0.1:59237\', \'PMIX_SERVER_URI21\': \'1664155648.0;tcp4://127.0.0.1:59237\', \'PMIX_SECURITY_MODE\': \'native,none\', \'PMIX_PTL_MODULE\': \'tcp,usock\', \'PMIX_BFROP_BUFFER_TYPE\': \'PMIX_BFROP_BUFFER_NON_DESC\', \'PMIX_GDS_MODULE\': \'ds21,ds12,hash\', \'PMIX_SERVER_TMPDIR\': \'/scratch/709027.1.member.q/ompi.qb3-id315.11149/pid.4108999\', \'PMIX_SYSTEM_TMPDIR\': \'/scratch/709027.1.member.q\', \'PMIX_DSTORE_21_BASE_PATH\': \'/scratch/709027.1.member.q/ompi.qb3-id315.11149/pid.4108999/pmix_dstor_ds21_4108999\', \'PMIX_DSTORE_ESH_BASE_PATH\': \'/scratch/709027.1.member.q/ompi.qb3-id315.11149/pid.4108999/pmix_dstor_ds12_4108999\', \'OMPI_MCA_ess_base_jobid\': \'1664155649\', \'OMPI_MCA_ess_base_vpid\': \'1\', \'OMPI_COMM_WORLD_RANK\': \'1\', \'OMPI_COMM_WORLD_LOCAL_RANK\': \'1\', \'OMPI_COMM_WORLD_NODE_RANK\': \'1\', \'OMPI_MCA_orte_ess_node_rank\': \'1\', \'PMIX_ID\': \'1664155649.1\', \'OMPI_FILE_LOCATION\': \'/scratch/709027.1.member.q/ompi.qb3-id315.11149/pid.4108999/0/0\', \'KMP_DUPLICATE_LIB_OK\': \'True\', \'KMP_INIT_AT_FORK\': \'FALSE\'})', 'STAT2HEADER_IMP_VERSIONS': "{'IMP_VERSION': '2.21.0', 'PMI_VERSION': '2.21.0'}", 0: 'ReplicaExchange_SwapSuccessRatio', 1: 'ReplicaExchange_MinTempFrequency', 2: 'ReplicaExchange_MaxTempFrequency', 3: 'ReplicaExchange_CurrentTemp', 4: 'score'} 
{0: '0', 1: '0', 2: '0', 3: '1.0629903792895394', 4: inf} 
{0: '0.0', 1: '0.0', 2: '0.0', 3: '1.0629903792895394', 4: inf} 
{0: '0.0', 1: '0.0', 2: '0.0', 3: '1.0629903792895394', 4: inf} 
{0: '0.0', 1: '0.0', 2: '0.0', 3: '1.0629903792895394', 4: inf} 
{0: '0.0', 1: '0.0', 2: '0.0', 3: '1.0629903792895394', 4: inf} 
{0: '0.0', 1: '0.0', 2: '0.0', 3: '1.0629903792895394', 4: inf} 
{0: '0.0', 1: '0.0', 2: '0.0', 3: '1.0629903792895394', 4: inf} 
{0: '0.0', 1: '0.0', 2: '0.0', 3: '1.0629903792895394', 4: inf} 
{0: '0.0', 1: '0.0', 2: '0.0', 3: '1.0629903792895394', 4: 18598.966428163396} 
{0: '0.0', 1: '0.0', 2: '0.0', 3: '1.0629903792895394', 4: 2524.2501214803074} 
{0: '0.1', 1: '0.0', 2: '0.0', 3: '1.1299485464621188', 4: 1271.2671548476612} 
{0: '0.18181818181818182', 1: '0.0', 2: '0.0', 3: '1.2011244339814315', 4: 675.5130057860958} 
{0: '0.25', 1: '0.0', 2: '0.0', 3: '1.2767837176518553', 4: 548.6547546677947} 
{0: '0.3076923076923077', 1: '0.0', 2: '0.0', 3: '1.3572088082974538', 4: 521.6889561060057} 
{0: '0.2857142857142857', 1: '0.0', 2: '0.0', 3: '1.3572088082974538', 4: 495.9890846749811} 
{0: '0.3333333333333333', 1: '0.0', 2: '0.0', 3: '1.2767837176518553', 4: 501.6219862977947} 
{0: '0.3125', 1: '0.0', 2: '0.0', 3: '1.2767837176518553', 4: 506.7021482481897} 
{0: '0.35294117647058826', 1: '0.0', 2: '0.0', 3: '1.3572088082974538', 4: 498.045536672251} 
{0: '0.3333333333333333', 1: '0.0', 2: '0.0', 3: '1.3572088082974538', 4: 488.2052100120243} 
{0: '0.3684210526315789', 1: '0.0', 2: '0.0', 3: '1.2767837176518553', 4: 487.4962423538518} 
{0: '0.35', 1: '0.0', 2: '0.0', 3: '1.2767837176518553', 4: 494.19150810580487} 
{0: '0.38095238095238093', 1: '0.0', 2: '0.0', 3: '1.3572088082974538', 4: 489.64924554752326} 
{0: '0.36363636363636365', 1: '0.0', 2: '0.0', 3: '1.3572088082974538', 4: 494.23211871662375} 
{0: '0.34782608695652173', 1: '0.0', 2: '0.0', 3: '1.3572088082974538', 4: 427.5122443382379} 
{0: '0.3333333333333333', 1: '0.0', 2: '0.0', 3: '1.3572088082974538', 4: 429.6247315022905} 
{0: '0.36', 1: '0.0', 2: '0.0', 3: '1.2767837176518553', 4: 413.49732233149604} 
{0: '0.34615384615384615', 1: '0.0', 2: '0.0', 3: '1.2767837176518553', 4: 416.4915000372585} 
{0: '0.37037037037037035', 1: '0.0', 2: '0.0', 3: '1.3572088082974538', 4: 420.1659005978462} 
{0: '0.35714285714285715', 1: '0.0', 2: '0.0', 3: '1.3572088082974538', 4: 413.6071379497506} 
{0: '0.3793103448275862', 1: '0.0', 2: '0.0', 3: '1.2767837176518553', 4: 409.5946555259605} 
{0: '0.4', 1: '0.0', 2: '0.0', 3: '1.2011244339814315', 4: 412.41892439504403} 
{0: '0.41935483870967744', 1: '0.0', 2: '0.0', 3: '1.1299485464621188', 4: 415.0170001829109} 
{0: '0.4375', 1: '0.0', 2: '0.0', 3: '1.0629903792895394', 4: 408.0806324977713} 
{0: '0.42424242424242425', 1: '0.0', 2: '0.0', 3: '1.0629903792895394', 4: 416.84830675480987} 
{0: '0.4411764705882353', 1: '0.0', 2: '0.0', 3: '1.1299485464621188', 4: 415.59730967523865} 
{0: '0.45714285714285713', 1: '0.0', 2: '0.0', 3: '1.2011244339814315', 4: 420.9422848257906} 
{0: '0.4722222222222222', 1: '0.0', 2: '0.0', 3: '1.2767837176518553', 4: 415.57890391855733} 
{0: '0.4864864864864865', 1: '0.0', 2: '0.0', 3: '1.3572088082974538', 4: 419.3011196270952} 
{0: '0.47368421052631576', 1: '0.0', 2: '0.0', 3: '1.3572088082974538', 4: 411.9919412418854} 
{0: '0.48717948717948717', 1: '0.0', 2: '0.0', 3: '1.2767837176518553', 4: 412.15950228529175} 
{0: '0.5', 1: '0.0', 2: '0.0', 3: '1.2011244339814315', 4: 416.18540939914857} 
{0: '0.4878048780487805', 1: '0.0', 2: '0.0', 3: '1.2011244339814315', 4: 412.6897923248674} 
{0: '0.5', 1: '0.0', 2: '0.0', 3: '1.2767837176518553', 4: 417.7563960316474} 
{0: '0.5116279069767442', 1: '0.0', 2: '0.0', 3: '1.3572088082974538', 4: 417.2788327335979} 
{0: '0.5', 1: '0.0', 2: '0.0', 3: '1.3572088082974538', 4: 418.0512468371249} 
{0: '0.5111111111111111', 1: '0.0', 2: '0.0', 3: '1.2767837176518553', 4: 410.66715421780685} 
{0: '0.5217391304347826', 1: '0.0', 2: '0.0', 3: '1.2011244339814315', 4: 410.0217987830023} 
{0: '0.5106382978723404', 1: '0.0', 2: '0.0', 3: '1.2011244339814315', 4: 408.8841368072574} 
{0: '0.5208333333333334', 1: '0.0', 2: '0.0', 3: '1.2767837176518553', 4: 413.92159900290346} 
{0: '0.5306122448979592', 1: '0.0', 2: '0.0', 3: '1.3572088082974538', 4: 412.6166409426186} 
{0: '0.52', 1: '0.0', 2: '0.0', 3: '1.3572088082974538', 4: 406.54071144891805} 
{0: '0.5294117647058824', 1: '0.0', 2: '0.0', 3: '1.2767837176518553', 4: 413.1957796700675} 
{0: '0.5192307692307693', 1: '0.0', 2: '0.0', 3: '1.2767837176518553', 4: 408.91954419206235} 
{0: '0.5283018867924528', 1: '0.0', 2: '0.0', 3: '1.3572088082974538', 4: 414.7661125829991} 
{0: '0.5185185185185185', 1: '0.0', 2: '0.0', 3: '1.3572088082974538', 4: 409.7949790317992} 
{0: '0.5272727272727272', 1: '0.0', 2: '0.0', 3: '1.2767837176518553', 4: 413.50963587669514} 
{0: '0.5357142857142857', 1: '0.0', 2: '0.0', 3: '1.2011244339814315', 4: 407.1222938818274} 
{0: '0.543859649122807', 1: '0.0', 2: '0.0', 3: '1.1299485464621188', 4: 411.2995890176186} 
{0: '0.5344827586206896', 1: '0.0', 2: '0.0', 3: '1.1299485464621188', 4: 411.217807690301} 
{0: '0.5423728813559322', 1: '0.0', 2: '0.0', 3: '1.2011244339814315', 4: 407.8093769933208} 
{0: '0.5333333333333333', 1: '0.0', 2: '0.0', 3: '1.2011244339814315', 4: 414.6365533001147} 
{0: '0.5409836065573771', 1: '0.0', 2: '0.0', 3: '1.1299485464621188', 4: 408.55869989883877} 
{0: '0.532258064516129', 1: '0.0', 2: '0.0', 3: '1.1299485464621188', 4: 416.81244036450306} 
{0: '0.5396825396825397', 1: '0.0', 2: '0.0', 3: '1.2011244339814315', 4: 409.26250390223294} 
{0: '0.546875', 1: '0.0', 2: '0.0', 3: '1.2767837176518553', 4: 419.37810231357753} 
{0: '0.5538461538461539', 1: '0.0', 2: '0.0', 3: '1.3572088082974538', 4: 418.4744902183786} 
{0: '0.5454545454545454', 1: '0.0', 2: '0.0', 3: '1.3572088082974538', 4: 427.3414586814588} 
{0: '0.5373134328358209', 1: '0.0', 2: '0.0', 3: '1.3572088082974538', 4: 404.8332460454705} 
{0: '0.5294117647058824', 1: '0.0', 2: '0.0', 3: '1.3572088082974538', 4: 405.6731424429683} 
{0: '0.5362318840579711', 1: '0.0', 2: '0.0', 3: '1.2767837176518553', 4: 417.723596586838} 
{0: '0.5428571428571428', 1: '0.0', 2: '0.0', 3: '1.2011244339814315', 4: 416.0818853315035} 
{0: '0.5352112676056338', 1: '0.0', 2: '0.0', 3: '1.2011244339814315', 4: 407.04169235518344} 
{0: '0.5416666666666666', 1: '0.0', 2: '0.0', 3: '1.2767837176518553', 4: 404.03112253711384} 
{0: '0.5342465753424658', 1: '0.0', 2: '0.0', 3: '1.2767837176518553', 4: 411.02436000130035} 
{0: '0.5405405405405406', 1: '0.0', 2: '0.0', 3: '1.2011244339814315', 4: 410.51502279335057} 
{0: '0.5466666666666666', 1: '0.0', 2: '0.0', 3: '1.1299485464621188', 4: 410.7582974526534} 
{0: '0.5394736842105263', 1: '0.0', 2: '0.0', 3: '1.1299485464621188', 4: 409.8813321610783} 
{0: '0.5454545454545454', 1: '0.0', 2: '0.0', 3: '1.2011244339814315', 4: 411.8882345720069} 
{0: '0.5512820512820513', 1: '0.0', 2: '0.0', 3: '1.2767837176518553', 4: 412.9330827214248} 
{0: '0.5569620253164557', 1: '0.0', 2: '0.0', 3: '1.3572088082974538', 4: 420.7773690419401} 
{0: '0.55', 1: '0.0', 2: '0.0', 3: '1.3572088082974538', 4: 413.4375122546362} 
{0: '0.5555555555555556', 1: '0.0', 2: '0.0', 3: '1.2767837176518553', 4: 411.31323030889837} 
{0: '0.5609756097560976', 1: '0.0', 2: '0.0', 3: '1.2011244339814315', 4: 408.4367427499698} 
{0: '0.5542168674698795', 1: '0.0', 2: '0.0', 3: '1.2011244339814315', 4: 413.4661645446188} 
{0: '0.5595238095238095', 1: '0.0', 2: '0.0', 3: '1.2767837176518553', 4: 404.12143913666387} 
{0: '0.5647058823529412', 1: '0.0', 2: '0.0', 3: '1.3572088082974538', 4: 415.944256051663} 
{0: '0.5581395348837209', 1: '0.0', 2: '0.0', 3: '1.3572088082974538', 4: 421.5670646116963} 
{0: '0.5517241379310345', 1: '0.0', 2: '0.0', 3: '1.3572088082974538', 4: 418.175132306448} 
{0: '0.5454545454545454', 1: '0.0', 2: '0.0', 3: '1.3572088082974538', 4: 408.35492016316357} 
{0: '0.550561797752809', 1: '0.0', 2: '0.0', 3: '1.2767837176518553', 4: 417.23751282722094} 
{0: '0.5555555555555556', 1: '0.0', 2: '0.0', 3: '1.2011244339814315', 4: 409.6548158173029} 
{0: '0.5494505494505495', 1: '0.0', 2: '0.0', 3: '1.2011244339814315', 4: 415.24692797730063} 
{0: '0.5543478260869565', 1: '0.0', 2: '0.0', 3: '1.2767837176518553', 4: 403.85512573128085} 
{0: '0.5591397849462365', 1: '0.0', 2: '0.0', 3: '1.3572088082974538', 4: 414.9850432664748} 
{0: '0.5531914893617021', 1: '0.0', 2: '0.0', 3: '1.3572088082974538', 4: 410.68587568084547} 
{0: '0.5578947368421052', 1: '0.0', 2: '0.0', 3: '1.2767837176518553', 4: 411.1960330191074} 
{0: '0.5625', 1: '0.0', 2: '0.0', 3: '1.2011244339814315', 4: 420.8034927815825} 
{0: '0.5567010309278351', 1: '0.0', 2: '0.0', 3: '1.2011244339814315', 4: 412.3876784741236} 
{0: '0.5612244897959183', 1: '0.0', 2: '0.0', 3: '1.2767837176518553', 4: 418.24675989068015} 
{0: '0.5656565656565656', 1: '0.0', 2: '0.0', 3: '1.3572088082974538', 4: 414.29368512763017} 
{0: '0.56', 1: '0.0', 2: '0.0', 3: '1.3572088082974538', 4: 418.9502683392868} 
{0: '0.5643564356435643', 1: '0.0', 2: '0.0', 3: '1.2767837176518553', 4: 419.25649325745223} 
{0: '0.5686274509803921', 1: '0.0', 2: '0.0', 3: '1.2011244339814315', 4: 412.94296269008294} 
{0: '0.5631067961165048', 1: '0.0', 2: '0.0', 3: '1.2011244339814315', 4: 412.1329758272099} 
{0: '0.5673076923076923', 1: '0.0', 2: '0.0', 3: '1.2767837176518553', 4: 409.5734773101117} 
{0: '0.5714285714285714', 1: '0.0', 2: '0.0', 3: '1.3572088082974538', 4: 412.56935526824026} 
{0: '0.5660377358490566', 1: '0.0', 2: '0.0', 3: '1.3572088082974538', 4: 414.90846836801563} 
{0: '0.5700934579439252', 1: '0.0', 2: '0.0', 3: '1.2767837176518553', 4: 410.2129116875966} 
{0: '0.5648148148148148', 1: '0.0', 2: '0.0', 3: '1.2767837176518553', 4: 417.6524411805681} 
{0: '0.5688073394495413', 1: '0.0', 2: '0.0', 3: '1.3572088082974538', 4: 425.06446666725776} 
{0: '0.5636363636363636', 1: '0.0', 2: '0.0', 3: '1.3572088082974538', 4: 412.9632367792454} 
{0: '0.5675675675675675', 1: '0.0', 2: '0.0', 3: '1.2767837176518553', 4: 410.2977250763879} 
{0: '0.5625', 1: '0.0', 2: '0.0', 3: '1.2767837176518553', 4: 413.81404485166235} 
{0: '0.5663716814159292', 1: '0.0', 2: '0.0', 3: '1.3572088082974538', 4: 419.99812493760004} 
{0: '0.5614035087719298', 1: '0.0', 2: '0.0', 3: '1.3572088082974538', 4: 418.2904673407714} 
{0: '0.5652173913043478', 1: '0.0', 2: '0.0', 3: '1.2767837176518553', 4: 407.87345525673567} 
{0: '0.5603448275862069', 1: '0.0', 2: '0.0', 3: '1.2767837176518553', 4: 412.1209656888488} 
{0: '0.5555555555555556', 1: '0.0', 2: '0.0', 3: '1.2767837176518553', 4: 417.95760374103895} 
{0: '0.559322033898305', 1: '0.0', 2: '0.0', 3: '1.2011244339814315', 4: 408.72708107954264} 
{0: '0.5546218487394958', 1: '0.0', 2: '0.0', 3: '1.2011244339814315', 4: 406.0847690944671} 
{0: '0.5583333333333333', 1: '0.0', 2: '0.0', 3: '1.2767837176518553', 4: 409.91013533996136} 
{0: '0.5619834710743802', 1: '0.0', 2: '0.0', 3: '1.3572088082974538', 4: 417.6394081748289} 
{0: '0.5573770491803278', 1: '0.0', 2: '0.0', 3: '1.3572088082974538', 4: 406.9952526159476} 
{0: '0.5609756097560976', 1: '0.0', 2: '0.0', 3: '1.2767837176518553', 4: 417.30879457060615} 
{0: '0.5564516129032258', 1: '0.0', 2: '0.0', 3: '1.2767837176518553', 4: 411.0698443248486} 
{0: '0.56', 1: '0.0', 2: '0.0', 3: '1.3572088082974538', 4: 413.2111165172515} 
{0: '0.5555555555555556', 1: '0.0', 2: '0.0', 3: '1.3572088082974538', 4: 418.6907142315507} 
{0: '0.5590551181102362', 1: '0.0', 2: '0.0', 3: '1.2767837176518553', 4: 415.8596321619951} 
{0: '0.5546875', 1: '0.0', 2: '0.0', 3: '1.2767837176518553', 4: 416.8848825241007} 
{0: '0.5581395348837209', 1: '0.0', 2: '0.0', 3: '1.3572088082974538', 4: 412.7929367161281} 
{0: '0.5538461538461539', 1: '0.0', 2: '0.0', 3: '1.3572088082974538', 4: 407.1360883274274} 
{0: '0.549618320610687', 1: '0.0', 2: '0.0', 3: '1.3572088082974538', 4: 406.87458103960546} 
{0: '0.5454545454545454', 1: '0.0', 2: '0.0', 3: '1.3572088082974538', 4: 415.65328098171915} 
{0: '0.5413533834586466', 1: '0.0', 2: '0.0', 3: '1.3572088082974538', 4: 412.05120902283346} 
{0: '0.5373134328358209', 1: '0.0', 2: '0.0', 3: '1.3572088082974538', 4: 409.28067818466195} 
{0: '0.5407407407407407', 1: '0.0', 2: '0.0', 3: '1.2767837176518553', 4: 414.8637083451456} 
{0: '0.5441176470588235', 1: '0.0', 2: '0.0', 3: '1.2011244339814315', 4: 420.2295959687317} 
{0: '0.5401459854014599', 1: '0.0', 2: '0.0', 3: '1.2011244339814315', 4: 407.4158125301687} 
{0: '0.5434782608695652', 1: '0.0', 2: '0.0', 3: '1.2767837176518553', 4: 411.56101833323083} 
{0: '0.5467625899280576', 1: '0.0', 2: '0.0', 3: '1.3572088082974538', 4: 417.13053273603776} 
{0: '0.5428571428571428', 1: '0.0', 2: '0.0', 3: '1.3572088082974538', 4: 409.21042287143274} 
{0: '0.5390070921985816', 1: '0.0', 2: '0.0', 3: '1.3572088082974538', 4: 410.42812957657264} 
{0: '0.5352112676056338', 1: '0.0', 2: '0.0', 3: '1.3572088082974538', 4: 412.86694174141337} 
{0: '0.5384615384615384', 1: '0.0', 2: '0.0', 3: '1.2767837176518553', 4: 414.1697724044918} 
{0: '0.5347222222222222', 1: '0.0', 2: '0.0', 3: '1.2767837176518553', 4: 405.2579435152722} 
{0: '0.5379310344827586', 1: '0.0', 2: '0.0', 3: '1.3572088082974538', 4: 408.3224963298673} 
{0: '0.5342465753424658', 1: '0.0', 2: '0.0', 3: '1.3572088082974538', 4: 418.65583946346993} 
{0: '0.5306122448979592', 1: '0.0', 2: '0.0', 3: '1.3572088082974538', 4: 408.0458491626514} 
{0: '0.527027027027027', 1: '0.0', 2: '0.0', 3: '1.3572088082974538', 4: 414.1046639652061} 
{0: '0.5302013422818792', 1: '0.0', 2: '0.0', 3: '1.2767837176518553', 4: 409.3034612422255} 
{0: '0.5333333333333333', 1: '0.0', 2: '0.0', 3: '1.2011244339814315', 4: 407.9620316051453} 
{0: '0.5298013245033113', 1: '0.0', 2: '0.0', 3: '1.2011244339814315', 4: 407.54034057637324} 
{0: '0.5328947368421053', 1: '0.0', 2: '0.0', 3: '1.2767837176518553', 4: 406.18063324524604} 
{0: '0.5359477124183006', 1: '0.0', 2: '0.0', 3: '1.3572088082974538', 4: 419.47493561880816} 
{0: '0.5324675324675324', 1: '0.0', 2: '0.0', 3: '1.3572088082974538', 4: 417.16010285841753} 
{0: '0.5290322580645161', 1: '0.0', 2: '0.0', 3: '1.3572088082974538', 4: 408.20072591589286} 
{0: '0.5256410256410257', 1: '0.0', 2: '0.0', 3: '1.3572088082974538', 4: 410.596516565861} 
{0: '0.5286624203821656', 1: '0.0', 2: '0.0', 3: '1.2767837176518553', 4: 410.3736902412006} 
{0: '0.5253164556962026', 1: '0.0', 2: '0.0', 3: '1.2767837176518553', 4: 413.215372727836} 
{0: '0.5283018867924528', 1: '0.0', 2: '0.0', 3: '1.3572088082974538', 4: 408.0925464198802} 
{0: '0.525', 1: '0.0', 2: '0.0', 3: '1.3572088082974538', 4: 416.8591988169942} 
{0: '0.5279503105590062', 1: '0.0', 2: '0.0', 3: '1.2767837176518553', 4: 427.4731426586723} 
{0: '0.5246913580246914', 1: '0.0', 2: '0.0', 3: '1.2767837176518553', 4: 411.9832634444712} 
{0: '0.5276073619631901', 1: '0.0', 2: '0.0', 3: '1.3572088082974538', 4: 420.0344980813341} 
{0: '0.524390243902439', 1: '0.0', 2: '0.0', 3: '1.3572088082974538', 4: 419.4539943961266} 
{0: '0.5212121212121212', 1: '0.0', 2: '0.0', 3: '1.3572088082974538', 4: 408.8543930954727} 
{0: '0.5180722891566265', 1: '0.0', 2: '0.0', 3: '1.3572088082974538', 4: 410.57204222065053} 
{0: '0.5209580838323353', 1: '0.0', 2: '0.0', 3: '1.2767837176518553', 4: 413.34878869150697} 
{0: '0.5238095238095238', 1: '0.0', 2: '0.0', 3: '1.2011244339814315', 4: 415.45429883700365} 
{0: '0.5207100591715976', 1: '0.0', 2: '0.0', 3: '1.2011244339814315', 4: 414.95541627963416} 
{0: '0.5235294117647059', 1: '0.0', 2: '0.0', 3: '1.2767837176518553', 4: 414.63575918183926} 
{0: '0.5263157894736842', 1: '0.0', 2: '0.0', 3: '1.3572088082974538', 4: 427.4191083731375} 
{0: '0.5232558139534884', 1: '0.0', 2: '0.0', 3: '1.3572088082974538', 4: 412.76471497631303} 
{0: '0.5202312138728323', 1: '0.0', 2: '0.0', 3: '1.3572088082974538', 4: 409.27945862357285} 
{0: '0.5172413793103449', 1: '0.0', 2: '0.0', 3: '1.3572088082974538', 4: 408.7624356317912} 
{0: '0.52', 1: '0.0', 2: '0.0', 3: '1.2767837176518553', 4: 407.3559638801093} 
{0: '0.5170454545454546', 1: '0.0', 2: '0.0', 3: '1.2767837176518553', 4: 411.74368233692906} 
{0: '0.519774011299435', 1: '0.0', 2: '0.0', 3: '1.3572088082974538', 4: 409.5792250855836} 
{0: '0.5168539325842697', 1: '0.0', 2: '0.0', 3: '1.3572088082974538', 4: 416.7974889140258} 
{0: '0.5139664804469274', 1: '0.0', 2: '0.0', 3: '1.3572088082974538', 4: 415.54423662550147} 
{0: '0.5111111111111111', 1: '0.0', 2: '0.0', 3: '1.3572088082974538', 4: 422.26628372866486} 
{0: '0.5082872928176796', 1: '0.0', 2: '0.0', 3: '1.3572088082974538', 4: 418.53959515710676} 
{0: '0.5054945054945055', 1: '0.0', 2: '0.0', 3: '1.3572088082974538', 4: 416.5278659036944} 
{0: '0.5027322404371585', 1: '0.0', 2: '0.0', 3: '1.3572088082974538', 4: 432.9594832534515} 
{0: '0.5', 1: '0.0', 2: '0.0', 3: '1.3572088082974538', 4: 417.0095652536391} 
{0: '0.5027027027027027', 1: '0.0', 2: '0.0', 3: '1.2767837176518553', 4: 419.9117135266675} 
{0: '0.5', 1: '0.0', 2: '0.0', 3: '1.2767837176518553', 4: 411.67086997022005} 
{0: '0.5026737967914439', 1: '0.0', 2: '0.0', 3: '1.3572088082974538', 4: 414.8508647104053} 
{0: '0.5', 1: '0.0', 2: '0.0', 3: '1.3572088082974538', 4: 412.02734187065084} 
{0: '0.4973544973544973', 1: '0.0', 2: '0.0', 3: '1.3572088082974538', 4: 404.5368087335088} 
{0: '0.49473684210526314', 1: '0.0', 2: '0.0', 3: '1.3572088082974538', 4: 415.9493237946917} 
{0: '0.49214659685863876', 1: '0.0', 2: '0.0', 3: '1.3572088082974538', 4: 412.8136106642177} 
{0: '0.4895833333333333', 1: '0.0', 2: '0.0', 3: '1.3572088082974538', 4: 404.7622222703503} 
{0: '0.49222797927461137', 1: '0.0', 2: '0.0', 3: '1.2767837176518553', 4: 406.7787746059654} 
{0: '0.4896907216494845', 1: '0.0', 2: '0.0', 3: '1.2767837176518553', 4: 404.40309832827626} 
{0: '0.48717948717948717', 1: '0.0', 2: '0.0', 3: '1.2767837176518553', 4: 416.28133140995163} 
{0: '0.4846938775510204', 1: '0.0', 2: '0.0', 3: '1.2767837176518553', 4: 408.5726655319069} 
{0: '0.48223350253807107', 1: '0.0', 2: '0.0', 3: '1.2767837176518553', 4: 409.21298794419386} 
{0: '0.4797979797979798', 1: '0.0', 2: '0.0', 3: '1.2767837176518553', 4: 414.71412663664046} 
{0: '0.4824120603015075', 1: '0.0', 2: '0.0', 3: '1.3572088082974538', 4: 414.0479787678182} 
{0: '0.48', 1: '0.0', 2: '0.0', 3: '1.3572088082974538', 4: 416.1347719617295} 
{0: '0.48258706467661694', 1: '0.0', 2: '0.0', 3: '1.2767837176518553', 4: 413.1703364550387} 
{0: '0.4801980198019802', 1: '0.0', 2: '0.0', 3: '1.2767837176518553', 4: 416.62284305502214} 
{0: '0.4827586206896552', 1: '0.0', 2: '0.0', 3: '1.3572088082974538', 4: 409.52097179389426} 
{0: '0.4803921568627451', 1: '0.0', 2: '0.0', 3: '1.3572088082974538', 4: 406.95836976689293} 
{0: '0.48292682926829267', 1: '0.0', 2: '0.0', 3: '1.2767837176518553', 4: 406.1284848879661} 
{0: '0.48058252427184467', 1: '0.0', 2: '0.0', 3: '1.2767837176518553', 4: 414.3717701792019} 
{0: '0.4830917874396135', 1: '0.0', 2: '0.0', 3: '1.3572088082974538', 4: 405.3806293812312} 
{0: '0.4807692307692308', 1: '0.0', 2: '0.0', 3: '1.3572088082974538', 4: 414.85796759666016} 
{0: '0.48325358851674644', 1: '0.0', 2: '0.0', 3: '1.2767837176518553', 4: 415.96665377991616} 
{0: '0.4857142857142857', 1: '0.0', 2: '0.0', 3: '1.2011244339814315', 4: 410.5698986229245} 
{0: '0.4881516587677725', 1: '0.0', 2: '0.0', 3: '1.1299485464621188', 4: 415.98493175228975} 
{0: '0.4858490566037736', 1: '0.0', 2: '0.0', 3: '1.1299485464621188', 4: 403.3237699259653} 
{0: '0.48826291079812206', 1: '0.0', 2: '0.0', 3: '1.2011244339814315', 4: 415.41338808535414} 
{0: '0.49065420560747663', 1: '0.0', 2: '0.0', 3: '1.2767837176518553', 4: 408.23492263491795} 
{0: '0.4930232558139535', 1: '0.0', 2: '0.0', 3: '1.3572088082974538', 4: 415.20934302179245} 
{0: '0.49074074074074076', 1: '0.0', 2: '0.0', 3: '1.3572088082974538', 4: 406.15432483072937} 
{0: '0.4930875576036866', 1: '0.0', 2: '0.0', 3: '1.2767837176518553', 4: 414.9019387926653} 
{0: '0.4908256880733945', 1: '0.0', 2: '0.0', 3: '1.2767837176518553', 4: 411.8202020664891} 
{0: '0.4931506849315068', 1: '0.0', 2: '0.0', 3: '1.3572088082974538', 4: 411.7036477842806} 
{0: '0.4909090909090909', 1: '0.0', 2: '0.0', 3: '1.3572088082974538', 4: 417.6965365483859} 
{0: '0.49321266968325794', 1: '0.0', 2: '0.0', 3: '1.2767837176518553', 4: 412.2070251380128} 
{0: '0.49099099099099097', 1: '0.0', 2: '0.0', 3: '1.2767837176518553', 4: 411.7301184853044} 
{0: '0.49327354260089684', 1: '0.0', 2: '0.0', 3: '1.3572088082974538', 4: 416.92662319022946} 
{0: '0.49107142857142855', 1: '0.0', 2: '0.0', 3: '1.3572088082974538', 4: 422.16414278920195} 
{0: '0.4888888888888889', 1: '0.0', 2: '0.0', 3: '1.3572088082974538', 4: 415.77383916855996} 
{0: '0.48672566371681414', 1: '0.0', 2: '0.0', 3: '1.3572088082974538', 4: 414.194491369633} 
{0: '0.4889867841409692', 1: '0.0', 2: '0.0', 3: '1.2767837176518553', 4: 405.50341167766} 
{0: '0.4868421052631579', 1: '0.0', 2: '0.0', 3: '1.2767837176518553', 4: 416.41644462012823} 
{0: '0.4890829694323144', 1: '0.0', 2: '0.0', 3: '1.3572088082974538', 4: 411.0394709482892} 
{0: '0.48695652173913045', 1: '0.0', 2: '0.0', 3: '1.3572088082974538', 4: 415.08238247459053} 
{0: '0.48917748917748916', 1: '0.0', 2: '0.0', 3: '1.2767837176518553', 4: 408.0365525948584} 
{0: '0.4870689655172414', 1: '0.0', 2: '0.0', 3: '1.2767837176518553', 4: 413.0736738349196} 
{0: '0.4892703862660944', 1: '0.0', 2: '0.0', 3: '1.3572088082974538', 4: 419.96518822473456} 
{0: '0.48717948717948717', 1: '0.0', 2: '0.0', 3: '1.3572088082974538', 4: 423.48743559477447} 
{0: '0.4851063829787234', 1: '0.0', 2: '0.0', 3: '1.3572088082974538', 4: 409.80662686176987} 
{0: '0.4830508474576271', 1: '0.0', 2: '0.0', 3: '1.3572088082974538', 4: 414.1716590861438} 
{0: '0.4810126582278481', 1: '0.0', 2: '0.0', 3: '1.3572088082974538', 4: 412.92181186267817} 
{0: '0.4789915966386555', 1: '0.0', 2: '0.0', 3: '1.3572088082974538', 4: 416.7350463931318} 
{0: '0.4811715481171548', 1: '0.0', 2: '0.0', 3: '1.2767837176518553', 4: 414.43941995569463} 
{0: '0.4791666666666667', 1: '0.0', 2: '0.0', 3: '1.2767837176518553', 4: 410.22833480259646} 
{0: '0.48132780082987553', 1: '0.0', 2: '0.0', 3: '1.3572088082974538', 4: 412.0108168025675} 
{0: '0.4793388429752066', 1: '0.0', 2: '0.0', 3: '1.3572088082974538', 4: 411.9806246669441} 
{0: '0.4773662551440329', 1: '0.0', 2: '0.0', 3: '1.3572088082974538', 4: 410.3904238870455} 
{0: '0.47540983606557374', 1: '0.0', 2: '0.0', 3: '1.3572088082974538', 4: 412.02931868815466} 
{0: '0.4775510204081633', 1: '0.0', 2: '0.0', 3: '1.2767837176518553', 4: 413.01360394416383} 
{0: '0.4796747967479675', 1: '0.0', 2: '0.0', 3: '1.2011244339814315', 4: 415.69646974129654} 
{0: '0.4777327935222672', 1: '0.0', 2: '0.0', 3: '1.2011244339814315', 4: 415.4733209644334} 
{0: '0.4798387096774194', 1: '0.0', 2: '0.0', 3: '1.2767837176518553', 4: 407.78677185573486} 
{0: '0.4819277108433735', 1: '0.0', 2: '0.0', 3: '1.3572088082974538', 4: 416.4659764545133} 
{0: '0.48', 1: '0.0', 2: '0.0', 3: '1.3572088082974538', 4: 404.84204004985605} 
{0: '0.4820717131474104', 1: '0.0', 2: '0.0', 3: '1.2767837176518553', 4: 414.33304088612823} 
{0: '0.4801587301587302', 1: '0.0', 2: '0.0', 3: '1.2767837176518553', 4: 410.34991022168197} 
{0: '0.48221343873517786', 1: '0.0', 2: '0.0', 3: '1.3572088082974538', 4: 412.2913580034418} 
{0: '0.48031496062992124', 1: '0.0', 2: '0.0', 3: '1.3572088082974538', 4: 411.14019009153407} 
{0: '0.4823529411764706', 1: '0.0', 2: '0.0', 3: '1.2767837176518553', 4: 410.4862256758262} 
{0: '0.48046875', 1: '0.0', 2: '0.0', 3: '1.2767837176518553', 4: 413.03285419188273} 
{0: '0.48249027237354086', 1: '0.0', 2: '0.0', 3: '1.3572088082974538', 4: 411.8314536926933} 
{0: '0.4806201550387597', 1: '0.0', 2: '0.0', 3: '1.3572088082974538', 4: 412.7361117683557} 
{0: '0.4826254826254826', 1: '0.0', 2: '0.0', 3: '1.2767837176518553', 4: 404.6383157464453} 
{0: '0.4846153846153846', 1: '0.0', 2: '0.0', 3: '1.2011244339814315', 4: 408.5255070682428} 
{0: '0.4827586206896552', 1: '0.0', 2: '0.0', 3: '1.2011244339814315', 4: 409.8031729267191} 
{0: '0.4847328244274809', 1: '0.0', 2: '0.0', 3: '1.2767837176518553', 4: 404.0983721324942} 
{0: '0.4866920152091255', 1: '0.0', 2: '0.0', 3: '1.3572088082974538', 4: 413.3342520359832} 
{0: '0.48484848484848486', 1: '0.0', 2: '0.0', 3: '1.3572088082974538', 4: 408.5930356971301} 
{0: '0.4867924528301887', 1: '0.0', 2: '0.0', 3: '1.2767837176518553', 4: 413.1318587637495} 
{0: '0.4849624060150376', 1: '0.0', 2: '0.0', 3: '1.2767837176518553', 4: 410.6870275051521} 
{0: '0.4868913857677903', 1: '0.0', 2: '0.0', 3: '1.3572088082974538', 4: 410.79622944314974} 
{0: '0.48507462686567165', 1: '0.0', 2: '0.0', 3: '1.3572088082974538', 4: 408.3131681968299} 
{0: '0.48698884758364314', 1: '0.0', 2: '0.0', 3: '1.2767837176518553', 4: 409.02370407960825} 
{0: '0.4888888888888889', 1: '0.0', 2: '0.0', 3: '1.2011244339814315', 4: 408.0748102609269} 
{0: '0.4870848708487085', 1: '0.0', 2: '0.0', 3: '1.2011244339814315', 4: 405.8136731972644} 
{0: '0.4889705882352941', 1: '0.0', 2: '0.0', 3: '1.2767837176518553', 4: 409.3179720688779} 
{0: '0.4908424908424908', 1: '0.0', 2: '0.0', 3: '1.3572088082974538', 4: 414.5833484078165} 
{0: '0.48905109489051096', 1: '0.0', 2: '0.0', 3: '1.3572088082974538', 4: 411.1710281712072} 
{0: '0.4909090909090909', 1: '0.0', 2: '0.0', 3: '1.2767837176518553', 4: 410.0034699683332} 
{0: '0.4927536231884058', 1: '0.0', 2: '0.0', 3: '1.2011244339814315', 4: 411.0321778291491} 
{0: '0.49097472924187724', 1: '0.0', 2: '0.0', 3: '1.2011244339814315', 4: 410.1286239058877} 
{0: '0.49280575539568344', 1: '0.0', 2: '0.0', 3: '1.2767837176518553', 4: 418.16661042043427} 
{0: '0.4946236559139785', 1: '0.0', 2: '0.0', 3: '1.3572088082974538', 4: 405.6673892400324} 
{0: '0.4928571428571429', 1: '0.0', 2: '0.0', 3: '1.3572088082974538', 4: 410.719260385356} 
{0: '0.49466192170818507', 1: '0.0', 2: '0.0', 3: '1.2767837176518553', 4: 423.8122266438581} 
{0: '0.4929078014184397', 1: '0.0', 2: '0.0', 3: '1.2767837176518553', 4: 408.7970906364819} 
{0: '0.49469964664310956', 1: '0.0', 2: '0.0', 3: '1.3572088082974538', 4: 408.2941791786012} 
{0: '0.49295774647887325', 1: '0.0', 2: '0.0', 3: '1.3572088082974538', 4: 407.9007492107794} 
{0: '0.49473684210526314', 1: '0.0', 2: '0.0', 3: '1.2767837176518553', 4: 411.4516355635977} 
{0: '0.493006993006993', 1: '0.0', 2: '0.0', 3: '1.2767837176518553', 4: 404.3562408569287} 
{0: '0.49477351916376305', 1: '0.0', 2: '0.0', 3: '1.3572088082974538', 4: 414.08876563459495} 
{0: '0.4930555555555556', 1: '0.0', 2: '0.0', 3: '1.3572088082974538', 4: 407.2911869960445} 
{0: '0.4913494809688581', 1: '0.0', 2: '0.0', 3: '1.3572088082974538', 4: 405.4603793874155} 
{0: '0.4896551724137931', 1: '0.0', 2: '0.0', 3: '1.3572088082974538', 4: 416.62340388402833} 
{0: '0.4879725085910653', 1: '0.0', 2: '0.0', 3: '1.3572088082974538', 4: 407.22946541999977} 
{0: '0.4863013698630137', 1: '0.0', 2: '0.0', 3: '1.3572088082974538', 4: 408.9557064146154} 
{0: '0.4880546075085324', 1: '0.0', 2: '0.0', 3: '1.2767837176518553', 4: 410.9683388942954} 
{0: '0.4897959183673469', 1: '0.0', 2: '0.0', 3: '1.2011244339814315', 4: 413.5778732290031} 
{0: '0.488135593220339', 1: '0.0', 2: '0.0', 3: '1.2011244339814315', 4: 407.42665814604595} 
{0: '0.48986486486486486', 1: '0.0', 2: '0.0', 3: '1.2767837176518553', 4: 413.12475045243724} 
{0: '0.49158249158249157', 1: '0.0', 2: '0.0', 3: '1.3572088082974538', 4: 408.04452933625754} 
{0: '0.4899328859060403', 1: '0.0', 2: '0.0', 3: '1.3572088082974538', 4: 411.37148889638496} 
{0: '0.4916387959866221', 1: '0.0', 2: '0.0', 3: '1.2767837176518553', 4: 423.9426966180984} 
{0: '0.49', 1: '0.0', 2: '0.0', 3: '1.2767837176518553', 4: 412.6902290517318} 
{0: '0.49169435215946844', 1: '0.0', 2: '0.0', 3: '1.3572088082974538', 4: 405.6293937794431} 
{0: '0.4900662251655629', 1: '0.0', 2: '0.0', 3: '1.3572088082974538', 4: 419.7111048087782} 
{0: '0.49174917491749176', 1: '0.0', 2: '0.0', 3: '1.2767837176518553', 4: 406.8018093456026} 
{0: '0.4934210526315789', 1: '0.0', 2: '0.0', 3: '1.2011244339814315', 4: 408.6280250112928} 
{0: '0.4918032786885246', 1: '0.0', 2: '0.0', 3: '1.2011244339814315', 4: 406.72445795513283} 
{0: '0.4934640522875817', 1: '0.0', 2: '0.0', 3: '1.2767837176518553', 4: 415.0145474675598} 
{0: '0.495114006514658', 1: '0.0', 2: '0.0', 3: '1.3572088082974538', 4: 404.8267454196467} 
{0: '0.4935064935064935', 1: '0.0', 2: '0.0', 3: '1.3572088082974538', 4: 409.09515137504883} 
{0: '0.4919093851132686', 1: '0.0', 2: '0.0', 3: '1.3572088082974538', 4: 410.72931246848685} 
{0: '0.49032258064516127', 1: '0.0', 2: '0.0', 3: '1.3572088082974538', 4: 415.23503389119986} 
{0: '0.4887459807073955', 1: '0.0', 2: '0.0', 3: '1.3572088082974538', 4: 413.18372233112774} 
{0: '0.48717948717948717', 1: '0.0', 2: '0.0', 3: '1.3572088082974538', 4: 416.5734714873928} 
{0: '0.48562300319488816', 1: '0.0', 2: '0.0', 3: '1.3572088082974538', 4: 410.33664514402875} 
{0: '0.4840764331210191', 1: '0.0', 2: '0.0', 3: '1.3572088082974538', 4: 406.15336921967423} 
{0: '0.4857142857142857', 1: '0.0', 2: '0.0', 3: '1.2767837176518553', 4: 417.3942985088723} 
{0: '0.48417721518987344', 1: '0.0', 2: '0.0', 3: '1.2767837176518553', 4: 410.8037613918021} 
{0: '0.48580441640378547', 1: '0.0', 2: '0.0', 3: '1.3572088082974538', 4: 408.3892524897553} 
{0: '0.48427672955974843', 1: '0.0', 2: '0.0', 3: '1.3572088082974538', 4: 407.2479121287473} 
{0: '0.48589341692789967', 1: '0.0', 2: '0.0', 3: '1.2767837176518553', 4: 406.075688575151} 
{0: '0.484375', 1: '0.0', 2: '0.0', 3: '1.2767837176518553', 4: 406.2697157182115} 
{0: '0.48598130841121495', 1: '0.0', 2: '0.0', 3: '1.3572088082974538', 4: 401.45175113697167} 
{0: '0.484472049689441', 1: '0.0', 2: '0.0', 3: '1.3572088082974538', 4: 407.71863139786336} 
{0: '0.48606811145510836', 1: '0.0', 2: '0.0', 3: '1.2767837176518553', 4: 410.6127968233725} 
{0: '0.4845679012345679', 1: '0.0', 2: '0.0', 3: '1.2767837176518553', 4: 408.2528061070302} 
{0: '0.48615384615384616', 1: '0.0', 2: '0.0', 3: '1.3572088082974538', 4: 410.3692881121525} 
{0: '0.48466257668711654', 1: '0.0', 2: '0.0', 3: '1.3572088082974538', 4: 413.0557166827196} 
{0: '0.48623853211009177', 1: '0.0', 2: '0.0', 3: '1.2767837176518553', 4: 418.9269499584853} 
{0: '0.4878048780487805', 1: '0.0', 2: '0.0', 3: '1.2011244339814315', 4: 410.01970608079125} 
{0: '0.48936170212765956', 1: '0.0', 2: '0.0', 3: '1.1299485464621188', 4: 413.61420535696357} 
{0: '0.48787878787878786', 1: '0.0', 2: '0.0', 3: '1.1299485464621188', 4: 408.419915084781} 
{0: '0.48942598187311176', 1: '0.0', 2: '0.0', 3: '1.2011244339814315', 4: 410.3798073166812} 
{0: '0.49096385542168675', 1: '0.0', 2: '0.0', 3: '1.2767837176518553', 4: 406.53179439217234} 
{0: '0.4924924924924925', 1: '0.0', 2: '0.0', 3: '1.3572088082974538', 4: 415.0414890227626} 
{0: '0.49101796407185627', 1: '0.0', 2: '0.0', 3: '1.3572088082974538', 4: 409.38094889217183} 
{0: '0.4925373134328358', 1: '0.0', 2: '0.0', 3: '1.2767837176518553', 4: 414.7400779244143} 
{0: '0.49107142857142855', 1: '0.0', 2: '0.0', 3: '1.2767837176518553', 4: 413.67085522916136} 
{0: '0.49258160237388726', 1: '0.0', 2: '0.0', 3: '1.3572088082974538', 4: 416.4554809209738} 
{0: '0.4911242603550296', 1: '0.0', 2: '0.0', 3: '1.3572088082974538', 4: 426.134394495347} 
{0: '0.4896755162241888', 1: '0.0', 2: '0.0', 3: '1.3572088082974538', 4: 423.44229942794635} 
{0: '0.48823529411764705', 1: '0.0', 2: '0.0', 3: '1.3572088082974538', 4: 417.14913726256543} 
{0: '0.4868035190615836', 1: '0.0', 2: '0.0', 3: '1.3572088082974538', 4: 416.4289881437006} 
{0: '0.4853801169590643', 1: '0.0', 2: '0.0', 3: '1.3572088082974538', 4: 421.5160142347032} 
{0: '0.4839650145772595', 1: '0.0', 2: '0.0', 3: '1.3572088082974538', 4: 416.8919079211179} 
{0: '0.48255813953488375', 1: '0.0', 2: '0.0', 3: '1.3572088082974538', 4: 411.2035988326322} 
{0: '0.48405797101449277', 1: '0.0', 2: '0.0', 3: '1.2767837176518553', 4: 406.01191969481795} 
{0: '0.48554913294797686', 1: '0.0', 2: '0.0', 3: '1.2011244339814315', 4: 410.26652207682577} 
{0: '0.48703170028818443', 1: '0.0', 2: '0.0', 3: '1.1299485464621188', 4: 410.24034937834404} 
{0: '0.48563218390804597', 1: '0.0', 2: '0.0', 3: '1.1299485464621188', 4: 402.8673513392046} 
{0: '0.4871060171919771', 1: '0.0', 2: '0.0', 3: '1.2011244339814315', 4: 411.61679241521017} 
{0: '0.48857142857142855', 1: '0.0', 2: '0.0', 3: '1.2767837176518553', 4: 411.2115496405985} 
{0: '0.49002849002849', 1: '0.0', 2: '0.0', 3: '1.3572088082974538', 4: 410.08870210507973} 
{0: '0.48863636363636365', 1: '0.0', 2: '0.0', 3: '1.3572088082974538', 4: 423.5402217366247} 
{0: '0.49008498583569404', 1: '0.0', 2: '0.0', 3: '1.2767837176518553', 4: 416.2665980381673} 
{0: '0.4887005649717514', 1: '0.0', 2: '0.0', 3: '1.2767837176518553', 4: 411.9745308424531} 
{0: '0.49014084507042255', 1: '0.0', 2: '0.0', 3: '1.3572088082974538', 4: 410.82720781332984} 
{0: '0.4887640449438202', 1: '0.0', 2: '0.0', 3: '1.3572088082974538', 4: 407.21515012906616} 
{0: '0.49019607843137253', 1: '0.0', 2: '0.0', 3: '1.2767837176518553', 4: 410.7127446467113} 
{0: '0.49162011173184356', 1: '0.0', 2: '0.0', 3: '1.2011244339814315', 4: 408.1505228591196} 
{0: '0.49025069637883006', 1: '0.0', 2: '0.0', 3: '1.2011244339814315', 4: 409.8779000358139} 
{0: '0.49166666666666664', 1: '0.0', 2: '0.0', 3: '1.2767837176518553', 4: 414.8223971680723} 
{0: '0.4930747922437673', 1: '0.0', 2: '0.0', 3: '1.3572088082974538', 4: 412.1051278862415} 
{0: '0.49171270718232046', 1: '0.0', 2: '0.0', 3: '1.3572088082974538', 4: 413.86065560613133} 
{0: '0.4931129476584022', 1: '0.0', 2: '0.0', 3: '1.2767837176518553', 4: 416.48950604911494} 
{0: '0.49175824175824173', 1: '0.0', 2: '0.0', 3: '1.2767837176518553', 4: 425.4213960548459} 
{0: '0.4931506849315068', 1: '0.0', 2: '0.0', 3: '1.3572088082974538', 4: 410.9673017791941} 
{0: '0.4918032786885246', 1: '0.0', 2: '0.0', 3: '1.3572088082974538', 4: 410.7374570356415} 
{0: '0.4904632152588556', 1: '0.0', 2: '0.0', 3: '1.3572088082974538', 4: 413.7215018742248} 
{0: '0.4891304347826087', 1: '0.0', 2: '0.0', 3: '1.3572088082974538', 4: 411.83680168436985} 
{0: '0.4905149051490515', 1: '0.0', 2: '0.0', 3: '1.2767837176518553', 4: 412.5762151800657} 
{0: '0.4918918918918919', 1: '0.0', 2: '0.0', 3: '1.2011244339814315', 4: 411.69423359336616} 
{0: '0.49056603773584906', 1: '0.0', 2: '0.0', 3: '1.2011244339814315', 4: 410.82817239156395} 
{0: '0.49193548387096775', 1: '0.0', 2: '0.0', 3: '1.2767837176518553', 4: 413.5732105485947} 
{0: '0.4932975871313673', 1: '0.0', 2: '0.0', 3: '1.3572088082974538', 4: 417.6941791816982} 
{0: '0.4919786096256685', 1: '0.0', 2: '0.0', 3: '1.3572088082974538', 4: 415.66940899343416} 
{0: '0.49333333333333335', 1: '0.0', 2: '0.0', 3: '1.2767837176518553', 4: 416.28420360612654} 
{0: '0.4920212765957447', 1: '0.0', 2: '0.0', 3: '1.2767837176518553', 4: 410.7115324919316} 
{0: '0.493368700265252', 1: '0.0', 2: '0.0', 3: '1.3572088082974538', 4: 411.63575521710857} 
{0: '0.49206349206349204', 1: '0.0', 2: '0.0', 3: '1.3572088082974538', 4: 412.7797015351947} 
{0: '0.49340369393139843', 1: '0.0', 2: '0.0', 3: '1.2767837176518553', 4: 411.01663577116597} 
{0: '0.4921052631578947', 1: '0.0', 2: '0.0', 3: '1.2767837176518553', 4: 410.23503157560543} 
{0: '0.49343832020997375', 1: '0.0', 2: '0.0', 3: '1.3572088082974538', 4: 412.8337269089998} 
{0: '0.49214659685863876', 1: '0.0', 2: '0.0', 3: '1.3572088082974538', 4: 421.1200196704901} 
{0: '0.4934725848563969', 1: '0.0', 2: '0.0', 3: '1.2767837176518553', 4: 406.8676807855741} 
{0: '0.4921875', 1: '0.0', 2: '0.0', 3: '1.2767837176518553', 4: 410.1439179212034} 
{0: '0.4935064935064935', 1: '0.0', 2: '0.0', 3: '1.3572088082974538', 4: 410.6502545424572} 
{0: '0.49222797927461137', 1: '0.0', 2: '0.0', 3: '1.3572088082974538', 4: 407.154830105606} 
{0: '0.4935400516795866', 1: '0.0', 2: '0.0', 3: '1.2767837176518553', 4: 409.004773216037} 
{0: '0.49226804123711343', 1: '0.0', 2: '0.0', 3: '1.2767837176518553', 4: 410.2260210637682} 
{0: '0.493573264781491', 1: '0.0', 2: '0.0', 3: '1.3572088082974538', 4: 415.02979735739706} 
{0: '0.49230769230769234', 1: '0.0', 2: '0.0', 3: '1.3572088082974538', 4: 412.7589056563531} 
{0: '0.49104859335038364', 1: '0.0', 2: '0.0', 3: '1.3572088082974538', 4: 421.42926905691724} 
{0: '0.4897959183673469', 1: '0.0', 2: '0.0', 3: '1.3572088082974538', 4: 411.9457350258562} 
{0: '0.4910941475826972', 1: '0.0', 2: '0.0', 3: '1.2767837176518553', 4: 408.26864150013427} 
{0: '0.48984771573604063', 1: '0.0', 2: '0.0', 3: '1.2767837176518553', 4: 408.80367688379016} 
{0: '0.4911392405063291', 1: '0.0', 2: '0.0', 3: '1.3572088082974538', 4: 407.23911775747104} 
{0: '0.4898989898989899', 1: '0.0', 2: '0.0', 3: '1.3572088082974538', 4: 409.81337105213044} 
{0: '0.491183879093199', 1: '0.0', 2: '0.0', 3: '1.2767837176518553', 4: 412.8733868522757} 
{0: '0.4899497487437186', 1: '0.0', 2: '0.0', 3: '1.2767837176518553', 4: 407.4441072459574} 
{0: '0.48872180451127817', 1: '0.0', 2: '0.0', 3: '1.2767837176518553', 4: 415.4752559639335} 
{0: '0.4875', 1: '0.0', 2: '0.0', 3: '1.2767837176518553', 4: 416.0618505229919} 
{0: '0.48877805486284287', 1: '0.0', 2: '0.0', 3: '1.3572088082974538', 4: 410.4298875949446} 
{0: '0.48756218905472637', 1: '0.0', 2: '0.0', 3: '1.3572088082974538', 4: 406.13012025179165} 
{0: '0.48883374689826303', 1: '0.0', 2: '0.0', 3: '1.2767837176518553', 4: 417.6485887191073} 
{0: '0.4876237623762376', 1: '0.0', 2: '0.0', 3: '1.2767837176518553', 4: 415.57053731353415} 
{0: '0.4888888888888889', 1: '0.0', 2: '0.0', 3: '1.3572088082974538', 4: 409.90227896461494} 
{0: '0.4876847290640394', 1: '0.0', 2: '0.0', 3: '1.3572088082974538', 4: 412.8531888430881} 
{0: '0.48894348894348894', 1: '0.0', 2: '0.0', 3: '1.2767837176518553', 4: 414.8096184242086} 
{0: '0.4877450980392157', 1: '0.0', 2: '0.0', 3: '1.2767837176518553', 4: 414.0622492399939} 
{0: '0.4889975550122249', 1: '0.0', 2: '0.0', 3: '1.3572088082974538', 4: 418.20344187095606} 
{0: '0.4878048780487805', 1: '0.0', 2: '0.0', 3: '1.3572088082974538', 4: 416.28297105621164} 
{0: '0.48661800486618007', 1: '0.0', 2: '0.0', 3: '1.3572088082974538', 4: 414.1840552925962} 
{0: '0.4854368932038835', 1: '0.0', 2: '0.0', 3: '1.3572088082974538', 4: 419.44392466128767} 
{0: '0.48668280871670705', 1: '0.0', 2: '0.0', 3: '1.2767837176518553', 4: 409.79976328742555} 
{0: '0.4855072463768116', 1: '0.0', 2: '0.0', 3: '1.2767837176518553', 4: 410.1415483409422} 
{0: '0.4867469879518072', 1: '0.0', 2: '0.0', 3: '1.3572088082974538', 4: 411.66646396488005} 
{0: '0.4855769230769231', 1: '0.0', 2: '0.0', 3: '1.3572088082974538', 4: 408.43935774254305} 
{0: '0.486810551558753', 1: '0.0', 2: '0.0', 3: '1.2767837176518553', 4: 409.07204365542736} 
{0: '0.48564593301435405', 1: '0.0', 2: '0.0', 3: '1.2767837176518553', 4: 409.00585780124237} 
{0: '0.48687350835322196', 1: '0.0', 2: '0.0', 3: '1.3572088082974538', 4: 408.75218949422975} 
{0: '0.4857142857142857', 1: '0.0', 2: '0.0', 3: '1.3572088082974538', 4: 401.90222128413035} 
{0: '0.48693586698337293', 1: '0.0', 2: '0.0', 3: '1.2767837176518553', 4: 405.19806381617536} 
{0: '0.48578199052132703', 1: '0.0', 2: '0.0', 3: '1.2767837176518553', 4: 419.3439803548507} 
{0: '0.48699763593380613', 1: '0.0', 2: '0.0', 3: '1.3572088082974538', 4: 413.18950350162885} 
{0: '0.4858490566037736', 1: '0.0', 2: '0.0', 3: '1.3572088082974538', 4: 409.93450709634214} 
{0: '0.48705882352941177', 1: '0.0', 2: '0.0', 3: '1.2767837176518553', 4: 415.86995186410934} 
{0: '0.4859154929577465', 1: '0.0', 2: '0.0', 3: '1.2767837176518553', 4: 414.67703111285573} 
{0: '0.48711943793911006', 1: '0.0', 2: '0.0', 3: '1.3572088082974538', 4: 419.00109007887556} 
{0: '0.48598130841121495', 1: '0.0', 2: '0.0', 3: '1.3572088082974538', 4: 412.89880416697} 
{0: '0.48717948717948717', 1: '0.0', 2: '0.0', 3: '1.2767837176518553', 4: 410.0555594965681} 
{0: '0.48604651162790696', 1: '0.0', 2: '0.0', 3: '1.2767837176518553', 4: 401.23398777282654} 
{0: '0.4872389791183295', 1: '0.0', 2: '0.0', 3: '1.3572088082974538', 4: 415.02908407193985} 
{0: '0.4861111111111111', 1: '0.0', 2: '0.0', 3: '1.3572088082974538', 4: 403.46073274238717} 
{0: '0.48729792147806006', 1: '0.0', 2: '0.0', 3: '1.2767837176518553', 4: 411.119861933625} 
{0: '0.4861751152073733', 1: '0.0', 2: '0.0', 3: '1.2767837176518553', 4: 415.0629477388948} 
{0: '0.48735632183908045', 1: '0.0', 2: '0.0', 3: '1.3572088082974538', 4: 422.0020958058586} 
{0: '0.48623853211009177', 1: '0.0', 2: '0.0', 3: '1.3572088082974538', 4: 413.68204572017413} 
{0: '0.4874141876430206', 1: '0.0', 2: '0.0', 3: '1.2767837176518553', 4: 415.600723956773} 
{0: '0.4863013698630137', 1: '0.0', 2: '0.0', 3: '1.2767837176518553', 4: 419.4449973461664} 
{0: '0.4874715261958998', 1: '0.0', 2: '0.0', 3: '1.3572088082974538', 4: 423.1039464561717} 
{0: '0.4863636363636364', 1: '0.0', 2: '0.0', 3: '1.3572088082974538', 4: 409.2751238282083} 
{0: '0.4875283446712018', 1: '0.0', 2: '0.0', 3: '1.2767837176518553', 4: 411.74469950898117} 
{0: '0.48642533936651583', 1: '0.0', 2: '0.0', 3: '1.2767837176518553', 4: 410.8568073593054} 
{0: '0.48758465011286684', 1: '0.0', 2: '0.0', 3: '1.3572088082974538', 4: 416.88442225557117} 
{0: '0.4864864864864865', 1: '0.0', 2: '0.0', 3: '1.3572088082974538', 4: 410.32006398447663} 
{0: '0.48764044943820223', 1: '0.0', 2: '0.0', 3: '1.2767837176518553', 4: 410.86556635995123} 
{0: '0.48878923766816146', 1: '0.0', 2: '0.0', 3: '1.2011244339814315', 4: 414.38113554722526} 
{0: '0.48769574944071586', 1: '0.0', 2: '0.0', 3: '1.2011244339814315', 4: 413.685882159559} 
{0: '0.4888392857142857', 1: '0.0', 2: '0.0', 3: '1.2767837176518553', 4: 414.45679518080226} 
{0: '0.48997772828507796', 1: '0.0', 2: '0.0', 3: '1.3572088082974538', 4: 410.4610695915433} 
{0: '0.4888888888888889', 1: '0.0', 2: '0.0', 3: '1.3572088082974538', 4: 412.0176840901089} 
{0: '0.49002217294900224', 1: '0.0', 2: '0.0', 3: '1.2767837176518553', 4: 413.61756067680415} 
{0: '0.4889380530973451', 1: '0.0', 2: '0.0', 3: '1.2767837176518553', 4: 406.52286966202024} 
{0: '0.4878587196467991', 1: '0.0', 2: '0.0', 3: '1.2767837176518553', 4: 411.5600516720792} 
{0: '0.486784140969163', 1: '0.0', 2: '0.0', 3: '1.2767837176518553', 4: 407.66530272132536} 
{0: '0.4879120879120879', 1: '0.0', 2: '0.0', 3: '1.3572088082974538', 4: 410.02508997843137} 
{0: '0.4868421052631579', 1: '0.0', 2: '0.0', 3: '1.3572088082974538', 4: 408.95497639872775} 
{0: '0.48577680525164113', 1: '0.0', 2: '0.0', 3: '1.3572088082974538', 4: 412.11557856590855} 
{0: '0.4847161572052402', 1: '0.0', 2: '0.0', 3: '1.3572088082974538', 4: 413.38179150343893} 
{0: '0.48366013071895425', 1: '0.0', 2: '0.0', 3: '1.3572088082974538', 4: 422.28747953328366} 
{0: '0.4826086956521739', 1: '0.0', 2: '0.0', 3: '1.3572088082974538', 4: 418.68242745854093} 
{0: '0.48156182212581344', 1: '0.0', 2: '0.0', 3: '1.3572088082974538', 4: 405.3910343183031} 
{0: '0.4805194805194805', 1: '0.0', 2: '0.0', 3: '1.3572088082974538', 4: 420.6867652459758} 
{0: '0.4816414686825054', 1: '0.0', 2: '0.0', 3: '1.2767837176518553', 4: 418.3361305957579} 
{0: '0.48060344827586204', 1: '0.0', 2: '0.0', 3: '1.2767837176518553', 4: 413.5458521345566} 
{0: '0.4817204301075269', 1: '0.0', 2: '0.0', 3: '1.3572088082974538', 4: 422.80509764391877} 
{0: '0.48068669527896996', 1: '0.0', 2: '0.0', 3: '1.3572088082974538', 4: 412.5567288188125} 
{0: '0.4817987152034261', 1: '0.0', 2: '0.0', 3: '1.2767837176518553', 4: 421.14788594076896} 
{0: '0.4807692307692308', 1: '0.0', 2: '0.0', 3: '1.2767837176518553', 4: 407.00408472665174} 
{0: '0.48187633262260127', 1: '0.0', 2: '0.0', 3: '1.3572088082974538', 4: 419.0092291471136} 
{0: '0.4808510638297872', 1: '0.0', 2: '0.0', 3: '1.3572088082974538', 4: 412.0551863805839} 
{0: '0.47983014861995754', 1: '0.0', 2: '0.0', 3: '1.3572088082974538', 4: 416.57308513187496} 
{0: '0.4788135593220339', 1: '0.0', 2: '0.0', 3: '1.3572088082974538', 4: 409.56745605337784} 
{0: '0.47780126849894294', 1: '0.0', 2: '0.0', 3: '1.3572088082974538', 4: 401.0853927085644} 
{0: '0.4767932489451477', 1: '0.0', 2: '0.0', 3: '1.3572088082974538', 4: 415.75816123653317} 
{0: '0.47578947368421054', 1: '0.0', 2: '0.0', 3: '1.3572088082974538', 4: 414.48327368475685} 
{0: '0.47478991596638653', 1: '0.0', 2: '0.0', 3: '1.3572088082974538', 4: 404.70750483580946} 
{0: '0.4758909853249476', 1: '0.0', 2: '0.0', 3: '1.2767837176518553', 4: 418.41414022567704} 
{0: '0.47489539748953974', 1: '0.0', 2: '0.0', 3: '1.2767837176518553', 4: 418.08167709271515} 
{0: '0.4759916492693111', 1: '0.0', 2: '0.0', 3: '1.3572088082974538', 4: 407.82540643924585} 
{0: '0.475', 1: '0.0', 2: '0.0', 3: '1.3572088082974538', 4: 411.89344553711044} 
{0: '0.4760914760914761', 1: '0.0', 2: '0.0', 3: '1.2767837176518553', 4: 403.24342128881807} 
{0: '0.47717842323651455', 1: '0.0', 2: '0.0', 3: '1.2011244339814315', 4: 410.36940017439264} 
{0: '0.47619047619047616', 1: '0.0', 2: '0.0', 3: '1.2011244339814315', 4: 413.66015106762285} 
{0: '0.4772727272727273', 1: '0.0', 2: '0.0', 3: '1.2767837176518553', 4: 414.734668645619} 
{0: '0.47835051546391755', 1: '0.0', 2: '0.0', 3: '1.3572088082974538', 4: 411.9765947650176} 
{0: '0.4773662551440329', 1: '0.0', 2: '0.0', 3: '1.3572088082974538', 4: 417.15086611468854} 
{0: '0.47638603696098564', 1: '0.0', 2: '0.0', 3: '1.3572088082974538', 4: 403.8734900155721} 
{0: '0.47540983606557374', 1: '0.0', 2: '0.0', 3: '1.3572088082974538', 4: 407.0991640543686} 
{0: '0.47443762781186094', 1: '0.0', 2: '0.0', 3: '1.3572088082974538', 4: 421.91866710231926} 
{0: '0.47346938775510206', 1: '0.0', 2: '0.0', 3: '1.3572088082974538', 4: 409.8275631055067} 
{0: '0.4745417515274949', 1: '0.0', 2: '0.0', 3: '1.2767837176518553', 4: 405.1047717182141} 
{0: '0.4735772357723577', 1: '0.0', 2: '0.0', 3: '1.2767837176518553', 4: 403.83438196536696} 
{0: '0.4726166328600406', 1: '0.0', 2: '0.0', 3: '1.2767837176518553', 4: 404.6182726776859} 
{0: '0.4716599190283401', 1: '0.0', 2: '0.0', 3: '1.2767837176518553', 4: 419.1215835279102} 
{0: '0.4727272727272727', 1: '0.0', 2: '0.0', 3: '1.3572088082974538', 4: 407.36124240778616} 
{0: '0.4717741935483871', 1: '0.0', 2: '0.0', 3: '1.3572088082974538', 4: 407.0398268149293} 
{0: '0.47283702213279677', 1: '0.0', 2: '0.0', 3: '1.2767837176518553', 4: 409.2213852853371} 
{0: '0.4718875502008032', 1: '0.0', 2: '0.0', 3: '1.2767837176518553', 4: 417.20167074606246} 
{0: '0.4729458917835671', 1: '0.0', 2: '0.0', 3: '1.3572088082974538', 4: 413.1014186539592} 
