{'STAT2HEADER': 'STAT2HEADER', 'STAT2HEADER_ENVIRON': 'environ({\'OMPI_MCA_pmix\': \'^s1,s2,cray,isolated\', \'PMIX_MCA_mca_base_component_show_load_errors\': \'1\', \'OMPI_COMMAND\': \'python3\', \'OMPI_ARGV\': \'static_snapshot.py 2 0min\', \'OMPI_MCA_orte_precondition_transports\': \'b3e4d0b574a02732-eb0606e10083af83\', \'LD_LIBRARY_PATH\': \'/salilab/diva1/programs/x86_64linux/numpy-py36-1.19.5/lib:/salilab/diva1/home/libs/x86_64/centos8:/salilab/diva1/home/libs/x86_64:/salilab/diva1/home/imp/main/20240607-af6f9d6a95/lib/release8:/salilab/diva1/programs/x86_64linux/opencv-4.3.0/lib64/rhel:/salilab/diva1/programs/x86_64linux/opencv-4.3.0/lib64:/salilab/diva1/programs/x86_64linux/hdf5-1.10.7/lib:/salilab/diva1/programs/x86_64linux/libtau-py27-1.0.1/lib64:/salilab/diva1/programs/x86_64linux/boost-1.73.0/lib64:/usr/lib64/openmpi/lib:/wynton/group/sali/miha_rozic/Software/imp-develop/build/lib::\', \'IMP_TMP_DIR\': \'/wynton/group/sali/miha_rozic/Software/imp-develop/build/tmp\', \'PE_HOSTFILE\': \'/var/spool/sge/wynton/qb3-id342/active_jobs/708258.1/pe_hostfile\', \'__LMOD_REF_COUNT_PATH\': \'/salilab/diva1/programs/x86_64linux/numpy-py36-1.19.5/bin:1;/salilab/diva1/home/imp/main/20240607-af6f9d6a95/bin/release8:1;/salilab/diva1/programs/x86_64linux/opencv-4.3.0/bin:1;/salilab/diva1/programs/x86_64linux/hdf5-1.10.7/bin:1;/usr/lib64/openmpi/bin:1;/wynton/home/sali/rozicmiha/.local/bin:1;/wynton/home/sali/rozicmiha/bin:1;/wynton/group/sali/miha_rozic/Software/imp-develop/build/bin:1;/wynton/group/sali/miha_rozic/Software/imp-develop/build/module_bin/EMageFit:1;/wynton/group/sali/miha_rozic/Software/imp-develop/build/module_bin/algebra:1;/wynton/group/sali/miha_rozic/Software/imp-develop/build/module_bin/atom:1;/wynton/group/sali/miha_rozic/Software/imp-develop/build/module_bin/benchmark:1;/wynton/group/sali/miha_rozic/Software/imp-develop/build/module_bin/cgal:1;/wynton/group/sali/miha_rozic/Software/imp-develop/build/module_bin/cnmultifit:1;/wynton/group/sali/miha_rozic/Software/imp-develop/build/module_bin/container:1;/wynton/group/sali/miha_rozic/Software/imp-develop/build/module_bin/core:1;/wynton/group/sali/miha_rozic/Software/imp-develop/build/module_bin/display:1;/wynton/group/sali/miha_rozic/Software/imp-develop/build/module_bin/domino:1;/wynton/group/sali/miha_rozic/Software/imp-develop/build/module_bin/em:1;/wynton/group/sali/miha_rozic/Software/imp-develop/build/module_bin/em2d:1;/wynton/group/sali/miha_rozic/Software/imp-develop/build/module_bin/example:1;/wynton/group/sali/miha_rozic/Software/imp-develop/build/module_bin/foxs:1;/wynton/group/sali/miha_rozic/Software/imp-develop/build/module_bin/gsl:1;/wynton/group/sali/miha_rozic/Software/imp-develop/build/module_bin/integrative_docking:1;/wynton/group/sali/miha_rozic/Software/imp-develop/build/module_bin/isd:1;/wynton/group/sali/miha_rozic/Software/imp-develop/build/module_bin/kernel:1;/wynton/group/sali/miha_rozic/Software/imp-develop/build/module_bin/kinematics:1;/wynton/group/sali/miha_rozic/Software/imp-develop/build/module_bin/kmeans:1;/wynton/group/sali/miha_rozic/Software/imp-develop/build/module_bin/misc:1;/wynton/group/sali/miha_rozic/Software/imp-develop/build/module_bin/mmcif:1;/wynton/group/sali/miha_rozic/Software/imp-develop/build/module_bin/modeller:1;/wynton/group/sali/miha_rozic/Software/imp-develop/build/module_bin/mpi:1;/wynton/group/sali/miha_rozic/Software/imp-develop/build/module_bin/multi_state:1;/wynton/group/sali/miha_rozic/Software/imp-develop/build/module_bin/multifit:1;/wynton/group/sali/miha_rozic/Software/imp-develop/build/module_bin/npc:1;/wynton/group/sali/miha_rozic/Software/imp-develop/build/module_bin/npcassembly:1;/wynton/group/sali/miha_rozic/Software/imp-develop/build/module_bin/parallel:1;/wynton/group/sali/miha_rozic/Software/imp-develop/build/module_bin/pepdock:1;/wynton/group/sali/miha_rozic/Software/imp-develop/build/module_bin/pmi:1;/wynton/group/sali/miha_rozic/Software/imp-develop/build/module_bin/rmf:1;/wynton/group/sali/miha_rozic/Software/imp-develop/build/module_bin/rotamer:1;/wynton/group/sali/miha_rozic/Software/imp-develop/build/module_bin/saxs:1;/wynton/group/sali/miha_rozic/Software/imp-develop/build/module_bin/saxs_merge:1;/wynton/group/sali/miha_rozic/Software/imp-develop/build/module_bin/score_functor:1;/wynton/group/sali/miha_rozic/Software/imp-develop/build/module_bin/scratch:1;/wynton/group/sali/miha_rozic/Software/imp-develop/build/module_bin/spb:1;/wynton/group/sali/miha_rozic/Software/imp-develop/build/module_bin/statistics:1;/wynton/group/sali/miha_rozic/Software/imp-develop/build/module_bin/symmetry:1;/wynton/group/sali/miha_rozic/Software/imp-develop/build/module_bin/test:1;/opt/sge/bin:1;/opt/sge/bin/lx-amd64:1;/scratch/708258.1.long.q:1;/usr/local/bin:1;/bin:1;/usr/bin:1;/usr/local/sbin:1;/usr/sbin:1\', \'_ModuleTable002_\': \'fSwKc3RhY2tEZXB0aCA9IDEsCnN0YXR1cyA9ICJhY3RpdmUiLAp1c2VyTmFtZSA9ICJib29zdC8xLjczLjAiLAp3ViA9ICIwMDAwMDAwMDEuMDAwMDAwMDczLip6ZmluYWwiLAp9LApoZGY1ID0gewpmbiA9ICIvc2FsaWxhYi9kaXZhMS9ob21lL21vZHVsZXMvaGRmNS8xLjEwLjciLApmdWxsTmFtZSA9ICJoZGY1LzEuMTAuNyIsCmxvYWRPcmRlciA9IDUsCnByb3BUID0ge30sCnN0YWNrRGVwdGggPSAyLApzdGF0dXMgPSAiYWN0aXZlIiwKdXNlck5hbWUgPSAiaGRmNS8xLjEwLjciLAp3ViA9ICIwMDAwMDAwMDEuMDAwMDAwMDEwLjAwMDAwMDAwNy4qemZpbmFsIiwKfSwKaW1wID0gewpmbiA9ICIvc2FsaWxhYi9kaXZhMS9ob21lL21vZHVsZXMvaW1wLzIuMjEuMCIsCmZ1bGxO\', \'IMP_DIR\': \'/salilab/diva1/home/imp/main/20240607-af6f9d6a95/lib/release8/cmake/IMP\', \'QUEUE\': \'long.q\', \'GOTO_NUM_THREADS\': \'1\', \'MPI_PYTHON3_SITEARCH\': \'/usr/lib64/python3.6/site-packages/openmpi\', \'LANG\': \'en_US.UTF-8\', \'HISTCONTROL\': \'ignoredups\', \'_ModuleTable008_\': \'cyIsCmZ1bGxOYW1lID0gInNhbGktbGlicmFyaWVzIiwKbG9hZE9yZGVyID0gOCwKcHJvcFQgPSB7fSwKc3RhY2tEZXB0aCA9IDEsCnN0YXR1cyA9ICJhY3RpdmUiLAp1c2VyTmFtZSA9ICJzYWxpLWxpYnJhcmllcyIsCndWID0gIk0uKnpmaW5hbCIsCn0sCn0sCm1wYXRoQSA9IHsKIi9zYWxpbGFiL2RpdmExL2hvbWUvbW9kdWxlcyIsICIvZXRjL21vZHVsZWZpbGVzIiwgIi91c3Ivc2hhcmUvbW9kdWxlZmlsZXMiCiwgIi91c3Ivc2hhcmUvbW9kdWxlZmlsZXMvTGludXgiLCAiL3Vzci9zaGFyZS9tb2R1bGVmaWxlcy9Db3JlIiwgIi91c3Ivc2hhcmUvbG1vZC9sbW9kL21vZHVsZWZpbGVzL0NvcmUiLAp9LApzeXN0ZW1CYXNlTVBBVEggPSAiL2V0Yy9tb2R1bGVmaWxlczovdXNy\', \'SGE_O_HOST\': \'dev1\', \'HOSTNAME\': \'qb3-id342.wynton.ucsf.edu\', \'OPENBLAS_NUM_THREADS\': \'1\', \'__LMOD_REF_COUNT_CMAKE_INCLUDE_PATH\': \'/salilab/diva1/programs/x86_64linux/opencv-4.3.0/include/opencv4:1;/salilab/diva1/programs/x86_64linux/hdf5-1.10.7/include:1;/salilab/diva1/programs/x86_64linux/libtau-py27-1.0.1/include:1;/salilab/diva1/programs/x86_64linux/boost-1.73.0/include:1\', \'SGE_RSH_COMMAND\': \'builtin\', \'ENVIRONMENT\': \'BATCH\', \'IMP_DATA\': \'/wynton/group/sali/miha_rozic/Software/imp-develop/build/data\', \'REQUEST\': \'test1\', \'SGE_STDIN_PATH\': \'/dev/null\', \'SGE_CELL\': \'wynton\', \'_ModuleTable007_\': \'MjEuMyIsCndWID0gIjAwMDAwMDAwMC4wMDAwMDAwMjEuMDAwMDAwMDAzLip6ZmluYWwiLAp9LApbInB5dGhvbjMvc2NpcHkiXSA9IHsKZm4gPSAiL3NhbGlsYWIvZGl2YTEvaG9tZS9tb2R1bGVzL3B5dGhvbjMvc2NpcHkvMS4zLjIiLApmdWxsTmFtZSA9ICJweXRob24zL3NjaXB5LzEuMy4yIiwKbG9hZE9yZGVyID0gMTAsCnByb3BUID0ge30sCnN0YWNrRGVwdGggPSAxLApzdGF0dXMgPSAiYWN0aXZlIiwKdXNlck5hbWUgPSAicHl0aG9uMy9zY2lweS8xLjMuMiIsCndWID0gIjAwMDAwMDAwMS4wMDAwMDAwMDMuMDAwMDAwMDAyLip6ZmluYWwiLAp9LApbInNhbGktbGlicmFyaWVzIl0gPSB7CmZuID0gIi9zYWxpbGFiL2RpdmExL2hvbWUvbW9kdWxlcy9zYWxpLWxpYnJhcmll\', \'CMAKE_INCLUDE_PATH\': \'/salilab/diva1/programs/x86_64linux/opencv-4.3.0/include/opencv4:/salilab/diva1/programs/x86_64linux/hdf5-1.10.7/include:/salilab/diva1/programs/x86_64linux/libtau-py27-1.0.1/include:/salilab/diva1/programs/x86_64linux/boost-1.73.0/include\', \'__LMOD_REF_COUNT_LD_LIBRARY_PATH\': \'/salilab/diva1/programs/x86_64linux/numpy-py36-1.19.5/lib:1;/salilab/diva1/home/libs/x86_64/centos8:1;/salilab/diva1/home/libs/x86_64:1;/salilab/diva1/home/imp/main/20240607-af6f9d6a95/lib/release8:1;/salilab/diva1/programs/x86_64linux/opencv-4.3.0/lib64/rhel:1;/salilab/diva1/programs/x86_64linux/opencv-4.3.0/lib64:1;/salilab/diva1/programs/x86_64linux/hdf5-1.10.7/lib:1;/salilab/diva1/programs/x86_64linux/libtau-py27-1.0.1/lib64:1;/salilab/diva1/programs/x86_64linux/boost-1.73.0/lib64:1;/usr/lib64/openmpi/lib:1;/wynton/group/sali/miha_rozic/Software/imp-develop/build/lib:2;:1\', \'__LMOD_REF_COUNT_PKG_CONFIG_PATH\': \'/usr/lib64/openmpi/lib/pkgconfig:1\', \'_ModuleTable004_\': \'aGFyZS9tb2R1bGVmaWxlcy9tcGkvb3Blbm1waS14ODZfNjQiLApmdWxsTmFtZSA9ICJtcGkvb3Blbm1waS14ODZfNjQiLApsb2FkT3JkZXIgPSAyLApwcm9wVCA9IHt9LApzdGFja0RlcHRoID0gMCwKc3RhdHVzID0gImFjdGl2ZSIsCnVzZXJOYW1lID0gIm1waS9vcGVubXBpLXg4Nl82NCIsCndWID0gIipvcGVubXBpLip4LjAwMDAwMDA4Ni4qXy4wMDAwMDAwNjQuKnpmaW5hbCIsCn0sCm9wZW5jdiA9IHsKZm4gPSAiL3NhbGlsYWIvZGl2YTEvaG9tZS9tb2R1bGVzL29wZW5jdi80LjMuMCIsCmZ1bGxOYW1lID0gIm9wZW5jdi80LjMuMCIsCmxvYWRPcmRlciA9IDYsCnByb3BUID0ge30sCnN0YWNrRGVwdGggPSAxLApzdGF0dXMgPSAiYWN0aXZlIiwKdXNlck5hbWUgPSAib3Bl\', \'__LMOD_REF_COUNT_PYTHONPATH\': \'/salilab/diva1/programs/x86_64linux/scikit-py36-0.21.3/lib64/python3.6/site-packages:1;/salilab/diva1/programs/linux/joblib-0.17.0/lib/python3.6/site-packages:1;/salilab/diva1/programs/x86_64linux/scipy-py36-1.3.2/lib64/python3.6/site-packages:1;/salilab/diva1/programs/x86_64linux/numpy-py36-1.19.5/lib64/python3.6/site-packages:1;/salilab/diva1/home/imp/main/20240607-af6f9d6a95/lib/release8:1;/salilab/diva1/programs/x86_64linux/opencv-4.3.0/lib/python3.6/site-packages:1;/wynton/group/sali/miha_rozic/Software/imp-develop/build/lib:2;:1\', \'which_declare\': \'declare -f\', \'NHOSTS\': \'1\', \'SGE_O_WORKDIR\': \'/wynton/group/sali/miha_rozic/Input_information/SNAPSHOTS/central_directory/snapshot2_0min/run21\', \'USER\': \'rozicmiha\', \'SGE_TASK_ID\': \'undefined\', \'__LMOD_REF_COUNT_CMAKE_LIBRARY_PATH\': \'/salilab/diva1/programs/x86_64linux/opencv-4.3.0/lib64:1;/salilab/diva1/programs/x86_64linux/hdf5-1.10.7/lib:1;/salilab/diva1/programs/x86_64linux/libtau-py27-1.0.1/lib64:1;/salilab/diva1/programs/x86_64linux/boost-1.73.0/lib64:1\', \'SGE_TASK_FIRST\': \'undefined\', \'NSLOTS\': \'16\', \'__LMOD_REF_COUNT_MODULEPATH\': \'/salilab/diva1/home/modules:1;/etc/modulefiles:1;/usr/share/modulefiles:1;/usr/share/modulefiles/Linux:1;/usr/share/modulefiles/Core:1;/usr/share/lmod/lmod/modulefiles/Core:1\', \'PWD\': \'/wynton/group/sali/miha_rozic/Input_information/SNAPSHOTS/central_directory/snapshot2_0min/run21\', \'HOME\': \'/wynton/home/sali/rozicmiha\', \'NQUEUES\': \'2\', \'TMP\': \'/scratch/708258.1.long.q\', \'PE\': \'smp\', \'SGE_O_HOME\': \'/wynton/home/sali/rozicmiha\', \'LMOD_VERSION\': \'8.7.32\', \'JOB_NAME\': \'test1\', \'BASH_ENV\': \'/usr/share/lmod/lmod/init/bash\', \'MPI_FORTRAN_MOD_DIR\': \'/usr/lib64/gfortran/modules/openmpi\', \'SGE_TASK_LAST\': \'undefined\', \'MKL_NUM_THREADS\': \'1\', \'MPI_COMPILER\': \'openmpi-x86_64\', \'SGE_ACCOUNT\': \'sge\', \'SGE_ROOT\': \'/opt/sge\', \'MPI_SUFFIX\': \'_openmpi\', \'TMPDIR\': \'/scratch/708258.1.long.q\', \'RESTARTED\': \'0\', \'LMOD_sys\': \'Linux\', \'_ModuleTable001_\': \'X01vZHVsZVRhYmxlXyA9IHsKTVR2ZXJzaW9uID0gMywKY19yZWJ1aWxkVGltZSA9IGZhbHNlLApjX3Nob3J0VGltZSA9IGZhbHNlLApkZXB0aFQgPSB7fSwKZmFtaWx5ID0ge30sCm1UID0gewpTYWxpID0gewpmbiA9ICIvZXRjL21vZHVsZWZpbGVzL1NhbGkubHVhIiwKZnVsbE5hbWUgPSAiU2FsaSIsCmxvYWRPcmRlciA9IDEsCnByb3BUID0ge30sCnN0YWNrRGVwdGggPSAwLApzdGF0dXMgPSAiYWN0aXZlIiwKdXNlck5hbWUgPSAiU2FsaSIsCndWID0gIk0uKnpmaW5hbCIsCn0sCmJvb3N0ID0gewpmbiA9ICIvc2FsaWxhYi9kaXZhMS9ob21lL21vZHVsZXMvYm9vc3QvMS43My4wIiwKZnVsbE5hbWUgPSAiYm9vc3QvMS43My4wIiwKbG9hZE9yZGVyID0gMywKcHJvcFQgPSB7\', \'LOADEDMODULES\': \'Sali:mpi/openmpi-x86_64:boost/1.73.0:libtau/1.0.1:hdf5/1.10.7:opencv/4.3.0:imp/2.21.0:sali-libraries:python3/numpy/1.19.5:python3/scipy/1.3.2:python3/joblib/0.17.0:python3/scikit/0.21.3\', \'SGE_O_PATH\': \'/salilab/diva1/programs/x86_64linux/numpy-py36-1.19.5/bin:/salilab/diva1/home/imp/main/20240607-af6f9d6a95/bin/release8:/salilab/diva1/programs/x86_64linux/opencv-4.3.0/bin:/salilab/diva1/programs/x86_64linux/hdf5-1.10.7/bin:/wynton/home/sali/rozicmiha/.local/bin:/wynton/home/sali/rozicmiha/bin:/wynton/group/sali/miha_rozic/Software/imp-develop/build/bin:/wynton/group/sali/miha_rozic/Software/imp-develop/build/module_bin/EMageFit:/wynton/group/sali/miha_rozic/Software/imp-develop/build/module_bin/algebra:/wynton/group/sali/miha_rozic/Software/imp-develop/build/module_bin/atom:/wynton/group/sali/miha_rozic/Software/imp-develop/build/module_bin/benchmark:/wynton/group/sali/miha_rozic/Software/imp-develop/build/module_bin/cgal:/wynton/group/sali/miha_rozic/Software/imp-develop/build/module_bin/cnmultifit:/wynton/group/sali/miha_rozic/Software/imp-develop/build/module_bin/container:/wynton/group/sali/miha_rozic/Software/imp-develop/build/module_bin/core:/wynton/group/sali/miha_rozic/Software/imp-develop/build/module_bin/display:/wynton/group/sali/miha_rozic/Software/imp-develop/build/module_bin/domino:/wynton/group/sali/miha_rozic/Software/imp-develop/build/module_bin/em:/wynton/group/sali/miha_rozic/Software/imp-develop/build/module_bin/em2d:/wynton/group/sali/miha_rozic/Software/imp-develop/build/module_bin/example:/wynton/group/sali/miha_rozic/Software/imp-develop/build/module_bin/foxs:/wynton/group/sali/miha_rozic/Software/imp-develop/build/module_bin/gsl:/wynton/group/sali/miha_rozic/Software/imp-develop/build/module_bin/integrative_docking:/wynton/group/sali/miha_rozic/Software/imp-develop/build/module_bin/isd:/wynton/group/sali/miha_rozic/Software/imp-develop/build/module_bin/kernel:/wynton/group/sali/miha_rozic/Software/imp-develop/build/module_bin/kinematics:/wynton/group/sali/miha_rozic/Software/imp-develop/build/module_bin/kmeans:/wynton/group/sali/miha_rozic/Software/imp-develop/build/module_bin/misc:/wynton/group/sali/miha_rozic/Software/imp-develop/build/module_bin/mmcif:/wynton/group/sali/miha_rozic/Software/imp-develop/build/module_bin/modeller:/wynton/group/sali/miha_rozic/Software/imp-develop/build/module_bin/mpi:/wynton/group/sali/miha_rozic/Software/imp-develop/build/module_bin/multi_state:/wynton/group/sali/miha_rozic/Software/imp-develop/build/module_bin/multifit:/wynton/group/sali/miha_rozic/Software/imp-develop/build/module_bin/npc:/wynton/group/sali/miha_rozic/Software/imp-develop/build/module_bin/npcassembly:/wynton/group/sali/miha_rozic/Software/imp-develop/build/module_bin/parallel:/wynton/group/sali/miha_rozic/Software/imp-develop/build/module_bin/pepdock:/wynton/group/sali/miha_rozic/Software/imp-develop/build/module_bin/pmi:/wynton/group/sali/miha_rozic/Software/imp-develop/build/module_bin/rmf:/wynton/group/sali/miha_rozic/Software/imp-develop/build/module_bin/rotamer:/wynton/group/sali/miha_rozic/Software/imp-develop/build/module_bin/saxs:/wynton/group/sali/miha_rozic/Software/imp-develop/build/module_bin/saxs_merge:/wynton/group/sali/miha_rozic/Software/imp-develop/build/module_bin/score_functor:/wynton/group/sali/miha_rozic/Software/imp-develop/build/module_bin/scratch:/wynton/group/sali/miha_rozic/Software/imp-develop/build/module_bin/spb:/wynton/group/sali/miha_rozic/Software/imp-develop/build/module_bin/statistics:/wynton/group/sali/miha_rozic/Software/imp-develop/build/module_bin/symmetry:/wynton/group/sali/miha_rozic/Software/imp-develop/build/module_bin/test:/opt/sge/bin:/opt/sge/bin/lx-amd64:/usr/local/bin:/usr/bin:/usr/local/sbin:/usr/sbin\', \'SGE_O_SHELL\': \'/bin/bash\', \'_ModuleTable006_\': \'bWUgPSAicHl0aG9uMy9udW1weS8xLjE5LjUiLApsb2FkT3JkZXIgPSA5LApwcm9wVCA9IHt9LApzdGFja0RlcHRoID0gMiwKc3RhdHVzID0gImFjdGl2ZSIsCnVzZXJOYW1lID0gInB5dGhvbjMvbnVtcHkvMS4xOS41IiwKd1YgPSAiMDAwMDAwMDAxLjAwMDAwMDAxOS4wMDAwMDAwMDUuKnpmaW5hbCIsCn0sClsicHl0aG9uMy9zY2lraXQiXSA9IHsKZm4gPSAiL3NhbGlsYWIvZGl2YTEvaG9tZS9tb2R1bGVzL3B5dGhvbjMvc2Npa2l0LzAuMjEuMyIsCmZ1bGxOYW1lID0gInB5dGhvbjMvc2Npa2l0LzAuMjEuMyIsCmxvYWRPcmRlciA9IDEyLApwcm9wVCA9IHt9LApzdGFja0RlcHRoID0gMCwKc3RhdHVzID0gImFjdGl2ZSIsCnVzZXJOYW1lID0gInB5dGhvbjMvc2Npa2l0LzAu\', \'__LMOD_REF_COUNT_MANPATH\': \':2;/usr/share/man/openmpi-x86_64:1;/opt/sge/man:1;/usr/share/lmod/lmod/share/man:1\', \'MPI_INCLUDE\': \'/usr/include/openmpi-x86_64\', \'_ModuleTable003_\': \'YW1lID0gImltcC8yLjIxLjAiLApsb2FkT3JkZXIgPSA3LApwcm9wVCA9IHt9LApzdGFja0RlcHRoID0gMCwKc3RhdHVzID0gImFjdGl2ZSIsCnVzZXJOYW1lID0gImltcCIsCndWID0gIl4wMDAwMDAwMi4wMDAwMDAwMjEuKnpmaW5hbCIsCn0sCmxpYnRhdSA9IHsKZm4gPSAiL3NhbGlsYWIvZGl2YTEvaG9tZS9tb2R1bGVzL2xpYnRhdS8xLjAuMSIsCmZ1bGxOYW1lID0gImxpYnRhdS8xLjAuMSIsCmxvYWRPcmRlciA9IDQsCnByb3BUID0ge30sCnN0YWNrRGVwdGggPSAxLApzdGF0dXMgPSAiYWN0aXZlIiwKdXNlck5hbWUgPSAibGlidGF1LzEuMC4xIiwKd1YgPSAiMDAwMDAwMDAxLjAwMDAwMDAwMC4wMDAwMDAwMDEuKnpmaW5hbCIsCn0sCm1waSA9IHsKZm4gPSAiL3Vzci9z\', \'LMOD_ROOT\': \'/usr/share/lmod\', \'SYSTEMCTL_SKIP_REDIRECT\': \'\', \'MAIL\': \'/var/spool/mail/rozicmiha\', \'SGE_CWD_PATH\': \'/wynton/group/sali/miha_rozic/Input_information/SNAPSHOTS/central_directory/snapshot2_0min/run21\', \'MPI_HOME\': \'/usr/lib64/openmpi\', \'_ModuleTable009_\': \'L3NoYXJlL21vZHVsZWZpbGVzOi91c3Ivc2hhcmUvbW9kdWxlZmlsZXMvTGludXg6L3Vzci9zaGFyZS9tb2R1bGVmaWxlcy9Db3JlOi91c3Ivc2hhcmUvbG1vZC9sbW9kL21vZHVsZWZpbGVzL0NvcmUiLAp9Cg==\', \'SGE_TASK_STEPSIZE\': \'undefined\', \'SHELL\': \'/bin/bash\', \'TERM\': \'\', \'_ModuleTable_Sz_\': \'9\', \'SGE_JOB_SPOOL_DIR\': \'/var/spool/sge/wynton/qb3-id342/active_jobs/708258.1\', \'JOB_ID\': \'708258\', \'IMP_EXAMPLE_DATA\': \'/wynton/group/sali/miha_rozic/Software/imp-develop/build/doc/examples\', \'R_FUTURE_AVAILABLECORES_FALLBACK\': \'1\', \'JOB_SCRIPT\': \'/var/spool/sge/wynton/qb3-id342/job_scripts/708258\', \'SHLVL\': \'2\', \'SGE_O_LOGNAME\': \'rozicmiha\', \'SGE_O_MAIL\': \'/var/spool/mail/rozicmiha\', \'PYTHONPATH\': \'/salilab/diva1/programs/x86_64linux/scikit-py36-0.21.3/lib64/python3.6/site-packages:/salilab/diva1/programs/linux/joblib-0.17.0/lib/python3.6/site-packages:/salilab/diva1/programs/x86_64linux/scipy-py36-1.3.2/lib64/python3.6/site-packages:/salilab/diva1/programs/x86_64linux/numpy-py36-1.19.5/lib64/python3.6/site-packages:/salilab/diva1/home/imp/main/20240607-af6f9d6a95/lib/release8:/salilab/diva1/programs/x86_64linux/opencv-4.3.0/lib/python3.6/site-packages:/wynton/group/sali/miha_rozic/Software/imp-develop/build/lib::\', \'MANPATH\': \':/usr/share/man/openmpi-x86_64:/opt/sge/man:/usr/share/lmod/lmod/share/man\', \'MODULEPATH\': \'/salilab/diva1/home/modules:/etc/modulefiles:/usr/share/modulefiles:/usr/share/modulefiles/Linux:/usr/share/modulefiles/Core:/usr/share/lmod/lmod/modulefiles/Core\', \'MPI_SYSCONFIG\': \'/etc/openmpi-x86_64\', \'LOGNAME\': \'rozicmiha\', \'SYSTEMCTL_IGNORE_DEPENDENCIES\': \'\', \'MODULEPATH_ROOT\': \'/usr/share/modulefiles\', \'PATH\': \'/salilab/diva1/programs/x86_64linux/numpy-py36-1.19.5/bin:/salilab/diva1/home/imp/main/20240607-af6f9d6a95/bin/release8:/salilab/diva1/programs/x86_64linux/opencv-4.3.0/bin:/salilab/diva1/programs/x86_64linux/hdf5-1.10.7/bin:/usr/lib64/openmpi/bin:/wynton/home/sali/rozicmiha/.local/bin:/wynton/home/sali/rozicmiha/bin:/wynton/group/sali/miha_rozic/Software/imp-develop/build/bin:/wynton/group/sali/miha_rozic/Software/imp-develop/build/module_bin/EMageFit:/wynton/group/sali/miha_rozic/Software/imp-develop/build/module_bin/algebra:/wynton/group/sali/miha_rozic/Software/imp-develop/build/module_bin/atom:/wynton/group/sali/miha_rozic/Software/imp-develop/build/module_bin/benchmark:/wynton/group/sali/miha_rozic/Software/imp-develop/build/module_bin/cgal:/wynton/group/sali/miha_rozic/Software/imp-develop/build/module_bin/cnmultifit:/wynton/group/sali/miha_rozic/Software/imp-develop/build/module_bin/container:/wynton/group/sali/miha_rozic/Software/imp-develop/build/module_bin/core:/wynton/group/sali/miha_rozic/Software/imp-develop/build/module_bin/display:/wynton/group/sali/miha_rozic/Software/imp-develop/build/module_bin/domino:/wynton/group/sali/miha_rozic/Software/imp-develop/build/module_bin/em:/wynton/group/sali/miha_rozic/Software/imp-develop/build/module_bin/em2d:/wynton/group/sali/miha_rozic/Software/imp-develop/build/module_bin/example:/wynton/group/sali/miha_rozic/Software/imp-develop/build/module_bin/foxs:/wynton/group/sali/miha_rozic/Software/imp-develop/build/module_bin/gsl:/wynton/group/sali/miha_rozic/Software/imp-develop/build/module_bin/integrative_docking:/wynton/group/sali/miha_rozic/Software/imp-develop/build/module_bin/isd:/wynton/group/sali/miha_rozic/Software/imp-develop/build/module_bin/kernel:/wynton/group/sali/miha_rozic/Software/imp-develop/build/module_bin/kinematics:/wynton/group/sali/miha_rozic/Software/imp-develop/build/module_bin/kmeans:/wynton/group/sali/miha_rozic/Software/imp-develop/build/module_bin/misc:/wynton/group/sali/miha_rozic/Software/imp-develop/build/module_bin/mmcif:/wynton/group/sali/miha_rozic/Software/imp-develop/build/module_bin/modeller:/wynton/group/sali/miha_rozic/Software/imp-develop/build/module_bin/mpi:/wynton/group/sali/miha_rozic/Software/imp-develop/build/module_bin/multi_state:/wynton/group/sali/miha_rozic/Software/imp-develop/build/module_bin/multifit:/wynton/group/sali/miha_rozic/Software/imp-develop/build/module_bin/npc:/wynton/group/sali/miha_rozic/Software/imp-develop/build/module_bin/npcassembly:/wynton/group/sali/miha_rozic/Software/imp-develop/build/module_bin/parallel:/wynton/group/sali/miha_rozic/Software/imp-develop/build/module_bin/pepdock:/wynton/group/sali/miha_rozic/Software/imp-develop/build/module_bin/pmi:/wynton/group/sali/miha_rozic/Software/imp-develop/build/module_bin/rmf:/wynton/group/sali/miha_rozic/Software/imp-develop/build/module_bin/rotamer:/wynton/group/sali/miha_rozic/Software/imp-develop/build/module_bin/saxs:/wynton/group/sali/miha_rozic/Software/imp-develop/build/module_bin/saxs_merge:/wynton/group/sali/miha_rozic/Software/imp-develop/build/module_bin/score_functor:/wynton/group/sali/miha_rozic/Software/imp-develop/build/module_bin/scratch:/wynton/group/sali/miha_rozic/Software/imp-develop/build/module_bin/spb:/wynton/group/sali/miha_rozic/Software/imp-develop/build/module_bin/statistics:/wynton/group/sali/miha_rozic/Software/imp-develop/build/module_bin/symmetry:/wynton/group/sali/miha_rozic/Software/imp-develop/build/module_bin/test:/opt/sge/bin:/opt/sge/bin/lx-amd64:/scratch/708258.1.long.q:/usr/local/bin:/bin:/usr/bin:/usr/local/sbin:/usr/sbin\', \'MPI_BIN\': \'/usr/lib64/openmpi/bin\', \'SGE_STDERR_PATH\': \'/wynton/group/sali/miha_rozic/Input_information/SNAPSHOTS/central_directory/snapshot2_0min/run21/test1.o708258\', \'_LMFILES_\': \'/etc/modulefiles/Sali.lua:/usr/share/modulefiles/mpi/openmpi-x86_64:/salilab/diva1/home/modules/boost/1.73.0:/salilab/diva1/home/modules/libtau/1.0.1:/salilab/diva1/home/modules/hdf5/1.10.7:/salilab/diva1/home/modules/opencv/4.3.0:/salilab/diva1/home/modules/imp/2.21.0:/salilab/diva1/home/modules/sali-libraries:/salilab/diva1/home/modules/python3/numpy/1.19.5:/salilab/diva1/home/modules/python3/scipy/1.3.2:/salilab/diva1/home/modules/python3/joblib/0.17.0:/salilab/diva1/home/modules/python3/scikit/0.21.3\', \'DEBUGINFOD_URLS\': \'https://debuginfod.centos.org/ \', \'MODULESHOME\': \'/usr/share/lmod/lmod\', \'PKG_CONFIG_PATH\': \'/usr/lib64/openmpi/lib/pkgconfig\', \'LMOD_SETTARG_FULL_SUPPORT\': \'no\', \'HISTSIZE\': \'1000\', \'SGE_ARCH\': \'lx-amd64\', \'LMOD_PKG\': \'/usr/share/lmod/lmod\', \'CMAKE_LIBRARY_PATH\': \'/salilab/diva1/programs/x86_64linux/opencv-4.3.0/lib64:/salilab/diva1/programs/x86_64linux/hdf5-1.10.7/lib:/salilab/diva1/programs/x86_64linux/libtau-py27-1.0.1/lib64:/salilab/diva1/programs/x86_64linux/boost-1.73.0/lib64\', \'ARC\': \'lx-amd64\', \'MPI_LIB\': \'/usr/lib64/openmpi/lib\', \'SGE_BINARY_PATH\': \'/opt/sge/bin/lx-amd64\', \'SGE_STDOUT_PATH\': \'/wynton/group/sali/miha_rozic/Input_information/SNAPSHOTS/central_directory/snapshot2_0min/run21/test1.o708258\', \'_ModuleTable005_\': \'bmN2LzQuMy4wIiwKd1YgPSAiMDAwMDAwMDA0LjAwMDAwMDAwMy4qemZpbmFsIiwKfSwKWyJweXRob24zL2pvYmxpYiJdID0gewpmbiA9ICIvc2FsaWxhYi9kaXZhMS9ob21lL21vZHVsZXMvcHl0aG9uMy9qb2JsaWIvMC4xNy4wIiwKZnVsbE5hbWUgPSAicHl0aG9uMy9qb2JsaWIvMC4xNy4wIiwKbG9hZE9yZGVyID0gMTEsCnByb3BUID0ge30sCnN0YWNrRGVwdGggPSAxLApzdGF0dXMgPSAiYWN0aXZlIiwKdXNlck5hbWUgPSAicHl0aG9uMy9qb2JsaWIiLAp3ViA9ICIwMDAwMDAwMDAuMDAwMDAwMDE3Lip6ZmluYWwiLAp9LApbInB5dGhvbjMvbnVtcHkiXSA9IHsKZm4gPSAiL3NhbGlsYWIvZGl2YTEvaG9tZS9tb2R1bGVzL3B5dGhvbjMvbnVtcHkvMS4xOS41IiwKZnVsbE5h\', \'LMOD_CMD\': \'/usr/share/lmod/lmod/libexec/lmod\', \'REQNAME\': \'test1\', \'IMP_BIN_DIR\': \'/wynton/group/sali/miha_rozic/Software/imp-develop/build/bin\', \'MPI_MAN\': \'/usr/share/man/openmpi-x86_64\', \'LESSOPEN\': \'||/usr/bin/lesspipe.sh %s\', \'OMP_NUM_THREADS\': \'1\', \'SGE_CLUSTER_NAME\': \'wynton_cluster\', \'LMOD_DIR\': \'/usr/share/lmod/lmod/libexec\', \'BASH_FUNC_which%%\': \'() {  ( alias;\\n eval ${which_declare} ) | /usr/bin/which --tty-only --read-alias --read-functions --show-tilde --show-dot $@\\n}\', \'BASH_FUNC_module%%\': \'() {  if [ -z "${LMOD_SH_DBG_ON+x}" ]; then\\n case "$-" in \\n *v*x*)\\n __lmod_sh_dbg=\\\'vx\\\'\\n ;;\\n *v*)\\n __lmod_sh_dbg=\\\'v\\\'\\n ;;\\n *x*)\\n __lmod_sh_dbg=\\\'x\\\'\\n ;;\\n esac;\\n fi;\\n if [ -n "${__lmod_sh_dbg:-}" ]; then\\n set +$__lmod_sh_dbg;\\n echo "Shell debugging temporarily silenced: export LMOD_SH_DBG_ON=1 for Lmod\\\'s output" 1>&2;\\n fi;\\n eval "$($LMOD_CMD shell "$@")" && eval "$(${LMOD_SETTARG_CMD:-:} -s sh)";\\n __lmod_my_status=$?;\\n if [ -n "${__lmod_sh_dbg:-}" ]; then\\n echo "Shell debugging restarted" 1>&2;\\n set -$__lmod_sh_dbg;\\n fi;\\n unset __lmod_sh_dbg;\\n return $__lmod_my_status\\n}\', \'BASH_FUNC_ml%%\': \'() {  eval "$($LMOD_DIR/ml_cmd "$@")"\\n}\', \'_\': \'/usr/lib64/openmpi/bin/mpirun\', \'IPATH_NO_BACKTRACE\': \'1\', \'HFI_NO_BACKTRACE\': \'1\', \'OMPI_MCA_orte_local_daemon_uri\': \'1950482432.0;tcp://172.26.39.92:58955\', \'OMPI_MCA_orte_hnp_uri\': \'1950482432.0;tcp://172.26.39.92:58955\', \'OMPI_MCA_mpi_oversubscribe\': \'0\', \'OMPI_MCA_orte_app_num\': \'0\', \'OMPI_UNIVERSE_SIZE\': \'16\', \'OMPI_MCA_orte_num_nodes\': \'1\', \'OMPI_MCA_shmem_RUNTIME_QUERY_hint\': \'mmap\', \'OMPI_MCA_orte_bound_at_launch\': \'1\', \'OMPI_MCA_ess\': \'^singleton\', \'OMPI_MCA_orte_ess_num_procs\': \'16\', \'OMPI_COMM_WORLD_SIZE\': \'16\', \'OMPI_COMM_WORLD_LOCAL_SIZE\': \'16\', \'OMPI_MCA_orte_tmpdir_base\': \'/scratch/708258.1.long.q\', \'OMPI_MCA_orte_top_session_dir\': \'/scratch/708258.1.long.q/ompi.qb3-id342.11149\', \'OMPI_MCA_orte_jobfam_session_dir\': \'/scratch/708258.1.long.q/ompi.qb3-id342.11149/pid.3842286\', \'OMPI_NUM_APP_CTX\': \'1\', \'OMPI_FIRST_RANKS\': \'0\', \'OMPI_APP_CTX_NUM_PROCS\': \'16\', \'OMPI_MCA_initial_wdir\': \'/wynton/group/sali/miha_rozic/Input_information/SNAPSHOTS/central_directory/snapshot2_0min/run21\', \'OMPI_MCA_orte_launch\': \'1\', \'PMIX_NAMESPACE\': \'1950482433\', \'PMIX_RANK\': \'9\', \'PMIX_SERVER_URI2\': \'1950482432.0;tcp4://127.0.0.1:59825\', \'PMIX_SERVER_URI21\': \'1950482432.0;tcp4://127.0.0.1:59825\', \'PMIX_SECURITY_MODE\': \'native,none\', \'PMIX_PTL_MODULE\': \'tcp,usock\', \'PMIX_BFROP_BUFFER_TYPE\': \'PMIX_BFROP_BUFFER_NON_DESC\', \'PMIX_GDS_MODULE\': \'ds21,ds12,hash\', \'PMIX_SERVER_TMPDIR\': \'/scratch/708258.1.long.q/ompi.qb3-id342.11149/pid.3842286\', \'PMIX_SYSTEM_TMPDIR\': \'/scratch/708258.1.long.q\', \'PMIX_DSTORE_21_BASE_PATH\': \'/scratch/708258.1.long.q/ompi.qb3-id342.11149/pid.3842286/pmix_dstor_ds21_3842286\', \'PMIX_DSTORE_ESH_BASE_PATH\': \'/scratch/708258.1.long.q/ompi.qb3-id342.11149/pid.3842286/pmix_dstor_ds12_3842286\', \'OMPI_MCA_ess_base_jobid\': \'1950482433\', \'OMPI_MCA_ess_base_vpid\': \'9\', \'OMPI_COMM_WORLD_RANK\': \'9\', \'OMPI_COMM_WORLD_LOCAL_RANK\': \'9\', \'OMPI_COMM_WORLD_NODE_RANK\': \'9\', \'OMPI_MCA_orte_ess_node_rank\': \'9\', \'PMIX_ID\': \'1950482433.9\', \'OMPI_FILE_LOCATION\': \'/scratch/708258.1.long.q/ompi.qb3-id342.11149/pid.3842286/0/0\', \'KMP_DUPLICATE_LIB_OK\': \'True\', \'KMP_INIT_AT_FORK\': \'FALSE\'})', 'STAT2HEADER_IMP_VERSIONS': "{'IMP_VERSION': '2.21.0', 'PMI_VERSION': '2.21.0'}", 0: 'ReplicaExchange_SwapSuccessRatio', 1: 'ReplicaExchange_MinTempFrequency', 2: 'ReplicaExchange_MaxTempFrequency', 3: 'ReplicaExchange_CurrentTemp', 4: 'score'} 
{0: '0', 1: '0', 2: '0', 3: '1.7328621078878674', 4: inf} 
{0: '0.0', 1: '0.0', 2: '0.0', 3: '1.7328621078878674', 4: inf} 
{0: '0.0', 1: '0.0', 2: '0.0', 3: '1.7328621078878674', 4: inf} 
{0: '0.0', 1: '0.0', 2: '0.0', 3: '1.7328621078878674', 4: inf} 
{0: '0.0', 1: '0.0', 2: '0.0', 3: '1.7328621078878674', 4: inf} 
{0: '0.0', 1: '0.0', 2: '0.0', 3: '1.7328621078878674', 4: 2812.3027007250903} 
{0: '0.16666666666666666', 1: '0.0', 2: '0.0', 3: '1.842015749320195', 4: 1336.9199005945502} 
{0: '0.2857142857142857', 1: '0.0', 2: '0.0', 3: '1.958045020027179', 4: 1137.0459109922872} 
{0: '0.375', 1: '0.0', 2: '0.0', 3: '2.081383018504685', 4: 929.820392520385} 
{0: '0.4444444444444444', 1: '0.0', 2: '0.0', 3: '2.212490124287102', 4: 647.2405610706192} 
{0: '0.5', 1: '0.0', 2: '0.0', 3: '2.351855716390306', 4: 606.7971977346571} 
{0: '0.5454545454545454', 1: '0.0', 2: '0.0', 3: '2.500000000000003', 4: 608.6551777891424} 
{0: '0.5', 1: '0.0', 2: '0.0', 3: '2.500000000000003', 4: 600.1009453110021} 
{0: '0.46153846153846156', 1: '0.0', 2: '0.0', 3: '2.500000000000003', 4: 600.7805379454276} 
{0: '0.42857142857142855', 1: '0.0', 2: '0.0', 3: '2.500000000000003', 4: 586.8293677133333} 
{0: '0.4', 1: '0.0', 2: '0.0', 3: '2.500000000000003', 4: 559.2872275271899} 
{0: '0.375', 1: '0.0', 2: '0.0', 3: '2.500000000000003', 4: 549.1077191360332} 
{0: '0.35294117647058826', 1: '0.0', 2: '0.0', 3: '2.500000000000003', 4: 525.8870310367126} 
{0: '0.3333333333333333', 1: '0.0', 2: '0.0', 3: '2.500000000000003', 4: 483.23059344687545} 
{0: '0.3684210526315789', 1: '0.0', 2: '0.0', 3: '2.351855716390306', 4: 464.0100576606807} 
{0: '0.35', 1: '0.0', 2: '0.0', 3: '2.351855716390306', 4: 461.83240746180405} 
{0: '0.38095238095238093', 1: '0.0', 2: '0.0', 3: '2.500000000000003', 4: 422.62353913838933} 
{0: '0.36363636363636365', 1: '0.0', 2: '0.0', 3: '2.500000000000003', 4: 406.04740947270886} 
{0: '0.391304347826087', 1: '0.0', 2: '0.0', 3: '2.351855716390306', 4: 387.8543944260101} 
{0: '0.4166666666666667', 1: '0.0', 2: '0.0', 3: '2.212490124287102', 4: 385.2426015873048} 
{0: '0.44', 1: '0.0', 2: '0.0', 3: '2.081383018504685', 4: 362.2074635951027} 
{0: '0.46153846153846156', 1: '0.0', 2: '0.0', 3: '1.958045020027179', 4: 379.2012726677358} 
{0: '0.48148148148148145', 1: '0.0', 2: '0.0', 3: '1.842015749320195', 4: 374.27803847933234} 
{0: '0.5', 1: '0.0', 2: '0.0', 3: '1.7328621078878674', 4: 361.56099023275993} 
{0: '0.4827586206896552', 1: '0.0', 2: '0.0', 3: '1.7328621078878674', 4: 358.29511521994436} 
{0: '0.5', 1: '0.0', 2: '0.0', 3: '1.842015749320195', 4: 380.0171498022444} 
{0: '0.5161290322580645', 1: '0.0', 2: '0.0', 3: '1.958045020027179', 4: 380.60901066509734} 
{0: '0.5', 1: '0.0', 2: '0.0', 3: '1.958045020027179', 4: 375.71836699493673} 
{0: '0.5151515151515151', 1: '0.0', 2: '0.0', 3: '1.842015749320195', 4: 364.25424620413696} 
{0: '0.5294117647058824', 1: '0.0', 2: '0.0', 3: '1.7328621078878674', 4: 373.1832027799985} 
{0: '0.5142857142857142', 1: '0.0', 2: '0.0', 3: '1.7328621078878674', 4: 363.7444923708701} 
{0: '0.5', 1: '0.0', 2: '0.0', 3: '1.7328621078878674', 4: 372.4883998867709} 
{0: '0.5135135135135135', 1: '0.0', 2: '0.0', 3: '1.6301766616608926', 4: 372.8185848352633} 
{0: '0.5', 1: '0.0', 2: '0.0', 3: '1.6301766616608926', 4: 352.848818963096} 
{0: '0.5128205128205128', 1: '0.0', 2: '0.0', 3: '1.7328621078878674', 4: 365.24389371687363} 
{0: '0.5', 1: '0.0', 2: '0.0', 3: '1.7328621078878674', 4: 348.72870035699356} 
{0: '0.5121951219512195', 1: '0.0', 2: '0.0', 3: '1.6301766616608926', 4: 345.66676959561323} 
{0: '0.5', 1: '0.0', 2: '0.0', 3: '1.6301766616608926', 4: 355.4579748587802} 
{0: '0.4883720930232558', 1: '0.0', 2: '0.0', 3: '1.6301766616608926', 4: 370.50959891450793} 
{0: '0.4772727272727273', 1: '0.0', 2: '0.0', 3: '1.6301766616608926', 4: 373.64034784336377} 
{0: '0.4888888888888889', 1: '0.0', 2: '0.0', 3: '1.7328621078878674', 4: 352.88508607499506} 
{0: '0.5', 1: '0.0', 2: '0.0', 3: '1.842015749320195', 4: 362.97273407647896} 
{0: '0.5106382978723404', 1: '0.0', 2: '0.0', 3: '1.958045020027179', 4: 378.9854324258068} 
{0: '0.5208333333333334', 1: '0.0', 2: '0.0', 3: '2.081383018504685', 4: 383.67649072226095} 
{0: '0.5306122448979592', 1: '0.0', 2: '0.0', 3: '2.212490124287102', 4: 387.83697982143053} 
{0: '0.54', 1: '0.0', 2: '0.0', 3: '2.351855716390306', 4: 384.6180194581808} 
{0: '0.5294117647058824', 1: '0.0', 2: '0.0', 3: '2.351855716390306', 4: 417.12328285309854} 
{0: '0.5192307692307693', 1: '0.0', 2: '0.0', 3: '2.351855716390306', 4: 403.27360005920764} 
{0: '0.5094339622641509', 1: '0.0', 2: '0.0', 3: '2.351855716390306', 4: 399.91653479379767} 
{0: '0.5185185185185185', 1: '0.0', 2: '0.0', 3: '2.212490124287102', 4: 386.433365282814} 
{0: '0.5272727272727272', 1: '0.0', 2: '0.0', 3: '2.081383018504685', 4: 390.9842818285535} 
{0: '0.5178571428571429', 1: '0.0', 2: '0.0', 3: '2.081383018504685', 4: 405.5557526562824} 
{0: '0.5263157894736842', 1: '0.0', 2: '0.0', 3: '2.212490124287102', 4: 374.90195677953255} 
{0: '0.5344827586206896', 1: '0.0', 2: '0.0', 3: '2.351855716390306', 4: 390.738407744723} 
{0: '0.5423728813559322', 1: '0.0', 2: '0.0', 3: '2.500000000000003', 4: 430.35483600155624} 
{0: '0.5333333333333333', 1: '0.0', 2: '0.0', 3: '2.500000000000003', 4: 400.66923200377585} 
{0: '0.5245901639344263', 1: '0.0', 2: '0.0', 3: '2.500000000000003', 4: 411.69440674930553} 
{0: '0.5161290322580645', 1: '0.0', 2: '0.0', 3: '2.500000000000003', 4: 417.31885317997467} 
{0: '0.5238095238095238', 1: '0.0', 2: '0.0', 3: '2.351855716390306', 4: 398.7190389739982} 
{0: '0.53125', 1: '0.0', 2: '0.0', 3: '2.212490124287102', 4: 398.8214035964326} 
{0: '0.5384615384615384', 1: '0.0', 2: '0.0', 3: '2.081383018504685', 4: 397.80747995689717} 
{0: '0.5454545454545454', 1: '0.0', 2: '0.0', 3: '1.958045020027179', 4: 371.9533406818773} 
{0: '0.5522388059701493', 1: '0.0', 2: '0.0', 3: '1.842015749320195', 4: 375.22822907515484} 
{0: '0.5441176470588235', 1: '0.0', 2: '0.0', 3: '1.842015749320195', 4: 366.07795677071226} 
{0: '0.5507246376811594', 1: '0.0', 2: '0.0', 3: '1.958045020027179', 4: 358.98231682057514} 
{0: '0.5571428571428572', 1: '0.0', 2: '0.0', 3: '2.081383018504685', 4: 354.1755622504382} 
{0: '0.5633802816901409', 1: '0.0', 2: '0.0', 3: '2.212490124287102', 4: 392.3344438572678} 
{0: '0.5694444444444444', 1: '0.0', 2: '0.0', 3: '2.351855716390306', 4: 374.1668859509251} 
{0: '0.5616438356164384', 1: '0.0', 2: '0.0', 3: '2.351855716390306', 4: 391.19831333964083} 
{0: '0.5540540540540541', 1: '0.0', 2: '0.0', 3: '2.351855716390306', 4: 394.5217367203811} 
{0: '0.56', 1: '0.0', 2: '0.0', 3: '2.500000000000003', 4: 387.2582030284372} 
{0: '0.5526315789473685', 1: '0.0', 2: '0.0', 3: '2.500000000000003', 4: 376.84760742161114} 
{0: '0.5584415584415584', 1: '0.0', 2: '0.0', 3: '2.351855716390306', 4: 371.4317301008948} 
{0: '0.5641025641025641', 1: '0.0', 2: '0.0', 3: '2.212490124287102', 4: 369.2170215228746} 
{0: '0.569620253164557', 1: '0.0', 2: '0.0', 3: '2.081383018504685', 4: 367.22058732901274} 
{0: '0.575', 1: '0.0', 2: '0.0', 3: '1.958045020027179', 4: 353.9704748263337} 
{0: '0.5802469135802469', 1: '0.0', 2: '0.0', 3: '1.842015749320195', 4: 368.6465948038651} 
{0: '0.5853658536585366', 1: '0.0', 2: '0.0', 3: '1.7328621078878674', 4: 342.94732436938085} 
{0: '0.5903614457831325', 1: '0.0', 2: '0.0', 3: '1.6301766616608926', 4: 353.2121030944486} 
{0: '0.5952380952380952', 1: '0.0', 2: '0.0', 3: '1.5335761201812925', 4: 351.4379440954092} 
{0: '0.5882352941176471', 1: '0.0', 2: '0.0', 3: '1.5335761201812925', 4: 322.16448671370847} 
{0: '0.5930232558139535', 1: '0.0', 2: '0.0', 3: '1.6301766616608926', 4: 331.8734761135352} 
{0: '0.5862068965517241', 1: '0.0', 2: '0.0', 3: '1.6301766616608926', 4: 346.65887512175277} 
{0: '0.5795454545454546', 1: '0.0', 2: '0.0', 3: '1.6301766616608926', 4: 342.6627938516418} 
{0: '0.5842696629213483', 1: '0.0', 2: '0.0', 3: '1.7328621078878674', 4: 373.70330262147115} 
{0: '0.5888888888888889', 1: '0.0', 2: '0.0', 3: '1.842015749320195', 4: 345.3694187965305} 
{0: '0.5934065934065934', 1: '0.0', 2: '0.0', 3: '1.958045020027179', 4: 357.072270247237} 
{0: '0.5978260869565217', 1: '0.0', 2: '0.0', 3: '2.081383018504685', 4: 349.08471300814745} 
{0: '0.5913978494623656', 1: '0.0', 2: '0.0', 3: '2.081383018504685', 4: 357.1731952124915} 
{0: '0.5851063829787234', 1: '0.0', 2: '0.0', 3: '2.081383018504685', 4: 353.8985439279452} 
{0: '0.5894736842105263', 1: '0.0', 2: '0.0', 3: '2.212490124287102', 4: 348.13693821136536} 
{0: '0.5833333333333334', 1: '0.0', 2: '0.0', 3: '2.212490124287102', 4: 374.0239015300771} 
{0: '0.5876288659793815', 1: '0.0', 2: '0.0', 3: '2.081383018504685', 4: 361.0490417858588} 
{0: '0.5918367346938775', 1: '0.0', 2: '0.0', 3: '1.958045020027179', 4: 330.1351187053583} 
{0: '0.5959595959595959', 1: '0.0', 2: '0.0', 3: '1.842015749320195', 4: 356.44645953487844} 
{0: '0.6', 1: '0.0', 2: '0.0', 3: '1.7328621078878674', 4: 352.34663550687577} 
{0: '0.594059405940594', 1: '0.0', 2: '0.0', 3: '1.7328621078878674', 4: 338.725667832025} 
{0: '0.5882352941176471', 1: '0.0', 2: '0.0', 3: '1.7328621078878674', 4: 353.5380689712056} 
{0: '0.5922330097087378', 1: '0.0', 2: '0.0', 3: '1.6301766616608926', 4: 356.42451094377105} 
{0: '0.5865384615384616', 1: '0.0', 2: '0.0', 3: '1.6301766616608926', 4: 343.0703068368257} 
{0: '0.5904761904761905', 1: '0.0', 2: '0.0', 3: '1.7328621078878674', 4: 347.8305635563628} 
{0: '0.5943396226415094', 1: '0.0', 2: '0.0', 3: '1.842015749320195', 4: 343.8822925158628} 
{0: '0.5981308411214953', 1: '0.0', 2: '0.0', 3: '1.958045020027179', 4: 335.6127353750657} 
{0: '0.5925925925925926', 1: '0.0', 2: '0.0', 3: '1.958045020027179', 4: 346.12407899930173} 
{0: '0.5963302752293578', 1: '0.0', 2: '0.0', 3: '1.842015749320195', 4: 340.78686136897926} 
{0: '0.6', 1: '0.0', 2: '0.0', 3: '1.7328621078878674', 4: 363.8774369335137} 
{0: '0.6036036036036037', 1: '0.0', 2: '0.0', 3: '1.6301766616608926', 4: 332.88603925205126} 
{0: '0.6071428571428571', 1: '0.0', 2: '0.0', 3: '1.5335761201812925', 4: 330.5557292050331} 
{0: '0.6017699115044248', 1: '0.0', 2: '0.0', 3: '1.5335761201812925', 4: 334.55040397088925} 
{0: '0.6052631578947368', 1: '0.0', 2: '0.0', 3: '1.6301766616608926', 4: 349.7892990692469} 
{0: '0.6086956521739131', 1: '0.0', 2: '0.0', 3: '1.7328621078878674', 4: 349.40747335428534} 
{0: '0.603448275862069', 1: '0.0', 2: '0.0', 3: '1.7328621078878674', 4: 337.3688256369424} 
{0: '0.6068376068376068', 1: '0.0', 2: '0.0', 3: '1.6301766616608926', 4: 350.5169146330933} 
{0: '0.6101694915254238', 1: '0.0', 2: '0.0', 3: '1.5335761201812925', 4: 326.0912298726241} 
{0: '0.6134453781512605', 1: '0.0', 2: '0.0', 3: '1.4426999059072143', 4: 331.8031686615674} 
{0: '0.6083333333333333', 1: '0.0', 2: '0.0', 3: '1.4426999059072143', 4: 323.26816869308357} 
{0: '0.6033057851239669', 1: '0.0', 2: '0.0', 3: '1.4426999059072143', 4: 334.0247427638002} 
{0: '0.5983606557377049', 1: '0.0', 2: '0.0', 3: '1.4426999059072143', 4: 335.65390618665526} 
{0: '0.6016260162601627', 1: '0.0', 2: '0.0', 3: '1.5335761201812925', 4: 341.05616272007654} 
{0: '0.6048387096774194', 1: '0.0', 2: '0.0', 3: '1.6301766616608926', 4: 349.5156994412667} 
{0: '0.608', 1: '0.0', 2: '0.0', 3: '1.7328621078878674', 4: 355.3036873064452} 
{0: '0.6111111111111112', 1: '0.0', 2: '0.0', 3: '1.842015749320195', 4: 361.7240209281355} 
{0: '0.6141732283464567', 1: '0.0', 2: '0.0', 3: '1.958045020027179', 4: 347.62132023815815} 
{0: '0.6171875', 1: '0.0', 2: '0.0', 3: '2.081383018504685', 4: 361.00564653046035} 
{0: '0.6201550387596899', 1: '0.0', 2: '0.0', 3: '2.212490124287102', 4: 388.3743170799696} 
{0: '0.6230769230769231', 1: '0.0', 2: '0.0', 3: '2.351855716390306', 4: 356.01488895278624} 
{0: '0.6259541984732825', 1: '0.0', 2: '0.0', 3: '2.500000000000003', 4: 382.17300574990156} 
{0: '0.6212121212121212', 1: '0.0', 2: '0.0', 3: '2.500000000000003', 4: 362.93938350233634} 
{0: '0.6240601503759399', 1: '0.0', 2: '0.0', 3: '2.351855716390306', 4: 372.1554109429481} 
{0: '0.6268656716417911', 1: '0.0', 2: '0.0', 3: '2.212490124287102', 4: 360.73516999350886} 
{0: '0.6222222222222222', 1: '0.0', 2: '0.0', 3: '2.212490124287102', 4: 364.5965386347268} 
{0: '0.6176470588235294', 1: '0.0', 2: '0.0', 3: '2.212490124287102', 4: 369.44294395222596} 
{0: '0.6204379562043796', 1: '0.0', 2: '0.0', 3: '2.081383018504685', 4: 363.9578466757321} 
{0: '0.6231884057971014', 1: '0.0', 2: '0.0', 3: '1.958045020027179', 4: 340.8188528812749} 
{0: '0.6258992805755396', 1: '0.0', 2: '0.0', 3: '1.842015749320195', 4: 343.0387414090531} 
{0: '0.6285714285714286', 1: '0.0', 2: '0.0', 3: '1.7328621078878674', 4: 367.72901626193817} 
{0: '0.624113475177305', 1: '0.0', 2: '0.0', 3: '1.7328621078878674', 4: 363.53558895100184} 
{0: '0.6267605633802817', 1: '0.0', 2: '0.0', 3: '1.842015749320195', 4: 363.84357940081946} 
{0: '0.6293706293706294', 1: '0.0', 2: '0.0', 3: '1.958045020027179', 4: 375.49279813059} 
{0: '0.6319444444444444', 1: '0.0', 2: '0.0', 3: '2.081383018504685', 4: 366.1609716771941} 
{0: '0.6344827586206897', 1: '0.0', 2: '0.0', 3: '2.212490124287102', 4: 369.40302231012674} 
{0: '0.636986301369863', 1: '0.0', 2: '0.0', 3: '2.351855716390306', 4: 391.07278184789857} 
{0: '0.6394557823129252', 1: '0.0', 2: '0.0', 3: '2.500000000000003', 4: 363.7631208893632} 
{0: '0.6351351351351351', 1: '0.0', 2: '0.0', 3: '2.500000000000003', 4: 346.19697289159814} 
{0: '0.6375838926174496', 1: '0.0', 2: '0.0', 3: '2.351855716390306', 4: 370.1252498926669} 
{0: '0.64', 1: '0.0', 2: '0.0', 3: '2.212490124287102', 4: 371.31969290385496} 
{0: '0.6423841059602649', 1: '0.0', 2: '0.0', 3: '2.081383018504685', 4: 367.61345099275303} 
{0: '0.6447368421052632', 1: '0.0', 2: '0.0', 3: '1.958045020027179', 4: 346.65141188014496} 
{0: '0.6405228758169934', 1: '0.0', 2: '0.0', 3: '1.958045020027179', 4: 373.1792990673549} 
{0: '0.6428571428571429', 1: '0.0', 2: '0.0', 3: '2.081383018504685', 4: 357.2475643371595} 
{0: '0.6451612903225806', 1: '0.0', 2: '0.0', 3: '2.212490124287102', 4: 351.5672004951612} 
{0: '0.6410256410256411', 1: '0.0', 2: '0.0', 3: '2.212490124287102', 4: 371.8823413441517} 
{0: '0.643312101910828', 1: '0.0', 2: '0.0', 3: '2.081383018504685', 4: 356.62081111139616} 
{0: '0.6392405063291139', 1: '0.0', 2: '0.0', 3: '2.081383018504685', 4: 369.94971850546216} 
{0: '0.6415094339622641', 1: '0.0', 2: '0.0', 3: '2.212490124287102', 4: 376.18043890605975} 
{0: '0.64375', 1: '0.0', 2: '0.0', 3: '2.351855716390306', 4: 357.93461026832546} 
{0: '0.639751552795031', 1: '0.0', 2: '0.0', 3: '2.351855716390306', 4: 364.70425053324} 
{0: '0.6419753086419753', 1: '0.0', 2: '0.0', 3: '2.212490124287102', 4: 390.2341782580231} 
{0: '0.6441717791411042', 1: '0.0', 2: '0.0', 3: '2.081383018504685', 4: 372.0127085012134} 
{0: '0.6402439024390244', 1: '0.0', 2: '0.0', 3: '2.081383018504685', 4: 357.35025352795736} 
{0: '0.6424242424242425', 1: '0.0', 2: '0.0', 3: '2.212490124287102', 4: 369.8276571208444} 
{0: '0.6385542168674698', 1: '0.0', 2: '0.0', 3: '2.212490124287102', 4: 380.7072475070347} 
{0: '0.6407185628742516', 1: '0.0', 2: '0.0', 3: '2.081383018504685', 4: 371.668277573109} 
{0: '0.6369047619047619', 1: '0.0', 2: '0.0', 3: '2.081383018504685', 4: 351.84727568174964} 
{0: '0.6390532544378699', 1: '0.0', 2: '0.0', 3: '2.212490124287102', 4: 352.9222909872035} 
{0: '0.6411764705882353', 1: '0.0', 2: '0.0', 3: '2.351855716390306', 4: 348.59066997584256} 
{0: '0.6374269005847953', 1: '0.0', 2: '0.0', 3: '2.351855716390306', 4: 343.8283435499856} 
{0: '0.6395348837209303', 1: '0.0', 2: '0.0', 3: '2.212490124287102', 4: 343.8258798128443} 
{0: '0.6416184971098265', 1: '0.0', 2: '0.0', 3: '2.081383018504685', 4: 365.819031001437} 
{0: '0.6436781609195402', 1: '0.0', 2: '0.0', 3: '1.958045020027179', 4: 346.2202559625334} 
{0: '0.6457142857142857', 1: '0.0', 2: '0.0', 3: '1.842015749320195', 4: 343.7457425862051} 
{0: '0.6477272727272727', 1: '0.0', 2: '0.0', 3: '1.7328621078878674', 4: 331.5953402470717} 
{0: '0.6497175141242938', 1: '0.0', 2: '0.0', 3: '1.6301766616608926', 4: 336.33227581358415} 
{0: '0.651685393258427', 1: '0.0', 2: '0.0', 3: '1.5335761201812925', 4: 339.33344790315857} 
{0: '0.6480446927374302', 1: '0.0', 2: '0.0', 3: '1.5335761201812925', 4: 335.63382069055416} 
{0: '0.65', 1: '0.0', 2: '0.0', 3: '1.6301766616608926', 4: 332.1843036281033} 
{0: '0.6519337016574586', 1: '0.0', 2: '0.0', 3: '1.7328621078878674', 4: 366.09057561194226} 
{0: '0.6538461538461539', 1: '0.0', 2: '0.0', 3: '1.842015749320195', 4: 343.2172464770565} 
{0: '0.6557377049180327', 1: '0.0', 2: '0.0', 3: '1.958045020027179', 4: 348.00778655734} 
{0: '0.657608695652174', 1: '0.0', 2: '0.0', 3: '2.081383018504685', 4: 370.9527564587839} 
{0: '0.6594594594594595', 1: '0.0', 2: '0.0', 3: '2.212490124287102', 4: 352.5294922920684} 
{0: '0.6612903225806451', 1: '0.0', 2: '0.0', 3: '2.351855716390306', 4: 369.6361245294556} 
{0: '0.6631016042780749', 1: '0.0', 2: '0.0', 3: '2.500000000000003', 4: 380.4131580778103} 
{0: '0.6595744680851063', 1: '0.0', 2: '0.0', 3: '2.500000000000003', 4: 376.7512019134612} 
{0: '0.6613756613756614', 1: '0.0', 2: '0.0', 3: '2.351855716390306', 4: 398.2098183873393} 
{0: '0.6631578947368421', 1: '0.0', 2: '0.0', 3: '2.212490124287102', 4: 403.15989401098795} 
{0: '0.6649214659685864', 1: '0.0', 2: '0.0', 3: '2.081383018504685', 4: 350.87659226382254} 
{0: '0.6666666666666666', 1: '0.0', 2: '0.0', 3: '1.958045020027179', 4: 367.4694785763616} 
{0: '0.6683937823834197', 1: '0.0', 2: '0.0', 3: '1.842015749320195', 4: 369.39056537812974} 
{0: '0.6649484536082474', 1: '0.0', 2: '0.0', 3: '1.842015749320195', 4: 345.3471659840251} 
{0: '0.6666666666666666', 1: '0.0', 2: '0.0', 3: '1.958045020027179', 4: 346.0666104123404} 
{0: '0.6683673469387755', 1: '0.0', 2: '0.0', 3: '2.081383018504685', 4: 342.7796102886478} 
{0: '0.6649746192893401', 1: '0.0', 2: '0.0', 3: '2.081383018504685', 4: 345.73923039191936} 
{0: '0.6666666666666666', 1: '0.0', 2: '0.0', 3: '1.958045020027179', 4: 350.8983453497061} 
{0: '0.6633165829145728', 1: '0.0', 2: '0.0', 3: '1.958045020027179', 4: 329.1131651112814} 
{0: '0.665', 1: '0.0', 2: '0.0', 3: '2.081383018504685', 4: 341.8305647044678} 
{0: '0.6666666666666666', 1: '0.0', 2: '0.0', 3: '2.212490124287102', 4: 360.95122227889976} 
{0: '0.6633663366336634', 1: '0.0', 2: '0.0', 3: '2.212490124287102', 4: 360.01331395812633} 
{0: '0.6650246305418719', 1: '0.0', 2: '0.0', 3: '2.081383018504685', 4: 342.37758636117167} 
{0: '0.6666666666666666', 1: '0.0', 2: '0.0', 3: '1.958045020027179', 4: 355.51956762851603} 
{0: '0.6682926829268293', 1: '0.0', 2: '0.0', 3: '1.842015749320195', 4: 344.8532894168378} 
{0: '0.6699029126213593', 1: '0.0', 2: '0.0', 3: '1.7328621078878674', 4: 347.97023158471785} 
{0: '0.6666666666666666', 1: '0.0', 2: '0.0', 3: '1.7328621078878674', 4: 325.09073813461816} 
{0: '0.6682692307692307', 1: '0.0', 2: '0.0', 3: '1.842015749320195', 4: 341.1102340449229} 
{0: '0.6698564593301436', 1: '0.0', 2: '0.0', 3: '1.958045020027179', 4: 345.2685569987547} 
{0: '0.6714285714285714', 1: '0.0', 2: '0.0', 3: '2.081383018504685', 4: 342.389791365977} 
{0: '0.6682464454976303', 1: '0.0', 2: '0.0', 3: '2.081383018504685', 4: 361.0688662243774} 
{0: '0.6650943396226415', 1: '0.0', 2: '0.0', 3: '2.081383018504685', 4: 351.158120435196} 
{0: '0.6666666666666666', 1: '0.0', 2: '0.0', 3: '2.212490124287102', 4: 373.72348150246654} 
{0: '0.6635514018691588', 1: '0.0', 2: '0.0', 3: '2.212490124287102', 4: 374.990292781112} 
{0: '0.6604651162790698', 1: '0.0', 2: '0.0', 3: '2.212490124287102', 4: 380.47180795115} 
{0: '0.6620370370370371', 1: '0.0', 2: '0.0', 3: '2.351855716390306', 4: 352.27749975105786} 
{0: '0.6589861751152074', 1: '0.0', 2: '0.0', 3: '2.351855716390306', 4: 376.2211140836259} 
{0: '0.6605504587155964', 1: '0.0', 2: '0.0', 3: '2.212490124287102', 4: 338.2892120441928} 
{0: '0.6621004566210046', 1: '0.0', 2: '0.0', 3: '2.081383018504685', 4: 358.2985972364121} 
{0: '0.6636363636363637', 1: '0.0', 2: '0.0', 3: '1.958045020027179', 4: 359.7982416599923} 
{0: '0.665158371040724', 1: '0.0', 2: '0.0', 3: '1.842015749320195', 4: 334.0762449187195} 
{0: '0.6666666666666666', 1: '0.0', 2: '0.0', 3: '1.7328621078878674', 4: 327.88035006749163} 
{0: '0.6681614349775785', 1: '0.0', 2: '0.0', 3: '1.6301766616608926', 4: 328.5126092450191} 
{0: '0.6651785714285714', 1: '0.0', 2: '0.0', 3: '1.6301766616608926', 4: 333.33195944193227} 
{0: '0.6666666666666666', 1: '0.0', 2: '0.0', 3: '1.7328621078878674', 4: 323.8602081224117} 
{0: '0.668141592920354', 1: '0.0', 2: '0.0', 3: '1.842015749320195', 4: 321.1871532108689} 
{0: '0.6696035242290749', 1: '0.0', 2: '0.0', 3: '1.958045020027179', 4: 340.3088938456168} 
{0: '0.6666666666666666', 1: '0.0', 2: '0.0', 3: '1.958045020027179', 4: 346.9154938534024} 
{0: '0.6681222707423581', 1: '0.0', 2: '0.0', 3: '1.842015749320195', 4: 334.96428828565627} 
{0: '0.6695652173913044', 1: '0.0', 2: '0.0', 3: '1.7328621078878674', 4: 346.34489194097256} 
{0: '0.6666666666666666', 1: '0.0', 2: '0.0', 3: '1.7328621078878674', 4: 327.072995108083} 
{0: '0.6681034482758621', 1: '0.0', 2: '0.0', 3: '1.842015749320195', 4: 328.1144635112503} 
{0: '0.6695278969957081', 1: '0.0', 2: '0.0', 3: '1.958045020027179', 4: 335.8529667149693} 
{0: '0.6666666666666666', 1: '0.0', 2: '0.0', 3: '1.958045020027179', 4: 345.6049921505562} 
{0: '0.6680851063829787', 1: '0.0', 2: '0.0', 3: '1.842015749320195', 4: 336.59839134690606} 
{0: '0.6694915254237288', 1: '0.0', 2: '0.0', 3: '1.7328621078878674', 4: 325.9258285294883} 
{0: '0.6708860759493671', 1: '0.0', 2: '0.0', 3: '1.6301766616608926', 4: 350.33572370842506} 
{0: '0.6722689075630253', 1: '0.0', 2: '0.0', 3: '1.5335761201812925', 4: 324.08564934535514} 
{0: '0.6736401673640168', 1: '0.0', 2: '0.0', 3: '1.4426999059072143', 4: 319.3711237494021} 
{0: '0.675', 1: '0.0', 2: '0.0', 3: '1.3572088082974538', 4: 318.3944930951431} 
{0: '0.6721991701244814', 1: '0.0', 2: '0.0', 3: '1.3572088082974538', 4: 310.67274450877494} 
{0: '0.6735537190082644', 1: '0.0', 2: '0.0', 3: '1.4426999059072143', 4: 313.02985562057967} 
{0: '0.6707818930041153', 1: '0.0', 2: '0.0', 3: '1.4426999059072143', 4: 326.04710360937236} 
{0: '0.6680327868852459', 1: '0.0', 2: '0.0', 3: '1.4426999059072143', 4: 303.2227971872309} 
{0: '0.6693877551020408', 1: '0.0', 2: '0.0', 3: '1.5335761201812925', 4: 325.0755405995987} 
{0: '0.6707317073170732', 1: '0.0', 2: '0.0', 3: '1.6301766616608926', 4: 308.33452799915347} 
{0: '0.6720647773279352', 1: '0.0', 2: '0.0', 3: '1.7328621078878674', 4: 332.1204397017696} 
{0: '0.6733870967741935', 1: '0.0', 2: '0.0', 3: '1.842015749320195', 4: 317.02270622706817} 
{0: '0.6706827309236948', 1: '0.0', 2: '0.0', 3: '1.842015749320195', 4: 324.8113954313699} 
{0: '0.672', 1: '0.0', 2: '0.0', 3: '1.7328621078878674', 4: 330.6811327585301} 
{0: '0.6733067729083665', 1: '0.0', 2: '0.0', 3: '1.6301766616608926', 4: 335.6660729129303} 
{0: '0.6746031746031746', 1: '0.0', 2: '0.0', 3: '1.5335761201812925', 4: 331.02801789552643} 
{0: '0.6719367588932806', 1: '0.0', 2: '0.0', 3: '1.5335761201812925', 4: 305.93395195996305} 
{0: '0.6732283464566929', 1: '0.0', 2: '0.0', 3: '1.6301766616608926', 4: 333.23121533142114} 
{0: '0.6745098039215687', 1: '0.0', 2: '0.0', 3: '1.7328621078878674', 4: 330.5146502867675} 
{0: '0.67578125', 1: '0.0', 2: '0.0', 3: '1.842015749320195', 4: 326.44367332823344} 
{0: '0.6770428015564203', 1: '0.0', 2: '0.0', 3: '1.958045020027179', 4: 359.7247827280896} 
{0: '0.6782945736434108', 1: '0.0', 2: '0.0', 3: '2.081383018504685', 4: 356.5165852941716} 
{0: '0.6795366795366795', 1: '0.0', 2: '0.0', 3: '2.212490124287102', 4: 332.1612873747612} 
{0: '0.6807692307692308', 1: '0.0', 2: '0.0', 3: '2.351855716390306', 4: 332.51101206864524} 
{0: '0.6819923371647509', 1: '0.0', 2: '0.0', 3: '2.500000000000003', 4: 347.63723704755074} 
{0: '0.6793893129770993', 1: '0.0', 2: '0.0', 3: '2.500000000000003', 4: 330.9013676314884} 
{0: '0.6806083650190115', 1: '0.0', 2: '0.0', 3: '2.351855716390306', 4: 330.2564716561313} 
{0: '0.6818181818181818', 1: '0.0', 2: '0.0', 3: '2.212490124287102', 4: 365.2933623783818} 
{0: '0.6830188679245283', 1: '0.0', 2: '0.0', 3: '2.081383018504685', 4: 346.4642113431518} 
{0: '0.6842105263157895', 1: '0.0', 2: '0.0', 3: '1.958045020027179', 4: 352.4481049205434} 
{0: '0.6853932584269663', 1: '0.0', 2: '0.0', 3: '1.842015749320195', 4: 343.360649047341} 
{0: '0.6828358208955224', 1: '0.0', 2: '0.0', 3: '1.842015749320195', 4: 340.15396428382803} 
{0: '0.6840148698884758', 1: '0.0', 2: '0.0', 3: '1.958045020027179', 4: 351.1345803234288} 
{0: '0.6851851851851852', 1: '0.0', 2: '0.0', 3: '2.081383018504685', 4: 336.07787900650334} 
{0: '0.6863468634686347', 1: '0.0', 2: '0.0', 3: '2.212490124287102', 4: 338.9633704277456} 
{0: '0.6838235294117647', 1: '0.0', 2: '0.0', 3: '2.212490124287102', 4: 367.0424271109197} 
{0: '0.684981684981685', 1: '0.0', 2: '0.0', 3: '2.081383018504685', 4: 329.21862818585606} 
{0: '0.6861313868613139', 1: '0.0', 2: '0.0', 3: '1.958045020027179', 4: 361.9121754038082} 
{0: '0.6836363636363636', 1: '0.0', 2: '0.0', 3: '1.958045020027179', 4: 330.2113710889313} 
{0: '0.6847826086956522', 1: '0.0', 2: '0.0', 3: '2.081383018504685', 4: 336.6878360894148} 
{0: '0.6823104693140795', 1: '0.0', 2: '0.0', 3: '2.081383018504685', 4: 342.27601405062217} 
{0: '0.6798561151079137', 1: '0.0', 2: '0.0', 3: '2.081383018504685', 4: 335.01817708791503} 
{0: '0.6774193548387096', 1: '0.0', 2: '0.0', 3: '2.081383018504685', 4: 322.07877562643375} 
{0: '0.6785714285714286', 1: '0.0', 2: '0.0', 3: '1.958045020027179', 4: 335.4099791103128} 
{0: '0.6761565836298933', 1: '0.0', 2: '0.0', 3: '1.958045020027179', 4: 330.4637506595435} 
{0: '0.6773049645390071', 1: '0.0', 2: '0.0', 3: '2.081383018504685', 4: 352.2326745263648} 
{0: '0.6784452296819788', 1: '0.0', 2: '0.0', 3: '2.212490124287102', 4: 329.10311923611283} 
{0: '0.676056338028169', 1: '0.0', 2: '0.0', 3: '2.212490124287102', 4: 357.5774963260226} 
{0: '0.6771929824561403', 1: '0.0', 2: '0.0', 3: '2.081383018504685', 4: 346.12379328605965} 
{0: '0.6783216783216783', 1: '0.0', 2: '0.0', 3: '1.958045020027179', 4: 337.7156987305134} 
{0: '0.6759581881533101', 1: '0.0', 2: '0.0', 3: '1.958045020027179', 4: 333.4111645007751} 
{0: '0.6736111111111112', 1: '0.0', 2: '0.0', 3: '1.958045020027179', 4: 335.9273459616673} 
{0: '0.6747404844290658', 1: '0.0', 2: '0.0', 3: '1.842015749320195', 4: 340.48636101693074} 
{0: '0.6724137931034483', 1: '0.0', 2: '0.0', 3: '1.842015749320195', 4: 334.3916316613023} 
{0: '0.6735395189003437', 1: '0.0', 2: '0.0', 3: '1.958045020027179', 4: 350.302649222821} 
{0: '0.6746575342465754', 1: '0.0', 2: '0.0', 3: '2.081383018504685', 4: 348.3201819092251} 
{0: '0.6723549488054608', 1: '0.0', 2: '0.0', 3: '2.081383018504685', 4: 347.7333183442045} 
{0: '0.673469387755102', 1: '0.0', 2: '0.0', 3: '1.958045020027179', 4: 341.16181238765955} 
{0: '0.6745762711864407', 1: '0.0', 2: '0.0', 3: '1.842015749320195', 4: 318.91802266022665} 
{0: '0.6756756756756757', 1: '0.0', 2: '0.0', 3: '1.7328621078878674', 4: 333.02159360273913} 
{0: '0.6734006734006734', 1: '0.0', 2: '0.0', 3: '1.7328621078878674', 4: 325.202956071081} 
{0: '0.674496644295302', 1: '0.0', 2: '0.0', 3: '1.842015749320195', 4: 344.2049121946823} 
{0: '0.6755852842809364', 1: '0.0', 2: '0.0', 3: '1.958045020027179', 4: 351.0861261054024} 
{0: '0.6733333333333333', 1: '0.0', 2: '0.0', 3: '1.958045020027179', 4: 336.94472214603417} 
{0: '0.6710963455149501', 1: '0.0', 2: '0.0', 3: '1.958045020027179', 4: 345.6143797111572} 
{0: '0.6721854304635762', 1: '0.0', 2: '0.0', 3: '2.081383018504685', 4: 353.589302229452} 
{0: '0.66996699669967', 1: '0.0', 2: '0.0', 3: '2.081383018504685', 4: 373.7702765590605} 
{0: '0.6710526315789473', 1: '0.0', 2: '0.0', 3: '1.958045020027179', 4: 330.65732574161666} 
{0: '0.6721311475409836', 1: '0.0', 2: '0.0', 3: '1.842015749320195', 4: 334.36002297370055} 
{0: '0.673202614379085', 1: '0.0', 2: '0.0', 3: '1.7328621078878674', 4: 326.56194746391526} 
{0: '0.6742671009771987', 1: '0.0', 2: '0.0', 3: '1.6301766616608926', 4: 314.4292643832355} 
{0: '0.672077922077922', 1: '0.0', 2: '0.0', 3: '1.6301766616608926', 4: 355.0352611081507} 
{0: '0.6731391585760518', 1: '0.0', 2: '0.0', 3: '1.7328621078878674', 4: 330.40099256673466} 
{0: '0.6741935483870968', 1: '0.0', 2: '0.0', 3: '1.842015749320195', 4: 350.9033250146954} 
{0: '0.6752411575562701', 1: '0.0', 2: '0.0', 3: '1.958045020027179', 4: 347.51242591030666} 
{0: '0.6762820512820513', 1: '0.0', 2: '0.0', 3: '2.081383018504685', 4: 326.0616458667901} 
{0: '0.6773162939297125', 1: '0.0', 2: '0.0', 3: '2.212490124287102', 4: 352.79779010084826} 
{0: '0.6751592356687898', 1: '0.0', 2: '0.0', 3: '2.212490124287102', 4: 325.19283820395674} 
{0: '0.6761904761904762', 1: '0.0', 2: '0.0', 3: '2.081383018504685', 4: 347.59982552619374} 
{0: '0.6772151898734177', 1: '0.0', 2: '0.0', 3: '1.958045020027179', 4: 338.88998218215403} 
{0: '0.6782334384858044', 1: '0.0', 2: '0.0', 3: '1.842015749320195', 4: 369.9024343075703} 
{0: '0.6761006289308176', 1: '0.0', 2: '0.0', 3: '1.842015749320195', 4: 351.7351595208073} 
{0: '0.677115987460815', 1: '0.0', 2: '0.0', 3: '1.958045020027179', 4: 332.23875004127245} 
{0: '0.678125', 1: '0.0', 2: '0.0', 3: '2.081383018504685', 4: 342.2576592243316} 
{0: '0.6791277258566978', 1: '0.0', 2: '0.0', 3: '2.212490124287102', 4: 346.58203656825754} 
{0: '0.6801242236024845', 1: '0.0', 2: '0.0', 3: '2.351855716390306', 4: 381.8967414056477} 
{0: '0.6811145510835913', 1: '0.0', 2: '0.0', 3: '2.500000000000003', 4: 363.9756764946592} 
{0: '0.6790123456790124', 1: '0.0', 2: '0.0', 3: '2.500000000000003', 4: 374.4472760199609} 
{0: '0.68', 1: '0.0', 2: '0.0', 3: '2.351855716390306', 4: 373.4433013819691} 
{0: '0.6779141104294478', 1: '0.0', 2: '0.0', 3: '2.351855716390306', 4: 352.32073029470564} 
{0: '0.6788990825688074', 1: '0.0', 2: '0.0', 3: '2.500000000000003', 4: 371.88342715346397} 
{0: '0.676829268292683', 1: '0.0', 2: '0.0', 3: '2.500000000000003', 4: 359.0617272949741} 
{0: '0.6778115501519757', 1: '0.0', 2: '0.0', 3: '2.351855716390306', 4: 373.82857013493475} 
{0: '0.6757575757575758', 1: '0.0', 2: '0.0', 3: '2.351855716390306', 4: 376.8603767047134} 
{0: '0.676737160120846', 1: '0.0', 2: '0.0', 3: '2.500000000000003', 4: 359.524825312728} 
{0: '0.6746987951807228', 1: '0.0', 2: '0.0', 3: '2.500000000000003', 4: 367.62545914178213} 
{0: '0.6756756756756757', 1: '0.0', 2: '0.0', 3: '2.351855716390306', 4: 348.2470151202407} 
{0: '0.6766467065868264', 1: '0.0', 2: '0.0', 3: '2.212490124287102', 4: 376.7178010457761} 
{0: '0.6746268656716418', 1: '0.0', 2: '0.0', 3: '2.212490124287102', 4: 371.9275479115125} 
{0: '0.6755952380952381', 1: '0.0', 2: '0.0', 3: '2.351855716390306', 4: 349.74891853225625} 
{0: '0.6765578635014837', 1: '0.0', 2: '0.0', 3: '2.500000000000003', 4: 358.51353894527193} 
{0: '0.6745562130177515', 1: '0.0', 2: '0.0', 3: '2.500000000000003', 4: 344.249861052146} 
{0: '0.6755162241887905', 1: '0.0', 2: '0.0', 3: '2.351855716390306', 4: 348.56715041239624} 
{0: '0.6764705882352942', 1: '0.0', 2: '0.0', 3: '2.212490124287102', 4: 390.0513413991759} 
{0: '0.6744868035190615', 1: '0.0', 2: '0.0', 3: '2.212490124287102', 4: 357.3719914809309} 
{0: '0.672514619883041', 1: '0.0', 2: '0.0', 3: '2.212490124287102', 4: 374.36753548887106} 
{0: '0.673469387755102', 1: '0.0', 2: '0.0', 3: '2.081383018504685', 4: 334.90588845053736} 
{0: '0.6744186046511628', 1: '0.0', 2: '0.0', 3: '1.958045020027179', 4: 344.2079652690629} 
{0: '0.6753623188405797', 1: '0.0', 2: '0.0', 3: '1.842015749320195', 4: 347.6322811939202} 
{0: '0.6734104046242775', 1: '0.0', 2: '0.0', 3: '1.842015749320195', 4: 333.6576477255675} 
{0: '0.6714697406340058', 1: '0.0', 2: '0.0', 3: '1.842015749320195', 4: 356.4986681848723} 
{0: '0.6695402298850575', 1: '0.0', 2: '0.0', 3: '1.842015749320195', 4: 356.5195254188931} 
{0: '0.670487106017192', 1: '0.0', 2: '0.0', 3: '1.958045020027179', 4: 350.21732553846243} 
{0: '0.6714285714285714', 1: '0.0', 2: '0.0', 3: '2.081383018504685', 4: 356.97028816305146} 
{0: '0.6723646723646723', 1: '0.0', 2: '0.0', 3: '2.212490124287102', 4: 344.9444933444869} 
{0: '0.6704545454545454', 1: '0.0', 2: '0.0', 3: '2.212490124287102', 4: 345.01747642408634} 
{0: '0.6713881019830028', 1: '0.0', 2: '0.0', 3: '2.081383018504685', 4: 362.8190026115645} 
{0: '0.6694915254237288', 1: '0.0', 2: '0.0', 3: '2.081383018504685', 4: 349.69729984111973} 
{0: '0.6676056338028169', 1: '0.0', 2: '0.0', 3: '2.081383018504685', 4: 351.89017418126576} 
{0: '0.6685393258426966', 1: '0.0', 2: '0.0', 3: '1.958045020027179', 4: 346.88627489841815} 
{0: '0.6694677871148459', 1: '0.0', 2: '0.0', 3: '1.842015749320195', 4: 348.7011834465986} 
{0: '0.6703910614525139', 1: '0.0', 2: '0.0', 3: '1.7328621078878674', 4: 359.4575803777683} 
{0: '0.6685236768802229', 1: '0.0', 2: '0.0', 3: '1.7328621078878674', 4: 339.59934556956364} 
{0: '0.6694444444444444', 1: '0.0', 2: '0.0', 3: '1.842015749320195', 4: 326.32963582330405} 
{0: '0.6703601108033241', 1: '0.0', 2: '0.0', 3: '1.958045020027179', 4: 346.98387847081483} 
{0: '0.6712707182320442', 1: '0.0', 2: '0.0', 3: '2.081383018504685', 4: 340.7722348905847} 
{0: '0.6694214876033058', 1: '0.0', 2: '0.0', 3: '2.081383018504685', 4: 348.5002824145469} 
{0: '0.6675824175824175', 1: '0.0', 2: '0.0', 3: '2.081383018504685', 4: 343.0770573871007} 
{0: '0.6657534246575343', 1: '0.0', 2: '0.0', 3: '2.081383018504685', 4: 353.5101006668877} 
{0: '0.6666666666666666', 1: '0.0', 2: '0.0', 3: '1.958045020027179', 4: 349.11152983441644} 
{0: '0.6648501362397821', 1: '0.0', 2: '0.0', 3: '1.958045020027179', 4: 329.32733100774266} 
{0: '0.6657608695652174', 1: '0.0', 2: '0.0', 3: '2.081383018504685', 4: 345.6813626413785} 
{0: '0.6666666666666666', 1: '0.0', 2: '0.0', 3: '2.212490124287102', 4: 361.89019340406657} 
{0: '0.6648648648648648', 1: '0.0', 2: '0.0', 3: '2.212490124287102', 4: 366.7803191185278} 
{0: '0.6657681940700808', 1: '0.0', 2: '0.0', 3: '2.081383018504685', 4: 353.95006344933256} 
{0: '0.6666666666666666', 1: '0.0', 2: '0.0', 3: '1.958045020027179', 4: 348.4937035441856} 
{0: '0.6675603217158177', 1: '0.0', 2: '0.0', 3: '1.842015749320195', 4: 340.8500121386321} 
{0: '0.6657754010695187', 1: '0.0', 2: '0.0', 3: '1.842015749320195', 4: 335.1754005510855} 
{0: '0.6666666666666666', 1: '0.0', 2: '0.0', 3: '1.958045020027179', 4: 323.7398708907876} 
{0: '0.6675531914893617', 1: '0.0', 2: '0.0', 3: '2.081383018504685', 4: 339.53617363836236} 
{0: '0.6657824933687002', 1: '0.0', 2: '0.0', 3: '2.081383018504685', 4: 352.0153077707776} 
{0: '0.6640211640211641', 1: '0.0', 2: '0.0', 3: '2.081383018504685', 4: 355.5020273293767} 
{0: '0.6649076517150396', 1: '0.0', 2: '0.0', 3: '2.212490124287102', 4: 353.42992962332846} 
{0: '0.6631578947368421', 1: '0.0', 2: '0.0', 3: '2.212490124287102', 4: 362.50016996663066} 
{0: '0.6640419947506562', 1: '0.0', 2: '0.0', 3: '2.081383018504685', 4: 341.2941734153715} 
{0: '0.6649214659685864', 1: '0.0', 2: '0.0', 3: '1.958045020027179', 4: 329.9836299960934} 
{0: '0.6657963446475196', 1: '0.0', 2: '0.0', 3: '1.842015749320195', 4: 326.7390345490905} 
{0: '0.6666666666666666', 1: '0.0', 2: '0.0', 3: '1.7328621078878674', 4: 326.60123965479215} 
{0: '0.6675324675324675', 1: '0.0', 2: '0.0', 3: '1.6301766616608926', 4: 324.4162206026799} 
{0: '0.6658031088082902', 1: '0.0', 2: '0.0', 3: '1.6301766616608926', 4: 335.1120547997622} 
{0: '0.6666666666666666', 1: '0.0', 2: '0.0', 3: '1.7328621078878674', 4: 327.0792712663617} 
{0: '0.6675257731958762', 1: '0.0', 2: '0.0', 3: '1.842015749320195', 4: 362.56348296340434} 
{0: '0.6683804627249358', 1: '0.0', 2: '0.0', 3: '1.958045020027179', 4: 339.4436680714484} 
{0: '0.6692307692307692', 1: '0.0', 2: '0.0', 3: '2.081383018504685', 4: 341.67412641739486} 
{0: '0.6675191815856778', 1: '0.0', 2: '0.0', 3: '2.081383018504685', 4: 356.812134927585} 
{0: '0.6683673469387755', 1: '0.0', 2: '0.0', 3: '1.958045020027179', 4: 343.06107157534746} 
{0: '0.6692111959287532', 1: '0.0', 2: '0.0', 3: '1.842015749320195', 4: 360.6624322648091} 
{0: '0.6675126903553299', 1: '0.0', 2: '0.0', 3: '1.842015749320195', 4: 342.6717048119659} 
{0: '0.6683544303797468', 1: '0.0', 2: '0.0', 3: '1.958045020027179', 4: 349.25579508175406} 
{0: '0.6691919191919192', 1: '0.0', 2: '0.0', 3: '2.081383018504685', 4: 347.04351371060187} 
{0: '0.6700251889168766', 1: '0.0', 2: '0.0', 3: '2.212490124287102', 4: 354.6590372954144} 
{0: '0.6708542713567839', 1: '0.0', 2: '0.0', 3: '2.351855716390306', 4: 361.05173229655475} 
{0: '0.6691729323308271', 1: '0.0', 2: '0.0', 3: '2.351855716390306', 4: 356.88949170525586} 
{0: '0.67', 1: '0.0', 2: '0.0', 3: '2.212490124287102', 4: 357.4432021545025} 
{0: '0.6683291770573566', 1: '0.0', 2: '0.0', 3: '2.212490124287102', 4: 364.32936478192653} 
{0: '0.6691542288557214', 1: '0.0', 2: '0.0', 3: '2.351855716390306', 4: 350.41734073842997} 
{0: '0.6674937965260546', 1: '0.0', 2: '0.0', 3: '2.351855716390306', 4: 360.8841397471656} 
{0: '0.6658415841584159', 1: '0.0', 2: '0.0', 3: '2.351855716390306', 4: 347.8419985791891} 
{0: '0.6666666666666666', 1: '0.0', 2: '0.0', 3: '2.500000000000003', 4: 343.15531630743817} 
{0: '0.6650246305418719', 1: '0.0', 2: '0.0', 3: '2.500000000000003', 4: 346.2030695199023} 
{0: '0.6658476658476659', 1: '0.0', 2: '0.0', 3: '2.351855716390306', 4: 345.4448327922405} 
{0: '0.6666666666666666', 1: '0.0', 2: '0.0', 3: '2.212490124287102', 4: 346.31847329039465} 
{0: '0.6674816625916871', 1: '0.0', 2: '0.0', 3: '2.081383018504685', 4: 342.1244304359555} 
{0: '0.6682926829268293', 1: '0.0', 2: '0.0', 3: '1.958045020027179', 4: 339.4589785790641} 
{0: '0.6690997566909975', 1: '0.0', 2: '0.0', 3: '1.842015749320195', 4: 326.17614784142984} 
{0: '0.6699029126213593', 1: '0.0', 2: '0.0', 3: '1.7328621078878674', 4: 332.6020012281926} 
{0: '0.6682808716707022', 1: '0.0', 2: '0.0', 3: '1.7328621078878674', 4: 324.699570005855} 
{0: '0.6690821256038647', 1: '0.0', 2: '0.0', 3: '1.842015749320195', 4: 342.2448106608549} 
{0: '0.6674698795180722', 1: '0.0', 2: '0.0', 3: '1.842015749320195', 4: 351.39786645260244} 
{0: '0.6658653846153846', 1: '0.0', 2: '0.0', 3: '1.842015749320195', 4: 354.09682522540953} 
{0: '0.6666666666666666', 1: '0.0', 2: '0.0', 3: '1.958045020027179', 4: 345.9462178367895} 
{0: '0.6650717703349283', 1: '0.0', 2: '0.0', 3: '1.958045020027179', 4: 350.3745665449268} 
{0: '0.6634844868735084', 1: '0.0', 2: '0.0', 3: '1.958045020027179', 4: 353.22864287535026} 
{0: '0.6642857142857143', 1: '0.0', 2: '0.0', 3: '2.081383018504685', 4: 355.8999691967766} 
{0: '0.66270783847981', 1: '0.0', 2: '0.0', 3: '2.081383018504685', 4: 357.92196659129536} 
{0: '0.6635071090047393', 1: '0.0', 2: '0.0', 3: '1.958045020027179', 4: 345.70990322812645} 
{0: '0.6643026004728132', 1: '0.0', 2: '0.0', 3: '1.842015749320195', 4: 348.8584432464261} 
{0: '0.6627358490566038', 1: '0.0', 2: '0.0', 3: '1.842015749320195', 4: 355.68111783072715} 
{0: '0.6611764705882353', 1: '0.0', 2: '0.0', 3: '1.842015749320195', 4: 356.9585424249088} 
{0: '0.6596244131455399', 1: '0.0', 2: '0.0', 3: '1.842015749320195', 4: 352.23700955443775} 
{0: '0.6604215456674473', 1: '0.0', 2: '0.0', 3: '1.958045020027179', 4: 373.9754753577652} 
{0: '0.6612149532710281', 1: '0.0', 2: '0.0', 3: '2.081383018504685', 4: 382.50211039864257} 
{0: '0.662004662004662', 1: '0.0', 2: '0.0', 3: '2.212490124287102', 4: 351.1761844421991} 
{0: '0.6604651162790698', 1: '0.0', 2: '0.0', 3: '2.212490124287102', 4: 399.96599678092997} 
{0: '0.6612529002320185', 1: '0.0', 2: '0.0', 3: '2.081383018504685', 4: 382.9692938009686} 
{0: '0.6597222222222222', 1: '0.0', 2: '0.0', 3: '2.081383018504685', 4: 372.79912829621605} 
{0: '0.6605080831408776', 1: '0.0', 2: '0.0', 3: '2.212490124287102', 4: 351.7713320349786} 
{0: '0.6589861751152074', 1: '0.0', 2: '0.0', 3: '2.212490124287102', 4: 371.44343001781533} 
{0: '0.6597701149425287', 1: '0.0', 2: '0.0', 3: '2.081383018504685', 4: 371.4010068465087} 
{0: '0.658256880733945', 1: '0.0', 2: '0.0', 3: '2.081383018504685', 4: 390.1258772150759} 
{0: '0.6590389016018307', 1: '0.0', 2: '0.0', 3: '2.212490124287102', 4: 381.5835902395753} 
{0: '0.6598173515981736', 1: '0.0', 2: '0.0', 3: '2.351855716390306', 4: 377.4456219788939} 
{0: '0.6605922551252847', 1: '0.0', 2: '0.0', 3: '2.500000000000003', 4: 394.28896273585514} 
{0: '0.6590909090909091', 1: '0.0', 2: '0.0', 3: '2.500000000000003', 4: 376.04276769118786} 
{0: '0.6598639455782312', 1: '0.0', 2: '0.0', 3: '2.351855716390306', 4: 373.0937748820549} 
{0: '0.6583710407239819', 1: '0.0', 2: '0.0', 3: '2.351855716390306', 4: 365.44982042776473} 
{0: '0.6591422121896162', 1: '0.0', 2: '0.0', 3: '2.500000000000003', 4: 362.12146000158685} 
{0: '0.6576576576576577', 1: '0.0', 2: '0.0', 3: '2.500000000000003', 4: 379.62643061518327} 
{0: '0.6584269662921348', 1: '0.0', 2: '0.0', 3: '2.351855716390306', 4: 362.551211540268} 
{0: '0.6569506726457399', 1: '0.0', 2: '0.0', 3: '2.351855716390306', 4: 397.456785729942} 
{0: '0.6577181208053692', 1: '0.0', 2: '0.0', 3: '2.500000000000003', 4: 378.9577835841197} 
{0: '0.65625', 1: '0.0', 2: '0.0', 3: '2.500000000000003', 4: 376.00698709180324} 
{0: '0.6570155902004454', 1: '0.0', 2: '0.0', 3: '2.351855716390306', 4: 356.6712100258051} 
{0: '0.6577777777777778', 1: '0.0', 2: '0.0', 3: '2.212490124287102', 4: 362.37548554335103} 
{0: '0.656319290465632', 1: '0.0', 2: '0.0', 3: '2.212490124287102', 4: 363.5668338052771} 
{0: '0.6570796460176991', 1: '0.0', 2: '0.0', 3: '2.351855716390306', 4: 367.04716660851216} 
{0: '0.6578366445916115', 1: '0.0', 2: '0.0', 3: '2.500000000000003', 4: 397.0968411598419} 
{0: '0.6563876651982379', 1: '0.0', 2: '0.0', 3: '2.500000000000003', 4: 377.54241382026237} 
{0: '0.6571428571428571', 1: '0.0', 2: '0.0', 3: '2.351855716390306', 4: 365.85851523255207} 
{0: '0.6578947368421053', 1: '0.0', 2: '0.0', 3: '2.212490124287102', 4: 364.78865244697624} 
{0: '0.6586433260393874', 1: '0.0', 2: '0.0', 3: '2.081383018504685', 4: 376.1751930857384} 
{0: '0.6572052401746725', 1: '0.0', 2: '0.0', 3: '2.081383018504685', 4: 376.3856203942952} 
{0: '0.6579520697167756', 1: '0.0', 2: '0.0', 3: '2.212490124287102', 4: 354.35388890884633} 
{0: '0.658695652173913', 1: '0.0', 2: '0.0', 3: '2.351855716390306', 4: 350.50689125042015} 
{0: '0.6594360086767896', 1: '0.0', 2: '0.0', 3: '2.500000000000003', 4: 376.1234652458698} 
{0: '0.658008658008658', 1: '0.0', 2: '0.0', 3: '2.500000000000003', 4: 389.92282344911166} 
{0: '0.6587473002159827', 1: '0.0', 2: '0.0', 3: '2.351855716390306', 4: 368.91728283339296} 
{0: '0.6573275862068966', 1: '0.0', 2: '0.0', 3: '2.351855716390306', 4: 376.99038317829115} 
{0: '0.6580645161290323', 1: '0.0', 2: '0.0', 3: '2.500000000000003', 4: 370.94906733054444} 
{0: '0.6566523605150214', 1: '0.0', 2: '0.0', 3: '2.500000000000003', 4: 394.0176417328472} 
{0: '0.6573875802997858', 1: '0.0', 2: '0.0', 3: '2.351855716390306', 4: 384.4831060553226} 
{0: '0.6581196581196581', 1: '0.0', 2: '0.0', 3: '2.212490124287102', 4: 333.1131629903635} 
{0: '0.6588486140724946', 1: '0.0', 2: '0.0', 3: '2.081383018504685', 4: 374.5995119954267} 
{0: '0.6574468085106383', 1: '0.0', 2: '0.0', 3: '2.081383018504685', 4: 373.8467543669722} 
{0: '0.6581740976645435', 1: '0.0', 2: '0.0', 3: '2.212490124287102', 4: 351.7386609057712} 
{0: '0.6588983050847458', 1: '0.0', 2: '0.0', 3: '2.351855716390306', 4: 384.1937378797784} 
{0: '0.6596194503171248', 1: '0.0', 2: '0.0', 3: '2.500000000000003', 4: 351.87119800918515} 
{0: '0.6582278481012658', 1: '0.0', 2: '0.0', 3: '2.500000000000003', 4: 404.8356513467645} 
{0: '0.6589473684210526', 1: '0.0', 2: '0.0', 3: '2.351855716390306', 4: 367.11674763225915} 
{0: '0.6596638655462185', 1: '0.0', 2: '0.0', 3: '2.212490124287102', 4: 379.5286503606023} 
{0: '0.6582809224318659', 1: '0.0', 2: '0.0', 3: '2.212490124287102', 4: 380.19134153008844} 
{0: '0.6589958158995816', 1: '0.0', 2: '0.0', 3: '2.351855716390306', 4: 388.9754127153729} 
{0: '0.6597077244258872', 1: '0.0', 2: '0.0', 3: '2.500000000000003', 4: 357.2729577034579} 
{0: '0.6583333333333333', 1: '0.0', 2: '0.0', 3: '2.500000000000003', 4: 382.1449220650669} 
{0: '0.659043659043659', 1: '0.0', 2: '0.0', 3: '2.351855716390306', 4: 382.2836841268136} 
{0: '0.6597510373443983', 1: '0.0', 2: '0.0', 3: '2.212490124287102', 4: 358.78671567929746} 
{0: '0.6583850931677019', 1: '0.0', 2: '0.0', 3: '2.212490124287102', 4: 368.3111994388387} 
{0: '0.6590909090909091', 1: '0.0', 2: '0.0', 3: '2.351855716390306', 4: 390.19876348521365} 
{0: '0.6597938144329897', 1: '0.0', 2: '0.0', 3: '2.500000000000003', 4: 381.98868309266055} 
{0: '0.6584362139917695', 1: '0.0', 2: '0.0', 3: '2.500000000000003', 4: 385.948303732819} 
{0: '0.6591375770020534', 1: '0.0', 2: '0.0', 3: '2.351855716390306', 4: 370.2064462799836} 
{0: '0.6577868852459017', 1: '0.0', 2: '0.0', 3: '2.351855716390306', 4: 377.583806883362} 
{0: '0.6584867075664622', 1: '0.0', 2: '0.0', 3: '2.500000000000003', 4: 372.3610469517662} 
{0: '0.6571428571428571', 1: '0.0', 2: '0.0', 3: '2.500000000000003', 4: 413.56649358000084} 
{0: '0.6558044806517311', 1: '0.0', 2: '0.0', 3: '2.500000000000003', 4: 373.1604257146621} 
{0: '0.6544715447154471', 1: '0.0', 2: '0.0', 3: '2.500000000000003', 4: 375.25229553842354} 
{0: '0.6551724137931034', 1: '0.0', 2: '0.0', 3: '2.351855716390306', 4: 368.56009416439707} 
{0: '0.6558704453441295', 1: '0.0', 2: '0.0', 3: '2.212490124287102', 4: 380.8512406212065} 
{0: '0.6565656565656566', 1: '0.0', 2: '0.0', 3: '2.081383018504685', 4: 343.59708064149106} 
{0: '0.657258064516129', 1: '0.0', 2: '0.0', 3: '1.958045020027179', 4: 381.543101867233} 
{0: '0.6559356136820925', 1: '0.0', 2: '0.0', 3: '1.958045020027179', 4: 351.8408475320737} 
{0: '0.6566265060240963', 1: '0.0', 2: '0.0', 3: '2.081383018504685', 4: 369.60005327915616} 
{0: '0.657314629258517', 1: '0.0', 2: '0.0', 3: '2.212490124287102', 4: 358.1937236186857} 
