{'STAT2HEADER': 'STAT2HEADER', 'STAT2HEADER_ENVIRON': 'environ({\'OMPI_MCA_pmix\': \'^s1,s2,cray,isolated\', \'PMIX_MCA_mca_base_component_show_load_errors\': \'1\', \'OMPI_COMMAND\': \'python3\', \'OMPI_ARGV\': \'static_snapshot.py 2 1min\', \'OMPI_MCA_orte_precondition_transports\': \'6b3589ceb072043f-0fd4425b7618d6bb\', \'LD_LIBRARY_PATH\': \'/salilab/diva1/programs/x86_64linux/numpy-py36-1.19.5/lib:/salilab/diva1/home/libs/x86_64/centos8:/salilab/diva1/home/libs/x86_64:/salilab/diva1/home/imp/main/20240607-af6f9d6a95/lib/release8:/salilab/diva1/programs/x86_64linux/opencv-4.3.0/lib64/rhel:/salilab/diva1/programs/x86_64linux/opencv-4.3.0/lib64:/salilab/diva1/programs/x86_64linux/hdf5-1.10.7/lib:/salilab/diva1/programs/x86_64linux/libtau-py27-1.0.1/lib64:/salilab/diva1/programs/x86_64linux/boost-1.73.0/lib64:/usr/lib64/openmpi/lib:/wynton/group/sali/miha_rozic/Software/imp-develop/build/lib::\', \'IMP_TMP_DIR\': \'/wynton/group/sali/miha_rozic/Software/imp-develop/build/tmp\', \'PE_HOSTFILE\': \'/var/spool/sge/wynton/qb3-id213/active_jobs/708609.1/pe_hostfile\', \'__LMOD_REF_COUNT_PATH\': \'/salilab/diva1/programs/x86_64linux/numpy-py36-1.19.5/bin:1;/salilab/diva1/home/imp/main/20240607-af6f9d6a95/bin/release8:1;/salilab/diva1/programs/x86_64linux/opencv-4.3.0/bin:1;/salilab/diva1/programs/x86_64linux/hdf5-1.10.7/bin:1;/usr/lib64/openmpi/bin:1;/wynton/home/sali/rozicmiha/.local/bin:1;/wynton/home/sali/rozicmiha/bin:1;/wynton/group/sali/miha_rozic/Software/imp-develop/build/bin:1;/wynton/group/sali/miha_rozic/Software/imp-develop/build/module_bin/EMageFit:1;/wynton/group/sali/miha_rozic/Software/imp-develop/build/module_bin/algebra:1;/wynton/group/sali/miha_rozic/Software/imp-develop/build/module_bin/atom:1;/wynton/group/sali/miha_rozic/Software/imp-develop/build/module_bin/benchmark:1;/wynton/group/sali/miha_rozic/Software/imp-develop/build/module_bin/cgal:1;/wynton/group/sali/miha_rozic/Software/imp-develop/build/module_bin/cnmultifit:1;/wynton/group/sali/miha_rozic/Software/imp-develop/build/module_bin/container:1;/wynton/group/sali/miha_rozic/Software/imp-develop/build/module_bin/core:1;/wynton/group/sali/miha_rozic/Software/imp-develop/build/module_bin/display:1;/wynton/group/sali/miha_rozic/Software/imp-develop/build/module_bin/domino:1;/wynton/group/sali/miha_rozic/Software/imp-develop/build/module_bin/em:1;/wynton/group/sali/miha_rozic/Software/imp-develop/build/module_bin/em2d:1;/wynton/group/sali/miha_rozic/Software/imp-develop/build/module_bin/example:1;/wynton/group/sali/miha_rozic/Software/imp-develop/build/module_bin/foxs:1;/wynton/group/sali/miha_rozic/Software/imp-develop/build/module_bin/gsl:1;/wynton/group/sali/miha_rozic/Software/imp-develop/build/module_bin/integrative_docking:1;/wynton/group/sali/miha_rozic/Software/imp-develop/build/module_bin/isd:1;/wynton/group/sali/miha_rozic/Software/imp-develop/build/module_bin/kernel:1;/wynton/group/sali/miha_rozic/Software/imp-develop/build/module_bin/kinematics:1;/wynton/group/sali/miha_rozic/Software/imp-develop/build/module_bin/kmeans:1;/wynton/group/sali/miha_rozic/Software/imp-develop/build/module_bin/misc:1;/wynton/group/sali/miha_rozic/Software/imp-develop/build/module_bin/mmcif:1;/wynton/group/sali/miha_rozic/Software/imp-develop/build/module_bin/modeller:1;/wynton/group/sali/miha_rozic/Software/imp-develop/build/module_bin/mpi:1;/wynton/group/sali/miha_rozic/Software/imp-develop/build/module_bin/multi_state:1;/wynton/group/sali/miha_rozic/Software/imp-develop/build/module_bin/multifit:1;/wynton/group/sali/miha_rozic/Software/imp-develop/build/module_bin/npc:1;/wynton/group/sali/miha_rozic/Software/imp-develop/build/module_bin/npcassembly:1;/wynton/group/sali/miha_rozic/Software/imp-develop/build/module_bin/parallel:1;/wynton/group/sali/miha_rozic/Software/imp-develop/build/module_bin/pepdock:1;/wynton/group/sali/miha_rozic/Software/imp-develop/build/module_bin/pmi:1;/wynton/group/sali/miha_rozic/Software/imp-develop/build/module_bin/rmf:1;/wynton/group/sali/miha_rozic/Software/imp-develop/build/module_bin/rotamer:1;/wynton/group/sali/miha_rozic/Software/imp-develop/build/module_bin/saxs:1;/wynton/group/sali/miha_rozic/Software/imp-develop/build/module_bin/saxs_merge:1;/wynton/group/sali/miha_rozic/Software/imp-develop/build/module_bin/score_functor:1;/wynton/group/sali/miha_rozic/Software/imp-develop/build/module_bin/scratch:1;/wynton/group/sali/miha_rozic/Software/imp-develop/build/module_bin/spb:1;/wynton/group/sali/miha_rozic/Software/imp-develop/build/module_bin/statistics:1;/wynton/group/sali/miha_rozic/Software/imp-develop/build/module_bin/symmetry:1;/wynton/group/sali/miha_rozic/Software/imp-develop/build/module_bin/test:1;/opt/sge/bin:1;/opt/sge/bin/lx-amd64:1;/scratch/708609.1.member.q:1;/usr/local/bin:1;/bin:1;/usr/bin:1;/usr/local/sbin:1;/usr/sbin:1\', \'_ModuleTable002_\': \'fSwKc3RhY2tEZXB0aCA9IDEsCnN0YXR1cyA9ICJhY3RpdmUiLAp1c2VyTmFtZSA9ICJib29zdC8xLjczLjAiLAp3ViA9ICIwMDAwMDAwMDEuMDAwMDAwMDczLip6ZmluYWwiLAp9LApoZGY1ID0gewpmbiA9ICIvc2FsaWxhYi9kaXZhMS9ob21lL21vZHVsZXMvaGRmNS8xLjEwLjciLApmdWxsTmFtZSA9ICJoZGY1LzEuMTAuNyIsCmxvYWRPcmRlciA9IDUsCnByb3BUID0ge30sCnN0YWNrRGVwdGggPSAyLApzdGF0dXMgPSAiYWN0aXZlIiwKdXNlck5hbWUgPSAiaGRmNS8xLjEwLjciLAp3ViA9ICIwMDAwMDAwMDEuMDAwMDAwMDEwLjAwMDAwMDAwNy4qemZpbmFsIiwKfSwKaW1wID0gewpmbiA9ICIvc2FsaWxhYi9kaXZhMS9ob21lL21vZHVsZXMvaW1wLzIuMjEuMCIsCmZ1bGxO\', \'IMP_DIR\': \'/salilab/diva1/home/imp/main/20240607-af6f9d6a95/lib/release8/cmake/IMP\', \'QUEUE\': \'member.q\', \'GOTO_NUM_THREADS\': \'1\', \'MPI_PYTHON3_SITEARCH\': \'/usr/lib64/python3.6/site-packages/openmpi\', \'LANG\': \'en_US.UTF-8\', \'HISTCONTROL\': \'ignoredups\', \'_ModuleTable008_\': \'cyIsCmZ1bGxOYW1lID0gInNhbGktbGlicmFyaWVzIiwKbG9hZE9yZGVyID0gOCwKcHJvcFQgPSB7fSwKc3RhY2tEZXB0aCA9IDEsCnN0YXR1cyA9ICJhY3RpdmUiLAp1c2VyTmFtZSA9ICJzYWxpLWxpYnJhcmllcyIsCndWID0gIk0uKnpmaW5hbCIsCn0sCn0sCm1wYXRoQSA9IHsKIi9zYWxpbGFiL2RpdmExL2hvbWUvbW9kdWxlcyIsICIvZXRjL21vZHVsZWZpbGVzIiwgIi91c3Ivc2hhcmUvbW9kdWxlZmlsZXMiCiwgIi91c3Ivc2hhcmUvbW9kdWxlZmlsZXMvTGludXgiLCAiL3Vzci9zaGFyZS9tb2R1bGVmaWxlcy9Db3JlIiwgIi91c3Ivc2hhcmUvbG1vZC9sbW9kL21vZHVsZWZpbGVzL0NvcmUiLAp9LApzeXN0ZW1CYXNlTVBBVEggPSAiL2V0Yy9tb2R1bGVmaWxlczovdXNy\', \'SGE_O_HOST\': \'dev1\', \'HOSTNAME\': \'qb3-id213.wynton.ucsf.edu\', \'OPENBLAS_NUM_THREADS\': \'1\', \'__LMOD_REF_COUNT_CMAKE_INCLUDE_PATH\': \'/salilab/diva1/programs/x86_64linux/opencv-4.3.0/include/opencv4:1;/salilab/diva1/programs/x86_64linux/hdf5-1.10.7/include:1;/salilab/diva1/programs/x86_64linux/libtau-py27-1.0.1/include:1;/salilab/diva1/programs/x86_64linux/boost-1.73.0/include:1\', \'SGE_RSH_COMMAND\': \'builtin\', \'ENVIRONMENT\': \'BATCH\', \'IMP_DATA\': \'/wynton/group/sali/miha_rozic/Software/imp-develop/build/data\', \'REQUEST\': \'test1\', \'SGE_STDIN_PATH\': \'/dev/null\', \'SGE_CELL\': \'wynton\', \'_ModuleTable007_\': \'MjEuMyIsCndWID0gIjAwMDAwMDAwMC4wMDAwMDAwMjEuMDAwMDAwMDAzLip6ZmluYWwiLAp9LApbInB5dGhvbjMvc2NpcHkiXSA9IHsKZm4gPSAiL3NhbGlsYWIvZGl2YTEvaG9tZS9tb2R1bGVzL3B5dGhvbjMvc2NpcHkvMS4zLjIiLApmdWxsTmFtZSA9ICJweXRob24zL3NjaXB5LzEuMy4yIiwKbG9hZE9yZGVyID0gMTAsCnByb3BUID0ge30sCnN0YWNrRGVwdGggPSAxLApzdGF0dXMgPSAiYWN0aXZlIiwKdXNlck5hbWUgPSAicHl0aG9uMy9zY2lweS8xLjMuMiIsCndWID0gIjAwMDAwMDAwMS4wMDAwMDAwMDMuMDAwMDAwMDAyLip6ZmluYWwiLAp9LApbInNhbGktbGlicmFyaWVzIl0gPSB7CmZuID0gIi9zYWxpbGFiL2RpdmExL2hvbWUvbW9kdWxlcy9zYWxpLWxpYnJhcmll\', \'CMAKE_INCLUDE_PATH\': \'/salilab/diva1/programs/x86_64linux/opencv-4.3.0/include/opencv4:/salilab/diva1/programs/x86_64linux/hdf5-1.10.7/include:/salilab/diva1/programs/x86_64linux/libtau-py27-1.0.1/include:/salilab/diva1/programs/x86_64linux/boost-1.73.0/include\', \'__LMOD_REF_COUNT_LD_LIBRARY_PATH\': \'/salilab/diva1/programs/x86_64linux/numpy-py36-1.19.5/lib:1;/salilab/diva1/home/libs/x86_64/centos8:1;/salilab/diva1/home/libs/x86_64:1;/salilab/diva1/home/imp/main/20240607-af6f9d6a95/lib/release8:1;/salilab/diva1/programs/x86_64linux/opencv-4.3.0/lib64/rhel:1;/salilab/diva1/programs/x86_64linux/opencv-4.3.0/lib64:1;/salilab/diva1/programs/x86_64linux/hdf5-1.10.7/lib:1;/salilab/diva1/programs/x86_64linux/libtau-py27-1.0.1/lib64:1;/salilab/diva1/programs/x86_64linux/boost-1.73.0/lib64:1;/usr/lib64/openmpi/lib:1;/wynton/group/sali/miha_rozic/Software/imp-develop/build/lib:2;:1\', \'__LMOD_REF_COUNT_PKG_CONFIG_PATH\': \'/usr/lib64/openmpi/lib/pkgconfig:1\', \'_ModuleTable004_\': \'aGFyZS9tb2R1bGVmaWxlcy9tcGkvb3Blbm1waS14ODZfNjQiLApmdWxsTmFtZSA9ICJtcGkvb3Blbm1waS14ODZfNjQiLApsb2FkT3JkZXIgPSAyLApwcm9wVCA9IHt9LApzdGFja0RlcHRoID0gMCwKc3RhdHVzID0gImFjdGl2ZSIsCnVzZXJOYW1lID0gIm1waS9vcGVubXBpLXg4Nl82NCIsCndWID0gIipvcGVubXBpLip4LjAwMDAwMDA4Ni4qXy4wMDAwMDAwNjQuKnpmaW5hbCIsCn0sCm9wZW5jdiA9IHsKZm4gPSAiL3NhbGlsYWIvZGl2YTEvaG9tZS9tb2R1bGVzL29wZW5jdi80LjMuMCIsCmZ1bGxOYW1lID0gIm9wZW5jdi80LjMuMCIsCmxvYWRPcmRlciA9IDYsCnByb3BUID0ge30sCnN0YWNrRGVwdGggPSAxLApzdGF0dXMgPSAiYWN0aXZlIiwKdXNlck5hbWUgPSAib3Bl\', \'__LMOD_REF_COUNT_PYTHONPATH\': \'/salilab/diva1/programs/x86_64linux/scikit-py36-0.21.3/lib64/python3.6/site-packages:1;/salilab/diva1/programs/linux/joblib-0.17.0/lib/python3.6/site-packages:1;/salilab/diva1/programs/x86_64linux/scipy-py36-1.3.2/lib64/python3.6/site-packages:1;/salilab/diva1/programs/x86_64linux/numpy-py36-1.19.5/lib64/python3.6/site-packages:1;/salilab/diva1/home/imp/main/20240607-af6f9d6a95/lib/release8:1;/salilab/diva1/programs/x86_64linux/opencv-4.3.0/lib/python3.6/site-packages:1;/wynton/group/sali/miha_rozic/Software/imp-develop/build/lib:2;:1\', \'which_declare\': \'declare -f\', \'NHOSTS\': \'1\', \'SGE_O_WORKDIR\': \'/wynton/group/sali/miha_rozic/Input_information/SNAPSHOTS/central_directory/snapshot2_1min/run40\', \'USER\': \'rozicmiha\', \'SGE_TASK_ID\': \'undefined\', \'__LMOD_REF_COUNT_CMAKE_LIBRARY_PATH\': \'/salilab/diva1/programs/x86_64linux/opencv-4.3.0/lib64:1;/salilab/diva1/programs/x86_64linux/hdf5-1.10.7/lib:1;/salilab/diva1/programs/x86_64linux/libtau-py27-1.0.1/lib64:1;/salilab/diva1/programs/x86_64linux/boost-1.73.0/lib64:1\', \'SGE_TASK_FIRST\': \'undefined\', \'NSLOTS\': \'16\', \'__LMOD_REF_COUNT_MODULEPATH\': \'/salilab/diva1/home/modules:1;/etc/modulefiles:1;/usr/share/modulefiles:1;/usr/share/modulefiles/Linux:1;/usr/share/modulefiles/Core:1;/usr/share/lmod/lmod/modulefiles/Core:1\', \'PWD\': \'/wynton/group/sali/miha_rozic/Input_information/SNAPSHOTS/central_directory/snapshot2_1min/run40\', \'HOME\': \'/wynton/home/sali/rozicmiha\', \'NQUEUES\': \'1\', \'TMP\': \'/scratch/708609.1.member.q\', \'PE\': \'smp\', \'SGE_O_HOME\': \'/wynton/home/sali/rozicmiha\', \'LMOD_VERSION\': \'8.7.32\', \'JOB_NAME\': \'test1\', \'BASH_ENV\': \'/usr/share/lmod/lmod/init/bash\', \'MPI_FORTRAN_MOD_DIR\': \'/usr/lib64/gfortran/modules/openmpi\', \'SGE_TASK_LAST\': \'undefined\', \'MKL_NUM_THREADS\': \'1\', \'MPI_COMPILER\': \'openmpi-x86_64\', \'SGE_ACCOUNT\': \'sge\', \'SGE_ROOT\': \'/opt/sge\', \'MPI_SUFFIX\': \'_openmpi\', \'TMPDIR\': \'/scratch/708609.1.member.q\', \'RESTARTED\': \'0\', \'LMOD_sys\': \'Linux\', \'_ModuleTable001_\': \'X01vZHVsZVRhYmxlXyA9IHsKTVR2ZXJzaW9uID0gMywKY19yZWJ1aWxkVGltZSA9IGZhbHNlLApjX3Nob3J0VGltZSA9IGZhbHNlLApkZXB0aFQgPSB7fSwKZmFtaWx5ID0ge30sCm1UID0gewpTYWxpID0gewpmbiA9ICIvZXRjL21vZHVsZWZpbGVzL1NhbGkubHVhIiwKZnVsbE5hbWUgPSAiU2FsaSIsCmxvYWRPcmRlciA9IDEsCnByb3BUID0ge30sCnN0YWNrRGVwdGggPSAwLApzdGF0dXMgPSAiYWN0aXZlIiwKdXNlck5hbWUgPSAiU2FsaSIsCndWID0gIk0uKnpmaW5hbCIsCn0sCmJvb3N0ID0gewpmbiA9ICIvc2FsaWxhYi9kaXZhMS9ob21lL21vZHVsZXMvYm9vc3QvMS43My4wIiwKZnVsbE5hbWUgPSAiYm9vc3QvMS43My4wIiwKbG9hZE9yZGVyID0gMywKcHJvcFQgPSB7\', \'LOADEDMODULES\': \'Sali:mpi/openmpi-x86_64:boost/1.73.0:libtau/1.0.1:hdf5/1.10.7:opencv/4.3.0:imp/2.21.0:sali-libraries:python3/numpy/1.19.5:python3/scipy/1.3.2:python3/joblib/0.17.0:python3/scikit/0.21.3\', \'SGE_O_PATH\': \'/salilab/diva1/programs/x86_64linux/numpy-py36-1.19.5/bin:/salilab/diva1/home/imp/main/20240607-af6f9d6a95/bin/release8:/salilab/diva1/programs/x86_64linux/opencv-4.3.0/bin:/salilab/diva1/programs/x86_64linux/hdf5-1.10.7/bin:/wynton/home/sali/rozicmiha/.local/bin:/wynton/home/sali/rozicmiha/bin:/wynton/group/sali/miha_rozic/Software/imp-develop/build/bin:/wynton/group/sali/miha_rozic/Software/imp-develop/build/module_bin/EMageFit:/wynton/group/sali/miha_rozic/Software/imp-develop/build/module_bin/algebra:/wynton/group/sali/miha_rozic/Software/imp-develop/build/module_bin/atom:/wynton/group/sali/miha_rozic/Software/imp-develop/build/module_bin/benchmark:/wynton/group/sali/miha_rozic/Software/imp-develop/build/module_bin/cgal:/wynton/group/sali/miha_rozic/Software/imp-develop/build/module_bin/cnmultifit:/wynton/group/sali/miha_rozic/Software/imp-develop/build/module_bin/container:/wynton/group/sali/miha_rozic/Software/imp-develop/build/module_bin/core:/wynton/group/sali/miha_rozic/Software/imp-develop/build/module_bin/display:/wynton/group/sali/miha_rozic/Software/imp-develop/build/module_bin/domino:/wynton/group/sali/miha_rozic/Software/imp-develop/build/module_bin/em:/wynton/group/sali/miha_rozic/Software/imp-develop/build/module_bin/em2d:/wynton/group/sali/miha_rozic/Software/imp-develop/build/module_bin/example:/wynton/group/sali/miha_rozic/Software/imp-develop/build/module_bin/foxs:/wynton/group/sali/miha_rozic/Software/imp-develop/build/module_bin/gsl:/wynton/group/sali/miha_rozic/Software/imp-develop/build/module_bin/integrative_docking:/wynton/group/sali/miha_rozic/Software/imp-develop/build/module_bin/isd:/wynton/group/sali/miha_rozic/Software/imp-develop/build/module_bin/kernel:/wynton/group/sali/miha_rozic/Software/imp-develop/build/module_bin/kinematics:/wynton/group/sali/miha_rozic/Software/imp-develop/build/module_bin/kmeans:/wynton/group/sali/miha_rozic/Software/imp-develop/build/module_bin/misc:/wynton/group/sali/miha_rozic/Software/imp-develop/build/module_bin/mmcif:/wynton/group/sali/miha_rozic/Software/imp-develop/build/module_bin/modeller:/wynton/group/sali/miha_rozic/Software/imp-develop/build/module_bin/mpi:/wynton/group/sali/miha_rozic/Software/imp-develop/build/module_bin/multi_state:/wynton/group/sali/miha_rozic/Software/imp-develop/build/module_bin/multifit:/wynton/group/sali/miha_rozic/Software/imp-develop/build/module_bin/npc:/wynton/group/sali/miha_rozic/Software/imp-develop/build/module_bin/npcassembly:/wynton/group/sali/miha_rozic/Software/imp-develop/build/module_bin/parallel:/wynton/group/sali/miha_rozic/Software/imp-develop/build/module_bin/pepdock:/wynton/group/sali/miha_rozic/Software/imp-develop/build/module_bin/pmi:/wynton/group/sali/miha_rozic/Software/imp-develop/build/module_bin/rmf:/wynton/group/sali/miha_rozic/Software/imp-develop/build/module_bin/rotamer:/wynton/group/sali/miha_rozic/Software/imp-develop/build/module_bin/saxs:/wynton/group/sali/miha_rozic/Software/imp-develop/build/module_bin/saxs_merge:/wynton/group/sali/miha_rozic/Software/imp-develop/build/module_bin/score_functor:/wynton/group/sali/miha_rozic/Software/imp-develop/build/module_bin/scratch:/wynton/group/sali/miha_rozic/Software/imp-develop/build/module_bin/spb:/wynton/group/sali/miha_rozic/Software/imp-develop/build/module_bin/statistics:/wynton/group/sali/miha_rozic/Software/imp-develop/build/module_bin/symmetry:/wynton/group/sali/miha_rozic/Software/imp-develop/build/module_bin/test:/opt/sge/bin:/opt/sge/bin/lx-amd64:/usr/local/bin:/usr/bin:/usr/local/sbin:/usr/sbin\', \'SGE_O_SHELL\': \'/bin/bash\', \'_ModuleTable006_\': \'bWUgPSAicHl0aG9uMy9udW1weS8xLjE5LjUiLApsb2FkT3JkZXIgPSA5LApwcm9wVCA9IHt9LApzdGFja0RlcHRoID0gMiwKc3RhdHVzID0gImFjdGl2ZSIsCnVzZXJOYW1lID0gInB5dGhvbjMvbnVtcHkvMS4xOS41IiwKd1YgPSAiMDAwMDAwMDAxLjAwMDAwMDAxOS4wMDAwMDAwMDUuKnpmaW5hbCIsCn0sClsicHl0aG9uMy9zY2lraXQiXSA9IHsKZm4gPSAiL3NhbGlsYWIvZGl2YTEvaG9tZS9tb2R1bGVzL3B5dGhvbjMvc2Npa2l0LzAuMjEuMyIsCmZ1bGxOYW1lID0gInB5dGhvbjMvc2Npa2l0LzAuMjEuMyIsCmxvYWRPcmRlciA9IDEyLApwcm9wVCA9IHt9LApzdGFja0RlcHRoID0gMCwKc3RhdHVzID0gImFjdGl2ZSIsCnVzZXJOYW1lID0gInB5dGhvbjMvc2Npa2l0LzAu\', \'__LMOD_REF_COUNT_MANPATH\': \':2;/usr/share/man/openmpi-x86_64:1;/opt/sge/man:1;/usr/share/lmod/lmod/share/man:1\', \'MPI_INCLUDE\': \'/usr/include/openmpi-x86_64\', \'_ModuleTable003_\': \'YW1lID0gImltcC8yLjIxLjAiLApsb2FkT3JkZXIgPSA3LApwcm9wVCA9IHt9LApzdGFja0RlcHRoID0gMCwKc3RhdHVzID0gImFjdGl2ZSIsCnVzZXJOYW1lID0gImltcCIsCndWID0gIl4wMDAwMDAwMi4wMDAwMDAwMjEuKnpmaW5hbCIsCn0sCmxpYnRhdSA9IHsKZm4gPSAiL3NhbGlsYWIvZGl2YTEvaG9tZS9tb2R1bGVzL2xpYnRhdS8xLjAuMSIsCmZ1bGxOYW1lID0gImxpYnRhdS8xLjAuMSIsCmxvYWRPcmRlciA9IDQsCnByb3BUID0ge30sCnN0YWNrRGVwdGggPSAxLApzdGF0dXMgPSAiYWN0aXZlIiwKdXNlck5hbWUgPSAibGlidGF1LzEuMC4xIiwKd1YgPSAiMDAwMDAwMDAxLjAwMDAwMDAwMC4wMDAwMDAwMDEuKnpmaW5hbCIsCn0sCm1waSA9IHsKZm4gPSAiL3Vzci9z\', \'LMOD_ROOT\': \'/usr/share/lmod\', \'SYSTEMCTL_SKIP_REDIRECT\': \'\', \'MAIL\': \'/var/spool/mail/rozicmiha\', \'SGE_CWD_PATH\': \'/wynton/group/sali/miha_rozic/Input_information/SNAPSHOTS/central_directory/snapshot2_1min/run40\', \'MPI_HOME\': \'/usr/lib64/openmpi\', \'_ModuleTable009_\': \'L3NoYXJlL21vZHVsZWZpbGVzOi91c3Ivc2hhcmUvbW9kdWxlZmlsZXMvTGludXg6L3Vzci9zaGFyZS9tb2R1bGVmaWxlcy9Db3JlOi91c3Ivc2hhcmUvbG1vZC9sbW9kL21vZHVsZWZpbGVzL0NvcmUiLAp9Cg==\', \'SGE_TASK_STEPSIZE\': \'undefined\', \'SHELL\': \'/bin/bash\', \'TERM\': \'\', \'_ModuleTable_Sz_\': \'9\', \'SGE_JOB_SPOOL_DIR\': \'/var/spool/sge/wynton/qb3-id213/active_jobs/708609.1\', \'JOB_ID\': \'708609\', \'IMP_EXAMPLE_DATA\': \'/wynton/group/sali/miha_rozic/Software/imp-develop/build/doc/examples\', \'R_FUTURE_AVAILABLECORES_FALLBACK\': \'1\', \'JOB_SCRIPT\': \'/var/spool/sge/wynton/qb3-id213/job_scripts/708609\', \'SHLVL\': \'2\', \'SGE_O_LOGNAME\': \'rozicmiha\', \'SGE_O_MAIL\': \'/var/spool/mail/rozicmiha\', \'PYTHONPATH\': \'/salilab/diva1/programs/x86_64linux/scikit-py36-0.21.3/lib64/python3.6/site-packages:/salilab/diva1/programs/linux/joblib-0.17.0/lib/python3.6/site-packages:/salilab/diva1/programs/x86_64linux/scipy-py36-1.3.2/lib64/python3.6/site-packages:/salilab/diva1/programs/x86_64linux/numpy-py36-1.19.5/lib64/python3.6/site-packages:/salilab/diva1/home/imp/main/20240607-af6f9d6a95/lib/release8:/salilab/diva1/programs/x86_64linux/opencv-4.3.0/lib/python3.6/site-packages:/wynton/group/sali/miha_rozic/Software/imp-develop/build/lib::\', \'MANPATH\': \':/usr/share/man/openmpi-x86_64:/opt/sge/man:/usr/share/lmod/lmod/share/man\', \'MODULEPATH\': \'/salilab/diva1/home/modules:/etc/modulefiles:/usr/share/modulefiles:/usr/share/modulefiles/Linux:/usr/share/modulefiles/Core:/usr/share/lmod/lmod/modulefiles/Core\', \'MPI_SYSCONFIG\': \'/etc/openmpi-x86_64\', \'LOGNAME\': \'rozicmiha\', \'SYSTEMCTL_IGNORE_DEPENDENCIES\': \'\', \'MODULEPATH_ROOT\': \'/usr/share/modulefiles\', \'PATH\': \'/salilab/diva1/programs/x86_64linux/numpy-py36-1.19.5/bin:/salilab/diva1/home/imp/main/20240607-af6f9d6a95/bin/release8:/salilab/diva1/programs/x86_64linux/opencv-4.3.0/bin:/salilab/diva1/programs/x86_64linux/hdf5-1.10.7/bin:/usr/lib64/openmpi/bin:/wynton/home/sali/rozicmiha/.local/bin:/wynton/home/sali/rozicmiha/bin:/wynton/group/sali/miha_rozic/Software/imp-develop/build/bin:/wynton/group/sali/miha_rozic/Software/imp-develop/build/module_bin/EMageFit:/wynton/group/sali/miha_rozic/Software/imp-develop/build/module_bin/algebra:/wynton/group/sali/miha_rozic/Software/imp-develop/build/module_bin/atom:/wynton/group/sali/miha_rozic/Software/imp-develop/build/module_bin/benchmark:/wynton/group/sali/miha_rozic/Software/imp-develop/build/module_bin/cgal:/wynton/group/sali/miha_rozic/Software/imp-develop/build/module_bin/cnmultifit:/wynton/group/sali/miha_rozic/Software/imp-develop/build/module_bin/container:/wynton/group/sali/miha_rozic/Software/imp-develop/build/module_bin/core:/wynton/group/sali/miha_rozic/Software/imp-develop/build/module_bin/display:/wynton/group/sali/miha_rozic/Software/imp-develop/build/module_bin/domino:/wynton/group/sali/miha_rozic/Software/imp-develop/build/module_bin/em:/wynton/group/sali/miha_rozic/Software/imp-develop/build/module_bin/em2d:/wynton/group/sali/miha_rozic/Software/imp-develop/build/module_bin/example:/wynton/group/sali/miha_rozic/Software/imp-develop/build/module_bin/foxs:/wynton/group/sali/miha_rozic/Software/imp-develop/build/module_bin/gsl:/wynton/group/sali/miha_rozic/Software/imp-develop/build/module_bin/integrative_docking:/wynton/group/sali/miha_rozic/Software/imp-develop/build/module_bin/isd:/wynton/group/sali/miha_rozic/Software/imp-develop/build/module_bin/kernel:/wynton/group/sali/miha_rozic/Software/imp-develop/build/module_bin/kinematics:/wynton/group/sali/miha_rozic/Software/imp-develop/build/module_bin/kmeans:/wynton/group/sali/miha_rozic/Software/imp-develop/build/module_bin/misc:/wynton/group/sali/miha_rozic/Software/imp-develop/build/module_bin/mmcif:/wynton/group/sali/miha_rozic/Software/imp-develop/build/module_bin/modeller:/wynton/group/sali/miha_rozic/Software/imp-develop/build/module_bin/mpi:/wynton/group/sali/miha_rozic/Software/imp-develop/build/module_bin/multi_state:/wynton/group/sali/miha_rozic/Software/imp-develop/build/module_bin/multifit:/wynton/group/sali/miha_rozic/Software/imp-develop/build/module_bin/npc:/wynton/group/sali/miha_rozic/Software/imp-develop/build/module_bin/npcassembly:/wynton/group/sali/miha_rozic/Software/imp-develop/build/module_bin/parallel:/wynton/group/sali/miha_rozic/Software/imp-develop/build/module_bin/pepdock:/wynton/group/sali/miha_rozic/Software/imp-develop/build/module_bin/pmi:/wynton/group/sali/miha_rozic/Software/imp-develop/build/module_bin/rmf:/wynton/group/sali/miha_rozic/Software/imp-develop/build/module_bin/rotamer:/wynton/group/sali/miha_rozic/Software/imp-develop/build/module_bin/saxs:/wynton/group/sali/miha_rozic/Software/imp-develop/build/module_bin/saxs_merge:/wynton/group/sali/miha_rozic/Software/imp-develop/build/module_bin/score_functor:/wynton/group/sali/miha_rozic/Software/imp-develop/build/module_bin/scratch:/wynton/group/sali/miha_rozic/Software/imp-develop/build/module_bin/spb:/wynton/group/sali/miha_rozic/Software/imp-develop/build/module_bin/statistics:/wynton/group/sali/miha_rozic/Software/imp-develop/build/module_bin/symmetry:/wynton/group/sali/miha_rozic/Software/imp-develop/build/module_bin/test:/opt/sge/bin:/opt/sge/bin/lx-amd64:/scratch/708609.1.member.q:/usr/local/bin:/bin:/usr/bin:/usr/local/sbin:/usr/sbin\', \'MPI_BIN\': \'/usr/lib64/openmpi/bin\', \'SGE_STDERR_PATH\': \'/wynton/group/sali/miha_rozic/Input_information/SNAPSHOTS/central_directory/snapshot2_1min/run40/test1.o708609\', \'_LMFILES_\': \'/etc/modulefiles/Sali.lua:/usr/share/modulefiles/mpi/openmpi-x86_64:/salilab/diva1/home/modules/boost/1.73.0:/salilab/diva1/home/modules/libtau/1.0.1:/salilab/diva1/home/modules/hdf5/1.10.7:/salilab/diva1/home/modules/opencv/4.3.0:/salilab/diva1/home/modules/imp/2.21.0:/salilab/diva1/home/modules/sali-libraries:/salilab/diva1/home/modules/python3/numpy/1.19.5:/salilab/diva1/home/modules/python3/scipy/1.3.2:/salilab/diva1/home/modules/python3/joblib/0.17.0:/salilab/diva1/home/modules/python3/scikit/0.21.3\', \'DEBUGINFOD_URLS\': \'https://debuginfod.centos.org/ \', \'MODULESHOME\': \'/usr/share/lmod/lmod\', \'PKG_CONFIG_PATH\': \'/usr/lib64/openmpi/lib/pkgconfig\', \'LMOD_SETTARG_FULL_SUPPORT\': \'no\', \'HISTSIZE\': \'1000\', \'SGE_ARCH\': \'lx-amd64\', \'LMOD_PKG\': \'/usr/share/lmod/lmod\', \'CMAKE_LIBRARY_PATH\': \'/salilab/diva1/programs/x86_64linux/opencv-4.3.0/lib64:/salilab/diva1/programs/x86_64linux/hdf5-1.10.7/lib:/salilab/diva1/programs/x86_64linux/libtau-py27-1.0.1/lib64:/salilab/diva1/programs/x86_64linux/boost-1.73.0/lib64\', \'ARC\': \'lx-amd64\', \'MPI_LIB\': \'/usr/lib64/openmpi/lib\', \'SGE_BINARY_PATH\': \'/opt/sge/bin/lx-amd64\', \'SGE_STDOUT_PATH\': \'/wynton/group/sali/miha_rozic/Input_information/SNAPSHOTS/central_directory/snapshot2_1min/run40/test1.o708609\', \'_ModuleTable005_\': \'bmN2LzQuMy4wIiwKd1YgPSAiMDAwMDAwMDA0LjAwMDAwMDAwMy4qemZpbmFsIiwKfSwKWyJweXRob24zL2pvYmxpYiJdID0gewpmbiA9ICIvc2FsaWxhYi9kaXZhMS9ob21lL21vZHVsZXMvcHl0aG9uMy9qb2JsaWIvMC4xNy4wIiwKZnVsbE5hbWUgPSAicHl0aG9uMy9qb2JsaWIvMC4xNy4wIiwKbG9hZE9yZGVyID0gMTEsCnByb3BUID0ge30sCnN0YWNrRGVwdGggPSAxLApzdGF0dXMgPSAiYWN0aXZlIiwKdXNlck5hbWUgPSAicHl0aG9uMy9qb2JsaWIiLAp3ViA9ICIwMDAwMDAwMDAuMDAwMDAwMDE3Lip6ZmluYWwiLAp9LApbInB5dGhvbjMvbnVtcHkiXSA9IHsKZm4gPSAiL3NhbGlsYWIvZGl2YTEvaG9tZS9tb2R1bGVzL3B5dGhvbjMvbnVtcHkvMS4xOS41IiwKZnVsbE5h\', \'LMOD_CMD\': \'/usr/share/lmod/lmod/libexec/lmod\', \'REQNAME\': \'test1\', \'IMP_BIN_DIR\': \'/wynton/group/sali/miha_rozic/Software/imp-develop/build/bin\', \'MPI_MAN\': \'/usr/share/man/openmpi-x86_64\', \'LESSOPEN\': \'||/usr/bin/lesspipe.sh %s\', \'OMP_NUM_THREADS\': \'1\', \'SGE_CLUSTER_NAME\': \'wynton_cluster\', \'LMOD_DIR\': \'/usr/share/lmod/lmod/libexec\', \'BASH_FUNC_which%%\': \'() {  ( alias;\\n eval ${which_declare} ) | /usr/bin/which --tty-only --read-alias --read-functions --show-tilde --show-dot $@\\n}\', \'BASH_FUNC_module%%\': \'() {  if [ -z "${LMOD_SH_DBG_ON+x}" ]; then\\n case "$-" in \\n *v*x*)\\n __lmod_sh_dbg=\\\'vx\\\'\\n ;;\\n *v*)\\n __lmod_sh_dbg=\\\'v\\\'\\n ;;\\n *x*)\\n __lmod_sh_dbg=\\\'x\\\'\\n ;;\\n esac;\\n fi;\\n if [ -n "${__lmod_sh_dbg:-}" ]; then\\n set +$__lmod_sh_dbg;\\n echo "Shell debugging temporarily silenced: export LMOD_SH_DBG_ON=1 for Lmod\\\'s output" 1>&2;\\n fi;\\n eval "$($LMOD_CMD shell "$@")" && eval "$(${LMOD_SETTARG_CMD:-:} -s sh)";\\n __lmod_my_status=$?;\\n if [ -n "${__lmod_sh_dbg:-}" ]; then\\n echo "Shell debugging restarted" 1>&2;\\n set -$__lmod_sh_dbg;\\n fi;\\n unset __lmod_sh_dbg;\\n return $__lmod_my_status\\n}\', \'BASH_FUNC_ml%%\': \'() {  eval "$($LMOD_DIR/ml_cmd "$@")"\\n}\', \'_\': \'/usr/lib64/openmpi/bin/mpirun\', \'IPATH_NO_BACKTRACE\': \'1\', \'HFI_NO_BACKTRACE\': \'1\', \'OMPI_MCA_orte_local_daemon_uri\': \'1831731200.0;tcp://172.26.38.213:59367\', \'OMPI_MCA_orte_hnp_uri\': \'1831731200.0;tcp://172.26.38.213:59367\', \'OMPI_MCA_mpi_oversubscribe\': \'0\', \'OMPI_MCA_orte_app_num\': \'0\', \'OMPI_UNIVERSE_SIZE\': \'16\', \'OMPI_MCA_orte_num_nodes\': \'1\', \'OMPI_MCA_shmem_RUNTIME_QUERY_hint\': \'mmap\', \'OMPI_MCA_orte_bound_at_launch\': \'1\', \'OMPI_MCA_ess\': \'^singleton\', \'OMPI_MCA_orte_ess_num_procs\': \'16\', \'OMPI_COMM_WORLD_SIZE\': \'16\', \'OMPI_COMM_WORLD_LOCAL_SIZE\': \'16\', \'OMPI_MCA_orte_tmpdir_base\': \'/scratch/708609.1.member.q\', \'OMPI_MCA_orte_top_session_dir\': \'/scratch/708609.1.member.q/ompi.qb3-id213.11149\', \'OMPI_MCA_orte_jobfam_session_dir\': \'/scratch/708609.1.member.q/ompi.qb3-id213.11149/pid.2749856\', \'OMPI_NUM_APP_CTX\': \'1\', \'OMPI_FIRST_RANKS\': \'0\', \'OMPI_APP_CTX_NUM_PROCS\': \'16\', \'OMPI_MCA_initial_wdir\': \'/wynton/group/sali/miha_rozic/Input_information/SNAPSHOTS/central_directory/snapshot2_1min/run40\', \'OMPI_MCA_orte_launch\': \'1\', \'PMIX_NAMESPACE\': \'1831731201\', \'PMIX_RANK\': \'9\', \'PMIX_SERVER_URI2\': \'1831731200.0;tcp4://127.0.0.1:33395\', \'PMIX_SERVER_URI21\': \'1831731200.0;tcp4://127.0.0.1:33395\', \'PMIX_SECURITY_MODE\': \'native,none\', \'PMIX_PTL_MODULE\': \'tcp,usock\', \'PMIX_BFROP_BUFFER_TYPE\': \'PMIX_BFROP_BUFFER_NON_DESC\', \'PMIX_GDS_MODULE\': \'ds21,ds12,hash\', \'PMIX_SERVER_TMPDIR\': \'/scratch/708609.1.member.q/ompi.qb3-id213.11149/pid.2749856\', \'PMIX_SYSTEM_TMPDIR\': \'/scratch/708609.1.member.q\', \'PMIX_DSTORE_21_BASE_PATH\': \'/scratch/708609.1.member.q/ompi.qb3-id213.11149/pid.2749856/pmix_dstor_ds21_2749856\', \'PMIX_DSTORE_ESH_BASE_PATH\': \'/scratch/708609.1.member.q/ompi.qb3-id213.11149/pid.2749856/pmix_dstor_ds12_2749856\', \'OMPI_MCA_ess_base_jobid\': \'1831731201\', \'OMPI_MCA_ess_base_vpid\': \'9\', \'OMPI_COMM_WORLD_RANK\': \'9\', \'OMPI_COMM_WORLD_LOCAL_RANK\': \'9\', \'OMPI_COMM_WORLD_NODE_RANK\': \'9\', \'OMPI_MCA_orte_ess_node_rank\': \'9\', \'PMIX_ID\': \'1831731201.9\', \'OMPI_FILE_LOCATION\': \'/scratch/708609.1.member.q/ompi.qb3-id213.11149/pid.2749856/0/0\', \'KMP_DUPLICATE_LIB_OK\': \'True\', \'KMP_INIT_AT_FORK\': \'FALSE\'})', 'STAT2HEADER_IMP_VERSIONS': "{'IMP_VERSION': '2.21.0', 'PMI_VERSION': '2.21.0'}", 0: 'ReplicaExchange_SwapSuccessRatio', 1: 'ReplicaExchange_MinTempFrequency', 2: 'ReplicaExchange_MaxTempFrequency', 3: 'ReplicaExchange_CurrentTemp', 4: 'score'} 
{0: '0', 1: '0', 2: '0', 3: '1.7328621078878674', 4: inf} 
{0: '0.0', 1: '0.0', 2: '0.0', 3: '1.7328621078878674', 4: inf} 
{0: '0.0', 1: '0.0', 2: '0.0', 3: '1.7328621078878674', 4: inf} 
{0: '0.0', 1: '0.0', 2: '0.0', 3: '1.7328621078878674', 4: inf} 
{0: '0.0', 1: '0.0', 2: '0.0', 3: '1.7328621078878674', 4: inf} 
{0: '0.0', 1: '0.0', 2: '0.0', 3: '1.7328621078878674', 4: inf} 
{0: '0.0', 1: '0.0', 2: '0.0', 3: '1.7328621078878674', 4: inf} 
{0: '0.0', 1: '0.0', 2: '0.0', 3: '1.7328621078878674', 4: inf} 
{0: '0.0', 1: '0.0', 2: '0.0', 3: '1.7328621078878674', 4: inf} 
{0: '0.0', 1: '0.0', 2: '0.0', 3: '1.7328621078878674', 4: inf} 
{0: '0.0', 1: '0.0', 2: '0.0', 3: '1.7328621078878674', 4: inf} 
{0: '0.0', 1: '0.0', 2: '0.0', 3: '1.7328621078878674', 4: inf} 
{0: '0.0', 1: '0.0', 2: '0.0', 3: '1.7328621078878674', 4: inf} 
{0: '0.0', 1: '0.0', 2: '0.0', 3: '1.7328621078878674', 4: inf} 
{0: '0.0', 1: '0.0', 2: '0.0', 3: '1.7328621078878674', 4: inf} 
{0: '0.0', 1: '0.0', 2: '0.0', 3: '1.7328621078878674', 4: inf} 
{0: '0.0', 1: '0.0', 2: '0.0', 3: '1.7328621078878674', 4: inf} 
{0: '0.0', 1: '0.0', 2: '0.0', 3: '1.7328621078878674', 4: inf} 
{0: '0.0', 1: '0.0', 2: '0.0', 3: '1.7328621078878674', 4: inf} 
{0: '0.0', 1: '0.0', 2: '0.0', 3: '1.7328621078878674', 4: inf} 
{0: '0.0', 1: '0.0', 2: '0.0', 3: '1.7328621078878674', 4: inf} 
{0: '0.0', 1: '0.0', 2: '0.0', 3: '1.7328621078878674', 4: inf} 
{0: '0.0', 1: '0.0', 2: '0.0', 3: '1.7328621078878674', 4: inf} 
{0: '0.0', 1: '0.0', 2: '0.0', 3: '1.7328621078878674', 4: inf} 
{0: '0.0', 1: '0.0', 2: '0.0', 3: '1.7328621078878674', 4: inf} 
{0: '0.0', 1: '0.0', 2: '0.0', 3: '1.7328621078878674', 4: inf} 
{0: '0.0', 1: '0.0', 2: '0.0', 3: '1.7328621078878674', 4: inf} 
{0: '0.0', 1: '0.0', 2: '0.0', 3: '1.7328621078878674', 4: inf} 
{0: '0.0', 1: '0.0', 2: '0.0', 3: '1.7328621078878674', 4: inf} 
{0: '0.0', 1: '0.0', 2: '0.0', 3: '1.7328621078878674', 4: 9277.359815345868} 
{0: '0.03333333333333333', 1: '0.0', 2: '0.0', 3: '1.842015749320195', 4: 2132.9510948130123} 
{0: '0.06451612903225806', 1: '0.0', 2: '0.0', 3: '1.958045020027179', 4: 1209.752544358293} 
{0: '0.09375', 1: '0.0', 2: '0.0', 3: '2.081383018504685', 4: 591.582914110022} 
{0: '0.12121212121212122', 1: '0.0', 2: '0.0', 3: '2.212490124287102', 4: 569.36504900654} 
{0: '0.14705882352941177', 1: '0.0', 2: '0.0', 3: '2.351855716390306', 4: 559.8279718891235} 
{0: '0.17142857142857143', 1: '0.0', 2: '0.0', 3: '2.500000000000003', 4: 559.3103375815539} 
{0: '0.16666666666666666', 1: '0.0', 2: '0.0', 3: '2.500000000000003', 4: 579.4889973680074} 
{0: '0.1891891891891892', 1: '0.0', 2: '0.0', 3: '2.351855716390306', 4: 561.548968349474} 
{0: '0.21052631578947367', 1: '0.0', 2: '0.0', 3: '2.212490124287102', 4: 576.2618003573908} 
{0: '0.23076923076923078', 1: '0.0', 2: '0.0', 3: '2.081383018504685', 4: 560.6165159953381} 
{0: '0.25', 1: '0.0', 2: '0.0', 3: '1.958045020027179', 4: 562.7709540316117} 
{0: '0.2682926829268293', 1: '0.0', 2: '0.0', 3: '1.842015749320195', 4: 559.1852151068775} 
{0: '0.2857142857142857', 1: '0.0', 2: '0.0', 3: '1.7328621078878674', 4: 559.7753871005593} 
{0: '0.3023255813953488', 1: '0.0', 2: '0.0', 3: '1.6301766616608926', 4: 564.6473816053779} 
{0: '0.3181818181818182', 1: '0.0', 2: '0.0', 3: '1.5335761201812925', 4: 560.6885744138094} 
{0: '0.3333333333333333', 1: '0.0', 2: '0.0', 3: '1.4426999059072143', 4: 561.1000940414663} 
{0: '0.34782608695652173', 1: '0.0', 2: '0.0', 3: '1.3572088082974538', 4: 580.7407478017969} 
{0: '0.3404255319148936', 1: '0.0', 2: '0.0', 3: '1.3572088082974538', 4: 559.6887122120945} 
{0: '0.3541666666666667', 1: '0.0', 2: '0.0', 3: '1.4426999059072143', 4: 561.5340978518668} 
{0: '0.3673469387755102', 1: '0.0', 2: '0.0', 3: '1.5335761201812925', 4: 563.6891059504824} 
{0: '0.38', 1: '0.0', 2: '0.0', 3: '1.6301766616608926', 4: 557.3392052756343} 
{0: '0.37254901960784315', 1: '0.0', 2: '0.0', 3: '1.6301766616608926', 4: 560.8699194428882} 
{0: '0.38461538461538464', 1: '0.0', 2: '0.0', 3: '1.5335761201812925', 4: 565.310407321188} 
{0: '0.39622641509433965', 1: '0.0', 2: '0.0', 3: '1.4426999059072143', 4: 563.8600804173016} 
{0: '0.4074074074074074', 1: '0.0', 2: '0.0', 3: '1.3572088082974538', 4: 558.7511251661764} 
{0: '0.41818181818181815', 1: '0.0', 2: '0.0', 3: '1.2767837176518553', 4: 559.9014512737616} 
{0: '0.42857142857142855', 1: '0.0', 2: '0.0', 3: '1.2011244339814315', 4: 559.8955285237176} 
{0: '0.42105263157894735', 1: '0.0', 2: '0.0', 3: '1.2011244339814315', 4: 562.6298037712003} 
{0: '0.43103448275862066', 1: '0.0', 2: '0.0', 3: '1.2767837176518553', 4: 557.8935229225822} 
{0: '0.4406779661016949', 1: '0.0', 2: '0.0', 3: '1.3572088082974538', 4: 559.2811606368039} 
{0: '0.43333333333333335', 1: '0.0', 2: '0.0', 3: '1.3572088082974538', 4: 562.2429499925989} 
{0: '0.4426229508196721', 1: '0.0', 2: '0.0', 3: '1.2767837176518553', 4: 561.6737319853596} 
{0: '0.45161290322580644', 1: '0.0', 2: '0.0', 3: '1.2011244339814315', 4: 560.4845286673676} 
{0: '0.4444444444444444', 1: '0.0', 2: '0.0', 3: '1.2011244339814315', 4: 564.3056711661234} 
{0: '0.453125', 1: '0.0', 2: '0.0', 3: '1.2767837176518553', 4: 560.376585557356} 
{0: '0.46153846153846156', 1: '0.0', 2: '0.0', 3: '1.3572088082974538', 4: 557.2600659580296} 
{0: '0.4696969696969697', 1: '0.0', 2: '0.0', 3: '1.4426999059072143', 4: 563.9189956149901} 
{0: '0.47761194029850745', 1: '0.0', 2: '0.0', 3: '1.5335761201812925', 4: 571.3585656895364} 
{0: '0.4852941176470588', 1: '0.0', 2: '0.0', 3: '1.6301766616608926', 4: 558.06595109674} 
{0: '0.4927536231884058', 1: '0.0', 2: '0.0', 3: '1.7328621078878674', 4: 555.7143635789839} 
{0: '0.5', 1: '0.0', 2: '0.0', 3: '1.842015749320195', 4: 570.2186115413627} 
{0: '0.5070422535211268', 1: '0.0', 2: '0.0', 3: '1.958045020027179', 4: 588.8865687044262} 
{0: '0.5138888888888888', 1: '0.0', 2: '0.0', 3: '2.081383018504685', 4: 567.5263029727221} 
{0: '0.5068493150684932', 1: '0.0', 2: '0.0', 3: '2.081383018504685', 4: 569.326420520387} 
{0: '0.5135135135135135', 1: '0.0', 2: '0.0', 3: '1.958045020027179', 4: 570.3443593419023} 
{0: '0.52', 1: '0.0', 2: '0.0', 3: '1.842015749320195', 4: 557.5351493726173} 
{0: '0.5263157894736842', 1: '0.0', 2: '0.0', 3: '1.7328621078878674', 4: 562.2871205293237} 
{0: '0.5324675324675324', 1: '0.0', 2: '0.0', 3: '1.6301766616608926', 4: 560.9699340701492} 
{0: '0.5384615384615384', 1: '0.0', 2: '0.0', 3: '1.5335761201812925', 4: 558.390052625683} 
{0: '0.5443037974683544', 1: '0.0', 2: '0.0', 3: '1.4426999059072143', 4: 567.5973635089575} 
{0: '0.5375', 1: '0.0', 2: '0.0', 3: '1.4426999059072143', 4: 560.3294333364358} 
{0: '0.5432098765432098', 1: '0.0', 2: '0.0', 3: '1.5335761201812925', 4: 557.539315288573} 
{0: '0.5487804878048781', 1: '0.0', 2: '0.0', 3: '1.6301766616608926', 4: 561.409797182507} 
{0: '0.5542168674698795', 1: '0.0', 2: '0.0', 3: '1.7328621078878674', 4: 564.4151146171165} 
{0: '0.5476190476190477', 1: '0.0', 2: '0.0', 3: '1.7328621078878674', 4: 559.8860819064747} 
{0: '0.5529411764705883', 1: '0.0', 2: '0.0', 3: '1.6301766616608926', 4: 561.9845811700122} 
{0: '0.5581395348837209', 1: '0.0', 2: '0.0', 3: '1.5335761201812925', 4: 562.3642299706501} 
{0: '0.5632183908045977', 1: '0.0', 2: '0.0', 3: '1.4426999059072143', 4: 556.4804977172115} 
{0: '0.5681818181818182', 1: '0.0', 2: '0.0', 3: '1.3572088082974538', 4: 556.6521510778468} 
{0: '0.5730337078651685', 1: '0.0', 2: '0.0', 3: '1.2767837176518553', 4: 556.845679879917} 
{0: '0.5777777777777777', 1: '0.0', 2: '0.0', 3: '1.2011244339814315', 4: 564.0556711864797} 
{0: '0.5714285714285714', 1: '0.0', 2: '0.0', 3: '1.2011244339814315', 4: 573.0497339725458} 
{0: '0.5760869565217391', 1: '0.0', 2: '0.0', 3: '1.2767837176518553', 4: 557.1115480492908} 
{0: '0.5806451612903226', 1: '0.0', 2: '0.0', 3: '1.3572088082974538', 4: 561.1923109116454} 
{0: '0.5851063829787234', 1: '0.0', 2: '0.0', 3: '1.4426999059072143', 4: 577.7277145864766} 
{0: '0.5894736842105263', 1: '0.0', 2: '0.0', 3: '1.5335761201812925', 4: 566.6552875729224} 
{0: '0.59375', 1: '0.0', 2: '0.0', 3: '1.6301766616608926', 4: 563.2774459377473} 
{0: '0.5979381443298969', 1: '0.0', 2: '0.0', 3: '1.7328621078878674', 4: 566.4796528371944} 
{0: '0.6020408163265306', 1: '0.0', 2: '0.0', 3: '1.842015749320195', 4: 564.7452853276651} 
{0: '0.6060606060606061', 1: '0.0', 2: '0.0', 3: '1.958045020027179', 4: 559.402272938953} 
{0: '0.61', 1: '0.0', 2: '0.0', 3: '2.081383018504685', 4: 576.4974613172905} 
{0: '0.6138613861386139', 1: '0.0', 2: '0.0', 3: '2.212490124287102', 4: 569.3008079068896} 
{0: '0.6078431372549019', 1: '0.0', 2: '0.0', 3: '2.212490124287102', 4: 564.0768964930684} 
{0: '0.6116504854368932', 1: '0.0', 2: '0.0', 3: '2.081383018504685', 4: 562.6060322319001} 
{0: '0.6153846153846154', 1: '0.0', 2: '0.0', 3: '1.958045020027179', 4: 563.9094389308289} 
{0: '0.6190476190476191', 1: '0.0', 2: '0.0', 3: '1.842015749320195', 4: 571.2651093711343} 
{0: '0.6226415094339622', 1: '0.0', 2: '0.0', 3: '1.7328621078878674', 4: 568.101136616483} 
{0: '0.6261682242990654', 1: '0.0', 2: '0.0', 3: '1.6301766616608926', 4: 567.936647361188} 
{0: '0.6296296296296297', 1: '0.0', 2: '0.0', 3: '1.5335761201812925', 4: 582.0365176264379} 
{0: '0.6330275229357798', 1: '0.0', 2: '0.0', 3: '1.4426999059072143', 4: 556.6569273568109} 
{0: '0.6363636363636364', 1: '0.0', 2: '0.0', 3: '1.3572088082974538', 4: 557.1582880710723} 
{0: '0.6396396396396397', 1: '0.0', 2: '0.0', 3: '1.2767837176518553', 4: 561.7955998578358} 
{0: '0.6428571428571429', 1: '0.0', 2: '0.0', 3: '1.2011244339814315', 4: 559.9071813437484} 
{0: '0.6371681415929203', 1: '0.0', 2: '0.0', 3: '1.2011244339814315', 4: 558.2767055570927} 
{0: '0.6403508771929824', 1: '0.0', 2: '0.0', 3: '1.2767837176518553', 4: 559.8951787750032} 
{0: '0.6434782608695652', 1: '0.0', 2: '0.0', 3: '1.3572088082974538', 4: 568.0928161788436} 
{0: '0.646551724137931', 1: '0.0', 2: '0.0', 3: '1.4426999059072143', 4: 559.9561890597743} 
{0: '0.6410256410256411', 1: '0.0', 2: '0.0', 3: '1.4426999059072143', 4: 556.1461482186844} 
{0: '0.6440677966101694', 1: '0.0', 2: '0.0', 3: '1.3572088082974538', 4: 563.6878152736247} 
{0: '0.6470588235294118', 1: '0.0', 2: '0.0', 3: '1.2767837176518553', 4: 565.0204375694344} 
{0: '0.65', 1: '0.0', 2: '0.0', 3: '1.2011244339814315', 4: 564.838334299202} 
{0: '0.6446280991735537', 1: '0.0', 2: '0.0', 3: '1.2011244339814315', 4: 559.033197243266} 
{0: '0.6475409836065574', 1: '0.0', 2: '0.0', 3: '1.2767837176518553', 4: 556.5969395487049} 
{0: '0.6504065040650406', 1: '0.0', 2: '0.0', 3: '1.3572088082974538', 4: 574.938466481276} 
{0: '0.6532258064516129', 1: '0.0', 2: '0.0', 3: '1.4426999059072143', 4: 556.0224596358989} 
{0: '0.656', 1: '0.0', 2: '0.0', 3: '1.5335761201812925', 4: 559.5278816819007} 
{0: '0.6587301587301587', 1: '0.0', 2: '0.0', 3: '1.6301766616608926', 4: 580.7599412886111} 
{0: '0.6614173228346457', 1: '0.0', 2: '0.0', 3: '1.7328621078878674', 4: 564.5987028442923} 
{0: '0.6640625', 1: '0.0', 2: '0.0', 3: '1.842015749320195', 4: 566.139187407265} 
{0: '0.6589147286821705', 1: '0.0', 2: '0.0', 3: '1.842015749320195', 4: 566.8212664707062} 
{0: '0.6615384615384615', 1: '0.0', 2: '0.0', 3: '1.7328621078878674', 4: 559.4724704212022} 
{0: '0.6641221374045801', 1: '0.0', 2: '0.0', 3: '1.6301766616608926', 4: 563.1447023755026} 
{0: '0.6666666666666666', 1: '0.0', 2: '0.0', 3: '1.5335761201812925', 4: 569.6942439148568} 
{0: '0.6691729323308271', 1: '0.0', 2: '0.0', 3: '1.4426999059072143', 4: 559.4943299560384} 
{0: '0.664179104477612', 1: '0.0', 2: '0.0', 3: '1.4426999059072143', 4: 555.8302325314612} 
{0: '0.6592592592592592', 1: '0.0', 2: '0.0', 3: '1.4426999059072143', 4: 561.4154923904397} 
{0: '0.6617647058823529', 1: '0.0', 2: '0.0', 3: '1.3572088082974538', 4: 568.5249650748893} 
{0: '0.656934306569343', 1: '0.0', 2: '0.0', 3: '1.3572088082974538', 4: 571.4751421932358} 
{0: '0.6594202898550725', 1: '0.0', 2: '0.0', 3: '1.4426999059072143', 4: 556.4941964466192} 
{0: '0.6546762589928058', 1: '0.0', 2: '0.0', 3: '1.4426999059072143', 4: 558.8671959941827} 
{0: '0.6571428571428571', 1: '0.0', 2: '0.0', 3: '1.3572088082974538', 4: 560.0197425532327} 
{0: '0.6595744680851063', 1: '0.0', 2: '0.0', 3: '1.2767837176518553', 4: 558.720918950471} 
{0: '0.6619718309859155', 1: '0.0', 2: '0.0', 3: '1.2011244339814315', 4: 568.1238019525033} 
{0: '0.6573426573426573', 1: '0.0', 2: '0.0', 3: '1.2011244339814315', 4: 557.443842577293} 
{0: '0.6597222222222222', 1: '0.0', 2: '0.0', 3: '1.2767837176518553', 4: 558.6981501675817} 
{0: '0.6620689655172414', 1: '0.0', 2: '0.0', 3: '1.3572088082974538', 4: 566.8388963175462} 
{0: '0.6643835616438356', 1: '0.0', 2: '0.0', 3: '1.4426999059072143', 4: 557.8325556199583} 
{0: '0.6598639455782312', 1: '0.0', 2: '0.0', 3: '1.4426999059072143', 4: 561.3207980003414} 
{0: '0.6621621621621622', 1: '0.0', 2: '0.0', 3: '1.3572088082974538', 4: 564.1065655072463} 
{0: '0.6644295302013423', 1: '0.0', 2: '0.0', 3: '1.2767837176518553', 4: 562.5322589284355} 
{0: '0.66', 1: '0.0', 2: '0.0', 3: '1.2767837176518553', 4: 557.7782421731132} 
{0: '0.6622516556291391', 1: '0.0', 2: '0.0', 3: '1.3572088082974538', 4: 557.3443705487754} 
{0: '0.6644736842105263', 1: '0.0', 2: '0.0', 3: '1.4426999059072143', 4: 563.4464678298792} 
{0: '0.6666666666666666', 1: '0.0', 2: '0.0', 3: '1.5335761201812925', 4: 558.0385210407836} 
{0: '0.6688311688311688', 1: '0.0', 2: '0.0', 3: '1.6301766616608926', 4: 564.451048422814} 
{0: '0.6709677419354839', 1: '0.0', 2: '0.0', 3: '1.7328621078878674', 4: 560.3089612193295} 
{0: '0.6666666666666666', 1: '0.0', 2: '0.0', 3: '1.7328621078878674', 4: 560.9581156198934} 
{0: '0.6687898089171974', 1: '0.0', 2: '0.0', 3: '1.6301766616608926', 4: 566.4841441449697} 
{0: '0.6708860759493671', 1: '0.0', 2: '0.0', 3: '1.5335761201812925', 4: 565.3958561773795} 
{0: '0.6729559748427673', 1: '0.0', 2: '0.0', 3: '1.4426999059072143', 4: 562.2809128466015} 
{0: '0.675', 1: '0.0', 2: '0.0', 3: '1.3572088082974538', 4: 562.092151345354} 
{0: '0.6770186335403726', 1: '0.0', 2: '0.0', 3: '1.2767837176518553', 4: 576.8781122123146} 
{0: '0.6790123456790124', 1: '0.0', 2: '0.0', 3: '1.2011244339814315', 4: 577.8134647155455} 
{0: '0.6748466257668712', 1: '0.0', 2: '0.0', 3: '1.2011244339814315', 4: 559.5082477556432} 
{0: '0.676829268292683', 1: '0.0', 2: '0.0', 3: '1.2767837176518553', 4: 557.0159870493648} 
{0: '0.6787878787878788', 1: '0.0', 2: '0.0', 3: '1.3572088082974538', 4: 557.8472015699066} 
{0: '0.6746987951807228', 1: '0.0', 2: '0.0', 3: '1.3572088082974538', 4: 558.791152514254} 
{0: '0.6766467065868264', 1: '0.0', 2: '0.0', 3: '1.2767837176518553', 4: 556.1194616063369} 
{0: '0.6785714285714286', 1: '0.0', 2: '0.0', 3: '1.2011244339814315', 4: 559.9966938675121} 
{0: '0.6745562130177515', 1: '0.0', 2: '0.0', 3: '1.2011244339814315', 4: 567.0844002945063} 
{0: '0.6764705882352942', 1: '0.0', 2: '0.0', 3: '1.2767837176518553', 4: 559.4942529777848} 
{0: '0.6783625730994152', 1: '0.0', 2: '0.0', 3: '1.3572088082974538', 4: 563.4698864927879} 
{0: '0.6802325581395349', 1: '0.0', 2: '0.0', 3: '1.4426999059072143', 4: 585.4146818142424} 
{0: '0.6820809248554913', 1: '0.0', 2: '0.0', 3: '1.5335761201812925', 4: 567.0414614446619} 
{0: '0.6839080459770115', 1: '0.0', 2: '0.0', 3: '1.6301766616608926', 4: 556.4798829618829} 
{0: '0.6857142857142857', 1: '0.0', 2: '0.0', 3: '1.7328621078878674', 4: 562.0781278453957} 
{0: '0.6818181818181818', 1: '0.0', 2: '0.0', 3: '1.7328621078878674', 4: 562.8468534746982} 
{0: '0.6836158192090396', 1: '0.0', 2: '0.0', 3: '1.6301766616608926', 4: 560.7042520944646} 
{0: '0.6853932584269663', 1: '0.0', 2: '0.0', 3: '1.5335761201812925', 4: 559.7208079840935} 
{0: '0.6815642458100558', 1: '0.0', 2: '0.0', 3: '1.5335761201812925', 4: 560.445259447197} 
{0: '0.6833333333333333', 1: '0.0', 2: '0.0', 3: '1.6301766616608926', 4: 564.3551596917704} 
{0: '0.6850828729281768', 1: '0.0', 2: '0.0', 3: '1.7328621078878674', 4: 568.1132999741255} 
{0: '0.6868131868131868', 1: '0.0', 2: '0.0', 3: '1.842015749320195', 4: 567.8814312405632} 
{0: '0.6885245901639344', 1: '0.0', 2: '0.0', 3: '1.958045020027179', 4: 565.0686930810765} 
{0: '0.6902173913043478', 1: '0.0', 2: '0.0', 3: '2.081383018504685', 4: 557.5436133374861} 
{0: '0.6864864864864865', 1: '0.0', 2: '0.0', 3: '2.081383018504685', 4: 571.9200467607185} 
{0: '0.6881720430107527', 1: '0.0', 2: '0.0', 3: '1.958045020027179', 4: 559.848518078757} 
{0: '0.6898395721925134', 1: '0.0', 2: '0.0', 3: '1.842015749320195', 4: 566.0864064548595} 
{0: '0.6914893617021277', 1: '0.0', 2: '0.0', 3: '1.7328621078878674', 4: 556.5737911084581} 
{0: '0.6931216931216931', 1: '0.0', 2: '0.0', 3: '1.6301766616608926', 4: 556.2170960309493} 
{0: '0.6947368421052632', 1: '0.0', 2: '0.0', 3: '1.5335761201812925', 4: 561.6932091261621} 
{0: '0.6963350785340314', 1: '0.0', 2: '0.0', 3: '1.4426999059072143', 4: 563.1087167178372} 
{0: '0.6979166666666666', 1: '0.0', 2: '0.0', 3: '1.3572088082974538', 4: 560.6821455926503} 
{0: '0.6994818652849741', 1: '0.0', 2: '0.0', 3: '1.2767837176518553', 4: 558.1954904684453} 
{0: '0.7010309278350515', 1: '0.0', 2: '0.0', 3: '1.2011244339814315', 4: 557.3604059869108} 
{0: '0.6974358974358974', 1: '0.0', 2: '0.0', 3: '1.2011244339814315', 4: 562.1563286608061} 
{0: '0.6989795918367347', 1: '0.0', 2: '0.0', 3: '1.2767837176518553', 4: 560.1133681392266} 
{0: '0.700507614213198', 1: '0.0', 2: '0.0', 3: '1.3572088082974538', 4: 554.8692722981248} 
{0: '0.702020202020202', 1: '0.0', 2: '0.0', 3: '1.4426999059072143', 4: 563.1274517895553} 
{0: '0.7035175879396985', 1: '0.0', 2: '0.0', 3: '1.5335761201812925', 4: 560.890757600023} 
{0: '0.705', 1: '0.0', 2: '0.0', 3: '1.6301766616608926', 4: 566.2083527570993} 
{0: '0.7064676616915423', 1: '0.0', 2: '0.0', 3: '1.7328621078878674', 4: 557.3303531885052} 
{0: '0.7079207920792079', 1: '0.0', 2: '0.0', 3: '1.842015749320195', 4: 559.6793519809817} 
{0: '0.7093596059113301', 1: '0.0', 2: '0.0', 3: '1.958045020027179', 4: 560.1632621837773} 
{0: '0.7058823529411765', 1: '0.0', 2: '0.0', 3: '1.958045020027179', 4: 560.3944631326809} 
{0: '0.7073170731707317', 1: '0.0', 2: '0.0', 3: '1.842015749320195', 4: 562.9445630008144} 
{0: '0.7087378640776699', 1: '0.0', 2: '0.0', 3: '1.7328621078878674', 4: 560.1066056999314} 
{0: '0.7101449275362319', 1: '0.0', 2: '0.0', 3: '1.6301766616608926', 4: 567.5507083514699} 
{0: '0.7115384615384616', 1: '0.0', 2: '0.0', 3: '1.5335761201812925', 4: 561.6016421233234} 
{0: '0.7129186602870813', 1: '0.0', 2: '0.0', 3: '1.4426999059072143', 4: 559.2069014024024} 
{0: '0.7142857142857143', 1: '0.0', 2: '0.0', 3: '1.3572088082974538', 4: 567.872515100484} 
{0: '0.7109004739336493', 1: '0.0', 2: '0.0', 3: '1.3572088082974538', 4: 559.3450819635935} 
{0: '0.7122641509433962', 1: '0.0', 2: '0.0', 3: '1.4426999059072143', 4: 558.4610677935713} 
{0: '0.7136150234741784', 1: '0.0', 2: '0.0', 3: '1.5335761201812925', 4: 560.366893834955} 
{0: '0.7149532710280374', 1: '0.0', 2: '0.0', 3: '1.6301766616608926', 4: 563.6608094783762} 
{0: '0.7116279069767442', 1: '0.0', 2: '0.0', 3: '1.6301766616608926', 4: 562.0076092382159} 
{0: '0.7129629629629629', 1: '0.0', 2: '0.0', 3: '1.5335761201812925', 4: 561.8014257645139} 
{0: '0.7142857142857143', 1: '0.0', 2: '0.0', 3: '1.4426999059072143', 4: 558.2265604643873} 
{0: '0.7155963302752294', 1: '0.0', 2: '0.0', 3: '1.3572088082974538', 4: 565.2519128859389} 
{0: '0.7168949771689498', 1: '0.0', 2: '0.0', 3: '1.2767837176518553', 4: 556.7152854612638} 
{0: '0.7181818181818181', 1: '0.0', 2: '0.0', 3: '1.2011244339814315', 4: 560.4294525529239} 
{0: '0.7149321266968326', 1: '0.0', 2: '0.0', 3: '1.2011244339814315', 4: 557.4477922834244} 
{0: '0.7162162162162162', 1: '0.0', 2: '0.0', 3: '1.2767837176518553', 4: 556.5746284816406} 
{0: '0.7174887892376681', 1: '0.0', 2: '0.0', 3: '1.3572088082974538', 4: 562.5201151373622} 
{0: '0.71875', 1: '0.0', 2: '0.0', 3: '1.4426999059072143', 4: 564.0289308122868} 
{0: '0.72', 1: '0.0', 2: '0.0', 3: '1.5335761201812925', 4: 567.520662672788} 
{0: '0.7168141592920354', 1: '0.0', 2: '0.0', 3: '1.5335761201812925', 4: 562.0694075475375} 
{0: '0.7136563876651982', 1: '0.0', 2: '0.0', 3: '1.5335761201812925', 4: 563.0229546063172} 
{0: '0.7149122807017544', 1: '0.0', 2: '0.0', 3: '1.6301766616608926', 4: 566.8071088855423} 
{0: '0.7161572052401747', 1: '0.0', 2: '0.0', 3: '1.7328621078878674', 4: 559.6352806935975} 
{0: '0.7130434782608696', 1: '0.0', 2: '0.0', 3: '1.7328621078878674', 4: 570.8936233049177} 
{0: '0.7142857142857143', 1: '0.0', 2: '0.0', 3: '1.6301766616608926', 4: 562.2058783041444} 
{0: '0.7155172413793104', 1: '0.0', 2: '0.0', 3: '1.5335761201812925', 4: 564.042607602975} 
{0: '0.7167381974248928', 1: '0.0', 2: '0.0', 3: '1.4426999059072143', 4: 563.9403742619317} 
{0: '0.717948717948718', 1: '0.0', 2: '0.0', 3: '1.3572088082974538', 4: 564.7565728347389} 
{0: '0.7191489361702128', 1: '0.0', 2: '0.0', 3: '1.2767837176518553', 4: 561.1801207402151} 
{0: '0.7203389830508474', 1: '0.0', 2: '0.0', 3: '1.2011244339814315', 4: 574.9552026781564} 
{0: '0.7172995780590717', 1: '0.0', 2: '0.0', 3: '1.2011244339814315', 4: 564.889287932359} 
{0: '0.7184873949579832', 1: '0.0', 2: '0.0', 3: '1.2767837176518553', 4: 558.4981082555714} 
{0: '0.7196652719665272', 1: '0.0', 2: '0.0', 3: '1.3572088082974538', 4: 562.2984655879641} 
{0: '0.7208333333333333', 1: '0.0', 2: '0.0', 3: '1.4426999059072143', 4: 571.9196181140137} 
{0: '0.7219917012448133', 1: '0.0', 2: '0.0', 3: '1.5335761201812925', 4: 564.5579980505238} 
{0: '0.7231404958677686', 1: '0.0', 2: '0.0', 3: '1.6301766616608926', 4: 584.1234494844346} 
{0: '0.7242798353909465', 1: '0.0', 2: '0.0', 3: '1.7328621078878674', 4: 562.1116257906318} 
{0: '0.7254098360655737', 1: '0.0', 2: '0.0', 3: '1.842015749320195', 4: 561.666025374587} 
{0: '0.7224489795918367', 1: '0.0', 2: '0.0', 3: '1.842015749320195', 4: 558.5600628967117} 
{0: '0.7235772357723578', 1: '0.0', 2: '0.0', 3: '1.7328621078878674', 4: 566.6934899790904} 
{0: '0.7246963562753036', 1: '0.0', 2: '0.0', 3: '1.6301766616608926', 4: 563.1301647624568} 
{0: '0.7258064516129032', 1: '0.0', 2: '0.0', 3: '1.5335761201812925', 4: 562.3878147326437} 
{0: '0.7269076305220884', 1: '0.0', 2: '0.0', 3: '1.4426999059072143', 4: 559.4644658203773} 
{0: '0.728', 1: '0.0', 2: '0.0', 3: '1.3572088082974538', 4: 561.1607603747705} 
{0: '0.7290836653386454', 1: '0.0', 2: '0.0', 3: '1.2767837176518553', 4: 567.0738268021746} 
{0: '0.7301587301587301', 1: '0.0', 2: '0.0', 3: '1.2011244339814315', 4: 558.1537742692786} 
{0: '0.7272727272727273', 1: '0.0', 2: '0.0', 3: '1.2011244339814315', 4: 562.1061714805111} 
{0: '0.7283464566929134', 1: '0.0', 2: '0.0', 3: '1.2767837176518553', 4: 563.4440605429518} 
{0: '0.7294117647058823', 1: '0.0', 2: '0.0', 3: '1.3572088082974538', 4: 563.6568299786239} 
{0: '0.73046875', 1: '0.0', 2: '0.0', 3: '1.4426999059072143', 4: 554.8203580575033} 
{0: '0.7315175097276264', 1: '0.0', 2: '0.0', 3: '1.5335761201812925', 4: 562.3185239823131} 
{0: '0.7325581395348837', 1: '0.0', 2: '0.0', 3: '1.6301766616608926', 4: 564.2365904325063} 
{0: '0.7335907335907336', 1: '0.0', 2: '0.0', 3: '1.7328621078878674', 4: 564.6839429065564} 
{0: '0.7307692307692307', 1: '0.0', 2: '0.0', 3: '1.7328621078878674', 4: 562.0556269787504} 
{0: '0.7318007662835249', 1: '0.0', 2: '0.0', 3: '1.6301766616608926', 4: 564.5376229092832} 
{0: '0.732824427480916', 1: '0.0', 2: '0.0', 3: '1.5335761201812925', 4: 562.7822670228417} 
{0: '0.7338403041825095', 1: '0.0', 2: '0.0', 3: '1.4426999059072143', 4: 562.232407915833} 
{0: '0.7348484848484849', 1: '0.0', 2: '0.0', 3: '1.3572088082974538', 4: 562.7557342260006} 
{0: '0.7358490566037735', 1: '0.0', 2: '0.0', 3: '1.2767837176518553', 4: 564.1379446194419} 
{0: '0.7330827067669173', 1: '0.0', 2: '0.0', 3: '1.2767837176518553', 4: 572.368021565248} 
{0: '0.7340823970037453', 1: '0.0', 2: '0.0', 3: '1.3572088082974538', 4: 565.1221874410305} 
{0: '0.7350746268656716', 1: '0.0', 2: '0.0', 3: '1.4426999059072143', 4: 559.6437802017076} 
{0: '0.7360594795539034', 1: '0.0', 2: '0.0', 3: '1.5335761201812925', 4: 567.2697485791515} 
{0: '0.7333333333333333', 1: '0.0', 2: '0.0', 3: '1.5335761201812925', 4: 557.3467513529089} 
{0: '0.7343173431734318', 1: '0.0', 2: '0.0', 3: '1.4426999059072143', 4: 558.74696314311} 
{0: '0.7352941176470589', 1: '0.0', 2: '0.0', 3: '1.3572088082974538', 4: 558.8224950707767} 
{0: '0.7326007326007326', 1: '0.0', 2: '0.0', 3: '1.3572088082974538', 4: 562.4099193246326} 
{0: '0.7335766423357665', 1: '0.0', 2: '0.0', 3: '1.4426999059072143', 4: 562.508225177219} 
{0: '0.7345454545454545', 1: '0.0', 2: '0.0', 3: '1.5335761201812925', 4: 568.4612803259981} 
{0: '0.7355072463768116', 1: '0.0', 2: '0.0', 3: '1.6301766616608926', 4: 565.5883166485974} 
{0: '0.7364620938628159', 1: '0.0', 2: '0.0', 3: '1.7328621078878674', 4: 560.1723124493477} 
{0: '0.7338129496402878', 1: '0.0', 2: '0.0', 3: '1.7328621078878674', 4: 564.9587650025193} 
{0: '0.7347670250896058', 1: '0.0', 2: '0.0', 3: '1.6301766616608926', 4: 561.9890434000677} 
{0: '0.7357142857142858', 1: '0.0', 2: '0.0', 3: '1.5335761201812925', 4: 559.281929276924} 
{0: '0.7366548042704626', 1: '0.0', 2: '0.0', 3: '1.4426999059072143', 4: 556.7495262225135} 
{0: '0.7375886524822695', 1: '0.0', 2: '0.0', 3: '1.3572088082974538', 4: 560.5931585653044} 
{0: '0.734982332155477', 1: '0.0', 2: '0.0', 3: '1.3572088082974538', 4: 563.15610606439} 
{0: '0.7359154929577465', 1: '0.0', 2: '0.0', 3: '1.4426999059072143', 4: 557.5677892203508} 
{0: '0.7368421052631579', 1: '0.0', 2: '0.0', 3: '1.5335761201812925', 4: 564.2704510233048} 
{0: '0.7377622377622378', 1: '0.0', 2: '0.0', 3: '1.6301766616608926', 4: 560.6019879985469} 
{0: '0.7386759581881533', 1: '0.0', 2: '0.0', 3: '1.7328621078878674', 4: 562.9181384164959} 
{0: '0.7395833333333334', 1: '0.0', 2: '0.0', 3: '1.842015749320195', 4: 565.0394002500493} 
{0: '0.740484429065744', 1: '0.0', 2: '0.0', 3: '1.958045020027179', 4: 564.7935551801256} 
{0: '0.7413793103448276', 1: '0.0', 2: '0.0', 3: '2.081383018504685', 4: 564.0821723764691} 
{0: '0.7422680412371134', 1: '0.0', 2: '0.0', 3: '2.212490124287102', 4: 566.8587112635485} 
{0: '0.7431506849315068', 1: '0.0', 2: '0.0', 3: '2.351855716390306', 4: 565.3625624317607} 
{0: '0.7406143344709898', 1: '0.0', 2: '0.0', 3: '2.351855716390306', 4: 573.0547679575443} 
{0: '0.7414965986394558', 1: '0.0', 2: '0.0', 3: '2.212490124287102', 4: 565.3657249096158} 
{0: '0.7423728813559322', 1: '0.0', 2: '0.0', 3: '2.081383018504685', 4: 564.6098736969337} 
{0: '0.7432432432432432', 1: '0.0', 2: '0.0', 3: '1.958045020027179', 4: 567.1642380559098} 
{0: '0.7441077441077442', 1: '0.0', 2: '0.0', 3: '1.842015749320195', 4: 570.8041209182174} 
{0: '0.7449664429530202', 1: '0.0', 2: '0.0', 3: '1.7328621078878674', 4: 570.2212090889075} 
{0: '0.745819397993311', 1: '0.0', 2: '0.0', 3: '1.6301766616608926', 4: 562.2626925493338} 
{0: '0.7466666666666667', 1: '0.0', 2: '0.0', 3: '1.5335761201812925', 4: 563.2914135040951} 
{0: '0.7475083056478405', 1: '0.0', 2: '0.0', 3: '1.4426999059072143', 4: 559.1205366739414} 
{0: '0.7483443708609272', 1: '0.0', 2: '0.0', 3: '1.3572088082974538', 4: 559.6109700043925} 
{0: '0.7458745874587459', 1: '0.0', 2: '0.0', 3: '1.3572088082974538', 4: 566.2539367767041} 
{0: '0.7467105263157895', 1: '0.0', 2: '0.0', 3: '1.4426999059072143', 4: 564.2845597835064} 
{0: '0.7475409836065574', 1: '0.0', 2: '0.0', 3: '1.5335761201812925', 4: 561.2440443751057} 
{0: '0.7483660130718954', 1: '0.0', 2: '0.0', 3: '1.6301766616608926', 4: 558.0988371407541} 
{0: '0.749185667752443', 1: '0.0', 2: '0.0', 3: '1.7328621078878674', 4: 563.3392676923584} 
{0: '0.75', 1: '0.0', 2: '0.0', 3: '1.842015749320195', 4: 571.0081749926466} 
{0: '0.7508090614886731', 1: '0.0', 2: '0.0', 3: '1.958045020027179', 4: 561.3184037482475} 
{0: '0.7516129032258064', 1: '0.0', 2: '0.0', 3: '2.081383018504685', 4: 570.2878293064439} 
{0: '0.752411575562701', 1: '0.0', 2: '0.0', 3: '2.212490124287102', 4: 576.7916685957384} 
{0: '0.7532051282051282', 1: '0.0', 2: '0.0', 3: '2.351855716390306', 4: 574.6261326416055} 
{0: '0.7539936102236422', 1: '0.0', 2: '0.0', 3: '2.500000000000003', 4: 569.3262794613375} 
{0: '0.7515923566878981', 1: '0.0', 2: '0.0', 3: '2.500000000000003', 4: 564.302756324433} 
{0: '0.7523809523809524', 1: '0.0', 2: '0.0', 3: '2.351855716390306', 4: 570.0135831567911} 
{0: '0.7531645569620253', 1: '0.0', 2: '0.0', 3: '2.212490124287102', 4: 564.5056594491798} 
{0: '0.7539432176656151', 1: '0.0', 2: '0.0', 3: '2.081383018504685', 4: 560.1069761302099} 
{0: '0.7547169811320755', 1: '0.0', 2: '0.0', 3: '1.958045020027179', 4: 558.8921944453286} 
{0: '0.7554858934169278', 1: '0.0', 2: '0.0', 3: '1.842015749320195', 4: 558.9600800887109} 
{0: '0.75625', 1: '0.0', 2: '0.0', 3: '1.7328621078878674', 4: 567.2390834505171} 
{0: '0.7570093457943925', 1: '0.0', 2: '0.0', 3: '1.6301766616608926', 4: 563.1592155283374} 
{0: '0.7546583850931677', 1: '0.0', 2: '0.0', 3: '1.6301766616608926', 4: 569.3243222419535} 
{0: '0.7554179566563467', 1: '0.0', 2: '0.0', 3: '1.7328621078878674', 4: 567.3192146163713} 
{0: '0.7561728395061729', 1: '0.0', 2: '0.0', 3: '1.842015749320195', 4: 570.7622946613935} 
{0: '0.7569230769230769', 1: '0.0', 2: '0.0', 3: '1.958045020027179', 4: 568.7806568319799} 
{0: '0.7576687116564417', 1: '0.0', 2: '0.0', 3: '2.081383018504685', 4: 586.5569696543704} 
{0: '0.7584097859327217', 1: '0.0', 2: '0.0', 3: '2.212490124287102', 4: 564.2927616433399} 
{0: '0.7591463414634146', 1: '0.0', 2: '0.0', 3: '2.351855716390306', 4: 591.4578200572706} 
{0: '0.7598784194528876', 1: '0.0', 2: '0.0', 3: '2.500000000000003', 4: 560.3539034090899} 
{0: '0.7575757575757576', 1: '0.0', 2: '0.0', 3: '2.500000000000003', 4: 558.2348821018795} 
{0: '0.7583081570996979', 1: '0.0', 2: '0.0', 3: '2.351855716390306', 4: 571.0931292072601} 
{0: '0.7590361445783133', 1: '0.0', 2: '0.0', 3: '2.212490124287102', 4: 564.7728616226116} 
{0: '0.7597597597597597', 1: '0.0', 2: '0.0', 3: '2.081383018504685', 4: 570.6493764872017} 
{0: '0.7604790419161677', 1: '0.0', 2: '0.0', 3: '1.958045020027179', 4: 566.1984702442738} 
{0: '0.7611940298507462', 1: '0.0', 2: '0.0', 3: '1.842015749320195', 4: 581.9836889006449} 
{0: '0.7619047619047619', 1: '0.0', 2: '0.0', 3: '1.7328621078878674', 4: 560.1067609493558} 
{0: '0.7626112759643917', 1: '0.0', 2: '0.0', 3: '1.6301766616608926', 4: 564.2240516302052} 
{0: '0.7633136094674556', 1: '0.0', 2: '0.0', 3: '1.5335761201812925', 4: 558.3401762471663} 
{0: '0.7640117994100295', 1: '0.0', 2: '0.0', 3: '1.4426999059072143', 4: 555.3591740694379} 
{0: '0.7647058823529411', 1: '0.0', 2: '0.0', 3: '1.3572088082974538', 4: 561.2628652350058} 
{0: '0.7653958944281525', 1: '0.0', 2: '0.0', 3: '1.2767837176518553', 4: 556.5095754271687} 
{0: '0.7631578947368421', 1: '0.0', 2: '0.0', 3: '1.2767837176518553', 4: 559.7305278581644} 
{0: '0.7638483965014577', 1: '0.0', 2: '0.0', 3: '1.3572088082974538', 4: 562.9075282555808} 
{0: '0.7645348837209303', 1: '0.0', 2: '0.0', 3: '1.4426999059072143', 4: 566.104299753382} 
{0: '0.7652173913043478', 1: '0.0', 2: '0.0', 3: '1.5335761201812925', 4: 560.8512224594522} 
{0: '0.7658959537572254', 1: '0.0', 2: '0.0', 3: '1.6301766616608926', 4: 565.6629152928479} 
{0: '0.7665706051873199', 1: '0.0', 2: '0.0', 3: '1.7328621078878674', 4: 562.5096402111532} 
{0: '0.764367816091954', 1: '0.0', 2: '0.0', 3: '1.7328621078878674', 4: 556.8523745328462} 
{0: '0.7650429799426934', 1: '0.0', 2: '0.0', 3: '1.6301766616608926', 4: 555.6606970507648} 
{0: '0.7657142857142857', 1: '0.0', 2: '0.0', 3: '1.5335761201812925', 4: 555.4630996558493} 
{0: '0.7663817663817664', 1: '0.0', 2: '0.0', 3: '1.4426999059072143', 4: 564.7430825022317} 
{0: '0.7670454545454546', 1: '0.0', 2: '0.0', 3: '1.3572088082974538', 4: 563.1753268655592} 
{0: '0.7648725212464589', 1: '0.0', 2: '0.0', 3: '1.3572088082974538', 4: 560.3951148380717} 
{0: '0.7655367231638418', 1: '0.0', 2: '0.0', 3: '1.4426999059072143', 4: 557.7872405275416} 
{0: '0.7661971830985915', 1: '0.0', 2: '0.0', 3: '1.5335761201812925', 4: 563.0251387686047} 
{0: '0.7668539325842697', 1: '0.0', 2: '0.0', 3: '1.6301766616608926', 4: 562.7474050001815} 
{0: '0.7647058823529411', 1: '0.0', 2: '0.0', 3: '1.6301766616608926', 4: 561.7336774238964} 
{0: '0.7653631284916201', 1: '0.0', 2: '0.0', 3: '1.5335761201812925', 4: 561.4170257960751} 
{0: '0.766016713091922', 1: '0.0', 2: '0.0', 3: '1.4426999059072143', 4: 560.5495473669541} 
{0: '0.7638888888888888', 1: '0.0', 2: '0.0', 3: '1.4426999059072143', 4: 563.5500897140306} 
{0: '0.7645429362880887', 1: '0.0', 2: '0.0', 3: '1.5335761201812925', 4: 560.4817018527467} 
{0: '0.7651933701657458', 1: '0.0', 2: '0.0', 3: '1.6301766616608926', 4: 566.9293414148672} 
{0: '0.7658402203856749', 1: '0.0', 2: '0.0', 3: '1.7328621078878674', 4: 565.8587513449197} 
{0: '0.7664835164835165', 1: '0.0', 2: '0.0', 3: '1.842015749320195', 4: 562.0772616997847} 
{0: '0.7671232876712328', 1: '0.0', 2: '0.0', 3: '1.958045020027179', 4: 574.9548734812387} 
{0: '0.76775956284153', 1: '0.0', 2: '0.0', 3: '2.081383018504685', 4: 569.1797513559331} 
{0: '0.7683923705722071', 1: '0.0', 2: '0.0', 3: '2.212490124287102', 4: 569.3253889230972} 
{0: '0.7690217391304348', 1: '0.0', 2: '0.0', 3: '2.351855716390306', 4: 573.2712314248345} 
{0: '0.7696476964769647', 1: '0.0', 2: '0.0', 3: '2.500000000000003', 4: 571.5145429345387} 
{0: '0.7675675675675676', 1: '0.0', 2: '0.0', 3: '2.500000000000003', 4: 575.3668781527826} 
{0: '0.7681940700808625', 1: '0.0', 2: '0.0', 3: '2.351855716390306', 4: 560.180992544879} 
{0: '0.7688172043010753', 1: '0.0', 2: '0.0', 3: '2.212490124287102', 4: 563.7772243567034} 
{0: '0.7694369973190348', 1: '0.0', 2: '0.0', 3: '2.081383018504685', 4: 562.8881734774487} 
{0: '0.7700534759358288', 1: '0.0', 2: '0.0', 3: '1.958045020027179', 4: 571.783182025123} 
{0: '0.7706666666666667', 1: '0.0', 2: '0.0', 3: '1.842015749320195', 4: 569.4574994362848} 
{0: '0.7712765957446809', 1: '0.0', 2: '0.0', 3: '1.7328621078878674', 4: 571.0970018483341} 
{0: '0.7718832891246684', 1: '0.0', 2: '0.0', 3: '1.6301766616608926', 4: 564.9378083433419} 
{0: '0.7724867724867724', 1: '0.0', 2: '0.0', 3: '1.5335761201812925', 4: 565.950753476434} 
{0: '0.7730870712401056', 1: '0.0', 2: '0.0', 3: '1.4426999059072143', 4: 567.8181538265231} 
{0: '0.7710526315789473', 1: '0.0', 2: '0.0', 3: '1.4426999059072143', 4: 573.5830264621986} 
{0: '0.7716535433070866', 1: '0.0', 2: '0.0', 3: '1.5335761201812925', 4: 556.807354227012} 
{0: '0.7722513089005235', 1: '0.0', 2: '0.0', 3: '1.6301766616608926', 4: 560.8566225280817} 
{0: '0.7728459530026109', 1: '0.0', 2: '0.0', 3: '1.7328621078878674', 4: 582.0850741215851} 
{0: '0.7734375', 1: '0.0', 2: '0.0', 3: '1.842015749320195', 4: 563.3062051761393} 
{0: '0.7740259740259741', 1: '0.0', 2: '0.0', 3: '1.958045020027179', 4: 571.6688634568708} 
{0: '0.772020725388601', 1: '0.0', 2: '0.0', 3: '1.958045020027179', 4: 560.9741122431178} 
{0: '0.772609819121447', 1: '0.0', 2: '0.0', 3: '1.842015749320195', 4: 562.4010734047157} 
{0: '0.7731958762886598', 1: '0.0', 2: '0.0', 3: '1.7328621078878674', 4: 562.1073290731658} 
{0: '0.7737789203084833', 1: '0.0', 2: '0.0', 3: '1.6301766616608926', 4: 560.2323565673021} 
{0: '0.7743589743589744', 1: '0.0', 2: '0.0', 3: '1.5335761201812925', 4: 557.6206609841641} 
{0: '0.7749360613810742', 1: '0.0', 2: '0.0', 3: '1.4426999059072143', 4: 562.353124392311} 
{0: '0.7755102040816326', 1: '0.0', 2: '0.0', 3: '1.3572088082974538', 4: 559.3216978192571} 
{0: '0.7735368956743003', 1: '0.0', 2: '0.0', 3: '1.3572088082974538', 4: 566.7442866092206} 
{0: '0.7741116751269036', 1: '0.0', 2: '0.0', 3: '1.4426999059072143', 4: 553.9908625477796} 
{0: '0.7746835443037975', 1: '0.0', 2: '0.0', 3: '1.5335761201812925', 4: 558.0925749950742} 
{0: '0.7752525252525253', 1: '0.0', 2: '0.0', 3: '1.6301766616608926', 4: 559.253540954575} 
{0: '0.7758186397984886', 1: '0.0', 2: '0.0', 3: '1.7328621078878674', 4: 564.040943776075} 
{0: '0.7763819095477387', 1: '0.0', 2: '0.0', 3: '1.842015749320195', 4: 568.758322892442} 
{0: '0.7769423558897243', 1: '0.0', 2: '0.0', 3: '1.958045020027179', 4: 561.8122995128714} 
{0: '0.775', 1: '0.0', 2: '0.0', 3: '1.958045020027179', 4: 568.5416788461255} 
{0: '0.7755610972568578', 1: '0.0', 2: '0.0', 3: '1.842015749320195', 4: 565.1981635630713} 
{0: '0.7761194029850746', 1: '0.0', 2: '0.0', 3: '1.7328621078878674', 4: 562.7073095312287} 
{0: '0.7766749379652605', 1: '0.0', 2: '0.0', 3: '1.6301766616608926', 4: 569.7973865489004} 
{0: '0.7772277227722773', 1: '0.0', 2: '0.0', 3: '1.5335761201812925', 4: 567.9091516722731} 
{0: '0.7777777777777778', 1: '0.0', 2: '0.0', 3: '1.4426999059072143', 4: 557.8582044597007} 
{0: '0.7783251231527094', 1: '0.0', 2: '0.0', 3: '1.3572088082974538', 4: 555.2082284735} 
{0: '0.7788697788697788', 1: '0.0', 2: '0.0', 3: '1.2767837176518553', 4: 559.0290620883793} 
{0: '0.7769607843137255', 1: '0.0', 2: '0.0', 3: '1.2767837176518553', 4: 557.0118808368293} 
{0: '0.7750611246943765', 1: '0.0', 2: '0.0', 3: '1.2767837176518553', 4: 563.8784523227431} 
{0: '0.7731707317073171', 1: '0.0', 2: '0.0', 3: '1.2767837176518553', 4: 559.2931970223325} 
{0: '0.7737226277372263', 1: '0.0', 2: '0.0', 3: '1.3572088082974538', 4: 559.3081693940403} 
{0: '0.7742718446601942', 1: '0.0', 2: '0.0', 3: '1.4426999059072143', 4: 557.2882922729166} 
{0: '0.774818401937046', 1: '0.0', 2: '0.0', 3: '1.5335761201812925', 4: 559.5945398297544} 
{0: '0.7729468599033816', 1: '0.0', 2: '0.0', 3: '1.5335761201812925', 4: 560.6520907593665} 
{0: '0.7734939759036145', 1: '0.0', 2: '0.0', 3: '1.4426999059072143', 4: 563.4293698393785} 
{0: '0.7740384615384616', 1: '0.0', 2: '0.0', 3: '1.3572088082974538', 4: 557.4458002961677} 
{0: '0.7745803357314148', 1: '0.0', 2: '0.0', 3: '1.2767837176518553', 4: 567.7338193353476} 
{0: '0.7727272727272727', 1: '0.0', 2: '0.0', 3: '1.2767837176518553', 4: 562.2132660501305} 
{0: '0.7732696897374701', 1: '0.0', 2: '0.0', 3: '1.3572088082974538', 4: 561.3006973488228} 
{0: '0.7738095238095238', 1: '0.0', 2: '0.0', 3: '1.4426999059072143', 4: 561.8472390641574} 
{0: '0.7743467933491687', 1: '0.0', 2: '0.0', 3: '1.5335761201812925', 4: 558.6240049816461} 
{0: '0.7748815165876777', 1: '0.0', 2: '0.0', 3: '1.6301766616608926', 4: 562.347290418453} 
{0: '0.7754137115839244', 1: '0.0', 2: '0.0', 3: '1.7328621078878674', 4: 566.3780572858763} 
{0: '0.7759433962264151', 1: '0.0', 2: '0.0', 3: '1.842015749320195', 4: 568.7320978429249} 
{0: '0.7764705882352941', 1: '0.0', 2: '0.0', 3: '1.958045020027179', 4: 577.7133773581207} 
{0: '0.7769953051643192', 1: '0.0', 2: '0.0', 3: '2.081383018504685', 4: 562.4268595647767} 
{0: '0.7775175644028103', 1: '0.0', 2: '0.0', 3: '2.212490124287102', 4: 569.7329148157485} 
{0: '0.7780373831775701', 1: '0.0', 2: '0.0', 3: '2.351855716390306', 4: 567.8800567541949} 
{0: '0.7785547785547785', 1: '0.0', 2: '0.0', 3: '2.500000000000003', 4: 564.6932083084595} 
{0: '0.7767441860465116', 1: '0.0', 2: '0.0', 3: '2.500000000000003', 4: 565.9155110083374} 
{0: '0.777262180974478', 1: '0.0', 2: '0.0', 3: '2.351855716390306', 4: 590.51126591094} 
{0: '0.7754629629629629', 1: '0.0', 2: '0.0', 3: '2.351855716390306', 4: 561.7957391115256} 
{0: '0.7736720554272517', 1: '0.0', 2: '0.0', 3: '2.351855716390306', 4: 574.81473504739} 
{0: '0.7741935483870968', 1: '0.0', 2: '0.0', 3: '2.212490124287102', 4: 568.7086094896636} 
{0: '0.774712643678161', 1: '0.0', 2: '0.0', 3: '2.081383018504685', 4: 569.7896531074202} 
{0: '0.7752293577981652', 1: '0.0', 2: '0.0', 3: '1.958045020027179', 4: 558.9765945485111} 
{0: '0.7757437070938215', 1: '0.0', 2: '0.0', 3: '1.842015749320195', 4: 557.6905289053548} 
{0: '0.776255707762557', 1: '0.0', 2: '0.0', 3: '1.7328621078878674', 4: 563.7313088379773} 
{0: '0.7767653758542141', 1: '0.0', 2: '0.0', 3: '1.6301766616608926', 4: 562.976638088019} 
{0: '0.7772727272727272', 1: '0.0', 2: '0.0', 3: '1.5335761201812925', 4: 561.3958052999905} 
{0: '0.7777777777777778', 1: '0.0', 2: '0.0', 3: '1.4426999059072143', 4: 558.4009043346535} 
{0: '0.7782805429864253', 1: '0.0', 2: '0.0', 3: '1.3572088082974538', 4: 557.0246251545254} 
{0: '0.7787810383747178', 1: '0.0', 2: '0.0', 3: '1.2767837176518553', 4: 556.7875411538377} 
{0: '0.777027027027027', 1: '0.0', 2: '0.0', 3: '1.2767837176518553', 4: 562.2097261192146} 
{0: '0.7775280898876404', 1: '0.0', 2: '0.0', 3: '1.3572088082974538', 4: 561.7310760087876} 
{0: '0.7780269058295964', 1: '0.0', 2: '0.0', 3: '1.4426999059072143', 4: 583.5705637535305} 
{0: '0.7785234899328859', 1: '0.0', 2: '0.0', 3: '1.5335761201812925', 4: 562.6776388276613} 
{0: '0.7790178571428571', 1: '0.0', 2: '0.0', 3: '1.6301766616608926', 4: 563.6214037423761} 
{0: '0.77728285077951', 1: '0.0', 2: '0.0', 3: '1.6301766616608926', 4: 561.975458003408} 
{0: '0.7777777777777778', 1: '0.0', 2: '0.0', 3: '1.5335761201812925', 4: 560.876281178669} 
{0: '0.7782705099778271', 1: '0.0', 2: '0.0', 3: '1.4426999059072143', 4: 562.4971242947242} 
{0: '0.7787610619469026', 1: '0.0', 2: '0.0', 3: '1.3572088082974538', 4: 558.8381731807958} 
{0: '0.7770419426048565', 1: '0.0', 2: '0.0', 3: '1.3572088082974538', 4: 560.1439613240399} 
{0: '0.7775330396475771', 1: '0.0', 2: '0.0', 3: '1.4426999059072143', 4: 565.0318219313211} 
{0: '0.7758241758241758', 1: '0.0', 2: '0.0', 3: '1.4426999059072143', 4: 559.4166190352856} 
{0: '0.7763157894736842', 1: '0.0', 2: '0.0', 3: '1.3572088082974538', 4: 569.5561901721401} 
{0: '0.774617067833698', 1: '0.0', 2: '0.0', 3: '1.3572088082974538', 4: 565.4019800708181} 
{0: '0.7751091703056768', 1: '0.0', 2: '0.0', 3: '1.4426999059072143', 4: 563.9753745932271} 
{0: '0.775599128540305', 1: '0.0', 2: '0.0', 3: '1.5335761201812925', 4: 563.9402030296193} 
{0: '0.7760869565217391', 1: '0.0', 2: '0.0', 3: '1.6301766616608926', 4: 564.8399367940842} 
{0: '0.7765726681127982', 1: '0.0', 2: '0.0', 3: '1.7328621078878674', 4: 560.1310415342336} 
{0: '0.7748917748917749', 1: '0.0', 2: '0.0', 3: '1.7328621078878674', 4: 561.726783292411} 
{0: '0.775377969762419', 1: '0.0', 2: '0.0', 3: '1.6301766616608926', 4: 558.6388061551523} 
{0: '0.7758620689655172', 1: '0.0', 2: '0.0', 3: '1.5335761201812925', 4: 563.5098111958412} 
{0: '0.7763440860215054', 1: '0.0', 2: '0.0', 3: '1.4426999059072143', 4: 567.0339593145644} 
{0: '0.776824034334764', 1: '0.0', 2: '0.0', 3: '1.3572088082974538', 4: 564.1804697209861} 
{0: '0.7773019271948608', 1: '0.0', 2: '0.0', 3: '1.2767837176518553', 4: 560.6323784323204} 
{0: '0.7756410256410257', 1: '0.0', 2: '0.0', 3: '1.2767837176518553', 4: 560.0155303597428} 
{0: '0.7761194029850746', 1: '0.0', 2: '0.0', 3: '1.3572088082974538', 4: 556.0364985499366} 
{0: '0.774468085106383', 1: '0.0', 2: '0.0', 3: '1.3572088082974538', 4: 563.6483457741946} 
{0: '0.7749469214437368', 1: '0.0', 2: '0.0', 3: '1.2767837176518553', 4: 565.0988010411335} 
{0: '0.7733050847457628', 1: '0.0', 2: '0.0', 3: '1.2767837176518553', 4: 559.5368344561687} 
{0: '0.773784355179704', 1: '0.0', 2: '0.0', 3: '1.3572088082974538', 4: 560.6579012086761} 
{0: '0.7742616033755274', 1: '0.0', 2: '0.0', 3: '1.4426999059072143', 4: 562.0039938924423} 
{0: '0.7747368421052632', 1: '0.0', 2: '0.0', 3: '1.5335761201812925', 4: 562.9558448317621} 
{0: '0.7752100840336135', 1: '0.0', 2: '0.0', 3: '1.6301766616608926', 4: 558.5275182669744} 
{0: '0.7756813417190775', 1: '0.0', 2: '0.0', 3: '1.7328621078878674', 4: 562.6305415417065} 
{0: '0.7761506276150628', 1: '0.0', 2: '0.0', 3: '1.842015749320195', 4: 581.2413254122862} 
{0: '0.7766179540709812', 1: '0.0', 2: '0.0', 3: '1.958045020027179', 4: 560.4717664639448} 
{0: '0.7770833333333333', 1: '0.0', 2: '0.0', 3: '2.081383018504685', 4: 567.7960913094554} 
{0: '0.7775467775467776', 1: '0.0', 2: '0.0', 3: '2.212490124287102', 4: 554.7367276441898} 
{0: '0.7780082987551867', 1: '0.0', 2: '0.0', 3: '2.351855716390306', 4: 562.0231878167907} 
{0: '0.7784679089026915', 1: '0.0', 2: '0.0', 3: '2.500000000000003', 4: 562.9710003347278} 
{0: '0.7768595041322314', 1: '0.0', 2: '0.0', 3: '2.500000000000003', 4: 564.5033040925949} 
{0: '0.777319587628866', 1: '0.0', 2: '0.0', 3: '2.351855716390306', 4: 568.0906541528735} 
{0: '0.7777777777777778', 1: '0.0', 2: '0.0', 3: '2.212490124287102', 4: 564.2259326597497} 
{0: '0.7782340862422998', 1: '0.0', 2: '0.0', 3: '2.081383018504685', 4: 558.1806474342195} 
{0: '0.7786885245901639', 1: '0.0', 2: '0.0', 3: '1.958045020027179', 4: 561.8357961845082} 
{0: '0.7791411042944786', 1: '0.0', 2: '0.0', 3: '1.842015749320195', 4: 581.2774100798832} 
{0: '0.7795918367346939', 1: '0.0', 2: '0.0', 3: '1.7328621078878674', 4: 558.1318619521109} 
{0: '0.780040733197556', 1: '0.0', 2: '0.0', 3: '1.6301766616608926', 4: 562.4513150347557} 
{0: '0.7804878048780488', 1: '0.0', 2: '0.0', 3: '1.5335761201812925', 4: 567.4317358084917} 
{0: '0.7809330628803245', 1: '0.0', 2: '0.0', 3: '1.4426999059072143', 4: 557.716185288348} 
{0: '0.7813765182186235', 1: '0.0', 2: '0.0', 3: '1.3572088082974538', 4: 565.4856917640155} 
{0: '0.7818181818181819', 1: '0.0', 2: '0.0', 3: '1.2767837176518553', 4: 557.3451103975563} 
{0: '0.782258064516129', 1: '0.0', 2: '0.0', 3: '1.2011244339814315', 4: 557.2789867993545} 
{0: '0.7806841046277666', 1: '0.0', 2: '0.0', 3: '1.2011244339814315', 4: 575.5483837976252} 
{0: '0.7811244979919679', 1: '0.0', 2: '0.0', 3: '1.2767837176518553', 4: 559.2887485470992} 
{0: '0.779559118236473', 1: '0.0', 2: '0.0', 3: '1.2767837176518553', 4: 559.2080670308776} 
