{'STAT2HEADER': 'STAT2HEADER', 'STAT2HEADER_ENVIRON': 'environ({\'OMPI_MCA_pmix\': \'^s1,s2,cray,isolated\', \'PMIX_MCA_mca_base_component_show_load_errors\': \'1\', \'OMPI_COMMAND\': \'python3\', \'OMPI_ARGV\': \'static_snapshot.py 3 0min\', \'OMPI_MCA_orte_precondition_transports\': \'cebed5dd689694fe-f7fd359dcc9c28d1\', \'LD_LIBRARY_PATH\': \'/salilab/diva1/programs/x86_64linux/numpy-py36-1.19.5/lib:/salilab/diva1/home/libs/x86_64/centos8:/salilab/diva1/home/libs/x86_64:/salilab/diva1/home/imp/main/20240607-af6f9d6a95/lib/release8:/salilab/diva1/programs/x86_64linux/opencv-4.3.0/lib64/rhel:/salilab/diva1/programs/x86_64linux/opencv-4.3.0/lib64:/salilab/diva1/programs/x86_64linux/hdf5-1.10.7/lib:/salilab/diva1/programs/x86_64linux/libtau-py27-1.0.1/lib64:/salilab/diva1/programs/x86_64linux/boost-1.73.0/lib64:/usr/lib64/openmpi/lib:/wynton/group/sali/miha_rozic/Software/imp-develop/build/lib::\', \'IMP_TMP_DIR\': \'/wynton/group/sali/miha_rozic/Software/imp-develop/build/tmp\', \'PE_HOSTFILE\': \'/var/spool/sge/wynton/qb3-id324/active_jobs/709028.1/pe_hostfile\', \'__LMOD_REF_COUNT_PATH\': \'/salilab/diva1/programs/x86_64linux/numpy-py36-1.19.5/bin:1;/salilab/diva1/home/imp/main/20240607-af6f9d6a95/bin/release8:1;/salilab/diva1/programs/x86_64linux/opencv-4.3.0/bin:1;/salilab/diva1/programs/x86_64linux/hdf5-1.10.7/bin:1;/usr/lib64/openmpi/bin:1;/wynton/home/sali/rozicmiha/.local/bin:1;/wynton/home/sali/rozicmiha/bin:1;/wynton/group/sali/miha_rozic/Software/imp-develop/build/bin:1;/wynton/group/sali/miha_rozic/Software/imp-develop/build/module_bin/EMageFit:1;/wynton/group/sali/miha_rozic/Software/imp-develop/build/module_bin/algebra:1;/wynton/group/sali/miha_rozic/Software/imp-develop/build/module_bin/atom:1;/wynton/group/sali/miha_rozic/Software/imp-develop/build/module_bin/benchmark:1;/wynton/group/sali/miha_rozic/Software/imp-develop/build/module_bin/cgal:1;/wynton/group/sali/miha_rozic/Software/imp-develop/build/module_bin/cnmultifit:1;/wynton/group/sali/miha_rozic/Software/imp-develop/build/module_bin/container:1;/wynton/group/sali/miha_rozic/Software/imp-develop/build/module_bin/core:1;/wynton/group/sali/miha_rozic/Software/imp-develop/build/module_bin/display:1;/wynton/group/sali/miha_rozic/Software/imp-develop/build/module_bin/domino:1;/wynton/group/sali/miha_rozic/Software/imp-develop/build/module_bin/em:1;/wynton/group/sali/miha_rozic/Software/imp-develop/build/module_bin/em2d:1;/wynton/group/sali/miha_rozic/Software/imp-develop/build/module_bin/example:1;/wynton/group/sali/miha_rozic/Software/imp-develop/build/module_bin/foxs:1;/wynton/group/sali/miha_rozic/Software/imp-develop/build/module_bin/gsl:1;/wynton/group/sali/miha_rozic/Software/imp-develop/build/module_bin/integrative_docking:1;/wynton/group/sali/miha_rozic/Software/imp-develop/build/module_bin/isd:1;/wynton/group/sali/miha_rozic/Software/imp-develop/build/module_bin/kernel:1;/wynton/group/sali/miha_rozic/Software/imp-develop/build/module_bin/kinematics:1;/wynton/group/sali/miha_rozic/Software/imp-develop/build/module_bin/kmeans:1;/wynton/group/sali/miha_rozic/Software/imp-develop/build/module_bin/misc:1;/wynton/group/sali/miha_rozic/Software/imp-develop/build/module_bin/mmcif:1;/wynton/group/sali/miha_rozic/Software/imp-develop/build/module_bin/modeller:1;/wynton/group/sali/miha_rozic/Software/imp-develop/build/module_bin/mpi:1;/wynton/group/sali/miha_rozic/Software/imp-develop/build/module_bin/multi_state:1;/wynton/group/sali/miha_rozic/Software/imp-develop/build/module_bin/multifit:1;/wynton/group/sali/miha_rozic/Software/imp-develop/build/module_bin/npc:1;/wynton/group/sali/miha_rozic/Software/imp-develop/build/module_bin/npcassembly:1;/wynton/group/sali/miha_rozic/Software/imp-develop/build/module_bin/parallel:1;/wynton/group/sali/miha_rozic/Software/imp-develop/build/module_bin/pepdock:1;/wynton/group/sali/miha_rozic/Software/imp-develop/build/module_bin/pmi:1;/wynton/group/sali/miha_rozic/Software/imp-develop/build/module_bin/rmf:1;/wynton/group/sali/miha_rozic/Software/imp-develop/build/module_bin/rotamer:1;/wynton/group/sali/miha_rozic/Software/imp-develop/build/module_bin/saxs:1;/wynton/group/sali/miha_rozic/Software/imp-develop/build/module_bin/saxs_merge:1;/wynton/group/sali/miha_rozic/Software/imp-develop/build/module_bin/score_functor:1;/wynton/group/sali/miha_rozic/Software/imp-develop/build/module_bin/scratch:1;/wynton/group/sali/miha_rozic/Software/imp-develop/build/module_bin/spb:1;/wynton/group/sali/miha_rozic/Software/imp-develop/build/module_bin/statistics:1;/wynton/group/sali/miha_rozic/Software/imp-develop/build/module_bin/symmetry:1;/wynton/group/sali/miha_rozic/Software/imp-develop/build/module_bin/test:1;/opt/sge/bin:1;/opt/sge/bin/lx-amd64:1;/scratch/709028.1.member.q:1;/usr/local/bin:1;/bin:1;/usr/bin:1;/usr/local/sbin:1;/usr/sbin:1\', \'_ModuleTable002_\': \'fSwKc3RhY2tEZXB0aCA9IDEsCnN0YXR1cyA9ICJhY3RpdmUiLAp1c2VyTmFtZSA9ICJib29zdC8xLjczLjAiLAp3ViA9ICIwMDAwMDAwMDEuMDAwMDAwMDczLip6ZmluYWwiLAp9LApoZGY1ID0gewpmbiA9ICIvc2FsaWxhYi9kaXZhMS9ob21lL21vZHVsZXMvaGRmNS8xLjEwLjciLApmdWxsTmFtZSA9ICJoZGY1LzEuMTAuNyIsCmxvYWRPcmRlciA9IDUsCnByb3BUID0ge30sCnN0YWNrRGVwdGggPSAyLApzdGF0dXMgPSAiYWN0aXZlIiwKdXNlck5hbWUgPSAiaGRmNS8xLjEwLjciLAp3ViA9ICIwMDAwMDAwMDEuMDAwMDAwMDEwLjAwMDAwMDAwNy4qemZpbmFsIiwKfSwKaW1wID0gewpmbiA9ICIvc2FsaWxhYi9kaXZhMS9ob21lL21vZHVsZXMvaW1wLzIuMjEuMCIsCmZ1bGxO\', \'IMP_DIR\': \'/salilab/diva1/home/imp/main/20240607-af6f9d6a95/lib/release8/cmake/IMP\', \'QUEUE\': \'member.q\', \'GOTO_NUM_THREADS\': \'1\', \'MPI_PYTHON3_SITEARCH\': \'/usr/lib64/python3.6/site-packages/openmpi\', \'LANG\': \'en_US.UTF-8\', \'HISTCONTROL\': \'ignoredups\', \'_ModuleTable008_\': \'cyIsCmZ1bGxOYW1lID0gInNhbGktbGlicmFyaWVzIiwKbG9hZE9yZGVyID0gOCwKcHJvcFQgPSB7fSwKc3RhY2tEZXB0aCA9IDEsCnN0YXR1cyA9ICJhY3RpdmUiLAp1c2VyTmFtZSA9ICJzYWxpLWxpYnJhcmllcyIsCndWID0gIk0uKnpmaW5hbCIsCn0sCn0sCm1wYXRoQSA9IHsKIi9zYWxpbGFiL2RpdmExL2hvbWUvbW9kdWxlcyIsICIvZXRjL21vZHVsZWZpbGVzIiwgIi91c3Ivc2hhcmUvbW9kdWxlZmlsZXMiCiwgIi91c3Ivc2hhcmUvbW9kdWxlZmlsZXMvTGludXgiLCAiL3Vzci9zaGFyZS9tb2R1bGVmaWxlcy9Db3JlIiwgIi91c3Ivc2hhcmUvbG1vZC9sbW9kL21vZHVsZWZpbGVzL0NvcmUiLAp9LApzeXN0ZW1CYXNlTVBBVEggPSAiL2V0Yy9tb2R1bGVmaWxlczovdXNy\', \'SGE_O_HOST\': \'dev1\', \'HOSTNAME\': \'qb3-id324.wynton.ucsf.edu\', \'OPENBLAS_NUM_THREADS\': \'1\', \'__LMOD_REF_COUNT_CMAKE_INCLUDE_PATH\': \'/salilab/diva1/programs/x86_64linux/opencv-4.3.0/include/opencv4:1;/salilab/diva1/programs/x86_64linux/hdf5-1.10.7/include:1;/salilab/diva1/programs/x86_64linux/libtau-py27-1.0.1/include:1;/salilab/diva1/programs/x86_64linux/boost-1.73.0/include:1\', \'SGE_RSH_COMMAND\': \'builtin\', \'ENVIRONMENT\': \'BATCH\', \'IMP_DATA\': \'/wynton/group/sali/miha_rozic/Software/imp-develop/build/data\', \'REQUEST\': \'test1\', \'SGE_STDIN_PATH\': \'/dev/null\', \'SGE_CELL\': \'wynton\', \'_ModuleTable007_\': \'MjEuMyIsCndWID0gIjAwMDAwMDAwMC4wMDAwMDAwMjEuMDAwMDAwMDAzLip6ZmluYWwiLAp9LApbInB5dGhvbjMvc2NpcHkiXSA9IHsKZm4gPSAiL3NhbGlsYWIvZGl2YTEvaG9tZS9tb2R1bGVzL3B5dGhvbjMvc2NpcHkvMS4zLjIiLApmdWxsTmFtZSA9ICJweXRob24zL3NjaXB5LzEuMy4yIiwKbG9hZE9yZGVyID0gMTAsCnByb3BUID0ge30sCnN0YWNrRGVwdGggPSAxLApzdGF0dXMgPSAiYWN0aXZlIiwKdXNlck5hbWUgPSAicHl0aG9uMy9zY2lweS8xLjMuMiIsCndWID0gIjAwMDAwMDAwMS4wMDAwMDAwMDMuMDAwMDAwMDAyLip6ZmluYWwiLAp9LApbInNhbGktbGlicmFyaWVzIl0gPSB7CmZuID0gIi9zYWxpbGFiL2RpdmExL2hvbWUvbW9kdWxlcy9zYWxpLWxpYnJhcmll\', \'CMAKE_INCLUDE_PATH\': \'/salilab/diva1/programs/x86_64linux/opencv-4.3.0/include/opencv4:/salilab/diva1/programs/x86_64linux/hdf5-1.10.7/include:/salilab/diva1/programs/x86_64linux/libtau-py27-1.0.1/include:/salilab/diva1/programs/x86_64linux/boost-1.73.0/include\', \'__LMOD_REF_COUNT_LD_LIBRARY_PATH\': \'/salilab/diva1/programs/x86_64linux/numpy-py36-1.19.5/lib:1;/salilab/diva1/home/libs/x86_64/centos8:1;/salilab/diva1/home/libs/x86_64:1;/salilab/diva1/home/imp/main/20240607-af6f9d6a95/lib/release8:1;/salilab/diva1/programs/x86_64linux/opencv-4.3.0/lib64/rhel:1;/salilab/diva1/programs/x86_64linux/opencv-4.3.0/lib64:1;/salilab/diva1/programs/x86_64linux/hdf5-1.10.7/lib:1;/salilab/diva1/programs/x86_64linux/libtau-py27-1.0.1/lib64:1;/salilab/diva1/programs/x86_64linux/boost-1.73.0/lib64:1;/usr/lib64/openmpi/lib:1;/wynton/group/sali/miha_rozic/Software/imp-develop/build/lib:2;:1\', \'__LMOD_REF_COUNT_PKG_CONFIG_PATH\': \'/usr/lib64/openmpi/lib/pkgconfig:1\', \'_ModuleTable004_\': \'aGFyZS9tb2R1bGVmaWxlcy9tcGkvb3Blbm1waS14ODZfNjQiLApmdWxsTmFtZSA9ICJtcGkvb3Blbm1waS14ODZfNjQiLApsb2FkT3JkZXIgPSAyLApwcm9wVCA9IHt9LApzdGFja0RlcHRoID0gMCwKc3RhdHVzID0gImFjdGl2ZSIsCnVzZXJOYW1lID0gIm1waS9vcGVubXBpLXg4Nl82NCIsCndWID0gIipvcGVubXBpLip4LjAwMDAwMDA4Ni4qXy4wMDAwMDAwNjQuKnpmaW5hbCIsCn0sCm9wZW5jdiA9IHsKZm4gPSAiL3NhbGlsYWIvZGl2YTEvaG9tZS9tb2R1bGVzL29wZW5jdi80LjMuMCIsCmZ1bGxOYW1lID0gIm9wZW5jdi80LjMuMCIsCmxvYWRPcmRlciA9IDYsCnByb3BUID0ge30sCnN0YWNrRGVwdGggPSAxLApzdGF0dXMgPSAiYWN0aXZlIiwKdXNlck5hbWUgPSAib3Bl\', \'__LMOD_REF_COUNT_PYTHONPATH\': \'/salilab/diva1/programs/x86_64linux/scikit-py36-0.21.3/lib64/python3.6/site-packages:1;/salilab/diva1/programs/linux/joblib-0.17.0/lib/python3.6/site-packages:1;/salilab/diva1/programs/x86_64linux/scipy-py36-1.3.2/lib64/python3.6/site-packages:1;/salilab/diva1/programs/x86_64linux/numpy-py36-1.19.5/lib64/python3.6/site-packages:1;/salilab/diva1/home/imp/main/20240607-af6f9d6a95/lib/release8:1;/salilab/diva1/programs/x86_64linux/opencv-4.3.0/lib/python3.6/site-packages:1;/wynton/group/sali/miha_rozic/Software/imp-develop/build/lib:2;:1\', \'which_declare\': \'declare -f\', \'NHOSTS\': \'1\', \'SGE_O_WORKDIR\': \'/wynton/group/sali/miha_rozic/Input_information/SNAPSHOTS/central_directory/snapshot3_0min/run27\', \'USER\': \'rozicmiha\', \'SGE_TASK_ID\': \'undefined\', \'__LMOD_REF_COUNT_CMAKE_LIBRARY_PATH\': \'/salilab/diva1/programs/x86_64linux/opencv-4.3.0/lib64:1;/salilab/diva1/programs/x86_64linux/hdf5-1.10.7/lib:1;/salilab/diva1/programs/x86_64linux/libtau-py27-1.0.1/lib64:1;/salilab/diva1/programs/x86_64linux/boost-1.73.0/lib64:1\', \'SGE_TASK_FIRST\': \'undefined\', \'NSLOTS\': \'16\', \'__LMOD_REF_COUNT_MODULEPATH\': \'/salilab/diva1/home/modules:1;/etc/modulefiles:1;/usr/share/modulefiles:1;/usr/share/modulefiles/Linux:1;/usr/share/modulefiles/Core:1;/usr/share/lmod/lmod/modulefiles/Core:1\', \'PWD\': \'/wynton/group/sali/miha_rozic/Input_information/SNAPSHOTS/central_directory/snapshot3_0min/run27\', \'HOME\': \'/wynton/home/sali/rozicmiha\', \'NQUEUES\': \'1\', \'TMP\': \'/scratch/709028.1.member.q\', \'PE\': \'smp\', \'SGE_O_HOME\': \'/wynton/home/sali/rozicmiha\', \'LMOD_VERSION\': \'8.7.32\', \'JOB_NAME\': \'test1\', \'BASH_ENV\': \'/usr/share/lmod/lmod/init/bash\', \'MPI_FORTRAN_MOD_DIR\': \'/usr/lib64/gfortran/modules/openmpi\', \'SGE_TASK_LAST\': \'undefined\', \'MKL_NUM_THREADS\': \'1\', \'MPI_COMPILER\': \'openmpi-x86_64\', \'SGE_ACCOUNT\': \'sge\', \'SGE_ROOT\': \'/opt/sge\', \'MPI_SUFFIX\': \'_openmpi\', \'TMPDIR\': \'/scratch/709028.1.member.q\', \'RESTARTED\': \'0\', \'LMOD_sys\': \'Linux\', \'_ModuleTable001_\': \'X01vZHVsZVRhYmxlXyA9IHsKTVR2ZXJzaW9uID0gMywKY19yZWJ1aWxkVGltZSA9IGZhbHNlLApjX3Nob3J0VGltZSA9IGZhbHNlLApkZXB0aFQgPSB7fSwKZmFtaWx5ID0ge30sCm1UID0gewpTYWxpID0gewpmbiA9ICIvZXRjL21vZHVsZWZpbGVzL1NhbGkubHVhIiwKZnVsbE5hbWUgPSAiU2FsaSIsCmxvYWRPcmRlciA9IDEsCnByb3BUID0ge30sCnN0YWNrRGVwdGggPSAwLApzdGF0dXMgPSAiYWN0aXZlIiwKdXNlck5hbWUgPSAiU2FsaSIsCndWID0gIk0uKnpmaW5hbCIsCn0sCmJvb3N0ID0gewpmbiA9ICIvc2FsaWxhYi9kaXZhMS9ob21lL21vZHVsZXMvYm9vc3QvMS43My4wIiwKZnVsbE5hbWUgPSAiYm9vc3QvMS43My4wIiwKbG9hZE9yZGVyID0gMywKcHJvcFQgPSB7\', \'LOADEDMODULES\': \'Sali:mpi/openmpi-x86_64:boost/1.73.0:libtau/1.0.1:hdf5/1.10.7:opencv/4.3.0:imp/2.21.0:sali-libraries:python3/numpy/1.19.5:python3/scipy/1.3.2:python3/joblib/0.17.0:python3/scikit/0.21.3\', \'SGE_O_PATH\': \'/salilab/diva1/programs/x86_64linux/numpy-py36-1.19.5/bin:/salilab/diva1/home/imp/main/20240607-af6f9d6a95/bin/release8:/salilab/diva1/programs/x86_64linux/opencv-4.3.0/bin:/salilab/diva1/programs/x86_64linux/hdf5-1.10.7/bin:/wynton/home/sali/rozicmiha/.local/bin:/wynton/home/sali/rozicmiha/bin:/wynton/group/sali/miha_rozic/Software/imp-develop/build/bin:/wynton/group/sali/miha_rozic/Software/imp-develop/build/module_bin/EMageFit:/wynton/group/sali/miha_rozic/Software/imp-develop/build/module_bin/algebra:/wynton/group/sali/miha_rozic/Software/imp-develop/build/module_bin/atom:/wynton/group/sali/miha_rozic/Software/imp-develop/build/module_bin/benchmark:/wynton/group/sali/miha_rozic/Software/imp-develop/build/module_bin/cgal:/wynton/group/sali/miha_rozic/Software/imp-develop/build/module_bin/cnmultifit:/wynton/group/sali/miha_rozic/Software/imp-develop/build/module_bin/container:/wynton/group/sali/miha_rozic/Software/imp-develop/build/module_bin/core:/wynton/group/sali/miha_rozic/Software/imp-develop/build/module_bin/display:/wynton/group/sali/miha_rozic/Software/imp-develop/build/module_bin/domino:/wynton/group/sali/miha_rozic/Software/imp-develop/build/module_bin/em:/wynton/group/sali/miha_rozic/Software/imp-develop/build/module_bin/em2d:/wynton/group/sali/miha_rozic/Software/imp-develop/build/module_bin/example:/wynton/group/sali/miha_rozic/Software/imp-develop/build/module_bin/foxs:/wynton/group/sali/miha_rozic/Software/imp-develop/build/module_bin/gsl:/wynton/group/sali/miha_rozic/Software/imp-develop/build/module_bin/integrative_docking:/wynton/group/sali/miha_rozic/Software/imp-develop/build/module_bin/isd:/wynton/group/sali/miha_rozic/Software/imp-develop/build/module_bin/kernel:/wynton/group/sali/miha_rozic/Software/imp-develop/build/module_bin/kinematics:/wynton/group/sali/miha_rozic/Software/imp-develop/build/module_bin/kmeans:/wynton/group/sali/miha_rozic/Software/imp-develop/build/module_bin/misc:/wynton/group/sali/miha_rozic/Software/imp-develop/build/module_bin/mmcif:/wynton/group/sali/miha_rozic/Software/imp-develop/build/module_bin/modeller:/wynton/group/sali/miha_rozic/Software/imp-develop/build/module_bin/mpi:/wynton/group/sali/miha_rozic/Software/imp-develop/build/module_bin/multi_state:/wynton/group/sali/miha_rozic/Software/imp-develop/build/module_bin/multifit:/wynton/group/sali/miha_rozic/Software/imp-develop/build/module_bin/npc:/wynton/group/sali/miha_rozic/Software/imp-develop/build/module_bin/npcassembly:/wynton/group/sali/miha_rozic/Software/imp-develop/build/module_bin/parallel:/wynton/group/sali/miha_rozic/Software/imp-develop/build/module_bin/pepdock:/wynton/group/sali/miha_rozic/Software/imp-develop/build/module_bin/pmi:/wynton/group/sali/miha_rozic/Software/imp-develop/build/module_bin/rmf:/wynton/group/sali/miha_rozic/Software/imp-develop/build/module_bin/rotamer:/wynton/group/sali/miha_rozic/Software/imp-develop/build/module_bin/saxs:/wynton/group/sali/miha_rozic/Software/imp-develop/build/module_bin/saxs_merge:/wynton/group/sali/miha_rozic/Software/imp-develop/build/module_bin/score_functor:/wynton/group/sali/miha_rozic/Software/imp-develop/build/module_bin/scratch:/wynton/group/sali/miha_rozic/Software/imp-develop/build/module_bin/spb:/wynton/group/sali/miha_rozic/Software/imp-develop/build/module_bin/statistics:/wynton/group/sali/miha_rozic/Software/imp-develop/build/module_bin/symmetry:/wynton/group/sali/miha_rozic/Software/imp-develop/build/module_bin/test:/opt/sge/bin:/opt/sge/bin/lx-amd64:/usr/local/bin:/usr/bin:/usr/local/sbin:/usr/sbin\', \'SGE_O_SHELL\': \'/bin/bash\', \'_ModuleTable006_\': \'bWUgPSAicHl0aG9uMy9udW1weS8xLjE5LjUiLApsb2FkT3JkZXIgPSA5LApwcm9wVCA9IHt9LApzdGFja0RlcHRoID0gMiwKc3RhdHVzID0gImFjdGl2ZSIsCnVzZXJOYW1lID0gInB5dGhvbjMvbnVtcHkvMS4xOS41IiwKd1YgPSAiMDAwMDAwMDAxLjAwMDAwMDAxOS4wMDAwMDAwMDUuKnpmaW5hbCIsCn0sClsicHl0aG9uMy9zY2lraXQiXSA9IHsKZm4gPSAiL3NhbGlsYWIvZGl2YTEvaG9tZS9tb2R1bGVzL3B5dGhvbjMvc2Npa2l0LzAuMjEuMyIsCmZ1bGxOYW1lID0gInB5dGhvbjMvc2Npa2l0LzAuMjEuMyIsCmxvYWRPcmRlciA9IDEyLApwcm9wVCA9IHt9LApzdGFja0RlcHRoID0gMCwKc3RhdHVzID0gImFjdGl2ZSIsCnVzZXJOYW1lID0gInB5dGhvbjMvc2Npa2l0LzAu\', \'__LMOD_REF_COUNT_MANPATH\': \':2;/usr/share/man/openmpi-x86_64:1;/opt/sge/man:1;/usr/share/lmod/lmod/share/man:1\', \'MPI_INCLUDE\': \'/usr/include/openmpi-x86_64\', \'_ModuleTable003_\': \'YW1lID0gImltcC8yLjIxLjAiLApsb2FkT3JkZXIgPSA3LApwcm9wVCA9IHt9LApzdGFja0RlcHRoID0gMCwKc3RhdHVzID0gImFjdGl2ZSIsCnVzZXJOYW1lID0gImltcCIsCndWID0gIl4wMDAwMDAwMi4wMDAwMDAwMjEuKnpmaW5hbCIsCn0sCmxpYnRhdSA9IHsKZm4gPSAiL3NhbGlsYWIvZGl2YTEvaG9tZS9tb2R1bGVzL2xpYnRhdS8xLjAuMSIsCmZ1bGxOYW1lID0gImxpYnRhdS8xLjAuMSIsCmxvYWRPcmRlciA9IDQsCnByb3BUID0ge30sCnN0YWNrRGVwdGggPSAxLApzdGF0dXMgPSAiYWN0aXZlIiwKdXNlck5hbWUgPSAibGlidGF1LzEuMC4xIiwKd1YgPSAiMDAwMDAwMDAxLjAwMDAwMDAwMC4wMDAwMDAwMDEuKnpmaW5hbCIsCn0sCm1waSA9IHsKZm4gPSAiL3Vzci9z\', \'LMOD_ROOT\': \'/usr/share/lmod\', \'SYSTEMCTL_SKIP_REDIRECT\': \'\', \'MAIL\': \'/var/spool/mail/rozicmiha\', \'SGE_CWD_PATH\': \'/wynton/group/sali/miha_rozic/Input_information/SNAPSHOTS/central_directory/snapshot3_0min/run27\', \'MPI_HOME\': \'/usr/lib64/openmpi\', \'_ModuleTable009_\': \'L3NoYXJlL21vZHVsZWZpbGVzOi91c3Ivc2hhcmUvbW9kdWxlZmlsZXMvTGludXg6L3Vzci9zaGFyZS9tb2R1bGVmaWxlcy9Db3JlOi91c3Ivc2hhcmUvbG1vZC9sbW9kL21vZHVsZWZpbGVzL0NvcmUiLAp9Cg==\', \'SGE_TASK_STEPSIZE\': \'undefined\', \'SHELL\': \'/bin/bash\', \'TERM\': \'\', \'_ModuleTable_Sz_\': \'9\', \'SGE_JOB_SPOOL_DIR\': \'/var/spool/sge/wynton/qb3-id324/active_jobs/709028.1\', \'JOB_ID\': \'709028\', \'IMP_EXAMPLE_DATA\': \'/wynton/group/sali/miha_rozic/Software/imp-develop/build/doc/examples\', \'R_FUTURE_AVAILABLECORES_FALLBACK\': \'1\', \'JOB_SCRIPT\': \'/var/spool/sge/wynton/qb3-id324/job_scripts/709028\', \'SHLVL\': \'2\', \'SGE_O_LOGNAME\': \'rozicmiha\', \'SGE_O_MAIL\': \'/var/spool/mail/rozicmiha\', \'PYTHONPATH\': \'/salilab/diva1/programs/x86_64linux/scikit-py36-0.21.3/lib64/python3.6/site-packages:/salilab/diva1/programs/linux/joblib-0.17.0/lib/python3.6/site-packages:/salilab/diva1/programs/x86_64linux/scipy-py36-1.3.2/lib64/python3.6/site-packages:/salilab/diva1/programs/x86_64linux/numpy-py36-1.19.5/lib64/python3.6/site-packages:/salilab/diva1/home/imp/main/20240607-af6f9d6a95/lib/release8:/salilab/diva1/programs/x86_64linux/opencv-4.3.0/lib/python3.6/site-packages:/wynton/group/sali/miha_rozic/Software/imp-develop/build/lib::\', \'MANPATH\': \':/usr/share/man/openmpi-x86_64:/opt/sge/man:/usr/share/lmod/lmod/share/man\', \'MODULEPATH\': \'/salilab/diva1/home/modules:/etc/modulefiles:/usr/share/modulefiles:/usr/share/modulefiles/Linux:/usr/share/modulefiles/Core:/usr/share/lmod/lmod/modulefiles/Core\', \'MPI_SYSCONFIG\': \'/etc/openmpi-x86_64\', \'LOGNAME\': \'rozicmiha\', \'SYSTEMCTL_IGNORE_DEPENDENCIES\': \'\', \'MODULEPATH_ROOT\': \'/usr/share/modulefiles\', \'PATH\': \'/salilab/diva1/programs/x86_64linux/numpy-py36-1.19.5/bin:/salilab/diva1/home/imp/main/20240607-af6f9d6a95/bin/release8:/salilab/diva1/programs/x86_64linux/opencv-4.3.0/bin:/salilab/diva1/programs/x86_64linux/hdf5-1.10.7/bin:/usr/lib64/openmpi/bin:/wynton/home/sali/rozicmiha/.local/bin:/wynton/home/sali/rozicmiha/bin:/wynton/group/sali/miha_rozic/Software/imp-develop/build/bin:/wynton/group/sali/miha_rozic/Software/imp-develop/build/module_bin/EMageFit:/wynton/group/sali/miha_rozic/Software/imp-develop/build/module_bin/algebra:/wynton/group/sali/miha_rozic/Software/imp-develop/build/module_bin/atom:/wynton/group/sali/miha_rozic/Software/imp-develop/build/module_bin/benchmark:/wynton/group/sali/miha_rozic/Software/imp-develop/build/module_bin/cgal:/wynton/group/sali/miha_rozic/Software/imp-develop/build/module_bin/cnmultifit:/wynton/group/sali/miha_rozic/Software/imp-develop/build/module_bin/container:/wynton/group/sali/miha_rozic/Software/imp-develop/build/module_bin/core:/wynton/group/sali/miha_rozic/Software/imp-develop/build/module_bin/display:/wynton/group/sali/miha_rozic/Software/imp-develop/build/module_bin/domino:/wynton/group/sali/miha_rozic/Software/imp-develop/build/module_bin/em:/wynton/group/sali/miha_rozic/Software/imp-develop/build/module_bin/em2d:/wynton/group/sali/miha_rozic/Software/imp-develop/build/module_bin/example:/wynton/group/sali/miha_rozic/Software/imp-develop/build/module_bin/foxs:/wynton/group/sali/miha_rozic/Software/imp-develop/build/module_bin/gsl:/wynton/group/sali/miha_rozic/Software/imp-develop/build/module_bin/integrative_docking:/wynton/group/sali/miha_rozic/Software/imp-develop/build/module_bin/isd:/wynton/group/sali/miha_rozic/Software/imp-develop/build/module_bin/kernel:/wynton/group/sali/miha_rozic/Software/imp-develop/build/module_bin/kinematics:/wynton/group/sali/miha_rozic/Software/imp-develop/build/module_bin/kmeans:/wynton/group/sali/miha_rozic/Software/imp-develop/build/module_bin/misc:/wynton/group/sali/miha_rozic/Software/imp-develop/build/module_bin/mmcif:/wynton/group/sali/miha_rozic/Software/imp-develop/build/module_bin/modeller:/wynton/group/sali/miha_rozic/Software/imp-develop/build/module_bin/mpi:/wynton/group/sali/miha_rozic/Software/imp-develop/build/module_bin/multi_state:/wynton/group/sali/miha_rozic/Software/imp-develop/build/module_bin/multifit:/wynton/group/sali/miha_rozic/Software/imp-develop/build/module_bin/npc:/wynton/group/sali/miha_rozic/Software/imp-develop/build/module_bin/npcassembly:/wynton/group/sali/miha_rozic/Software/imp-develop/build/module_bin/parallel:/wynton/group/sali/miha_rozic/Software/imp-develop/build/module_bin/pepdock:/wynton/group/sali/miha_rozic/Software/imp-develop/build/module_bin/pmi:/wynton/group/sali/miha_rozic/Software/imp-develop/build/module_bin/rmf:/wynton/group/sali/miha_rozic/Software/imp-develop/build/module_bin/rotamer:/wynton/group/sali/miha_rozic/Software/imp-develop/build/module_bin/saxs:/wynton/group/sali/miha_rozic/Software/imp-develop/build/module_bin/saxs_merge:/wynton/group/sali/miha_rozic/Software/imp-develop/build/module_bin/score_functor:/wynton/group/sali/miha_rozic/Software/imp-develop/build/module_bin/scratch:/wynton/group/sali/miha_rozic/Software/imp-develop/build/module_bin/spb:/wynton/group/sali/miha_rozic/Software/imp-develop/build/module_bin/statistics:/wynton/group/sali/miha_rozic/Software/imp-develop/build/module_bin/symmetry:/wynton/group/sali/miha_rozic/Software/imp-develop/build/module_bin/test:/opt/sge/bin:/opt/sge/bin/lx-amd64:/scratch/709028.1.member.q:/usr/local/bin:/bin:/usr/bin:/usr/local/sbin:/usr/sbin\', \'MPI_BIN\': \'/usr/lib64/openmpi/bin\', \'SGE_STDERR_PATH\': \'/wynton/group/sali/miha_rozic/Input_information/SNAPSHOTS/central_directory/snapshot3_0min/run27/test1.o709028\', \'_LMFILES_\': \'/etc/modulefiles/Sali.lua:/usr/share/modulefiles/mpi/openmpi-x86_64:/salilab/diva1/home/modules/boost/1.73.0:/salilab/diva1/home/modules/libtau/1.0.1:/salilab/diva1/home/modules/hdf5/1.10.7:/salilab/diva1/home/modules/opencv/4.3.0:/salilab/diva1/home/modules/imp/2.21.0:/salilab/diva1/home/modules/sali-libraries:/salilab/diva1/home/modules/python3/numpy/1.19.5:/salilab/diva1/home/modules/python3/scipy/1.3.2:/salilab/diva1/home/modules/python3/joblib/0.17.0:/salilab/diva1/home/modules/python3/scikit/0.21.3\', \'DEBUGINFOD_URLS\': \'https://debuginfod.centos.org/ \', \'MODULESHOME\': \'/usr/share/lmod/lmod\', \'PKG_CONFIG_PATH\': \'/usr/lib64/openmpi/lib/pkgconfig\', \'LMOD_SETTARG_FULL_SUPPORT\': \'no\', \'HISTSIZE\': \'1000\', \'SGE_ARCH\': \'lx-amd64\', \'LMOD_PKG\': \'/usr/share/lmod/lmod\', \'CMAKE_LIBRARY_PATH\': \'/salilab/diva1/programs/x86_64linux/opencv-4.3.0/lib64:/salilab/diva1/programs/x86_64linux/hdf5-1.10.7/lib:/salilab/diva1/programs/x86_64linux/libtau-py27-1.0.1/lib64:/salilab/diva1/programs/x86_64linux/boost-1.73.0/lib64\', \'ARC\': \'lx-amd64\', \'MPI_LIB\': \'/usr/lib64/openmpi/lib\', \'SGE_BINARY_PATH\': \'/opt/sge/bin/lx-amd64\', \'SGE_STDOUT_PATH\': \'/wynton/group/sali/miha_rozic/Input_information/SNAPSHOTS/central_directory/snapshot3_0min/run27/test1.o709028\', \'_ModuleTable005_\': \'bmN2LzQuMy4wIiwKd1YgPSAiMDAwMDAwMDA0LjAwMDAwMDAwMy4qemZpbmFsIiwKfSwKWyJweXRob24zL2pvYmxpYiJdID0gewpmbiA9ICIvc2FsaWxhYi9kaXZhMS9ob21lL21vZHVsZXMvcHl0aG9uMy9qb2JsaWIvMC4xNy4wIiwKZnVsbE5hbWUgPSAicHl0aG9uMy9qb2JsaWIvMC4xNy4wIiwKbG9hZE9yZGVyID0gMTEsCnByb3BUID0ge30sCnN0YWNrRGVwdGggPSAxLApzdGF0dXMgPSAiYWN0aXZlIiwKdXNlck5hbWUgPSAicHl0aG9uMy9qb2JsaWIiLAp3ViA9ICIwMDAwMDAwMDAuMDAwMDAwMDE3Lip6ZmluYWwiLAp9LApbInB5dGhvbjMvbnVtcHkiXSA9IHsKZm4gPSAiL3NhbGlsYWIvZGl2YTEvaG9tZS9tb2R1bGVzL3B5dGhvbjMvbnVtcHkvMS4xOS41IiwKZnVsbE5h\', \'LMOD_CMD\': \'/usr/share/lmod/lmod/libexec/lmod\', \'REQNAME\': \'test1\', \'IMP_BIN_DIR\': \'/wynton/group/sali/miha_rozic/Software/imp-develop/build/bin\', \'MPI_MAN\': \'/usr/share/man/openmpi-x86_64\', \'LESSOPEN\': \'||/usr/bin/lesspipe.sh %s\', \'OMP_NUM_THREADS\': \'1\', \'SGE_CLUSTER_NAME\': \'wynton_cluster\', \'LMOD_DIR\': \'/usr/share/lmod/lmod/libexec\', \'BASH_FUNC_which%%\': \'() {  ( alias;\\n eval ${which_declare} ) | /usr/bin/which --tty-only --read-alias --read-functions --show-tilde --show-dot $@\\n}\', \'BASH_FUNC_module%%\': \'() {  if [ -z "${LMOD_SH_DBG_ON+x}" ]; then\\n case "$-" in \\n *v*x*)\\n __lmod_sh_dbg=\\\'vx\\\'\\n ;;\\n *v*)\\n __lmod_sh_dbg=\\\'v\\\'\\n ;;\\n *x*)\\n __lmod_sh_dbg=\\\'x\\\'\\n ;;\\n esac;\\n fi;\\n if [ -n "${__lmod_sh_dbg:-}" ]; then\\n set +$__lmod_sh_dbg;\\n echo "Shell debugging temporarily silenced: export LMOD_SH_DBG_ON=1 for Lmod\\\'s output" 1>&2;\\n fi;\\n eval "$($LMOD_CMD shell "$@")" && eval "$(${LMOD_SETTARG_CMD:-:} -s sh)";\\n __lmod_my_status=$?;\\n if [ -n "${__lmod_sh_dbg:-}" ]; then\\n echo "Shell debugging restarted" 1>&2;\\n set -$__lmod_sh_dbg;\\n fi;\\n unset __lmod_sh_dbg;\\n return $__lmod_my_status\\n}\', \'BASH_FUNC_ml%%\': \'() {  eval "$($LMOD_DIR/ml_cmd "$@")"\\n}\', \'_\': \'/usr/lib64/openmpi/bin/mpirun\', \'IPATH_NO_BACKTRACE\': \'1\', \'HFI_NO_BACKTRACE\': \'1\', \'OMPI_MCA_orte_local_daemon_uri\': \'3986358272.0;tcp://172.26.39.74:58953\', \'OMPI_MCA_orte_hnp_uri\': \'3986358272.0;tcp://172.26.39.74:58953\', \'OMPI_MCA_mpi_oversubscribe\': \'0\', \'OMPI_MCA_orte_app_num\': \'0\', \'OMPI_UNIVERSE_SIZE\': \'16\', \'OMPI_MCA_orte_num_nodes\': \'1\', \'OMPI_MCA_shmem_RUNTIME_QUERY_hint\': \'mmap\', \'OMPI_MCA_orte_bound_at_launch\': \'1\', \'OMPI_MCA_ess\': \'^singleton\', \'OMPI_MCA_orte_ess_num_procs\': \'16\', \'OMPI_COMM_WORLD_SIZE\': \'16\', \'OMPI_COMM_WORLD_LOCAL_SIZE\': \'16\', \'OMPI_MCA_orte_tmpdir_base\': \'/scratch/709028.1.member.q\', \'OMPI_MCA_orte_top_session_dir\': \'/scratch/709028.1.member.q/ompi.qb3-id324.11149\', \'OMPI_MCA_orte_jobfam_session_dir\': \'/scratch/709028.1.member.q/ompi.qb3-id324.11149/pid.1161014\', \'OMPI_NUM_APP_CTX\': \'1\', \'OMPI_FIRST_RANKS\': \'0\', \'OMPI_APP_CTX_NUM_PROCS\': \'16\', \'OMPI_MCA_initial_wdir\': \'/wynton/group/sali/miha_rozic/Input_information/SNAPSHOTS/central_directory/snapshot3_0min/run27\', \'OMPI_MCA_orte_launch\': \'1\', \'PMIX_NAMESPACE\': \'3986358273\', \'PMIX_RANK\': \'1\', \'PMIX_SERVER_URI2\': \'3986358272.0;tcp4://127.0.0.1:48369\', \'PMIX_SERVER_URI21\': \'3986358272.0;tcp4://127.0.0.1:48369\', \'PMIX_SECURITY_MODE\': \'native,none\', \'PMIX_PTL_MODULE\': \'tcp,usock\', \'PMIX_BFROP_BUFFER_TYPE\': \'PMIX_BFROP_BUFFER_NON_DESC\', \'PMIX_GDS_MODULE\': \'ds21,ds12,hash\', \'PMIX_SERVER_TMPDIR\': \'/scratch/709028.1.member.q/ompi.qb3-id324.11149/pid.1161014\', \'PMIX_SYSTEM_TMPDIR\': \'/scratch/709028.1.member.q\', \'PMIX_DSTORE_21_BASE_PATH\': \'/scratch/709028.1.member.q/ompi.qb3-id324.11149/pid.1161014/pmix_dstor_ds21_1161014\', \'PMIX_DSTORE_ESH_BASE_PATH\': \'/scratch/709028.1.member.q/ompi.qb3-id324.11149/pid.1161014/pmix_dstor_ds12_1161014\', \'OMPI_MCA_ess_base_jobid\': \'3986358273\', \'OMPI_MCA_ess_base_vpid\': \'1\', \'OMPI_COMM_WORLD_RANK\': \'1\', \'OMPI_COMM_WORLD_LOCAL_RANK\': \'1\', \'OMPI_COMM_WORLD_NODE_RANK\': \'1\', \'OMPI_MCA_orte_ess_node_rank\': \'1\', \'PMIX_ID\': \'3986358273.1\', \'OMPI_FILE_LOCATION\': \'/scratch/709028.1.member.q/ompi.qb3-id324.11149/pid.1161014/0/0\', \'KMP_DUPLICATE_LIB_OK\': \'True\', \'KMP_INIT_AT_FORK\': \'FALSE\'})', 'STAT2HEADER_IMP_VERSIONS': "{'IMP_VERSION': '2.21.0', 'PMI_VERSION': '2.21.0'}", 0: 'ReplicaExchange_SwapSuccessRatio', 1: 'ReplicaExchange_MinTempFrequency', 2: 'ReplicaExchange_MaxTempFrequency', 3: 'ReplicaExchange_CurrentTemp', 4: 'score'} 
{0: '0', 1: '0', 2: '0', 3: '1.0629903792895394', 4: inf} 
{0: '0.0', 1: '0.0', 2: '0.0', 3: '1.0629903792895394', 4: inf} 
{0: '0.0', 1: '0.0', 2: '0.0', 3: '1.0629903792895394', 4: inf} 
{0: '0.0', 1: '0.0', 2: '0.0', 3: '1.0629903792895394', 4: inf} 
{0: '0.0', 1: '0.0', 2: '0.0', 3: '1.0629903792895394', 4: inf} 
{0: '0.0', 1: '0.0', 2: '0.0', 3: '1.0629903792895394', 4: 31357.86211774525} 
{0: '0.16666666666666666', 1: '0.0', 2: '0.0', 3: '1.1299485464621188', 4: 7248.731912668852} 
{0: '0.2857142857142857', 1: '0.0', 2: '0.0', 3: '1.2011244339814315', 4: 681.5422402575733} 
{0: '0.375', 1: '0.0', 2: '0.0', 3: '1.2767837176518553', 4: 558.6435347812595} 
{0: '0.4444444444444444', 1: '0.0', 2: '0.0', 3: '1.3572088082974538', 4: 545.2542343484521} 
{0: '0.5', 1: '0.0', 2: '0.0', 3: '1.4426999059072143', 4: 539.0059595264923} 
{0: '0.5454545454545454', 1: '0.0', 2: '0.0', 3: '1.5335761201812925', 4: 513.2979965554357} 
{0: '0.5833333333333334', 1: '0.0', 2: '0.0', 3: '1.6301766616608926', 4: 495.13381923591} 
{0: '0.6153846153846154', 1: '0.0', 2: '0.0', 3: '1.7328621078878674', 4: 486.967451099559} 
{0: '0.6428571428571429', 1: '0.0', 2: '0.0', 3: '1.842015749320195', 4: 482.605361352356} 
{0: '0.6666666666666666', 1: '0.0', 2: '0.0', 3: '1.958045020027179', 4: 481.6235081315455} 
{0: '0.6875', 1: '0.0', 2: '0.0', 3: '2.081383018504685', 4: 480.4345205551238} 
{0: '0.7058823529411765', 1: '0.0', 2: '0.0', 3: '2.212490124287102', 4: 467.8180749839729} 
{0: '0.7222222222222222', 1: '0.0', 2: '0.0', 3: '2.351855716390306', 4: 443.1936963127036} 
{0: '0.7368421052631579', 1: '0.0', 2: '0.0', 3: '2.500000000000003', 4: 445.66682637152616} 
{0: '0.7', 1: '0.0', 2: '0.0', 3: '2.500000000000003', 4: 445.8681011228441} 
{0: '0.6666666666666666', 1: '0.0', 2: '0.0', 3: '2.500000000000003', 4: 445.1606808702481} 
{0: '0.6363636363636364', 1: '0.0', 2: '0.0', 3: '2.500000000000003', 4: 427.881828433871} 
{0: '0.6521739130434783', 1: '0.0', 2: '0.0', 3: '2.351855716390306', 4: 415.06740018986704} 
{0: '0.6666666666666666', 1: '0.0', 2: '0.0', 3: '2.212490124287102', 4: 405.7115410286181} 
{0: '0.68', 1: '0.0', 2: '0.0', 3: '2.081383018504685', 4: 387.3425910141098} 
{0: '0.6923076923076923', 1: '0.0', 2: '0.0', 3: '1.958045020027179', 4: 386.50868859023575} 
{0: '0.7037037037037037', 1: '0.0', 2: '0.0', 3: '1.842015749320195', 4: 388.9847491831702} 
{0: '0.7142857142857143', 1: '0.0', 2: '0.0', 3: '1.7328621078878674', 4: 384.8848466628424} 
{0: '0.7241379310344828', 1: '0.0', 2: '0.0', 3: '1.6301766616608926', 4: 386.23276277216115} 
{0: '0.7333333333333333', 1: '0.0', 2: '0.0', 3: '1.5335761201812925', 4: 393.81641367255133} 
{0: '0.7419354838709677', 1: '0.0', 2: '0.0', 3: '1.4426999059072143', 4: 387.361675553853} 
{0: '0.75', 1: '0.0', 2: '0.0', 3: '1.3572088082974538', 4: 381.18096255525944} 
{0: '0.7272727272727273', 1: '0.0', 2: '0.0', 3: '1.3572088082974538', 4: 375.37923524331393} 
{0: '0.7058823529411765', 1: '0.0', 2: '0.0', 3: '1.3572088082974538', 4: 384.5068915447762} 
{0: '0.6857142857142857', 1: '0.0', 2: '0.0', 3: '1.3572088082974538', 4: 381.39753272609533} 
{0: '0.6944444444444444', 1: '0.0', 2: '0.0', 3: '1.4426999059072143', 4: 382.33895819461395} 
{0: '0.7027027027027027', 1: '0.0', 2: '0.0', 3: '1.5335761201812925', 4: 386.76517149226225} 
{0: '0.6842105263157895', 1: '0.0', 2: '0.0', 3: '1.5335761201812925', 4: 382.3326430667148} 
{0: '0.6923076923076923', 1: '0.0', 2: '0.0', 3: '1.4426999059072143', 4: 385.0938897208961} 
{0: '0.675', 1: '0.0', 2: '0.0', 3: '1.4426999059072143', 4: 383.55813755804405} 
{0: '0.6829268292682927', 1: '0.0', 2: '0.0', 3: '1.5335761201812925', 4: 382.12598897330577} 
{0: '0.6666666666666666', 1: '0.0', 2: '0.0', 3: '1.5335761201812925', 4: 386.7277047764297} 
{0: '0.6511627906976745', 1: '0.0', 2: '0.0', 3: '1.5335761201812925', 4: 391.0254074910395} 
{0: '0.6590909090909091', 1: '0.0', 2: '0.0', 3: '1.6301766616608926', 4: 385.60312324682775} 
{0: '0.6666666666666666', 1: '0.0', 2: '0.0', 3: '1.7328621078878674', 4: 400.2945073431579} 
{0: '0.6739130434782609', 1: '0.0', 2: '0.0', 3: '1.842015749320195', 4: 390.7948325854346} 
{0: '0.6595744680851063', 1: '0.0', 2: '0.0', 3: '1.842015749320195', 4: 383.84867050022496} 
{0: '0.6666666666666666', 1: '0.0', 2: '0.0', 3: '1.7328621078878674', 4: 381.8497241539564} 
{0: '0.673469387755102', 1: '0.0', 2: '0.0', 3: '1.6301766616608926', 4: 391.6701851775836} 
{0: '0.66', 1: '0.0', 2: '0.0', 3: '1.6301766616608926', 4: 384.585046469134} 
{0: '0.6666666666666666', 1: '0.0', 2: '0.0', 3: '1.7328621078878674', 4: 386.13504789291005} 
{0: '0.6538461538461539', 1: '0.0', 2: '0.0', 3: '1.7328621078878674', 4: 391.51150191408055} 
{0: '0.660377358490566', 1: '0.0', 2: '0.0', 3: '1.6301766616608926', 4: 385.72187129688564} 
{0: '0.6666666666666666', 1: '0.0', 2: '0.0', 3: '1.5335761201812925', 4: 391.0534658028136} 
{0: '0.6545454545454545', 1: '0.0', 2: '0.0', 3: '1.5335761201812925', 4: 388.0273723440275} 
{0: '0.6607142857142857', 1: '0.0', 2: '0.0', 3: '1.6301766616608926', 4: 393.93323581775076} 
{0: '0.6666666666666666', 1: '0.0', 2: '0.0', 3: '1.7328621078878674', 4: 383.3953283336845} 
{0: '0.6724137931034483', 1: '0.0', 2: '0.0', 3: '1.842015749320195', 4: 392.3677461657277} 
{0: '0.6610169491525424', 1: '0.0', 2: '0.0', 3: '1.842015749320195', 4: 396.7614928702673} 
{0: '0.6666666666666666', 1: '0.0', 2: '0.0', 3: '1.7328621078878674', 4: 390.8833808195424} 
{0: '0.6557377049180327', 1: '0.0', 2: '0.0', 3: '1.7328621078878674', 4: 393.8290211473245} 
{0: '0.6612903225806451', 1: '0.0', 2: '0.0', 3: '1.842015749320195', 4: 400.37394266289476} 
{0: '0.6666666666666666', 1: '0.0', 2: '0.0', 3: '1.958045020027179', 4: 396.924486496019} 
{0: '0.671875', 1: '0.0', 2: '0.0', 3: '2.081383018504685', 4: 410.0734844317603} 
{0: '0.676923076923077', 1: '0.0', 2: '0.0', 3: '2.212490124287102', 4: 381.4404794998025} 
{0: '0.6666666666666666', 1: '0.0', 2: '0.0', 3: '2.212490124287102', 4: 392.3768239510406} 
{0: '0.6716417910447762', 1: '0.0', 2: '0.0', 3: '2.081383018504685', 4: 407.01313425401634} 
{0: '0.6617647058823529', 1: '0.0', 2: '0.0', 3: '2.081383018504685', 4: 385.8343619567259} 
{0: '0.6521739130434783', 1: '0.0', 2: '0.0', 3: '2.081383018504685', 4: 396.95237155053616} 
{0: '0.6571428571428571', 1: '0.0', 2: '0.0', 3: '1.958045020027179', 4: 381.82536540374514} 
{0: '0.647887323943662', 1: '0.0', 2: '0.0', 3: '1.958045020027179', 4: 398.81376504700114} 
{0: '0.6527777777777778', 1: '0.0', 2: '0.0', 3: '2.081383018504685', 4: 385.88917830166963} 
{0: '0.6438356164383562', 1: '0.0', 2: '0.0', 3: '2.081383018504685', 4: 397.5224755496806} 
{0: '0.6486486486486487', 1: '0.0', 2: '0.0', 3: '1.958045020027179', 4: 404.1136088264275} 
{0: '0.6533333333333333', 1: '0.0', 2: '0.0', 3: '1.842015749320195', 4: 395.25546333842635} 
{0: '0.6578947368421053', 1: '0.0', 2: '0.0', 3: '1.7328621078878674', 4: 399.7233776859803} 
{0: '0.6493506493506493', 1: '0.0', 2: '0.0', 3: '1.7328621078878674', 4: 405.65226383080443} 
{0: '0.6538461538461539', 1: '0.0', 2: '0.0', 3: '1.842015749320195', 4: 404.2123486855917} 
{0: '0.6582278481012658', 1: '0.0', 2: '0.0', 3: '1.958045020027179', 4: 389.59044192073503} 
{0: '0.6625', 1: '0.0', 2: '0.0', 3: '2.081383018504685', 4: 397.2682019283209} 
{0: '0.6666666666666666', 1: '0.0', 2: '0.0', 3: '2.212490124287102', 4: 391.37654185506386} 
{0: '0.6585365853658537', 1: '0.0', 2: '0.0', 3: '2.212490124287102', 4: 383.3984557836422} 
{0: '0.6626506024096386', 1: '0.0', 2: '0.0', 3: '2.081383018504685', 4: 396.32011278072235} 
{0: '0.6666666666666666', 1: '0.0', 2: '0.0', 3: '1.958045020027179', 4: 386.4352322087763} 
{0: '0.6705882352941176', 1: '0.0', 2: '0.0', 3: '1.842015749320195', 4: 387.25137515705535} 
{0: '0.6744186046511628', 1: '0.0', 2: '0.0', 3: '1.7328621078878674', 4: 404.26774499916877} 
{0: '0.6781609195402298', 1: '0.0', 2: '0.0', 3: '1.6301766616608926', 4: 378.48100896576216} 
{0: '0.6818181818181818', 1: '0.0', 2: '0.0', 3: '1.5335761201812925', 4: 395.0669911169554} 
{0: '0.6741573033707865', 1: '0.0', 2: '0.0', 3: '1.5335761201812925', 4: 388.3992792019907} 
{0: '0.6777777777777778', 1: '0.0', 2: '0.0', 3: '1.6301766616608926', 4: 384.23051687967745} 
{0: '0.6813186813186813', 1: '0.0', 2: '0.0', 3: '1.7328621078878674', 4: 386.5154749850765} 
{0: '0.6847826086956522', 1: '0.0', 2: '0.0', 3: '1.842015749320195', 4: 388.0780877000876} 
{0: '0.6881720430107527', 1: '0.0', 2: '0.0', 3: '1.958045020027179', 4: 395.0526597994889} 
{0: '0.6808510638297872', 1: '0.0', 2: '0.0', 3: '1.958045020027179', 4: 387.8185169084916} 
{0: '0.6842105263157895', 1: '0.0', 2: '0.0', 3: '1.842015749320195', 4: 396.3548407683026} 
{0: '0.6875', 1: '0.0', 2: '0.0', 3: '1.7328621078878674', 4: 386.76324499746346} 
{0: '0.6907216494845361', 1: '0.0', 2: '0.0', 3: '1.6301766616608926', 4: 384.52577294893473} 
{0: '0.6836734693877551', 1: '0.0', 2: '0.0', 3: '1.6301766616608926', 4: 385.22237353538344} 
{0: '0.6868686868686869', 1: '0.0', 2: '0.0', 3: '1.7328621078878674', 4: 394.8682202851916} 
{0: '0.69', 1: '0.0', 2: '0.0', 3: '1.842015749320195', 4: 385.407649538393} 
{0: '0.6831683168316832', 1: '0.0', 2: '0.0', 3: '1.842015749320195', 4: 401.828481864807} 
{0: '0.6862745098039216', 1: '0.0', 2: '0.0', 3: '1.7328621078878674', 4: 383.63958711333686} 
{0: '0.6893203883495146', 1: '0.0', 2: '0.0', 3: '1.6301766616608926', 4: 389.83800310663486} 
{0: '0.6923076923076923', 1: '0.0', 2: '0.0', 3: '1.5335761201812925', 4: 386.22545600385786} 
{0: '0.6857142857142857', 1: '0.0', 2: '0.0', 3: '1.5335761201812925', 4: 388.32358067127467} 
{0: '0.6886792452830188', 1: '0.0', 2: '0.0', 3: '1.6301766616608926', 4: 391.43279541661184} 
{0: '0.6915887850467289', 1: '0.0', 2: '0.0', 3: '1.7328621078878674', 4: 375.27110552105177} 
{0: '0.6944444444444444', 1: '0.0', 2: '0.0', 3: '1.842015749320195', 4: 399.1631032588465} 
{0: '0.6972477064220184', 1: '0.0', 2: '0.0', 3: '1.958045020027179', 4: 389.2012165753638} 
{0: '0.7', 1: '0.0', 2: '0.0', 3: '2.081383018504685', 4: 411.2531853188743} 
{0: '0.7027027027027027', 1: '0.0', 2: '0.0', 3: '2.212490124287102', 4: 385.71172944894226} 
{0: '0.6964285714285714', 1: '0.0', 2: '0.0', 3: '2.212490124287102', 4: 390.700181085618} 
{0: '0.6991150442477876', 1: '0.0', 2: '0.0', 3: '2.081383018504685', 4: 381.5051143305068} 
{0: '0.7017543859649122', 1: '0.0', 2: '0.0', 3: '1.958045020027179', 4: 397.03823701678834} 
{0: '0.7043478260869566', 1: '0.0', 2: '0.0', 3: '1.842015749320195', 4: 388.29620394412285} 
{0: '0.6982758620689655', 1: '0.0', 2: '0.0', 3: '1.842015749320195', 4: 394.95043670009215} 
{0: '0.7008547008547008', 1: '0.0', 2: '0.0', 3: '1.958045020027179', 4: 383.34927895127646} 
{0: '0.7033898305084746', 1: '0.0', 2: '0.0', 3: '2.081383018504685', 4: 399.92404894745874} 
{0: '0.7058823529411765', 1: '0.0', 2: '0.0', 3: '2.212490124287102', 4: 396.4609808085182} 
{0: '0.7', 1: '0.0', 2: '0.0', 3: '2.212490124287102', 4: 407.5678529311364} 
{0: '0.6942148760330579', 1: '0.0', 2: '0.0', 3: '2.212490124287102', 4: 416.04035650320026} 
{0: '0.6967213114754098', 1: '0.0', 2: '0.0', 3: '2.351855716390306', 4: 392.72116752482106} 
{0: '0.6991869918699187', 1: '0.0', 2: '0.0', 3: '2.500000000000003', 4: 404.2279890046739} 
{0: '0.6935483870967742', 1: '0.0', 2: '0.0', 3: '2.500000000000003', 4: 397.111381026581} 
{0: '0.696', 1: '0.0', 2: '0.0', 3: '2.351855716390306', 4: 394.929618066969} 
{0: '0.6984126984126984', 1: '0.0', 2: '0.0', 3: '2.212490124287102', 4: 390.48574241961364} 
{0: '0.7007874015748031', 1: '0.0', 2: '0.0', 3: '2.081383018504685', 4: 384.9074026752365} 
{0: '0.703125', 1: '0.0', 2: '0.0', 3: '1.958045020027179', 4: 385.42696490036303} 
{0: '0.7054263565891473', 1: '0.0', 2: '0.0', 3: '1.842015749320195', 4: 395.23577952095997} 
{0: '0.7076923076923077', 1: '0.0', 2: '0.0', 3: '1.7328621078878674', 4: 378.64284302870766} 
{0: '0.7099236641221374', 1: '0.0', 2: '0.0', 3: '1.6301766616608926', 4: 393.8815271563194} 
{0: '0.7121212121212122', 1: '0.0', 2: '0.0', 3: '1.5335761201812925', 4: 387.57383725615864} 
{0: '0.706766917293233', 1: '0.0', 2: '0.0', 3: '1.5335761201812925', 4: 384.3524604870553} 
{0: '0.7089552238805971', 1: '0.0', 2: '0.0', 3: '1.6301766616608926', 4: 386.736267084493} 
{0: '0.7111111111111111', 1: '0.0', 2: '0.0', 3: '1.7328621078878674', 4: 389.6781665565006} 
{0: '0.7132352941176471', 1: '0.0', 2: '0.0', 3: '1.842015749320195', 4: 386.2386790371605} 
{0: '0.7153284671532847', 1: '0.0', 2: '0.0', 3: '1.958045020027179', 4: 406.75732683010114} 
{0: '0.717391304347826', 1: '0.0', 2: '0.0', 3: '2.081383018504685', 4: 396.52691875092466} 
{0: '0.7194244604316546', 1: '0.0', 2: '0.0', 3: '2.212490124287102', 4: 420.93815150987365} 
{0: '0.7214285714285714', 1: '0.0', 2: '0.0', 3: '2.351855716390306', 4: 398.6593959486595} 
{0: '0.723404255319149', 1: '0.0', 2: '0.0', 3: '2.500000000000003', 4: 397.01606132255597} 
{0: '0.7183098591549296', 1: '0.0', 2: '0.0', 3: '2.500000000000003', 4: 386.84448002606865} 
{0: '0.7202797202797203', 1: '0.0', 2: '0.0', 3: '2.351855716390306', 4: 397.39119871578026} 
{0: '0.7222222222222222', 1: '0.0', 2: '0.0', 3: '2.212490124287102', 4: 412.66009869687423} 
{0: '0.7241379310344828', 1: '0.0', 2: '0.0', 3: '2.081383018504685', 4: 383.8939786351756} 
{0: '0.726027397260274', 1: '0.0', 2: '0.0', 3: '1.958045020027179', 4: 383.4934452833352} 
{0: '0.7278911564625851', 1: '0.0', 2: '0.0', 3: '1.842015749320195', 4: 403.39908325266686} 
{0: '0.722972972972973', 1: '0.0', 2: '0.0', 3: '1.842015749320195', 4: 381.97523520499027} 
{0: '0.7248322147651006', 1: '0.0', 2: '0.0', 3: '1.958045020027179', 4: 397.5936031964452} 
{0: '0.7266666666666667', 1: '0.0', 2: '0.0', 3: '2.081383018504685', 4: 379.96503644024637} 
{0: '0.7284768211920529', 1: '0.0', 2: '0.0', 3: '2.212490124287102', 4: 408.4497304762207} 
{0: '0.7302631578947368', 1: '0.0', 2: '0.0', 3: '2.351855716390306', 4: 391.34074056049417} 
{0: '0.7320261437908496', 1: '0.0', 2: '0.0', 3: '2.500000000000003', 4: 388.02526823027455} 
{0: '0.7272727272727273', 1: '0.0', 2: '0.0', 3: '2.500000000000003', 4: 423.35754765690695} 
{0: '0.7225806451612903', 1: '0.0', 2: '0.0', 3: '2.500000000000003', 4: 416.4385265059609} 
{0: '0.717948717948718', 1: '0.0', 2: '0.0', 3: '2.500000000000003', 4: 405.3867960628969} 
{0: '0.7197452229299363', 1: '0.0', 2: '0.0', 3: '2.351855716390306', 4: 389.97212168118654} 
{0: '0.7215189873417721', 1: '0.0', 2: '0.0', 3: '2.212490124287102', 4: 379.33629808777005} 
{0: '0.7169811320754716', 1: '0.0', 2: '0.0', 3: '2.212490124287102', 4: 386.35933681876713} 
{0: '0.71875', 1: '0.0', 2: '0.0', 3: '2.351855716390306', 4: 387.6187412830833} 
{0: '0.7204968944099379', 1: '0.0', 2: '0.0', 3: '2.500000000000003', 4: 409.55916368286506} 
{0: '0.7160493827160493', 1: '0.0', 2: '0.0', 3: '2.500000000000003', 4: 392.5253658998079} 
{0: '0.7177914110429447', 1: '0.0', 2: '0.0', 3: '2.351855716390306', 4: 394.71500123172575} 
{0: '0.7195121951219512', 1: '0.0', 2: '0.0', 3: '2.212490124287102', 4: 388.4858246912808} 
{0: '0.7212121212121212', 1: '0.0', 2: '0.0', 3: '2.081383018504685', 4: 405.94306702398507} 
{0: '0.7228915662650602', 1: '0.0', 2: '0.0', 3: '1.958045020027179', 4: 397.2995971724899} 
{0: '0.7245508982035929', 1: '0.0', 2: '0.0', 3: '1.842015749320195', 4: 384.8901386171428} 
{0: '0.7261904761904762', 1: '0.0', 2: '0.0', 3: '1.7328621078878674', 4: 391.5171989137884} 
{0: '0.727810650887574', 1: '0.0', 2: '0.0', 3: '1.6301766616608926', 4: 383.3569336391824} 
{0: '0.7235294117647059', 1: '0.0', 2: '0.0', 3: '1.6301766616608926', 4: 381.0580160913744} 
{0: '0.7251461988304093', 1: '0.0', 2: '0.0', 3: '1.7328621078878674', 4: 383.0184945667514} 
{0: '0.7267441860465116', 1: '0.0', 2: '0.0', 3: '1.842015749320195', 4: 393.2696974076451} 
{0: '0.7283236994219653', 1: '0.0', 2: '0.0', 3: '1.958045020027179', 4: 387.7022980891396} 
{0: '0.7298850574712644', 1: '0.0', 2: '0.0', 3: '2.081383018504685', 4: 398.981913665685} 
{0: '0.7314285714285714', 1: '0.0', 2: '0.0', 3: '2.212490124287102', 4: 401.04621044737195} 
{0: '0.7329545454545454', 1: '0.0', 2: '0.0', 3: '2.351855716390306', 4: 391.4382590970707} 
{0: '0.7344632768361582', 1: '0.0', 2: '0.0', 3: '2.500000000000003', 4: 380.4809720935381} 
{0: '0.7303370786516854', 1: '0.0', 2: '0.0', 3: '2.500000000000003', 4: 395.39862741968636} 
{0: '0.7318435754189944', 1: '0.0', 2: '0.0', 3: '2.351855716390306', 4: 405.5464366964818} 
{0: '0.7333333333333333', 1: '0.0', 2: '0.0', 3: '2.212490124287102', 4: 383.4781091943205} 
{0: '0.7348066298342542', 1: '0.0', 2: '0.0', 3: '2.081383018504685', 4: 385.4411760196729} 
{0: '0.7362637362637363', 1: '0.0', 2: '0.0', 3: '1.958045020027179', 4: 401.8063565104496} 
{0: '0.7377049180327869', 1: '0.0', 2: '0.0', 3: '1.842015749320195', 4: 390.9369614777514} 
{0: '0.7391304347826086', 1: '0.0', 2: '0.0', 3: '1.7328621078878674', 4: 393.8245612860218} 
{0: '0.7351351351351352', 1: '0.0', 2: '0.0', 3: '1.7328621078878674', 4: 395.73643170694083} 
{0: '0.7365591397849462', 1: '0.0', 2: '0.0', 3: '1.842015749320195', 4: 401.1736946569699} 
{0: '0.7379679144385026', 1: '0.0', 2: '0.0', 3: '1.958045020027179', 4: 402.3148439381879} 
{0: '0.7393617021276596', 1: '0.0', 2: '0.0', 3: '2.081383018504685', 4: 395.9977612113542} 
{0: '0.7407407407407407', 1: '0.0', 2: '0.0', 3: '2.212490124287102', 4: 397.571325044528} 
{0: '0.7421052631578947', 1: '0.0', 2: '0.0', 3: '2.351855716390306', 4: 404.6391874690634} 
{0: '0.743455497382199', 1: '0.0', 2: '0.0', 3: '2.500000000000003', 4: 396.71599405454685} 
{0: '0.7395833333333334', 1: '0.0', 2: '0.0', 3: '2.500000000000003', 4: 412.7803244307193} 
{0: '0.7409326424870466', 1: '0.0', 2: '0.0', 3: '2.351855716390306', 4: 410.9096082420263} 
{0: '0.7371134020618557', 1: '0.0', 2: '0.0', 3: '2.351855716390306', 4: 393.66426893205625} 
{0: '0.7384615384615385', 1: '0.0', 2: '0.0', 3: '2.500000000000003', 4: 397.7790039019428} 
{0: '0.7346938775510204', 1: '0.0', 2: '0.0', 3: '2.500000000000003', 4: 386.5328970018844} 
{0: '0.7360406091370558', 1: '0.0', 2: '0.0', 3: '2.351855716390306', 4: 392.78143545974683} 
{0: '0.7373737373737373', 1: '0.0', 2: '0.0', 3: '2.212490124287102', 4: 385.34012185516957} 
{0: '0.7386934673366834', 1: '0.0', 2: '0.0', 3: '2.081383018504685', 4: 379.57352484218245} 
{0: '0.74', 1: '0.0', 2: '0.0', 3: '1.958045020027179', 4: 398.30981157093294} 
{0: '0.7412935323383084', 1: '0.0', 2: '0.0', 3: '1.842015749320195', 4: 383.6089372417663} 
{0: '0.7376237623762376', 1: '0.0', 2: '0.0', 3: '1.842015749320195', 4: 380.81281530586085} 
{0: '0.7389162561576355', 1: '0.0', 2: '0.0', 3: '1.958045020027179', 4: 383.33154423021716} 
{0: '0.7401960784313726', 1: '0.0', 2: '0.0', 3: '2.081383018504685', 4: 385.72071745185747} 
{0: '0.7414634146341463', 1: '0.0', 2: '0.0', 3: '2.212490124287102', 4: 403.49560277599886} 
{0: '0.7427184466019418', 1: '0.0', 2: '0.0', 3: '2.351855716390306', 4: 397.4105507935823} 
{0: '0.7439613526570048', 1: '0.0', 2: '0.0', 3: '2.500000000000003', 4: 390.69084999439445} 
{0: '0.7403846153846154', 1: '0.0', 2: '0.0', 3: '2.500000000000003', 4: 376.57916756450663} 
{0: '0.7416267942583732', 1: '0.0', 2: '0.0', 3: '2.351855716390306', 4: 407.24395502715464} 
{0: '0.7380952380952381', 1: '0.0', 2: '0.0', 3: '2.351855716390306', 4: 393.50014281351855} 
{0: '0.7393364928909952', 1: '0.0', 2: '0.0', 3: '2.500000000000003', 4: 391.7548773050343} 
{0: '0.7358490566037735', 1: '0.0', 2: '0.0', 3: '2.500000000000003', 4: 406.40450990476126} 
{0: '0.7370892018779343', 1: '0.0', 2: '0.0', 3: '2.351855716390306', 4: 405.7942640573304} 
{0: '0.7336448598130841', 1: '0.0', 2: '0.0', 3: '2.351855716390306', 4: 403.5279645146959} 
{0: '0.7302325581395349', 1: '0.0', 2: '0.0', 3: '2.351855716390306', 4: 408.90781171396924} 
{0: '0.7268518518518519', 1: '0.0', 2: '0.0', 3: '2.351855716390306', 4: 385.52754272083456} 
{0: '0.728110599078341', 1: '0.0', 2: '0.0', 3: '2.500000000000003', 4: 402.12105200950816} 
{0: '0.7247706422018348', 1: '0.0', 2: '0.0', 3: '2.500000000000003', 4: 396.83489610133336} 
{0: '0.726027397260274', 1: '0.0', 2: '0.0', 3: '2.351855716390306', 4: 398.0096557241498} 
{0: '0.7272727272727273', 1: '0.0', 2: '0.0', 3: '2.212490124287102', 4: 404.48332792290313} 
{0: '0.7285067873303167', 1: '0.0', 2: '0.0', 3: '2.081383018504685', 4: 398.50392805253} 
{0: '0.7297297297297297', 1: '0.0', 2: '0.0', 3: '1.958045020027179', 4: 396.1836775801957} 
{0: '0.726457399103139', 1: '0.0', 2: '0.0', 3: '1.958045020027179', 4: 411.3389422227794} 
{0: '0.7276785714285714', 1: '0.0', 2: '0.0', 3: '2.081383018504685', 4: 384.59926796824584} 
{0: '0.7244444444444444', 1: '0.0', 2: '0.0', 3: '2.081383018504685', 4: 388.69878716595167} 
{0: '0.7212389380530974', 1: '0.0', 2: '0.0', 3: '2.081383018504685', 4: 393.4535648204326} 
{0: '0.7224669603524229', 1: '0.0', 2: '0.0', 3: '2.212490124287102', 4: 406.641399464251} 
{0: '0.7236842105263158', 1: '0.0', 2: '0.0', 3: '2.351855716390306', 4: 390.5964720233851} 
{0: '0.7205240174672489', 1: '0.0', 2: '0.0', 3: '2.351855716390306', 4: 396.1960204126604} 
{0: '0.717391304347826', 1: '0.0', 2: '0.0', 3: '2.351855716390306', 4: 399.47443502859693} 
{0: '0.7186147186147186', 1: '0.0', 2: '0.0', 3: '2.500000000000003', 4: 391.76966957861265} 
{0: '0.7155172413793104', 1: '0.0', 2: '0.0', 3: '2.500000000000003', 4: 413.76315793601935} 
{0: '0.7167381974248928', 1: '0.0', 2: '0.0', 3: '2.351855716390306', 4: 381.1942393269061} 
{0: '0.717948717948718', 1: '0.0', 2: '0.0', 3: '2.212490124287102', 4: 392.38753858592247} 
{0: '0.7191489361702128', 1: '0.0', 2: '0.0', 3: '2.081383018504685', 4: 398.95059708442204} 
{0: '0.7161016949152542', 1: '0.0', 2: '0.0', 3: '2.081383018504685', 4: 401.2130116770685} 
{0: '0.7172995780590717', 1: '0.0', 2: '0.0', 3: '2.212490124287102', 4: 398.2077429321271} 
{0: '0.7184873949579832', 1: '0.0', 2: '0.0', 3: '2.351855716390306', 4: 399.3526270733502} 
{0: '0.7196652719665272', 1: '0.0', 2: '0.0', 3: '2.500000000000003', 4: 405.0166876735877} 
{0: '0.7166666666666667', 1: '0.0', 2: '0.0', 3: '2.500000000000003', 4: 392.806257612091} 
{0: '0.7178423236514523', 1: '0.0', 2: '0.0', 3: '2.351855716390306', 4: 384.9381463743394} 
{0: '0.71900826446281', 1: '0.0', 2: '0.0', 3: '2.212490124287102', 4: 414.9665769135172} 
{0: '0.7160493827160493', 1: '0.0', 2: '0.0', 3: '2.212490124287102', 4: 406.7334696868062} 
{0: '0.7172131147540983', 1: '0.0', 2: '0.0', 3: '2.351855716390306', 4: 391.5986027264243} 
{0: '0.7183673469387755', 1: '0.0', 2: '0.0', 3: '2.500000000000003', 4: 417.30752221857927} 
{0: '0.7154471544715447', 1: '0.0', 2: '0.0', 3: '2.500000000000003', 4: 413.77060801315116} 
{0: '0.7125506072874493', 1: '0.0', 2: '0.0', 3: '2.500000000000003', 4: 430.5500376818073} 
{0: '0.7096774193548387', 1: '0.0', 2: '0.0', 3: '2.500000000000003', 4: 414.7859361489251} 
{0: '0.7108433734939759', 1: '0.0', 2: '0.0', 3: '2.351855716390306', 4: 407.7992290614156} 
{0: '0.712', 1: '0.0', 2: '0.0', 3: '2.212490124287102', 4: 396.3894653198934} 
{0: '0.7091633466135459', 1: '0.0', 2: '0.0', 3: '2.212490124287102', 4: 389.8303237595086} 
{0: '0.7103174603174603', 1: '0.0', 2: '0.0', 3: '2.351855716390306', 4: 417.2886100126931} 
{0: '0.7114624505928854', 1: '0.0', 2: '0.0', 3: '2.500000000000003', 4: 424.2140412091127} 
{0: '0.7086614173228346', 1: '0.0', 2: '0.0', 3: '2.500000000000003', 4: 419.123978551376} 
{0: '0.7058823529411765', 1: '0.0', 2: '0.0', 3: '2.500000000000003', 4: 407.17933015977053} 
{0: '0.703125', 1: '0.0', 2: '0.0', 3: '2.500000000000003', 4: 416.3903819795749} 
{0: '0.7042801556420234', 1: '0.0', 2: '0.0', 3: '2.351855716390306', 4: 400.938957559029} 
{0: '0.7054263565891473', 1: '0.0', 2: '0.0', 3: '2.212490124287102', 4: 408.1508391202572} 
{0: '0.7065637065637066', 1: '0.0', 2: '0.0', 3: '2.081383018504685', 4: 410.8280392657684} 
{0: '0.7076923076923077', 1: '0.0', 2: '0.0', 3: '1.958045020027179', 4: 397.8708360773703} 
{0: '0.7088122605363985', 1: '0.0', 2: '0.0', 3: '1.842015749320195', 4: 400.6178986844839} 
{0: '0.7099236641221374', 1: '0.0', 2: '0.0', 3: '1.7328621078878674', 4: 388.2167930095838} 
{0: '0.7072243346007605', 1: '0.0', 2: '0.0', 3: '1.7328621078878674', 4: 395.90079715713466} 
{0: '0.7083333333333334', 1: '0.0', 2: '0.0', 3: '1.842015749320195', 4: 395.82823983979677} 
{0: '0.7094339622641509', 1: '0.0', 2: '0.0', 3: '1.958045020027179', 4: 402.9798337035368} 
{0: '0.7105263157894737', 1: '0.0', 2: '0.0', 3: '2.081383018504685', 4: 397.0218647544608} 
{0: '0.7116104868913857', 1: '0.0', 2: '0.0', 3: '2.212490124287102', 4: 390.81693764011186} 
{0: '0.7126865671641791', 1: '0.0', 2: '0.0', 3: '2.351855716390306', 4: 395.11208424928236} 
{0: '0.7137546468401487', 1: '0.0', 2: '0.0', 3: '2.500000000000003', 4: 396.98877042881946} 
{0: '0.7111111111111111', 1: '0.0', 2: '0.0', 3: '2.500000000000003', 4: 390.45381149240626} 
{0: '0.7121771217712177', 1: '0.0', 2: '0.0', 3: '2.351855716390306', 4: 410.3404094558524} 
{0: '0.7132352941176471', 1: '0.0', 2: '0.0', 3: '2.212490124287102', 4: 404.56607309126343} 
{0: '0.7142857142857143', 1: '0.0', 2: '0.0', 3: '2.081383018504685', 4: 408.32536450165344} 
{0: '0.7153284671532847', 1: '0.0', 2: '0.0', 3: '1.958045020027179', 4: 400.92132096160805} 
{0: '0.7163636363636363', 1: '0.0', 2: '0.0', 3: '1.842015749320195', 4: 399.80122825426406} 
{0: '0.717391304347826', 1: '0.0', 2: '0.0', 3: '1.7328621078878674', 4: 394.7607078028209} 
{0: '0.7148014440433214', 1: '0.0', 2: '0.0', 3: '1.7328621078878674', 4: 400.31347964591043} 
{0: '0.7158273381294964', 1: '0.0', 2: '0.0', 3: '1.842015749320195', 4: 396.1562732469802} 
{0: '0.7168458781362007', 1: '0.0', 2: '0.0', 3: '1.958045020027179', 4: 408.8989838174441} 
{0: '0.7178571428571429', 1: '0.0', 2: '0.0', 3: '2.081383018504685', 4: 402.09200131670946} 
{0: '0.7188612099644128', 1: '0.0', 2: '0.0', 3: '2.212490124287102', 4: 402.72947653111464} 
{0: '0.7198581560283688', 1: '0.0', 2: '0.0', 3: '2.351855716390306', 4: 403.38382070325565} 
{0: '0.7208480565371025', 1: '0.0', 2: '0.0', 3: '2.500000000000003', 4: 403.0970029026289} 
{0: '0.7183098591549296', 1: '0.0', 2: '0.0', 3: '2.500000000000003', 4: 406.0134136576275} 
{0: '0.7192982456140351', 1: '0.0', 2: '0.0', 3: '2.351855716390306', 4: 406.86355691934006} 
{0: '0.7167832167832168', 1: '0.0', 2: '0.0', 3: '2.351855716390306', 4: 405.9347543394183} 
{0: '0.7177700348432056', 1: '0.0', 2: '0.0', 3: '2.500000000000003', 4: 395.52930482684854} 
{0: '0.7152777777777778', 1: '0.0', 2: '0.0', 3: '2.500000000000003', 4: 397.48588191064556} 
{0: '0.7162629757785467', 1: '0.0', 2: '0.0', 3: '2.351855716390306', 4: 400.1298715887719} 
{0: '0.7172413793103448', 1: '0.0', 2: '0.0', 3: '2.212490124287102', 4: 401.1702233900872} 
{0: '0.7147766323024055', 1: '0.0', 2: '0.0', 3: '2.212490124287102', 4: 389.09374261680523} 
{0: '0.7157534246575342', 1: '0.0', 2: '0.0', 3: '2.351855716390306', 4: 414.53686854248315} 
{0: '0.7167235494880546', 1: '0.0', 2: '0.0', 3: '2.500000000000003', 4: 408.87718163887223} 
{0: '0.7142857142857143', 1: '0.0', 2: '0.0', 3: '2.500000000000003', 4: 398.18245140623156} 
{0: '0.7152542372881356', 1: '0.0', 2: '0.0', 3: '2.351855716390306', 4: 398.4271493394361} 
{0: '0.7162162162162162', 1: '0.0', 2: '0.0', 3: '2.212490124287102', 4: 398.5579336331808} 
{0: '0.7138047138047138', 1: '0.0', 2: '0.0', 3: '2.212490124287102', 4: 391.32261377273466} 
{0: '0.714765100671141', 1: '0.0', 2: '0.0', 3: '2.351855716390306', 4: 394.88507823959674} 
{0: '0.7157190635451505', 1: '0.0', 2: '0.0', 3: '2.500000000000003', 4: 396.0395849756842} 
{0: '0.7133333333333334', 1: '0.0', 2: '0.0', 3: '2.500000000000003', 4: 401.0603276178845} 
{0: '0.7142857142857143', 1: '0.0', 2: '0.0', 3: '2.351855716390306', 4: 413.16918683659765} 
{0: '0.7119205298013245', 1: '0.0', 2: '0.0', 3: '2.351855716390306', 4: 410.9688660272148} 
{0: '0.7128712871287128', 1: '0.0', 2: '0.0', 3: '2.500000000000003', 4: 402.61904000088464} 
{0: '0.7105263157894737', 1: '0.0', 2: '0.0', 3: '2.500000000000003', 4: 398.27622095697205} 
{0: '0.7114754098360656', 1: '0.0', 2: '0.0', 3: '2.351855716390306', 4: 395.639765990022} 
{0: '0.7091503267973857', 1: '0.0', 2: '0.0', 3: '2.351855716390306', 4: 405.97424969217826} 
{0: '0.7100977198697068', 1: '0.0', 2: '0.0', 3: '2.500000000000003', 4: 400.4573857083426} 
{0: '0.7077922077922078', 1: '0.0', 2: '0.0', 3: '2.500000000000003', 4: 395.04580447859564} 
{0: '0.7087378640776699', 1: '0.0', 2: '0.0', 3: '2.351855716390306', 4: 396.18915753975176} 
{0: '0.7064516129032258', 1: '0.0', 2: '0.0', 3: '2.351855716390306', 4: 397.9456628440014} 
{0: '0.7041800643086816', 1: '0.0', 2: '0.0', 3: '2.351855716390306', 4: 424.1395946196576} 
{0: '0.7019230769230769', 1: '0.0', 2: '0.0', 3: '2.351855716390306', 4: 393.4567073082574} 
{0: '0.7028753993610224', 1: '0.0', 2: '0.0', 3: '2.500000000000003', 4: 390.59349491148305} 
{0: '0.7006369426751592', 1: '0.0', 2: '0.0', 3: '2.500000000000003', 4: 420.64371619941403} 
{0: '0.7015873015873015', 1: '0.0', 2: '0.0', 3: '2.351855716390306', 4: 415.26584517355695} 
{0: '0.6993670886075949', 1: '0.0', 2: '0.0', 3: '2.351855716390306', 4: 408.61702030711183} 
{0: '0.7003154574132492', 1: '0.0', 2: '0.0', 3: '2.500000000000003', 4: 399.3009865305315} 
{0: '0.6981132075471698', 1: '0.0', 2: '0.0', 3: '2.500000000000003', 4: 390.202549150692} 
{0: '0.6990595611285266', 1: '0.0', 2: '0.0', 3: '2.351855716390306', 4: 399.1906182467612} 
{0: '0.7', 1: '0.0', 2: '0.0', 3: '2.212490124287102', 4: 381.6696657894007} 
{0: '0.6978193146417445', 1: '0.0', 2: '0.0', 3: '2.212490124287102', 4: 403.26650799362795} 
{0: '0.6987577639751553', 1: '0.0', 2: '0.0', 3: '2.351855716390306', 4: 416.5682557021101} 
{0: '0.6996904024767802', 1: '0.0', 2: '0.0', 3: '2.500000000000003', 4: 404.5777071921978} 
{0: '0.6975308641975309', 1: '0.0', 2: '0.0', 3: '2.500000000000003', 4: 400.7993498247121} 
{0: '0.6984615384615385', 1: '0.0', 2: '0.0', 3: '2.351855716390306', 4: 387.60130348690353} 
{0: '0.6993865030674846', 1: '0.0', 2: '0.0', 3: '2.212490124287102', 4: 403.2432442800996} 
{0: '0.6972477064220184', 1: '0.0', 2: '0.0', 3: '2.212490124287102', 4: 397.4314415309954} 
{0: '0.698170731707317', 1: '0.0', 2: '0.0', 3: '2.351855716390306', 4: 397.47832955532346} 
{0: '0.6990881458966566', 1: '0.0', 2: '0.0', 3: '2.500000000000003', 4: 407.657411668372} 
{0: '0.696969696969697', 1: '0.0', 2: '0.0', 3: '2.500000000000003', 4: 394.64234838903764} 
{0: '0.6978851963746223', 1: '0.0', 2: '0.0', 3: '2.351855716390306', 4: 407.5358335560324} 
{0: '0.6987951807228916', 1: '0.0', 2: '0.0', 3: '2.212490124287102', 4: 388.73879791299635} 
{0: '0.6996996996996997', 1: '0.0', 2: '0.0', 3: '2.081383018504685', 4: 395.3116782050405} 
{0: '0.6976047904191617', 1: '0.0', 2: '0.0', 3: '2.081383018504685', 4: 400.3289051967539} 
{0: '0.6985074626865672', 1: '0.0', 2: '0.0', 3: '2.212490124287102', 4: 393.35131620366064} 
{0: '0.6994047619047619', 1: '0.0', 2: '0.0', 3: '2.351855716390306', 4: 394.10782201411405} 
{0: '0.7002967359050445', 1: '0.0', 2: '0.0', 3: '2.500000000000003', 4: 414.6769428031579} 
{0: '0.6982248520710059', 1: '0.0', 2: '0.0', 3: '2.500000000000003', 4: 398.3461545224956} 
{0: '0.6991150442477876', 1: '0.0', 2: '0.0', 3: '2.351855716390306', 4: 391.00054913322055} 
{0: '0.7', 1: '0.0', 2: '0.0', 3: '2.212490124287102', 4: 399.0150549295222} 
{0: '0.6979472140762464', 1: '0.0', 2: '0.0', 3: '2.212490124287102', 4: 397.130681851679} 
{0: '0.6988304093567251', 1: '0.0', 2: '0.0', 3: '2.351855716390306', 4: 393.80459070049596} 
{0: '0.6967930029154519', 1: '0.0', 2: '0.0', 3: '2.351855716390306', 4: 396.11240630620597} 
{0: '0.6976744186046512', 1: '0.0', 2: '0.0', 3: '2.212490124287102', 4: 409.1358799355986} 
{0: '0.6956521739130435', 1: '0.0', 2: '0.0', 3: '2.212490124287102', 4: 392.1813104789009} 
{0: '0.6965317919075145', 1: '0.0', 2: '0.0', 3: '2.351855716390306', 4: 394.8460392261046} 
{0: '0.6974063400576369', 1: '0.0', 2: '0.0', 3: '2.500000000000003', 4: 412.506768361208} 
{0: '0.6954022988505747', 1: '0.0', 2: '0.0', 3: '2.500000000000003', 4: 387.06918535589074} 
{0: '0.6962750716332379', 1: '0.0', 2: '0.0', 3: '2.351855716390306', 4: 398.8166914120176} 
{0: '0.6942857142857143', 1: '0.0', 2: '0.0', 3: '2.351855716390306', 4: 384.7279585205321} 
{0: '0.6951566951566952', 1: '0.0', 2: '0.0', 3: '2.500000000000003', 4: 409.7591786278979} 
{0: '0.6931818181818182', 1: '0.0', 2: '0.0', 3: '2.500000000000003', 4: 405.8781867751429} 
{0: '0.6940509915014165', 1: '0.0', 2: '0.0', 3: '2.351855716390306', 4: 401.7477132030125} 
{0: '0.692090395480226', 1: '0.0', 2: '0.0', 3: '2.351855716390306', 4: 404.86177188367003} 
{0: '0.6901408450704225', 1: '0.0', 2: '0.0', 3: '2.351855716390306', 4: 424.81748701353337} 
{0: '0.6882022471910112', 1: '0.0', 2: '0.0', 3: '2.351855716390306', 4: 404.6750153141539} 
{0: '0.6890756302521008', 1: '0.0', 2: '0.0', 3: '2.500000000000003', 4: 395.35953108219036} 
{0: '0.6871508379888268', 1: '0.0', 2: '0.0', 3: '2.500000000000003', 4: 390.89073388165724} 
{0: '0.6880222841225627', 1: '0.0', 2: '0.0', 3: '2.351855716390306', 4: 402.0646989617207} 
{0: '0.6861111111111111', 1: '0.0', 2: '0.0', 3: '2.351855716390306', 4: 401.57698134540567} 
{0: '0.6869806094182825', 1: '0.0', 2: '0.0', 3: '2.500000000000003', 4: 398.39468317540735} 
{0: '0.6850828729281768', 1: '0.0', 2: '0.0', 3: '2.500000000000003', 4: 400.8869614684507} 
{0: '0.6859504132231405', 1: '0.0', 2: '0.0', 3: '2.351855716390306', 4: 394.6168060135543} 
{0: '0.6868131868131868', 1: '0.0', 2: '0.0', 3: '2.212490124287102', 4: 381.7737050953945} 
{0: '0.6876712328767123', 1: '0.0', 2: '0.0', 3: '2.081383018504685', 4: 405.2669056540435} 
{0: '0.6857923497267759', 1: '0.0', 2: '0.0', 3: '2.081383018504685', 4: 392.5693867147347} 
{0: '0.6866485013623979', 1: '0.0', 2: '0.0', 3: '2.212490124287102', 4: 392.4606422968617} 
{0: '0.6875', 1: '0.0', 2: '0.0', 3: '2.351855716390306', 4: 399.02596672918435} 
{0: '0.6883468834688347', 1: '0.0', 2: '0.0', 3: '2.500000000000003', 4: 396.77557031298227} 
{0: '0.6864864864864865', 1: '0.0', 2: '0.0', 3: '2.500000000000003', 4: 409.4869801104584} 
{0: '0.6873315363881402', 1: '0.0', 2: '0.0', 3: '2.351855716390306', 4: 405.32293427706986} 
{0: '0.6854838709677419', 1: '0.0', 2: '0.0', 3: '2.351855716390306', 4: 406.77967634463477} 
{0: '0.6863270777479893', 1: '0.0', 2: '0.0', 3: '2.500000000000003', 4: 407.3814255956358} 
{0: '0.6844919786096256', 1: '0.0', 2: '0.0', 3: '2.500000000000003', 4: 393.5674782717809} 
{0: '0.6853333333333333', 1: '0.0', 2: '0.0', 3: '2.351855716390306', 4: 395.3348352251822} 
{0: '0.6835106382978723', 1: '0.0', 2: '0.0', 3: '2.351855716390306', 4: 390.0226900939506} 
{0: '0.6843501326259946', 1: '0.0', 2: '0.0', 3: '2.500000000000003', 4: 381.54933551601243} 
{0: '0.6825396825396826', 1: '0.0', 2: '0.0', 3: '2.500000000000003', 4: 415.3970131733129} 
{0: '0.683377308707124', 1: '0.0', 2: '0.0', 3: '2.351855716390306', 4: 403.20650540640156} 
{0: '0.6815789473684211', 1: '0.0', 2: '0.0', 3: '2.351855716390306', 4: 414.86964822459885} 
{0: '0.6824146981627297', 1: '0.0', 2: '0.0', 3: '2.500000000000003', 4: 417.343850971243} 
{0: '0.680628272251309', 1: '0.0', 2: '0.0', 3: '2.500000000000003', 4: 406.6335906723913} 
{0: '0.6788511749347258', 1: '0.0', 2: '0.0', 3: '2.500000000000003', 4: 414.76251719577306} 
{0: '0.6770833333333334', 1: '0.0', 2: '0.0', 3: '2.500000000000003', 4: 393.29640403640013} 
{0: '0.6779220779220779', 1: '0.0', 2: '0.0', 3: '2.351855716390306', 4: 399.5716680126941} 
{0: '0.6761658031088082', 1: '0.0', 2: '0.0', 3: '2.351855716390306', 4: 414.8499968105423} 
{0: '0.6770025839793282', 1: '0.0', 2: '0.0', 3: '2.500000000000003', 4: 393.03594827561903} 
{0: '0.6752577319587629', 1: '0.0', 2: '0.0', 3: '2.500000000000003', 4: 406.5745092230685} 
{0: '0.6760925449871465', 1: '0.0', 2: '0.0', 3: '2.351855716390306', 4: 393.4685640577499} 
{0: '0.6743589743589744', 1: '0.0', 2: '0.0', 3: '2.351855716390306', 4: 394.1233692612688} 
{0: '0.6751918158567775', 1: '0.0', 2: '0.0', 3: '2.500000000000003', 4: 402.5928105546026} 
{0: '0.673469387755102', 1: '0.0', 2: '0.0', 3: '2.500000000000003', 4: 419.38552515836864} 
{0: '0.6717557251908397', 1: '0.0', 2: '0.0', 3: '2.500000000000003', 4: 415.8863771032361} 
{0: '0.6700507614213198', 1: '0.0', 2: '0.0', 3: '2.500000000000003', 4: 425.730560979667} 
{0: '0.6708860759493671', 1: '0.0', 2: '0.0', 3: '2.351855716390306', 4: 402.7417475980387} 
{0: '0.6691919191919192', 1: '0.0', 2: '0.0', 3: '2.351855716390306', 4: 400.28162851646914} 
{0: '0.6700251889168766', 1: '0.0', 2: '0.0', 3: '2.500000000000003', 4: 413.0330417832619} 
{0: '0.6683417085427136', 1: '0.0', 2: '0.0', 3: '2.500000000000003', 4: 395.0919713929429} 
{0: '0.6691729323308271', 1: '0.0', 2: '0.0', 3: '2.351855716390306', 4: 404.00299922205465} 
{0: '0.67', 1: '0.0', 2: '0.0', 3: '2.212490124287102', 4: 416.37424578660625} 
{0: '0.6708229426433915', 1: '0.0', 2: '0.0', 3: '2.081383018504685', 4: 400.0342586533807} 
{0: '0.6691542288557214', 1: '0.0', 2: '0.0', 3: '2.081383018504685', 4: 401.1036258744371} 
{0: '0.6699751861042184', 1: '0.0', 2: '0.0', 3: '2.212490124287102', 4: 400.8260438765685} 
{0: '0.6707920792079208', 1: '0.0', 2: '0.0', 3: '2.351855716390306', 4: 402.25325309751065} 
{0: '0.671604938271605', 1: '0.0', 2: '0.0', 3: '2.500000000000003', 4: 404.39778340508025} 
{0: '0.6699507389162561', 1: '0.0', 2: '0.0', 3: '2.500000000000003', 4: 404.04808798328474} 
{0: '0.6707616707616708', 1: '0.0', 2: '0.0', 3: '2.351855716390306', 4: 399.8910334711137} 
{0: '0.6715686274509803', 1: '0.0', 2: '0.0', 3: '2.212490124287102', 4: 401.8461147731915} 
{0: '0.6699266503667481', 1: '0.0', 2: '0.0', 3: '2.212490124287102', 4: 388.68353478268773} 
{0: '0.6707317073170732', 1: '0.0', 2: '0.0', 3: '2.351855716390306', 4: 399.611022226675} 
{0: '0.6715328467153284', 1: '0.0', 2: '0.0', 3: '2.500000000000003', 4: 403.50503598617786} 
{0: '0.6699029126213593', 1: '0.0', 2: '0.0', 3: '2.500000000000003', 4: 399.79926122010903} 
{0: '0.6707021791767555', 1: '0.0', 2: '0.0', 3: '2.351855716390306', 4: 396.4826745601588} 
{0: '0.6714975845410628', 1: '0.0', 2: '0.0', 3: '2.212490124287102', 4: 408.3669650430503} 
{0: '0.6698795180722892', 1: '0.0', 2: '0.0', 3: '2.212490124287102', 4: 399.96770066861467} 
{0: '0.6706730769230769', 1: '0.0', 2: '0.0', 3: '2.351855716390306', 4: 398.79744845213776} 
{0: '0.6690647482014388', 1: '0.0', 2: '0.0', 3: '2.351855716390306', 4: 394.39902205463983} 
{0: '0.6674641148325359', 1: '0.0', 2: '0.0', 3: '2.351855716390306', 4: 392.18181336577527} 
{0: '0.665871121718377', 1: '0.0', 2: '0.0', 3: '2.351855716390306', 4: 393.5751602452711} 
{0: '0.6666666666666666', 1: '0.0', 2: '0.0', 3: '2.212490124287102', 4: 390.35739954042015} 
{0: '0.665083135391924', 1: '0.0', 2: '0.0', 3: '2.212490124287102', 4: 398.6668705313296} 
{0: '0.6658767772511849', 1: '0.0', 2: '0.0', 3: '2.351855716390306', 4: 416.2745870235659} 
{0: '0.6666666666666666', 1: '0.0', 2: '0.0', 3: '2.500000000000003', 4: 397.73688914769656} 
{0: '0.6650943396226415', 1: '0.0', 2: '0.0', 3: '2.500000000000003', 4: 402.68336803893385} 
{0: '0.6658823529411765', 1: '0.0', 2: '0.0', 3: '2.351855716390306', 4: 397.2887128543691} 
{0: '0.6666666666666666', 1: '0.0', 2: '0.0', 3: '2.212490124287102', 4: 403.158936692915} 
{0: '0.6651053864168618', 1: '0.0', 2: '0.0', 3: '2.212490124287102', 4: 384.32213531993017} 
{0: '0.6635514018691588', 1: '0.0', 2: '0.0', 3: '2.212490124287102', 4: 406.69680446126443} 
{0: '0.6643356643356644', 1: '0.0', 2: '0.0', 3: '2.081383018504685', 4: 395.8321483520846} 
{0: '0.6627906976744186', 1: '0.0', 2: '0.0', 3: '2.081383018504685', 4: 389.79115988262225} 
{0: '0.6635730858468677', 1: '0.0', 2: '0.0', 3: '2.212490124287102', 4: 402.1861787188821} 
{0: '0.6643518518518519', 1: '0.0', 2: '0.0', 3: '2.351855716390306', 4: 395.2557925829748} 
{0: '0.6651270207852193', 1: '0.0', 2: '0.0', 3: '2.500000000000003', 4: 394.9668777760058} 
{0: '0.663594470046083', 1: '0.0', 2: '0.0', 3: '2.500000000000003', 4: 392.48791977773715} 
{0: '0.664367816091954', 1: '0.0', 2: '0.0', 3: '2.351855716390306', 4: 398.046053366218} 
{0: '0.6628440366972477', 1: '0.0', 2: '0.0', 3: '2.351855716390306', 4: 402.5788527749461} 
{0: '0.6636155606407322', 1: '0.0', 2: '0.0', 3: '2.500000000000003', 4: 413.08031286106643} 
{0: '0.6621004566210046', 1: '0.0', 2: '0.0', 3: '2.500000000000003', 4: 407.2490960920815} 
{0: '0.662870159453303', 1: '0.0', 2: '0.0', 3: '2.351855716390306', 4: 398.2080357632425} 
{0: '0.6613636363636364', 1: '0.0', 2: '0.0', 3: '2.351855716390306', 4: 413.73894998055187} 
{0: '0.6621315192743764', 1: '0.0', 2: '0.0', 3: '2.500000000000003', 4: 404.47356955877666} 
{0: '0.6606334841628959', 1: '0.0', 2: '0.0', 3: '2.500000000000003', 4: 402.10784267979807} 
{0: '0.6591422121896162', 1: '0.0', 2: '0.0', 3: '2.500000000000003', 4: 402.56767061274314} 
{0: '0.6576576576576577', 1: '0.0', 2: '0.0', 3: '2.500000000000003', 4: 401.0430542306612} 
{0: '0.6561797752808989', 1: '0.0', 2: '0.0', 3: '2.500000000000003', 4: 406.28095565982426} 
{0: '0.6547085201793722', 1: '0.0', 2: '0.0', 3: '2.500000000000003', 4: 412.2289820189957} 
{0: '0.6554809843400448', 1: '0.0', 2: '0.0', 3: '2.351855716390306', 4: 400.0129459863475} 
{0: '0.65625', 1: '0.0', 2: '0.0', 3: '2.212490124287102', 4: 402.47417155013727} 
{0: '0.6547884187082406', 1: '0.0', 2: '0.0', 3: '2.212490124287102', 4: 414.48452237944457} 
{0: '0.6555555555555556', 1: '0.0', 2: '0.0', 3: '2.351855716390306', 4: 395.84464983483554} 
{0: '0.656319290465632', 1: '0.0', 2: '0.0', 3: '2.500000000000003', 4: 398.3486403260361} 
{0: '0.6548672566371682', 1: '0.0', 2: '0.0', 3: '2.500000000000003', 4: 391.00603205769016} 
{0: '0.6556291390728477', 1: '0.0', 2: '0.0', 3: '2.351855716390306', 4: 396.34502853786705} 
{0: '0.6563876651982379', 1: '0.0', 2: '0.0', 3: '2.212490124287102', 4: 396.4808569067861} 
{0: '0.6571428571428571', 1: '0.0', 2: '0.0', 3: '2.081383018504685', 4: 400.8354227858162} 
{0: '0.6578947368421053', 1: '0.0', 2: '0.0', 3: '1.958045020027179', 4: 398.55244218835577} 
{0: '0.6586433260393874', 1: '0.0', 2: '0.0', 3: '1.842015749320195', 4: 391.28463678939835} 
{0: '0.6593886462882096', 1: '0.0', 2: '0.0', 3: '1.7328621078878674', 4: 392.31564930031135} 
{0: '0.6601307189542484', 1: '0.0', 2: '0.0', 3: '1.6301766616608926', 4: 402.99539242053913} 
{0: '0.658695652173913', 1: '0.0', 2: '0.0', 3: '1.6301766616608926', 4: 389.7468702061157} 
{0: '0.6594360086767896', 1: '0.0', 2: '0.0', 3: '1.7328621078878674', 4: 391.67219156198263} 
{0: '0.6601731601731602', 1: '0.0', 2: '0.0', 3: '1.842015749320195', 4: 386.2648715347669} 
{0: '0.6609071274298056', 1: '0.0', 2: '0.0', 3: '1.958045020027179', 4: 390.57677360712063} 
{0: '0.6616379310344828', 1: '0.0', 2: '0.0', 3: '2.081383018504685', 4: 390.8943137115203} 
{0: '0.6623655913978495', 1: '0.0', 2: '0.0', 3: '2.212490124287102', 4: 392.54915105402193} 
{0: '0.6630901287553648', 1: '0.0', 2: '0.0', 3: '2.351855716390306', 4: 409.96329285093975} 
{0: '0.6638115631691649', 1: '0.0', 2: '0.0', 3: '2.500000000000003', 4: 400.1348403193031} 
{0: '0.6623931623931624', 1: '0.0', 2: '0.0', 3: '2.500000000000003', 4: 407.29846128556073} 
{0: '0.6631130063965884', 1: '0.0', 2: '0.0', 3: '2.351855716390306', 4: 401.05298410387} 
{0: '0.6638297872340425', 1: '0.0', 2: '0.0', 3: '2.212490124287102', 4: 398.14763120634564} 
{0: '0.6624203821656051', 1: '0.0', 2: '0.0', 3: '2.212490124287102', 4: 399.3419389373512} 
{0: '0.663135593220339', 1: '0.0', 2: '0.0', 3: '2.351855716390306', 4: 404.50952220514677} 
{0: '0.6617336152219874', 1: '0.0', 2: '0.0', 3: '2.351855716390306', 4: 404.91507506040887} 
{0: '0.6603375527426161', 1: '0.0', 2: '0.0', 3: '2.351855716390306', 4: 397.82630351166887} 
{0: '0.6589473684210526', 1: '0.0', 2: '0.0', 3: '2.351855716390306', 4: 397.77012652839215} 
{0: '0.657563025210084', 1: '0.0', 2: '0.0', 3: '2.351855716390306', 4: 400.61997201896656} 
{0: '0.6582809224318659', 1: '0.0', 2: '0.0', 3: '2.500000000000003', 4: 403.00775158960994} 
{0: '0.6569037656903766', 1: '0.0', 2: '0.0', 3: '2.500000000000003', 4: 386.751547930485} 
{0: '0.6576200417536534', 1: '0.0', 2: '0.0', 3: '2.351855716390306', 4: 418.73940786873544} 
{0: '0.65625', 1: '0.0', 2: '0.0', 3: '2.351855716390306', 4: 391.2699849961853} 
{0: '0.6548856548856549', 1: '0.0', 2: '0.0', 3: '2.351855716390306', 4: 397.6161869542032} 
{0: '0.6556016597510373', 1: '0.0', 2: '0.0', 3: '2.212490124287102', 4: 405.48250109287966} 
{0: '0.6563146997929606', 1: '0.0', 2: '0.0', 3: '2.081383018504685', 4: 392.4865044727013} 
{0: '0.6570247933884298', 1: '0.0', 2: '0.0', 3: '1.958045020027179', 4: 392.67782975473517} 
{0: '0.6556701030927835', 1: '0.0', 2: '0.0', 3: '1.958045020027179', 4: 391.6231364818526} 
{0: '0.6563786008230452', 1: '0.0', 2: '0.0', 3: '2.081383018504685', 4: 394.8318428090319} 
{0: '0.6570841889117043', 1: '0.0', 2: '0.0', 3: '2.212490124287102', 4: 388.65589438761873} 
{0: '0.6577868852459017', 1: '0.0', 2: '0.0', 3: '2.351855716390306', 4: 398.7334661821201} 
{0: '0.656441717791411', 1: '0.0', 2: '0.0', 3: '2.351855716390306', 4: 415.50690845708164} 
{0: '0.6551020408163265', 1: '0.0', 2: '0.0', 3: '2.351855716390306', 4: 409.4366752910839} 
{0: '0.6558044806517311', 1: '0.0', 2: '0.0', 3: '2.500000000000003', 4: 419.6078230392242} 
{0: '0.6544715447154471', 1: '0.0', 2: '0.0', 3: '2.500000000000003', 4: 393.2863858272437} 
{0: '0.6551724137931034', 1: '0.0', 2: '0.0', 3: '2.351855716390306', 4: 409.3849198489038} 
{0: '0.6558704453441295', 1: '0.0', 2: '0.0', 3: '2.212490124287102', 4: 398.40031536771863} 
{0: '0.6545454545454545', 1: '0.0', 2: '0.0', 3: '2.212490124287102', 4: 401.1909992190751} 
{0: '0.6532258064516129', 1: '0.0', 2: '0.0', 3: '2.212490124287102', 4: 415.81866774184715} 
{0: '0.6539235412474849', 1: '0.0', 2: '0.0', 3: '2.081383018504685', 4: 389.0367306453036} 
{0: '0.6526104417670683', 1: '0.0', 2: '0.0', 3: '2.081383018504685', 4: 393.8848981524289} 
{0: '0.6533066132264529', 1: '0.0', 2: '0.0', 3: '2.212490124287102', 4: 403.99712301459476} 
