{'STAT2HEADER': 'STAT2HEADER', 'STAT2HEADER_ENVIRON': 'environ({\'OMPI_MCA_pmix\': \'^s1,s2,cray,isolated\', \'PMIX_MCA_mca_base_component_show_load_errors\': \'1\', \'OMPI_COMMAND\': \'python3\', \'OMPI_ARGV\': \'static_snapshot.py 2 1min\', \'OMPI_MCA_orte_precondition_transports\': \'db90dd623ad99354-fb2fe9ae65ff607f\', \'LD_LIBRARY_PATH\': \'/salilab/diva1/programs/x86_64linux/numpy-py36-1.19.5/lib:/salilab/diva1/home/libs/x86_64/centos8:/salilab/diva1/home/libs/x86_64:/salilab/diva1/home/imp/main/20240607-af6f9d6a95/lib/release8:/salilab/diva1/programs/x86_64linux/opencv-4.3.0/lib64/rhel:/salilab/diva1/programs/x86_64linux/opencv-4.3.0/lib64:/salilab/diva1/programs/x86_64linux/hdf5-1.10.7/lib:/salilab/diva1/programs/x86_64linux/libtau-py27-1.0.1/lib64:/salilab/diva1/programs/x86_64linux/boost-1.73.0/lib64:/usr/lib64/openmpi/lib:/wynton/group/sali/miha_rozic/Software/imp-develop/build/lib::\', \'IMP_TMP_DIR\': \'/wynton/group/sali/miha_rozic/Software/imp-develop/build/tmp\', \'PE_HOSTFILE\': \'/var/spool/sge/wynton/qb3-id299/active_jobs/708574.1/pe_hostfile\', \'__LMOD_REF_COUNT_PATH\': \'/salilab/diva1/programs/x86_64linux/numpy-py36-1.19.5/bin:1;/salilab/diva1/home/imp/main/20240607-af6f9d6a95/bin/release8:1;/salilab/diva1/programs/x86_64linux/opencv-4.3.0/bin:1;/salilab/diva1/programs/x86_64linux/hdf5-1.10.7/bin:1;/usr/lib64/openmpi/bin:1;/wynton/home/sali/rozicmiha/.local/bin:1;/wynton/home/sali/rozicmiha/bin:1;/wynton/group/sali/miha_rozic/Software/imp-develop/build/bin:1;/wynton/group/sali/miha_rozic/Software/imp-develop/build/module_bin/EMageFit:1;/wynton/group/sali/miha_rozic/Software/imp-develop/build/module_bin/algebra:1;/wynton/group/sali/miha_rozic/Software/imp-develop/build/module_bin/atom:1;/wynton/group/sali/miha_rozic/Software/imp-develop/build/module_bin/benchmark:1;/wynton/group/sali/miha_rozic/Software/imp-develop/build/module_bin/cgal:1;/wynton/group/sali/miha_rozic/Software/imp-develop/build/module_bin/cnmultifit:1;/wynton/group/sali/miha_rozic/Software/imp-develop/build/module_bin/container:1;/wynton/group/sali/miha_rozic/Software/imp-develop/build/module_bin/core:1;/wynton/group/sali/miha_rozic/Software/imp-develop/build/module_bin/display:1;/wynton/group/sali/miha_rozic/Software/imp-develop/build/module_bin/domino:1;/wynton/group/sali/miha_rozic/Software/imp-develop/build/module_bin/em:1;/wynton/group/sali/miha_rozic/Software/imp-develop/build/module_bin/em2d:1;/wynton/group/sali/miha_rozic/Software/imp-develop/build/module_bin/example:1;/wynton/group/sali/miha_rozic/Software/imp-develop/build/module_bin/foxs:1;/wynton/group/sali/miha_rozic/Software/imp-develop/build/module_bin/gsl:1;/wynton/group/sali/miha_rozic/Software/imp-develop/build/module_bin/integrative_docking:1;/wynton/group/sali/miha_rozic/Software/imp-develop/build/module_bin/isd:1;/wynton/group/sali/miha_rozic/Software/imp-develop/build/module_bin/kernel:1;/wynton/group/sali/miha_rozic/Software/imp-develop/build/module_bin/kinematics:1;/wynton/group/sali/miha_rozic/Software/imp-develop/build/module_bin/kmeans:1;/wynton/group/sali/miha_rozic/Software/imp-develop/build/module_bin/misc:1;/wynton/group/sali/miha_rozic/Software/imp-develop/build/module_bin/mmcif:1;/wynton/group/sali/miha_rozic/Software/imp-develop/build/module_bin/modeller:1;/wynton/group/sali/miha_rozic/Software/imp-develop/build/module_bin/mpi:1;/wynton/group/sali/miha_rozic/Software/imp-develop/build/module_bin/multi_state:1;/wynton/group/sali/miha_rozic/Software/imp-develop/build/module_bin/multifit:1;/wynton/group/sali/miha_rozic/Software/imp-develop/build/module_bin/npc:1;/wynton/group/sali/miha_rozic/Software/imp-develop/build/module_bin/npcassembly:1;/wynton/group/sali/miha_rozic/Software/imp-develop/build/module_bin/parallel:1;/wynton/group/sali/miha_rozic/Software/imp-develop/build/module_bin/pepdock:1;/wynton/group/sali/miha_rozic/Software/imp-develop/build/module_bin/pmi:1;/wynton/group/sali/miha_rozic/Software/imp-develop/build/module_bin/rmf:1;/wynton/group/sali/miha_rozic/Software/imp-develop/build/module_bin/rotamer:1;/wynton/group/sali/miha_rozic/Software/imp-develop/build/module_bin/saxs:1;/wynton/group/sali/miha_rozic/Software/imp-develop/build/module_bin/saxs_merge:1;/wynton/group/sali/miha_rozic/Software/imp-develop/build/module_bin/score_functor:1;/wynton/group/sali/miha_rozic/Software/imp-develop/build/module_bin/scratch:1;/wynton/group/sali/miha_rozic/Software/imp-develop/build/module_bin/spb:1;/wynton/group/sali/miha_rozic/Software/imp-develop/build/module_bin/statistics:1;/wynton/group/sali/miha_rozic/Software/imp-develop/build/module_bin/symmetry:1;/wynton/group/sali/miha_rozic/Software/imp-develop/build/module_bin/test:1;/opt/sge/bin:1;/opt/sge/bin/lx-amd64:1;/scratch/708574.1.member.q:1;/usr/local/bin:1;/bin:1;/usr/bin:1;/usr/local/sbin:1;/usr/sbin:1\', \'_ModuleTable002_\': \'fSwKc3RhY2tEZXB0aCA9IDEsCnN0YXR1cyA9ICJhY3RpdmUiLAp1c2VyTmFtZSA9ICJib29zdC8xLjczLjAiLAp3ViA9ICIwMDAwMDAwMDEuMDAwMDAwMDczLip6ZmluYWwiLAp9LApoZGY1ID0gewpmbiA9ICIvc2FsaWxhYi9kaXZhMS9ob21lL21vZHVsZXMvaGRmNS8xLjEwLjciLApmdWxsTmFtZSA9ICJoZGY1LzEuMTAuNyIsCmxvYWRPcmRlciA9IDUsCnByb3BUID0ge30sCnN0YWNrRGVwdGggPSAyLApzdGF0dXMgPSAiYWN0aXZlIiwKdXNlck5hbWUgPSAiaGRmNS8xLjEwLjciLAp3ViA9ICIwMDAwMDAwMDEuMDAwMDAwMDEwLjAwMDAwMDAwNy4qemZpbmFsIiwKfSwKaW1wID0gewpmbiA9ICIvc2FsaWxhYi9kaXZhMS9ob21lL21vZHVsZXMvaW1wLzIuMjEuMCIsCmZ1bGxO\', \'IMP_DIR\': \'/salilab/diva1/home/imp/main/20240607-af6f9d6a95/lib/release8/cmake/IMP\', \'QUEUE\': \'member.q\', \'GOTO_NUM_THREADS\': \'1\', \'MPI_PYTHON3_SITEARCH\': \'/usr/lib64/python3.6/site-packages/openmpi\', \'LANG\': \'en_US.UTF-8\', \'HISTCONTROL\': \'ignoredups\', \'_ModuleTable008_\': \'cyIsCmZ1bGxOYW1lID0gInNhbGktbGlicmFyaWVzIiwKbG9hZE9yZGVyID0gOCwKcHJvcFQgPSB7fSwKc3RhY2tEZXB0aCA9IDEsCnN0YXR1cyA9ICJhY3RpdmUiLAp1c2VyTmFtZSA9ICJzYWxpLWxpYnJhcmllcyIsCndWID0gIk0uKnpmaW5hbCIsCn0sCn0sCm1wYXRoQSA9IHsKIi9zYWxpbGFiL2RpdmExL2hvbWUvbW9kdWxlcyIsICIvZXRjL21vZHVsZWZpbGVzIiwgIi91c3Ivc2hhcmUvbW9kdWxlZmlsZXMiCiwgIi91c3Ivc2hhcmUvbW9kdWxlZmlsZXMvTGludXgiLCAiL3Vzci9zaGFyZS9tb2R1bGVmaWxlcy9Db3JlIiwgIi91c3Ivc2hhcmUvbG1vZC9sbW9kL21vZHVsZWZpbGVzL0NvcmUiLAp9LApzeXN0ZW1CYXNlTVBBVEggPSAiL2V0Yy9tb2R1bGVmaWxlczovdXNy\', \'SGE_O_HOST\': \'dev1\', \'HOSTNAME\': \'qb3-id299.wynton.ucsf.edu\', \'OPENBLAS_NUM_THREADS\': \'1\', \'__LMOD_REF_COUNT_CMAKE_INCLUDE_PATH\': \'/salilab/diva1/programs/x86_64linux/opencv-4.3.0/include/opencv4:1;/salilab/diva1/programs/x86_64linux/hdf5-1.10.7/include:1;/salilab/diva1/programs/x86_64linux/libtau-py27-1.0.1/include:1;/salilab/diva1/programs/x86_64linux/boost-1.73.0/include:1\', \'SGE_RSH_COMMAND\': \'builtin\', \'ENVIRONMENT\': \'BATCH\', \'IMP_DATA\': \'/wynton/group/sali/miha_rozic/Software/imp-develop/build/data\', \'REQUEST\': \'test1\', \'SGE_STDIN_PATH\': \'/dev/null\', \'SGE_CELL\': \'wynton\', \'_ModuleTable007_\': \'MjEuMyIsCndWID0gIjAwMDAwMDAwMC4wMDAwMDAwMjEuMDAwMDAwMDAzLip6ZmluYWwiLAp9LApbInB5dGhvbjMvc2NpcHkiXSA9IHsKZm4gPSAiL3NhbGlsYWIvZGl2YTEvaG9tZS9tb2R1bGVzL3B5dGhvbjMvc2NpcHkvMS4zLjIiLApmdWxsTmFtZSA9ICJweXRob24zL3NjaXB5LzEuMy4yIiwKbG9hZE9yZGVyID0gMTAsCnByb3BUID0ge30sCnN0YWNrRGVwdGggPSAxLApzdGF0dXMgPSAiYWN0aXZlIiwKdXNlck5hbWUgPSAicHl0aG9uMy9zY2lweS8xLjMuMiIsCndWID0gIjAwMDAwMDAwMS4wMDAwMDAwMDMuMDAwMDAwMDAyLip6ZmluYWwiLAp9LApbInNhbGktbGlicmFyaWVzIl0gPSB7CmZuID0gIi9zYWxpbGFiL2RpdmExL2hvbWUvbW9kdWxlcy9zYWxpLWxpYnJhcmll\', \'CMAKE_INCLUDE_PATH\': \'/salilab/diva1/programs/x86_64linux/opencv-4.3.0/include/opencv4:/salilab/diva1/programs/x86_64linux/hdf5-1.10.7/include:/salilab/diva1/programs/x86_64linux/libtau-py27-1.0.1/include:/salilab/diva1/programs/x86_64linux/boost-1.73.0/include\', \'__LMOD_REF_COUNT_LD_LIBRARY_PATH\': \'/salilab/diva1/programs/x86_64linux/numpy-py36-1.19.5/lib:1;/salilab/diva1/home/libs/x86_64/centos8:1;/salilab/diva1/home/libs/x86_64:1;/salilab/diva1/home/imp/main/20240607-af6f9d6a95/lib/release8:1;/salilab/diva1/programs/x86_64linux/opencv-4.3.0/lib64/rhel:1;/salilab/diva1/programs/x86_64linux/opencv-4.3.0/lib64:1;/salilab/diva1/programs/x86_64linux/hdf5-1.10.7/lib:1;/salilab/diva1/programs/x86_64linux/libtau-py27-1.0.1/lib64:1;/salilab/diva1/programs/x86_64linux/boost-1.73.0/lib64:1;/usr/lib64/openmpi/lib:1;/wynton/group/sali/miha_rozic/Software/imp-develop/build/lib:2;:1\', \'__LMOD_REF_COUNT_PKG_CONFIG_PATH\': \'/usr/lib64/openmpi/lib/pkgconfig:1\', \'_ModuleTable004_\': \'aGFyZS9tb2R1bGVmaWxlcy9tcGkvb3Blbm1waS14ODZfNjQiLApmdWxsTmFtZSA9ICJtcGkvb3Blbm1waS14ODZfNjQiLApsb2FkT3JkZXIgPSAyLApwcm9wVCA9IHt9LApzdGFja0RlcHRoID0gMCwKc3RhdHVzID0gImFjdGl2ZSIsCnVzZXJOYW1lID0gIm1waS9vcGVubXBpLXg4Nl82NCIsCndWID0gIipvcGVubXBpLip4LjAwMDAwMDA4Ni4qXy4wMDAwMDAwNjQuKnpmaW5hbCIsCn0sCm9wZW5jdiA9IHsKZm4gPSAiL3NhbGlsYWIvZGl2YTEvaG9tZS9tb2R1bGVzL29wZW5jdi80LjMuMCIsCmZ1bGxOYW1lID0gIm9wZW5jdi80LjMuMCIsCmxvYWRPcmRlciA9IDYsCnByb3BUID0ge30sCnN0YWNrRGVwdGggPSAxLApzdGF0dXMgPSAiYWN0aXZlIiwKdXNlck5hbWUgPSAib3Bl\', \'__LMOD_REF_COUNT_PYTHONPATH\': \'/salilab/diva1/programs/x86_64linux/scikit-py36-0.21.3/lib64/python3.6/site-packages:1;/salilab/diva1/programs/linux/joblib-0.17.0/lib/python3.6/site-packages:1;/salilab/diva1/programs/x86_64linux/scipy-py36-1.3.2/lib64/python3.6/site-packages:1;/salilab/diva1/programs/x86_64linux/numpy-py36-1.19.5/lib64/python3.6/site-packages:1;/salilab/diva1/home/imp/main/20240607-af6f9d6a95/lib/release8:1;/salilab/diva1/programs/x86_64linux/opencv-4.3.0/lib/python3.6/site-packages:1;/wynton/group/sali/miha_rozic/Software/imp-develop/build/lib:2;:1\', \'which_declare\': \'declare -f\', \'NHOSTS\': \'1\', \'SGE_O_WORKDIR\': \'/wynton/group/sali/miha_rozic/Input_information/SNAPSHOTS/central_directory/snapshot2_1min/run5\', \'USER\': \'rozicmiha\', \'SGE_TASK_ID\': \'undefined\', \'__LMOD_REF_COUNT_CMAKE_LIBRARY_PATH\': \'/salilab/diva1/programs/x86_64linux/opencv-4.3.0/lib64:1;/salilab/diva1/programs/x86_64linux/hdf5-1.10.7/lib:1;/salilab/diva1/programs/x86_64linux/libtau-py27-1.0.1/lib64:1;/salilab/diva1/programs/x86_64linux/boost-1.73.0/lib64:1\', \'SGE_TASK_FIRST\': \'undefined\', \'NSLOTS\': \'16\', \'__LMOD_REF_COUNT_MODULEPATH\': \'/salilab/diva1/home/modules:1;/etc/modulefiles:1;/usr/share/modulefiles:1;/usr/share/modulefiles/Linux:1;/usr/share/modulefiles/Core:1;/usr/share/lmod/lmod/modulefiles/Core:1\', \'PWD\': \'/wynton/group/sali/miha_rozic/Input_information/SNAPSHOTS/central_directory/snapshot2_1min/run5\', \'HOME\': \'/wynton/home/sali/rozicmiha\', \'NQUEUES\': \'1\', \'TMP\': \'/scratch/708574.1.member.q\', \'PE\': \'smp\', \'SGE_O_HOME\': \'/wynton/home/sali/rozicmiha\', \'LMOD_VERSION\': \'8.7.32\', \'JOB_NAME\': \'test1\', \'BASH_ENV\': \'/usr/share/lmod/lmod/init/bash\', \'MPI_FORTRAN_MOD_DIR\': \'/usr/lib64/gfortran/modules/openmpi\', \'SGE_TASK_LAST\': \'undefined\', \'MKL_NUM_THREADS\': \'1\', \'MPI_COMPILER\': \'openmpi-x86_64\', \'SGE_ACCOUNT\': \'sge\', \'SGE_ROOT\': \'/opt/sge\', \'MPI_SUFFIX\': \'_openmpi\', \'TMPDIR\': \'/scratch/708574.1.member.q\', \'RESTARTED\': \'0\', \'LMOD_sys\': \'Linux\', \'_ModuleTable001_\': \'X01vZHVsZVRhYmxlXyA9IHsKTVR2ZXJzaW9uID0gMywKY19yZWJ1aWxkVGltZSA9IGZhbHNlLApjX3Nob3J0VGltZSA9IGZhbHNlLApkZXB0aFQgPSB7fSwKZmFtaWx5ID0ge30sCm1UID0gewpTYWxpID0gewpmbiA9ICIvZXRjL21vZHVsZWZpbGVzL1NhbGkubHVhIiwKZnVsbE5hbWUgPSAiU2FsaSIsCmxvYWRPcmRlciA9IDEsCnByb3BUID0ge30sCnN0YWNrRGVwdGggPSAwLApzdGF0dXMgPSAiYWN0aXZlIiwKdXNlck5hbWUgPSAiU2FsaSIsCndWID0gIk0uKnpmaW5hbCIsCn0sCmJvb3N0ID0gewpmbiA9ICIvc2FsaWxhYi9kaXZhMS9ob21lL21vZHVsZXMvYm9vc3QvMS43My4wIiwKZnVsbE5hbWUgPSAiYm9vc3QvMS43My4wIiwKbG9hZE9yZGVyID0gMywKcHJvcFQgPSB7\', \'LOADEDMODULES\': \'Sali:mpi/openmpi-x86_64:boost/1.73.0:libtau/1.0.1:hdf5/1.10.7:opencv/4.3.0:imp/2.21.0:sali-libraries:python3/numpy/1.19.5:python3/scipy/1.3.2:python3/joblib/0.17.0:python3/scikit/0.21.3\', \'SGE_O_PATH\': \'/salilab/diva1/programs/x86_64linux/numpy-py36-1.19.5/bin:/salilab/diva1/home/imp/main/20240607-af6f9d6a95/bin/release8:/salilab/diva1/programs/x86_64linux/opencv-4.3.0/bin:/salilab/diva1/programs/x86_64linux/hdf5-1.10.7/bin:/wynton/home/sali/rozicmiha/.local/bin:/wynton/home/sali/rozicmiha/bin:/wynton/group/sali/miha_rozic/Software/imp-develop/build/bin:/wynton/group/sali/miha_rozic/Software/imp-develop/build/module_bin/EMageFit:/wynton/group/sali/miha_rozic/Software/imp-develop/build/module_bin/algebra:/wynton/group/sali/miha_rozic/Software/imp-develop/build/module_bin/atom:/wynton/group/sali/miha_rozic/Software/imp-develop/build/module_bin/benchmark:/wynton/group/sali/miha_rozic/Software/imp-develop/build/module_bin/cgal:/wynton/group/sali/miha_rozic/Software/imp-develop/build/module_bin/cnmultifit:/wynton/group/sali/miha_rozic/Software/imp-develop/build/module_bin/container:/wynton/group/sali/miha_rozic/Software/imp-develop/build/module_bin/core:/wynton/group/sali/miha_rozic/Software/imp-develop/build/module_bin/display:/wynton/group/sali/miha_rozic/Software/imp-develop/build/module_bin/domino:/wynton/group/sali/miha_rozic/Software/imp-develop/build/module_bin/em:/wynton/group/sali/miha_rozic/Software/imp-develop/build/module_bin/em2d:/wynton/group/sali/miha_rozic/Software/imp-develop/build/module_bin/example:/wynton/group/sali/miha_rozic/Software/imp-develop/build/module_bin/foxs:/wynton/group/sali/miha_rozic/Software/imp-develop/build/module_bin/gsl:/wynton/group/sali/miha_rozic/Software/imp-develop/build/module_bin/integrative_docking:/wynton/group/sali/miha_rozic/Software/imp-develop/build/module_bin/isd:/wynton/group/sali/miha_rozic/Software/imp-develop/build/module_bin/kernel:/wynton/group/sali/miha_rozic/Software/imp-develop/build/module_bin/kinematics:/wynton/group/sali/miha_rozic/Software/imp-develop/build/module_bin/kmeans:/wynton/group/sali/miha_rozic/Software/imp-develop/build/module_bin/misc:/wynton/group/sali/miha_rozic/Software/imp-develop/build/module_bin/mmcif:/wynton/group/sali/miha_rozic/Software/imp-develop/build/module_bin/modeller:/wynton/group/sali/miha_rozic/Software/imp-develop/build/module_bin/mpi:/wynton/group/sali/miha_rozic/Software/imp-develop/build/module_bin/multi_state:/wynton/group/sali/miha_rozic/Software/imp-develop/build/module_bin/multifit:/wynton/group/sali/miha_rozic/Software/imp-develop/build/module_bin/npc:/wynton/group/sali/miha_rozic/Software/imp-develop/build/module_bin/npcassembly:/wynton/group/sali/miha_rozic/Software/imp-develop/build/module_bin/parallel:/wynton/group/sali/miha_rozic/Software/imp-develop/build/module_bin/pepdock:/wynton/group/sali/miha_rozic/Software/imp-develop/build/module_bin/pmi:/wynton/group/sali/miha_rozic/Software/imp-develop/build/module_bin/rmf:/wynton/group/sali/miha_rozic/Software/imp-develop/build/module_bin/rotamer:/wynton/group/sali/miha_rozic/Software/imp-develop/build/module_bin/saxs:/wynton/group/sali/miha_rozic/Software/imp-develop/build/module_bin/saxs_merge:/wynton/group/sali/miha_rozic/Software/imp-develop/build/module_bin/score_functor:/wynton/group/sali/miha_rozic/Software/imp-develop/build/module_bin/scratch:/wynton/group/sali/miha_rozic/Software/imp-develop/build/module_bin/spb:/wynton/group/sali/miha_rozic/Software/imp-develop/build/module_bin/statistics:/wynton/group/sali/miha_rozic/Software/imp-develop/build/module_bin/symmetry:/wynton/group/sali/miha_rozic/Software/imp-develop/build/module_bin/test:/opt/sge/bin:/opt/sge/bin/lx-amd64:/usr/local/bin:/usr/bin:/usr/local/sbin:/usr/sbin\', \'SGE_O_SHELL\': \'/bin/bash\', \'_ModuleTable006_\': \'bWUgPSAicHl0aG9uMy9udW1weS8xLjE5LjUiLApsb2FkT3JkZXIgPSA5LApwcm9wVCA9IHt9LApzdGFja0RlcHRoID0gMiwKc3RhdHVzID0gImFjdGl2ZSIsCnVzZXJOYW1lID0gInB5dGhvbjMvbnVtcHkvMS4xOS41IiwKd1YgPSAiMDAwMDAwMDAxLjAwMDAwMDAxOS4wMDAwMDAwMDUuKnpmaW5hbCIsCn0sClsicHl0aG9uMy9zY2lraXQiXSA9IHsKZm4gPSAiL3NhbGlsYWIvZGl2YTEvaG9tZS9tb2R1bGVzL3B5dGhvbjMvc2Npa2l0LzAuMjEuMyIsCmZ1bGxOYW1lID0gInB5dGhvbjMvc2Npa2l0LzAuMjEuMyIsCmxvYWRPcmRlciA9IDEyLApwcm9wVCA9IHt9LApzdGFja0RlcHRoID0gMCwKc3RhdHVzID0gImFjdGl2ZSIsCnVzZXJOYW1lID0gInB5dGhvbjMvc2Npa2l0LzAu\', \'__LMOD_REF_COUNT_MANPATH\': \':2;/usr/share/man/openmpi-x86_64:1;/opt/sge/man:1;/usr/share/lmod/lmod/share/man:1\', \'MPI_INCLUDE\': \'/usr/include/openmpi-x86_64\', \'_ModuleTable003_\': \'YW1lID0gImltcC8yLjIxLjAiLApsb2FkT3JkZXIgPSA3LApwcm9wVCA9IHt9LApzdGFja0RlcHRoID0gMCwKc3RhdHVzID0gImFjdGl2ZSIsCnVzZXJOYW1lID0gImltcCIsCndWID0gIl4wMDAwMDAwMi4wMDAwMDAwMjEuKnpmaW5hbCIsCn0sCmxpYnRhdSA9IHsKZm4gPSAiL3NhbGlsYWIvZGl2YTEvaG9tZS9tb2R1bGVzL2xpYnRhdS8xLjAuMSIsCmZ1bGxOYW1lID0gImxpYnRhdS8xLjAuMSIsCmxvYWRPcmRlciA9IDQsCnByb3BUID0ge30sCnN0YWNrRGVwdGggPSAxLApzdGF0dXMgPSAiYWN0aXZlIiwKdXNlck5hbWUgPSAibGlidGF1LzEuMC4xIiwKd1YgPSAiMDAwMDAwMDAxLjAwMDAwMDAwMC4wMDAwMDAwMDEuKnpmaW5hbCIsCn0sCm1waSA9IHsKZm4gPSAiL3Vzci9z\', \'LMOD_ROOT\': \'/usr/share/lmod\', \'SYSTEMCTL_SKIP_REDIRECT\': \'\', \'MAIL\': \'/var/spool/mail/rozicmiha\', \'SGE_CWD_PATH\': \'/wynton/group/sali/miha_rozic/Input_information/SNAPSHOTS/central_directory/snapshot2_1min/run5\', \'MPI_HOME\': \'/usr/lib64/openmpi\', \'_ModuleTable009_\': \'L3NoYXJlL21vZHVsZWZpbGVzOi91c3Ivc2hhcmUvbW9kdWxlZmlsZXMvTGludXg6L3Vzci9zaGFyZS9tb2R1bGVmaWxlcy9Db3JlOi91c3Ivc2hhcmUvbG1vZC9sbW9kL21vZHVsZWZpbGVzL0NvcmUiLAp9Cg==\', \'SGE_TASK_STEPSIZE\': \'undefined\', \'SHELL\': \'/bin/bash\', \'TERM\': \'\', \'_ModuleTable_Sz_\': \'9\', \'SGE_JOB_SPOOL_DIR\': \'/var/spool/sge/wynton/qb3-id299/active_jobs/708574.1\', \'JOB_ID\': \'708574\', \'IMP_EXAMPLE_DATA\': \'/wynton/group/sali/miha_rozic/Software/imp-develop/build/doc/examples\', \'R_FUTURE_AVAILABLECORES_FALLBACK\': \'1\', \'JOB_SCRIPT\': \'/var/spool/sge/wynton/qb3-id299/job_scripts/708574\', \'SHLVL\': \'2\', \'SGE_O_LOGNAME\': \'rozicmiha\', \'SGE_O_MAIL\': \'/var/spool/mail/rozicmiha\', \'PYTHONPATH\': \'/salilab/diva1/programs/x86_64linux/scikit-py36-0.21.3/lib64/python3.6/site-packages:/salilab/diva1/programs/linux/joblib-0.17.0/lib/python3.6/site-packages:/salilab/diva1/programs/x86_64linux/scipy-py36-1.3.2/lib64/python3.6/site-packages:/salilab/diva1/programs/x86_64linux/numpy-py36-1.19.5/lib64/python3.6/site-packages:/salilab/diva1/home/imp/main/20240607-af6f9d6a95/lib/release8:/salilab/diva1/programs/x86_64linux/opencv-4.3.0/lib/python3.6/site-packages:/wynton/group/sali/miha_rozic/Software/imp-develop/build/lib::\', \'MANPATH\': \':/usr/share/man/openmpi-x86_64:/opt/sge/man:/usr/share/lmod/lmod/share/man\', \'MODULEPATH\': \'/salilab/diva1/home/modules:/etc/modulefiles:/usr/share/modulefiles:/usr/share/modulefiles/Linux:/usr/share/modulefiles/Core:/usr/share/lmod/lmod/modulefiles/Core\', \'MPI_SYSCONFIG\': \'/etc/openmpi-x86_64\', \'LOGNAME\': \'rozicmiha\', \'SYSTEMCTL_IGNORE_DEPENDENCIES\': \'\', \'MODULEPATH_ROOT\': \'/usr/share/modulefiles\', \'PATH\': \'/salilab/diva1/programs/x86_64linux/numpy-py36-1.19.5/bin:/salilab/diva1/home/imp/main/20240607-af6f9d6a95/bin/release8:/salilab/diva1/programs/x86_64linux/opencv-4.3.0/bin:/salilab/diva1/programs/x86_64linux/hdf5-1.10.7/bin:/usr/lib64/openmpi/bin:/wynton/home/sali/rozicmiha/.local/bin:/wynton/home/sali/rozicmiha/bin:/wynton/group/sali/miha_rozic/Software/imp-develop/build/bin:/wynton/group/sali/miha_rozic/Software/imp-develop/build/module_bin/EMageFit:/wynton/group/sali/miha_rozic/Software/imp-develop/build/module_bin/algebra:/wynton/group/sali/miha_rozic/Software/imp-develop/build/module_bin/atom:/wynton/group/sali/miha_rozic/Software/imp-develop/build/module_bin/benchmark:/wynton/group/sali/miha_rozic/Software/imp-develop/build/module_bin/cgal:/wynton/group/sali/miha_rozic/Software/imp-develop/build/module_bin/cnmultifit:/wynton/group/sali/miha_rozic/Software/imp-develop/build/module_bin/container:/wynton/group/sali/miha_rozic/Software/imp-develop/build/module_bin/core:/wynton/group/sali/miha_rozic/Software/imp-develop/build/module_bin/display:/wynton/group/sali/miha_rozic/Software/imp-develop/build/module_bin/domino:/wynton/group/sali/miha_rozic/Software/imp-develop/build/module_bin/em:/wynton/group/sali/miha_rozic/Software/imp-develop/build/module_bin/em2d:/wynton/group/sali/miha_rozic/Software/imp-develop/build/module_bin/example:/wynton/group/sali/miha_rozic/Software/imp-develop/build/module_bin/foxs:/wynton/group/sali/miha_rozic/Software/imp-develop/build/module_bin/gsl:/wynton/group/sali/miha_rozic/Software/imp-develop/build/module_bin/integrative_docking:/wynton/group/sali/miha_rozic/Software/imp-develop/build/module_bin/isd:/wynton/group/sali/miha_rozic/Software/imp-develop/build/module_bin/kernel:/wynton/group/sali/miha_rozic/Software/imp-develop/build/module_bin/kinematics:/wynton/group/sali/miha_rozic/Software/imp-develop/build/module_bin/kmeans:/wynton/group/sali/miha_rozic/Software/imp-develop/build/module_bin/misc:/wynton/group/sali/miha_rozic/Software/imp-develop/build/module_bin/mmcif:/wynton/group/sali/miha_rozic/Software/imp-develop/build/module_bin/modeller:/wynton/group/sali/miha_rozic/Software/imp-develop/build/module_bin/mpi:/wynton/group/sali/miha_rozic/Software/imp-develop/build/module_bin/multi_state:/wynton/group/sali/miha_rozic/Software/imp-develop/build/module_bin/multifit:/wynton/group/sali/miha_rozic/Software/imp-develop/build/module_bin/npc:/wynton/group/sali/miha_rozic/Software/imp-develop/build/module_bin/npcassembly:/wynton/group/sali/miha_rozic/Software/imp-develop/build/module_bin/parallel:/wynton/group/sali/miha_rozic/Software/imp-develop/build/module_bin/pepdock:/wynton/group/sali/miha_rozic/Software/imp-develop/build/module_bin/pmi:/wynton/group/sali/miha_rozic/Software/imp-develop/build/module_bin/rmf:/wynton/group/sali/miha_rozic/Software/imp-develop/build/module_bin/rotamer:/wynton/group/sali/miha_rozic/Software/imp-develop/build/module_bin/saxs:/wynton/group/sali/miha_rozic/Software/imp-develop/build/module_bin/saxs_merge:/wynton/group/sali/miha_rozic/Software/imp-develop/build/module_bin/score_functor:/wynton/group/sali/miha_rozic/Software/imp-develop/build/module_bin/scratch:/wynton/group/sali/miha_rozic/Software/imp-develop/build/module_bin/spb:/wynton/group/sali/miha_rozic/Software/imp-develop/build/module_bin/statistics:/wynton/group/sali/miha_rozic/Software/imp-develop/build/module_bin/symmetry:/wynton/group/sali/miha_rozic/Software/imp-develop/build/module_bin/test:/opt/sge/bin:/opt/sge/bin/lx-amd64:/scratch/708574.1.member.q:/usr/local/bin:/bin:/usr/bin:/usr/local/sbin:/usr/sbin\', \'MPI_BIN\': \'/usr/lib64/openmpi/bin\', \'SGE_STDERR_PATH\': \'/wynton/group/sali/miha_rozic/Input_information/SNAPSHOTS/central_directory/snapshot2_1min/run5/test1.o708574\', \'_LMFILES_\': \'/etc/modulefiles/Sali.lua:/usr/share/modulefiles/mpi/openmpi-x86_64:/salilab/diva1/home/modules/boost/1.73.0:/salilab/diva1/home/modules/libtau/1.0.1:/salilab/diva1/home/modules/hdf5/1.10.7:/salilab/diva1/home/modules/opencv/4.3.0:/salilab/diva1/home/modules/imp/2.21.0:/salilab/diva1/home/modules/sali-libraries:/salilab/diva1/home/modules/python3/numpy/1.19.5:/salilab/diva1/home/modules/python3/scipy/1.3.2:/salilab/diva1/home/modules/python3/joblib/0.17.0:/salilab/diva1/home/modules/python3/scikit/0.21.3\', \'DEBUGINFOD_URLS\': \'https://debuginfod.centos.org/ \', \'MODULESHOME\': \'/usr/share/lmod/lmod\', \'PKG_CONFIG_PATH\': \'/usr/lib64/openmpi/lib/pkgconfig\', \'LMOD_SETTARG_FULL_SUPPORT\': \'no\', \'HISTSIZE\': \'1000\', \'SGE_ARCH\': \'lx-amd64\', \'LMOD_PKG\': \'/usr/share/lmod/lmod\', \'CMAKE_LIBRARY_PATH\': \'/salilab/diva1/programs/x86_64linux/opencv-4.3.0/lib64:/salilab/diva1/programs/x86_64linux/hdf5-1.10.7/lib:/salilab/diva1/programs/x86_64linux/libtau-py27-1.0.1/lib64:/salilab/diva1/programs/x86_64linux/boost-1.73.0/lib64\', \'ARC\': \'lx-amd64\', \'MPI_LIB\': \'/usr/lib64/openmpi/lib\', \'SGE_BINARY_PATH\': \'/opt/sge/bin/lx-amd64\', \'SGE_STDOUT_PATH\': \'/wynton/group/sali/miha_rozic/Input_information/SNAPSHOTS/central_directory/snapshot2_1min/run5/test1.o708574\', \'_ModuleTable005_\': \'bmN2LzQuMy4wIiwKd1YgPSAiMDAwMDAwMDA0LjAwMDAwMDAwMy4qemZpbmFsIiwKfSwKWyJweXRob24zL2pvYmxpYiJdID0gewpmbiA9ICIvc2FsaWxhYi9kaXZhMS9ob21lL21vZHVsZXMvcHl0aG9uMy9qb2JsaWIvMC4xNy4wIiwKZnVsbE5hbWUgPSAicHl0aG9uMy9qb2JsaWIvMC4xNy4wIiwKbG9hZE9yZGVyID0gMTEsCnByb3BUID0ge30sCnN0YWNrRGVwdGggPSAxLApzdGF0dXMgPSAiYWN0aXZlIiwKdXNlck5hbWUgPSAicHl0aG9uMy9qb2JsaWIiLAp3ViA9ICIwMDAwMDAwMDAuMDAwMDAwMDE3Lip6ZmluYWwiLAp9LApbInB5dGhvbjMvbnVtcHkiXSA9IHsKZm4gPSAiL3NhbGlsYWIvZGl2YTEvaG9tZS9tb2R1bGVzL3B5dGhvbjMvbnVtcHkvMS4xOS41IiwKZnVsbE5h\', \'LMOD_CMD\': \'/usr/share/lmod/lmod/libexec/lmod\', \'REQNAME\': \'test1\', \'IMP_BIN_DIR\': \'/wynton/group/sali/miha_rozic/Software/imp-develop/build/bin\', \'MPI_MAN\': \'/usr/share/man/openmpi-x86_64\', \'LESSOPEN\': \'||/usr/bin/lesspipe.sh %s\', \'OMP_NUM_THREADS\': \'1\', \'SGE_CLUSTER_NAME\': \'wynton_cluster\', \'LMOD_DIR\': \'/usr/share/lmod/lmod/libexec\', \'BASH_FUNC_which%%\': \'() {  ( alias;\\n eval ${which_declare} ) | /usr/bin/which --tty-only --read-alias --read-functions --show-tilde --show-dot $@\\n}\', \'BASH_FUNC_module%%\': \'() {  if [ -z "${LMOD_SH_DBG_ON+x}" ]; then\\n case "$-" in \\n *v*x*)\\n __lmod_sh_dbg=\\\'vx\\\'\\n ;;\\n *v*)\\n __lmod_sh_dbg=\\\'v\\\'\\n ;;\\n *x*)\\n __lmod_sh_dbg=\\\'x\\\'\\n ;;\\n esac;\\n fi;\\n if [ -n "${__lmod_sh_dbg:-}" ]; then\\n set +$__lmod_sh_dbg;\\n echo "Shell debugging temporarily silenced: export LMOD_SH_DBG_ON=1 for Lmod\\\'s output" 1>&2;\\n fi;\\n eval "$($LMOD_CMD shell "$@")" && eval "$(${LMOD_SETTARG_CMD:-:} -s sh)";\\n __lmod_my_status=$?;\\n if [ -n "${__lmod_sh_dbg:-}" ]; then\\n echo "Shell debugging restarted" 1>&2;\\n set -$__lmod_sh_dbg;\\n fi;\\n unset __lmod_sh_dbg;\\n return $__lmod_my_status\\n}\', \'BASH_FUNC_ml%%\': \'() {  eval "$($LMOD_DIR/ml_cmd "$@")"\\n}\', \'_\': \'/usr/lib64/openmpi/bin/mpirun\', \'IPATH_NO_BACKTRACE\': \'1\', \'HFI_NO_BACKTRACE\': \'1\', \'OMPI_MCA_orte_local_daemon_uri\': \'2379284480.0;tcp://172.26.39.49:39213\', \'OMPI_MCA_orte_hnp_uri\': \'2379284480.0;tcp://172.26.39.49:39213\', \'OMPI_MCA_mpi_oversubscribe\': \'0\', \'OMPI_MCA_orte_app_num\': \'0\', \'OMPI_UNIVERSE_SIZE\': \'16\', \'OMPI_MCA_orte_num_nodes\': \'1\', \'OMPI_MCA_shmem_RUNTIME_QUERY_hint\': \'mmap\', \'OMPI_MCA_orte_bound_at_launch\': \'1\', \'OMPI_MCA_ess\': \'^singleton\', \'OMPI_MCA_orte_ess_num_procs\': \'16\', \'OMPI_COMM_WORLD_SIZE\': \'16\', \'OMPI_COMM_WORLD_LOCAL_SIZE\': \'16\', \'OMPI_MCA_orte_tmpdir_base\': \'/scratch/708574.1.member.q\', \'OMPI_MCA_orte_top_session_dir\': \'/scratch/708574.1.member.q/ompi.qb3-id299.11149\', \'OMPI_MCA_orte_jobfam_session_dir\': \'/scratch/708574.1.member.q/ompi.qb3-id299.11149/pid.3456872\', \'OMPI_NUM_APP_CTX\': \'1\', \'OMPI_FIRST_RANKS\': \'0\', \'OMPI_APP_CTX_NUM_PROCS\': \'16\', \'OMPI_MCA_initial_wdir\': \'/wynton/group/sali/miha_rozic/Input_information/SNAPSHOTS/central_directory/snapshot2_1min/run5\', \'OMPI_MCA_orte_launch\': \'1\', \'PMIX_NAMESPACE\': \'2379284481\', \'PMIX_RANK\': \'7\', \'PMIX_SERVER_URI2\': \'2379284480.0;tcp4://127.0.0.1:48105\', \'PMIX_SERVER_URI21\': \'2379284480.0;tcp4://127.0.0.1:48105\', \'PMIX_SECURITY_MODE\': \'native,none\', \'PMIX_PTL_MODULE\': \'tcp,usock\', \'PMIX_BFROP_BUFFER_TYPE\': \'PMIX_BFROP_BUFFER_NON_DESC\', \'PMIX_GDS_MODULE\': \'ds21,ds12,hash\', \'PMIX_SERVER_TMPDIR\': \'/scratch/708574.1.member.q/ompi.qb3-id299.11149/pid.3456872\', \'PMIX_SYSTEM_TMPDIR\': \'/scratch/708574.1.member.q\', \'PMIX_DSTORE_21_BASE_PATH\': \'/scratch/708574.1.member.q/ompi.qb3-id299.11149/pid.3456872/pmix_dstor_ds21_3456872\', \'PMIX_DSTORE_ESH_BASE_PATH\': \'/scratch/708574.1.member.q/ompi.qb3-id299.11149/pid.3456872/pmix_dstor_ds12_3456872\', \'OMPI_MCA_ess_base_jobid\': \'2379284481\', \'OMPI_MCA_ess_base_vpid\': \'7\', \'OMPI_COMM_WORLD_RANK\': \'7\', \'OMPI_COMM_WORLD_LOCAL_RANK\': \'7\', \'OMPI_COMM_WORLD_NODE_RANK\': \'7\', \'OMPI_MCA_orte_ess_node_rank\': \'7\', \'PMIX_ID\': \'2379284481.7\', \'OMPI_FILE_LOCATION\': \'/scratch/708574.1.member.q/ompi.qb3-id299.11149/pid.3456872/0/0\', \'KMP_DUPLICATE_LIB_OK\': \'True\', \'KMP_INIT_AT_FORK\': \'FALSE\'})', 'STAT2HEADER_IMP_VERSIONS': "{'IMP_VERSION': '2.21.0', 'PMI_VERSION': '2.21.0'}", 0: 'ReplicaExchange_SwapSuccessRatio', 1: 'ReplicaExchange_MinTempFrequency', 2: 'ReplicaExchange_MaxTempFrequency', 3: 'ReplicaExchange_CurrentTemp', 4: 'score'} 
{0: '0', 1: '0', 2: '0', 3: '1.5335761201812925', 4: inf} 
{0: '0.0', 1: '0.0', 2: '0.0', 3: '1.5335761201812925', 4: inf} 
{0: '0.0', 1: '0.0', 2: '0.0', 3: '1.5335761201812925', 4: inf} 
{0: '0.0', 1: '0.0', 2: '0.0', 3: '1.5335761201812925', 4: inf} 
{0: '0.0', 1: '0.0', 2: '0.0', 3: '1.5335761201812925', 4: inf} 
{0: '0.0', 1: '0.0', 2: '0.0', 3: '1.5335761201812925', 4: inf} 
{0: '0.0', 1: '0.0', 2: '0.0', 3: '1.5335761201812925', 4: inf} 
{0: '0.0', 1: '0.0', 2: '0.0', 3: '1.5335761201812925', 4: inf} 
{0: '0.0', 1: '0.0', 2: '0.0', 3: '1.5335761201812925', 4: inf} 
{0: '0.0', 1: '0.0', 2: '0.0', 3: '1.5335761201812925', 4: inf} 
{0: '0.0', 1: '0.0', 2: '0.0', 3: '1.5335761201812925', 4: inf} 
{0: '0.0', 1: '0.0', 2: '0.0', 3: '1.5335761201812925', 4: inf} 
{0: '0.0', 1: '0.0', 2: '0.0', 3: '1.5335761201812925', 4: inf} 
{0: '0.0', 1: '0.0', 2: '0.0', 3: '1.5335761201812925', 4: inf} 
{0: '0.0', 1: '0.0', 2: '0.0', 3: '1.5335761201812925', 4: inf} 
{0: '0.0', 1: '0.0', 2: '0.0', 3: '1.5335761201812925', 4: inf} 
{0: '0.0', 1: '0.0', 2: '0.0', 3: '1.5335761201812925', 4: inf} 
{0: '0.0', 1: '0.0', 2: '0.0', 3: '1.5335761201812925', 4: inf} 
{0: '0.0', 1: '0.0', 2: '0.0', 3: '1.5335761201812925', 4: inf} 
{0: '0.0', 1: '0.0', 2: '0.0', 3: '1.5335761201812925', 4: inf} 
{0: '0.0', 1: '0.0', 2: '0.0', 3: '1.5335761201812925', 4: inf} 
{0: '0.0', 1: '0.0', 2: '0.0', 3: '1.5335761201812925', 4: inf} 
{0: '0.0', 1: '0.0', 2: '0.0', 3: '1.5335761201812925', 4: inf} 
{0: '0.0', 1: '0.0', 2: '0.0', 3: '1.5335761201812925', 4: inf} 
{0: '0.0', 1: '0.0', 2: '0.0', 3: '1.5335761201812925', 4: inf} 
{0: '0.0', 1: '0.0', 2: '0.0', 3: '1.5335761201812925', 4: inf} 
{0: '0.0', 1: '0.0', 2: '0.0', 3: '1.5335761201812925', 4: inf} 
{0: '0.0', 1: '0.0', 2: '0.0', 3: '1.5335761201812925', 4: inf} 
{0: '0.0', 1: '0.0', 2: '0.0', 3: '1.5335761201812925', 4: inf} 
{0: '0.0', 1: '0.0', 2: '0.0', 3: '1.5335761201812925', 4: inf} 
{0: '0.0', 1: '0.0', 2: '0.0', 3: '1.5335761201812925', 4: inf} 
{0: '0.0', 1: '0.0', 2: '0.0', 3: '1.5335761201812925', 4: inf} 
{0: '0.0', 1: '0.0', 2: '0.0', 3: '1.5335761201812925', 4: inf} 
{0: '0.0', 1: '0.0', 2: '0.0', 3: '1.5335761201812925', 4: inf} 
{0: '0.0', 1: '0.0', 2: '0.0', 3: '1.5335761201812925', 4: inf} 
{0: '0.0', 1: '0.0', 2: '0.0', 3: '1.5335761201812925', 4: inf} 
{0: '0.0', 1: '0.0', 2: '0.0', 3: '1.5335761201812925', 4: inf} 
{0: '0.0', 1: '0.0', 2: '0.0', 3: '1.5335761201812925', 4: inf} 
{0: '0.0', 1: '0.0', 2: '0.0', 3: '1.5335761201812925', 4: inf} 
{0: '0.0', 1: '0.0', 2: '0.0', 3: '1.5335761201812925', 4: inf} 
{0: '0.0', 1: '0.0', 2: '0.0', 3: '1.5335761201812925', 4: inf} 
{0: '0.0', 1: '0.0', 2: '0.0', 3: '1.5335761201812925', 4: inf} 
{0: '0.0', 1: '0.0', 2: '0.0', 3: '1.5335761201812925', 4: inf} 
{0: '0.0', 1: '0.0', 2: '0.0', 3: '1.5335761201812925', 4: inf} 
{0: '0.0', 1: '0.0', 2: '0.0', 3: '1.5335761201812925', 4: inf} 
{0: '0.0', 1: '0.0', 2: '0.0', 3: '1.5335761201812925', 4: inf} 
{0: '0.0', 1: '0.0', 2: '0.0', 3: '1.5335761201812925', 4: inf} 
{0: '0.0', 1: '0.0', 2: '0.0', 3: '1.5335761201812925', 4: inf} 
{0: '0.0', 1: '0.0', 2: '0.0', 3: '1.5335761201812925', 4: inf} 
{0: '0.0', 1: '0.0', 2: '0.0', 3: '1.5335761201812925', 4: inf} 
{0: '0.0', 1: '0.0', 2: '0.0', 3: '1.5335761201812925', 4: inf} 
{0: '0.0', 1: '0.0', 2: '0.0', 3: '1.5335761201812925', 4: inf} 
{0: '0.0', 1: '0.0', 2: '0.0', 3: '1.5335761201812925', 4: inf} 
{0: '0.0', 1: '0.0', 2: '0.0', 3: '1.5335761201812925', 4: inf} 
{0: '0.0', 1: '0.0', 2: '0.0', 3: '1.5335761201812925', 4: inf} 
{0: '0.0', 1: '0.0', 2: '0.0', 3: '1.5335761201812925', 4: inf} 
{0: '0.0', 1: '0.0', 2: '0.0', 3: '1.5335761201812925', 4: inf} 
{0: '0.0', 1: '0.0', 2: '0.0', 3: '1.5335761201812925', 4: inf} 
{0: '0.0', 1: '0.0', 2: '0.0', 3: '1.5335761201812925', 4: inf} 
{0: '0.0', 1: '0.0', 2: '0.0', 3: '1.5335761201812925', 4: inf} 
{0: '0.0', 1: '0.0', 2: '0.0', 3: '1.5335761201812925', 4: inf} 
{0: '0.0', 1: '0.0', 2: '0.0', 3: '1.5335761201812925', 4: inf} 
{0: '0.0', 1: '0.0', 2: '0.0', 3: '1.5335761201812925', 4: inf} 
{0: '0.0', 1: '0.0', 2: '0.0', 3: '1.5335761201812925', 4: inf} 
{0: '0.0', 1: '0.0', 2: '0.0', 3: '1.5335761201812925', 4: inf} 
{0: '0.0', 1: '0.0', 2: '0.0', 3: '1.5335761201812925', 4: inf} 
{0: '0.0', 1: '0.0', 2: '0.0', 3: '1.5335761201812925', 4: inf} 
{0: '0.0', 1: '0.0', 2: '0.0', 3: '1.5335761201812925', 4: inf} 
{0: '0.0', 1: '0.0', 2: '0.0', 3: '1.5335761201812925', 4: inf} 
{0: '0.0', 1: '0.0', 2: '0.0', 3: '1.5335761201812925', 4: inf} 
{0: '0.0', 1: '0.0', 2: '0.0', 3: '1.5335761201812925', 4: inf} 
{0: '0.0', 1: '0.0', 2: '0.0', 3: '1.5335761201812925', 4: inf} 
{0: '0.0', 1: '0.0', 2: '0.0', 3: '1.5335761201812925', 4: inf} 
{0: '0.0', 1: '0.0', 2: '0.0', 3: '1.5335761201812925', 4: inf} 
{0: '0.0', 1: '0.0', 2: '0.0', 3: '1.5335761201812925', 4: inf} 
{0: '0.0', 1: '0.0', 2: '0.0', 3: '1.5335761201812925', 4: inf} 
{0: '0.0', 1: '0.0', 2: '0.0', 3: '1.5335761201812925', 4: inf} 
{0: '0.0', 1: '0.0', 2: '0.0', 3: '1.5335761201812925', 4: inf} 
{0: '0.0', 1: '0.0', 2: '0.0', 3: '1.5335761201812925', 4: inf} 
{0: '0.0', 1: '0.0', 2: '0.0', 3: '1.5335761201812925', 4: inf} 
{0: '0.0', 1: '0.0', 2: '0.0', 3: '1.5335761201812925', 4: inf} 
{0: '0.0', 1: '0.0', 2: '0.0', 3: '1.5335761201812925', 4: inf} 
{0: '0.0', 1: '0.0', 2: '0.0', 3: '1.5335761201812925', 4: inf} 
{0: '0.0', 1: '0.0', 2: '0.0', 3: '1.5335761201812925', 4: inf} 
{0: '0.0', 1: '0.0', 2: '0.0', 3: '1.5335761201812925', 4: inf} 
{0: '0.0', 1: '0.0', 2: '0.0', 3: '1.5335761201812925', 4: inf} 
{0: '0.0', 1: '0.0', 2: '0.0', 3: '1.5335761201812925', 4: inf} 
{0: '0.0', 1: '0.0', 2: '0.0', 3: '1.5335761201812925', 4: inf} 
{0: '0.0', 1: '0.0', 2: '0.0', 3: '1.5335761201812925', 4: inf} 
{0: '0.0', 1: '0.0', 2: '0.0', 3: '1.5335761201812925', 4: inf} 
{0: '0.0', 1: '0.0', 2: '0.0', 3: '1.5335761201812925', 4: inf} 
{0: '0.0', 1: '0.0', 2: '0.0', 3: '1.5335761201812925', 4: inf} 
{0: '0.0', 1: '0.0', 2: '0.0', 3: '1.5335761201812925', 4: inf} 
{0: '0.0', 1: '0.0', 2: '0.0', 3: '1.5335761201812925', 4: inf} 
{0: '0.0', 1: '0.0', 2: '0.0', 3: '1.5335761201812925', 4: inf} 
{0: '0.0', 1: '0.0', 2: '0.0', 3: '1.5335761201812925', 4: inf} 
{0: '0.0', 1: '0.0', 2: '0.0', 3: '1.5335761201812925', 4: inf} 
{0: '0.0', 1: '0.0', 2: '0.0', 3: '1.5335761201812925', 4: inf} 
{0: '0.0', 1: '0.0', 2: '0.0', 3: '1.5335761201812925', 4: inf} 
{0: '0.0', 1: '0.0', 2: '0.0', 3: '1.5335761201812925', 4: inf} 
{0: '0.0', 1: '0.0', 2: '0.0', 3: '1.5335761201812925', 4: inf} 
{0: '0.0', 1: '0.0', 2: '0.0', 3: '1.5335761201812925', 4: inf} 
{0: '0.0', 1: '0.0', 2: '0.0', 3: '1.5335761201812925', 4: inf} 
{0: '0.0', 1: '0.0', 2: '0.0', 3: '1.5335761201812925', 4: inf} 
{0: '0.0', 1: '0.0', 2: '0.0', 3: '1.5335761201812925', 4: inf} 
{0: '0.0', 1: '0.0', 2: '0.0', 3: '1.5335761201812925', 4: inf} 
{0: '0.0', 1: '0.0', 2: '0.0', 3: '1.5335761201812925', 4: inf} 
{0: '0.0', 1: '0.0', 2: '0.0', 3: '1.5335761201812925', 4: inf} 
{0: '0.0', 1: '0.0', 2: '0.0', 3: '1.5335761201812925', 4: inf} 
{0: '0.0', 1: '0.0', 2: '0.0', 3: '1.5335761201812925', 4: inf} 
{0: '0.0', 1: '0.0', 2: '0.0', 3: '1.5335761201812925', 4: inf} 
{0: '0.0', 1: '0.0', 2: '0.0', 3: '1.5335761201812925', 4: inf} 
{0: '0.0', 1: '0.0', 2: '0.0', 3: '1.5335761201812925', 4: inf} 
{0: '0.0', 1: '0.0', 2: '0.0', 3: '1.5335761201812925', 4: inf} 
{0: '0.0', 1: '0.0', 2: '0.0', 3: '1.5335761201812925', 4: inf} 
{0: '0.0', 1: '0.0', 2: '0.0', 3: '1.5335761201812925', 4: inf} 
{0: '0.0', 1: '0.0', 2: '0.0', 3: '1.5335761201812925', 4: inf} 
{0: '0.0', 1: '0.0', 2: '0.0', 3: '1.5335761201812925', 4: inf} 
{0: '0.0', 1: '0.0', 2: '0.0', 3: '1.5335761201812925', 4: inf} 
{0: '0.0', 1: '0.0', 2: '0.0', 3: '1.5335761201812925', 4: inf} 
{0: '0.0', 1: '0.0', 2: '0.0', 3: '1.5335761201812925', 4: inf} 
{0: '0.0', 1: '0.0', 2: '0.0', 3: '1.5335761201812925', 4: inf} 
{0: '0.0', 1: '0.0', 2: '0.0', 3: '1.5335761201812925', 4: inf} 
{0: '0.0', 1: '0.0', 2: '0.0', 3: '1.5335761201812925', 4: inf} 
{0: '0.0', 1: '0.0', 2: '0.0', 3: '1.5335761201812925', 4: inf} 
{0: '0.0', 1: '0.0', 2: '0.0', 3: '1.5335761201812925', 4: inf} 
{0: '0.0', 1: '0.0', 2: '0.0', 3: '1.5335761201812925', 4: inf} 
{0: '0.0', 1: '0.0', 2: '0.0', 3: '1.5335761201812925', 4: inf} 
{0: '0.0', 1: '0.0', 2: '0.0', 3: '1.5335761201812925', 4: inf} 
{0: '0.0', 1: '0.0', 2: '0.0', 3: '1.5335761201812925', 4: inf} 
{0: '0.0', 1: '0.0', 2: '0.0', 3: '1.5335761201812925', 4: inf} 
{0: '0.0', 1: '0.0', 2: '0.0', 3: '1.5335761201812925', 4: inf} 
{0: '0.0', 1: '0.0', 2: '0.0', 3: '1.5335761201812925', 4: inf} 
{0: '0.0', 1: '0.0', 2: '0.0', 3: '1.5335761201812925', 4: inf} 
{0: '0.0', 1: '0.0', 2: '0.0', 3: '1.5335761201812925', 4: inf} 
{0: '0.0', 1: '0.0', 2: '0.0', 3: '1.5335761201812925', 4: inf} 
{0: '0.0', 1: '0.0', 2: '0.0', 3: '1.5335761201812925', 4: inf} 
{0: '0.0', 1: '0.0', 2: '0.0', 3: '1.5335761201812925', 4: 11672.230561175864} 
{0: '0.007246376811594203', 1: '0.0', 2: '0.0', 3: '1.6301766616608926', 4: 1970.0558126193428} 
{0: '0.014388489208633094', 1: '0.0', 2: '0.0', 3: '1.7328621078878674', 4: 1115.4878530976653} 
{0: '0.02142857142857143', 1: '0.0', 2: '0.0', 3: '1.842015749320195', 4: 787.4361925946465} 
{0: '0.028368794326241134', 1: '0.0', 2: '0.0', 3: '1.958045020027179', 4: 659.063933184694} 
{0: '0.035211267605633804', 1: '0.0', 2: '0.0', 3: '2.081383018504685', 4: 668.9466859351288} 
{0: '0.04195804195804196', 1: '0.0', 2: '0.0', 3: '2.212490124287102', 4: 653.7693966614618} 
{0: '0.04861111111111111', 1: '0.0', 2: '0.0', 3: '2.351855716390306', 4: 640.2803217030547} 
{0: '0.05517241379310345', 1: '0.0', 2: '0.0', 3: '2.500000000000003', 4: 624.3427295966194} 
{0: '0.0547945205479452', 1: '0.0', 2: '0.0', 3: '2.500000000000003', 4: 647.7152316690075} 
{0: '0.061224489795918366', 1: '0.0', 2: '0.0', 3: '2.351855716390306', 4: 637.7914333518528} 
{0: '0.060810810810810814', 1: '0.0', 2: '0.0', 3: '2.351855716390306', 4: 643.0103890742345} 
{0: '0.06711409395973154', 1: '0.0', 2: '0.0', 3: '2.500000000000003', 4: 648.6288773160638} 
{0: '0.06666666666666667', 1: '0.0', 2: '0.0', 3: '2.500000000000003', 4: 641.5446543970813} 
{0: '0.0728476821192053', 1: '0.0', 2: '0.0', 3: '2.351855716390306', 4: 611.9329163707096} 
{0: '0.07894736842105263', 1: '0.0', 2: '0.0', 3: '2.212490124287102', 4: 579.2898185687278} 
{0: '0.0784313725490196', 1: '0.0', 2: '0.0', 3: '2.212490124287102', 4: 572.727546356274} 
{0: '0.07792207792207792', 1: '0.0', 2: '0.0', 3: '2.212490124287102', 4: 563.152136059464} 
{0: '0.08387096774193549', 1: '0.0', 2: '0.0', 3: '2.081383018504685', 4: 556.0428675927053} 
{0: '0.08974358974358974', 1: '0.0', 2: '0.0', 3: '1.958045020027179', 4: 554.6565465433864} 
{0: '0.09554140127388536', 1: '0.0', 2: '0.0', 3: '1.842015749320195', 4: 547.436031473753} 
{0: '0.10126582278481013', 1: '0.0', 2: '0.0', 3: '1.7328621078878674', 4: 548.0440185894416} 
{0: '0.1069182389937107', 1: '0.0', 2: '0.0', 3: '1.6301766616608926', 4: 550.8242038305758} 
{0: '0.1125', 1: '0.0', 2: '0.0', 3: '1.5335761201812925', 4: 551.2060909747739} 
{0: '0.11801242236024845', 1: '0.0', 2: '0.0', 3: '1.4426999059072143', 4: 547.6847478089339} 
{0: '0.12345679012345678', 1: '0.0', 2: '0.0', 3: '1.3572088082974538', 4: 542.7518682273943} 
{0: '0.12883435582822086', 1: '0.0', 2: '0.0', 3: '1.2767837176518553', 4: 543.9213971699228} 
{0: '0.13414634146341464', 1: '0.0', 2: '0.0', 3: '1.2011244339814315', 4: 542.4358703077268} 
{0: '0.1393939393939394', 1: '0.0', 2: '0.0', 3: '1.1299485464621188', 4: 542.245770990342} 
{0: '0.14457831325301204', 1: '0.0', 2: '0.0', 3: '1.0629903792895394', 4: 546.3280581588464} 
{0: '0.1437125748502994', 1: '0.0', 2: '0.0', 3: '1.0629903792895394', 4: 552.4588386965842} 
{0: '0.1488095238095238', 1: '0.0', 2: '0.0', 3: '1.1299485464621188', 4: 550.0068363988139} 
{0: '0.15384615384615385', 1: '0.0', 2: '0.0', 3: '1.2011244339814315', 4: 545.8859699822984} 
{0: '0.1588235294117647', 1: '0.0', 2: '0.0', 3: '1.2767837176518553', 4: 548.468771780471} 
{0: '0.16374269005847952', 1: '0.0', 2: '0.0', 3: '1.3572088082974538', 4: 549.4507957145212} 
{0: '0.16279069767441862', 1: '0.0', 2: '0.0', 3: '1.3572088082974538', 4: 552.0293766034056} 
{0: '0.1676300578034682', 1: '0.0', 2: '0.0', 3: '1.2767837176518553', 4: 544.5339116264233} 
{0: '0.1724137931034483', 1: '0.0', 2: '0.0', 3: '1.2011244339814315', 4: 546.0500902800468} 
{0: '0.17714285714285713', 1: '0.0', 2: '0.0', 3: '1.1299485464621188', 4: 544.8962248345193} 
{0: '0.17613636363636365', 1: '0.0', 2: '0.0', 3: '1.1299485464621188', 4: 554.8415365895107} 
{0: '0.1807909604519774', 1: '0.0', 2: '0.0', 3: '1.2011244339814315', 4: 549.8355205451437} 
{0: '0.1797752808988764', 1: '0.0', 2: '0.0', 3: '1.2011244339814315', 4: 543.5458230017681} 
{0: '0.18435754189944134', 1: '0.0', 2: '0.0', 3: '1.1299485464621188', 4: 543.6333397344699} 
{0: '0.18888888888888888', 1: '0.0', 2: '0.0', 3: '1.0629903792895394', 4: 548.6027239491603} 
{0: '0.19337016574585636', 1: '0.0', 2: '0.0', 3: '1.0', 4: 544.3719467177085} 
{0: '0.19230769230769232', 1: '0.005494505494505495', 2: '0.0', 3: '1.0', 4: 554.983972437648} 
{0: '0.19672131147540983', 1: '0.01092896174863388', 2: '0.0', 3: '1.0629903792895394', 4: 541.5272913300656} 
{0: '0.20108695652173914', 1: '0.010869565217391304', 2: '0.0', 3: '1.1299485464621188', 4: 553.9044874064545} 
{0: '0.20540540540540542', 1: '0.010810810810810811', 2: '0.0', 3: '1.2011244339814315', 4: 546.9204252282127} 
{0: '0.20967741935483872', 1: '0.010752688172043012', 2: '0.0', 3: '1.2767837176518553', 4: 550.0478541183218} 
{0: '0.20855614973262032', 1: '0.0106951871657754', 2: '0.0', 3: '1.2767837176518553', 4: 548.8636972173935} 
{0: '0.2127659574468085', 1: '0.010638297872340425', 2: '0.0', 3: '1.2011244339814315', 4: 551.035653649973} 
{0: '0.21693121693121692', 1: '0.010582010582010581', 2: '0.0', 3: '1.1299485464621188', 4: 545.5439231374546} 
{0: '0.22105263157894736', 1: '0.010526315789473684', 2: '0.0', 3: '1.0629903792895394', 4: 543.6685946258283} 
{0: '0.2198952879581152', 1: '0.010471204188481676', 2: '0.0', 3: '1.0629903792895394', 4: 546.6514800940048} 
{0: '0.22395833333333334', 1: '0.010416666666666666', 2: '0.0', 3: '1.1299485464621188', 4: 537.7010030699532} 
{0: '0.22797927461139897', 1: '0.010362694300518135', 2: '0.0', 3: '1.2011244339814315', 4: 542.617690026112} 
{0: '0.2268041237113402', 1: '0.010309278350515464', 2: '0.0', 3: '1.2011244339814315', 4: 546.6587160019411} 
{0: '0.23076923076923078', 1: '0.010256410256410256', 2: '0.0', 3: '1.1299485464621188', 4: 544.1402498053976} 
{0: '0.23469387755102042', 1: '0.01020408163265306', 2: '0.0', 3: '1.0629903792895394', 4: 543.1693898946356} 
{0: '0.23857868020304568', 1: '0.01015228426395939', 2: '0.0', 3: '1.0', 4: 541.9475562312625} 
{0: '0.23737373737373738', 1: '0.015151515151515152', 2: '0.0', 3: '1.0', 4: 545.4369467623019} 
{0: '0.24120603015075376', 1: '0.020100502512562814', 2: '0.0', 3: '1.0629903792895394', 4: 538.9367066207989} 
{0: '0.245', 1: '0.02', 2: '0.0', 3: '1.1299485464621188', 4: 542.7391686596732} 
{0: '0.24875621890547264', 1: '0.01990049751243781', 2: '0.0', 3: '1.2011244339814315', 4: 543.3748746334247} 
{0: '0.2524752475247525', 1: '0.019801980198019802', 2: '0.0', 3: '1.2767837176518553', 4: 546.1957013061578} 
{0: '0.2512315270935961', 1: '0.019704433497536946', 2: '0.0', 3: '1.2767837176518553', 4: 543.707975661122} 
{0: '0.2549019607843137', 1: '0.0196078431372549', 2: '0.0', 3: '1.2011244339814315', 4: 543.6487248414678} 
{0: '0.25365853658536586', 1: '0.01951219512195122', 2: '0.0', 3: '1.2011244339814315', 4: 545.2786327728054} 
{0: '0.2524271844660194', 1: '0.019417475728155338', 2: '0.0', 3: '1.2011244339814315', 4: 543.0046486574748} 
{0: '0.25120772946859904', 1: '0.01932367149758454', 2: '0.0', 3: '1.2011244339814315', 4: 540.6617856681199} 
{0: '0.2548076923076923', 1: '0.019230769230769232', 2: '0.0', 3: '1.2767837176518553', 4: 545.3546910940753} 
{0: '0.2535885167464115', 1: '0.019138755980861243', 2: '0.0', 3: '1.2767837176518553', 4: 548.6932021901376} 
{0: '0.2571428571428571', 1: '0.01904761904761905', 2: '0.0', 3: '1.2011244339814315', 4: 546.8482329813821} 
{0: '0.2559241706161137', 1: '0.018957345971563982', 2: '0.0', 3: '1.2011244339814315', 4: 549.0514169002806} 
{0: '0.25471698113207547', 1: '0.018867924528301886', 2: '0.0', 3: '1.2011244339814315', 4: 540.9062879586673} 
{0: '0.25821596244131456', 1: '0.018779342723004695', 2: '0.0', 3: '1.1299485464621188', 4: 547.2913446987602} 
{0: '0.2570093457943925', 1: '0.018691588785046728', 2: '0.0', 3: '1.1299485464621188', 4: 549.0446394581656} 
{0: '0.2558139534883721', 1: '0.018604651162790697', 2: '0.0', 3: '1.1299485464621188', 4: 545.8192608941185} 
{0: '0.25462962962962965', 1: '0.018518518518518517', 2: '0.0', 3: '1.1299485464621188', 4: 540.0523372711341} 
{0: '0.25806451612903225', 1: '0.018433179723502304', 2: '0.0', 3: '1.2011244339814315', 4: 543.3973520417849} 
{0: '0.26146788990825687', 1: '0.01834862385321101', 2: '0.0', 3: '1.2767837176518553', 4: 540.6951835204835} 
{0: '0.2648401826484018', 1: '0.0182648401826484', 2: '0.0', 3: '1.3572088082974538', 4: 545.9901888618973} 
{0: '0.2636363636363636', 1: '0.01818181818181818', 2: '0.0', 3: '1.3572088082974538', 4: 546.8614750292838} 
{0: '0.2669683257918552', 1: '0.01809954751131222', 2: '0.0', 3: '1.2767837176518553', 4: 546.7473556482802} 
{0: '0.26576576576576577', 1: '0.018018018018018018', 2: '0.0', 3: '1.2767837176518553', 4: 548.0166044201882} 
{0: '0.26905829596412556', 1: '0.017937219730941704', 2: '0.0', 3: '1.3572088082974538', 4: 545.1920271392743} 
{0: '0.26785714285714285', 1: '0.017857142857142856', 2: '0.0', 3: '1.3572088082974538', 4: 551.7736789520093} 
{0: '0.27111111111111114', 1: '0.017777777777777778', 2: '0.0', 3: '1.2767837176518553', 4: 543.792782092978} 
{0: '0.2743362831858407', 1: '0.017699115044247787', 2: '0.0', 3: '1.2011244339814315', 4: 543.9866226648592} 
{0: '0.27312775330396477', 1: '0.01762114537444934', 2: '0.0', 3: '1.2011244339814315', 4: 547.7484670902586} 
{0: '0.27631578947368424', 1: '0.017543859649122806', 2: '0.0', 3: '1.2767837176518553', 4: 551.7572847248581} 
{0: '0.2794759825327511', 1: '0.017467248908296942', 2: '0.0', 3: '1.3572088082974538', 4: 548.450638654132} 
{0: '0.2782608695652174', 1: '0.017391304347826087', 2: '0.0', 3: '1.3572088082974538', 4: 543.3081204572194} 
{0: '0.2813852813852814', 1: '0.017316017316017316', 2: '0.0', 3: '1.2767837176518553', 4: 539.8432576351458} 
{0: '0.28448275862068967', 1: '0.017241379310344827', 2: '0.0', 3: '1.2011244339814315', 4: 543.425373632784} 
{0: '0.2832618025751073', 1: '0.017167381974248927', 2: '0.0', 3: '1.2011244339814315', 4: 552.7937645041162} 
{0: '0.2863247863247863', 1: '0.017094017094017096', 2: '0.0', 3: '1.2767837176518553', 4: 547.5425764419871} 
{0: '0.2851063829787234', 1: '0.01702127659574468', 2: '0.0', 3: '1.2767837176518553', 4: 548.9945174437634} 
{0: '0.288135593220339', 1: '0.01694915254237288', 2: '0.0', 3: '1.2011244339814315', 4: 544.1106601249936} 
{0: '0.2911392405063291', 1: '0.016877637130801686', 2: '0.0', 3: '1.1299485464621188', 4: 547.9131840096037} 
{0: '0.28991596638655465', 1: '0.01680672268907563', 2: '0.0', 3: '1.1299485464621188', 4: 550.2447499326684} 
{0: '0.28870292887029286', 1: '0.016736401673640166', 2: '0.0', 3: '1.1299485464621188', 4: 543.628785761957} 
{0: '0.2916666666666667', 1: '0.016666666666666666', 2: '0.0', 3: '1.0629903792895394', 4: 541.0583868673834} 
{0: '0.29045643153526973', 1: '0.016597510373443983', 2: '0.0', 3: '1.0629903792895394', 4: 540.467503653001} 
{0: '0.29338842975206614', 1: '0.01652892561983471', 2: '0.0', 3: '1.1299485464621188', 4: 550.5677085402372} 
{0: '0.2962962962962963', 1: '0.01646090534979424', 2: '0.0', 3: '1.2011244339814315', 4: 548.274042058657} 
{0: '0.29918032786885246', 1: '0.01639344262295082', 2: '0.0', 3: '1.2767837176518553', 4: 551.9397760496427} 
{0: '0.3020408163265306', 1: '0.0163265306122449', 2: '0.0', 3: '1.3572088082974538', 4: 545.3421161072406} 
{0: '0.3048780487804878', 1: '0.016260162601626018', 2: '0.0', 3: '1.4426999059072143', 4: 545.8662626180925} 
{0: '0.30364372469635625', 1: '0.016194331983805668', 2: '0.0', 3: '1.4426999059072143', 4: 550.4108529571822} 
{0: '0.3064516129032258', 1: '0.016129032258064516', 2: '0.0', 3: '1.3572088082974538', 4: 544.0922386594984} 
{0: '0.3092369477911647', 1: '0.01606425702811245', 2: '0.0', 3: '1.2767837176518553', 4: 548.194653014727} 
{0: '0.308', 1: '0.016', 2: '0.0', 3: '1.2767837176518553', 4: 542.5338838891283} 
{0: '0.3107569721115538', 1: '0.01593625498007968', 2: '0.0', 3: '1.3572088082974538', 4: 547.751641528633} 
{0: '0.3134920634920635', 1: '0.015873015873015872', 2: '0.0', 3: '1.4426999059072143', 4: 545.3625221325279} 
{0: '0.31225296442687744', 1: '0.015810276679841896', 2: '0.0', 3: '1.4426999059072143', 4: 547.4544192342826} 
{0: '0.31496062992125984', 1: '0.015748031496062992', 2: '0.0', 3: '1.3572088082974538', 4: 543.3869860317014} 
{0: '0.3176470588235294', 1: '0.01568627450980392', 2: '0.0', 3: '1.2767837176518553', 4: 543.7263226311904} 
{0: '0.3203125', 1: '0.015625', 2: '0.0', 3: '1.2011244339814315', 4: 543.32248841944} 
{0: '0.31906614785992216', 1: '0.01556420233463035', 2: '0.0', 3: '1.2011244339814315', 4: 542.4363447440234} 
{0: '0.32170542635658916', 1: '0.015503875968992248', 2: '0.0', 3: '1.2767837176518553', 4: 544.5106747899292} 
{0: '0.32432432432432434', 1: '0.015444015444015444', 2: '0.0', 3: '1.3572088082974538', 4: 543.1135479375124} 
{0: '0.3269230769230769', 1: '0.015384615384615385', 2: '0.0', 3: '1.4426999059072143', 4: 550.0525269939761} 
{0: '0.32567049808429116', 1: '0.01532567049808429', 2: '0.0', 3: '1.4426999059072143', 4: 549.3882522680565} 
{0: '0.3282442748091603', 1: '0.015267175572519083', 2: '0.0', 3: '1.3572088082974538', 4: 546.2516169094121} 
{0: '0.33079847908745247', 1: '0.015209125475285171', 2: '0.0', 3: '1.2767837176518553', 4: 547.5927465073754} 
{0: '0.32954545454545453', 1: '0.015151515151515152', 2: '0.0', 3: '1.2767837176518553', 4: 545.7921278686035} 
{0: '0.3320754716981132', 1: '0.01509433962264151', 2: '0.0', 3: '1.3572088082974538', 4: 540.4128874121502} 
{0: '0.3308270676691729', 1: '0.015037593984962405', 2: '0.0', 3: '1.3572088082974538', 4: 550.1760862726935} 
{0: '0.3333333333333333', 1: '0.0149812734082397', 2: '0.0', 3: '1.2767837176518553', 4: 550.0130608858353} 
{0: '0.3358208955223881', 1: '0.014925373134328358', 2: '0.0', 3: '1.2011244339814315', 4: 549.661862899937} 
{0: '0.3382899628252788', 1: '0.01486988847583643', 2: '0.0', 3: '1.1299485464621188', 4: 546.4341079139884} 
{0: '0.337037037037037', 1: '0.014814814814814815', 2: '0.0', 3: '1.1299485464621188', 4: 545.079677088242} 
{0: '0.33948339483394835', 1: '0.014760147601476014', 2: '0.0', 3: '1.2011244339814315', 4: 545.1423382346005} 
{0: '0.34191176470588236', 1: '0.014705882352941176', 2: '0.0', 3: '1.2767837176518553', 4: 546.824395979655} 
{0: '0.34065934065934067', 1: '0.014652014652014652', 2: '0.0', 3: '1.2767837176518553', 4: 549.7723715819725} 
{0: '0.34306569343065696', 1: '0.014598540145985401', 2: '0.0', 3: '1.2011244339814315', 4: 545.5223150710316} 
{0: '0.34545454545454546', 1: '0.014545454545454545', 2: '0.0', 3: '1.1299485464621188', 4: 547.0230023344129} 
{0: '0.34782608695652173', 1: '0.014492753623188406', 2: '0.0', 3: '1.0629903792895394', 4: 539.3392357583389} 
{0: '0.35018050541516244', 1: '0.01444043321299639', 2: '0.0', 3: '1.0', 4: 543.087065962193} 
{0: '0.3489208633093525', 1: '0.017985611510791366', 2: '0.0', 3: '1.0', 4: 545.3510473604786} 
{0: '0.35125448028673834', 1: '0.021505376344086023', 2: '0.0', 3: '1.0629903792895394', 4: 547.5865319437258} 
{0: '0.3535714285714286', 1: '0.02142857142857143', 2: '0.0', 3: '1.1299485464621188', 4: 548.0904536016911} 
{0: '0.35587188612099646', 1: '0.021352313167259787', 2: '0.0', 3: '1.2011244339814315', 4: 548.9632936704386} 
{0: '0.35815602836879434', 1: '0.02127659574468085', 2: '0.0', 3: '1.2767837176518553', 4: 545.6343297163562} 
{0: '0.36042402826855124', 1: '0.02120141342756184', 2: '0.0', 3: '1.3572088082974538', 4: 547.8576765323039} 
{0: '0.3591549295774648', 1: '0.02112676056338028', 2: '0.0', 3: '1.3572088082974538', 4: 555.4482060325771} 
{0: '0.36140350877192984', 1: '0.021052631578947368', 2: '0.0', 3: '1.2767837176518553', 4: 540.4860120816381} 
{0: '0.36363636363636365', 1: '0.02097902097902098', 2: '0.0', 3: '1.2011244339814315', 4: 547.9702998082809} 
{0: '0.36585365853658536', 1: '0.020905923344947737', 2: '0.0', 3: '1.1299485464621188', 4: 542.1263940379425} 
{0: '0.3645833333333333', 1: '0.020833333333333332', 2: '0.0', 3: '1.1299485464621188', 4: 544.1250506890814} 
{0: '0.36678200692041524', 1: '0.020761245674740483', 2: '0.0', 3: '1.2011244339814315', 4: 545.0651419336342} 
{0: '0.3689655172413793', 1: '0.020689655172413793', 2: '0.0', 3: '1.2767837176518553', 4: 549.935897006908} 
{0: '0.36769759450171824', 1: '0.020618556701030927', 2: '0.0', 3: '1.2767837176518553', 4: 548.6241884314154} 
{0: '0.3698630136986301', 1: '0.02054794520547945', 2: '0.0', 3: '1.2011244339814315', 4: 542.5591626405597} 
{0: '0.36860068259385664', 1: '0.020477815699658702', 2: '0.0', 3: '1.2011244339814315', 4: 546.5131027429928} 
{0: '0.3673469387755102', 1: '0.02040816326530612', 2: '0.0', 3: '1.2011244339814315', 4: 547.9375552712866} 
{0: '0.3694915254237288', 1: '0.020338983050847456', 2: '0.0', 3: '1.1299485464621188', 4: 540.1544359579239} 
{0: '0.3716216216216216', 1: '0.02027027027027027', 2: '0.0', 3: '1.0629903792895394', 4: 542.9734639306117} 
{0: '0.37037037037037035', 1: '0.020202020202020204', 2: '0.0', 3: '1.0629903792895394', 4: 543.8262365708539} 
{0: '0.3724832214765101', 1: '0.020134228187919462', 2: '0.0', 3: '1.1299485464621188', 4: 546.0409828290449} 
{0: '0.3745819397993311', 1: '0.020066889632107024', 2: '0.0', 3: '1.2011244339814315', 4: 550.8792505254794} 
{0: '0.37666666666666665', 1: '0.02', 2: '0.0', 3: '1.2767837176518553', 4: 545.6983806258971} 
{0: '0.3787375415282392', 1: '0.019933554817275746', 2: '0.0', 3: '1.3572088082974538', 4: 542.0692618022458} 
{0: '0.38079470198675497', 1: '0.019867549668874173', 2: '0.0', 3: '1.4426999059072143', 4: 549.0334834674095} 
{0: '0.38283828382838286', 1: '0.019801980198019802', 2: '0.0', 3: '1.5335761201812925', 4: 549.9711100111624} 
{0: '0.3815789473684211', 1: '0.019736842105263157', 2: '0.0', 3: '1.5335761201812925', 4: 547.4283078043608} 
{0: '0.3836065573770492', 1: '0.019672131147540985', 2: '0.0', 3: '1.4426999059072143', 4: 541.8064722224326} 
{0: '0.38562091503267976', 1: '0.0196078431372549', 2: '0.0', 3: '1.3572088082974538', 4: 542.8724293432957} 
{0: '0.38762214983713356', 1: '0.019543973941368076', 2: '0.0', 3: '1.2767837176518553', 4: 545.4339280407994} 
{0: '0.38961038961038963', 1: '0.01948051948051948', 2: '0.0', 3: '1.2011244339814315', 4: 543.0493922528182} 
{0: '0.39158576051779936', 1: '0.019417475728155338', 2: '0.0', 3: '1.1299485464621188', 4: 544.497854274182} 
{0: '0.3903225806451613', 1: '0.01935483870967742', 2: '0.0', 3: '1.1299485464621188', 4: 550.1998407178215} 
{0: '0.39228295819935693', 1: '0.01929260450160772', 2: '0.0', 3: '1.2011244339814315', 4: 549.896018932936} 
{0: '0.3942307692307692', 1: '0.019230769230769232', 2: '0.0', 3: '1.2767837176518553', 4: 546.1801484333643} 
{0: '0.3961661341853035', 1: '0.019169329073482427', 2: '0.0', 3: '1.3572088082974538', 4: 552.2443369112194} 
{0: '0.39490445859872614', 1: '0.01910828025477707', 2: '0.0', 3: '1.3572088082974538', 4: 547.3022241147712} 
{0: '0.3968253968253968', 1: '0.01904761904761905', 2: '0.0', 3: '1.2767837176518553', 4: 549.4108792980168} 
{0: '0.3987341772151899', 1: '0.0189873417721519', 2: '0.0', 3: '1.2011244339814315', 4: 552.2888789989355} 
{0: '0.40063091482649843', 1: '0.01892744479495268', 2: '0.0', 3: '1.1299485464621188', 4: 549.3686609998806} 
{0: '0.39937106918238996', 1: '0.018867924528301886', 2: '0.0', 3: '1.1299485464621188', 4: 546.6932509418068} 
{0: '0.4012539184952978', 1: '0.018808777429467086', 2: '0.0', 3: '1.2011244339814315', 4: 545.844335437013} 
{0: '0.403125', 1: '0.01875', 2: '0.0', 3: '1.2767837176518553', 4: 554.6731190823205} 
{0: '0.40498442367601245', 1: '0.018691588785046728', 2: '0.0', 3: '1.3572088082974538', 4: 550.5459360290283} 
{0: '0.40372670807453415', 1: '0.018633540372670808', 2: '0.0', 3: '1.3572088082974538', 4: 550.0540591712986} 
{0: '0.4055727554179567', 1: '0.018575851393188854', 2: '0.0', 3: '1.2767837176518553', 4: 543.0232357839736} 
{0: '0.404320987654321', 1: '0.018518518518518517', 2: '0.0', 3: '1.2767837176518553', 4: 539.2082492712055} 
{0: '0.40307692307692305', 1: '0.018461538461538463', 2: '0.0', 3: '1.2767837176518553', 4: 547.8441065504553} 
{0: '0.4049079754601227', 1: '0.018404907975460124', 2: '0.0', 3: '1.2011244339814315', 4: 543.0076036646266} 
{0: '0.40672782874617736', 1: '0.01834862385321101', 2: '0.0', 3: '1.1299485464621188', 4: 552.7164557900452} 
{0: '0.4054878048780488', 1: '0.018292682926829267', 2: '0.0', 3: '1.1299485464621188', 4: 552.7277480459405} 
{0: '0.4072948328267477', 1: '0.0182370820668693', 2: '0.0', 3: '1.2011244339814315', 4: 542.7212308734929} 
{0: '0.4090909090909091', 1: '0.01818181818181818', 2: '0.0', 3: '1.2767837176518553', 4: 548.9091642923958} 
{0: '0.4108761329305136', 1: '0.01812688821752266', 2: '0.0', 3: '1.3572088082974538', 4: 550.1785347019936} 
{0: '0.4126506024096386', 1: '0.018072289156626505', 2: '0.0', 3: '1.4426999059072143', 4: 549.0919657976833} 
{0: '0.4114114114114114', 1: '0.018018018018018018', 2: '0.0', 3: '1.4426999059072143', 4: 540.7685017342734} 
{0: '0.41317365269461076', 1: '0.017964071856287425', 2: '0.0', 3: '1.3572088082974538', 4: 544.0904698041511} 
{0: '0.41492537313432837', 1: '0.01791044776119403', 2: '0.0', 3: '1.2767837176518553', 4: 547.5891946506213} 
{0: '0.4166666666666667', 1: '0.017857142857142856', 2: '0.0', 3: '1.2011244339814315', 4: 547.3741851434829} 
{0: '0.41839762611275966', 1: '0.017804154302670624', 2: '0.0', 3: '1.1299485464621188', 4: 549.5773440761196} 
{0: '0.4171597633136095', 1: '0.01775147928994083', 2: '0.0', 3: '1.1299485464621188', 4: 545.3913288967658} 
{0: '0.41887905604719766', 1: '0.017699115044247787', 2: '0.0', 3: '1.2011244339814315', 4: 550.9228475969805} 
{0: '0.42058823529411765', 1: '0.01764705882352941', 2: '0.0', 3: '1.2767837176518553', 4: 539.418583059027} 
{0: '0.4222873900293255', 1: '0.017595307917888565', 2: '0.0', 3: '1.3572088082974538', 4: 557.7393824542416} 
{0: '0.4239766081871345', 1: '0.017543859649122806', 2: '0.0', 3: '1.4426999059072143', 4: 540.8461725285734} 
{0: '0.4227405247813411', 1: '0.01749271137026239', 2: '0.0', 3: '1.4426999059072143', 4: 540.8136042155035} 
{0: '0.42441860465116277', 1: '0.01744186046511628', 2: '0.0', 3: '1.3572088082974538', 4: 550.3743090676131} 
{0: '0.4260869565217391', 1: '0.017391304347826087', 2: '0.0', 3: '1.2767837176518553', 4: 542.9344144082172} 
{0: '0.4277456647398844', 1: '0.017341040462427744', 2: '0.0', 3: '1.2011244339814315', 4: 543.6566477520546} 
{0: '0.4265129682997118', 1: '0.01729106628242075', 2: '0.0', 3: '1.2011244339814315', 4: 542.5214614367677} 
{0: '0.4281609195402299', 1: '0.017241379310344827', 2: '0.0', 3: '1.2767837176518553', 4: 544.657213805244} 
{0: '0.4269340974212034', 1: '0.017191977077363897', 2: '0.0', 3: '1.2767837176518553', 4: 540.9949126441682} 
{0: '0.4257142857142857', 1: '0.017142857142857144', 2: '0.0', 3: '1.2767837176518553', 4: 543.9552185784398} 
{0: '0.42450142450142453', 1: '0.017094017094017096', 2: '0.0', 3: '1.2767837176518553', 4: 542.9619046188768} 
{0: '0.42613636363636365', 1: '0.017045454545454544', 2: '0.0', 3: '1.2011244339814315', 4: 544.9570522202616} 
{0: '0.42492917847025496', 1: '0.0169971671388102', 2: '0.0', 3: '1.2011244339814315', 4: 542.8953336302163} 
{0: '0.423728813559322', 1: '0.01694915254237288', 2: '0.0', 3: '1.2011244339814315', 4: 555.1175406137771} 
{0: '0.4225352112676056', 1: '0.016901408450704224', 2: '0.0', 3: '1.2011244339814315', 4: 561.2042197728445} 
{0: '0.4241573033707865', 1: '0.016853932584269662', 2: '0.0', 3: '1.2767837176518553', 4: 545.1140470267909} 
{0: '0.42296918767507', 1: '0.01680672268907563', 2: '0.0', 3: '1.2767837176518553', 4: 547.5143354372805} 
{0: '0.4245810055865922', 1: '0.01675977653631285', 2: '0.0', 3: '1.2011244339814315', 4: 548.2332063141441} 
{0: '0.42618384401114207', 1: '0.016713091922005572', 2: '0.0', 3: '1.1299485464621188', 4: 555.4682719347912} 
{0: '0.425', 1: '0.016666666666666666', 2: '0.0', 3: '1.1299485464621188', 4: 545.4889198328079} 
{0: '0.4265927977839335', 1: '0.01662049861495845', 2: '0.0', 3: '1.2011244339814315', 4: 543.6732555187621} 
{0: '0.4281767955801105', 1: '0.016574585635359115', 2: '0.0', 3: '1.2767837176518553', 4: 545.0419960129366} 
{0: '0.4297520661157025', 1: '0.01652892561983471', 2: '0.0', 3: '1.3572088082974538', 4: 545.120351077904} 
{0: '0.43131868131868134', 1: '0.016483516483516484', 2: '0.0', 3: '1.4426999059072143', 4: 545.0376975653796} 
{0: '0.4301369863013699', 1: '0.01643835616438356', 2: '0.0', 3: '1.4426999059072143', 4: 543.1390806616797} 
{0: '0.43169398907103823', 1: '0.01639344262295082', 2: '0.0', 3: '1.3572088082974538', 4: 539.4474426608041} 
{0: '0.4332425068119891', 1: '0.01634877384196185', 2: '0.0', 3: '1.2767837176518553', 4: 540.2620217530513} 
{0: '0.43478260869565216', 1: '0.016304347826086956', 2: '0.0', 3: '1.2011244339814315', 4: 545.3964769281386} 
{0: '0.4363143631436314', 1: '0.016260162601626018', 2: '0.0', 3: '1.1299485464621188', 4: 542.7536050476435} 
{0: '0.43783783783783786', 1: '0.016216216216216217', 2: '0.0', 3: '1.0629903792895394', 4: 542.2141487591149} 
{0: '0.4366576819407008', 1: '0.016172506738544475', 2: '0.0', 3: '1.0629903792895394', 4: 542.1205130981552} 
{0: '0.4381720430107527', 1: '0.016129032258064516', 2: '0.0', 3: '1.1299485464621188', 4: 544.9285087198431} 
{0: '0.43967828418230565', 1: '0.0160857908847185', 2: '0.0', 3: '1.2011244339814315', 4: 540.8133080017218} 
{0: '0.4411764705882353', 1: '0.016042780748663103', 2: '0.0', 3: '1.2767837176518553', 4: 543.7625926015255} 
{0: '0.44266666666666665', 1: '0.016', 2: '0.0', 3: '1.3572088082974538', 4: 541.6686902661925} 
{0: '0.4441489361702128', 1: '0.015957446808510637', 2: '0.0', 3: '1.4426999059072143', 4: 548.4445592631977} 
{0: '0.44562334217506633', 1: '0.015915119363395226', 2: '0.0', 3: '1.5335761201812925', 4: 554.46011454988} 
{0: '0.4470899470899471', 1: '0.015873015873015872', 2: '0.0', 3: '1.6301766616608926', 4: 544.681271721411} 
{0: '0.44854881266490765', 1: '0.0158311345646438', 2: '0.0', 3: '1.7328621078878674', 4: 546.6654384086908} 
{0: '0.4473684210526316', 1: '0.015789473684210527', 2: '0.0', 3: '1.7328621078878674', 4: 548.2490864705968} 
{0: '0.44881889763779526', 1: '0.015748031496062992', 2: '0.0', 3: '1.6301766616608926', 4: 548.0588030748556} 
{0: '0.450261780104712', 1: '0.015706806282722512', 2: '0.0', 3: '1.5335761201812925', 4: 545.0786273064509} 
{0: '0.4516971279373368', 1: '0.015665796344647518', 2: '0.0', 3: '1.4426999059072143', 4: 545.746397317623} 
{0: '0.453125', 1: '0.015625', 2: '0.0', 3: '1.3572088082974538', 4: 551.1639751930833} 
{0: '0.45454545454545453', 1: '0.015584415584415584', 2: '0.0', 3: '1.2767837176518553', 4: 550.7920254251673} 
{0: '0.45595854922279794', 1: '0.015544041450777202', 2: '0.0', 3: '1.2011244339814315', 4: 545.0203783065961} 
{0: '0.4573643410852713', 1: '0.015503875968992248', 2: '0.0', 3: '1.1299485464621188', 4: 541.832315486906} 
{0: '0.4587628865979381', 1: '0.015463917525773196', 2: '0.0', 3: '1.0629903792895394', 4: 538.6831269497532} 
{0: '0.4601542416452442', 1: '0.015424164524421594', 2: '0.0', 3: '1.0', 4: 547.3766923439945} 
{0: '0.45897435897435895', 1: '0.017948717948717947', 2: '0.0', 3: '1.0', 4: 542.4325157423599} 
{0: '0.46035805626598464', 1: '0.020460358056265986', 2: '0.0', 3: '1.0629903792895394', 4: 545.2848839921783} 
{0: '0.461734693877551', 1: '0.02040816326530612', 2: '0.0', 3: '1.1299485464621188', 4: 545.5121922391953} 
{0: '0.4631043256997455', 1: '0.020356234096692113', 2: '0.0', 3: '1.2011244339814315', 4: 545.9981632056822} 
{0: '0.46446700507614214', 1: '0.02030456852791878', 2: '0.0', 3: '1.2767837176518553', 4: 558.84282636262} 
{0: '0.46582278481012657', 1: '0.020253164556962026', 2: '0.0', 3: '1.3572088082974538', 4: 545.7944894189766} 
{0: '0.46464646464646464', 1: '0.020202020202020204', 2: '0.0', 3: '1.3572088082974538', 4: 540.0896438315038} 
{0: '0.4659949622166247', 1: '0.020151133501259445', 2: '0.0', 3: '1.2767837176518553', 4: 549.3338002720147} 
{0: '0.46733668341708545', 1: '0.020100502512562814', 2: '0.0', 3: '1.2011244339814315', 4: 548.1787243694812} 
{0: '0.46867167919799496', 1: '0.020050125313283207', 2: '0.0', 3: '1.1299485464621188', 4: 542.527501513783} 
{0: '0.4675', 1: '0.02', 2: '0.0', 3: '1.1299485464621188', 4: 546.4340985802098} 
{0: '0.4688279301745636', 1: '0.0199501246882793', 2: '0.0', 3: '1.2011244339814315', 4: 545.3406930959491} 
{0: '0.46766169154228854', 1: '0.01990049751243781', 2: '0.0', 3: '1.2011244339814315', 4: 543.553352320394} 
{0: '0.4665012406947891', 1: '0.019851116625310174', 2: '0.0', 3: '1.2011244339814315', 4: 541.9265596583163} 
{0: '0.46782178217821785', 1: '0.019801980198019802', 2: '0.0', 3: '1.2767837176518553', 4: 550.2091874906226} 
{0: '0.4666666666666667', 1: '0.019753086419753086', 2: '0.0', 3: '1.2767837176518553', 4: 542.0080558735366} 
{0: '0.46551724137931033', 1: '0.019704433497536946', 2: '0.0', 3: '1.2767837176518553', 4: 547.4083809265221} 
{0: '0.4668304668304668', 1: '0.019656019656019656', 2: '0.0', 3: '1.3572088082974538', 4: 550.5789170732328} 
{0: '0.46568627450980393', 1: '0.0196078431372549', 2: '0.0', 3: '1.3572088082974538', 4: 541.7422162426726} 
{0: '0.4669926650366748', 1: '0.019559902200488997', 2: '0.0', 3: '1.2767837176518553', 4: 544.067565404315} 
{0: '0.4682926829268293', 1: '0.01951219512195122', 2: '0.0', 3: '1.2011244339814315', 4: 548.9564807830542} 
{0: '0.46715328467153283', 1: '0.019464720194647202', 2: '0.0', 3: '1.2011244339814315', 4: 550.9245611691514} 
{0: '0.4684466019417476', 1: '0.019417475728155338', 2: '0.0', 3: '1.2767837176518553', 4: 546.7116349996345} 
{0: '0.46973365617433416', 1: '0.01937046004842615', 2: '0.0', 3: '1.3572088082974538', 4: 541.0848765771829} 
{0: '0.46859903381642515', 1: '0.01932367149758454', 2: '0.0', 3: '1.3572088082974538', 4: 545.9246142908429} 
{0: '0.46987951807228917', 1: '0.01927710843373494', 2: '0.0', 3: '1.2767837176518553', 4: 543.054136326319} 
{0: '0.47115384615384615', 1: '0.019230769230769232', 2: '0.0', 3: '1.2011244339814315', 4: 547.6714605847154} 
{0: '0.47002398081534774', 1: '0.019184652278177457', 2: '0.0', 3: '1.2011244339814315', 4: 544.4429618761378} 
{0: '0.47129186602870815', 1: '0.019138755980861243', 2: '0.0', 3: '1.2767837176518553', 4: 541.3682152546523} 
{0: '0.4701670644391408', 1: '0.01909307875894988', 2: '0.0', 3: '1.2767837176518553', 4: 546.4338920660329} 
{0: '0.46904761904761905', 1: '0.01904761904761905', 2: '0.0', 3: '1.2767837176518553', 4: 547.0620662539068} 
{0: '0.4679334916864608', 1: '0.019002375296912115', 2: '0.0', 3: '1.2767837176518553', 4: 547.8937969187775} 
{0: '0.46919431279620855', 1: '0.018957345971563982', 2: '0.0', 3: '1.2011244339814315', 4: 545.1763130271363} 
{0: '0.47044917257683216', 1: '0.018912529550827423', 2: '0.0', 3: '1.1299485464621188', 4: 544.6594458261202} 
{0: '0.4716981132075472', 1: '0.018867924528301886', 2: '0.0', 3: '1.0629903792895394', 4: 545.5723604362902} 
{0: '0.47294117647058825', 1: '0.018823529411764704', 2: '0.0', 3: '1.0', 4: 546.7255941378453} 
{0: '0.47183098591549294', 1: '0.02112676056338028', 2: '0.0', 3: '1.0', 4: 539.628290111418} 
{0: '0.47306791569086654', 1: '0.0234192037470726', 2: '0.0', 3: '1.0629903792895394', 4: 544.5821216955251} 
{0: '0.4742990654205608', 1: '0.02336448598130841', 2: '0.0', 3: '1.1299485464621188', 4: 543.3101246695508} 
{0: '0.4755244755244755', 1: '0.023310023310023312', 2: '0.0', 3: '1.2011244339814315', 4: 545.1709816525319} 
{0: '0.47674418604651164', 1: '0.023255813953488372', 2: '0.0', 3: '1.2767837176518553', 4: 546.4208081272753} 
{0: '0.4779582366589327', 1: '0.02320185614849188', 2: '0.0', 3: '1.3572088082974538', 4: 540.0545947463553} 
{0: '0.4791666666666667', 1: '0.023148148148148147', 2: '0.0', 3: '1.4426999059072143', 4: 547.2583071196585} 
{0: '0.48036951501154734', 1: '0.023094688221709007', 2: '0.0', 3: '1.5335761201812925', 4: 548.2643349459255} 
{0: '0.4792626728110599', 1: '0.02304147465437788', 2: '0.0', 3: '1.5335761201812925', 4: 555.0488563066208} 
{0: '0.4781609195402299', 1: '0.022988505747126436', 2: '0.0', 3: '1.5335761201812925', 4: 545.3362245844102} 
{0: '0.4793577981651376', 1: '0.022935779816513763', 2: '0.0', 3: '1.6301766616608926', 4: 560.3871415157107} 
{0: '0.4805491990846682', 1: '0.02288329519450801', 2: '0.0', 3: '1.7328621078878674', 4: 559.4332101741471} 
{0: '0.4794520547945205', 1: '0.0228310502283105', 2: '0.0', 3: '1.7328621078878674', 4: 554.2579315280992} 
{0: '0.4806378132118451', 1: '0.022779043280182234', 2: '0.0', 3: '1.6301766616608926', 4: 550.3754048766776} 
{0: '0.4818181818181818', 1: '0.022727272727272728', 2: '0.0', 3: '1.5335761201812925', 4: 550.734645044547} 
{0: '0.48299319727891155', 1: '0.022675736961451247', 2: '0.0', 3: '1.4426999059072143', 4: 553.6104620175341} 
{0: '0.4841628959276018', 1: '0.02262443438914027', 2: '0.0', 3: '1.3572088082974538', 4: 539.4439483365335} 
{0: '0.4853273137697517', 1: '0.022573363431151242', 2: '0.0', 3: '1.2767837176518553', 4: 544.1136665951924} 
{0: '0.4864864864864865', 1: '0.02252252252252252', 2: '0.0', 3: '1.2011244339814315', 4: 547.266494920634} 
{0: '0.4853932584269663', 1: '0.02247191011235955', 2: '0.0', 3: '1.2011244339814315', 4: 544.7807699727776} 
{0: '0.48654708520179374', 1: '0.02242152466367713', 2: '0.0', 3: '1.2767837176518553', 4: 544.2469291189059} 
{0: '0.48769574944071586', 1: '0.02237136465324385', 2: '0.0', 3: '1.3572088082974538', 4: 547.3571954297676} 
{0: '0.4888392857142857', 1: '0.022321428571428572', 2: '0.0', 3: '1.4426999059072143', 4: 545.7791417085139} 
{0: '0.48775055679287305', 1: '0.022271714922048998', 2: '0.0', 3: '1.4426999059072143', 4: 545.4983960408601} 
{0: '0.4888888888888889', 1: '0.022222222222222223', 2: '0.0', 3: '1.3572088082974538', 4: 551.0630899071267} 
{0: '0.49002217294900224', 1: '0.022172949002217297', 2: '0.0', 3: '1.2767837176518553', 4: 552.5364759762315} 
{0: '0.4911504424778761', 1: '0.022123893805309734', 2: '0.0', 3: '1.2011244339814315', 4: 551.1053276317319} 
{0: '0.4922737306843267', 1: '0.02207505518763797', 2: '0.0', 3: '1.1299485464621188', 4: 546.1535003005272} 
{0: '0.4911894273127753', 1: '0.022026431718061675', 2: '0.0', 3: '1.1299485464621188', 4: 545.1511018440757} 
{0: '0.49230769230769234', 1: '0.02197802197802198', 2: '0.0', 3: '1.2011244339814315', 4: 542.8793568736506} 
{0: '0.4934210526315789', 1: '0.021929824561403508', 2: '0.0', 3: '1.2767837176518553', 4: 543.2329234577401} 
{0: '0.4923413566739606', 1: '0.02188183807439825', 2: '0.0', 3: '1.2767837176518553', 4: 551.2633055517524} 
{0: '0.4912663755458515', 1: '0.021834061135371178', 2: '0.0', 3: '1.2767837176518553', 4: 546.696469926792} 
{0: '0.4923747276688453', 1: '0.02178649237472767', 2: '0.0', 3: '1.3572088082974538', 4: 551.4224559705127} 
{0: '0.4934782608695652', 1: '0.021739130434782608', 2: '0.0', 3: '1.4426999059072143', 4: 552.9675177413899} 
{0: '0.4924078091106291', 1: '0.021691973969631236', 2: '0.0', 3: '1.4426999059072143', 4: 551.4337837947791} 
{0: '0.4935064935064935', 1: '0.021645021645021644', 2: '0.0', 3: '1.3572088082974538', 4: 542.3712759988534} 
{0: '0.4946004319654428', 1: '0.02159827213822894', 2: '0.0', 3: '1.2767837176518553', 4: 547.7611121660965} 
{0: '0.4956896551724138', 1: '0.021551724137931036', 2: '0.0', 3: '1.2011244339814315', 4: 547.1364535442493} 
{0: '0.4967741935483871', 1: '0.021505376344086023', 2: '0.0', 3: '1.1299485464621188', 4: 551.9836386120953} 
{0: '0.4978540772532189', 1: '0.02145922746781116', 2: '0.0', 3: '1.0629903792895394', 4: 556.0255300150964} 
{0: '0.49678800856531047', 1: '0.021413276231263382', 2: '0.0', 3: '1.0629903792895394', 4: 538.698794681593} 
{0: '0.49572649572649574', 1: '0.021367521367521368', 2: '0.0', 3: '1.0629903792895394', 4: 537.6518643027246} 
{0: '0.4968017057569296', 1: '0.021321961620469083', 2: '0.0', 3: '1.0', 4: 542.2845427567016} 
{0: '0.4957446808510638', 1: '0.023404255319148935', 2: '0.0', 3: '1.0', 4: 545.0028343101691} 
{0: '0.4968152866242038', 1: '0.025477707006369428', 2: '0.0', 3: '1.0629903792895394', 4: 544.1548683298513} 
{0: '0.4978813559322034', 1: '0.025423728813559324', 2: '0.0', 3: '1.1299485464621188', 4: 545.8997053758857} 
{0: '0.4989429175475687', 1: '0.02536997885835095', 2: '0.0', 3: '1.2011244339814315', 4: 541.6141993741743} 
{0: '0.4978902953586498', 1: '0.02531645569620253', 2: '0.0', 3: '1.2011244339814315', 4: 542.1275341138445} 
{0: '0.4968421052631579', 1: '0.02526315789473684', 2: '0.0', 3: '1.2011244339814315', 4: 542.5559559274002} 
{0: '0.49789915966386555', 1: '0.025210084033613446', 2: '0.0', 3: '1.2767837176518553', 4: 543.630129756454} 
{0: '0.4968553459119497', 1: '0.025157232704402517', 2: '0.0', 3: '1.2767837176518553', 4: 546.8321504031597} 
{0: '0.497907949790795', 1: '0.02510460251046025', 2: '0.0', 3: '1.2011244339814315', 4: 548.6906531380176} 
{0: '0.4989561586638831', 1: '0.025052192066805846', 2: '0.0', 3: '1.1299485464621188', 4: 549.7419151771028} 
{0: '0.5', 1: '0.025', 2: '0.0', 3: '1.0629903792895394', 4: 550.6714789040457} 
{0: '0.498960498960499', 1: '0.02494802494802495', 2: '0.0', 3: '1.0629903792895394', 4: 546.7485862680516} 
{0: '0.5', 1: '0.024896265560165973', 2: '0.0', 3: '1.1299485464621188', 4: 555.5494564961311} 
{0: '0.5010351966873706', 1: '0.024844720496894408', 2: '0.0', 3: '1.2011244339814315', 4: 550.5885392975714} 
{0: '0.5020661157024794', 1: '0.024793388429752067', 2: '0.0', 3: '1.2767837176518553', 4: 548.1494501097926} 
{0: '0.5030927835051546', 1: '0.024742268041237112', 2: '0.0', 3: '1.3572088082974538', 4: 542.4823062233883} 
{0: '0.5041152263374485', 1: '0.024691358024691357', 2: '0.0', 3: '1.4426999059072143', 4: 554.9255047701439} 
{0: '0.5051334702258727', 1: '0.024640657084188913', 2: '0.0', 3: '1.5335761201812925', 4: 546.2707519522} 
{0: '0.5061475409836066', 1: '0.02459016393442623', 2: '0.0', 3: '1.6301766616608926', 4: 541.7699626597002} 
{0: '0.5051124744376279', 1: '0.024539877300613498', 2: '0.0', 3: '1.6301766616608926', 4: 549.422055624977} 
{0: '0.5061224489795918', 1: '0.024489795918367346', 2: '0.0', 3: '1.5335761201812925', 4: 547.6627981269886} 
{0: '0.5071283095723014', 1: '0.024439918533604887', 2: '0.0', 3: '1.4426999059072143', 4: 556.649158527893} 
{0: '0.508130081300813', 1: '0.024390243902439025', 2: '0.0', 3: '1.3572088082974538', 4: 551.8719750646426} 
{0: '0.5070993914807302', 1: '0.02434077079107505', 2: '0.0', 3: '1.3572088082974538', 4: 550.6267368196801} 
{0: '0.5080971659919028', 1: '0.024291497975708502', 2: '0.0', 3: '1.4426999059072143', 4: 551.6124002603641} 
{0: '0.509090909090909', 1: '0.024242424242424242', 2: '0.0', 3: '1.5335761201812925', 4: 547.6286753172055} 
{0: '0.5080645161290323', 1: '0.024193548387096774', 2: '0.0', 3: '1.5335761201812925', 4: 555.1789484671659} 
{0: '0.5090543259557344', 1: '0.02414486921529175', 2: '0.0', 3: '1.4426999059072143', 4: 546.5727225175509} 
{0: '0.5100401606425703', 1: '0.024096385542168676', 2: '0.0', 3: '1.3572088082974538', 4: 542.1719689116026} 
{0: '0.5110220440881763', 1: '0.02404809619238477', 2: '0.0', 3: '1.2767837176518553', 4: 544.6637977934805} 
