{'STAT2HEADER': 'STAT2HEADER', 'STAT2HEADER_ENVIRON': 'environ({\'OMPI_MCA_pmix\': \'^s1,s2,cray,isolated\', \'PMIX_MCA_mca_base_component_show_load_errors\': \'1\', \'OMPI_COMMAND\': \'python3\', \'OMPI_ARGV\': \'static_snapshot.py 1 0min\', \'OMPI_MCA_orte_precondition_transports\': \'d0c6cbafda4d923b-67a48f7b32a30d4e\', \'LD_LIBRARY_PATH\': \'/salilab/diva1/programs/x86_64linux/numpy-py36-1.19.5/lib:/salilab/diva1/home/libs/x86_64/centos8:/salilab/diva1/home/libs/x86_64:/salilab/diva1/home/imp/main/20240607-af6f9d6a95/lib/release8:/salilab/diva1/programs/x86_64linux/opencv-4.3.0/lib64/rhel:/salilab/diva1/programs/x86_64linux/opencv-4.3.0/lib64:/salilab/diva1/programs/x86_64linux/hdf5-1.10.7/lib:/salilab/diva1/programs/x86_64linux/libtau-py27-1.0.1/lib64:/salilab/diva1/programs/x86_64linux/boost-1.73.0/lib64:/usr/lib64/openmpi/lib:/wynton/group/sali/miha_rozic/Software/imp-develop/build/lib::\', \'IMP_TMP_DIR\': \'/wynton/group/sali/miha_rozic/Software/imp-develop/build/tmp\', \'PE_HOSTFILE\': \'/var/spool/sge/wynton/qb3-id337/active_jobs/707236.1/pe_hostfile\', \'__LMOD_REF_COUNT_PATH\': \'/salilab/diva1/programs/x86_64linux/numpy-py36-1.19.5/bin:1;/salilab/diva1/home/imp/main/20240607-af6f9d6a95/bin/release8:1;/salilab/diva1/programs/x86_64linux/opencv-4.3.0/bin:1;/salilab/diva1/programs/x86_64linux/hdf5-1.10.7/bin:1;/usr/lib64/openmpi/bin:1;/wynton/home/sali/rozicmiha/.local/bin:1;/wynton/home/sali/rozicmiha/bin:1;/wynton/group/sali/miha_rozic/Software/imp-develop/build/bin:1;/wynton/group/sali/miha_rozic/Software/imp-develop/build/module_bin/EMageFit:1;/wynton/group/sali/miha_rozic/Software/imp-develop/build/module_bin/algebra:1;/wynton/group/sali/miha_rozic/Software/imp-develop/build/module_bin/atom:1;/wynton/group/sali/miha_rozic/Software/imp-develop/build/module_bin/benchmark:1;/wynton/group/sali/miha_rozic/Software/imp-develop/build/module_bin/cgal:1;/wynton/group/sali/miha_rozic/Software/imp-develop/build/module_bin/cnmultifit:1;/wynton/group/sali/miha_rozic/Software/imp-develop/build/module_bin/container:1;/wynton/group/sali/miha_rozic/Software/imp-develop/build/module_bin/core:1;/wynton/group/sali/miha_rozic/Software/imp-develop/build/module_bin/display:1;/wynton/group/sali/miha_rozic/Software/imp-develop/build/module_bin/domino:1;/wynton/group/sali/miha_rozic/Software/imp-develop/build/module_bin/em:1;/wynton/group/sali/miha_rozic/Software/imp-develop/build/module_bin/em2d:1;/wynton/group/sali/miha_rozic/Software/imp-develop/build/module_bin/example:1;/wynton/group/sali/miha_rozic/Software/imp-develop/build/module_bin/foxs:1;/wynton/group/sali/miha_rozic/Software/imp-develop/build/module_bin/gsl:1;/wynton/group/sali/miha_rozic/Software/imp-develop/build/module_bin/integrative_docking:1;/wynton/group/sali/miha_rozic/Software/imp-develop/build/module_bin/isd:1;/wynton/group/sali/miha_rozic/Software/imp-develop/build/module_bin/kernel:1;/wynton/group/sali/miha_rozic/Software/imp-develop/build/module_bin/kinematics:1;/wynton/group/sali/miha_rozic/Software/imp-develop/build/module_bin/kmeans:1;/wynton/group/sali/miha_rozic/Software/imp-develop/build/module_bin/misc:1;/wynton/group/sali/miha_rozic/Software/imp-develop/build/module_bin/mmcif:1;/wynton/group/sali/miha_rozic/Software/imp-develop/build/module_bin/modeller:1;/wynton/group/sali/miha_rozic/Software/imp-develop/build/module_bin/mpi:1;/wynton/group/sali/miha_rozic/Software/imp-develop/build/module_bin/multi_state:1;/wynton/group/sali/miha_rozic/Software/imp-develop/build/module_bin/multifit:1;/wynton/group/sali/miha_rozic/Software/imp-develop/build/module_bin/npc:1;/wynton/group/sali/miha_rozic/Software/imp-develop/build/module_bin/npcassembly:1;/wynton/group/sali/miha_rozic/Software/imp-develop/build/module_bin/parallel:1;/wynton/group/sali/miha_rozic/Software/imp-develop/build/module_bin/pepdock:1;/wynton/group/sali/miha_rozic/Software/imp-develop/build/module_bin/pmi:1;/wynton/group/sali/miha_rozic/Software/imp-develop/build/module_bin/rmf:1;/wynton/group/sali/miha_rozic/Software/imp-develop/build/module_bin/rotamer:1;/wynton/group/sali/miha_rozic/Software/imp-develop/build/module_bin/saxs:1;/wynton/group/sali/miha_rozic/Software/imp-develop/build/module_bin/saxs_merge:1;/wynton/group/sali/miha_rozic/Software/imp-develop/build/module_bin/score_functor:1;/wynton/group/sali/miha_rozic/Software/imp-develop/build/module_bin/scratch:1;/wynton/group/sali/miha_rozic/Software/imp-develop/build/module_bin/spb:1;/wynton/group/sali/miha_rozic/Software/imp-develop/build/module_bin/statistics:1;/wynton/group/sali/miha_rozic/Software/imp-develop/build/module_bin/symmetry:1;/wynton/group/sali/miha_rozic/Software/imp-develop/build/module_bin/test:1;/opt/sge/bin:1;/opt/sge/bin/lx-amd64:1;/scratch/707236.1.member.q:1;/usr/local/bin:1;/bin:1;/usr/bin:1;/usr/local/sbin:1;/usr/sbin:1\', \'_ModuleTable002_\': \'fSwKc3RhY2tEZXB0aCA9IDEsCnN0YXR1cyA9ICJhY3RpdmUiLAp1c2VyTmFtZSA9ICJib29zdC8xLjczLjAiLAp3ViA9ICIwMDAwMDAwMDEuMDAwMDAwMDczLip6ZmluYWwiLAp9LApoZGY1ID0gewpmbiA9ICIvc2FsaWxhYi9kaXZhMS9ob21lL21vZHVsZXMvaGRmNS8xLjEwLjciLApmdWxsTmFtZSA9ICJoZGY1LzEuMTAuNyIsCmxvYWRPcmRlciA9IDUsCnByb3BUID0ge30sCnN0YWNrRGVwdGggPSAyLApzdGF0dXMgPSAiYWN0aXZlIiwKdXNlck5hbWUgPSAiaGRmNS8xLjEwLjciLAp3ViA9ICIwMDAwMDAwMDEuMDAwMDAwMDEwLjAwMDAwMDAwNy4qemZpbmFsIiwKfSwKaW1wID0gewpmbiA9ICIvc2FsaWxhYi9kaXZhMS9ob21lL21vZHVsZXMvaW1wLzIuMjEuMCIsCmZ1bGxO\', \'IMP_DIR\': \'/salilab/diva1/home/imp/main/20240607-af6f9d6a95/lib/release8/cmake/IMP\', \'QUEUE\': \'member.q\', \'GOTO_NUM_THREADS\': \'1\', \'MPI_PYTHON3_SITEARCH\': \'/usr/lib64/python3.6/site-packages/openmpi\', \'LANG\': \'en_US.UTF-8\', \'HISTCONTROL\': \'ignoredups\', \'_ModuleTable008_\': \'cyIsCmZ1bGxOYW1lID0gInNhbGktbGlicmFyaWVzIiwKbG9hZE9yZGVyID0gOCwKcHJvcFQgPSB7fSwKc3RhY2tEZXB0aCA9IDEsCnN0YXR1cyA9ICJhY3RpdmUiLAp1c2VyTmFtZSA9ICJzYWxpLWxpYnJhcmllcyIsCndWID0gIk0uKnpmaW5hbCIsCn0sCn0sCm1wYXRoQSA9IHsKIi9zYWxpbGFiL2RpdmExL2hvbWUvbW9kdWxlcyIsICIvZXRjL21vZHVsZWZpbGVzIiwgIi91c3Ivc2hhcmUvbW9kdWxlZmlsZXMiCiwgIi91c3Ivc2hhcmUvbW9kdWxlZmlsZXMvTGludXgiLCAiL3Vzci9zaGFyZS9tb2R1bGVmaWxlcy9Db3JlIiwgIi91c3Ivc2hhcmUvbG1vZC9sbW9kL21vZHVsZWZpbGVzL0NvcmUiLAp9LApzeXN0ZW1CYXNlTVBBVEggPSAiL2V0Yy9tb2R1bGVmaWxlczovdXNy\', \'SGE_O_HOST\': \'dev1\', \'HOSTNAME\': \'qb3-id337.wynton.ucsf.edu\', \'OPENBLAS_NUM_THREADS\': \'1\', \'__LMOD_REF_COUNT_CMAKE_INCLUDE_PATH\': \'/salilab/diva1/programs/x86_64linux/opencv-4.3.0/include/opencv4:1;/salilab/diva1/programs/x86_64linux/hdf5-1.10.7/include:1;/salilab/diva1/programs/x86_64linux/libtau-py27-1.0.1/include:1;/salilab/diva1/programs/x86_64linux/boost-1.73.0/include:1\', \'SGE_RSH_COMMAND\': \'builtin\', \'ENVIRONMENT\': \'BATCH\', \'IMP_DATA\': \'/wynton/group/sali/miha_rozic/Software/imp-develop/build/data\', \'REQUEST\': \'test1\', \'SGE_STDIN_PATH\': \'/dev/null\', \'SGE_CELL\': \'wynton\', \'_ModuleTable007_\': \'MjEuMyIsCndWID0gIjAwMDAwMDAwMC4wMDAwMDAwMjEuMDAwMDAwMDAzLip6ZmluYWwiLAp9LApbInB5dGhvbjMvc2NpcHkiXSA9IHsKZm4gPSAiL3NhbGlsYWIvZGl2YTEvaG9tZS9tb2R1bGVzL3B5dGhvbjMvc2NpcHkvMS4zLjIiLApmdWxsTmFtZSA9ICJweXRob24zL3NjaXB5LzEuMy4yIiwKbG9hZE9yZGVyID0gMTAsCnByb3BUID0ge30sCnN0YWNrRGVwdGggPSAxLApzdGF0dXMgPSAiYWN0aXZlIiwKdXNlck5hbWUgPSAicHl0aG9uMy9zY2lweS8xLjMuMiIsCndWID0gIjAwMDAwMDAwMS4wMDAwMDAwMDMuMDAwMDAwMDAyLip6ZmluYWwiLAp9LApbInNhbGktbGlicmFyaWVzIl0gPSB7CmZuID0gIi9zYWxpbGFiL2RpdmExL2hvbWUvbW9kdWxlcy9zYWxpLWxpYnJhcmll\', \'CMAKE_INCLUDE_PATH\': \'/salilab/diva1/programs/x86_64linux/opencv-4.3.0/include/opencv4:/salilab/diva1/programs/x86_64linux/hdf5-1.10.7/include:/salilab/diva1/programs/x86_64linux/libtau-py27-1.0.1/include:/salilab/diva1/programs/x86_64linux/boost-1.73.0/include\', \'__LMOD_REF_COUNT_LD_LIBRARY_PATH\': \'/salilab/diva1/programs/x86_64linux/numpy-py36-1.19.5/lib:1;/salilab/diva1/home/libs/x86_64/centos8:1;/salilab/diva1/home/libs/x86_64:1;/salilab/diva1/home/imp/main/20240607-af6f9d6a95/lib/release8:1;/salilab/diva1/programs/x86_64linux/opencv-4.3.0/lib64/rhel:1;/salilab/diva1/programs/x86_64linux/opencv-4.3.0/lib64:1;/salilab/diva1/programs/x86_64linux/hdf5-1.10.7/lib:1;/salilab/diva1/programs/x86_64linux/libtau-py27-1.0.1/lib64:1;/salilab/diva1/programs/x86_64linux/boost-1.73.0/lib64:1;/usr/lib64/openmpi/lib:1;/wynton/group/sali/miha_rozic/Software/imp-develop/build/lib:2;:1\', \'__LMOD_REF_COUNT_PKG_CONFIG_PATH\': \'/usr/lib64/openmpi/lib/pkgconfig:1\', \'_ModuleTable004_\': \'aGFyZS9tb2R1bGVmaWxlcy9tcGkvb3Blbm1waS14ODZfNjQiLApmdWxsTmFtZSA9ICJtcGkvb3Blbm1waS14ODZfNjQiLApsb2FkT3JkZXIgPSAyLApwcm9wVCA9IHt9LApzdGFja0RlcHRoID0gMCwKc3RhdHVzID0gImFjdGl2ZSIsCnVzZXJOYW1lID0gIm1waS9vcGVubXBpLXg4Nl82NCIsCndWID0gIipvcGVubXBpLip4LjAwMDAwMDA4Ni4qXy4wMDAwMDAwNjQuKnpmaW5hbCIsCn0sCm9wZW5jdiA9IHsKZm4gPSAiL3NhbGlsYWIvZGl2YTEvaG9tZS9tb2R1bGVzL29wZW5jdi80LjMuMCIsCmZ1bGxOYW1lID0gIm9wZW5jdi80LjMuMCIsCmxvYWRPcmRlciA9IDYsCnByb3BUID0ge30sCnN0YWNrRGVwdGggPSAxLApzdGF0dXMgPSAiYWN0aXZlIiwKdXNlck5hbWUgPSAib3Bl\', \'__LMOD_REF_COUNT_PYTHONPATH\': \'/salilab/diva1/programs/x86_64linux/scikit-py36-0.21.3/lib64/python3.6/site-packages:1;/salilab/diva1/programs/linux/joblib-0.17.0/lib/python3.6/site-packages:1;/salilab/diva1/programs/x86_64linux/scipy-py36-1.3.2/lib64/python3.6/site-packages:1;/salilab/diva1/programs/x86_64linux/numpy-py36-1.19.5/lib64/python3.6/site-packages:1;/salilab/diva1/home/imp/main/20240607-af6f9d6a95/lib/release8:1;/salilab/diva1/programs/x86_64linux/opencv-4.3.0/lib/python3.6/site-packages:1;/wynton/group/sali/miha_rozic/Software/imp-develop/build/lib:2;:1\', \'which_declare\': \'declare -f\', \'NHOSTS\': \'1\', \'SGE_O_WORKDIR\': \'/wynton/group/sali/miha_rozic/Input_information/SNAPSHOTS/central_directory/snapshot1_0min/run10\', \'USER\': \'rozicmiha\', \'SGE_TASK_ID\': \'undefined\', \'__LMOD_REF_COUNT_CMAKE_LIBRARY_PATH\': \'/salilab/diva1/programs/x86_64linux/opencv-4.3.0/lib64:1;/salilab/diva1/programs/x86_64linux/hdf5-1.10.7/lib:1;/salilab/diva1/programs/x86_64linux/libtau-py27-1.0.1/lib64:1;/salilab/diva1/programs/x86_64linux/boost-1.73.0/lib64:1\', \'SGE_TASK_FIRST\': \'undefined\', \'NSLOTS\': \'16\', \'__LMOD_REF_COUNT_MODULEPATH\': \'/salilab/diva1/home/modules:1;/etc/modulefiles:1;/usr/share/modulefiles:1;/usr/share/modulefiles/Linux:1;/usr/share/modulefiles/Core:1;/usr/share/lmod/lmod/modulefiles/Core:1\', \'PWD\': \'/wynton/group/sali/miha_rozic/Input_information/SNAPSHOTS/central_directory/snapshot1_0min/run10\', \'HOME\': \'/wynton/home/sali/rozicmiha\', \'NQUEUES\': \'1\', \'TMP\': \'/scratch/707236.1.member.q\', \'PE\': \'smp\', \'SGE_O_HOME\': \'/wynton/home/sali/rozicmiha\', \'LMOD_VERSION\': \'8.7.32\', \'JOB_NAME\': \'test1\', \'BASH_ENV\': \'/usr/share/lmod/lmod/init/bash\', \'MPI_FORTRAN_MOD_DIR\': \'/usr/lib64/gfortran/modules/openmpi\', \'SGE_TASK_LAST\': \'undefined\', \'MKL_NUM_THREADS\': \'1\', \'MPI_COMPILER\': \'openmpi-x86_64\', \'SGE_ACCOUNT\': \'sge\', \'SGE_ROOT\': \'/opt/sge\', \'MPI_SUFFIX\': \'_openmpi\', \'TMPDIR\': \'/scratch/707236.1.member.q\', \'RESTARTED\': \'0\', \'LMOD_sys\': \'Linux\', \'_ModuleTable001_\': \'X01vZHVsZVRhYmxlXyA9IHsKTVR2ZXJzaW9uID0gMywKY19yZWJ1aWxkVGltZSA9IGZhbHNlLApjX3Nob3J0VGltZSA9IGZhbHNlLApkZXB0aFQgPSB7fSwKZmFtaWx5ID0ge30sCm1UID0gewpTYWxpID0gewpmbiA9ICIvZXRjL21vZHVsZWZpbGVzL1NhbGkubHVhIiwKZnVsbE5hbWUgPSAiU2FsaSIsCmxvYWRPcmRlciA9IDEsCnByb3BUID0ge30sCnN0YWNrRGVwdGggPSAwLApzdGF0dXMgPSAiYWN0aXZlIiwKdXNlck5hbWUgPSAiU2FsaSIsCndWID0gIk0uKnpmaW5hbCIsCn0sCmJvb3N0ID0gewpmbiA9ICIvc2FsaWxhYi9kaXZhMS9ob21lL21vZHVsZXMvYm9vc3QvMS43My4wIiwKZnVsbE5hbWUgPSAiYm9vc3QvMS43My4wIiwKbG9hZE9yZGVyID0gMywKcHJvcFQgPSB7\', \'LOADEDMODULES\': \'Sali:mpi/openmpi-x86_64:boost/1.73.0:libtau/1.0.1:hdf5/1.10.7:opencv/4.3.0:imp/2.21.0:sali-libraries:python3/numpy/1.19.5:python3/scipy/1.3.2:python3/joblib/0.17.0:python3/scikit/0.21.3\', \'SGE_O_PATH\': \'/salilab/diva1/programs/x86_64linux/numpy-py36-1.19.5/bin:/salilab/diva1/home/imp/main/20240607-af6f9d6a95/bin/release8:/salilab/diva1/programs/x86_64linux/opencv-4.3.0/bin:/salilab/diva1/programs/x86_64linux/hdf5-1.10.7/bin:/wynton/home/sali/rozicmiha/.local/bin:/wynton/home/sali/rozicmiha/bin:/wynton/group/sali/miha_rozic/Software/imp-develop/build/bin:/wynton/group/sali/miha_rozic/Software/imp-develop/build/module_bin/EMageFit:/wynton/group/sali/miha_rozic/Software/imp-develop/build/module_bin/algebra:/wynton/group/sali/miha_rozic/Software/imp-develop/build/module_bin/atom:/wynton/group/sali/miha_rozic/Software/imp-develop/build/module_bin/benchmark:/wynton/group/sali/miha_rozic/Software/imp-develop/build/module_bin/cgal:/wynton/group/sali/miha_rozic/Software/imp-develop/build/module_bin/cnmultifit:/wynton/group/sali/miha_rozic/Software/imp-develop/build/module_bin/container:/wynton/group/sali/miha_rozic/Software/imp-develop/build/module_bin/core:/wynton/group/sali/miha_rozic/Software/imp-develop/build/module_bin/display:/wynton/group/sali/miha_rozic/Software/imp-develop/build/module_bin/domino:/wynton/group/sali/miha_rozic/Software/imp-develop/build/module_bin/em:/wynton/group/sali/miha_rozic/Software/imp-develop/build/module_bin/em2d:/wynton/group/sali/miha_rozic/Software/imp-develop/build/module_bin/example:/wynton/group/sali/miha_rozic/Software/imp-develop/build/module_bin/foxs:/wynton/group/sali/miha_rozic/Software/imp-develop/build/module_bin/gsl:/wynton/group/sali/miha_rozic/Software/imp-develop/build/module_bin/integrative_docking:/wynton/group/sali/miha_rozic/Software/imp-develop/build/module_bin/isd:/wynton/group/sali/miha_rozic/Software/imp-develop/build/module_bin/kernel:/wynton/group/sali/miha_rozic/Software/imp-develop/build/module_bin/kinematics:/wynton/group/sali/miha_rozic/Software/imp-develop/build/module_bin/kmeans:/wynton/group/sali/miha_rozic/Software/imp-develop/build/module_bin/misc:/wynton/group/sali/miha_rozic/Software/imp-develop/build/module_bin/mmcif:/wynton/group/sali/miha_rozic/Software/imp-develop/build/module_bin/modeller:/wynton/group/sali/miha_rozic/Software/imp-develop/build/module_bin/mpi:/wynton/group/sali/miha_rozic/Software/imp-develop/build/module_bin/multi_state:/wynton/group/sali/miha_rozic/Software/imp-develop/build/module_bin/multifit:/wynton/group/sali/miha_rozic/Software/imp-develop/build/module_bin/npc:/wynton/group/sali/miha_rozic/Software/imp-develop/build/module_bin/npcassembly:/wynton/group/sali/miha_rozic/Software/imp-develop/build/module_bin/parallel:/wynton/group/sali/miha_rozic/Software/imp-develop/build/module_bin/pepdock:/wynton/group/sali/miha_rozic/Software/imp-develop/build/module_bin/pmi:/wynton/group/sali/miha_rozic/Software/imp-develop/build/module_bin/rmf:/wynton/group/sali/miha_rozic/Software/imp-develop/build/module_bin/rotamer:/wynton/group/sali/miha_rozic/Software/imp-develop/build/module_bin/saxs:/wynton/group/sali/miha_rozic/Software/imp-develop/build/module_bin/saxs_merge:/wynton/group/sali/miha_rozic/Software/imp-develop/build/module_bin/score_functor:/wynton/group/sali/miha_rozic/Software/imp-develop/build/module_bin/scratch:/wynton/group/sali/miha_rozic/Software/imp-develop/build/module_bin/spb:/wynton/group/sali/miha_rozic/Software/imp-develop/build/module_bin/statistics:/wynton/group/sali/miha_rozic/Software/imp-develop/build/module_bin/symmetry:/wynton/group/sali/miha_rozic/Software/imp-develop/build/module_bin/test:/opt/sge/bin:/opt/sge/bin/lx-amd64:/usr/local/bin:/usr/bin:/usr/local/sbin:/usr/sbin\', \'SGE_O_SHELL\': \'/bin/bash\', \'_ModuleTable006_\': \'bWUgPSAicHl0aG9uMy9udW1weS8xLjE5LjUiLApsb2FkT3JkZXIgPSA5LApwcm9wVCA9IHt9LApzdGFja0RlcHRoID0gMiwKc3RhdHVzID0gImFjdGl2ZSIsCnVzZXJOYW1lID0gInB5dGhvbjMvbnVtcHkvMS4xOS41IiwKd1YgPSAiMDAwMDAwMDAxLjAwMDAwMDAxOS4wMDAwMDAwMDUuKnpmaW5hbCIsCn0sClsicHl0aG9uMy9zY2lraXQiXSA9IHsKZm4gPSAiL3NhbGlsYWIvZGl2YTEvaG9tZS9tb2R1bGVzL3B5dGhvbjMvc2Npa2l0LzAuMjEuMyIsCmZ1bGxOYW1lID0gInB5dGhvbjMvc2Npa2l0LzAuMjEuMyIsCmxvYWRPcmRlciA9IDEyLApwcm9wVCA9IHt9LApzdGFja0RlcHRoID0gMCwKc3RhdHVzID0gImFjdGl2ZSIsCnVzZXJOYW1lID0gInB5dGhvbjMvc2Npa2l0LzAu\', \'__LMOD_REF_COUNT_MANPATH\': \':2;/usr/share/man/openmpi-x86_64:1;/opt/sge/man:1;/usr/share/lmod/lmod/share/man:1\', \'MPI_INCLUDE\': \'/usr/include/openmpi-x86_64\', \'_ModuleTable003_\': \'YW1lID0gImltcC8yLjIxLjAiLApsb2FkT3JkZXIgPSA3LApwcm9wVCA9IHt9LApzdGFja0RlcHRoID0gMCwKc3RhdHVzID0gImFjdGl2ZSIsCnVzZXJOYW1lID0gImltcCIsCndWID0gIl4wMDAwMDAwMi4wMDAwMDAwMjEuKnpmaW5hbCIsCn0sCmxpYnRhdSA9IHsKZm4gPSAiL3NhbGlsYWIvZGl2YTEvaG9tZS9tb2R1bGVzL2xpYnRhdS8xLjAuMSIsCmZ1bGxOYW1lID0gImxpYnRhdS8xLjAuMSIsCmxvYWRPcmRlciA9IDQsCnByb3BUID0ge30sCnN0YWNrRGVwdGggPSAxLApzdGF0dXMgPSAiYWN0aXZlIiwKdXNlck5hbWUgPSAibGlidGF1LzEuMC4xIiwKd1YgPSAiMDAwMDAwMDAxLjAwMDAwMDAwMC4wMDAwMDAwMDEuKnpmaW5hbCIsCn0sCm1waSA9IHsKZm4gPSAiL3Vzci9z\', \'LMOD_ROOT\': \'/usr/share/lmod\', \'SYSTEMCTL_SKIP_REDIRECT\': \'\', \'MAIL\': \'/var/spool/mail/rozicmiha\', \'SGE_CWD_PATH\': \'/wynton/group/sali/miha_rozic/Input_information/SNAPSHOTS/central_directory/snapshot1_0min/run10\', \'MPI_HOME\': \'/usr/lib64/openmpi\', \'_ModuleTable009_\': \'L3NoYXJlL21vZHVsZWZpbGVzOi91c3Ivc2hhcmUvbW9kdWxlZmlsZXMvTGludXg6L3Vzci9zaGFyZS9tb2R1bGVmaWxlcy9Db3JlOi91c3Ivc2hhcmUvbG1vZC9sbW9kL21vZHVsZWZpbGVzL0NvcmUiLAp9Cg==\', \'SGE_TASK_STEPSIZE\': \'undefined\', \'SHELL\': \'/bin/bash\', \'TERM\': \'\', \'_ModuleTable_Sz_\': \'9\', \'SGE_JOB_SPOOL_DIR\': \'/var/spool/sge/wynton/qb3-id337/active_jobs/707236.1\', \'JOB_ID\': \'707236\', \'IMP_EXAMPLE_DATA\': \'/wynton/group/sali/miha_rozic/Software/imp-develop/build/doc/examples\', \'R_FUTURE_AVAILABLECORES_FALLBACK\': \'1\', \'JOB_SCRIPT\': \'/var/spool/sge/wynton/qb3-id337/job_scripts/707236\', \'SHLVL\': \'2\', \'SGE_O_LOGNAME\': \'rozicmiha\', \'SGE_O_MAIL\': \'/var/spool/mail/rozicmiha\', \'PYTHONPATH\': \'/salilab/diva1/programs/x86_64linux/scikit-py36-0.21.3/lib64/python3.6/site-packages:/salilab/diva1/programs/linux/joblib-0.17.0/lib/python3.6/site-packages:/salilab/diva1/programs/x86_64linux/scipy-py36-1.3.2/lib64/python3.6/site-packages:/salilab/diva1/programs/x86_64linux/numpy-py36-1.19.5/lib64/python3.6/site-packages:/salilab/diva1/home/imp/main/20240607-af6f9d6a95/lib/release8:/salilab/diva1/programs/x86_64linux/opencv-4.3.0/lib/python3.6/site-packages:/wynton/group/sali/miha_rozic/Software/imp-develop/build/lib::\', \'MANPATH\': \':/usr/share/man/openmpi-x86_64:/opt/sge/man:/usr/share/lmod/lmod/share/man\', \'MODULEPATH\': \'/salilab/diva1/home/modules:/etc/modulefiles:/usr/share/modulefiles:/usr/share/modulefiles/Linux:/usr/share/modulefiles/Core:/usr/share/lmod/lmod/modulefiles/Core\', \'MPI_SYSCONFIG\': \'/etc/openmpi-x86_64\', \'LOGNAME\': \'rozicmiha\', \'SYSTEMCTL_IGNORE_DEPENDENCIES\': \'\', \'MODULEPATH_ROOT\': \'/usr/share/modulefiles\', \'PATH\': \'/salilab/diva1/programs/x86_64linux/numpy-py36-1.19.5/bin:/salilab/diva1/home/imp/main/20240607-af6f9d6a95/bin/release8:/salilab/diva1/programs/x86_64linux/opencv-4.3.0/bin:/salilab/diva1/programs/x86_64linux/hdf5-1.10.7/bin:/usr/lib64/openmpi/bin:/wynton/home/sali/rozicmiha/.local/bin:/wynton/home/sali/rozicmiha/bin:/wynton/group/sali/miha_rozic/Software/imp-develop/build/bin:/wynton/group/sali/miha_rozic/Software/imp-develop/build/module_bin/EMageFit:/wynton/group/sali/miha_rozic/Software/imp-develop/build/module_bin/algebra:/wynton/group/sali/miha_rozic/Software/imp-develop/build/module_bin/atom:/wynton/group/sali/miha_rozic/Software/imp-develop/build/module_bin/benchmark:/wynton/group/sali/miha_rozic/Software/imp-develop/build/module_bin/cgal:/wynton/group/sali/miha_rozic/Software/imp-develop/build/module_bin/cnmultifit:/wynton/group/sali/miha_rozic/Software/imp-develop/build/module_bin/container:/wynton/group/sali/miha_rozic/Software/imp-develop/build/module_bin/core:/wynton/group/sali/miha_rozic/Software/imp-develop/build/module_bin/display:/wynton/group/sali/miha_rozic/Software/imp-develop/build/module_bin/domino:/wynton/group/sali/miha_rozic/Software/imp-develop/build/module_bin/em:/wynton/group/sali/miha_rozic/Software/imp-develop/build/module_bin/em2d:/wynton/group/sali/miha_rozic/Software/imp-develop/build/module_bin/example:/wynton/group/sali/miha_rozic/Software/imp-develop/build/module_bin/foxs:/wynton/group/sali/miha_rozic/Software/imp-develop/build/module_bin/gsl:/wynton/group/sali/miha_rozic/Software/imp-develop/build/module_bin/integrative_docking:/wynton/group/sali/miha_rozic/Software/imp-develop/build/module_bin/isd:/wynton/group/sali/miha_rozic/Software/imp-develop/build/module_bin/kernel:/wynton/group/sali/miha_rozic/Software/imp-develop/build/module_bin/kinematics:/wynton/group/sali/miha_rozic/Software/imp-develop/build/module_bin/kmeans:/wynton/group/sali/miha_rozic/Software/imp-develop/build/module_bin/misc:/wynton/group/sali/miha_rozic/Software/imp-develop/build/module_bin/mmcif:/wynton/group/sali/miha_rozic/Software/imp-develop/build/module_bin/modeller:/wynton/group/sali/miha_rozic/Software/imp-develop/build/module_bin/mpi:/wynton/group/sali/miha_rozic/Software/imp-develop/build/module_bin/multi_state:/wynton/group/sali/miha_rozic/Software/imp-develop/build/module_bin/multifit:/wynton/group/sali/miha_rozic/Software/imp-develop/build/module_bin/npc:/wynton/group/sali/miha_rozic/Software/imp-develop/build/module_bin/npcassembly:/wynton/group/sali/miha_rozic/Software/imp-develop/build/module_bin/parallel:/wynton/group/sali/miha_rozic/Software/imp-develop/build/module_bin/pepdock:/wynton/group/sali/miha_rozic/Software/imp-develop/build/module_bin/pmi:/wynton/group/sali/miha_rozic/Software/imp-develop/build/module_bin/rmf:/wynton/group/sali/miha_rozic/Software/imp-develop/build/module_bin/rotamer:/wynton/group/sali/miha_rozic/Software/imp-develop/build/module_bin/saxs:/wynton/group/sali/miha_rozic/Software/imp-develop/build/module_bin/saxs_merge:/wynton/group/sali/miha_rozic/Software/imp-develop/build/module_bin/score_functor:/wynton/group/sali/miha_rozic/Software/imp-develop/build/module_bin/scratch:/wynton/group/sali/miha_rozic/Software/imp-develop/build/module_bin/spb:/wynton/group/sali/miha_rozic/Software/imp-develop/build/module_bin/statistics:/wynton/group/sali/miha_rozic/Software/imp-develop/build/module_bin/symmetry:/wynton/group/sali/miha_rozic/Software/imp-develop/build/module_bin/test:/opt/sge/bin:/opt/sge/bin/lx-amd64:/scratch/707236.1.member.q:/usr/local/bin:/bin:/usr/bin:/usr/local/sbin:/usr/sbin\', \'MPI_BIN\': \'/usr/lib64/openmpi/bin\', \'SGE_STDERR_PATH\': \'/wynton/group/sali/miha_rozic/Input_information/SNAPSHOTS/central_directory/snapshot1_0min/run10/test1.o707236\', \'_LMFILES_\': \'/etc/modulefiles/Sali.lua:/usr/share/modulefiles/mpi/openmpi-x86_64:/salilab/diva1/home/modules/boost/1.73.0:/salilab/diva1/home/modules/libtau/1.0.1:/salilab/diva1/home/modules/hdf5/1.10.7:/salilab/diva1/home/modules/opencv/4.3.0:/salilab/diva1/home/modules/imp/2.21.0:/salilab/diva1/home/modules/sali-libraries:/salilab/diva1/home/modules/python3/numpy/1.19.5:/salilab/diva1/home/modules/python3/scipy/1.3.2:/salilab/diva1/home/modules/python3/joblib/0.17.0:/salilab/diva1/home/modules/python3/scikit/0.21.3\', \'DEBUGINFOD_URLS\': \'https://debuginfod.centos.org/ \', \'MODULESHOME\': \'/usr/share/lmod/lmod\', \'PKG_CONFIG_PATH\': \'/usr/lib64/openmpi/lib/pkgconfig\', \'LMOD_SETTARG_FULL_SUPPORT\': \'no\', \'HISTSIZE\': \'1000\', \'SGE_ARCH\': \'lx-amd64\', \'LMOD_PKG\': \'/usr/share/lmod/lmod\', \'CMAKE_LIBRARY_PATH\': \'/salilab/diva1/programs/x86_64linux/opencv-4.3.0/lib64:/salilab/diva1/programs/x86_64linux/hdf5-1.10.7/lib:/salilab/diva1/programs/x86_64linux/libtau-py27-1.0.1/lib64:/salilab/diva1/programs/x86_64linux/boost-1.73.0/lib64\', \'ARC\': \'lx-amd64\', \'MPI_LIB\': \'/usr/lib64/openmpi/lib\', \'SGE_BINARY_PATH\': \'/opt/sge/bin/lx-amd64\', \'SGE_STDOUT_PATH\': \'/wynton/group/sali/miha_rozic/Input_information/SNAPSHOTS/central_directory/snapshot1_0min/run10/test1.o707236\', \'_ModuleTable005_\': \'bmN2LzQuMy4wIiwKd1YgPSAiMDAwMDAwMDA0LjAwMDAwMDAwMy4qemZpbmFsIiwKfSwKWyJweXRob24zL2pvYmxpYiJdID0gewpmbiA9ICIvc2FsaWxhYi9kaXZhMS9ob21lL21vZHVsZXMvcHl0aG9uMy9qb2JsaWIvMC4xNy4wIiwKZnVsbE5hbWUgPSAicHl0aG9uMy9qb2JsaWIvMC4xNy4wIiwKbG9hZE9yZGVyID0gMTEsCnByb3BUID0ge30sCnN0YWNrRGVwdGggPSAxLApzdGF0dXMgPSAiYWN0aXZlIiwKdXNlck5hbWUgPSAicHl0aG9uMy9qb2JsaWIiLAp3ViA9ICIwMDAwMDAwMDAuMDAwMDAwMDE3Lip6ZmluYWwiLAp9LApbInB5dGhvbjMvbnVtcHkiXSA9IHsKZm4gPSAiL3NhbGlsYWIvZGl2YTEvaG9tZS9tb2R1bGVzL3B5dGhvbjMvbnVtcHkvMS4xOS41IiwKZnVsbE5h\', \'LMOD_CMD\': \'/usr/share/lmod/lmod/libexec/lmod\', \'REQNAME\': \'test1\', \'IMP_BIN_DIR\': \'/wynton/group/sali/miha_rozic/Software/imp-develop/build/bin\', \'MPI_MAN\': \'/usr/share/man/openmpi-x86_64\', \'LESSOPEN\': \'||/usr/bin/lesspipe.sh %s\', \'OMP_NUM_THREADS\': \'1\', \'SGE_CLUSTER_NAME\': \'wynton_cluster\', \'LMOD_DIR\': \'/usr/share/lmod/lmod/libexec\', \'BASH_FUNC_which%%\': \'() {  ( alias;\\n eval ${which_declare} ) | /usr/bin/which --tty-only --read-alias --read-functions --show-tilde --show-dot $@\\n}\', \'BASH_FUNC_module%%\': \'() {  if [ -z "${LMOD_SH_DBG_ON+x}" ]; then\\n case "$-" in \\n *v*x*)\\n __lmod_sh_dbg=\\\'vx\\\'\\n ;;\\n *v*)\\n __lmod_sh_dbg=\\\'v\\\'\\n ;;\\n *x*)\\n __lmod_sh_dbg=\\\'x\\\'\\n ;;\\n esac;\\n fi;\\n if [ -n "${__lmod_sh_dbg:-}" ]; then\\n set +$__lmod_sh_dbg;\\n echo "Shell debugging temporarily silenced: export LMOD_SH_DBG_ON=1 for Lmod\\\'s output" 1>&2;\\n fi;\\n eval "$($LMOD_CMD shell "$@")" && eval "$(${LMOD_SETTARG_CMD:-:} -s sh)";\\n __lmod_my_status=$?;\\n if [ -n "${__lmod_sh_dbg:-}" ]; then\\n echo "Shell debugging restarted" 1>&2;\\n set -$__lmod_sh_dbg;\\n fi;\\n unset __lmod_sh_dbg;\\n return $__lmod_my_status\\n}\', \'BASH_FUNC_ml%%\': \'() {  eval "$($LMOD_DIR/ml_cmd "$@")"\\n}\', \'_\': \'/usr/lib64/openmpi/bin/mpirun\', \'IPATH_NO_BACKTRACE\': \'1\', \'HFI_NO_BACKTRACE\': \'1\', \'OMPI_MCA_orte_local_daemon_uri\': \'3819831296.0;tcp://172.26.39.87:37393\', \'OMPI_MCA_orte_hnp_uri\': \'3819831296.0;tcp://172.26.39.87:37393\', \'OMPI_MCA_mpi_oversubscribe\': \'0\', \'OMPI_MCA_orte_app_num\': \'0\', \'OMPI_UNIVERSE_SIZE\': \'16\', \'OMPI_MCA_orte_num_nodes\': \'1\', \'OMPI_MCA_shmem_RUNTIME_QUERY_hint\': \'mmap\', \'OMPI_MCA_orte_bound_at_launch\': \'1\', \'OMPI_MCA_ess\': \'^singleton\', \'OMPI_MCA_orte_ess_num_procs\': \'16\', \'OMPI_COMM_WORLD_SIZE\': \'16\', \'OMPI_COMM_WORLD_LOCAL_SIZE\': \'16\', \'OMPI_MCA_orte_tmpdir_base\': \'/scratch/707236.1.member.q\', \'OMPI_MCA_orte_top_session_dir\': \'/scratch/707236.1.member.q/ompi.qb3-id337.11149\', \'OMPI_MCA_orte_jobfam_session_dir\': \'/scratch/707236.1.member.q/ompi.qb3-id337.11149/pid.1497567\', \'OMPI_NUM_APP_CTX\': \'1\', \'OMPI_FIRST_RANKS\': \'0\', \'OMPI_APP_CTX_NUM_PROCS\': \'16\', \'OMPI_MCA_initial_wdir\': \'/wynton/group/sali/miha_rozic/Input_information/SNAPSHOTS/central_directory/snapshot1_0min/run10\', \'OMPI_MCA_orte_launch\': \'1\', \'PMIX_NAMESPACE\': \'3819831297\', \'PMIX_RANK\': \'11\', \'PMIX_SERVER_URI2\': \'3819831296.0;tcp4://127.0.0.1:49565\', \'PMIX_SERVER_URI21\': \'3819831296.0;tcp4://127.0.0.1:49565\', \'PMIX_SECURITY_MODE\': \'native,none\', \'PMIX_PTL_MODULE\': \'tcp,usock\', \'PMIX_BFROP_BUFFER_TYPE\': \'PMIX_BFROP_BUFFER_NON_DESC\', \'PMIX_GDS_MODULE\': \'ds21,ds12,hash\', \'PMIX_SERVER_TMPDIR\': \'/scratch/707236.1.member.q/ompi.qb3-id337.11149/pid.1497567\', \'PMIX_SYSTEM_TMPDIR\': \'/scratch/707236.1.member.q\', \'PMIX_DSTORE_21_BASE_PATH\': \'/scratch/707236.1.member.q/ompi.qb3-id337.11149/pid.1497567/pmix_dstor_ds21_1497567\', \'PMIX_DSTORE_ESH_BASE_PATH\': \'/scratch/707236.1.member.q/ompi.qb3-id337.11149/pid.1497567/pmix_dstor_ds12_1497567\', \'OMPI_MCA_ess_base_jobid\': \'3819831297\', \'OMPI_MCA_ess_base_vpid\': \'11\', \'OMPI_COMM_WORLD_RANK\': \'11\', \'OMPI_COMM_WORLD_LOCAL_RANK\': \'11\', \'OMPI_COMM_WORLD_NODE_RANK\': \'11\', \'OMPI_MCA_orte_ess_node_rank\': \'11\', \'PMIX_ID\': \'3819831297.11\', \'OMPI_FILE_LOCATION\': \'/scratch/707236.1.member.q/ompi.qb3-id337.11149/pid.1497567/0/0\', \'KMP_DUPLICATE_LIB_OK\': \'True\', \'KMP_INIT_AT_FORK\': \'FALSE\'})', 'STAT2HEADER_IMP_VERSIONS': "{'IMP_VERSION': '2.21.0', 'PMI_VERSION': '2.21.0'}", 0: 'ReplicaExchange_SwapSuccessRatio', 1: 'ReplicaExchange_MinTempFrequency', 2: 'ReplicaExchange_MaxTempFrequency', 3: 'ReplicaExchange_CurrentTemp', 4: 'score'} 
{0: '0', 1: '0', 2: '0', 3: '1.958045020027179', 4: inf} 
{0: '0.0', 1: '0.0', 2: '0.0', 3: '1.958045020027179', 4: inf} 
{0: '0.0', 1: '0.0', 2: '0.0', 3: '1.958045020027179', 4: 14307.104858671179} 
{0: '0.0', 1: '0.0', 2: '0.0', 3: '1.958045020027179', 4: 1430.3938510908897} 
{0: '0.25', 1: '0.0', 2: '0.0', 3: '2.081383018504685', 4: 837.060641461706} 
{0: '0.4', 1: '0.0', 2: '0.0', 3: '2.212490124287102', 4: 403.87076056497} 
{0: '0.3333333333333333', 1: '0.0', 2: '0.0', 3: '2.212490124287102', 4: 350.659440427101} 
{0: '0.42857142857142855', 1: '0.0', 2: '0.0', 3: '2.081383018504685', 4: 349.8710399196488} 
{0: '0.5', 1: '0.0', 2: '0.0', 3: '1.958045020027179', 4: 336.95929042754375} 
{0: '0.5555555555555556', 1: '0.0', 2: '0.0', 3: '1.842015749320195', 4: 337.7041227681279} 
{0: '0.6', 1: '0.0', 2: '0.0', 3: '1.7328621078878674', 4: 334.7194371148716} 
{0: '0.6363636363636364', 1: '0.0', 2: '0.0', 3: '1.6301766616608926', 4: 346.40655381754783} 
{0: '0.5833333333333334', 1: '0.0', 2: '0.0', 3: '1.6301766616608926', 4: 342.7621797412644} 
{0: '0.6153846153846154', 1: '0.0', 2: '0.0', 3: '1.7328621078878674', 4: 340.75496622200103} 
{0: '0.5714285714285714', 1: '0.0', 2: '0.0', 3: '1.7328621078878674', 4: 343.9192681039371} 
{0: '0.6', 1: '0.0', 2: '0.0', 3: '1.6301766616608926', 4: 342.8791587615783} 
{0: '0.5625', 1: '0.0', 2: '0.0', 3: '1.6301766616608926', 4: 342.8196766686486} 
{0: '0.5882352941176471', 1: '0.0', 2: '0.0', 3: '1.7328621078878674', 4: 339.6154062571868} 
{0: '0.5555555555555556', 1: '0.0', 2: '0.0', 3: '1.7328621078878674', 4: 347.5897322713784} 
{0: '0.5789473684210527', 1: '0.0', 2: '0.0', 3: '1.6301766616608926', 4: 340.27458852356506} 
{0: '0.55', 1: '0.0', 2: '0.0', 3: '1.6301766616608926', 4: 333.3495286648372} 
{0: '0.5238095238095238', 1: '0.0', 2: '0.0', 3: '1.6301766616608926', 4: 338.22243368121923} 
{0: '0.5', 1: '0.0', 2: '0.0', 3: '1.6301766616608926', 4: 335.08952976312565} 
{0: '0.5217391304347826', 1: '0.0', 2: '0.0', 3: '1.7328621078878674', 4: 345.7083791144859} 
{0: '0.5', 1: '0.0', 2: '0.0', 3: '1.7328621078878674', 4: 349.2637522967842} 
{0: '0.52', 1: '0.0', 2: '0.0', 3: '1.6301766616608926', 4: 317.74742158426346} 
{0: '0.5', 1: '0.0', 2: '0.0', 3: '1.6301766616608926', 4: 337.1883368717477} 
{0: '0.5185185185185185', 1: '0.0', 2: '0.0', 3: '1.7328621078878674', 4: 341.3215930445918} 
{0: '0.5', 1: '0.0', 2: '0.0', 3: '1.7328621078878674', 4: 317.0275915098571} 
{0: '0.5172413793103449', 1: '0.0', 2: '0.0', 3: '1.6301766616608926', 4: 329.16840390345845} 
{0: '0.5', 1: '0.0', 2: '0.0', 3: '1.6301766616608926', 4: 327.5940328956872} 
{0: '0.5161290322580645', 1: '0.0', 2: '0.0', 3: '1.7328621078878674', 4: 327.7972297991884} 
{0: '0.5', 1: '0.0', 2: '0.0', 3: '1.7328621078878674', 4: 325.56620728818467} 
{0: '0.5151515151515151', 1: '0.0', 2: '0.0', 3: '1.6301766616608926', 4: 325.31538039417904} 
{0: '0.5', 1: '0.0', 2: '0.0', 3: '1.6301766616608926', 4: 321.2375004981161} 
{0: '0.5142857142857142', 1: '0.0', 2: '0.0', 3: '1.7328621078878674', 4: 337.6659449523525} 
{0: '0.5', 1: '0.0', 2: '0.0', 3: '1.7328621078878674', 4: 327.1810725856113} 
{0: '0.4864864864864865', 1: '0.0', 2: '0.0', 3: '1.7328621078878674', 4: 319.1070626612653} 
{0: '0.47368421052631576', 1: '0.0', 2: '0.0', 3: '1.7328621078878674', 4: 323.54598420510024} 
{0: '0.48717948717948717', 1: '0.0', 2: '0.0', 3: '1.6301766616608926', 4: 324.4170351067378} 
{0: '0.475', 1: '0.0', 2: '0.0', 3: '1.6301766616608926', 4: 320.5408446030859} 
{0: '0.4878048780487805', 1: '0.0', 2: '0.0', 3: '1.7328621078878674', 4: 325.30242299782174} 
{0: '0.47619047619047616', 1: '0.0', 2: '0.0', 3: '1.7328621078878674', 4: 321.09415079384536} 
{0: '0.4883720930232558', 1: '0.0', 2: '0.0', 3: '1.6301766616608926', 4: 326.88876136509464} 
{0: '0.4772727272727273', 1: '0.0', 2: '0.0', 3: '1.6301766616608926', 4: 321.0411955790185} 
{0: '0.4888888888888889', 1: '0.0', 2: '0.0', 3: '1.7328621078878674', 4: 320.85194951454235} 
{0: '0.4782608695652174', 1: '0.0', 2: '0.0', 3: '1.7328621078878674', 4: 320.7683299380788} 
{0: '0.48936170212765956', 1: '0.0', 2: '0.0', 3: '1.6301766616608926', 4: 317.65127993904764} 
{0: '0.4791666666666667', 1: '0.0', 2: '0.0', 3: '1.6301766616608926', 4: 325.9137313938922} 
{0: '0.4897959183673469', 1: '0.0', 2: '0.0', 3: '1.7328621078878674', 4: 320.50520188191734} 
{0: '0.48', 1: '0.0', 2: '0.0', 3: '1.7328621078878674', 4: 319.1749296163558} 
{0: '0.49019607843137253', 1: '0.0', 2: '0.0', 3: '1.6301766616608926', 4: 324.2292341840384} 
{0: '0.4807692307692308', 1: '0.0', 2: '0.0', 3: '1.6301766616608926', 4: 321.47760488054314} 
{0: '0.49056603773584906', 1: '0.0', 2: '0.0', 3: '1.7328621078878674', 4: 330.1199512356534} 
{0: '0.48148148148148145', 1: '0.0', 2: '0.0', 3: '1.7328621078878674', 4: 321.05088598328433} 
{0: '0.4909090909090909', 1: '0.0', 2: '0.0', 3: '1.6301766616608926', 4: 318.66635761064515} 
{0: '0.48214285714285715', 1: '0.0', 2: '0.0', 3: '1.6301766616608926', 4: 320.6508719399476} 
{0: '0.49122807017543857', 1: '0.0', 2: '0.0', 3: '1.7328621078878674', 4: 326.3208717727591} 
{0: '0.5', 1: '0.0', 2: '0.0', 3: '1.842015749320195', 4: 328.10329123957274} 
{0: '0.4915254237288136', 1: '0.0', 2: '0.0', 3: '1.842015749320195', 4: 327.23565577928974} 
{0: '0.5', 1: '0.0', 2: '0.0', 3: '1.7328621078878674', 4: 331.5439649116452} 
{0: '0.5081967213114754', 1: '0.0', 2: '0.0', 3: '1.6301766616608926', 4: 335.6945926413656} 
{0: '0.5', 1: '0.0', 2: '0.0', 3: '1.6301766616608926', 4: 322.89083740716285} 
{0: '0.5079365079365079', 1: '0.0', 2: '0.0', 3: '1.7328621078878674', 4: 330.1764214418574} 
{0: '0.5', 1: '0.0', 2: '0.0', 3: '1.7328621078878674', 4: 327.6105671993294} 
{0: '0.49230769230769234', 1: '0.0', 2: '0.0', 3: '1.7328621078878674', 4: 324.10937077190516} 
{0: '0.48484848484848486', 1: '0.0', 2: '0.0', 3: '1.7328621078878674', 4: 329.06600384890584} 
{0: '0.4925373134328358', 1: '0.0', 2: '0.0', 3: '1.6301766616608926', 4: 317.3431673224728} 
{0: '0.4852941176470588', 1: '0.0', 2: '0.0', 3: '1.6301766616608926', 4: 318.39097918976734} 
{0: '0.4927536231884058', 1: '0.0', 2: '0.0', 3: '1.7328621078878674', 4: 330.4072866520662} 
{0: '0.4857142857142857', 1: '0.0', 2: '0.0', 3: '1.7328621078878674', 4: 316.6262825818594} 
{0: '0.49295774647887325', 1: '0.0', 2: '0.0', 3: '1.6301766616608926', 4: 326.6583031242795} 
{0: '0.5', 1: '0.0', 2: '0.0', 3: '1.5335761201812925', 4: 328.19618872029076} 
{0: '0.4931506849315068', 1: '0.0', 2: '0.0', 3: '1.5335761201812925', 4: 327.0789088812705} 
{0: '0.5', 1: '0.0', 2: '0.0', 3: '1.6301766616608926', 4: 318.67875785042924} 
{0: '0.5066666666666667', 1: '0.0', 2: '0.0', 3: '1.7328621078878674', 4: 320.59206628550515} 
{0: '0.5131578947368421', 1: '0.0', 2: '0.0', 3: '1.842015749320195', 4: 316.17197386626884} 
{0: '0.5064935064935064', 1: '0.0', 2: '0.0', 3: '1.842015749320195', 4: 318.26492861214666} 
{0: '0.5128205128205128', 1: '0.0', 2: '0.0', 3: '1.7328621078878674', 4: 323.8926832106979} 
{0: '0.5189873417721519', 1: '0.0', 2: '0.0', 3: '1.6301766616608926', 4: 318.6793588265674} 
{0: '0.5125', 1: '0.0', 2: '0.0', 3: '1.6301766616608926', 4: 324.99545636543166} 
{0: '0.5185185185185185', 1: '0.0', 2: '0.0', 3: '1.7328621078878674', 4: 322.67370055062304} 
{0: '0.5121951219512195', 1: '0.0', 2: '0.0', 3: '1.7328621078878674', 4: 331.4733807897609} 
{0: '0.5180722891566265', 1: '0.0', 2: '0.0', 3: '1.6301766616608926', 4: 325.30162432514845} 
{0: '0.5119047619047619', 1: '0.0', 2: '0.0', 3: '1.6301766616608926', 4: 322.96962293069447} 
{0: '0.5176470588235295', 1: '0.0', 2: '0.0', 3: '1.7328621078878674', 4: 329.87174418716666} 
{0: '0.5116279069767442', 1: '0.0', 2: '0.0', 3: '1.7328621078878674', 4: 317.73448686362525} 
{0: '0.5172413793103449', 1: '0.0', 2: '0.0', 3: '1.6301766616608926', 4: 315.4351594497454} 
{0: '0.5113636363636364', 1: '0.0', 2: '0.0', 3: '1.6301766616608926', 4: 322.9038099068337} 
{0: '0.5168539325842697', 1: '0.0', 2: '0.0', 3: '1.7328621078878674', 4: 320.9407058855308} 
{0: '0.5111111111111111', 1: '0.0', 2: '0.0', 3: '1.7328621078878674', 4: 322.0729192158129} 
{0: '0.5054945054945055', 1: '0.0', 2: '0.0', 3: '1.7328621078878674', 4: 327.697958625223} 
{0: '0.5', 1: '0.0', 2: '0.0', 3: '1.7328621078878674', 4: 322.1340240997164} 
{0: '0.5053763440860215', 1: '0.0', 2: '0.0', 3: '1.6301766616608926', 4: 319.8664637496355} 
{0: '0.5', 1: '0.0', 2: '0.0', 3: '1.6301766616608926', 4: 319.4869969695242} 
{0: '0.49473684210526314', 1: '0.0', 2: '0.0', 3: '1.6301766616608926', 4: 324.54851481667896} 
{0: '0.4895833333333333', 1: '0.0', 2: '0.0', 3: '1.6301766616608926', 4: 321.40845394165575} 
{0: '0.4948453608247423', 1: '0.0', 2: '0.0', 3: '1.7328621078878674', 4: 326.9921406224453} 
{0: '0.4897959183673469', 1: '0.0', 2: '0.0', 3: '1.7328621078878674', 4: 323.50887403802636} 
{0: '0.494949494949495', 1: '0.0', 2: '0.0', 3: '1.6301766616608926', 4: 319.66650616709603} 
{0: '0.49', 1: '0.0', 2: '0.0', 3: '1.6301766616608926', 4: 324.76003239206074} 
{0: '0.48514851485148514', 1: '0.0', 2: '0.0', 3: '1.6301766616608926', 4: 324.62149513912243} 
{0: '0.4803921568627451', 1: '0.0', 2: '0.0', 3: '1.6301766616608926', 4: 324.9873342509118} 
{0: '0.47572815533980584', 1: '0.0', 2: '0.0', 3: '1.6301766616608926', 4: 324.6490219403643} 
{0: '0.47115384615384615', 1: '0.0', 2: '0.0', 3: '1.6301766616608926', 4: 326.7880934371367} 
{0: '0.47619047619047616', 1: '0.0', 2: '0.0', 3: '1.7328621078878674', 4: 331.4461482557158} 
{0: '0.4716981132075472', 1: '0.0', 2: '0.0', 3: '1.7328621078878674', 4: 330.9240730556511} 
{0: '0.4672897196261682', 1: '0.0', 2: '0.0', 3: '1.7328621078878674', 4: 320.1782840125887} 
{0: '0.46296296296296297', 1: '0.0', 2: '0.0', 3: '1.7328621078878674', 4: 324.9165786781839} 
{0: '0.46788990825688076', 1: '0.0', 2: '0.0', 3: '1.6301766616608926', 4: 317.8406598991843} 
{0: '0.4727272727272727', 1: '0.0', 2: '0.0', 3: '1.5335761201812925', 4: 325.07269501317353} 
{0: '0.46846846846846846', 1: '0.0', 2: '0.0', 3: '1.5335761201812925', 4: 321.2725518979876} 
{0: '0.4732142857142857', 1: '0.0', 2: '0.0', 3: '1.6301766616608926', 4: 320.40727669356517} 
{0: '0.4778761061946903', 1: '0.0', 2: '0.0', 3: '1.7328621078878674', 4: 330.23089795362586} 
{0: '0.47368421052631576', 1: '0.0', 2: '0.0', 3: '1.7328621078878674', 4: 318.69959068629987} 
{0: '0.4782608695652174', 1: '0.0', 2: '0.0', 3: '1.6301766616608926', 4: 317.677656580296} 
{0: '0.47413793103448276', 1: '0.0', 2: '0.0', 3: '1.6301766616608926', 4: 328.4617250544631} 
{0: '0.47863247863247865', 1: '0.0', 2: '0.0', 3: '1.7328621078878674', 4: 325.33867197347627} 
{0: '0.4745762711864407', 1: '0.0', 2: '0.0', 3: '1.7328621078878674', 4: 323.56666852929936} 
{0: '0.4789915966386555', 1: '0.0', 2: '0.0', 3: '1.6301766616608926', 4: 325.63623858872796} 
{0: '0.475', 1: '0.0', 2: '0.0', 3: '1.6301766616608926', 4: 322.3191549215506} 
{0: '0.47107438016528924', 1: '0.0', 2: '0.0', 3: '1.6301766616608926', 4: 331.10648940617494} 
{0: '0.4672131147540984', 1: '0.0', 2: '0.0', 3: '1.6301766616608926', 4: 325.45090592618004} 
{0: '0.4715447154471545', 1: '0.0', 2: '0.0', 3: '1.7328621078878674', 4: 331.70055177780426} 
{0: '0.46774193548387094', 1: '0.0', 2: '0.0', 3: '1.7328621078878674', 4: 321.11826014083056} 
{0: '0.472', 1: '0.0', 2: '0.0', 3: '1.6301766616608926', 4: 316.01117179455986} 
{0: '0.46825396825396826', 1: '0.0', 2: '0.0', 3: '1.6301766616608926', 4: 316.7831738303092} 
{0: '0.4645669291338583', 1: '0.0', 2: '0.0', 3: '1.6301766616608926', 4: 324.5338138737229} 
{0: '0.4609375', 1: '0.0', 2: '0.0', 3: '1.6301766616608926', 4: 319.8915559181491} 
{0: '0.46511627906976744', 1: '0.0', 2: '0.0', 3: '1.7328621078878674', 4: 316.6016229801237} 
{0: '0.46153846153846156', 1: '0.0', 2: '0.0', 3: '1.7328621078878674', 4: 322.3543884642662} 
{0: '0.46564885496183206', 1: '0.0', 2: '0.0', 3: '1.6301766616608926', 4: 319.6853062692667} 
{0: '0.4621212121212121', 1: '0.0', 2: '0.0', 3: '1.6301766616608926', 4: 319.4522672483042} 
{0: '0.46616541353383456', 1: '0.0', 2: '0.0', 3: '1.7328621078878674', 4: 318.3699977983676} 
{0: '0.4626865671641791', 1: '0.0', 2: '0.0', 3: '1.7328621078878674', 4: 318.4844439258759} 
{0: '0.4666666666666667', 1: '0.0', 2: '0.0', 3: '1.6301766616608926', 4: 329.6117064012365} 
{0: '0.4632352941176471', 1: '0.0', 2: '0.0', 3: '1.6301766616608926', 4: 325.1434880345987} 
{0: '0.46715328467153283', 1: '0.0', 2: '0.0', 3: '1.7328621078878674', 4: 325.7457372654462} 
{0: '0.463768115942029', 1: '0.0', 2: '0.0', 3: '1.7328621078878674', 4: 326.9586119081178} 
{0: '0.4676258992805755', 1: '0.0', 2: '0.0', 3: '1.6301766616608926', 4: 317.3900375135341} 
{0: '0.4642857142857143', 1: '0.0', 2: '0.0', 3: '1.6301766616608926', 4: 327.7223570358337} 
{0: '0.46808510638297873', 1: '0.0', 2: '0.0', 3: '1.7328621078878674', 4: 321.06606604027996} 
{0: '0.4647887323943662', 1: '0.0', 2: '0.0', 3: '1.7328621078878674', 4: 332.17420375568315} 
{0: '0.46853146853146854', 1: '0.0', 2: '0.0', 3: '1.6301766616608926', 4: 322.69229881674494} 
{0: '0.4652777777777778', 1: '0.0', 2: '0.0', 3: '1.6301766616608926', 4: 327.08059818011844} 
{0: '0.4689655172413793', 1: '0.0', 2: '0.0', 3: '1.7328621078878674', 4: 317.9606504417691} 
{0: '0.4657534246575342', 1: '0.0', 2: '0.0', 3: '1.7328621078878674', 4: 324.61826528932585} 
{0: '0.46938775510204084', 1: '0.0', 2: '0.0', 3: '1.6301766616608926', 4: 324.6949570160481} 
{0: '0.46621621621621623', 1: '0.0', 2: '0.0', 3: '1.6301766616608926', 4: 333.73885675501816} 
{0: '0.4697986577181208', 1: '0.0', 2: '0.0', 3: '1.7328621078878674', 4: 329.256009134725} 
{0: '0.4666666666666667', 1: '0.0', 2: '0.0', 3: '1.7328621078878674', 4: 324.1302556700823} 
{0: '0.47019867549668876', 1: '0.0', 2: '0.0', 3: '1.6301766616608926', 4: 320.6062372237938} 
{0: '0.46710526315789475', 1: '0.0', 2: '0.0', 3: '1.6301766616608926', 4: 339.60063332908067} 
{0: '0.47058823529411764', 1: '0.0', 2: '0.0', 3: '1.7328621078878674', 4: 319.32644001805045} 
{0: '0.4675324675324675', 1: '0.0', 2: '0.0', 3: '1.7328621078878674', 4: 335.1927672968378} 
{0: '0.47096774193548385', 1: '0.0', 2: '0.0', 3: '1.6301766616608926', 4: 321.4969019477056} 
{0: '0.46794871794871795', 1: '0.0', 2: '0.0', 3: '1.6301766616608926', 4: 327.5633676706128} 
{0: '0.4713375796178344', 1: '0.0', 2: '0.0', 3: '1.7328621078878674', 4: 316.96368941972435} 
{0: '0.46835443037974683', 1: '0.0', 2: '0.0', 3: '1.7328621078878674', 4: 322.9413493874636} 
{0: '0.4716981132075472', 1: '0.0', 2: '0.0', 3: '1.6301766616608926', 4: 322.64990930095973} 
{0: '0.46875', 1: '0.0', 2: '0.0', 3: '1.6301766616608926', 4: 321.79555540061796} 
{0: '0.4658385093167702', 1: '0.0', 2: '0.0', 3: '1.6301766616608926', 4: 325.12826767443477} 
{0: '0.46296296296296297', 1: '0.0', 2: '0.0', 3: '1.6301766616608926', 4: 323.1674051510277} 
{0: '0.4662576687116564', 1: '0.0', 2: '0.0', 3: '1.7328621078878674', 4: 322.6407195021167} 
{0: '0.4634146341463415', 1: '0.0', 2: '0.0', 3: '1.7328621078878674', 4: 321.19450341352996} 
{0: '0.4666666666666667', 1: '0.0', 2: '0.0', 3: '1.6301766616608926', 4: 319.2716851945993} 
{0: '0.463855421686747', 1: '0.0', 2: '0.0', 3: '1.6301766616608926', 4: 325.70818790964427} 
{0: '0.46706586826347307', 1: '0.0', 2: '0.0', 3: '1.7328621078878674', 4: 327.19409994093206} 
{0: '0.47023809523809523', 1: '0.0', 2: '0.0', 3: '1.842015749320195', 4: 321.2494227058789} 
{0: '0.46745562130177515', 1: '0.0', 2: '0.0', 3: '1.842015749320195', 4: 318.7378623691056} 
{0: '0.47058823529411764', 1: '0.0', 2: '0.0', 3: '1.7328621078878674', 4: 329.60531797155795} 
{0: '0.4678362573099415', 1: '0.0', 2: '0.0', 3: '1.7328621078878674', 4: 327.04828423940774} 
{0: '0.46511627906976744', 1: '0.0', 2: '0.0', 3: '1.7328621078878674', 4: 323.3990885511467} 
{0: '0.4682080924855491', 1: '0.0', 2: '0.0', 3: '1.6301766616608926', 4: 323.3285491248935} 
{0: '0.46551724137931033', 1: '0.0', 2: '0.0', 3: '1.6301766616608926', 4: 319.7386161910478} 
{0: '0.4685714285714286', 1: '0.0', 2: '0.0', 3: '1.7328621078878674', 4: 316.8994826936097} 
{0: '0.4659090909090909', 1: '0.0', 2: '0.0', 3: '1.7328621078878674', 4: 330.1790670763166} 
{0: '0.4689265536723164', 1: '0.0', 2: '0.0', 3: '1.6301766616608926', 4: 317.6605883897531} 
{0: '0.46629213483146065', 1: '0.0', 2: '0.0', 3: '1.6301766616608926', 4: 326.5877247970924} 
{0: '0.4692737430167598', 1: '0.0', 2: '0.0', 3: '1.7328621078878674', 4: 316.71536000355223} 
{0: '0.4666666666666667', 1: '0.0', 2: '0.0', 3: '1.7328621078878674', 4: 321.12299925201546} 
{0: '0.4696132596685083', 1: '0.0', 2: '0.0', 3: '1.6301766616608926', 4: 323.04581804006614} 
{0: '0.46703296703296704', 1: '0.0', 2: '0.0', 3: '1.6301766616608926', 4: 319.67548398174546} 
{0: '0.4644808743169399', 1: '0.0', 2: '0.0', 3: '1.6301766616608926', 4: 321.3270993296381} 
{0: '0.46195652173913043', 1: '0.0', 2: '0.0', 3: '1.6301766616608926', 4: 325.723805294904} 
{0: '0.4648648648648649', 1: '0.0', 2: '0.0', 3: '1.7328621078878674', 4: 328.3076137186068} 
{0: '0.46236559139784944', 1: '0.0', 2: '0.0', 3: '1.7328621078878674', 4: 335.7520954636917} 
{0: '0.46524064171123', 1: '0.0', 2: '0.0', 3: '1.6301766616608926', 4: 330.2475807867796} 
{0: '0.4627659574468085', 1: '0.0', 2: '0.0', 3: '1.6301766616608926', 4: 320.73976009855966} 
{0: '0.4656084656084656', 1: '0.0', 2: '0.0', 3: '1.7328621078878674', 4: 323.9060851680511} 
{0: '0.4631578947368421', 1: '0.0', 2: '0.0', 3: '1.7328621078878674', 4: 327.58422045240206} 
{0: '0.46596858638743455', 1: '0.0', 2: '0.0', 3: '1.6301766616608926', 4: 339.08632524208224} 
{0: '0.4635416666666667', 1: '0.0', 2: '0.0', 3: '1.6301766616608926', 4: 320.4662867550547} 
{0: '0.46632124352331605', 1: '0.0', 2: '0.0', 3: '1.7328621078878674', 4: 324.1511014225268} 
{0: '0.4639175257731959', 1: '0.0', 2: '0.0', 3: '1.7328621078878674', 4: 319.1137622581038} 
{0: '0.4666666666666667', 1: '0.0', 2: '0.0', 3: '1.6301766616608926', 4: 316.30210465408356} 
{0: '0.4642857142857143', 1: '0.0', 2: '0.0', 3: '1.6301766616608926', 4: 326.1181615185615} 
{0: '0.467005076142132', 1: '0.0', 2: '0.0', 3: '1.7328621078878674', 4: 330.10362953509286} 
{0: '0.46464646464646464', 1: '0.0', 2: '0.0', 3: '1.7328621078878674', 4: 321.8205027198624} 
{0: '0.46733668341708545', 1: '0.0', 2: '0.0', 3: '1.6301766616608926', 4: 322.1712476060221} 
{0: '0.465', 1: '0.0', 2: '0.0', 3: '1.6301766616608926', 4: 319.10313887767927} 
{0: '0.46766169154228854', 1: '0.0', 2: '0.0', 3: '1.7328621078878674', 4: 318.12095348510775} 
{0: '0.46534653465346537', 1: '0.0', 2: '0.0', 3: '1.7328621078878674', 4: 329.2988891417278} 
{0: '0.46798029556650245', 1: '0.0', 2: '0.0', 3: '1.6301766616608926', 4: 325.623492551242} 
{0: '0.46568627450980393', 1: '0.0', 2: '0.0', 3: '1.6301766616608926', 4: 320.0744655910946} 
{0: '0.4682926829268293', 1: '0.0', 2: '0.0', 3: '1.7328621078878674', 4: 322.61665930891064} 
{0: '0.46601941747572817', 1: '0.0', 2: '0.0', 3: '1.7328621078878674', 4: 321.55982242017797} 
{0: '0.46859903381642515', 1: '0.0', 2: '0.0', 3: '1.6301766616608926', 4: 319.76120471506056} 
{0: '0.46634615384615385', 1: '0.0', 2: '0.0', 3: '1.6301766616608926', 4: 319.57081155392433} 
{0: '0.4688995215311005', 1: '0.0', 2: '0.0', 3: '1.7328621078878674', 4: 325.1277754893887} 
{0: '0.4666666666666667', 1: '0.0', 2: '0.0', 3: '1.7328621078878674', 4: 317.65501979614936} 
{0: '0.46919431279620855', 1: '0.0', 2: '0.0', 3: '1.6301766616608926', 4: 317.16942324519994} 
{0: '0.4669811320754717', 1: '0.0', 2: '0.0', 3: '1.6301766616608926', 4: 329.9598602718933} 
{0: '0.4694835680751174', 1: '0.0', 2: '0.0', 3: '1.7328621078878674', 4: 320.24634712452064} 
{0: '0.4719626168224299', 1: '0.0', 2: '0.0', 3: '1.842015749320195', 4: 320.4019483353832} 
{0: '0.4697674418604651', 1: '0.0', 2: '0.0', 3: '1.842015749320195', 4: 321.77544850750826} 
{0: '0.4722222222222222', 1: '0.0', 2: '0.0', 3: '1.7328621078878674', 4: 322.933483601573} 
{0: '0.47465437788018433', 1: '0.0', 2: '0.0', 3: '1.6301766616608926', 4: 336.9846575316691} 
{0: '0.4724770642201835', 1: '0.0', 2: '0.0', 3: '1.6301766616608926', 4: 320.60547016077174} 
{0: '0.4703196347031963', 1: '0.0', 2: '0.0', 3: '1.6301766616608926', 4: 333.0272863248999} 
{0: '0.4681818181818182', 1: '0.0', 2: '0.0', 3: '1.6301766616608926', 4: 329.7562504198812} 
{0: '0.47058823529411764', 1: '0.0', 2: '0.0', 3: '1.7328621078878674', 4: 331.20285202073956} 
{0: '0.46846846846846846', 1: '0.0', 2: '0.0', 3: '1.7328621078878674', 4: 331.17387321425787} 
{0: '0.47085201793721976', 1: '0.0', 2: '0.0', 3: '1.6301766616608926', 4: 322.3839689623746} 
{0: '0.46875', 1: '0.0', 2: '0.0', 3: '1.6301766616608926', 4: 335.6550166542869} 
{0: '0.4711111111111111', 1: '0.0', 2: '0.0', 3: '1.7328621078878674', 4: 318.4642991475411} 
{0: '0.4690265486725664', 1: '0.0', 2: '0.0', 3: '1.7328621078878674', 4: 318.4552521646169} 
{0: '0.4713656387665198', 1: '0.0', 2: '0.0', 3: '1.6301766616608926', 4: 319.65446484598704} 
{0: '0.4692982456140351', 1: '0.0', 2: '0.0', 3: '1.6301766616608926', 4: 322.87578127321706} 
{0: '0.4672489082969432', 1: '0.0', 2: '0.0', 3: '1.6301766616608926', 4: 318.4890679857238} 
{0: '0.4652173913043478', 1: '0.0', 2: '0.0', 3: '1.6301766616608926', 4: 323.6716677653031} 
{0: '0.4675324675324675', 1: '0.0', 2: '0.0', 3: '1.7328621078878674', 4: 316.7124694745545} 
{0: '0.46551724137931033', 1: '0.0', 2: '0.0', 3: '1.7328621078878674', 4: 331.562893076136} 
{0: '0.463519313304721', 1: '0.0', 2: '0.0', 3: '1.7328621078878674', 4: 323.71327416561934} 
{0: '0.46153846153846156', 1: '0.0', 2: '0.0', 3: '1.7328621078878674', 4: 318.4515302607028} 
{0: '0.46382978723404256', 1: '0.0', 2: '0.0', 3: '1.6301766616608926', 4: 316.8154154291585} 
{0: '0.461864406779661', 1: '0.0', 2: '0.0', 3: '1.6301766616608926', 4: 316.3329346551061} 
{0: '0.4641350210970464', 1: '0.0', 2: '0.0', 3: '1.7328621078878674', 4: 322.533174775987} 
{0: '0.46218487394957986', 1: '0.0', 2: '0.0', 3: '1.7328621078878674', 4: 328.99332174911166} 
{0: '0.46443514644351463', 1: '0.0', 2: '0.0', 3: '1.6301766616608926', 4: 323.4425046200323} 
{0: '0.4625', 1: '0.0', 2: '0.0', 3: '1.6301766616608926', 4: 326.9797408505198} 
{0: '0.4605809128630705', 1: '0.0', 2: '0.0', 3: '1.6301766616608926', 4: 321.7057090357282} 
{0: '0.45867768595041325', 1: '0.0', 2: '0.0', 3: '1.6301766616608926', 4: 325.98068935823534} 
{0: '0.4567901234567901', 1: '0.0', 2: '0.0', 3: '1.6301766616608926', 4: 317.9205081139767} 
{0: '0.45491803278688525', 1: '0.0', 2: '0.0', 3: '1.6301766616608926', 4: 317.47743359193987} 
{0: '0.4530612244897959', 1: '0.0', 2: '0.0', 3: '1.6301766616608926', 4: 321.3227361885982} 
{0: '0.45121951219512196', 1: '0.0', 2: '0.0', 3: '1.6301766616608926', 4: 318.5140447074071} 
{0: '0.4534412955465587', 1: '0.0', 2: '0.0', 3: '1.7328621078878674', 4: 322.39637799143117} 
{0: '0.45161290322580644', 1: '0.0', 2: '0.0', 3: '1.7328621078878674', 4: 319.86534022939327} 
{0: '0.4497991967871486', 1: '0.0', 2: '0.0', 3: '1.7328621078878674', 4: 320.81433363508387} 
{0: '0.448', 1: '0.0', 2: '0.0', 3: '1.7328621078878674', 4: 329.72265625314765} 
{0: '0.450199203187251', 1: '0.0', 2: '0.0', 3: '1.6301766616608926', 4: 327.289336101838} 
{0: '0.44841269841269843', 1: '0.0', 2: '0.0', 3: '1.6301766616608926', 4: 322.915027496668} 
{0: '0.4505928853754941', 1: '0.0', 2: '0.0', 3: '1.7328621078878674', 4: 319.8773060145757} 
{0: '0.44881889763779526', 1: '0.0', 2: '0.0', 3: '1.7328621078878674', 4: 318.28658626621456} 
{0: '0.45098039215686275', 1: '0.0', 2: '0.0', 3: '1.6301766616608926', 4: 327.11255905366386} 
{0: '0.44921875', 1: '0.0', 2: '0.0', 3: '1.6301766616608926', 4: 323.2176808155078} 
{0: '0.45136186770428016', 1: '0.0', 2: '0.0', 3: '1.7328621078878674', 4: 328.6371106238911} 
{0: '0.4496124031007752', 1: '0.0', 2: '0.0', 3: '1.7328621078878674', 4: 317.77236975999523} 
{0: '0.4517374517374517', 1: '0.0', 2: '0.0', 3: '1.6301766616608926', 4: 317.82924163621686} 
{0: '0.45', 1: '0.0', 2: '0.0', 3: '1.6301766616608926', 4: 324.2494517970326} 
{0: '0.4521072796934866', 1: '0.0', 2: '0.0', 3: '1.7328621078878674', 4: 321.98814595235604} 
{0: '0.4541984732824427', 1: '0.0', 2: '0.0', 3: '1.842015749320195', 4: 334.37491080871246} 
{0: '0.4524714828897338', 1: '0.0', 2: '0.0', 3: '1.842015749320195', 4: 322.3895732148074} 
{0: '0.45454545454545453', 1: '0.0', 2: '0.0', 3: '1.7328621078878674', 4: 338.1448686292043} 
{0: '0.45660377358490567', 1: '0.0', 2: '0.0', 3: '1.6301766616608926', 4: 322.54810099048046} 
{0: '0.4548872180451128', 1: '0.0', 2: '0.0', 3: '1.6301766616608926', 4: 324.0269254217368} 
{0: '0.45692883895131087', 1: '0.0', 2: '0.0', 3: '1.7328621078878674', 4: 327.2018402167} 
{0: '0.4552238805970149', 1: '0.0', 2: '0.0', 3: '1.7328621078878674', 4: 320.7133903478624} 
{0: '0.45353159851301117', 1: '0.0', 2: '0.0', 3: '1.7328621078878674', 4: 323.8367606602619} 
{0: '0.45185185185185184', 1: '0.0', 2: '0.0', 3: '1.7328621078878674', 4: 322.5390159919235} 
{0: '0.45387453874538747', 1: '0.0', 2: '0.0', 3: '1.6301766616608926', 4: 325.84461435738785} 
{0: '0.4522058823529412', 1: '0.0', 2: '0.0', 3: '1.6301766616608926', 4: 328.00332164528135} 
{0: '0.4542124542124542', 1: '0.0', 2: '0.0', 3: '1.7328621078878674', 4: 326.33926403035775} 
{0: '0.45255474452554745', 1: '0.0', 2: '0.0', 3: '1.7328621078878674', 4: 335.4676230999629} 
{0: '0.45454545454545453', 1: '0.0', 2: '0.0', 3: '1.6301766616608926', 4: 332.2835790867891} 
{0: '0.4528985507246377', 1: '0.0', 2: '0.0', 3: '1.6301766616608926', 4: 337.6571471690384} 
{0: '0.4548736462093863', 1: '0.0', 2: '0.0', 3: '1.7328621078878674', 4: 323.15330006154966} 
{0: '0.4568345323741007', 1: '0.0', 2: '0.0', 3: '1.842015749320195', 4: 342.4012070597057} 
{0: '0.4551971326164875', 1: '0.0', 2: '0.0', 3: '1.842015749320195', 4: 324.0524204569901} 
{0: '0.45714285714285713', 1: '0.0', 2: '0.0', 3: '1.7328621078878674', 4: 323.9122820931484} 
{0: '0.45907473309608543', 1: '0.0', 2: '0.0', 3: '1.6301766616608926', 4: 319.63686294404505} 
{0: '0.4574468085106383', 1: '0.0', 2: '0.0', 3: '1.6301766616608926', 4: 323.5934172671711} 
{0: '0.45936395759717313', 1: '0.0', 2: '0.0', 3: '1.7328621078878674', 4: 321.39403010205405} 
{0: '0.45774647887323944', 1: '0.0', 2: '0.0', 3: '1.7328621078878674', 4: 337.5442920590599} 
{0: '0.45964912280701753', 1: '0.0', 2: '0.0', 3: '1.6301766616608926', 4: 324.2138427216364} 
{0: '0.46153846153846156', 1: '0.0', 2: '0.0', 3: '1.5335761201812925', 4: 321.3692970660848} 
{0: '0.45993031358885017', 1: '0.0', 2: '0.0', 3: '1.5335761201812925', 4: 327.3426903500323} 
{0: '0.4618055555555556', 1: '0.0', 2: '0.0', 3: '1.6301766616608926', 4: 320.021933289985} 
{0: '0.4602076124567474', 1: '0.0', 2: '0.0', 3: '1.6301766616608926', 4: 319.2872836757557} 
{0: '0.4586206896551724', 1: '0.0', 2: '0.0', 3: '1.6301766616608926', 4: 318.75120206509047} 
{0: '0.46048109965635736', 1: '0.0', 2: '0.0', 3: '1.7328621078878674', 4: 319.8008820762416} 
{0: '0.4589041095890411', 1: '0.0', 2: '0.0', 3: '1.7328621078878674', 4: 318.10857287968827} 
{0: '0.46075085324232085', 1: '0.0', 2: '0.0', 3: '1.6301766616608926', 4: 328.5026396024575} 
{0: '0.45918367346938777', 1: '0.0', 2: '0.0', 3: '1.6301766616608926', 4: 319.6021997102258} 
{0: '0.4576271186440678', 1: '0.0', 2: '0.0', 3: '1.6301766616608926', 4: 320.4289714056831} 
{0: '0.4560810810810811', 1: '0.0', 2: '0.0', 3: '1.6301766616608926', 4: 331.278278401227} 
{0: '0.45791245791245794', 1: '0.0', 2: '0.0', 3: '1.7328621078878674', 4: 324.9415931644976} 
{0: '0.4563758389261745', 1: '0.0', 2: '0.0', 3: '1.7328621078878674', 4: 328.7754799515498} 
{0: '0.45484949832775917', 1: '0.0', 2: '0.0', 3: '1.7328621078878674', 4: 320.86887221972785} 
{0: '0.45666666666666667', 1: '0.0', 2: '0.0', 3: '1.842015749320195', 4: 332.44196318764654} 
{0: '0.45514950166112955', 1: '0.0', 2: '0.0', 3: '1.842015749320195', 4: 329.50437733285634} 
{0: '0.45695364238410596', 1: '0.0', 2: '0.0', 3: '1.7328621078878674', 4: 324.98020642923586} 
{0: '0.45874587458745875', 1: '0.0', 2: '0.0', 3: '1.6301766616608926', 4: 319.5731517458232} 
{0: '0.4605263157894737', 1: '0.0', 2: '0.0', 3: '1.5335761201812925', 4: 330.89032018418834} 
{0: '0.45901639344262296', 1: '0.0', 2: '0.0', 3: '1.5335761201812925', 4: 333.8944115135707} 
{0: '0.46078431372549017', 1: '0.0', 2: '0.0', 3: '1.6301766616608926', 4: 316.8511364651502} 
{0: '0.46254071661237783', 1: '0.0', 2: '0.0', 3: '1.7328621078878674', 4: 323.6029620256742} 
{0: '0.461038961038961', 1: '0.0', 2: '0.0', 3: '1.7328621078878674', 4: 331.0349874087613} 
{0: '0.4627831715210356', 1: '0.0', 2: '0.0', 3: '1.6301766616608926', 4: 326.6728561977144} 
{0: '0.4612903225806452', 1: '0.0', 2: '0.0', 3: '1.6301766616608926', 4: 322.01392188639767} 
{0: '0.45980707395498394', 1: '0.0', 2: '0.0', 3: '1.6301766616608926', 4: 315.13533211771147} 
{0: '0.4583333333333333', 1: '0.0', 2: '0.0', 3: '1.6301766616608926', 4: 325.1650515518634} 
{0: '0.46006389776357826', 1: '0.0', 2: '0.0', 3: '1.7328621078878674', 4: 319.8858246230686} 
{0: '0.4585987261146497', 1: '0.0', 2: '0.0', 3: '1.7328621078878674', 4: 324.37606831988194} 
{0: '0.4603174603174603', 1: '0.0', 2: '0.0', 3: '1.6301766616608926', 4: 324.6446441365582} 
{0: '0.4588607594936709', 1: '0.0', 2: '0.0', 3: '1.6301766616608926', 4: 328.17445870578024} 
{0: '0.4605678233438486', 1: '0.0', 2: '0.0', 3: '1.7328621078878674', 4: 323.26411435518236} 
{0: '0.4591194968553459', 1: '0.0', 2: '0.0', 3: '1.7328621078878674', 4: 318.8111609724575} 
{0: '0.4608150470219436', 1: '0.0', 2: '0.0', 3: '1.6301766616608926', 4: 316.5309758046195} 
{0: '0.459375', 1: '0.0', 2: '0.0', 3: '1.6301766616608926', 4: 313.3178847527805} 
{0: '0.45794392523364486', 1: '0.0', 2: '0.0', 3: '1.6301766616608926', 4: 320.4411303305398} 
{0: '0.45652173913043476', 1: '0.0', 2: '0.0', 3: '1.6301766616608926', 4: 332.35476704380653} 
{0: '0.4582043343653251', 1: '0.0', 2: '0.0', 3: '1.7328621078878674', 4: 321.97796861455066} 
{0: '0.4567901234567901', 1: '0.0', 2: '0.0', 3: '1.7328621078878674', 4: 330.1125248376759} 
{0: '0.4584615384615385', 1: '0.0', 2: '0.0', 3: '1.6301766616608926', 4: 327.9886797676381} 
{0: '0.4570552147239264', 1: '0.0', 2: '0.0', 3: '1.6301766616608926', 4: 324.58717859738505} 
{0: '0.45871559633027525', 1: '0.0', 2: '0.0', 3: '1.7328621078878674', 4: 319.8158338522817} 
{0: '0.4573170731707317', 1: '0.0', 2: '0.0', 3: '1.7328621078878674', 4: 322.82781051237447} 
{0: '0.45896656534954405', 1: '0.0', 2: '0.0', 3: '1.6301766616608926', 4: 320.2100486138289} 
{0: '0.4575757575757576', 1: '0.0', 2: '0.0', 3: '1.6301766616608926', 4: 333.64344675319705} 
{0: '0.459214501510574', 1: '0.0', 2: '0.0', 3: '1.7328621078878674', 4: 328.357166093884} 
{0: '0.4578313253012048', 1: '0.0', 2: '0.0', 3: '1.7328621078878674', 4: 318.89804923981006} 
{0: '0.4594594594594595', 1: '0.0', 2: '0.0', 3: '1.6301766616608926', 4: 324.1001879324837} 
{0: '0.45808383233532934', 1: '0.0', 2: '0.0', 3: '1.6301766616608926', 4: 324.2077031569844} 
{0: '0.4597014925373134', 1: '0.0', 2: '0.0', 3: '1.7328621078878674', 4: 320.84905953021143} 
{0: '0.46130952380952384', 1: '0.0', 2: '0.0', 3: '1.842015749320195', 4: 328.1785077428411} 
{0: '0.4599406528189911', 1: '0.0', 2: '0.0', 3: '1.842015749320195', 4: 337.14712321582897} 
{0: '0.46153846153846156', 1: '0.0', 2: '0.0', 3: '1.7328621078878674', 4: 329.8831451125012} 
{0: '0.4631268436578171', 1: '0.0', 2: '0.0', 3: '1.6301766616608926', 4: 329.7721781004647} 
{0: '0.46176470588235297', 1: '0.0', 2: '0.0', 3: '1.6301766616608926', 4: 317.1389390949272} 
{0: '0.4633431085043988', 1: '0.0', 2: '0.0', 3: '1.7328621078878674', 4: 332.75585468785613} 
{0: '0.4619883040935672', 1: '0.0', 2: '0.0', 3: '1.7328621078878674', 4: 324.37464703655627} 
{0: '0.46355685131195334', 1: '0.0', 2: '0.0', 3: '1.6301766616608926', 4: 321.9043593211365} 
{0: '0.4622093023255814', 1: '0.0', 2: '0.0', 3: '1.6301766616608926', 4: 332.5647856071759} 
{0: '0.4608695652173913', 1: '0.0', 2: '0.0', 3: '1.6301766616608926', 4: 330.2151843793139} 
{0: '0.4595375722543353', 1: '0.0', 2: '0.0', 3: '1.6301766616608926', 4: 316.259042903155} 
{0: '0.4610951008645533', 1: '0.0', 2: '0.0', 3: '1.7328621078878674', 4: 320.969778463774} 
{0: '0.46264367816091956', 1: '0.0', 2: '0.0', 3: '1.842015749320195', 4: 323.80330190185344} 
{0: '0.46131805157593125', 1: '0.0', 2: '0.0', 3: '1.842015749320195', 4: 332.50412731168063} 
{0: '0.46285714285714286', 1: '0.0', 2: '0.0', 3: '1.7328621078878674', 4: 322.78141540944733} 
{0: '0.46438746438746437', 1: '0.0', 2: '0.0', 3: '1.6301766616608926', 4: 322.5554059825728} 
{0: '0.4630681818181818', 1: '0.0', 2: '0.0', 3: '1.6301766616608926', 4: 330.1618507453599} 
{0: '0.46458923512747874', 1: '0.0', 2: '0.0', 3: '1.7328621078878674', 4: 325.22662009094245} 
{0: '0.4632768361581921', 1: '0.0', 2: '0.0', 3: '1.7328621078878674', 4: 328.61057899031084} 
{0: '0.4647887323943662', 1: '0.0', 2: '0.0', 3: '1.6301766616608926', 4: 325.3791159354656} 
{0: '0.46348314606741575', 1: '0.0', 2: '0.0', 3: '1.6301766616608926', 4: 322.09520493646926} 
{0: '0.46218487394957986', 1: '0.0', 2: '0.0', 3: '1.6301766616608926', 4: 318.3606573763713} 
{0: '0.46089385474860334', 1: '0.0', 2: '0.0', 3: '1.6301766616608926', 4: 317.6220776086523} 
{0: '0.4623955431754875', 1: '0.0', 2: '0.0', 3: '1.7328621078878674', 4: 335.99538502164285} 
{0: '0.46111111111111114', 1: '0.0', 2: '0.0', 3: '1.7328621078878674', 4: 323.57305107653127} 
{0: '0.4626038781163435', 1: '0.0', 2: '0.0', 3: '1.6301766616608926', 4: 321.9411580608663} 
{0: '0.4613259668508287', 1: '0.0', 2: '0.0', 3: '1.6301766616608926', 4: 317.679245396969} 
{0: '0.4628099173553719', 1: '0.0', 2: '0.0', 3: '1.7328621078878674', 4: 317.4943453385765} 
{0: '0.46153846153846156', 1: '0.0', 2: '0.0', 3: '1.7328621078878674', 4: 316.59590293631993} 
{0: '0.46301369863013697', 1: '0.0', 2: '0.0', 3: '1.6301766616608926', 4: 322.42341232648835} 
{0: '0.46174863387978143', 1: '0.0', 2: '0.0', 3: '1.6301766616608926', 4: 318.2554945718493} 
{0: '0.4604904632152589', 1: '0.0', 2: '0.0', 3: '1.6301766616608926', 4: 323.7551394594781} 
{0: '0.4592391304347826', 1: '0.0', 2: '0.0', 3: '1.6301766616608926', 4: 318.0964050654148} 
{0: '0.46070460704607047', 1: '0.0', 2: '0.0', 3: '1.7328621078878674', 4: 329.93453451748326} 
{0: '0.4594594594594595', 1: '0.0', 2: '0.0', 3: '1.7328621078878674', 4: 331.04927190235895} 
{0: '0.4609164420485175', 1: '0.0', 2: '0.0', 3: '1.6301766616608926', 4: 329.0985084191382} 
{0: '0.4596774193548387', 1: '0.0', 2: '0.0', 3: '1.6301766616608926', 4: 320.9443134920335} 
{0: '0.46112600536193027', 1: '0.0', 2: '0.0', 3: '1.7328621078878674', 4: 330.13560906661576} 
{0: '0.45989304812834225', 1: '0.0', 2: '0.0', 3: '1.7328621078878674', 4: 319.70702604340715} 
{0: '0.45866666666666667', 1: '0.0', 2: '0.0', 3: '1.7328621078878674', 4: 328.6337710931818} 
{0: '0.4574468085106383', 1: '0.0', 2: '0.0', 3: '1.7328621078878674', 4: 323.5963904309496} 
{0: '0.4562334217506631', 1: '0.0', 2: '0.0', 3: '1.7328621078878674', 4: 320.5020686674309} 
{0: '0.455026455026455', 1: '0.0', 2: '0.0', 3: '1.7328621078878674', 4: 323.04640312952995} 
{0: '0.45646437994722955', 1: '0.0', 2: '0.0', 3: '1.6301766616608926', 4: 330.3579877466117} 
{0: '0.45526315789473687', 1: '0.0', 2: '0.0', 3: '1.6301766616608926', 4: 319.9131651716113} 
{0: '0.4540682414698163', 1: '0.0', 2: '0.0', 3: '1.6301766616608926', 4: 321.90634339966783} 
{0: '0.45287958115183247', 1: '0.0', 2: '0.0', 3: '1.6301766616608926', 4: 328.0482734259685} 
{0: '0.45430809399477806', 1: '0.0', 2: '0.0', 3: '1.7328621078878674', 4: 329.4729909997062} 
{0: '0.453125', 1: '0.0', 2: '0.0', 3: '1.7328621078878674', 4: 323.2294176150227} 
{0: '0.45454545454545453', 1: '0.0', 2: '0.0', 3: '1.6301766616608926', 4: 314.9552231015106} 
{0: '0.4533678756476684', 1: '0.0', 2: '0.0', 3: '1.6301766616608926', 4: 320.26456587635226} 
{0: '0.45478036175710596', 1: '0.0', 2: '0.0', 3: '1.7328621078878674', 4: 321.6854028253069} 
{0: '0.4536082474226804', 1: '0.0', 2: '0.0', 3: '1.7328621078878674', 4: 315.06827984734986} 
{0: '0.455012853470437', 1: '0.0', 2: '0.0', 3: '1.6301766616608926', 4: 333.535918026947} 
{0: '0.45384615384615384', 1: '0.0', 2: '0.0', 3: '1.6301766616608926', 4: 319.6958741455711} 
{0: '0.45268542199488493', 1: '0.0', 2: '0.0', 3: '1.6301766616608926', 4: 328.1292838817623} 
{0: '0.45153061224489793', 1: '0.0', 2: '0.0', 3: '1.6301766616608926', 4: 331.0503103225274} 
{0: '0.4529262086513995', 1: '0.0', 2: '0.0', 3: '1.7328621078878674', 4: 337.74969464244316} 
{0: '0.4517766497461929', 1: '0.0', 2: '0.0', 3: '1.7328621078878674', 4: 336.22353787435867} 
{0: '0.4531645569620253', 1: '0.0', 2: '0.0', 3: '1.6301766616608926', 4: 320.9380906883428} 
{0: '0.45202020202020204', 1: '0.0', 2: '0.0', 3: '1.6301766616608926', 4: 319.64507264244344} 
{0: '0.4508816120906801', 1: '0.0', 2: '0.0', 3: '1.6301766616608926', 4: 320.050514190331} 
{0: '0.44974874371859297', 1: '0.0', 2: '0.0', 3: '1.6301766616608926', 4: 328.87216957999544} 
{0: '0.45112781954887216', 1: '0.0', 2: '0.0', 3: '1.7328621078878674', 4: 321.76421384849397} 
{0: '0.45', 1: '0.0', 2: '0.0', 3: '1.7328621078878674', 4: 315.9082230142493} 
{0: '0.4513715710723192', 1: '0.0', 2: '0.0', 3: '1.6301766616608926', 4: 317.14271844655053} 
{0: '0.4502487562189055', 1: '0.0', 2: '0.0', 3: '1.6301766616608926', 4: 320.5175401924049} 
{0: '0.45161290322580644', 1: '0.0', 2: '0.0', 3: '1.7328621078878674', 4: 322.70314299711333} 
{0: '0.4504950495049505', 1: '0.0', 2: '0.0', 3: '1.7328621078878674', 4: 324.9604030299883} 
{0: '0.45185185185185184', 1: '0.0', 2: '0.0', 3: '1.6301766616608926', 4: 328.07666149929173} 
{0: '0.45073891625615764', 1: '0.0', 2: '0.0', 3: '1.6301766616608926', 4: 325.33128834951196} 
{0: '0.4520884520884521', 1: '0.0', 2: '0.0', 3: '1.7328621078878674', 4: 332.5874133484852} 
{0: '0.45098039215686275', 1: '0.0', 2: '0.0', 3: '1.7328621078878674', 4: 329.9535821062688} 
{0: '0.45232273838630804', 1: '0.0', 2: '0.0', 3: '1.6301766616608926', 4: 326.1262103013068} 
{0: '0.45121951219512196', 1: '0.0', 2: '0.0', 3: '1.6301766616608926', 4: 328.67808165649046} 
{0: '0.45255474452554745', 1: '0.0', 2: '0.0', 3: '1.7328621078878674', 4: 322.43845630299137} 
{0: '0.45145631067961167', 1: '0.0', 2: '0.0', 3: '1.7328621078878674', 4: 319.8483309599328} 
{0: '0.45278450363196127', 1: '0.0', 2: '0.0', 3: '1.6301766616608926', 4: 326.3961052076648} 
{0: '0.45169082125603865', 1: '0.0', 2: '0.0', 3: '1.6301766616608926', 4: 325.1129960408994} 
{0: '0.4530120481927711', 1: '0.0', 2: '0.0', 3: '1.7328621078878674', 4: 321.4542649982683} 
{0: '0.4519230769230769', 1: '0.0', 2: '0.0', 3: '1.7328621078878674', 4: 326.0500561744002} 
{0: '0.45323741007194246', 1: '0.0', 2: '0.0', 3: '1.6301766616608926', 4: 338.79796345488234} 
{0: '0.45215311004784686', 1: '0.0', 2: '0.0', 3: '1.6301766616608926', 4: 325.45424106456244} 
{0: '0.45346062052505964', 1: '0.0', 2: '0.0', 3: '1.7328621078878674', 4: 343.11507057136606} 
{0: '0.4523809523809524', 1: '0.0', 2: '0.0', 3: '1.7328621078878674', 4: 336.4768685691917} 
{0: '0.45368171021377673', 1: '0.0', 2: '0.0', 3: '1.6301766616608926', 4: 325.4139765708001} 
{0: '0.45260663507109006', 1: '0.0', 2: '0.0', 3: '1.6301766616608926', 4: 328.6817479555544} 
{0: '0.45390070921985815', 1: '0.0', 2: '0.0', 3: '1.7328621078878674', 4: 328.87910425642167} 
{0: '0.4528301886792453', 1: '0.0', 2: '0.0', 3: '1.7328621078878674', 4: 330.172549973679} 
{0: '0.4541176470588235', 1: '0.0', 2: '0.0', 3: '1.6301766616608926', 4: 321.50666214633395} 
{0: '0.45305164319248825', 1: '0.0', 2: '0.0', 3: '1.6301766616608926', 4: 329.2420436267845} 
{0: '0.45433255269320844', 1: '0.0', 2: '0.0', 3: '1.7328621078878674', 4: 322.82055151230287} 
{0: '0.45560747663551404', 1: '0.0', 2: '0.0', 3: '1.842015749320195', 4: 326.0416167230659} 
{0: '0.45454545454545453', 1: '0.0', 2: '0.0', 3: '1.842015749320195', 4: 336.5737870005011} 
{0: '0.4558139534883721', 1: '0.0', 2: '0.0', 3: '1.7328621078878674', 4: 327.117830689874} 
{0: '0.45707656612529', 1: '0.0', 2: '0.0', 3: '1.6301766616608926', 4: 333.0237324471674} 
{0: '0.45601851851851855', 1: '0.0', 2: '0.0', 3: '1.6301766616608926', 4: 319.84708522943106} 
{0: '0.45727482678983833', 1: '0.0', 2: '0.0', 3: '1.7328621078878674', 4: 327.9777599293619} 
{0: '0.45622119815668205', 1: '0.0', 2: '0.0', 3: '1.7328621078878674', 4: 322.27047222104477} 
{0: '0.45517241379310347', 1: '0.0', 2: '0.0', 3: '1.7328621078878674', 4: 325.5442025851528} 
{0: '0.4541284403669725', 1: '0.0', 2: '0.0', 3: '1.7328621078878674', 4: 326.19256114344125} 
{0: '0.45537757437070936', 1: '0.0', 2: '0.0', 3: '1.6301766616608926', 4: 323.26788054031266} 
{0: '0.454337899543379', 1: '0.0', 2: '0.0', 3: '1.6301766616608926', 4: 317.46670202051195} 
{0: '0.45558086560364464', 1: '0.0', 2: '0.0', 3: '1.7328621078878674', 4: 331.1116560585209} 
{0: '0.45454545454545453', 1: '0.0', 2: '0.0', 3: '1.7328621078878674', 4: 325.6512076414081} 
{0: '0.4557823129251701', 1: '0.0', 2: '0.0', 3: '1.6301766616608926', 4: 322.6823330895737} 
{0: '0.45701357466063347', 1: '0.0', 2: '0.0', 3: '1.5335761201812925', 4: 324.76935432353616} 
{0: '0.45598194130925507', 1: '0.0', 2: '0.0', 3: '1.5335761201812925', 4: 330.09119110460716} 
{0: '0.4572072072072072', 1: '0.0', 2: '0.0', 3: '1.6301766616608926', 4: 331.4860664008175} 
{0: '0.4584269662921348', 1: '0.0', 2: '0.0', 3: '1.7328621078878674', 4: 321.66755348250024} 
{0: '0.45739910313901344', 1: '0.0', 2: '0.0', 3: '1.7328621078878674', 4: 322.2085325062556} 
{0: '0.45861297539149887', 1: '0.0', 2: '0.0', 3: '1.6301766616608926', 4: 324.98123467634025} 
{0: '0.4575892857142857', 1: '0.0', 2: '0.0', 3: '1.6301766616608926', 4: 322.01464024729495} 
{0: '0.45879732739420936', 1: '0.0', 2: '0.0', 3: '1.7328621078878674', 4: 326.39583272370146} 
{0: '0.4577777777777778', 1: '0.0', 2: '0.0', 3: '1.7328621078878674', 4: 328.498536716226} 
{0: '0.458980044345898', 1: '0.0', 2: '0.0', 3: '1.6301766616608926', 4: 328.8014302095833} 
{0: '0.4579646017699115', 1: '0.0', 2: '0.0', 3: '1.6301766616608926', 4: 328.9593890486311} 
{0: '0.45916114790286977', 1: '0.0', 2: '0.0', 3: '1.7328621078878674', 4: 327.0407712637317} 
{0: '0.4581497797356828', 1: '0.0', 2: '0.0', 3: '1.7328621078878674', 4: 325.55949385397673} 
{0: '0.4593406593406593', 1: '0.0', 2: '0.0', 3: '1.6301766616608926', 4: 317.64915085928607} 
{0: '0.4605263157894737', 1: '0.0', 2: '0.0', 3: '1.5335761201812925', 4: 318.2355843084453} 
{0: '0.45951859956236324', 1: '0.0', 2: '0.0', 3: '1.5335761201812925', 4: 328.62834897586833} 
{0: '0.4606986899563319', 1: '0.0', 2: '0.0', 3: '1.6301766616608926', 4: 326.3381200299469} 
{0: '0.4596949891067538', 1: '0.0', 2: '0.0', 3: '1.6301766616608926', 4: 323.59286352259716} 
{0: '0.45869565217391306', 1: '0.0', 2: '0.0', 3: '1.6301766616608926', 4: 323.13387060233646} 
{0: '0.4598698481561822', 1: '0.0', 2: '0.0', 3: '1.7328621078878674', 4: 335.78935443278493} 
{0: '0.4588744588744589', 1: '0.0', 2: '0.0', 3: '1.7328621078878674', 4: 325.21624074742937} 
{0: '0.46004319654427644', 1: '0.0', 2: '0.0', 3: '1.6301766616608926', 4: 324.6789966999564} 
{0: '0.45905172413793105', 1: '0.0', 2: '0.0', 3: '1.6301766616608926', 4: 334.72966494528634} 
{0: '0.46021505376344085', 1: '0.0', 2: '0.0', 3: '1.7328621078878674', 4: 332.1341072198951} 
{0: '0.4592274678111588', 1: '0.0', 2: '0.0', 3: '1.7328621078878674', 4: 333.8194975470935} 
{0: '0.4603854389721627', 1: '0.0', 2: '0.0', 3: '1.6301766616608926', 4: 334.7270971015165} 
{0: '0.4594017094017094', 1: '0.0', 2: '0.0', 3: '1.6301766616608926', 4: 323.66827481763517} 
{0: '0.4605543710021322', 1: '0.0', 2: '0.0', 3: '1.7328621078878674', 4: 325.46026472629376} 
{0: '0.4595744680851064', 1: '0.0', 2: '0.0', 3: '1.7328621078878674', 4: 327.13012395026794} 
{0: '0.4607218683651805', 1: '0.0', 2: '0.0', 3: '1.6301766616608926', 4: 326.90401502955854} 
{0: '0.4597457627118644', 1: '0.0', 2: '0.0', 3: '1.6301766616608926', 4: 326.5428700155833} 
{0: '0.4587737843551797', 1: '0.0', 2: '0.0', 3: '1.6301766616608926', 4: 322.21946081219807} 
{0: '0.4578059071729958', 1: '0.0', 2: '0.0', 3: '1.6301766616608926', 4: 325.79938279716436} 
{0: '0.4589473684210526', 1: '0.0', 2: '0.0', 3: '1.7328621078878674', 4: 319.20310037664103} 
{0: '0.4579831932773109', 1: '0.0', 2: '0.0', 3: '1.7328621078878674', 4: 321.52669912438125} 
{0: '0.4591194968553459', 1: '0.0', 2: '0.0', 3: '1.6301766616608926', 4: 325.8594643140475} 
{0: '0.4581589958158996', 1: '0.0', 2: '0.0', 3: '1.6301766616608926', 4: 322.2606947815499} 
{0: '0.4592901878914405', 1: '0.0', 2: '0.0', 3: '1.7328621078878674', 4: 333.9920394981403} 
{0: '0.4583333333333333', 1: '0.0', 2: '0.0', 3: '1.7328621078878674', 4: 327.3552840834261} 
{0: '0.4594594594594595', 1: '0.0', 2: '0.0', 3: '1.6301766616608926', 4: 316.48404662829074} 
{0: '0.45850622406639', 1: '0.0', 2: '0.0', 3: '1.6301766616608926', 4: 319.00647983699486} 
{0: '0.45962732919254656', 1: '0.0', 2: '0.0', 3: '1.7328621078878674', 4: 319.65168104833197} 
{0: '0.45867768595041325', 1: '0.0', 2: '0.0', 3: '1.7328621078878674', 4: 321.03257481799847} 
{0: '0.45979381443298967', 1: '0.0', 2: '0.0', 3: '1.6301766616608926', 4: 335.9426449264645} 
{0: '0.4588477366255144', 1: '0.0', 2: '0.0', 3: '1.6301766616608926', 4: 338.1821864093496} 
{0: '0.459958932238193', 1: '0.0', 2: '0.0', 3: '1.7328621078878674', 4: 336.1449743590476} 
{0: '0.4610655737704918', 1: '0.0', 2: '0.0', 3: '1.842015749320195', 4: 327.17344168079137} 
{0: '0.4621676891615542', 1: '0.0', 2: '0.0', 3: '1.958045020027179', 4: 321.16645366232524} 
{0: '0.46122448979591835', 1: '0.0', 2: '0.0', 3: '1.958045020027179', 4: 320.5603585856489} 
{0: '0.4623217922606925', 1: '0.0', 2: '0.0', 3: '1.842015749320195', 4: 318.41714463743546} 
{0: '0.4634146341463415', 1: '0.0', 2: '0.0', 3: '1.7328621078878674', 4: 316.8613586658284} 
{0: '0.4645030425963489', 1: '0.0', 2: '0.0', 3: '1.6301766616608926', 4: 318.7927125078858} 
{0: '0.46558704453441296', 1: '0.0', 2: '0.0', 3: '1.5335761201812925', 4: 323.48334094506265} 
{0: '0.46464646464646464', 1: '0.0', 2: '0.0', 3: '1.5335761201812925', 4: 324.1952446133082} 
{0: '0.4657258064516129', 1: '0.0', 2: '0.0', 3: '1.6301766616608926', 4: 321.13724475588094} 
{0: '0.46680080482897385', 1: '0.0', 2: '0.0', 3: '1.7328621078878674', 4: 333.33255373644414} 
{0: '0.46586345381526106', 1: '0.0', 2: '0.0', 3: '1.7328621078878674', 4: 325.04920589015916} 
{0: '0.46693386773547096', 1: '0.0', 2: '0.0', 3: '1.6301766616608926', 4: 327.72117064706623} 
