{'STAT2HEADER': 'STAT2HEADER', 'STAT2HEADER_ENVIRON': 'environ({\'OMPI_MCA_pmix\': \'^s1,s2,cray,isolated\', \'PMIX_MCA_mca_base_component_show_load_errors\': \'1\', \'OMPI_COMMAND\': \'python3\', \'OMPI_ARGV\': \'static_snapshot.py 2 1min\', \'OMPI_MCA_orte_precondition_transports\': \'a501bb9fe828f0c7-7e9cb0a68e679031\', \'LD_LIBRARY_PATH\': \'/salilab/diva1/programs/x86_64linux/numpy-py36-1.19.5/lib:/salilab/diva1/home/libs/x86_64/centos8:/salilab/diva1/home/libs/x86_64:/salilab/diva1/home/imp/main/20240607-af6f9d6a95/lib/release8:/salilab/diva1/programs/x86_64linux/opencv-4.3.0/lib64/rhel:/salilab/diva1/programs/x86_64linux/opencv-4.3.0/lib64:/salilab/diva1/programs/x86_64linux/hdf5-1.10.7/lib:/salilab/diva1/programs/x86_64linux/libtau-py27-1.0.1/lib64:/salilab/diva1/programs/x86_64linux/boost-1.73.0/lib64:/usr/lib64/openmpi/lib:/wynton/group/sali/miha_rozic/Software/imp-develop/build/lib::\', \'IMP_TMP_DIR\': \'/wynton/group/sali/miha_rozic/Software/imp-develop/build/tmp\', \'PE_HOSTFILE\': \'/var/spool/sge/wynton/qb3-id290/active_jobs/708617.1/pe_hostfile\', \'__LMOD_REF_COUNT_PATH\': \'/salilab/diva1/programs/x86_64linux/numpy-py36-1.19.5/bin:1;/salilab/diva1/home/imp/main/20240607-af6f9d6a95/bin/release8:1;/salilab/diva1/programs/x86_64linux/opencv-4.3.0/bin:1;/salilab/diva1/programs/x86_64linux/hdf5-1.10.7/bin:1;/usr/lib64/openmpi/bin:1;/wynton/home/sali/rozicmiha/.local/bin:1;/wynton/home/sali/rozicmiha/bin:1;/wynton/group/sali/miha_rozic/Software/imp-develop/build/bin:1;/wynton/group/sali/miha_rozic/Software/imp-develop/build/module_bin/EMageFit:1;/wynton/group/sali/miha_rozic/Software/imp-develop/build/module_bin/algebra:1;/wynton/group/sali/miha_rozic/Software/imp-develop/build/module_bin/atom:1;/wynton/group/sali/miha_rozic/Software/imp-develop/build/module_bin/benchmark:1;/wynton/group/sali/miha_rozic/Software/imp-develop/build/module_bin/cgal:1;/wynton/group/sali/miha_rozic/Software/imp-develop/build/module_bin/cnmultifit:1;/wynton/group/sali/miha_rozic/Software/imp-develop/build/module_bin/container:1;/wynton/group/sali/miha_rozic/Software/imp-develop/build/module_bin/core:1;/wynton/group/sali/miha_rozic/Software/imp-develop/build/module_bin/display:1;/wynton/group/sali/miha_rozic/Software/imp-develop/build/module_bin/domino:1;/wynton/group/sali/miha_rozic/Software/imp-develop/build/module_bin/em:1;/wynton/group/sali/miha_rozic/Software/imp-develop/build/module_bin/em2d:1;/wynton/group/sali/miha_rozic/Software/imp-develop/build/module_bin/example:1;/wynton/group/sali/miha_rozic/Software/imp-develop/build/module_bin/foxs:1;/wynton/group/sali/miha_rozic/Software/imp-develop/build/module_bin/gsl:1;/wynton/group/sali/miha_rozic/Software/imp-develop/build/module_bin/integrative_docking:1;/wynton/group/sali/miha_rozic/Software/imp-develop/build/module_bin/isd:1;/wynton/group/sali/miha_rozic/Software/imp-develop/build/module_bin/kernel:1;/wynton/group/sali/miha_rozic/Software/imp-develop/build/module_bin/kinematics:1;/wynton/group/sali/miha_rozic/Software/imp-develop/build/module_bin/kmeans:1;/wynton/group/sali/miha_rozic/Software/imp-develop/build/module_bin/misc:1;/wynton/group/sali/miha_rozic/Software/imp-develop/build/module_bin/mmcif:1;/wynton/group/sali/miha_rozic/Software/imp-develop/build/module_bin/modeller:1;/wynton/group/sali/miha_rozic/Software/imp-develop/build/module_bin/mpi:1;/wynton/group/sali/miha_rozic/Software/imp-develop/build/module_bin/multi_state:1;/wynton/group/sali/miha_rozic/Software/imp-develop/build/module_bin/multifit:1;/wynton/group/sali/miha_rozic/Software/imp-develop/build/module_bin/npc:1;/wynton/group/sali/miha_rozic/Software/imp-develop/build/module_bin/npcassembly:1;/wynton/group/sali/miha_rozic/Software/imp-develop/build/module_bin/parallel:1;/wynton/group/sali/miha_rozic/Software/imp-develop/build/module_bin/pepdock:1;/wynton/group/sali/miha_rozic/Software/imp-develop/build/module_bin/pmi:1;/wynton/group/sali/miha_rozic/Software/imp-develop/build/module_bin/rmf:1;/wynton/group/sali/miha_rozic/Software/imp-develop/build/module_bin/rotamer:1;/wynton/group/sali/miha_rozic/Software/imp-develop/build/module_bin/saxs:1;/wynton/group/sali/miha_rozic/Software/imp-develop/build/module_bin/saxs_merge:1;/wynton/group/sali/miha_rozic/Software/imp-develop/build/module_bin/score_functor:1;/wynton/group/sali/miha_rozic/Software/imp-develop/build/module_bin/scratch:1;/wynton/group/sali/miha_rozic/Software/imp-develop/build/module_bin/spb:1;/wynton/group/sali/miha_rozic/Software/imp-develop/build/module_bin/statistics:1;/wynton/group/sali/miha_rozic/Software/imp-develop/build/module_bin/symmetry:1;/wynton/group/sali/miha_rozic/Software/imp-develop/build/module_bin/test:1;/opt/sge/bin:1;/opt/sge/bin/lx-amd64:1;/scratch/708617.1.member.q:1;/usr/local/bin:1;/bin:1;/usr/bin:1;/usr/local/sbin:1;/usr/sbin:1\', \'_ModuleTable002_\': \'fSwKc3RhY2tEZXB0aCA9IDEsCnN0YXR1cyA9ICJhY3RpdmUiLAp1c2VyTmFtZSA9ICJib29zdC8xLjczLjAiLAp3ViA9ICIwMDAwMDAwMDEuMDAwMDAwMDczLip6ZmluYWwiLAp9LApoZGY1ID0gewpmbiA9ICIvc2FsaWxhYi9kaXZhMS9ob21lL21vZHVsZXMvaGRmNS8xLjEwLjciLApmdWxsTmFtZSA9ICJoZGY1LzEuMTAuNyIsCmxvYWRPcmRlciA9IDUsCnByb3BUID0ge30sCnN0YWNrRGVwdGggPSAyLApzdGF0dXMgPSAiYWN0aXZlIiwKdXNlck5hbWUgPSAiaGRmNS8xLjEwLjciLAp3ViA9ICIwMDAwMDAwMDEuMDAwMDAwMDEwLjAwMDAwMDAwNy4qemZpbmFsIiwKfSwKaW1wID0gewpmbiA9ICIvc2FsaWxhYi9kaXZhMS9ob21lL21vZHVsZXMvaW1wLzIuMjEuMCIsCmZ1bGxO\', \'IMP_DIR\': \'/salilab/diva1/home/imp/main/20240607-af6f9d6a95/lib/release8/cmake/IMP\', \'QUEUE\': \'member.q\', \'GOTO_NUM_THREADS\': \'1\', \'MPI_PYTHON3_SITEARCH\': \'/usr/lib64/python3.6/site-packages/openmpi\', \'LANG\': \'en_US.UTF-8\', \'HISTCONTROL\': \'ignoredups\', \'_ModuleTable008_\': \'cyIsCmZ1bGxOYW1lID0gInNhbGktbGlicmFyaWVzIiwKbG9hZE9yZGVyID0gOCwKcHJvcFQgPSB7fSwKc3RhY2tEZXB0aCA9IDEsCnN0YXR1cyA9ICJhY3RpdmUiLAp1c2VyTmFtZSA9ICJzYWxpLWxpYnJhcmllcyIsCndWID0gIk0uKnpmaW5hbCIsCn0sCn0sCm1wYXRoQSA9IHsKIi9zYWxpbGFiL2RpdmExL2hvbWUvbW9kdWxlcyIsICIvZXRjL21vZHVsZWZpbGVzIiwgIi91c3Ivc2hhcmUvbW9kdWxlZmlsZXMiCiwgIi91c3Ivc2hhcmUvbW9kdWxlZmlsZXMvTGludXgiLCAiL3Vzci9zaGFyZS9tb2R1bGVmaWxlcy9Db3JlIiwgIi91c3Ivc2hhcmUvbG1vZC9sbW9kL21vZHVsZWZpbGVzL0NvcmUiLAp9LApzeXN0ZW1CYXNlTVBBVEggPSAiL2V0Yy9tb2R1bGVmaWxlczovdXNy\', \'SGE_O_HOST\': \'dev1\', \'HOSTNAME\': \'qb3-id290.wynton.ucsf.edu\', \'OPENBLAS_NUM_THREADS\': \'1\', \'__LMOD_REF_COUNT_CMAKE_INCLUDE_PATH\': \'/salilab/diva1/programs/x86_64linux/opencv-4.3.0/include/opencv4:1;/salilab/diva1/programs/x86_64linux/hdf5-1.10.7/include:1;/salilab/diva1/programs/x86_64linux/libtau-py27-1.0.1/include:1;/salilab/diva1/programs/x86_64linux/boost-1.73.0/include:1\', \'SGE_RSH_COMMAND\': \'builtin\', \'ENVIRONMENT\': \'BATCH\', \'IMP_DATA\': \'/wynton/group/sali/miha_rozic/Software/imp-develop/build/data\', \'REQUEST\': \'test1\', \'SGE_STDIN_PATH\': \'/dev/null\', \'SGE_CELL\': \'wynton\', \'_ModuleTable007_\': \'MjEuMyIsCndWID0gIjAwMDAwMDAwMC4wMDAwMDAwMjEuMDAwMDAwMDAzLip6ZmluYWwiLAp9LApbInB5dGhvbjMvc2NpcHkiXSA9IHsKZm4gPSAiL3NhbGlsYWIvZGl2YTEvaG9tZS9tb2R1bGVzL3B5dGhvbjMvc2NpcHkvMS4zLjIiLApmdWxsTmFtZSA9ICJweXRob24zL3NjaXB5LzEuMy4yIiwKbG9hZE9yZGVyID0gMTAsCnByb3BUID0ge30sCnN0YWNrRGVwdGggPSAxLApzdGF0dXMgPSAiYWN0aXZlIiwKdXNlck5hbWUgPSAicHl0aG9uMy9zY2lweS8xLjMuMiIsCndWID0gIjAwMDAwMDAwMS4wMDAwMDAwMDMuMDAwMDAwMDAyLip6ZmluYWwiLAp9LApbInNhbGktbGlicmFyaWVzIl0gPSB7CmZuID0gIi9zYWxpbGFiL2RpdmExL2hvbWUvbW9kdWxlcy9zYWxpLWxpYnJhcmll\', \'CMAKE_INCLUDE_PATH\': \'/salilab/diva1/programs/x86_64linux/opencv-4.3.0/include/opencv4:/salilab/diva1/programs/x86_64linux/hdf5-1.10.7/include:/salilab/diva1/programs/x86_64linux/libtau-py27-1.0.1/include:/salilab/diva1/programs/x86_64linux/boost-1.73.0/include\', \'__LMOD_REF_COUNT_LD_LIBRARY_PATH\': \'/salilab/diva1/programs/x86_64linux/numpy-py36-1.19.5/lib:1;/salilab/diva1/home/libs/x86_64/centos8:1;/salilab/diva1/home/libs/x86_64:1;/salilab/diva1/home/imp/main/20240607-af6f9d6a95/lib/release8:1;/salilab/diva1/programs/x86_64linux/opencv-4.3.0/lib64/rhel:1;/salilab/diva1/programs/x86_64linux/opencv-4.3.0/lib64:1;/salilab/diva1/programs/x86_64linux/hdf5-1.10.7/lib:1;/salilab/diva1/programs/x86_64linux/libtau-py27-1.0.1/lib64:1;/salilab/diva1/programs/x86_64linux/boost-1.73.0/lib64:1;/usr/lib64/openmpi/lib:1;/wynton/group/sali/miha_rozic/Software/imp-develop/build/lib:2;:1\', \'__LMOD_REF_COUNT_PKG_CONFIG_PATH\': \'/usr/lib64/openmpi/lib/pkgconfig:1\', \'_ModuleTable004_\': \'aGFyZS9tb2R1bGVmaWxlcy9tcGkvb3Blbm1waS14ODZfNjQiLApmdWxsTmFtZSA9ICJtcGkvb3Blbm1waS14ODZfNjQiLApsb2FkT3JkZXIgPSAyLApwcm9wVCA9IHt9LApzdGFja0RlcHRoID0gMCwKc3RhdHVzID0gImFjdGl2ZSIsCnVzZXJOYW1lID0gIm1waS9vcGVubXBpLXg4Nl82NCIsCndWID0gIipvcGVubXBpLip4LjAwMDAwMDA4Ni4qXy4wMDAwMDAwNjQuKnpmaW5hbCIsCn0sCm9wZW5jdiA9IHsKZm4gPSAiL3NhbGlsYWIvZGl2YTEvaG9tZS9tb2R1bGVzL29wZW5jdi80LjMuMCIsCmZ1bGxOYW1lID0gIm9wZW5jdi80LjMuMCIsCmxvYWRPcmRlciA9IDYsCnByb3BUID0ge30sCnN0YWNrRGVwdGggPSAxLApzdGF0dXMgPSAiYWN0aXZlIiwKdXNlck5hbWUgPSAib3Bl\', \'__LMOD_REF_COUNT_PYTHONPATH\': \'/salilab/diva1/programs/x86_64linux/scikit-py36-0.21.3/lib64/python3.6/site-packages:1;/salilab/diva1/programs/linux/joblib-0.17.0/lib/python3.6/site-packages:1;/salilab/diva1/programs/x86_64linux/scipy-py36-1.3.2/lib64/python3.6/site-packages:1;/salilab/diva1/programs/x86_64linux/numpy-py36-1.19.5/lib64/python3.6/site-packages:1;/salilab/diva1/home/imp/main/20240607-af6f9d6a95/lib/release8:1;/salilab/diva1/programs/x86_64linux/opencv-4.3.0/lib/python3.6/site-packages:1;/wynton/group/sali/miha_rozic/Software/imp-develop/build/lib:2;:1\', \'which_declare\': \'declare -f\', \'NHOSTS\': \'1\', \'SGE_O_WORKDIR\': \'/wynton/group/sali/miha_rozic/Input_information/SNAPSHOTS/central_directory/snapshot2_1min/run48\', \'USER\': \'rozicmiha\', \'SGE_TASK_ID\': \'undefined\', \'__LMOD_REF_COUNT_CMAKE_LIBRARY_PATH\': \'/salilab/diva1/programs/x86_64linux/opencv-4.3.0/lib64:1;/salilab/diva1/programs/x86_64linux/hdf5-1.10.7/lib:1;/salilab/diva1/programs/x86_64linux/libtau-py27-1.0.1/lib64:1;/salilab/diva1/programs/x86_64linux/boost-1.73.0/lib64:1\', \'SGE_TASK_FIRST\': \'undefined\', \'NSLOTS\': \'16\', \'__LMOD_REF_COUNT_MODULEPATH\': \'/salilab/diva1/home/modules:1;/etc/modulefiles:1;/usr/share/modulefiles:1;/usr/share/modulefiles/Linux:1;/usr/share/modulefiles/Core:1;/usr/share/lmod/lmod/modulefiles/Core:1\', \'PWD\': \'/wynton/group/sali/miha_rozic/Input_information/SNAPSHOTS/central_directory/snapshot2_1min/run48\', \'HOME\': \'/wynton/home/sali/rozicmiha\', \'NQUEUES\': \'1\', \'TMP\': \'/scratch/708617.1.member.q\', \'PE\': \'smp\', \'SGE_O_HOME\': \'/wynton/home/sali/rozicmiha\', \'LMOD_VERSION\': \'8.7.32\', \'JOB_NAME\': \'test1\', \'BASH_ENV\': \'/usr/share/lmod/lmod/init/bash\', \'MPI_FORTRAN_MOD_DIR\': \'/usr/lib64/gfortran/modules/openmpi\', \'SGE_TASK_LAST\': \'undefined\', \'MKL_NUM_THREADS\': \'1\', \'MPI_COMPILER\': \'openmpi-x86_64\', \'SGE_ACCOUNT\': \'sge\', \'SGE_ROOT\': \'/opt/sge\', \'MPI_SUFFIX\': \'_openmpi\', \'TMPDIR\': \'/scratch/708617.1.member.q\', \'RESTARTED\': \'0\', \'LMOD_sys\': \'Linux\', \'_ModuleTable001_\': \'X01vZHVsZVRhYmxlXyA9IHsKTVR2ZXJzaW9uID0gMywKY19yZWJ1aWxkVGltZSA9IGZhbHNlLApjX3Nob3J0VGltZSA9IGZhbHNlLApkZXB0aFQgPSB7fSwKZmFtaWx5ID0ge30sCm1UID0gewpTYWxpID0gewpmbiA9ICIvZXRjL21vZHVsZWZpbGVzL1NhbGkubHVhIiwKZnVsbE5hbWUgPSAiU2FsaSIsCmxvYWRPcmRlciA9IDEsCnByb3BUID0ge30sCnN0YWNrRGVwdGggPSAwLApzdGF0dXMgPSAiYWN0aXZlIiwKdXNlck5hbWUgPSAiU2FsaSIsCndWID0gIk0uKnpmaW5hbCIsCn0sCmJvb3N0ID0gewpmbiA9ICIvc2FsaWxhYi9kaXZhMS9ob21lL21vZHVsZXMvYm9vc3QvMS43My4wIiwKZnVsbE5hbWUgPSAiYm9vc3QvMS43My4wIiwKbG9hZE9yZGVyID0gMywKcHJvcFQgPSB7\', \'LOADEDMODULES\': \'Sali:mpi/openmpi-x86_64:boost/1.73.0:libtau/1.0.1:hdf5/1.10.7:opencv/4.3.0:imp/2.21.0:sali-libraries:python3/numpy/1.19.5:python3/scipy/1.3.2:python3/joblib/0.17.0:python3/scikit/0.21.3\', \'SGE_O_PATH\': \'/salilab/diva1/programs/x86_64linux/numpy-py36-1.19.5/bin:/salilab/diva1/home/imp/main/20240607-af6f9d6a95/bin/release8:/salilab/diva1/programs/x86_64linux/opencv-4.3.0/bin:/salilab/diva1/programs/x86_64linux/hdf5-1.10.7/bin:/wynton/home/sali/rozicmiha/.local/bin:/wynton/home/sali/rozicmiha/bin:/wynton/group/sali/miha_rozic/Software/imp-develop/build/bin:/wynton/group/sali/miha_rozic/Software/imp-develop/build/module_bin/EMageFit:/wynton/group/sali/miha_rozic/Software/imp-develop/build/module_bin/algebra:/wynton/group/sali/miha_rozic/Software/imp-develop/build/module_bin/atom:/wynton/group/sali/miha_rozic/Software/imp-develop/build/module_bin/benchmark:/wynton/group/sali/miha_rozic/Software/imp-develop/build/module_bin/cgal:/wynton/group/sali/miha_rozic/Software/imp-develop/build/module_bin/cnmultifit:/wynton/group/sali/miha_rozic/Software/imp-develop/build/module_bin/container:/wynton/group/sali/miha_rozic/Software/imp-develop/build/module_bin/core:/wynton/group/sali/miha_rozic/Software/imp-develop/build/module_bin/display:/wynton/group/sali/miha_rozic/Software/imp-develop/build/module_bin/domino:/wynton/group/sali/miha_rozic/Software/imp-develop/build/module_bin/em:/wynton/group/sali/miha_rozic/Software/imp-develop/build/module_bin/em2d:/wynton/group/sali/miha_rozic/Software/imp-develop/build/module_bin/example:/wynton/group/sali/miha_rozic/Software/imp-develop/build/module_bin/foxs:/wynton/group/sali/miha_rozic/Software/imp-develop/build/module_bin/gsl:/wynton/group/sali/miha_rozic/Software/imp-develop/build/module_bin/integrative_docking:/wynton/group/sali/miha_rozic/Software/imp-develop/build/module_bin/isd:/wynton/group/sali/miha_rozic/Software/imp-develop/build/module_bin/kernel:/wynton/group/sali/miha_rozic/Software/imp-develop/build/module_bin/kinematics:/wynton/group/sali/miha_rozic/Software/imp-develop/build/module_bin/kmeans:/wynton/group/sali/miha_rozic/Software/imp-develop/build/module_bin/misc:/wynton/group/sali/miha_rozic/Software/imp-develop/build/module_bin/mmcif:/wynton/group/sali/miha_rozic/Software/imp-develop/build/module_bin/modeller:/wynton/group/sali/miha_rozic/Software/imp-develop/build/module_bin/mpi:/wynton/group/sali/miha_rozic/Software/imp-develop/build/module_bin/multi_state:/wynton/group/sali/miha_rozic/Software/imp-develop/build/module_bin/multifit:/wynton/group/sali/miha_rozic/Software/imp-develop/build/module_bin/npc:/wynton/group/sali/miha_rozic/Software/imp-develop/build/module_bin/npcassembly:/wynton/group/sali/miha_rozic/Software/imp-develop/build/module_bin/parallel:/wynton/group/sali/miha_rozic/Software/imp-develop/build/module_bin/pepdock:/wynton/group/sali/miha_rozic/Software/imp-develop/build/module_bin/pmi:/wynton/group/sali/miha_rozic/Software/imp-develop/build/module_bin/rmf:/wynton/group/sali/miha_rozic/Software/imp-develop/build/module_bin/rotamer:/wynton/group/sali/miha_rozic/Software/imp-develop/build/module_bin/saxs:/wynton/group/sali/miha_rozic/Software/imp-develop/build/module_bin/saxs_merge:/wynton/group/sali/miha_rozic/Software/imp-develop/build/module_bin/score_functor:/wynton/group/sali/miha_rozic/Software/imp-develop/build/module_bin/scratch:/wynton/group/sali/miha_rozic/Software/imp-develop/build/module_bin/spb:/wynton/group/sali/miha_rozic/Software/imp-develop/build/module_bin/statistics:/wynton/group/sali/miha_rozic/Software/imp-develop/build/module_bin/symmetry:/wynton/group/sali/miha_rozic/Software/imp-develop/build/module_bin/test:/opt/sge/bin:/opt/sge/bin/lx-amd64:/usr/local/bin:/usr/bin:/usr/local/sbin:/usr/sbin\', \'SGE_O_SHELL\': \'/bin/bash\', \'_ModuleTable006_\': \'bWUgPSAicHl0aG9uMy9udW1weS8xLjE5LjUiLApsb2FkT3JkZXIgPSA5LApwcm9wVCA9IHt9LApzdGFja0RlcHRoID0gMiwKc3RhdHVzID0gImFjdGl2ZSIsCnVzZXJOYW1lID0gInB5dGhvbjMvbnVtcHkvMS4xOS41IiwKd1YgPSAiMDAwMDAwMDAxLjAwMDAwMDAxOS4wMDAwMDAwMDUuKnpmaW5hbCIsCn0sClsicHl0aG9uMy9zY2lraXQiXSA9IHsKZm4gPSAiL3NhbGlsYWIvZGl2YTEvaG9tZS9tb2R1bGVzL3B5dGhvbjMvc2Npa2l0LzAuMjEuMyIsCmZ1bGxOYW1lID0gInB5dGhvbjMvc2Npa2l0LzAuMjEuMyIsCmxvYWRPcmRlciA9IDEyLApwcm9wVCA9IHt9LApzdGFja0RlcHRoID0gMCwKc3RhdHVzID0gImFjdGl2ZSIsCnVzZXJOYW1lID0gInB5dGhvbjMvc2Npa2l0LzAu\', \'__LMOD_REF_COUNT_MANPATH\': \':2;/usr/share/man/openmpi-x86_64:1;/opt/sge/man:1;/usr/share/lmod/lmod/share/man:1\', \'MPI_INCLUDE\': \'/usr/include/openmpi-x86_64\', \'_ModuleTable003_\': \'YW1lID0gImltcC8yLjIxLjAiLApsb2FkT3JkZXIgPSA3LApwcm9wVCA9IHt9LApzdGFja0RlcHRoID0gMCwKc3RhdHVzID0gImFjdGl2ZSIsCnVzZXJOYW1lID0gImltcCIsCndWID0gIl4wMDAwMDAwMi4wMDAwMDAwMjEuKnpmaW5hbCIsCn0sCmxpYnRhdSA9IHsKZm4gPSAiL3NhbGlsYWIvZGl2YTEvaG9tZS9tb2R1bGVzL2xpYnRhdS8xLjAuMSIsCmZ1bGxOYW1lID0gImxpYnRhdS8xLjAuMSIsCmxvYWRPcmRlciA9IDQsCnByb3BUID0ge30sCnN0YWNrRGVwdGggPSAxLApzdGF0dXMgPSAiYWN0aXZlIiwKdXNlck5hbWUgPSAibGlidGF1LzEuMC4xIiwKd1YgPSAiMDAwMDAwMDAxLjAwMDAwMDAwMC4wMDAwMDAwMDEuKnpmaW5hbCIsCn0sCm1waSA9IHsKZm4gPSAiL3Vzci9z\', \'LMOD_ROOT\': \'/usr/share/lmod\', \'SYSTEMCTL_SKIP_REDIRECT\': \'\', \'MAIL\': \'/var/spool/mail/rozicmiha\', \'SGE_CWD_PATH\': \'/wynton/group/sali/miha_rozic/Input_information/SNAPSHOTS/central_directory/snapshot2_1min/run48\', \'MPI_HOME\': \'/usr/lib64/openmpi\', \'_ModuleTable009_\': \'L3NoYXJlL21vZHVsZWZpbGVzOi91c3Ivc2hhcmUvbW9kdWxlZmlsZXMvTGludXg6L3Vzci9zaGFyZS9tb2R1bGVmaWxlcy9Db3JlOi91c3Ivc2hhcmUvbG1vZC9sbW9kL21vZHVsZWZpbGVzL0NvcmUiLAp9Cg==\', \'SGE_TASK_STEPSIZE\': \'undefined\', \'SHELL\': \'/bin/bash\', \'TERM\': \'\', \'_ModuleTable_Sz_\': \'9\', \'SGE_JOB_SPOOL_DIR\': \'/var/spool/sge/wynton/qb3-id290/active_jobs/708617.1\', \'JOB_ID\': \'708617\', \'IMP_EXAMPLE_DATA\': \'/wynton/group/sali/miha_rozic/Software/imp-develop/build/doc/examples\', \'R_FUTURE_AVAILABLECORES_FALLBACK\': \'1\', \'JOB_SCRIPT\': \'/var/spool/sge/wynton/qb3-id290/job_scripts/708617\', \'SHLVL\': \'2\', \'SGE_O_LOGNAME\': \'rozicmiha\', \'SGE_O_MAIL\': \'/var/spool/mail/rozicmiha\', \'PYTHONPATH\': \'/salilab/diva1/programs/x86_64linux/scikit-py36-0.21.3/lib64/python3.6/site-packages:/salilab/diva1/programs/linux/joblib-0.17.0/lib/python3.6/site-packages:/salilab/diva1/programs/x86_64linux/scipy-py36-1.3.2/lib64/python3.6/site-packages:/salilab/diva1/programs/x86_64linux/numpy-py36-1.19.5/lib64/python3.6/site-packages:/salilab/diva1/home/imp/main/20240607-af6f9d6a95/lib/release8:/salilab/diva1/programs/x86_64linux/opencv-4.3.0/lib/python3.6/site-packages:/wynton/group/sali/miha_rozic/Software/imp-develop/build/lib::\', \'MANPATH\': \':/usr/share/man/openmpi-x86_64:/opt/sge/man:/usr/share/lmod/lmod/share/man\', \'MODULEPATH\': \'/salilab/diva1/home/modules:/etc/modulefiles:/usr/share/modulefiles:/usr/share/modulefiles/Linux:/usr/share/modulefiles/Core:/usr/share/lmod/lmod/modulefiles/Core\', \'MPI_SYSCONFIG\': \'/etc/openmpi-x86_64\', \'LOGNAME\': \'rozicmiha\', \'SYSTEMCTL_IGNORE_DEPENDENCIES\': \'\', \'MODULEPATH_ROOT\': \'/usr/share/modulefiles\', \'PATH\': \'/salilab/diva1/programs/x86_64linux/numpy-py36-1.19.5/bin:/salilab/diva1/home/imp/main/20240607-af6f9d6a95/bin/release8:/salilab/diva1/programs/x86_64linux/opencv-4.3.0/bin:/salilab/diva1/programs/x86_64linux/hdf5-1.10.7/bin:/usr/lib64/openmpi/bin:/wynton/home/sali/rozicmiha/.local/bin:/wynton/home/sali/rozicmiha/bin:/wynton/group/sali/miha_rozic/Software/imp-develop/build/bin:/wynton/group/sali/miha_rozic/Software/imp-develop/build/module_bin/EMageFit:/wynton/group/sali/miha_rozic/Software/imp-develop/build/module_bin/algebra:/wynton/group/sali/miha_rozic/Software/imp-develop/build/module_bin/atom:/wynton/group/sali/miha_rozic/Software/imp-develop/build/module_bin/benchmark:/wynton/group/sali/miha_rozic/Software/imp-develop/build/module_bin/cgal:/wynton/group/sali/miha_rozic/Software/imp-develop/build/module_bin/cnmultifit:/wynton/group/sali/miha_rozic/Software/imp-develop/build/module_bin/container:/wynton/group/sali/miha_rozic/Software/imp-develop/build/module_bin/core:/wynton/group/sali/miha_rozic/Software/imp-develop/build/module_bin/display:/wynton/group/sali/miha_rozic/Software/imp-develop/build/module_bin/domino:/wynton/group/sali/miha_rozic/Software/imp-develop/build/module_bin/em:/wynton/group/sali/miha_rozic/Software/imp-develop/build/module_bin/em2d:/wynton/group/sali/miha_rozic/Software/imp-develop/build/module_bin/example:/wynton/group/sali/miha_rozic/Software/imp-develop/build/module_bin/foxs:/wynton/group/sali/miha_rozic/Software/imp-develop/build/module_bin/gsl:/wynton/group/sali/miha_rozic/Software/imp-develop/build/module_bin/integrative_docking:/wynton/group/sali/miha_rozic/Software/imp-develop/build/module_bin/isd:/wynton/group/sali/miha_rozic/Software/imp-develop/build/module_bin/kernel:/wynton/group/sali/miha_rozic/Software/imp-develop/build/module_bin/kinematics:/wynton/group/sali/miha_rozic/Software/imp-develop/build/module_bin/kmeans:/wynton/group/sali/miha_rozic/Software/imp-develop/build/module_bin/misc:/wynton/group/sali/miha_rozic/Software/imp-develop/build/module_bin/mmcif:/wynton/group/sali/miha_rozic/Software/imp-develop/build/module_bin/modeller:/wynton/group/sali/miha_rozic/Software/imp-develop/build/module_bin/mpi:/wynton/group/sali/miha_rozic/Software/imp-develop/build/module_bin/multi_state:/wynton/group/sali/miha_rozic/Software/imp-develop/build/module_bin/multifit:/wynton/group/sali/miha_rozic/Software/imp-develop/build/module_bin/npc:/wynton/group/sali/miha_rozic/Software/imp-develop/build/module_bin/npcassembly:/wynton/group/sali/miha_rozic/Software/imp-develop/build/module_bin/parallel:/wynton/group/sali/miha_rozic/Software/imp-develop/build/module_bin/pepdock:/wynton/group/sali/miha_rozic/Software/imp-develop/build/module_bin/pmi:/wynton/group/sali/miha_rozic/Software/imp-develop/build/module_bin/rmf:/wynton/group/sali/miha_rozic/Software/imp-develop/build/module_bin/rotamer:/wynton/group/sali/miha_rozic/Software/imp-develop/build/module_bin/saxs:/wynton/group/sali/miha_rozic/Software/imp-develop/build/module_bin/saxs_merge:/wynton/group/sali/miha_rozic/Software/imp-develop/build/module_bin/score_functor:/wynton/group/sali/miha_rozic/Software/imp-develop/build/module_bin/scratch:/wynton/group/sali/miha_rozic/Software/imp-develop/build/module_bin/spb:/wynton/group/sali/miha_rozic/Software/imp-develop/build/module_bin/statistics:/wynton/group/sali/miha_rozic/Software/imp-develop/build/module_bin/symmetry:/wynton/group/sali/miha_rozic/Software/imp-develop/build/module_bin/test:/opt/sge/bin:/opt/sge/bin/lx-amd64:/scratch/708617.1.member.q:/usr/local/bin:/bin:/usr/bin:/usr/local/sbin:/usr/sbin\', \'MPI_BIN\': \'/usr/lib64/openmpi/bin\', \'SGE_STDERR_PATH\': \'/wynton/group/sali/miha_rozic/Input_information/SNAPSHOTS/central_directory/snapshot2_1min/run48/test1.o708617\', \'_LMFILES_\': \'/etc/modulefiles/Sali.lua:/usr/share/modulefiles/mpi/openmpi-x86_64:/salilab/diva1/home/modules/boost/1.73.0:/salilab/diva1/home/modules/libtau/1.0.1:/salilab/diva1/home/modules/hdf5/1.10.7:/salilab/diva1/home/modules/opencv/4.3.0:/salilab/diva1/home/modules/imp/2.21.0:/salilab/diva1/home/modules/sali-libraries:/salilab/diva1/home/modules/python3/numpy/1.19.5:/salilab/diva1/home/modules/python3/scipy/1.3.2:/salilab/diva1/home/modules/python3/joblib/0.17.0:/salilab/diva1/home/modules/python3/scikit/0.21.3\', \'DEBUGINFOD_URLS\': \'https://debuginfod.centos.org/ \', \'MODULESHOME\': \'/usr/share/lmod/lmod\', \'PKG_CONFIG_PATH\': \'/usr/lib64/openmpi/lib/pkgconfig\', \'LMOD_SETTARG_FULL_SUPPORT\': \'no\', \'HISTSIZE\': \'1000\', \'SGE_ARCH\': \'lx-amd64\', \'LMOD_PKG\': \'/usr/share/lmod/lmod\', \'CMAKE_LIBRARY_PATH\': \'/salilab/diva1/programs/x86_64linux/opencv-4.3.0/lib64:/salilab/diva1/programs/x86_64linux/hdf5-1.10.7/lib:/salilab/diva1/programs/x86_64linux/libtau-py27-1.0.1/lib64:/salilab/diva1/programs/x86_64linux/boost-1.73.0/lib64\', \'ARC\': \'lx-amd64\', \'MPI_LIB\': \'/usr/lib64/openmpi/lib\', \'SGE_BINARY_PATH\': \'/opt/sge/bin/lx-amd64\', \'SGE_STDOUT_PATH\': \'/wynton/group/sali/miha_rozic/Input_information/SNAPSHOTS/central_directory/snapshot2_1min/run48/test1.o708617\', \'_ModuleTable005_\': \'bmN2LzQuMy4wIiwKd1YgPSAiMDAwMDAwMDA0LjAwMDAwMDAwMy4qemZpbmFsIiwKfSwKWyJweXRob24zL2pvYmxpYiJdID0gewpmbiA9ICIvc2FsaWxhYi9kaXZhMS9ob21lL21vZHVsZXMvcHl0aG9uMy9qb2JsaWIvMC4xNy4wIiwKZnVsbE5hbWUgPSAicHl0aG9uMy9qb2JsaWIvMC4xNy4wIiwKbG9hZE9yZGVyID0gMTEsCnByb3BUID0ge30sCnN0YWNrRGVwdGggPSAxLApzdGF0dXMgPSAiYWN0aXZlIiwKdXNlck5hbWUgPSAicHl0aG9uMy9qb2JsaWIiLAp3ViA9ICIwMDAwMDAwMDAuMDAwMDAwMDE3Lip6ZmluYWwiLAp9LApbInB5dGhvbjMvbnVtcHkiXSA9IHsKZm4gPSAiL3NhbGlsYWIvZGl2YTEvaG9tZS9tb2R1bGVzL3B5dGhvbjMvbnVtcHkvMS4xOS41IiwKZnVsbE5h\', \'LMOD_CMD\': \'/usr/share/lmod/lmod/libexec/lmod\', \'REQNAME\': \'test1\', \'IMP_BIN_DIR\': \'/wynton/group/sali/miha_rozic/Software/imp-develop/build/bin\', \'MPI_MAN\': \'/usr/share/man/openmpi-x86_64\', \'LESSOPEN\': \'||/usr/bin/lesspipe.sh %s\', \'OMP_NUM_THREADS\': \'1\', \'SGE_CLUSTER_NAME\': \'wynton_cluster\', \'LMOD_DIR\': \'/usr/share/lmod/lmod/libexec\', \'BASH_FUNC_which%%\': \'() {  ( alias;\\n eval ${which_declare} ) | /usr/bin/which --tty-only --read-alias --read-functions --show-tilde --show-dot $@\\n}\', \'BASH_FUNC_module%%\': \'() {  if [ -z "${LMOD_SH_DBG_ON+x}" ]; then\\n case "$-" in \\n *v*x*)\\n __lmod_sh_dbg=\\\'vx\\\'\\n ;;\\n *v*)\\n __lmod_sh_dbg=\\\'v\\\'\\n ;;\\n *x*)\\n __lmod_sh_dbg=\\\'x\\\'\\n ;;\\n esac;\\n fi;\\n if [ -n "${__lmod_sh_dbg:-}" ]; then\\n set +$__lmod_sh_dbg;\\n echo "Shell debugging temporarily silenced: export LMOD_SH_DBG_ON=1 for Lmod\\\'s output" 1>&2;\\n fi;\\n eval "$($LMOD_CMD shell "$@")" && eval "$(${LMOD_SETTARG_CMD:-:} -s sh)";\\n __lmod_my_status=$?;\\n if [ -n "${__lmod_sh_dbg:-}" ]; then\\n echo "Shell debugging restarted" 1>&2;\\n set -$__lmod_sh_dbg;\\n fi;\\n unset __lmod_sh_dbg;\\n return $__lmod_my_status\\n}\', \'BASH_FUNC_ml%%\': \'() {  eval "$($LMOD_DIR/ml_cmd "$@")"\\n}\', \'_\': \'/usr/lib64/openmpi/bin/mpirun\', \'IPATH_NO_BACKTRACE\': \'1\', \'HFI_NO_BACKTRACE\': \'1\', \'OMPI_MCA_orte_local_daemon_uri\': \'1321336832.0;tcp://172.26.39.40:42215\', \'OMPI_MCA_orte_hnp_uri\': \'1321336832.0;tcp://172.26.39.40:42215\', \'OMPI_MCA_mpi_oversubscribe\': \'0\', \'OMPI_MCA_orte_app_num\': \'0\', \'OMPI_UNIVERSE_SIZE\': \'16\', \'OMPI_MCA_orte_num_nodes\': \'1\', \'OMPI_MCA_shmem_RUNTIME_QUERY_hint\': \'mmap\', \'OMPI_MCA_orte_bound_at_launch\': \'1\', \'OMPI_MCA_ess\': \'^singleton\', \'OMPI_MCA_orte_ess_num_procs\': \'16\', \'OMPI_COMM_WORLD_SIZE\': \'16\', \'OMPI_COMM_WORLD_LOCAL_SIZE\': \'16\', \'OMPI_MCA_orte_tmpdir_base\': \'/scratch/708617.1.member.q\', \'OMPI_MCA_orte_top_session_dir\': \'/scratch/708617.1.member.q/ompi.qb3-id290.11149\', \'OMPI_MCA_orte_jobfam_session_dir\': \'/scratch/708617.1.member.q/ompi.qb3-id290.11149/pid.2491004\', \'OMPI_NUM_APP_CTX\': \'1\', \'OMPI_FIRST_RANKS\': \'0\', \'OMPI_APP_CTX_NUM_PROCS\': \'16\', \'OMPI_MCA_initial_wdir\': \'/wynton/group/sali/miha_rozic/Input_information/SNAPSHOTS/central_directory/snapshot2_1min/run48\', \'OMPI_MCA_orte_launch\': \'1\', \'PMIX_NAMESPACE\': \'1321336833\', \'PMIX_RANK\': \'9\', \'PMIX_SERVER_URI2\': \'1321336832.0;tcp4://127.0.0.1:46255\', \'PMIX_SERVER_URI21\': \'1321336832.0;tcp4://127.0.0.1:46255\', \'PMIX_SECURITY_MODE\': \'native,none\', \'PMIX_PTL_MODULE\': \'tcp,usock\', \'PMIX_BFROP_BUFFER_TYPE\': \'PMIX_BFROP_BUFFER_NON_DESC\', \'PMIX_GDS_MODULE\': \'ds21,ds12,hash\', \'PMIX_SERVER_TMPDIR\': \'/scratch/708617.1.member.q/ompi.qb3-id290.11149/pid.2491004\', \'PMIX_SYSTEM_TMPDIR\': \'/scratch/708617.1.member.q\', \'PMIX_DSTORE_21_BASE_PATH\': \'/scratch/708617.1.member.q/ompi.qb3-id290.11149/pid.2491004/pmix_dstor_ds21_2491004\', \'PMIX_DSTORE_ESH_BASE_PATH\': \'/scratch/708617.1.member.q/ompi.qb3-id290.11149/pid.2491004/pmix_dstor_ds12_2491004\', \'OMPI_MCA_ess_base_jobid\': \'1321336833\', \'OMPI_MCA_ess_base_vpid\': \'9\', \'OMPI_COMM_WORLD_RANK\': \'9\', \'OMPI_COMM_WORLD_LOCAL_RANK\': \'9\', \'OMPI_COMM_WORLD_NODE_RANK\': \'9\', \'OMPI_MCA_orte_ess_node_rank\': \'9\', \'PMIX_ID\': \'1321336833.9\', \'OMPI_FILE_LOCATION\': \'/scratch/708617.1.member.q/ompi.qb3-id290.11149/pid.2491004/0/0\', \'KMP_DUPLICATE_LIB_OK\': \'True\', \'KMP_INIT_AT_FORK\': \'FALSE\'})', 'STAT2HEADER_IMP_VERSIONS': "{'IMP_VERSION': '2.21.0', 'PMI_VERSION': '2.21.0'}", 0: 'ReplicaExchange_SwapSuccessRatio', 1: 'ReplicaExchange_MinTempFrequency', 2: 'ReplicaExchange_MaxTempFrequency', 3: 'ReplicaExchange_CurrentTemp', 4: 'score'} 
{0: '0', 1: '0', 2: '0', 3: '1.7328621078878674', 4: inf} 
{0: '0.0', 1: '0.0', 2: '0.0', 3: '1.7328621078878674', 4: inf} 
{0: '0.0', 1: '0.0', 2: '0.0', 3: '1.7328621078878674', 4: inf} 
{0: '0.0', 1: '0.0', 2: '0.0', 3: '1.7328621078878674', 4: inf} 
{0: '0.0', 1: '0.0', 2: '0.0', 3: '1.7328621078878674', 4: inf} 
{0: '0.0', 1: '0.0', 2: '0.0', 3: '1.7328621078878674', 4: inf} 
{0: '0.0', 1: '0.0', 2: '0.0', 3: '1.7328621078878674', 4: 2297.597698254968} 
{0: '0.0', 1: '0.0', 2: '0.0', 3: '1.7328621078878674', 4: 1706.2879332305708} 
{0: '0.0', 1: '0.0', 2: '0.0', 3: '1.7328621078878674', 4: 1114.7264054294446} 
{0: '0.0', 1: '0.0', 2: '0.0', 3: '1.7328621078878674', 4: 671.6421125790276} 
{0: '0.0', 1: '0.0', 2: '0.0', 3: '1.7328621078878674', 4: 635.5127282826053} 
{0: '0.09090909090909091', 1: '0.0', 2: '0.0', 3: '1.6301766616608926', 4: 612.960992381676} 
{0: '0.16666666666666666', 1: '0.0', 2: '0.0', 3: '1.5335761201812925', 4: 602.1493376823079} 
{0: '0.23076923076923078', 1: '0.0', 2: '0.0', 3: '1.4426999059072143', 4: 603.4933513408546} 
{0: '0.2857142857142857', 1: '0.0', 2: '0.0', 3: '1.3572088082974538', 4: 600.3592176795394} 
{0: '0.26666666666666666', 1: '0.0', 2: '0.0', 3: '1.3572088082974538', 4: 578.3256025134772} 
{0: '0.3125', 1: '0.0', 2: '0.0', 3: '1.4426999059072143', 4: 590.3086598507906} 
{0: '0.35294117647058826', 1: '0.0', 2: '0.0', 3: '1.5335761201812925', 4: 587.663827908376} 
{0: '0.3333333333333333', 1: '0.0', 2: '0.0', 3: '1.5335761201812925', 4: 586.6821402450182} 
{0: '0.3684210526315789', 1: '0.0', 2: '0.0', 3: '1.4426999059072143', 4: 589.381572479476} 
{0: '0.4', 1: '0.0', 2: '0.0', 3: '1.3572088082974538', 4: 579.6070403891689} 
{0: '0.38095238095238093', 1: '0.0', 2: '0.0', 3: '1.3572088082974538', 4: 577.3883344660994} 
{0: '0.36363636363636365', 1: '0.0', 2: '0.0', 3: '1.3572088082974538', 4: 579.1955813450472} 
{0: '0.391304347826087', 1: '0.0', 2: '0.0', 3: '1.2767837176518553', 4: 587.8389148240379} 
{0: '0.375', 1: '0.0', 2: '0.0', 3: '1.2767837176518553', 4: 574.9357148697219} 
{0: '0.4', 1: '0.0', 2: '0.0', 3: '1.3572088082974538', 4: 574.479261260463} 
{0: '0.38461538461538464', 1: '0.0', 2: '0.0', 3: '1.3572088082974538', 4: 572.409569912937} 
{0: '0.4074074074074074', 1: '0.0', 2: '0.0', 3: '1.2767837176518553', 4: 524.4336274340787} 
{0: '0.42857142857142855', 1: '0.0', 2: '0.0', 3: '1.2011244339814315', 4: 531.8000931990872} 
{0: '0.4482758620689655', 1: '0.0', 2: '0.0', 3: '1.1299485464621188', 4: 522.6043983904368} 
{0: '0.43333333333333335', 1: '0.0', 2: '0.0', 3: '1.1299485464621188', 4: 523.4725776921853} 
{0: '0.45161290322580644', 1: '0.0', 2: '0.0', 3: '1.2011244339814315', 4: 541.4005802902597} 
{0: '0.46875', 1: '0.0', 2: '0.0', 3: '1.2767837176518553', 4: 525.0068594978975} 
{0: '0.45454545454545453', 1: '0.0', 2: '0.0', 3: '1.2767837176518553', 4: 526.9798579317929} 
{0: '0.47058823529411764', 1: '0.0', 2: '0.0', 3: '1.2011244339814315', 4: 520.3732059841336} 
{0: '0.4857142857142857', 1: '0.0', 2: '0.0', 3: '1.1299485464621188', 4: 522.2361523526336} 
{0: '0.4722222222222222', 1: '0.0', 2: '0.0', 3: '1.1299485464621188', 4: 519.6507855803768} 
{0: '0.4864864864864865', 1: '0.0', 2: '0.0', 3: '1.2011244339814315', 4: 532.3183845098705} 
{0: '0.5', 1: '0.0', 2: '0.0', 3: '1.2767837176518553', 4: 523.0946514151225} 
{0: '0.5128205128205128', 1: '0.0', 2: '0.0', 3: '1.3572088082974538', 4: 537.0385205042259} 
{0: '0.5', 1: '0.0', 2: '0.0', 3: '1.3572088082974538', 4: 534.1553309066572} 
{0: '0.5121951219512195', 1: '0.0', 2: '0.0', 3: '1.2767837176518553', 4: 531.3975506502077} 
{0: '0.5238095238095238', 1: '0.0', 2: '0.0', 3: '1.2011244339814315', 4: 520.979441451474} 
{0: '0.5348837209302325', 1: '0.0', 2: '0.0', 3: '1.1299485464621188', 4: 519.8302736258191} 
{0: '0.5227272727272727', 1: '0.0', 2: '0.0', 3: '1.1299485464621188', 4: 522.8387222437952} 
{0: '0.5111111111111111', 1: '0.0', 2: '0.0', 3: '1.1299485464621188', 4: 513.6442909935226} 
{0: '0.5', 1: '0.0', 2: '0.0', 3: '1.1299485464621188', 4: 529.4380365473486} 
{0: '0.5106382978723404', 1: '0.0', 2: '0.0', 3: '1.2011244339814315', 4: 518.2321313366581} 
{0: '0.5', 1: '0.0', 2: '0.0', 3: '1.2011244339814315', 4: 519.8131714641187} 
{0: '0.5102040816326531', 1: '0.0', 2: '0.0', 3: '1.1299485464621188', 4: 522.4524337124085} 
{0: '0.5', 1: '0.0', 2: '0.0', 3: '1.1299485464621188', 4: 536.8005117039575} 
{0: '0.5098039215686274', 1: '0.0', 2: '0.0', 3: '1.2011244339814315', 4: 530.4612595112981} 
{0: '0.5192307692307693', 1: '0.0', 2: '0.0', 3: '1.2767837176518553', 4: 526.6720843931101} 
{0: '0.5094339622641509', 1: '0.0', 2: '0.0', 3: '1.2767837176518553', 4: 519.4005835500512} 
{0: '0.5185185185185185', 1: '0.0', 2: '0.0', 3: '1.2011244339814315', 4: 522.9429763395596} 
{0: '0.509090909090909', 1: '0.0', 2: '0.0', 3: '1.2011244339814315', 4: 521.249115015592} 
{0: '0.5', 1: '0.0', 2: '0.0', 3: '1.2011244339814315', 4: 512.9833758334878} 
{0: '0.5087719298245614', 1: '0.0', 2: '0.0', 3: '1.1299485464621188', 4: 515.6958146057513} 
{0: '0.5', 1: '0.0', 2: '0.0', 3: '1.1299485464621188', 4: 530.338503249658} 
{0: '0.4915254237288136', 1: '0.0', 2: '0.0', 3: '1.1299485464621188', 4: 526.2964269674894} 
{0: '0.48333333333333334', 1: '0.0', 2: '0.0', 3: '1.1299485464621188', 4: 516.6502707655328} 
{0: '0.4918032786885246', 1: '0.0', 2: '0.0', 3: '1.2011244339814315', 4: 533.9415997162962} 
{0: '0.5', 1: '0.0', 2: '0.0', 3: '1.2767837176518553', 4: 514.4392396617941} 
{0: '0.49206349206349204', 1: '0.0', 2: '0.0', 3: '1.2767837176518553', 4: 515.4420841311504} 
{0: '0.5', 1: '0.0', 2: '0.0', 3: '1.2011244339814315', 4: 535.651567410861} 
{0: '0.5076923076923077', 1: '0.0', 2: '0.0', 3: '1.1299485464621188', 4: 522.3541579158809} 
{0: '0.5', 1: '0.0', 2: '0.0', 3: '1.1299485464621188', 4: 526.7390418120203} 
{0: '0.5074626865671642', 1: '0.0', 2: '0.0', 3: '1.2011244339814315', 4: 540.5209259627634} 
{0: '0.5', 1: '0.0', 2: '0.0', 3: '1.2011244339814315', 4: 517.0309501060359} 
{0: '0.5072463768115942', 1: '0.0', 2: '0.0', 3: '1.1299485464621188', 4: 532.8866661320677} 
{0: '0.5', 1: '0.0', 2: '0.0', 3: '1.1299485464621188', 4: 520.1369998414216} 
{0: '0.49295774647887325', 1: '0.0', 2: '0.0', 3: '1.1299485464621188', 4: 547.1179349160933} 
{0: '0.4861111111111111', 1: '0.0', 2: '0.0', 3: '1.1299485464621188', 4: 519.1198062476574} 
{0: '0.4931506849315068', 1: '0.0', 2: '0.0', 3: '1.2011244339814315', 4: 522.227916519097} 
{0: '0.5', 1: '0.0', 2: '0.0', 3: '1.2767837176518553', 4: 521.3969014858325} 
{0: '0.49333333333333335', 1: '0.0', 2: '0.0', 3: '1.2767837176518553', 4: 521.2603653903794} 
{0: '0.5', 1: '0.0', 2: '0.0', 3: '1.2011244339814315', 4: 539.698129048027} 
{0: '0.5064935064935064', 1: '0.0', 2: '0.0', 3: '1.1299485464621188', 4: 535.8929140026449} 
{0: '0.5', 1: '0.0', 2: '0.0', 3: '1.1299485464621188', 4: 522.867017819049} 
{0: '0.5063291139240507', 1: '0.0', 2: '0.0', 3: '1.2011244339814315', 4: 517.1910193837218} 
{0: '0.5', 1: '0.0', 2: '0.0', 3: '1.2011244339814315', 4: 509.4343783072173} 
{0: '0.5061728395061729', 1: '0.0', 2: '0.0', 3: '1.1299485464621188', 4: 510.5669238926839} 
{0: '0.5', 1: '0.0', 2: '0.0', 3: '1.1299485464621188', 4: 531.9606545492168} 
{0: '0.5060240963855421', 1: '0.0', 2: '0.0', 3: '1.2011244339814315', 4: 520.4456420540027} 
{0: '0.5119047619047619', 1: '0.0', 2: '0.0', 3: '1.2767837176518553', 4: 526.2773100298964} 
{0: '0.5058823529411764', 1: '0.0', 2: '0.0', 3: '1.2767837176518553', 4: 518.6269707823991} 
{0: '0.5116279069767442', 1: '0.0', 2: '0.0', 3: '1.2011244339814315', 4: 538.4829133869048} 
{0: '0.5172413793103449', 1: '0.0', 2: '0.0', 3: '1.1299485464621188', 4: 540.1401943844187} 
{0: '0.5113636363636364', 1: '0.0', 2: '0.0', 3: '1.1299485464621188', 4: 540.3554276356572} 
{0: '0.5168539325842697', 1: '0.0', 2: '0.0', 3: '1.2011244339814315', 4: 519.3851186415403} 
{0: '0.5111111111111111', 1: '0.0', 2: '0.0', 3: '1.2011244339814315', 4: 519.6243913339605} 
{0: '0.5164835164835165', 1: '0.0', 2: '0.0', 3: '1.1299485464621188', 4: 535.3567294256015} 
{0: '0.5108695652173914', 1: '0.0', 2: '0.0', 3: '1.1299485464621188', 4: 537.8604239053429} 
{0: '0.5161290322580645', 1: '0.0', 2: '0.0', 3: '1.2011244339814315', 4: 535.7370195317285} 
{0: '0.5212765957446809', 1: '0.0', 2: '0.0', 3: '1.2767837176518553', 4: 534.3521211179526} 
{0: '0.5157894736842106', 1: '0.0', 2: '0.0', 3: '1.2767837176518553', 4: 528.878674563018} 
{0: '0.5208333333333334', 1: '0.0', 2: '0.0', 3: '1.2011244339814315', 4: 527.1726455117133} 
{0: '0.5257731958762887', 1: '0.0', 2: '0.0', 3: '1.1299485464621188', 4: 521.5519983694697} 
{0: '0.5204081632653061', 1: '0.0', 2: '0.0', 3: '1.1299485464621188', 4: 536.246107319877} 
{0: '0.5252525252525253', 1: '0.0', 2: '0.0', 3: '1.2011244339814315', 4: 518.0215818563512} 
{0: '0.53', 1: '0.0', 2: '0.0', 3: '1.2767837176518553', 4: 519.7378417932408} 
{0: '0.5346534653465347', 1: '0.0', 2: '0.0', 3: '1.3572088082974538', 4: 524.5125863500145} 
{0: '0.5294117647058824', 1: '0.0', 2: '0.0', 3: '1.3572088082974538', 4: 527.271182200775} 
{0: '0.5339805825242718', 1: '0.0', 2: '0.0', 3: '1.2767837176518553', 4: 535.752850746801} 
{0: '0.5384615384615384', 1: '0.0', 2: '0.0', 3: '1.2011244339814315', 4: 524.2941196009749} 
{0: '0.5428571428571428', 1: '0.0', 2: '0.0', 3: '1.1299485464621188', 4: 518.0969841095904} 
{0: '0.5377358490566038', 1: '0.0', 2: '0.0', 3: '1.1299485464621188', 4: 527.0962310021625} 
{0: '0.5420560747663551', 1: '0.0', 2: '0.0', 3: '1.2011244339814315', 4: 528.5635443109663} 
{0: '0.5462962962962963', 1: '0.0', 2: '0.0', 3: '1.2767837176518553', 4: 533.1787510881629} 
{0: '0.5412844036697247', 1: '0.0', 2: '0.0', 3: '1.2767837176518553', 4: 516.7185022003209} 
{0: '0.5454545454545454', 1: '0.0', 2: '0.0', 3: '1.2011244339814315', 4: 531.1134175205169} 
{0: '0.5495495495495496', 1: '0.0', 2: '0.0', 3: '1.1299485464621188', 4: 522.294016490841} 
{0: '0.5446428571428571', 1: '0.0', 2: '0.0', 3: '1.1299485464621188', 4: 534.3413582848904} 
{0: '0.5486725663716814', 1: '0.0', 2: '0.0', 3: '1.2011244339814315', 4: 519.4909688710812} 
{0: '0.543859649122807', 1: '0.0', 2: '0.0', 3: '1.2011244339814315', 4: 532.4167998255951} 
{0: '0.5391304347826087', 1: '0.0', 2: '0.0', 3: '1.2011244339814315', 4: 515.3226870159333} 
{0: '0.5344827586206896', 1: '0.0', 2: '0.0', 3: '1.2011244339814315', 4: 532.7726507163093} 
{0: '0.5384615384615384', 1: '0.0', 2: '0.0', 3: '1.1299485464621188', 4: 533.71685350432} 
{0: '0.5338983050847458', 1: '0.0', 2: '0.0', 3: '1.1299485464621188', 4: 522.6606182544781} 
{0: '0.5378151260504201', 1: '0.0', 2: '0.0', 3: '1.2011244339814315', 4: 522.872769406271} 
{0: '0.5416666666666666', 1: '0.0', 2: '0.0', 3: '1.2767837176518553', 4: 530.2768797768549} 
{0: '0.5454545454545454', 1: '0.0', 2: '0.0', 3: '1.3572088082974538', 4: 520.6512922961274} 
{0: '0.5491803278688525', 1: '0.0', 2: '0.0', 3: '1.4426999059072143', 4: 519.1651443428942} 
{0: '0.5447154471544715', 1: '0.0', 2: '0.0', 3: '1.4426999059072143', 4: 526.7149005116594} 
{0: '0.5483870967741935', 1: '0.0', 2: '0.0', 3: '1.3572088082974538', 4: 534.4255622742978} 
{0: '0.552', 1: '0.0', 2: '0.0', 3: '1.2767837176518553', 4: 525.8625402796549} 
{0: '0.5555555555555556', 1: '0.0', 2: '0.0', 3: '1.2011244339814315', 4: 524.9775400850978} 
{0: '0.5590551181102362', 1: '0.0', 2: '0.0', 3: '1.1299485464621188', 4: 535.2128654170272} 
{0: '0.5546875', 1: '0.0', 2: '0.0', 3: '1.1299485464621188', 4: 526.6148862230949} 
{0: '0.5581395348837209', 1: '0.0', 2: '0.0', 3: '1.2011244339814315', 4: 528.9439216800204} 
{0: '0.5615384615384615', 1: '0.0', 2: '0.0', 3: '1.2767837176518553', 4: 530.0160624324038} 
{0: '0.5572519083969466', 1: '0.0', 2: '0.0', 3: '1.2767837176518553', 4: 528.691074162343} 
{0: '0.5606060606060606', 1: '0.0', 2: '0.0', 3: '1.2011244339814315', 4: 520.973163917342} 
{0: '0.5639097744360902', 1: '0.0', 2: '0.0', 3: '1.1299485464621188', 4: 532.0548226773135} 
{0: '0.5597014925373134', 1: '0.0', 2: '0.0', 3: '1.1299485464621188', 4: 525.5787225809305} 
{0: '0.5555555555555556', 1: '0.0', 2: '0.0', 3: '1.1299485464621188', 4: 537.4319817660839} 
{0: '0.5514705882352942', 1: '0.0', 2: '0.0', 3: '1.1299485464621188', 4: 520.6755392994006} 
{0: '0.5547445255474452', 1: '0.0', 2: '0.0', 3: '1.2011244339814315', 4: 522.4578339091772} 
{0: '0.5579710144927537', 1: '0.0', 2: '0.0', 3: '1.2767837176518553', 4: 518.5068057713598} 
{0: '0.5611510791366906', 1: '0.0', 2: '0.0', 3: '1.3572088082974538', 4: 513.0317052041145} 
{0: '0.5571428571428572', 1: '0.0', 2: '0.0', 3: '1.3572088082974538', 4: 527.5971840070466} 
{0: '0.5602836879432624', 1: '0.0', 2: '0.0', 3: '1.2767837176518553', 4: 523.7024344964725} 
{0: '0.5633802816901409', 1: '0.0', 2: '0.0', 3: '1.2011244339814315', 4: 515.3354366134984} 
{0: '0.5664335664335665', 1: '0.0', 2: '0.0', 3: '1.1299485464621188', 4: 517.6706447704828} 
{0: '0.5625', 1: '0.0', 2: '0.0', 3: '1.1299485464621188', 4: 518.2569290523413} 
{0: '0.5655172413793104', 1: '0.0', 2: '0.0', 3: '1.2011244339814315', 4: 526.2058561486299} 
{0: '0.5684931506849316', 1: '0.0', 2: '0.0', 3: '1.2767837176518553', 4: 537.2526324449611} 
{0: '0.564625850340136', 1: '0.0', 2: '0.0', 3: '1.2767837176518553', 4: 527.8034801828815} 
{0: '0.5675675675675675', 1: '0.0', 2: '0.0', 3: '1.2011244339814315', 4: 513.3859936626083} 
{0: '0.5704697986577181', 1: '0.0', 2: '0.0', 3: '1.1299485464621188', 4: 524.5041223152504} 
{0: '0.5666666666666667', 1: '0.0', 2: '0.0', 3: '1.1299485464621188', 4: 517.3514102812474} 
{0: '0.5695364238410596', 1: '0.0', 2: '0.0', 3: '1.2011244339814315', 4: 521.4229710546376} 
{0: '0.5657894736842105', 1: '0.0', 2: '0.0', 3: '1.2011244339814315', 4: 515.9462782052615} 
{0: '0.5686274509803921', 1: '0.0', 2: '0.0', 3: '1.1299485464621188', 4: 523.7804003151193} 
{0: '0.564935064935065', 1: '0.0', 2: '0.0', 3: '1.1299485464621188', 4: 529.8168252288407} 
{0: '0.5612903225806452', 1: '0.0', 2: '0.0', 3: '1.1299485464621188', 4: 526.4719560107823} 
{0: '0.5576923076923077', 1: '0.0', 2: '0.0', 3: '1.1299485464621188', 4: 520.7528027301972} 
{0: '0.5605095541401274', 1: '0.0', 2: '0.0', 3: '1.2011244339814315', 4: 529.9562060590574} 
{0: '0.5569620253164557', 1: '0.0', 2: '0.0', 3: '1.2011244339814315', 4: 538.7824035346538} 
{0: '0.5534591194968553', 1: '0.0', 2: '0.0', 3: '1.2011244339814315', 4: 517.4896707953513} 
{0: '0.55625', 1: '0.0', 2: '0.0', 3: '1.2767837176518553', 4: 523.9049442921555} 
{0: '0.5527950310559007', 1: '0.0', 2: '0.0', 3: '1.2767837176518553', 4: 532.8746662279997} 
{0: '0.5555555555555556', 1: '0.0', 2: '0.0', 3: '1.2011244339814315', 4: 523.4469877902849} 
{0: '0.558282208588957', 1: '0.0', 2: '0.0', 3: '1.1299485464621188', 4: 520.8700963869425} 
{0: '0.5548780487804879', 1: '0.0', 2: '0.0', 3: '1.1299485464621188', 4: 514.7789409309314} 
{0: '0.5515151515151515', 1: '0.0', 2: '0.0', 3: '1.1299485464621188', 4: 537.6700935077686} 
{0: '0.5481927710843374', 1: '0.0', 2: '0.0', 3: '1.1299485464621188', 4: 531.6599017603098} 
{0: '0.5508982035928144', 1: '0.0', 2: '0.0', 3: '1.2011244339814315', 4: 528.9406685801289} 
{0: '0.5535714285714286', 1: '0.0', 2: '0.0', 3: '1.2767837176518553', 4: 535.2152672278589} 
{0: '0.5502958579881657', 1: '0.0', 2: '0.0', 3: '1.2767837176518553', 4: 518.3099532870847} 
{0: '0.5529411764705883', 1: '0.0', 2: '0.0', 3: '1.2011244339814315', 4: 532.8079174384148} 
{0: '0.5555555555555556', 1: '0.0', 2: '0.0', 3: '1.1299485464621188', 4: 524.0591005364105} 
{0: '0.5523255813953488', 1: '0.0', 2: '0.0', 3: '1.1299485464621188', 4: 528.6443982097494} 
{0: '0.5549132947976878', 1: '0.0', 2: '0.0', 3: '1.2011244339814315', 4: 534.4659900878279} 
{0: '0.5574712643678161', 1: '0.0', 2: '0.0', 3: '1.2767837176518553', 4: 523.7631674142824} 
{0: '0.5542857142857143', 1: '0.0', 2: '0.0', 3: '1.2767837176518553', 4: 518.4719327117708} 
{0: '0.5568181818181818', 1: '0.0', 2: '0.0', 3: '1.2011244339814315', 4: 528.5624962868301} 
{0: '0.559322033898305', 1: '0.0', 2: '0.0', 3: '1.1299485464621188', 4: 531.2765306961853} 
{0: '0.5561797752808989', 1: '0.0', 2: '0.0', 3: '1.1299485464621188', 4: 518.3845565656316} 
{0: '0.553072625698324', 1: '0.0', 2: '0.0', 3: '1.1299485464621188', 4: 526.8018754598857} 
{0: '0.55', 1: '0.0', 2: '0.0', 3: '1.1299485464621188', 4: 521.3385337005474} 
{0: '0.5524861878453039', 1: '0.0', 2: '0.0', 3: '1.2011244339814315', 4: 531.9063435379604} 
{0: '0.554945054945055', 1: '0.0', 2: '0.0', 3: '1.2767837176518553', 4: 537.781022975532} 
{0: '0.5573770491803278', 1: '0.0', 2: '0.0', 3: '1.3572088082974538', 4: 539.9391039726257} 
{0: '0.5543478260869565', 1: '0.0', 2: '0.0', 3: '1.3572088082974538', 4: 533.454786854493} 
{0: '0.5567567567567567', 1: '0.0', 2: '0.0', 3: '1.2767837176518553', 4: 531.7036252719307} 
{0: '0.5591397849462365', 1: '0.0', 2: '0.0', 3: '1.2011244339814315', 4: 510.56461333341207} 
{0: '0.5614973262032086', 1: '0.0', 2: '0.0', 3: '1.1299485464621188', 4: 533.3738654704503} 
{0: '0.5585106382978723', 1: '0.0', 2: '0.0', 3: '1.1299485464621188', 4: 520.9951781155745} 
{0: '0.5555555555555556', 1: '0.0', 2: '0.0', 3: '1.1299485464621188', 4: 529.0137971002981} 
{0: '0.5526315789473685', 1: '0.0', 2: '0.0', 3: '1.1299485464621188', 4: 536.4536500144983} 
{0: '0.5549738219895288', 1: '0.0', 2: '0.0', 3: '1.2011244339814315', 4: 525.3792690824083} 
{0: '0.5520833333333334', 1: '0.0', 2: '0.0', 3: '1.2011244339814315', 4: 533.1129684903607} 
{0: '0.5544041450777202', 1: '0.0', 2: '0.0', 3: '1.1299485464621188', 4: 521.6886359804101} 
{0: '0.5515463917525774', 1: '0.0', 2: '0.0', 3: '1.1299485464621188', 4: 521.5741453553202} 
{0: '0.5538461538461539', 1: '0.0', 2: '0.0', 3: '1.2011244339814315', 4: 521.0502984183526} 
{0: '0.5510204081632653', 1: '0.0', 2: '0.0', 3: '1.2011244339814315', 4: 545.1728057151471} 
{0: '0.5482233502538071', 1: '0.0', 2: '0.0', 3: '1.2011244339814315', 4: 535.1193869656942} 
{0: '0.5505050505050505', 1: '0.0', 2: '0.0', 3: '1.2767837176518553', 4: 530.0862163015855} 
{0: '0.5527638190954773', 1: '0.0', 2: '0.0', 3: '1.3572088082974538', 4: 527.6757455013332} 
{0: '0.55', 1: '0.0', 2: '0.0', 3: '1.3572088082974538', 4: 518.0133975709941} 
{0: '0.5522388059701493', 1: '0.0', 2: '0.0', 3: '1.2767837176518553', 4: 517.453653361811} 
{0: '0.5544554455445545', 1: '0.0', 2: '0.0', 3: '1.2011244339814315', 4: 536.8634302914381} 
{0: '0.5566502463054187', 1: '0.0', 2: '0.0', 3: '1.1299485464621188', 4: 534.8498072706304} 
{0: '0.553921568627451', 1: '0.0', 2: '0.0', 3: '1.1299485464621188', 4: 522.9833578700745} 
{0: '0.5560975609756098', 1: '0.0', 2: '0.0', 3: '1.2011244339814315', 4: 526.6768622616474} 
{0: '0.558252427184466', 1: '0.0', 2: '0.0', 3: '1.2767837176518553', 4: 511.01733904837977} 
{0: '0.5555555555555556', 1: '0.0', 2: '0.0', 3: '1.2767837176518553', 4: 528.6777503662645} 
{0: '0.5576923076923077', 1: '0.0', 2: '0.0', 3: '1.2011244339814315', 4: 525.5602610448728} 
{0: '0.5598086124401914', 1: '0.0', 2: '0.0', 3: '1.1299485464621188', 4: 530.987228764405} 
{0: '0.5571428571428572', 1: '0.0', 2: '0.0', 3: '1.1299485464621188', 4: 523.6151607168061} 
{0: '0.5592417061611374', 1: '0.0', 2: '0.0', 3: '1.2011244339814315', 4: 541.5575871872819} 
{0: '0.5613207547169812', 1: '0.0', 2: '0.0', 3: '1.2767837176518553', 4: 518.8384662664397} 
{0: '0.5586854460093896', 1: '0.0', 2: '0.0', 3: '1.2767837176518553', 4: 525.3833372162931} 
{0: '0.5607476635514018', 1: '0.0', 2: '0.0', 3: '1.2011244339814315', 4: 518.9936063727841} 
{0: '0.5627906976744186', 1: '0.0', 2: '0.0', 3: '1.1299485464621188', 4: 524.2672752106656} 
{0: '0.5601851851851852', 1: '0.0', 2: '0.0', 3: '1.1299485464621188', 4: 531.9938707501205} 
{0: '0.5576036866359447', 1: '0.0', 2: '0.0', 3: '1.1299485464621188', 4: 532.332388630118} 
{0: '0.555045871559633', 1: '0.0', 2: '0.0', 3: '1.1299485464621188', 4: 526.8577652964947} 
{0: '0.5570776255707762', 1: '0.0', 2: '0.0', 3: '1.2011244339814315', 4: 538.8790873201146} 
{0: '0.5545454545454546', 1: '0.0', 2: '0.0', 3: '1.2011244339814315', 4: 537.1753565125574} 
{0: '0.5520361990950227', 1: '0.0', 2: '0.0', 3: '1.2011244339814315', 4: 534.0880565155086} 
{0: '0.5540540540540541', 1: '0.0', 2: '0.0', 3: '1.2767837176518553', 4: 537.6660771034958} 
{0: '0.5515695067264574', 1: '0.0', 2: '0.0', 3: '1.2767837176518553', 4: 521.5713063107913} 
{0: '0.5535714285714286', 1: '0.0', 2: '0.0', 3: '1.2011244339814315', 4: 523.7844101549377} 
{0: '0.5511111111111111', 1: '0.0', 2: '0.0', 3: '1.2011244339814315', 4: 514.8843481487522} 
{0: '0.5486725663716814', 1: '0.0', 2: '0.0', 3: '1.2011244339814315', 4: 512.6242522784314} 
{0: '0.5506607929515418', 1: '0.0', 2: '0.0', 3: '1.1299485464621188', 4: 530.7631593458515} 
{0: '0.5482456140350878', 1: '0.0', 2: '0.0', 3: '1.1299485464621188', 4: 526.587918753581} 
{0: '0.5502183406113537', 1: '0.0', 2: '0.0', 3: '1.2011244339814315', 4: 519.4992859177866} 
{0: '0.5478260869565217', 1: '0.0', 2: '0.0', 3: '1.2011244339814315', 4: 522.774204835228} 
{0: '0.5497835497835498', 1: '0.0', 2: '0.0', 3: '1.1299485464621188', 4: 516.3731710223334} 
{0: '0.5474137931034483', 1: '0.0', 2: '0.0', 3: '1.1299485464621188', 4: 532.9335141121846} 
{0: '0.5450643776824035', 1: '0.0', 2: '0.0', 3: '1.1299485464621188', 4: 519.2994642598453} 
{0: '0.5427350427350427', 1: '0.0', 2: '0.0', 3: '1.1299485464621188', 4: 534.5415062129669} 
{0: '0.5446808510638298', 1: '0.0', 2: '0.0', 3: '1.2011244339814315', 4: 531.4932068732321} 
{0: '0.5466101694915254', 1: '0.0', 2: '0.0', 3: '1.2767837176518553', 4: 524.1319488409313} 
{0: '0.5443037974683544', 1: '0.0', 2: '0.0', 3: '1.2767837176518553', 4: 517.3812780179558} 
{0: '0.5462184873949579', 1: '0.0', 2: '0.0', 3: '1.2011244339814315', 4: 525.5373548918312} 
{0: '0.5481171548117155', 1: '0.0', 2: '0.0', 3: '1.1299485464621188', 4: 528.5038514472647} 
{0: '0.5458333333333333', 1: '0.0', 2: '0.0', 3: '1.1299485464621188', 4: 528.0216166317714} 
{0: '0.5477178423236515', 1: '0.0', 2: '0.0', 3: '1.2011244339814315', 4: 520.8291980333022} 
{0: '0.5454545454545454', 1: '0.0', 2: '0.0', 3: '1.2011244339814315', 4: 517.9911136737627} 
{0: '0.5473251028806584', 1: '0.0', 2: '0.0', 3: '1.1299485464621188', 4: 520.597999013897} 
{0: '0.5450819672131147', 1: '0.0', 2: '0.0', 3: '1.1299485464621188', 4: 521.9923089082405} 
{0: '0.5469387755102041', 1: '0.0', 2: '0.0', 3: '1.2011244339814315', 4: 528.2801943688359} 
{0: '0.5487804878048781', 1: '0.0', 2: '0.0', 3: '1.2767837176518553', 4: 533.21853182945} 
{0: '0.5465587044534413', 1: '0.0', 2: '0.0', 3: '1.2767837176518553', 4: 534.5695710273324} 
{0: '0.5443548387096774', 1: '0.0', 2: '0.0', 3: '1.2767837176518553', 4: 522.7013093894351} 
{0: '0.5421686746987951', 1: '0.0', 2: '0.0', 3: '1.2767837176518553', 4: 538.4064202863133} 
{0: '0.544', 1: '0.0', 2: '0.0', 3: '1.2011244339814315', 4: 523.9136426480591} 
{0: '0.545816733067729', 1: '0.0', 2: '0.0', 3: '1.1299485464621188', 4: 521.4735384185051} 
{0: '0.5436507936507936', 1: '0.0', 2: '0.0', 3: '1.1299485464621188', 4: 517.5669535412288} 
{0: '0.5454545454545454', 1: '0.0', 2: '0.0', 3: '1.2011244339814315', 4: 532.7465360972117} 
{0: '0.547244094488189', 1: '0.0', 2: '0.0', 3: '1.2767837176518553', 4: 541.2635212341917} 
{0: '0.5450980392156862', 1: '0.0', 2: '0.0', 3: '1.2767837176518553', 4: 515.5908462285576} 
{0: '0.546875', 1: '0.0', 2: '0.0', 3: '1.2011244339814315', 4: 521.3692820030396} 
{0: '0.5486381322957199', 1: '0.0', 2: '0.0', 3: '1.1299485464621188', 4: 532.5217920128523} 
{0: '0.5465116279069767', 1: '0.0', 2: '0.0', 3: '1.1299485464621188', 4: 525.921319760648} 
{0: '0.5482625482625483', 1: '0.0', 2: '0.0', 3: '1.2011244339814315', 4: 516.5581069090832} 
{0: '0.55', 1: '0.0', 2: '0.0', 3: '1.2767837176518553', 4: 519.0445066826364} 
{0: '0.5517241379310345', 1: '0.0', 2: '0.0', 3: '1.3572088082974538', 4: 522.4605749150403} 
{0: '0.549618320610687', 1: '0.0', 2: '0.0', 3: '1.3572088082974538', 4: 521.871765521628} 
{0: '0.5513307984790875', 1: '0.0', 2: '0.0', 3: '1.2767837176518553', 4: 516.4319160255565} 
{0: '0.553030303030303', 1: '0.0', 2: '0.0', 3: '1.2011244339814315', 4: 530.7703744312892} 
{0: '0.5547169811320755', 1: '0.0', 2: '0.0', 3: '1.1299485464621188', 4: 536.2908045565454} 
{0: '0.5526315789473685', 1: '0.0', 2: '0.0', 3: '1.1299485464621188', 4: 512.7941520757415} 
{0: '0.550561797752809', 1: '0.0', 2: '0.0', 3: '1.1299485464621188', 4: 532.6159538497286} 
{0: '0.5485074626865671', 1: '0.0', 2: '0.0', 3: '1.1299485464621188', 4: 521.6079239922854} 
{0: '0.5464684014869888', 1: '0.0', 2: '0.0', 3: '1.1299485464621188', 4: 528.2627418159686} 
{0: '0.5444444444444444', 1: '0.0', 2: '0.0', 3: '1.1299485464621188', 4: 518.3198727762689} 
{0: '0.5461254612546126', 1: '0.0', 2: '0.0', 3: '1.2011244339814315', 4: 524.2961505382243} 
{0: '0.5441176470588235', 1: '0.0', 2: '0.0', 3: '1.2011244339814315', 4: 524.6992172869462} 
{0: '0.5457875457875457', 1: '0.0', 2: '0.0', 3: '1.1299485464621188', 4: 520.0636910657245} 
{0: '0.5437956204379562', 1: '0.0', 2: '0.0', 3: '1.1299485464621188', 4: 518.2595294667882} 
{0: '0.5454545454545454', 1: '0.0', 2: '0.0', 3: '1.2011244339814315', 4: 524.5378659621747} 
{0: '0.5471014492753623', 1: '0.0', 2: '0.0', 3: '1.2767837176518553', 4: 531.725313603108} 
{0: '0.5451263537906137', 1: '0.0', 2: '0.0', 3: '1.2767837176518553', 4: 525.748125140203} 
{0: '0.5431654676258992', 1: '0.0', 2: '0.0', 3: '1.2767837176518553', 4: 527.5312899384903} 
{0: '0.5412186379928315', 1: '0.0', 2: '0.0', 3: '1.2767837176518553', 4: 537.1986854374854} 
{0: '0.5392857142857143', 1: '0.0', 2: '0.0', 3: '1.2767837176518553', 4: 522.3898837443197} 
{0: '0.5373665480427047', 1: '0.0', 2: '0.0', 3: '1.2767837176518553', 4: 520.6809345587238} 
{0: '0.5390070921985816', 1: '0.0', 2: '0.0', 3: '1.2011244339814315', 4: 521.9504873881311} 
{0: '0.5406360424028268', 1: '0.0', 2: '0.0', 3: '1.1299485464621188', 4: 542.4750439252265} 
{0: '0.5387323943661971', 1: '0.0', 2: '0.0', 3: '1.1299485464621188', 4: 532.1721400623059} 
{0: '0.5403508771929825', 1: '0.0', 2: '0.0', 3: '1.2011244339814315', 4: 531.1113857054129} 
{0: '0.5384615384615384', 1: '0.0', 2: '0.0', 3: '1.2011244339814315', 4: 523.2793058897336} 
{0: '0.5400696864111498', 1: '0.0', 2: '0.0', 3: '1.1299485464621188', 4: 515.5140607599874} 
{0: '0.5381944444444444', 1: '0.0', 2: '0.0', 3: '1.1299485464621188', 4: 513.3000848414907} 
{0: '0.5397923875432526', 1: '0.0', 2: '0.0', 3: '1.2011244339814315', 4: 525.7561056051907} 
{0: '0.5413793103448276', 1: '0.0', 2: '0.0', 3: '1.2767837176518553', 4: 513.6196802387867} 
{0: '0.5395189003436426', 1: '0.0', 2: '0.0', 3: '1.2767837176518553', 4: 531.7223981711772} 
{0: '0.541095890410959', 1: '0.0', 2: '0.0', 3: '1.2011244339814315', 4: 518.8131380024056} 
{0: '0.5426621160409556', 1: '0.0', 2: '0.0', 3: '1.1299485464621188', 4: 530.5520118156048} 
{0: '0.5408163265306123', 1: '0.0', 2: '0.0', 3: '1.1299485464621188', 4: 537.6913881735275} 
{0: '0.5423728813559322', 1: '0.0', 2: '0.0', 3: '1.2011244339814315', 4: 541.4609163571616} 
{0: '0.543918918918919', 1: '0.0', 2: '0.0', 3: '1.2767837176518553', 4: 522.8495007312189} 
{0: '0.5454545454545454', 1: '0.0', 2: '0.0', 3: '1.3572088082974538', 4: 526.7582682521374} 
{0: '0.5436241610738255', 1: '0.0', 2: '0.0', 3: '1.3572088082974538', 4: 525.5236067051269} 
{0: '0.5451505016722408', 1: '0.0', 2: '0.0', 3: '1.2767837176518553', 4: 525.8510360411607} 
{0: '0.5466666666666666', 1: '0.0', 2: '0.0', 3: '1.2011244339814315', 4: 519.4470983384631} 
{0: '0.5481727574750831', 1: '0.0', 2: '0.0', 3: '1.1299485464621188', 4: 528.2086335571927} 
{0: '0.5463576158940397', 1: '0.0', 2: '0.0', 3: '1.1299485464621188', 4: 536.5543172268565} 
{0: '0.5478547854785478', 1: '0.0', 2: '0.0', 3: '1.2011244339814315', 4: 527.1850509212125} 
{0: '0.5493421052631579', 1: '0.0', 2: '0.0', 3: '1.2767837176518553', 4: 515.04173272269} 
{0: '0.5475409836065573', 1: '0.0', 2: '0.0', 3: '1.2767837176518553', 4: 520.6202046090456} 
{0: '0.5490196078431373', 1: '0.0', 2: '0.0', 3: '1.2011244339814315', 4: 530.2414090304534} 
{0: '0.5472312703583062', 1: '0.0', 2: '0.0', 3: '1.2011244339814315', 4: 520.0841142023311} 
{0: '0.5487012987012987', 1: '0.0', 2: '0.0', 3: '1.2767837176518553', 4: 529.0875789641078} 
{0: '0.5469255663430421', 1: '0.0', 2: '0.0', 3: '1.2767837176518553', 4: 517.7953588042996} 
{0: '0.5483870967741935', 1: '0.0', 2: '0.0', 3: '1.2011244339814315', 4: 513.4641423274468} 
{0: '0.5498392282958199', 1: '0.0', 2: '0.0', 3: '1.1299485464621188', 4: 532.407159156006} 
{0: '0.5480769230769231', 1: '0.0', 2: '0.0', 3: '1.1299485464621188', 4: 527.4455588218832} 
{0: '0.549520766773163', 1: '0.0', 2: '0.0', 3: '1.2011244339814315', 4: 513.5238784737969} 
{0: '0.5477707006369427', 1: '0.0', 2: '0.0', 3: '1.2011244339814315', 4: 527.6352076111634} 
{0: '0.5492063492063493', 1: '0.0', 2: '0.0', 3: '1.1299485464621188', 4: 520.0704188953265} 
{0: '0.5474683544303798', 1: '0.0', 2: '0.0', 3: '1.1299485464621188', 4: 532.7286975318824} 
{0: '0.5488958990536278', 1: '0.0', 2: '0.0', 3: '1.2011244339814315', 4: 530.8070306777988} 
{0: '0.550314465408805', 1: '0.0', 2: '0.0', 3: '1.2767837176518553', 4: 537.414416525224} 
{0: '0.54858934169279', 1: '0.0', 2: '0.0', 3: '1.2767837176518553', 4: 535.6622902850422} 
{0: '0.55', 1: '0.0', 2: '0.0', 3: '1.2011244339814315', 4: 517.891653316671} 
{0: '0.5514018691588785', 1: '0.0', 2: '0.0', 3: '1.1299485464621188', 4: 542.4864319564251} 
{0: '0.5496894409937888', 1: '0.0', 2: '0.0', 3: '1.1299485464621188', 4: 526.1263533627858} 
{0: '0.5510835913312694', 1: '0.0', 2: '0.0', 3: '1.2011244339814315', 4: 532.1307199991045} 
{0: '0.5493827160493827', 1: '0.0', 2: '0.0', 3: '1.2011244339814315', 4: 534.7179828791051} 
{0: '0.5476923076923077', 1: '0.0', 2: '0.0', 3: '1.2011244339814315', 4: 537.9510890846159} 
{0: '0.549079754601227', 1: '0.0', 2: '0.0', 3: '1.2767837176518553', 4: 537.8581962729386} 
{0: '0.5474006116207951', 1: '0.0', 2: '0.0', 3: '1.2767837176518553', 4: 539.7623625964302} 
{0: '0.5487804878048781', 1: '0.0', 2: '0.0', 3: '1.2011244339814315', 4: 516.9298555162466} 
{0: '0.5501519756838906', 1: '0.0', 2: '0.0', 3: '1.1299485464621188', 4: 537.1851032573869} 
{0: '0.5484848484848485', 1: '0.0', 2: '0.0', 3: '1.1299485464621188', 4: 532.5369119202151} 
{0: '0.5498489425981873', 1: '0.0', 2: '0.0', 3: '1.2011244339814315', 4: 531.2605913628464} 
{0: '0.5481927710843374', 1: '0.0', 2: '0.0', 3: '1.2011244339814315', 4: 529.9003661875449} 
{0: '0.5495495495495496', 1: '0.0', 2: '0.0', 3: '1.1299485464621188', 4: 528.6690107389163} 
{0: '0.5479041916167665', 1: '0.0', 2: '0.0', 3: '1.1299485464621188', 4: 528.927250799687} 
{0: '0.5492537313432836', 1: '0.0', 2: '0.0', 3: '1.2011244339814315', 4: 526.8797400249888} 
{0: '0.5505952380952381', 1: '0.0', 2: '0.0', 3: '1.2767837176518553', 4: 525.4617288045346} 
{0: '0.5489614243323442', 1: '0.0', 2: '0.0', 3: '1.2767837176518553', 4: 528.7906015449433} 
{0: '0.5473372781065089', 1: '0.0', 2: '0.0', 3: '1.2767837176518553', 4: 523.9679805476209} 
{0: '0.5486725663716814', 1: '0.0', 2: '0.0', 3: '1.3572088082974538', 4: 529.9037520069959} 
{0: '0.5470588235294118', 1: '0.0', 2: '0.0', 3: '1.3572088082974538', 4: 526.9540051250827} 
{0: '0.5483870967741935', 1: '0.0', 2: '0.0', 3: '1.2767837176518553', 4: 537.4904599699821} 
{0: '0.5497076023391813', 1: '0.0', 2: '0.0', 3: '1.2011244339814315', 4: 528.8619804836225} 
{0: '0.5510204081632653', 1: '0.0', 2: '0.0', 3: '1.1299485464621188', 4: 529.6307828200978} 
{0: '0.5494186046511628', 1: '0.0', 2: '0.0', 3: '1.1299485464621188', 4: 528.1320471932568} 
{0: '0.5507246376811594', 1: '0.0', 2: '0.0', 3: '1.2011244339814315', 4: 535.224699902887} 
{0: '0.5491329479768786', 1: '0.0', 2: '0.0', 3: '1.2011244339814315', 4: 535.9212099745018} 
{0: '0.547550432276657', 1: '0.0', 2: '0.0', 3: '1.2011244339814315', 4: 531.1500742386762} 
{0: '0.5488505747126436', 1: '0.0', 2: '0.0', 3: '1.2767837176518553', 4: 533.4043459061728} 
{0: '0.5501432664756447', 1: '0.0', 2: '0.0', 3: '1.3572088082974538', 4: 533.4311635825757} 
{0: '0.5514285714285714', 1: '0.0', 2: '0.0', 3: '1.4426999059072143', 4: 540.9595634611803} 
{0: '0.5498575498575499', 1: '0.0', 2: '0.0', 3: '1.4426999059072143', 4: 526.3067767250781} 
{0: '0.5511363636363636', 1: '0.0', 2: '0.0', 3: '1.3572088082974538', 4: 543.8280770313346} 
{0: '0.5524079320113314', 1: '0.0', 2: '0.0', 3: '1.2767837176518553', 4: 533.7218383158674} 
{0: '0.5536723163841808', 1: '0.0', 2: '0.0', 3: '1.2011244339814315', 4: 535.3479732562514} 
{0: '0.5549295774647888', 1: '0.0', 2: '0.0', 3: '1.1299485464621188', 4: 523.804630768621} 
{0: '0.5533707865168539', 1: '0.0', 2: '0.0', 3: '1.1299485464621188', 4: 529.1673245420908} 
{0: '0.5546218487394958', 1: '0.0', 2: '0.0', 3: '1.2011244339814315', 4: 540.6536052266921} 
{0: '0.5558659217877095', 1: '0.0', 2: '0.0', 3: '1.2767837176518553', 4: 528.4708934033059} 
{0: '0.5571030640668524', 1: '0.0', 2: '0.0', 3: '1.3572088082974538', 4: 523.7751592874976} 
{0: '0.5555555555555556', 1: '0.0', 2: '0.0', 3: '1.3572088082974538', 4: 535.0554832504142} 
{0: '0.556786703601108', 1: '0.0', 2: '0.0', 3: '1.2767837176518553', 4: 530.0874889733856} 
{0: '0.5552486187845304', 1: '0.0', 2: '0.0', 3: '1.2767837176518553', 4: 538.0807522306385} 
{0: '0.5564738292011019', 1: '0.0', 2: '0.0', 3: '1.3572088082974538', 4: 535.336570534338} 
{0: '0.5576923076923077', 1: '0.0', 2: '0.0', 3: '1.4426999059072143', 4: 525.0276339504352} 
{0: '0.5561643835616439', 1: '0.0', 2: '0.0', 3: '1.4426999059072143', 4: 547.7303610361181} 
{0: '0.5573770491803278', 1: '0.0', 2: '0.0', 3: '1.3572088082974538', 4: 532.816858421632} 
{0: '0.55858310626703', 1: '0.0', 2: '0.0', 3: '1.2767837176518553', 4: 542.3493984686434} 
{0: '0.5597826086956522', 1: '0.0', 2: '0.0', 3: '1.2011244339814315', 4: 527.1585052984318} 
{0: '0.5609756097560976', 1: '0.0', 2: '0.0', 3: '1.1299485464621188', 4: 540.4351053695325} 
{0: '0.5594594594594594', 1: '0.0', 2: '0.0', 3: '1.1299485464621188', 4: 533.7833661292037} 
{0: '0.5606469002695418', 1: '0.0', 2: '0.0', 3: '1.2011244339814315', 4: 546.3551017190982} 
{0: '0.5618279569892473', 1: '0.0', 2: '0.0', 3: '1.2767837176518553', 4: 538.1090805761639} 
{0: '0.5603217158176944', 1: '0.0', 2: '0.0', 3: '1.2767837176518553', 4: 525.9682874400609} 
{0: '0.5614973262032086', 1: '0.0', 2: '0.0', 3: '1.2011244339814315', 4: 538.2994628410701} 
{0: '0.5626666666666666', 1: '0.0', 2: '0.0', 3: '1.1299485464621188', 4: 521.292104655759} 
{0: '0.5611702127659575', 1: '0.0', 2: '0.0', 3: '1.1299485464621188', 4: 536.6457192800599} 
{0: '0.5623342175066313', 1: '0.0', 2: '0.0', 3: '1.2011244339814315', 4: 535.9046516280047} 
{0: '0.5608465608465608', 1: '0.0', 2: '0.0', 3: '1.2011244339814315', 4: 531.318756007898} 
{0: '0.5620052770448549', 1: '0.0', 2: '0.0', 3: '1.1299485464621188', 4: 541.846201837731} 
{0: '0.5605263157894737', 1: '0.0', 2: '0.0', 3: '1.1299485464621188', 4: 529.4493585395444} 
{0: '0.5616797900262467', 1: '0.0', 2: '0.0', 3: '1.2011244339814315', 4: 539.2510790510731} 
{0: '0.56282722513089', 1: '0.0', 2: '0.0', 3: '1.2767837176518553', 4: 522.3284984294366} 
{0: '0.5613577023498695', 1: '0.0', 2: '0.0', 3: '1.2767837176518553', 4: 520.7034480829931} 
{0: '0.5625', 1: '0.0', 2: '0.0', 3: '1.2011244339814315', 4: 528.7794939340943} 
{0: '0.5636363636363636', 1: '0.0', 2: '0.0', 3: '1.1299485464621188', 4: 545.2779329641079} 
{0: '0.5621761658031088', 1: '0.0', 2: '0.0', 3: '1.1299485464621188', 4: 539.73088511728} 
{0: '0.5633074935400517', 1: '0.0', 2: '0.0', 3: '1.2011244339814315', 4: 530.9498218468609} 
{0: '0.5644329896907216', 1: '0.0', 2: '0.0', 3: '1.2767837176518553', 4: 540.5702458103606} 
{0: '0.5629820051413882', 1: '0.0', 2: '0.0', 3: '1.2767837176518553', 4: 539.5333147103282} 
{0: '0.5641025641025641', 1: '0.0', 2: '0.0', 3: '1.2011244339814315', 4: 516.2961964372423} 
{0: '0.5652173913043478', 1: '0.0', 2: '0.0', 3: '1.1299485464621188', 4: 530.5893336763921} 
{0: '0.5637755102040817', 1: '0.0', 2: '0.0', 3: '1.1299485464621188', 4: 535.1166460426908} 
{0: '0.5648854961832062', 1: '0.0', 2: '0.0', 3: '1.2011244339814315', 4: 543.3051529291793} 
{0: '0.565989847715736', 1: '0.0', 2: '0.0', 3: '1.2767837176518553', 4: 530.9991192461044} 
{0: '0.5645569620253165', 1: '0.0', 2: '0.0', 3: '1.2767837176518553', 4: 522.9713730374933} 
{0: '0.5631313131313131', 1: '0.0', 2: '0.0', 3: '1.2767837176518553', 4: 520.913079036148} 
{0: '0.5617128463476071', 1: '0.0', 2: '0.0', 3: '1.2767837176518553', 4: 520.7842536754223} 
{0: '0.5628140703517588', 1: '0.0', 2: '0.0', 3: '1.2011244339814315', 4: 527.4981080209651} 
{0: '0.5639097744360902', 1: '0.0', 2: '0.0', 3: '1.1299485464621188', 4: 517.753739659036} 
{0: '0.5625', 1: '0.0', 2: '0.0', 3: '1.1299485464621188', 4: 530.4460624371784} 
{0: '0.5635910224438903', 1: '0.0', 2: '0.0', 3: '1.2011244339814315', 4: 535.2734347295719} 
{0: '0.5646766169154229', 1: '0.0', 2: '0.0', 3: '1.2767837176518553', 4: 529.5251914383315} 
{0: '0.5632754342431762', 1: '0.0', 2: '0.0', 3: '1.2767837176518553', 4: 521.7170501607532} 
{0: '0.5643564356435643', 1: '0.0', 2: '0.0', 3: '1.2011244339814315', 4: 529.7930429783597} 
{0: '0.5654320987654321', 1: '0.0', 2: '0.0', 3: '1.1299485464621188', 4: 519.6457281620114} 
{0: '0.5640394088669951', 1: '0.0', 2: '0.0', 3: '1.1299485464621188', 4: 528.3360308092626} 
{0: '0.5651105651105651', 1: '0.0', 2: '0.0', 3: '1.2011244339814315', 4: 531.5146453528733} 
{0: '0.5661764705882353', 1: '0.0', 2: '0.0', 3: '1.2767837176518553', 4: 534.8011052481165} 
{0: '0.5647921760391198', 1: '0.0', 2: '0.0', 3: '1.2767837176518553', 4: 544.6011554811386} 
{0: '0.5634146341463414', 1: '0.0', 2: '0.0', 3: '1.2767837176518553', 4: 520.5505618402732} 
{0: '0.5620437956204379', 1: '0.0', 2: '0.0', 3: '1.2767837176518553', 4: 514.6271784868004} 
{0: '0.5631067961165048', 1: '0.0', 2: '0.0', 3: '1.2011244339814315', 4: 514.0066189292195} 
{0: '0.5641646489104116', 1: '0.0', 2: '0.0', 3: '1.1299485464621188', 4: 530.2009807604351} 
{0: '0.5628019323671497', 1: '0.0', 2: '0.0', 3: '1.1299485464621188', 4: 530.2817134018402} 
{0: '0.5614457831325301', 1: '0.0', 2: '0.0', 3: '1.1299485464621188', 4: 522.2615154218518} 
{0: '0.5600961538461539', 1: '0.0', 2: '0.0', 3: '1.1299485464621188', 4: 519.64385095108} 
{0: '0.5611510791366906', 1: '0.0', 2: '0.0', 3: '1.2011244339814315', 4: 520.6250627809347} 
{0: '0.5598086124401914', 1: '0.0', 2: '0.0', 3: '1.2011244339814315', 4: 533.2009989575994} 
{0: '0.5584725536992841', 1: '0.0', 2: '0.0', 3: '1.2011244339814315', 4: 528.9702111417032} 
{0: '0.5595238095238095', 1: '0.0', 2: '0.0', 3: '1.2767837176518553', 4: 540.9698868104394} 
{0: '0.5605700712589073', 1: '0.0', 2: '0.0', 3: '1.3572088082974538', 4: 526.3006108673055} 
{0: '0.5592417061611374', 1: '0.0', 2: '0.0', 3: '1.3572088082974538', 4: 516.7612837238455} 
{0: '0.5602836879432624', 1: '0.0', 2: '0.0', 3: '1.2767837176518553', 4: 537.5843785985907} 
{0: '0.5589622641509434', 1: '0.0', 2: '0.0', 3: '1.2767837176518553', 4: 528.2297485771668} 
{0: '0.56', 1: '0.0', 2: '0.0', 3: '1.3572088082974538', 4: 538.3717310185724} 
{0: '0.5586854460093896', 1: '0.0', 2: '0.0', 3: '1.3572088082974538', 4: 519.8756120558724} 
{0: '0.5597189695550351', 1: '0.0', 2: '0.0', 3: '1.2767837176518553', 4: 524.3117955839325} 
{0: '0.5607476635514018', 1: '0.0', 2: '0.0', 3: '1.2011244339814315', 4: 518.3047722305936} 
{0: '0.5617715617715617', 1: '0.0', 2: '0.0', 3: '1.1299485464621188', 4: 532.2872432027019} 
{0: '0.5604651162790698', 1: '0.0', 2: '0.0', 3: '1.1299485464621188', 4: 515.1686622123896} 
{0: '0.5614849187935035', 1: '0.0', 2: '0.0', 3: '1.2011244339814315', 4: 534.4955890844184} 
{0: '0.5625', 1: '0.0', 2: '0.0', 3: '1.2767837176518553', 4: 528.5208517254454} 
{0: '0.5612009237875288', 1: '0.0', 2: '0.0', 3: '1.2767837176518553', 4: 514.8508279923366} 
{0: '0.5622119815668203', 1: '0.0', 2: '0.0', 3: '1.2011244339814315', 4: 533.578985850309} 
{0: '0.5609195402298851', 1: '0.0', 2: '0.0', 3: '1.2011244339814315', 4: 517.0901038378715} 
{0: '0.5596330275229358', 1: '0.0', 2: '0.0', 3: '1.2011244339814315', 4: 519.5490255310613} 
{0: '0.5606407322654462', 1: '0.0', 2: '0.0', 3: '1.1299485464621188', 4: 542.0064124128288} 
{0: '0.5593607305936074', 1: '0.0', 2: '0.0', 3: '1.1299485464621188', 4: 523.0639229917883} 
{0: '0.5603644646924829', 1: '0.0', 2: '0.0', 3: '1.2011244339814315', 4: 525.7966911565478} 
{0: '0.5590909090909091', 1: '0.0', 2: '0.0', 3: '1.2011244339814315', 4: 516.8301992897651} 
{0: '0.5600907029478458', 1: '0.0', 2: '0.0', 3: '1.1299485464621188', 4: 527.4389758166353} 
{0: '0.5588235294117647', 1: '0.0', 2: '0.0', 3: '1.1299485464621188', 4: 522.939029527566} 
{0: '0.5598194130925508', 1: '0.0', 2: '0.0', 3: '1.2011244339814315', 4: 518.366346120553} 
{0: '0.5608108108108109', 1: '0.0', 2: '0.0', 3: '1.2767837176518553', 4: 520.4124993354483} 
{0: '0.5595505617977528', 1: '0.0', 2: '0.0', 3: '1.2767837176518553', 4: 527.0231431725314} 
{0: '0.5582959641255605', 1: '0.0', 2: '0.0', 3: '1.2767837176518553', 4: 515.5226123525233} 
{0: '0.5570469798657718', 1: '0.0', 2: '0.0', 3: '1.2767837176518553', 4: 526.5694544174141} 
{0: '0.5580357142857143', 1: '0.0', 2: '0.0', 3: '1.2011244339814315', 4: 514.6333759603901} 
{0: '0.5590200445434298', 1: '0.0', 2: '0.0', 3: '1.1299485464621188', 4: 517.992718435213} 
{0: '0.5577777777777778', 1: '0.0', 2: '0.0', 3: '1.1299485464621188', 4: 521.9182255499607} 
{0: '0.5587583148558758', 1: '0.0', 2: '0.0', 3: '1.2011244339814315', 4: 527.2977703860864} 
{0: '0.5597345132743363', 1: '0.0', 2: '0.0', 3: '1.2767837176518553', 4: 525.7199770136153} 
{0: '0.5584988962472406', 1: '0.0', 2: '0.0', 3: '1.2767837176518553', 4: 535.0133760660319} 
{0: '0.5572687224669604', 1: '0.0', 2: '0.0', 3: '1.2767837176518553', 4: 534.794949153647} 
{0: '0.5560439560439561', 1: '0.0', 2: '0.0', 3: '1.2767837176518553', 4: 517.5733318398899} 
{0: '0.5570175438596491', 1: '0.0', 2: '0.0', 3: '1.2011244339814315', 4: 537.4205055910564} 
{0: '0.5579868708971554', 1: '0.0', 2: '0.0', 3: '1.1299485464621188', 4: 519.959825245602} 
{0: '0.5567685589519651', 1: '0.0', 2: '0.0', 3: '1.1299485464621188', 4: 522.0370366407163} 
{0: '0.5577342047930284', 1: '0.0', 2: '0.0', 3: '1.2011244339814315', 4: 519.2837179249378} 
{0: '0.5565217391304348', 1: '0.0', 2: '0.0', 3: '1.2011244339814315', 4: 532.765499020908} 
{0: '0.5553145336225597', 1: '0.0', 2: '0.0', 3: '1.2011244339814315', 4: 521.0852998847432} 
{0: '0.5541125541125541', 1: '0.0', 2: '0.0', 3: '1.2011244339814315', 4: 515.251284321817} 
{0: '0.5550755939524838', 1: '0.0', 2: '0.0', 3: '1.1299485464621188', 4: 522.8033868813549} 
{0: '0.5538793103448276', 1: '0.0', 2: '0.0', 3: '1.1299485464621188', 4: 519.1632711341144} 
{0: '0.5548387096774193', 1: '0.0', 2: '0.0', 3: '1.2011244339814315', 4: 525.1445364558863} 
{0: '0.555793991416309', 1: '0.0', 2: '0.0', 3: '1.2767837176518553', 4: 528.6061354597666} 
{0: '0.556745182012848', 1: '0.0', 2: '0.0', 3: '1.3572088082974538', 4: 520.764189610889} 
{0: '0.5576923076923077', 1: '0.0', 2: '0.0', 3: '1.4426999059072143', 4: 523.0802369011828} 
{0: '0.5565031982942431', 1: '0.0', 2: '0.0', 3: '1.4426999059072143', 4: 539.6158725385698} 
{0: '0.5574468085106383', 1: '0.0', 2: '0.0', 3: '1.3572088082974538', 4: 517.4721826010189} 
{0: '0.5583864118895966', 1: '0.0', 2: '0.0', 3: '1.2767837176518553', 4: 526.4376148821948} 
{0: '0.559322033898305', 1: '0.0', 2: '0.0', 3: '1.2011244339814315', 4: 533.4627988602678} 
{0: '0.5581395348837209', 1: '0.0', 2: '0.0', 3: '1.2011244339814315', 4: 532.7196689830748} 
{0: '0.5590717299578059', 1: '0.0', 2: '0.0', 3: '1.2767837176518553', 4: 529.3433811374595} 
{0: '0.5578947368421052', 1: '0.0', 2: '0.0', 3: '1.2767837176518553', 4: 529.5078691396421} 
{0: '0.5588235294117647', 1: '0.0', 2: '0.0', 3: '1.2011244339814315', 4: 524.6598498353171} 
{0: '0.559748427672956', 1: '0.0', 2: '0.0', 3: '1.1299485464621188', 4: 529.7033042105039} 
{0: '0.5585774058577406', 1: '0.0', 2: '0.0', 3: '1.1299485464621188', 4: 535.5128955329444} 
{0: '0.5594989561586639', 1: '0.0', 2: '0.0', 3: '1.2011244339814315', 4: 528.6466703980759} 
{0: '0.5604166666666667', 1: '0.0', 2: '0.0', 3: '1.2767837176518553', 4: 530.3805432736904} 
{0: '0.5592515592515592', 1: '0.0', 2: '0.0', 3: '1.2767837176518553', 4: 520.8338122442291} 
{0: '0.5601659751037344', 1: '0.0', 2: '0.0', 3: '1.2011244339814315', 4: 520.3376229528345} 
{0: '0.5590062111801242', 1: '0.0', 2: '0.0', 3: '1.2011244339814315', 4: 524.6777016657223} 
{0: '0.5599173553719008', 1: '0.0', 2: '0.0', 3: '1.2767837176518553', 4: 525.8296469649327} 
{0: '0.5587628865979382', 1: '0.0', 2: '0.0', 3: '1.2767837176518553', 4: 524.8540098400315} 
{0: '0.5576131687242798', 1: '0.0', 2: '0.0', 3: '1.2767837176518553', 4: 531.222159826432} 
{0: '0.5564681724845996', 1: '0.0', 2: '0.0', 3: '1.2767837176518553', 4: 536.3838027028207} 
{0: '0.555327868852459', 1: '0.0', 2: '0.0', 3: '1.2767837176518553', 4: 521.5995639794405} 
{0: '0.5541922290388548', 1: '0.0', 2: '0.0', 3: '1.2767837176518553', 4: 536.5663299745428} 
{0: '0.5551020408163265', 1: '0.0', 2: '0.0', 3: '1.2011244339814315', 4: 545.3271286748194} 
{0: '0.5539714867617108', 1: '0.0', 2: '0.0', 3: '1.2011244339814315', 4: 531.1676031358155} 
{0: '0.5528455284552846', 1: '0.0', 2: '0.0', 3: '1.2011244339814315', 4: 526.2868305538676} 
{0: '0.5537525354969574', 1: '0.0', 2: '0.0', 3: '1.1299485464621188', 4: 523.8212810648317} 
{0: '0.5526315789473685', 1: '0.0', 2: '0.0', 3: '1.1299485464621188', 4: 523.8963911950292} 
{0: '0.5535353535353535', 1: '0.0', 2: '0.0', 3: '1.2011244339814315', 4: 527.0953473794552} 
{0: '0.5544354838709677', 1: '0.0', 2: '0.0', 3: '1.2767837176518553', 4: 516.2141238123982} 
{0: '0.5533199195171026', 1: '0.0', 2: '0.0', 3: '1.2767837176518553', 4: 527.3003607903817} 
{0: '0.5542168674698795', 1: '0.0', 2: '0.0', 3: '1.2011244339814315', 4: 531.2741524212498} 
{0: '0.5551102204408818', 1: '0.0', 2: '0.0', 3: '1.1299485464621188', 4: 521.3547659047118} 
