{'STAT2HEADER': 'STAT2HEADER', 'STAT2HEADER_ENVIRON': 'environ({\'OMPI_MCA_pmix\': \'^s1,s2,cray,isolated\', \'PMIX_MCA_mca_base_component_show_load_errors\': \'1\', \'OMPI_COMMAND\': \'python3\', \'OMPI_ARGV\': \'static_snapshot.py 2 1min\', \'OMPI_MCA_orte_precondition_transports\': \'11d47aaed80321dc-0f590fcc4f736627\', \'LD_LIBRARY_PATH\': \'/salilab/diva1/programs/x86_64linux/numpy-py36-1.19.5/lib:/salilab/diva1/home/libs/x86_64/centos8:/salilab/diva1/home/libs/x86_64:/salilab/diva1/home/imp/main/20240607-af6f9d6a95/lib/release8:/salilab/diva1/programs/x86_64linux/opencv-4.3.0/lib64/rhel:/salilab/diva1/programs/x86_64linux/opencv-4.3.0/lib64:/salilab/diva1/programs/x86_64linux/hdf5-1.10.7/lib:/salilab/diva1/programs/x86_64linux/libtau-py27-1.0.1/lib64:/salilab/diva1/programs/x86_64linux/boost-1.73.0/lib64:/usr/lib64/openmpi/lib:/wynton/group/sali/miha_rozic/Software/imp-develop/build/lib::\', \'IMP_TMP_DIR\': \'/wynton/group/sali/miha_rozic/Software/imp-develop/build/tmp\', \'PE_HOSTFILE\': \'/var/spool/sge/wynton/qb3-id332/active_jobs/708597.1/pe_hostfile\', \'__LMOD_REF_COUNT_PATH\': \'/salilab/diva1/programs/x86_64linux/numpy-py36-1.19.5/bin:1;/salilab/diva1/home/imp/main/20240607-af6f9d6a95/bin/release8:1;/salilab/diva1/programs/x86_64linux/opencv-4.3.0/bin:1;/salilab/diva1/programs/x86_64linux/hdf5-1.10.7/bin:1;/usr/lib64/openmpi/bin:1;/wynton/home/sali/rozicmiha/.local/bin:1;/wynton/home/sali/rozicmiha/bin:1;/wynton/group/sali/miha_rozic/Software/imp-develop/build/bin:1;/wynton/group/sali/miha_rozic/Software/imp-develop/build/module_bin/EMageFit:1;/wynton/group/sali/miha_rozic/Software/imp-develop/build/module_bin/algebra:1;/wynton/group/sali/miha_rozic/Software/imp-develop/build/module_bin/atom:1;/wynton/group/sali/miha_rozic/Software/imp-develop/build/module_bin/benchmark:1;/wynton/group/sali/miha_rozic/Software/imp-develop/build/module_bin/cgal:1;/wynton/group/sali/miha_rozic/Software/imp-develop/build/module_bin/cnmultifit:1;/wynton/group/sali/miha_rozic/Software/imp-develop/build/module_bin/container:1;/wynton/group/sali/miha_rozic/Software/imp-develop/build/module_bin/core:1;/wynton/group/sali/miha_rozic/Software/imp-develop/build/module_bin/display:1;/wynton/group/sali/miha_rozic/Software/imp-develop/build/module_bin/domino:1;/wynton/group/sali/miha_rozic/Software/imp-develop/build/module_bin/em:1;/wynton/group/sali/miha_rozic/Software/imp-develop/build/module_bin/em2d:1;/wynton/group/sali/miha_rozic/Software/imp-develop/build/module_bin/example:1;/wynton/group/sali/miha_rozic/Software/imp-develop/build/module_bin/foxs:1;/wynton/group/sali/miha_rozic/Software/imp-develop/build/module_bin/gsl:1;/wynton/group/sali/miha_rozic/Software/imp-develop/build/module_bin/integrative_docking:1;/wynton/group/sali/miha_rozic/Software/imp-develop/build/module_bin/isd:1;/wynton/group/sali/miha_rozic/Software/imp-develop/build/module_bin/kernel:1;/wynton/group/sali/miha_rozic/Software/imp-develop/build/module_bin/kinematics:1;/wynton/group/sali/miha_rozic/Software/imp-develop/build/module_bin/kmeans:1;/wynton/group/sali/miha_rozic/Software/imp-develop/build/module_bin/misc:1;/wynton/group/sali/miha_rozic/Software/imp-develop/build/module_bin/mmcif:1;/wynton/group/sali/miha_rozic/Software/imp-develop/build/module_bin/modeller:1;/wynton/group/sali/miha_rozic/Software/imp-develop/build/module_bin/mpi:1;/wynton/group/sali/miha_rozic/Software/imp-develop/build/module_bin/multi_state:1;/wynton/group/sali/miha_rozic/Software/imp-develop/build/module_bin/multifit:1;/wynton/group/sali/miha_rozic/Software/imp-develop/build/module_bin/npc:1;/wynton/group/sali/miha_rozic/Software/imp-develop/build/module_bin/npcassembly:1;/wynton/group/sali/miha_rozic/Software/imp-develop/build/module_bin/parallel:1;/wynton/group/sali/miha_rozic/Software/imp-develop/build/module_bin/pepdock:1;/wynton/group/sali/miha_rozic/Software/imp-develop/build/module_bin/pmi:1;/wynton/group/sali/miha_rozic/Software/imp-develop/build/module_bin/rmf:1;/wynton/group/sali/miha_rozic/Software/imp-develop/build/module_bin/rotamer:1;/wynton/group/sali/miha_rozic/Software/imp-develop/build/module_bin/saxs:1;/wynton/group/sali/miha_rozic/Software/imp-develop/build/module_bin/saxs_merge:1;/wynton/group/sali/miha_rozic/Software/imp-develop/build/module_bin/score_functor:1;/wynton/group/sali/miha_rozic/Software/imp-develop/build/module_bin/scratch:1;/wynton/group/sali/miha_rozic/Software/imp-develop/build/module_bin/spb:1;/wynton/group/sali/miha_rozic/Software/imp-develop/build/module_bin/statistics:1;/wynton/group/sali/miha_rozic/Software/imp-develop/build/module_bin/symmetry:1;/wynton/group/sali/miha_rozic/Software/imp-develop/build/module_bin/test:1;/opt/sge/bin:1;/opt/sge/bin/lx-amd64:1;/scratch/708597.1.member.q:1;/usr/local/bin:1;/bin:1;/usr/bin:1;/usr/local/sbin:1;/usr/sbin:1\', \'_ModuleTable002_\': \'fSwKc3RhY2tEZXB0aCA9IDEsCnN0YXR1cyA9ICJhY3RpdmUiLAp1c2VyTmFtZSA9ICJib29zdC8xLjczLjAiLAp3ViA9ICIwMDAwMDAwMDEuMDAwMDAwMDczLip6ZmluYWwiLAp9LApoZGY1ID0gewpmbiA9ICIvc2FsaWxhYi9kaXZhMS9ob21lL21vZHVsZXMvaGRmNS8xLjEwLjciLApmdWxsTmFtZSA9ICJoZGY1LzEuMTAuNyIsCmxvYWRPcmRlciA9IDUsCnByb3BUID0ge30sCnN0YWNrRGVwdGggPSAyLApzdGF0dXMgPSAiYWN0aXZlIiwKdXNlck5hbWUgPSAiaGRmNS8xLjEwLjciLAp3ViA9ICIwMDAwMDAwMDEuMDAwMDAwMDEwLjAwMDAwMDAwNy4qemZpbmFsIiwKfSwKaW1wID0gewpmbiA9ICIvc2FsaWxhYi9kaXZhMS9ob21lL21vZHVsZXMvaW1wLzIuMjEuMCIsCmZ1bGxO\', \'IMP_DIR\': \'/salilab/diva1/home/imp/main/20240607-af6f9d6a95/lib/release8/cmake/IMP\', \'QUEUE\': \'member.q\', \'GOTO_NUM_THREADS\': \'1\', \'MPI_PYTHON3_SITEARCH\': \'/usr/lib64/python3.6/site-packages/openmpi\', \'LANG\': \'en_US.UTF-8\', \'HISTCONTROL\': \'ignoredups\', \'_ModuleTable008_\': \'cyIsCmZ1bGxOYW1lID0gInNhbGktbGlicmFyaWVzIiwKbG9hZE9yZGVyID0gOCwKcHJvcFQgPSB7fSwKc3RhY2tEZXB0aCA9IDEsCnN0YXR1cyA9ICJhY3RpdmUiLAp1c2VyTmFtZSA9ICJzYWxpLWxpYnJhcmllcyIsCndWID0gIk0uKnpmaW5hbCIsCn0sCn0sCm1wYXRoQSA9IHsKIi9zYWxpbGFiL2RpdmExL2hvbWUvbW9kdWxlcyIsICIvZXRjL21vZHVsZWZpbGVzIiwgIi91c3Ivc2hhcmUvbW9kdWxlZmlsZXMiCiwgIi91c3Ivc2hhcmUvbW9kdWxlZmlsZXMvTGludXgiLCAiL3Vzci9zaGFyZS9tb2R1bGVmaWxlcy9Db3JlIiwgIi91c3Ivc2hhcmUvbG1vZC9sbW9kL21vZHVsZWZpbGVzL0NvcmUiLAp9LApzeXN0ZW1CYXNlTVBBVEggPSAiL2V0Yy9tb2R1bGVmaWxlczovdXNy\', \'SGE_O_HOST\': \'dev1\', \'HOSTNAME\': \'qb3-id332.wynton.ucsf.edu\', \'OPENBLAS_NUM_THREADS\': \'1\', \'__LMOD_REF_COUNT_CMAKE_INCLUDE_PATH\': \'/salilab/diva1/programs/x86_64linux/opencv-4.3.0/include/opencv4:1;/salilab/diva1/programs/x86_64linux/hdf5-1.10.7/include:1;/salilab/diva1/programs/x86_64linux/libtau-py27-1.0.1/include:1;/salilab/diva1/programs/x86_64linux/boost-1.73.0/include:1\', \'SGE_RSH_COMMAND\': \'builtin\', \'ENVIRONMENT\': \'BATCH\', \'IMP_DATA\': \'/wynton/group/sali/miha_rozic/Software/imp-develop/build/data\', \'REQUEST\': \'test1\', \'SGE_STDIN_PATH\': \'/dev/null\', \'SGE_CELL\': \'wynton\', \'_ModuleTable007_\': \'MjEuMyIsCndWID0gIjAwMDAwMDAwMC4wMDAwMDAwMjEuMDAwMDAwMDAzLip6ZmluYWwiLAp9LApbInB5dGhvbjMvc2NpcHkiXSA9IHsKZm4gPSAiL3NhbGlsYWIvZGl2YTEvaG9tZS9tb2R1bGVzL3B5dGhvbjMvc2NpcHkvMS4zLjIiLApmdWxsTmFtZSA9ICJweXRob24zL3NjaXB5LzEuMy4yIiwKbG9hZE9yZGVyID0gMTAsCnByb3BUID0ge30sCnN0YWNrRGVwdGggPSAxLApzdGF0dXMgPSAiYWN0aXZlIiwKdXNlck5hbWUgPSAicHl0aG9uMy9zY2lweS8xLjMuMiIsCndWID0gIjAwMDAwMDAwMS4wMDAwMDAwMDMuMDAwMDAwMDAyLip6ZmluYWwiLAp9LApbInNhbGktbGlicmFyaWVzIl0gPSB7CmZuID0gIi9zYWxpbGFiL2RpdmExL2hvbWUvbW9kdWxlcy9zYWxpLWxpYnJhcmll\', \'CMAKE_INCLUDE_PATH\': \'/salilab/diva1/programs/x86_64linux/opencv-4.3.0/include/opencv4:/salilab/diva1/programs/x86_64linux/hdf5-1.10.7/include:/salilab/diva1/programs/x86_64linux/libtau-py27-1.0.1/include:/salilab/diva1/programs/x86_64linux/boost-1.73.0/include\', \'__LMOD_REF_COUNT_LD_LIBRARY_PATH\': \'/salilab/diva1/programs/x86_64linux/numpy-py36-1.19.5/lib:1;/salilab/diva1/home/libs/x86_64/centos8:1;/salilab/diva1/home/libs/x86_64:1;/salilab/diva1/home/imp/main/20240607-af6f9d6a95/lib/release8:1;/salilab/diva1/programs/x86_64linux/opencv-4.3.0/lib64/rhel:1;/salilab/diva1/programs/x86_64linux/opencv-4.3.0/lib64:1;/salilab/diva1/programs/x86_64linux/hdf5-1.10.7/lib:1;/salilab/diva1/programs/x86_64linux/libtau-py27-1.0.1/lib64:1;/salilab/diva1/programs/x86_64linux/boost-1.73.0/lib64:1;/usr/lib64/openmpi/lib:1;/wynton/group/sali/miha_rozic/Software/imp-develop/build/lib:2;:1\', \'__LMOD_REF_COUNT_PKG_CONFIG_PATH\': \'/usr/lib64/openmpi/lib/pkgconfig:1\', \'_ModuleTable004_\': \'aGFyZS9tb2R1bGVmaWxlcy9tcGkvb3Blbm1waS14ODZfNjQiLApmdWxsTmFtZSA9ICJtcGkvb3Blbm1waS14ODZfNjQiLApsb2FkT3JkZXIgPSAyLApwcm9wVCA9IHt9LApzdGFja0RlcHRoID0gMCwKc3RhdHVzID0gImFjdGl2ZSIsCnVzZXJOYW1lID0gIm1waS9vcGVubXBpLXg4Nl82NCIsCndWID0gIipvcGVubXBpLip4LjAwMDAwMDA4Ni4qXy4wMDAwMDAwNjQuKnpmaW5hbCIsCn0sCm9wZW5jdiA9IHsKZm4gPSAiL3NhbGlsYWIvZGl2YTEvaG9tZS9tb2R1bGVzL29wZW5jdi80LjMuMCIsCmZ1bGxOYW1lID0gIm9wZW5jdi80LjMuMCIsCmxvYWRPcmRlciA9IDYsCnByb3BUID0ge30sCnN0YWNrRGVwdGggPSAxLApzdGF0dXMgPSAiYWN0aXZlIiwKdXNlck5hbWUgPSAib3Bl\', \'__LMOD_REF_COUNT_PYTHONPATH\': \'/salilab/diva1/programs/x86_64linux/scikit-py36-0.21.3/lib64/python3.6/site-packages:1;/salilab/diva1/programs/linux/joblib-0.17.0/lib/python3.6/site-packages:1;/salilab/diva1/programs/x86_64linux/scipy-py36-1.3.2/lib64/python3.6/site-packages:1;/salilab/diva1/programs/x86_64linux/numpy-py36-1.19.5/lib64/python3.6/site-packages:1;/salilab/diva1/home/imp/main/20240607-af6f9d6a95/lib/release8:1;/salilab/diva1/programs/x86_64linux/opencv-4.3.0/lib/python3.6/site-packages:1;/wynton/group/sali/miha_rozic/Software/imp-develop/build/lib:2;:1\', \'which_declare\': \'declare -f\', \'NHOSTS\': \'1\', \'SGE_O_WORKDIR\': \'/wynton/group/sali/miha_rozic/Input_information/SNAPSHOTS/central_directory/snapshot2_1min/run28\', \'USER\': \'rozicmiha\', \'SGE_TASK_ID\': \'undefined\', \'__LMOD_REF_COUNT_CMAKE_LIBRARY_PATH\': \'/salilab/diva1/programs/x86_64linux/opencv-4.3.0/lib64:1;/salilab/diva1/programs/x86_64linux/hdf5-1.10.7/lib:1;/salilab/diva1/programs/x86_64linux/libtau-py27-1.0.1/lib64:1;/salilab/diva1/programs/x86_64linux/boost-1.73.0/lib64:1\', \'SGE_TASK_FIRST\': \'undefined\', \'NSLOTS\': \'16\', \'__LMOD_REF_COUNT_MODULEPATH\': \'/salilab/diva1/home/modules:1;/etc/modulefiles:1;/usr/share/modulefiles:1;/usr/share/modulefiles/Linux:1;/usr/share/modulefiles/Core:1;/usr/share/lmod/lmod/modulefiles/Core:1\', \'PWD\': \'/wynton/group/sali/miha_rozic/Input_information/SNAPSHOTS/central_directory/snapshot2_1min/run28\', \'HOME\': \'/wynton/home/sali/rozicmiha\', \'NQUEUES\': \'1\', \'TMP\': \'/scratch/708597.1.member.q\', \'PE\': \'smp\', \'SGE_O_HOME\': \'/wynton/home/sali/rozicmiha\', \'LMOD_VERSION\': \'8.7.32\', \'JOB_NAME\': \'test1\', \'BASH_ENV\': \'/usr/share/lmod/lmod/init/bash\', \'MPI_FORTRAN_MOD_DIR\': \'/usr/lib64/gfortran/modules/openmpi\', \'SGE_TASK_LAST\': \'undefined\', \'MKL_NUM_THREADS\': \'1\', \'MPI_COMPILER\': \'openmpi-x86_64\', \'SGE_ACCOUNT\': \'sge\', \'SGE_ROOT\': \'/opt/sge\', \'MPI_SUFFIX\': \'_openmpi\', \'TMPDIR\': \'/scratch/708597.1.member.q\', \'RESTARTED\': \'0\', \'LMOD_sys\': \'Linux\', \'_ModuleTable001_\': \'X01vZHVsZVRhYmxlXyA9IHsKTVR2ZXJzaW9uID0gMywKY19yZWJ1aWxkVGltZSA9IGZhbHNlLApjX3Nob3J0VGltZSA9IGZhbHNlLApkZXB0aFQgPSB7fSwKZmFtaWx5ID0ge30sCm1UID0gewpTYWxpID0gewpmbiA9ICIvZXRjL21vZHVsZWZpbGVzL1NhbGkubHVhIiwKZnVsbE5hbWUgPSAiU2FsaSIsCmxvYWRPcmRlciA9IDEsCnByb3BUID0ge30sCnN0YWNrRGVwdGggPSAwLApzdGF0dXMgPSAiYWN0aXZlIiwKdXNlck5hbWUgPSAiU2FsaSIsCndWID0gIk0uKnpmaW5hbCIsCn0sCmJvb3N0ID0gewpmbiA9ICIvc2FsaWxhYi9kaXZhMS9ob21lL21vZHVsZXMvYm9vc3QvMS43My4wIiwKZnVsbE5hbWUgPSAiYm9vc3QvMS43My4wIiwKbG9hZE9yZGVyID0gMywKcHJvcFQgPSB7\', \'LOADEDMODULES\': \'Sali:mpi/openmpi-x86_64:boost/1.73.0:libtau/1.0.1:hdf5/1.10.7:opencv/4.3.0:imp/2.21.0:sali-libraries:python3/numpy/1.19.5:python3/scipy/1.3.2:python3/joblib/0.17.0:python3/scikit/0.21.3\', \'SGE_O_PATH\': \'/salilab/diva1/programs/x86_64linux/numpy-py36-1.19.5/bin:/salilab/diva1/home/imp/main/20240607-af6f9d6a95/bin/release8:/salilab/diva1/programs/x86_64linux/opencv-4.3.0/bin:/salilab/diva1/programs/x86_64linux/hdf5-1.10.7/bin:/wynton/home/sali/rozicmiha/.local/bin:/wynton/home/sali/rozicmiha/bin:/wynton/group/sali/miha_rozic/Software/imp-develop/build/bin:/wynton/group/sali/miha_rozic/Software/imp-develop/build/module_bin/EMageFit:/wynton/group/sali/miha_rozic/Software/imp-develop/build/module_bin/algebra:/wynton/group/sali/miha_rozic/Software/imp-develop/build/module_bin/atom:/wynton/group/sali/miha_rozic/Software/imp-develop/build/module_bin/benchmark:/wynton/group/sali/miha_rozic/Software/imp-develop/build/module_bin/cgal:/wynton/group/sali/miha_rozic/Software/imp-develop/build/module_bin/cnmultifit:/wynton/group/sali/miha_rozic/Software/imp-develop/build/module_bin/container:/wynton/group/sali/miha_rozic/Software/imp-develop/build/module_bin/core:/wynton/group/sali/miha_rozic/Software/imp-develop/build/module_bin/display:/wynton/group/sali/miha_rozic/Software/imp-develop/build/module_bin/domino:/wynton/group/sali/miha_rozic/Software/imp-develop/build/module_bin/em:/wynton/group/sali/miha_rozic/Software/imp-develop/build/module_bin/em2d:/wynton/group/sali/miha_rozic/Software/imp-develop/build/module_bin/example:/wynton/group/sali/miha_rozic/Software/imp-develop/build/module_bin/foxs:/wynton/group/sali/miha_rozic/Software/imp-develop/build/module_bin/gsl:/wynton/group/sali/miha_rozic/Software/imp-develop/build/module_bin/integrative_docking:/wynton/group/sali/miha_rozic/Software/imp-develop/build/module_bin/isd:/wynton/group/sali/miha_rozic/Software/imp-develop/build/module_bin/kernel:/wynton/group/sali/miha_rozic/Software/imp-develop/build/module_bin/kinematics:/wynton/group/sali/miha_rozic/Software/imp-develop/build/module_bin/kmeans:/wynton/group/sali/miha_rozic/Software/imp-develop/build/module_bin/misc:/wynton/group/sali/miha_rozic/Software/imp-develop/build/module_bin/mmcif:/wynton/group/sali/miha_rozic/Software/imp-develop/build/module_bin/modeller:/wynton/group/sali/miha_rozic/Software/imp-develop/build/module_bin/mpi:/wynton/group/sali/miha_rozic/Software/imp-develop/build/module_bin/multi_state:/wynton/group/sali/miha_rozic/Software/imp-develop/build/module_bin/multifit:/wynton/group/sali/miha_rozic/Software/imp-develop/build/module_bin/npc:/wynton/group/sali/miha_rozic/Software/imp-develop/build/module_bin/npcassembly:/wynton/group/sali/miha_rozic/Software/imp-develop/build/module_bin/parallel:/wynton/group/sali/miha_rozic/Software/imp-develop/build/module_bin/pepdock:/wynton/group/sali/miha_rozic/Software/imp-develop/build/module_bin/pmi:/wynton/group/sali/miha_rozic/Software/imp-develop/build/module_bin/rmf:/wynton/group/sali/miha_rozic/Software/imp-develop/build/module_bin/rotamer:/wynton/group/sali/miha_rozic/Software/imp-develop/build/module_bin/saxs:/wynton/group/sali/miha_rozic/Software/imp-develop/build/module_bin/saxs_merge:/wynton/group/sali/miha_rozic/Software/imp-develop/build/module_bin/score_functor:/wynton/group/sali/miha_rozic/Software/imp-develop/build/module_bin/scratch:/wynton/group/sali/miha_rozic/Software/imp-develop/build/module_bin/spb:/wynton/group/sali/miha_rozic/Software/imp-develop/build/module_bin/statistics:/wynton/group/sali/miha_rozic/Software/imp-develop/build/module_bin/symmetry:/wynton/group/sali/miha_rozic/Software/imp-develop/build/module_bin/test:/opt/sge/bin:/opt/sge/bin/lx-amd64:/usr/local/bin:/usr/bin:/usr/local/sbin:/usr/sbin\', \'SGE_O_SHELL\': \'/bin/bash\', \'_ModuleTable006_\': \'bWUgPSAicHl0aG9uMy9udW1weS8xLjE5LjUiLApsb2FkT3JkZXIgPSA5LApwcm9wVCA9IHt9LApzdGFja0RlcHRoID0gMiwKc3RhdHVzID0gImFjdGl2ZSIsCnVzZXJOYW1lID0gInB5dGhvbjMvbnVtcHkvMS4xOS41IiwKd1YgPSAiMDAwMDAwMDAxLjAwMDAwMDAxOS4wMDAwMDAwMDUuKnpmaW5hbCIsCn0sClsicHl0aG9uMy9zY2lraXQiXSA9IHsKZm4gPSAiL3NhbGlsYWIvZGl2YTEvaG9tZS9tb2R1bGVzL3B5dGhvbjMvc2Npa2l0LzAuMjEuMyIsCmZ1bGxOYW1lID0gInB5dGhvbjMvc2Npa2l0LzAuMjEuMyIsCmxvYWRPcmRlciA9IDEyLApwcm9wVCA9IHt9LApzdGFja0RlcHRoID0gMCwKc3RhdHVzID0gImFjdGl2ZSIsCnVzZXJOYW1lID0gInB5dGhvbjMvc2Npa2l0LzAu\', \'__LMOD_REF_COUNT_MANPATH\': \':2;/usr/share/man/openmpi-x86_64:1;/opt/sge/man:1;/usr/share/lmod/lmod/share/man:1\', \'MPI_INCLUDE\': \'/usr/include/openmpi-x86_64\', \'_ModuleTable003_\': \'YW1lID0gImltcC8yLjIxLjAiLApsb2FkT3JkZXIgPSA3LApwcm9wVCA9IHt9LApzdGFja0RlcHRoID0gMCwKc3RhdHVzID0gImFjdGl2ZSIsCnVzZXJOYW1lID0gImltcCIsCndWID0gIl4wMDAwMDAwMi4wMDAwMDAwMjEuKnpmaW5hbCIsCn0sCmxpYnRhdSA9IHsKZm4gPSAiL3NhbGlsYWIvZGl2YTEvaG9tZS9tb2R1bGVzL2xpYnRhdS8xLjAuMSIsCmZ1bGxOYW1lID0gImxpYnRhdS8xLjAuMSIsCmxvYWRPcmRlciA9IDQsCnByb3BUID0ge30sCnN0YWNrRGVwdGggPSAxLApzdGF0dXMgPSAiYWN0aXZlIiwKdXNlck5hbWUgPSAibGlidGF1LzEuMC4xIiwKd1YgPSAiMDAwMDAwMDAxLjAwMDAwMDAwMC4wMDAwMDAwMDEuKnpmaW5hbCIsCn0sCm1waSA9IHsKZm4gPSAiL3Vzci9z\', \'LMOD_ROOT\': \'/usr/share/lmod\', \'SYSTEMCTL_SKIP_REDIRECT\': \'\', \'MAIL\': \'/var/spool/mail/rozicmiha\', \'SGE_CWD_PATH\': \'/wynton/group/sali/miha_rozic/Input_information/SNAPSHOTS/central_directory/snapshot2_1min/run28\', \'MPI_HOME\': \'/usr/lib64/openmpi\', \'_ModuleTable009_\': \'L3NoYXJlL21vZHVsZWZpbGVzOi91c3Ivc2hhcmUvbW9kdWxlZmlsZXMvTGludXg6L3Vzci9zaGFyZS9tb2R1bGVmaWxlcy9Db3JlOi91c3Ivc2hhcmUvbG1vZC9sbW9kL21vZHVsZWZpbGVzL0NvcmUiLAp9Cg==\', \'SGE_TASK_STEPSIZE\': \'undefined\', \'SHELL\': \'/bin/bash\', \'TERM\': \'\', \'_ModuleTable_Sz_\': \'9\', \'SGE_JOB_SPOOL_DIR\': \'/var/spool/sge/wynton/qb3-id332/active_jobs/708597.1\', \'JOB_ID\': \'708597\', \'IMP_EXAMPLE_DATA\': \'/wynton/group/sali/miha_rozic/Software/imp-develop/build/doc/examples\', \'R_FUTURE_AVAILABLECORES_FALLBACK\': \'1\', \'JOB_SCRIPT\': \'/var/spool/sge/wynton/qb3-id332/job_scripts/708597\', \'SHLVL\': \'2\', \'SGE_O_LOGNAME\': \'rozicmiha\', \'SGE_O_MAIL\': \'/var/spool/mail/rozicmiha\', \'PYTHONPATH\': \'/salilab/diva1/programs/x86_64linux/scikit-py36-0.21.3/lib64/python3.6/site-packages:/salilab/diva1/programs/linux/joblib-0.17.0/lib/python3.6/site-packages:/salilab/diva1/programs/x86_64linux/scipy-py36-1.3.2/lib64/python3.6/site-packages:/salilab/diva1/programs/x86_64linux/numpy-py36-1.19.5/lib64/python3.6/site-packages:/salilab/diva1/home/imp/main/20240607-af6f9d6a95/lib/release8:/salilab/diva1/programs/x86_64linux/opencv-4.3.0/lib/python3.6/site-packages:/wynton/group/sali/miha_rozic/Software/imp-develop/build/lib::\', \'MANPATH\': \':/usr/share/man/openmpi-x86_64:/opt/sge/man:/usr/share/lmod/lmod/share/man\', \'MODULEPATH\': \'/salilab/diva1/home/modules:/etc/modulefiles:/usr/share/modulefiles:/usr/share/modulefiles/Linux:/usr/share/modulefiles/Core:/usr/share/lmod/lmod/modulefiles/Core\', \'MPI_SYSCONFIG\': \'/etc/openmpi-x86_64\', \'LOGNAME\': \'rozicmiha\', \'SYSTEMCTL_IGNORE_DEPENDENCIES\': \'\', \'MODULEPATH_ROOT\': \'/usr/share/modulefiles\', \'PATH\': \'/salilab/diva1/programs/x86_64linux/numpy-py36-1.19.5/bin:/salilab/diva1/home/imp/main/20240607-af6f9d6a95/bin/release8:/salilab/diva1/programs/x86_64linux/opencv-4.3.0/bin:/salilab/diva1/programs/x86_64linux/hdf5-1.10.7/bin:/usr/lib64/openmpi/bin:/wynton/home/sali/rozicmiha/.local/bin:/wynton/home/sali/rozicmiha/bin:/wynton/group/sali/miha_rozic/Software/imp-develop/build/bin:/wynton/group/sali/miha_rozic/Software/imp-develop/build/module_bin/EMageFit:/wynton/group/sali/miha_rozic/Software/imp-develop/build/module_bin/algebra:/wynton/group/sali/miha_rozic/Software/imp-develop/build/module_bin/atom:/wynton/group/sali/miha_rozic/Software/imp-develop/build/module_bin/benchmark:/wynton/group/sali/miha_rozic/Software/imp-develop/build/module_bin/cgal:/wynton/group/sali/miha_rozic/Software/imp-develop/build/module_bin/cnmultifit:/wynton/group/sali/miha_rozic/Software/imp-develop/build/module_bin/container:/wynton/group/sali/miha_rozic/Software/imp-develop/build/module_bin/core:/wynton/group/sali/miha_rozic/Software/imp-develop/build/module_bin/display:/wynton/group/sali/miha_rozic/Software/imp-develop/build/module_bin/domino:/wynton/group/sali/miha_rozic/Software/imp-develop/build/module_bin/em:/wynton/group/sali/miha_rozic/Software/imp-develop/build/module_bin/em2d:/wynton/group/sali/miha_rozic/Software/imp-develop/build/module_bin/example:/wynton/group/sali/miha_rozic/Software/imp-develop/build/module_bin/foxs:/wynton/group/sali/miha_rozic/Software/imp-develop/build/module_bin/gsl:/wynton/group/sali/miha_rozic/Software/imp-develop/build/module_bin/integrative_docking:/wynton/group/sali/miha_rozic/Software/imp-develop/build/module_bin/isd:/wynton/group/sali/miha_rozic/Software/imp-develop/build/module_bin/kernel:/wynton/group/sali/miha_rozic/Software/imp-develop/build/module_bin/kinematics:/wynton/group/sali/miha_rozic/Software/imp-develop/build/module_bin/kmeans:/wynton/group/sali/miha_rozic/Software/imp-develop/build/module_bin/misc:/wynton/group/sali/miha_rozic/Software/imp-develop/build/module_bin/mmcif:/wynton/group/sali/miha_rozic/Software/imp-develop/build/module_bin/modeller:/wynton/group/sali/miha_rozic/Software/imp-develop/build/module_bin/mpi:/wynton/group/sali/miha_rozic/Software/imp-develop/build/module_bin/multi_state:/wynton/group/sali/miha_rozic/Software/imp-develop/build/module_bin/multifit:/wynton/group/sali/miha_rozic/Software/imp-develop/build/module_bin/npc:/wynton/group/sali/miha_rozic/Software/imp-develop/build/module_bin/npcassembly:/wynton/group/sali/miha_rozic/Software/imp-develop/build/module_bin/parallel:/wynton/group/sali/miha_rozic/Software/imp-develop/build/module_bin/pepdock:/wynton/group/sali/miha_rozic/Software/imp-develop/build/module_bin/pmi:/wynton/group/sali/miha_rozic/Software/imp-develop/build/module_bin/rmf:/wynton/group/sali/miha_rozic/Software/imp-develop/build/module_bin/rotamer:/wynton/group/sali/miha_rozic/Software/imp-develop/build/module_bin/saxs:/wynton/group/sali/miha_rozic/Software/imp-develop/build/module_bin/saxs_merge:/wynton/group/sali/miha_rozic/Software/imp-develop/build/module_bin/score_functor:/wynton/group/sali/miha_rozic/Software/imp-develop/build/module_bin/scratch:/wynton/group/sali/miha_rozic/Software/imp-develop/build/module_bin/spb:/wynton/group/sali/miha_rozic/Software/imp-develop/build/module_bin/statistics:/wynton/group/sali/miha_rozic/Software/imp-develop/build/module_bin/symmetry:/wynton/group/sali/miha_rozic/Software/imp-develop/build/module_bin/test:/opt/sge/bin:/opt/sge/bin/lx-amd64:/scratch/708597.1.member.q:/usr/local/bin:/bin:/usr/bin:/usr/local/sbin:/usr/sbin\', \'MPI_BIN\': \'/usr/lib64/openmpi/bin\', \'SGE_STDERR_PATH\': \'/wynton/group/sali/miha_rozic/Input_information/SNAPSHOTS/central_directory/snapshot2_1min/run28/test1.o708597\', \'_LMFILES_\': \'/etc/modulefiles/Sali.lua:/usr/share/modulefiles/mpi/openmpi-x86_64:/salilab/diva1/home/modules/boost/1.73.0:/salilab/diva1/home/modules/libtau/1.0.1:/salilab/diva1/home/modules/hdf5/1.10.7:/salilab/diva1/home/modules/opencv/4.3.0:/salilab/diva1/home/modules/imp/2.21.0:/salilab/diva1/home/modules/sali-libraries:/salilab/diva1/home/modules/python3/numpy/1.19.5:/salilab/diva1/home/modules/python3/scipy/1.3.2:/salilab/diva1/home/modules/python3/joblib/0.17.0:/salilab/diva1/home/modules/python3/scikit/0.21.3\', \'DEBUGINFOD_URLS\': \'https://debuginfod.centos.org/ \', \'MODULESHOME\': \'/usr/share/lmod/lmod\', \'PKG_CONFIG_PATH\': \'/usr/lib64/openmpi/lib/pkgconfig\', \'LMOD_SETTARG_FULL_SUPPORT\': \'no\', \'HISTSIZE\': \'1000\', \'SGE_ARCH\': \'lx-amd64\', \'LMOD_PKG\': \'/usr/share/lmod/lmod\', \'CMAKE_LIBRARY_PATH\': \'/salilab/diva1/programs/x86_64linux/opencv-4.3.0/lib64:/salilab/diva1/programs/x86_64linux/hdf5-1.10.7/lib:/salilab/diva1/programs/x86_64linux/libtau-py27-1.0.1/lib64:/salilab/diva1/programs/x86_64linux/boost-1.73.0/lib64\', \'ARC\': \'lx-amd64\', \'MPI_LIB\': \'/usr/lib64/openmpi/lib\', \'SGE_BINARY_PATH\': \'/opt/sge/bin/lx-amd64\', \'SGE_STDOUT_PATH\': \'/wynton/group/sali/miha_rozic/Input_information/SNAPSHOTS/central_directory/snapshot2_1min/run28/test1.o708597\', \'_ModuleTable005_\': \'bmN2LzQuMy4wIiwKd1YgPSAiMDAwMDAwMDA0LjAwMDAwMDAwMy4qemZpbmFsIiwKfSwKWyJweXRob24zL2pvYmxpYiJdID0gewpmbiA9ICIvc2FsaWxhYi9kaXZhMS9ob21lL21vZHVsZXMvcHl0aG9uMy9qb2JsaWIvMC4xNy4wIiwKZnVsbE5hbWUgPSAicHl0aG9uMy9qb2JsaWIvMC4xNy4wIiwKbG9hZE9yZGVyID0gMTEsCnByb3BUID0ge30sCnN0YWNrRGVwdGggPSAxLApzdGF0dXMgPSAiYWN0aXZlIiwKdXNlck5hbWUgPSAicHl0aG9uMy9qb2JsaWIiLAp3ViA9ICIwMDAwMDAwMDAuMDAwMDAwMDE3Lip6ZmluYWwiLAp9LApbInB5dGhvbjMvbnVtcHkiXSA9IHsKZm4gPSAiL3NhbGlsYWIvZGl2YTEvaG9tZS9tb2R1bGVzL3B5dGhvbjMvbnVtcHkvMS4xOS41IiwKZnVsbE5h\', \'LMOD_CMD\': \'/usr/share/lmod/lmod/libexec/lmod\', \'REQNAME\': \'test1\', \'IMP_BIN_DIR\': \'/wynton/group/sali/miha_rozic/Software/imp-develop/build/bin\', \'MPI_MAN\': \'/usr/share/man/openmpi-x86_64\', \'LESSOPEN\': \'||/usr/bin/lesspipe.sh %s\', \'OMP_NUM_THREADS\': \'1\', \'SGE_CLUSTER_NAME\': \'wynton_cluster\', \'LMOD_DIR\': \'/usr/share/lmod/lmod/libexec\', \'BASH_FUNC_which%%\': \'() {  ( alias;\\n eval ${which_declare} ) | /usr/bin/which --tty-only --read-alias --read-functions --show-tilde --show-dot $@\\n}\', \'BASH_FUNC_module%%\': \'() {  if [ -z "${LMOD_SH_DBG_ON+x}" ]; then\\n case "$-" in \\n *v*x*)\\n __lmod_sh_dbg=\\\'vx\\\'\\n ;;\\n *v*)\\n __lmod_sh_dbg=\\\'v\\\'\\n ;;\\n *x*)\\n __lmod_sh_dbg=\\\'x\\\'\\n ;;\\n esac;\\n fi;\\n if [ -n "${__lmod_sh_dbg:-}" ]; then\\n set +$__lmod_sh_dbg;\\n echo "Shell debugging temporarily silenced: export LMOD_SH_DBG_ON=1 for Lmod\\\'s output" 1>&2;\\n fi;\\n eval "$($LMOD_CMD shell "$@")" && eval "$(${LMOD_SETTARG_CMD:-:} -s sh)";\\n __lmod_my_status=$?;\\n if [ -n "${__lmod_sh_dbg:-}" ]; then\\n echo "Shell debugging restarted" 1>&2;\\n set -$__lmod_sh_dbg;\\n fi;\\n unset __lmod_sh_dbg;\\n return $__lmod_my_status\\n}\', \'BASH_FUNC_ml%%\': \'() {  eval "$($LMOD_DIR/ml_cmd "$@")"\\n}\', \'_\': \'/usr/lib64/openmpi/bin/mpirun\', \'IPATH_NO_BACKTRACE\': \'1\', \'HFI_NO_BACKTRACE\': \'1\', \'OMPI_MCA_orte_local_daemon_uri\': \'105709568.0;tcp://172.26.39.82:53259\', \'OMPI_MCA_orte_hnp_uri\': \'105709568.0;tcp://172.26.39.82:53259\', \'OMPI_MCA_mpi_oversubscribe\': \'0\', \'OMPI_MCA_orte_app_num\': \'0\', \'OMPI_UNIVERSE_SIZE\': \'16\', \'OMPI_MCA_orte_num_nodes\': \'1\', \'OMPI_MCA_shmem_RUNTIME_QUERY_hint\': \'mmap\', \'OMPI_MCA_orte_bound_at_launch\': \'1\', \'OMPI_MCA_ess\': \'^singleton\', \'OMPI_MCA_orte_ess_num_procs\': \'16\', \'OMPI_COMM_WORLD_SIZE\': \'16\', \'OMPI_COMM_WORLD_LOCAL_SIZE\': \'16\', \'OMPI_MCA_orte_tmpdir_base\': \'/scratch/708597.1.member.q\', \'OMPI_MCA_orte_top_session_dir\': \'/scratch/708597.1.member.q/ompi.qb3-id332.11149\', \'OMPI_MCA_orte_jobfam_session_dir\': \'/scratch/708597.1.member.q/ompi.qb3-id332.11149/pid.3928851\', \'OMPI_NUM_APP_CTX\': \'1\', \'OMPI_FIRST_RANKS\': \'0\', \'OMPI_APP_CTX_NUM_PROCS\': \'16\', \'OMPI_MCA_initial_wdir\': \'/wynton/group/sali/miha_rozic/Input_information/SNAPSHOTS/central_directory/snapshot2_1min/run28\', \'OMPI_MCA_orte_launch\': \'1\', \'PMIX_NAMESPACE\': \'105709569\', \'PMIX_RANK\': \'15\', \'PMIX_SERVER_URI2\': \'105709568.0;tcp4://127.0.0.1:56439\', \'PMIX_SERVER_URI21\': \'105709568.0;tcp4://127.0.0.1:56439\', \'PMIX_SECURITY_MODE\': \'native,none\', \'PMIX_PTL_MODULE\': \'tcp,usock\', \'PMIX_BFROP_BUFFER_TYPE\': \'PMIX_BFROP_BUFFER_NON_DESC\', \'PMIX_GDS_MODULE\': \'ds21,ds12,hash\', \'PMIX_SERVER_TMPDIR\': \'/scratch/708597.1.member.q/ompi.qb3-id332.11149/pid.3928851\', \'PMIX_SYSTEM_TMPDIR\': \'/scratch/708597.1.member.q\', \'PMIX_DSTORE_21_BASE_PATH\': \'/scratch/708597.1.member.q/ompi.qb3-id332.11149/pid.3928851/pmix_dstor_ds21_3928851\', \'PMIX_DSTORE_ESH_BASE_PATH\': \'/scratch/708597.1.member.q/ompi.qb3-id332.11149/pid.3928851/pmix_dstor_ds12_3928851\', \'OMPI_MCA_ess_base_jobid\': \'105709569\', \'OMPI_MCA_ess_base_vpid\': \'15\', \'OMPI_COMM_WORLD_RANK\': \'15\', \'OMPI_COMM_WORLD_LOCAL_RANK\': \'15\', \'OMPI_COMM_WORLD_NODE_RANK\': \'15\', \'OMPI_MCA_orte_ess_node_rank\': \'15\', \'PMIX_ID\': \'105709569.15\', \'OMPI_FILE_LOCATION\': \'/scratch/708597.1.member.q/ompi.qb3-id332.11149/pid.3928851/0/0\', \'KMP_DUPLICATE_LIB_OK\': \'True\', \'KMP_INIT_AT_FORK\': \'FALSE\'})', 'STAT2HEADER_IMP_VERSIONS': "{'IMP_VERSION': '2.21.0', 'PMI_VERSION': '2.21.0'}", 0: 'ReplicaExchange_SwapSuccessRatio', 1: 'ReplicaExchange_MinTempFrequency', 2: 'ReplicaExchange_MaxTempFrequency', 3: 'ReplicaExchange_CurrentTemp', 4: 'score'} 
{0: '0', 1: '0', 2: '0', 3: '2.500000000000003', 4: inf} 
{0: '0.0', 1: '0.0', 2: '0.0', 3: '2.500000000000003', 4: inf} 
{0: '0.0', 1: '0.0', 2: '0.0', 3: '2.500000000000003', 4: inf} 
{0: '0.0', 1: '0.0', 2: '0.0', 3: '2.500000000000003', 4: inf} 
{0: '0.0', 1: '0.0', 2: '0.0', 3: '2.500000000000003', 4: inf} 
{0: '0.0', 1: '0.0', 2: '0.0', 3: '2.500000000000003', 4: inf} 
{0: '0.0', 1: '0.0', 2: '0.0', 3: '2.500000000000003', 4: inf} 
{0: '0.0', 1: '0.0', 2: '0.0', 3: '2.500000000000003', 4: inf} 
{0: '0.0', 1: '0.0', 2: '0.0', 3: '2.500000000000003', 4: inf} 
{0: '0.0', 1: '0.0', 2: '0.0', 3: '2.500000000000003', 4: inf} 
{0: '0.0', 1: '0.0', 2: '0.0', 3: '2.500000000000003', 4: inf} 
{0: '0.0', 1: '0.0', 2: '0.0', 3: '2.500000000000003', 4: inf} 
{0: '0.0', 1: '0.0', 2: '0.0', 3: '2.500000000000003', 4: inf} 
{0: '0.0', 1: '0.0', 2: '0.0', 3: '2.500000000000003', 4: inf} 
{0: '0.0', 1: '0.0', 2: '0.0', 3: '2.500000000000003', 4: inf} 
{0: '0.0', 1: '0.0', 2: '0.0', 3: '2.500000000000003', 4: inf} 
{0: '0.0', 1: '0.0', 2: '0.0', 3: '2.500000000000003', 4: inf} 
{0: '0.0', 1: '0.0', 2: '0.0', 3: '2.500000000000003', 4: inf} 
{0: '0.0', 1: '0.0', 2: '0.0', 3: '2.500000000000003', 4: inf} 
{0: '0.0', 1: '0.0', 2: '0.0', 3: '2.500000000000003', 4: inf} 
{0: '0.0', 1: '0.0', 2: '0.0', 3: '2.500000000000003', 4: inf} 
{0: '0.0', 1: '0.0', 2: '0.0', 3: '2.500000000000003', 4: inf} 
{0: '0.0', 1: '0.0', 2: '0.0', 3: '2.500000000000003', 4: 3432.7928209473607} 
{0: '0.0', 1: '0.0', 2: '0.0', 3: '2.500000000000003', 4: 2450.458938487931} 
{0: '0.0', 1: '0.0', 2: '0.0', 3: '2.500000000000003', 4: 1838.8112510847925} 
{0: '0.0', 1: '0.0', 2: '0.0', 3: '2.500000000000003', 4: 944.0728908170158} 
{0: '0.0', 1: '0.0', 2: '0.0', 3: '2.500000000000003', 4: 678.6571841382305} 
{0: '0.0', 1: '0.0', 2: '0.0', 3: '2.500000000000003', 4: 670.4082539998714} 
{0: '0.0', 1: '0.0', 2: '0.0', 3: '2.500000000000003', 4: 684.6506988735571} 
{0: '0.0', 1: '0.0', 2: '0.0', 3: '2.500000000000003', 4: 662.9643351324755} 
{0: '0.0', 1: '0.0', 2: '0.0', 3: '2.500000000000003', 4: 693.7970064462413} 
{0: '0.0', 1: '0.0', 2: '0.0', 3: '2.500000000000003', 4: 661.6629431352326} 
{0: '0.0', 1: '0.0', 2: '0.0', 3: '2.500000000000003', 4: 675.7228507052464} 
{0: '0.0', 1: '0.0', 2: '0.0', 3: '2.500000000000003', 4: 674.1375205984863} 
{0: '0.0', 1: '0.0', 2: '0.0', 3: '2.500000000000003', 4: 688.705992081567} 
{0: '0.0', 1: '0.0', 2: '0.0', 3: '2.500000000000003', 4: 683.6073220433868} 
{0: '0.0', 1: '0.0', 2: '0.0', 3: '2.500000000000003', 4: 674.9706644708427} 
{0: '0.0', 1: '0.0', 2: '0.0', 3: '2.500000000000003', 4: 669.32169989514} 
{0: '0.0', 1: '0.0', 2: '0.0', 3: '2.500000000000003', 4: 683.9023256221461} 
{0: '0.0', 1: '0.0', 2: '0.0', 3: '2.500000000000003', 4: 670.3370649154127} 
{0: '0.0', 1: '0.0', 2: '0.0', 3: '2.500000000000003', 4: 669.5065034993123} 
{0: '0.0', 1: '0.0', 2: '0.0', 3: '2.500000000000003', 4: 675.6603729246445} 
{0: '0.0', 1: '0.0', 2: '0.0', 3: '2.500000000000003', 4: 675.7855979828181} 
{0: '0.0', 1: '0.0', 2: '0.0', 3: '2.500000000000003', 4: 676.7156456555431} 
{0: '0.0', 1: '0.0', 2: '0.0', 3: '2.500000000000003', 4: 663.8053493230527} 
{0: '0.0', 1: '0.0', 2: '0.0', 3: '2.500000000000003', 4: 661.9248531302029} 
{0: '0.0', 1: '0.0', 2: '0.0', 3: '2.500000000000003', 4: 664.3714878960071} 
{0: '0.0', 1: '0.0', 2: '0.0', 3: '2.500000000000003', 4: 660.6891883373371} 
{0: '0.0', 1: '0.0', 2: '0.0', 3: '2.500000000000003', 4: 670.9860286611427} 
{0: '0.0', 1: '0.0', 2: '0.0', 3: '2.500000000000003', 4: 677.416360063447} 
{0: '0.0', 1: '0.0', 2: '0.0', 3: '2.500000000000003', 4: 675.9255928253122} 
{0: '0.0', 1: '0.0', 2: '0.0', 3: '2.500000000000003', 4: 672.3217312462393} 
{0: '0.0', 1: '0.0', 2: '0.0', 3: '2.500000000000003', 4: 642.8289216949092} 
{0: '0.0', 1: '0.0', 2: '0.0', 3: '2.500000000000003', 4: 624.7209841683699} 
{0: '0.0', 1: '0.0', 2: '0.0', 3: '2.500000000000003', 4: 619.5478206612867} 
{0: '0.01818181818181818', 1: '0.0', 2: '0.0', 3: '2.351855716390306', 4: 616.2864950746823} 
{0: '0.017857142857142856', 1: '0.0', 2: '0.0', 3: '2.351855716390306', 4: 575.2170332578085} 
{0: '0.03508771929824561', 1: '0.0', 2: '0.0', 3: '2.500000000000003', 4: 553.1478754328548} 
{0: '0.034482758620689655', 1: '0.0', 2: '0.0', 3: '2.500000000000003', 4: 545.1021653374207} 
{0: '0.05084745762711865', 1: '0.0', 2: '0.0', 3: '2.351855716390306', 4: 562.9280307706688} 
{0: '0.05', 1: '0.0', 2: '0.0', 3: '2.351855716390306', 4: 547.3436471353574} 
{0: '0.06557377049180328', 1: '0.0', 2: '0.0', 3: '2.500000000000003', 4: 557.3838451410196} 
{0: '0.06451612903225806', 1: '0.0', 2: '0.0', 3: '2.500000000000003', 4: 555.7808559343415} 
{0: '0.07936507936507936', 1: '0.0', 2: '0.0', 3: '2.351855716390306', 4: 561.9052875358859} 
{0: '0.078125', 1: '0.0', 2: '0.0', 3: '2.351855716390306', 4: 545.2513515934436} 
{0: '0.07692307692307693', 1: '0.0', 2: '0.0', 3: '2.351855716390306', 4: 546.6982690981093} 
{0: '0.07575757575757576', 1: '0.0', 2: '0.0', 3: '2.351855716390306', 4: 555.3069583095506} 
{0: '0.07462686567164178', 1: '0.0', 2: '0.0', 3: '2.351855716390306', 4: 548.6659778391013} 
{0: '0.07352941176470588', 1: '0.0', 2: '0.0', 3: '2.351855716390306', 4: 557.0284548898525} 
{0: '0.07246376811594203', 1: '0.0', 2: '0.0', 3: '2.351855716390306', 4: 563.2375334973258} 
{0: '0.07142857142857142', 1: '0.0', 2: '0.0', 3: '2.351855716390306', 4: 579.5976796028486} 
{0: '0.08450704225352113', 1: '0.0', 2: '0.0', 3: '2.500000000000003', 4: 553.8989842879134} 
{0: '0.08333333333333333', 1: '0.0', 2: '0.0', 3: '2.500000000000003', 4: 552.7497373987931} 
{0: '0.0958904109589041', 1: '0.0', 2: '0.0', 3: '2.351855716390306', 4: 557.1786274518361} 
{0: '0.0945945945945946', 1: '0.0', 2: '0.0', 3: '2.351855716390306', 4: 560.2826900088816} 
{0: '0.10666666666666667', 1: '0.0', 2: '0.0', 3: '2.500000000000003', 4: 577.0976200718874} 
{0: '0.10526315789473684', 1: '0.0', 2: '0.0', 3: '2.500000000000003', 4: 548.7883794017632} 
{0: '0.11688311688311688', 1: '0.0', 2: '0.0', 3: '2.351855716390306', 4: 549.3076363212024} 
{0: '0.11538461538461539', 1: '0.0', 2: '0.0', 3: '2.351855716390306', 4: 571.8833794473369} 
{0: '0.12658227848101267', 1: '0.0', 2: '0.0', 3: '2.500000000000003', 4: 560.2568122204342} 
{0: '0.125', 1: '0.0', 2: '0.0', 3: '2.500000000000003', 4: 572.097060126559} 
{0: '0.13580246913580246', 1: '0.0', 2: '0.0', 3: '2.351855716390306', 4: 546.832185569479} 
{0: '0.13414634146341464', 1: '0.0', 2: '0.0', 3: '2.351855716390306', 4: 553.9963194377624} 
{0: '0.14457831325301204', 1: '0.0', 2: '0.0', 3: '2.500000000000003', 4: 554.0041480562573} 
{0: '0.14285714285714285', 1: '0.0', 2: '0.0', 3: '2.500000000000003', 4: 548.4873070331741} 
{0: '0.15294117647058825', 1: '0.0', 2: '0.0', 3: '2.351855716390306', 4: 545.711159836207} 
{0: '0.1511627906976744', 1: '0.0', 2: '0.0', 3: '2.351855716390306', 4: 550.385164996896} 
{0: '0.14942528735632185', 1: '0.0', 2: '0.0', 3: '2.351855716390306', 4: 547.0520451690194} 
{0: '0.14772727272727273', 1: '0.0', 2: '0.0', 3: '2.351855716390306', 4: 544.5293445572116} 
{0: '0.15730337078651685', 1: '0.0', 2: '0.0', 3: '2.500000000000003', 4: 565.1398053648327} 
{0: '0.15555555555555556', 1: '0.0', 2: '0.0', 3: '2.500000000000003', 4: 546.8852415069748} 
{0: '0.16483516483516483', 1: '0.0', 2: '0.0', 3: '2.351855716390306', 4: 553.5338844999638} 
{0: '0.16304347826086957', 1: '0.0', 2: '0.0', 3: '2.351855716390306', 4: 545.9693416441348} 
{0: '0.16129032258064516', 1: '0.0', 2: '0.0', 3: '2.351855716390306', 4: 564.5082487062353} 
{0: '0.1595744680851064', 1: '0.0', 2: '0.0', 3: '2.351855716390306', 4: 552.2929040453314} 
{0: '0.15789473684210525', 1: '0.0', 2: '0.0', 3: '2.351855716390306', 4: 551.9294864543228} 
{0: '0.15625', 1: '0.0', 2: '0.0', 3: '2.351855716390306', 4: 551.6498851943719} 
{0: '0.16494845360824742', 1: '0.0', 2: '0.0', 3: '2.500000000000003', 4: 552.4448953950506} 
{0: '0.16326530612244897', 1: '0.0', 2: '0.0', 3: '2.500000000000003', 4: 558.0769259045331} 
{0: '0.1717171717171717', 1: '0.0', 2: '0.0', 3: '2.351855716390306', 4: 555.5594225589103} 
{0: '0.17', 1: '0.0', 2: '0.0', 3: '2.351855716390306', 4: 557.4071738869175} 
{0: '0.16831683168316833', 1: '0.0', 2: '0.0', 3: '2.351855716390306', 4: 545.8699667240597} 
{0: '0.16666666666666666', 1: '0.0', 2: '0.0', 3: '2.351855716390306', 4: 558.3387746299583} 
{0: '0.17475728155339806', 1: '0.0', 2: '0.0', 3: '2.500000000000003', 4: 545.7191667050301} 
{0: '0.18269230769230768', 1: '0.0', 2: '0.0', 3: '1.0', 4: 545.7466194858334} 
{0: '0.19047619047619047', 1: '0.009523809523809525', 2: '0.0', 3: '1.0629903792895394', 4: 540.1106323854041} 
{0: '0.19811320754716982', 1: '0.009433962264150943', 2: '0.0', 3: '1.1299485464621188', 4: 546.2285080627303} 
{0: '0.205607476635514', 1: '0.009345794392523364', 2: '0.0', 3: '1.2011244339814315', 4: 546.2682259383022} 
{0: '0.21296296296296297', 1: '0.009259259259259259', 2: '0.0', 3: '1.2767837176518553', 4: 544.5894704528046} 
{0: '0.22018348623853212', 1: '0.009174311926605505', 2: '0.0', 3: '1.3572088082974538', 4: 539.6001630761714} 
{0: '0.21818181818181817', 1: '0.00909090909090909', 2: '0.0', 3: '1.3572088082974538', 4: 550.20161859821} 
{0: '0.22522522522522523', 1: '0.009009009009009009', 2: '0.0', 3: '1.2767837176518553', 4: 542.0624573412958} 
{0: '0.23214285714285715', 1: '0.008928571428571428', 2: '0.0', 3: '1.2011244339814315', 4: 542.3386347948748} 
{0: '0.23893805309734514', 1: '0.008849557522123894', 2: '0.0', 3: '1.1299485464621188', 4: 545.4057331342368} 
{0: '0.24561403508771928', 1: '0.008771929824561403', 2: '0.0', 3: '1.0629903792895394', 4: 544.8554503958233} 
{0: '0.25217391304347825', 1: '0.008695652173913044', 2: '0.0', 3: '1.0', 4: 546.9554032515431} 
{0: '0.25', 1: '0.017241379310344827', 2: '0.0', 3: '1.0', 4: 547.169647191338} 
{0: '0.2564102564102564', 1: '0.02564102564102564', 2: '0.0', 3: '1.0629903792895394', 4: 547.1894714030522} 
{0: '0.2627118644067797', 1: '0.025423728813559324', 2: '0.0', 3: '1.1299485464621188', 4: 546.4939404308078} 
{0: '0.2689075630252101', 1: '0.025210084033613446', 2: '0.0', 3: '1.2011244339814315', 4: 541.6954757245196} 
{0: '0.275', 1: '0.025', 2: '0.0', 3: '1.2767837176518553', 4: 542.0313356430028} 
{0: '0.2727272727272727', 1: '0.024793388429752067', 2: '0.0', 3: '1.2767837176518553', 4: 548.811407057526} 
{0: '0.2786885245901639', 1: '0.02459016393442623', 2: '0.0', 3: '1.2011244339814315', 4: 546.2363529929547} 
{0: '0.2845528455284553', 1: '0.024390243902439025', 2: '0.0', 3: '1.1299485464621188', 4: 547.5645613150577} 
{0: '0.28225806451612906', 1: '0.024193548387096774', 2: '0.0', 3: '1.1299485464621188', 4: 549.7049963174408} 
{0: '0.288', 1: '0.024', 2: '0.0', 3: '1.2011244339814315', 4: 545.9638739094811} 
{0: '0.29365079365079366', 1: '0.023809523809523808', 2: '0.0', 3: '1.2767837176518553', 4: 553.0327376467934} 
{0: '0.2992125984251969', 1: '0.023622047244094488', 2: '0.0', 3: '1.3572088082974538', 4: 550.3122598619259} 
{0: '0.296875', 1: '0.0234375', 2: '0.0', 3: '1.3572088082974538', 4: 543.7754124859136} 
{0: '0.3023255813953488', 1: '0.023255813953488372', 2: '0.0', 3: '1.2767837176518553', 4: 550.3357683333161} 
{0: '0.3076923076923077', 1: '0.023076923076923078', 2: '0.0', 3: '1.2011244339814315', 4: 544.9114074589146} 
{0: '0.31297709923664124', 1: '0.022900763358778626', 2: '0.0', 3: '1.1299485464621188', 4: 544.4105341240617} 
{0: '0.3181818181818182', 1: '0.022727272727272728', 2: '0.0', 3: '1.0629903792895394', 4: 547.3794634979893} 
{0: '0.3233082706766917', 1: '0.022556390977443608', 2: '0.0', 3: '1.0', 4: 542.2533438002433} 
{0: '0.3208955223880597', 1: '0.029850746268656716', 2: '0.0', 3: '1.0', 4: 542.6684536994743} 
{0: '0.32592592592592595', 1: '0.037037037037037035', 2: '0.0', 3: '1.0629903792895394', 4: 548.357458387346} 
{0: '0.3235294117647059', 1: '0.03676470588235294', 2: '0.0', 3: '1.0629903792895394', 4: 548.7373760467361} 
{0: '0.32116788321167883', 1: '0.0364963503649635', 2: '0.0', 3: '1.0629903792895394', 4: 543.3318180213855} 
{0: '0.32608695652173914', 1: '0.036231884057971016', 2: '0.0', 3: '1.1299485464621188', 4: 543.0561701717165} 
{0: '0.3237410071942446', 1: '0.03597122302158273', 2: '0.0', 3: '1.1299485464621188', 4: 540.1269166458603} 
{0: '0.32857142857142857', 1: '0.03571428571428571', 2: '0.0', 3: '1.0629903792895394', 4: 546.1605539981482} 
{0: '0.3333333333333333', 1: '0.03546099290780142', 2: '0.0', 3: '1.0', 4: 537.8237796219385} 
{0: '0.33098591549295775', 1: '0.04225352112676056', 2: '0.0', 3: '1.0', 4: 544.5458272194472} 
{0: '0.3356643356643357', 1: '0.04895104895104895', 2: '0.0', 3: '1.0629903792895394', 4: 540.2315320425699} 
{0: '0.3333333333333333', 1: '0.04861111111111111', 2: '0.0', 3: '1.0629903792895394', 4: 540.4167393540937} 
{0: '0.33793103448275863', 1: '0.04827586206896552', 2: '0.0', 3: '1.0', 4: 545.1780626101282} 
{0: '0.3356164383561644', 1: '0.0547945205479452', 2: '0.0', 3: '1.0', 4: 547.9263563944602} 
{0: '0.3401360544217687', 1: '0.061224489795918366', 2: '0.0', 3: '1.0629903792895394', 4: 541.3940328727198} 
{0: '0.34459459459459457', 1: '0.060810810810810814', 2: '0.0', 3: '1.1299485464621188', 4: 540.9588869931279} 
{0: '0.348993288590604', 1: '0.06040268456375839', 2: '0.0', 3: '1.2011244339814315', 4: 538.6352725687454} 
{0: '0.35333333333333333', 1: '0.06', 2: '0.0', 3: '1.2767837176518553', 4: 545.8972115470403} 
{0: '0.3509933774834437', 1: '0.059602649006622516', 2: '0.0', 3: '1.2767837176518553', 4: 545.6101303027967} 
{0: '0.35526315789473684', 1: '0.05921052631578947', 2: '0.0', 3: '1.2011244339814315', 4: 545.3232175376852} 
{0: '0.35947712418300654', 1: '0.058823529411764705', 2: '0.0', 3: '1.1299485464621188', 4: 549.2204486414728} 
{0: '0.36363636363636365', 1: '0.05844155844155844', 2: '0.0', 3: '1.0629903792895394', 4: 547.2501400651154} 
{0: '0.36774193548387096', 1: '0.05806451612903226', 2: '0.0', 3: '1.0', 4: 545.3062026397386} 
{0: '0.36538461538461536', 1: '0.0641025641025641', 2: '0.0', 3: '1.0', 4: 543.5642250540627} 
{0: '0.3630573248407643', 1: '0.07006369426751592', 2: '0.0', 3: '1.0', 4: 549.3503787526338} 
{0: '0.36075949367088606', 1: '0.0759493670886076', 2: '0.0', 3: '1.0', 4: 543.5034242507325} 
{0: '0.36477987421383645', 1: '0.08176100628930817', 2: '0.0', 3: '1.0629903792895394', 4: 548.059068070458} 
{0: '0.36875', 1: '0.08125', 2: '0.0', 3: '1.1299485464621188', 4: 549.5705462335255} 
{0: '0.37267080745341613', 1: '0.08074534161490683', 2: '0.0', 3: '1.2011244339814315', 4: 540.962715459196} 
{0: '0.37037037037037035', 1: '0.08024691358024691', 2: '0.0', 3: '1.2011244339814315', 4: 538.5048594266937} 
{0: '0.37423312883435583', 1: '0.07975460122699386', 2: '0.0', 3: '1.1299485464621188', 4: 543.3416616681616} 
{0: '0.3780487804878049', 1: '0.07926829268292683', 2: '0.0', 3: '1.0629903792895394', 4: 544.2544016863023} 
{0: '0.38181818181818183', 1: '0.07878787878787878', 2: '0.0', 3: '1.0', 4: 539.4255077966978} 
{0: '0.3795180722891566', 1: '0.08433734939759036', 2: '0.0', 3: '1.0', 4: 539.5633683360788} 
{0: '0.38323353293413176', 1: '0.08982035928143713', 2: '0.0', 3: '1.0629903792895394', 4: 546.5193937202423} 
{0: '0.38095238095238093', 1: '0.08928571428571429', 2: '0.0', 3: '1.0629903792895394', 4: 541.626129579496} 
{0: '0.38461538461538464', 1: '0.08875739644970414', 2: '0.0', 3: '1.0', 4: 546.0083344616563} 
{0: '0.38235294117647056', 1: '0.09411764705882353', 2: '0.0', 3: '1.0', 4: 546.5372785450421} 
{0: '0.38596491228070173', 1: '0.09941520467836257', 2: '0.0', 3: '1.0629903792895394', 4: 546.3861292206243} 
{0: '0.38372093023255816', 1: '0.09883720930232558', 2: '0.0', 3: '1.0629903792895394', 4: 546.393198850852} 
{0: '0.3872832369942196', 1: '0.09826589595375723', 2: '0.0', 3: '1.0', 4: 549.3249796443605} 
{0: '0.3850574712643678', 1: '0.10344827586206896', 2: '0.0', 3: '1.0', 4: 545.3586492927126} 
{0: '0.38857142857142857', 1: '0.10857142857142857', 2: '0.0', 3: '1.0629903792895394', 4: 543.6034807366897} 
{0: '0.39204545454545453', 1: '0.10795454545454546', 2: '0.0', 3: '1.1299485464621188', 4: 547.4775714478044} 
{0: '0.3954802259887006', 1: '0.10734463276836158', 2: '0.0', 3: '1.2011244339814315', 4: 547.6132852692268} 
{0: '0.398876404494382', 1: '0.10674157303370786', 2: '0.0', 3: '1.2767837176518553', 4: 552.3301157641515} 
{0: '0.4022346368715084', 1: '0.10614525139664804', 2: '0.0', 3: '1.3572088082974538', 4: 540.6005809807517} 
{0: '0.40555555555555556', 1: '0.10555555555555556', 2: '0.0', 3: '1.4426999059072143', 4: 543.2702404163896} 
{0: '0.40331491712707185', 1: '0.10497237569060773', 2: '0.0', 3: '1.4426999059072143', 4: 546.5073704329384} 
{0: '0.4065934065934066', 1: '0.1043956043956044', 2: '0.0', 3: '1.3572088082974538', 4: 541.1266404592326} 
{0: '0.4098360655737705', 1: '0.10382513661202186', 2: '0.0', 3: '1.2767837176518553', 4: 543.3154078234088} 
{0: '0.41304347826086957', 1: '0.10326086956521739', 2: '0.0', 3: '1.2011244339814315', 4: 539.141931604188} 
{0: '0.41621621621621624', 1: '0.10270270270270271', 2: '0.0', 3: '1.1299485464621188', 4: 547.4540386080112} 
{0: '0.41935483870967744', 1: '0.10215053763440861', 2: '0.0', 3: '1.0629903792895394', 4: 541.2168693212184} 
{0: '0.42245989304812837', 1: '0.10160427807486631', 2: '0.0', 3: '1.0', 4: 549.0203498475962} 
{0: '0.42021276595744683', 1: '0.10638297872340426', 2: '0.0', 3: '1.0', 4: 546.9970604130957} 
{0: '0.42328042328042326', 1: '0.1111111111111111', 2: '0.0', 3: '1.0629903792895394', 4: 541.9000815054136} 
{0: '0.42105263157894735', 1: '0.11052631578947368', 2: '0.0', 3: '1.0629903792895394', 4: 544.9387005525249} 
{0: '0.42408376963350786', 1: '0.1099476439790576', 2: '0.0', 3: '1.0', 4: 548.7779624070733} 
{0: '0.421875', 1: '0.11458333333333333', 2: '0.0', 3: '1.0', 4: 544.5411709756568} 
{0: '0.42487046632124353', 1: '0.11917098445595854', 2: '0.0', 3: '1.0629903792895394', 4: 547.4583430818901} 
{0: '0.42783505154639173', 1: '0.11855670103092783', 2: '0.0', 3: '1.1299485464621188', 4: 545.321700502286} 
{0: '0.4307692307692308', 1: '0.11794871794871795', 2: '0.0', 3: '1.2011244339814315', 4: 540.4792108049699} 
{0: '0.42857142857142855', 1: '0.11734693877551021', 2: '0.0', 3: '1.2011244339814315', 4: 542.2028033885439} 
{0: '0.43147208121827413', 1: '0.116751269035533', 2: '0.0', 3: '1.1299485464621188', 4: 544.5236744625477} 
{0: '0.43434343434343436', 1: '0.11616161616161616', 2: '0.0', 3: '1.0629903792895394', 4: 548.1461284233125} 
{0: '0.4371859296482412', 1: '0.11557788944723618', 2: '0.0', 3: '1.0', 4: 544.3778482276139} 
{0: '0.435', 1: '0.12', 2: '0.0', 3: '1.0', 4: 546.1348350798766} 
{0: '0.43781094527363185', 1: '0.12437810945273632', 2: '0.0', 3: '1.0629903792895394', 4: 552.7536175788018} 
{0: '0.4405940594059406', 1: '0.12376237623762376', 2: '0.0', 3: '1.1299485464621188', 4: 546.5507820007249} 
{0: '0.4433497536945813', 1: '0.12315270935960591', 2: '0.0', 3: '1.2011244339814315', 4: 543.5399117712805} 
{0: '0.44607843137254904', 1: '0.12254901960784313', 2: '0.0', 3: '1.2767837176518553', 4: 547.5424948352354} 
{0: '0.44390243902439025', 1: '0.12195121951219512', 2: '0.0', 3: '1.2767837176518553', 4: 544.1620517992285} 
{0: '0.44660194174757284', 1: '0.12135922330097088', 2: '0.0', 3: '1.2011244339814315', 4: 540.1044821229426} 
{0: '0.4492753623188406', 1: '0.12077294685990338', 2: '0.0', 3: '1.1299485464621188', 4: 541.6991412699701} 
{0: '0.4519230769230769', 1: '0.1201923076923077', 2: '0.0', 3: '1.0629903792895394', 4: 550.4874620433023} 
{0: '0.44976076555023925', 1: '0.11961722488038277', 2: '0.0', 3: '1.0629903792895394', 4: 550.8721020999833} 
{0: '0.4523809523809524', 1: '0.11904761904761904', 2: '0.0', 3: '1.1299485464621188', 4: 545.7254446960599} 
{0: '0.4549763033175355', 1: '0.11848341232227488', 2: '0.0', 3: '1.2011244339814315', 4: 549.7960150663456} 
{0: '0.45754716981132076', 1: '0.1179245283018868', 2: '0.0', 3: '1.2767837176518553', 4: 543.4576079410961} 
{0: '0.45539906103286387', 1: '0.11737089201877934', 2: '0.0', 3: '1.2767837176518553', 4: 549.9626267181523} 
{0: '0.45794392523364486', 1: '0.11682242990654206', 2: '0.0', 3: '1.2011244339814315', 4: 550.5551799780241} 
{0: '0.4604651162790698', 1: '0.11627906976744186', 2: '0.0', 3: '1.1299485464621188', 4: 547.0850789803767} 
{0: '0.46296296296296297', 1: '0.11574074074074074', 2: '0.0', 3: '1.0629903792895394', 4: 552.494411874448} 
{0: '0.46543778801843316', 1: '0.1152073732718894', 2: '0.0', 3: '1.0', 4: 547.4943932533292} 
{0: '0.463302752293578', 1: '0.11926605504587157', 2: '0.0', 3: '1.0', 4: 548.0895377334145} 
{0: '0.4657534246575342', 1: '0.1232876712328767', 2: '0.0', 3: '1.0629903792895394', 4: 542.137552349674} 
{0: '0.4681818181818182', 1: '0.12272727272727273', 2: '0.0', 3: '1.1299485464621188', 4: 544.2951788841445} 
{0: '0.47058823529411764', 1: '0.12217194570135746', 2: '0.0', 3: '1.2011244339814315', 4: 546.7200397892273} 
{0: '0.47297297297297297', 1: '0.12162162162162163', 2: '0.0', 3: '1.2767837176518553', 4: 549.3270934478959} 
{0: '0.47085201793721976', 1: '0.1210762331838565', 2: '0.0', 3: '1.2767837176518553', 4: 550.805359761609} 
{0: '0.4732142857142857', 1: '0.12053571428571429', 2: '0.0', 3: '1.2011244339814315', 4: 542.4585945293292} 
{0: '0.47555555555555556', 1: '0.12', 2: '0.0', 3: '1.1299485464621188', 4: 541.9749440849062} 
{0: '0.4778761061946903', 1: '0.11946902654867257', 2: '0.0', 3: '1.0629903792895394', 4: 541.0023563220809} 
{0: '0.4801762114537445', 1: '0.11894273127753303', 2: '0.0', 3: '1.0', 4: 543.5291793797993} 
{0: '0.4780701754385965', 1: '0.12280701754385964', 2: '0.0', 3: '1.0', 4: 542.4334222829937} 
{0: '0.4759825327510917', 1: '0.12663755458515283', 2: '0.0', 3: '1.0', 4: 545.8343887537719} 
{0: '0.47391304347826085', 1: '0.13043478260869565', 2: '0.0', 3: '1.0', 4: 549.4071513952833} 
{0: '0.47619047619047616', 1: '0.1341991341991342', 2: '0.0', 3: '1.0629903792895394', 4: 539.3843421373042} 
{0: '0.47844827586206895', 1: '0.1336206896551724', 2: '0.0', 3: '1.1299485464621188', 4: 541.9620641852473} 
{0: '0.48068669527896996', 1: '0.13304721030042918', 2: '0.0', 3: '1.2011244339814315', 4: 544.9178732834913} 
{0: '0.4829059829059829', 1: '0.13247863247863248', 2: '0.0', 3: '1.2767837176518553', 4: 549.8768752788233} 
{0: '0.4808510638297872', 1: '0.13191489361702127', 2: '0.0', 3: '1.2767837176518553', 4: 548.0648507908965} 
{0: '0.4830508474576271', 1: '0.13135593220338984', 2: '0.0', 3: '1.2011244339814315', 4: 543.5638154904392} 
{0: '0.48523206751054854', 1: '0.1308016877637131', 2: '0.0', 3: '1.1299485464621188', 4: 548.3209788163331} 
{0: '0.48739495798319327', 1: '0.13025210084033614', 2: '0.0', 3: '1.0629903792895394', 4: 540.231205044167} 
{0: '0.4895397489539749', 1: '0.1297071129707113', 2: '0.0', 3: '1.0', 4: 543.504678887271} 
{0: '0.4875', 1: '0.13333333333333333', 2: '0.0', 3: '1.0', 4: 545.0074416357273} 
{0: '0.4896265560165975', 1: '0.13692946058091288', 2: '0.0', 3: '1.0629903792895394', 4: 544.2077079298904} 
{0: '0.49173553719008267', 1: '0.13636363636363635', 2: '0.0', 3: '1.1299485464621188', 4: 544.9238927702413} 
{0: '0.49382716049382713', 1: '0.13580246913580246', 2: '0.0', 3: '1.2011244339814315', 4: 548.218628191488} 
{0: '0.4959016393442623', 1: '0.13524590163934427', 2: '0.0', 3: '1.2767837176518553', 4: 539.0612284444499} 
{0: '0.49795918367346936', 1: '0.1346938775510204', 2: '0.0', 3: '1.3572088082974538', 4: 543.912559690154} 
{0: '0.4959349593495935', 1: '0.13414634146341464', 2: '0.0', 3: '1.3572088082974538', 4: 540.1870340002404} 
{0: '0.4979757085020243', 1: '0.13360323886639677', 2: '0.0', 3: '1.2767837176518553', 4: 544.6115719059077} 
{0: '0.5', 1: '0.13306451612903225', 2: '0.0', 3: '1.2011244339814315', 4: 546.0379605288304} 
{0: '0.5020080321285141', 1: '0.13253012048192772', 2: '0.0', 3: '1.1299485464621188', 4: 542.0309825402635} 
{0: '0.504', 1: '0.132', 2: '0.0', 3: '1.0629903792895394', 4: 543.5016377757252} 
{0: '0.5059760956175299', 1: '0.13147410358565736', 2: '0.0', 3: '1.0', 4: 547.3225077705123} 
{0: '0.503968253968254', 1: '0.1349206349206349', 2: '0.0', 3: '1.0', 4: 539.9279955882851} 
{0: '0.5059288537549407', 1: '0.1383399209486166', 2: '0.0', 3: '1.0629903792895394', 4: 545.2342402030946} 
{0: '0.5078740157480315', 1: '0.1377952755905512', 2: '0.0', 3: '1.1299485464621188', 4: 547.4964741484029} 
{0: '0.5098039215686274', 1: '0.13725490196078433', 2: '0.0', 3: '1.2011244339814315', 4: 540.5362127045895} 
{0: '0.5078125', 1: '0.13671875', 2: '0.0', 3: '1.2011244339814315', 4: 546.4059808935878} 
{0: '0.5097276264591439', 1: '0.13618677042801555', 2: '0.0', 3: '1.1299485464621188', 4: 546.1388965854935} 
{0: '0.5116279069767442', 1: '0.13565891472868216', 2: '0.0', 3: '1.0629903792895394', 4: 540.8979570872999} 
{0: '0.5135135135135135', 1: '0.13513513513513514', 2: '0.0', 3: '1.0', 4: 544.3052041456973} 
{0: '0.5115384615384615', 1: '0.13846153846153847', 2: '0.0', 3: '1.0', 4: 547.8653339618028} 
{0: '0.5134099616858238', 1: '0.1417624521072797', 2: '0.0', 3: '1.0629903792895394', 4: 545.2092983861328} 
{0: '0.5152671755725191', 1: '0.14122137404580154', 2: '0.0', 3: '1.1299485464621188', 4: 548.9576457879116} 
{0: '0.5171102661596958', 1: '0.14068441064638784', 2: '0.0', 3: '1.2011244339814315', 4: 553.5845152432031} 
{0: '0.5189393939393939', 1: '0.14015151515151514', 2: '0.0', 3: '1.2767837176518553', 4: 549.6810783743541} 
{0: '0.5207547169811321', 1: '0.13962264150943396', 2: '0.0', 3: '1.3572088082974538', 4: 554.954845469426} 
{0: '0.518796992481203', 1: '0.13909774436090225', 2: '0.0', 3: '1.3572088082974538', 4: 546.7569014676459} 
{0: '0.5205992509363296', 1: '0.13857677902621723', 2: '0.0', 3: '1.2767837176518553', 4: 546.0963832228082} 
{0: '0.5223880597014925', 1: '0.13805970149253732', 2: '0.0', 3: '1.2011244339814315', 4: 543.9157227774253} 
{0: '0.5241635687732342', 1: '0.137546468401487', 2: '0.0', 3: '1.1299485464621188', 4: 543.3596779265282} 
{0: '0.5259259259259259', 1: '0.13703703703703704', 2: '0.0', 3: '1.0629903792895394', 4: 540.8190650102198} 
{0: '0.5276752767527675', 1: '0.13653136531365315', 2: '0.0', 3: '1.0', 4: 543.9728150096425} 
{0: '0.5257352941176471', 1: '0.13970588235294118', 2: '0.0', 3: '1.0', 4: 549.3174870782963} 
{0: '0.5274725274725275', 1: '0.14285714285714285', 2: '0.0', 3: '1.0629903792895394', 4: 540.8557835688665} 
{0: '0.5255474452554745', 1: '0.14233576642335766', 2: '0.0', 3: '1.0629903792895394', 4: 552.8204889591135} 
{0: '0.5236363636363637', 1: '0.14181818181818182', 2: '0.0', 3: '1.0629903792895394', 4: 546.3669698569108} 
{0: '0.5253623188405797', 1: '0.14130434782608695', 2: '0.0', 3: '1.1299485464621188', 4: 550.8838498740138} 
{0: '0.5234657039711191', 1: '0.1407942238267148', 2: '0.0', 3: '1.1299485464621188', 4: 548.0085208890837} 
{0: '0.5251798561151079', 1: '0.14028776978417265', 2: '0.0', 3: '1.0629903792895394', 4: 548.1815052187786} 
{0: '0.5268817204301075', 1: '0.13978494623655913', 2: '0.0', 3: '1.0', 4: 546.7525195962503} 
{0: '0.525', 1: '0.14285714285714285', 2: '0.0', 3: '1.0', 4: 539.8195116413219} 
{0: '0.5266903914590747', 1: '0.14590747330960854', 2: '0.0', 3: '1.0629903792895394', 4: 542.1437394085896} 
{0: '0.524822695035461', 1: '0.1453900709219858', 2: '0.0', 3: '1.0629903792895394', 4: 543.8257984303091} 
{0: '0.5265017667844523', 1: '0.14487632508833923', 2: '0.0', 3: '1.0', 4: 543.0453717585938} 
{0: '0.5246478873239436', 1: '0.14788732394366197', 2: '0.0', 3: '1.0', 4: 540.7498248194579} 
{0: '0.5263157894736842', 1: '0.15087719298245614', 2: '0.0', 3: '1.0629903792895394', 4: 538.735164036938} 
{0: '0.527972027972028', 1: '0.15034965034965034', 2: '0.0', 3: '1.1299485464621188', 4: 545.5853343396027} 
{0: '0.5296167247386759', 1: '0.14982578397212543', 2: '0.0', 3: '1.2011244339814315', 4: 550.3143971509409} 
{0: '0.53125', 1: '0.14930555555555555', 2: '0.0', 3: '1.2767837176518553', 4: 542.8268080144162} 
{0: '0.5294117647058824', 1: '0.14878892733564014', 2: '0.0', 3: '1.2767837176518553', 4: 552.1811437233515} 
{0: '0.5310344827586206', 1: '0.1482758620689655', 2: '0.0', 3: '1.2011244339814315', 4: 550.2548093547391} 
{0: '0.5326460481099656', 1: '0.14776632302405499', 2: '0.0', 3: '1.1299485464621188', 4: 552.9033740096763} 
{0: '0.5308219178082192', 1: '0.14726027397260275', 2: '0.0', 3: '1.1299485464621188', 4: 549.9354136036499} 
{0: '0.5324232081911263', 1: '0.14675767918088736', 2: '0.0', 3: '1.2011244339814315', 4: 544.3426281740258} 
{0: '0.5340136054421769', 1: '0.14625850340136054', 2: '0.0', 3: '1.2767837176518553', 4: 553.7475286701712} 
{0: '0.535593220338983', 1: '0.14576271186440679', 2: '0.0', 3: '1.3572088082974538', 4: 545.665603180958} 
{0: '0.5337837837837838', 1: '0.14527027027027026', 2: '0.0', 3: '1.3572088082974538', 4: 543.6636683922156} 
{0: '0.5353535353535354', 1: '0.1447811447811448', 2: '0.0', 3: '1.2767837176518553', 4: 545.3435820197786} 
{0: '0.5369127516778524', 1: '0.14429530201342283', 2: '0.0', 3: '1.2011244339814315', 4: 546.9434574122316} 
{0: '0.5384615384615384', 1: '0.14381270903010032', 2: '0.0', 3: '1.1299485464621188', 4: 554.552227319191} 
{0: '0.54', 1: '0.14333333333333334', 2: '0.0', 3: '1.0629903792895394', 4: 549.831735438066} 
{0: '0.5415282392026578', 1: '0.14285714285714285', 2: '0.0', 3: '1.0', 4: 544.1539959578654} 
{0: '0.5397350993377483', 1: '0.1456953642384106', 2: '0.0', 3: '1.0', 4: 545.2010261434051} 
{0: '0.5412541254125413', 1: '0.1485148514851485', 2: '0.0', 3: '1.0629903792895394', 4: 548.2563121566374} 
{0: '0.5394736842105263', 1: '0.14802631578947367', 2: '0.0', 3: '1.0629903792895394', 4: 544.3228120183886} 
{0: '0.5377049180327869', 1: '0.14754098360655737', 2: '0.0', 3: '1.0629903792895394', 4: 547.144032433094} 
{0: '0.5392156862745098', 1: '0.14705882352941177', 2: '0.0', 3: '1.1299485464621188', 4: 548.7372039051776} 
{0: '0.5407166123778502', 1: '0.1465798045602606', 2: '0.0', 3: '1.2011244339814315', 4: 559.9810564608608} 
{0: '0.5422077922077922', 1: '0.1461038961038961', 2: '0.0', 3: '1.2767837176518553', 4: 547.5525863412456} 
{0: '0.540453074433657', 1: '0.14563106796116504', 2: '0.0', 3: '1.2767837176518553', 4: 546.4316391399359} 
{0: '0.5387096774193548', 1: '0.14516129032258066', 2: '0.0', 3: '1.2767837176518553', 4: 547.6738050175246} 
{0: '0.5401929260450161', 1: '0.14469453376205788', 2: '0.0', 3: '1.3572088082974538', 4: 542.038454964515} 
{0: '0.5384615384615384', 1: '0.14423076923076922', 2: '0.0', 3: '1.3572088082974538', 4: 547.4406698496125} 
{0: '0.5399361022364217', 1: '0.14376996805111822', 2: '0.0', 3: '1.2767837176518553', 4: 546.0634811304271} 
{0: '0.5414012738853503', 1: '0.14331210191082802', 2: '0.0', 3: '1.2011244339814315', 4: 546.5856067800223} 
{0: '0.5428571428571428', 1: '0.14285714285714285', 2: '0.0', 3: '1.1299485464621188', 4: 552.2523811007319} 
{0: '0.5443037974683544', 1: '0.14240506329113925', 2: '0.0', 3: '1.0629903792895394', 4: 547.2360674633104} 
{0: '0.5457413249211357', 1: '0.14195583596214512', 2: '0.0', 3: '1.0', 4: 540.9926911093705} 
{0: '0.5440251572327044', 1: '0.14465408805031446', 2: '0.0', 3: '1.0', 4: 553.0292342863551} 
{0: '0.5454545454545454', 1: '0.14733542319749215', 2: '0.0', 3: '1.0629903792895394', 4: 546.6133383369202} 
{0: '0.546875', 1: '0.146875', 2: '0.0', 3: '1.1299485464621188', 4: 552.9660036775023} 
{0: '0.5482866043613707', 1: '0.14641744548286603', 2: '0.0', 3: '1.2011244339814315', 4: 548.6525357790233} 
{0: '0.546583850931677', 1: '0.14596273291925466', 2: '0.0', 3: '1.2011244339814315', 4: 539.4149632187518} 
{0: '0.5479876160990712', 1: '0.14551083591331268', 2: '0.0', 3: '1.1299485464621188', 4: 542.2769477593849} 
{0: '0.5493827160493827', 1: '0.14506172839506173', 2: '0.0', 3: '1.0629903792895394', 4: 546.7118448992835} 
{0: '0.5507692307692308', 1: '0.14461538461538462', 2: '0.0', 3: '1.0', 4: 544.3339774779196} 
{0: '0.549079754601227', 1: '0.147239263803681', 2: '0.0', 3: '1.0', 4: 541.7876140758336} 
{0: '0.5504587155963303', 1: '0.14984709480122324', 2: '0.0', 3: '1.0629903792895394', 4: 541.7817766332878} 
{0: '0.551829268292683', 1: '0.14939024390243902', 2: '0.0', 3: '1.1299485464621188', 4: 543.4618320645454} 
{0: '0.5501519756838906', 1: '0.14893617021276595', 2: '0.0', 3: '1.1299485464621188', 4: 544.6454265441113} 
{0: '0.5515151515151515', 1: '0.1484848484848485', 2: '0.0', 3: '1.0629903792895394', 4: 550.1892068659374} 
{0: '0.552870090634441', 1: '0.14803625377643503', 2: '0.0', 3: '1.0', 4: 545.8200047129521} 
{0: '0.5512048192771084', 1: '0.15060240963855423', 2: '0.0', 3: '1.0', 4: 546.9225956024104} 
{0: '0.5525525525525525', 1: '0.15315315315315314', 2: '0.0', 3: '1.0629903792895394', 4: 542.5840371353572} 
{0: '0.5538922155688623', 1: '0.15269461077844312', 2: '0.0', 3: '1.1299485464621188', 4: 539.6924831355617} 
{0: '0.5552238805970149', 1: '0.15223880597014924', 2: '0.0', 3: '1.2011244339814315', 4: 541.8578522572531} 
{0: '0.5565476190476191', 1: '0.15178571428571427', 2: '0.0', 3: '1.2767837176518553', 4: 541.8743790177707} 
{0: '0.5548961424332344', 1: '0.1513353115727003', 2: '0.0', 3: '1.2767837176518553', 4: 541.6675934062697} 
{0: '0.5562130177514792', 1: '0.15088757396449703', 2: '0.0', 3: '1.2011244339814315', 4: 546.3143133588779} 
{0: '0.5575221238938053', 1: '0.1504424778761062', 2: '0.0', 3: '1.1299485464621188', 4: 541.9204169609421} 
{0: '0.5588235294117647', 1: '0.15', 2: '0.0', 3: '1.0629903792895394', 4: 541.1762068766412} 
{0: '0.5601173020527859', 1: '0.1495601173020528', 2: '0.0', 3: '1.0', 4: 545.7761327806525} 
{0: '0.5584795321637427', 1: '0.15204678362573099', 2: '0.0', 3: '1.0', 4: 548.3396660433849} 
{0: '0.5597667638483965', 1: '0.15451895043731778', 2: '0.0', 3: '1.0629903792895394', 4: 541.5916838420487} 
{0: '0.561046511627907', 1: '0.15406976744186046', 2: '0.0', 3: '1.1299485464621188', 4: 552.765791825409} 
{0: '0.5623188405797102', 1: '0.1536231884057971', 2: '0.0', 3: '1.2011244339814315', 4: 543.9899556180039} 
{0: '0.5606936416184971', 1: '0.1531791907514451', 2: '0.0', 3: '1.2011244339814315', 4: 549.6768503888243} 
{0: '0.5619596541786743', 1: '0.15273775216138327', 2: '0.0', 3: '1.1299485464621188', 4: 547.8246315940041} 
{0: '0.5632183908045977', 1: '0.15229885057471265', 2: '0.0', 3: '1.0629903792895394', 4: 541.6690567568717} 
{0: '0.5644699140401146', 1: '0.1518624641833811', 2: '0.0', 3: '1.0', 4: 541.7743213028929} 
{0: '0.5628571428571428', 1: '0.15428571428571428', 2: '0.0', 3: '1.0', 4: 543.8422485030534} 
{0: '0.5641025641025641', 1: '0.15669515669515668', 2: '0.0', 3: '1.0629903792895394', 4: 550.1890879365392} 
{0: '0.5653409090909091', 1: '0.15625', 2: '0.0', 3: '1.1299485464621188', 4: 544.675580347653} 
{0: '0.5637393767705382', 1: '0.1558073654390935', 2: '0.0', 3: '1.1299485464621188', 4: 546.3084477489803} 
{0: '0.5649717514124294', 1: '0.1553672316384181', 2: '0.0', 3: '1.0629903792895394', 4: 542.6671159762117} 
{0: '0.5661971830985916', 1: '0.15492957746478872', 2: '0.0', 3: '1.0', 4: 545.2639004155525} 
{0: '0.5646067415730337', 1: '0.15730337078651685', 2: '0.0', 3: '1.0', 4: 545.3143164075657} 
{0: '0.5658263305322129', 1: '0.15966386554621848', 2: '0.0', 3: '1.0629903792895394', 4: 541.7912774246593} 
{0: '0.5642458100558659', 1: '0.15921787709497207', 2: '0.0', 3: '1.0629903792895394', 4: 547.8715761432678} 
{0: '0.5654596100278552', 1: '0.15877437325905291', 2: '0.0', 3: '1.0', 4: 541.7745184063039} 
{0: '0.5638888888888889', 1: '0.16111111111111112', 2: '0.0', 3: '1.0', 4: 544.0079672046377} 
{0: '0.5650969529085873', 1: '0.1634349030470914', 2: '0.0', 3: '1.0629903792895394', 4: 546.4971724970651} 
{0: '0.5662983425414365', 1: '0.16298342541436464', 2: '0.0', 3: '1.1299485464621188', 4: 541.1773749228496} 
{0: '0.5674931129476584', 1: '0.162534435261708', 2: '0.0', 3: '1.2011244339814315', 4: 547.3564270098295} 
{0: '0.5686813186813187', 1: '0.1620879120879121', 2: '0.0', 3: '1.2767837176518553', 4: 543.0863017045956} 
{0: '0.5671232876712329', 1: '0.16164383561643836', 2: '0.0', 3: '1.2767837176518553', 4: 551.561263824965} 
{0: '0.5683060109289617', 1: '0.16120218579234974', 2: '0.0', 3: '1.2011244339814315', 4: 548.2739326888811} 
{0: '0.5694822888283378', 1: '0.16076294277929154', 2: '0.0', 3: '1.1299485464621188', 4: 543.7250158397117} 
{0: '0.5706521739130435', 1: '0.16032608695652173', 2: '0.0', 3: '1.0629903792895394', 4: 541.0822054709646} 
{0: '0.5718157181571816', 1: '0.15989159891598917', 2: '0.0', 3: '1.0', 4: 545.7512952300067} 
{0: '0.5702702702702702', 1: '0.16216216216216217', 2: '0.0', 3: '1.0', 4: 546.0335578123534} 
{0: '0.5714285714285714', 1: '0.16442048517520216', 2: '0.0', 3: '1.0629903792895394', 4: 545.4677448205684} 
{0: '0.5725806451612904', 1: '0.1639784946236559', 2: '0.0', 3: '1.1299485464621188', 4: 543.0104867353489} 
{0: '0.5737265415549598', 1: '0.16353887399463807', 2: '0.0', 3: '1.2011244339814315', 4: 541.5629530326852} 
{0: '0.5721925133689839', 1: '0.16310160427807488', 2: '0.0', 3: '1.2011244339814315', 4: 549.3621632996791} 
{0: '0.5706666666666667', 1: '0.16266666666666665', 2: '0.0', 3: '1.2011244339814315', 4: 544.1416167174384} 
{0: '0.5718085106382979', 1: '0.1622340425531915', 2: '0.0', 3: '1.2767837176518553', 4: 549.415665272334} 
{0: '0.5729442970822282', 1: '0.16180371352785147', 2: '0.0', 3: '1.3572088082974538', 4: 555.303258744103} 
{0: '0.5740740740740741', 1: '0.16137566137566137', 2: '0.0', 3: '1.4426999059072143', 4: 552.9547653583887} 
{0: '0.5725593667546174', 1: '0.16094986807387862', 2: '0.0', 3: '1.4426999059072143', 4: 540.2340218502452} 
{0: '0.5736842105263158', 1: '0.16052631578947368', 2: '0.0', 3: '1.3572088082974538', 4: 549.7429679790388} 
{0: '0.5748031496062992', 1: '0.16010498687664043', 2: '0.0', 3: '1.2767837176518553', 4: 544.7618031604617} 
{0: '0.5759162303664922', 1: '0.15968586387434555', 2: '0.0', 3: '1.2011244339814315', 4: 548.5258139214989} 
{0: '0.5744125326370757', 1: '0.15926892950391644', 2: '0.0', 3: '1.2011244339814315', 4: 547.762465858809} 
{0: '0.5755208333333334', 1: '0.15885416666666666', 2: '0.0', 3: '1.2767837176518553', 4: 554.3193331727097} 
{0: '0.5766233766233766', 1: '0.15844155844155844', 2: '0.0', 3: '1.3572088082974538', 4: 546.5544857721545} 
{0: '0.5751295336787565', 1: '0.15803108808290156', 2: '0.0', 3: '1.3572088082974538', 4: 548.1947342645215} 
{0: '0.5762273901808785', 1: '0.15762273901808785', 2: '0.0', 3: '1.2767837176518553', 4: 542.8467935480354} 
{0: '0.5773195876288659', 1: '0.15721649484536082', 2: '0.0', 3: '1.2011244339814315', 4: 547.9857268980172} 
{0: '0.5784061696658098', 1: '0.15681233933161953', 2: '0.0', 3: '1.1299485464621188', 4: 545.5988358082697} 
{0: '0.5769230769230769', 1: '0.1564102564102564', 2: '0.0', 3: '1.1299485464621188', 4: 540.9763811032044} 
{0: '0.578005115089514', 1: '0.15601023017902813', 2: '0.0', 3: '1.2011244339814315', 4: 550.4794420604094} 
{0: '0.576530612244898', 1: '0.1556122448979592', 2: '0.0', 3: '1.2011244339814315', 4: 550.5324774339085} 
{0: '0.5776081424936387', 1: '0.15521628498727735', 2: '0.0', 3: '1.1299485464621188', 4: 554.1529162282078} 
{0: '0.5786802030456852', 1: '0.1548223350253807', 2: '0.0', 3: '1.0629903792895394', 4: 542.7447099572289} 
{0: '0.579746835443038', 1: '0.15443037974683543', 2: '0.0', 3: '1.0', 4: 548.4072470496253} 
{0: '0.5782828282828283', 1: '0.15656565656565657', 2: '0.0', 3: '1.0', 4: 548.0092735163291} 
{0: '0.5793450881612091', 1: '0.15869017632241814', 2: '0.0', 3: '1.0629903792895394', 4: 542.3253386323163} 
{0: '0.5804020100502513', 1: '0.15829145728643215', 2: '0.0', 3: '1.1299485464621188', 4: 552.147531213512} 
{0: '0.581453634085213', 1: '0.15789473684210525', 2: '0.0', 3: '1.2011244339814315', 4: 550.5830381479678} 
{0: '0.5825', 1: '0.1575', 2: '0.0', 3: '1.2767837176518553', 4: 545.5087549779228} 
{0: '0.5835411471321695', 1: '0.1571072319201995', 2: '0.0', 3: '1.3572088082974538', 4: 541.6432551367727} 
{0: '0.5845771144278606', 1: '0.15671641791044777', 2: '0.0', 3: '1.4426999059072143', 4: 544.7074239827452} 
{0: '0.5831265508684863', 1: '0.15632754342431762', 2: '0.0', 3: '1.4426999059072143', 4: 545.5198710455693} 
{0: '0.5841584158415841', 1: '0.15594059405940594', 2: '0.0', 3: '1.3572088082974538', 4: 545.39812978749} 
{0: '0.5851851851851851', 1: '0.15555555555555556', 2: '0.0', 3: '1.2767837176518553', 4: 542.9845935549776} 
{0: '0.5862068965517241', 1: '0.15517241379310345', 2: '0.0', 3: '1.2011244339814315', 4: 545.7821405759064} 
{0: '0.5872235872235873', 1: '0.1547911547911548', 2: '0.0', 3: '1.1299485464621188', 4: 548.944545722344} 
{0: '0.5882352941176471', 1: '0.15441176470588236', 2: '0.0', 3: '1.0629903792895394', 4: 545.0468428010656} 
{0: '0.589242053789731', 1: '0.15403422982885084', 2: '0.0', 3: '1.0', 4: 549.7546132561193} 
{0: '0.5878048780487805', 1: '0.15609756097560976', 2: '0.0', 3: '1.0', 4: 548.4087849342015} 
{0: '0.5888077858880778', 1: '0.15815085158150852', 2: '0.0', 3: '1.0629903792895394', 4: 546.6101463854019} 
{0: '0.5898058252427184', 1: '0.15776699029126215', 2: '0.0', 3: '1.1299485464621188', 4: 547.0140089299748} 
{0: '0.5907990314769975', 1: '0.15738498789346247', 2: '0.0', 3: '1.2011244339814315', 4: 543.6990801518119} 
{0: '0.5893719806763285', 1: '0.1570048309178744', 2: '0.0', 3: '1.2011244339814315', 4: 544.340232961671} 
{0: '0.5903614457831325', 1: '0.1566265060240964', 2: '0.0', 3: '1.1299485464621188', 4: 542.4309581084259} 
{0: '0.5889423076923077', 1: '0.15625', 2: '0.0', 3: '1.1299485464621188', 4: 551.2913309850601} 
{0: '0.5899280575539568', 1: '0.15587529976019185', 2: '0.0', 3: '1.2011244339814315', 4: 547.3652558580168} 
{0: '0.5909090909090909', 1: '0.15550239234449761', 2: '0.0', 3: '1.2767837176518553', 4: 545.179431044775} 
{0: '0.5918854415274463', 1: '0.15513126491646778', 2: '0.0', 3: '1.3572088082974538', 4: 543.6345260122107} 
{0: '0.5904761904761905', 1: '0.15476190476190477', 2: '0.0', 3: '1.3572088082974538', 4: 544.4208062276114} 
{0: '0.5914489311163895', 1: '0.1543942992874109', 2: '0.0', 3: '1.2767837176518553', 4: 546.7606254271968} 
{0: '0.5924170616113744', 1: '0.15402843601895735', 2: '0.0', 3: '1.2011244339814315', 4: 543.4212741690795} 
{0: '0.5933806146572104', 1: '0.1536643026004728', 2: '0.0', 3: '1.1299485464621188', 4: 543.2488198775793} 
{0: '0.5943396226415094', 1: '0.15330188679245282', 2: '0.0', 3: '1.0629903792895394', 4: 543.7265208718585} 
{0: '0.5952941176470589', 1: '0.15294117647058825', 2: '0.0', 3: '1.0', 4: 539.2582473829835} 
{0: '0.5938967136150235', 1: '0.15492957746478872', 2: '0.0', 3: '1.0', 4: 543.5225191113507} 
{0: '0.594847775175644', 1: '0.15690866510538642', 2: '0.0', 3: '1.0629903792895394', 4: 545.8607440874428} 
{0: '0.5957943925233645', 1: '0.15654205607476634', 2: '0.0', 3: '1.1299485464621188', 4: 547.7728471154294} 
{0: '0.5967365967365967', 1: '0.1561771561771562', 2: '0.0', 3: '1.2011244339814315', 4: 547.4079424213948} 
{0: '0.5976744186046512', 1: '0.1558139534883721', 2: '0.0', 3: '1.2767837176518553', 4: 545.643827092181} 
{0: '0.5986078886310905', 1: '0.1554524361948956', 2: '0.0', 3: '1.3572088082974538', 4: 549.3640569899493} 
{0: '0.5972222222222222', 1: '0.1550925925925926', 2: '0.0', 3: '1.3572088082974538', 4: 540.5267884574529} 
{0: '0.5981524249422633', 1: '0.15473441108545036', 2: '0.0', 3: '1.2767837176518553', 4: 544.7044949685175} 
{0: '0.5990783410138248', 1: '0.1543778801843318', 2: '0.0', 3: '1.2011244339814315', 4: 547.4631937364176} 
{0: '0.6', 1: '0.15402298850574714', 2: '0.0', 3: '1.1299485464621188', 4: 543.75547307804} 
{0: '0.6009174311926605', 1: '0.1536697247706422', 2: '0.0', 3: '1.0629903792895394', 4: 541.895505077699} 
{0: '0.6018306636155606', 1: '0.15331807780320367', 2: '0.0', 3: '1.0', 4: 544.5408306103259} 
{0: '0.6004566210045662', 1: '0.1552511415525114', 2: '0.0', 3: '1.0', 4: 548.5665874186417} 
{0: '0.5990888382687927', 1: '0.1571753986332574', 2: '0.0', 3: '1.0', 4: 552.212668901792} 
{0: '0.5977272727272728', 1: '0.1590909090909091', 2: '0.0', 3: '1.0', 4: 539.8553450077949} 
{0: '0.5986394557823129', 1: '0.16099773242630386', 2: '0.0', 3: '1.0629903792895394', 4: 539.1654601844247} 
{0: '0.5995475113122172', 1: '0.16063348416289594', 2: '0.0', 3: '1.1299485464621188', 4: 548.295568761451} 
{0: '0.600451467268623', 1: '0.16027088036117382', 2: '0.0', 3: '1.2011244339814315', 4: 546.433675350436} 
{0: '0.5990990990990991', 1: '0.15990990990990991', 2: '0.0', 3: '1.2011244339814315', 4: 545.5293158232448} 
{0: '0.6', 1: '0.15955056179775282', 2: '0.0', 3: '1.1299485464621188', 4: 554.794203875739} 
{0: '0.5986547085201793', 1: '0.1591928251121076', 2: '0.0', 3: '1.1299485464621188', 4: 544.6633167796571} 
{0: '0.5995525727069351', 1: '0.15883668903803133', 2: '0.0', 3: '1.2011244339814315', 4: 544.7950466541919} 
{0: '0.6004464285714286', 1: '0.15848214285714285', 2: '0.0', 3: '1.2767837176518553', 4: 545.5507314546178} 
{0: '0.5991091314031181', 1: '0.15812917594654788', 2: '0.0', 3: '1.2767837176518553', 4: 543.6513830254698} 
{0: '0.6', 1: '0.15777777777777777', 2: '0.0', 3: '1.2011244339814315', 4: 545.0839367576057} 
{0: '0.6008869179600886', 1: '0.1574279379157428', 2: '0.0', 3: '1.1299485464621188', 4: 549.0663742460538} 
{0: '0.6017699115044248', 1: '0.1570796460176991', 2: '0.0', 3: '1.0629903792895394', 4: 546.4583337133411} 
{0: '0.6026490066225165', 1: '0.15673289183222958', 2: '0.0', 3: '1.0', 4: 549.9286427185186} 
{0: '0.6013215859030837', 1: '0.15859030837004406', 2: '0.0', 3: '1.0', 4: 544.6283584794568} 
{0: '0.6021978021978022', 1: '0.16043956043956045', 2: '0.0', 3: '1.0629903792895394', 4: 545.6477671174052} 
{0: '0.6008771929824561', 1: '0.1600877192982456', 2: '0.0', 3: '1.0629903792895394', 4: 546.6504517294283} 
{0: '0.6017505470459519', 1: '0.15973741794310722', 2: '0.0', 3: '1.0', 4: 542.0339690693557} 
{0: '0.6004366812227074', 1: '0.1615720524017467', 2: '0.0', 3: '1.0', 4: 541.5494409762915} 
{0: '0.599128540305011', 1: '0.16339869281045752', 2: '0.0', 3: '1.0', 4: 540.9473952490098} 
{0: '0.5978260869565217', 1: '0.16521739130434782', 2: '0.0', 3: '1.0', 4: 540.4935417814617} 
{0: '0.5986984815618221', 1: '0.16702819956616052', 2: '0.0', 3: '1.0629903792895394', 4: 549.9214620716759} 
{0: '0.5995670995670995', 1: '0.16666666666666666', 2: '0.0', 3: '1.1299485464621188', 4: 544.8138204282022} 
{0: '0.6004319654427646', 1: '0.16630669546436286', 2: '0.0', 3: '1.2011244339814315', 4: 542.3490017264639} 
{0: '0.5991379310344828', 1: '0.16594827586206898', 2: '0.0', 3: '1.2011244339814315', 4: 544.060942466248} 
{0: '0.6', 1: '0.16559139784946236', 2: '0.0', 3: '1.1299485464621188', 4: 547.8866390899888} 
{0: '0.6008583690987125', 1: '0.16523605150214593', 2: '0.0', 3: '1.0629903792895394', 4: 550.2638997665691} 
{0: '0.6017130620985011', 1: '0.16488222698072805', 2: '0.0', 3: '1.0', 4: 543.2665751103319} 
{0: '0.6004273504273504', 1: '0.16666666666666666', 2: '0.0', 3: '1.0', 4: 545.6777676885868} 
{0: '0.6012793176972282', 1: '0.16844349680170576', 2: '0.0', 3: '1.0629903792895394', 4: 542.4052842611426} 
{0: '0.6021276595744681', 1: '0.16808510638297872', 2: '0.0', 3: '1.1299485464621188', 4: 540.0066701781193} 
{0: '0.6029723991507431', 1: '0.16772823779193205', 2: '0.0', 3: '1.2011244339814315', 4: 543.2337849641807} 
{0: '0.6038135593220338', 1: '0.1673728813559322', 2: '0.0', 3: '1.2767837176518553', 4: 555.1103784988204} 
{0: '0.6046511627906976', 1: '0.16701902748414377', 2: '0.0', 3: '1.3572088082974538', 4: 546.715289356235} 
{0: '0.6054852320675106', 1: '0.16666666666666666', 2: '0.0', 3: '1.4426999059072143', 4: 552.1036070231689} 
{0: '0.6042105263157894', 1: '0.16631578947368422', 2: '0.0', 3: '1.4426999059072143', 4: 547.3361642369753} 
{0: '0.6050420168067226', 1: '0.16596638655462184', 2: '0.0', 3: '1.3572088082974538', 4: 541.9495732934502} 
{0: '0.6058700209643606', 1: '0.16561844863731656', 2: '0.0', 3: '1.2767837176518553', 4: 542.689455885016} 
{0: '0.606694560669456', 1: '0.16527196652719664', 2: '0.0', 3: '1.2011244339814315', 4: 546.8289956813039} 
{0: '0.6075156576200418', 1: '0.1649269311064718', 2: '0.0', 3: '1.1299485464621188', 4: 548.7747235329691} 
{0: '0.60625', 1: '0.16458333333333333', 2: '0.0', 3: '1.1299485464621188', 4: 549.222746591828} 
{0: '0.6070686070686071', 1: '0.16424116424116425', 2: '0.0', 3: '1.2011244339814315', 4: 547.1208797962117} 
{0: '0.6078838174273858', 1: '0.16390041493775934', 2: '0.0', 3: '1.2767837176518553', 4: 545.4149521440802} 
{0: '0.6086956521739131', 1: '0.16356107660455488', 2: '0.0', 3: '1.3572088082974538', 4: 546.2372066320655} 
{0: '0.6074380165289256', 1: '0.16322314049586778', 2: '0.0', 3: '1.3572088082974538', 4: 553.9856051977898} 
{0: '0.6082474226804123', 1: '0.16288659793814433', 2: '0.0', 3: '1.2767837176518553', 4: 546.9416840958286} 
{0: '0.6090534979423868', 1: '0.16255144032921812', 2: '0.0', 3: '1.2011244339814315', 4: 548.0610252447617} 
{0: '0.6098562628336756', 1: '0.162217659137577', 2: '0.0', 3: '1.1299485464621188', 4: 548.8072197806415} 
{0: '0.610655737704918', 1: '0.16188524590163936', 2: '0.0', 3: '1.0629903792895394', 4: 543.7435448127969} 
{0: '0.6114519427402862', 1: '0.16155419222903886', 2: '0.0', 3: '1.0', 4: 547.9063154158247} 
{0: '0.610204081632653', 1: '0.16326530612244897', 2: '0.0', 3: '1.0', 4: 545.857669779889} 
{0: '0.6109979633401222', 1: '0.164969450101833', 2: '0.0', 3: '1.0629903792895394', 4: 546.0063244921438} 
{0: '0.6117886178861789', 1: '0.16463414634146342', 2: '0.0', 3: '1.1299485464621188', 4: 544.1984405248259} 
{0: '0.6125760649087221', 1: '0.1643002028397566', 2: '0.0', 3: '1.2011244339814315', 4: 550.6983844458015} 
{0: '0.6133603238866396', 1: '0.16396761133603238', 2: '0.0', 3: '1.2767837176518553', 4: 547.8220867842053} 
{0: '0.6141414141414141', 1: '0.16363636363636364', 2: '0.0', 3: '1.3572088082974538', 4: 552.6055919561661} 
{0: '0.6129032258064516', 1: '0.16330645161290322', 2: '0.0', 3: '1.3572088082974538', 4: 543.9607636858286} 
{0: '0.613682092555332', 1: '0.16297786720321933', 2: '0.0', 3: '1.2767837176518553', 4: 538.9852769204207} 
{0: '0.6144578313253012', 1: '0.16265060240963855', 2: '0.0', 3: '1.2011244339814315', 4: 543.9777358606069} 
{0: '0.6152304609218436', 1: '0.1623246492985972', 2: '0.0', 3: '1.1299485464621188', 4: 542.8412619112461} 
