{'STAT2HEADER': 'STAT2HEADER', 'STAT2HEADER_ENVIRON': 'environ({\'OMPI_MCA_pmix\': \'^s1,s2,cray,isolated\', \'PMIX_MCA_mca_base_component_show_load_errors\': \'1\', \'OMPI_COMMAND\': \'python3\', \'OMPI_ARGV\': \'static_snapshot.py 1 0min\', \'OMPI_MCA_orte_precondition_transports\': \'e30aea4525da23c8-3c5280a4becbb46b\', \'LD_LIBRARY_PATH\': \'/salilab/diva1/programs/x86_64linux/numpy-py36-1.19.5/lib:/salilab/diva1/home/libs/x86_64/centos8:/salilab/diva1/home/libs/x86_64:/salilab/diva1/home/imp/main/20240607-af6f9d6a95/lib/release8:/salilab/diva1/programs/x86_64linux/opencv-4.3.0/lib64/rhel:/salilab/diva1/programs/x86_64linux/opencv-4.3.0/lib64:/salilab/diva1/programs/x86_64linux/hdf5-1.10.7/lib:/salilab/diva1/programs/x86_64linux/libtau-py27-1.0.1/lib64:/salilab/diva1/programs/x86_64linux/boost-1.73.0/lib64:/usr/lib64/openmpi/lib:/wynton/group/sali/miha_rozic/Software/imp-develop/build/lib::\', \'IMP_TMP_DIR\': \'/wynton/group/sali/miha_rozic/Software/imp-develop/build/tmp\', \'PE_HOSTFILE\': \'/var/spool/sge/wynton/qb3-id287/active_jobs/707247.1/pe_hostfile\', \'__LMOD_REF_COUNT_PATH\': \'/salilab/diva1/programs/x86_64linux/numpy-py36-1.19.5/bin:1;/salilab/diva1/home/imp/main/20240607-af6f9d6a95/bin/release8:1;/salilab/diva1/programs/x86_64linux/opencv-4.3.0/bin:1;/salilab/diva1/programs/x86_64linux/hdf5-1.10.7/bin:1;/usr/lib64/openmpi/bin:1;/wynton/home/sali/rozicmiha/.local/bin:1;/wynton/home/sali/rozicmiha/bin:1;/wynton/group/sali/miha_rozic/Software/imp-develop/build/bin:1;/wynton/group/sali/miha_rozic/Software/imp-develop/build/module_bin/EMageFit:1;/wynton/group/sali/miha_rozic/Software/imp-develop/build/module_bin/algebra:1;/wynton/group/sali/miha_rozic/Software/imp-develop/build/module_bin/atom:1;/wynton/group/sali/miha_rozic/Software/imp-develop/build/module_bin/benchmark:1;/wynton/group/sali/miha_rozic/Software/imp-develop/build/module_bin/cgal:1;/wynton/group/sali/miha_rozic/Software/imp-develop/build/module_bin/cnmultifit:1;/wynton/group/sali/miha_rozic/Software/imp-develop/build/module_bin/container:1;/wynton/group/sali/miha_rozic/Software/imp-develop/build/module_bin/core:1;/wynton/group/sali/miha_rozic/Software/imp-develop/build/module_bin/display:1;/wynton/group/sali/miha_rozic/Software/imp-develop/build/module_bin/domino:1;/wynton/group/sali/miha_rozic/Software/imp-develop/build/module_bin/em:1;/wynton/group/sali/miha_rozic/Software/imp-develop/build/module_bin/em2d:1;/wynton/group/sali/miha_rozic/Software/imp-develop/build/module_bin/example:1;/wynton/group/sali/miha_rozic/Software/imp-develop/build/module_bin/foxs:1;/wynton/group/sali/miha_rozic/Software/imp-develop/build/module_bin/gsl:1;/wynton/group/sali/miha_rozic/Software/imp-develop/build/module_bin/integrative_docking:1;/wynton/group/sali/miha_rozic/Software/imp-develop/build/module_bin/isd:1;/wynton/group/sali/miha_rozic/Software/imp-develop/build/module_bin/kernel:1;/wynton/group/sali/miha_rozic/Software/imp-develop/build/module_bin/kinematics:1;/wynton/group/sali/miha_rozic/Software/imp-develop/build/module_bin/kmeans:1;/wynton/group/sali/miha_rozic/Software/imp-develop/build/module_bin/misc:1;/wynton/group/sali/miha_rozic/Software/imp-develop/build/module_bin/mmcif:1;/wynton/group/sali/miha_rozic/Software/imp-develop/build/module_bin/modeller:1;/wynton/group/sali/miha_rozic/Software/imp-develop/build/module_bin/mpi:1;/wynton/group/sali/miha_rozic/Software/imp-develop/build/module_bin/multi_state:1;/wynton/group/sali/miha_rozic/Software/imp-develop/build/module_bin/multifit:1;/wynton/group/sali/miha_rozic/Software/imp-develop/build/module_bin/npc:1;/wynton/group/sali/miha_rozic/Software/imp-develop/build/module_bin/npcassembly:1;/wynton/group/sali/miha_rozic/Software/imp-develop/build/module_bin/parallel:1;/wynton/group/sali/miha_rozic/Software/imp-develop/build/module_bin/pepdock:1;/wynton/group/sali/miha_rozic/Software/imp-develop/build/module_bin/pmi:1;/wynton/group/sali/miha_rozic/Software/imp-develop/build/module_bin/rmf:1;/wynton/group/sali/miha_rozic/Software/imp-develop/build/module_bin/rotamer:1;/wynton/group/sali/miha_rozic/Software/imp-develop/build/module_bin/saxs:1;/wynton/group/sali/miha_rozic/Software/imp-develop/build/module_bin/saxs_merge:1;/wynton/group/sali/miha_rozic/Software/imp-develop/build/module_bin/score_functor:1;/wynton/group/sali/miha_rozic/Software/imp-develop/build/module_bin/scratch:1;/wynton/group/sali/miha_rozic/Software/imp-develop/build/module_bin/spb:1;/wynton/group/sali/miha_rozic/Software/imp-develop/build/module_bin/statistics:1;/wynton/group/sali/miha_rozic/Software/imp-develop/build/module_bin/symmetry:1;/wynton/group/sali/miha_rozic/Software/imp-develop/build/module_bin/test:1;/opt/sge/bin:1;/opt/sge/bin/lx-amd64:1;/scratch/707247.1.long.q:1;/usr/local/bin:1;/bin:1;/usr/bin:1;/usr/local/sbin:1;/usr/sbin:1\', \'_ModuleTable002_\': \'fSwKc3RhY2tEZXB0aCA9IDEsCnN0YXR1cyA9ICJhY3RpdmUiLAp1c2VyTmFtZSA9ICJib29zdC8xLjczLjAiLAp3ViA9ICIwMDAwMDAwMDEuMDAwMDAwMDczLip6ZmluYWwiLAp9LApoZGY1ID0gewpmbiA9ICIvc2FsaWxhYi9kaXZhMS9ob21lL21vZHVsZXMvaGRmNS8xLjEwLjciLApmdWxsTmFtZSA9ICJoZGY1LzEuMTAuNyIsCmxvYWRPcmRlciA9IDUsCnByb3BUID0ge30sCnN0YWNrRGVwdGggPSAyLApzdGF0dXMgPSAiYWN0aXZlIiwKdXNlck5hbWUgPSAiaGRmNS8xLjEwLjciLAp3ViA9ICIwMDAwMDAwMDEuMDAwMDAwMDEwLjAwMDAwMDAwNy4qemZpbmFsIiwKfSwKaW1wID0gewpmbiA9ICIvc2FsaWxhYi9kaXZhMS9ob21lL21vZHVsZXMvaW1wLzIuMjEuMCIsCmZ1bGxO\', \'IMP_DIR\': \'/salilab/diva1/home/imp/main/20240607-af6f9d6a95/lib/release8/cmake/IMP\', \'QUEUE\': \'long.q\', \'GOTO_NUM_THREADS\': \'1\', \'MPI_PYTHON3_SITEARCH\': \'/usr/lib64/python3.6/site-packages/openmpi\', \'LANG\': \'en_US.UTF-8\', \'HISTCONTROL\': \'ignoredups\', \'_ModuleTable008_\': \'cyIsCmZ1bGxOYW1lID0gInNhbGktbGlicmFyaWVzIiwKbG9hZE9yZGVyID0gOCwKcHJvcFQgPSB7fSwKc3RhY2tEZXB0aCA9IDEsCnN0YXR1cyA9ICJhY3RpdmUiLAp1c2VyTmFtZSA9ICJzYWxpLWxpYnJhcmllcyIsCndWID0gIk0uKnpmaW5hbCIsCn0sCn0sCm1wYXRoQSA9IHsKIi9zYWxpbGFiL2RpdmExL2hvbWUvbW9kdWxlcyIsICIvZXRjL21vZHVsZWZpbGVzIiwgIi91c3Ivc2hhcmUvbW9kdWxlZmlsZXMiCiwgIi91c3Ivc2hhcmUvbW9kdWxlZmlsZXMvTGludXgiLCAiL3Vzci9zaGFyZS9tb2R1bGVmaWxlcy9Db3JlIiwgIi91c3Ivc2hhcmUvbG1vZC9sbW9kL21vZHVsZWZpbGVzL0NvcmUiLAp9LApzeXN0ZW1CYXNlTVBBVEggPSAiL2V0Yy9tb2R1bGVmaWxlczovdXNy\', \'SGE_O_HOST\': \'dev1\', \'HOSTNAME\': \'qb3-id287.wynton.ucsf.edu\', \'OPENBLAS_NUM_THREADS\': \'1\', \'__LMOD_REF_COUNT_CMAKE_INCLUDE_PATH\': \'/salilab/diva1/programs/x86_64linux/opencv-4.3.0/include/opencv4:1;/salilab/diva1/programs/x86_64linux/hdf5-1.10.7/include:1;/salilab/diva1/programs/x86_64linux/libtau-py27-1.0.1/include:1;/salilab/diva1/programs/x86_64linux/boost-1.73.0/include:1\', \'SGE_RSH_COMMAND\': \'builtin\', \'ENVIRONMENT\': \'BATCH\', \'IMP_DATA\': \'/wynton/group/sali/miha_rozic/Software/imp-develop/build/data\', \'REQUEST\': \'test1\', \'SGE_STDIN_PATH\': \'/dev/null\', \'SGE_CELL\': \'wynton\', \'_ModuleTable007_\': \'MjEuMyIsCndWID0gIjAwMDAwMDAwMC4wMDAwMDAwMjEuMDAwMDAwMDAzLip6ZmluYWwiLAp9LApbInB5dGhvbjMvc2NpcHkiXSA9IHsKZm4gPSAiL3NhbGlsYWIvZGl2YTEvaG9tZS9tb2R1bGVzL3B5dGhvbjMvc2NpcHkvMS4zLjIiLApmdWxsTmFtZSA9ICJweXRob24zL3NjaXB5LzEuMy4yIiwKbG9hZE9yZGVyID0gMTAsCnByb3BUID0ge30sCnN0YWNrRGVwdGggPSAxLApzdGF0dXMgPSAiYWN0aXZlIiwKdXNlck5hbWUgPSAicHl0aG9uMy9zY2lweS8xLjMuMiIsCndWID0gIjAwMDAwMDAwMS4wMDAwMDAwMDMuMDAwMDAwMDAyLip6ZmluYWwiLAp9LApbInNhbGktbGlicmFyaWVzIl0gPSB7CmZuID0gIi9zYWxpbGFiL2RpdmExL2hvbWUvbW9kdWxlcy9zYWxpLWxpYnJhcmll\', \'CMAKE_INCLUDE_PATH\': \'/salilab/diva1/programs/x86_64linux/opencv-4.3.0/include/opencv4:/salilab/diva1/programs/x86_64linux/hdf5-1.10.7/include:/salilab/diva1/programs/x86_64linux/libtau-py27-1.0.1/include:/salilab/diva1/programs/x86_64linux/boost-1.73.0/include\', \'__LMOD_REF_COUNT_LD_LIBRARY_PATH\': \'/salilab/diva1/programs/x86_64linux/numpy-py36-1.19.5/lib:1;/salilab/diva1/home/libs/x86_64/centos8:1;/salilab/diva1/home/libs/x86_64:1;/salilab/diva1/home/imp/main/20240607-af6f9d6a95/lib/release8:1;/salilab/diva1/programs/x86_64linux/opencv-4.3.0/lib64/rhel:1;/salilab/diva1/programs/x86_64linux/opencv-4.3.0/lib64:1;/salilab/diva1/programs/x86_64linux/hdf5-1.10.7/lib:1;/salilab/diva1/programs/x86_64linux/libtau-py27-1.0.1/lib64:1;/salilab/diva1/programs/x86_64linux/boost-1.73.0/lib64:1;/usr/lib64/openmpi/lib:1;/wynton/group/sali/miha_rozic/Software/imp-develop/build/lib:2;:1\', \'__LMOD_REF_COUNT_PKG_CONFIG_PATH\': \'/usr/lib64/openmpi/lib/pkgconfig:1\', \'_ModuleTable004_\': \'aGFyZS9tb2R1bGVmaWxlcy9tcGkvb3Blbm1waS14ODZfNjQiLApmdWxsTmFtZSA9ICJtcGkvb3Blbm1waS14ODZfNjQiLApsb2FkT3JkZXIgPSAyLApwcm9wVCA9IHt9LApzdGFja0RlcHRoID0gMCwKc3RhdHVzID0gImFjdGl2ZSIsCnVzZXJOYW1lID0gIm1waS9vcGVubXBpLXg4Nl82NCIsCndWID0gIipvcGVubXBpLip4LjAwMDAwMDA4Ni4qXy4wMDAwMDAwNjQuKnpmaW5hbCIsCn0sCm9wZW5jdiA9IHsKZm4gPSAiL3NhbGlsYWIvZGl2YTEvaG9tZS9tb2R1bGVzL29wZW5jdi80LjMuMCIsCmZ1bGxOYW1lID0gIm9wZW5jdi80LjMuMCIsCmxvYWRPcmRlciA9IDYsCnByb3BUID0ge30sCnN0YWNrRGVwdGggPSAxLApzdGF0dXMgPSAiYWN0aXZlIiwKdXNlck5hbWUgPSAib3Bl\', \'__LMOD_REF_COUNT_PYTHONPATH\': \'/salilab/diva1/programs/x86_64linux/scikit-py36-0.21.3/lib64/python3.6/site-packages:1;/salilab/diva1/programs/linux/joblib-0.17.0/lib/python3.6/site-packages:1;/salilab/diva1/programs/x86_64linux/scipy-py36-1.3.2/lib64/python3.6/site-packages:1;/salilab/diva1/programs/x86_64linux/numpy-py36-1.19.5/lib64/python3.6/site-packages:1;/salilab/diva1/home/imp/main/20240607-af6f9d6a95/lib/release8:1;/salilab/diva1/programs/x86_64linux/opencv-4.3.0/lib/python3.6/site-packages:1;/wynton/group/sali/miha_rozic/Software/imp-develop/build/lib:2;:1\', \'which_declare\': \'declare -f\', \'NHOSTS\': \'1\', \'SGE_O_WORKDIR\': \'/wynton/group/sali/miha_rozic/Input_information/SNAPSHOTS/central_directory/snapshot1_0min/run19\', \'USER\': \'rozicmiha\', \'SGE_TASK_ID\': \'undefined\', \'__LMOD_REF_COUNT_CMAKE_LIBRARY_PATH\': \'/salilab/diva1/programs/x86_64linux/opencv-4.3.0/lib64:1;/salilab/diva1/programs/x86_64linux/hdf5-1.10.7/lib:1;/salilab/diva1/programs/x86_64linux/libtau-py27-1.0.1/lib64:1;/salilab/diva1/programs/x86_64linux/boost-1.73.0/lib64:1\', \'SGE_TASK_FIRST\': \'undefined\', \'NSLOTS\': \'16\', \'__LMOD_REF_COUNT_MODULEPATH\': \'/salilab/diva1/home/modules:1;/etc/modulefiles:1;/usr/share/modulefiles:1;/usr/share/modulefiles/Linux:1;/usr/share/modulefiles/Core:1;/usr/share/lmod/lmod/modulefiles/Core:1\', \'PWD\': \'/wynton/group/sali/miha_rozic/Input_information/SNAPSHOTS/central_directory/snapshot1_0min/run19\', \'HOME\': \'/wynton/home/sali/rozicmiha\', \'NQUEUES\': \'2\', \'TMP\': \'/scratch/707247.1.long.q\', \'PE\': \'smp\', \'SGE_O_HOME\': \'/wynton/home/sali/rozicmiha\', \'LMOD_VERSION\': \'8.7.32\', \'JOB_NAME\': \'test1\', \'BASH_ENV\': \'/usr/share/lmod/lmod/init/bash\', \'MPI_FORTRAN_MOD_DIR\': \'/usr/lib64/gfortran/modules/openmpi\', \'SGE_TASK_LAST\': \'undefined\', \'MKL_NUM_THREADS\': \'1\', \'MPI_COMPILER\': \'openmpi-x86_64\', \'SGE_ACCOUNT\': \'sge\', \'SGE_ROOT\': \'/opt/sge\', \'MPI_SUFFIX\': \'_openmpi\', \'TMPDIR\': \'/scratch/707247.1.long.q\', \'RESTARTED\': \'0\', \'LMOD_sys\': \'Linux\', \'_ModuleTable001_\': \'X01vZHVsZVRhYmxlXyA9IHsKTVR2ZXJzaW9uID0gMywKY19yZWJ1aWxkVGltZSA9IGZhbHNlLApjX3Nob3J0VGltZSA9IGZhbHNlLApkZXB0aFQgPSB7fSwKZmFtaWx5ID0ge30sCm1UID0gewpTYWxpID0gewpmbiA9ICIvZXRjL21vZHVsZWZpbGVzL1NhbGkubHVhIiwKZnVsbE5hbWUgPSAiU2FsaSIsCmxvYWRPcmRlciA9IDEsCnByb3BUID0ge30sCnN0YWNrRGVwdGggPSAwLApzdGF0dXMgPSAiYWN0aXZlIiwKdXNlck5hbWUgPSAiU2FsaSIsCndWID0gIk0uKnpmaW5hbCIsCn0sCmJvb3N0ID0gewpmbiA9ICIvc2FsaWxhYi9kaXZhMS9ob21lL21vZHVsZXMvYm9vc3QvMS43My4wIiwKZnVsbE5hbWUgPSAiYm9vc3QvMS43My4wIiwKbG9hZE9yZGVyID0gMywKcHJvcFQgPSB7\', \'LOADEDMODULES\': \'Sali:mpi/openmpi-x86_64:boost/1.73.0:libtau/1.0.1:hdf5/1.10.7:opencv/4.3.0:imp/2.21.0:sali-libraries:python3/numpy/1.19.5:python3/scipy/1.3.2:python3/joblib/0.17.0:python3/scikit/0.21.3\', \'SGE_O_PATH\': \'/salilab/diva1/programs/x86_64linux/numpy-py36-1.19.5/bin:/salilab/diva1/home/imp/main/20240607-af6f9d6a95/bin/release8:/salilab/diva1/programs/x86_64linux/opencv-4.3.0/bin:/salilab/diva1/programs/x86_64linux/hdf5-1.10.7/bin:/wynton/home/sali/rozicmiha/.local/bin:/wynton/home/sali/rozicmiha/bin:/wynton/group/sali/miha_rozic/Software/imp-develop/build/bin:/wynton/group/sali/miha_rozic/Software/imp-develop/build/module_bin/EMageFit:/wynton/group/sali/miha_rozic/Software/imp-develop/build/module_bin/algebra:/wynton/group/sali/miha_rozic/Software/imp-develop/build/module_bin/atom:/wynton/group/sali/miha_rozic/Software/imp-develop/build/module_bin/benchmark:/wynton/group/sali/miha_rozic/Software/imp-develop/build/module_bin/cgal:/wynton/group/sali/miha_rozic/Software/imp-develop/build/module_bin/cnmultifit:/wynton/group/sali/miha_rozic/Software/imp-develop/build/module_bin/container:/wynton/group/sali/miha_rozic/Software/imp-develop/build/module_bin/core:/wynton/group/sali/miha_rozic/Software/imp-develop/build/module_bin/display:/wynton/group/sali/miha_rozic/Software/imp-develop/build/module_bin/domino:/wynton/group/sali/miha_rozic/Software/imp-develop/build/module_bin/em:/wynton/group/sali/miha_rozic/Software/imp-develop/build/module_bin/em2d:/wynton/group/sali/miha_rozic/Software/imp-develop/build/module_bin/example:/wynton/group/sali/miha_rozic/Software/imp-develop/build/module_bin/foxs:/wynton/group/sali/miha_rozic/Software/imp-develop/build/module_bin/gsl:/wynton/group/sali/miha_rozic/Software/imp-develop/build/module_bin/integrative_docking:/wynton/group/sali/miha_rozic/Software/imp-develop/build/module_bin/isd:/wynton/group/sali/miha_rozic/Software/imp-develop/build/module_bin/kernel:/wynton/group/sali/miha_rozic/Software/imp-develop/build/module_bin/kinematics:/wynton/group/sali/miha_rozic/Software/imp-develop/build/module_bin/kmeans:/wynton/group/sali/miha_rozic/Software/imp-develop/build/module_bin/misc:/wynton/group/sali/miha_rozic/Software/imp-develop/build/module_bin/mmcif:/wynton/group/sali/miha_rozic/Software/imp-develop/build/module_bin/modeller:/wynton/group/sali/miha_rozic/Software/imp-develop/build/module_bin/mpi:/wynton/group/sali/miha_rozic/Software/imp-develop/build/module_bin/multi_state:/wynton/group/sali/miha_rozic/Software/imp-develop/build/module_bin/multifit:/wynton/group/sali/miha_rozic/Software/imp-develop/build/module_bin/npc:/wynton/group/sali/miha_rozic/Software/imp-develop/build/module_bin/npcassembly:/wynton/group/sali/miha_rozic/Software/imp-develop/build/module_bin/parallel:/wynton/group/sali/miha_rozic/Software/imp-develop/build/module_bin/pepdock:/wynton/group/sali/miha_rozic/Software/imp-develop/build/module_bin/pmi:/wynton/group/sali/miha_rozic/Software/imp-develop/build/module_bin/rmf:/wynton/group/sali/miha_rozic/Software/imp-develop/build/module_bin/rotamer:/wynton/group/sali/miha_rozic/Software/imp-develop/build/module_bin/saxs:/wynton/group/sali/miha_rozic/Software/imp-develop/build/module_bin/saxs_merge:/wynton/group/sali/miha_rozic/Software/imp-develop/build/module_bin/score_functor:/wynton/group/sali/miha_rozic/Software/imp-develop/build/module_bin/scratch:/wynton/group/sali/miha_rozic/Software/imp-develop/build/module_bin/spb:/wynton/group/sali/miha_rozic/Software/imp-develop/build/module_bin/statistics:/wynton/group/sali/miha_rozic/Software/imp-develop/build/module_bin/symmetry:/wynton/group/sali/miha_rozic/Software/imp-develop/build/module_bin/test:/opt/sge/bin:/opt/sge/bin/lx-amd64:/usr/local/bin:/usr/bin:/usr/local/sbin:/usr/sbin\', \'SGE_O_SHELL\': \'/bin/bash\', \'_ModuleTable006_\': \'bWUgPSAicHl0aG9uMy9udW1weS8xLjE5LjUiLApsb2FkT3JkZXIgPSA5LApwcm9wVCA9IHt9LApzdGFja0RlcHRoID0gMiwKc3RhdHVzID0gImFjdGl2ZSIsCnVzZXJOYW1lID0gInB5dGhvbjMvbnVtcHkvMS4xOS41IiwKd1YgPSAiMDAwMDAwMDAxLjAwMDAwMDAxOS4wMDAwMDAwMDUuKnpmaW5hbCIsCn0sClsicHl0aG9uMy9zY2lraXQiXSA9IHsKZm4gPSAiL3NhbGlsYWIvZGl2YTEvaG9tZS9tb2R1bGVzL3B5dGhvbjMvc2Npa2l0LzAuMjEuMyIsCmZ1bGxOYW1lID0gInB5dGhvbjMvc2Npa2l0LzAuMjEuMyIsCmxvYWRPcmRlciA9IDEyLApwcm9wVCA9IHt9LApzdGFja0RlcHRoID0gMCwKc3RhdHVzID0gImFjdGl2ZSIsCnVzZXJOYW1lID0gInB5dGhvbjMvc2Npa2l0LzAu\', \'__LMOD_REF_COUNT_MANPATH\': \':2;/usr/share/man/openmpi-x86_64:1;/opt/sge/man:1;/usr/share/lmod/lmod/share/man:1\', \'MPI_INCLUDE\': \'/usr/include/openmpi-x86_64\', \'_ModuleTable003_\': \'YW1lID0gImltcC8yLjIxLjAiLApsb2FkT3JkZXIgPSA3LApwcm9wVCA9IHt9LApzdGFja0RlcHRoID0gMCwKc3RhdHVzID0gImFjdGl2ZSIsCnVzZXJOYW1lID0gImltcCIsCndWID0gIl4wMDAwMDAwMi4wMDAwMDAwMjEuKnpmaW5hbCIsCn0sCmxpYnRhdSA9IHsKZm4gPSAiL3NhbGlsYWIvZGl2YTEvaG9tZS9tb2R1bGVzL2xpYnRhdS8xLjAuMSIsCmZ1bGxOYW1lID0gImxpYnRhdS8xLjAuMSIsCmxvYWRPcmRlciA9IDQsCnByb3BUID0ge30sCnN0YWNrRGVwdGggPSAxLApzdGF0dXMgPSAiYWN0aXZlIiwKdXNlck5hbWUgPSAibGlidGF1LzEuMC4xIiwKd1YgPSAiMDAwMDAwMDAxLjAwMDAwMDAwMC4wMDAwMDAwMDEuKnpmaW5hbCIsCn0sCm1waSA9IHsKZm4gPSAiL3Vzci9z\', \'LMOD_ROOT\': \'/usr/share/lmod\', \'SYSTEMCTL_SKIP_REDIRECT\': \'\', \'MAIL\': \'/var/spool/mail/rozicmiha\', \'SGE_CWD_PATH\': \'/wynton/group/sali/miha_rozic/Input_information/SNAPSHOTS/central_directory/snapshot1_0min/run19\', \'MPI_HOME\': \'/usr/lib64/openmpi\', \'_ModuleTable009_\': \'L3NoYXJlL21vZHVsZWZpbGVzOi91c3Ivc2hhcmUvbW9kdWxlZmlsZXMvTGludXg6L3Vzci9zaGFyZS9tb2R1bGVmaWxlcy9Db3JlOi91c3Ivc2hhcmUvbG1vZC9sbW9kL21vZHVsZWZpbGVzL0NvcmUiLAp9Cg==\', \'SGE_TASK_STEPSIZE\': \'undefined\', \'SHELL\': \'/bin/bash\', \'TERM\': \'\', \'_ModuleTable_Sz_\': \'9\', \'SGE_JOB_SPOOL_DIR\': \'/var/spool/sge/wynton/qb3-id287/active_jobs/707247.1\', \'JOB_ID\': \'707247\', \'IMP_EXAMPLE_DATA\': \'/wynton/group/sali/miha_rozic/Software/imp-develop/build/doc/examples\', \'R_FUTURE_AVAILABLECORES_FALLBACK\': \'1\', \'JOB_SCRIPT\': \'/var/spool/sge/wynton/qb3-id287/job_scripts/707247\', \'SHLVL\': \'2\', \'SGE_O_LOGNAME\': \'rozicmiha\', \'SGE_O_MAIL\': \'/var/spool/mail/rozicmiha\', \'PYTHONPATH\': \'/salilab/diva1/programs/x86_64linux/scikit-py36-0.21.3/lib64/python3.6/site-packages:/salilab/diva1/programs/linux/joblib-0.17.0/lib/python3.6/site-packages:/salilab/diva1/programs/x86_64linux/scipy-py36-1.3.2/lib64/python3.6/site-packages:/salilab/diva1/programs/x86_64linux/numpy-py36-1.19.5/lib64/python3.6/site-packages:/salilab/diva1/home/imp/main/20240607-af6f9d6a95/lib/release8:/salilab/diva1/programs/x86_64linux/opencv-4.3.0/lib/python3.6/site-packages:/wynton/group/sali/miha_rozic/Software/imp-develop/build/lib::\', \'MANPATH\': \':/usr/share/man/openmpi-x86_64:/opt/sge/man:/usr/share/lmod/lmod/share/man\', \'MODULEPATH\': \'/salilab/diva1/home/modules:/etc/modulefiles:/usr/share/modulefiles:/usr/share/modulefiles/Linux:/usr/share/modulefiles/Core:/usr/share/lmod/lmod/modulefiles/Core\', \'MPI_SYSCONFIG\': \'/etc/openmpi-x86_64\', \'LOGNAME\': \'rozicmiha\', \'SYSTEMCTL_IGNORE_DEPENDENCIES\': \'\', \'MODULEPATH_ROOT\': \'/usr/share/modulefiles\', \'PATH\': \'/salilab/diva1/programs/x86_64linux/numpy-py36-1.19.5/bin:/salilab/diva1/home/imp/main/20240607-af6f9d6a95/bin/release8:/salilab/diva1/programs/x86_64linux/opencv-4.3.0/bin:/salilab/diva1/programs/x86_64linux/hdf5-1.10.7/bin:/usr/lib64/openmpi/bin:/wynton/home/sali/rozicmiha/.local/bin:/wynton/home/sali/rozicmiha/bin:/wynton/group/sali/miha_rozic/Software/imp-develop/build/bin:/wynton/group/sali/miha_rozic/Software/imp-develop/build/module_bin/EMageFit:/wynton/group/sali/miha_rozic/Software/imp-develop/build/module_bin/algebra:/wynton/group/sali/miha_rozic/Software/imp-develop/build/module_bin/atom:/wynton/group/sali/miha_rozic/Software/imp-develop/build/module_bin/benchmark:/wynton/group/sali/miha_rozic/Software/imp-develop/build/module_bin/cgal:/wynton/group/sali/miha_rozic/Software/imp-develop/build/module_bin/cnmultifit:/wynton/group/sali/miha_rozic/Software/imp-develop/build/module_bin/container:/wynton/group/sali/miha_rozic/Software/imp-develop/build/module_bin/core:/wynton/group/sali/miha_rozic/Software/imp-develop/build/module_bin/display:/wynton/group/sali/miha_rozic/Software/imp-develop/build/module_bin/domino:/wynton/group/sali/miha_rozic/Software/imp-develop/build/module_bin/em:/wynton/group/sali/miha_rozic/Software/imp-develop/build/module_bin/em2d:/wynton/group/sali/miha_rozic/Software/imp-develop/build/module_bin/example:/wynton/group/sali/miha_rozic/Software/imp-develop/build/module_bin/foxs:/wynton/group/sali/miha_rozic/Software/imp-develop/build/module_bin/gsl:/wynton/group/sali/miha_rozic/Software/imp-develop/build/module_bin/integrative_docking:/wynton/group/sali/miha_rozic/Software/imp-develop/build/module_bin/isd:/wynton/group/sali/miha_rozic/Software/imp-develop/build/module_bin/kernel:/wynton/group/sali/miha_rozic/Software/imp-develop/build/module_bin/kinematics:/wynton/group/sali/miha_rozic/Software/imp-develop/build/module_bin/kmeans:/wynton/group/sali/miha_rozic/Software/imp-develop/build/module_bin/misc:/wynton/group/sali/miha_rozic/Software/imp-develop/build/module_bin/mmcif:/wynton/group/sali/miha_rozic/Software/imp-develop/build/module_bin/modeller:/wynton/group/sali/miha_rozic/Software/imp-develop/build/module_bin/mpi:/wynton/group/sali/miha_rozic/Software/imp-develop/build/module_bin/multi_state:/wynton/group/sali/miha_rozic/Software/imp-develop/build/module_bin/multifit:/wynton/group/sali/miha_rozic/Software/imp-develop/build/module_bin/npc:/wynton/group/sali/miha_rozic/Software/imp-develop/build/module_bin/npcassembly:/wynton/group/sali/miha_rozic/Software/imp-develop/build/module_bin/parallel:/wynton/group/sali/miha_rozic/Software/imp-develop/build/module_bin/pepdock:/wynton/group/sali/miha_rozic/Software/imp-develop/build/module_bin/pmi:/wynton/group/sali/miha_rozic/Software/imp-develop/build/module_bin/rmf:/wynton/group/sali/miha_rozic/Software/imp-develop/build/module_bin/rotamer:/wynton/group/sali/miha_rozic/Software/imp-develop/build/module_bin/saxs:/wynton/group/sali/miha_rozic/Software/imp-develop/build/module_bin/saxs_merge:/wynton/group/sali/miha_rozic/Software/imp-develop/build/module_bin/score_functor:/wynton/group/sali/miha_rozic/Software/imp-develop/build/module_bin/scratch:/wynton/group/sali/miha_rozic/Software/imp-develop/build/module_bin/spb:/wynton/group/sali/miha_rozic/Software/imp-develop/build/module_bin/statistics:/wynton/group/sali/miha_rozic/Software/imp-develop/build/module_bin/symmetry:/wynton/group/sali/miha_rozic/Software/imp-develop/build/module_bin/test:/opt/sge/bin:/opt/sge/bin/lx-amd64:/scratch/707247.1.long.q:/usr/local/bin:/bin:/usr/bin:/usr/local/sbin:/usr/sbin\', \'MPI_BIN\': \'/usr/lib64/openmpi/bin\', \'SGE_STDERR_PATH\': \'/wynton/group/sali/miha_rozic/Input_information/SNAPSHOTS/central_directory/snapshot1_0min/run19/test1.o707247\', \'_LMFILES_\': \'/etc/modulefiles/Sali.lua:/usr/share/modulefiles/mpi/openmpi-x86_64:/salilab/diva1/home/modules/boost/1.73.0:/salilab/diva1/home/modules/libtau/1.0.1:/salilab/diva1/home/modules/hdf5/1.10.7:/salilab/diva1/home/modules/opencv/4.3.0:/salilab/diva1/home/modules/imp/2.21.0:/salilab/diva1/home/modules/sali-libraries:/salilab/diva1/home/modules/python3/numpy/1.19.5:/salilab/diva1/home/modules/python3/scipy/1.3.2:/salilab/diva1/home/modules/python3/joblib/0.17.0:/salilab/diva1/home/modules/python3/scikit/0.21.3\', \'DEBUGINFOD_URLS\': \'https://debuginfod.centos.org/ \', \'MODULESHOME\': \'/usr/share/lmod/lmod\', \'PKG_CONFIG_PATH\': \'/usr/lib64/openmpi/lib/pkgconfig\', \'LMOD_SETTARG_FULL_SUPPORT\': \'no\', \'HISTSIZE\': \'1000\', \'SGE_ARCH\': \'lx-amd64\', \'LMOD_PKG\': \'/usr/share/lmod/lmod\', \'CMAKE_LIBRARY_PATH\': \'/salilab/diva1/programs/x86_64linux/opencv-4.3.0/lib64:/salilab/diva1/programs/x86_64linux/hdf5-1.10.7/lib:/salilab/diva1/programs/x86_64linux/libtau-py27-1.0.1/lib64:/salilab/diva1/programs/x86_64linux/boost-1.73.0/lib64\', \'ARC\': \'lx-amd64\', \'MPI_LIB\': \'/usr/lib64/openmpi/lib\', \'SGE_BINARY_PATH\': \'/opt/sge/bin/lx-amd64\', \'SGE_STDOUT_PATH\': \'/wynton/group/sali/miha_rozic/Input_information/SNAPSHOTS/central_directory/snapshot1_0min/run19/test1.o707247\', \'_ModuleTable005_\': \'bmN2LzQuMy4wIiwKd1YgPSAiMDAwMDAwMDA0LjAwMDAwMDAwMy4qemZpbmFsIiwKfSwKWyJweXRob24zL2pvYmxpYiJdID0gewpmbiA9ICIvc2FsaWxhYi9kaXZhMS9ob21lL21vZHVsZXMvcHl0aG9uMy9qb2JsaWIvMC4xNy4wIiwKZnVsbE5hbWUgPSAicHl0aG9uMy9qb2JsaWIvMC4xNy4wIiwKbG9hZE9yZGVyID0gMTEsCnByb3BUID0ge30sCnN0YWNrRGVwdGggPSAxLApzdGF0dXMgPSAiYWN0aXZlIiwKdXNlck5hbWUgPSAicHl0aG9uMy9qb2JsaWIiLAp3ViA9ICIwMDAwMDAwMDAuMDAwMDAwMDE3Lip6ZmluYWwiLAp9LApbInB5dGhvbjMvbnVtcHkiXSA9IHsKZm4gPSAiL3NhbGlsYWIvZGl2YTEvaG9tZS9tb2R1bGVzL3B5dGhvbjMvbnVtcHkvMS4xOS41IiwKZnVsbE5h\', \'LMOD_CMD\': \'/usr/share/lmod/lmod/libexec/lmod\', \'REQNAME\': \'test1\', \'IMP_BIN_DIR\': \'/wynton/group/sali/miha_rozic/Software/imp-develop/build/bin\', \'MPI_MAN\': \'/usr/share/man/openmpi-x86_64\', \'LESSOPEN\': \'||/usr/bin/lesspipe.sh %s\', \'OMP_NUM_THREADS\': \'1\', \'SGE_CLUSTER_NAME\': \'wynton_cluster\', \'LMOD_DIR\': \'/usr/share/lmod/lmod/libexec\', \'BASH_FUNC_which%%\': \'() {  ( alias;\\n eval ${which_declare} ) | /usr/bin/which --tty-only --read-alias --read-functions --show-tilde --show-dot $@\\n}\', \'BASH_FUNC_module%%\': \'() {  if [ -z "${LMOD_SH_DBG_ON+x}" ]; then\\n case "$-" in \\n *v*x*)\\n __lmod_sh_dbg=\\\'vx\\\'\\n ;;\\n *v*)\\n __lmod_sh_dbg=\\\'v\\\'\\n ;;\\n *x*)\\n __lmod_sh_dbg=\\\'x\\\'\\n ;;\\n esac;\\n fi;\\n if [ -n "${__lmod_sh_dbg:-}" ]; then\\n set +$__lmod_sh_dbg;\\n echo "Shell debugging temporarily silenced: export LMOD_SH_DBG_ON=1 for Lmod\\\'s output" 1>&2;\\n fi;\\n eval "$($LMOD_CMD shell "$@")" && eval "$(${LMOD_SETTARG_CMD:-:} -s sh)";\\n __lmod_my_status=$?;\\n if [ -n "${__lmod_sh_dbg:-}" ]; then\\n echo "Shell debugging restarted" 1>&2;\\n set -$__lmod_sh_dbg;\\n fi;\\n unset __lmod_sh_dbg;\\n return $__lmod_my_status\\n}\', \'BASH_FUNC_ml%%\': \'() {  eval "$($LMOD_DIR/ml_cmd "$@")"\\n}\', \'_\': \'/usr/lib64/openmpi/bin/mpirun\', \'IPATH_NO_BACKTRACE\': \'1\', \'HFI_NO_BACKTRACE\': \'1\', \'OMPI_MCA_orte_local_daemon_uri\': \'153681920.0;tcp://172.26.39.37:32881\', \'OMPI_MCA_orte_hnp_uri\': \'153681920.0;tcp://172.26.39.37:32881\', \'OMPI_MCA_mpi_oversubscribe\': \'0\', \'OMPI_MCA_orte_app_num\': \'0\', \'OMPI_UNIVERSE_SIZE\': \'16\', \'OMPI_MCA_orte_num_nodes\': \'1\', \'OMPI_MCA_shmem_RUNTIME_QUERY_hint\': \'mmap\', \'OMPI_MCA_orte_bound_at_launch\': \'1\', \'OMPI_MCA_ess\': \'^singleton\', \'OMPI_MCA_orte_ess_num_procs\': \'16\', \'OMPI_COMM_WORLD_SIZE\': \'16\', \'OMPI_COMM_WORLD_LOCAL_SIZE\': \'16\', \'OMPI_MCA_orte_tmpdir_base\': \'/scratch/707247.1.long.q\', \'OMPI_MCA_orte_top_session_dir\': \'/scratch/707247.1.long.q/ompi.qb3-id287.11149\', \'OMPI_MCA_orte_jobfam_session_dir\': \'/scratch/707247.1.long.q/ompi.qb3-id287.11149/pid.333978\', \'OMPI_NUM_APP_CTX\': \'1\', \'OMPI_FIRST_RANKS\': \'0\', \'OMPI_APP_CTX_NUM_PROCS\': \'16\', \'OMPI_MCA_initial_wdir\': \'/wynton/group/sali/miha_rozic/Input_information/SNAPSHOTS/central_directory/snapshot1_0min/run19\', \'OMPI_MCA_orte_launch\': \'1\', \'PMIX_NAMESPACE\': \'153681921\', \'PMIX_RANK\': \'5\', \'PMIX_SERVER_URI2\': \'153681920.0;tcp4://127.0.0.1:48119\', \'PMIX_SERVER_URI21\': \'153681920.0;tcp4://127.0.0.1:48119\', \'PMIX_SECURITY_MODE\': \'native,none\', \'PMIX_PTL_MODULE\': \'tcp,usock\', \'PMIX_BFROP_BUFFER_TYPE\': \'PMIX_BFROP_BUFFER_NON_DESC\', \'PMIX_GDS_MODULE\': \'ds21,ds12,hash\', \'PMIX_SERVER_TMPDIR\': \'/scratch/707247.1.long.q/ompi.qb3-id287.11149/pid.333978\', \'PMIX_SYSTEM_TMPDIR\': \'/scratch/707247.1.long.q\', \'PMIX_DSTORE_21_BASE_PATH\': \'/scratch/707247.1.long.q/ompi.qb3-id287.11149/pid.333978/pmix_dstor_ds21_333978\', \'PMIX_DSTORE_ESH_BASE_PATH\': \'/scratch/707247.1.long.q/ompi.qb3-id287.11149/pid.333978/pmix_dstor_ds12_333978\', \'OMPI_MCA_ess_base_jobid\': \'153681921\', \'OMPI_MCA_ess_base_vpid\': \'5\', \'OMPI_COMM_WORLD_RANK\': \'5\', \'OMPI_COMM_WORLD_LOCAL_RANK\': \'5\', \'OMPI_COMM_WORLD_NODE_RANK\': \'5\', \'OMPI_MCA_orte_ess_node_rank\': \'5\', \'PMIX_ID\': \'153681921.5\', \'OMPI_FILE_LOCATION\': \'/scratch/707247.1.long.q/ompi.qb3-id287.11149/pid.333978/0/0\', \'KMP_DUPLICATE_LIB_OK\': \'True\', \'KMP_INIT_AT_FORK\': \'FALSE\'})', 'STAT2HEADER_IMP_VERSIONS': "{'IMP_VERSION': '2.21.0', 'PMI_VERSION': '2.21.0'}", 0: 'ReplicaExchange_SwapSuccessRatio', 1: 'ReplicaExchange_MinTempFrequency', 2: 'ReplicaExchange_MaxTempFrequency', 3: 'ReplicaExchange_CurrentTemp', 4: 'score'} 
{0: '0', 1: '0', 2: '0', 3: '1.3572088082974538', 4: inf} 
{0: '0.0', 1: '0.0', 2: '0.0', 3: '1.3572088082974538', 4: inf} 
{0: '0.0', 1: '0.0', 2: '0.0', 3: '1.3572088082974538', 4: 1901.7733201279757} 
{0: '0.0', 1: '0.0', 2: '0.0', 3: '1.3572088082974538', 4: 1423.8806337369276} 
{0: '0.25', 1: '0.0', 2: '0.0', 3: '1.4426999059072143', 4: 1219.3565209291871} 
{0: '0.4', 1: '0.0', 2: '0.0', 3: '1.5335761201812925', 4: 862.184077859547} 
{0: '0.5', 1: '0.0', 2: '0.0', 3: '1.6301766616608926', 4: 470.56678088988116} 
{0: '0.5714285714285714', 1: '0.0', 2: '0.0', 3: '1.7328621078878674', 4: 398.9872383305173} 
{0: '0.625', 1: '0.0', 2: '0.0', 3: '1.842015749320195', 4: 389.23681508669654} 
{0: '0.6666666666666666', 1: '0.0', 2: '0.0', 3: '1.958045020027179', 4: 384.89189230679324} 
{0: '0.7', 1: '0.0', 2: '0.0', 3: '2.081383018504685', 4: 391.8866080300008} 
{0: '0.6363636363636364', 1: '0.0', 2: '0.0', 3: '2.081383018504685', 4: 385.5249536964598} 
{0: '0.6666666666666666', 1: '0.0', 2: '0.0', 3: '1.958045020027179', 4: 393.6728699642203} 
{0: '0.6153846153846154', 1: '0.0', 2: '0.0', 3: '1.958045020027179', 4: 398.11467276548785} 
{0: '0.6428571428571429', 1: '0.0', 2: '0.0', 3: '2.081383018504685', 4: 384.1630968175373} 
{0: '0.6666666666666666', 1: '0.0', 2: '0.0', 3: '2.212490124287102', 4: 388.7634294152405} 
{0: '0.6875', 1: '0.0', 2: '0.0', 3: '2.351855716390306', 4: 387.5263412148746} 
{0: '0.6470588235294118', 1: '0.0', 2: '0.0', 3: '2.351855716390306', 4: 384.79269098381815} 
{0: '0.6666666666666666', 1: '0.0', 2: '0.0', 3: '2.212490124287102', 4: 403.6682210561064} 
{0: '0.6842105263157895', 1: '0.0', 2: '0.0', 3: '2.081383018504685', 4: 384.04074322951965} 
{0: '0.7', 1: '0.0', 2: '0.0', 3: '1.958045020027179', 4: 392.25139493023426} 
{0: '0.7142857142857143', 1: '0.0', 2: '0.0', 3: '1.842015749320195', 4: 384.27431305224246} 
{0: '0.7272727272727273', 1: '0.0', 2: '0.0', 3: '1.7328621078878674', 4: 387.8834344324792} 
{0: '0.7391304347826086', 1: '0.0', 2: '0.0', 3: '1.6301766616608926', 4: 390.59820384766846} 
{0: '0.75', 1: '0.0', 2: '0.0', 3: '1.5335761201812925', 4: 378.90078575928464} 
{0: '0.76', 1: '0.0', 2: '0.0', 3: '1.4426999059072143', 4: 385.38126256831345} 
{0: '0.7692307692307693', 1: '0.0', 2: '0.0', 3: '1.3572088082974538', 4: 388.0296745074396} 
{0: '0.7407407407407407', 1: '0.0', 2: '0.0', 3: '1.3572088082974538', 4: 381.5578958476319} 
{0: '0.75', 1: '0.0', 2: '0.0', 3: '1.4426999059072143', 4: 389.9820352682308} 
{0: '0.7586206896551724', 1: '0.0', 2: '0.0', 3: '1.5335761201812925', 4: 382.26253861141475} 
{0: '0.7666666666666667', 1: '0.0', 2: '0.0', 3: '1.6301766616608926', 4: 386.16959739249137} 
{0: '0.7741935483870968', 1: '0.0', 2: '0.0', 3: '1.7328621078878674', 4: 390.21272431585527} 
{0: '0.78125', 1: '0.0', 2: '0.0', 3: '1.842015749320195', 4: 399.89052095753345} 
{0: '0.7878787878787878', 1: '0.0', 2: '0.0', 3: '1.958045020027179', 4: 392.9941056467985} 
{0: '0.7941176470588235', 1: '0.0', 2: '0.0', 3: '2.081383018504685', 4: 393.18894621104} 
{0: '0.8', 1: '0.0', 2: '0.0', 3: '2.212490124287102', 4: 382.17939603703405} 
{0: '0.8055555555555556', 1: '0.0', 2: '0.0', 3: '2.351855716390306', 4: 396.92238573324926} 
{0: '0.8108108108108109', 1: '0.0', 2: '0.0', 3: '2.500000000000003', 4: 397.0880151264666} 
{0: '0.7894736842105263', 1: '0.0', 2: '0.0', 3: '2.500000000000003', 4: 391.43616546660553} 
{0: '0.7948717948717948', 1: '0.0', 2: '0.0', 3: '2.351855716390306', 4: 389.2893092790284} 
{0: '0.8', 1: '0.0', 2: '0.0', 3: '2.212490124287102', 4: 404.15140035459683} 
{0: '0.8048780487804879', 1: '0.0', 2: '0.0', 3: '2.081383018504685', 4: 387.4902730993106} 
{0: '0.8095238095238095', 1: '0.0', 2: '0.0', 3: '1.958045020027179', 4: 391.4049580062746} 
{0: '0.813953488372093', 1: '0.0', 2: '0.0', 3: '1.842015749320195', 4: 392.59575821080114} 
{0: '0.8181818181818182', 1: '0.0', 2: '0.0', 3: '1.7328621078878674', 4: 391.92970667284254} 
{0: '0.8222222222222222', 1: '0.0', 2: '0.0', 3: '1.6301766616608926', 4: 390.4861058492287} 
{0: '0.8260869565217391', 1: '0.0', 2: '0.0', 3: '1.5335761201812925', 4: 382.7058460734718} 
{0: '0.8085106382978723', 1: '0.0', 2: '0.0', 3: '1.5335761201812925', 4: 392.4367392827463} 
{0: '0.8125', 1: '0.0', 2: '0.0', 3: '1.6301766616608926', 4: 397.05798676067116} 
{0: '0.8163265306122449', 1: '0.0', 2: '0.0', 3: '1.7328621078878674', 4: 390.0118541161225} 
{0: '0.82', 1: '0.0', 2: '0.0', 3: '1.842015749320195', 4: 393.4554626023413} 
{0: '0.8235294117647058', 1: '0.0', 2: '0.0', 3: '1.958045020027179', 4: 384.33554343228434} 
{0: '0.8269230769230769', 1: '0.0', 2: '0.0', 3: '2.081383018504685', 4: 392.5087174348105} 
{0: '0.8113207547169812', 1: '0.0', 2: '0.0', 3: '2.081383018504685', 4: 389.439860804885} 
{0: '0.7962962962962963', 1: '0.0', 2: '0.0', 3: '2.081383018504685', 4: 393.1545380570692} 
{0: '0.8', 1: '0.0', 2: '0.0', 3: '2.212490124287102', 4: 391.6204375989522} 
{0: '0.7857142857142857', 1: '0.0', 2: '0.0', 3: '2.212490124287102', 4: 384.3623203893962} 
{0: '0.7894736842105263', 1: '0.0', 2: '0.0', 3: '2.081383018504685', 4: 404.1471625557838} 
{0: '0.7931034482758621', 1: '0.0', 2: '0.0', 3: '1.958045020027179', 4: 389.0055182179541} 
{0: '0.7966101694915254', 1: '0.0', 2: '0.0', 3: '1.842015749320195', 4: 384.66981136528597} 
{0: '0.8', 1: '0.0', 2: '0.0', 3: '1.7328621078878674', 4: 380.6910103691988} 
{0: '0.7868852459016393', 1: '0.0', 2: '0.0', 3: '1.7328621078878674', 4: 393.84082017177474} 
{0: '0.7903225806451613', 1: '0.0', 2: '0.0', 3: '1.842015749320195', 4: 387.40025726908294} 
{0: '0.7936507936507936', 1: '0.0', 2: '0.0', 3: '1.958045020027179', 4: 386.94789065037133} 
{0: '0.796875', 1: '0.0', 2: '0.0', 3: '2.081383018504685', 4: 396.6739184626889} 
{0: '0.8', 1: '0.0', 2: '0.0', 3: '2.212490124287102', 4: 392.7971804314832} 
{0: '0.803030303030303', 1: '0.0', 2: '0.0', 3: '2.351855716390306', 4: 393.0351687291865} 
{0: '0.8059701492537313', 1: '0.0', 2: '0.0', 3: '2.500000000000003', 4: 395.33719597696086} 
{0: '0.7941176470588235', 1: '0.0', 2: '0.0', 3: '2.500000000000003', 4: 394.8826622318497} 
{0: '0.7971014492753623', 1: '0.0', 2: '0.0', 3: '2.351855716390306', 4: 387.6986081801318} 
{0: '0.8', 1: '0.0', 2: '0.0', 3: '2.212490124287102', 4: 389.4622372838903} 
{0: '0.8028169014084507', 1: '0.0', 2: '0.0', 3: '2.081383018504685', 4: 377.3809612755856} 
{0: '0.8055555555555556', 1: '0.0', 2: '0.0', 3: '1.958045020027179', 4: 383.22551991379424} 
{0: '0.8082191780821918', 1: '0.0', 2: '0.0', 3: '1.842015749320195', 4: 390.9264714939593} 
{0: '0.7972972972972973', 1: '0.0', 2: '0.0', 3: '1.842015749320195', 4: 384.19094405429394} 
{0: '0.8', 1: '0.0', 2: '0.0', 3: '1.958045020027179', 4: 390.4553898606992} 
{0: '0.7894736842105263', 1: '0.0', 2: '0.0', 3: '1.958045020027179', 4: 392.4153090201905} 
{0: '0.7922077922077922', 1: '0.0', 2: '0.0', 3: '1.842015749320195', 4: 387.34300155420874} 
{0: '0.782051282051282', 1: '0.0', 2: '0.0', 3: '1.842015749320195', 4: 394.481294513299} 
{0: '0.7848101265822784', 1: '0.0', 2: '0.0', 3: '1.958045020027179', 4: 385.9994713225257} 
{0: '0.7875', 1: '0.0', 2: '0.0', 3: '2.081383018504685', 4: 391.5266302268605} 
{0: '0.7901234567901234', 1: '0.0', 2: '0.0', 3: '2.212490124287102', 4: 391.81891047005547} 
{0: '0.7804878048780488', 1: '0.0', 2: '0.0', 3: '2.212490124287102', 4: 400.1063626805986} 
{0: '0.7831325301204819', 1: '0.0', 2: '0.0', 3: '2.081383018504685', 4: 398.81142626512843} 
{0: '0.7857142857142857', 1: '0.0', 2: '0.0', 3: '1.958045020027179', 4: 393.43968853320246} 
{0: '0.788235294117647', 1: '0.0', 2: '0.0', 3: '1.842015749320195', 4: 386.04472520602536} 
{0: '0.7906976744186046', 1: '0.0', 2: '0.0', 3: '1.7328621078878674', 4: 381.6281813594366} 
{0: '0.7816091954022989', 1: '0.0', 2: '0.0', 3: '1.7328621078878674', 4: 388.19023527171123} 
{0: '0.7840909090909091', 1: '0.0', 2: '0.0', 3: '1.842015749320195', 4: 381.593178042028} 
{0: '0.7752808988764045', 1: '0.0', 2: '0.0', 3: '1.842015749320195', 4: 392.10163588754716} 
{0: '0.7666666666666667', 1: '0.0', 2: '0.0', 3: '1.842015749320195', 4: 384.420036297485} 
{0: '0.7692307692307693', 1: '0.0', 2: '0.0', 3: '1.958045020027179', 4: 403.2635160961248} 
{0: '0.7717391304347826', 1: '0.0', 2: '0.0', 3: '2.081383018504685', 4: 401.47048300407744} 
{0: '0.7741935483870968', 1: '0.0', 2: '0.0', 3: '2.212490124287102', 4: 394.12654998091364} 
{0: '0.776595744680851', 1: '0.0', 2: '0.0', 3: '2.351855716390306', 4: 388.5370519643562} 
{0: '0.7789473684210526', 1: '0.0', 2: '0.0', 3: '2.500000000000003', 4: 392.0997282913012} 
{0: '0.7708333333333334', 1: '0.0', 2: '0.0', 3: '2.500000000000003', 4: 384.2173437578463} 
{0: '0.7731958762886598', 1: '0.0', 2: '0.0', 3: '2.351855716390306', 4: 392.663767661291} 
{0: '0.7755102040816326', 1: '0.0', 2: '0.0', 3: '2.212490124287102', 4: 407.05004276594764} 
{0: '0.7676767676767676', 1: '0.0', 2: '0.0', 3: '2.212490124287102', 4: 393.1176033831198} 
{0: '0.77', 1: '0.0', 2: '0.0', 3: '2.351855716390306', 4: 399.7061839952495} 
{0: '0.7722772277227723', 1: '0.0', 2: '0.0', 3: '2.500000000000003', 4: 395.41766800011607} 
{0: '0.7647058823529411', 1: '0.0', 2: '0.0', 3: '2.500000000000003', 4: 390.28449630426763} 
{0: '0.7669902912621359', 1: '0.0', 2: '0.0', 3: '2.351855716390306', 4: 386.8343696952432} 
{0: '0.7692307692307693', 1: '0.0', 2: '0.0', 3: '2.212490124287102', 4: 383.28927964649415} 
{0: '0.7714285714285715', 1: '0.0', 2: '0.0', 3: '2.081383018504685', 4: 391.24420808864124} 
{0: '0.7735849056603774', 1: '0.0', 2: '0.0', 3: '1.958045020027179', 4: 381.84303262766036} 
{0: '0.7757009345794392', 1: '0.0', 2: '0.0', 3: '1.842015749320195', 4: 380.13818211765636} 
{0: '0.7685185185185185', 1: '0.0', 2: '0.0', 3: '1.842015749320195', 4: 423.15038363696345} 
{0: '0.7706422018348624', 1: '0.0', 2: '0.0', 3: '1.958045020027179', 4: 398.86973365067087} 
{0: '0.7727272727272727', 1: '0.0', 2: '0.0', 3: '2.081383018504685', 4: 394.9355150566659} 
{0: '0.7747747747747747', 1: '0.0', 2: '0.0', 3: '2.212490124287102', 4: 391.05355324061964} 
{0: '0.7767857142857143', 1: '0.0', 2: '0.0', 3: '2.351855716390306', 4: 393.8218826690037} 
{0: '0.7787610619469026', 1: '0.0', 2: '0.0', 3: '2.500000000000003', 4: 398.9654592857813} 
{0: '0.7719298245614035', 1: '0.0', 2: '0.0', 3: '2.500000000000003', 4: 387.09047501582734} 
{0: '0.7739130434782608', 1: '0.0', 2: '0.0', 3: '2.351855716390306', 4: 392.81800718895147} 
{0: '0.7758620689655172', 1: '0.0', 2: '0.0', 3: '2.212490124287102', 4: 395.65615005418704} 
{0: '0.7777777777777778', 1: '0.0', 2: '0.0', 3: '2.081383018504685', 4: 391.860358156349} 
{0: '0.7796610169491526', 1: '0.0', 2: '0.0', 3: '1.958045020027179', 4: 391.2964943266709} 
{0: '0.7815126050420168', 1: '0.0', 2: '0.0', 3: '1.842015749320195', 4: 389.80176351459517} 
{0: '0.775', 1: '0.0', 2: '0.0', 3: '1.842015749320195', 4: 386.7899621802251} 
{0: '0.7768595041322314', 1: '0.0', 2: '0.0', 3: '1.958045020027179', 4: 387.41994993201274} 
{0: '0.7786885245901639', 1: '0.0', 2: '0.0', 3: '2.081383018504685', 4: 400.9872709926034} 
{0: '0.7804878048780488', 1: '0.0', 2: '0.0', 3: '2.212490124287102', 4: 393.29224905292926} 
{0: '0.7741935483870968', 1: '0.0', 2: '0.0', 3: '2.212490124287102', 4: 393.9234429090161} 
{0: '0.768', 1: '0.0', 2: '0.0', 3: '2.212490124287102', 4: 389.03208075492154} 
{0: '0.7619047619047619', 1: '0.0', 2: '0.0', 3: '2.212490124287102', 4: 386.32681538639054} 
{0: '0.7637795275590551', 1: '0.0', 2: '0.0', 3: '2.081383018504685', 4: 392.5188803405198} 
{0: '0.765625', 1: '0.0', 2: '0.0', 3: '1.958045020027179', 4: 384.31381719357967} 
{0: '0.7674418604651163', 1: '0.0', 2: '0.0', 3: '1.842015749320195', 4: 389.70245081607436} 
{0: '0.7692307692307693', 1: '0.0', 2: '0.0', 3: '1.7328621078878674', 4: 389.0364180651032} 
{0: '0.7709923664122137', 1: '0.0', 2: '0.0', 3: '1.6301766616608926', 4: 381.9026271102738} 
{0: '0.7727272727272727', 1: '0.0', 2: '0.0', 3: '1.5335761201812925', 4: 388.3119932933869} 
{0: '0.7669172932330827', 1: '0.0', 2: '0.0', 3: '1.5335761201812925', 4: 388.1228044696792} 
{0: '0.7686567164179104', 1: '0.0', 2: '0.0', 3: '1.6301766616608926', 4: 382.57257320256963} 
{0: '0.7703703703703704', 1: '0.0', 2: '0.0', 3: '1.7328621078878674', 4: 396.4822843416955} 
{0: '0.7720588235294118', 1: '0.0', 2: '0.0', 3: '1.842015749320195', 4: 385.6554900866675} 
{0: '0.7737226277372263', 1: '0.0', 2: '0.0', 3: '1.958045020027179', 4: 394.27841998491755} 
{0: '0.7753623188405797', 1: '0.0', 2: '0.0', 3: '2.081383018504685', 4: 388.5448947493484} 
{0: '0.7769784172661871', 1: '0.0', 2: '0.0', 3: '2.212490124287102', 4: 403.6337358901679} 
{0: '0.7785714285714286', 1: '0.0', 2: '0.0', 3: '2.351855716390306', 4: 380.8315480260221} 
{0: '0.7730496453900709', 1: '0.0', 2: '0.0', 3: '2.351855716390306', 4: 400.51708696899493} 
{0: '0.7746478873239436', 1: '0.0', 2: '0.0', 3: '2.212490124287102', 4: 412.0221487822895} 
{0: '0.7692307692307693', 1: '0.0', 2: '0.0', 3: '2.212490124287102', 4: 390.41789636745557} 
{0: '0.7708333333333334', 1: '0.0', 2: '0.0', 3: '2.351855716390306', 4: 393.54280010367387} 
{0: '0.7724137931034483', 1: '0.0', 2: '0.0', 3: '2.500000000000003', 4: 396.4549500221256} 
{0: '0.7671232876712328', 1: '0.0', 2: '0.0', 3: '2.500000000000003', 4: 357.2929038379365} 
{0: '0.7687074829931972', 1: '0.0', 2: '0.0', 3: '2.351855716390306', 4: 352.845962986423} 
{0: '0.7702702702702703', 1: '0.0', 2: '0.0', 3: '2.212490124287102', 4: 352.40996369382464} 
{0: '0.7718120805369127', 1: '0.0', 2: '0.0', 3: '2.081383018504685', 4: 360.7352489952616} 
{0: '0.7733333333333333', 1: '0.0', 2: '0.0', 3: '1.958045020027179', 4: 359.5106808470716} 
{0: '0.7748344370860927', 1: '0.0', 2: '0.0', 3: '1.842015749320195', 4: 348.16376048476457} 
{0: '0.7763157894736842', 1: '0.0', 2: '0.0', 3: '1.7328621078878674', 4: 353.93760594531665} 
{0: '0.7777777777777778', 1: '0.0', 2: '0.0', 3: '1.6301766616608926', 4: 350.6508140951148} 
{0: '0.7792207792207793', 1: '0.0', 2: '0.0', 3: '1.5335761201812925', 4: 358.3737450657794} 
{0: '0.7741935483870968', 1: '0.0', 2: '0.0', 3: '1.5335761201812925', 4: 337.3832038094503} 
{0: '0.7756410256410257', 1: '0.0', 2: '0.0', 3: '1.6301766616608926', 4: 337.56962779675746} 
{0: '0.7770700636942676', 1: '0.0', 2: '0.0', 3: '1.7328621078878674', 4: 340.3054378857063} 
{0: '0.7721518987341772', 1: '0.0', 2: '0.0', 3: '1.7328621078878674', 4: 338.9257786918516} 
{0: '0.7735849056603774', 1: '0.0', 2: '0.0', 3: '1.6301766616608926', 4: 336.39815179979666} 
{0: '0.775', 1: '0.0', 2: '0.0', 3: '1.5335761201812925', 4: 340.627524526513} 
{0: '0.7763975155279503', 1: '0.0', 2: '0.0', 3: '1.4426999059072143', 4: 337.6365347864513} 
{0: '0.7777777777777778', 1: '0.0', 2: '0.0', 3: '1.3572088082974538', 4: 334.0348710966132} 
{0: '0.7791411042944786', 1: '0.0', 2: '0.0', 3: '1.2767837176518553', 4: 331.03227306245003} 
{0: '0.7804878048780488', 1: '0.0', 2: '0.0', 3: '1.2011244339814315', 4: 342.2275705556678} 
{0: '0.7757575757575758', 1: '0.0', 2: '0.0', 3: '1.2011244339814315', 4: 335.6654354185352} 
{0: '0.7710843373493976', 1: '0.0', 2: '0.0', 3: '1.2011244339814315', 4: 341.8635744564081} 
{0: '0.7724550898203593', 1: '0.0', 2: '0.0', 3: '1.1299485464621188', 4: 329.8851221223947} 
{0: '0.7678571428571429', 1: '0.0', 2: '0.0', 3: '1.1299485464621188', 4: 337.64292442277963} 
{0: '0.7692307692307693', 1: '0.0', 2: '0.0', 3: '1.2011244339814315', 4: 339.78513212316824} 
{0: '0.7705882352941177', 1: '0.0', 2: '0.0', 3: '1.2767837176518553', 4: 338.21509639278975} 
{0: '0.7719298245614035', 1: '0.0', 2: '0.0', 3: '1.3572088082974538', 4: 338.6728277284237} 
{0: '0.7674418604651163', 1: '0.0', 2: '0.0', 3: '1.3572088082974538', 4: 332.1368132667784} 
{0: '0.7687861271676301', 1: '0.0', 2: '0.0', 3: '1.2767837176518553', 4: 337.17073052601035} 
{0: '0.764367816091954', 1: '0.0', 2: '0.0', 3: '1.2767837176518553', 4: 332.09646397640137} 
{0: '0.7657142857142857', 1: '0.0', 2: '0.0', 3: '1.3572088082974538', 4: 333.65447155892673} 
{0: '0.7613636363636364', 1: '0.0', 2: '0.0', 3: '1.3572088082974538', 4: 331.26598391060816} 
{0: '0.7627118644067796', 1: '0.0', 2: '0.0', 3: '1.2767837176518553', 4: 341.55815925305285} 
{0: '0.7584269662921348', 1: '0.0', 2: '0.0', 3: '1.2767837176518553', 4: 335.4171532167731} 
{0: '0.7597765363128491', 1: '0.0', 2: '0.0', 3: '1.3572088082974538', 4: 332.553542574191} 
{0: '0.7555555555555555', 1: '0.0', 2: '0.0', 3: '1.3572088082974538', 4: 331.5305659460075} 
{0: '0.7569060773480663', 1: '0.0', 2: '0.0', 3: '1.2767837176518553', 4: 343.8404956560917} 
{0: '0.7582417582417582', 1: '0.0', 2: '0.0', 3: '1.2011244339814315', 4: 336.784858885441} 
{0: '0.7595628415300546', 1: '0.0', 2: '0.0', 3: '1.1299485464621188', 4: 336.2241631164736} 
{0: '0.7554347826086957', 1: '0.0', 2: '0.0', 3: '1.1299485464621188', 4: 336.02143889158754} 
{0: '0.7567567567567568', 1: '0.0', 2: '0.0', 3: '1.2011244339814315', 4: 337.25736167005994} 
{0: '0.7580645161290323', 1: '0.0', 2: '0.0', 3: '1.2767837176518553', 4: 331.5299028126009} 
{0: '0.7540106951871658', 1: '0.0', 2: '0.0', 3: '1.2767837176518553', 4: 332.4430570747567} 
{0: '0.7553191489361702', 1: '0.0', 2: '0.0', 3: '1.2011244339814315', 4: 334.1821542551582} 
{0: '0.7513227513227513', 1: '0.0', 2: '0.0', 3: '1.2011244339814315', 4: 330.14768151811404} 
{0: '0.7473684210526316', 1: '0.0', 2: '0.0', 3: '1.2011244339814315', 4: 331.53562609333346} 
{0: '0.7486910994764397', 1: '0.0', 2: '0.0', 3: '1.1299485464621188', 4: 333.7401613042276} 
{0: '0.7447916666666666', 1: '0.0', 2: '0.0', 3: '1.1299485464621188', 4: 337.35321058073094} 
{0: '0.7461139896373057', 1: '0.0', 2: '0.0', 3: '1.2011244339814315', 4: 336.25548462919426} 
{0: '0.7474226804123711', 1: '0.0', 2: '0.0', 3: '1.2767837176518553', 4: 332.06332493792496} 
{0: '0.7487179487179487', 1: '0.0', 2: '0.0', 3: '1.3572088082974538', 4: 329.8476206507512} 
{0: '0.7448979591836735', 1: '0.0', 2: '0.0', 3: '1.3572088082974538', 4: 336.70988499357156} 
{0: '0.7461928934010152', 1: '0.0', 2: '0.0', 3: '1.2767837176518553', 4: 335.42827905954107} 
{0: '0.7474747474747475', 1: '0.0', 2: '0.0', 3: '1.2011244339814315', 4: 335.180679929408} 
{0: '0.7437185929648241', 1: '0.0', 2: '0.0', 3: '1.2011244339814315', 4: 344.90086421251056} 
{0: '0.745', 1: '0.0', 2: '0.0', 3: '1.2767837176518553', 4: 335.7248716141692} 
{0: '0.746268656716418', 1: '0.0', 2: '0.0', 3: '1.3572088082974538', 4: 336.5054584813795} 
{0: '0.7475247524752475', 1: '0.0', 2: '0.0', 3: '1.4426999059072143', 4: 332.8105488032294} 
{0: '0.7487684729064039', 1: '0.0', 2: '0.0', 3: '1.5335761201812925', 4: 335.83729345837725} 
{0: '0.7450980392156863', 1: '0.0', 2: '0.0', 3: '1.5335761201812925', 4: 341.12805194812404} 
{0: '0.7463414634146341', 1: '0.0', 2: '0.0', 3: '1.4426999059072143', 4: 336.3461142089635} 
{0: '0.7475728155339806', 1: '0.0', 2: '0.0', 3: '1.3572088082974538', 4: 332.6153867158516} 
{0: '0.748792270531401', 1: '0.0', 2: '0.0', 3: '1.2767837176518553', 4: 331.51294005298274} 
{0: '0.75', 1: '0.0', 2: '0.0', 3: '1.2011244339814315', 4: 333.2610597331774} 
{0: '0.7511961722488039', 1: '0.0', 2: '0.0', 3: '1.1299485464621188', 4: 334.1712576005164} 
{0: '0.7476190476190476', 1: '0.0', 2: '0.0', 3: '1.1299485464621188', 4: 332.947235548813} 
{0: '0.7488151658767772', 1: '0.0', 2: '0.0', 3: '1.2011244339814315', 4: 344.52048147064585} 
{0: '0.75', 1: '0.0', 2: '0.0', 3: '1.2767837176518553', 4: 334.90066012794125} 
{0: '0.7511737089201878', 1: '0.0', 2: '0.0', 3: '1.3572088082974538', 4: 335.17572573463485} 
{0: '0.7523364485981309', 1: '0.0', 2: '0.0', 3: '1.4426999059072143', 4: 339.41165109465715} 
{0: '0.7534883720930232', 1: '0.0', 2: '0.0', 3: '1.5335761201812925', 4: 333.5216384346362} 
{0: '0.75', 1: '0.0', 2: '0.0', 3: '1.5335761201812925', 4: 329.66085957026115} 
{0: '0.7511520737327189', 1: '0.0', 2: '0.0', 3: '1.4426999059072143', 4: 337.49591960746744} 
{0: '0.7522935779816514', 1: '0.0', 2: '0.0', 3: '1.3572088082974538', 4: 336.8318547169139} 
{0: '0.7534246575342466', 1: '0.0', 2: '0.0', 3: '1.2767837176518553', 4: 337.43945497610974} 
{0: '0.7545454545454545', 1: '0.0', 2: '0.0', 3: '1.2011244339814315', 4: 334.0038123615902} 
{0: '0.751131221719457', 1: '0.0', 2: '0.0', 3: '1.2011244339814315', 4: 335.25590401836416} 
{0: '0.7477477477477478', 1: '0.0', 2: '0.0', 3: '1.2011244339814315', 4: 335.63974959658725} 
{0: '0.7443946188340808', 1: '0.0', 2: '0.0', 3: '1.2011244339814315', 4: 336.30855069048425} 
{0: '0.7455357142857143', 1: '0.0', 2: '0.0', 3: '1.2767837176518553', 4: 336.9971927250742} 
{0: '0.7466666666666667', 1: '0.0', 2: '0.0', 3: '1.3572088082974538', 4: 327.089322712262} 
{0: '0.7433628318584071', 1: '0.0', 2: '0.0', 3: '1.3572088082974538', 4: 335.91712401711663} 
{0: '0.7444933920704846', 1: '0.0', 2: '0.0', 3: '1.2767837176518553', 4: 338.61975552648664} 
{0: '0.7412280701754386', 1: '0.0', 2: '0.0', 3: '1.2767837176518553', 4: 334.6295666552675} 
{0: '0.74235807860262', 1: '0.0', 2: '0.0', 3: '1.3572088082974538', 4: 335.0375622022499} 
{0: '0.7391304347826086', 1: '0.0', 2: '0.0', 3: '1.3572088082974538', 4: 339.2761633548692} 
{0: '0.7402597402597403', 1: '0.0', 2: '0.0', 3: '1.2767837176518553', 4: 331.0149511066476} 
{0: '0.7413793103448276', 1: '0.0', 2: '0.0', 3: '1.2011244339814315', 4: 337.05355672126535} 
{0: '0.7424892703862661', 1: '0.0', 2: '0.0', 3: '1.1299485464621188', 4: 333.1664824253339} 
{0: '0.7393162393162394', 1: '0.0', 2: '0.0', 3: '1.1299485464621188', 4: 342.895670082329} 
{0: '0.7404255319148936', 1: '0.0', 2: '0.0', 3: '1.2011244339814315', 4: 337.53258918613136} 
{0: '0.7415254237288136', 1: '0.0', 2: '0.0', 3: '1.2767837176518553', 4: 335.44945166587956} 
{0: '0.7426160337552743', 1: '0.0', 2: '0.0', 3: '1.3572088082974538', 4: 331.45393040559753} 
{0: '0.7394957983193278', 1: '0.0', 2: '0.0', 3: '1.3572088082974538', 4: 332.2180810616197} 
{0: '0.7405857740585774', 1: '0.0', 2: '0.0', 3: '1.2767837176518553', 4: 333.13792988173105} 
{0: '0.7416666666666667', 1: '0.0', 2: '0.0', 3: '1.2011244339814315', 4: 330.8442369900782} 
{0: '0.7385892116182573', 1: '0.0', 2: '0.0', 3: '1.2011244339814315', 4: 337.3476775711822} 
{0: '0.7396694214876033', 1: '0.0', 2: '0.0', 3: '1.2767837176518553', 4: 338.1693247945063} 
{0: '0.7366255144032922', 1: '0.0', 2: '0.0', 3: '1.2767837176518553', 4: 340.77158003084287} 
{0: '0.7336065573770492', 1: '0.0', 2: '0.0', 3: '1.2767837176518553', 4: 330.16141484776347} 
{0: '0.7306122448979592', 1: '0.0', 2: '0.0', 3: '1.2767837176518553', 4: 329.98317428153496} 
{0: '0.7317073170731707', 1: '0.0', 2: '0.0', 3: '1.2011244339814315', 4: 331.3473178758723} 
{0: '0.728744939271255', 1: '0.0', 2: '0.0', 3: '1.2011244339814315', 4: 336.4802098874676} 
{0: '0.7258064516129032', 1: '0.0', 2: '0.0', 3: '1.2011244339814315', 4: 338.1417879419848} 
{0: '0.7269076305220884', 1: '0.0', 2: '0.0', 3: '1.1299485464621188', 4: 333.83341432102844} 
{0: '0.724', 1: '0.0', 2: '0.0', 3: '1.1299485464621188', 4: 337.27030095898147} 
{0: '0.7250996015936255', 1: '0.0', 2: '0.0', 3: '1.2011244339814315', 4: 333.6400018736375} 
{0: '0.7261904761904762', 1: '0.0', 2: '0.0', 3: '1.2767837176518553', 4: 330.41304952770037} 
{0: '0.7233201581027668', 1: '0.0', 2: '0.0', 3: '1.2767837176518553', 4: 328.29297179935736} 
{0: '0.7244094488188977', 1: '0.0', 2: '0.0', 3: '1.2011244339814315', 4: 333.6211547227348} 
{0: '0.7254901960784313', 1: '0.0', 2: '0.0', 3: '1.1299485464621188', 4: 332.89695341348744} 
{0: '0.72265625', 1: '0.0', 2: '0.0', 3: '1.1299485464621188', 4: 340.6228078545051} 
{0: '0.7237354085603113', 1: '0.0', 2: '0.0', 3: '1.2011244339814315', 4: 344.37078914834865} 
{0: '0.7248062015503876', 1: '0.0', 2: '0.0', 3: '1.2767837176518553', 4: 340.81297080713017} 
{0: '0.7258687258687259', 1: '0.0', 2: '0.0', 3: '1.3572088082974538', 4: 337.2400943188879} 
{0: '0.7230769230769231', 1: '0.0', 2: '0.0', 3: '1.3572088082974538', 4: 338.37042773792206} 
{0: '0.7241379310344828', 1: '0.0', 2: '0.0', 3: '1.2767837176518553', 4: 336.9581508072843} 
{0: '0.7251908396946565', 1: '0.0', 2: '0.0', 3: '1.2011244339814315', 4: 330.1727085813869} 
{0: '0.7262357414448669', 1: '0.0', 2: '0.0', 3: '1.1299485464621188', 4: 336.04722395039045} 
{0: '0.7234848484848485', 1: '0.0', 2: '0.0', 3: '1.1299485464621188', 4: 339.03383771316766} 
{0: '0.7245283018867924', 1: '0.0', 2: '0.0', 3: '1.2011244339814315', 4: 343.2883716541851} 
{0: '0.7255639097744361', 1: '0.0', 2: '0.0', 3: '1.2767837176518553', 4: 333.6972286772907} 
{0: '0.7265917602996255', 1: '0.0', 2: '0.0', 3: '1.3572088082974538', 4: 339.5870140695489} 
{0: '0.7276119402985075', 1: '0.0', 2: '0.0', 3: '1.4426999059072143', 4: 336.1997482925921} 
{0: '0.7286245353159851', 1: '0.0', 2: '0.0', 3: '1.5335761201812925', 4: 333.63587454614446} 
{0: '0.725925925925926', 1: '0.0', 2: '0.0', 3: '1.5335761201812925', 4: 337.9204313706525} 
{0: '0.7269372693726938', 1: '0.0', 2: '0.0', 3: '1.4426999059072143', 4: 336.83352480503237} 
{0: '0.7279411764705882', 1: '0.0', 2: '0.0', 3: '1.3572088082974538', 4: 338.55354707905434} 
{0: '0.7289377289377289', 1: '0.0', 2: '0.0', 3: '1.2767837176518553', 4: 335.8820639129593} 
{0: '0.7299270072992701', 1: '0.0', 2: '0.0', 3: '1.2011244339814315', 4: 344.25980276541253} 
{0: '0.730909090909091', 1: '0.0', 2: '0.0', 3: '1.1299485464621188', 4: 334.0343110472706} 
{0: '0.7282608695652174', 1: '0.0', 2: '0.0', 3: '1.1299485464621188', 4: 333.2521054092781} 
{0: '0.7256317689530686', 1: '0.0', 2: '0.0', 3: '1.1299485464621188', 4: 333.98823325520397} 
{0: '0.7230215827338129', 1: '0.0', 2: '0.0', 3: '1.1299485464621188', 4: 334.6967188006636} 
{0: '0.7240143369175627', 1: '0.0', 2: '0.0', 3: '1.2011244339814315', 4: 337.33981871358986} 
{0: '0.7214285714285714', 1: '0.0', 2: '0.0', 3: '1.2011244339814315', 4: 341.2877920467953} 
{0: '0.7188612099644128', 1: '0.0', 2: '0.0', 3: '1.2011244339814315', 4: 333.72805408208484} 
{0: '0.7198581560283688', 1: '0.0', 2: '0.0', 3: '1.2767837176518553', 4: 332.82220096153213} 
{0: '0.7173144876325088', 1: '0.0', 2: '0.0', 3: '1.2767837176518553', 4: 337.4798050246348} 
{0: '0.7183098591549296', 1: '0.0', 2: '0.0', 3: '1.2011244339814315', 4: 341.2618267318338} 
{0: '0.7192982456140351', 1: '0.0', 2: '0.0', 3: '1.1299485464621188', 4: 342.1948394527277} 
{0: '0.7167832167832168', 1: '0.0', 2: '0.0', 3: '1.1299485464621188', 4: 337.5115324866517} 
{0: '0.7177700348432056', 1: '0.0', 2: '0.0', 3: '1.2011244339814315', 4: 334.70882588663864} 
{0: '0.71875', 1: '0.0', 2: '0.0', 3: '1.2767837176518553', 4: 343.1535239687183} 
{0: '0.7197231833910035', 1: '0.0', 2: '0.0', 3: '1.3572088082974538', 4: 341.3467538501581} 
{0: '0.7206896551724138', 1: '0.0', 2: '0.0', 3: '1.4426999059072143', 4: 346.08265091469093} 
{0: '0.7216494845360825', 1: '0.0', 2: '0.0', 3: '1.5335761201812925', 4: 340.09814868776726} 
{0: '0.7226027397260274', 1: '0.0', 2: '0.0', 3: '1.6301766616608926', 4: 334.23650948755477} 
{0: '0.7201365187713311', 1: '0.0', 2: '0.0', 3: '1.6301766616608926', 4: 345.46643779718744} 
{0: '0.717687074829932', 1: '0.0', 2: '0.0', 3: '1.6301766616608926', 4: 347.13978483830726} 
{0: '0.7186440677966102', 1: '0.0', 2: '0.0', 3: '1.7328621078878674', 4: 343.3830171940197} 
{0: '0.7162162162162162', 1: '0.0', 2: '0.0', 3: '1.7328621078878674', 4: 346.9739914101111} 
{0: '0.7171717171717171', 1: '0.0', 2: '0.0', 3: '1.6301766616608926', 4: 333.5439482542562} 
{0: '0.7181208053691275', 1: '0.0', 2: '0.0', 3: '1.5335761201812925', 4: 332.18325192207857} 
{0: '0.7190635451505016', 1: '0.0', 2: '0.0', 3: '1.4426999059072143', 4: 337.6997407006175} 
{0: '0.72', 1: '0.0', 2: '0.0', 3: '1.3572088082974538', 4: 337.63627388268844} 
{0: '0.7209302325581395', 1: '0.0', 2: '0.0', 3: '1.2767837176518553', 4: 332.47472046578497} 
{0: '0.7218543046357616', 1: '0.0', 2: '0.0', 3: '1.2011244339814315', 4: 333.0655589417394} 
{0: '0.7227722772277227', 1: '0.0', 2: '0.0', 3: '1.1299485464621188', 4: 337.5972178735031} 
{0: '0.7203947368421053', 1: '0.0', 2: '0.0', 3: '1.1299485464621188', 4: 337.81671122570384} 
{0: '0.7213114754098361', 1: '0.0', 2: '0.0', 3: '1.2011244339814315', 4: 327.31861443995575} 
{0: '0.7222222222222222', 1: '0.0', 2: '0.0', 3: '1.2767837176518553', 4: 344.62256614474325} 
{0: '0.7231270358306189', 1: '0.0', 2: '0.0', 3: '1.3572088082974538', 4: 329.6629123223158} 
{0: '0.724025974025974', 1: '0.0', 2: '0.0', 3: '1.4426999059072143', 4: 335.5360713685076} 
{0: '0.7249190938511327', 1: '0.0', 2: '0.0', 3: '1.5335761201812925', 4: 343.0997582561045} 
{0: '0.7225806451612903', 1: '0.0', 2: '0.0', 3: '1.5335761201812925', 4: 334.3033173137145} 
{0: '0.7234726688102894', 1: '0.0', 2: '0.0', 3: '1.4426999059072143', 4: 345.9190610179245} 
{0: '0.7243589743589743', 1: '0.0', 2: '0.0', 3: '1.3572088082974538', 4: 339.58573686239373} 
{0: '0.7252396166134185', 1: '0.0', 2: '0.0', 3: '1.2767837176518553', 4: 338.73771518245417} 
{0: '0.7261146496815286', 1: '0.0', 2: '0.0', 3: '1.2011244339814315', 4: 338.1781778747016} 
{0: '0.7238095238095238', 1: '0.0', 2: '0.0', 3: '1.2011244339814315', 4: 337.7040910924888} 
{0: '0.7215189873417721', 1: '0.0', 2: '0.0', 3: '1.2011244339814315', 4: 338.53734783016677} 
{0: '0.7192429022082019', 1: '0.0', 2: '0.0', 3: '1.2011244339814315', 4: 335.009450495048} 
{0: '0.7169811320754716', 1: '0.0', 2: '0.0', 3: '1.2011244339814315', 4: 332.4934975002556} 
{0: '0.7178683385579937', 1: '0.0', 2: '0.0', 3: '1.1299485464621188', 4: 332.56950221979406} 
{0: '0.715625', 1: '0.0', 2: '0.0', 3: '1.1299485464621188', 4: 331.4857309212081} 
{0: '0.7133956386292835', 1: '0.0', 2: '0.0', 3: '1.1299485464621188', 4: 338.19565917448523} 
{0: '0.7111801242236024', 1: '0.0', 2: '0.0', 3: '1.1299485464621188', 4: 332.9958034688688} 
{0: '0.7120743034055728', 1: '0.0', 2: '0.0', 3: '1.2011244339814315', 4: 337.467681621478} 
{0: '0.7129629629629629', 1: '0.0', 2: '0.0', 3: '1.2767837176518553', 4: 336.8001889637996} 
{0: '0.7138461538461538', 1: '0.0', 2: '0.0', 3: '1.3572088082974538', 4: 336.1889571212079} 
{0: '0.7147239263803681', 1: '0.0', 2: '0.0', 3: '1.4426999059072143', 4: 339.6287850644181} 
{0: '0.7155963302752294', 1: '0.0', 2: '0.0', 3: '1.5335761201812925', 4: 334.9468081567503} 
{0: '0.7164634146341463', 1: '0.0', 2: '0.0', 3: '1.6301766616608926', 4: 332.3303908194532} 
{0: '0.7173252279635258', 1: '0.0', 2: '0.0', 3: '1.7328621078878674', 4: 337.6667250569382} 
{0: '0.7151515151515152', 1: '0.0', 2: '0.0', 3: '1.7328621078878674', 4: 338.2691444163239} 
{0: '0.716012084592145', 1: '0.0', 2: '0.0', 3: '1.6301766616608926', 4: 333.4129686602248} 
{0: '0.7168674698795181', 1: '0.0', 2: '0.0', 3: '1.5335761201812925', 4: 338.7284047817767} 
{0: '0.7177177177177178', 1: '0.0', 2: '0.0', 3: '1.4426999059072143', 4: 332.7426490842941} 
{0: '0.718562874251497', 1: '0.0', 2: '0.0', 3: '1.3572088082974538', 4: 329.94628298533735} 
{0: '0.7194029850746269', 1: '0.0', 2: '0.0', 3: '1.2767837176518553', 4: 330.49319071625354} 
{0: '0.7202380952380952', 1: '0.0', 2: '0.0', 3: '1.2011244339814315', 4: 340.79616651467825} 
{0: '0.7210682492581603', 1: '0.0', 2: '0.0', 3: '1.1299485464621188', 4: 337.86477245971275} 
{0: '0.7189349112426036', 1: '0.0', 2: '0.0', 3: '1.1299485464621188', 4: 332.3457724208722} 
{0: '0.7197640117994101', 1: '0.0', 2: '0.0', 3: '1.2011244339814315', 4: 333.2593545930043} 
{0: '0.7205882352941176', 1: '0.0', 2: '0.0', 3: '1.2767837176518553', 4: 334.69853573491673} 
{0: '0.7214076246334311', 1: '0.0', 2: '0.0', 3: '1.3572088082974538', 4: 332.60913958912795} 
{0: '0.7192982456140351', 1: '0.0', 2: '0.0', 3: '1.3572088082974538', 4: 328.378981794493} 
{0: '0.7201166180758017', 1: '0.0', 2: '0.0', 3: '1.2767837176518553', 4: 343.45697433801877} 
{0: '0.7180232558139535', 1: '0.0', 2: '0.0', 3: '1.2767837176518553', 4: 330.73912797054254} 
{0: '0.7188405797101449', 1: '0.0', 2: '0.0', 3: '1.3572088082974538', 4: 340.60653193736255} 
{0: '0.7167630057803468', 1: '0.0', 2: '0.0', 3: '1.3572088082974538', 4: 343.2166808029135} 
{0: '0.7175792507204611', 1: '0.0', 2: '0.0', 3: '1.2767837176518553', 4: 334.35749479745664} 
{0: '0.7155172413793104', 1: '0.0', 2: '0.0', 3: '1.2767837176518553', 4: 336.2865759595193} 
{0: '0.7163323782234957', 1: '0.0', 2: '0.0', 3: '1.3572088082974538', 4: 331.92733844740036} 
{0: '0.7171428571428572', 1: '0.0', 2: '0.0', 3: '1.4426999059072143', 4: 335.67624290178065} 
{0: '0.717948717948718', 1: '0.0', 2: '0.0', 3: '1.5335761201812925', 4: 335.0542854902858} 
{0: '0.7159090909090909', 1: '0.0', 2: '0.0', 3: '1.5335761201812925', 4: 337.2061122488696} 
{0: '0.71671388101983', 1: '0.0', 2: '0.0', 3: '1.4426999059072143', 4: 337.1690869166323} 
{0: '0.7175141242937854', 1: '0.0', 2: '0.0', 3: '1.3572088082974538', 4: 343.14710795797384} 
{0: '0.7183098591549296', 1: '0.0', 2: '0.0', 3: '1.2767837176518553', 4: 339.01620503519956} 
{0: '0.7191011235955056', 1: '0.0', 2: '0.0', 3: '1.2011244339814315', 4: 334.28012674483307} 
{0: '0.7198879551820728', 1: '0.0', 2: '0.0', 3: '1.1299485464621188', 4: 335.4239357705849} 
{0: '0.7178770949720671', 1: '0.0', 2: '0.0', 3: '1.1299485464621188', 4: 336.2727376671387} 
{0: '0.7186629526462396', 1: '0.0', 2: '0.0', 3: '1.2011244339814315', 4: 337.64962062475996} 
{0: '0.7194444444444444', 1: '0.0', 2: '0.0', 3: '1.2767837176518553', 4: 336.82201648409796} 
{0: '0.7202216066481995', 1: '0.0', 2: '0.0', 3: '1.3572088082974538', 4: 332.7013221523976} 
{0: '0.7209944751381215', 1: '0.0', 2: '0.0', 3: '1.4426999059072143', 4: 336.6742673337511} 
{0: '0.71900826446281', 1: '0.0', 2: '0.0', 3: '1.4426999059072143', 4: 337.6658300779769} 
{0: '0.717032967032967', 1: '0.0', 2: '0.0', 3: '1.4426999059072143', 4: 340.29643414971537} 
{0: '0.7178082191780822', 1: '0.0', 2: '0.0', 3: '1.5335761201812925', 4: 336.9035131348546} 
{0: '0.7185792349726776', 1: '0.0', 2: '0.0', 3: '1.6301766616608926', 4: 332.2465352992268} 
{0: '0.7193460490463215', 1: '0.0', 2: '0.0', 3: '1.7328621078878674', 4: 340.5513656586994} 
{0: '0.717391304347826', 1: '0.0', 2: '0.0', 3: '1.7328621078878674', 4: 339.72264201243235} 
{0: '0.7181571815718157', 1: '0.0', 2: '0.0', 3: '1.6301766616608926', 4: 334.0674528527404} 
{0: '0.7189189189189189', 1: '0.0', 2: '0.0', 3: '1.5335761201812925', 4: 336.3535534651281} 
{0: '0.7196765498652291', 1: '0.0', 2: '0.0', 3: '1.4426999059072143', 4: 332.07469695912044} 
{0: '0.7204301075268817', 1: '0.0', 2: '0.0', 3: '1.3572088082974538', 4: 338.62850056460394} 
{0: '0.7211796246648794', 1: '0.0', 2: '0.0', 3: '1.2767837176518553', 4: 339.30365142049715} 
{0: '0.7219251336898396', 1: '0.0', 2: '0.0', 3: '1.2011244339814315', 4: 327.9999507176122} 
{0: '0.7226666666666667', 1: '0.0', 2: '0.0', 3: '1.1299485464621188', 4: 336.5793099635849} 
{0: '0.7207446808510638', 1: '0.0', 2: '0.0', 3: '1.1299485464621188', 4: 336.7122938897176} 
{0: '0.7214854111405835', 1: '0.0', 2: '0.0', 3: '1.2011244339814315', 4: 333.6880000992517} 
{0: '0.7195767195767195', 1: '0.0', 2: '0.0', 3: '1.2011244339814315', 4: 338.2351526810566} 
{0: '0.7203166226912929', 1: '0.0', 2: '0.0', 3: '1.1299485464621188', 4: 337.64536740728215} 
{0: '0.718421052631579', 1: '0.0', 2: '0.0', 3: '1.1299485464621188', 4: 334.4537604831925} 
{0: '0.7191601049868767', 1: '0.0', 2: '0.0', 3: '1.2011244339814315', 4: 336.9279441606295} 
{0: '0.7198952879581152', 1: '0.0', 2: '0.0', 3: '1.2767837176518553', 4: 338.09191019763864} 
{0: '0.720626631853786', 1: '0.0', 2: '0.0', 3: '1.3572088082974538', 4: 338.7261580025603} 
{0: '0.71875', 1: '0.0', 2: '0.0', 3: '1.3572088082974538', 4: 335.62748769729177} 
{0: '0.7194805194805195', 1: '0.0', 2: '0.0', 3: '1.2767837176518553', 4: 338.4550474458366} 
{0: '0.7176165803108808', 1: '0.0', 2: '0.0', 3: '1.2767837176518553', 4: 334.25981595129525} 
{0: '0.7183462532299741', 1: '0.0', 2: '0.0', 3: '1.3572088082974538', 4: 334.337139222905} 
{0: '0.7190721649484536', 1: '0.0', 2: '0.0', 3: '1.4426999059072143', 4: 334.9240123638018} 
{0: '0.7172236503856041', 1: '0.0', 2: '0.0', 3: '1.4426999059072143', 4: 336.1633136729508} 
{0: '0.717948717948718', 1: '0.0', 2: '0.0', 3: '1.3572088082974538', 4: 337.7693219947231} 
{0: '0.7186700767263428', 1: '0.0', 2: '0.0', 3: '1.2767837176518553', 4: 334.8428013313485} 
{0: '0.7168367346938775', 1: '0.0', 2: '0.0', 3: '1.2767837176518553', 4: 331.15507928153295} 
{0: '0.7175572519083969', 1: '0.0', 2: '0.0', 3: '1.3572088082974538', 4: 336.7793902650214} 
{0: '0.7182741116751269', 1: '0.0', 2: '0.0', 3: '1.4426999059072143', 4: 338.4053850181745} 
{0: '0.7164556962025317', 1: '0.0', 2: '0.0', 3: '1.4426999059072143', 4: 345.6613346649686} 
{0: '0.7171717171717171', 1: '0.0', 2: '0.0', 3: '1.3572088082974538', 4: 334.9482280639221} 
{0: '0.7178841309823678', 1: '0.0', 2: '0.0', 3: '1.2767837176518553', 4: 337.3711000325285} 
{0: '0.7185929648241206', 1: '0.0', 2: '0.0', 3: '1.2011244339814315', 4: 337.91517332799447} 
{0: '0.7167919799498746', 1: '0.0', 2: '0.0', 3: '1.2011244339814315', 4: 331.77828467330374} 
{0: '0.7175', 1: '0.0', 2: '0.0', 3: '1.2767837176518553', 4: 341.29951772250155} 
{0: '0.7182044887780549', 1: '0.0', 2: '0.0', 3: '1.3572088082974538', 4: 338.35263613782024} 
{0: '0.7189054726368159', 1: '0.0', 2: '0.0', 3: '1.4426999059072143', 4: 334.68247342834644} 
{0: '0.7196029776674938', 1: '0.0', 2: '0.0', 3: '1.5335761201812925', 4: 334.0571177668893} 
{0: '0.7178217821782178', 1: '0.0', 2: '0.0', 3: '1.5335761201812925', 4: 337.53309003186246} 
{0: '0.7185185185185186', 1: '0.0', 2: '0.0', 3: '1.4426999059072143', 4: 328.0000289964814} 
{0: '0.7192118226600985', 1: '0.0', 2: '0.0', 3: '1.3572088082974538', 4: 338.0738146747681} 
{0: '0.7199017199017199', 1: '0.0', 2: '0.0', 3: '1.2767837176518553', 4: 338.6627283923093} 
{0: '0.7205882352941176', 1: '0.0', 2: '0.0', 3: '1.2011244339814315', 4: 330.0703065931701} 
{0: '0.7212713936430318', 1: '0.0', 2: '0.0', 3: '1.1299485464621188', 4: 339.3852117358518} 
{0: '0.7195121951219512', 1: '0.0', 2: '0.0', 3: '1.1299485464621188', 4: 338.1250152537616} 
{0: '0.7201946472019465', 1: '0.0', 2: '0.0', 3: '1.2011244339814315', 4: 333.97467198520667} 
{0: '0.720873786407767', 1: '0.0', 2: '0.0', 3: '1.2767837176518553', 4: 334.04935675198266} 
{0: '0.7215496368038741', 1: '0.0', 2: '0.0', 3: '1.3572088082974538', 4: 335.67717404909104} 
{0: '0.7222222222222222', 1: '0.0', 2: '0.0', 3: '1.4426999059072143', 4: 332.78077702511223} 
{0: '0.7204819277108434', 1: '0.0', 2: '0.0', 3: '1.4426999059072143', 4: 336.1186778089945} 
{0: '0.7211538461538461', 1: '0.0', 2: '0.0', 3: '1.3572088082974538', 4: 333.55072777488084} 
{0: '0.7218225419664268', 1: '0.0', 2: '0.0', 3: '1.2767837176518553', 4: 332.74475261164207} 
{0: '0.722488038277512', 1: '0.0', 2: '0.0', 3: '1.2011244339814315', 4: 336.69482851350233} 
{0: '0.720763723150358', 1: '0.0', 2: '0.0', 3: '1.2011244339814315', 4: 339.78998070055883} 
{0: '0.7214285714285714', 1: '0.0', 2: '0.0', 3: '1.2767837176518553', 4: 337.6639591456286} 
{0: '0.7220902612826603', 1: '0.0', 2: '0.0', 3: '1.3572088082974538', 4: 328.2291646474563} 
{0: '0.7203791469194313', 1: '0.0', 2: '0.0', 3: '1.3572088082974538', 4: 338.4784002014085} 
{0: '0.7210401891252955', 1: '0.0', 2: '0.0', 3: '1.2767837176518553', 4: 336.9336507507556} 
{0: '0.7216981132075472', 1: '0.0', 2: '0.0', 3: '1.2011244339814315', 4: 339.3801915287887} 
{0: '0.72', 1: '0.0', 2: '0.0', 3: '1.2011244339814315', 4: 341.24539103262936} 
{0: '0.7206572769953051', 1: '0.0', 2: '0.0', 3: '1.2767837176518553', 4: 342.32249514631275} 
{0: '0.7213114754098361', 1: '0.0', 2: '0.0', 3: '1.3572088082974538', 4: 334.9599530344768} 
{0: '0.7219626168224299', 1: '0.0', 2: '0.0', 3: '1.4426999059072143', 4: 332.68273528716884} 
{0: '0.7202797202797203', 1: '0.0', 2: '0.0', 3: '1.4426999059072143', 4: 333.89587577167333} 
{0: '0.7209302325581395', 1: '0.0', 2: '0.0', 3: '1.3572088082974538', 4: 336.93366414430403} 
{0: '0.7215777262180975', 1: '0.0', 2: '0.0', 3: '1.2767837176518553', 4: 339.8301536935677} 
{0: '0.7222222222222222', 1: '0.0', 2: '0.0', 3: '1.2011244339814315', 4: 333.91143055734983} 
{0: '0.7205542725173211', 1: '0.0', 2: '0.0', 3: '1.2011244339814315', 4: 340.13034687838183} 
{0: '0.7211981566820277', 1: '0.0', 2: '0.0', 3: '1.2767837176518553', 4: 335.7459910120704} 
{0: '0.7218390804597701', 1: '0.0', 2: '0.0', 3: '1.3572088082974538', 4: 332.72762917411427} 
{0: '0.7224770642201835', 1: '0.0', 2: '0.0', 3: '1.4426999059072143', 4: 337.8327595437682} 
{0: '0.7231121281464531', 1: '0.0', 2: '0.0', 3: '1.5335761201812925', 4: 339.99558369195853} 
{0: '0.723744292237443', 1: '0.0', 2: '0.0', 3: '1.6301766616608926', 4: 341.8912975033838} 
{0: '0.7220956719817767', 1: '0.0', 2: '0.0', 3: '1.6301766616608926', 4: 337.48079601374485} 
{0: '0.7227272727272728', 1: '0.0', 2: '0.0', 3: '1.5335761201812925', 4: 337.25873000325333} 
{0: '0.7233560090702947', 1: '0.0', 2: '0.0', 3: '1.4426999059072143', 4: 328.8216764128113} 
{0: '0.7239819004524887', 1: '0.0', 2: '0.0', 3: '1.3572088082974538', 4: 334.41660633616107} 
{0: '0.7246049661399548', 1: '0.0', 2: '0.0', 3: '1.2767837176518553', 4: 340.55030073981453} 
{0: '0.722972972972973', 1: '0.0', 2: '0.0', 3: '1.2767837176518553', 4: 345.75485401263404} 
{0: '0.7235955056179775', 1: '0.0', 2: '0.0', 3: '1.3572088082974538', 4: 336.6526531322154} 
{0: '0.7242152466367713', 1: '0.0', 2: '0.0', 3: '1.4426999059072143', 4: 343.1339077883044} 
{0: '0.7248322147651006', 1: '0.0', 2: '0.0', 3: '1.5335761201812925', 4: 335.13162594163697} 
{0: '0.7254464285714286', 1: '0.0', 2: '0.0', 3: '1.6301766616608926', 4: 336.96831656507834} 
{0: '0.7238307349665924', 1: '0.0', 2: '0.0', 3: '1.6301766616608926', 4: 330.416152373798} 
{0: '0.7244444444444444', 1: '0.0', 2: '0.0', 3: '1.5335761201812925', 4: 333.9952266527497} 
{0: '0.7250554323725056', 1: '0.0', 2: '0.0', 3: '1.4426999059072143', 4: 330.9566441433079} 
{0: '0.7256637168141593', 1: '0.0', 2: '0.0', 3: '1.3572088082974538', 4: 331.13776146117726} 
{0: '0.7262693156732892', 1: '0.0', 2: '0.0', 3: '1.2767837176518553', 4: 335.8180500722599} 
{0: '0.724669603524229', 1: '0.0', 2: '0.0', 3: '1.2767837176518553', 4: 337.42909043843787} 
{0: '0.7252747252747253', 1: '0.0', 2: '0.0', 3: '1.3572088082974538', 4: 353.02766561150577} 
{0: '0.7258771929824561', 1: '0.0', 2: '0.0', 3: '1.4426999059072143', 4: 340.42662896355} 
{0: '0.7242888402625821', 1: '0.0', 2: '0.0', 3: '1.4426999059072143', 4: 334.4287739291322} 
{0: '0.7248908296943232', 1: '0.0', 2: '0.0', 3: '1.3572088082974538', 4: 336.5383075398872} 
{0: '0.7254901960784313', 1: '0.0', 2: '0.0', 3: '1.2767837176518553', 4: 335.8026587621449} 
{0: '0.7260869565217392', 1: '0.0', 2: '0.0', 3: '1.2011244339814315', 4: 333.7296285838675} 
{0: '0.7266811279826464', 1: '0.0', 2: '0.0', 3: '1.1299485464621188', 4: 337.09709219742405} 
{0: '0.7251082251082251', 1: '0.0', 2: '0.0', 3: '1.1299485464621188', 4: 329.5869353382766} 
{0: '0.7257019438444925', 1: '0.0', 2: '0.0', 3: '1.2011244339814315', 4: 337.7590396102598} 
{0: '0.7262931034482759', 1: '0.0', 2: '0.0', 3: '1.2767837176518553', 4: 339.89523504795176} 
{0: '0.7268817204301076', 1: '0.0', 2: '0.0', 3: '1.3572088082974538', 4: 335.3567908363521} 
{0: '0.7253218884120172', 1: '0.0', 2: '0.0', 3: '1.3572088082974538', 4: 340.9816616511929} 
{0: '0.7237687366167024', 1: '0.0', 2: '0.0', 3: '1.3572088082974538', 4: 333.6033592268058} 
{0: '0.7243589743589743', 1: '0.0', 2: '0.0', 3: '1.4426999059072143', 4: 335.3623483012472} 
{0: '0.7249466950959488', 1: '0.0', 2: '0.0', 3: '1.5335761201812925', 4: 333.1394102321076} 
{0: '0.723404255319149', 1: '0.0', 2: '0.0', 3: '1.5335761201812925', 4: 346.45076164088647} 
{0: '0.7239915074309978', 1: '0.0', 2: '0.0', 3: '1.4426999059072143', 4: 336.728965074673} 
{0: '0.7245762711864406', 1: '0.0', 2: '0.0', 3: '1.3572088082974538', 4: 341.6067411667397} 
{0: '0.7251585623678647', 1: '0.0', 2: '0.0', 3: '1.2767837176518553', 4: 332.72432465659125} 
{0: '0.7236286919831224', 1: '0.0', 2: '0.0', 3: '1.2767837176518553', 4: 336.02299475601103} 
{0: '0.7242105263157895', 1: '0.0', 2: '0.0', 3: '1.3572088082974538', 4: 329.97291965001904} 
{0: '0.7247899159663865', 1: '0.0', 2: '0.0', 3: '1.4426999059072143', 4: 335.4983624831896} 
{0: '0.7232704402515723', 1: '0.0', 2: '0.0', 3: '1.4426999059072143', 4: 338.54150117409887} 
{0: '0.7238493723849372', 1: '0.0', 2: '0.0', 3: '1.3572088082974538', 4: 334.6502462093474} 
{0: '0.7244258872651357', 1: '0.0', 2: '0.0', 3: '1.2767837176518553', 4: 338.7263552585439} 
{0: '0.725', 1: '0.0', 2: '0.0', 3: '1.2011244339814315', 4: 333.6114218488235} 
{0: '0.7234927234927235', 1: '0.0', 2: '0.0', 3: '1.2011244339814315', 4: 339.4709297976878} 
{0: '0.7240663900414938', 1: '0.0', 2: '0.0', 3: '1.2767837176518553', 4: 331.7101791907899} 
{0: '0.7246376811594203', 1: '0.0', 2: '0.0', 3: '1.3572088082974538', 4: 330.3187956768892} 
{0: '0.7231404958677686', 1: '0.0', 2: '0.0', 3: '1.3572088082974538', 4: 330.8814054835205} 
{0: '0.7237113402061855', 1: '0.0', 2: '0.0', 3: '1.2767837176518553', 4: 329.34961956532095} 
{0: '0.7222222222222222', 1: '0.0', 2: '0.0', 3: '1.2767837176518553', 4: 339.1135313900447} 
{0: '0.7207392197125256', 1: '0.0', 2: '0.0', 3: '1.2767837176518553', 4: 339.5462417155156} 
{0: '0.7192622950819673', 1: '0.0', 2: '0.0', 3: '1.2767837176518553', 4: 339.00537027821923} 
{0: '0.7198364008179959', 1: '0.0', 2: '0.0', 3: '1.3572088082974538', 4: 337.70714656100904} 
{0: '0.7204081632653061', 1: '0.0', 2: '0.0', 3: '1.4426999059072143', 4: 340.57003732492456} 
{0: '0.7209775967413442', 1: '0.0', 2: '0.0', 3: '1.5335761201812925', 4: 338.1762022329345} 
{0: '0.7195121951219512', 1: '0.0', 2: '0.0', 3: '1.5335761201812925', 4: 335.1298193393483} 
{0: '0.7200811359026369', 1: '0.0', 2: '0.0', 3: '1.4426999059072143', 4: 332.6677368577027} 
{0: '0.7206477732793523', 1: '0.0', 2: '0.0', 3: '1.3572088082974538', 4: 336.0856646889626} 
{0: '0.7212121212121212', 1: '0.0', 2: '0.0', 3: '1.2767837176518553', 4: 341.84106850748185} 
{0: '0.719758064516129', 1: '0.0', 2: '0.0', 3: '1.2767837176518553', 4: 335.1275367474585} 
{0: '0.7203219315895373', 1: '0.0', 2: '0.0', 3: '1.3572088082974538', 4: 335.1434258594483} 
{0: '0.7188755020080321', 1: '0.0', 2: '0.0', 3: '1.3572088082974538', 4: 337.7591350393194} 
{0: '0.7194388777555111', 1: '0.0', 2: '0.0', 3: '1.2767837176518553', 4: 334.71341490648854} 
