{'STAT2HEADER': 'STAT2HEADER', 'STAT2HEADER_ENVIRON': 'environ({\'OMPI_MCA_pmix\': \'^s1,s2,cray,isolated\', \'PMIX_MCA_mca_base_component_show_load_errors\': \'1\', \'OMPI_COMMAND\': \'python3\', \'OMPI_ARGV\': \'static_snapshot.py 3 1min\', \'OMPI_MCA_orte_precondition_transports\': \'d879c4123e7ae4c4-43192e5de8597c1d\', \'LD_LIBRARY_PATH\': \'/salilab/diva1/programs/x86_64linux/numpy-py36-1.19.5/lib:/salilab/diva1/home/libs/x86_64/centos8:/salilab/diva1/home/libs/x86_64:/salilab/diva1/home/imp/main/20240607-af6f9d6a95/lib/release8:/salilab/diva1/programs/x86_64linux/opencv-4.3.0/lib64/rhel:/salilab/diva1/programs/x86_64linux/opencv-4.3.0/lib64:/salilab/diva1/programs/x86_64linux/hdf5-1.10.7/lib:/salilab/diva1/programs/x86_64linux/libtau-py27-1.0.1/lib64:/salilab/diva1/programs/x86_64linux/boost-1.73.0/lib64:/usr/lib64/openmpi/lib:/wynton/group/sali/miha_rozic/Software/imp-develop/build/lib::\', \'IMP_TMP_DIR\': \'/wynton/group/sali/miha_rozic/Software/imp-develop/build/tmp\', \'PE_HOSTFILE\': \'/var/spool/sge/wynton/qb3-id329/active_jobs/709429.1/pe_hostfile\', \'__LMOD_REF_COUNT_PATH\': \'/salilab/diva1/programs/x86_64linux/numpy-py36-1.19.5/bin:1;/salilab/diva1/home/imp/main/20240607-af6f9d6a95/bin/release8:1;/salilab/diva1/programs/x86_64linux/opencv-4.3.0/bin:1;/salilab/diva1/programs/x86_64linux/hdf5-1.10.7/bin:1;/usr/lib64/openmpi/bin:1;/wynton/home/sali/rozicmiha/.local/bin:1;/wynton/home/sali/rozicmiha/bin:1;/wynton/group/sali/miha_rozic/Software/imp-develop/build/bin:1;/wynton/group/sali/miha_rozic/Software/imp-develop/build/module_bin/EMageFit:1;/wynton/group/sali/miha_rozic/Software/imp-develop/build/module_bin/algebra:1;/wynton/group/sali/miha_rozic/Software/imp-develop/build/module_bin/atom:1;/wynton/group/sali/miha_rozic/Software/imp-develop/build/module_bin/benchmark:1;/wynton/group/sali/miha_rozic/Software/imp-develop/build/module_bin/cgal:1;/wynton/group/sali/miha_rozic/Software/imp-develop/build/module_bin/cnmultifit:1;/wynton/group/sali/miha_rozic/Software/imp-develop/build/module_bin/container:1;/wynton/group/sali/miha_rozic/Software/imp-develop/build/module_bin/core:1;/wynton/group/sali/miha_rozic/Software/imp-develop/build/module_bin/display:1;/wynton/group/sali/miha_rozic/Software/imp-develop/build/module_bin/domino:1;/wynton/group/sali/miha_rozic/Software/imp-develop/build/module_bin/em:1;/wynton/group/sali/miha_rozic/Software/imp-develop/build/module_bin/em2d:1;/wynton/group/sali/miha_rozic/Software/imp-develop/build/module_bin/example:1;/wynton/group/sali/miha_rozic/Software/imp-develop/build/module_bin/foxs:1;/wynton/group/sali/miha_rozic/Software/imp-develop/build/module_bin/gsl:1;/wynton/group/sali/miha_rozic/Software/imp-develop/build/module_bin/integrative_docking:1;/wynton/group/sali/miha_rozic/Software/imp-develop/build/module_bin/isd:1;/wynton/group/sali/miha_rozic/Software/imp-develop/build/module_bin/kernel:1;/wynton/group/sali/miha_rozic/Software/imp-develop/build/module_bin/kinematics:1;/wynton/group/sali/miha_rozic/Software/imp-develop/build/module_bin/kmeans:1;/wynton/group/sali/miha_rozic/Software/imp-develop/build/module_bin/misc:1;/wynton/group/sali/miha_rozic/Software/imp-develop/build/module_bin/mmcif:1;/wynton/group/sali/miha_rozic/Software/imp-develop/build/module_bin/modeller:1;/wynton/group/sali/miha_rozic/Software/imp-develop/build/module_bin/mpi:1;/wynton/group/sali/miha_rozic/Software/imp-develop/build/module_bin/multi_state:1;/wynton/group/sali/miha_rozic/Software/imp-develop/build/module_bin/multifit:1;/wynton/group/sali/miha_rozic/Software/imp-develop/build/module_bin/npc:1;/wynton/group/sali/miha_rozic/Software/imp-develop/build/module_bin/npcassembly:1;/wynton/group/sali/miha_rozic/Software/imp-develop/build/module_bin/parallel:1;/wynton/group/sali/miha_rozic/Software/imp-develop/build/module_bin/pepdock:1;/wynton/group/sali/miha_rozic/Software/imp-develop/build/module_bin/pmi:1;/wynton/group/sali/miha_rozic/Software/imp-develop/build/module_bin/rmf:1;/wynton/group/sali/miha_rozic/Software/imp-develop/build/module_bin/rotamer:1;/wynton/group/sali/miha_rozic/Software/imp-develop/build/module_bin/saxs:1;/wynton/group/sali/miha_rozic/Software/imp-develop/build/module_bin/saxs_merge:1;/wynton/group/sali/miha_rozic/Software/imp-develop/build/module_bin/score_functor:1;/wynton/group/sali/miha_rozic/Software/imp-develop/build/module_bin/scratch:1;/wynton/group/sali/miha_rozic/Software/imp-develop/build/module_bin/spb:1;/wynton/group/sali/miha_rozic/Software/imp-develop/build/module_bin/statistics:1;/wynton/group/sali/miha_rozic/Software/imp-develop/build/module_bin/symmetry:1;/wynton/group/sali/miha_rozic/Software/imp-develop/build/module_bin/test:1;/opt/sge/bin:1;/opt/sge/bin/lx-amd64:1;/scratch/709429.1.member.q:1;/usr/local/bin:1;/bin:1;/usr/bin:1;/usr/local/sbin:1;/usr/sbin:1\', \'_ModuleTable002_\': \'fSwKc3RhY2tEZXB0aCA9IDEsCnN0YXR1cyA9ICJhY3RpdmUiLAp1c2VyTmFtZSA9ICJib29zdC8xLjczLjAiLAp3ViA9ICIwMDAwMDAwMDEuMDAwMDAwMDczLip6ZmluYWwiLAp9LApoZGY1ID0gewpmbiA9ICIvc2FsaWxhYi9kaXZhMS9ob21lL21vZHVsZXMvaGRmNS8xLjEwLjciLApmdWxsTmFtZSA9ICJoZGY1LzEuMTAuNyIsCmxvYWRPcmRlciA9IDUsCnByb3BUID0ge30sCnN0YWNrRGVwdGggPSAyLApzdGF0dXMgPSAiYWN0aXZlIiwKdXNlck5hbWUgPSAiaGRmNS8xLjEwLjciLAp3ViA9ICIwMDAwMDAwMDEuMDAwMDAwMDEwLjAwMDAwMDAwNy4qemZpbmFsIiwKfSwKaW1wID0gewpmbiA9ICIvc2FsaWxhYi9kaXZhMS9ob21lL21vZHVsZXMvaW1wLzIuMjEuMCIsCmZ1bGxO\', \'IMP_DIR\': \'/salilab/diva1/home/imp/main/20240607-af6f9d6a95/lib/release8/cmake/IMP\', \'QUEUE\': \'member.q\', \'GOTO_NUM_THREADS\': \'1\', \'MPI_PYTHON3_SITEARCH\': \'/usr/lib64/python3.6/site-packages/openmpi\', \'LANG\': \'en_US.UTF-8\', \'HISTCONTROL\': \'ignoredups\', \'_ModuleTable008_\': \'cyIsCmZ1bGxOYW1lID0gInNhbGktbGlicmFyaWVzIiwKbG9hZE9yZGVyID0gOCwKcHJvcFQgPSB7fSwKc3RhY2tEZXB0aCA9IDEsCnN0YXR1cyA9ICJhY3RpdmUiLAp1c2VyTmFtZSA9ICJzYWxpLWxpYnJhcmllcyIsCndWID0gIk0uKnpmaW5hbCIsCn0sCn0sCm1wYXRoQSA9IHsKIi9zYWxpbGFiL2RpdmExL2hvbWUvbW9kdWxlcyIsICIvZXRjL21vZHVsZWZpbGVzIiwgIi91c3Ivc2hhcmUvbW9kdWxlZmlsZXMiCiwgIi91c3Ivc2hhcmUvbW9kdWxlZmlsZXMvTGludXgiLCAiL3Vzci9zaGFyZS9tb2R1bGVmaWxlcy9Db3JlIiwgIi91c3Ivc2hhcmUvbG1vZC9sbW9kL21vZHVsZWZpbGVzL0NvcmUiLAp9LApzeXN0ZW1CYXNlTVBBVEggPSAiL2V0Yy9tb2R1bGVmaWxlczovdXNy\', \'SGE_O_HOST\': \'dev1\', \'HOSTNAME\': \'qb3-id329.wynton.ucsf.edu\', \'OPENBLAS_NUM_THREADS\': \'1\', \'__LMOD_REF_COUNT_CMAKE_INCLUDE_PATH\': \'/salilab/diva1/programs/x86_64linux/opencv-4.3.0/include/opencv4:1;/salilab/diva1/programs/x86_64linux/hdf5-1.10.7/include:1;/salilab/diva1/programs/x86_64linux/libtau-py27-1.0.1/include:1;/salilab/diva1/programs/x86_64linux/boost-1.73.0/include:1\', \'SGE_RSH_COMMAND\': \'builtin\', \'ENVIRONMENT\': \'BATCH\', \'IMP_DATA\': \'/wynton/group/sali/miha_rozic/Software/imp-develop/build/data\', \'REQUEST\': \'test1\', \'SGE_STDIN_PATH\': \'/dev/null\', \'SGE_CELL\': \'wynton\', \'_ModuleTable007_\': \'MjEuMyIsCndWID0gIjAwMDAwMDAwMC4wMDAwMDAwMjEuMDAwMDAwMDAzLip6ZmluYWwiLAp9LApbInB5dGhvbjMvc2NpcHkiXSA9IHsKZm4gPSAiL3NhbGlsYWIvZGl2YTEvaG9tZS9tb2R1bGVzL3B5dGhvbjMvc2NpcHkvMS4zLjIiLApmdWxsTmFtZSA9ICJweXRob24zL3NjaXB5LzEuMy4yIiwKbG9hZE9yZGVyID0gMTAsCnByb3BUID0ge30sCnN0YWNrRGVwdGggPSAxLApzdGF0dXMgPSAiYWN0aXZlIiwKdXNlck5hbWUgPSAicHl0aG9uMy9zY2lweS8xLjMuMiIsCndWID0gIjAwMDAwMDAwMS4wMDAwMDAwMDMuMDAwMDAwMDAyLip6ZmluYWwiLAp9LApbInNhbGktbGlicmFyaWVzIl0gPSB7CmZuID0gIi9zYWxpbGFiL2RpdmExL2hvbWUvbW9kdWxlcy9zYWxpLWxpYnJhcmll\', \'CMAKE_INCLUDE_PATH\': \'/salilab/diva1/programs/x86_64linux/opencv-4.3.0/include/opencv4:/salilab/diva1/programs/x86_64linux/hdf5-1.10.7/include:/salilab/diva1/programs/x86_64linux/libtau-py27-1.0.1/include:/salilab/diva1/programs/x86_64linux/boost-1.73.0/include\', \'__LMOD_REF_COUNT_LD_LIBRARY_PATH\': \'/salilab/diva1/programs/x86_64linux/numpy-py36-1.19.5/lib:1;/salilab/diva1/home/libs/x86_64/centos8:1;/salilab/diva1/home/libs/x86_64:1;/salilab/diva1/home/imp/main/20240607-af6f9d6a95/lib/release8:1;/salilab/diva1/programs/x86_64linux/opencv-4.3.0/lib64/rhel:1;/salilab/diva1/programs/x86_64linux/opencv-4.3.0/lib64:1;/salilab/diva1/programs/x86_64linux/hdf5-1.10.7/lib:1;/salilab/diva1/programs/x86_64linux/libtau-py27-1.0.1/lib64:1;/salilab/diva1/programs/x86_64linux/boost-1.73.0/lib64:1;/usr/lib64/openmpi/lib:1;/wynton/group/sali/miha_rozic/Software/imp-develop/build/lib:2;:1\', \'__LMOD_REF_COUNT_PKG_CONFIG_PATH\': \'/usr/lib64/openmpi/lib/pkgconfig:1\', \'_ModuleTable004_\': \'aGFyZS9tb2R1bGVmaWxlcy9tcGkvb3Blbm1waS14ODZfNjQiLApmdWxsTmFtZSA9ICJtcGkvb3Blbm1waS14ODZfNjQiLApsb2FkT3JkZXIgPSAyLApwcm9wVCA9IHt9LApzdGFja0RlcHRoID0gMCwKc3RhdHVzID0gImFjdGl2ZSIsCnVzZXJOYW1lID0gIm1waS9vcGVubXBpLXg4Nl82NCIsCndWID0gIipvcGVubXBpLip4LjAwMDAwMDA4Ni4qXy4wMDAwMDAwNjQuKnpmaW5hbCIsCn0sCm9wZW5jdiA9IHsKZm4gPSAiL3NhbGlsYWIvZGl2YTEvaG9tZS9tb2R1bGVzL29wZW5jdi80LjMuMCIsCmZ1bGxOYW1lID0gIm9wZW5jdi80LjMuMCIsCmxvYWRPcmRlciA9IDYsCnByb3BUID0ge30sCnN0YWNrRGVwdGggPSAxLApzdGF0dXMgPSAiYWN0aXZlIiwKdXNlck5hbWUgPSAib3Bl\', \'__LMOD_REF_COUNT_PYTHONPATH\': \'/salilab/diva1/programs/x86_64linux/scikit-py36-0.21.3/lib64/python3.6/site-packages:1;/salilab/diva1/programs/linux/joblib-0.17.0/lib/python3.6/site-packages:1;/salilab/diva1/programs/x86_64linux/scipy-py36-1.3.2/lib64/python3.6/site-packages:1;/salilab/diva1/programs/x86_64linux/numpy-py36-1.19.5/lib64/python3.6/site-packages:1;/salilab/diva1/home/imp/main/20240607-af6f9d6a95/lib/release8:1;/salilab/diva1/programs/x86_64linux/opencv-4.3.0/lib/python3.6/site-packages:1;/wynton/group/sali/miha_rozic/Software/imp-develop/build/lib:2;:1\', \'which_declare\': \'declare -f\', \'NHOSTS\': \'1\', \'SGE_O_WORKDIR\': \'/wynton/group/sali/miha_rozic/Input_information/SNAPSHOTS/central_directory/snapshot3_1min/run10\', \'USER\': \'rozicmiha\', \'SGE_TASK_ID\': \'undefined\', \'__LMOD_REF_COUNT_CMAKE_LIBRARY_PATH\': \'/salilab/diva1/programs/x86_64linux/opencv-4.3.0/lib64:1;/salilab/diva1/programs/x86_64linux/hdf5-1.10.7/lib:1;/salilab/diva1/programs/x86_64linux/libtau-py27-1.0.1/lib64:1;/salilab/diva1/programs/x86_64linux/boost-1.73.0/lib64:1\', \'SGE_TASK_FIRST\': \'undefined\', \'NSLOTS\': \'16\', \'__LMOD_REF_COUNT_MODULEPATH\': \'/salilab/diva1/home/modules:1;/etc/modulefiles:1;/usr/share/modulefiles:1;/usr/share/modulefiles/Linux:1;/usr/share/modulefiles/Core:1;/usr/share/lmod/lmod/modulefiles/Core:1\', \'PWD\': \'/wynton/group/sali/miha_rozic/Input_information/SNAPSHOTS/central_directory/snapshot3_1min/run10\', \'HOME\': \'/wynton/home/sali/rozicmiha\', \'NQUEUES\': \'1\', \'TMP\': \'/scratch/709429.1.member.q\', \'PE\': \'smp\', \'SGE_O_HOME\': \'/wynton/home/sali/rozicmiha\', \'LMOD_VERSION\': \'8.7.32\', \'JOB_NAME\': \'test1\', \'BASH_ENV\': \'/usr/share/lmod/lmod/init/bash\', \'MPI_FORTRAN_MOD_DIR\': \'/usr/lib64/gfortran/modules/openmpi\', \'SGE_TASK_LAST\': \'undefined\', \'MKL_NUM_THREADS\': \'1\', \'MPI_COMPILER\': \'openmpi-x86_64\', \'SGE_ACCOUNT\': \'sge\', \'SGE_ROOT\': \'/opt/sge\', \'MPI_SUFFIX\': \'_openmpi\', \'TMPDIR\': \'/scratch/709429.1.member.q\', \'RESTARTED\': \'0\', \'LMOD_sys\': \'Linux\', \'_ModuleTable001_\': \'X01vZHVsZVRhYmxlXyA9IHsKTVR2ZXJzaW9uID0gMywKY19yZWJ1aWxkVGltZSA9IGZhbHNlLApjX3Nob3J0VGltZSA9IGZhbHNlLApkZXB0aFQgPSB7fSwKZmFtaWx5ID0ge30sCm1UID0gewpTYWxpID0gewpmbiA9ICIvZXRjL21vZHVsZWZpbGVzL1NhbGkubHVhIiwKZnVsbE5hbWUgPSAiU2FsaSIsCmxvYWRPcmRlciA9IDEsCnByb3BUID0ge30sCnN0YWNrRGVwdGggPSAwLApzdGF0dXMgPSAiYWN0aXZlIiwKdXNlck5hbWUgPSAiU2FsaSIsCndWID0gIk0uKnpmaW5hbCIsCn0sCmJvb3N0ID0gewpmbiA9ICIvc2FsaWxhYi9kaXZhMS9ob21lL21vZHVsZXMvYm9vc3QvMS43My4wIiwKZnVsbE5hbWUgPSAiYm9vc3QvMS43My4wIiwKbG9hZE9yZGVyID0gMywKcHJvcFQgPSB7\', \'LOADEDMODULES\': \'Sali:mpi/openmpi-x86_64:boost/1.73.0:libtau/1.0.1:hdf5/1.10.7:opencv/4.3.0:imp/2.21.0:sali-libraries:python3/numpy/1.19.5:python3/scipy/1.3.2:python3/joblib/0.17.0:python3/scikit/0.21.3\', \'SGE_O_PATH\': \'/salilab/diva1/programs/x86_64linux/numpy-py36-1.19.5/bin:/salilab/diva1/home/imp/main/20240607-af6f9d6a95/bin/release8:/salilab/diva1/programs/x86_64linux/opencv-4.3.0/bin:/salilab/diva1/programs/x86_64linux/hdf5-1.10.7/bin:/wynton/home/sali/rozicmiha/.local/bin:/wynton/home/sali/rozicmiha/bin:/wynton/group/sali/miha_rozic/Software/imp-develop/build/bin:/wynton/group/sali/miha_rozic/Software/imp-develop/build/module_bin/EMageFit:/wynton/group/sali/miha_rozic/Software/imp-develop/build/module_bin/algebra:/wynton/group/sali/miha_rozic/Software/imp-develop/build/module_bin/atom:/wynton/group/sali/miha_rozic/Software/imp-develop/build/module_bin/benchmark:/wynton/group/sali/miha_rozic/Software/imp-develop/build/module_bin/cgal:/wynton/group/sali/miha_rozic/Software/imp-develop/build/module_bin/cnmultifit:/wynton/group/sali/miha_rozic/Software/imp-develop/build/module_bin/container:/wynton/group/sali/miha_rozic/Software/imp-develop/build/module_bin/core:/wynton/group/sali/miha_rozic/Software/imp-develop/build/module_bin/display:/wynton/group/sali/miha_rozic/Software/imp-develop/build/module_bin/domino:/wynton/group/sali/miha_rozic/Software/imp-develop/build/module_bin/em:/wynton/group/sali/miha_rozic/Software/imp-develop/build/module_bin/em2d:/wynton/group/sali/miha_rozic/Software/imp-develop/build/module_bin/example:/wynton/group/sali/miha_rozic/Software/imp-develop/build/module_bin/foxs:/wynton/group/sali/miha_rozic/Software/imp-develop/build/module_bin/gsl:/wynton/group/sali/miha_rozic/Software/imp-develop/build/module_bin/integrative_docking:/wynton/group/sali/miha_rozic/Software/imp-develop/build/module_bin/isd:/wynton/group/sali/miha_rozic/Software/imp-develop/build/module_bin/kernel:/wynton/group/sali/miha_rozic/Software/imp-develop/build/module_bin/kinematics:/wynton/group/sali/miha_rozic/Software/imp-develop/build/module_bin/kmeans:/wynton/group/sali/miha_rozic/Software/imp-develop/build/module_bin/misc:/wynton/group/sali/miha_rozic/Software/imp-develop/build/module_bin/mmcif:/wynton/group/sali/miha_rozic/Software/imp-develop/build/module_bin/modeller:/wynton/group/sali/miha_rozic/Software/imp-develop/build/module_bin/mpi:/wynton/group/sali/miha_rozic/Software/imp-develop/build/module_bin/multi_state:/wynton/group/sali/miha_rozic/Software/imp-develop/build/module_bin/multifit:/wynton/group/sali/miha_rozic/Software/imp-develop/build/module_bin/npc:/wynton/group/sali/miha_rozic/Software/imp-develop/build/module_bin/npcassembly:/wynton/group/sali/miha_rozic/Software/imp-develop/build/module_bin/parallel:/wynton/group/sali/miha_rozic/Software/imp-develop/build/module_bin/pepdock:/wynton/group/sali/miha_rozic/Software/imp-develop/build/module_bin/pmi:/wynton/group/sali/miha_rozic/Software/imp-develop/build/module_bin/rmf:/wynton/group/sali/miha_rozic/Software/imp-develop/build/module_bin/rotamer:/wynton/group/sali/miha_rozic/Software/imp-develop/build/module_bin/saxs:/wynton/group/sali/miha_rozic/Software/imp-develop/build/module_bin/saxs_merge:/wynton/group/sali/miha_rozic/Software/imp-develop/build/module_bin/score_functor:/wynton/group/sali/miha_rozic/Software/imp-develop/build/module_bin/scratch:/wynton/group/sali/miha_rozic/Software/imp-develop/build/module_bin/spb:/wynton/group/sali/miha_rozic/Software/imp-develop/build/module_bin/statistics:/wynton/group/sali/miha_rozic/Software/imp-develop/build/module_bin/symmetry:/wynton/group/sali/miha_rozic/Software/imp-develop/build/module_bin/test:/opt/sge/bin:/opt/sge/bin/lx-amd64:/usr/local/bin:/usr/bin:/usr/local/sbin:/usr/sbin\', \'SGE_O_SHELL\': \'/bin/bash\', \'_ModuleTable006_\': \'bWUgPSAicHl0aG9uMy9udW1weS8xLjE5LjUiLApsb2FkT3JkZXIgPSA5LApwcm9wVCA9IHt9LApzdGFja0RlcHRoID0gMiwKc3RhdHVzID0gImFjdGl2ZSIsCnVzZXJOYW1lID0gInB5dGhvbjMvbnVtcHkvMS4xOS41IiwKd1YgPSAiMDAwMDAwMDAxLjAwMDAwMDAxOS4wMDAwMDAwMDUuKnpmaW5hbCIsCn0sClsicHl0aG9uMy9zY2lraXQiXSA9IHsKZm4gPSAiL3NhbGlsYWIvZGl2YTEvaG9tZS9tb2R1bGVzL3B5dGhvbjMvc2Npa2l0LzAuMjEuMyIsCmZ1bGxOYW1lID0gInB5dGhvbjMvc2Npa2l0LzAuMjEuMyIsCmxvYWRPcmRlciA9IDEyLApwcm9wVCA9IHt9LApzdGFja0RlcHRoID0gMCwKc3RhdHVzID0gImFjdGl2ZSIsCnVzZXJOYW1lID0gInB5dGhvbjMvc2Npa2l0LzAu\', \'__LMOD_REF_COUNT_MANPATH\': \':2;/usr/share/man/openmpi-x86_64:1;/opt/sge/man:1;/usr/share/lmod/lmod/share/man:1\', \'MPI_INCLUDE\': \'/usr/include/openmpi-x86_64\', \'_ModuleTable003_\': \'YW1lID0gImltcC8yLjIxLjAiLApsb2FkT3JkZXIgPSA3LApwcm9wVCA9IHt9LApzdGFja0RlcHRoID0gMCwKc3RhdHVzID0gImFjdGl2ZSIsCnVzZXJOYW1lID0gImltcCIsCndWID0gIl4wMDAwMDAwMi4wMDAwMDAwMjEuKnpmaW5hbCIsCn0sCmxpYnRhdSA9IHsKZm4gPSAiL3NhbGlsYWIvZGl2YTEvaG9tZS9tb2R1bGVzL2xpYnRhdS8xLjAuMSIsCmZ1bGxOYW1lID0gImxpYnRhdS8xLjAuMSIsCmxvYWRPcmRlciA9IDQsCnByb3BUID0ge30sCnN0YWNrRGVwdGggPSAxLApzdGF0dXMgPSAiYWN0aXZlIiwKdXNlck5hbWUgPSAibGlidGF1LzEuMC4xIiwKd1YgPSAiMDAwMDAwMDAxLjAwMDAwMDAwMC4wMDAwMDAwMDEuKnpmaW5hbCIsCn0sCm1waSA9IHsKZm4gPSAiL3Vzci9z\', \'LMOD_ROOT\': \'/usr/share/lmod\', \'SYSTEMCTL_SKIP_REDIRECT\': \'\', \'MAIL\': \'/var/spool/mail/rozicmiha\', \'SGE_CWD_PATH\': \'/wynton/group/sali/miha_rozic/Input_information/SNAPSHOTS/central_directory/snapshot3_1min/run10\', \'MPI_HOME\': \'/usr/lib64/openmpi\', \'_ModuleTable009_\': \'L3NoYXJlL21vZHVsZWZpbGVzOi91c3Ivc2hhcmUvbW9kdWxlZmlsZXMvTGludXg6L3Vzci9zaGFyZS9tb2R1bGVmaWxlcy9Db3JlOi91c3Ivc2hhcmUvbG1vZC9sbW9kL21vZHVsZWZpbGVzL0NvcmUiLAp9Cg==\', \'SGE_TASK_STEPSIZE\': \'undefined\', \'SHELL\': \'/bin/bash\', \'TERM\': \'\', \'_ModuleTable_Sz_\': \'9\', \'SGE_JOB_SPOOL_DIR\': \'/var/spool/sge/wynton/qb3-id329/active_jobs/709429.1\', \'JOB_ID\': \'709429\', \'IMP_EXAMPLE_DATA\': \'/wynton/group/sali/miha_rozic/Software/imp-develop/build/doc/examples\', \'R_FUTURE_AVAILABLECORES_FALLBACK\': \'1\', \'JOB_SCRIPT\': \'/var/spool/sge/wynton/qb3-id329/job_scripts/709429\', \'SHLVL\': \'2\', \'SGE_O_LOGNAME\': \'rozicmiha\', \'SGE_O_MAIL\': \'/var/spool/mail/rozicmiha\', \'PYTHONPATH\': \'/salilab/diva1/programs/x86_64linux/scikit-py36-0.21.3/lib64/python3.6/site-packages:/salilab/diva1/programs/linux/joblib-0.17.0/lib/python3.6/site-packages:/salilab/diva1/programs/x86_64linux/scipy-py36-1.3.2/lib64/python3.6/site-packages:/salilab/diva1/programs/x86_64linux/numpy-py36-1.19.5/lib64/python3.6/site-packages:/salilab/diva1/home/imp/main/20240607-af6f9d6a95/lib/release8:/salilab/diva1/programs/x86_64linux/opencv-4.3.0/lib/python3.6/site-packages:/wynton/group/sali/miha_rozic/Software/imp-develop/build/lib::\', \'MANPATH\': \':/usr/share/man/openmpi-x86_64:/opt/sge/man:/usr/share/lmod/lmod/share/man\', \'MODULEPATH\': \'/salilab/diva1/home/modules:/etc/modulefiles:/usr/share/modulefiles:/usr/share/modulefiles/Linux:/usr/share/modulefiles/Core:/usr/share/lmod/lmod/modulefiles/Core\', \'MPI_SYSCONFIG\': \'/etc/openmpi-x86_64\', \'LOGNAME\': \'rozicmiha\', \'SYSTEMCTL_IGNORE_DEPENDENCIES\': \'\', \'MODULEPATH_ROOT\': \'/usr/share/modulefiles\', \'PATH\': \'/salilab/diva1/programs/x86_64linux/numpy-py36-1.19.5/bin:/salilab/diva1/home/imp/main/20240607-af6f9d6a95/bin/release8:/salilab/diva1/programs/x86_64linux/opencv-4.3.0/bin:/salilab/diva1/programs/x86_64linux/hdf5-1.10.7/bin:/usr/lib64/openmpi/bin:/wynton/home/sali/rozicmiha/.local/bin:/wynton/home/sali/rozicmiha/bin:/wynton/group/sali/miha_rozic/Software/imp-develop/build/bin:/wynton/group/sali/miha_rozic/Software/imp-develop/build/module_bin/EMageFit:/wynton/group/sali/miha_rozic/Software/imp-develop/build/module_bin/algebra:/wynton/group/sali/miha_rozic/Software/imp-develop/build/module_bin/atom:/wynton/group/sali/miha_rozic/Software/imp-develop/build/module_bin/benchmark:/wynton/group/sali/miha_rozic/Software/imp-develop/build/module_bin/cgal:/wynton/group/sali/miha_rozic/Software/imp-develop/build/module_bin/cnmultifit:/wynton/group/sali/miha_rozic/Software/imp-develop/build/module_bin/container:/wynton/group/sali/miha_rozic/Software/imp-develop/build/module_bin/core:/wynton/group/sali/miha_rozic/Software/imp-develop/build/module_bin/display:/wynton/group/sali/miha_rozic/Software/imp-develop/build/module_bin/domino:/wynton/group/sali/miha_rozic/Software/imp-develop/build/module_bin/em:/wynton/group/sali/miha_rozic/Software/imp-develop/build/module_bin/em2d:/wynton/group/sali/miha_rozic/Software/imp-develop/build/module_bin/example:/wynton/group/sali/miha_rozic/Software/imp-develop/build/module_bin/foxs:/wynton/group/sali/miha_rozic/Software/imp-develop/build/module_bin/gsl:/wynton/group/sali/miha_rozic/Software/imp-develop/build/module_bin/integrative_docking:/wynton/group/sali/miha_rozic/Software/imp-develop/build/module_bin/isd:/wynton/group/sali/miha_rozic/Software/imp-develop/build/module_bin/kernel:/wynton/group/sali/miha_rozic/Software/imp-develop/build/module_bin/kinematics:/wynton/group/sali/miha_rozic/Software/imp-develop/build/module_bin/kmeans:/wynton/group/sali/miha_rozic/Software/imp-develop/build/module_bin/misc:/wynton/group/sali/miha_rozic/Software/imp-develop/build/module_bin/mmcif:/wynton/group/sali/miha_rozic/Software/imp-develop/build/module_bin/modeller:/wynton/group/sali/miha_rozic/Software/imp-develop/build/module_bin/mpi:/wynton/group/sali/miha_rozic/Software/imp-develop/build/module_bin/multi_state:/wynton/group/sali/miha_rozic/Software/imp-develop/build/module_bin/multifit:/wynton/group/sali/miha_rozic/Software/imp-develop/build/module_bin/npc:/wynton/group/sali/miha_rozic/Software/imp-develop/build/module_bin/npcassembly:/wynton/group/sali/miha_rozic/Software/imp-develop/build/module_bin/parallel:/wynton/group/sali/miha_rozic/Software/imp-develop/build/module_bin/pepdock:/wynton/group/sali/miha_rozic/Software/imp-develop/build/module_bin/pmi:/wynton/group/sali/miha_rozic/Software/imp-develop/build/module_bin/rmf:/wynton/group/sali/miha_rozic/Software/imp-develop/build/module_bin/rotamer:/wynton/group/sali/miha_rozic/Software/imp-develop/build/module_bin/saxs:/wynton/group/sali/miha_rozic/Software/imp-develop/build/module_bin/saxs_merge:/wynton/group/sali/miha_rozic/Software/imp-develop/build/module_bin/score_functor:/wynton/group/sali/miha_rozic/Software/imp-develop/build/module_bin/scratch:/wynton/group/sali/miha_rozic/Software/imp-develop/build/module_bin/spb:/wynton/group/sali/miha_rozic/Software/imp-develop/build/module_bin/statistics:/wynton/group/sali/miha_rozic/Software/imp-develop/build/module_bin/symmetry:/wynton/group/sali/miha_rozic/Software/imp-develop/build/module_bin/test:/opt/sge/bin:/opt/sge/bin/lx-amd64:/scratch/709429.1.member.q:/usr/local/bin:/bin:/usr/bin:/usr/local/sbin:/usr/sbin\', \'MPI_BIN\': \'/usr/lib64/openmpi/bin\', \'SGE_STDERR_PATH\': \'/wynton/group/sali/miha_rozic/Input_information/SNAPSHOTS/central_directory/snapshot3_1min/run10/test1.o709429\', \'_LMFILES_\': \'/etc/modulefiles/Sali.lua:/usr/share/modulefiles/mpi/openmpi-x86_64:/salilab/diva1/home/modules/boost/1.73.0:/salilab/diva1/home/modules/libtau/1.0.1:/salilab/diva1/home/modules/hdf5/1.10.7:/salilab/diva1/home/modules/opencv/4.3.0:/salilab/diva1/home/modules/imp/2.21.0:/salilab/diva1/home/modules/sali-libraries:/salilab/diva1/home/modules/python3/numpy/1.19.5:/salilab/diva1/home/modules/python3/scipy/1.3.2:/salilab/diva1/home/modules/python3/joblib/0.17.0:/salilab/diva1/home/modules/python3/scikit/0.21.3\', \'DEBUGINFOD_URLS\': \'https://debuginfod.centos.org/ \', \'MODULESHOME\': \'/usr/share/lmod/lmod\', \'PKG_CONFIG_PATH\': \'/usr/lib64/openmpi/lib/pkgconfig\', \'LMOD_SETTARG_FULL_SUPPORT\': \'no\', \'HISTSIZE\': \'1000\', \'SGE_ARCH\': \'lx-amd64\', \'LMOD_PKG\': \'/usr/share/lmod/lmod\', \'CMAKE_LIBRARY_PATH\': \'/salilab/diva1/programs/x86_64linux/opencv-4.3.0/lib64:/salilab/diva1/programs/x86_64linux/hdf5-1.10.7/lib:/salilab/diva1/programs/x86_64linux/libtau-py27-1.0.1/lib64:/salilab/diva1/programs/x86_64linux/boost-1.73.0/lib64\', \'ARC\': \'lx-amd64\', \'MPI_LIB\': \'/usr/lib64/openmpi/lib\', \'SGE_BINARY_PATH\': \'/opt/sge/bin/lx-amd64\', \'SGE_STDOUT_PATH\': \'/wynton/group/sali/miha_rozic/Input_information/SNAPSHOTS/central_directory/snapshot3_1min/run10/test1.o709429\', \'_ModuleTable005_\': \'bmN2LzQuMy4wIiwKd1YgPSAiMDAwMDAwMDA0LjAwMDAwMDAwMy4qemZpbmFsIiwKfSwKWyJweXRob24zL2pvYmxpYiJdID0gewpmbiA9ICIvc2FsaWxhYi9kaXZhMS9ob21lL21vZHVsZXMvcHl0aG9uMy9qb2JsaWIvMC4xNy4wIiwKZnVsbE5hbWUgPSAicHl0aG9uMy9qb2JsaWIvMC4xNy4wIiwKbG9hZE9yZGVyID0gMTEsCnByb3BUID0ge30sCnN0YWNrRGVwdGggPSAxLApzdGF0dXMgPSAiYWN0aXZlIiwKdXNlck5hbWUgPSAicHl0aG9uMy9qb2JsaWIiLAp3ViA9ICIwMDAwMDAwMDAuMDAwMDAwMDE3Lip6ZmluYWwiLAp9LApbInB5dGhvbjMvbnVtcHkiXSA9IHsKZm4gPSAiL3NhbGlsYWIvZGl2YTEvaG9tZS9tb2R1bGVzL3B5dGhvbjMvbnVtcHkvMS4xOS41IiwKZnVsbE5h\', \'LMOD_CMD\': \'/usr/share/lmod/lmod/libexec/lmod\', \'REQNAME\': \'test1\', \'IMP_BIN_DIR\': \'/wynton/group/sali/miha_rozic/Software/imp-develop/build/bin\', \'MPI_MAN\': \'/usr/share/man/openmpi-x86_64\', \'LESSOPEN\': \'||/usr/bin/lesspipe.sh %s\', \'OMP_NUM_THREADS\': \'1\', \'SGE_CLUSTER_NAME\': \'wynton_cluster\', \'LMOD_DIR\': \'/usr/share/lmod/lmod/libexec\', \'BASH_FUNC_which%%\': \'() {  ( alias;\\n eval ${which_declare} ) | /usr/bin/which --tty-only --read-alias --read-functions --show-tilde --show-dot $@\\n}\', \'BASH_FUNC_module%%\': \'() {  if [ -z "${LMOD_SH_DBG_ON+x}" ]; then\\n case "$-" in \\n *v*x*)\\n __lmod_sh_dbg=\\\'vx\\\'\\n ;;\\n *v*)\\n __lmod_sh_dbg=\\\'v\\\'\\n ;;\\n *x*)\\n __lmod_sh_dbg=\\\'x\\\'\\n ;;\\n esac;\\n fi;\\n if [ -n "${__lmod_sh_dbg:-}" ]; then\\n set +$__lmod_sh_dbg;\\n echo "Shell debugging temporarily silenced: export LMOD_SH_DBG_ON=1 for Lmod\\\'s output" 1>&2;\\n fi;\\n eval "$($LMOD_CMD shell "$@")" && eval "$(${LMOD_SETTARG_CMD:-:} -s sh)";\\n __lmod_my_status=$?;\\n if [ -n "${__lmod_sh_dbg:-}" ]; then\\n echo "Shell debugging restarted" 1>&2;\\n set -$__lmod_sh_dbg;\\n fi;\\n unset __lmod_sh_dbg;\\n return $__lmod_my_status\\n}\', \'BASH_FUNC_ml%%\': \'() {  eval "$($LMOD_DIR/ml_cmd "$@")"\\n}\', \'_\': \'/usr/lib64/openmpi/bin/mpirun\', \'IPATH_NO_BACKTRACE\': \'1\', \'HFI_NO_BACKTRACE\': \'1\', \'OMPI_MCA_orte_local_daemon_uri\': \'3715563520.0;tcp://172.26.39.79:54951\', \'OMPI_MCA_orte_hnp_uri\': \'3715563520.0;tcp://172.26.39.79:54951\', \'OMPI_MCA_mpi_oversubscribe\': \'0\', \'OMPI_MCA_orte_app_num\': \'0\', \'OMPI_UNIVERSE_SIZE\': \'16\', \'OMPI_MCA_orte_num_nodes\': \'1\', \'OMPI_MCA_shmem_RUNTIME_QUERY_hint\': \'mmap\', \'OMPI_MCA_orte_bound_at_launch\': \'1\', \'OMPI_MCA_ess\': \'^singleton\', \'OMPI_MCA_orte_ess_num_procs\': \'16\', \'OMPI_COMM_WORLD_SIZE\': \'16\', \'OMPI_COMM_WORLD_LOCAL_SIZE\': \'16\', \'OMPI_MCA_orte_tmpdir_base\': \'/scratch/709429.1.member.q\', \'OMPI_MCA_orte_top_session_dir\': \'/scratch/709429.1.member.q/ompi.qb3-id329.11149\', \'OMPI_MCA_orte_jobfam_session_dir\': \'/scratch/709429.1.member.q/ompi.qb3-id329.11149/pid.2617123\', \'OMPI_NUM_APP_CTX\': \'1\', \'OMPI_FIRST_RANKS\': \'0\', \'OMPI_APP_CTX_NUM_PROCS\': \'16\', \'OMPI_MCA_initial_wdir\': \'/wynton/group/sali/miha_rozic/Input_information/SNAPSHOTS/central_directory/snapshot3_1min/run10\', \'OMPI_MCA_orte_launch\': \'1\', \'PMIX_NAMESPACE\': \'3715563521\', \'PMIX_RANK\': \'3\', \'PMIX_SERVER_URI2\': \'3715563520.0;tcp4://127.0.0.1:55797\', \'PMIX_SERVER_URI21\': \'3715563520.0;tcp4://127.0.0.1:55797\', \'PMIX_SECURITY_MODE\': \'native,none\', \'PMIX_PTL_MODULE\': \'tcp,usock\', \'PMIX_BFROP_BUFFER_TYPE\': \'PMIX_BFROP_BUFFER_NON_DESC\', \'PMIX_GDS_MODULE\': \'ds21,ds12,hash\', \'PMIX_SERVER_TMPDIR\': \'/scratch/709429.1.member.q/ompi.qb3-id329.11149/pid.2617123\', \'PMIX_SYSTEM_TMPDIR\': \'/scratch/709429.1.member.q\', \'PMIX_DSTORE_21_BASE_PATH\': \'/scratch/709429.1.member.q/ompi.qb3-id329.11149/pid.2617123/pmix_dstor_ds21_2617123\', \'PMIX_DSTORE_ESH_BASE_PATH\': \'/scratch/709429.1.member.q/ompi.qb3-id329.11149/pid.2617123/pmix_dstor_ds12_2617123\', \'OMPI_MCA_ess_base_jobid\': \'3715563521\', \'OMPI_MCA_ess_base_vpid\': \'3\', \'OMPI_COMM_WORLD_RANK\': \'3\', \'OMPI_COMM_WORLD_LOCAL_RANK\': \'3\', \'OMPI_COMM_WORLD_NODE_RANK\': \'3\', \'OMPI_MCA_orte_ess_node_rank\': \'3\', \'PMIX_ID\': \'3715563521.3\', \'OMPI_FILE_LOCATION\': \'/scratch/709429.1.member.q/ompi.qb3-id329.11149/pid.2617123/0/0\', \'KMP_DUPLICATE_LIB_OK\': \'True\', \'KMP_INIT_AT_FORK\': \'FALSE\'})', 'STAT2HEADER_IMP_VERSIONS': "{'IMP_VERSION': '2.21.0', 'PMI_VERSION': '2.21.0'}", 0: 'ReplicaExchange_SwapSuccessRatio', 1: 'ReplicaExchange_MinTempFrequency', 2: 'ReplicaExchange_MaxTempFrequency', 3: 'ReplicaExchange_CurrentTemp', 4: 'score'} 
{0: '0', 1: '0', 2: '0', 3: '1.2011244339814315', 4: inf} 
{0: '0.0', 1: '0.0', 2: '0.0', 3: '1.2011244339814315', 4: inf} 
{0: '0.0', 1: '0.0', 2: '0.0', 3: '1.2011244339814315', 4: inf} 
{0: '0.0', 1: '0.0', 2: '0.0', 3: '1.2011244339814315', 4: inf} 
{0: '0.0', 1: '0.0', 2: '0.0', 3: '1.2011244339814315', 4: inf} 
{0: '0.0', 1: '0.0', 2: '0.0', 3: '1.2011244339814315', 4: inf} 
{0: '0.0', 1: '0.0', 2: '0.0', 3: '1.2011244339814315', 4: inf} 
{0: '0.0', 1: '0.0', 2: '0.0', 3: '1.2011244339814315', 4: inf} 
{0: '0.0', 1: '0.0', 2: '0.0', 3: '1.2011244339814315', 4: inf} 
{0: '0.0', 1: '0.0', 2: '0.0', 3: '1.2011244339814315', 4: inf} 
{0: '0.0', 1: '0.0', 2: '0.0', 3: '1.2011244339814315', 4: inf} 
{0: '0.0', 1: '0.0', 2: '0.0', 3: '1.2011244339814315', 4: 1517.1964782057441} 
{0: '0.08333333333333333', 1: '0.0', 2: '0.0', 3: '1.2767837176518553', 4: 933.5912500756568} 
{0: '0.15384615384615385', 1: '0.0', 2: '0.0', 3: '1.3572088082974538', 4: 907.7187470426595} 
{0: '0.21428571428571427', 1: '0.0', 2: '0.0', 3: '1.4426999059072143', 4: 882.396671887584} 
{0: '0.26666666666666666', 1: '0.0', 2: '0.0', 3: '1.5335761201812925', 4: 875.2161854896381} 
{0: '0.3125', 1: '0.0', 2: '0.0', 3: '1.6301766616608926', 4: 863.2746086012797} 
{0: '0.35294117647058826', 1: '0.0', 2: '0.0', 3: '1.7328621078878674', 4: 818.8221008310593} 
{0: '0.3888888888888889', 1: '0.0', 2: '0.0', 3: '1.842015749320195', 4: 802.7582509398551} 
{0: '0.42105263157894735', 1: '0.0', 2: '0.0', 3: '1.958045020027179', 4: 787.434660266802} 
{0: '0.45', 1: '0.0', 2: '0.0', 3: '2.081383018504685', 4: 790.7914379451142} 
{0: '0.47619047619047616', 1: '0.0', 2: '0.0', 3: '2.212490124287102', 4: 770.9848426915055} 
{0: '0.5', 1: '0.0', 2: '0.0', 3: '2.351855716390306', 4: 701.4496717099469} 
{0: '0.5217391304347826', 1: '0.0', 2: '0.0', 3: '2.500000000000003', 4: 675.8168327331917} 
{0: '0.5', 1: '0.0', 2: '0.0', 3: '2.500000000000003', 4: 669.7322872006743} 
{0: '0.52', 1: '0.0', 2: '0.0', 3: '2.351855716390306', 4: 644.726372432681} 
{0: '0.5', 1: '0.0', 2: '0.0', 3: '2.351855716390306', 4: 653.1159884473137} 
{0: '0.5185185185185185', 1: '0.0', 2: '0.0', 3: '2.500000000000003', 4: 601.0733295650529} 
{0: '0.5', 1: '0.0', 2: '0.0', 3: '2.500000000000003', 4: 580.609145596076} 
{0: '0.5172413793103449', 1: '0.0', 2: '0.0', 3: '2.351855716390306', 4: 584.1856917123789} 
{0: '0.5', 1: '0.0', 2: '0.0', 3: '2.351855716390306', 4: 587.4385302066183} 
{0: '0.5161290322580645', 1: '0.0', 2: '0.0', 3: '2.500000000000003', 4: 563.5192448892279} 
{0: '0.5', 1: '0.0', 2: '0.0', 3: '2.500000000000003', 4: 567.3109021250214} 
{0: '0.5151515151515151', 1: '0.0', 2: '0.0', 3: '2.351855716390306', 4: 563.6856322946214} 
{0: '0.5294117647058824', 1: '0.0', 2: '0.0', 3: '2.212490124287102', 4: 557.1882031520258} 
{0: '0.5428571428571428', 1: '0.0', 2: '0.0', 3: '2.081383018504685', 4: 580.6870808505947} 
{0: '0.5277777777777778', 1: '0.0', 2: '0.0', 3: '2.081383018504685', 4: 561.9189275646568} 
{0: '0.5405405405405406', 1: '0.0', 2: '0.0', 3: '2.212490124287102', 4: 552.4278119883079} 
{0: '0.5526315789473685', 1: '0.0', 2: '0.0', 3: '2.351855716390306', 4: 549.188938056037} 
{0: '0.5384615384615384', 1: '0.0', 2: '0.0', 3: '2.351855716390306', 4: 580.2405658585493} 
{0: '0.55', 1: '0.0', 2: '0.0', 3: '2.212490124287102', 4: 556.7423936765106} 
{0: '0.5609756097560976', 1: '0.0', 2: '0.0', 3: '2.081383018504685', 4: 563.7714656116965} 
{0: '0.5714285714285714', 1: '0.0', 2: '0.0', 3: '1.958045020027179', 4: 553.7528818718678} 
{0: '0.5813953488372093', 1: '0.0', 2: '0.0', 3: '1.842015749320195', 4: 547.2775244085519} 
{0: '0.5909090909090909', 1: '0.0', 2: '0.0', 3: '1.7328621078878674', 4: 555.034213695365} 
{0: '0.6', 1: '0.0', 2: '0.0', 3: '1.6301766616608926', 4: 560.3276739462864} 
{0: '0.5869565217391305', 1: '0.0', 2: '0.0', 3: '1.6301766616608926', 4: 542.8425126524955} 
{0: '0.574468085106383', 1: '0.0', 2: '0.0', 3: '1.6301766616608926', 4: 537.7607308380224} 
{0: '0.5833333333333334', 1: '0.0', 2: '0.0', 3: '1.5335761201812925', 4: 523.748150619742} 
{0: '0.5918367346938775', 1: '0.0', 2: '0.0', 3: '1.4426999059072143', 4: 557.2650502673966} 
{0: '0.58', 1: '0.0', 2: '0.0', 3: '1.4426999059072143', 4: 527.0921403840576} 
{0: '0.5882352941176471', 1: '0.0', 2: '0.0', 3: '1.5335761201812925', 4: 543.133571060705} 
{0: '0.5961538461538461', 1: '0.0', 2: '0.0', 3: '1.6301766616608926', 4: 551.1526011500046} 
{0: '0.5849056603773585', 1: '0.0', 2: '0.0', 3: '1.6301766616608926', 4: 560.2380850993819} 
{0: '0.5740740740740741', 1: '0.0', 2: '0.0', 3: '1.6301766616608926', 4: 524.9530014707922} 
{0: '0.5636363636363636', 1: '0.0', 2: '0.0', 3: '1.6301766616608926', 4: 552.9434839893162} 
{0: '0.5714285714285714', 1: '0.0', 2: '0.0', 3: '1.5335761201812925', 4: 555.5675197488448} 
{0: '0.5614035087719298', 1: '0.0', 2: '0.0', 3: '1.5335761201812925', 4: 523.7796590272875} 
{0: '0.5689655172413793', 1: '0.0', 2: '0.0', 3: '1.6301766616608926', 4: 534.7312687258733} 
{0: '0.559322033898305', 1: '0.0', 2: '0.0', 3: '1.6301766616608926', 4: 539.5311300755201} 
{0: '0.5666666666666667', 1: '0.0', 2: '0.0', 3: '1.5335761201812925', 4: 531.3631060910966} 
{0: '0.5737704918032787', 1: '0.0', 2: '0.0', 3: '1.4426999059072143', 4: 550.1069450063891} 
{0: '0.5645161290322581', 1: '0.0', 2: '0.0', 3: '1.4426999059072143', 4: 539.3208384295453} 
{0: '0.5555555555555556', 1: '0.0', 2: '0.0', 3: '1.4426999059072143', 4: 517.6448985043043} 
{0: '0.546875', 1: '0.0', 2: '0.0', 3: '1.4426999059072143', 4: 529.8342099986054} 
{0: '0.5384615384615384', 1: '0.0', 2: '0.0', 3: '1.4426999059072143', 4: 540.8213214465957} 
{0: '0.5303030303030303', 1: '0.0', 2: '0.0', 3: '1.4426999059072143', 4: 530.87876521979} 
{0: '0.5223880597014925', 1: '0.0', 2: '0.0', 3: '1.4426999059072143', 4: 519.9216488213426} 
{0: '0.5294117647058824', 1: '0.0', 2: '0.0', 3: '1.3572088082974538', 4: 539.5205182197254} 
{0: '0.5362318840579711', 1: '0.0', 2: '0.0', 3: '1.2767837176518553', 4: 513.310180516326} 
{0: '0.5285714285714286', 1: '0.0', 2: '0.0', 3: '1.2767837176518553', 4: 525.538333241912} 
{0: '0.5352112676056338', 1: '0.0', 2: '0.0', 3: '1.3572088082974538', 4: 517.5384272636205} 
{0: '0.5416666666666666', 1: '0.0', 2: '0.0', 3: '1.4426999059072143', 4: 528.5158646397132} 
{0: '0.5342465753424658', 1: '0.0', 2: '0.0', 3: '1.4426999059072143', 4: 532.4803822060021} 
{0: '0.5405405405405406', 1: '0.0', 2: '0.0', 3: '1.3572088082974538', 4: 526.345215214154} 
{0: '0.5333333333333333', 1: '0.0', 2: '0.0', 3: '1.3572088082974538', 4: 533.6385589131527} 
{0: '0.5394736842105263', 1: '0.0', 2: '0.0', 3: '1.4426999059072143', 4: 532.3888112022286} 
{0: '0.5454545454545454', 1: '0.0', 2: '0.0', 3: '1.5335761201812925', 4: 526.9963408626962} 
{0: '0.5384615384615384', 1: '0.0', 2: '0.0', 3: '1.5335761201812925', 4: 534.3206536434312} 
{0: '0.5443037974683544', 1: '0.0', 2: '0.0', 3: '1.4426999059072143', 4: 532.6037154541897} 
{0: '0.5375', 1: '0.0', 2: '0.0', 3: '1.4426999059072143', 4: 531.3124876408855} 
{0: '0.5308641975308642', 1: '0.0', 2: '0.0', 3: '1.4426999059072143', 4: 524.0793378190496} 
{0: '0.524390243902439', 1: '0.0', 2: '0.0', 3: '1.4426999059072143', 4: 535.3514823487438} 
{0: '0.5301204819277109', 1: '0.0', 2: '0.0', 3: '1.5335761201812925', 4: 527.8720699892809} 
{0: '0.5357142857142857', 1: '0.0', 2: '0.0', 3: '1.6301766616608926', 4: 540.8850460368241} 
{0: '0.5411764705882353', 1: '0.0', 2: '0.0', 3: '1.7328621078878674', 4: 513.5105822214038} 
{0: '0.5348837209302325', 1: '0.0', 2: '0.0', 3: '1.7328621078878674', 4: 538.6408397358166} 
{0: '0.5402298850574713', 1: '0.0', 2: '0.0', 3: '1.6301766616608926', 4: 535.5459397091022} 
{0: '0.5454545454545454', 1: '0.0', 2: '0.0', 3: '1.5335761201812925', 4: 535.2589123064772} 
{0: '0.550561797752809', 1: '0.0', 2: '0.0', 3: '1.4426999059072143', 4: 521.6149310133987} 
{0: '0.5444444444444444', 1: '0.0', 2: '0.0', 3: '1.4426999059072143', 4: 520.8800149766798} 
{0: '0.5494505494505495', 1: '0.0', 2: '0.0', 3: '1.5335761201812925', 4: 522.1833647198896} 
{0: '0.5434782608695652', 1: '0.0', 2: '0.0', 3: '1.5335761201812925', 4: 525.3911663865822} 
{0: '0.5483870967741935', 1: '0.0', 2: '0.0', 3: '1.4426999059072143', 4: 530.4789711402893} 
{0: '0.5531914893617021', 1: '0.0', 2: '0.0', 3: '1.3572088082974538', 4: 523.2218249177954} 
{0: '0.5578947368421052', 1: '0.0', 2: '0.0', 3: '1.2767837176518553', 4: 530.3866251793479} 
{0: '0.5520833333333334', 1: '0.0', 2: '0.0', 3: '1.2767837176518553', 4: 519.2181793044557} 
{0: '0.5463917525773195', 1: '0.0', 2: '0.0', 3: '1.2767837176518553', 4: 521.6521283970782} 
{0: '0.5408163265306123', 1: '0.0', 2: '0.0', 3: '1.2767837176518553', 4: 526.2995126708253} 
{0: '0.5454545454545454', 1: '0.0', 2: '0.0', 3: '1.3572088082974538', 4: 532.5264285595822} 
{0: '0.54', 1: '0.0', 2: '0.0', 3: '1.3572088082974538', 4: 532.7915947349884} 
{0: '0.5346534653465347', 1: '0.0', 2: '0.0', 3: '1.3572088082974538', 4: 524.4080368007892} 
{0: '0.5392156862745098', 1: '0.0', 2: '0.0', 3: '1.4426999059072143', 4: 513.0435510288919} 
{0: '0.5436893203883495', 1: '0.0', 2: '0.0', 3: '1.5335761201812925', 4: 524.8451788381008} 
{0: '0.5480769230769231', 1: '0.0', 2: '0.0', 3: '1.6301766616608926', 4: 540.9223281387896} 
{0: '0.5523809523809524', 1: '0.0', 2: '0.0', 3: '1.7328621078878674', 4: 536.7396396383234} 
{0: '0.5566037735849056', 1: '0.0', 2: '0.0', 3: '1.842015749320195', 4: 547.9751701586756} 
{0: '0.5607476635514018', 1: '0.0', 2: '0.0', 3: '1.958045020027179', 4: 539.5781806560038} 
{0: '0.5648148148148148', 1: '0.0', 2: '0.0', 3: '2.081383018504685', 4: 551.4696947339232} 
{0: '0.5688073394495413', 1: '0.0', 2: '0.0', 3: '2.212490124287102', 4: 564.683878278635} 
{0: '0.5636363636363636', 1: '0.0', 2: '0.0', 3: '2.212490124287102', 4: 563.2392011845643} 
{0: '0.5585585585585585', 1: '0.0', 2: '0.0', 3: '2.212490124287102', 4: 555.1459273829847} 
{0: '0.5625', 1: '0.0', 2: '0.0', 3: '2.351855716390306', 4: 545.3520691831561} 
{0: '0.5663716814159292', 1: '0.0', 2: '0.0', 3: '2.500000000000003', 4: 566.2797551184651} 
{0: '0.5614035087719298', 1: '0.0', 2: '0.0', 3: '2.500000000000003', 4: 571.1256951463714} 
{0: '0.5652173913043478', 1: '0.0', 2: '0.0', 3: '2.351855716390306', 4: 580.6743739248695} 
{0: '0.5689655172413793', 1: '0.0', 2: '0.0', 3: '2.212490124287102', 4: 562.9474067564499} 
{0: '0.5641025641025641', 1: '0.0', 2: '0.0', 3: '2.212490124287102', 4: 566.0809896399467} 
{0: '0.5677966101694916', 1: '0.0', 2: '0.0', 3: '2.351855716390306', 4: 556.7902991454284} 
{0: '0.5714285714285714', 1: '0.0', 2: '0.0', 3: '2.500000000000003', 4: 561.016533609402} 
{0: '0.5666666666666667', 1: '0.0', 2: '0.0', 3: '2.500000000000003', 4: 562.2856872974218} 
{0: '0.5702479338842975', 1: '0.0', 2: '0.0', 3: '2.351855716390306', 4: 559.7096782043378} 
{0: '0.5737704918032787', 1: '0.0', 2: '0.0', 3: '2.212490124287102', 4: 542.6252390704286} 
{0: '0.5772357723577236', 1: '0.0', 2: '0.0', 3: '2.081383018504685', 4: 554.360642417635} 
{0: '0.5806451612903226', 1: '0.0', 2: '0.0', 3: '1.958045020027179', 4: 551.4729259235069} 
{0: '0.584', 1: '0.0', 2: '0.0', 3: '1.842015749320195', 4: 540.4093009681114} 
{0: '0.5873015873015873', 1: '0.0', 2: '0.0', 3: '1.7328621078878674', 4: 528.5024497408511} 
{0: '0.5905511811023622', 1: '0.0', 2: '0.0', 3: '1.6301766616608926', 4: 544.2442951546651} 
{0: '0.59375', 1: '0.0', 2: '0.0', 3: '1.5335761201812925', 4: 537.478436549977} 
{0: '0.5968992248062015', 1: '0.0', 2: '0.0', 3: '1.4426999059072143', 4: 531.4774016504948} 
{0: '0.5923076923076923', 1: '0.0', 2: '0.0', 3: '1.4426999059072143', 4: 538.7171847559626} 
{0: '0.5954198473282443', 1: '0.0', 2: '0.0', 3: '1.5335761201812925', 4: 527.6831172185161} 
{0: '0.5984848484848485', 1: '0.0', 2: '0.0', 3: '1.6301766616608926', 4: 532.474619948536} 
{0: '0.6015037593984962', 1: '0.0', 2: '0.0', 3: '1.7328621078878674', 4: 529.5716423739892} 
{0: '0.6044776119402985', 1: '0.0', 2: '0.0', 3: '1.842015749320195', 4: 546.9583827807612} 
{0: '0.6074074074074074', 1: '0.0', 2: '0.0', 3: '1.958045020027179', 4: 565.9692177250406} 
{0: '0.6102941176470589', 1: '0.0', 2: '0.0', 3: '2.081383018504685', 4: 562.26029299987} 
{0: '0.6058394160583942', 1: '0.0', 2: '0.0', 3: '2.081383018504685', 4: 537.3053194128133} 
{0: '0.6086956521739131', 1: '0.0', 2: '0.0', 3: '1.958045020027179', 4: 546.6883200851338} 
{0: '0.6115107913669064', 1: '0.0', 2: '0.0', 3: '1.842015749320195', 4: 538.0570534262995} 
{0: '0.6142857142857143', 1: '0.0', 2: '0.0', 3: '1.7328621078878674', 4: 525.4052325814265} 
{0: '0.6170212765957447', 1: '0.0', 2: '0.0', 3: '1.6301766616608926', 4: 522.8817859780954} 
{0: '0.6197183098591549', 1: '0.0', 2: '0.0', 3: '1.5335761201812925', 4: 530.7957858158226} 
{0: '0.6223776223776224', 1: '0.0', 2: '0.0', 3: '1.4426999059072143', 4: 538.4521781027256} 
{0: '0.6180555555555556', 1: '0.0', 2: '0.0', 3: '1.4426999059072143', 4: 519.6288894558623} 
{0: '0.6206896551724138', 1: '0.0', 2: '0.0', 3: '1.5335761201812925', 4: 520.2702153200702} 
{0: '0.6232876712328768', 1: '0.0', 2: '0.0', 3: '1.6301766616608926', 4: 523.169221787352} 
{0: '0.6258503401360545', 1: '0.0', 2: '0.0', 3: '1.7328621078878674', 4: 535.2810337197466} 
{0: '0.6283783783783784', 1: '0.0', 2: '0.0', 3: '1.842015749320195', 4: 535.3363350595487} 
{0: '0.6308724832214765', 1: '0.0', 2: '0.0', 3: '1.958045020027179', 4: 540.2155885614893} 
{0: '0.6266666666666667', 1: '0.0', 2: '0.0', 3: '1.958045020027179', 4: 553.1676713520635} 
{0: '0.6291390728476821', 1: '0.0', 2: '0.0', 3: '1.842015749320195', 4: 536.2984321167905} 
{0: '0.631578947368421', 1: '0.0', 2: '0.0', 3: '1.7328621078878674', 4: 545.0299275899541} 
{0: '0.6339869281045751', 1: '0.0', 2: '0.0', 3: '1.6301766616608926', 4: 542.7535873268614} 
{0: '0.6363636363636364', 1: '0.0', 2: '0.0', 3: '1.5335761201812925', 4: 522.27485409015} 
{0: '0.6387096774193548', 1: '0.0', 2: '0.0', 3: '1.4426999059072143', 4: 524.9386619238109} 
{0: '0.6346153846153846', 1: '0.0', 2: '0.0', 3: '1.4426999059072143', 4: 517.1580203279931} 
{0: '0.6369426751592356', 1: '0.0', 2: '0.0', 3: '1.5335761201812925', 4: 533.414794700013} 
{0: '0.6392405063291139', 1: '0.0', 2: '0.0', 3: '1.6301766616608926', 4: 523.8546950520333} 
{0: '0.6415094339622641', 1: '0.0', 2: '0.0', 3: '1.7328621078878674', 4: 536.2726836852675} 
{0: '0.64375', 1: '0.0', 2: '0.0', 3: '1.842015749320195', 4: 549.8177585481025} 
{0: '0.6459627329192547', 1: '0.0', 2: '0.0', 3: '1.958045020027179', 4: 556.3510661403072} 
{0: '0.6481481481481481', 1: '0.0', 2: '0.0', 3: '2.081383018504685', 4: 537.6826890757309} 
{0: '0.6441717791411042', 1: '0.0', 2: '0.0', 3: '2.081383018504685', 4: 557.8633810386075} 
{0: '0.6463414634146342', 1: '0.0', 2: '0.0', 3: '1.958045020027179', 4: 544.323691699072} 
{0: '0.6484848484848484', 1: '0.0', 2: '0.0', 3: '1.842015749320195', 4: 526.6872244757324} 
{0: '0.6506024096385542', 1: '0.0', 2: '0.0', 3: '1.7328621078878674', 4: 536.6069247208858} 
{0: '0.6526946107784432', 1: '0.0', 2: '0.0', 3: '1.6301766616608926', 4: 531.4087089607071} 
{0: '0.6547619047619048', 1: '0.0', 2: '0.0', 3: '1.5335761201812925', 4: 535.8868389226159} 
{0: '0.6568047337278107', 1: '0.0', 2: '0.0', 3: '1.4426999059072143', 4: 538.1238287140915} 
{0: '0.6588235294117647', 1: '0.0', 2: '0.0', 3: '1.3572088082974538', 4: 528.1907379799741} 
{0: '0.6549707602339181', 1: '0.0', 2: '0.0', 3: '1.3572088082974538', 4: 534.5201508262533} 
{0: '0.6569767441860465', 1: '0.0', 2: '0.0', 3: '1.4426999059072143', 4: 534.3352884518024} 
{0: '0.6589595375722543', 1: '0.0', 2: '0.0', 3: '1.5335761201812925', 4: 532.3624217107745} 
{0: '0.6609195402298851', 1: '0.0', 2: '0.0', 3: '1.6301766616608926', 4: 521.6334790323389} 
{0: '0.6628571428571428', 1: '0.0', 2: '0.0', 3: '1.7328621078878674', 4: 535.6568320559841} 
{0: '0.6647727272727273', 1: '0.0', 2: '0.0', 3: '1.842015749320195', 4: 538.7817099882087} 
{0: '0.6610169491525424', 1: '0.0', 2: '0.0', 3: '1.842015749320195', 4: 541.0362609625732} 
{0: '0.6629213483146067', 1: '0.0', 2: '0.0', 3: '1.7328621078878674', 4: 527.2798590939476} 
{0: '0.664804469273743', 1: '0.0', 2: '0.0', 3: '1.6301766616608926', 4: 543.844431256869} 
{0: '0.6666666666666666', 1: '0.0', 2: '0.0', 3: '1.5335761201812925', 4: 532.9125361882956} 
{0: '0.6629834254143646', 1: '0.0', 2: '0.0', 3: '1.5335761201812925', 4: 530.6523553360797} 
{0: '0.6648351648351648', 1: '0.0', 2: '0.0', 3: '1.6301766616608926', 4: 516.1809985560884} 
{0: '0.6612021857923497', 1: '0.0', 2: '0.0', 3: '1.6301766616608926', 4: 551.3597580365424} 
{0: '0.657608695652174', 1: '0.0', 2: '0.0', 3: '1.6301766616608926', 4: 536.0655745831734} 
{0: '0.6594594594594595', 1: '0.0', 2: '0.0', 3: '1.7328621078878674', 4: 536.706073493203} 
{0: '0.6612903225806451', 1: '0.0', 2: '0.0', 3: '1.842015749320195', 4: 559.3256381479114} 
{0: '0.6631016042780749', 1: '0.0', 2: '0.0', 3: '1.958045020027179', 4: 538.9436846589006} 
{0: '0.6595744680851063', 1: '0.0', 2: '0.0', 3: '1.958045020027179', 4: 535.839860779236} 
{0: '0.6613756613756614', 1: '0.0', 2: '0.0', 3: '1.842015749320195', 4: 544.6104543914284} 
{0: '0.6578947368421053', 1: '0.0', 2: '0.0', 3: '1.842015749320195', 4: 540.7541926100519} 
{0: '0.6596858638743456', 1: '0.0', 2: '0.0', 3: '1.958045020027179', 4: 536.9570386633612} 
{0: '0.6614583333333334', 1: '0.0', 2: '0.0', 3: '2.081383018504685', 4: 555.8707563077872} 
{0: '0.6632124352331606', 1: '0.0', 2: '0.0', 3: '2.212490124287102', 4: 554.549397045005} 
{0: '0.6597938144329897', 1: '0.0', 2: '0.0', 3: '2.212490124287102', 4: 559.0776693057006} 
{0: '0.6615384615384615', 1: '0.0', 2: '0.0', 3: '2.081383018504685', 4: 557.1788587965532} 
{0: '0.6581632653061225', 1: '0.0', 2: '0.0', 3: '2.081383018504685', 4: 543.6233330135078} 
{0: '0.6598984771573604', 1: '0.0', 2: '0.0', 3: '2.212490124287102', 4: 562.5847376798193} 
{0: '0.6616161616161617', 1: '0.0', 2: '0.0', 3: '2.351855716390306', 4: 570.3600106963082} 
{0: '0.6633165829145728', 1: '0.0', 2: '0.0', 3: '2.500000000000003', 4: 525.4615371821321} 
{0: '0.66', 1: '0.0', 2: '0.0', 3: '2.500000000000003', 4: 555.4833028431502} 
{0: '0.6616915422885572', 1: '0.0', 2: '0.0', 3: '2.351855716390306', 4: 563.0941400298357} 
{0: '0.6633663366336634', 1: '0.0', 2: '0.0', 3: '2.212490124287102', 4: 559.110226441052} 
{0: '0.6650246305418719', 1: '0.0', 2: '0.0', 3: '2.081383018504685', 4: 533.5824888561174} 
{0: '0.6666666666666666', 1: '0.0', 2: '0.0', 3: '1.958045020027179', 4: 544.96086634538} 
{0: '0.6682926829268293', 1: '0.0', 2: '0.0', 3: '1.842015749320195', 4: 553.7410259553562} 
{0: '0.6699029126213593', 1: '0.0', 2: '0.0', 3: '1.7328621078878674', 4: 559.7987858333743} 
{0: '0.6666666666666666', 1: '0.0', 2: '0.0', 3: '1.7328621078878674', 4: 549.0716501349825} 
{0: '0.6682692307692307', 1: '0.0', 2: '0.0', 3: '1.842015749320195', 4: 527.3776571065034} 
{0: '0.6650717703349283', 1: '0.0', 2: '0.0', 3: '1.842015749320195', 4: 553.8516833322741} 
{0: '0.6619047619047619', 1: '0.0', 2: '0.0', 3: '1.842015749320195', 4: 548.8310238886061} 
{0: '0.6635071090047393', 1: '0.0', 2: '0.0', 3: '1.958045020027179', 4: 547.8444815453659} 
{0: '0.660377358490566', 1: '0.0', 2: '0.0', 3: '1.958045020027179', 4: 560.4531374296672} 
{0: '0.6619718309859155', 1: '0.0', 2: '0.0', 3: '1.842015749320195', 4: 556.710163942573} 
{0: '0.6588785046728972', 1: '0.0', 2: '0.0', 3: '1.842015749320195', 4: 534.6591717597554} 
{0: '0.6558139534883721', 1: '0.0', 2: '0.0', 3: '1.842015749320195', 4: 537.3349741556682} 
{0: '0.6574074074074074', 1: '0.0', 2: '0.0', 3: '1.7328621078878674', 4: 537.9483339141534} 
{0: '0.6589861751152074', 1: '0.0', 2: '0.0', 3: '1.6301766616608926', 4: 546.1907843943688} 
{0: '0.6605504587155964', 1: '0.0', 2: '0.0', 3: '1.5335761201812925', 4: 542.5492709184332} 
{0: '0.6621004566210046', 1: '0.0', 2: '0.0', 3: '1.4426999059072143', 4: 547.1089620538778} 
{0: '0.6636363636363637', 1: '0.0', 2: '0.0', 3: '1.3572088082974538', 4: 529.7955029625077} 
{0: '0.6606334841628959', 1: '0.0', 2: '0.0', 3: '1.3572088082974538', 4: 510.9628431015878} 
{0: '0.6621621621621622', 1: '0.0', 2: '0.0', 3: '1.4426999059072143', 4: 531.1673622915765} 
{0: '0.6636771300448431', 1: '0.0', 2: '0.0', 3: '1.5335761201812925', 4: 525.722849800556} 
{0: '0.6607142857142857', 1: '0.0', 2: '0.0', 3: '1.5335761201812925', 4: 521.6718687482665} 
{0: '0.6622222222222223', 1: '0.0', 2: '0.0', 3: '1.4426999059072143', 4: 537.4482521670594} 
{0: '0.6592920353982301', 1: '0.0', 2: '0.0', 3: '1.4426999059072143', 4: 521.5910252877584} 
{0: '0.6607929515418502', 1: '0.0', 2: '0.0', 3: '1.5335761201812925', 4: 524.8591646122461} 
{0: '0.6622807017543859', 1: '0.0', 2: '0.0', 3: '1.6301766616608926', 4: 539.4361728246979} 
{0: '0.6637554585152838', 1: '0.0', 2: '0.0', 3: '1.7328621078878674', 4: 527.1130755688138} 
{0: '0.6608695652173913', 1: '0.0', 2: '0.0', 3: '1.7328621078878674', 4: 526.9030662568923} 
{0: '0.6623376623376623', 1: '0.0', 2: '0.0', 3: '1.6301766616608926', 4: 531.6683853886598} 
{0: '0.6637931034482759', 1: '0.0', 2: '0.0', 3: '1.5335761201812925', 4: 535.0530349405465} 
{0: '0.6652360515021459', 1: '0.0', 2: '0.0', 3: '1.4426999059072143', 4: 528.7314617513517} 
{0: '0.6623931623931624', 1: '0.0', 2: '0.0', 3: '1.4426999059072143', 4: 529.9408182692122} 
{0: '0.6638297872340425', 1: '0.0', 2: '0.0', 3: '1.5335761201812925', 4: 536.1198767918597} 
{0: '0.6652542372881356', 1: '0.0', 2: '0.0', 3: '1.6301766616608926', 4: 554.1995832358766} 
{0: '0.6666666666666666', 1: '0.0', 2: '0.0', 3: '1.7328621078878674', 4: 537.9264910599419} 
{0: '0.6680672268907563', 1: '0.0', 2: '0.0', 3: '1.842015749320195', 4: 523.9470731413254} 
{0: '0.6652719665271967', 1: '0.0', 2: '0.0', 3: '1.842015749320195', 4: 534.9311726664877} 
{0: '0.6666666666666666', 1: '0.0', 2: '0.0', 3: '1.7328621078878674', 4: 532.9934377022973} 
{0: '0.6639004149377593', 1: '0.0', 2: '0.0', 3: '1.7328621078878674', 4: 543.1193239845666} 
{0: '0.6652892561983471', 1: '0.0', 2: '0.0', 3: '1.842015749320195', 4: 528.2577875630865} 
{0: '0.6625514403292181', 1: '0.0', 2: '0.0', 3: '1.842015749320195', 4: 545.148470108758} 
{0: '0.6639344262295082', 1: '0.0', 2: '0.0', 3: '1.7328621078878674', 4: 543.6705171299557} 
{0: '0.6653061224489796', 1: '0.0', 2: '0.0', 3: '1.6301766616608926', 4: 540.4963230481358} 
{0: '0.6666666666666666', 1: '0.0', 2: '0.0', 3: '1.5335761201812925', 4: 517.2603710779256} 
{0: '0.6680161943319838', 1: '0.0', 2: '0.0', 3: '1.4426999059072143', 4: 519.9776199077108} 
{0: '0.6693548387096774', 1: '0.0', 2: '0.0', 3: '1.3572088082974538', 4: 526.01614292847} 
{0: '0.6706827309236948', 1: '0.0', 2: '0.0', 3: '1.2767837176518553', 4: 532.5303666852726} 
{0: '0.668', 1: '0.0', 2: '0.0', 3: '1.2767837176518553', 4: 515.4194841124287} 
{0: '0.6693227091633466', 1: '0.0', 2: '0.0', 3: '1.3572088082974538', 4: 511.58057316500833} 
{0: '0.6706349206349206', 1: '0.0', 2: '0.0', 3: '1.4426999059072143', 4: 523.9325115692832} 
{0: '0.6719367588932806', 1: '0.0', 2: '0.0', 3: '1.5335761201812925', 4: 515.0249976418563} 
{0: '0.6732283464566929', 1: '0.0', 2: '0.0', 3: '1.6301766616608926', 4: 536.2022056518044} 
{0: '0.6745098039215687', 1: '0.0', 2: '0.0', 3: '1.7328621078878674', 4: 540.2096497974791} 
{0: '0.671875', 1: '0.0', 2: '0.0', 3: '1.7328621078878674', 4: 527.5929193131848} 
{0: '0.6731517509727627', 1: '0.0', 2: '0.0', 3: '1.6301766616608926', 4: 521.1243430113368} 
{0: '0.6744186046511628', 1: '0.0', 2: '0.0', 3: '1.5335761201812925', 4: 538.7819692352656} 
{0: '0.6756756756756757', 1: '0.0', 2: '0.0', 3: '1.4426999059072143', 4: 524.128047026027} 
{0: '0.6730769230769231', 1: '0.0', 2: '0.0', 3: '1.4426999059072143', 4: 538.659550453624} 
{0: '0.6743295019157088', 1: '0.0', 2: '0.0', 3: '1.5335761201812925', 4: 535.5466883696932} 
{0: '0.6755725190839694', 1: '0.0', 2: '0.0', 3: '1.6301766616608926', 4: 533.3098714311849} 
{0: '0.6768060836501901', 1: '0.0', 2: '0.0', 3: '1.7328621078878674', 4: 536.995762090882} 
{0: '0.6742424242424242', 1: '0.0', 2: '0.0', 3: '1.7328621078878674', 4: 519.2363815366818} 
{0: '0.6754716981132075', 1: '0.0', 2: '0.0', 3: '1.6301766616608926', 4: 527.0852652093316} 
{0: '0.6766917293233082', 1: '0.0', 2: '0.0', 3: '1.5335761201812925', 4: 539.6686734260634} 
{0: '0.6779026217228464', 1: '0.0', 2: '0.0', 3: '1.4426999059072143', 4: 535.2231133230305} 
{0: '0.6753731343283582', 1: '0.0', 2: '0.0', 3: '1.4426999059072143', 4: 528.7946748112604} 
{0: '0.6765799256505576', 1: '0.0', 2: '0.0', 3: '1.5335761201812925', 4: 527.4700641441394} 
{0: '0.6777777777777778', 1: '0.0', 2: '0.0', 3: '1.6301766616608926', 4: 550.375134244214} 
{0: '0.6789667896678967', 1: '0.0', 2: '0.0', 3: '1.7328621078878674', 4: 535.3090277431264} 
{0: '0.6801470588235294', 1: '0.0', 2: '0.0', 3: '1.842015749320195', 4: 556.9141402750294} 
{0: '0.6813186813186813', 1: '0.0', 2: '0.0', 3: '1.958045020027179', 4: 544.3578162684065} 
{0: '0.6824817518248175', 1: '0.0', 2: '0.0', 3: '2.081383018504685', 4: 563.4292446025956} 
{0: '0.6836363636363636', 1: '0.0', 2: '0.0', 3: '2.212490124287102', 4: 546.5545789485453} 
{0: '0.6847826086956522', 1: '0.0', 2: '0.0', 3: '2.351855716390306', 4: 585.0861372717882} 
{0: '0.6859205776173285', 1: '0.0', 2: '0.0', 3: '2.500000000000003', 4: 560.4932512488373} 
{0: '0.6834532374100719', 1: '0.0', 2: '0.0', 3: '2.500000000000003', 4: 508.8867713636238} 
{0: '0.6845878136200717', 1: '0.0', 2: '0.0', 3: '2.351855716390306', 4: 509.4548980548816} 
{0: '0.6857142857142857', 1: '0.0', 2: '0.0', 3: '2.212490124287102', 4: 512.6022504228085} 
{0: '0.6868327402135231', 1: '0.0', 2: '0.0', 3: '2.081383018504685', 4: 513.8741623684898} 
{0: '0.6879432624113475', 1: '0.0', 2: '0.0', 3: '1.958045020027179', 4: 503.49098027557375} 
{0: '0.6890459363957597', 1: '0.0', 2: '0.0', 3: '1.842015749320195', 4: 523.1945370544664} 
{0: '0.6901408450704225', 1: '0.0', 2: '0.0', 3: '1.7328621078878674', 4: 494.71494427312246} 
{0: '0.6912280701754386', 1: '0.0', 2: '0.0', 3: '1.6301766616608926', 4: 491.6242810191233} 
{0: '0.6923076923076923', 1: '0.0', 2: '0.0', 3: '1.5335761201812925', 4: 478.6593110201454} 
{0: '0.6933797909407665', 1: '0.0', 2: '0.0', 3: '1.4426999059072143', 4: 486.4078849365007} 
{0: '0.6944444444444444', 1: '0.0', 2: '0.0', 3: '1.3572088082974538', 4: 491.34128500999844} 
{0: '0.6955017301038062', 1: '0.0', 2: '0.0', 3: '1.2767837176518553', 4: 477.27104061855016} 
{0: '0.696551724137931', 1: '0.0', 2: '0.0', 3: '1.2011244339814315', 4: 476.5056190762599} 
{0: '0.697594501718213', 1: '0.0', 2: '0.0', 3: '1.1299485464621188', 4: 466.31883646444277} 
{0: '0.6986301369863014', 1: '0.0', 2: '0.0', 3: '1.0629903792895394', 4: 478.79140939603275} 
{0: '0.6996587030716723', 1: '0.0', 2: '0.0', 3: '1.0', 4: 478.9202974931553} 
{0: '0.6972789115646258', 1: '0.003401360544217687', 2: '0.0', 3: '1.0', 4: 475.69293564734016} 
{0: '0.6983050847457627', 1: '0.006779661016949152', 2: '0.0', 3: '1.0629903792895394', 4: 466.96764434165544} 
{0: '0.6993243243243243', 1: '0.006756756756756757', 2: '0.0', 3: '1.1299485464621188', 4: 492.5657821902047} 
{0: '0.7003367003367004', 1: '0.006734006734006734', 2: '0.0', 3: '1.2011244339814315', 4: 483.9545432303249} 
{0: '0.697986577181208', 1: '0.006711409395973154', 2: '0.0', 3: '1.2011244339814315', 4: 466.33779206213217} 
{0: '0.6989966555183946', 1: '0.006688963210702341', 2: '0.0', 3: '1.1299485464621188', 4: 466.0863445729711} 
{0: '0.7', 1: '0.006666666666666667', 2: '0.0', 3: '1.0629903792895394', 4: 495.29537880514806} 
{0: '0.6976744186046512', 1: '0.006644518272425249', 2: '0.0', 3: '1.0629903792895394', 4: 466.97981022444156} 
{0: '0.695364238410596', 1: '0.006622516556291391', 2: '0.0', 3: '1.0629903792895394', 4: 477.64670189936385} 
{0: '0.6963696369636964', 1: '0.006600660066006601', 2: '0.0', 3: '1.0', 4: 483.53818910513473} 
{0: '0.694078947368421', 1: '0.009868421052631578', 2: '0.0', 3: '1.0', 4: 468.08614375116986} 
{0: '0.6950819672131148', 1: '0.013114754098360656', 2: '0.0', 3: '1.0629903792895394', 4: 456.46568583978456} 
{0: '0.6928104575163399', 1: '0.013071895424836602', 2: '0.0', 3: '1.0629903792895394', 4: 491.6048113787451} 
{0: '0.6938110749185668', 1: '0.013029315960912053', 2: '0.0', 3: '1.0', 4: 468.55620333649955} 
{0: '0.6915584415584416', 1: '0.016233766233766232', 2: '0.0', 3: '1.0', 4: 479.4914224149717} 
{0: '0.6925566343042071', 1: '0.019417475728155338', 2: '0.0', 3: '1.0629903792895394', 4: 478.989083879849} 
{0: '0.6903225806451613', 1: '0.01935483870967742', 2: '0.0', 3: '1.0629903792895394', 4: 479.33673229605245} 
{0: '0.6913183279742765', 1: '0.01929260450160772', 2: '0.0', 3: '1.0', 4: 468.8461929237413} 
{0: '0.6891025641025641', 1: '0.022435897435897436', 2: '0.0', 3: '1.0', 4: 461.496014078917} 
{0: '0.6869009584664537', 1: '0.025559105431309903', 2: '0.0', 3: '1.0', 4: 462.67120143289173} 
{0: '0.6847133757961783', 1: '0.028662420382165606', 2: '0.0', 3: '1.0', 4: 467.0500641419422} 
{0: '0.6857142857142857', 1: '0.031746031746031744', 2: '0.0', 3: '1.0629903792895394', 4: 472.01414016200005} 
{0: '0.6867088607594937', 1: '0.03164556962025317', 2: '0.0', 3: '1.1299485464621188', 4: 475.01517930754693} 
{0: '0.6845425867507886', 1: '0.031545741324921134', 2: '0.0', 3: '1.1299485464621188', 4: 484.009204099382} 
{0: '0.6855345911949685', 1: '0.031446540880503145', 2: '0.0', 3: '1.0629903792895394', 4: 464.47561913078613} 
{0: '0.6865203761755486', 1: '0.03134796238244514', 2: '0.0', 3: '1.0', 4: 467.1034071409804} 
{0: '0.684375', 1: '0.034375', 2: '0.0', 3: '1.0', 4: 465.0305450675608} 
{0: '0.6822429906542056', 1: '0.037383177570093455', 2: '0.0', 3: '1.0', 4: 467.5327927276305} 
{0: '0.6801242236024845', 1: '0.040372670807453416', 2: '0.0', 3: '1.0', 4: 468.2175829294936} 
{0: '0.6811145510835913', 1: '0.043343653250773995', 2: '0.0', 3: '1.0629903792895394', 4: 473.56672081857624} 
{0: '0.6790123456790124', 1: '0.043209876543209874', 2: '0.0', 3: '1.0629903792895394', 4: 484.1397824409962} 
{0: '0.676923076923077', 1: '0.043076923076923075', 2: '0.0', 3: '1.0629903792895394', 4: 478.9395409120706} 
{0: '0.6748466257668712', 1: '0.04294478527607362', 2: '0.0', 3: '1.0629903792895394', 4: 482.11630883154817} 
{0: '0.672782874617737', 1: '0.04281345565749235', 2: '0.0', 3: '1.0629903792895394', 4: 484.71056952349863} 
{0: '0.6707317073170732', 1: '0.042682926829268296', 2: '0.0', 3: '1.0629903792895394', 4: 481.176948970232} 
{0: '0.6717325227963525', 1: '0.0425531914893617', 2: '0.0', 3: '1.0', 4: 477.963065503564} 
{0: '0.6696969696969697', 1: '0.045454545454545456', 2: '0.0', 3: '1.0', 4: 470.6636549312219} 
{0: '0.6706948640483383', 1: '0.04833836858006042', 2: '0.0', 3: '1.0629903792895394', 4: 480.2234633263796} 
{0: '0.6716867469879518', 1: '0.04819277108433735', 2: '0.0', 3: '1.1299485464621188', 4: 483.1840856234991} 
{0: '0.6726726726726727', 1: '0.04804804804804805', 2: '0.0', 3: '1.2011244339814315', 4: 481.12622112885475} 
{0: '0.6706586826347305', 1: '0.04790419161676647', 2: '0.0', 3: '1.2011244339814315', 4: 478.42169419827377} 
{0: '0.6716417910447762', 1: '0.04776119402985075', 2: '0.0', 3: '1.1299485464621188', 4: 481.2708967318146} 
{0: '0.6726190476190477', 1: '0.047619047619047616', 2: '0.0', 3: '1.0629903792895394', 4: 468.2798081541681} 
{0: '0.6735905044510386', 1: '0.04747774480712166', 2: '0.0', 3: '1.0', 4: 461.5845175934588} 
{0: '0.6715976331360947', 1: '0.05029585798816568', 2: '0.0', 3: '1.0', 4: 469.6850889977047} 
{0: '0.672566371681416', 1: '0.05309734513274336', 2: '0.0', 3: '1.0629903792895394', 4: 481.9284964005127} 
{0: '0.6735294117647059', 1: '0.052941176470588235', 2: '0.0', 3: '1.1299485464621188', 4: 496.73956080592154} 
{0: '0.6744868035190615', 1: '0.05278592375366569', 2: '0.0', 3: '1.2011244339814315', 4: 479.84264417091106} 
{0: '0.672514619883041', 1: '0.05263157894736842', 2: '0.0', 3: '1.2011244339814315', 4: 472.4653549479813} 
{0: '0.673469387755102', 1: '0.052478134110787174', 2: '0.0', 3: '1.1299485464621188', 4: 476.1154718632224} 
{0: '0.6744186046511628', 1: '0.05232558139534884', 2: '0.0', 3: '1.0629903792895394', 4: 475.243673819589} 
{0: '0.6753623188405797', 1: '0.05217391304347826', 2: '0.0', 3: '1.0', 4: 472.12517170320643} 
{0: '0.6734104046242775', 1: '0.05491329479768786', 2: '0.0', 3: '1.0', 4: 478.3800992478779} 
{0: '0.6714697406340058', 1: '0.05763688760806916', 2: '0.0', 3: '1.0', 4: 476.74836953745313} 
{0: '0.6695402298850575', 1: '0.0603448275862069', 2: '0.0', 3: '1.0', 4: 477.3268148408375} 
{0: '0.670487106017192', 1: '0.06303724928366762', 2: '0.0', 3: '1.0629903792895394', 4: 486.68387568194265} 
{0: '0.6714285714285714', 1: '0.06285714285714286', 2: '0.0', 3: '1.1299485464621188', 4: 471.8239408370689} 
{0: '0.6695156695156695', 1: '0.06267806267806268', 2: '0.0', 3: '1.1299485464621188', 4: 488.2376434022887} 
{0: '0.6704545454545454', 1: '0.0625', 2: '0.0', 3: '1.0629903792895394', 4: 474.21598697878113} 
{0: '0.6713881019830028', 1: '0.06232294617563739', 2: '0.0', 3: '1.0', 4: 474.70676523720005} 
{0: '0.6694915254237288', 1: '0.06497175141242938', 2: '0.0', 3: '1.0', 4: 465.4335229306468} 
{0: '0.6676056338028169', 1: '0.0676056338028169', 2: '0.0', 3: '1.0', 4: 470.918524956593} 
{0: '0.6657303370786517', 1: '0.0702247191011236', 2: '0.0', 3: '1.0', 4: 476.63696912701715} 
{0: '0.6638655462184874', 1: '0.07282913165266107', 2: '0.0', 3: '1.0', 4: 467.1444102637812} 
{0: '0.6620111731843575', 1: '0.07541899441340782', 2: '0.0', 3: '1.0', 4: 474.8131679992212} 
{0: '0.6629526462395543', 1: '0.07799442896935933', 2: '0.0', 3: '1.0629903792895394', 4: 476.90285195414543} 
{0: '0.6638888888888889', 1: '0.07777777777777778', 2: '0.0', 3: '1.1299485464621188', 4: 480.8842193029214} 
{0: '0.6620498614958449', 1: '0.07756232686980609', 2: '0.0', 3: '1.1299485464621188', 4: 473.2947684171683} 
{0: '0.6629834254143646', 1: '0.07734806629834254', 2: '0.0', 3: '1.0629903792895394', 4: 479.8016354154497} 
{0: '0.6639118457300276', 1: '0.07713498622589532', 2: '0.0', 3: '1.0', 4: 469.36821095713213} 
{0: '0.6620879120879121', 1: '0.07967032967032966', 2: '0.0', 3: '1.0', 4: 469.8679791366752} 
{0: '0.6602739726027397', 1: '0.0821917808219178', 2: '0.0', 3: '1.0', 4: 468.35905011126647} 
{0: '0.6584699453551912', 1: '0.08469945355191257', 2: '0.0', 3: '1.0', 4: 463.8465012236455} 
{0: '0.6566757493188011', 1: '0.08719346049046321', 2: '0.0', 3: '1.0', 4: 465.9501776091788} 
{0: '0.654891304347826', 1: '0.08967391304347826', 2: '0.0', 3: '1.0', 4: 475.0205674958781} 
{0: '0.6558265582655827', 1: '0.0921409214092141', 2: '0.0', 3: '1.0629903792895394', 4: 474.49521913826084} 
{0: '0.654054054054054', 1: '0.0918918918918919', 2: '0.0', 3: '1.0629903792895394', 4: 471.58322322637827} 
{0: '0.6549865229110512', 1: '0.09164420485175202', 2: '0.0', 3: '1.0', 4: 472.7225175751458} 
{0: '0.6532258064516129', 1: '0.09408602150537634', 2: '0.0', 3: '1.0', 4: 469.7748859114709} 
{0: '0.6514745308310992', 1: '0.09651474530831099', 2: '0.0', 3: '1.0', 4: 465.18652113074984} 
{0: '0.6497326203208557', 1: '0.09893048128342247', 2: '0.0', 3: '1.0', 4: 468.8716222961242} 
{0: '0.6506666666666666', 1: '0.10133333333333333', 2: '0.0', 3: '1.0629903792895394', 4: 462.8225693056414} 
{0: '0.651595744680851', 1: '0.10106382978723404', 2: '0.0', 3: '1.1299485464621188', 4: 466.69893898548287} 
{0: '0.649867374005305', 1: '0.10079575596816977', 2: '0.0', 3: '1.1299485464621188', 4: 484.27988807447036} 
{0: '0.6507936507936508', 1: '0.10052910052910052', 2: '0.0', 3: '1.0629903792895394', 4: 477.1718056756067} 
{0: '0.6517150395778364', 1: '0.10026385224274406', 2: '0.0', 3: '1.0', 4: 476.04127417843216} 
{0: '0.65', 1: '0.10263157894736842', 2: '0.0', 3: '1.0', 4: 473.2416761674842} 
{0: '0.6482939632545932', 1: '0.10498687664041995', 2: '0.0', 3: '1.0', 4: 469.9378578419469} 
{0: '0.6465968586387435', 1: '0.10732984293193717', 2: '0.0', 3: '1.0', 4: 472.79604343566535} 
{0: '0.6475195822454308', 1: '0.10966057441253264', 2: '0.0', 3: '1.0629903792895394', 4: 479.8917124978125} 
{0: '0.6484375', 1: '0.109375', 2: '0.0', 3: '1.1299485464621188', 4: 480.87081963181487} 
{0: '0.6467532467532467', 1: '0.10909090909090909', 2: '0.0', 3: '1.1299485464621188', 4: 469.68244780517557} 
{0: '0.6476683937823834', 1: '0.10880829015544041', 2: '0.0', 3: '1.0629903792895394', 4: 486.3185708592975} 
{0: '0.6459948320413437', 1: '0.10852713178294573', 2: '0.0', 3: '1.0629903792895394', 4: 472.27693096136846} 
{0: '0.6443298969072165', 1: '0.10824742268041238', 2: '0.0', 3: '1.0629903792895394', 4: 476.577932176143} 
{0: '0.6452442159383034', 1: '0.10796915167095116', 2: '0.0', 3: '1.0', 4: 472.0111407401798} 
{0: '0.6435897435897436', 1: '0.11025641025641025', 2: '0.0', 3: '1.0', 4: 468.856764397486} 
{0: '0.6445012787723785', 1: '0.11253196930946291', 2: '0.0', 3: '1.0629903792895394', 4: 476.8688501107747} 
{0: '0.6454081632653061', 1: '0.11224489795918367', 2: '0.0', 3: '1.1299485464621188', 4: 475.6588134761191} 
{0: '0.6437659033078881', 1: '0.11195928753180662', 2: '0.0', 3: '1.1299485464621188', 4: 462.15040037051665} 
{0: '0.6446700507614214', 1: '0.1116751269035533', 2: '0.0', 3: '1.0629903792895394', 4: 469.01094442183336} 
{0: '0.6455696202531646', 1: '0.11139240506329114', 2: '0.0', 3: '1.0', 4: 465.2154300564231} 
{0: '0.6439393939393939', 1: '0.11363636363636363', 2: '0.0', 3: '1.0', 4: 475.09025478522295} 
{0: '0.6448362720403022', 1: '0.11586901763224182', 2: '0.0', 3: '1.0629903792895394', 4: 466.36282772858607} 
{0: '0.6457286432160804', 1: '0.11557788944723618', 2: '0.0', 3: '1.1299485464621188', 4: 478.07398363062237} 
{0: '0.6441102756892231', 1: '0.11528822055137844', 2: '0.0', 3: '1.1299485464621188', 4: 480.17711550076706} 
{0: '0.645', 1: '0.115', 2: '0.0', 3: '1.0629903792895394', 4: 468.79032997657487} 
{0: '0.6458852867830424', 1: '0.11471321695760599', 2: '0.0', 3: '1.0', 4: 476.321073348649} 
{0: '0.6442786069651741', 1: '0.11691542288557213', 2: '0.0', 3: '1.0', 4: 466.7305221933379} 
{0: '0.6451612903225806', 1: '0.11910669975186104', 2: '0.0', 3: '1.0629903792895394', 4: 469.21879557492167} 
{0: '0.6460396039603961', 1: '0.1188118811881188', 2: '0.0', 3: '1.1299485464621188', 4: 479.7357059557491} 
{0: '0.6469135802469136', 1: '0.11851851851851852', 2: '0.0', 3: '1.2011244339814315', 4: 476.99569713647793} 
{0: '0.645320197044335', 1: '0.11822660098522167', 2: '0.0', 3: '1.2011244339814315', 4: 475.8022343784026} 
{0: '0.6461916461916462', 1: '0.11793611793611794', 2: '0.0', 3: '1.1299485464621188', 4: 470.1226828377135} 
{0: '0.6470588235294118', 1: '0.11764705882352941', 2: '0.0', 3: '1.0629903792895394', 4: 476.4034896739753} 
{0: '0.6479217603911981', 1: '0.11735941320293398', 2: '0.0', 3: '1.0', 4: 473.1744113618308} 
{0: '0.6463414634146342', 1: '0.11951219512195121', 2: '0.0', 3: '1.0', 4: 471.3429425257506} 
{0: '0.6447688564476886', 1: '0.12165450121654502', 2: '0.0', 3: '1.0', 4: 475.3853264251364} 
{0: '0.6432038834951457', 1: '0.12378640776699029', 2: '0.0', 3: '1.0', 4: 492.94790731962996} 
{0: '0.6440677966101694', 1: '0.12590799031476999', 2: '0.0', 3: '1.0629903792895394', 4: 466.7500781214681} 
{0: '0.642512077294686', 1: '0.12560386473429952', 2: '0.0', 3: '1.0629903792895394', 4: 485.61913729787557} 
{0: '0.6433734939759036', 1: '0.12530120481927712', 2: '0.0', 3: '1.0', 4: 459.5233794290509} 
{0: '0.6418269230769231', 1: '0.12740384615384615', 2: '0.0', 3: '1.0', 4: 480.9948109720763} 
{0: '0.6426858513189448', 1: '0.12949640287769784', 2: '0.0', 3: '1.0629903792895394', 4: 474.697556098956} 
{0: '0.6411483253588517', 1: '0.1291866028708134', 2: '0.0', 3: '1.0629903792895394', 4: 464.8252668324094} 
{0: '0.6420047732696897', 1: '0.1288782816229117', 2: '0.0', 3: '1.0', 4: 469.43844141205125} 
{0: '0.6404761904761904', 1: '0.13095238095238096', 2: '0.0', 3: '1.0', 4: 475.6222140552783} 
{0: '0.6413301662707839', 1: '0.1330166270783848', 2: '0.0', 3: '1.0629903792895394', 4: 471.94147509209614} 
{0: '0.6421800947867299', 1: '0.13270142180094788', 2: '0.0', 3: '1.1299485464621188', 4: 474.1153496010005} 
{0: '0.6430260047281324', 1: '0.13238770685579196', 2: '0.0', 3: '1.2011244339814315', 4: 480.32375613007144} 
{0: '0.6438679245283019', 1: '0.1320754716981132', 2: '0.0', 3: '1.2767837176518553', 4: 492.49982965506024} 
{0: '0.6423529411764706', 1: '0.13176470588235295', 2: '0.0', 3: '1.2767837176518553', 4: 492.18993097891035} 
{0: '0.6431924882629108', 1: '0.13145539906103287', 2: '0.0', 3: '1.2011244339814315', 4: 469.9741392337248} 
{0: '0.6440281030444965', 1: '0.13114754098360656', 2: '0.0', 3: '1.1299485464621188', 4: 467.3429236014327} 
{0: '0.6448598130841121', 1: '0.1308411214953271', 2: '0.0', 3: '1.0629903792895394', 4: 485.46636491091215} 
{0: '0.6456876456876457', 1: '0.13053613053613053', 2: '0.0', 3: '1.0', 4: 471.83415629594316} 
{0: '0.6441860465116279', 1: '0.1325581395348837', 2: '0.0', 3: '1.0', 4: 479.2871053745133} 
{0: '0.6450116009280742', 1: '0.1345707656612529', 2: '0.0', 3: '1.0629903792895394', 4: 472.94066884852265} 
{0: '0.6435185185185185', 1: '0.13425925925925927', 2: '0.0', 3: '1.0629903792895394', 4: 478.4879175730811} 
{0: '0.6420323325635104', 1: '0.13394919168591224', 2: '0.0', 3: '1.0629903792895394', 4: 474.2514142543166} 
{0: '0.6405529953917051', 1: '0.1336405529953917', 2: '0.0', 3: '1.0629903792895394', 4: 473.17744985672437} 
{0: '0.639080459770115', 1: '0.13333333333333333', 2: '0.0', 3: '1.0629903792895394', 4: 473.4457017353455} 
{0: '0.6399082568807339', 1: '0.13302752293577982', 2: '0.0', 3: '1.1299485464621188', 4: 482.78560970022227} 
{0: '0.6407322654462243', 1: '0.13272311212814644', 2: '0.0', 3: '1.2011244339814315', 4: 482.87736228558686} 
{0: '0.639269406392694', 1: '0.1324200913242009', 2: '0.0', 3: '1.2011244339814315', 4: 486.19590783845297} 
{0: '0.6400911161731208', 1: '0.13211845102505695', 2: '0.0', 3: '1.1299485464621188', 4: 477.45047029087794} 
{0: '0.6409090909090909', 1: '0.1318181818181818', 2: '0.0', 3: '1.0629903792895394', 4: 457.3187059124212} 
{0: '0.6417233560090703', 1: '0.13151927437641722', 2: '0.0', 3: '1.0', 4: 476.19682129236446} 
{0: '0.6402714932126696', 1: '0.1334841628959276', 2: '0.0', 3: '1.0', 4: 472.0121370048064} 
{0: '0.6388261851015802', 1: '0.13544018058690746', 2: '0.0', 3: '1.0', 4: 471.6596301417891} 
{0: '0.6373873873873874', 1: '0.1373873873873874', 2: '0.0', 3: '1.0', 4: 468.87155773509505} 
{0: '0.6359550561797753', 1: '0.1393258426966292', 2: '0.0', 3: '1.0', 4: 469.89339528522754} 
{0: '0.6345291479820628', 1: '0.1412556053811659', 2: '0.0', 3: '1.0', 4: 479.86070652004236} 
{0: '0.6353467561521253', 1: '0.14317673378076062', 2: '0.0', 3: '1.0629903792895394', 4: 474.04535072472356} 
{0: '0.6339285714285714', 1: '0.14285714285714285', 2: '0.0', 3: '1.0629903792895394', 4: 469.2925176920516} 
{0: '0.6347438752783965', 1: '0.14253897550111358', 2: '0.0', 3: '1.0', 4: 478.47805895376007} 
{0: '0.6333333333333333', 1: '0.14444444444444443', 2: '0.0', 3: '1.0', 4: 467.23058663969255} 
{0: '0.6341463414634146', 1: '0.14634146341463414', 2: '0.0', 3: '1.0629903792895394', 4: 472.2883563308393} 
{0: '0.6327433628318584', 1: '0.14601769911504425', 2: '0.0', 3: '1.0629903792895394', 4: 467.7314613019405} 
{0: '0.6335540838852097', 1: '0.1456953642384106', 2: '0.0', 3: '1.0', 4: 476.16455845354454} 
{0: '0.6321585903083701', 1: '0.14757709251101322', 2: '0.0', 3: '1.0', 4: 477.7919133758489} 
{0: '0.6329670329670329', 1: '0.14945054945054945', 2: '0.0', 3: '1.0629903792895394', 4: 481.7614882373435} 
{0: '0.631578947368421', 1: '0.14912280701754385', 2: '0.0', 3: '1.0629903792895394', 4: 472.8253197085383} 
{0: '0.6323851203501094', 1: '0.1487964989059081', 2: '0.0', 3: '1.0', 4: 471.75398650702175} 
{0: '0.631004366812227', 1: '0.15065502183406113', 2: '0.0', 3: '1.0', 4: 482.37576592229425} 
{0: '0.6318082788671024', 1: '0.15250544662309368', 2: '0.0', 3: '1.0629903792895394', 4: 477.8881985373169} 
{0: '0.6326086956521739', 1: '0.15217391304347827', 2: '0.0', 3: '1.1299485464621188', 4: 492.592578944316} 
{0: '0.6334056399132321', 1: '0.15184381778741865', 2: '0.0', 3: '1.2011244339814315', 4: 491.8767138578801} 
{0: '0.6341991341991342', 1: '0.15151515151515152', 2: '0.0', 3: '1.2767837176518553', 4: 494.6100523452082} 
{0: '0.6349892008639308', 1: '0.1511879049676026', 2: '0.0', 3: '1.3572088082974538', 4: 476.03092537068426} 
{0: '0.6336206896551724', 1: '0.15086206896551724', 2: '0.0', 3: '1.3572088082974538', 4: 490.02391888882846} 
{0: '0.6344086021505376', 1: '0.15053763440860216', 2: '0.0', 3: '1.2767837176518553', 4: 475.5485839134701} 
{0: '0.6351931330472103', 1: '0.15021459227467812', 2: '0.0', 3: '1.2011244339814315', 4: 471.73115623362736} 
{0: '0.6359743040685225', 1: '0.14989293361884368', 2: '0.0', 3: '1.1299485464621188', 4: 473.8225039753901} 
{0: '0.6367521367521367', 1: '0.14957264957264957', 2: '0.0', 3: '1.0629903792895394', 4: 477.3404318534587} 
{0: '0.6353944562899787', 1: '0.14925373134328357', 2: '0.0', 3: '1.0629903792895394', 4: 472.5579572275657} 
{0: '0.6361702127659574', 1: '0.14893617021276595', 2: '0.0', 3: '1.1299485464621188', 4: 481.8945875478184} 
{0: '0.6369426751592356', 1: '0.14861995753715498', 2: '0.0', 3: '1.2011244339814315', 4: 470.1127703453694} 
{0: '0.635593220338983', 1: '0.1483050847457627', 2: '0.0', 3: '1.2011244339814315', 4: 481.9153961054164} 
{0: '0.6363636363636364', 1: '0.14799154334038056', 2: '0.0', 3: '1.1299485464621188', 4: 482.0920088388945} 
{0: '0.6350210970464135', 1: '0.14767932489451477', 2: '0.0', 3: '1.1299485464621188', 4: 468.03221284700135} 
{0: '0.6336842105263157', 1: '0.14736842105263157', 2: '0.0', 3: '1.1299485464621188', 4: 467.1601714635537} 
{0: '0.634453781512605', 1: '0.14705882352941177', 2: '0.0', 3: '1.0629903792895394', 4: 471.0185265362315} 
{0: '0.6352201257861635', 1: '0.14675052410901468', 2: '0.0', 3: '1.0', 4: 469.4418269060623} 
{0: '0.6338912133891214', 1: '0.14853556485355648', 2: '0.0', 3: '1.0', 4: 469.7380149133892} 
{0: '0.6346555323590815', 1: '0.15031315240083507', 2: '0.0', 3: '1.0629903792895394', 4: 487.6527668938123} 
{0: '0.6354166666666666', 1: '0.15', 2: '0.0', 3: '1.1299485464621188', 4: 468.55439612520325} 
{0: '0.6361746361746362', 1: '0.1496881496881497', 2: '0.0', 3: '1.2011244339814315', 4: 490.773329172304} 
{0: '0.6369294605809128', 1: '0.14937759336099585', 2: '0.0', 3: '1.2767837176518553', 4: 482.7957133780192} 
{0: '0.6356107660455487', 1: '0.14906832298136646', 2: '0.0', 3: '1.2767837176518553', 4: 477.6240351262845} 
{0: '0.6363636363636364', 1: '0.1487603305785124', 2: '0.0', 3: '1.2011244339814315', 4: 476.26738020396243} 
{0: '0.6371134020618556', 1: '0.14845360824742268', 2: '0.0', 3: '1.1299485464621188', 4: 483.77912523517443} 
{0: '0.6378600823045267', 1: '0.14814814814814814', 2: '0.0', 3: '1.0629903792895394', 4: 476.1830676916458} 
{0: '0.6365503080082136', 1: '0.14784394250513347', 2: '0.0', 3: '1.0629903792895394', 4: 466.4991775845162} 
{0: '0.6352459016393442', 1: '0.14754098360655737', 2: '0.0', 3: '1.0629903792895394', 4: 478.00328857825895} 
{0: '0.6359918200408998', 1: '0.147239263803681', 2: '0.0', 3: '1.0', 4: 472.75141621157366} 
{0: '0.6346938775510204', 1: '0.1489795918367347', 2: '0.0', 3: '1.0', 4: 465.624744956392} 
{0: '0.6354378818737271', 1: '0.15071283095723015', 2: '0.0', 3: '1.0629903792895394', 4: 474.35317335620766} 
{0: '0.6361788617886179', 1: '0.15040650406504066', 2: '0.0', 3: '1.1299485464621188', 4: 468.2971112460827} 
{0: '0.6348884381338742', 1: '0.15010141987829614', 2: '0.0', 3: '1.1299485464621188', 4: 468.2896205928537} 
{0: '0.6356275303643725', 1: '0.14979757085020243', 2: '0.0', 3: '1.0629903792895394', 4: 482.82348898078874} 
{0: '0.6343434343434343', 1: '0.1494949494949495', 2: '0.0', 3: '1.0629903792895394', 4: 482.1697652796859} 
{0: '0.6350806451612904', 1: '0.14919354838709678', 2: '0.0', 3: '1.1299485464621188', 4: 470.4226165342922} 
{0: '0.6338028169014085', 1: '0.1488933601609658', 2: '0.0', 3: '1.1299485464621188', 4: 478.7390247121595} 
{0: '0.6345381526104418', 1: '0.14859437751004015', 2: '0.0', 3: '1.0629903792895394', 4: 475.3549269616437} 
{0: '0.6352705410821643', 1: '0.14829659318637275', 2: '0.0', 3: '1.0', 4: 477.9293890149983} 
