{'STAT2HEADER': 'STAT2HEADER', 'STAT2HEADER_ENVIRON': 'environ({\'OMPI_MCA_pmix\': \'^s1,s2,cray,isolated\', \'PMIX_MCA_mca_base_component_show_load_errors\': \'1\', \'OMPI_COMMAND\': \'python3\', \'OMPI_ARGV\': \'static_snapshot.py 1 0min\', \'OMPI_MCA_orte_precondition_transports\': \'64793657986f9b81-7c131edd35494980\', \'LD_LIBRARY_PATH\': \'/salilab/diva1/programs/x86_64linux/numpy-py36-1.19.5/lib:/salilab/diva1/home/libs/x86_64/centos8:/salilab/diva1/home/libs/x86_64:/salilab/diva1/home/imp/main/20240607-af6f9d6a95/lib/release8:/salilab/diva1/programs/x86_64linux/opencv-4.3.0/lib64/rhel:/salilab/diva1/programs/x86_64linux/opencv-4.3.0/lib64:/salilab/diva1/programs/x86_64linux/hdf5-1.10.7/lib:/salilab/diva1/programs/x86_64linux/libtau-py27-1.0.1/lib64:/salilab/diva1/programs/x86_64linux/boost-1.73.0/lib64:/usr/lib64/openmpi/lib:/wynton/group/sali/miha_rozic/Software/imp-develop/build/lib::\', \'IMP_TMP_DIR\': \'/wynton/group/sali/miha_rozic/Software/imp-develop/build/tmp\', \'PE_HOSTFILE\': \'/var/spool/sge/wynton/qb3-id326/active_jobs/707241.1/pe_hostfile\', \'__LMOD_REF_COUNT_PATH\': \'/salilab/diva1/programs/x86_64linux/numpy-py36-1.19.5/bin:1;/salilab/diva1/home/imp/main/20240607-af6f9d6a95/bin/release8:1;/salilab/diva1/programs/x86_64linux/opencv-4.3.0/bin:1;/salilab/diva1/programs/x86_64linux/hdf5-1.10.7/bin:1;/usr/lib64/openmpi/bin:1;/wynton/home/sali/rozicmiha/.local/bin:1;/wynton/home/sali/rozicmiha/bin:1;/wynton/group/sali/miha_rozic/Software/imp-develop/build/bin:1;/wynton/group/sali/miha_rozic/Software/imp-develop/build/module_bin/EMageFit:1;/wynton/group/sali/miha_rozic/Software/imp-develop/build/module_bin/algebra:1;/wynton/group/sali/miha_rozic/Software/imp-develop/build/module_bin/atom:1;/wynton/group/sali/miha_rozic/Software/imp-develop/build/module_bin/benchmark:1;/wynton/group/sali/miha_rozic/Software/imp-develop/build/module_bin/cgal:1;/wynton/group/sali/miha_rozic/Software/imp-develop/build/module_bin/cnmultifit:1;/wynton/group/sali/miha_rozic/Software/imp-develop/build/module_bin/container:1;/wynton/group/sali/miha_rozic/Software/imp-develop/build/module_bin/core:1;/wynton/group/sali/miha_rozic/Software/imp-develop/build/module_bin/display:1;/wynton/group/sali/miha_rozic/Software/imp-develop/build/module_bin/domino:1;/wynton/group/sali/miha_rozic/Software/imp-develop/build/module_bin/em:1;/wynton/group/sali/miha_rozic/Software/imp-develop/build/module_bin/em2d:1;/wynton/group/sali/miha_rozic/Software/imp-develop/build/module_bin/example:1;/wynton/group/sali/miha_rozic/Software/imp-develop/build/module_bin/foxs:1;/wynton/group/sali/miha_rozic/Software/imp-develop/build/module_bin/gsl:1;/wynton/group/sali/miha_rozic/Software/imp-develop/build/module_bin/integrative_docking:1;/wynton/group/sali/miha_rozic/Software/imp-develop/build/module_bin/isd:1;/wynton/group/sali/miha_rozic/Software/imp-develop/build/module_bin/kernel:1;/wynton/group/sali/miha_rozic/Software/imp-develop/build/module_bin/kinematics:1;/wynton/group/sali/miha_rozic/Software/imp-develop/build/module_bin/kmeans:1;/wynton/group/sali/miha_rozic/Software/imp-develop/build/module_bin/misc:1;/wynton/group/sali/miha_rozic/Software/imp-develop/build/module_bin/mmcif:1;/wynton/group/sali/miha_rozic/Software/imp-develop/build/module_bin/modeller:1;/wynton/group/sali/miha_rozic/Software/imp-develop/build/module_bin/mpi:1;/wynton/group/sali/miha_rozic/Software/imp-develop/build/module_bin/multi_state:1;/wynton/group/sali/miha_rozic/Software/imp-develop/build/module_bin/multifit:1;/wynton/group/sali/miha_rozic/Software/imp-develop/build/module_bin/npc:1;/wynton/group/sali/miha_rozic/Software/imp-develop/build/module_bin/npcassembly:1;/wynton/group/sali/miha_rozic/Software/imp-develop/build/module_bin/parallel:1;/wynton/group/sali/miha_rozic/Software/imp-develop/build/module_bin/pepdock:1;/wynton/group/sali/miha_rozic/Software/imp-develop/build/module_bin/pmi:1;/wynton/group/sali/miha_rozic/Software/imp-develop/build/module_bin/rmf:1;/wynton/group/sali/miha_rozic/Software/imp-develop/build/module_bin/rotamer:1;/wynton/group/sali/miha_rozic/Software/imp-develop/build/module_bin/saxs:1;/wynton/group/sali/miha_rozic/Software/imp-develop/build/module_bin/saxs_merge:1;/wynton/group/sali/miha_rozic/Software/imp-develop/build/module_bin/score_functor:1;/wynton/group/sali/miha_rozic/Software/imp-develop/build/module_bin/scratch:1;/wynton/group/sali/miha_rozic/Software/imp-develop/build/module_bin/spb:1;/wynton/group/sali/miha_rozic/Software/imp-develop/build/module_bin/statistics:1;/wynton/group/sali/miha_rozic/Software/imp-develop/build/module_bin/symmetry:1;/wynton/group/sali/miha_rozic/Software/imp-develop/build/module_bin/test:1;/opt/sge/bin:1;/opt/sge/bin/lx-amd64:1;/scratch/707241.1.member.q:1;/usr/local/bin:1;/bin:1;/usr/bin:1;/usr/local/sbin:1;/usr/sbin:1\', \'_ModuleTable002_\': \'fSwKc3RhY2tEZXB0aCA9IDEsCnN0YXR1cyA9ICJhY3RpdmUiLAp1c2VyTmFtZSA9ICJib29zdC8xLjczLjAiLAp3ViA9ICIwMDAwMDAwMDEuMDAwMDAwMDczLip6ZmluYWwiLAp9LApoZGY1ID0gewpmbiA9ICIvc2FsaWxhYi9kaXZhMS9ob21lL21vZHVsZXMvaGRmNS8xLjEwLjciLApmdWxsTmFtZSA9ICJoZGY1LzEuMTAuNyIsCmxvYWRPcmRlciA9IDUsCnByb3BUID0ge30sCnN0YWNrRGVwdGggPSAyLApzdGF0dXMgPSAiYWN0aXZlIiwKdXNlck5hbWUgPSAiaGRmNS8xLjEwLjciLAp3ViA9ICIwMDAwMDAwMDEuMDAwMDAwMDEwLjAwMDAwMDAwNy4qemZpbmFsIiwKfSwKaW1wID0gewpmbiA9ICIvc2FsaWxhYi9kaXZhMS9ob21lL21vZHVsZXMvaW1wLzIuMjEuMCIsCmZ1bGxO\', \'IMP_DIR\': \'/salilab/diva1/home/imp/main/20240607-af6f9d6a95/lib/release8/cmake/IMP\', \'QUEUE\': \'member.q\', \'GOTO_NUM_THREADS\': \'1\', \'MPI_PYTHON3_SITEARCH\': \'/usr/lib64/python3.6/site-packages/openmpi\', \'LANG\': \'en_US.UTF-8\', \'HISTCONTROL\': \'ignoredups\', \'_ModuleTable008_\': \'cyIsCmZ1bGxOYW1lID0gInNhbGktbGlicmFyaWVzIiwKbG9hZE9yZGVyID0gOCwKcHJvcFQgPSB7fSwKc3RhY2tEZXB0aCA9IDEsCnN0YXR1cyA9ICJhY3RpdmUiLAp1c2VyTmFtZSA9ICJzYWxpLWxpYnJhcmllcyIsCndWID0gIk0uKnpmaW5hbCIsCn0sCn0sCm1wYXRoQSA9IHsKIi9zYWxpbGFiL2RpdmExL2hvbWUvbW9kdWxlcyIsICIvZXRjL21vZHVsZWZpbGVzIiwgIi91c3Ivc2hhcmUvbW9kdWxlZmlsZXMiCiwgIi91c3Ivc2hhcmUvbW9kdWxlZmlsZXMvTGludXgiLCAiL3Vzci9zaGFyZS9tb2R1bGVmaWxlcy9Db3JlIiwgIi91c3Ivc2hhcmUvbG1vZC9sbW9kL21vZHVsZWZpbGVzL0NvcmUiLAp9LApzeXN0ZW1CYXNlTVBBVEggPSAiL2V0Yy9tb2R1bGVmaWxlczovdXNy\', \'SGE_O_HOST\': \'dev1\', \'HOSTNAME\': \'qb3-id326.wynton.ucsf.edu\', \'OPENBLAS_NUM_THREADS\': \'1\', \'__LMOD_REF_COUNT_CMAKE_INCLUDE_PATH\': \'/salilab/diva1/programs/x86_64linux/opencv-4.3.0/include/opencv4:1;/salilab/diva1/programs/x86_64linux/hdf5-1.10.7/include:1;/salilab/diva1/programs/x86_64linux/libtau-py27-1.0.1/include:1;/salilab/diva1/programs/x86_64linux/boost-1.73.0/include:1\', \'SGE_RSH_COMMAND\': \'builtin\', \'ENVIRONMENT\': \'BATCH\', \'IMP_DATA\': \'/wynton/group/sali/miha_rozic/Software/imp-develop/build/data\', \'REQUEST\': \'test1\', \'SGE_STDIN_PATH\': \'/dev/null\', \'SGE_CELL\': \'wynton\', \'_ModuleTable007_\': \'MjEuMyIsCndWID0gIjAwMDAwMDAwMC4wMDAwMDAwMjEuMDAwMDAwMDAzLip6ZmluYWwiLAp9LApbInB5dGhvbjMvc2NpcHkiXSA9IHsKZm4gPSAiL3NhbGlsYWIvZGl2YTEvaG9tZS9tb2R1bGVzL3B5dGhvbjMvc2NpcHkvMS4zLjIiLApmdWxsTmFtZSA9ICJweXRob24zL3NjaXB5LzEuMy4yIiwKbG9hZE9yZGVyID0gMTAsCnByb3BUID0ge30sCnN0YWNrRGVwdGggPSAxLApzdGF0dXMgPSAiYWN0aXZlIiwKdXNlck5hbWUgPSAicHl0aG9uMy9zY2lweS8xLjMuMiIsCndWID0gIjAwMDAwMDAwMS4wMDAwMDAwMDMuMDAwMDAwMDAyLip6ZmluYWwiLAp9LApbInNhbGktbGlicmFyaWVzIl0gPSB7CmZuID0gIi9zYWxpbGFiL2RpdmExL2hvbWUvbW9kdWxlcy9zYWxpLWxpYnJhcmll\', \'CMAKE_INCLUDE_PATH\': \'/salilab/diva1/programs/x86_64linux/opencv-4.3.0/include/opencv4:/salilab/diva1/programs/x86_64linux/hdf5-1.10.7/include:/salilab/diva1/programs/x86_64linux/libtau-py27-1.0.1/include:/salilab/diva1/programs/x86_64linux/boost-1.73.0/include\', \'__LMOD_REF_COUNT_LD_LIBRARY_PATH\': \'/salilab/diva1/programs/x86_64linux/numpy-py36-1.19.5/lib:1;/salilab/diva1/home/libs/x86_64/centos8:1;/salilab/diva1/home/libs/x86_64:1;/salilab/diva1/home/imp/main/20240607-af6f9d6a95/lib/release8:1;/salilab/diva1/programs/x86_64linux/opencv-4.3.0/lib64/rhel:1;/salilab/diva1/programs/x86_64linux/opencv-4.3.0/lib64:1;/salilab/diva1/programs/x86_64linux/hdf5-1.10.7/lib:1;/salilab/diva1/programs/x86_64linux/libtau-py27-1.0.1/lib64:1;/salilab/diva1/programs/x86_64linux/boost-1.73.0/lib64:1;/usr/lib64/openmpi/lib:1;/wynton/group/sali/miha_rozic/Software/imp-develop/build/lib:2;:1\', \'__LMOD_REF_COUNT_PKG_CONFIG_PATH\': \'/usr/lib64/openmpi/lib/pkgconfig:1\', \'_ModuleTable004_\': \'aGFyZS9tb2R1bGVmaWxlcy9tcGkvb3Blbm1waS14ODZfNjQiLApmdWxsTmFtZSA9ICJtcGkvb3Blbm1waS14ODZfNjQiLApsb2FkT3JkZXIgPSAyLApwcm9wVCA9IHt9LApzdGFja0RlcHRoID0gMCwKc3RhdHVzID0gImFjdGl2ZSIsCnVzZXJOYW1lID0gIm1waS9vcGVubXBpLXg4Nl82NCIsCndWID0gIipvcGVubXBpLip4LjAwMDAwMDA4Ni4qXy4wMDAwMDAwNjQuKnpmaW5hbCIsCn0sCm9wZW5jdiA9IHsKZm4gPSAiL3NhbGlsYWIvZGl2YTEvaG9tZS9tb2R1bGVzL29wZW5jdi80LjMuMCIsCmZ1bGxOYW1lID0gIm9wZW5jdi80LjMuMCIsCmxvYWRPcmRlciA9IDYsCnByb3BUID0ge30sCnN0YWNrRGVwdGggPSAxLApzdGF0dXMgPSAiYWN0aXZlIiwKdXNlck5hbWUgPSAib3Bl\', \'__LMOD_REF_COUNT_PYTHONPATH\': \'/salilab/diva1/programs/x86_64linux/scikit-py36-0.21.3/lib64/python3.6/site-packages:1;/salilab/diva1/programs/linux/joblib-0.17.0/lib/python3.6/site-packages:1;/salilab/diva1/programs/x86_64linux/scipy-py36-1.3.2/lib64/python3.6/site-packages:1;/salilab/diva1/programs/x86_64linux/numpy-py36-1.19.5/lib64/python3.6/site-packages:1;/salilab/diva1/home/imp/main/20240607-af6f9d6a95/lib/release8:1;/salilab/diva1/programs/x86_64linux/opencv-4.3.0/lib/python3.6/site-packages:1;/wynton/group/sali/miha_rozic/Software/imp-develop/build/lib:2;:1\', \'which_declare\': \'declare -f\', \'NHOSTS\': \'1\', \'SGE_O_WORKDIR\': \'/wynton/group/sali/miha_rozic/Input_information/SNAPSHOTS/central_directory/snapshot1_0min/run14\', \'USER\': \'rozicmiha\', \'SGE_TASK_ID\': \'undefined\', \'__LMOD_REF_COUNT_CMAKE_LIBRARY_PATH\': \'/salilab/diva1/programs/x86_64linux/opencv-4.3.0/lib64:1;/salilab/diva1/programs/x86_64linux/hdf5-1.10.7/lib:1;/salilab/diva1/programs/x86_64linux/libtau-py27-1.0.1/lib64:1;/salilab/diva1/programs/x86_64linux/boost-1.73.0/lib64:1\', \'SGE_TASK_FIRST\': \'undefined\', \'NSLOTS\': \'16\', \'__LMOD_REF_COUNT_MODULEPATH\': \'/salilab/diva1/home/modules:1;/etc/modulefiles:1;/usr/share/modulefiles:1;/usr/share/modulefiles/Linux:1;/usr/share/modulefiles/Core:1;/usr/share/lmod/lmod/modulefiles/Core:1\', \'PWD\': \'/wynton/group/sali/miha_rozic/Input_information/SNAPSHOTS/central_directory/snapshot1_0min/run14\', \'HOME\': \'/wynton/home/sali/rozicmiha\', \'NQUEUES\': \'1\', \'TMP\': \'/scratch/707241.1.member.q\', \'PE\': \'smp\', \'SGE_O_HOME\': \'/wynton/home/sali/rozicmiha\', \'LMOD_VERSION\': \'8.7.32\', \'JOB_NAME\': \'test1\', \'BASH_ENV\': \'/usr/share/lmod/lmod/init/bash\', \'MPI_FORTRAN_MOD_DIR\': \'/usr/lib64/gfortran/modules/openmpi\', \'SGE_TASK_LAST\': \'undefined\', \'MKL_NUM_THREADS\': \'1\', \'MPI_COMPILER\': \'openmpi-x86_64\', \'SGE_ACCOUNT\': \'sge\', \'SGE_ROOT\': \'/opt/sge\', \'MPI_SUFFIX\': \'_openmpi\', \'TMPDIR\': \'/scratch/707241.1.member.q\', \'RESTARTED\': \'0\', \'LMOD_sys\': \'Linux\', \'_ModuleTable001_\': \'X01vZHVsZVRhYmxlXyA9IHsKTVR2ZXJzaW9uID0gMywKY19yZWJ1aWxkVGltZSA9IGZhbHNlLApjX3Nob3J0VGltZSA9IGZhbHNlLApkZXB0aFQgPSB7fSwKZmFtaWx5ID0ge30sCm1UID0gewpTYWxpID0gewpmbiA9ICIvZXRjL21vZHVsZWZpbGVzL1NhbGkubHVhIiwKZnVsbE5hbWUgPSAiU2FsaSIsCmxvYWRPcmRlciA9IDEsCnByb3BUID0ge30sCnN0YWNrRGVwdGggPSAwLApzdGF0dXMgPSAiYWN0aXZlIiwKdXNlck5hbWUgPSAiU2FsaSIsCndWID0gIk0uKnpmaW5hbCIsCn0sCmJvb3N0ID0gewpmbiA9ICIvc2FsaWxhYi9kaXZhMS9ob21lL21vZHVsZXMvYm9vc3QvMS43My4wIiwKZnVsbE5hbWUgPSAiYm9vc3QvMS43My4wIiwKbG9hZE9yZGVyID0gMywKcHJvcFQgPSB7\', \'LOADEDMODULES\': \'Sali:mpi/openmpi-x86_64:boost/1.73.0:libtau/1.0.1:hdf5/1.10.7:opencv/4.3.0:imp/2.21.0:sali-libraries:python3/numpy/1.19.5:python3/scipy/1.3.2:python3/joblib/0.17.0:python3/scikit/0.21.3\', \'SGE_O_PATH\': \'/salilab/diva1/programs/x86_64linux/numpy-py36-1.19.5/bin:/salilab/diva1/home/imp/main/20240607-af6f9d6a95/bin/release8:/salilab/diva1/programs/x86_64linux/opencv-4.3.0/bin:/salilab/diva1/programs/x86_64linux/hdf5-1.10.7/bin:/wynton/home/sali/rozicmiha/.local/bin:/wynton/home/sali/rozicmiha/bin:/wynton/group/sali/miha_rozic/Software/imp-develop/build/bin:/wynton/group/sali/miha_rozic/Software/imp-develop/build/module_bin/EMageFit:/wynton/group/sali/miha_rozic/Software/imp-develop/build/module_bin/algebra:/wynton/group/sali/miha_rozic/Software/imp-develop/build/module_bin/atom:/wynton/group/sali/miha_rozic/Software/imp-develop/build/module_bin/benchmark:/wynton/group/sali/miha_rozic/Software/imp-develop/build/module_bin/cgal:/wynton/group/sali/miha_rozic/Software/imp-develop/build/module_bin/cnmultifit:/wynton/group/sali/miha_rozic/Software/imp-develop/build/module_bin/container:/wynton/group/sali/miha_rozic/Software/imp-develop/build/module_bin/core:/wynton/group/sali/miha_rozic/Software/imp-develop/build/module_bin/display:/wynton/group/sali/miha_rozic/Software/imp-develop/build/module_bin/domino:/wynton/group/sali/miha_rozic/Software/imp-develop/build/module_bin/em:/wynton/group/sali/miha_rozic/Software/imp-develop/build/module_bin/em2d:/wynton/group/sali/miha_rozic/Software/imp-develop/build/module_bin/example:/wynton/group/sali/miha_rozic/Software/imp-develop/build/module_bin/foxs:/wynton/group/sali/miha_rozic/Software/imp-develop/build/module_bin/gsl:/wynton/group/sali/miha_rozic/Software/imp-develop/build/module_bin/integrative_docking:/wynton/group/sali/miha_rozic/Software/imp-develop/build/module_bin/isd:/wynton/group/sali/miha_rozic/Software/imp-develop/build/module_bin/kernel:/wynton/group/sali/miha_rozic/Software/imp-develop/build/module_bin/kinematics:/wynton/group/sali/miha_rozic/Software/imp-develop/build/module_bin/kmeans:/wynton/group/sali/miha_rozic/Software/imp-develop/build/module_bin/misc:/wynton/group/sali/miha_rozic/Software/imp-develop/build/module_bin/mmcif:/wynton/group/sali/miha_rozic/Software/imp-develop/build/module_bin/modeller:/wynton/group/sali/miha_rozic/Software/imp-develop/build/module_bin/mpi:/wynton/group/sali/miha_rozic/Software/imp-develop/build/module_bin/multi_state:/wynton/group/sali/miha_rozic/Software/imp-develop/build/module_bin/multifit:/wynton/group/sali/miha_rozic/Software/imp-develop/build/module_bin/npc:/wynton/group/sali/miha_rozic/Software/imp-develop/build/module_bin/npcassembly:/wynton/group/sali/miha_rozic/Software/imp-develop/build/module_bin/parallel:/wynton/group/sali/miha_rozic/Software/imp-develop/build/module_bin/pepdock:/wynton/group/sali/miha_rozic/Software/imp-develop/build/module_bin/pmi:/wynton/group/sali/miha_rozic/Software/imp-develop/build/module_bin/rmf:/wynton/group/sali/miha_rozic/Software/imp-develop/build/module_bin/rotamer:/wynton/group/sali/miha_rozic/Software/imp-develop/build/module_bin/saxs:/wynton/group/sali/miha_rozic/Software/imp-develop/build/module_bin/saxs_merge:/wynton/group/sali/miha_rozic/Software/imp-develop/build/module_bin/score_functor:/wynton/group/sali/miha_rozic/Software/imp-develop/build/module_bin/scratch:/wynton/group/sali/miha_rozic/Software/imp-develop/build/module_bin/spb:/wynton/group/sali/miha_rozic/Software/imp-develop/build/module_bin/statistics:/wynton/group/sali/miha_rozic/Software/imp-develop/build/module_bin/symmetry:/wynton/group/sali/miha_rozic/Software/imp-develop/build/module_bin/test:/opt/sge/bin:/opt/sge/bin/lx-amd64:/usr/local/bin:/usr/bin:/usr/local/sbin:/usr/sbin\', \'SGE_O_SHELL\': \'/bin/bash\', \'_ModuleTable006_\': \'bWUgPSAicHl0aG9uMy9udW1weS8xLjE5LjUiLApsb2FkT3JkZXIgPSA5LApwcm9wVCA9IHt9LApzdGFja0RlcHRoID0gMiwKc3RhdHVzID0gImFjdGl2ZSIsCnVzZXJOYW1lID0gInB5dGhvbjMvbnVtcHkvMS4xOS41IiwKd1YgPSAiMDAwMDAwMDAxLjAwMDAwMDAxOS4wMDAwMDAwMDUuKnpmaW5hbCIsCn0sClsicHl0aG9uMy9zY2lraXQiXSA9IHsKZm4gPSAiL3NhbGlsYWIvZGl2YTEvaG9tZS9tb2R1bGVzL3B5dGhvbjMvc2Npa2l0LzAuMjEuMyIsCmZ1bGxOYW1lID0gInB5dGhvbjMvc2Npa2l0LzAuMjEuMyIsCmxvYWRPcmRlciA9IDEyLApwcm9wVCA9IHt9LApzdGFja0RlcHRoID0gMCwKc3RhdHVzID0gImFjdGl2ZSIsCnVzZXJOYW1lID0gInB5dGhvbjMvc2Npa2l0LzAu\', \'__LMOD_REF_COUNT_MANPATH\': \':2;/usr/share/man/openmpi-x86_64:1;/opt/sge/man:1;/usr/share/lmod/lmod/share/man:1\', \'MPI_INCLUDE\': \'/usr/include/openmpi-x86_64\', \'_ModuleTable003_\': \'YW1lID0gImltcC8yLjIxLjAiLApsb2FkT3JkZXIgPSA3LApwcm9wVCA9IHt9LApzdGFja0RlcHRoID0gMCwKc3RhdHVzID0gImFjdGl2ZSIsCnVzZXJOYW1lID0gImltcCIsCndWID0gIl4wMDAwMDAwMi4wMDAwMDAwMjEuKnpmaW5hbCIsCn0sCmxpYnRhdSA9IHsKZm4gPSAiL3NhbGlsYWIvZGl2YTEvaG9tZS9tb2R1bGVzL2xpYnRhdS8xLjAuMSIsCmZ1bGxOYW1lID0gImxpYnRhdS8xLjAuMSIsCmxvYWRPcmRlciA9IDQsCnByb3BUID0ge30sCnN0YWNrRGVwdGggPSAxLApzdGF0dXMgPSAiYWN0aXZlIiwKdXNlck5hbWUgPSAibGlidGF1LzEuMC4xIiwKd1YgPSAiMDAwMDAwMDAxLjAwMDAwMDAwMC4wMDAwMDAwMDEuKnpmaW5hbCIsCn0sCm1waSA9IHsKZm4gPSAiL3Vzci9z\', \'LMOD_ROOT\': \'/usr/share/lmod\', \'SYSTEMCTL_SKIP_REDIRECT\': \'\', \'MAIL\': \'/var/spool/mail/rozicmiha\', \'SGE_CWD_PATH\': \'/wynton/group/sali/miha_rozic/Input_information/SNAPSHOTS/central_directory/snapshot1_0min/run14\', \'MPI_HOME\': \'/usr/lib64/openmpi\', \'_ModuleTable009_\': \'L3NoYXJlL21vZHVsZWZpbGVzOi91c3Ivc2hhcmUvbW9kdWxlZmlsZXMvTGludXg6L3Vzci9zaGFyZS9tb2R1bGVmaWxlcy9Db3JlOi91c3Ivc2hhcmUvbG1vZC9sbW9kL21vZHVsZWZpbGVzL0NvcmUiLAp9Cg==\', \'SGE_TASK_STEPSIZE\': \'undefined\', \'SHELL\': \'/bin/bash\', \'TERM\': \'\', \'_ModuleTable_Sz_\': \'9\', \'SGE_JOB_SPOOL_DIR\': \'/var/spool/sge/wynton/qb3-id326/active_jobs/707241.1\', \'JOB_ID\': \'707241\', \'IMP_EXAMPLE_DATA\': \'/wynton/group/sali/miha_rozic/Software/imp-develop/build/doc/examples\', \'R_FUTURE_AVAILABLECORES_FALLBACK\': \'1\', \'JOB_SCRIPT\': \'/var/spool/sge/wynton/qb3-id326/job_scripts/707241\', \'SHLVL\': \'2\', \'SGE_O_LOGNAME\': \'rozicmiha\', \'SGE_O_MAIL\': \'/var/spool/mail/rozicmiha\', \'PYTHONPATH\': \'/salilab/diva1/programs/x86_64linux/scikit-py36-0.21.3/lib64/python3.6/site-packages:/salilab/diva1/programs/linux/joblib-0.17.0/lib/python3.6/site-packages:/salilab/diva1/programs/x86_64linux/scipy-py36-1.3.2/lib64/python3.6/site-packages:/salilab/diva1/programs/x86_64linux/numpy-py36-1.19.5/lib64/python3.6/site-packages:/salilab/diva1/home/imp/main/20240607-af6f9d6a95/lib/release8:/salilab/diva1/programs/x86_64linux/opencv-4.3.0/lib/python3.6/site-packages:/wynton/group/sali/miha_rozic/Software/imp-develop/build/lib::\', \'MANPATH\': \':/usr/share/man/openmpi-x86_64:/opt/sge/man:/usr/share/lmod/lmod/share/man\', \'MODULEPATH\': \'/salilab/diva1/home/modules:/etc/modulefiles:/usr/share/modulefiles:/usr/share/modulefiles/Linux:/usr/share/modulefiles/Core:/usr/share/lmod/lmod/modulefiles/Core\', \'MPI_SYSCONFIG\': \'/etc/openmpi-x86_64\', \'LOGNAME\': \'rozicmiha\', \'SYSTEMCTL_IGNORE_DEPENDENCIES\': \'\', \'MODULEPATH_ROOT\': \'/usr/share/modulefiles\', \'PATH\': \'/salilab/diva1/programs/x86_64linux/numpy-py36-1.19.5/bin:/salilab/diva1/home/imp/main/20240607-af6f9d6a95/bin/release8:/salilab/diva1/programs/x86_64linux/opencv-4.3.0/bin:/salilab/diva1/programs/x86_64linux/hdf5-1.10.7/bin:/usr/lib64/openmpi/bin:/wynton/home/sali/rozicmiha/.local/bin:/wynton/home/sali/rozicmiha/bin:/wynton/group/sali/miha_rozic/Software/imp-develop/build/bin:/wynton/group/sali/miha_rozic/Software/imp-develop/build/module_bin/EMageFit:/wynton/group/sali/miha_rozic/Software/imp-develop/build/module_bin/algebra:/wynton/group/sali/miha_rozic/Software/imp-develop/build/module_bin/atom:/wynton/group/sali/miha_rozic/Software/imp-develop/build/module_bin/benchmark:/wynton/group/sali/miha_rozic/Software/imp-develop/build/module_bin/cgal:/wynton/group/sali/miha_rozic/Software/imp-develop/build/module_bin/cnmultifit:/wynton/group/sali/miha_rozic/Software/imp-develop/build/module_bin/container:/wynton/group/sali/miha_rozic/Software/imp-develop/build/module_bin/core:/wynton/group/sali/miha_rozic/Software/imp-develop/build/module_bin/display:/wynton/group/sali/miha_rozic/Software/imp-develop/build/module_bin/domino:/wynton/group/sali/miha_rozic/Software/imp-develop/build/module_bin/em:/wynton/group/sali/miha_rozic/Software/imp-develop/build/module_bin/em2d:/wynton/group/sali/miha_rozic/Software/imp-develop/build/module_bin/example:/wynton/group/sali/miha_rozic/Software/imp-develop/build/module_bin/foxs:/wynton/group/sali/miha_rozic/Software/imp-develop/build/module_bin/gsl:/wynton/group/sali/miha_rozic/Software/imp-develop/build/module_bin/integrative_docking:/wynton/group/sali/miha_rozic/Software/imp-develop/build/module_bin/isd:/wynton/group/sali/miha_rozic/Software/imp-develop/build/module_bin/kernel:/wynton/group/sali/miha_rozic/Software/imp-develop/build/module_bin/kinematics:/wynton/group/sali/miha_rozic/Software/imp-develop/build/module_bin/kmeans:/wynton/group/sali/miha_rozic/Software/imp-develop/build/module_bin/misc:/wynton/group/sali/miha_rozic/Software/imp-develop/build/module_bin/mmcif:/wynton/group/sali/miha_rozic/Software/imp-develop/build/module_bin/modeller:/wynton/group/sali/miha_rozic/Software/imp-develop/build/module_bin/mpi:/wynton/group/sali/miha_rozic/Software/imp-develop/build/module_bin/multi_state:/wynton/group/sali/miha_rozic/Software/imp-develop/build/module_bin/multifit:/wynton/group/sali/miha_rozic/Software/imp-develop/build/module_bin/npc:/wynton/group/sali/miha_rozic/Software/imp-develop/build/module_bin/npcassembly:/wynton/group/sali/miha_rozic/Software/imp-develop/build/module_bin/parallel:/wynton/group/sali/miha_rozic/Software/imp-develop/build/module_bin/pepdock:/wynton/group/sali/miha_rozic/Software/imp-develop/build/module_bin/pmi:/wynton/group/sali/miha_rozic/Software/imp-develop/build/module_bin/rmf:/wynton/group/sali/miha_rozic/Software/imp-develop/build/module_bin/rotamer:/wynton/group/sali/miha_rozic/Software/imp-develop/build/module_bin/saxs:/wynton/group/sali/miha_rozic/Software/imp-develop/build/module_bin/saxs_merge:/wynton/group/sali/miha_rozic/Software/imp-develop/build/module_bin/score_functor:/wynton/group/sali/miha_rozic/Software/imp-develop/build/module_bin/scratch:/wynton/group/sali/miha_rozic/Software/imp-develop/build/module_bin/spb:/wynton/group/sali/miha_rozic/Software/imp-develop/build/module_bin/statistics:/wynton/group/sali/miha_rozic/Software/imp-develop/build/module_bin/symmetry:/wynton/group/sali/miha_rozic/Software/imp-develop/build/module_bin/test:/opt/sge/bin:/opt/sge/bin/lx-amd64:/scratch/707241.1.member.q:/usr/local/bin:/bin:/usr/bin:/usr/local/sbin:/usr/sbin\', \'MPI_BIN\': \'/usr/lib64/openmpi/bin\', \'SGE_STDERR_PATH\': \'/wynton/group/sali/miha_rozic/Input_information/SNAPSHOTS/central_directory/snapshot1_0min/run14/test1.o707241\', \'_LMFILES_\': \'/etc/modulefiles/Sali.lua:/usr/share/modulefiles/mpi/openmpi-x86_64:/salilab/diva1/home/modules/boost/1.73.0:/salilab/diva1/home/modules/libtau/1.0.1:/salilab/diva1/home/modules/hdf5/1.10.7:/salilab/diva1/home/modules/opencv/4.3.0:/salilab/diva1/home/modules/imp/2.21.0:/salilab/diva1/home/modules/sali-libraries:/salilab/diva1/home/modules/python3/numpy/1.19.5:/salilab/diva1/home/modules/python3/scipy/1.3.2:/salilab/diva1/home/modules/python3/joblib/0.17.0:/salilab/diva1/home/modules/python3/scikit/0.21.3\', \'DEBUGINFOD_URLS\': \'https://debuginfod.centos.org/ \', \'MODULESHOME\': \'/usr/share/lmod/lmod\', \'PKG_CONFIG_PATH\': \'/usr/lib64/openmpi/lib/pkgconfig\', \'LMOD_SETTARG_FULL_SUPPORT\': \'no\', \'HISTSIZE\': \'1000\', \'SGE_ARCH\': \'lx-amd64\', \'LMOD_PKG\': \'/usr/share/lmod/lmod\', \'CMAKE_LIBRARY_PATH\': \'/salilab/diva1/programs/x86_64linux/opencv-4.3.0/lib64:/salilab/diva1/programs/x86_64linux/hdf5-1.10.7/lib:/salilab/diva1/programs/x86_64linux/libtau-py27-1.0.1/lib64:/salilab/diva1/programs/x86_64linux/boost-1.73.0/lib64\', \'ARC\': \'lx-amd64\', \'MPI_LIB\': \'/usr/lib64/openmpi/lib\', \'SGE_BINARY_PATH\': \'/opt/sge/bin/lx-amd64\', \'SGE_STDOUT_PATH\': \'/wynton/group/sali/miha_rozic/Input_information/SNAPSHOTS/central_directory/snapshot1_0min/run14/test1.o707241\', \'_ModuleTable005_\': \'bmN2LzQuMy4wIiwKd1YgPSAiMDAwMDAwMDA0LjAwMDAwMDAwMy4qemZpbmFsIiwKfSwKWyJweXRob24zL2pvYmxpYiJdID0gewpmbiA9ICIvc2FsaWxhYi9kaXZhMS9ob21lL21vZHVsZXMvcHl0aG9uMy9qb2JsaWIvMC4xNy4wIiwKZnVsbE5hbWUgPSAicHl0aG9uMy9qb2JsaWIvMC4xNy4wIiwKbG9hZE9yZGVyID0gMTEsCnByb3BUID0ge30sCnN0YWNrRGVwdGggPSAxLApzdGF0dXMgPSAiYWN0aXZlIiwKdXNlck5hbWUgPSAicHl0aG9uMy9qb2JsaWIiLAp3ViA9ICIwMDAwMDAwMDAuMDAwMDAwMDE3Lip6ZmluYWwiLAp9LApbInB5dGhvbjMvbnVtcHkiXSA9IHsKZm4gPSAiL3NhbGlsYWIvZGl2YTEvaG9tZS9tb2R1bGVzL3B5dGhvbjMvbnVtcHkvMS4xOS41IiwKZnVsbE5h\', \'LMOD_CMD\': \'/usr/share/lmod/lmod/libexec/lmod\', \'REQNAME\': \'test1\', \'IMP_BIN_DIR\': \'/wynton/group/sali/miha_rozic/Software/imp-develop/build/bin\', \'MPI_MAN\': \'/usr/share/man/openmpi-x86_64\', \'LESSOPEN\': \'||/usr/bin/lesspipe.sh %s\', \'OMP_NUM_THREADS\': \'1\', \'SGE_CLUSTER_NAME\': \'wynton_cluster\', \'LMOD_DIR\': \'/usr/share/lmod/lmod/libexec\', \'BASH_FUNC_which%%\': \'() {  ( alias;\\n eval ${which_declare} ) | /usr/bin/which --tty-only --read-alias --read-functions --show-tilde --show-dot $@\\n}\', \'BASH_FUNC_module%%\': \'() {  if [ -z "${LMOD_SH_DBG_ON+x}" ]; then\\n case "$-" in \\n *v*x*)\\n __lmod_sh_dbg=\\\'vx\\\'\\n ;;\\n *v*)\\n __lmod_sh_dbg=\\\'v\\\'\\n ;;\\n *x*)\\n __lmod_sh_dbg=\\\'x\\\'\\n ;;\\n esac;\\n fi;\\n if [ -n "${__lmod_sh_dbg:-}" ]; then\\n set +$__lmod_sh_dbg;\\n echo "Shell debugging temporarily silenced: export LMOD_SH_DBG_ON=1 for Lmod\\\'s output" 1>&2;\\n fi;\\n eval "$($LMOD_CMD shell "$@")" && eval "$(${LMOD_SETTARG_CMD:-:} -s sh)";\\n __lmod_my_status=$?;\\n if [ -n "${__lmod_sh_dbg:-}" ]; then\\n echo "Shell debugging restarted" 1>&2;\\n set -$__lmod_sh_dbg;\\n fi;\\n unset __lmod_sh_dbg;\\n return $__lmod_my_status\\n}\', \'BASH_FUNC_ml%%\': \'() {  eval "$($LMOD_DIR/ml_cmd "$@")"\\n}\', \'_\': \'/usr/lib64/openmpi/bin/mpirun\', \'IPATH_NO_BACKTRACE\': \'1\', \'HFI_NO_BACKTRACE\': \'1\', \'OMPI_MCA_orte_local_daemon_uri\': \'172621824.0;tcp://172.26.39.76:44149\', \'OMPI_MCA_orte_hnp_uri\': \'172621824.0;tcp://172.26.39.76:44149\', \'OMPI_MCA_mpi_oversubscribe\': \'0\', \'OMPI_MCA_orte_app_num\': \'0\', \'OMPI_UNIVERSE_SIZE\': \'16\', \'OMPI_MCA_orte_num_nodes\': \'1\', \'OMPI_MCA_shmem_RUNTIME_QUERY_hint\': \'mmap\', \'OMPI_MCA_orte_bound_at_launch\': \'1\', \'OMPI_MCA_ess\': \'^singleton\', \'OMPI_MCA_orte_ess_num_procs\': \'16\', \'OMPI_COMM_WORLD_SIZE\': \'16\', \'OMPI_COMM_WORLD_LOCAL_SIZE\': \'16\', \'OMPI_MCA_orte_tmpdir_base\': \'/scratch/707241.1.member.q\', \'OMPI_MCA_orte_top_session_dir\': \'/scratch/707241.1.member.q/ompi.qb3-id326.11149\', \'OMPI_MCA_orte_jobfam_session_dir\': \'/scratch/707241.1.member.q/ompi.qb3-id326.11149/pid.894544\', \'OMPI_NUM_APP_CTX\': \'1\', \'OMPI_FIRST_RANKS\': \'0\', \'OMPI_APP_CTX_NUM_PROCS\': \'16\', \'OMPI_MCA_initial_wdir\': \'/wynton/group/sali/miha_rozic/Input_information/SNAPSHOTS/central_directory/snapshot1_0min/run14\', \'OMPI_MCA_orte_launch\': \'1\', \'PMIX_NAMESPACE\': \'172621825\', \'PMIX_RANK\': \'10\', \'PMIX_SERVER_URI2\': \'172621824.0;tcp4://127.0.0.1:38771\', \'PMIX_SERVER_URI21\': \'172621824.0;tcp4://127.0.0.1:38771\', \'PMIX_SECURITY_MODE\': \'native,none\', \'PMIX_PTL_MODULE\': \'tcp,usock\', \'PMIX_BFROP_BUFFER_TYPE\': \'PMIX_BFROP_BUFFER_NON_DESC\', \'PMIX_GDS_MODULE\': \'ds21,ds12,hash\', \'PMIX_SERVER_TMPDIR\': \'/scratch/707241.1.member.q/ompi.qb3-id326.11149/pid.894544\', \'PMIX_SYSTEM_TMPDIR\': \'/scratch/707241.1.member.q\', \'PMIX_DSTORE_21_BASE_PATH\': \'/scratch/707241.1.member.q/ompi.qb3-id326.11149/pid.894544/pmix_dstor_ds21_894544\', \'PMIX_DSTORE_ESH_BASE_PATH\': \'/scratch/707241.1.member.q/ompi.qb3-id326.11149/pid.894544/pmix_dstor_ds12_894544\', \'OMPI_MCA_ess_base_jobid\': \'172621825\', \'OMPI_MCA_ess_base_vpid\': \'10\', \'OMPI_COMM_WORLD_RANK\': \'10\', \'OMPI_COMM_WORLD_LOCAL_RANK\': \'10\', \'OMPI_COMM_WORLD_NODE_RANK\': \'10\', \'OMPI_MCA_orte_ess_node_rank\': \'10\', \'PMIX_ID\': \'172621825.10\', \'OMPI_FILE_LOCATION\': \'/scratch/707241.1.member.q/ompi.qb3-id326.11149/pid.894544/0/0\', \'KMP_DUPLICATE_LIB_OK\': \'True\', \'KMP_INIT_AT_FORK\': \'FALSE\'})', 'STAT2HEADER_IMP_VERSIONS': "{'IMP_VERSION': '2.21.0', 'PMI_VERSION': '2.21.0'}", 0: 'ReplicaExchange_SwapSuccessRatio', 1: 'ReplicaExchange_MinTempFrequency', 2: 'ReplicaExchange_MaxTempFrequency', 3: 'ReplicaExchange_CurrentTemp', 4: 'score'} 
{0: '0', 1: '0', 2: '0', 3: '1.842015749320195', 4: inf} 
{0: '0.0', 1: '0.0', 2: '0.0', 3: '1.842015749320195', 4: inf} 
{0: '0.0', 1: '0.0', 2: '0.0', 3: '1.842015749320195', 4: inf} 
{0: '0.0', 1: '0.0', 2: '0.0', 3: '1.842015749320195', 4: inf} 
{0: '0.0', 1: '0.0', 2: '0.0', 3: '1.842015749320195', 4: inf} 
{0: '0.0', 1: '0.0', 2: '0.0', 3: '1.842015749320195', 4: inf} 
{0: '0.0', 1: '0.0', 2: '0.0', 3: '1.842015749320195', 4: inf} 
{0: '0.0', 1: '0.0', 2: '0.0', 3: '1.842015749320195', 4: inf} 
{0: '0.0', 1: '0.0', 2: '0.0', 3: '1.842015749320195', 4: inf} 
{0: '0.0', 1: '0.0', 2: '0.0', 3: '1.842015749320195', 4: inf} 
{0: '0.0', 1: '0.0', 2: '0.0', 3: '1.842015749320195', 4: inf} 
{0: '0.0', 1: '0.0', 2: '0.0', 3: '1.842015749320195', 4: inf} 
{0: '0.0', 1: '0.0', 2: '0.0', 3: '1.842015749320195', 4: inf} 
{0: '0.0', 1: '0.0', 2: '0.0', 3: '1.842015749320195', 4: inf} 
{0: '0.0', 1: '0.0', 2: '0.0', 3: '1.842015749320195', 4: inf} 
{0: '0.0', 1: '0.0', 2: '0.0', 3: '1.842015749320195', 4: inf} 
{0: '0.0', 1: '0.0', 2: '0.0', 3: '1.842015749320195', 4: inf} 
{0: '0.0', 1: '0.0', 2: '0.0', 3: '1.842015749320195', 4: inf} 
{0: '0.0', 1: '0.0', 2: '0.0', 3: '1.842015749320195', 4: inf} 
{0: '0.0', 1: '0.0', 2: '0.0', 3: '1.842015749320195', 4: inf} 
{0: '0.0', 1: '0.0', 2: '0.0', 3: '1.842015749320195', 4: inf} 
{0: '0.0', 1: '0.0', 2: '0.0', 3: '1.842015749320195', 4: inf} 
{0: '0.0', 1: '0.0', 2: '0.0', 3: '1.842015749320195', 4: inf} 
{0: '0.0', 1: '0.0', 2: '0.0', 3: '1.842015749320195', 4: inf} 
{0: '0.0', 1: '0.0', 2: '0.0', 3: '1.842015749320195', 4: inf} 
{0: '0.0', 1: '0.0', 2: '0.0', 3: '1.842015749320195', 4: inf} 
{0: '0.0', 1: '0.0', 2: '0.0', 3: '1.842015749320195', 4: inf} 
{0: '0.0', 1: '0.0', 2: '0.0', 3: '1.842015749320195', 4: inf} 
{0: '0.0', 1: '0.0', 2: '0.0', 3: '1.842015749320195', 4: inf} 
{0: '0.0', 1: '0.0', 2: '0.0', 3: '1.842015749320195', 4: inf} 
{0: '0.0', 1: '0.0', 2: '0.0', 3: '1.842015749320195', 4: inf} 
{0: '0.0', 1: '0.0', 2: '0.0', 3: '1.842015749320195', 4: inf} 
{0: '0.0', 1: '0.0', 2: '0.0', 3: '1.842015749320195', 4: inf} 
{0: '0.0', 1: '0.0', 2: '0.0', 3: '1.842015749320195', 4: inf} 
{0: '0.0', 1: '0.0', 2: '0.0', 3: '1.842015749320195', 4: inf} 
{0: '0.0', 1: '0.0', 2: '0.0', 3: '1.842015749320195', 4: inf} 
{0: '0.0', 1: '0.0', 2: '0.0', 3: '1.842015749320195', 4: inf} 
{0: '0.0', 1: '0.0', 2: '0.0', 3: '1.842015749320195', 4: inf} 
{0: '0.0', 1: '0.0', 2: '0.0', 3: '1.842015749320195', 4: inf} 
{0: '0.0', 1: '0.0', 2: '0.0', 3: '1.842015749320195', 4: inf} 
{0: '0.0', 1: '0.0', 2: '0.0', 3: '1.842015749320195', 4: inf} 
{0: '0.0', 1: '0.0', 2: '0.0', 3: '1.842015749320195', 4: inf} 
{0: '0.0', 1: '0.0', 2: '0.0', 3: '1.842015749320195', 4: inf} 
{0: '0.0', 1: '0.0', 2: '0.0', 3: '1.842015749320195', 4: inf} 
{0: '0.0', 1: '0.0', 2: '0.0', 3: '1.842015749320195', 4: inf} 
{0: '0.0', 1: '0.0', 2: '0.0', 3: '1.842015749320195', 4: inf} 
{0: '0.0', 1: '0.0', 2: '0.0', 3: '1.842015749320195', 4: inf} 
{0: '0.0', 1: '0.0', 2: '0.0', 3: '1.842015749320195', 4: inf} 
{0: '0.0', 1: '0.0', 2: '0.0', 3: '1.842015749320195', 4: inf} 
{0: '0.0', 1: '0.0', 2: '0.0', 3: '1.842015749320195', 4: inf} 
{0: '0.0', 1: '0.0', 2: '0.0', 3: '1.842015749320195', 4: inf} 
{0: '0.0', 1: '0.0', 2: '0.0', 3: '1.842015749320195', 4: inf} 
{0: '0.0', 1: '0.0', 2: '0.0', 3: '1.842015749320195', 4: inf} 
{0: '0.0', 1: '0.0', 2: '0.0', 3: '1.842015749320195', 4: inf} 
{0: '0.0', 1: '0.0', 2: '0.0', 3: '1.842015749320195', 4: inf} 
{0: '0.0', 1: '0.0', 2: '0.0', 3: '1.842015749320195', 4: inf} 
{0: '0.0', 1: '0.0', 2: '0.0', 3: '1.842015749320195', 4: inf} 
{0: '0.0', 1: '0.0', 2: '0.0', 3: '1.842015749320195', 4: inf} 
{0: '0.0', 1: '0.0', 2: '0.0', 3: '1.842015749320195', 4: inf} 
{0: '0.0', 1: '0.0', 2: '0.0', 3: '1.842015749320195', 4: inf} 
{0: '0.0', 1: '0.0', 2: '0.0', 3: '1.842015749320195', 4: inf} 
{0: '0.0', 1: '0.0', 2: '0.0', 3: '1.842015749320195', 4: inf} 
{0: '0.0', 1: '0.0', 2: '0.0', 3: '1.842015749320195', 4: inf} 
{0: '0.0', 1: '0.0', 2: '0.0', 3: '1.842015749320195', 4: inf} 
{0: '0.0', 1: '0.0', 2: '0.0', 3: '1.842015749320195', 4: inf} 
{0: '0.0', 1: '0.0', 2: '0.0', 3: '1.842015749320195', 4: inf} 
{0: '0.0', 1: '0.0', 2: '0.0', 3: '1.842015749320195', 4: inf} 
{0: '0.0', 1: '0.0', 2: '0.0', 3: '1.842015749320195', 4: inf} 
{0: '0.0', 1: '0.0', 2: '0.0', 3: '1.842015749320195', 4: inf} 
{0: '0.0', 1: '0.0', 2: '0.0', 3: '1.842015749320195', 4: inf} 
{0: '0.0', 1: '0.0', 2: '0.0', 3: '1.842015749320195', 4: inf} 
{0: '0.0', 1: '0.0', 2: '0.0', 3: '1.842015749320195', 4: inf} 
{0: '0.0', 1: '0.0', 2: '0.0', 3: '1.842015749320195', 4: inf} 
{0: '0.0', 1: '0.0', 2: '0.0', 3: '1.842015749320195', 4: inf} 
{0: '0.0', 1: '0.0', 2: '0.0', 3: '1.842015749320195', 4: inf} 
{0: '0.0', 1: '0.0', 2: '0.0', 3: '1.842015749320195', 4: inf} 
{0: '0.0', 1: '0.0', 2: '0.0', 3: '1.842015749320195', 4: inf} 
{0: '0.0', 1: '0.0', 2: '0.0', 3: '1.842015749320195', 4: inf} 
{0: '0.0', 1: '0.0', 2: '0.0', 3: '1.842015749320195', 4: inf} 
{0: '0.0', 1: '0.0', 2: '0.0', 3: '1.842015749320195', 4: inf} 
{0: '0.0', 1: '0.0', 2: '0.0', 3: '1.842015749320195', 4: inf} 
{0: '0.0', 1: '0.0', 2: '0.0', 3: '1.842015749320195', 4: inf} 
{0: '0.0', 1: '0.0', 2: '0.0', 3: '1.842015749320195', 4: inf} 
{0: '0.0', 1: '0.0', 2: '0.0', 3: '1.842015749320195', 4: inf} 
{0: '0.0', 1: '0.0', 2: '0.0', 3: '1.842015749320195', 4: inf} 
{0: '0.0', 1: '0.0', 2: '0.0', 3: '1.842015749320195', 4: inf} 
{0: '0.0', 1: '0.0', 2: '0.0', 3: '1.842015749320195', 4: inf} 
{0: '0.0', 1: '0.0', 2: '0.0', 3: '1.842015749320195', 4: inf} 
{0: '0.0', 1: '0.0', 2: '0.0', 3: '1.842015749320195', 4: inf} 
{0: '0.0', 1: '0.0', 2: '0.0', 3: '1.842015749320195', 4: inf} 
{0: '0.0', 1: '0.0', 2: '0.0', 3: '1.842015749320195', 4: inf} 
{0: '0.0', 1: '0.0', 2: '0.0', 3: '1.842015749320195', 4: inf} 
{0: '0.0', 1: '0.0', 2: '0.0', 3: '1.842015749320195', 4: inf} 
{0: '0.0', 1: '0.0', 2: '0.0', 3: '1.842015749320195', 4: inf} 
{0: '0.0', 1: '0.0', 2: '0.0', 3: '1.842015749320195', 4: inf} 
{0: '0.0', 1: '0.0', 2: '0.0', 3: '1.842015749320195', 4: inf} 
{0: '0.0', 1: '0.0', 2: '0.0', 3: '1.842015749320195', 4: inf} 
{0: '0.0', 1: '0.0', 2: '0.0', 3: '1.842015749320195', 4: inf} 
{0: '0.0', 1: '0.0', 2: '0.0', 3: '1.842015749320195', 4: inf} 
{0: '0.0', 1: '0.0', 2: '0.0', 3: '1.842015749320195', 4: inf} 
{0: '0.0', 1: '0.0', 2: '0.0', 3: '1.842015749320195', 4: inf} 
{0: '0.0', 1: '0.0', 2: '0.0', 3: '1.842015749320195', 4: inf} 
{0: '0.0', 1: '0.0', 2: '0.0', 3: '1.842015749320195', 4: inf} 
{0: '0.0', 1: '0.0', 2: '0.0', 3: '1.842015749320195', 4: inf} 
{0: '0.0', 1: '0.0', 2: '0.0', 3: '1.842015749320195', 4: inf} 
{0: '0.0', 1: '0.0', 2: '0.0', 3: '1.842015749320195', 4: inf} 
{0: '0.0', 1: '0.0', 2: '0.0', 3: '1.842015749320195', 4: inf} 
{0: '0.0', 1: '0.0', 2: '0.0', 3: '1.842015749320195', 4: inf} 
{0: '0.0', 1: '0.0', 2: '0.0', 3: '1.842015749320195', 4: inf} 
{0: '0.0', 1: '0.0', 2: '0.0', 3: '1.842015749320195', 4: inf} 
{0: '0.0', 1: '0.0', 2: '0.0', 3: '1.842015749320195', 4: inf} 
{0: '0.0', 1: '0.0', 2: '0.0', 3: '1.842015749320195', 4: inf} 
{0: '0.0', 1: '0.0', 2: '0.0', 3: '1.842015749320195', 4: inf} 
{0: '0.0', 1: '0.0', 2: '0.0', 3: '1.842015749320195', 4: inf} 
{0: '0.0', 1: '0.0', 2: '0.0', 3: '1.842015749320195', 4: inf} 
{0: '0.0', 1: '0.0', 2: '0.0', 3: '1.842015749320195', 4: inf} 
{0: '0.0', 1: '0.0', 2: '0.0', 3: '1.842015749320195', 4: inf} 
{0: '0.0', 1: '0.0', 2: '0.0', 3: '1.842015749320195', 4: inf} 
{0: '0.0', 1: '0.0', 2: '0.0', 3: '1.842015749320195', 4: inf} 
{0: '0.0', 1: '0.0', 2: '0.0', 3: '1.842015749320195', 4: inf} 
{0: '0.0', 1: '0.0', 2: '0.0', 3: '1.842015749320195', 4: inf} 
{0: '0.0', 1: '0.0', 2: '0.0', 3: '1.842015749320195', 4: inf} 
{0: '0.0', 1: '0.0', 2: '0.0', 3: '1.842015749320195', 4: inf} 
{0: '0.0', 1: '0.0', 2: '0.0', 3: '1.842015749320195', 4: inf} 
{0: '0.0', 1: '0.0', 2: '0.0', 3: '1.842015749320195', 4: inf} 
{0: '0.0', 1: '0.0', 2: '0.0', 3: '1.842015749320195', 4: inf} 
{0: '0.0', 1: '0.0', 2: '0.0', 3: '1.842015749320195', 4: inf} 
{0: '0.0', 1: '0.0', 2: '0.0', 3: '1.842015749320195', 4: inf} 
{0: '0.0', 1: '0.0', 2: '0.0', 3: '1.842015749320195', 4: inf} 
{0: '0.0', 1: '0.0', 2: '0.0', 3: '1.842015749320195', 4: inf} 
{0: '0.0', 1: '0.0', 2: '0.0', 3: '1.842015749320195', 4: inf} 
{0: '0.0', 1: '0.0', 2: '0.0', 3: '1.842015749320195', 4: inf} 
{0: '0.0', 1: '0.0', 2: '0.0', 3: '1.842015749320195', 4: inf} 
{0: '0.0', 1: '0.0', 2: '0.0', 3: '1.842015749320195', 4: inf} 
{0: '0.0', 1: '0.0', 2: '0.0', 3: '1.842015749320195', 4: inf} 
{0: '0.0', 1: '0.0', 2: '0.0', 3: '1.842015749320195', 4: inf} 
{0: '0.0', 1: '0.0', 2: '0.0', 3: '1.842015749320195', 4: inf} 
{0: '0.0', 1: '0.0', 2: '0.0', 3: '1.842015749320195', 4: inf} 
{0: '0.0', 1: '0.0', 2: '0.0', 3: '1.842015749320195', 4: inf} 
{0: '0.0', 1: '0.0', 2: '0.0', 3: '1.842015749320195', 4: inf} 
{0: '0.0', 1: '0.0', 2: '0.0', 3: '1.842015749320195', 4: inf} 
{0: '0.0', 1: '0.0', 2: '0.0', 3: '1.842015749320195', 4: inf} 
{0: '0.0', 1: '0.0', 2: '0.0', 3: '1.842015749320195', 4: inf} 
{0: '0.0', 1: '0.0', 2: '0.0', 3: '1.842015749320195', 4: inf} 
{0: '0.0', 1: '0.0', 2: '0.0', 3: '1.842015749320195', 4: inf} 
{0: '0.0', 1: '0.0', 2: '0.0', 3: '1.842015749320195', 4: inf} 
{0: '0.0', 1: '0.0', 2: '0.0', 3: '1.842015749320195', 4: inf} 
{0: '0.0', 1: '0.0', 2: '0.0', 3: '1.842015749320195', 4: inf} 
{0: '0.0', 1: '0.0', 2: '0.0', 3: '1.842015749320195', 4: inf} 
{0: '0.0', 1: '0.0', 2: '0.0', 3: '1.842015749320195', 4: inf} 
{0: '0.0', 1: '0.0', 2: '0.0', 3: '1.842015749320195', 4: inf} 
{0: '0.0', 1: '0.0', 2: '0.0', 3: '1.842015749320195', 4: inf} 
{0: '0.0', 1: '0.0', 2: '0.0', 3: '1.842015749320195', 4: inf} 
{0: '0.0', 1: '0.0', 2: '0.0', 3: '1.842015749320195', 4: inf} 
{0: '0.0', 1: '0.0', 2: '0.0', 3: '1.842015749320195', 4: inf} 
{0: '0.0', 1: '0.0', 2: '0.0', 3: '1.842015749320195', 4: inf} 
{0: '0.0', 1: '0.0', 2: '0.0', 3: '1.842015749320195', 4: inf} 
{0: '0.0', 1: '0.0', 2: '0.0', 3: '1.842015749320195', 4: inf} 
{0: '0.0', 1: '0.0', 2: '0.0', 3: '1.842015749320195', 4: inf} 
{0: '0.0', 1: '0.0', 2: '0.0', 3: '1.842015749320195', 4: inf} 
{0: '0.0', 1: '0.0', 2: '0.0', 3: '1.842015749320195', 4: inf} 
{0: '0.0', 1: '0.0', 2: '0.0', 3: '1.842015749320195', 4: inf} 
{0: '0.0', 1: '0.0', 2: '0.0', 3: '1.842015749320195', 4: inf} 
{0: '0.0', 1: '0.0', 2: '0.0', 3: '1.842015749320195', 4: inf} 
{0: '0.0', 1: '0.0', 2: '0.0', 3: '1.842015749320195', 4: inf} 
{0: '0.0', 1: '0.0', 2: '0.0', 3: '1.842015749320195', 4: inf} 
{0: '0.0', 1: '0.0', 2: '0.0', 3: '1.842015749320195', 4: inf} 
{0: '0.0', 1: '0.0', 2: '0.0', 3: '1.842015749320195', 4: inf} 
{0: '0.0', 1: '0.0', 2: '0.0', 3: '1.842015749320195', 4: inf} 
{0: '0.0', 1: '0.0', 2: '0.0', 3: '1.842015749320195', 4: inf} 
{0: '0.0', 1: '0.0', 2: '0.0', 3: '1.842015749320195', 4: inf} 
{0: '0.0', 1: '0.0', 2: '0.0', 3: '1.842015749320195', 4: inf} 
{0: '0.0', 1: '0.0', 2: '0.0', 3: '1.842015749320195', 4: inf} 
{0: '0.0', 1: '0.0', 2: '0.0', 3: '1.842015749320195', 4: inf} 
{0: '0.0', 1: '0.0', 2: '0.0', 3: '1.842015749320195', 4: inf} 
{0: '0.0', 1: '0.0', 2: '0.0', 3: '1.842015749320195', 4: inf} 
{0: '0.0', 1: '0.0', 2: '0.0', 3: '1.842015749320195', 4: inf} 
{0: '0.0', 1: '0.0', 2: '0.0', 3: '1.842015749320195', 4: inf} 
{0: '0.0', 1: '0.0', 2: '0.0', 3: '1.842015749320195', 4: inf} 
{0: '0.0', 1: '0.0', 2: '0.0', 3: '1.842015749320195', 4: inf} 
{0: '0.0', 1: '0.0', 2: '0.0', 3: '1.842015749320195', 4: inf} 
{0: '0.0', 1: '0.0', 2: '0.0', 3: '1.842015749320195', 4: inf} 
{0: '0.0', 1: '0.0', 2: '0.0', 3: '1.842015749320195', 4: 15781.445800403102} 
{0: '0.00546448087431694', 1: '0.0', 2: '0.0', 3: '1.958045020027179', 4: 1328.191873020483} 
{0: '0.005434782608695652', 1: '0.0', 2: '0.0', 3: '1.958045020027179', 4: 432.16098528013407} 
{0: '0.005405405405405406', 1: '0.0', 2: '0.0', 3: '1.958045020027179', 4: 358.891003567073} 
{0: '0.005376344086021506', 1: '0.0', 2: '0.0', 3: '1.958045020027179', 4: 322.0045129613698} 
{0: '0.0106951871657754', 1: '0.0', 2: '0.0', 3: '1.842015749320195', 4: 312.84246117640697} 
{0: '0.015957446808510637', 1: '0.0', 2: '0.0', 3: '1.7328621078878674', 4: 306.93687713996457} 
{0: '0.021164021164021163', 1: '0.0', 2: '0.0', 3: '1.6301766616608926', 4: 239.851230068225} 
{0: '0.02631578947368421', 1: '0.0', 2: '0.0', 3: '1.5335761201812925', 4: 234.63831667297677} 
{0: '0.031413612565445025', 1: '0.0', 2: '0.0', 3: '1.4426999059072143', 4: 232.29087195243477} 
{0: '0.03125', 1: '0.0', 2: '0.0', 3: '1.4426999059072143', 4: 238.26514987245048} 
{0: '0.03626943005181347', 1: '0.0', 2: '0.0', 3: '1.5335761201812925', 4: 231.09861429530608} 
{0: '0.03608247422680412', 1: '0.0', 2: '0.0', 3: '1.5335761201812925', 4: 237.43856833153433} 
{0: '0.035897435897435895', 1: '0.0', 2: '0.0', 3: '1.5335761201812925', 4: 233.94096624770364} 
{0: '0.03571428571428571', 1: '0.0', 2: '0.0', 3: '1.5335761201812925', 4: 229.7663073730738} 
{0: '0.04060913705583756', 1: '0.0', 2: '0.0', 3: '1.4426999059072143', 4: 230.45868996525977} 
{0: '0.04040404040404041', 1: '0.0', 2: '0.0', 3: '1.4426999059072143', 4: 231.0172220453728} 
{0: '0.04522613065326633', 1: '0.0', 2: '0.0', 3: '1.5335761201812925', 4: 231.07646039575553} 
{0: '0.045', 1: '0.0', 2: '0.0', 3: '1.5335761201812925', 4: 235.64448381476365} 
{0: '0.04975124378109453', 1: '0.0', 2: '0.0', 3: '1.4426999059072143', 4: 236.90167250312834} 
{0: '0.04950495049504951', 1: '0.0', 2: '0.0', 3: '1.4426999059072143', 4: 229.97853347083685} 
{0: '0.04926108374384237', 1: '0.0', 2: '0.0', 3: '1.4426999059072143', 4: 236.27154156435648} 
{0: '0.049019607843137254', 1: '0.0', 2: '0.0', 3: '1.4426999059072143', 4: 235.7320921763754} 
{0: '0.05365853658536585', 1: '0.0', 2: '0.0', 3: '1.5335761201812925', 4: 230.4084002901448} 
{0: '0.05339805825242718', 1: '0.0', 2: '0.0', 3: '1.5335761201812925', 4: 232.02655997087282} 
{0: '0.057971014492753624', 1: '0.0', 2: '0.0', 3: '1.4426999059072143', 4: 233.2665082111058} 
{0: '0.057692307692307696', 1: '0.0', 2: '0.0', 3: '1.4426999059072143', 4: 232.7610786180598} 
{0: '0.06220095693779904', 1: '0.0', 2: '0.0', 3: '1.5335761201812925', 4: 231.09532765265553} 
{0: '0.06190476190476191', 1: '0.0', 2: '0.0', 3: '1.5335761201812925', 4: 228.62976485412472} 
{0: '0.06635071090047394', 1: '0.0', 2: '0.0', 3: '1.4426999059072143', 4: 234.47619820010289} 
{0: '0.0660377358490566', 1: '0.0', 2: '0.0', 3: '1.4426999059072143', 4: 233.97896993821715} 
{0: '0.07042253521126761', 1: '0.0', 2: '0.0', 3: '1.5335761201812925', 4: 232.0579934046075} 
{0: '0.07009345794392523', 1: '0.0', 2: '0.0', 3: '1.5335761201812925', 4: 228.7832582013308} 
{0: '0.07441860465116279', 1: '0.0', 2: '0.0', 3: '1.4426999059072143', 4: 228.46891499509925} 
{0: '0.07407407407407407', 1: '0.0', 2: '0.0', 3: '1.4426999059072143', 4: 230.73213075581467} 
{0: '0.07834101382488479', 1: '0.0', 2: '0.0', 3: '1.5335761201812925', 4: 235.79400145006863} 
{0: '0.0779816513761468', 1: '0.0', 2: '0.0', 3: '1.5335761201812925', 4: 240.8840899766642} 
{0: '0.0776255707762557', 1: '0.0', 2: '0.0', 3: '1.5335761201812925', 4: 232.9629818874183} 
{0: '0.07727272727272727', 1: '0.0', 2: '0.0', 3: '1.5335761201812925', 4: 235.90815119227852} 
{0: '0.07692307692307693', 1: '0.0', 2: '0.0', 3: '1.5335761201812925', 4: 229.5074305827194} 
{0: '0.07657657657657657', 1: '0.0', 2: '0.0', 3: '1.5335761201812925', 4: 235.77926680490077} 
{0: '0.08071748878923767', 1: '0.0', 2: '0.0', 3: '1.4426999059072143', 4: 232.8691529679236} 
{0: '0.08035714285714286', 1: '0.0', 2: '0.0', 3: '1.4426999059072143', 4: 234.16442645912437} 
{0: '0.08444444444444445', 1: '0.0', 2: '0.0', 3: '1.5335761201812925', 4: 235.6971257909958} 
{0: '0.084070796460177', 1: '0.0', 2: '0.0', 3: '1.5335761201812925', 4: 233.11808434148386} 
{0: '0.0881057268722467', 1: '0.0', 2: '0.0', 3: '1.4426999059072143', 4: 229.300856947515} 
{0: '0.08771929824561403', 1: '0.0', 2: '0.0', 3: '1.4426999059072143', 4: 232.94132341510405} 
{0: '0.09170305676855896', 1: '0.0', 2: '0.0', 3: '1.5335761201812925', 4: 230.78420792229832} 
{0: '0.09130434782608696', 1: '0.0', 2: '0.0', 3: '1.5335761201812925', 4: 232.10185594478537} 
{0: '0.09523809523809523', 1: '0.0', 2: '0.0', 3: '1.4426999059072143', 4: 233.6653677035792} 
{0: '0.09482758620689655', 1: '0.0', 2: '0.0', 3: '1.4426999059072143', 4: 229.9016578585409} 
{0: '0.09871244635193133', 1: '0.0', 2: '0.0', 3: '1.5335761201812925', 4: 244.2486072479327} 
{0: '0.09829059829059829', 1: '0.0', 2: '0.0', 3: '1.5335761201812925', 4: 231.92635166169867} 
{0: '0.10212765957446808', 1: '0.0', 2: '0.0', 3: '1.4426999059072143', 4: 238.2360616268375} 
{0: '0.1016949152542373', 1: '0.0', 2: '0.0', 3: '1.4426999059072143', 4: 244.83028991807825} 
{0: '0.10548523206751055', 1: '0.0', 2: '0.0', 3: '1.5335761201812925', 4: 233.04159869714215} 
{0: '0.10504201680672269', 1: '0.0', 2: '0.0', 3: '1.5335761201812925', 4: 238.0277352935239} 
{0: '0.1087866108786611', 1: '0.0', 2: '0.0', 3: '1.4426999059072143', 4: 240.16047723318707} 
{0: '0.10833333333333334', 1: '0.0', 2: '0.0', 3: '1.4426999059072143', 4: 233.62461254783406} 
{0: '0.1078838174273859', 1: '0.0', 2: '0.0', 3: '1.4426999059072143', 4: 231.853402444978} 
{0: '0.10743801652892562', 1: '0.0', 2: '0.0', 3: '1.4426999059072143', 4: 234.07266201993875} 
{0: '0.1111111111111111', 1: '0.0', 2: '0.0', 3: '1.5335761201812925', 4: 227.75260884219094} 
{0: '0.11065573770491803', 1: '0.0', 2: '0.0', 3: '1.5335761201812925', 4: 227.7633300017146} 
{0: '0.11428571428571428', 1: '0.0', 2: '0.0', 3: '1.4426999059072143', 4: 238.77991346204087} 
{0: '0.11382113821138211', 1: '0.0', 2: '0.0', 3: '1.4426999059072143', 4: 235.63066295176765} 
{0: '0.11740890688259109', 1: '0.0', 2: '0.0', 3: '1.5335761201812925', 4: 228.71726911047443} 
{0: '0.11693548387096774', 1: '0.0', 2: '0.0', 3: '1.5335761201812925', 4: 234.5819947259919} 
{0: '0.12048192771084337', 1: '0.0', 2: '0.0', 3: '1.4426999059072143', 4: 239.0336613914713} 
{0: '0.12', 1: '0.0', 2: '0.0', 3: '1.4426999059072143', 4: 228.24940660508577} 
{0: '0.12350597609561753', 1: '0.0', 2: '0.0', 3: '1.5335761201812925', 4: 233.40726537425263} 
{0: '0.12301587301587301', 1: '0.0', 2: '0.0', 3: '1.5335761201812925', 4: 234.45898928137703} 
{0: '0.12648221343873517', 1: '0.0', 2: '0.0', 3: '1.4426999059072143', 4: 239.19429173149962} 
{0: '0.12598425196850394', 1: '0.0', 2: '0.0', 3: '1.4426999059072143', 4: 235.87719801125544} 
{0: '0.12941176470588237', 1: '0.0', 2: '0.0', 3: '1.5335761201812925', 4: 233.93238546523872} 
{0: '0.12890625', 1: '0.0', 2: '0.0', 3: '1.5335761201812925', 4: 233.9267628620008} 
{0: '0.13229571984435798', 1: '0.0', 2: '0.0', 3: '1.4426999059072143', 4: 229.60976599449887} 
{0: '0.13178294573643412', 1: '0.0', 2: '0.0', 3: '1.4426999059072143', 4: 231.5071227259178} 
{0: '0.13513513513513514', 1: '0.0', 2: '0.0', 3: '1.5335761201812925', 4: 244.1675065264687} 
{0: '0.1346153846153846', 1: '0.0', 2: '0.0', 3: '1.5335761201812925', 4: 228.2067968572189} 
{0: '0.13793103448275862', 1: '0.0', 2: '0.0', 3: '1.4426999059072143', 4: 229.65536147257532} 
{0: '0.13740458015267176', 1: '0.0', 2: '0.0', 3: '1.4426999059072143', 4: 231.02508198701014} 
{0: '0.13688212927756654', 1: '0.0', 2: '0.0', 3: '1.4426999059072143', 4: 242.12996416109527} 
{0: '0.13636363636363635', 1: '0.0', 2: '0.0', 3: '1.4426999059072143', 4: 235.96096725718604} 
{0: '0.13962264150943396', 1: '0.0', 2: '0.0', 3: '1.5335761201812925', 4: 230.03531545575896} 
{0: '0.13909774436090225', 1: '0.0', 2: '0.0', 3: '1.5335761201812925', 4: 233.32605273278165} 
{0: '0.14232209737827714', 1: '0.0', 2: '0.0', 3: '1.4426999059072143', 4: 230.97011638594688} 
{0: '0.1417910447761194', 1: '0.0', 2: '0.0', 3: '1.4426999059072143', 4: 230.21062976808918} 
{0: '0.1449814126394052', 1: '0.0', 2: '0.0', 3: '1.5335761201812925', 4: 230.66245359712855} 
{0: '0.14444444444444443', 1: '0.0', 2: '0.0', 3: '1.5335761201812925', 4: 232.97367282085932} 
{0: '0.14760147601476015', 1: '0.0', 2: '0.0', 3: '1.4426999059072143', 4: 230.07770952410473} 
{0: '0.14705882352941177', 1: '0.0', 2: '0.0', 3: '1.4426999059072143', 4: 239.10613342322824} 
{0: '0.15018315018315018', 1: '0.0', 2: '0.0', 3: '1.5335761201812925', 4: 230.4731847567641} 
{0: '0.14963503649635038', 1: '0.0', 2: '0.0', 3: '1.5335761201812925', 4: 246.89342366774903} 
{0: '0.14909090909090908', 1: '0.0', 2: '0.0', 3: '1.5335761201812925', 4: 231.3362666454924} 
{0: '0.14855072463768115', 1: '0.0', 2: '0.0', 3: '1.5335761201812925', 4: 227.3230436041362} 
{0: '0.15162454873646208', 1: '0.0', 2: '0.0', 3: '1.4426999059072143', 4: 232.57281843439532} 
{0: '0.1510791366906475', 1: '0.0', 2: '0.0', 3: '1.4426999059072143', 4: 232.62458558680166} 
{0: '0.15412186379928317', 1: '0.0', 2: '0.0', 3: '1.5335761201812925', 4: 229.7698744733334} 
{0: '0.15357142857142858', 1: '0.0', 2: '0.0', 3: '1.5335761201812925', 4: 229.55053723104277} 
{0: '0.15658362989323843', 1: '0.0', 2: '0.0', 3: '1.4426999059072143', 4: 231.93895952675217} 
{0: '0.15602836879432624', 1: '0.0', 2: '0.0', 3: '1.4426999059072143', 4: 236.931191361862} 
{0: '0.15901060070671377', 1: '0.0', 2: '0.0', 3: '1.5335761201812925', 4: 235.20254086813648} 
{0: '0.15845070422535212', 1: '0.0', 2: '0.0', 3: '1.5335761201812925', 4: 236.56060627490476} 
{0: '0.16140350877192983', 1: '0.0', 2: '0.0', 3: '1.4426999059072143', 4: 232.96009656837583} 
{0: '0.16083916083916083', 1: '0.0', 2: '0.0', 3: '1.4426999059072143', 4: 235.74418796752218} 
{0: '0.16376306620209058', 1: '0.0', 2: '0.0', 3: '1.5335761201812925', 4: 231.5655078138175} 
{0: '0.16319444444444445', 1: '0.0', 2: '0.0', 3: '1.5335761201812925', 4: 234.8874251031222} 
{0: '0.16608996539792387', 1: '0.0', 2: '0.0', 3: '1.4426999059072143', 4: 233.75946621511892} 
{0: '0.16551724137931034', 1: '0.0', 2: '0.0', 3: '1.4426999059072143', 4: 236.26870496618457} 
{0: '0.16838487972508592', 1: '0.0', 2: '0.0', 3: '1.5335761201812925', 4: 239.97719625649728} 
{0: '0.1678082191780822', 1: '0.0', 2: '0.0', 3: '1.5335761201812925', 4: 234.3309320958525} 
{0: '0.17064846416382254', 1: '0.0', 2: '0.0', 3: '1.4426999059072143', 4: 232.20580281902838} 
{0: '0.17006802721088435', 1: '0.0', 2: '0.0', 3: '1.4426999059072143', 4: 234.4636404030537} 
{0: '0.17288135593220338', 1: '0.0', 2: '0.0', 3: '1.5335761201812925', 4: 234.40004425261202} 
{0: '0.17567567567567569', 1: '0.0', 2: '0.0', 3: '1.6301766616608926', 4: 232.20875459245235} 
{0: '0.1750841750841751', 1: '0.0', 2: '0.0', 3: '1.6301766616608926', 4: 234.81137662227636} 
{0: '0.17785234899328858', 1: '0.0', 2: '0.0', 3: '1.5335761201812925', 4: 236.4174057512947} 
{0: '0.1806020066889632', 1: '0.0', 2: '0.0', 3: '1.4426999059072143', 4: 228.29036194585137} 
{0: '0.18', 1: '0.0', 2: '0.0', 3: '1.4426999059072143', 4: 239.48093650983392} 
{0: '0.18272425249169436', 1: '0.0', 2: '0.0', 3: '1.5335761201812925', 4: 233.7378862912181} 
{0: '0.18211920529801323', 1: '0.0', 2: '0.0', 3: '1.5335761201812925', 4: 238.18304915316756} 
{0: '0.1848184818481848', 1: '0.0', 2: '0.0', 3: '1.4426999059072143', 4: 232.16197657180163} 
{0: '0.18421052631578946', 1: '0.0', 2: '0.0', 3: '1.4426999059072143', 4: 232.16090620958443} 
{0: '0.18688524590163935', 1: '0.0', 2: '0.0', 3: '1.5335761201812925', 4: 229.86821285427422} 
{0: '0.18627450980392157', 1: '0.0', 2: '0.0', 3: '1.5335761201812925', 4: 232.94921537565438} 
{0: '0.18892508143322476', 1: '0.0', 2: '0.0', 3: '1.4426999059072143', 4: 235.91467542543165} 
{0: '0.18831168831168832', 1: '0.0', 2: '0.0', 3: '1.4426999059072143', 4: 235.345352937841} 
{0: '0.19093851132686085', 1: '0.0', 2: '0.0', 3: '1.5335761201812925', 4: 236.95726234964718} 
{0: '0.19032258064516128', 1: '0.0', 2: '0.0', 3: '1.5335761201812925', 4: 237.5728607217989} 
{0: '0.18971061093247588', 1: '0.0', 2: '0.0', 3: '1.5335761201812925', 4: 234.87118558709048} 
{0: '0.1891025641025641', 1: '0.0', 2: '0.0', 3: '1.5335761201812925', 4: 226.40721345274522} 
{0: '0.19169329073482427', 1: '0.0', 2: '0.0', 3: '1.4426999059072143', 4: 230.8112624634249} 
{0: '0.1910828025477707', 1: '0.0', 2: '0.0', 3: '1.4426999059072143', 4: 231.3711762020344} 
{0: '0.19365079365079366', 1: '0.0', 2: '0.0', 3: '1.5335761201812925', 4: 236.45386487222572} 
{0: '0.1930379746835443', 1: '0.0', 2: '0.0', 3: '1.5335761201812925', 4: 232.17777291758205} 
{0: '0.19558359621451105', 1: '0.0', 2: '0.0', 3: '1.4426999059072143', 4: 229.35245990120865} 
{0: '0.1949685534591195', 1: '0.0', 2: '0.0', 3: '1.4426999059072143', 4: 236.2589606524148} 
{0: '0.1974921630094044', 1: '0.0', 2: '0.0', 3: '1.5335761201812925', 4: 226.07028848133643} 
{0: '0.196875', 1: '0.0', 2: '0.0', 3: '1.5335761201812925', 4: 238.21979849544473} 
{0: '0.19937694704049844', 1: '0.0', 2: '0.0', 3: '1.4426999059072143', 4: 233.3557604316019} 
{0: '0.19875776397515527', 1: '0.0', 2: '0.0', 3: '1.4426999059072143', 4: 232.35324222686293} 
{0: '0.20123839009287925', 1: '0.0', 2: '0.0', 3: '1.5335761201812925', 4: 227.73080200279125} 
{0: '0.2006172839506173', 1: '0.0', 2: '0.0', 3: '1.5335761201812925', 4: 226.47434512529784} 
{0: '0.20307692307692307', 1: '0.0', 2: '0.0', 3: '1.4426999059072143', 4: 245.52736991006407} 
{0: '0.20245398773006135', 1: '0.0', 2: '0.0', 3: '1.4426999059072143', 4: 231.22495477695722} 
{0: '0.20489296636085627', 1: '0.0', 2: '0.0', 3: '1.5335761201812925', 4: 230.7991458980521} 
{0: '0.2073170731707317', 1: '0.0', 2: '0.0', 3: '1.6301766616608926', 4: 233.6660124616695} 
{0: '0.2066869300911854', 1: '0.0', 2: '0.0', 3: '1.6301766616608926', 4: 235.7967322094069} 
{0: '0.20909090909090908', 1: '0.0', 2: '0.0', 3: '1.5335761201812925', 4: 233.28552024554622} 
{0: '0.21148036253776434', 1: '0.0', 2: '0.0', 3: '1.4426999059072143', 4: 229.36329599623525} 
{0: '0.21084337349397592', 1: '0.0', 2: '0.0', 3: '1.4426999059072143', 4: 230.66366823133055} 
{0: '0.2132132132132132', 1: '0.0', 2: '0.0', 3: '1.5335761201812925', 4: 232.15410604881762} 
{0: '0.2125748502994012', 1: '0.0', 2: '0.0', 3: '1.5335761201812925', 4: 238.6436423157846} 
{0: '0.21492537313432836', 1: '0.0', 2: '0.0', 3: '1.4426999059072143', 4: 231.59799048092577} 
{0: '0.21428571428571427', 1: '0.0', 2: '0.0', 3: '1.4426999059072143', 4: 236.96712273189218} 
{0: '0.2166172106824926', 1: '0.0', 2: '0.0', 3: '1.5335761201812925', 4: 236.67816989569678} 
{0: '0.21893491124260356', 1: '0.0', 2: '0.0', 3: '1.6301766616608926', 4: 230.68950301469766} 
{0: '0.2182890855457227', 1: '0.0', 2: '0.0', 3: '1.6301766616608926', 4: 233.05378472437258} 
{0: '0.22058823529411764', 1: '0.0', 2: '0.0', 3: '1.5335761201812925', 4: 228.95927714094645} 
{0: '0.22287390029325513', 1: '0.0', 2: '0.0', 3: '1.4426999059072143', 4: 228.39154108841797} 
{0: '0.2222222222222222', 1: '0.0', 2: '0.0', 3: '1.4426999059072143', 4: 229.87303496018697} 
{0: '0.22448979591836735', 1: '0.0', 2: '0.0', 3: '1.5335761201812925', 4: 230.11286408755686} 
{0: '0.2238372093023256', 1: '0.0', 2: '0.0', 3: '1.5335761201812925', 4: 239.67141002798903} 
{0: '0.22608695652173913', 1: '0.0', 2: '0.0', 3: '1.4426999059072143', 4: 233.9479310075382} 
{0: '0.2254335260115607', 1: '0.0', 2: '0.0', 3: '1.4426999059072143', 4: 230.7177062066257} 
{0: '0.2276657060518732', 1: '0.0', 2: '0.0', 3: '1.5335761201812925', 4: 236.08371340081752} 
{0: '0.22701149425287356', 1: '0.0', 2: '0.0', 3: '1.5335761201812925', 4: 235.4065244282216} 
{0: '0.22922636103151864', 1: '0.0', 2: '0.0', 3: '1.4426999059072143', 4: 234.46001200442538} 
{0: '0.22857142857142856', 1: '0.0', 2: '0.0', 3: '1.4426999059072143', 4: 231.89645386487842} 
{0: '0.23076923076923078', 1: '0.0', 2: '0.0', 3: '1.5335761201812925', 4: 227.95708400661988} 
{0: '0.23011363636363635', 1: '0.0', 2: '0.0', 3: '1.5335761201812925', 4: 234.9491880981243} 
{0: '0.23229461756373937', 1: '0.0', 2: '0.0', 3: '1.4426999059072143', 4: 234.6572878802975} 
{0: '0.23163841807909605', 1: '0.0', 2: '0.0', 3: '1.4426999059072143', 4: 235.36556187057695} 
{0: '0.23380281690140844', 1: '0.0', 2: '0.0', 3: '1.5335761201812925', 4: 230.69409799561674} 
{0: '0.23314606741573032', 1: '0.0', 2: '0.0', 3: '1.5335761201812925', 4: 234.96374161885328} 
{0: '0.23529411764705882', 1: '0.0', 2: '0.0', 3: '1.4426999059072143', 4: 238.19623464559194} 
{0: '0.2346368715083799', 1: '0.0', 2: '0.0', 3: '1.4426999059072143', 4: 237.37457697842592} 
{0: '0.23676880222841226', 1: '0.0', 2: '0.0', 3: '1.5335761201812925', 4: 229.82237224283068} 
{0: '0.2361111111111111', 1: '0.0', 2: '0.0', 3: '1.5335761201812925', 4: 227.76457866433577} 
{0: '0.23822714681440443', 1: '0.0', 2: '0.0', 3: '1.4426999059072143', 4: 228.00379993270462} 
{0: '0.23756906077348067', 1: '0.0', 2: '0.0', 3: '1.4426999059072143', 4: 227.6372870373386} 
{0: '0.2396694214876033', 1: '0.0', 2: '0.0', 3: '1.5335761201812925', 4: 236.59339509101798} 
{0: '0.23901098901098902', 1: '0.0', 2: '0.0', 3: '1.5335761201812925', 4: 235.24479675623107} 
{0: '0.2410958904109589', 1: '0.0', 2: '0.0', 3: '1.4426999059072143', 4: 231.4294882182072} 
{0: '0.24043715846994534', 1: '0.0', 2: '0.0', 3: '1.4426999059072143', 4: 225.51366346006918} 
{0: '0.24250681198910082', 1: '0.0', 2: '0.0', 3: '1.5335761201812925', 4: 237.6028658511515} 
{0: '0.2418478260869565', 1: '0.0', 2: '0.0', 3: '1.5335761201812925', 4: 239.9012493045318} 
{0: '0.24390243902439024', 1: '0.0', 2: '0.0', 3: '1.4426999059072143', 4: 229.53344799913677} 
{0: '0.24324324324324326', 1: '0.0', 2: '0.0', 3: '1.4426999059072143', 4: 232.78390325775285} 
{0: '0.24528301886792453', 1: '0.0', 2: '0.0', 3: '1.5335761201812925', 4: 234.42002623172078} 
{0: '0.2446236559139785', 1: '0.0', 2: '0.0', 3: '1.5335761201812925', 4: 232.47935048317362} 
{0: '0.24664879356568364', 1: '0.0', 2: '0.0', 3: '1.4426999059072143', 4: 232.37498138923422} 
{0: '0.24598930481283424', 1: '0.0', 2: '0.0', 3: '1.4426999059072143', 4: 235.14256851950427} 
{0: '0.248', 1: '0.0', 2: '0.0', 3: '1.5335761201812925', 4: 232.92576738422943} 
{0: '0.2473404255319149', 1: '0.0', 2: '0.0', 3: '1.5335761201812925', 4: 236.16255977879817} 
{0: '0.2493368700265252', 1: '0.0', 2: '0.0', 3: '1.4426999059072143', 4: 234.54724047983163} 
{0: '0.24867724867724866', 1: '0.0', 2: '0.0', 3: '1.4426999059072143', 4: 230.15284152699755} 
{0: '0.25065963060686014', 1: '0.0', 2: '0.0', 3: '1.5335761201812925', 4: 232.29272608348123} 
{0: '0.25', 1: '0.0', 2: '0.0', 3: '1.5335761201812925', 4: 234.52628503059634} 
{0: '0.25196850393700787', 1: '0.0', 2: '0.0', 3: '1.4426999059072143', 4: 234.5062715420117} 
{0: '0.2513089005235602', 1: '0.0', 2: '0.0', 3: '1.4426999059072143', 4: 234.05246708124108} 
{0: '0.2506527415143603', 1: '0.0', 2: '0.0', 3: '1.4426999059072143', 4: 241.04061750102363} 
{0: '0.25', 1: '0.0', 2: '0.0', 3: '1.4426999059072143', 4: 236.8764178808489} 
{0: '0.2519480519480519', 1: '0.0', 2: '0.0', 3: '1.5335761201812925', 4: 236.84833914151133} 
{0: '0.25129533678756477', 1: '0.0', 2: '0.0', 3: '1.5335761201812925', 4: 227.66635360519743} 
{0: '0.2532299741602067', 1: '0.0', 2: '0.0', 3: '1.4426999059072143', 4: 235.5169768717759} 
{0: '0.25257731958762886', 1: '0.0', 2: '0.0', 3: '1.4426999059072143', 4: 229.4410824756045} 
{0: '0.2544987146529563', 1: '0.0', 2: '0.0', 3: '1.5335761201812925', 4: 234.52527509673556} 
{0: '0.25384615384615383', 1: '0.0', 2: '0.0', 3: '1.5335761201812925', 4: 231.2750977412644} 
{0: '0.2557544757033248', 1: '0.0', 2: '0.0', 3: '1.4426999059072143', 4: 233.0248326226502} 
{0: '0.25510204081632654', 1: '0.0', 2: '0.0', 3: '1.4426999059072143', 4: 230.69580348889792} 
{0: '0.25699745547073793', 1: '0.0', 2: '0.0', 3: '1.5335761201812925', 4: 235.59191348085184} 
{0: '0.2563451776649746', 1: '0.0', 2: '0.0', 3: '1.5335761201812925', 4: 230.9098005037526} 
{0: '0.2582278481012658', 1: '0.0', 2: '0.0', 3: '1.4426999059072143', 4: 236.78718808903312} 
{0: '0.25757575757575757', 1: '0.0', 2: '0.0', 3: '1.4426999059072143', 4: 237.5824930280392} 
{0: '0.2594458438287154', 1: '0.0', 2: '0.0', 3: '1.5335761201812925', 4: 232.35612513276348} 
{0: '0.25879396984924624', 1: '0.0', 2: '0.0', 3: '1.5335761201812925', 4: 240.16444631099858} 
{0: '0.2606516290726817', 1: '0.0', 2: '0.0', 3: '1.4426999059072143', 4: 236.9524220420533} 
{0: '0.26', 1: '0.0', 2: '0.0', 3: '1.4426999059072143', 4: 229.64588193745672} 
{0: '0.26184538653366585', 1: '0.0', 2: '0.0', 3: '1.5335761201812925', 4: 229.47995093929754} 
{0: '0.26119402985074625', 1: '0.0', 2: '0.0', 3: '1.5335761201812925', 4: 230.83145340742584} 
{0: '0.2630272952853598', 1: '0.0', 2: '0.0', 3: '1.4426999059072143', 4: 228.29915676565727} 
{0: '0.2623762376237624', 1: '0.0', 2: '0.0', 3: '1.4426999059072143', 4: 229.1784742637841} 
{0: '0.2641975308641975', 1: '0.0', 2: '0.0', 3: '1.5335761201812925', 4: 238.3347025282014} 
{0: '0.26354679802955666', 1: '0.0', 2: '0.0', 3: '1.5335761201812925', 4: 232.02947322953653} 
{0: '0.26535626535626533', 1: '0.0', 2: '0.0', 3: '1.4426999059072143', 4: 234.76620527186205} 
{0: '0.2647058823529412', 1: '0.0', 2: '0.0', 3: '1.4426999059072143', 4: 234.915382251794} 
{0: '0.2665036674816626', 1: '0.0', 2: '0.0', 3: '1.5335761201812925', 4: 240.3911364783088} 
{0: '0.2658536585365854', 1: '0.0', 2: '0.0', 3: '1.5335761201812925', 4: 237.57055317386076} 
{0: '0.26763990267639903', 1: '0.0', 2: '0.0', 3: '1.4426999059072143', 4: 243.74573857338268} 
{0: '0.2669902912621359', 1: '0.0', 2: '0.0', 3: '1.4426999059072143', 4: 234.54310108064413} 
{0: '0.2687651331719128', 1: '0.0', 2: '0.0', 3: '1.5335761201812925', 4: 235.60346279739065} 
{0: '0.26811594202898553', 1: '0.0', 2: '0.0', 3: '1.5335761201812925', 4: 230.85218487412655} 
{0: '0.26987951807228916', 1: '0.0', 2: '0.0', 3: '1.4426999059072143', 4: 233.04888926871405} 
{0: '0.2692307692307692', 1: '0.0', 2: '0.0', 3: '1.4426999059072143', 4: 228.4317803235337} 
{0: '0.2685851318944844', 1: '0.0', 2: '0.0', 3: '1.4426999059072143', 4: 232.99361893815055} 
{0: '0.2679425837320574', 1: '0.0', 2: '0.0', 3: '1.4426999059072143', 4: 234.60838063622367} 
{0: '0.26968973747016706', 1: '0.0', 2: '0.0', 3: '1.5335761201812925', 4: 230.68282314963133} 
{0: '0.26904761904761904', 1: '0.0', 2: '0.0', 3: '1.5335761201812925', 4: 240.46840067762136} 
{0: '0.27078384798099764', 1: '0.0', 2: '0.0', 3: '1.4426999059072143', 4: 230.6826378919009} 
{0: '0.27014218009478674', 1: '0.0', 2: '0.0', 3: '1.4426999059072143', 4: 239.12141634599624} 
{0: '0.2718676122931442', 1: '0.0', 2: '0.0', 3: '1.5335761201812925', 4: 228.1990357156948} 
{0: '0.27122641509433965', 1: '0.0', 2: '0.0', 3: '1.5335761201812925', 4: 238.76881540980054} 
{0: '0.27294117647058824', 1: '0.0', 2: '0.0', 3: '1.4426999059072143', 4: 236.46786383273354} 
{0: '0.27230046948356806', 1: '0.0', 2: '0.0', 3: '1.4426999059072143', 4: 227.63818805758186} 
{0: '0.27400468384074944', 1: '0.0', 2: '0.0', 3: '1.5335761201812925', 4: 230.50820054383047} 
{0: '0.2733644859813084', 1: '0.0', 2: '0.0', 3: '1.5335761201812925', 4: 231.59195790102913} 
{0: '0.27505827505827507', 1: '0.0', 2: '0.0', 3: '1.4426999059072143', 4: 240.22374817008907} 
{0: '0.2744186046511628', 1: '0.0', 2: '0.0', 3: '1.4426999059072143', 4: 241.1187972168295} 
{0: '0.27610208816705334', 1: '0.0', 2: '0.0', 3: '1.5335761201812925', 4: 228.75521482982714} 
{0: '0.27546296296296297', 1: '0.0', 2: '0.0', 3: '1.5335761201812925', 4: 237.4680625368846} 
{0: '0.27713625866050806', 1: '0.0', 2: '0.0', 3: '1.4426999059072143', 4: 233.07109492666478} 
{0: '0.2764976958525346', 1: '0.0', 2: '0.0', 3: '1.4426999059072143', 4: 228.59085393446603} 
{0: '0.27816091954022987', 1: '0.0', 2: '0.0', 3: '1.5335761201812925', 4: 235.59612564665392} 
{0: '0.2775229357798165', 1: '0.0', 2: '0.0', 3: '1.5335761201812925', 4: 234.01204657119305} 
{0: '0.2791762013729977', 1: '0.0', 2: '0.0', 3: '1.4426999059072143', 4: 235.40189946852163} 
{0: '0.2785388127853881', 1: '0.0', 2: '0.0', 3: '1.4426999059072143', 4: 233.40392689690486} 
{0: '0.28018223234624146', 1: '0.0', 2: '0.0', 3: '1.5335761201812925', 4: 231.08644808067683} 
{0: '0.27954545454545454', 1: '0.0', 2: '0.0', 3: '1.5335761201812925', 4: 228.86245526044146} 
{0: '0.2811791383219955', 1: '0.0', 2: '0.0', 3: '1.4426999059072143', 4: 234.6155019807628} 
{0: '0.28054298642533937', 1: '0.0', 2: '0.0', 3: '1.4426999059072143', 4: 229.46687720121668} 
{0: '0.28216704288939054', 1: '0.0', 2: '0.0', 3: '1.5335761201812925', 4: 241.90374421563183} 
{0: '0.28153153153153154', 1: '0.0', 2: '0.0', 3: '1.5335761201812925', 4: 233.76289431140742} 
{0: '0.28314606741573034', 1: '0.0', 2: '0.0', 3: '1.4426999059072143', 4: 233.46683242586886} 
{0: '0.2825112107623318', 1: '0.0', 2: '0.0', 3: '1.4426999059072143', 4: 229.39677972848204} 
{0: '0.2841163310961969', 1: '0.0', 2: '0.0', 3: '1.5335761201812925', 4: 233.82552981040237} 
{0: '0.28348214285714285', 1: '0.0', 2: '0.0', 3: '1.5335761201812925', 4: 237.50114908997264} 
{0: '0.28507795100222716', 1: '0.0', 2: '0.0', 3: '1.4426999059072143', 4: 233.33009773899832} 
{0: '0.28444444444444444', 1: '0.0', 2: '0.0', 3: '1.4426999059072143', 4: 235.65656158554364} 
{0: '0.2860310421286031', 1: '0.0', 2: '0.0', 3: '1.5335761201812925', 4: 232.3111712030256} 
{0: '0.2853982300884956', 1: '0.0', 2: '0.0', 3: '1.5335761201812925', 4: 228.46327201420766} 
{0: '0.2869757174392936', 1: '0.0', 2: '0.0', 3: '1.4426999059072143', 4: 229.5128810586804} 
{0: '0.28634361233480177', 1: '0.0', 2: '0.0', 3: '1.4426999059072143', 4: 235.1132117857634} 
{0: '0.2879120879120879', 1: '0.0', 2: '0.0', 3: '1.5335761201812925', 4: 230.6492050915146} 
{0: '0.28728070175438597', 1: '0.0', 2: '0.0', 3: '1.5335761201812925', 4: 242.18547231076707} 
{0: '0.2888402625820569', 1: '0.0', 2: '0.0', 3: '1.4426999059072143', 4: 234.28062437647725} 
{0: '0.28820960698689957', 1: '0.0', 2: '0.0', 3: '1.4426999059072143', 4: 234.42313732632644} 
{0: '0.289760348583878', 1: '0.0', 2: '0.0', 3: '1.5335761201812925', 4: 234.08379655598088} 
{0: '0.2891304347826087', 1: '0.0', 2: '0.0', 3: '1.5335761201812925', 4: 229.98847220693287} 
{0: '0.29067245119305857', 1: '0.0', 2: '0.0', 3: '1.4426999059072143', 4: 229.22691217718102} 
{0: '0.29004329004329005', 1: '0.0', 2: '0.0', 3: '1.4426999059072143', 4: 234.68331511392194} 
{0: '0.2915766738660907', 1: '0.0', 2: '0.0', 3: '1.5335761201812925', 4: 229.0670564421183} 
{0: '0.29094827586206895', 1: '0.0', 2: '0.0', 3: '1.5335761201812925', 4: 231.58781510647123} 
{0: '0.2924731182795699', 1: '0.0', 2: '0.0', 3: '1.4426999059072143', 4: 240.98886443104968} 
{0: '0.2918454935622318', 1: '0.0', 2: '0.0', 3: '1.4426999059072143', 4: 226.63330798864254} 
{0: '0.29336188436830835', 1: '0.0', 2: '0.0', 3: '1.5335761201812925', 4: 230.85447418054255} 
{0: '0.29273504273504275', 1: '0.0', 2: '0.0', 3: '1.5335761201812925', 4: 237.79062491465473} 
{0: '0.2942430703624733', 1: '0.0', 2: '0.0', 3: '1.4426999059072143', 4: 231.30405197940303} 
{0: '0.2936170212765957', 1: '0.0', 2: '0.0', 3: '1.4426999059072143', 4: 230.44481038372092} 
{0: '0.2929936305732484', 1: '0.0', 2: '0.0', 3: '1.4426999059072143', 4: 233.03808133538556} 
{0: '0.2923728813559322', 1: '0.0', 2: '0.0', 3: '1.4426999059072143', 4: 233.23054727673986} 
{0: '0.2938689217758985', 1: '0.0', 2: '0.0', 3: '1.5335761201812925', 4: 237.5413366138579} 
{0: '0.29324894514767935', 1: '0.0', 2: '0.0', 3: '1.5335761201812925', 4: 232.97867232708063} 
{0: '0.29473684210526313', 1: '0.0', 2: '0.0', 3: '1.4426999059072143', 4: 238.22239597479384} 
{0: '0.29411764705882354', 1: '0.0', 2: '0.0', 3: '1.4426999059072143', 4: 228.6955787620098} 
{0: '0.29559748427672955', 1: '0.0', 2: '0.0', 3: '1.5335761201812925', 4: 232.21500080758193} 
{0: '0.29497907949790797', 1: '0.0', 2: '0.0', 3: '1.5335761201812925', 4: 237.95158020509635} 
{0: '0.29436325678496866', 1: '0.0', 2: '0.0', 3: '1.5335761201812925', 4: 228.52710299545456} 
{0: '0.29375', 1: '0.0', 2: '0.0', 3: '1.5335761201812925', 4: 229.512846616391} 
{0: '0.29521829521829523', 1: '0.0', 2: '0.0', 3: '1.4426999059072143', 4: 241.26459138181633} 
{0: '0.2946058091286307', 1: '0.0', 2: '0.0', 3: '1.4426999059072143', 4: 227.04976035716163} 
{0: '0.29606625258799174', 1: '0.0', 2: '0.0', 3: '1.5335761201812925', 4: 230.43727972221586} 
{0: '0.29545454545454547', 1: '0.0', 2: '0.0', 3: '1.5335761201812925', 4: 230.2335180893539} 
{0: '0.29690721649484536', 1: '0.0', 2: '0.0', 3: '1.4426999059072143', 4: 229.13806898282175} 
{0: '0.2962962962962963', 1: '0.0', 2: '0.0', 3: '1.4426999059072143', 4: 236.65179048453726} 
{0: '0.29568788501026694', 1: '0.0', 2: '0.0', 3: '1.4426999059072143', 4: 230.6721933003913} 
{0: '0.29508196721311475', 1: '0.0', 2: '0.0', 3: '1.4426999059072143', 4: 237.76804648979333} 
{0: '0.2965235173824131', 1: '0.0', 2: '0.0', 3: '1.5335761201812925', 4: 232.49806881591684} 
{0: '0.29591836734693877', 1: '0.0', 2: '0.0', 3: '1.5335761201812925', 4: 231.380207069122} 
{0: '0.2973523421588595', 1: '0.0', 2: '0.0', 3: '1.4426999059072143', 4: 228.86665998136795} 
{0: '0.2967479674796748', 1: '0.0', 2: '0.0', 3: '1.4426999059072143', 4: 231.13586603379255} 
{0: '0.29817444219066935', 1: '0.0', 2: '0.0', 3: '1.5335761201812925', 4: 235.36135279198464} 
{0: '0.2975708502024291', 1: '0.0', 2: '0.0', 3: '1.5335761201812925', 4: 235.43758791482153} 
{0: '0.298989898989899', 1: '0.0', 2: '0.0', 3: '1.4426999059072143', 4: 228.38587686354185} 
{0: '0.29838709677419356', 1: '0.0', 2: '0.0', 3: '1.4426999059072143', 4: 229.03708302167053} 
{0: '0.29979879275653926', 1: '0.0', 2: '0.0', 3: '1.5335761201812925', 4: 230.2254211656675} 
{0: '0.2991967871485944', 1: '0.0', 2: '0.0', 3: '1.5335761201812925', 4: 230.81613266341853} 
{0: '0.30060120240480964', 1: '0.0', 2: '0.0', 3: '1.4426999059072143', 4: 234.30687258087968} 
