{'STAT2HEADER': 'STAT2HEADER', 'STAT2HEADER_ENVIRON': 'environ({\'OMPI_MCA_pmix\': \'^s1,s2,cray,isolated\', \'PMIX_MCA_mca_base_component_show_load_errors\': \'1\', \'OMPI_COMMAND\': \'python3\', \'OMPI_ARGV\': \'static_snapshot.py 2 1min\', \'OMPI_MCA_orte_precondition_transports\': \'414ba7c044abe732-ee143f766931b484\', \'LD_LIBRARY_PATH\': \'/salilab/diva1/programs/x86_64linux/numpy-py36-1.19.5/lib:/salilab/diva1/home/libs/x86_64/centos8:/salilab/diva1/home/libs/x86_64:/salilab/diva1/home/imp/main/20240607-af6f9d6a95/lib/release8:/salilab/diva1/programs/x86_64linux/opencv-4.3.0/lib64/rhel:/salilab/diva1/programs/x86_64linux/opencv-4.3.0/lib64:/salilab/diva1/programs/x86_64linux/hdf5-1.10.7/lib:/salilab/diva1/programs/x86_64linux/libtau-py27-1.0.1/lib64:/salilab/diva1/programs/x86_64linux/boost-1.73.0/lib64:/usr/lib64/openmpi/lib:/wynton/group/sali/miha_rozic/Software/imp-develop/build/lib::\', \'IMP_TMP_DIR\': \'/wynton/group/sali/miha_rozic/Software/imp-develop/build/tmp\', \'PE_HOSTFILE\': \'/var/spool/sge/wynton/qb3-id246/active_jobs/708571.1/pe_hostfile\', \'__LMOD_REF_COUNT_PATH\': \'/salilab/diva1/programs/x86_64linux/numpy-py36-1.19.5/bin:1;/salilab/diva1/home/imp/main/20240607-af6f9d6a95/bin/release8:1;/salilab/diva1/programs/x86_64linux/opencv-4.3.0/bin:1;/salilab/diva1/programs/x86_64linux/hdf5-1.10.7/bin:1;/usr/lib64/openmpi/bin:1;/wynton/home/sali/rozicmiha/.local/bin:1;/wynton/home/sali/rozicmiha/bin:1;/wynton/group/sali/miha_rozic/Software/imp-develop/build/bin:1;/wynton/group/sali/miha_rozic/Software/imp-develop/build/module_bin/EMageFit:1;/wynton/group/sali/miha_rozic/Software/imp-develop/build/module_bin/algebra:1;/wynton/group/sali/miha_rozic/Software/imp-develop/build/module_bin/atom:1;/wynton/group/sali/miha_rozic/Software/imp-develop/build/module_bin/benchmark:1;/wynton/group/sali/miha_rozic/Software/imp-develop/build/module_bin/cgal:1;/wynton/group/sali/miha_rozic/Software/imp-develop/build/module_bin/cnmultifit:1;/wynton/group/sali/miha_rozic/Software/imp-develop/build/module_bin/container:1;/wynton/group/sali/miha_rozic/Software/imp-develop/build/module_bin/core:1;/wynton/group/sali/miha_rozic/Software/imp-develop/build/module_bin/display:1;/wynton/group/sali/miha_rozic/Software/imp-develop/build/module_bin/domino:1;/wynton/group/sali/miha_rozic/Software/imp-develop/build/module_bin/em:1;/wynton/group/sali/miha_rozic/Software/imp-develop/build/module_bin/em2d:1;/wynton/group/sali/miha_rozic/Software/imp-develop/build/module_bin/example:1;/wynton/group/sali/miha_rozic/Software/imp-develop/build/module_bin/foxs:1;/wynton/group/sali/miha_rozic/Software/imp-develop/build/module_bin/gsl:1;/wynton/group/sali/miha_rozic/Software/imp-develop/build/module_bin/integrative_docking:1;/wynton/group/sali/miha_rozic/Software/imp-develop/build/module_bin/isd:1;/wynton/group/sali/miha_rozic/Software/imp-develop/build/module_bin/kernel:1;/wynton/group/sali/miha_rozic/Software/imp-develop/build/module_bin/kinematics:1;/wynton/group/sali/miha_rozic/Software/imp-develop/build/module_bin/kmeans:1;/wynton/group/sali/miha_rozic/Software/imp-develop/build/module_bin/misc:1;/wynton/group/sali/miha_rozic/Software/imp-develop/build/module_bin/mmcif:1;/wynton/group/sali/miha_rozic/Software/imp-develop/build/module_bin/modeller:1;/wynton/group/sali/miha_rozic/Software/imp-develop/build/module_bin/mpi:1;/wynton/group/sali/miha_rozic/Software/imp-develop/build/module_bin/multi_state:1;/wynton/group/sali/miha_rozic/Software/imp-develop/build/module_bin/multifit:1;/wynton/group/sali/miha_rozic/Software/imp-develop/build/module_bin/npc:1;/wynton/group/sali/miha_rozic/Software/imp-develop/build/module_bin/npcassembly:1;/wynton/group/sali/miha_rozic/Software/imp-develop/build/module_bin/parallel:1;/wynton/group/sali/miha_rozic/Software/imp-develop/build/module_bin/pepdock:1;/wynton/group/sali/miha_rozic/Software/imp-develop/build/module_bin/pmi:1;/wynton/group/sali/miha_rozic/Software/imp-develop/build/module_bin/rmf:1;/wynton/group/sali/miha_rozic/Software/imp-develop/build/module_bin/rotamer:1;/wynton/group/sali/miha_rozic/Software/imp-develop/build/module_bin/saxs:1;/wynton/group/sali/miha_rozic/Software/imp-develop/build/module_bin/saxs_merge:1;/wynton/group/sali/miha_rozic/Software/imp-develop/build/module_bin/score_functor:1;/wynton/group/sali/miha_rozic/Software/imp-develop/build/module_bin/scratch:1;/wynton/group/sali/miha_rozic/Software/imp-develop/build/module_bin/spb:1;/wynton/group/sali/miha_rozic/Software/imp-develop/build/module_bin/statistics:1;/wynton/group/sali/miha_rozic/Software/imp-develop/build/module_bin/symmetry:1;/wynton/group/sali/miha_rozic/Software/imp-develop/build/module_bin/test:1;/opt/sge/bin:1;/opt/sge/bin/lx-amd64:1;/scratch/708571.1.long.q:1;/usr/local/bin:1;/bin:1;/usr/bin:1;/usr/local/sbin:1;/usr/sbin:1\', \'_ModuleTable002_\': \'fSwKc3RhY2tEZXB0aCA9IDEsCnN0YXR1cyA9ICJhY3RpdmUiLAp1c2VyTmFtZSA9ICJib29zdC8xLjczLjAiLAp3ViA9ICIwMDAwMDAwMDEuMDAwMDAwMDczLip6ZmluYWwiLAp9LApoZGY1ID0gewpmbiA9ICIvc2FsaWxhYi9kaXZhMS9ob21lL21vZHVsZXMvaGRmNS8xLjEwLjciLApmdWxsTmFtZSA9ICJoZGY1LzEuMTAuNyIsCmxvYWRPcmRlciA9IDUsCnByb3BUID0ge30sCnN0YWNrRGVwdGggPSAyLApzdGF0dXMgPSAiYWN0aXZlIiwKdXNlck5hbWUgPSAiaGRmNS8xLjEwLjciLAp3ViA9ICIwMDAwMDAwMDEuMDAwMDAwMDEwLjAwMDAwMDAwNy4qemZpbmFsIiwKfSwKaW1wID0gewpmbiA9ICIvc2FsaWxhYi9kaXZhMS9ob21lL21vZHVsZXMvaW1wLzIuMjEuMCIsCmZ1bGxO\', \'IMP_DIR\': \'/salilab/diva1/home/imp/main/20240607-af6f9d6a95/lib/release8/cmake/IMP\', \'QUEUE\': \'long.q\', \'GOTO_NUM_THREADS\': \'1\', \'MPI_PYTHON3_SITEARCH\': \'/usr/lib64/python3.6/site-packages/openmpi\', \'LANG\': \'en_US.UTF-8\', \'HISTCONTROL\': \'ignoredups\', \'_ModuleTable008_\': \'cyIsCmZ1bGxOYW1lID0gInNhbGktbGlicmFyaWVzIiwKbG9hZE9yZGVyID0gOCwKcHJvcFQgPSB7fSwKc3RhY2tEZXB0aCA9IDEsCnN0YXR1cyA9ICJhY3RpdmUiLAp1c2VyTmFtZSA9ICJzYWxpLWxpYnJhcmllcyIsCndWID0gIk0uKnpmaW5hbCIsCn0sCn0sCm1wYXRoQSA9IHsKIi9zYWxpbGFiL2RpdmExL2hvbWUvbW9kdWxlcyIsICIvZXRjL21vZHVsZWZpbGVzIiwgIi91c3Ivc2hhcmUvbW9kdWxlZmlsZXMiCiwgIi91c3Ivc2hhcmUvbW9kdWxlZmlsZXMvTGludXgiLCAiL3Vzci9zaGFyZS9tb2R1bGVmaWxlcy9Db3JlIiwgIi91c3Ivc2hhcmUvbG1vZC9sbW9kL21vZHVsZWZpbGVzL0NvcmUiLAp9LApzeXN0ZW1CYXNlTVBBVEggPSAiL2V0Yy9tb2R1bGVmaWxlczovdXNy\', \'SGE_O_HOST\': \'dev1\', \'HOSTNAME\': \'qb3-id246.wynton.ucsf.edu\', \'OPENBLAS_NUM_THREADS\': \'1\', \'__LMOD_REF_COUNT_CMAKE_INCLUDE_PATH\': \'/salilab/diva1/programs/x86_64linux/opencv-4.3.0/include/opencv4:1;/salilab/diva1/programs/x86_64linux/hdf5-1.10.7/include:1;/salilab/diva1/programs/x86_64linux/libtau-py27-1.0.1/include:1;/salilab/diva1/programs/x86_64linux/boost-1.73.0/include:1\', \'SGE_RSH_COMMAND\': \'builtin\', \'ENVIRONMENT\': \'BATCH\', \'IMP_DATA\': \'/wynton/group/sali/miha_rozic/Software/imp-develop/build/data\', \'REQUEST\': \'test1\', \'SGE_STDIN_PATH\': \'/dev/null\', \'SGE_CELL\': \'wynton\', \'_ModuleTable007_\': \'MjEuMyIsCndWID0gIjAwMDAwMDAwMC4wMDAwMDAwMjEuMDAwMDAwMDAzLip6ZmluYWwiLAp9LApbInB5dGhvbjMvc2NpcHkiXSA9IHsKZm4gPSAiL3NhbGlsYWIvZGl2YTEvaG9tZS9tb2R1bGVzL3B5dGhvbjMvc2NpcHkvMS4zLjIiLApmdWxsTmFtZSA9ICJweXRob24zL3NjaXB5LzEuMy4yIiwKbG9hZE9yZGVyID0gMTAsCnByb3BUID0ge30sCnN0YWNrRGVwdGggPSAxLApzdGF0dXMgPSAiYWN0aXZlIiwKdXNlck5hbWUgPSAicHl0aG9uMy9zY2lweS8xLjMuMiIsCndWID0gIjAwMDAwMDAwMS4wMDAwMDAwMDMuMDAwMDAwMDAyLip6ZmluYWwiLAp9LApbInNhbGktbGlicmFyaWVzIl0gPSB7CmZuID0gIi9zYWxpbGFiL2RpdmExL2hvbWUvbW9kdWxlcy9zYWxpLWxpYnJhcmll\', \'CMAKE_INCLUDE_PATH\': \'/salilab/diva1/programs/x86_64linux/opencv-4.3.0/include/opencv4:/salilab/diva1/programs/x86_64linux/hdf5-1.10.7/include:/salilab/diva1/programs/x86_64linux/libtau-py27-1.0.1/include:/salilab/diva1/programs/x86_64linux/boost-1.73.0/include\', \'__LMOD_REF_COUNT_LD_LIBRARY_PATH\': \'/salilab/diva1/programs/x86_64linux/numpy-py36-1.19.5/lib:1;/salilab/diva1/home/libs/x86_64/centos8:1;/salilab/diva1/home/libs/x86_64:1;/salilab/diva1/home/imp/main/20240607-af6f9d6a95/lib/release8:1;/salilab/diva1/programs/x86_64linux/opencv-4.3.0/lib64/rhel:1;/salilab/diva1/programs/x86_64linux/opencv-4.3.0/lib64:1;/salilab/diva1/programs/x86_64linux/hdf5-1.10.7/lib:1;/salilab/diva1/programs/x86_64linux/libtau-py27-1.0.1/lib64:1;/salilab/diva1/programs/x86_64linux/boost-1.73.0/lib64:1;/usr/lib64/openmpi/lib:1;/wynton/group/sali/miha_rozic/Software/imp-develop/build/lib:2;:1\', \'__LMOD_REF_COUNT_PKG_CONFIG_PATH\': \'/usr/lib64/openmpi/lib/pkgconfig:1\', \'_ModuleTable004_\': \'aGFyZS9tb2R1bGVmaWxlcy9tcGkvb3Blbm1waS14ODZfNjQiLApmdWxsTmFtZSA9ICJtcGkvb3Blbm1waS14ODZfNjQiLApsb2FkT3JkZXIgPSAyLApwcm9wVCA9IHt9LApzdGFja0RlcHRoID0gMCwKc3RhdHVzID0gImFjdGl2ZSIsCnVzZXJOYW1lID0gIm1waS9vcGVubXBpLXg4Nl82NCIsCndWID0gIipvcGVubXBpLip4LjAwMDAwMDA4Ni4qXy4wMDAwMDAwNjQuKnpmaW5hbCIsCn0sCm9wZW5jdiA9IHsKZm4gPSAiL3NhbGlsYWIvZGl2YTEvaG9tZS9tb2R1bGVzL29wZW5jdi80LjMuMCIsCmZ1bGxOYW1lID0gIm9wZW5jdi80LjMuMCIsCmxvYWRPcmRlciA9IDYsCnByb3BUID0ge30sCnN0YWNrRGVwdGggPSAxLApzdGF0dXMgPSAiYWN0aXZlIiwKdXNlck5hbWUgPSAib3Bl\', \'__LMOD_REF_COUNT_PYTHONPATH\': \'/salilab/diva1/programs/x86_64linux/scikit-py36-0.21.3/lib64/python3.6/site-packages:1;/salilab/diva1/programs/linux/joblib-0.17.0/lib/python3.6/site-packages:1;/salilab/diva1/programs/x86_64linux/scipy-py36-1.3.2/lib64/python3.6/site-packages:1;/salilab/diva1/programs/x86_64linux/numpy-py36-1.19.5/lib64/python3.6/site-packages:1;/salilab/diva1/home/imp/main/20240607-af6f9d6a95/lib/release8:1;/salilab/diva1/programs/x86_64linux/opencv-4.3.0/lib/python3.6/site-packages:1;/wynton/group/sali/miha_rozic/Software/imp-develop/build/lib:2;:1\', \'which_declare\': \'declare -f\', \'NHOSTS\': \'1\', \'SGE_O_WORKDIR\': \'/wynton/group/sali/miha_rozic/Input_information/SNAPSHOTS/central_directory/snapshot2_1min/run2\', \'USER\': \'rozicmiha\', \'SGE_TASK_ID\': \'undefined\', \'__LMOD_REF_COUNT_CMAKE_LIBRARY_PATH\': \'/salilab/diva1/programs/x86_64linux/opencv-4.3.0/lib64:1;/salilab/diva1/programs/x86_64linux/hdf5-1.10.7/lib:1;/salilab/diva1/programs/x86_64linux/libtau-py27-1.0.1/lib64:1;/salilab/diva1/programs/x86_64linux/boost-1.73.0/lib64:1\', \'SGE_TASK_FIRST\': \'undefined\', \'NSLOTS\': \'16\', \'__LMOD_REF_COUNT_MODULEPATH\': \'/salilab/diva1/home/modules:1;/etc/modulefiles:1;/usr/share/modulefiles:1;/usr/share/modulefiles/Linux:1;/usr/share/modulefiles/Core:1;/usr/share/lmod/lmod/modulefiles/Core:1\', \'PWD\': \'/wynton/group/sali/miha_rozic/Input_information/SNAPSHOTS/central_directory/snapshot2_1min/run2\', \'HOME\': \'/wynton/home/sali/rozicmiha\', \'NQUEUES\': \'2\', \'TMP\': \'/scratch/708571.1.long.q\', \'PE\': \'smp\', \'SGE_O_HOME\': \'/wynton/home/sali/rozicmiha\', \'LMOD_VERSION\': \'8.7.32\', \'JOB_NAME\': \'test1\', \'BASH_ENV\': \'/usr/share/lmod/lmod/init/bash\', \'MPI_FORTRAN_MOD_DIR\': \'/usr/lib64/gfortran/modules/openmpi\', \'SGE_TASK_LAST\': \'undefined\', \'MKL_NUM_THREADS\': \'1\', \'MPI_COMPILER\': \'openmpi-x86_64\', \'SGE_ACCOUNT\': \'sge\', \'SGE_ROOT\': \'/opt/sge\', \'MPI_SUFFIX\': \'_openmpi\', \'TMPDIR\': \'/scratch/708571.1.long.q\', \'RESTARTED\': \'0\', \'LMOD_sys\': \'Linux\', \'_ModuleTable001_\': \'X01vZHVsZVRhYmxlXyA9IHsKTVR2ZXJzaW9uID0gMywKY19yZWJ1aWxkVGltZSA9IGZhbHNlLApjX3Nob3J0VGltZSA9IGZhbHNlLApkZXB0aFQgPSB7fSwKZmFtaWx5ID0ge30sCm1UID0gewpTYWxpID0gewpmbiA9ICIvZXRjL21vZHVsZWZpbGVzL1NhbGkubHVhIiwKZnVsbE5hbWUgPSAiU2FsaSIsCmxvYWRPcmRlciA9IDEsCnByb3BUID0ge30sCnN0YWNrRGVwdGggPSAwLApzdGF0dXMgPSAiYWN0aXZlIiwKdXNlck5hbWUgPSAiU2FsaSIsCndWID0gIk0uKnpmaW5hbCIsCn0sCmJvb3N0ID0gewpmbiA9ICIvc2FsaWxhYi9kaXZhMS9ob21lL21vZHVsZXMvYm9vc3QvMS43My4wIiwKZnVsbE5hbWUgPSAiYm9vc3QvMS43My4wIiwKbG9hZE9yZGVyID0gMywKcHJvcFQgPSB7\', \'LOADEDMODULES\': \'Sali:mpi/openmpi-x86_64:boost/1.73.0:libtau/1.0.1:hdf5/1.10.7:opencv/4.3.0:imp/2.21.0:sali-libraries:python3/numpy/1.19.5:python3/scipy/1.3.2:python3/joblib/0.17.0:python3/scikit/0.21.3\', \'SGE_O_PATH\': \'/salilab/diva1/programs/x86_64linux/numpy-py36-1.19.5/bin:/salilab/diva1/home/imp/main/20240607-af6f9d6a95/bin/release8:/salilab/diva1/programs/x86_64linux/opencv-4.3.0/bin:/salilab/diva1/programs/x86_64linux/hdf5-1.10.7/bin:/wynton/home/sali/rozicmiha/.local/bin:/wynton/home/sali/rozicmiha/bin:/wynton/group/sali/miha_rozic/Software/imp-develop/build/bin:/wynton/group/sali/miha_rozic/Software/imp-develop/build/module_bin/EMageFit:/wynton/group/sali/miha_rozic/Software/imp-develop/build/module_bin/algebra:/wynton/group/sali/miha_rozic/Software/imp-develop/build/module_bin/atom:/wynton/group/sali/miha_rozic/Software/imp-develop/build/module_bin/benchmark:/wynton/group/sali/miha_rozic/Software/imp-develop/build/module_bin/cgal:/wynton/group/sali/miha_rozic/Software/imp-develop/build/module_bin/cnmultifit:/wynton/group/sali/miha_rozic/Software/imp-develop/build/module_bin/container:/wynton/group/sali/miha_rozic/Software/imp-develop/build/module_bin/core:/wynton/group/sali/miha_rozic/Software/imp-develop/build/module_bin/display:/wynton/group/sali/miha_rozic/Software/imp-develop/build/module_bin/domino:/wynton/group/sali/miha_rozic/Software/imp-develop/build/module_bin/em:/wynton/group/sali/miha_rozic/Software/imp-develop/build/module_bin/em2d:/wynton/group/sali/miha_rozic/Software/imp-develop/build/module_bin/example:/wynton/group/sali/miha_rozic/Software/imp-develop/build/module_bin/foxs:/wynton/group/sali/miha_rozic/Software/imp-develop/build/module_bin/gsl:/wynton/group/sali/miha_rozic/Software/imp-develop/build/module_bin/integrative_docking:/wynton/group/sali/miha_rozic/Software/imp-develop/build/module_bin/isd:/wynton/group/sali/miha_rozic/Software/imp-develop/build/module_bin/kernel:/wynton/group/sali/miha_rozic/Software/imp-develop/build/module_bin/kinematics:/wynton/group/sali/miha_rozic/Software/imp-develop/build/module_bin/kmeans:/wynton/group/sali/miha_rozic/Software/imp-develop/build/module_bin/misc:/wynton/group/sali/miha_rozic/Software/imp-develop/build/module_bin/mmcif:/wynton/group/sali/miha_rozic/Software/imp-develop/build/module_bin/modeller:/wynton/group/sali/miha_rozic/Software/imp-develop/build/module_bin/mpi:/wynton/group/sali/miha_rozic/Software/imp-develop/build/module_bin/multi_state:/wynton/group/sali/miha_rozic/Software/imp-develop/build/module_bin/multifit:/wynton/group/sali/miha_rozic/Software/imp-develop/build/module_bin/npc:/wynton/group/sali/miha_rozic/Software/imp-develop/build/module_bin/npcassembly:/wynton/group/sali/miha_rozic/Software/imp-develop/build/module_bin/parallel:/wynton/group/sali/miha_rozic/Software/imp-develop/build/module_bin/pepdock:/wynton/group/sali/miha_rozic/Software/imp-develop/build/module_bin/pmi:/wynton/group/sali/miha_rozic/Software/imp-develop/build/module_bin/rmf:/wynton/group/sali/miha_rozic/Software/imp-develop/build/module_bin/rotamer:/wynton/group/sali/miha_rozic/Software/imp-develop/build/module_bin/saxs:/wynton/group/sali/miha_rozic/Software/imp-develop/build/module_bin/saxs_merge:/wynton/group/sali/miha_rozic/Software/imp-develop/build/module_bin/score_functor:/wynton/group/sali/miha_rozic/Software/imp-develop/build/module_bin/scratch:/wynton/group/sali/miha_rozic/Software/imp-develop/build/module_bin/spb:/wynton/group/sali/miha_rozic/Software/imp-develop/build/module_bin/statistics:/wynton/group/sali/miha_rozic/Software/imp-develop/build/module_bin/symmetry:/wynton/group/sali/miha_rozic/Software/imp-develop/build/module_bin/test:/opt/sge/bin:/opt/sge/bin/lx-amd64:/usr/local/bin:/usr/bin:/usr/local/sbin:/usr/sbin\', \'SGE_O_SHELL\': \'/bin/bash\', \'_ModuleTable006_\': \'bWUgPSAicHl0aG9uMy9udW1weS8xLjE5LjUiLApsb2FkT3JkZXIgPSA5LApwcm9wVCA9IHt9LApzdGFja0RlcHRoID0gMiwKc3RhdHVzID0gImFjdGl2ZSIsCnVzZXJOYW1lID0gInB5dGhvbjMvbnVtcHkvMS4xOS41IiwKd1YgPSAiMDAwMDAwMDAxLjAwMDAwMDAxOS4wMDAwMDAwMDUuKnpmaW5hbCIsCn0sClsicHl0aG9uMy9zY2lraXQiXSA9IHsKZm4gPSAiL3NhbGlsYWIvZGl2YTEvaG9tZS9tb2R1bGVzL3B5dGhvbjMvc2Npa2l0LzAuMjEuMyIsCmZ1bGxOYW1lID0gInB5dGhvbjMvc2Npa2l0LzAuMjEuMyIsCmxvYWRPcmRlciA9IDEyLApwcm9wVCA9IHt9LApzdGFja0RlcHRoID0gMCwKc3RhdHVzID0gImFjdGl2ZSIsCnVzZXJOYW1lID0gInB5dGhvbjMvc2Npa2l0LzAu\', \'__LMOD_REF_COUNT_MANPATH\': \':2;/usr/share/man/openmpi-x86_64:1;/opt/sge/man:1;/usr/share/lmod/lmod/share/man:1\', \'MPI_INCLUDE\': \'/usr/include/openmpi-x86_64\', \'_ModuleTable003_\': \'YW1lID0gImltcC8yLjIxLjAiLApsb2FkT3JkZXIgPSA3LApwcm9wVCA9IHt9LApzdGFja0RlcHRoID0gMCwKc3RhdHVzID0gImFjdGl2ZSIsCnVzZXJOYW1lID0gImltcCIsCndWID0gIl4wMDAwMDAwMi4wMDAwMDAwMjEuKnpmaW5hbCIsCn0sCmxpYnRhdSA9IHsKZm4gPSAiL3NhbGlsYWIvZGl2YTEvaG9tZS9tb2R1bGVzL2xpYnRhdS8xLjAuMSIsCmZ1bGxOYW1lID0gImxpYnRhdS8xLjAuMSIsCmxvYWRPcmRlciA9IDQsCnByb3BUID0ge30sCnN0YWNrRGVwdGggPSAxLApzdGF0dXMgPSAiYWN0aXZlIiwKdXNlck5hbWUgPSAibGlidGF1LzEuMC4xIiwKd1YgPSAiMDAwMDAwMDAxLjAwMDAwMDAwMC4wMDAwMDAwMDEuKnpmaW5hbCIsCn0sCm1waSA9IHsKZm4gPSAiL3Vzci9z\', \'LMOD_ROOT\': \'/usr/share/lmod\', \'SYSTEMCTL_SKIP_REDIRECT\': \'\', \'MAIL\': \'/var/spool/mail/rozicmiha\', \'SGE_CWD_PATH\': \'/wynton/group/sali/miha_rozic/Input_information/SNAPSHOTS/central_directory/snapshot2_1min/run2\', \'MPI_HOME\': \'/usr/lib64/openmpi\', \'_ModuleTable009_\': \'L3NoYXJlL21vZHVsZWZpbGVzOi91c3Ivc2hhcmUvbW9kdWxlZmlsZXMvTGludXg6L3Vzci9zaGFyZS9tb2R1bGVmaWxlcy9Db3JlOi91c3Ivc2hhcmUvbG1vZC9sbW9kL21vZHVsZWZpbGVzL0NvcmUiLAp9Cg==\', \'SGE_TASK_STEPSIZE\': \'undefined\', \'SHELL\': \'/bin/bash\', \'TERM\': \'\', \'_ModuleTable_Sz_\': \'9\', \'SGE_JOB_SPOOL_DIR\': \'/var/spool/sge/wynton/qb3-id246/active_jobs/708571.1\', \'JOB_ID\': \'708571\', \'IMP_EXAMPLE_DATA\': \'/wynton/group/sali/miha_rozic/Software/imp-develop/build/doc/examples\', \'R_FUTURE_AVAILABLECORES_FALLBACK\': \'1\', \'JOB_SCRIPT\': \'/var/spool/sge/wynton/qb3-id246/job_scripts/708571\', \'SHLVL\': \'2\', \'SGE_O_LOGNAME\': \'rozicmiha\', \'SGE_O_MAIL\': \'/var/spool/mail/rozicmiha\', \'PYTHONPATH\': \'/salilab/diva1/programs/x86_64linux/scikit-py36-0.21.3/lib64/python3.6/site-packages:/salilab/diva1/programs/linux/joblib-0.17.0/lib/python3.6/site-packages:/salilab/diva1/programs/x86_64linux/scipy-py36-1.3.2/lib64/python3.6/site-packages:/salilab/diva1/programs/x86_64linux/numpy-py36-1.19.5/lib64/python3.6/site-packages:/salilab/diva1/home/imp/main/20240607-af6f9d6a95/lib/release8:/salilab/diva1/programs/x86_64linux/opencv-4.3.0/lib/python3.6/site-packages:/wynton/group/sali/miha_rozic/Software/imp-develop/build/lib::\', \'MANPATH\': \':/usr/share/man/openmpi-x86_64:/opt/sge/man:/usr/share/lmod/lmod/share/man\', \'MODULEPATH\': \'/salilab/diva1/home/modules:/etc/modulefiles:/usr/share/modulefiles:/usr/share/modulefiles/Linux:/usr/share/modulefiles/Core:/usr/share/lmod/lmod/modulefiles/Core\', \'MPI_SYSCONFIG\': \'/etc/openmpi-x86_64\', \'LOGNAME\': \'rozicmiha\', \'SYSTEMCTL_IGNORE_DEPENDENCIES\': \'\', \'MODULEPATH_ROOT\': \'/usr/share/modulefiles\', \'PATH\': \'/salilab/diva1/programs/x86_64linux/numpy-py36-1.19.5/bin:/salilab/diva1/home/imp/main/20240607-af6f9d6a95/bin/release8:/salilab/diva1/programs/x86_64linux/opencv-4.3.0/bin:/salilab/diva1/programs/x86_64linux/hdf5-1.10.7/bin:/usr/lib64/openmpi/bin:/wynton/home/sali/rozicmiha/.local/bin:/wynton/home/sali/rozicmiha/bin:/wynton/group/sali/miha_rozic/Software/imp-develop/build/bin:/wynton/group/sali/miha_rozic/Software/imp-develop/build/module_bin/EMageFit:/wynton/group/sali/miha_rozic/Software/imp-develop/build/module_bin/algebra:/wynton/group/sali/miha_rozic/Software/imp-develop/build/module_bin/atom:/wynton/group/sali/miha_rozic/Software/imp-develop/build/module_bin/benchmark:/wynton/group/sali/miha_rozic/Software/imp-develop/build/module_bin/cgal:/wynton/group/sali/miha_rozic/Software/imp-develop/build/module_bin/cnmultifit:/wynton/group/sali/miha_rozic/Software/imp-develop/build/module_bin/container:/wynton/group/sali/miha_rozic/Software/imp-develop/build/module_bin/core:/wynton/group/sali/miha_rozic/Software/imp-develop/build/module_bin/display:/wynton/group/sali/miha_rozic/Software/imp-develop/build/module_bin/domino:/wynton/group/sali/miha_rozic/Software/imp-develop/build/module_bin/em:/wynton/group/sali/miha_rozic/Software/imp-develop/build/module_bin/em2d:/wynton/group/sali/miha_rozic/Software/imp-develop/build/module_bin/example:/wynton/group/sali/miha_rozic/Software/imp-develop/build/module_bin/foxs:/wynton/group/sali/miha_rozic/Software/imp-develop/build/module_bin/gsl:/wynton/group/sali/miha_rozic/Software/imp-develop/build/module_bin/integrative_docking:/wynton/group/sali/miha_rozic/Software/imp-develop/build/module_bin/isd:/wynton/group/sali/miha_rozic/Software/imp-develop/build/module_bin/kernel:/wynton/group/sali/miha_rozic/Software/imp-develop/build/module_bin/kinematics:/wynton/group/sali/miha_rozic/Software/imp-develop/build/module_bin/kmeans:/wynton/group/sali/miha_rozic/Software/imp-develop/build/module_bin/misc:/wynton/group/sali/miha_rozic/Software/imp-develop/build/module_bin/mmcif:/wynton/group/sali/miha_rozic/Software/imp-develop/build/module_bin/modeller:/wynton/group/sali/miha_rozic/Software/imp-develop/build/module_bin/mpi:/wynton/group/sali/miha_rozic/Software/imp-develop/build/module_bin/multi_state:/wynton/group/sali/miha_rozic/Software/imp-develop/build/module_bin/multifit:/wynton/group/sali/miha_rozic/Software/imp-develop/build/module_bin/npc:/wynton/group/sali/miha_rozic/Software/imp-develop/build/module_bin/npcassembly:/wynton/group/sali/miha_rozic/Software/imp-develop/build/module_bin/parallel:/wynton/group/sali/miha_rozic/Software/imp-develop/build/module_bin/pepdock:/wynton/group/sali/miha_rozic/Software/imp-develop/build/module_bin/pmi:/wynton/group/sali/miha_rozic/Software/imp-develop/build/module_bin/rmf:/wynton/group/sali/miha_rozic/Software/imp-develop/build/module_bin/rotamer:/wynton/group/sali/miha_rozic/Software/imp-develop/build/module_bin/saxs:/wynton/group/sali/miha_rozic/Software/imp-develop/build/module_bin/saxs_merge:/wynton/group/sali/miha_rozic/Software/imp-develop/build/module_bin/score_functor:/wynton/group/sali/miha_rozic/Software/imp-develop/build/module_bin/scratch:/wynton/group/sali/miha_rozic/Software/imp-develop/build/module_bin/spb:/wynton/group/sali/miha_rozic/Software/imp-develop/build/module_bin/statistics:/wynton/group/sali/miha_rozic/Software/imp-develop/build/module_bin/symmetry:/wynton/group/sali/miha_rozic/Software/imp-develop/build/module_bin/test:/opt/sge/bin:/opt/sge/bin/lx-amd64:/scratch/708571.1.long.q:/usr/local/bin:/bin:/usr/bin:/usr/local/sbin:/usr/sbin\', \'MPI_BIN\': \'/usr/lib64/openmpi/bin\', \'SGE_STDERR_PATH\': \'/wynton/group/sali/miha_rozic/Input_information/SNAPSHOTS/central_directory/snapshot2_1min/run2/test1.o708571\', \'_LMFILES_\': \'/etc/modulefiles/Sali.lua:/usr/share/modulefiles/mpi/openmpi-x86_64:/salilab/diva1/home/modules/boost/1.73.0:/salilab/diva1/home/modules/libtau/1.0.1:/salilab/diva1/home/modules/hdf5/1.10.7:/salilab/diva1/home/modules/opencv/4.3.0:/salilab/diva1/home/modules/imp/2.21.0:/salilab/diva1/home/modules/sali-libraries:/salilab/diva1/home/modules/python3/numpy/1.19.5:/salilab/diva1/home/modules/python3/scipy/1.3.2:/salilab/diva1/home/modules/python3/joblib/0.17.0:/salilab/diva1/home/modules/python3/scikit/0.21.3\', \'DEBUGINFOD_URLS\': \'https://debuginfod.centos.org/ \', \'MODULESHOME\': \'/usr/share/lmod/lmod\', \'PKG_CONFIG_PATH\': \'/usr/lib64/openmpi/lib/pkgconfig\', \'LMOD_SETTARG_FULL_SUPPORT\': \'no\', \'HISTSIZE\': \'1000\', \'SGE_ARCH\': \'lx-amd64\', \'LMOD_PKG\': \'/usr/share/lmod/lmod\', \'CMAKE_LIBRARY_PATH\': \'/salilab/diva1/programs/x86_64linux/opencv-4.3.0/lib64:/salilab/diva1/programs/x86_64linux/hdf5-1.10.7/lib:/salilab/diva1/programs/x86_64linux/libtau-py27-1.0.1/lib64:/salilab/diva1/programs/x86_64linux/boost-1.73.0/lib64\', \'ARC\': \'lx-amd64\', \'MPI_LIB\': \'/usr/lib64/openmpi/lib\', \'SGE_BINARY_PATH\': \'/opt/sge/bin/lx-amd64\', \'SGE_STDOUT_PATH\': \'/wynton/group/sali/miha_rozic/Input_information/SNAPSHOTS/central_directory/snapshot2_1min/run2/test1.o708571\', \'_ModuleTable005_\': \'bmN2LzQuMy4wIiwKd1YgPSAiMDAwMDAwMDA0LjAwMDAwMDAwMy4qemZpbmFsIiwKfSwKWyJweXRob24zL2pvYmxpYiJdID0gewpmbiA9ICIvc2FsaWxhYi9kaXZhMS9ob21lL21vZHVsZXMvcHl0aG9uMy9qb2JsaWIvMC4xNy4wIiwKZnVsbE5hbWUgPSAicHl0aG9uMy9qb2JsaWIvMC4xNy4wIiwKbG9hZE9yZGVyID0gMTEsCnByb3BUID0ge30sCnN0YWNrRGVwdGggPSAxLApzdGF0dXMgPSAiYWN0aXZlIiwKdXNlck5hbWUgPSAicHl0aG9uMy9qb2JsaWIiLAp3ViA9ICIwMDAwMDAwMDAuMDAwMDAwMDE3Lip6ZmluYWwiLAp9LApbInB5dGhvbjMvbnVtcHkiXSA9IHsKZm4gPSAiL3NhbGlsYWIvZGl2YTEvaG9tZS9tb2R1bGVzL3B5dGhvbjMvbnVtcHkvMS4xOS41IiwKZnVsbE5h\', \'LMOD_CMD\': \'/usr/share/lmod/lmod/libexec/lmod\', \'REQNAME\': \'test1\', \'IMP_BIN_DIR\': \'/wynton/group/sali/miha_rozic/Software/imp-develop/build/bin\', \'MPI_MAN\': \'/usr/share/man/openmpi-x86_64\', \'LESSOPEN\': \'||/usr/bin/lesspipe.sh %s\', \'OMP_NUM_THREADS\': \'1\', \'SGE_CLUSTER_NAME\': \'wynton_cluster\', \'LMOD_DIR\': \'/usr/share/lmod/lmod/libexec\', \'BASH_FUNC_which%%\': \'() {  ( alias;\\n eval ${which_declare} ) | /usr/bin/which --tty-only --read-alias --read-functions --show-tilde --show-dot $@\\n}\', \'BASH_FUNC_module%%\': \'() {  if [ -z "${LMOD_SH_DBG_ON+x}" ]; then\\n case "$-" in \\n *v*x*)\\n __lmod_sh_dbg=\\\'vx\\\'\\n ;;\\n *v*)\\n __lmod_sh_dbg=\\\'v\\\'\\n ;;\\n *x*)\\n __lmod_sh_dbg=\\\'x\\\'\\n ;;\\n esac;\\n fi;\\n if [ -n "${__lmod_sh_dbg:-}" ]; then\\n set +$__lmod_sh_dbg;\\n echo "Shell debugging temporarily silenced: export LMOD_SH_DBG_ON=1 for Lmod\\\'s output" 1>&2;\\n fi;\\n eval "$($LMOD_CMD shell "$@")" && eval "$(${LMOD_SETTARG_CMD:-:} -s sh)";\\n __lmod_my_status=$?;\\n if [ -n "${__lmod_sh_dbg:-}" ]; then\\n echo "Shell debugging restarted" 1>&2;\\n set -$__lmod_sh_dbg;\\n fi;\\n unset __lmod_sh_dbg;\\n return $__lmod_my_status\\n}\', \'BASH_FUNC_ml%%\': \'() {  eval "$($LMOD_DIR/ml_cmd "$@")"\\n}\', \'_\': \'/usr/lib64/openmpi/bin/mpirun\', \'IPATH_NO_BACKTRACE\': \'1\', \'HFI_NO_BACKTRACE\': \'1\', \'OMPI_MCA_orte_local_daemon_uri\': \'1445920768.0;tcp://172.26.38.246:35461\', \'OMPI_MCA_orte_hnp_uri\': \'1445920768.0;tcp://172.26.38.246:35461\', \'OMPI_MCA_mpi_oversubscribe\': \'0\', \'OMPI_MCA_orte_app_num\': \'0\', \'OMPI_UNIVERSE_SIZE\': \'16\', \'OMPI_MCA_orte_num_nodes\': \'1\', \'OMPI_MCA_shmem_RUNTIME_QUERY_hint\': \'mmap\', \'OMPI_MCA_orte_bound_at_launch\': \'1\', \'OMPI_MCA_ess\': \'^singleton\', \'OMPI_MCA_orte_ess_num_procs\': \'16\', \'OMPI_COMM_WORLD_SIZE\': \'16\', \'OMPI_COMM_WORLD_LOCAL_SIZE\': \'16\', \'OMPI_MCA_orte_tmpdir_base\': \'/scratch/708571.1.long.q\', \'OMPI_MCA_orte_top_session_dir\': \'/scratch/708571.1.long.q/ompi.qb3-id246.11149\', \'OMPI_MCA_orte_jobfam_session_dir\': \'/scratch/708571.1.long.q/ompi.qb3-id246.11149/pid.3457695\', \'OMPI_NUM_APP_CTX\': \'1\', \'OMPI_FIRST_RANKS\': \'0\', \'OMPI_APP_CTX_NUM_PROCS\': \'16\', \'OMPI_MCA_initial_wdir\': \'/wynton/group/sali/miha_rozic/Input_information/SNAPSHOTS/central_directory/snapshot2_1min/run2\', \'OMPI_MCA_orte_launch\': \'1\', \'PMIX_NAMESPACE\': \'1445920769\', \'PMIX_RANK\': \'15\', \'PMIX_SERVER_URI2\': \'1445920768.0;tcp4://127.0.0.1:38501\', \'PMIX_SERVER_URI21\': \'1445920768.0;tcp4://127.0.0.1:38501\', \'PMIX_SECURITY_MODE\': \'native,none\', \'PMIX_PTL_MODULE\': \'tcp,usock\', \'PMIX_BFROP_BUFFER_TYPE\': \'PMIX_BFROP_BUFFER_NON_DESC\', \'PMIX_GDS_MODULE\': \'ds21,ds12,hash\', \'PMIX_SERVER_TMPDIR\': \'/scratch/708571.1.long.q/ompi.qb3-id246.11149/pid.3457695\', \'PMIX_SYSTEM_TMPDIR\': \'/scratch/708571.1.long.q\', \'PMIX_DSTORE_21_BASE_PATH\': \'/scratch/708571.1.long.q/ompi.qb3-id246.11149/pid.3457695/pmix_dstor_ds21_3457695\', \'PMIX_DSTORE_ESH_BASE_PATH\': \'/scratch/708571.1.long.q/ompi.qb3-id246.11149/pid.3457695/pmix_dstor_ds12_3457695\', \'OMPI_MCA_ess_base_jobid\': \'1445920769\', \'OMPI_MCA_ess_base_vpid\': \'15\', \'OMPI_COMM_WORLD_RANK\': \'15\', \'OMPI_COMM_WORLD_LOCAL_RANK\': \'15\', \'OMPI_COMM_WORLD_NODE_RANK\': \'15\', \'OMPI_MCA_orte_ess_node_rank\': \'15\', \'PMIX_ID\': \'1445920769.15\', \'OMPI_FILE_LOCATION\': \'/scratch/708571.1.long.q/ompi.qb3-id246.11149/pid.3457695/0/0\', \'KMP_DUPLICATE_LIB_OK\': \'True\', \'KMP_INIT_AT_FORK\': \'FALSE\'})', 'STAT2HEADER_IMP_VERSIONS': "{'IMP_VERSION': '2.21.0', 'PMI_VERSION': '2.21.0'}", 0: 'ReplicaExchange_SwapSuccessRatio', 1: 'ReplicaExchange_MinTempFrequency', 2: 'ReplicaExchange_MaxTempFrequency', 3: 'ReplicaExchange_CurrentTemp', 4: 'score'} 
{0: '0', 1: '0', 2: '0', 3: '2.500000000000003', 4: inf} 
{0: '0.0', 1: '0.0', 2: '0.0', 3: '2.500000000000003', 4: inf} 
{0: '0.0', 1: '0.0', 2: '0.0', 3: '2.500000000000003', 4: 8699.687826102194} 
{0: '0.0', 1: '0.0', 2: '0.0', 3: '2.500000000000003', 4: 3048.006151360417} 
{0: '0.0', 1: '0.0', 2: '0.0', 3: '2.500000000000003', 4: 950.5046420000886} 
{0: '0.0', 1: '0.0', 2: '0.0', 3: '2.500000000000003', 4: 659.2208195044395} 
{0: '0.0', 1: '0.0', 2: '0.0', 3: '2.500000000000003', 4: 656.2178163065548} 
{0: '0.14285714285714285', 1: '0.0', 2: '0.0', 3: '2.351855716390306', 4: 673.528770395893} 
{0: '0.25', 1: '0.0', 2: '0.0', 3: '2.212490124287102', 4: 657.3553521453877} 
{0: '0.2222222222222222', 1: '0.0', 2: '0.0', 3: '2.212490124287102', 4: 652.2748742482291} 
{0: '0.3', 1: '0.0', 2: '0.0', 3: '2.351855716390306', 4: 665.7756347068165} 
{0: '0.36363636363636365', 1: '0.0', 2: '0.0', 3: '2.500000000000003', 4: 668.2562453925601} 
{0: '0.3333333333333333', 1: '0.0', 2: '0.0', 3: '2.500000000000003', 4: 668.8343284436463} 
{0: '0.38461538461538464', 1: '0.0', 2: '0.0', 3: '2.351855716390306', 4: 687.109072125804} 
{0: '0.35714285714285715', 1: '0.0', 2: '0.0', 3: '2.351855716390306', 4: 687.9727019230423} 
{0: '0.4', 1: '0.0', 2: '0.0', 3: '2.500000000000003', 4: 700.9342153425002} 
{0: '0.375', 1: '0.0', 2: '0.0', 3: '2.500000000000003', 4: 673.4688241828352} 
{0: '0.4117647058823529', 1: '0.0', 2: '0.0', 3: '2.351855716390306', 4: 668.7519388656805} 
{0: '0.3888888888888889', 1: '0.0', 2: '0.0', 3: '2.351855716390306', 4: 668.7028724101784} 
{0: '0.42105263157894735', 1: '0.0', 2: '0.0', 3: '2.500000000000003', 4: 675.0583018313961} 
{0: '0.4', 1: '0.0', 2: '0.0', 3: '2.500000000000003', 4: 672.909179069602} 
{0: '0.38095238095238093', 1: '0.0', 2: '0.0', 3: '2.500000000000003', 4: 661.0127573686067} 
{0: '0.36363636363636365', 1: '0.0', 2: '0.0', 3: '2.500000000000003', 4: 679.5839471734951} 
{0: '0.391304347826087', 1: '0.0', 2: '0.0', 3: '2.351855716390306', 4: 676.563246434483} 
{0: '0.375', 1: '0.0', 2: '0.0', 3: '2.351855716390306', 4: 675.5370160368802} 
{0: '0.4', 1: '0.0', 2: '0.0', 3: '2.500000000000003', 4: 680.021442059855} 
{0: '0.38461538461538464', 1: '0.0', 2: '0.0', 3: '2.500000000000003', 4: 665.0914467365977} 
{0: '0.4074074074074074', 1: '0.0', 2: '0.0', 3: '2.351855716390306', 4: 666.1283656450868} 
{0: '0.39285714285714285', 1: '0.0', 2: '0.0', 3: '2.351855716390306', 4: 665.3267461495435} 
{0: '0.41379310344827586', 1: '0.0', 2: '0.0', 3: '2.500000000000003', 4: 659.0627912638814} 
{0: '0.4', 1: '0.0', 2: '0.0', 3: '2.500000000000003', 4: 673.6485557128468} 
{0: '0.41935483870967744', 1: '0.0', 2: '0.0', 3: '2.351855716390306', 4: 658.3412863078363} 
{0: '0.40625', 1: '0.0', 2: '0.0', 3: '2.351855716390306', 4: 662.9567200918416} 
{0: '0.42424242424242425', 1: '0.0', 2: '0.0', 3: '2.500000000000003', 4: 679.7025953836292} 
{0: '0.4117647058823529', 1: '0.0', 2: '0.0', 3: '2.500000000000003', 4: 662.5314275378795} 
{0: '0.42857142857142855', 1: '0.0', 2: '0.0', 3: '2.351855716390306', 4: 672.4280016887409} 
{0: '0.4166666666666667', 1: '0.0', 2: '0.0', 3: '2.351855716390306', 4: 660.3579066114581} 
{0: '0.43243243243243246', 1: '0.0', 2: '0.0', 3: '2.500000000000003', 4: 671.6479418972957} 
{0: '0.42105263157894735', 1: '0.0', 2: '0.0', 3: '2.500000000000003', 4: 678.8087189767482} 
{0: '0.4358974358974359', 1: '0.0', 2: '0.0', 3: '2.351855716390306', 4: 684.9295477384413} 
{0: '0.425', 1: '0.0', 2: '0.0', 3: '2.351855716390306', 4: 683.7605198208953} 
{0: '0.43902439024390244', 1: '0.0', 2: '0.0', 3: '2.500000000000003', 4: 665.7001291791555} 
{0: '0.42857142857142855', 1: '0.0', 2: '0.0', 3: '2.500000000000003', 4: 671.1843461881042} 
{0: '0.4186046511627907', 1: '0.0', 2: '0.0', 3: '2.500000000000003', 4: 668.205797314714} 
{0: '0.4090909090909091', 1: '0.0', 2: '0.0', 3: '2.500000000000003', 4: 677.4173929507409} 
{0: '0.4', 1: '0.0', 2: '0.0', 3: '2.500000000000003', 4: 658.1808783403437} 
{0: '0.391304347826087', 1: '0.0', 2: '0.0', 3: '2.500000000000003', 4: 658.4574070179731} 
{0: '0.40425531914893614', 1: '0.0', 2: '0.0', 3: '2.351855716390306', 4: 668.7057236855641} 
{0: '0.3958333333333333', 1: '0.0', 2: '0.0', 3: '2.351855716390306', 4: 674.170095886505} 
{0: '0.40816326530612246', 1: '0.0', 2: '0.0', 3: '2.500000000000003', 4: 667.9058838308241} 
{0: '0.4', 1: '0.0', 2: '0.0', 3: '2.500000000000003', 4: 668.4281473239844} 
{0: '0.4117647058823529', 1: '0.0', 2: '0.0', 3: '2.351855716390306', 4: 671.7585098703541} 
{0: '0.40384615384615385', 1: '0.0', 2: '0.0', 3: '2.351855716390306', 4: 667.0206838466579} 
{0: '0.41509433962264153', 1: '0.0', 2: '0.0', 3: '2.500000000000003', 4: 686.4325004594177} 
{0: '0.4074074074074074', 1: '0.0', 2: '0.0', 3: '2.500000000000003', 4: 666.8883917637436} 
{0: '0.4', 1: '0.0', 2: '0.0', 3: '2.500000000000003', 4: 671.3326340142668} 
{0: '0.39285714285714285', 1: '0.0', 2: '0.0', 3: '2.500000000000003', 4: 665.6505987176525} 
{0: '0.38596491228070173', 1: '0.0', 2: '0.0', 3: '2.500000000000003', 4: 658.0053581745224} 
{0: '0.3793103448275862', 1: '0.0', 2: '0.0', 3: '2.500000000000003', 4: 664.6530781980061} 
{0: '0.3728813559322034', 1: '0.0', 2: '0.0', 3: '2.500000000000003', 4: 667.8833475853587} 
{0: '0.36666666666666664', 1: '0.0', 2: '0.0', 3: '2.500000000000003', 4: 667.7208154645311} 
{0: '0.36065573770491804', 1: '0.0', 2: '0.0', 3: '2.500000000000003', 4: 667.1177328919621} 
{0: '0.3548387096774194', 1: '0.0', 2: '0.0', 3: '2.500000000000003', 4: 675.3978634688212} 
{0: '0.3492063492063492', 1: '0.0', 2: '0.0', 3: '2.500000000000003', 4: 662.8580863870261} 
{0: '0.34375', 1: '0.0', 2: '0.0', 3: '2.500000000000003', 4: 669.6591669476901} 
{0: '0.3384615384615385', 1: '0.0', 2: '0.0', 3: '2.500000000000003', 4: 671.7440884546528} 
{0: '0.3333333333333333', 1: '0.0', 2: '0.0', 3: '2.500000000000003', 4: 682.341831051791} 
{0: '0.3283582089552239', 1: '0.0', 2: '0.0', 3: '2.500000000000003', 4: 654.1649702934484} 
{0: '0.3235294117647059', 1: '0.0', 2: '0.0', 3: '2.500000000000003', 4: 690.447361427276} 
{0: '0.3188405797101449', 1: '0.0', 2: '0.0', 3: '2.500000000000003', 4: 677.8763457554858} 
{0: '0.3142857142857143', 1: '0.0', 2: '0.0', 3: '2.500000000000003', 4: 679.6379397024388} 
{0: '0.30985915492957744', 1: '0.0', 2: '0.0', 3: '2.500000000000003', 4: 677.3057167933999} 
{0: '0.3055555555555556', 1: '0.0', 2: '0.0', 3: '2.500000000000003', 4: 661.4227144939763} 
{0: '0.3013698630136986', 1: '0.0', 2: '0.0', 3: '2.500000000000003', 4: 664.9145158704958} 
{0: '0.2972972972972973', 1: '0.0', 2: '0.0', 3: '2.500000000000003', 4: 671.839970915488} 
{0: '0.29333333333333333', 1: '0.0', 2: '0.0', 3: '2.500000000000003', 4: 678.0049830657922} 
{0: '0.2894736842105263', 1: '0.0', 2: '0.0', 3: '2.500000000000003', 4: 667.934992541691} 
{0: '0.2857142857142857', 1: '0.0', 2: '0.0', 3: '2.500000000000003', 4: 668.4985990269138} 
{0: '0.28205128205128205', 1: '0.0', 2: '0.0', 3: '2.500000000000003', 4: 655.2454080594596} 
{0: '0.27848101265822783', 1: '0.0', 2: '0.0', 3: '2.500000000000003', 4: 674.5401559326144} 
{0: '0.275', 1: '0.0', 2: '0.0', 3: '2.500000000000003', 4: 656.131499736835} 
{0: '0.2716049382716049', 1: '0.0', 2: '0.0', 3: '2.500000000000003', 4: 674.1227189975378} 
{0: '0.2682926829268293', 1: '0.0', 2: '0.0', 3: '2.500000000000003', 4: 675.0927832398924} 
{0: '0.26506024096385544', 1: '0.0', 2: '0.0', 3: '2.500000000000003', 4: 663.4015229408179} 
{0: '0.2619047619047619', 1: '0.0', 2: '0.0', 3: '2.500000000000003', 4: 667.1057613735562} 
{0: '0.25882352941176473', 1: '0.0', 2: '0.0', 3: '2.500000000000003', 4: 662.4333080528708} 
{0: '0.2558139534883721', 1: '0.0', 2: '0.0', 3: '2.500000000000003', 4: 659.6793717579989} 
{0: '0.26436781609195403', 1: '0.0', 2: '0.0', 3: '2.351855716390306', 4: 684.1475997079843} 
{0: '0.26136363636363635', 1: '0.0', 2: '0.0', 3: '2.351855716390306', 4: 679.6237775587457} 
{0: '0.2696629213483146', 1: '0.0', 2: '0.0', 3: '2.500000000000003', 4: 658.2339766641243} 
{0: '0.26666666666666666', 1: '0.0', 2: '0.0', 3: '2.500000000000003', 4: 671.2304246351931} 
{0: '0.26373626373626374', 1: '0.0', 2: '0.0', 3: '2.500000000000003', 4: 676.6992080621341} 
{0: '0.2608695652173913', 1: '0.0', 2: '0.0', 3: '2.500000000000003', 4: 678.3334084464622} 
{0: '0.25806451612903225', 1: '0.0', 2: '0.0', 3: '2.500000000000003', 4: 663.2911644893761} 
{0: '0.2553191489361702', 1: '0.0', 2: '0.0', 3: '2.500000000000003', 4: 660.2031673219894} 
{0: '0.25263157894736843', 1: '0.0', 2: '0.0', 3: '2.500000000000003', 4: 660.9882487708569} 
{0: '0.25', 1: '0.0', 2: '0.0', 3: '2.500000000000003', 4: 682.0087822756159} 
{0: '0.24742268041237114', 1: '0.0', 2: '0.0', 3: '2.500000000000003', 4: 663.8282869169725} 
{0: '0.24489795918367346', 1: '0.0', 2: '0.0', 3: '2.500000000000003', 4: 672.324367372793} 
{0: '0.24242424242424243', 1: '0.0', 2: '0.0', 3: '2.500000000000003', 4: 666.693347680029} 
{0: '0.24', 1: '0.0', 2: '0.0', 3: '2.500000000000003', 4: 684.0925814550008} 
{0: '0.2376237623762376', 1: '0.0', 2: '0.0', 3: '2.500000000000003', 4: 678.7736008493432} 
{0: '0.23529411764705882', 1: '0.0', 2: '0.0', 3: '2.500000000000003', 4: 682.1247838854343} 
{0: '0.23300970873786409', 1: '0.0', 2: '0.0', 3: '2.500000000000003', 4: 664.4991570753382} 
{0: '0.23076923076923078', 1: '0.0', 2: '0.0', 3: '2.500000000000003', 4: 676.4910456226279} 
{0: '0.22857142857142856', 1: '0.0', 2: '0.0', 3: '2.500000000000003', 4: 672.9956564597962} 
{0: '0.22641509433962265', 1: '0.0', 2: '0.0', 3: '2.500000000000003', 4: 656.716257810156} 
{0: '0.22429906542056074', 1: '0.0', 2: '0.0', 3: '2.500000000000003', 4: 670.8946972725097} 
{0: '0.2222222222222222', 1: '0.0', 2: '0.0', 3: '2.500000000000003', 4: 685.4004755812217} 
{0: '0.22018348623853212', 1: '0.0', 2: '0.0', 3: '2.500000000000003', 4: 667.1999126671087} 
{0: '0.21818181818181817', 1: '0.0', 2: '0.0', 3: '2.500000000000003', 4: 659.6091741964508} 
{0: '0.21621621621621623', 1: '0.0', 2: '0.0', 3: '2.500000000000003', 4: 662.6798647650862} 
{0: '0.21428571428571427', 1: '0.0', 2: '0.0', 3: '2.500000000000003', 4: 680.238049534132} 
{0: '0.21238938053097345', 1: '0.0', 2: '0.0', 3: '2.500000000000003', 4: 657.7340552949718} 
{0: '0.21052631578947367', 1: '0.0', 2: '0.0', 3: '2.500000000000003', 4: 681.1514552854737} 
{0: '0.20869565217391303', 1: '0.0', 2: '0.0', 3: '2.500000000000003', 4: 674.7767327554512} 
{0: '0.20689655172413793', 1: '0.0', 2: '0.0', 3: '2.500000000000003', 4: 673.2856264730236} 
{0: '0.20512820512820512', 1: '0.0', 2: '0.0', 3: '2.500000000000003', 4: 660.3135245295027} 
{0: '0.2033898305084746', 1: '0.0', 2: '0.0', 3: '2.500000000000003', 4: 670.9614121853584} 
{0: '0.20168067226890757', 1: '0.0', 2: '0.0', 3: '2.500000000000003', 4: 674.8032066523989} 
{0: '0.2', 1: '0.0', 2: '0.0', 3: '2.500000000000003', 4: 664.7612423085197} 
{0: '0.19834710743801653', 1: '0.0', 2: '0.0', 3: '2.500000000000003', 4: 663.7105643139295} 
{0: '0.19672131147540983', 1: '0.0', 2: '0.0', 3: '2.500000000000003', 4: 662.0996727695303} 
{0: '0.1951219512195122', 1: '0.0', 2: '0.0', 3: '2.500000000000003', 4: 683.9527519015816} 
{0: '0.1935483870967742', 1: '0.0', 2: '0.0', 3: '2.500000000000003', 4: 686.8817337626078} 
{0: '0.192', 1: '0.0', 2: '0.0', 3: '2.500000000000003', 4: 674.664928936873} 
{0: '0.19047619047619047', 1: '0.0', 2: '0.0', 3: '2.500000000000003', 4: 671.8199152228899} 
{0: '0.1889763779527559', 1: '0.0', 2: '0.0', 3: '2.500000000000003', 4: 665.2262326795069} 
{0: '0.1875', 1: '0.0', 2: '0.0', 3: '2.500000000000003', 4: 706.5072878169146} 
{0: '0.18604651162790697', 1: '0.0', 2: '0.0', 3: '2.500000000000003', 4: 671.2589657560701} 
{0: '0.18461538461538463', 1: '0.0', 2: '0.0', 3: '2.500000000000003', 4: 676.7133043206335} 
{0: '0.183206106870229', 1: '0.0', 2: '0.0', 3: '2.500000000000003', 4: 667.5775955617744} 
{0: '0.18181818181818182', 1: '0.0', 2: '0.0', 3: '2.500000000000003', 4: 671.1747300746056} 
{0: '0.18045112781954886', 1: '0.0', 2: '0.0', 3: '2.500000000000003', 4: 670.1346235529937} 
{0: '0.1791044776119403', 1: '0.0', 2: '0.0', 3: '2.500000000000003', 4: 669.7865862969896} 
{0: '0.17777777777777778', 1: '0.0', 2: '0.0', 3: '2.500000000000003', 4: 658.2255447928776} 
{0: '0.17647058823529413', 1: '0.0', 2: '0.0', 3: '2.500000000000003', 4: 655.429834449796} 
{0: '0.18248175182481752', 1: '0.0', 2: '0.0', 3: '2.351855716390306', 4: 664.27483182885} 
{0: '0.18840579710144928', 1: '0.0', 2: '0.0', 3: '2.212490124287102', 4: 680.0027239090309} 
{0: '0.18705035971223022', 1: '0.0', 2: '0.0', 3: '2.212490124287102', 4: 664.1545974967612} 
{0: '0.19285714285714287', 1: '0.0', 2: '0.0', 3: '2.351855716390306', 4: 665.5243132082296} 
{0: '0.19858156028368795', 1: '0.0', 2: '0.0', 3: '2.500000000000003', 4: 665.4308867413575} 
{0: '0.19718309859154928', 1: '0.0', 2: '0.0', 3: '2.500000000000003', 4: 663.4677371684519} 
{0: '0.20279720279720279', 1: '0.0', 2: '0.0', 3: '2.351855716390306', 4: 679.4201728309301} 
{0: '0.2013888888888889', 1: '0.0', 2: '0.0', 3: '2.351855716390306', 4: 676.5081315657256} 
{0: '0.20689655172413793', 1: '0.0', 2: '0.0', 3: '2.500000000000003', 4: 666.5189806988245} 
{0: '0.2054794520547945', 1: '0.0', 2: '0.0', 3: '2.500000000000003', 4: 657.7739384707246} 
{0: '0.20408163265306123', 1: '0.0', 2: '0.0', 3: '2.500000000000003', 4: 684.6483938630207} 
{0: '0.20270270270270271', 1: '0.0', 2: '0.0', 3: '2.500000000000003', 4: 688.1884834016101} 
{0: '0.20134228187919462', 1: '0.0', 2: '0.0', 3: '2.500000000000003', 4: 682.0362339835698} 
{0: '0.2', 1: '0.0', 2: '0.0', 3: '2.500000000000003', 4: 661.6361947822415} 
{0: '0.1986754966887417', 1: '0.0', 2: '0.0', 3: '2.500000000000003', 4: 652.6742101424882} 
{0: '0.19736842105263158', 1: '0.0', 2: '0.0', 3: '2.500000000000003', 4: 676.3621626634869} 
{0: '0.19607843137254902', 1: '0.0', 2: '0.0', 3: '2.500000000000003', 4: 666.5735299407145} 
{0: '0.19480519480519481', 1: '0.0', 2: '0.0', 3: '2.500000000000003', 4: 682.3114913971837} 
{0: '0.1935483870967742', 1: '0.0', 2: '0.0', 3: '2.500000000000003', 4: 684.4262852991374} 
{0: '0.19230769230769232', 1: '0.0', 2: '0.0', 3: '2.500000000000003', 4: 686.7552052919559} 
{0: '0.19745222929936307', 1: '0.0', 2: '0.0', 3: '2.351855716390306', 4: 664.7070130590608} 
{0: '0.1962025316455696', 1: '0.0', 2: '0.0', 3: '2.351855716390306', 4: 658.2704157402546} 
{0: '0.20125786163522014', 1: '0.0', 2: '0.0', 3: '2.500000000000003', 4: 683.6888640077061} 
{0: '0.2', 1: '0.0', 2: '0.0', 3: '2.500000000000003', 4: 686.4791293719819} 
{0: '0.19875776397515527', 1: '0.0', 2: '0.0', 3: '2.500000000000003', 4: 673.6490935701197} 
{0: '0.19753086419753085', 1: '0.0', 2: '0.0', 3: '2.500000000000003', 4: 669.9938952802498} 
{0: '0.19631901840490798', 1: '0.0', 2: '0.0', 3: '2.500000000000003', 4: 675.6608930167371} 
{0: '0.1951219512195122', 1: '0.0', 2: '0.0', 3: '2.500000000000003', 4: 680.3492815022548} 
{0: '0.19393939393939394', 1: '0.0', 2: '0.0', 3: '2.500000000000003', 4: 676.5676549919675} 
{0: '0.1927710843373494', 1: '0.0', 2: '0.0', 3: '2.500000000000003', 4: 667.3038332869886} 
{0: '0.19161676646706588', 1: '0.0', 2: '0.0', 3: '2.500000000000003', 4: 666.1585447600646} 
{0: '0.19047619047619047', 1: '0.0', 2: '0.0', 3: '2.500000000000003', 4: 672.6937663928337} 
{0: '0.1893491124260355', 1: '0.0', 2: '0.0', 3: '2.500000000000003', 4: 692.5783977205521} 
{0: '0.18823529411764706', 1: '0.0', 2: '0.0', 3: '2.500000000000003', 4: 686.4930815008184} 
{0: '0.19298245614035087', 1: '0.0', 2: '0.0', 3: '2.351855716390306', 4: 680.9342282407504} 
{0: '0.19186046511627908', 1: '0.0', 2: '0.0', 3: '2.351855716390306', 4: 661.2731897180909} 
{0: '0.19653179190751446', 1: '0.0', 2: '0.0', 3: '2.500000000000003', 4: 684.7482623130736} 
{0: '0.19540229885057472', 1: '0.0', 2: '0.0', 3: '2.500000000000003', 4: 666.4334866530028} 
{0: '0.19428571428571428', 1: '0.0', 2: '0.0', 3: '2.500000000000003', 4: 663.6876997930382} 
{0: '0.19318181818181818', 1: '0.0', 2: '0.0', 3: '2.500000000000003', 4: 680.7592014491898} 
{0: '0.192090395480226', 1: '0.0', 2: '0.0', 3: '2.500000000000003', 4: 676.7908398823425} 
{0: '0.19101123595505617', 1: '0.0', 2: '0.0', 3: '2.500000000000003', 4: 683.9685435079629} 
{0: '0.18994413407821228', 1: '0.0', 2: '0.0', 3: '2.500000000000003', 4: 664.6944788357322} 
{0: '0.18888888888888888', 1: '0.0', 2: '0.0', 3: '2.500000000000003', 4: 660.4352391618056} 
{0: '0.1878453038674033', 1: '0.0', 2: '0.0', 3: '2.500000000000003', 4: 674.0081861863696} 
{0: '0.18681318681318682', 1: '0.0', 2: '0.0', 3: '2.500000000000003', 4: 675.3594909901665} 
{0: '0.18579234972677597', 1: '0.0', 2: '0.0', 3: '2.500000000000003', 4: 676.8291420374157} 
{0: '0.18478260869565216', 1: '0.0', 2: '0.0', 3: '2.500000000000003', 4: 670.6741581201048} 
{0: '0.1837837837837838', 1: '0.0', 2: '0.0', 3: '2.500000000000003', 4: 680.6211124234765} 
{0: '0.1827956989247312', 1: '0.0', 2: '0.0', 3: '2.500000000000003', 4: 665.4857185605246} 
{0: '0.18181818181818182', 1: '0.0', 2: '0.0', 3: '2.500000000000003', 4: 668.080641036667} 
{0: '0.18085106382978725', 1: '0.0', 2: '0.0', 3: '2.500000000000003', 4: 684.5334463535644} 
{0: '0.17989417989417988', 1: '0.0', 2: '0.0', 3: '2.500000000000003', 4: 688.9689264293079} 
{0: '0.17894736842105263', 1: '0.0', 2: '0.0', 3: '2.500000000000003', 4: 685.5249312349158} 
{0: '0.17801047120418848', 1: '0.0', 2: '0.0', 3: '2.500000000000003', 4: 678.4068599173809} 
{0: '0.17708333333333334', 1: '0.0', 2: '0.0', 3: '2.500000000000003', 4: 682.0847538507205} 
{0: '0.17616580310880828', 1: '0.0', 2: '0.0', 3: '2.500000000000003', 4: 658.7306468703099} 
{0: '0.17525773195876287', 1: '0.0', 2: '0.0', 3: '2.500000000000003', 4: 669.1200526433571} 
{0: '0.1794871794871795', 1: '0.0', 2: '0.0', 3: '2.351855716390306', 4: 679.3505361013927} 
{0: '0.17857142857142858', 1: '0.0', 2: '0.0', 3: '2.351855716390306', 4: 655.9440616929511} 
{0: '0.18274111675126903', 1: '0.0', 2: '0.0', 3: '2.500000000000003', 4: 664.2657975692435} 
{0: '0.18181818181818182', 1: '0.0', 2: '0.0', 3: '2.500000000000003', 4: 659.1651696389847} 
{0: '0.18090452261306533', 1: '0.0', 2: '0.0', 3: '2.500000000000003', 4: 664.5908259562037} 
{0: '0.18', 1: '0.0', 2: '0.0', 3: '2.500000000000003', 4: 661.5985423737046} 
{0: '0.1791044776119403', 1: '0.0', 2: '0.0', 3: '2.500000000000003', 4: 672.0789718316072} 
{0: '0.1782178217821782', 1: '0.0', 2: '0.0', 3: '2.500000000000003', 4: 678.099509701505} 
{0: '0.17733990147783252', 1: '0.0', 2: '0.0', 3: '2.500000000000003', 4: 664.0314718758675} 
{0: '0.17647058823529413', 1: '0.0', 2: '0.0', 3: '2.500000000000003', 4: 678.2776164722692} 
{0: '0.17560975609756097', 1: '0.0', 2: '0.0', 3: '2.500000000000003', 4: 676.3805822162255} 
{0: '0.17475728155339806', 1: '0.0', 2: '0.0', 3: '2.500000000000003', 4: 669.7827583891407} 
{0: '0.17391304347826086', 1: '0.0', 2: '0.0', 3: '2.500000000000003', 4: 677.0733141332181} 
{0: '0.17307692307692307', 1: '0.0', 2: '0.0', 3: '2.500000000000003', 4: 660.0265237203363} 
{0: '0.1722488038277512', 1: '0.0', 2: '0.0', 3: '2.500000000000003', 4: 674.5819130871147} 
{0: '0.17142857142857143', 1: '0.0', 2: '0.0', 3: '2.500000000000003', 4: 664.4606981617479} 
{0: '0.17061611374407584', 1: '0.0', 2: '0.0', 3: '2.500000000000003', 4: 653.0056187765463} 
{0: '0.16981132075471697', 1: '0.0', 2: '0.0', 3: '2.500000000000003', 4: 684.3142415947535} 
{0: '0.16901408450704225', 1: '0.0', 2: '0.0', 3: '2.500000000000003', 4: 676.3877764855048} 
{0: '0.16822429906542055', 1: '0.0', 2: '0.0', 3: '2.500000000000003', 4: 655.5001591421573} 
{0: '0.16744186046511628', 1: '0.0', 2: '0.0', 3: '2.500000000000003', 4: 692.5517247216246} 
{0: '0.16666666666666666', 1: '0.0', 2: '0.0', 3: '2.500000000000003', 4: 684.889368825024} 
{0: '0.16589861751152074', 1: '0.0', 2: '0.0', 3: '2.500000000000003', 4: 664.0683159906417} 
{0: '0.1651376146788991', 1: '0.0', 2: '0.0', 3: '2.500000000000003', 4: 668.818531449261} 
{0: '0.1643835616438356', 1: '0.0', 2: '0.0', 3: '2.500000000000003', 4: 675.8999493078621} 
{0: '0.16363636363636364', 1: '0.0', 2: '0.0', 3: '2.500000000000003', 4: 668.4777930613918} 
{0: '0.16289592760180996', 1: '0.0', 2: '0.0', 3: '2.500000000000003', 4: 659.7114719391946} 
{0: '0.16216216216216217', 1: '0.0', 2: '0.0', 3: '2.500000000000003', 4: 680.627183962808} 
{0: '0.16143497757847533', 1: '0.0', 2: '0.0', 3: '2.500000000000003', 4: 663.2401868639105} 
{0: '0.16071428571428573', 1: '0.0', 2: '0.0', 3: '2.500000000000003', 4: 661.843430229291} 
{0: '0.16', 1: '0.0', 2: '0.0', 3: '2.500000000000003', 4: 671.8696509384268} 
{0: '0.1592920353982301', 1: '0.0', 2: '0.0', 3: '2.500000000000003', 4: 681.1447657550972} 
{0: '0.15859030837004406', 1: '0.0', 2: '0.0', 3: '2.500000000000003', 4: 666.9893724231802} 
{0: '0.15789473684210525', 1: '0.0', 2: '0.0', 3: '2.500000000000003', 4: 690.0134986970838} 
{0: '0.1572052401746725', 1: '0.0', 2: '0.0', 3: '2.500000000000003', 4: 676.9925584728015} 
{0: '0.1565217391304348', 1: '0.0', 2: '0.0', 3: '2.500000000000003', 4: 690.3478202992821} 
{0: '0.15584415584415584', 1: '0.0', 2: '0.0', 3: '2.500000000000003', 4: 667.8965201328084} 
{0: '0.15517241379310345', 1: '0.0', 2: '0.0', 3: '2.500000000000003', 4: 665.7213413114965} 
{0: '0.15450643776824036', 1: '0.0', 2: '0.0', 3: '2.500000000000003', 4: 669.2302143048805} 
{0: '0.15384615384615385', 1: '0.0', 2: '0.0', 3: '2.500000000000003', 4: 661.5879276920065} 
{0: '0.15319148936170213', 1: '0.0', 2: '0.0', 3: '2.500000000000003', 4: 697.1001308291376} 
{0: '0.15254237288135594', 1: '0.0', 2: '0.0', 3: '2.500000000000003', 4: 667.648106055205} 
{0: '0.1518987341772152', 1: '0.0', 2: '0.0', 3: '2.500000000000003', 4: 678.462187811764} 
{0: '0.15126050420168066', 1: '0.0', 2: '0.0', 3: '2.500000000000003', 4: 662.8053732446446} 
{0: '0.15481171548117154', 1: '0.0', 2: '0.0', 3: '2.351855716390306', 4: 661.408408259993} 
{0: '0.15416666666666667', 1: '0.0', 2: '0.0', 3: '2.351855716390306', 4: 660.2238907329779} 
{0: '0.15767634854771784', 1: '0.0', 2: '0.0', 3: '2.500000000000003', 4: 652.2498670369778} 
{0: '0.15702479338842976', 1: '0.0', 2: '0.0', 3: '2.500000000000003', 4: 663.6062948276914} 
{0: '0.15637860082304528', 1: '0.0', 2: '0.0', 3: '2.500000000000003', 4: 663.2238818281274} 
{0: '0.1557377049180328', 1: '0.0', 2: '0.0', 3: '2.500000000000003', 4: 676.6946435118318} 
{0: '0.15510204081632653', 1: '0.0', 2: '0.0', 3: '2.500000000000003', 4: 669.5321566472022} 
{0: '0.15447154471544716', 1: '0.0', 2: '0.0', 3: '2.500000000000003', 4: 659.6606730151877} 
{0: '0.15384615384615385', 1: '0.0', 2: '0.0', 3: '2.500000000000003', 4: 684.9049752349537} 
{0: '0.1532258064516129', 1: '0.0', 2: '0.0', 3: '2.500000000000003', 4: 682.705870724427} 
{0: '0.15261044176706828', 1: '0.0', 2: '0.0', 3: '2.500000000000003', 4: 657.2378576324404} 
{0: '0.152', 1: '0.0', 2: '0.0', 3: '2.500000000000003', 4: 678.3243956567459} 
{0: '0.15139442231075698', 1: '0.0', 2: '0.0', 3: '2.500000000000003', 4: 675.3570582992215} 
{0: '0.15079365079365079', 1: '0.0', 2: '0.0', 3: '2.500000000000003', 4: 668.1870128761407} 
{0: '0.15019762845849802', 1: '0.0', 2: '0.0', 3: '2.500000000000003', 4: 693.3331586947593} 
{0: '0.14960629921259844', 1: '0.0', 2: '0.0', 3: '2.500000000000003', 4: 660.0353502168958} 
{0: '0.14901960784313725', 1: '0.0', 2: '0.0', 3: '2.500000000000003', 4: 663.0478898656011} 
{0: '0.1484375', 1: '0.0', 2: '0.0', 3: '2.500000000000003', 4: 667.0706855143089} 
{0: '0.14785992217898833', 1: '0.0', 2: '0.0', 3: '2.500000000000003', 4: 661.8771865111916} 
{0: '0.14728682170542637', 1: '0.0', 2: '0.0', 3: '2.500000000000003', 4: 661.6456615945601} 
{0: '0.14671814671814673', 1: '0.0', 2: '0.0', 3: '2.500000000000003', 4: 681.8508411637739} 
{0: '0.14615384615384616', 1: '0.0', 2: '0.0', 3: '2.500000000000003', 4: 693.1811714273441} 
{0: '0.14559386973180077', 1: '0.0', 2: '0.0', 3: '2.500000000000003', 4: 662.4267550618266} 
{0: '0.1450381679389313', 1: '0.0', 2: '0.0', 3: '2.500000000000003', 4: 666.4331329807068} 
{0: '0.1444866920152091', 1: '0.0', 2: '0.0', 3: '2.500000000000003', 4: 659.4692397676795} 
{0: '0.14393939393939395', 1: '0.0', 2: '0.0', 3: '2.500000000000003', 4: 659.3253992872216} 
{0: '0.14339622641509434', 1: '0.0', 2: '0.0', 3: '2.500000000000003', 4: 659.9001018425947} 
{0: '0.14285714285714285', 1: '0.0', 2: '0.0', 3: '2.500000000000003', 4: 673.4635594617332} 
{0: '0.14232209737827714', 1: '0.0', 2: '0.0', 3: '2.500000000000003', 4: 684.6398275502468} 
{0: '0.1417910447761194', 1: '0.0', 2: '0.0', 3: '2.500000000000003', 4: 625.8335983983808} 
{0: '0.1449814126394052', 1: '0.0', 2: '0.0', 3: '2.351855716390306', 4: 613.0781077172807} 
{0: '0.14444444444444443', 1: '0.0', 2: '0.0', 3: '2.351855716390306', 4: 565.0163629390694} 
{0: '0.14391143911439114', 1: '0.0', 2: '0.0', 3: '2.351855716390306', 4: 559.5161247205543} 
{0: '0.14705882352941177', 1: '0.0', 2: '0.0', 3: '2.212490124287102', 4: 579.3618436058383} 
{0: '0.14652014652014653', 1: '0.0', 2: '0.0', 3: '2.212490124287102', 4: 559.690745654144} 
{0: '0.14963503649635038', 1: '0.0', 2: '0.0', 3: '2.351855716390306', 4: 546.7727529372372} 
{0: '0.14909090909090908', 1: '0.0', 2: '0.0', 3: '2.351855716390306', 4: 551.9199376281671} 
{0: '0.15217391304347827', 1: '0.0', 2: '0.0', 3: '2.212490124287102', 4: 554.8090138157781} 
{0: '0.1552346570397112', 1: '0.0', 2: '0.0', 3: '2.081383018504685', 4: 561.6514705448656} 
{0: '0.15827338129496402', 1: '0.0', 2: '0.0', 3: '1.958045020027179', 4: 553.8648687955886} 
{0: '0.15770609318996415', 1: '0.0', 2: '0.0', 3: '1.958045020027179', 4: 555.306059311646} 
{0: '0.16071428571428573', 1: '0.0', 2: '0.0', 3: '2.081383018504685', 4: 553.7788426215318} 
{0: '0.16370106761565836', 1: '0.0', 2: '0.0', 3: '2.212490124287102', 4: 546.9134207773185} 
{0: '0.16312056737588654', 1: '0.0', 2: '0.0', 3: '2.212490124287102', 4: 561.531951159639} 
{0: '0.16607773851590105', 1: '0.0', 2: '0.0', 3: '2.081383018504685', 4: 552.8678146849024} 
{0: '0.16901408450704225', 1: '0.0', 2: '0.0', 3: '1.958045020027179', 4: 550.8046885255786} 
{0: '0.17192982456140352', 1: '0.0', 2: '0.0', 3: '1.842015749320195', 4: 554.4978958467273} 
{0: '0.17482517482517482', 1: '0.0', 2: '0.0', 3: '1.7328621078878674', 4: 563.3351797645583} 
{0: '0.17421602787456447', 1: '0.0', 2: '0.0', 3: '1.7328621078878674', 4: 548.5904389785724} 
{0: '0.17708333333333334', 1: '0.0', 2: '0.0', 3: '1.842015749320195', 4: 550.2829465250312} 
{0: '0.17993079584775087', 1: '0.0', 2: '0.0', 3: '1.958045020027179', 4: 549.7502780725896} 
{0: '0.1793103448275862', 1: '0.0', 2: '0.0', 3: '1.958045020027179', 4: 549.9822453588404} 
{0: '0.18213058419243985', 1: '0.0', 2: '0.0', 3: '1.842015749320195', 4: 551.2858849294167} 
{0: '0.18493150684931506', 1: '0.0', 2: '0.0', 3: '1.7328621078878674', 4: 548.1400042975336} 
{0: '0.18771331058020477', 1: '0.0', 2: '0.0', 3: '1.6301766616608926', 4: 548.4932595662415} 
{0: '0.1870748299319728', 1: '0.0', 2: '0.0', 3: '1.6301766616608926', 4: 552.7918457096481} 
{0: '0.18983050847457628', 1: '0.0', 2: '0.0', 3: '1.7328621078878674', 4: 551.4557166986472} 
{0: '0.19256756756756757', 1: '0.0', 2: '0.0', 3: '1.842015749320195', 4: 551.3409962893635} 
{0: '0.19528619528619529', 1: '0.0', 2: '0.0', 3: '1.958045020027179', 4: 555.3794561929396} 
{0: '0.19798657718120805', 1: '0.0', 2: '0.0', 3: '2.081383018504685', 4: 541.9253345416407} 
{0: '0.19732441471571907', 1: '0.0', 2: '0.0', 3: '2.081383018504685', 4: 553.9060186719628} 
{0: '0.2', 1: '0.0', 2: '0.0', 3: '1.958045020027179', 4: 556.7688441747931} 
{0: '0.2026578073089701', 1: '0.0', 2: '0.0', 3: '1.842015749320195', 4: 550.1102134493269} 
{0: '0.2052980132450331', 1: '0.0', 2: '0.0', 3: '1.7328621078878674', 4: 552.1388442246054} 
{0: '0.2079207920792079', 1: '0.0', 2: '0.0', 3: '1.6301766616608926', 4: 553.2755602284701} 
{0: '0.20723684210526316', 1: '0.0', 2: '0.0', 3: '1.6301766616608926', 4: 550.9442455728633} 
{0: '0.2098360655737705', 1: '0.0', 2: '0.0', 3: '1.7328621078878674', 4: 552.1532273923482} 
{0: '0.21241830065359477', 1: '0.0', 2: '0.0', 3: '1.842015749320195', 4: 546.4126267088495} 
{0: '0.21498371335504887', 1: '0.0', 2: '0.0', 3: '1.958045020027179', 4: 549.3555815833731} 
{0: '0.21428571428571427', 1: '0.0', 2: '0.0', 3: '1.958045020027179', 4: 551.2266578865188} 
{0: '0.2168284789644013', 1: '0.0', 2: '0.0', 3: '1.842015749320195', 4: 549.342157989603} 
{0: '0.2161290322580645', 1: '0.0', 2: '0.0', 3: '1.842015749320195', 4: 561.5498927835861} 
{0: '0.21543408360128619', 1: '0.0', 2: '0.0', 3: '1.842015749320195', 4: 546.7265279428414} 
{0: '0.21794871794871795', 1: '0.0', 2: '0.0', 3: '1.7328621078878674', 4: 549.4459284561983} 
{0: '0.21725239616613418', 1: '0.0', 2: '0.0', 3: '1.7328621078878674', 4: 552.2448314441732} 
{0: '0.2197452229299363', 1: '0.0', 2: '0.0', 3: '1.842015749320195', 4: 551.4102049981407} 
{0: '0.2222222222222222', 1: '0.0', 2: '0.0', 3: '1.958045020027179', 4: 550.7307667886455} 
{0: '0.22151898734177214', 1: '0.0', 2: '0.0', 3: '1.958045020027179', 4: 545.2163292338597} 
{0: '0.22397476340694006', 1: '0.0', 2: '0.0', 3: '1.842015749320195', 4: 542.3236073914121} 
{0: '0.22641509433962265', 1: '0.0', 2: '0.0', 3: '1.7328621078878674', 4: 554.744033439561} 
{0: '0.22570532915360503', 1: '0.0', 2: '0.0', 3: '1.7328621078878674', 4: 550.4643414216557} 
{0: '0.228125', 1: '0.0', 2: '0.0', 3: '1.842015749320195', 4: 551.7637740885855} 
{0: '0.23052959501557632', 1: '0.0', 2: '0.0', 3: '1.958045020027179', 4: 547.7524413551073} 
{0: '0.2329192546583851', 1: '0.0', 2: '0.0', 3: '2.081383018504685', 4: 548.9207426742607} 
{0: '0.23529411764705882', 1: '0.0', 2: '0.0', 3: '2.212490124287102', 4: 549.6071585145991} 
{0: '0.23765432098765432', 1: '0.0', 2: '0.0', 3: '2.351855716390306', 4: 559.455149302894} 
{0: '0.24', 1: '0.0', 2: '0.0', 3: '2.500000000000003', 4: 555.2495322030975} 
{0: '0.2392638036809816', 1: '0.0', 2: '0.0', 3: '2.500000000000003', 4: 543.666973419684} 
{0: '0.2415902140672783', 1: '0.0', 2: '0.0', 3: '2.351855716390306', 4: 547.9046442027314} 
{0: '0.24390243902439024', 1: '0.0', 2: '0.0', 3: '2.212490124287102', 4: 560.0824897174771} 
{0: '0.24620060790273557', 1: '0.0', 2: '0.0', 3: '2.081383018504685', 4: 552.271311258653} 
{0: '0.24848484848484848', 1: '0.0', 2: '0.0', 3: '1.958045020027179', 4: 554.0601022694816} 
{0: '0.25075528700906347', 1: '0.0', 2: '0.0', 3: '1.842015749320195', 4: 547.0030645979149} 
{0: '0.25301204819277107', 1: '0.0', 2: '0.0', 3: '1.7328621078878674', 4: 548.6898824193274} 
{0: '0.2552552552552553', 1: '0.0', 2: '0.0', 3: '1.6301766616608926', 4: 554.4071807334374} 
{0: '0.25449101796407186', 1: '0.0', 2: '0.0', 3: '1.6301766616608926', 4: 560.2336475014429} 
{0: '0.25671641791044775', 1: '0.0', 2: '0.0', 3: '1.7328621078878674', 4: 557.0840011190592} 
{0: '0.25892857142857145', 1: '0.0', 2: '0.0', 3: '1.842015749320195', 4: 551.7513786125686} 
{0: '0.26112759643916916', 1: '0.0', 2: '0.0', 3: '1.958045020027179', 4: 552.489568530589} 
{0: '0.26331360946745563', 1: '0.0', 2: '0.0', 3: '2.081383018504685', 4: 547.9339541600227} 
{0: '0.26548672566371684', 1: '0.0', 2: '0.0', 3: '2.212490124287102', 4: 555.5420794947073} 
{0: '0.2676470588235294', 1: '0.0', 2: '0.0', 3: '2.351855716390306', 4: 565.85648932725} 
{0: '0.2668621700879765', 1: '0.0', 2: '0.0', 3: '2.351855716390306', 4: 551.8304628204421} 
{0: '0.26900584795321636', 1: '0.0', 2: '0.0', 3: '2.212490124287102', 4: 549.1013632115099} 
{0: '0.27113702623906705', 1: '0.0', 2: '0.0', 3: '2.081383018504685', 4: 560.2871603014366} 
{0: '0.27325581395348836', 1: '0.0', 2: '0.0', 3: '1.958045020027179', 4: 545.0365686575595} 
{0: '0.2753623188405797', 1: '0.0', 2: '0.0', 3: '1.842015749320195', 4: 552.5171825666627} 
{0: '0.2745664739884393', 1: '0.0', 2: '0.0', 3: '1.842015749320195', 4: 550.713288326722} 
{0: '0.276657060518732', 1: '0.0', 2: '0.0', 3: '1.958045020027179', 4: 549.9878444476428} 
{0: '0.27873563218390807', 1: '0.0', 2: '0.0', 3: '2.081383018504685', 4: 557.4959722155218} 
{0: '0.2808022922636103', 1: '0.0', 2: '0.0', 3: '2.212490124287102', 4: 547.6723301756355} 
{0: '0.28285714285714286', 1: '0.0', 2: '0.0', 3: '2.351855716390306', 4: 554.4465080344453} 
{0: '0.28205128205128205', 1: '0.0', 2: '0.0', 3: '2.351855716390306', 4: 556.3254324975653} 
{0: '0.2840909090909091', 1: '0.0', 2: '0.0', 3: '2.212490124287102', 4: 551.3630976290459} 
{0: '0.28611898016997167', 1: '0.0', 2: '0.0', 3: '2.081383018504685', 4: 552.0566524820866} 
{0: '0.288135593220339', 1: '0.0', 2: '0.0', 3: '1.958045020027179', 4: 553.5553253491014} 
{0: '0.29014084507042254', 1: '0.0', 2: '0.0', 3: '1.842015749320195', 4: 549.205650712795} 
{0: '0.29213483146067415', 1: '0.0', 2: '0.0', 3: '1.7328621078878674', 4: 543.9072467174362} 
{0: '0.2913165266106443', 1: '0.0', 2: '0.0', 3: '1.7328621078878674', 4: 543.4280761261645} 
{0: '0.29329608938547486', 1: '0.0', 2: '0.0', 3: '1.842015749320195', 4: 551.7889242564993} 
{0: '0.29526462395543174', 1: '0.0', 2: '0.0', 3: '1.958045020027179', 4: 555.3713286774341} 
{0: '0.2972222222222222', 1: '0.0', 2: '0.0', 3: '2.081383018504685', 4: 542.7715165110209} 
{0: '0.29916897506925205', 1: '0.0', 2: '0.0', 3: '2.212490124287102', 4: 552.8213473937626} 
{0: '0.3011049723756906', 1: '0.0', 2: '0.0', 3: '2.351855716390306', 4: 552.4892256092603} 
{0: '0.30303030303030304', 1: '0.0', 2: '0.0', 3: '2.500000000000003', 4: 555.6875925427088} 
{0: '0.3021978021978022', 1: '0.0', 2: '0.0', 3: '2.500000000000003', 4: 550.5945623656082} 
{0: '0.3041095890410959', 1: '0.0', 2: '0.0', 3: '2.351855716390306', 4: 560.8329099521501} 
{0: '0.30601092896174864', 1: '0.0', 2: '0.0', 3: '2.212490124287102', 4: 551.9736778098383} 
{0: '0.3079019073569482', 1: '0.0', 2: '0.0', 3: '2.081383018504685', 4: 559.1539102827626} 
{0: '0.30978260869565216', 1: '0.0', 2: '0.0', 3: '1.958045020027179', 4: 558.5047698377286} 
{0: '0.3116531165311653', 1: '0.0', 2: '0.0', 3: '1.842015749320195', 4: 566.9060490152261} 
{0: '0.31351351351351353', 1: '0.0', 2: '0.0', 3: '1.7328621078878674', 4: 539.5646532100708} 
{0: '0.31266846361185985', 1: '0.0', 2: '0.0', 3: '1.7328621078878674', 4: 525.4555096758696} 
{0: '0.3118279569892473', 1: '0.0', 2: '0.0', 3: '1.7328621078878674', 4: 530.5919678116045} 
{0: '0.3136729222520107', 1: '0.0', 2: '0.0', 3: '1.6301766616608926', 4: 520.9438509629049} 
{0: '0.31283422459893045', 1: '0.0', 2: '0.0', 3: '1.6301766616608926', 4: 522.2214393422945} 
{0: '0.31466666666666665', 1: '0.0', 2: '0.0', 3: '1.7328621078878674', 4: 526.7580929924874} 
{0: '0.31382978723404253', 1: '0.0', 2: '0.0', 3: '1.7328621078878674', 4: 540.9187913560413} 
{0: '0.3129973474801061', 1: '0.0', 2: '0.0', 3: '1.7328621078878674', 4: 538.3264238912391} 
{0: '0.31216931216931215', 1: '0.0', 2: '0.0', 3: '1.7328621078878674', 4: 525.9587025661369} 
{0: '0.31398416886543534', 1: '0.0', 2: '0.0', 3: '1.6301766616608926', 4: 528.9567852790885} 
{0: '0.3131578947368421', 1: '0.0', 2: '0.0', 3: '1.6301766616608926', 4: 524.8034940050458} 
{0: '0.31496062992125984', 1: '0.0', 2: '0.0', 3: '1.7328621078878674', 4: 520.9118919626869} 
{0: '0.31675392670157065', 1: '0.0', 2: '0.0', 3: '1.842015749320195', 4: 524.6470523856163} 
{0: '0.31592689295039167', 1: '0.0', 2: '0.0', 3: '1.842015749320195', 4: 526.0846229729443} 
{0: '0.3151041666666667', 1: '0.0', 2: '0.0', 3: '1.842015749320195', 4: 528.4072247981447} 
{0: '0.3142857142857143', 1: '0.0', 2: '0.0', 3: '1.842015749320195', 4: 528.6949371983362} 
{0: '0.3160621761658031', 1: '0.0', 2: '0.0', 3: '1.7328621078878674', 4: 528.0424680155726} 
{0: '0.3178294573643411', 1: '0.0', 2: '0.0', 3: '1.6301766616608926', 4: 537.141354114363} 
{0: '0.3170103092783505', 1: '0.0', 2: '0.0', 3: '1.6301766616608926', 4: 527.1553131033279} 
{0: '0.31876606683804626', 1: '0.0', 2: '0.0', 3: '1.7328621078878674', 4: 527.2911437984455} 
{0: '0.32051282051282054', 1: '0.0', 2: '0.0', 3: '1.842015749320195', 4: 540.3525737859137} 
{0: '0.32225063938618925', 1: '0.0', 2: '0.0', 3: '1.958045020027179', 4: 525.9536406238826} 
{0: '0.32142857142857145', 1: '0.0', 2: '0.0', 3: '1.958045020027179', 4: 530.0076093510543} 
{0: '0.3231552162849873', 1: '0.0', 2: '0.0', 3: '1.842015749320195', 4: 525.0510937190103} 
{0: '0.3248730964467005', 1: '0.0', 2: '0.0', 3: '1.7328621078878674', 4: 520.4314997673563} 
{0: '0.3265822784810127', 1: '0.0', 2: '0.0', 3: '1.6301766616608926', 4: 523.238129294919} 
{0: '0.32575757575757575', 1: '0.0', 2: '0.0', 3: '1.6301766616608926', 4: 542.6327778779493} 
{0: '0.327455919395466', 1: '0.0', 2: '0.0', 3: '1.7328621078878674', 4: 546.3438278244373} 
{0: '0.32663316582914576', 1: '0.0', 2: '0.0', 3: '1.7328621078878674', 4: 542.7368121586579} 
{0: '0.3283208020050125', 1: '0.0', 2: '0.0', 3: '1.6301766616608926', 4: 546.6329104669132} 
{0: '0.3275', 1: '0.0', 2: '0.0', 3: '1.6301766616608926', 4: 524.4866417895047} 
{0: '0.3266832917705736', 1: '0.0', 2: '0.0', 3: '1.6301766616608926', 4: 522.8402874963574} 
{0: '0.32587064676616917', 1: '0.0', 2: '0.0', 3: '1.6301766616608926', 4: 543.1254893409916} 
{0: '0.32754342431761785', 1: '0.0', 2: '0.0', 3: '1.7328621078878674', 4: 529.2221568047605} 
{0: '0.3292079207920792', 1: '0.0', 2: '0.0', 3: '1.842015749320195', 4: 523.5259400589777} 
{0: '0.3308641975308642', 1: '0.0', 2: '0.0', 3: '1.958045020027179', 4: 524.583631372423} 
{0: '0.33004926108374383', 1: '0.0', 2: '0.0', 3: '1.958045020027179', 4: 531.3783386489524} 
{0: '0.3316953316953317', 1: '0.0', 2: '0.0', 3: '1.842015749320195', 4: 529.108028897067} 
{0: '0.3333333333333333', 1: '0.0', 2: '0.0', 3: '1.7328621078878674', 4: 529.6482194314381} 
{0: '0.33251833740831294', 1: '0.0', 2: '0.0', 3: '1.7328621078878674', 4: 519.2452450394318} 
{0: '0.33170731707317075', 1: '0.0', 2: '0.0', 3: '1.7328621078878674', 4: 548.2732846023152} 
{0: '0.3309002433090024', 1: '0.0', 2: '0.0', 3: '1.7328621078878674', 4: 529.7854605352245} 
{0: '0.3325242718446602', 1: '0.0', 2: '0.0', 3: '1.842015749320195', 4: 525.0589284399941} 
{0: '0.33171912832929784', 1: '0.0', 2: '0.0', 3: '1.842015749320195', 4: 537.3981473731013} 
{0: '0.3333333333333333', 1: '0.0', 2: '0.0', 3: '1.7328621078878674', 4: 537.1848424404827} 
{0: '0.3325301204819277', 1: '0.0', 2: '0.0', 3: '1.7328621078878674', 4: 519.2402753351747} 
{0: '0.3317307692307692', 1: '0.0', 2: '0.0', 3: '1.7328621078878674', 4: 526.9571440201656} 
{0: '0.3333333333333333', 1: '0.0', 2: '0.0', 3: '1.6301766616608926', 4: 539.1108461092325} 
{0: '0.33253588516746413', 1: '0.0', 2: '0.0', 3: '1.6301766616608926', 4: 525.6869545868988} 
{0: '0.3341288782816229', 1: '0.0', 2: '0.0', 3: '1.7328621078878674', 4: 530.9448450848179} 
{0: '0.3333333333333333', 1: '0.0', 2: '0.0', 3: '1.7328621078878674', 4: 522.2270308721997} 
{0: '0.334916864608076', 1: '0.0', 2: '0.0', 3: '1.6301766616608926', 4: 523.9571915645537} 
{0: '0.3341232227488152', 1: '0.0', 2: '0.0', 3: '1.6301766616608926', 4: 523.7308328888332} 
{0: '0.33569739952718675', 1: '0.0', 2: '0.0', 3: '1.7328621078878674', 4: 532.3462264119737} 
{0: '0.33726415094339623', 1: '0.0', 2: '0.0', 3: '1.842015749320195', 4: 528.9312888232549} 
{0: '0.3388235294117647', 1: '0.0', 2: '0.0', 3: '1.958045020027179', 4: 522.3255033024142} 
{0: '0.3380281690140845', 1: '0.0', 2: '0.0', 3: '1.958045020027179', 4: 546.3020073945031} 
{0: '0.3395784543325527', 1: '0.0', 2: '0.0', 3: '1.842015749320195', 4: 525.6650938927658} 
{0: '0.3411214953271028', 1: '0.0', 2: '0.0', 3: '1.7328621078878674', 4: 520.4937018200326} 
{0: '0.34265734265734266', 1: '0.0', 2: '0.0', 3: '1.6301766616608926', 4: 525.2497455221059} 
{0: '0.34186046511627904', 1: '0.0', 2: '0.0', 3: '1.6301766616608926', 4: 532.2498148317484} 
{0: '0.3433874709976798', 1: '0.0', 2: '0.0', 3: '1.7328621078878674', 4: 539.8135958207507} 
{0: '0.3449074074074074', 1: '0.0', 2: '0.0', 3: '1.842015749320195', 4: 530.894224364524} 
{0: '0.3441108545034642', 1: '0.0', 2: '0.0', 3: '1.842015749320195', 4: 529.7034316874172} 
{0: '0.3456221198156682', 1: '0.0', 2: '0.0', 3: '1.7328621078878674', 4: 532.1229261029176} 
{0: '0.3448275862068966', 1: '0.0', 2: '0.0', 3: '1.7328621078878674', 4: 531.1412202239437} 
{0: '0.3440366972477064', 1: '0.0', 2: '0.0', 3: '1.7328621078878674', 4: 536.2382458653792} 
{0: '0.34324942791762014', 1: '0.0', 2: '0.0', 3: '1.7328621078878674', 4: 524.6764168987437} 
{0: '0.3447488584474886', 1: '0.0', 2: '0.0', 3: '1.842015749320195', 4: 533.1402396250177} 
{0: '0.3439635535307517', 1: '0.0', 2: '0.0', 3: '1.842015749320195', 4: 530.8760438677512} 
{0: '0.3431818181818182', 1: '0.0', 2: '0.0', 3: '1.842015749320195', 4: 523.4495455103385} 
{0: '0.3424036281179138', 1: '0.0', 2: '0.0', 3: '1.842015749320195', 4: 538.321517823953} 
{0: '0.3438914027149321', 1: '0.0', 2: '0.0', 3: '1.7328621078878674', 4: 540.0727077118437} 
{0: '0.3431151241534989', 1: '0.0', 2: '0.0', 3: '1.7328621078878674', 4: 523.3999141003236} 
{0: '0.34234234234234234', 1: '0.0', 2: '0.0', 3: '1.7328621078878674', 4: 522.1409978103097} 
{0: '0.3415730337078652', 1: '0.0', 2: '0.0', 3: '1.7328621078878674', 4: 524.0294770361301} 
{0: '0.34080717488789236', 1: '0.0', 2: '0.0', 3: '1.7328621078878674', 4: 539.0925456424927} 
{0: '0.3422818791946309', 1: '0.0', 2: '0.0', 3: '1.6301766616608926', 4: 519.718172238118} 
{0: '0.34151785714285715', 1: '0.0', 2: '0.0', 3: '1.6301766616608926', 4: 529.8331558965402} 
{0: '0.3429844097995546', 1: '0.0', 2: '0.0', 3: '1.7328621078878674', 4: 522.5408536547767} 
{0: '0.34444444444444444', 1: '0.0', 2: '0.0', 3: '1.842015749320195', 4: 529.641782086799} 
{0: '0.3436807095343681', 1: '0.0', 2: '0.0', 3: '1.842015749320195', 4: 525.5076284389762} 
{0: '0.34513274336283184', 1: '0.0', 2: '0.0', 3: '1.7328621078878674', 4: 534.9882998001721} 
{0: '0.3443708609271523', 1: '0.0', 2: '0.0', 3: '1.7328621078878674', 4: 530.989467279341} 
{0: '0.3436123348017621', 1: '0.0', 2: '0.0', 3: '1.7328621078878674', 4: 526.0241734604245} 
{0: '0.34505494505494505', 1: '0.0', 2: '0.0', 3: '1.6301766616608926', 4: 529.2053192925372} 
{0: '0.3442982456140351', 1: '0.0', 2: '0.0', 3: '1.6301766616608926', 4: 521.4171478224025} 
{0: '0.3435448577680525', 1: '0.0', 2: '0.0', 3: '1.6301766616608926', 4: 526.5315357572506} 
{0: '0.34279475982532753', 1: '0.0', 2: '0.0', 3: '1.6301766616608926', 4: 526.2531682681944} 
{0: '0.3442265795206972', 1: '0.0', 2: '0.0', 3: '1.7328621078878674', 4: 527.4720225120901} 
{0: '0.3456521739130435', 1: '0.0', 2: '0.0', 3: '1.842015749320195', 4: 524.743712293201} 
{0: '0.34490238611713664', 1: '0.0', 2: '0.0', 3: '1.842015749320195', 4: 532.0023822167202} 
{0: '0.3463203463203463', 1: '0.0', 2: '0.0', 3: '1.7328621078878674', 4: 539.3508645894093} 
{0: '0.34557235421166305', 1: '0.0', 2: '0.0', 3: '1.7328621078878674', 4: 521.8411447301082} 
{0: '0.3448275862068966', 1: '0.0', 2: '0.0', 3: '1.7328621078878674', 4: 538.0076129240554} 
{0: '0.34623655913978496', 1: '0.0', 2: '0.0', 3: '1.6301766616608926', 4: 533.846583517637} 
{0: '0.34549356223175964', 1: '0.0', 2: '0.0', 3: '1.6301766616608926', 4: 538.400527920232} 
{0: '0.3468950749464668', 1: '0.0', 2: '0.0', 3: '1.7328621078878674', 4: 521.4480756582575} 
{0: '0.3482905982905983', 1: '0.0', 2: '0.0', 3: '1.842015749320195', 4: 540.7417564237205} 
{0: '0.34754797441364604', 1: '0.0', 2: '0.0', 3: '1.842015749320195', 4: 524.0098349899895} 
{0: '0.34893617021276596', 1: '0.0', 2: '0.0', 3: '1.7328621078878674', 4: 529.5245979498027} 
{0: '0.3503184713375796', 1: '0.0', 2: '0.0', 3: '1.6301766616608926', 4: 518.0051645226624} 
{0: '0.3495762711864407', 1: '0.0', 2: '0.0', 3: '1.6301766616608926', 4: 541.0753892323614} 
{0: '0.35095137420718814', 1: '0.0', 2: '0.0', 3: '1.7328621078878674', 4: 523.0431588534894} 
{0: '0.350210970464135', 1: '0.0', 2: '0.0', 3: '1.7328621078878674', 4: 523.8957329132818} 
{0: '0.35157894736842105', 1: '0.0', 2: '0.0', 3: '1.6301766616608926', 4: 518.9237822502561} 
{0: '0.35084033613445376', 1: '0.0', 2: '0.0', 3: '1.6301766616608926', 4: 521.4102302734975} 
{0: '0.3522012578616352', 1: '0.0', 2: '0.0', 3: '1.7328621078878674', 4: 528.9423395774545} 
{0: '0.3514644351464435', 1: '0.0', 2: '0.0', 3: '1.7328621078878674', 4: 533.3033324900273} 
{0: '0.35281837160751567', 1: '0.0', 2: '0.0', 3: '1.6301766616608926', 4: 526.0502847750606} 
{0: '0.35208333333333336', 1: '0.0', 2: '0.0', 3: '1.6301766616608926', 4: 524.4244844827467} 
{0: '0.35343035343035345', 1: '0.0', 2: '0.0', 3: '1.7328621078878674', 4: 533.3580374095495} 
{0: '0.35269709543568467', 1: '0.0', 2: '0.0', 3: '1.7328621078878674', 4: 531.7241048182757} 
{0: '0.35403726708074534', 1: '0.0', 2: '0.0', 3: '1.6301766616608926', 4: 520.222547189242} 
{0: '0.35330578512396693', 1: '0.0', 2: '0.0', 3: '1.6301766616608926', 4: 523.591806321429} 
{0: '0.354639175257732', 1: '0.0', 2: '0.0', 3: '1.7328621078878674', 4: 526.2832935053611} 
{0: '0.3559670781893004', 1: '0.0', 2: '0.0', 3: '1.842015749320195', 4: 536.2919456158356} 
{0: '0.35728952772073924', 1: '0.0', 2: '0.0', 3: '1.958045020027179', 4: 526.0174258093494} 
{0: '0.35655737704918034', 1: '0.0', 2: '0.0', 3: '1.958045020027179', 4: 544.9092329801615} 
{0: '0.35787321063394684', 1: '0.0', 2: '0.0', 3: '1.842015749320195', 4: 527.5902203486053} 
{0: '0.35918367346938773', 1: '0.0', 2: '0.0', 3: '1.7328621078878674', 4: 528.8218853435093} 
{0: '0.3604887983706721', 1: '0.0', 2: '0.0', 3: '1.6301766616608926', 4: 524.9434374909283} 
{0: '0.3597560975609756', 1: '0.0', 2: '0.0', 3: '1.6301766616608926', 4: 524.3673392882899} 
{0: '0.36105476673427994', 1: '0.0', 2: '0.0', 3: '1.7328621078878674', 4: 537.8819686383547} 
{0: '0.3603238866396761', 1: '0.0', 2: '0.0', 3: '1.7328621078878674', 4: 526.5747037467855} 
{0: '0.3616161616161616', 1: '0.0', 2: '0.0', 3: '1.6301766616608926', 4: 524.6332932153617} 
{0: '0.36088709677419356', 1: '0.0', 2: '0.0', 3: '1.6301766616608926', 4: 526.5617044650343} 
{0: '0.36217303822937624', 1: '0.0', 2: '0.0', 3: '1.7328621078878674', 4: 522.3656348315591} 
{0: '0.3614457831325301', 1: '0.0', 2: '0.0', 3: '1.7328621078878674', 4: 538.4091769494579} 
{0: '0.36072144288577157', 1: '0.0', 2: '0.0', 3: '1.7328621078878674', 4: 541.9881317298499} 
